
Printing out site pattern counts


       142        134  P

GNM13746                        ----AAAAAA AADDDDDDDD DDDEEEEEEF FFFFGGGGGG GGGHIIIIII IIIIKKKKKK KKKKKKKKLL LLLLLLLLLL LMNPPPPPPP PPQRRRRRRR SSSSSSSSTT TTTTTTVVVV VVVWYYYYYY YYYY
GNM13538                        ----AAEPST VVADDDEKNN QQRADPQQSA EILWGGGGGG GGGSIIIIIL LLLSAAEEIK KKKKKRTTCI LLLLLLLLLL MLKKPPPPPP QSHKPRRRRR AGRSSSSSHK LRSTTTADFI SVVWFHMVWY YYYY
GNM13876                        ----AARPAV ARNADQGTAE EQKRRPET-A NKQWEGGGGG GGSIAIIVVI IMVFAKKSV- HKKKTNKQL- -ILLLLLLMV VVKPDEPPPP P-AKPEQRRR GGKAGSSVRS LRKTTVV-LA VVVWRYMVWF FYYY
GNM13680                        ----ACKAAV SANDDDERED TQEKDSEVQS ALHWGGGGGG GGGILAIIII LLVAAAEEMR KKKKKDVQML YIILLLLYLL LMKKAPIPPP APHKPRRRRR AGKAGASSQV KKTSTKVQLL VIVWYHAEWF YQYY
GNM14837                        ----ACPAAV LADDDDEKSD DGVRAKEPKI GLLWGGGGGG GGGILAIIII IIIDAKQDMI KKKKKNNQLL YIILLLMYLL IMNRAPPAPP SPHKPKRGRR AGQAGNSAQE KRTSTKVELI SLVWYNPTWF HIYY
GNM14249                        ----ACPAAV LANDDDEKDD DGVKEKEPKI GMLWGGGGGG GGGILAIIII IIIDAKHEMV KKKKKNKHLL YVILLLMYLL IMNRAPPAPP SPHKPKRGRR AGQAGNSAQE KRTSTKVQLV SLVWYHPTWF YIYY
GNM13928                        ----ACPASV LADDEDEKSD DGVRAKEPKI ELLWGGGGGG GGGILAIIII IIIDAKQEMV KKKKKNNQLL YIILLLMYLL IMNRAPPAPP SPHKPKRGRR AGQAGNSAQE KRTSTKVQLR SVVWYNPTWF HAYY
GNM13297                        ----AAEPST VVADDDEKNN QQRADPQQSA EILWGGGGGG GGGSIIIIIL LLLSAAEEIK KKKKKRTTCI LLLLLLLLLL MLKKPPPPPP QSHKPRRRRR AGRSSSSSHK LRSTTTADFI SVVWFHMVWY YYYY
GNM14865                        ----AGRAAA ERQDDDDSGD EQAERAEEEM ELLWGGGGGG SSGIALIIIV LLVEAEEDTR KEKKT-TQLL YIVLLLLLLV VMTDVPPQPP DPTEPLNLRR GGSNKDSQQE FSSTSTIEMR GVVFYNAVWF YRAY
GNM13455                        ----ACPSSV LADDDDENAD DAVREKEPKI SLLWGGGGGG GGGILAIIII LVIIAKQEMV RKKKKNKQLL YVILLLMYLL LMNRAPPAPP SPHKPKRGRR AGQAGNSAQE KRTSTKVQLV SIVWYHPTWF HIYY
GNM14938                        ----ACRP-V AKDLDE--RE EQAEREEM-A R--WGDGGGS GSGI-AIIV- LLVEAAK-R- HKKKKERQV- -LLLLLLLLL IPKPVRPPPP P-AKPR-RRR AGKNGSSVQT LR-STSV-FV VVVWKKTVWF YYYY
GNM14483                        ----AAASSV AASDDDTVED EQKADPEKVV GIFWEGGGGG AAGPAVIIVI LLLAAQKERR KKKKKSRQLL YLLLLVLLLL VMKPVPLEPP EKHKPRKSRR AGASGSSSES MERTTNASIV VVVWRHHTWF YQYY
GNM14872                        ----ACQAAV AANDDDEKED EQEKDSEEQS ALHWGGGGGG GGGILAIIII LIVAAAEETR KKKKKKVQLL YVILLLLYLL IMHRAPIPPP APHKPKRRRR AGKAGSSSQT KKTTTKVALV IVVWYHATWF YQYY
GNM13855                        ----ACRAAV SANDDDEKDN EQEKDNENEA TTFWGGGGGG GGGILAIIII LLIYTAEEMR KKKKKKSQVL YIVLLLVYLL IMNRAPIPPP EKHKPKRRRR AGKAGSSAQE RKTSTKVNMM IVVWFHSTWY YQYY
GNM14404                        ----AARPAV AKRDDDKKEI EQDRRSETGY E-LWGDGGGS GSGIVILILV ILIMAKRERR RKKKKGCQLI YLILLLLLLL IMTSTRAPPP QPAKPKKRRR AGSKRESVEE LAHTTTVEMI RVVWYNLIWQ YIYY
GNM14545                        ----AARPAV AKRDDDKKEI EQDRRSETGY E-LWGDGGGS GSGIVILILV ILIMAKRERR RKKKKGCQLI YLILLLLLLL IMTGTRAPPP QPAKPKKRRR AGSKRESVEE LAHTTTVEMI RVVWYNLIWQ YIYY
GNM14366                        ----ACAAAV LVEDDDEDQD QEIRDHEAKT TLIWGGGGGG GGGILAIIII VIIEAKQEMV KKKKKSSHLL YVILLLFYLL IMHKAPPKPP EPHKPRRSRR AGKAGNSSHE KRSSTKVILV VVVWYHNTWF YIYY
GNM14252                        ----ACPASV LANDDDEKDD DGVKEKEPKI GMLWGGGGGG GGGILAIIII IIIDAKQEMV KKKKKNKHLL YIILLLMYLL IMNRAPPAPP SPHKPKRGRR AGQAGNSAQE KRTSTKVQLV SLVWYHPTWF HVYY
GNM13760                        ----ACPAAV LAEDDDEKED DGVREKEPKI KLLWGGGGGG GGGILAIIII IIIDAKNEMV KKKKKNKQLL YIILLLMYLL IMNRAPPAPP TPHKPKRGRR AGQAGNSAQE KRTSTKVQFI SLVWYHPTWF YIYY
GNM13982                        ---DACKQAV LAQDDDEGEQ DGERDREPKA SLLWGGGGGG YSGILAIIII IIVITKQEMI RKKKQNTHLL YVIFLLMYLL LMNPAPPAPP VPHKPKKKRR ATQAGNSSQE KRTSTKVKLV MLVWYHSTWF YIYY
GNM13960                        ----ACPAAV LANDDDESED VGIREAEPSA NLLWGSGGGG GGGILAIIII IIVIAKQETI RRKKKNSHLL YLILLLLLLL IMNSAPPAPP EPHKPKRGRR ASQAGNSTQT KRTTTKVHLM VVVWYHQVWF HIYY
GNM14633                        ---DACKAAV LAQDDDEGEQ DGERDREPKT SLLWGGGGGG YSGILAIIII IIVITKQEMI RKKKQNTHLL YLIFLLLYLL LMNPAPPAPP VPHKPKKKRR ATQAGNSAQE KRTSTKVKLI MVVWYHSTWF YIYY
GNM14853                        ---DACKAAV LAQDDDEGEQ DGERDREPKT SLLWGGGGGG YSGILAIIII IIVITKQEMI RKKKQNTHLL YLIFLLLYLL LMNPAPPAPP VPHKPKKKRR ATQAGNSAQE KRTSTKVKLI MVVWYHSTWF YIYY
GNM14138                        ----ASDSSA ATNDDDDKKS QQVRMNQNAT ELKWGGGGGG GSGILVIVII VIIEAAEERK IKKKSEQHLL YVILLLLLLL ILNPPPPPPP APHEPRRRRR GGRSGESVTK LRTTTTPEVV RVIWYKLIWF FHYY
GNM14055                        ----ACPAAV LANDEDESED DGVREKEPKT SFLWGGGGSG GSGILAIIII IIVIAKQEMI KKKKKTSHLL YIIFLLLYLL IMNPAPPAPP SPHKPKRGRR ATQAGNSAQE KRTTTKVRLV HVVWYQVTWF HIYY
GNM14748                        ----ACPAAV LADDEDENND EGVREKEPKT ELLWGGGGGG GSGILAIVII IIVDAKTEMI KKKKISKHLL YVILLLMYLL IMNSAPPAPP SPHKPKRGRR AGQAGNSAQE KKTSTKVEFV YLVWYNPTWF HIYY
GNM14246                        ----ACDAAV AADDDDDGRS AQVRRKEIES ELKWGGGGGG GGGILAIVII LLVEAAEERK TKKKTDSQLL YVILLLLLLL ILKPPPPPPQ APHRPKRRRR GGRSGESSQE LRTTTTPEMV RVVWYRHTWF FYYY
GNM14640                        ----ACDASV AVNDDDNGRS QQIRRSQVKA ELKWGGGGGG GGGILAIIII LLIEAVEERK IKKKPESQLL YVILLLLLLL ILEPPPPPPP PPHRPSRRRR SGRAGESSQE LRTTTTPEMV RVVWYKSTWL FHYY
GNM14965                        ----ACRASV AANDDDDKET EQVRDDEQQA TIYWGGGGGG GGGILAIIII ILVEAAEEMR KRKKKNSQVL YIVLLLVYLL EMKKAPIPPP PPHRPKRRRR AGKAGASAQT KKTSTKAELS IVIWYHAAWY YQYY
GNM13677                        ----AARPAV ARNADEGAAE EQKRRPET-A NKQWEGGGGG GGSIAIIVVI ILVFAKKSV- HKKKTNKQL- -ILLLLLLMV VVKPDEPPPP P-AKPEQRRR GGKAGSSVRS LRKTTVV-LA VVVWRYMVWF FYYY
GNM14339                        --E-ASRPSA AKDLDERKRL DQQARKES-A RQLWGGGGGG GSGVVAIIVI ILVMAARTK- HKKKKERQL- -LLLLLLLLV L-KPMEPAPG K-SKPRERRR GGQSGSAVSE LRETTSV-IV MVVWRRAVWY YYYY
GNM14593                        ----AARAAV AKNSNETKNW EQKKRPEV-A EELWGGGGGG GSGVAIIIII ILVIASKAR- HKKKKETQL- -LILLLMLLV LVKPSDPPPP Q-HKPLEKRR AGEAGSSVQE LRRTTPV-LR LMVWSKMIWF YYYY
GNM13825                        ----ACRPCV AKDLDEAKSD EQAEREET-A KMLWGDGGGS GSGVFAIIVI LLVEAAKRR- HKKKKERQI- -LLLLLLLLL IGKPLPPPPP PSAKPRDRRR AGKSGSSVQE LRDSTSV-LV VVVWKKMVWF YYYY
GNM14768                        ----AARPAV AKDLDEAKTM EQKKKEEE-A QELWGGGGGG GSGIAIIIIV VLVLAAKAR- HKKKKEKQL- -VLLLFLLLV L-KP-DPPPP P-HKPKERRR GGEAGSAVQQ LRKTT-V-LV RAAWQRMVWF YYYY
GNM14776                        ----AARAAV AKDLDEAKTM EQKKKEEE-A QELWGGGGGG GSGIAIIIIV VLVLAAKAR- HKKKKEKQL- -VLLLFLLLV L-KP-DPPPP P-HKPRERRR GGEAGSAVQQ LRKTT-V-LV RAVWQRMVWF YYYY
GNM14715                        ----AAASSV AANDDDATEG EQKADSEQEA SLFWEGGGGG HGGSVIIIVL LLLAAQKERR KKKKKSRRLL YLVLLMLLLL VMVSVPPEPP DKHKPRKSRR AGASGSSSTS MENTTSATLV LVVWHHKSWF FQYY
GNM14639                        ----AASASA ARDENDSEED EQLKESEIKS KLLWGGGGGG KGGGLVIIVI LLVMANKERK RRKKKNSQVL YLILLILLLL IMKKTPPPPP EPHKPRRARR AGSCGNSAHT LRRTTTAELI SVVWYYFLWY YYYY
GNM13795                        ----ACPAAV LADDEDENND DGVREKEPKT ELLWGGGGGG GSGILAIVII IIVDAKNEMI KKKKINKHLL YVILLLMYLL IMNSAPPAPP SPHKPKRGRR AGQAGNSAQE KKTSTKVEFV HLVWYNPTWF HIYY
GNM14166                        ----ACPASV LAQDDDENDD VSMKDHEVKI GLLYGSGGGG GGGILAIIII LIVMSKAEMK KKKKKTSHLL YIILLLLYLL IMTSAPPQPP SPHKPKRARR AGKSGNSAQD KRTSTKANLT ILVWYHPTWF YTYY
GNM13993                        ----ACKASV AANEDDEKND EQKTDGEKKS ELLWGGGGGG KGGATPIIVI LLLFASKVMR KKKKKEDQIL YIVLLLLFLL ILKDTPPPPP ESHKPRKKRR AGSSQSSSQE LQASTNVELI IIVWNHEEWF YKYY
GNM13515                        ---DACNASV LAKDDDENEN DGAKEREPKS SMLWGGGGGG YSGIMAIIII XMVMAKQEMI RKKKKTTXLL YLILLLLYLL IMNSAPPAPP SPHKPKKKRR ASQAGNSAQE KRTSTKVKLV MVVWYHLTWF HVYY
GNM13745                        ----ACRPSV ASNEEDDKEE HQLNDGEQSS VILWGGGGGG KGGATPIIII LLLMASKIMK KKKKKERHIL YIILLLLYLL VLKKTPPAPP ENHKPRKKRR AGSSQSSSQE LEDTMNVRIT VVVWNHFEWY YKYY
GNM14959                        ----AAKAAV AKQDDDEKKD DQLESPEKAA KLFWGYGGGS GGGIIIIIVI ILLAAAQNRK ARKKKEMHLL YVVLLLLLLL VMNDVPPPPP DPNEPRKRRR AGSAGGAPMA LRLTTSVELV VIVWKNLIWF YYYF
GNM13413                        --R-AANASV AKNEEDEVED EQKREPEKVS NLLWQGGGGG GPSALIIIVI ILLEAQQEKK KKKKRERQLL YLLLLLLLLL VMKPVPPPPP EPHRPRRRRR AGSGGSSSSR MRFTTTAEKV RVVWLAIYWF YYYY
GNM14971                        ----ACPAAV LANDDDESED DGIREAEPST NLLWGSGGGG GGGILAIIII IMVIAKQETI RKKKKGSHLL YLILLLLLLL IMNSAPPAPP EPHKPKRGRR ASQAGNSTQT KRTTTKVHLM VVVWYRQVWF HIYY
GNM14990                        ----AC-A-V -ANDD---EG D-IR---PST N--W---R-- --G---I-I- I---A----- -KKK-N---L --IL-LL--L -M-SAPPAPP E-H-PK---R ------STQ- ----TKVNP- --VGYSQVWF HIL-
GNM15005                        ----ACPAAV LANDDDESEG DGIREAEPST NLLWGSGGGG GGGILAIIII IFVIAKQETI RKKKKNSHLL YLILLLLLLL IMNSAPPAPP EPHKPKRGRR ASQAGNSTQT KRTTTKVHLM VVVWYHQVWF HIYY
GNM15013                        ----ACPAAV LANDDDESES DGIRESEPST NLLWGSGGGG GGGILAIIII IIVIAKQETI RKKKKNSHLL YLILLLLLLL IMNSAPPAPP EPHKPKRGRR ASQAGNSTQT KRTTTKVHFM VVVWYHQVWF HIYY
GNM14976                        -------A-V -ANDI---ES D-IR---P-A N---G----- --G---I-I- ----A----- -K-K-N---- ---L-L-M-L -M-QAPPAP- D-H-PR---- -------TQ- ----TKV--- --VGY-Q-WF -I--
GNM15017                        ----ACAAAV LANDGDESED IGDRRKEPKI SMLWGGGGGG GSGILAIIMI IIVIAKQEMI KKKKKTTHLL YVIFLLLYLL IMNSAPPTPP SPHKPKRGRR ASQAGNSAQQ KRTTTKVRLM VVVWYNPIWF HIYY
GNM15024                        ----ACPAAV LANDDDEKDD DGVKEKEPKI GMLWGGGGGG GGGILAIIII IIIDAKQEMV KKKKKNKHLL YVILLLMYLL IMNRAPPAPP SPHKPKRGRR AGQAGNSAQE KRTSTKVQLV SLVWYNPTWF HIYY
GNM14980                        ----ACPAAV LANDDDEKDD DGVKEKEPKI GMLWGGGGGG GGGILAIIII IIIDAKQEMV KKKKKNKHLL YVILLLMYLL IMNRAPPAPP SPHKPKRGRR AGQAGNSAQE KRTSTKVQLV SLVWYNPTWF HIYY
GNM15001                        ----ACPAAV LANDDDEKDD DGVKEKEPKI GMLWGGGGGG GGGILAIIII IIIDAKQEMV KKKKKNKHLL YVILLLMYLL IMNRAPPAPP SPHKPKRGRR AGQAGNSAQE KRTSTKVQLV SLVWYHPTWF HIYY
GNM11003                        -L--AARPSA AKDMNDGKNN EQLKTPEQKA DLFWGGGEGS GPAALIINVI LFIIAKKERK KKKKKETQLL YLLLLILLSL FMLEIPVPPA EPYNPRKLRR AGSHGSSSDI LRYSTTAS-S RVVWDKFIWF YYYY
GNM11023                        --E-AANAAA AKDEDDEERD EQLRTPEKEA RLMWGGGPGG GGGVTIIPVI ILIIAEAERR QKKKKETQLL YILLLLLLFV IMKRVPPPPP APHRPRTRRR AGSSGESPTV LRRSTNAEKT RVVWLSYVWF YKYY
GNM11055                        ----ALRAAV LKQDDDESED EQLRRPEAEA KLKWGGGGGG GSGIVAIVVL ILIFAQMERK KKRKKDTHLL YVVLLLFFLV VMNDAPSPPP EPHEPRKRRR GGSAGESVEK FRTTTTVAIV RVVWYDKLWY YRYY
GNM11146                        ----AAKQAV AKNDDDEKKD DQKRSPEK-A ELFWGYGGGS GGGVLIVIVL VLLSAAKER- AKRKRDSHM- -IVLLLLLLI VMNDVPPPPP QPNAPRKRRR AGSAGGARQE LRSTTSIQLV IIVWKNIFWY YYYF
GNM11219                        ----AVRAAV AVNDDDERRD EQIRRPERKA ELKWGGGGGG GGGIMIIVVI MLVESERRRA KKKKREKQLL YLLLLLLLLL IMHPTPAPPP EPHRPRARRR AGSSGSSSHE LRATTTVEIV RAVWYKAIWY YYYY
GNM11220                        ----AARAAV ARNEDDKRED EQVRRSENAA NLLWGGGGGG GGGHLIIIVI ILVIAEKDRA QKKKKVTQLL LLLLLLLLLL LMKPPPNPPP PGHKPRSRRR AGSNRSSCDT LAATTTVGVV RVVWYKLVWF YEYY
GNM11223                        ----ACDPSV AADDDDKRKA EQLRRPEKKA ELKWGGGGGG GSGILAIIII LLIESEKERK KKKKTMSQLL YIILLLLLLL IMKPPPPPPP PPHGPRSRRR GGSAGESAQE LRTTTTPEVM RVVWYKSVWI FYYY
GNM11224                        ----ACDPSV AADDDDRRES QQLRRPEKKA ELKWGGGGGG GSGILAIIVI LLIESEKERK KKKKTKSQLI YIVLLLLLLL IMKPPPPPPP PPHRPRSRRR GGGAGESVQE LRTTTTPEVM RIVWYKFVWI FYYY
GNM11358                        ----ACRAAV SANDDDEKDD EQDKDSENEA SIFWGGGGGG GGGILAIIII LLIYSAEEMR KKKKKKSQVL YIVLLLVYLL IMNRAPIPPP EKHKPKRRRR AGKAGSSTQE RKTSTKVDLS IVVWFHSTWY YQYY
GNM11360                        ----ACPSSV LADDDDENAD DAVREKEPKI SLLWGGGGGG GGGILAIIII LVIIAKQEMV RKKKKNKQLL YVILLLMYLL LMNRAPPAPP SPHKPKRGRR AGQAGNSAQE KRTSTKVQLV SIVWYHPTWF HIYY
GNM11362                        ----ACRAAV AADDDDEDAD MQRRDSEVSA ALFWGGGGGG GGGITAIIIV LLLEAQKEMK QKKKKQSHVL YLILLLLYLL IMKRVPLPPP PPHKPRSRRR AGSAGSSCYM LRNTTKAEIV RVVWYHRVWF YTYY
GNM11367                        ---DACKQAV LAQDDDEGEQ DGERDREPKA SLLWGGGGGG YSGILAIIII IIVITKQEMI RKKKQNTHLL YVIFLLMYLL LMNPAPPAPP VPHKPKKKRR ATQAGNSSQE KRTSTKVKLV MLVWYHSTWF YIYY
GNM11377                        ----ACQAAV AANDDDEKED EQEKDSEEQS ALHWGGGGGG GGGILAIIII LIVAAAEETR KKKKKKVQLL YVILLLLYLL IMHRAPIPPP APHKPKRRRR AGKAGSSSQT KKTTTKVALV IVVWYHATWF YQYY
GNM11380                        ----ACPASV LAQDDDENED VSLKDHEIKI GLLYGGGGGG GGGILAIIII LVIMSKEEMK KKKKKNSHLL YIILLLLYLL IMTSAPPQPP SPHKPKRTRR AGKAGNSAQD KRTSTKANLT VLVWYHPTWF YTYY
GNM11383                        ----ACAAAV LAEDEDEDSD VEVRDHEGKA SLLWGGGGGG GGGILAIIII IIVDAKADMI KKKKKSIQLL YVILLLFYLL IMNKAPPKPP DPHKPRRSRR AGKAGNSSQE KRSTTKALLV VVVWYHSTWY YLYY
GNM11491                        ----ACPASV LAD-ADEGED DGVRGREPKV GMLWGGGGGG GGGILAIILI LVIEAKQEMV KKKKKKSHLL YVILLLMYLL I-NR-PPRPP DPHKPKRGRR AGQAGNSVQE KRTST--QLI RIMW-HPTWF HIYY
GNM11804                        ----AVRPAV AKQDDDEKED EQKRRPETEA ALKWGGGGGG GSGIIAIIFI ILIFAKKERK KKKKRKTQLL YVVLLLFFLV VMKEAPAPPP EPHEPRKRRR GGSSGEAVEQ FRATTTVATI RVVWYDKTWY YEYY
GNM11805                        ----ALDAAL LKQEDDSKSD ESLKRPEEEV NLMYGSGTGG GSGIAILIVV ILIEAAAEQK QKKKKEQQLF YLVLLFMYLL IMNDVPAIWN DKGTPRKRRR GGSFRSSIVK MSKTDDVVLS RLVWKNNTWY YEYY
GNM12883                        ----ACQAAV SANDDDEKED EQEKDSEEQS SLHWGGGGGG GGGILAIIII LLVAAAEEMR KRKKKKTHML YIILLLLYLL LMKKAPMPPP APHKPRRRRR AGKAGASSQV KKTSTKVQLI IAVWYHALWF YQYY
GNM12886                        ----ACKAAV SAHDDDEKED TQEKDSEVQS ALHWGGGGGG GGGILAIIVI LLVAAVEEMR KKKKKNVQML YVILLLLYLL LMKKAPIPPP APHKPRRRRR AGKAGGSSQV KKTSTKVQLF VIVWYHAAWF YQYY
GNM12892                        ----ACRASV AANDDDDKET EQVRDDEQQA TIYWGGGGGG GGGILAIIII ILVEAAEEMR KRKKKNSQIL YIVLLLAYLL EMKKAPIPPP PPHRPKRRRR AGKAGASAQT KKTSTKAEIS IVIWYHAAWY YQYY
GNM13060                        ----AAAASA AADDDDEEDD DDDEEEEEEF LFFFGGGGGG GGGHIIIIII IIIIKKKKRK KKKKKKKKLI ILLLLLLLLL LMSPPPPPPP PPQKKRKRRR SSSSSKSSAA TTMTTTVILI VVVWYYYFYY YYYY
GNM13061                        ----AARSAA AADDDDEEDN EDERDPENEF ELFYGGGGGG GGGHILIILI IIVAKASERK KKKKKKKKML IIVFLLLYLL IMKPPPAPPP QKNLPRKRRR ASSARNSSSK LATTTTVILV NIVWYHIYWY YYYY
GNM13062                        ----AAA-SV AAD-EDSA-- EQ--DSEEAS -LFWDGGGGG KGGSAI-IVV LLLA-QKDRR KKKKKERKIL YLL-LMMLL- V-KS--PQPP EKHKPRKSRR AGGSGGSSTA MEKST--ALV LV-W-HKTWF F-YY
GNM13064                        ----ACKASV AANEDDEKND EQKTDGEKKS ELLWGGGGGG KGGATPIIVI LLLFASKVMR KKKKKEDQIL YIVLLLLFLL ILKDTPPPPP ESHKPRKKRR AGSSQSSSQE LQASTNVELI IIVWNHEEWF YKYY
GNM13066                        ----ACNASV AASEDDNKSD EQLIDGETKS ELLWGGGGGG KGGATPIIVL LLLFASKVMR KKKKKDDQVL YIVLLLLYLL ILKDTPPPPP ESHQPRKKRR AGSSQSSSQE LQASTNVELI IIVWNHNVWF YKYY
GNM11032                        --------S- A----ERK-- -Q---AE--- -QM-G-G-G- GS-VIA-I-I -L---AKSR- ----K--QI- -V--L--L-- --K------- ---K--E-R- G-RSG----E L-ET-----I MV-------- ----
GNM11363                        ----ACRAAV AADDDDEDAD MQRRDSEVSA ALFWGGGGGG GGGITAIIIV LLLEAQKEMK QKKKKQSHVL YLILLLLYLL IMKRVPLPPP PPHKPRSRRR AGSAGSSCYM LRNTTKAEIV RVVWYHRVWF YTYY
GNM11381                        ----ACAAAV LADDEDEDAD VEVRDHEGKA SLLWGGGGGG GGGILAIIII VIVDAKAEMI KKKKKAIQLL YVILLLFYLL IMNRAPPKPP EPHKPRRNRR AGKAGNSSQE KRSTTKALLV VVVWYHSTWY YTYY
GNM11382                        ----ACSAAV LANDEDEDDD DEIRDHEGKA SLLWGGGGGG GGGILALIII IIIMAKQDMI KKKKKSIQLL YVLLLLLYLL VMHRAPPKPP EPHKPRRARR AGKSGNSSQE KRSSTKAMLV VVVWYHMIWF YIYY
GNM11799                        ----ACPAAV LANDGDEKED DGIREKEPSA NMLWGGGGGG GSGILAIIII IIVVSKQETI RKKKKNSHLL YLILLLLLLL LMNSAPPAPP DPHKPKVGRR ASKAGNSTQV KRTTTKVRLM VVVWYHSVWF HIYY
GNM11841                        ----AAQPAT ARQDDDETEE EQEAAGEEEA ELLWGTGGGG TSGITAIIIL LLVETDDDRR KAKKTDSQLL YVVLLLLYLL VMTEAPPAPP DPDDPLDSRR GGSNGNSVEE LRGTTTLEVR GVVFYDERWF TTAY
GNM11931                        ----AASVAA ERQDDDSEAD EQEERGEDEA DLIWGSGGGG SSGITIIVLV LLVAAADDRR TEKKQ-EQLL YVVLLLLLLL IMTSAPPEPP DPGHPLETRR GGSNRKSAEE LSGTTTLEIV GVAFYDNTWY ADAY
GNM12040                        ----AARAAA ERQDDDEEDD EQADHPEEEM ELLWGGGGGG SSGIAAIIIV LLIEANEDQR KAKKT-AQLL YIVLLLLLLV IMTDVPPEPP EPSQPLNRRR GGQNKDSQQS FASSSSVEKR GVVFYNAVWY YRAY
GNM12071                        ----ASRAAA DKQDDSDEAD EAAERDEDEV ELFWGSGEGG SSGLVSIIIV LLIEAEDDER KEKKT-TQLL YIVLLLLLLV IMAEVPPEPP DPGEPLEKRR GGAKRESAET FAASSTIEQR GVVFYNEVWF YRAY
GNM12125                        --T-AANAAV AKDEDDEKED EQLRRPERRA KLMWGGGGGG GSGITIIIII ILVAARRERK MKKKRKTQLL YLLLLLLLLV VMKPVPPPPP APHKPRNRRR GGSSGESVEV LRYSTTAEKT RVVWLRYYWY YKYY
GNM12126                        --R-AARPAA AKDEDDEQME DQRRTPERKA QIFWGGGGGG GGGHVINIIT ILIIAKAFRK QKKKKETQLL YLLFLLLLFL LMKEIPPPPP EAFQPRHRRR AGSSGESCLK VRYTTTPELV RVVWRAMYWY YYYY
GNM12128                        A---AARAAS ARNDDDENKD EQMRTGERAA DLFWHGGEGG GGGNIIIIII ILIIAAEERK KKKKKETQLL YILLLLLLFL IMKPVPVPPP HPHKPRRLRR CGRSGEASDM LRNSTTVELV RVVWRELYWF YYYF
GNM12182                        -P--AARPAT AKDMSDDIDD EQLREPEQKS KLFWGGGEGG GPASMIVTVI IFVLSRKERK KKKKKNRQLL YLLLLILLSL FMLQIPIPPH DPFKPRKLRR AGSHGSSSDA LTHTTTAAVV RVVWNLLMWI YYYY
GNM12342                        ----ACNAAV LRQDDDEDED EEKKRPEGAV QIRWGGGGGG GSGIIAIIIV ILVAAKKERK KKKKKETQLL YVILLLLLLT VMKDVPRVPP EPSEPRNRRR GGSNGSSVDE FRKTTTVAIV RVVWYYDIWF YKYY
GNM12346                        ----ASNAAV ARQDDDENQT QQARRPET-A NKVFGGGGGG GGGIISIIVM LLVLAKEEM- KKRKAESQLA -IIFLLLYLT VMNPAPPPPP APHDPLKKRR SGSAGQSMAK FRTTTVVQTV RVVWYDATWD YKYY
GNM12351                        ----ACNASV AKDDDDENES EQDKRPEKAA ALKWGGGGGG GSGVLAIVIV IFVVATAEQK KKTKKESQLL YIIILLMFLL VMEKTPSPPP EPHSPHNKRR GGSSGEAVVR LRTATTAEMV RVVWYQAIWF YNYY
GNM12356                        ----ACNPAV AKNDDDNDET EAKNSPEESA EMMWEGGGGG GSGVAAILIV LLIAAKKEQK KKKKKESKAL YIVLLLLLLI VMTDVPQEPP TPHEPRNRRR GGSNGEATDT LRKATTVATA KIVWFNSVWF YKYY
GNM12357                        ----ACNAAV KKNDDDSDEN EADKRPEE-T AVAWEGGGGG GSGITAIIVV IFVVAAKEQ- KKKKKESQV- -IVLLLLLLL VMTGVPREPP E-HGPRNRRR GGSNGEAADA LRKATTV-II RLVWYNNVWF YKYY
GNM12366                        ----ACNAAV KKDDEDAEEN EAEKRPEE-A ALKWNGGGGG GSGITAIIVV IFVAAAKEQ- KKKKKESQV- -IVLLLLLLL VMTVVPREPP E-HGPRNRRR GGSNGEAADA LRKATTV-MI RLVWYNMKWF YKYY
GNM12373                        ----ASDAAV AKNDDDQDDD EQLKRAEKAA AAKWGGGGGG GSGIIVIAII VMVVAEKSRK QKRKKNSQLL YVILLLLYMV IMKPTPPAPP EPHGPMNLRR GGKSGEAVEE FRYSTTVGVS RLIWFDEVWY YEYY
GNM12385                        ----AANAAA AKNDDDESED EQMQRPEQAA RAKWGGGGGG GSGVVIIVIL VFIAAAAGRK YKRKHTSQLL YVILLFFYMV VMKDTPPPPP DPHGPMNKRR GGSSGQAVEA FRNTTTVGIT RVIWYDAVWF YEYY
GNM12551                        ----AADGAV AKDVDDEKES EQERRPEKDA EKAWGGGGGG GSGITIVIII ILVYAEEERK QKRKKDTQVT FVVLLLLLLL VMKPYPPPPP EGHEPRSRRR GGSAGSSREE LRHTTDAYMV RVVWYDKMWY YKYY
GNM12554                        ----AANAAA AKDDDDNTED EQHKRPEKVA RPLWGGGGGG GSGVVAILIV VLVFAAAEMK KKRKHKSQLR PVVLLLLLMV LMKPTPPPPP APHTPMSSRR GGASGEAVEV FRKSTTVKVK RIVWYDATWF FEYY
GNM12592                        ----ACKPAV ATNDDDRMEA EQDARPETAA NLKWGGGGGG RSGIIAIIIV VLVHAKEKQR TKHKKATQLL YIVLLLLYLV VMEATPPPPP APHDPMNKRR GGASGSSVSK FRHTTTVEVH NVVWYDAVWY YEYY
GNM12596                        ----ACDAAV AKNDDDELGT EQEKRAEVAA ELKWGGGGGG GSGVATIAIL VVIVAAKERK KKKKKESQML YVIMLLLFLL IMKDTPPPPP EPHDPLNKRR GGSSGEAVTQ MRHSTTVETT NLVWFDGIWN YIYY
GNM12602                        ----ATDAAV AKNDDDEQGM EQEKRAEVAA ELKWGGGGGG GSGIAAIAVL IVIIAAKERK KKKKKESQLL YVILLLLYLV VMKDTPPPPP EPHDPLNKRR GGSSGEAVNQ MRNSTTVETT NLVWFDKIWN YIYY
GNM12665                        ----ACDAAV AKNDDDEQGA DQEKRAEVAA DLKWGGGGGG GSGIASIAVL VVIVAAKERK KKKKKESQML YVIMLLLFLL IMKDTPPPPP QPHDPLNKRR GGSSGEAVTQ MRHSTTVETT NLVWFDGVWN YIYY
GNM12745                        ----ATDAAV AKNDDDDKKE EQSARPENSA SIIWGGGGGG GSGIKAIIII LLIKSAAEQK KKRKQETQLL YVVLLLLYLV VMHPTPRTPP TPHEPRNNRR GGSSGSAVEQ YQATTTAEVT RVVWFDMVWF YEYY
GNM12749                        ----AADAAV ARDDEDEKMD EQKKRPET-A ANSWGGGGGG GSGIISILIV VLVVAAATA- KKRKKESQL- -IVLLLLFMA VMKPTPPAPP E-HNPMGKRR GGSSGEATEA FRYTTTV-VV RVVWYDPTWF YEYY
GNM12758                        ----AADAAV SKNDDDEKED EQLRSPEKEV NVKWGGGGGG GSGIAAIIVV LLVHAEEERR KKRKRNTQLL YIVLLLLLLV VMRPTPRSPP EEHNPRKKRR GGSAGNAVEK FRATTTVGIV RIVWYDNVWF YEYY
GNM12763                        ----ALDASV LKNDDDKKKD EQLERPEKSA EIKWGGGGGG GSGILGIVII LLVWAKEKRK KKRKKKTQLL YIILLLLFLV VMKPTPRPPP EPHEPRKRRR GGSAGNSVDE FRHTTTVELI RVVWYDKIWF YEYY
GNM12766                        ----ACNPAV LKNDDDEDKA EELKRPEKAT EIRWGGGGGG GSGITAIILV ILVAARKEQK KKKKKETQLL YIILLLLLLT VMKPVPREPP SPHEPRNRRR GGSNGESAEA LRKTTTVEIV RVVWYNPIWF YKYY
GNM12841                        ----AANAAS ARQDDDSEDE EQDARGEEEL ELLWGNGGGG SSGVTAIILV LLVAADDDRR EEKKT-TQLL YIVLLLLYLV VMTDTPPAPP EPGRPLESRR GGANGESTEE LRETTTLEVT GIVFYDARWY SEAY
GNM12849                        ----ACPSSV LADDDDENAD DGVREKEPKI SLLWGGGGGG GGGILAIIII LIIIAKKEMI RKKKKNKQLL YIILLLMYLL LMNRAPPAPP SPHKPKRGRR AGQAGNSAQE KRTSTKVQLV SVVWYHPTWF HIYY
GNM12869                        ----ACPAAV LANDDDEKED DGVKEKEPKI GMLWGGGGGG GGGILAIIII IIIDAKQEMV KKKKKNKHLL YVILLLMYLL IMNRAPPAPP SPHKPKRGRR AGQAGNSAQE KRTSTKVQLI SLVWYHPTWF HIYY
GNM12896                        ----ACPASV LAQDDDENED VSLKDHEVKI GLLYGGGGGG GGGILAIIII LVIMSKEEMK KKKKKNSHLL YIILLLLYLL IMTSAPPQPP SPHKPKRTRR AGKAGNSAQD KRTSTKANLT VLVWYHPTWF YTYY
GNM12897                        ----ACPASV LAQDDDENED VSLKDHEVKI SLLYGSGGGG GGGILAIIII LIIMTKEEMK KKKKKNSHLL YIILLLLYLL IMTSAPPQPP SPHKPKRTRR AGKAGNSAQD KRTSTKANLT VLVWYHPTWF YTYY
GNM12902                        ----ALDAAL LKQKDDKKSD QKLDHPEEEV NLLYGGGGGG GSGISLIVIV MFIEAEQERK VKKKKSEKLL YLLLLLMLMV LMQEVPSQWN EKGTPKKKRR GGSYRMSMDK MSASDDVELV RVVWKYSTWY YKYY
GNM12903                        ----AAKAAV AKNDDDEKRD EQLESPEKVA ALAWGYGGGG GGGIIIIIVI LLIAAQEKRK AKKKKETQVL YLLLLILYLL AMKPPPPPPP VPNQPRRRRR AGSAGGSAMA LRTTTSVELV IVVWKHPIWF YYYY
GNM12906                        ----AAKAVV AKTDDDEKRD EQLESPEKAA GLAWGYGGGG GGGVIIIIVI ILVAAQEKRK AKKKKETQVL YLLLLIIFLL VMKPPPPPPP VPNKPRRRRR AGSAGGSADA LRATTSVELV IVVWKYPIWF YYYY
GNM12907                        ----AAKAAV AKSDDDEKKD EQLESPEKAA ALAWGYGGGG GGGIVIIIVI ILVAAHERKK AKKKKDTQVL YLLLLIMFLL VMKETPPPPP VPNRPRRRRR AGSAGGSAMT LRATTSVEIV IVVWKYPIWF YYYY
GNM12909                        ----AAKAAV AKNEDDERKD EQMESPEKLA ALGWGYGGGG GGGIIIIIVI ILVAAQEKKK AKKKKETQVL YLLLLIMLLL VMKETPPPPP VPNQPRRRRR AGSAGGSAMA LRATTSVELI IVVWKYPIWF YYYY
GNM12915                        ----AVNGAV AKQDDDEKQD EQLRRPEKKA ELKWGGGGGG GGGIIAVIIL ILIYAAKERK KKRKKETQLL YIVLLLLFLV VMKEAPLPPP EPHKPRKRRR AGSSGESREE FRTTTTVELV RVVWYDPYWF YRYY
GNM10046                        ----AVNGAV AKQDDDEKQD EQLRRPEKKA ELKWGGGGGG GGGIIAVIIL ILIYAAKERK KKRKKETQLL YIVLLLLFLV VMKEAPLPPP EPHKPRKRRR AGSSGESREE FRTTTTVELV RVVWYDPYWF YRYY
GNM12918                        ----AVNGAV AKQDDDEKQD EQLRRPEKKA ELKWGGGGGG GGGIIAVIIL ILIYAAKERK KKRKKETQLL YVVLLLLFLV VMKEAPLPPP EPHKPRKRRR AGSSGESREE FRTTTTVEIV RIVWYDPYWF YRYY
GNM12931                        --E-AANAAV AKDEDDDLTD EQKRTPEKAA ALMWRGGGGG GGGILIIIVV ILIIAQQERK KKKKKETQLL YLLLLLLLFL IMRPVPPPPP PPHRLRRRRR SGASGESAQR LRYTTTAEKI YVVWLSYYWF YYYY
GNM12938                        YI--AARAAA AKDMNDEKED EQIKKPENKV PLFWGGGEGS GPASLIIILM LLLLAKKERK KKHKKNKQLL YLLLLLLLTL IMTEIPVPPP NQFRPRKSRR AGSHTQSSDT LRYSTTVDII RVVWQKYIWF YYYY
GNM12996                        -S--ATRPAA AKNMDDEKIE EQLRKPENKA KLFWGGGSGG GPAVLIINVI LFIIAKKERV KKKKKETQLL YLLLLLLLTL IMLEIPVPPI DTFKPRKSRR AGSHGESSDQ LRLSTTASVT RVVWENLIWL YYYY
GNM13018                        -A--AARPAA AKNMDDEKID EQLRKPEDKA KLFWGGGSGG GPAVLIINVI LFIIAKKERV KKKKKETQLL YLLLLLLLTL IMLEIPVPPI ETFKPRKRRR AGSHGESSDQ LRLSTTASVS RVVWENLIWL YYYY
GNM13027                        -P--AARASA ANNMIDEKQD EQVRTPEQKS PLFWGGGSGS GPSALIINLM LLVLAKKERK KRKKRERRLL YLLFLLLLTL LMLEIPVPPP EPFKARKLRR AGSHGGSSDI LRYSTTPEFV RVVWKIYVWF YYYY
GNM13046                        ----ACAAAV LAKDDDQSED DGLKDKEPKA DLLWGGGGGG GGGILAIIII IVIVTKNEMV KKKKKNKQLL YVILLLLYLL MMKPAPPAPP SPHKPKRGRR AGQVGHSSQE KRTSTKVQLV VIVWYHPTWF HIYY
GNM13074                        ----AVNGAV AKQDDDEKQD EQLRRPEKKA ELKWGGGGGG GSGIAAVIIL VLIWAAKERK KKKKKETQLL YVILLLFFLV VMKEAPLPPP EPHKPRKRRR GGSSGESREE FRTTTTVEII RIVWYDPYWF YKYY
GNM10010                        ----AVNGAV AKQDDDEKQD EQLRRPEKKA ELKWGGGGGG GGGIIAVIIL ILIWAAKEQK KKKKKETQLL YIVLLLLFLV VMKEAPLPPP EPHEPRKRRR AGSSGESREQ FRTTTTVEIV RVVWYDPYWF YKYY
GNM10014                        ----AVNGAV AKQDDDEKKD EQLRRPEKKA ELKWGGGGGG GGGIIAVIIL VLIWAAKEQK KKKKKETQLL YVVLLLFFLV VMKEAPLPPP EPHEPRKRRR AGSSGESREQ FRTTTTVEII RVVWYDPYWF YAYY
GNM13090                        ----AVNGAV AKQDDDEKQD EQLRRPEKKA ELKWGGGGGG GGGIIAVIIL ILIWAAQEQK KKKKKETQLL YVILLLFFLV VMKEAPLPPP EPHEPRKRRR AGSSGESREQ FRTTTTVEII RVVWYDPYWF YKYY
GNM13118                        ----ACKPAA ARDFDDKKAR EQLEREEQSA ELFWGGGGGG TGGATAIIII LLLAASKRRK TKKKKETQVL YIILLLLLLL VMKPVPPPPP EPTRPRTRRR AGASGEAPQA LRLTTNAELV NVVWKELKWY YYYY
GNM13126                        ----AADSSV ARNYDDQKED EELYRPEAQS NLIIGGGGGG GSGIALIIII MFIESKQDMK VKKKKSSHLF FLLLLLLYMV LMYRVPSEPY DPSKPKNKRR GGSSRSAIVQ LSKSTSVAIS RVVWKNKVWY YKYY
GNM13128                        ----AADSSV AKQYDDQKGD EEMYRPEKEV NLIIGGGGGG GSGIALITII MFIESSQEMK VKKKKESHLY FLLLLLLLMV LMFDVPPEPY NPSKPKNKRR GGSSRSSVLQ LSKSTSVLIS RVVWKNKVWF YKYY
GNM13208                        ----AAKAAV AKQDDDDKED DQLESPEKAS KLAWGYGGGG GGGIIIIIVI ILLYAQEKRK AKRKRATHVL YLLLLLVILL VMKEVPPPPP VPRKPRRRRR AGSAGSSAMA LRTTTSVELV IAVWKDIIWY YYYY
GNM13210                        --S-AARAAV AKDEDDEVDD EQKKEPEKAA EEMWGGGSGG GPGALILIVV ILLEAAQDKK KKKKRERQLL YLLLLILLLL TMKPVPPPPP TPHRPKRRRR AGANGTSSTR LRYTTNAEKV RVAWLNMIWF YYYY
GNM12773                        ----ASNVAV AVDDDKDKKT EQPKKPEQEA ELHWGGGGGG GSGIVTIIVL VLLQANKDRK KKKKKEAQLL YMVFLLLLLL IMKPIPQPPP SPHKPKERRR AGKNGESSQQ LRESTTPILK YVVWHHYTWF YYYY
GNM12769                        ----ACRPAS AKNEDDESED EQIKRNEH-S HSIWGGGGGG GGGSMPIVII ILVKAEQQR- EKKKKEVQL- -LIMLLLLLL LMKPPQPPPP S-NKPNKKRR GGSSGSSPQS LRTSTTI-FQ KIVWYYVLWF YYYY
GNM12768                        ----ACSSAA AVQDDDQKDD EQVRRSEAEA ELKWGGGGGG GGSILALVVA LLIESREERK TKKKTMKQLL YLTLLLLLLV IMHRPPPPPP QPHKPERRRR GGSAGASSVR LRFTSTVQLA NVVWYRSTWF HYYY



    1    1    1    1    1    1    1    1    1    1    1    1    1    1    1
    1    1    1    1    1    1    1    1    1    1    1    1    1    1    1
    1    1    1    1    1    1    1    1    1    1    1    1    1    1    1
    1    1    1    1    1    1    1    1    1    1    1    1    1    1    1
    1    1    1    1    1    1    1    1    1    1    1    1    1    1    1
    1    1    1    1    1    1    1    1    1    1    1    1    1    1    1
    1    1    1    1    1    1    1    1    2    2    1    1    1    1    1
    1    1    1    1    1    1    1    1    1    1    1    1    1    1    1
    1    1    1    1    1    1    1    1    1    1    1    1    1    1

AAML (in paml version 4.9h, March 2018)  tmp0048.txt
Model: Empirical,  (../wag.dat) dGamma (ncatG=4) ns = 142  ls = 136


Frequencies..
                                    A      R      N      D      C      Q      E      G      H      I      L      K      M      F      P      S      T      W      Y      V
GNM13746                       0.06061 0.06818 0.00758 0.08333 0.00000 0.00758 0.04545 0.06818 0.00758 0.07576 0.09848 0.10606 0.00758 0.03788 0.06818 0.06061 0.06061 0.00758 0.07576 0.05303
GNM13538                       0.06818 0.08333 0.01515 0.03788 0.00758 0.03788 0.03788 0.07576 0.02273 0.06818 0.12879 0.08333 0.01515 0.01515 0.06818 0.09091 0.04545 0.02273 0.03788 0.03788
GNM13876                       0.09524 0.09524 0.02381 0.01587 0.00000 0.03968 0.04762 0.08730 0.00794 0.04762 0.07143 0.09524 0.02381 0.02381 0.07143 0.03968 0.03968 0.02381 0.03175 0.11905
GNM13680                       0.11364 0.06818 0.00758 0.04545 0.00758 0.04545 0.05303 0.08333 0.02273 0.06818 0.10606 0.10606 0.02273 0.00758 0.04545 0.04545 0.02273 0.02273 0.04545 0.06061
GNM14837                       0.09091 0.06061 0.03788 0.06061 0.00758 0.03030 0.03030 0.10606 0.01515 0.11364 0.09848 0.09848 0.02273 0.00758 0.06818 0.03788 0.02273 0.02273 0.03788 0.03030
GNM14249                       0.08333 0.05303 0.03030 0.05303 0.00758 0.02273 0.03788 0.10606 0.03030 0.09091 0.09091 0.11364 0.03030 0.00758 0.06818 0.03030 0.02273 0.02273 0.04545 0.05303
GNM13928                       0.09091 0.06818 0.03788 0.04545 0.00758 0.03788 0.04545 0.09848 0.01515 0.09091 0.09091 0.09848 0.02273 0.00758 0.06818 0.04545 0.02273 0.02273 0.03788 0.04545
GNM13297                       0.06818 0.08333 0.01515 0.03788 0.00758 0.03788 0.03788 0.07576 0.02273 0.06818 0.12879 0.08333 0.01515 0.01515 0.06818 0.09091 0.04545 0.02273 0.03788 0.03788
GNM14865                       0.07634 0.07634 0.02290 0.06870 0.00000 0.04580 0.10687 0.09160 0.00000 0.04580 0.11450 0.03053 0.02290 0.02290 0.04580 0.06107 0.05344 0.01527 0.03053 0.06870
GNM13455                       0.08333 0.06818 0.03030 0.04545 0.00758 0.03788 0.03788 0.09091 0.02273 0.08333 0.10606 0.09091 0.02273 0.00758 0.06818 0.05303 0.02273 0.02273 0.03788 0.06061
GNM14938                       0.07759 0.12069 0.00862 0.02586 0.00862 0.02586 0.06897 0.06897 0.00862 0.03448 0.11207 0.09483 0.00862 0.01724 0.07759 0.05172 0.02586 0.02586 0.03448 0.10345
GNM14483                       0.10606 0.07576 0.00758 0.03788 0.00000 0.03030 0.06818 0.06818 0.02273 0.03788 0.10606 0.09091 0.01515 0.01515 0.05303 0.08333 0.03030 0.02273 0.03030 0.09848
GNM14872                       0.12121 0.06061 0.00758 0.03788 0.00758 0.04545 0.06061 0.08333 0.03030 0.07576 0.09091 0.10606 0.00758 0.00758 0.04545 0.03788 0.04545 0.02273 0.04545 0.06061
GNM13855                       0.08333 0.07576 0.04545 0.03788 0.00758 0.03030 0.06818 0.08333 0.01515 0.07576 0.06818 0.10606 0.03030 0.01515 0.03788 0.04545 0.04545 0.02273 0.05303 0.05303
GNM14404                       0.06870 0.12214 0.00763 0.03817 0.00763 0.03053 0.06870 0.06870 0.00763 0.09160 0.11450 0.09160 0.02290 0.00000 0.04580 0.04580 0.04580 0.02290 0.04580 0.05344
GNM14545                       0.06870 0.12214 0.00763 0.03817 0.00763 0.03053 0.06870 0.07634 0.00763 0.09160 0.11450 0.09160 0.02290 0.00000 0.04580 0.03817 0.04580 0.02290 0.04580 0.05344
GNM14366                       0.07576 0.06061 0.01515 0.04545 0.00758 0.02273 0.06061 0.08333 0.04545 0.09848 0.08333 0.09848 0.01515 0.01515 0.04545 0.05303 0.03030 0.02273 0.04545 0.07576
GNM14252                       0.07576 0.05303 0.03030 0.05303 0.00758 0.03030 0.03788 0.10606 0.03030 0.09091 0.09091 0.11364 0.03030 0.00758 0.06818 0.03788 0.02273 0.02273 0.03788 0.05303
GNM13760                       0.08333 0.06061 0.03030 0.04545 0.00758 0.03030 0.05303 0.09848 0.01515 0.10606 0.09091 0.11364 0.02273 0.01515 0.06818 0.02273 0.03030 0.02273 0.04545 0.03788
GNM13982                       0.06767 0.06015 0.02256 0.04511 0.00752 0.05263 0.04511 0.07519 0.02256 0.08271 0.09774 0.09774 0.03008 0.01504 0.06015 0.04511 0.04511 0.02256 0.05263 0.05263
GNM13960                       0.09091 0.06818 0.03788 0.03030 0.00758 0.03030 0.04545 0.08333 0.03788 0.09848 0.11364 0.06061 0.01515 0.00758 0.06061 0.05303 0.04545 0.02273 0.03030 0.06061
GNM14633                       0.07519 0.06015 0.02256 0.04511 0.00752 0.04511 0.04511 0.07519 0.02256 0.09023 0.10526 0.09774 0.02256 0.01504 0.06015 0.03759 0.05263 0.02256 0.05263 0.04511
GNM14853                       0.07519 0.06015 0.02256 0.04511 0.00752 0.04511 0.04511 0.07519 0.02256 0.09023 0.10526 0.09774 0.02256 0.01504 0.06015 0.03759 0.05263 0.02256 0.05263 0.04511
GNM14138                       0.05303 0.09091 0.03030 0.03788 0.00000 0.03030 0.06061 0.08333 0.02273 0.08333 0.10606 0.06818 0.00758 0.01515 0.07576 0.06061 0.05303 0.02273 0.03030 0.06818
GNM14055                       0.08333 0.06061 0.02273 0.03030 0.00758 0.03030 0.05303 0.07576 0.03030 0.09848 0.08333 0.09091 0.01515 0.02273 0.06818 0.05303 0.05303 0.02273 0.03788 0.06061
GNM14748                       0.08333 0.04545 0.03788 0.03788 0.00758 0.01515 0.06818 0.09091 0.02273 0.08333 0.09091 0.09848 0.02273 0.01515 0.06818 0.04545 0.03788 0.02273 0.04545 0.06061
GNM14246                       0.07576 0.11364 0.00000 0.05303 0.00758 0.03030 0.06818 0.09848 0.01515 0.05303 0.11364 0.06061 0.00758 0.01515 0.06818 0.04545 0.05303 0.02273 0.03788 0.06061
GNM14640                       0.05303 0.10606 0.01515 0.03030 0.00758 0.03788 0.06818 0.09091 0.01515 0.07576 0.12121 0.05303 0.00758 0.00758 0.09091 0.06818 0.03788 0.02273 0.03030 0.06061
GNM14965                       0.12121 0.08333 0.01515 0.04545 0.00758 0.04545 0.06061 0.08333 0.01515 0.08333 0.06818 0.09091 0.01515 0.00000 0.05303 0.03788 0.03788 0.02273 0.06061 0.05303
GNM13677                       0.10317 0.09524 0.02381 0.01587 0.00000 0.03175 0.05556 0.08730 0.00794 0.04762 0.07937 0.09524 0.01587 0.02381 0.07143 0.03968 0.03175 0.02381 0.03175 0.11905
GNM14339                       0.08730 0.12698 0.00000 0.02381 0.00000 0.03968 0.06349 0.09524 0.00794 0.03968 0.11905 0.08730 0.02381 0.00000 0.03968 0.07143 0.02381 0.02381 0.03968 0.08730
GNM14593                       0.08730 0.07937 0.02381 0.00794 0.00000 0.03175 0.07143 0.07937 0.01587 0.07143 0.11111 0.10317 0.02381 0.00794 0.06349 0.05556 0.03175 0.03175 0.03175 0.07143
GNM13825                       0.07874 0.09449 0.00000 0.04724 0.01575 0.02362 0.06299 0.07087 0.00787 0.03937 0.12598 0.10236 0.01575 0.01575 0.07087 0.07087 0.01575 0.02362 0.03150 0.08661
GNM14768                       0.11382 0.08130 0.00000 0.02439 0.00000 0.04878 0.07317 0.08943 0.01626 0.04065 0.11382 0.12195 0.01626 0.01626 0.06504 0.01626 0.02439 0.02439 0.03252 0.08130
GNM14776                       0.11382 0.08943 0.00000 0.02439 0.00000 0.04878 0.07317 0.08943 0.01626 0.04065 0.11382 0.11382 0.01626 0.01626 0.05691 0.01626 0.02439 0.02439 0.03252 0.08943
GNM14715                       0.09848 0.06818 0.01515 0.03788 0.00000 0.03030 0.06061 0.07576 0.03030 0.02273 0.12121 0.08333 0.02273 0.02273 0.03788 0.11364 0.03788 0.02273 0.02273 0.07576
GNM14639                       0.07576 0.09091 0.03030 0.02273 0.00758 0.01515 0.06818 0.08333 0.01515 0.06061 0.12879 0.09091 0.01515 0.00758 0.05303 0.06818 0.03788 0.02273 0.06061 0.04545
GNM13795                       0.08333 0.04545 0.05303 0.04545 0.00758 0.01515 0.06061 0.09091 0.03030 0.08333 0.09091 0.09848 0.02273 0.01515 0.06818 0.03788 0.03030 0.02273 0.03788 0.06061
GNM14166                       0.07576 0.04545 0.02273 0.05303 0.00758 0.02273 0.02273 0.08333 0.03030 0.08333 0.11364 0.10606 0.03030 0.00758 0.06061 0.07576 0.05303 0.01515 0.05303 0.03788
GNM13993                       0.06061 0.04545 0.03030 0.04545 0.00758 0.03788 0.08333 0.07576 0.01515 0.06818 0.11364 0.12879 0.00758 0.02273 0.05303 0.07576 0.03030 0.02273 0.03030 0.04545
GNM13515                       0.08397 0.05344 0.03817 0.03817 0.00763 0.02290 0.04580 0.06870 0.02290 0.06107 0.09924 0.11450 0.05344 0.00763 0.05344 0.06870 0.03817 0.02290 0.04580 0.05344
GNM13745                       0.04545 0.06061 0.03788 0.03030 0.00758 0.03030 0.07576 0.07576 0.03030 0.07576 0.10606 0.11364 0.02273 0.00758 0.05303 0.07576 0.03030 0.02273 0.04545 0.05303
GNM14959                       0.11364 0.06818 0.03030 0.05303 0.00000 0.02273 0.04545 0.07576 0.00758 0.06818 0.12879 0.09091 0.02273 0.02273 0.06818 0.03030 0.01515 0.02273 0.03788 0.07576
GNM13413                       0.06767 0.11278 0.02256 0.01504 0.00000 0.03759 0.09023 0.06767 0.00752 0.04511 0.12782 0.08271 0.01504 0.01504 0.07519 0.06015 0.02256 0.02256 0.04511 0.06767
GNM14971                       0.08333 0.06818 0.03030 0.03788 0.00758 0.03030 0.04545 0.09091 0.03030 0.09091 0.11364 0.06818 0.02273 0.00758 0.06061 0.05303 0.05303 0.02273 0.03030 0.05303
GNM14990                       0.08955 0.05970 0.05970 0.04478 0.01493 0.02985 0.02985 0.04478 0.02985 0.08955 0.08955 0.07463 0.01493 0.01493 0.10448 0.05970 0.04478 0.02985 0.01493 0.05970
GNM15005                       0.08333 0.06061 0.03788 0.03030 0.00758 0.03030 0.04545 0.09091 0.03788 0.09091 0.11364 0.06818 0.01515 0.01515 0.06061 0.05303 0.05303 0.02273 0.03030 0.05303
GNM15013                       0.07576 0.06061 0.03788 0.03030 0.00758 0.03030 0.04545 0.08333 0.03788 0.09848 0.10606 0.06818 0.01515 0.01515 0.06061 0.06818 0.05303 0.02273 0.03030 0.05303
GNM14976                       0.12244 0.04082 0.06122 0.06122 0.00001 0.06122 0.02041 0.06122 0.02041 0.10203 0.06122 0.06122 0.04082 0.02041 0.10203 0.02041 0.04082 0.02041 0.02041 0.06122
GNM15017                       0.08333 0.06818 0.03030 0.03030 0.00758 0.03030 0.03030 0.09091 0.02273 0.10606 0.08333 0.09091 0.03788 0.01515 0.06061 0.05303 0.04545 0.02273 0.03788 0.05303
GNM15024                       0.08333 0.05303 0.03788 0.05303 0.00758 0.03030 0.03788 0.10606 0.02273 0.09091 0.09091 0.11364 0.03030 0.00758 0.06818 0.03030 0.02273 0.02273 0.03788 0.05303
GNM14980                       0.08333 0.05303 0.03788 0.05303 0.00758 0.03030 0.03788 0.10606 0.02273 0.09091 0.09091 0.11364 0.03030 0.00758 0.06818 0.03030 0.02273 0.02273 0.03788 0.05303
GNM15001                       0.08333 0.05303 0.03030 0.05303 0.00758 0.03030 0.03788 0.10606 0.03030 0.09091 0.09091 0.11364 0.03030 0.00758 0.06818 0.03030 0.02273 0.02273 0.03788 0.05303
GNM11003                       0.08333 0.06818 0.03788 0.03788 0.00000 0.02273 0.05303 0.06061 0.00758 0.06818 0.12879 0.10606 0.01515 0.03788 0.06061 0.07576 0.03030 0.02273 0.05303 0.03030
GNM11023                       0.09023 0.12030 0.01504 0.03008 0.00000 0.02256 0.09023 0.07519 0.00752 0.06015 0.09774 0.06767 0.01504 0.01504 0.08271 0.03759 0.05263 0.02256 0.03759 0.06015
GNM11055                       0.07576 0.10606 0.00758 0.05303 0.00000 0.02273 0.07576 0.08333 0.01515 0.03788 0.09848 0.08333 0.01515 0.03030 0.05303 0.03788 0.03788 0.02273 0.04545 0.09848
GNM11146                       0.09375 0.09375 0.03125 0.05469 0.00000 0.03906 0.03906 0.07812 0.00781 0.06250 0.10156 0.08594 0.01563 0.02344 0.06250 0.05469 0.01563 0.02344 0.03906 0.07812
GNM11219                       0.09091 0.14394 0.00758 0.03030 0.00000 0.01515 0.07576 0.08333 0.02273 0.06061 0.10606 0.06061 0.02273 0.00000 0.06061 0.04545 0.03030 0.02273 0.05303 0.06818
GNM11220                       0.09091 0.10606 0.03788 0.03788 0.00758 0.02273 0.04545 0.09091 0.01515 0.04545 0.14394 0.06818 0.00758 0.00758 0.06061 0.03788 0.03788 0.02273 0.03030 0.08333
GNM11223                       0.06061 0.09091 0.00000 0.03788 0.00758 0.02273 0.06818 0.09091 0.00758 0.07576 0.11364 0.09848 0.02273 0.00758 0.09848 0.06061 0.03788 0.02273 0.03788 0.03788
GNM11224                       0.04545 0.10606 0.00000 0.03788 0.00758 0.03030 0.06818 0.09091 0.00758 0.07576 0.10606 0.09091 0.01515 0.01515 0.09848 0.05303 0.03788 0.02273 0.03788 0.05303
GNM11358                       0.07576 0.07576 0.02273 0.06061 0.00758 0.03030 0.06061 0.08333 0.01515 0.08333 0.07576 0.10606 0.01515 0.01515 0.03788 0.07576 0.03030 0.02273 0.05303 0.05303
GNM11360                       0.08333 0.06818 0.03030 0.04545 0.00758 0.03788 0.03788 0.09091 0.02273 0.08333 0.10606 0.09091 0.02273 0.00758 0.06818 0.05303 0.02273 0.02273 0.03788 0.06061
GNM11362                       0.09848 0.09848 0.00758 0.05303 0.01515 0.03030 0.03788 0.08333 0.02273 0.05303 0.10606 0.06818 0.03030 0.01515 0.05303 0.05303 0.03030 0.02273 0.05303 0.06818
GNM11367                       0.06767 0.06015 0.02256 0.04511 0.00752 0.05263 0.04511 0.07519 0.02256 0.08271 0.09774 0.09774 0.03008 0.01504 0.06015 0.04511 0.04511 0.02256 0.05263 0.05263
GNM11377                       0.12121 0.06061 0.00758 0.03788 0.00758 0.04545 0.06061 0.08333 0.03030 0.07576 0.09091 0.10606 0.00758 0.00758 0.04545 0.03788 0.04545 0.02273 0.04545 0.06061
GNM11380                       0.06818 0.04545 0.03030 0.04545 0.00758 0.02273 0.03788 0.09091 0.03030 0.08333 0.12121 0.10606 0.02273 0.00758 0.06061 0.06061 0.05303 0.01515 0.05303 0.03788
GNM11383                       0.09848 0.06061 0.01515 0.06061 0.00758 0.01515 0.04545 0.09091 0.02273 0.08333 0.10606 0.09848 0.01515 0.00758 0.04545 0.06061 0.02273 0.02273 0.05303 0.06818
GNM11491                       0.06349 0.08730 0.01587 0.03968 0.00794 0.03175 0.04762 0.12698 0.03175 0.07937 0.10317 0.08730 0.03175 0.00794 0.07143 0.03175 0.02381 0.02381 0.03175 0.05556
GNM11804                       0.09091 0.09848 0.00000 0.03788 0.00000 0.03030 0.09091 0.08333 0.00758 0.06061 0.06061 0.11364 0.00758 0.03788 0.06061 0.02273 0.05303 0.02273 0.04545 0.07576
GNM11805                       0.06061 0.06818 0.03788 0.06061 0.00000 0.03788 0.06818 0.06818 0.00000 0.06061 0.11364 0.09848 0.03030 0.02273 0.02273 0.07576 0.03030 0.02273 0.05303 0.06818
GNM12883                       0.11364 0.06818 0.00758 0.03788 0.00758 0.04545 0.06061 0.08333 0.03030 0.06818 0.10606 0.10606 0.03030 0.00758 0.04545 0.05303 0.02273 0.02273 0.04545 0.03788
GNM12886                       0.10606 0.06061 0.00758 0.03788 0.00758 0.04545 0.04545 0.09091 0.03030 0.05303 0.09848 0.11364 0.02273 0.01515 0.04545 0.04545 0.02273 0.02273 0.04545 0.08333
GNM12892                       0.12879 0.08333 0.01515 0.04545 0.00758 0.04545 0.06061 0.08333 0.01515 0.09848 0.06061 0.09091 0.01515 0.00000 0.05303 0.03788 0.03788 0.02273 0.06061 0.03788
GNM13060                       0.06818 0.05303 0.00000 0.06818 0.00000 0.00758 0.06061 0.06818 0.00758 0.10606 0.09848 0.12879 0.01515 0.03788 0.06818 0.06818 0.03788 0.00758 0.06818 0.03030
GNM13061                       0.09091 0.07576 0.03788 0.05303 0.00000 0.00758 0.06061 0.06818 0.01515 0.09091 0.09091 0.10606 0.01515 0.02273 0.06061 0.05303 0.03030 0.01515 0.06818 0.03788
GNM13062                       0.10619 0.07080 0.00000 0.04425 0.00000 0.02655 0.06195 0.09735 0.01770 0.02655 0.10619 0.12389 0.02655 0.02655 0.03540 0.09735 0.02655 0.02655 0.02655 0.05310
GNM13064                       0.06061 0.04545 0.03030 0.04545 0.00758 0.03788 0.08333 0.07576 0.01515 0.06818 0.11364 0.12879 0.00758 0.02273 0.05303 0.07576 0.03030 0.02273 0.03030 0.04545
GNM13066                       0.06061 0.04545 0.03788 0.05303 0.00758 0.04545 0.05303 0.07576 0.01515 0.06061 0.12879 0.09848 0.00758 0.01515 0.05303 0.09091 0.03030 0.02273 0.03788 0.06061
GNM11032                       0.08510 0.10637 0.00001 0.00001 0.00001 0.06383 0.10637 0.12764 0.00001 0.10637 0.08510 0.10637 0.04255 0.00001 0.00001 0.08510 0.02128 0.00001 0.00001 0.06383
GNM11363                       0.09848 0.09848 0.00758 0.05303 0.01515 0.03030 0.03788 0.08333 0.02273 0.05303 0.10606 0.06818 0.03030 0.01515 0.05303 0.05303 0.03030 0.02273 0.05303 0.06818
GNM11381                       0.11364 0.06818 0.02273 0.05303 0.00758 0.01515 0.05303 0.09091 0.02273 0.07576 0.09848 0.09091 0.01515 0.00758 0.04545 0.03788 0.03030 0.02273 0.05303 0.07576
GNM11382                       0.08333 0.06818 0.01515 0.06061 0.00758 0.02273 0.04545 0.09091 0.03030 0.09091 0.11364 0.09091 0.03788 0.00758 0.04545 0.06061 0.00758 0.02273 0.04545 0.05303
GNM11799                       0.07576 0.06061 0.03788 0.03788 0.00758 0.01515 0.03788 0.09091 0.03030 0.08333 0.11364 0.09091 0.02273 0.00758 0.06061 0.06061 0.03788 0.02273 0.03030 0.07576
GNM11841                       0.09091 0.07576 0.01515 0.09091 0.00000 0.03030 0.11364 0.09091 0.00000 0.03030 0.12121 0.02273 0.00758 0.01515 0.05303 0.03788 0.09848 0.01515 0.03030 0.06061
GNM11931                       0.10687 0.06870 0.01527 0.08397 0.00000 0.03053 0.10687 0.09160 0.00763 0.04580 0.12214 0.02290 0.00763 0.00763 0.04580 0.06870 0.06107 0.01527 0.03053 0.06107
GNM12040                       0.10687 0.07634 0.03053 0.06870 0.00000 0.06107 0.09924 0.07634 0.00763 0.05344 0.09924 0.03817 0.01527 0.01527 0.05344 0.06870 0.01527 0.01527 0.03817 0.06107
GNM12071                       0.10687 0.07634 0.00763 0.07634 0.00000 0.02290 0.14504 0.06870 0.00000 0.05344 0.09924 0.04580 0.00763 0.03053 0.04580 0.06870 0.03053 0.01527 0.03053 0.06870
GNM12125                       0.07519 0.12782 0.01504 0.03008 0.00000 0.01504 0.06767 0.08271 0.00752 0.05263 0.11278 0.09023 0.02256 0.00000 0.06767 0.03759 0.04511 0.02256 0.06015 0.06767
GNM12126                       0.08271 0.11278 0.00752 0.03008 0.00752 0.04511 0.06767 0.08271 0.01504 0.06015 0.09774 0.07519 0.02256 0.03759 0.06767 0.02256 0.04511 0.02256 0.06015 0.03759
GNM12128                       0.08271 0.11278 0.03008 0.04511 0.00752 0.01504 0.07519 0.07519 0.02256 0.08271 0.11278 0.06767 0.02256 0.03008 0.05263 0.03008 0.03008 0.02256 0.03759 0.04511
GNM12182                       0.06767 0.08271 0.01504 0.05263 0.00000 0.03008 0.03759 0.06015 0.02256 0.06015 0.12782 0.09023 0.03008 0.03008 0.06767 0.06767 0.04511 0.02256 0.03759 0.05263
GNM12342                       0.06061 0.09848 0.02273 0.06061 0.00758 0.02273 0.07576 0.09091 0.00000 0.07576 0.07576 0.09848 0.00758 0.01515 0.04545 0.03788 0.03788 0.02273 0.04545 0.09848
GNM12346                       0.10853 0.07752 0.03101 0.04651 0.00000 0.05426 0.03876 0.08527 0.00775 0.04651 0.06977 0.06977 0.03101 0.02326 0.06977 0.04651 0.06202 0.01550 0.03876 0.07752
GNM12351                       0.09848 0.06061 0.03030 0.03788 0.00758 0.03030 0.07576 0.08333 0.01515 0.05303 0.06818 0.08333 0.02273 0.02273 0.05303 0.06061 0.04545 0.02273 0.03788 0.09091
GNM12356                       0.10606 0.05303 0.05303 0.04545 0.00758 0.01515 0.08333 0.07576 0.00758 0.04545 0.08333 0.10606 0.02273 0.01515 0.05303 0.04545 0.06061 0.02273 0.03030 0.06818
GNM12357                       0.10317 0.07937 0.05556 0.04762 0.00794 0.01587 0.07937 0.09524 0.00794 0.05556 0.07143 0.08730 0.00794 0.01587 0.03968 0.03175 0.03968 0.02381 0.03175 0.10317
GNM12366                       0.11905 0.07937 0.04762 0.03175 0.00794 0.01587 0.09524 0.08730 0.00794 0.04762 0.07937 0.10317 0.02381 0.01587 0.03968 0.02381 0.03175 0.02381 0.03175 0.08730
GNM12373                       0.09848 0.06818 0.02273 0.06061 0.00000 0.03030 0.06818 0.09848 0.00758 0.06061 0.06818 0.08333 0.03030 0.01515 0.05303 0.05303 0.02273 0.02273 0.05303 0.08333
GNM12385                       0.12121 0.07576 0.03030 0.05303 0.00000 0.03788 0.04545 0.10606 0.01515 0.05303 0.03788 0.05303 0.03030 0.03788 0.06061 0.03788 0.04545 0.02273 0.05303 0.08333
GNM12551                       0.06818 0.09848 0.00000 0.06061 0.00000 0.02273 0.09848 0.09848 0.01515 0.04545 0.06818 0.08333 0.02273 0.00758 0.06061 0.04545 0.03788 0.02273 0.06061 0.08333
GNM12554                       0.11364 0.07576 0.01515 0.04545 0.00000 0.01515 0.05303 0.08333 0.02273 0.02273 0.07576 0.09091 0.03030 0.03030 0.08333 0.04545 0.04545 0.02273 0.02273 0.10606
GNM12592                       0.10606 0.06818 0.03030 0.04545 0.00758 0.02273 0.05303 0.07576 0.03788 0.04545 0.06818 0.06818 0.02273 0.00758 0.06818 0.03788 0.06061 0.02273 0.05303 0.09848
GNM12596                       0.09091 0.05303 0.03030 0.05303 0.00758 0.02273 0.07576 0.09848 0.01515 0.05303 0.08333 0.09091 0.03030 0.01515 0.05303 0.03788 0.06061 0.02273 0.03030 0.07576
GNM12602                       0.09848 0.05303 0.04545 0.05303 0.00000 0.03030 0.07576 0.09091 0.00758 0.06061 0.08333 0.09848 0.02273 0.00758 0.05303 0.03788 0.04545 0.02273 0.03788 0.07576
GNM12665                       0.09848 0.05303 0.03030 0.06818 0.00758 0.03788 0.05303 0.09848 0.01515 0.04545 0.07576 0.09091 0.03030 0.01515 0.05303 0.04545 0.04545 0.02273 0.03030 0.08333
GNM12745                       0.09091 0.06818 0.03030 0.04545 0.00000 0.04545 0.06818 0.08333 0.01515 0.06061 0.06818 0.06818 0.01515 0.01515 0.05303 0.06061 0.06818 0.02273 0.04545 0.07576
GNM12749                       0.11905 0.07143 0.01587 0.04762 0.00000 0.01587 0.07143 0.09524 0.00794 0.03968 0.05556 0.07143 0.03175 0.02381 0.06349 0.04762 0.06349 0.02381 0.03968 0.09524
GNM12758                       0.07576 0.10606 0.04545 0.04545 0.00000 0.01515 0.09091 0.09091 0.01515 0.04545 0.08333 0.07576 0.00758 0.01515 0.04545 0.03788 0.03788 0.02273 0.03788 0.10606
GNM12763                       0.03788 0.09091 0.01515 0.05303 0.00000 0.01515 0.07576 0.09091 0.01515 0.06818 0.10606 0.12879 0.00758 0.02273 0.06061 0.03788 0.03788 0.03030 0.03788 0.06818
GNM12766                       0.06818 0.09091 0.03788 0.03030 0.00758 0.01515 0.09091 0.08333 0.00758 0.06818 0.09848 0.10606 0.00758 0.00758 0.06818 0.03030 0.05303 0.02273 0.03788 0.06818
GNM12841                       0.09924 0.08397 0.02290 0.07634 0.00000 0.02290 0.12977 0.09160 0.00000 0.03053 0.12214 0.01527 0.00763 0.00763 0.04580 0.05344 0.07634 0.01527 0.03817 0.06107
GNM12849                       0.07576 0.06818 0.03030 0.04545 0.00758 0.03030 0.03788 0.09848 0.02273 0.09848 0.10606 0.09848 0.02273 0.00758 0.06818 0.05303 0.02273 0.02273 0.03788 0.04545
GNM12869                       0.08333 0.05303 0.03030 0.04545 0.00758 0.03030 0.04545 0.10606 0.03030 0.09848 0.09091 0.11364 0.03030 0.00758 0.06818 0.03030 0.02273 0.02273 0.03788 0.04545
GNM12896                       0.06818 0.04545 0.03030 0.04545 0.00758 0.02273 0.03788 0.09091 0.03030 0.07576 0.12121 0.10606 0.02273 0.00758 0.06061 0.06061 0.05303 0.01515 0.05303 0.04545
GNM12897                       0.06818 0.04545 0.03030 0.04545 0.00758 0.02273 0.03788 0.07576 0.03030 0.08333 0.12121 0.10606 0.02273 0.00758 0.06061 0.06818 0.06061 0.01515 0.05303 0.03788
GNM12902                       0.03788 0.05303 0.01515 0.06061 0.00000 0.03788 0.07576 0.08333 0.00758 0.03030 0.12879 0.13636 0.05303 0.00758 0.02273 0.07576 0.01515 0.02273 0.06061 0.07576
GNM12903                       0.12121 0.07576 0.01515 0.03030 0.00000 0.03030 0.05303 0.08333 0.00758 0.07576 0.10606 0.09091 0.01515 0.00758 0.08333 0.03030 0.03030 0.02273 0.05303 0.06818
GNM12906                       0.11364 0.07576 0.00758 0.03788 0.00000 0.02273 0.05303 0.09091 0.00000 0.07576 0.09091 0.09848 0.00758 0.01515 0.08333 0.03030 0.03030 0.02273 0.05303 0.09091
GNM12907                       0.12121 0.07576 0.00758 0.03788 0.00000 0.01515 0.05303 0.08333 0.00758 0.07576 0.08333 0.09848 0.02273 0.01515 0.06818 0.03788 0.03788 0.02273 0.05303 0.08333
GNM12909                       0.11364 0.06818 0.01515 0.02273 0.00000 0.03030 0.06818 0.09091 0.00000 0.08333 0.09848 0.09848 0.03030 0.00758 0.06818 0.03030 0.03030 0.02273 0.05303 0.06818
GNM12915                       0.06818 0.10606 0.00758 0.03788 0.00000 0.03030 0.09091 0.09091 0.00758 0.05303 0.09848 0.10606 0.00758 0.02273 0.06061 0.02273 0.03788 0.02273 0.05303 0.07576
GNM10046                       0.06818 0.10606 0.00758 0.03788 0.00000 0.03030 0.09091 0.09091 0.00758 0.05303 0.09848 0.10606 0.00758 0.02273 0.06061 0.02273 0.03788 0.02273 0.05303 0.07576
GNM12918                       0.06818 0.10606 0.00758 0.03788 0.00000 0.03030 0.09091 0.09091 0.00758 0.06061 0.09091 0.10606 0.00758 0.02273 0.06061 0.02273 0.03788 0.02273 0.05303 0.07576
GNM12931                       0.09023 0.10526 0.00752 0.03759 0.00000 0.03759 0.06015 0.07519 0.00752 0.06767 0.12782 0.07519 0.01504 0.01504 0.06767 0.03008 0.04511 0.02256 0.06767 0.04511
GNM12938                       0.06716 0.07463 0.02985 0.03731 0.00000 0.03731 0.05224 0.04478 0.01493 0.07463 0.13433 0.11194 0.02239 0.02239 0.05970 0.05224 0.04478 0.02239 0.05970 0.03731
GNM12996                       0.06767 0.07519 0.03008 0.03008 0.00000 0.02256 0.06767 0.06015 0.00752 0.07519 0.14286 0.10526 0.01504 0.02256 0.05263 0.06015 0.05263 0.02256 0.03759 0.05263
GNM13018                       0.08271 0.08271 0.02256 0.03759 0.00000 0.02256 0.06767 0.06015 0.00752 0.07519 0.14286 0.10526 0.01504 0.02256 0.05263 0.05263 0.03759 0.02256 0.03759 0.05263
GNM13027                       0.06767 0.10526 0.02256 0.02256 0.00000 0.02256 0.06015 0.06015 0.00752 0.04511 0.14286 0.08271 0.02256 0.03759 0.07519 0.06767 0.03008 0.02256 0.05263 0.05263
GNM13046                       0.07576 0.04545 0.01515 0.05303 0.00758 0.03788 0.03030 0.09848 0.03030 0.07576 0.10606 0.12121 0.02273 0.00758 0.06818 0.03788 0.03030 0.02273 0.03788 0.07576
GNM13074                       0.06818 0.09091 0.00758 0.03788 0.00000 0.03030 0.09091 0.09091 0.00758 0.06061 0.08333 0.12121 0.00758 0.03030 0.06061 0.03030 0.03788 0.03030 0.04545 0.06818
GNM10010                       0.06818 0.08333 0.00758 0.03788 0.00000 0.04545 0.09091 0.09091 0.00758 0.06061 0.09091 0.11364 0.00758 0.02273 0.06061 0.02273 0.03788 0.03030 0.04545 0.07576
GNM10014                       0.07576 0.08333 0.00758 0.03788 0.00000 0.03788 0.09091 0.09091 0.00758 0.05303 0.08333 0.11364 0.00758 0.03030 0.06061 0.02273 0.03788 0.03030 0.04545 0.08333
GNM13090                       0.06818 0.08333 0.00758 0.03788 0.00000 0.05303 0.09091 0.09091 0.00758 0.06818 0.08333 0.10606 0.00758 0.03030 0.06061 0.02273 0.03788 0.03030 0.04545 0.06818
GNM13118                       0.11364 0.09848 0.01515 0.02273 0.00758 0.03030 0.07576 0.07576 0.00000 0.04545 0.12879 0.09091 0.00758 0.01515 0.07576 0.02273 0.06061 0.02273 0.04545 0.04545
GNM13126                       0.05303 0.06818 0.03030 0.04545 0.00000 0.03030 0.04545 0.07576 0.00758 0.07576 0.09091 0.10606 0.03030 0.02273 0.03788 0.12121 0.00758 0.01515 0.06818 0.06818
GNM13128                       0.03030 0.05303 0.03030 0.03788 0.00000 0.03030 0.06061 0.08333 0.00758 0.06061 0.10606 0.11364 0.03788 0.03030 0.04545 0.11364 0.01515 0.01515 0.05303 0.07576
GNM13208                       0.11364 0.09091 0.00000 0.05303 0.00000 0.02273 0.04545 0.07576 0.00758 0.08333 0.10606 0.09091 0.01515 0.00000 0.06061 0.04545 0.03030 0.02273 0.06061 0.07576
GNM13210                       0.10526 0.09774 0.02256 0.04511 0.00000 0.02256 0.07519 0.06767 0.00752 0.03759 0.12030 0.09774 0.02256 0.00752 0.07519 0.03008 0.04511 0.02256 0.04511 0.05263
GNM12773                       0.05303 0.05303 0.02273 0.03788 0.00000 0.05303 0.06061 0.07576 0.03030 0.04545 0.10606 0.12879 0.01515 0.01515 0.07576 0.04545 0.03788 0.02273 0.05303 0.06818
GNM12769                       0.03175 0.06349 0.03175 0.02381 0.00794 0.05556 0.06349 0.09524 0.01587 0.07143 0.09524 0.09524 0.02381 0.01587 0.07937 0.09524 0.02381 0.02381 0.04762 0.03968
GNM12768                       0.08333 0.10606 0.00758 0.03788 0.00758 0.04545 0.06061 0.08333 0.02273 0.02273 0.12121 0.06061 0.01515 0.01515 0.06061 0.07576 0.04545 0.02273 0.03788 0.06818

Homogeneity statistic: X2 = 14.07818 G = 14.96644 

Average                        0.08440 0.07706 0.02185 0.04364 0.00440 0.03076 0.06222 0.08451 0.01647 0.06755 0.10119 0.09266 0.01989 0.01538 0.06000 0.05032 0.03799 0.02217 0.04331 0.06424
(Ambiguity characters are used to calculate freqs.)


# constant sites:      0 (0.00%)

TREE #  1:  ((((((((44, 139), 125), (55, 89)), 90), 91), (((127, 128), (92, 54)), (126, 129))), ((((((119, 118), 121), 120), 138), (57, 43)), 135)), ((((((((((((((((((46, 47), 45), (48, 21)), 49), 84), 50), 25), (((65, 20), (23, 22)), 41)), (((((((51, 52), 53), 114), (18, 6)), (((26, 38), (7, 5)), 19)), ((10, 63), 113)), 69)), 130), (((82, 68), 17), 83)), (((115, 67), 116), 39)), (((((73, 4), 72), (66, 13)), (29, 74)), (14, 62))), (81, 64)), ((((40, 78), 79), 42), ((36, 77), 12))), ((((1, 75), 76), (8, 2)), 37)), ((((34, 35), 32), (3, 30)), ((11, 33), (31, 80)))), (((((((24, 28), 27), 140), (60, 61)), 58), (141, 142)), ((16, 15), 59))), (((((((((((106, 104), 105), 95), 103), 94), (((102, 100), 108), 99)), ((((87, 9), 88), (85, 112)), 86)), (56, 70)), ((137, 136), (71, 117))), ((((((98, 97), 96), 111), 93), ((107, 109), 110)), 101)), ((((132, 133), 134), 131), ((124, 122), 123))));   MP score: -1
lnL(ntime:281  np:282): -14697.551346      +0.000000
 143..144 144..145 145..146 146..147 147..148 148..149 149..150 150..44  150..139 149..125 148..151 151..55  151..89  147..90  146..91  145..152 152..153 153..154 154..127 154..128 153..155 155..92  155..54  152..156 156..126 156..129 144..157 157..158 158..159 159..160 160..161 161..162 162..119 162..118 161..121 160..120 159..138 158..163 163..57  163..43  157..135 143..164 164..165 165..166 166..167 167..168 168..169 169..170 170..171 171..172 172..173 173..174 174..175 175..176 176..177 177..178 178..179 179..180 180..181 181..46  181..47  180..45  179..182 182..48  182..21  178..49  177..84  176..50  175..25  174..183 183..184 184..185 185..65  185..20  184..186 186..23  186..22  183..41  173..187 187..188 188..189 189..190 190..191 191..192 192..193 193..51  193..52  192..53  191..114 190..194 194..18  194..6   189..195 195..196 196..197 197..26  197..38  196..198 198..7   198..5   195..19  188..199 199..200 200..10  200..63  199..113 187..69  172..130 171..201 201..202 202..203 203..82  203..68  202..17  201..83  170..204 204..205 205..206 206..115 206..67  205..116 204..39  169..207 207..208 208..209 209..210 210..211 211..73  211..4   210..72  209..212 212..66  212..13  208..213 213..29  213..74  207..214 214..14  214..62  168..215 215..81  215..64  167..216 216..217 217..218 218..219 219..40  219..78  218..79  217..42  216..220 220..221 221..36  221..77  220..12  166..222 222..223 223..224 224..225 225..1   225..75  224..76  223..226 226..8   226..2   222..37  165..227 227..228 228..229 229..230 230..34  230..35  229..32  228..231 231..3   231..30  227..232 232..233 233..11  233..33  232..234 234..31  234..80  164..235 235..236 236..237 237..238 238..239 239..240 240..241 241..24  241..28  240..27  239..140 238..242 242..60  242..61  237..58  236..243 243..141 243..142 235..244 244..245 245..16  245..15  244..59  143..246 246..247 247..248 248..249 249..250 250..251 251..252 252..253 253..254 254..255 255..256 256..106 256..104 255..105 254..95  253..103 252..94  251..257 257..258 258..259 259..102 259..100 258..108 257..99  250..260 260..261 261..262 262..263 263..87  263..9   262..88  261..264 264..85  264..112 260..86  249..265 265..56  265..70  248..266 266..267 267..137 267..136 266..268 268..71  268..117 247..269 269..270 270..271 271..272 272..273 273..274 274..98  274..97  273..96  272..111 271..93  270..275 275..276 276..107 276..109 275..110 269..101 246..277 277..278 278..279 279..280 280..132 280..133 279..134 278..131 277..281 281..282 282..124 282..122 281..123
 0.030403 0.054290 0.027178 0.027482 0.101622 0.056506 0.163284 0.145164 0.209032 0.124738 0.095464 0.194843 0.204781 0.352035 0.287384 0.289037 0.066341 0.149199 0.057211 0.000000 0.083673 0.342271 0.112131 0.081916 0.234155 0.230114 0.129098 0.144648 0.067310 0.089869 0.000000 0.032387 0.057107 0.070711 0.068177 0.075709 0.155755 0.122852 0.291626 0.072661 0.404851 0.024508 0.000000 0.051355 0.135831 0.038610 0.102274 0.162463 0.054497 0.088134 0.032714 0.086940 0.016738 0.018475 0.116747 0.018780 0.039182 0.000000 0.015990 0.099867 0.000000 0.024227 0.000000 0.023936 0.024017 0.166090 0.081552 0.115836 0.079907 0.112009 0.137773 0.058034 0.000000 0.000000 0.000000 0.000000 0.000000 0.099809 0.043351 0.008575 0.034896 0.044402 0.000000 0.000000 0.008170 0.000000 0.000000 0.000000 0.016356 0.000000 0.024649 0.016447 0.013873 0.020477 0.150137 0.032388 0.000000 0.025978 0.050552 0.029423 0.056755 0.058127 0.022567 0.000000 0.000000 0.026325 0.197901 0.154799 0.124996 0.047217 0.090462 0.045702 0.034850 0.140581 0.097871 0.218151 0.000000 0.015694 0.000000 0.008065 0.016618 0.069746 0.094452 0.031310 0.068210 0.070860 0.066126 0.057460 0.018757 0.058178 0.060232 0.000000 0.000000 0.252212 0.000000 0.023779 0.174038 0.068712 0.015335 0.320552 0.000000 0.000000 0.146777 0.207623 0.105286 0.016308 0.000000 0.000000 0.108908 0.266641 0.397020 0.068675 0.102435 0.203970 0.176921 0.065297 0.037895 0.259649 0.299896 0.086628 0.088409 0.267293 0.482592 0.000000 0.000000 0.446396 0.363871 0.034861 0.072310 0.155287 0.024912 0.001454 0.233279 0.427433 0.025885 0.000000 0.164886 0.237401 0.136509 0.008567 0.127380 0.175594 0.098105 0.000000 0.095982 0.020274 0.145971 0.007610 0.118128 0.054433 0.301841 0.090460 0.130881 0.570385 0.155030 0.026262 0.090368 0.254041 0.008552 0.530187 0.518718 0.093416 0.461095 0.008167 0.000000 0.349604 0.172586 0.067875 0.000000 0.000000 0.077861 0.064658 0.045179 0.000525 0.044516 0.297557 0.069535 0.043362 0.031139 0.042447 0.287282 0.349294 0.469806 0.110235 0.019916 0.067630 0.310889 0.218350 0.241252 0.294813 0.478664 0.000000 0.220966 0.090807 0.153891 0.103931 0.243323 0.108561 0.238423 0.160738 0.355498 0.125417 0.176325 0.132997 0.571608 0.197025 0.096764 0.110431 0.278269 0.327797 0.219806 0.018391 0.025255 0.193872 0.067437 0.183222 0.109782 0.103429 0.033334 0.254029 0.061383 0.128682 0.060943 0.068425 0.366107 0.212443 0.157260 0.406110 0.109381 0.040562 0.024930 0.006765 0.024775 0.025546 0.009575 0.046713 0.025969 0.000000 0.024946 0.000000 0.000000 1.263213
