
Printing out site pattern counts


       147        124  P

GNM13746                        ---AAAADDE EEEEEEFFGG GGGGGGGGGG GGGGGGHHHH HIIIIIIIII IKKKKKKKKK KKKKKKKKKL LLLLLLLLLN NNNNNNPPPP QQQRRRRRRR RSSSSSTTTT VVVVVVVVWW WWYY
GNM13538                        ---AAAVAQD EGKQRSFFAD GGGGGGGGGG GGGGGKHHHK YAKLLVVVVV YAGIKKKKKK KKKLNQRRSA ILLLLLNVVD EHNNNYGPPP DQQHRRRRRR SHIKSSSTTY EKLLMNVVWW WWEV
GNM13671                        ---AAAVDDD ELEQESFFAD GGGGGGGGGG GGGGGEHHHK YVILVIIIII VGGKEEKKKK KKNFVKKTKV VIIKLRKILD THNRRYIPPR KQQNRRRRRR NTVKSTTTTR KKILHVLVSW WWTL
GNM13876                        ---AAAVSND ELETEEFFAG GGGGGGGGGG GGGGGMHHHK -VVVIAILLV YDGTNQKKKK KKKL-KKKKA LALGLHNILN SNNKPANLPT TQQVRRRRRR TTVKSTSTTR K-LLHLLITK WWMT
GNM13680                        ---AAAVSED SRKDASFFSG GGGGGGGGGG GGGGPGHHHR ESKLLIITVI YGGGEAFKKK QRKFEERSHF VLLKLQKIVD DDNSSNVFAP DQQTRRRRRR SAIKSISTYI EILYCVVIWR WWAA
GNM14837                        ---ATVVGED EREDTSPYHG GGGGGGGGGG GGGGIVHHKK YTKLIAVMVL YGGNEAHKKK ARKLEAKSHF LALMLLKIMD DDSKTKKPAP DQQERRRRRR TSLKGSTTHL KMLYMILVWS RWDS
GNM14249                        ---ATVVGED EREDTSTYHG GGGGGGGGGG GGGGSVHHMK DTKLVAVTVL YGGNEAHKKK ARKLEAQSHF LALMLLKVLD DDSKPKKPAP EQQERRRRRR TSIKGSTTHL KKLYMVVVWT WWDS
GNM13928                        ---ATVVGED EREDTSPYHG GGGGGGGGGG GGGGIVHHKK YTKLITVMVL YGGNEAHKKK ARKLEAKSHF LALMLLKIMD DDSKTKKPAP DQQVRRRRRR TSLKGSTSHL KMLYMILVWS RWDS
GNM13297                        ---AAAVAQD EGKQRSFFAD GGGGGGGGGG GGGGGKHHHK YAKLLVVVVV YAGIKKKKKK KKKLNQRRSA ILLLLLNVVD EHNNNYGPPP DQQHRRRRRR SHIKSSSTTY EKLLMNVVWW WWEV
GNM14865                        ---AAAAGNE EQVKADFLHD GGGGGGGGGG GGKSGRHRDR HKVLIVH-AI VGDNDEEKKK GRL-DAAGKA DVLRAQTV-D DHKQRKYPEY VNTR-RRRRS RAELS-T-TR E-VLHVVVE- FGEH
GNM13455                        ---AAAVGMD EREDATTFHG GGGGGGGGGG GGGGSIYHHK ETKLIAVLVI YGGKESHKKK ARKLEAKTHF LALLLLKVLD DDSKPHKPPP DQQIRRRRRR SSLKGSTTHL KKLYMVVVWT FWDT
GNM14938                        --VAATAEED ETEEEGFFAG GGGGGGGGGG GSGGGNHHHK YVILVVIVIL PSVSVAKKKK KKRFEKKGEA IEIKLRRLLD SKNVPVLPGP VQQRRRRRRR YHAKSTTTTR RKLLYVLVEY WWAK
GNM14483                        ---AAAV-DD AGQDKSFFS- GGGGGGGGGG GGGGDNHHHR NSKLVAILIV ISGKKAKKKK HKGS-KTRRA MMLLLY-VID DDNTPRKRPP QQQTRRRRRR RSAKSSTTTH EKLYHSVVWW WYTE
GNM14872                        ---AAAVKEN ARRDAAFFSG GGGGGGGGGG GGGGAGHHHR ESKLLLITVI YGGGEAFKKK QRKFEETGHF VLLKLQKIVD DDNKSNVFAP DQQTRRRRRR SAIKSISTYI TILYCVVIWR FWAT
GNM13855                        ---AAAVDEN NKKEKKFFSG GGGGGGGGGG GGGGQGHHHR ESKLLVITVI ITGSESFKKK AKYLKDKSHV LLLKLQKLID NENVAHVLAP GQQDRRRRRR NSLKSISTYV NKVLCIIIWR FWET
GNM14445                        ---AASVGED AGKQMKFFMK GGGGGGGGGG GGGGGKHHLK YIILIIVTVI YQGGKKKKKK SKNLNVKNAA FMLLLQLVVD DKNQPTLPSP DQQDRRRRRR KTEKTTSTFS EKLFHLVIWW WWDK
GNM14404                        ---AAIVSAD EGVEASFFSE GGGGGGGGGG GGGGGMHHHR YSVLIISIII YGGKSSKKKK GWKY-RVNKA LILGLMNIVD ERNSPKGPPP TQVERRRRRR SKVKSSSRTY KKLFHTVICW WWDN
GNM14545                        ---AAIVSAD EGVEASFFSE GGGGGGGGGG GGGGGMHHHR YSVLIISIII YGGKSSKKKK GWKY-RVNKA LILGLMNIVD ERNSPKGPPP TQVERRRRRR SKVKSSSRTY KKLFHTVICW WWDN
GNM14366                        ---AAAVGND EREDAGTFHS GGGGGGGGGG GGGGSKHHHK DTKLLAILVI YGGGEKLKKK AKKLEAKSHF ILLLLFKVLD DDSQPHKPAP DQQDRRRRRR QSLKSSTTTL KKLYHVLIWT FWDS
GNM14252                        ---ATVVGED EREDTSTYHG GGGGGGGGGG GGGGSVHHMK DTKLVAVTVL YGGNEAHKKK ARKLEAKSHF LALMLLKVLD DDSKPKKPAP EQQQRRRRRR TSLKGSTTHL KKLYMIVVWT WWDS
GNM13760                        ---ATVVGED EREDLSPYHG GGGGGGGGGG GGGGAVHHLK YTKIVTVTVI YGGNEAHKKK ARKLEATTHF LALMLLKILD DESKRKKPAP EQQTRRRRRR ASLKGSTTHL KKLYMIIVWS WWDS
GNM13982                        ---ASAVNDD ERIDASTFHS GGGGGGGGGG GGAGGRHHLK ETKLLIVVVI IGETEQLKKK SRKLEPVSHF LLLHLLKTID NENQSHNPAQ EQQERRRRRR NFIKGSTTHL KKLYMVIIWT AWDT
GNM13960                        ---ASSVNDD ERQDATTFHS GGGGGGGGGG GGGGSRHHLK ETKLLVVVVV YGENEKLKKK AKKLENKAHF LLLHLLKIID DENKRHKPAP DQQTRRRRRR TSIKGSSTHL KKLYMVVIWT WWDT
GNM14633                        ---ASAVNDD ERIDSSTFHS GGGGGGGGGG GGGGGRHHLK ETKLLIVVVV IGKTEQLKKK SKKLEPVSHF LLLHLLKIID NENQSHNPAQ EQQERRRRRR NFIKGSTTHL KKLYMTVIWT AWDT
GNM14853                        ---ASAVNDD ERIDSSTFHS GGGGGGGGGG GGGGGRHHLK ETKLLIVVVV IGKTEQLKKK SKKLEPVSHF LLLHLLKIID NENQSHNPAQ EQQERRRRRR NFIKGSTTHL KKLYMTVIWT AWDT
GNM14055                        ---ASSINDD ERIDLLSFHG GGGGGGGGGG NGAGSRHHMK ETTLLAVVIV FGGNEQLKKK AKQLEKKSHY LLLHLLKVIN DKSQTHKPAQ DQQTRRRRRR KSIKGSTTHL KKLYMTVIWT WWDT
GNM14748                        ---ATVVGED EREDTSTYHG GGGGGGGGGG GGGGSVHHQK DTKLVAVLIL YGGNEAHKKK ARKLEAKSHF LALFLLKILD DESNPSKPAP DQQERRRRRR SSAKGSTTHL KKLYMIVVWS YWDS
GNM14246                        ---AAAVGEN KGADEKFFGG -GGGGGGGGL GGGGGRHHHK Y-KLIIVVVI YEGKQEL-KK K-R-RENGKA LLLRLMKVID ERNNPKASPP DQQD--RRR- TKLKSTS-TR EKLIHLVVVH WYGL
GNM14640                        ---AAAVGEE KGAELKFFSK -GGGGGGGGG GGGGGKEHHK HVKLLIIVII YMGEQEGKKK KKKLKETAKV LLLRLKKIMD EKNKSTAQPP DQQDKRRRRR A-LKSTSHTR EKLIHFVVVY WYEL
GNM14965                        --GAAVIDES QRKDASFFST GGGGGGGGGG GGGGSAHHHR ESRLLLITVI YGGGEDFKKK QRQLKHKNHL ILLKLQKFVD DDNKLYPIGP HQQTRRRRRR SSLKTISTYI EILLCTVVWR WWGK
GNM13677                        ---AAAVSDD ELETEEFFAG GGGGGGGGGG GGGGGMHHHK -VVVVAILLV YDGTHQKKKK KKKF-KKKKA LSLGLYNILN SDNKPTNIPK TQQVRRRRRR TTVKSTSTTR K-LLHLLITK WWMT
GNM14339                        ---AASVDAD EDESEAFFAG GGGGGGGGGG NSGGGFHHHK YVIIVIIVMV YKGTVAKKKK KKKLEPKREA ILVGLRKLID SKNRPHIPPP DQQRRRRRRR THVKSTTTTR LKVVHILITW WWVK
GNM14593                        ---ATAVNDD ELEQESFFAG GGGGGGGGGG GGGGGAHHHR YVILVVIVLI IGGKEQKKKK KKNFVKKSKV LIVKLKKVLD SHNERFIPPR RQQQRRRRRR SSVKSTTTTH KKVLHVLVTW WWTL
GNM13825                        --VAAAAEED ETEEEGFFAG GGGGGGGGGG GSGGGNHHHK YVILVIIVVL PSESVAKKKK KKRFEKRGEA IPIKLRRLID SKNVPVLPGP VQQRRRRRRR HHSKSTSTTR RKLLYVLVEY WWAK
GNM14768                        ---A-AVNDD RTEQEAFF-G ------GGG- GG--G-H-H- Y-VLIM-VLI VGGRKEK-KK --N-MEKKKV LLVML-MVLD SHNRRYPPRP G--S------ D-VA-TT--- RKLL-VLVAW W-TM
GNM14776                        ---A-AVNDD KTEQEAFF-G ------GGG- GG--G-H-H- Y-VLIM-VLI VGGRKEK-KK --N-MEKKKV LLVML-VVLD SHNRRYPPRP G--S------ D-VA-TT--- RKLL-VLVAW W-TM
GNM14715                        ---AAAV-DD AGQQKAFFKG GGGGGGGGGG GGGGPNHHHQ NGKLLVILII VTGGKAKKKK HR-A-KRKRA LLLLLYSVVD DDNAPRRPSP GQQTRRRRRR GSLKMSTTTH EILYHSVVWW WYDE
GNM14639                        ---AAAVEAD EGKSASMFQG GGGGGGGGGG GGSGDNHHHK YVILLIVTII YAGGFSKKKK AKLLVERSKY LLLLLMRIIN DDNSPHPPAP EQQTRRRRRR SSEKSSTTTV LKLYHVVIWW WWKH
GNM13795                        ---ATVIGED EREDTSTYHG GGGGGGGGGG GGGGSVHHQK DTKLVAVLIL YGGNEAHKKK ARKLEAKSHF LALFLLKILD DESNPSKPGP DQQERRRRRR SSVKGSTTHL KKLYMIVVWS YWDS
GNM14166                        ---ASSVGDK EREDAETFHG GGGGGGGGGG GGGGSQHHHK TTKLIAIMVI YGGNEQHKKK AKKLEAKSHF ILLLLYKTLD DDSQPHKPAP DQQTRRRRRR KSQKSISTHL KLLYCLVVWR FWDV
GNM13745                        ---AAAIQDD DGKQSELFHT G-GGGSGGGG GGKGHNYHMP YIVIIIVMVV YSGGXKRKKK SRNLEQKTKF LLLLLQLIIN NPNKPNSPPP EGQTRRRRRR S-LKSSSSSR EKLFHKVIWW RWGE
GNM14959                        ---ASAADAD EGEEDKFYSG GGGGGGGGGG GGGGGRHHHS YARLVIVVVI FRGKSAKKKK KKEEVRLKKL MILLLYKVMD EHNKQKYPPE NQRLFRRRRK SSEKSSSRTR RKLMHVVVGF WWSI
GNM13413                        -R-AVAADAN RGREGGFYSG GGGGGGGGGG GGGGGAHHHR HSVLVVVIVI VFGRKEKKKK KKRGEDREKA LMLFTLLVID NHNKPRIRRP DQRVKRQRRK TSIKTITRTF EKVMMVVITW YWEK
GNM14990                        ---ASSVNDD ERQDATTFHS GGGGGGGGGG GGGGSRHHLK ETKLLVVVVV YGENEKLKKK AKKLENKAHF LLLHLLKIID DENKRHKPAP DQQTRRRRRR TSIKGSTTHL KKLYMVVIWT WWDT
GNM15005                        ---ASSVNDD ERQDATTFHS GGGGGGGGGG GGGGSRHHLK ETKLLVVVVV YGENEKLKKK AKKLENKAHF LLLHLLKIID DENKRHKPAP DQQTRRRRRR TSIKGSTTHL KKLYMVVIWT WWDT
GNM14992                        ---ASFIRDD DREDSGLFHK GG-GGGGKRG RGGGAQHHLK D-KLPTVMVV FTGTRKH-KS A-Q--SKKHY LFRMF-Q-LR DSNKPNKPTP TQQE----R- -SGK-ST--L KKRYMNVIWS FWDS
GNM15013                        ---ASLVNDD ERQDATTFHS GGGGGGGGGG GEGGSRHHLK ETKLLVVV-V YGENKNLKKK AKKLENKAHF LLLHLLKIID DENKRHKPAP DQQTRRRRRR TS-KGSSTHL KKLYMVVIWT WWDT
GNM14976                        ---ASSVNDD ERQDATTFHS GGGGGGGGGG GGGGSRHHMK ETKLLVVVVV YGENEKLKKK AKKLENKAHF LLLHLLKIID DENKRHKPAP DQQTRRRRRR TSIKGSSTHL KKLYMVVIWT WWDT
GNM15022                        ---ASSVNDD ERQDATTFHS GGGGGGGGGG GGGGSRHHLK ETKLLVVVVV YGENEKLKKK AKKLENKAHF LLLHLLKIID DENKRHKPAP DQQTRRRRRR TSIKGSSTHL KKLYMVVIWT WWDT
GNM15018                        ---ATVVGED EREDTSTYHG GGGGGGGGGG GGGGSVHHMK DTKLVAVTVL YGGNEAHKKK ARKLEAKSHF LALMLLKVLD DDSKPKKPAP EQQERRRRRR TSIKGSTTHL KKLYMVVVWT WWDS
GNM15025                        ---ASAVNDD DRQDLANFHS GGGGGGGGGG GGGGSQHHLK DTKLLAVMLV FGGNENHKKK AKQFESKKHY LLLMLLKVLD DGSEPNKPAP DQQKRRRRRR KSVKGSTTHL KKLYMIVIWS FWDL
GNM15024                        ---ATVVGED EREDTSTYHG GGGGGGGGGG GGGGSVHHMK DTKLVAVTVL YGGNEAHKKK ARKLEAKSHF LALMLLKVLD DDSKPKKPAP EQQERRRRRR TSIKGSTTHL KKLYMVVVWT WWDS
GNM15000                        ---ATVVGED EREDTSTYHG GGGGGGGGGG GGGGSVHHMK DTKLVAVTVL YGGNEAHKKK ARKLEAKSHF LALMLLKVLD DDSKPKKPAP EQQERRRRRR TSIKGSTTHL KKLYMVVVWT WWDS
GNM15026                        ---ASAINDD DREDLANFHD GGGGGGGGGG GGGGSQHHLK DTRLLAVMLV FGGNENHKKK AKRFESKKHY LLLMLFKVLD DGTQPNKPAP DQQKRRRRRR KSVKSSTTNL KKLYHIVIWS FWDS
GNM15027                        ---AAAVQAD AGKEHKLFQN GGGGGGGGGG --GGSNHHHK YVILIIVTVI YAGS-AKKKK KKSL-EKQKS LLLLLLTIVN EDNSPKSKPP EQQTRRRRRR KSAKSSTTTT EKLLHEVVWW WWAK
GNM15019                        ---ATAINDN EREDVSPYHG GGGGGGGGGG GGAGPVHHKK ETKLIAVMIV YGGNETHKKK ARQLESKLHF LALMLLKIID DEGQVAKPSP DQQERRRRRR TSLKGSTTHL KKLYMTIVWT RWDS
GNM15003                        ---ASSVNDD ERQDATTFHS GGGGGGGGGG GGGGSRHHLK ETKLLVVVVV YGENEKLKKK AKKLENKAHF LLLHLLKIID DENKRHKPAP DQQTRRRRRR TSIKGSSTHL KKLYMVVIWT WWDT
GNM11003                        --IAVIVDGD QRKDEKFYAG -GGGGGGGGG GGGGGQHHHR YSILVIKLVL FSGSEKKKKK NKNEKESKKI SYLMLMKLVD QHSNNVKPGK DQSTKRRRRK NRIKYSTRTR EKLLMILIAW WWTS
GNM11023                        -R-AAATDAT KGIQAKFYSG GGGGGGGGGG GGGSGAHHGK YSILVIITVI IEGREEEKKK KKLREETLKA ILLLLLKVIN DKNRPNIPPP HQRERRRRRK ASIKTTSRTY EKLLMVVVTW WWEK
GNM11055                        ---AAAVGAK EGVDDEFFND GGGGGGGGGG GGKGGNHRHR LVKLILHFVI YSGRKAKKKK GKRKEPPKKI ILLVLFVVVD DHNKRTYPKK SNSAPKRRRK TRVKSITMTA EKLMFRAVEK YWEE
GNM11146                        ---AIAVGTG KGIDDQFIQD GGGGGGGGGG GGGSGKHHLR ISKLIIVLVI YEGKEEKKKK SKSEEANKKI LLLLLLKILD NHNKRYYPPN GQRTRRRRRK QRLAWSSRTG KKLVHIVVVL KWGV
GNM11219                        ---AAAIREK EGKEFAFFGE GGGGGGRGGG GGGGGKHHRR YTRLLVVTLI YEGIEEFKNK KKRLSESSKA LMLGLLPVVD MVNEPKLPPP RQRERRRRRR STLKSISHTV EKLLMEVVTR WYER
GNM11220                        ---ATAADAD EGVEVAFFMG G---GGGGGG GG--GRH-HR Y-KLIV-VVI YKGIEKK-KK --K-QEKTKL ILLRL-KIID PRNRSKPPPP G--P------ D-IK-TT--F KKLV-VVVEW W-DI
GNM11222                        ---A-AAKDN RGEREDFF-G ------GGG- GG--G----- Y-KLVI--II FGGRRE---K --E-GEKEKV LFL-L-EVMD SHNSCRVPPP D--S------ K-VK--S--- VKLL-EVVT- --ET
GNM11223                        ---A-AVTED EGAEGEFF-S ------RGG- GG--G----- Y-KLLI-MII YRGRKE---K --R-KENSKL LLL-L-KIID ERNRSTVPPP T--G------ S-IK--S--- EKLV-TVVV- --DT
GNM11224                        ---A-AVTED KGAEAEFF-S ------RGG- GG--G----- Y-KLVI-MII YRGRKE---K --R-KEKAKV LLL-L-KIID ERNRSKIPPP V--K------ S-IK--S--- ERLI-TVVV- --ES
GNM11225                        ---AAAVRED EKRELALFSG -GGGGGKGGE GGGGRKHHHK HIKLVIVVII YSGMEALKKK KKQLKKKAKA IMLRLKKIHD EKNKSKILPP VQREKRRRRR SGLKSSSHTR ERLLQTLVVY WYES
GNM11358                        ---AAAVDEN NRKDKKFFSG GGGGGGGGGG GGGGQGHHHR ESRLLIITVI YGGSEAFKKK AKYLEDKSHV LLLKLQKIID NENAAHVLAP DQQERRRRRR NSLKSISTFV TKILCILVWR FWET
GNM11360                        ---AAAVGMD EREDATTFHG GGGGGGGGGG GGGGSIYHHK ETKLIAVLVI YGGKESHKKK ARKLEAKTHF LALLLLKVLD DDSKPHKPPP DQQIRRRRRR SSLKGSTTHL KKLYMVVVWT FWDT
GNM11362                        ---AVAVNEK NGRSLSFFKG RGGGG-GGGG GGGGGKHHHK MVILIVIAIV YSGGESKKKK DRKRNEHSKF LLLLLLKVVD DHNNNHKPAG DQQNRRRRRR KTIKSTTTTY ILLYHVVVWQ WWDS
GNM11367                        ---ASAVNDD ERIDASTFHS GGGGGGGGGG GGAGGRHHLK ETKLLIVVVI IGETEQLKKK SRKLEPVSHF LLLHLLKTID NENQSHNPAQ EQQERRRRRR NFIKGSTTHL KKLYMVIIWT AWDT
GNM11377                        ---AAAVKEN ARRDAAFFSG GGGGGGGGGG GGGGPGHHHR ESKLLLITVI YGGGEAFKKK QRKFEETGHF VLLKLQKIVD DDNKSNVFAP DQQTRRRRRR SAIKSISTYI TILYCVVIWR FWAT
GNM11380                        ---ASSVGDK EREDAETFHG GGGGGGGGGG GGGGSQHHHK TTKLIAIMVV YGGNEQHKKK AKKAEAKSHF ILLLLYKTLD DDSQPHKPAP DQQVRRRRRR ESQKSISTHL KMLYCLVVWR FWDV
GNM11383                        ---ASAVGND ERADASTFHA GGGGGGGGGG GGGGSQHHHK ETKLITILVI YGGNEKLKKK AKKLEEKSHF ILLLLFKTLD DDSQPHKPAP DQQARRRRRR KSLKSSTTTL KKLYHLVVWT FWDS
GNM11491                        ---ASAIGDG EREDTATFHG GGGGGGGGGG GGGGSVHHLK ETKLIAVMVI YGGGERHKKK AKRNEAKSHH FSLQLLKVLD DDSTPHKPAP DQQARRRRRR SSLKSSTTTV KKLYHVVVWS FWDS
GNM11804                        ---AAAVGAE EGIDDEFFSE GGGGGGGGGG GGKGGNHRHR LVVLVIKFVI YAGKEAKKKK GKRKEPEKKV VILVLYVIVN DHNRRNYPPK EKAGPKRKRK TGVKSITMTR EKLVCEVVEK YGIK
GNM11805                        ---SAHI-DN NRIQESFYK- GGGGGGGGAG GIKGGMHGGR HTKLIIMLIL YSGITNKKGK GKVRDENKVY RALLLL-FID NHTNST-HKK TS-EVKRHRT EKEKGITM-S SILCYVLIPW KRDK
GNM12886                        ---AATVSED SRKDASFFSG GGGGGGGGGG GGGGPGHHHR ESKLLIVTVI YGGGEAFKKK QRKFEERSHF VLLKLQKIVD NDNSSNVFAP DQQTRRRRRR SAIKSISTYI EILYCSVIWR FWDA
GNM12895                        ---AAAVDQR TGKNASFFHG GGGGGGGGGG GGGGGKHHHK FSVLLTITVV FAGNENHKKK ARKLEKTNTF ILLLLLKVVN DPNNNHNPKE GQQIRRRRRR HALKSTATTH ELLYHIVIWR WWTT
GNM13060                        ---AAVVDDE EGEDEEFFGG GGGGGGGGGG GGGGGNHHHH HVIIIIVVIV IKGKKKKKKK KKKKRKKKKL ILLLLLLLLN KNNDNHPPPP QQQKRRRRRR DSSSSSTTTA VVLVMVVIWW WWYF
GNM13061                        ---AAAVDDD EGKGQEFFGG GGGGGGGGGG GGGGGMHHHK YVILIVVTIV YGGRKAKKKK NKKKKNSGKY ILLLLLLVVN DENSPKPRAP EQQSRRRRRR SSSKSSTTTH EVLYMLVVWW WWEY
GNM13062                        ---AAAV-DD AGQHESFFKG GGGGGGGGGG GGGGPNHHHQ HGRLILILII VSGGKAKKKK HR-S-KRKRA ILLLLYAVID DDNEPRRPAP GQQARRRRRR KSIKMSTTTH ELLYHAVIWW WYSE
GNM13064                        ---AAAVQDD TGQDLKLFHS G-GGGGTGGG GGKGSKYHMP YILLIIVTIV YSGGKKKKKK SKHHSKKQKF LLLLLLSVVD DPNSPNDPSP EGQERRRRRR K-SKSSTTSR EKLYHPVLWW WWGE
GNM13066                        ---AAAVKDD SGQDLKLFHS G-GGGGTGGG GGKGSNYHMP YILLIIVTII YSGGKKKKKK SKHHSKKQKF FLLLLLNVVD DPNSPNTPSP EGQERRRRRR Q-SKSSTTSR EKLYHPVLWW WWGE
GNM11032                        ---LAFADAD QYEQESFF-G ----G-GGA- NS--GMH-H- Y-LIVI-IIL YRGVEAK-KK --R-EKPGEA IHLGL-KLLD SKNAPRVPPP K--A------ T-AK-TS--- AKVV-VLIAW W-TK
GNM11363                        ---AVAVNEK NGRSLSFFKG RGGGG-GGGG GGGGGKHHHK MVILIVIAIV YSGGESKKKK DRKRNEHSKF LLLLLLKVVD DHNNNHKPAG DQQNRRRRRR KTIKSTTTTY ILLYHVVVWQ WWDS
GNM11375                        ---ATVVGED EREDLSPYHG GG-GGGGGGG GGGGAVHHLK Y-KLVTVTVL YGGNEAH-KK A-K-EATTHF LALML-KILD DESKRKKPAP EQQA----R- ASLK-ST--L KKLYMIIVWS WWDS
GNM11381                        ---ASAIGDD ERADASTFHG GGGGGGGGGG GGGGSQHHHK DTKLLTILVI YGGNEKLKKK AKKFEEKSHF ILLMLFKTLD DDSQPHKPAP DQQARRRRRR KSLKSSTTTL KKLYHLVVWS FWDS
GNM11382                        ---ASVVGDD DREDASTFHN GGGGGGGGGG GGGGSKHHHK FTKLIAILVI YGGNEKLKKK AKKLEAKSHF ILLLLFRVLD DDSQPHKPAP DQQTRRRRRR KSLKSSTTTL KKLYHLVVWT YWDL
GNM11841                        ---AAAADNE ERRETDFLHG GGGGGGGGGG GGKGGDHRDR HKIIVIH-VV YADHSGEKKK GRL-EEAGKV NVLRVQGV-D DSDQRKFPEH VNSR-KRRRS RAEKS-S-TR E-VLHRVLT- FGET
GNM11931                        ---AAEAENE EQVEPDFVNF GGGGGGGGGG GGKGGRHRKR HKTLVLH-AI VGDEDGEKKK GRV-TDAAKI DVLRAQGL-D DSSQRKYPQY VNTR-RRRRD YAVLS-S-TR E-VLHRVVV- QGEE
GNM12040                        ---AAAADNE TQREADFIHG GGGGGGGGGG GGKGGRHRDR HKILIIH-AI IDDQSDEKKK GRL-DDATKA GILRAQAV-D DHSQRKYPEY TNTR-RRRRS RATLS-S-TR E-VLHHVVE- QGEH
GNM12071                        ---AAAAGNG EQVKADFLHD GGGGGGGGGG GGKGGAHRAR HKTLIVH-AI VGDREEEKKK GRL-DALGKA DVLRAQAV-D DYTQRKYPEY VNTR-RRRRN RATLS-T-TR E-VLHVVVE- FGER
GNM12125                        -R-AAAVEAT KGVEDEFFSG GGGGGGGGGG GGGGGAHHHR YSILVIIVVI YRGREEMKKK GHAREESRKL KLLMLLKIVN AHNKRNIPPP AQRARRRRRK TSVKTTTRTF EKLVMVVVEW WWEK
GNM12126                        -R-AAAV-SG QGIERAFFAN GGGGGGGGGG GGGGGRHHHR KSILIIIVVV YFGGKAFKKK RKKR-KKKKA LMLMLLTVTD DYNKLHNPSP NQRARRRRRR KSVKTTSRTF KALYMVVVEW WWET
GNM12128                        ---AAATDFD EARQYKFFSG GGGGGGGGGG GGGGGAHHHR YSLIIIIVVI ISGYTKKKKK KKRDEERKKV LMIMLMKIID DKTRPVIRPR NQSSRRHRRK SSVKYSTRNR EKVIRVLLEW WWSK
GNM12182                        ---AVSVDGD ERKKEKFYAG -GAGGGGGGG GGGGGHEHHE YSKLVIKIVI YGGAQKKKKK DKSAKNNKKI LLLMLMKVVD GHSQNVLPPK DQTERRRRRK KRIKHSTRTR EKLLMELVAW WWEI
GNM12342                        ---AAVADCD EGRELEFFND GGGGGGGGGG GGKGGMHRHK YVKLVIHIVI YKGIEAKKKK GKKKEEEKKV ILLGVIKVID EYNKRKFHPP EKSIKKRRRK TAVKSTSRTR EKVMCVVVTW WGEI
GNM12346                        ---AALVDG- AGKELEFFSG GGGGGGGGGG GGKGGHHRCR ENTLIIHAII INGRQEHKKK GSYKKASTKA LLLALYGVMN DHNRRTLPKW DNTDSKRRRQ TGIKSFSMTR EKLYCAVIFR TGEV
GNM12351                        ---ASAAAGI GGREDDFGNG GGGGGGSGGG GGKGGRHRNR LTTLMVTACI ITEKSTHNKK GKQKEESVEA LLLELFAVLD DRNKRSYPNY ENTARKRRRC TAVKSTSSTR EQVMCVVVVR FGEV
GNM12356                        ---AAAADMD EGKQSTFIHG GGGGGGGGGG GGKGGLHHTK YIKLIIATFI YKDCESRKKK GKKSVEKSKV ILLVILKIVD DYNKRKIHPP EKATKTRRRK TAVKSISRTK EKVMCVLIVH WYEI
GNM12357                        ---AAAADND EGKELTFFHG GGGGGGGGGG GGKGGNHHQR FIKLVIAVFI YKGTEAKKKK GKKSEEEGKI YILHAMKICD EYNRRNVNAP EKETKTRRRK SAVKSLSRTR EKVMCVIVTS WYEV
GNM12366                        ---AAAADNE EGKELEFFHG GGGGGGGGGG GGKGGNHHQR FIKLVIAVFI FKGTEAKKKK GKKSKEEGKV YILHAQKICN EYNRRNVNAP EKETKTRRRK SAVKSLSRTR EKIMCVVVTS WYEV
GNM12373                        ---AALAGG- AGVDPQFEND GGGGGGGGGG GGKGGAHRRR LRTLLLHWTI VGGHTENKDK GKDVNGERKI MILWAFVVYD DHDKSVIKKK ENTAPSRRRN TAQKTTSMTR ELILCTIIVR FGQA
GNM12385                        ---AAMAGGI MGREEEFNND GGGGGGGGGG GGKGGRHRRR KRSILLHFAI IGGHQERKDK GKAVEESRKA MLLQAYLVYD DHDRSVIKKE DNTAPSRRRN TATKSSSMTR ELVMCAVIAH FGQS
GNM12551                        ---AAAAGMD EGVEDDFFND GGGGGGGGGG GGKGGMHRHR YPVLIIHVAL FGPREEKSKK GKKKDENRKA LELSVYKVID DRNHRNIPPP DNSTKKRRRK KARKSFTRTR EKVLHVVVTH WGAV
GNM12554                        Y--AATAGGP AGKIPDFFND GGGGGGGGGG GGKGGRHRNR MRSIIMHWAI ISGRKKHKAK GKSTEASQKV IILIAYAVVN DDDRHFVNKG ENTAPSRRRN IAQKSVSMTR EEVLCAVIAK FGQN
GNM12592                        ---AAAA-G- SGRVGEFMS- GGGGGGGGGG GGK-GNHQCR RTAL-IHSAI GKHREAHHKK GKPR-SESKV MLLT-K-VI- NHNKRV-PRE VNK-VKRRRE TGVKHVSMTR EIVLY-VVTR WHET
GNM12596                        ---AAASDG- EGRESNFYNG GGGGGGGGGG GGKGGKHRCR RTTLIVHACI ISGKSNHDKK GKY-KASSKA LLLGLFAVMN DHNRRKYPNY ENTE-KRRRM TAIKSVS-TR EMVLCHVVIR FGEV
GNM12602                        ---AAASDG- EGREPNFYND GGGGGGGGGG GGKGGKHRCR RTTLIVHACI ISGKSAHDKK GKY-KASSKA LLLALFAVMN DHNRLNYPNY ENTE-KRRRM MAIKSVS-TR EFVLCHVVIR FGEV
GNM12665                        ---AAASDG- EGREPNFYNG GGGGGGGGGG GGKGGKHRCR RITLIVHACI ISGKSNHDKK GKY-KASSKA LLLGLFAVMN DHNRRKYPNY ENTE-KRRRM TAIKSVS-TR EMVLCHVVIR FGEV
GNM12745                        ---AAAADDK SSIVEQFFHG GGGGGGGGGG GGKGGQHRNR NIKILITMAI YKGTIDHKKK GKKTEQKSKI NLLGVQQLVD DYNSRKIPAP NKCTKRRRRK SAEKSTSRSR EIVIVVLIPW WGNT
GNM12749                        ---AGKAGAW QGIQPDFYND GGGGGGGGGG GGKGGRHRRR HRTILLHGAI IGGSHAKKDK GKSVDQNSTL IILSAYAVVN DCDQHKIHKN ENTAPSRRRN TALKSVSMTR EVVMCVIIVR FGQN
GNM12758                        ---AAAADDK EATYPDFFHG GGGGGGGGGG GGKGGQHRHR YIKLLVSIAI FSGRKEHKKK GRERERESKI MLLGVMMIVD DYNRRKVPPP EKCRKTRRRR TAEKSTSRTR EKVVVVLLTW WGEH
GNM12763                        ---AAASNKD EKKEDKFFNG GGGGGGGGGG GGKGGMHRHR YIKIIIAIII YAGREELKKK GRERKKKKKL KLLSLMMIVD DRNQRKIPPP DKSEKTRRRR SARKTTSRTR IKLIVYLVSW WGES
GNM12766                        ---AAAADED EGRELEFFSG GGGGGGGGGG GGKGGRHHFR YIKLVIHVVI FRGTESKKDK GKKKEEESKV LLLGVIKIID EYNKRSIHPP EKSTKKRRRK SAVKSSSRTR EKVMCVVVTY WYEI
GNM12841                        ---AAAADNE QREEADFLHD GGGGGGGGGG DGKGGNHRDR HKVLVVH-AL VADNEVEKKK GRV-SEESKI DVLRAQGV-D DSNTRKYPEH VNSR-RRRRS YAVAS-S-TR E-VLHVLIT- FGEE
GNM12849                        ---AAAIGVD EREDAVTFHG GGGGGGGGGG GGGGSIYHHK ETKLIAVLVV YGGNESHKKK AKKLEAKSHF LALLLLKILD DDSKPHKPAP DQQERRRRRR SSLKGSTTHL KKLYMVVVWT FWDT
GNM12869                        ---ATVVGED EREDTNTYHG GGGGGGGGGG GGGGSVHHMK DTKLVAVTVL YGGNEAHKKK ARKLEAKSHF LALMLLKVLD DDSKPKKPAP EQQERRRRRR SSIKGSTTHL KKLYMVVVWT WWDS
GNM12896                        ---ASSVGDK EREDAETFHG GGGGGGGGGG GGGGSQHHHK TTKLIVIMVV YGGNEQHKKK AKKTEAKSHF ILLLLYKTLD DDSQPHKPAP DQQTRRRRRR ESQKSISTHL KMLYCLVVWR FWDV
GNM12897                        ---ASSVGDR EREDAETFHG GGGGGGGGGG GGGGSQHHHK TTKLIAIMVV YGGNERHKKK AKKAEAKSHY ILLLLYKTLD DDSQPHKPAP DQQTRRRRRR ESQKSISTHL KMLYCLVVWR FWDV
GNM12902                        ---AAHI-DD NEIEDGFFK- GGGGGGGGGG GIKGGMHGGK YTKLIIMLIL YTGITVRRKK GKKRDENKVY IALLLL-FLD AHTDSK-HKR TA-EVKRHRT DKEKGVTM-N SKLSYVLIPW WRNR
GNM12903                        ---AVATGGS EGVTKEFYGG GGGGGGGGGG GGGGGMHHHS YTYLIIVVVI FGGLEKKGKK KYEKERRTKV LLLFLRKIMN AHNTQKYPPE NQRLFKRRRR DSRKSSSRTK EKLVHVVVPL WWEI
GNM12906                        ---AVATGGS EGVTREFYGG GGGGGGGGGG GGGGGMHHHS YVYLVIVVVI YGGVERKAKK KYEKEKRTKV VLLFLRKIMN AHNSQKYPPE NQRLFKRRRR DSRKSSSRTK QKLVHVVVPL WWEI
GNM12909                        ---AVATGGS EGVSKEFYSG GGGGGGGGGG GGGGGMHHHS YVYLIIVVVI YGGVEKKAKK KYEKERRTKI ILLFLRKIMR SHNHQKYPPE NQRLFKRRRP DSRKSSSRTK EKLVHVVVPL WWDI
GNM12915                        ---AAAAEAD EKESDQFLSG GGGGGGGGGG GGKGGMSHGK YVKIVVKTAI AT-KEAKKKK GKERESRKKL NFLTTLKIID DRTKRSIPPP DKCTRRRHRK TGVKSTSRTR KKVLHILITW WWEV
GNM10046                        ---AAAAGAD EKEFDQFLSG GGGGGGGGGG GGKGGMSHGK YVKIVVKTAI AT-REAKKKK GKEREPRKKL HFLTVLKLID DRNKRSIPPP DKCTRRRHRK TGVKSTSRTR KKVLHILIVW WWEV
GNM12918                        ---AAAAEAD EKEFEQFLSG GGGGGGGGGG GGKGGMSHGK YVKIVVKTVI AT-REAKKKK GKDREARKKL HFLTTLKLID DRTRRSIPPP DKCTRRRHRK TGIKSTSRTR KKVLHVLIIW WWET
GNM12931                        -R-AVVTEAN EGREKSFYAG GGGGGGGGGG GGGGGAHHHR YSILIIIVVI FRGLEAKKKK KKHKEKYRKA LMLFVLKVLD DHNKRTIPPP NQRTKRRRRK TSVKTISRSF TKVLMVVISW WWEK
GNM12938                        ---AIIVNGG ERKKDKFYAG -GGGGGGGGG GGGGGQEHHQ FSKLVIKTIV YGGLEEKKKK DKNEEENKKI YYLMLYKLVD QHGNNRKPPE DQTAKRRRRK RRIRYSTRTR KKLLHVLIAW WWEV
GNM12996                        ---AIIVDGG QRIKVEFYSG -GGGGGGGGG GGGGGQEHHQ YSKLVIRLVV YGGVEQKKKK DKSEIDSRKL LLLMLMKIVD NHSINRKPPE DQINRRRRRK SRIKSSTRTR KKLVMILIAW WWET
GNM13018                        ---AIMVDGG QRIKEEFYSG -GGGGGGGGG GGGGGQEHHQ YSKLVIRLVV YGGIEEKKKK DKSEMNSKKL LLLMLMKIVD NHSSNRKPPK NQINRRRRRK SRIKSSTRTR KKLVMILIAW WWET
GNM13027                        ---AILVNGG ERIKEEFYAG -GGGGGGSGS GGGGGQEHHQ YSKLVIKLIV YSRIQEKKKK DKKEEKNKKI LYIMLYKLVD QHTGNVKPPE DQTTKRRRRK KRIKYSSRTR KKLLHVMIVW WWEV
GNM13046                        ---ASAIGFD ERQDASTFHE GGGGGGGGGG GGGGSQHHLK ETKLLTVMVV YGGNEQHKKK AKKLEAKSHF LMLLLLKVLD DDSQPHNPAP DQQNRRRRRR TSLKSHTTTL KKLYHIVVWT VWDT
GNM13053                        ---AATVTDD NGKQSEFFGK GGGGGGGGGG GGGGGQHHLK YVKLLIVTLV YQGGSKKKKK NRSLKEQSKA LMLLLQKVVD DNNQSVPPTP EQQIRRRRRR KNVKSTSTFV EKLYHIVIWW WWDQ
GNM13074                        ---AAAANMD EKQFDQFLHG GGGGGGGGGG GGKGGMTHGK YVKIVVKVAI AT-KEEKKKK GKEREPVKKL HFLTTLKLID DRNKRSIPPP DKCTRRRHRK TGVKSTSRTR RKVLHILIAW WWEV
GNM10010                        ---AAAAEAD ESEDEQFLSG GGGGGGGGGG GGKGGMQHGK YVKIFIKTVI VTGREEKKKK GKLREPKKKF NLLTALKLID DRNKRHLPAP DKCTRRRHRK TGVKSTTRTR RKVIHVLVVW FWEV
GNM10014                        ---AAAADAD ENEDEAFLSG GGGGGGGGGG GGKGGMQHGK YVKIFIKTVI VTGREAKKKK GKLREPKKKF NLLTALKLID DRNKRHLPAP DKCTRRRHRK TGLKSTTRTR KKILHVLVVW WWEV
GNM13090                        ---AAAAEAD DNEEPQFLSG GGGGGGGGGG GGKGGMTHGK YVKIVIKTVI VTGREAKKKK GKLKEPKKKL NLLTTLKLID DRNKRHIPPP DKCTRRRHRK TGLKSTTRTR KKVLHILITW WWEV
GNM13118                        ---AVQVGAD SGIQEQFYSD GGGGGGGGGG GGGGGLHHHR YSKLVIVTVI FSGNRAKKKK KAEEEKRRKV ELTYLYAVVD DHNQRTYHKP NQRTRRRRRK RSEKSSTRTR EKLIHVVVTW WWAI
GNM13126                        ---AAIINDL SGIDEAFFKG GGGGGGGGGG GSKGGNHGGK YTIVVIFMIL YNGVKAKRKK GKSREEVKGY MALMLLEFVD EKNNSTIHKP DA-RVKRHRE TKEKGITM-S SKLSYILIPW WRYT
GNM13128                        ---AAIINDL SGIEEAFFKG GGGGGGGGGG GSKGGNHGGK YTILVIMMIL YSGVKAKRKK GKNREEVKGF IALMLLEFVD EKNNSTTHKP DA-KVKRHRE SKEKGITM-R SKLSYVLIPW WRNR
GNM13208                        ---AVATGAE KGVKEKFYSE GGGGGGGGGG GGGGGMHHHS HVYLVIVVVI YGGREAKAKK KYEKEERAKV LLLFLRKVMD DHNSQKYPAE NQRLFKRRRP KSRKSSSRTK SVLLHVVVPF WWDI
GNM13210                        -R-AVAANAR RGKEREFYSG GGGGGGGGGG GGGGGAHHHR NSILIIVVVI YRGGREKKKK KKKEEEREKA IMLMTLLVIN DHNRSTIPKP NQRVKRRRRK TSEKTVSRTF EKVLMVVVAW YWEK
GNM12773                        ---AVAIKAN ESAGETFFSG -GGGGGGGGH GGGGGNHHHR HTQLVIVVLI FSGKENLKKK GKKLEKNSKS ILLRLMKLTN DHNKSTFHKP TQRTKRRRRR NAIKSSSHTR KALLHFIVLY WWEI
GNM12769                        ---AAAVGSP KSQDREFKMR GGSGGGGGGG GGGGGNHHFK HIKLVIKIVV YEGRSSRKKK DKQNENSSKT ILLRLQKILD DHNKPIIVPL NQTTRRRRRR SGIKSTSTTR ERLVHKLITY WWEE
GNM12768                        ---AAAAAEN QGADEDFFMN GGGGGGGGGG GGGGGKHHKR HVYLIMVVII VSGRQQKKKK GKLLVKKAKV HLLRLQGVLN DHNQRKVAPP DQQTRRRRRR TVLKSTSHTH EKLLHAVVTY WWEV



    1    1    1    1    1    1    1    1    1    1    1    1    1    1    1
    1    1    1    1    1    1    1    1    1    1    1    1    1    1    1
    1    1    1    1    1    1    1    1    1    1    1    1    1    1    1
    1    1    1    1    1    1    1    1    1    1    1    1    1    1    1
    1    1    1    1    1    1    1    1    1    1    1    1    1    1    1
    1    1    1    1    1    1    1    1    1    1    1    1    1    1    1
    1    1    1    1    1    1    1    1    1    1    1    1    1    1    1
    1    1    1    1    1    1    1    1    1    1    1    1    1    1    1
    1    1    1    1

AAML (in paml version 4.9h, March 2018)  tmp0026.txt
Model: Empirical,  (../wag.dat) dGamma (ncatG=4) ns = 147  ls = 124


Frequencies..
                                    A      R      N      D      C      Q      E      G      H      I      L      K      M      F      P      S      T      W      Y      V
GNM13746                       0.03306 0.06612 0.05785 0.01653 0.00000 0.02479 0.05785 0.14876 0.04132 0.08264 0.08264 0.14876 0.00000 0.01653 0.03306 0.04132 0.03306 0.03306 0.01653 0.06612
GNM13538                       0.06612 0.07438 0.04959 0.03306 0.00000 0.04132 0.03306 0.14876 0.04959 0.02479 0.08264 0.12397 0.00826 0.01653 0.02479 0.04959 0.01653 0.03306 0.03306 0.09091
GNM13671                       0.03306 0.09091 0.03306 0.04132 0.00000 0.02479 0.04959 0.14050 0.04132 0.09091 0.05785 0.14050 0.00000 0.02479 0.01653 0.02479 0.06612 0.02479 0.01653 0.08264
GNM13876                       0.06780 0.05932 0.05932 0.01695 0.00000 0.02542 0.03390 0.15254 0.04237 0.03390 0.11017 0.13559 0.01695 0.01695 0.01695 0.03390 0.09322 0.01695 0.00847 0.05932
GNM13680                       0.07438 0.09091 0.01653 0.04959 0.00826 0.03306 0.04959 0.15702 0.03306 0.07438 0.04959 0.07438 0.00000 0.04959 0.01653 0.09091 0.02479 0.02479 0.02479 0.05785
GNM14837                       0.05785 0.07438 0.00826 0.05785 0.00000 0.01653 0.04959 0.15702 0.04959 0.03306 0.09091 0.11570 0.04132 0.00826 0.02479 0.05785 0.05785 0.01653 0.03306 0.04959
GNM14249                       0.05785 0.06612 0.00826 0.05785 0.00000 0.02479 0.05785 0.15702 0.04959 0.00826 0.08264 0.10744 0.02479 0.00826 0.02479 0.05785 0.07438 0.02479 0.02479 0.08264
GNM13928                       0.04959 0.07438 0.00826 0.05785 0.00000 0.01653 0.04132 0.15702 0.04959 0.03306 0.09091 0.11570 0.04132 0.00826 0.02479 0.06612 0.05785 0.01653 0.03306 0.05785
GNM13297                       0.06612 0.07438 0.04959 0.03306 0.00000 0.04132 0.03306 0.14876 0.04959 0.02479 0.08264 0.12397 0.00826 0.01653 0.02479 0.04959 0.01653 0.03306 0.03306 0.09091
GNM14865                       0.09735 0.11504 0.02655 0.07965 0.00000 0.02655 0.07965 0.15929 0.06195 0.01770 0.05310 0.07965 0.00000 0.01770 0.00885 0.02655 0.03540 0.00000 0.01770 0.09735
GNM13455                       0.06612 0.06612 0.00000 0.05785 0.00000 0.01653 0.04132 0.15702 0.05785 0.03306 0.09917 0.11570 0.01653 0.02479 0.03306 0.04959 0.06612 0.01653 0.02479 0.05785
GNM14938                       0.06557 0.09836 0.01639 0.01639 0.00000 0.01639 0.08197 0.14754 0.03279 0.04098 0.07377 0.11475 0.00000 0.02459 0.03279 0.04098 0.04918 0.01639 0.03279 0.09836
GNM14483                       0.06838 0.10256 0.02564 0.05983 0.00000 0.03419 0.01709 0.14530 0.05128 0.03419 0.05128 0.11111 0.01709 0.01709 0.02564 0.07692 0.05983 0.02564 0.02564 0.05128
GNM14872                       0.09091 0.09091 0.02479 0.04132 0.00826 0.03306 0.04132 0.16529 0.03306 0.06612 0.05785 0.08264 0.00000 0.05785 0.00826 0.04959 0.04959 0.01653 0.02479 0.05785
GNM13855                       0.04959 0.06612 0.04959 0.03306 0.00826 0.03306 0.04959 0.14876 0.04132 0.06612 0.09091 0.12397 0.00000 0.03306 0.00826 0.06612 0.03306 0.01653 0.01653 0.06612
GNM14445                       0.04132 0.04959 0.03306 0.04959 0.00000 0.04959 0.02479 0.15702 0.02479 0.04959 0.08264 0.14876 0.02479 0.04132 0.02479 0.04132 0.04959 0.03306 0.01653 0.05785
GNM14404                       0.04167 0.08333 0.03333 0.02500 0.00833 0.00833 0.04167 0.17500 0.03333 0.07500 0.04167 0.10000 0.01667 0.02500 0.03333 0.10000 0.02500 0.03333 0.03333 0.06667
GNM14545                       0.04167 0.08333 0.03333 0.02500 0.00833 0.00833 0.04167 0.17500 0.03333 0.07500 0.04167 0.10000 0.01667 0.02500 0.03333 0.10000 0.02500 0.03333 0.03333 0.06667
GNM14366                       0.06612 0.05785 0.00826 0.07438 0.00000 0.03306 0.03306 0.15702 0.05785 0.03306 0.11570 0.12397 0.00000 0.03306 0.02479 0.06612 0.04959 0.01653 0.01653 0.03306
GNM14252                       0.05785 0.06612 0.00826 0.05785 0.00000 0.02479 0.04959 0.15702 0.04959 0.00826 0.09091 0.11570 0.02479 0.00826 0.02479 0.05785 0.07438 0.02479 0.02479 0.07438
GNM13760                       0.06612 0.07438 0.00826 0.04132 0.00000 0.01653 0.05785 0.15702 0.04959 0.04132 0.09091 0.10744 0.01653 0.00826 0.02479 0.04959 0.07438 0.02479 0.03306 0.05785
GNM13982                       0.04959 0.07438 0.04132 0.04132 0.00000 0.04132 0.06612 0.13223 0.05785 0.06612 0.09917 0.08264 0.00826 0.02479 0.01653 0.05785 0.06612 0.01653 0.00826 0.04959
GNM13960                       0.04132 0.07438 0.03306 0.05785 0.00000 0.02479 0.04959 0.13223 0.05785 0.03306 0.09917 0.12397 0.00826 0.01653 0.01653 0.05785 0.06612 0.02479 0.01653 0.06612
GNM14633                       0.03306 0.06612 0.04132 0.04132 0.00000 0.04132 0.05785 0.14050 0.05785 0.05785 0.09917 0.09917 0.00826 0.02479 0.01653 0.06612 0.06612 0.01653 0.00826 0.05785
GNM14853                       0.03306 0.06612 0.04132 0.04132 0.00000 0.04132 0.05785 0.14050 0.05785 0.05785 0.09917 0.09917 0.00826 0.02479 0.01653 0.06612 0.06612 0.01653 0.00826 0.05785
GNM14055                       0.04132 0.06612 0.03306 0.04959 0.00000 0.04959 0.03306 0.13223 0.05785 0.04959 0.10744 0.11570 0.01653 0.01653 0.00826 0.06612 0.07438 0.02479 0.01653 0.04132
GNM14748                       0.06612 0.06612 0.01653 0.05785 0.00000 0.02479 0.05785 0.15702 0.04959 0.02479 0.09091 0.09917 0.00826 0.01653 0.02479 0.08264 0.04959 0.01653 0.03306 0.05785
GNM14246                       0.05357 0.08036 0.03571 0.03571 0.00000 0.02679 0.06250 0.17857 0.04464 0.04464 0.09821 0.12500 0.00893 0.01786 0.02679 0.02679 0.02679 0.00893 0.02679 0.07143
GNM14640                       0.05882 0.05882 0.00840 0.02521 0.00000 0.03361 0.08403 0.15126 0.04202 0.05042 0.09244 0.17647 0.01681 0.02521 0.01681 0.03361 0.03361 0.00840 0.02521 0.05882
GNM14965                       0.03279 0.09016 0.01639 0.04918 0.00820 0.04918 0.03279 0.16393 0.04918 0.06557 0.09836 0.09016 0.00000 0.03279 0.01639 0.06557 0.04918 0.02459 0.02459 0.04098
GNM13677                       0.05085 0.05932 0.03390 0.03390 0.00000 0.02542 0.03390 0.15254 0.04237 0.03390 0.09322 0.14407 0.01695 0.02542 0.01695 0.04237 0.09322 0.01695 0.01695 0.06780
GNM14339                       0.05785 0.09091 0.01653 0.04132 0.00000 0.01653 0.04132 0.13223 0.04959 0.07438 0.04959 0.12397 0.00826 0.02479 0.04132 0.04132 0.05785 0.02479 0.01653 0.09091
GNM14593                       0.03306 0.08264 0.02479 0.02479 0.00000 0.04132 0.04132 0.14876 0.04959 0.04959 0.07438 0.13223 0.00000 0.03306 0.01653 0.04959 0.05785 0.02479 0.00826 0.10744
GNM13825                       0.06557 0.10656 0.01639 0.01639 0.00000 0.01639 0.08197 0.14754 0.04098 0.04918 0.06557 0.10656 0.00000 0.02459 0.04098 0.05738 0.03279 0.01639 0.02459 0.09016
GNM14768                       0.05882 0.07059 0.03529 0.04706 0.00000 0.01176 0.04706 0.11765 0.03529 0.02353 0.10588 0.09412 0.05882 0.02353 0.03529 0.02353 0.04706 0.02353 0.02353 0.11765
GNM14776                       0.05882 0.05882 0.03529 0.04706 0.00000 0.01176 0.04706 0.11765 0.03529 0.02353 0.10588 0.10588 0.04706 0.02353 0.03529 0.02353 0.04706 0.02353 0.02353 0.12941
GNM14715                       0.07627 0.09322 0.02542 0.05085 0.00000 0.04237 0.01695 0.17797 0.05085 0.03390 0.08475 0.09322 0.00847 0.01695 0.03390 0.04237 0.04237 0.02542 0.02542 0.05932
GNM14639                       0.06612 0.06612 0.02479 0.03306 0.00000 0.02479 0.04132 0.14050 0.04959 0.05785 0.09091 0.09091 0.01653 0.01653 0.03306 0.08264 0.04132 0.03306 0.03306 0.05785
GNM13795                       0.04959 0.06612 0.01653 0.05785 0.00000 0.02479 0.05785 0.16529 0.04959 0.03306 0.09091 0.09917 0.00826 0.01653 0.02479 0.08264 0.04959 0.01653 0.03306 0.05785
GNM14166                       0.04959 0.06612 0.00826 0.05785 0.00826 0.04959 0.04132 0.14876 0.06612 0.04132 0.09091 0.11570 0.00826 0.02479 0.02479 0.06612 0.04959 0.01653 0.02479 0.04132
GNM13745                       0.02542 0.08475 0.05085 0.02542 0.00000 0.04237 0.04237 0.13559 0.03390 0.06780 0.08475 0.10169 0.01695 0.02542 0.05085 0.09322 0.02542 0.02542 0.02542 0.04237
GNM14959                       0.04959 0.09917 0.01653 0.03306 0.00000 0.01653 0.06612 0.15702 0.04132 0.03306 0.06612 0.13223 0.02479 0.03306 0.01653 0.08264 0.00826 0.01653 0.03306 0.07438
GNM13413                       0.04918 0.12295 0.02459 0.03279 0.00000 0.01639 0.04918 0.17213 0.04098 0.05738 0.04098 0.11475 0.02459 0.03279 0.01639 0.02459 0.04918 0.01639 0.01639 0.09836
GNM14990                       0.04132 0.07438 0.03306 0.05785 0.00000 0.02479 0.04959 0.13223 0.05785 0.03306 0.09917 0.12397 0.00826 0.01653 0.01653 0.04959 0.07438 0.02479 0.01653 0.06612
GNM15005                       0.04132 0.07438 0.03306 0.05785 0.00000 0.02479 0.04959 0.13223 0.05785 0.03306 0.09917 0.12397 0.00826 0.01653 0.01653 0.04959 0.07438 0.02479 0.01653 0.06612
GNM14992                       0.02885 0.08654 0.02885 0.06731 0.00000 0.04808 0.01923 0.12500 0.04808 0.01923 0.05769 0.12500 0.02885 0.05769 0.03846 0.08654 0.05769 0.01923 0.01923 0.03846
GNM15013                       0.04202 0.07563 0.04202 0.05882 0.00000 0.02521 0.05042 0.12605 0.05882 0.02521 0.10924 0.12605 0.00840 0.01681 0.01681 0.05042 0.06723 0.02521 0.01681 0.05882
GNM14976                       0.04132 0.07438 0.03306 0.05785 0.00000 0.02479 0.04959 0.13223 0.05785 0.03306 0.09091 0.12397 0.01653 0.01653 0.01653 0.05785 0.06612 0.02479 0.01653 0.06612
GNM15022                       0.04132 0.07438 0.03306 0.05785 0.00000 0.02479 0.04959 0.13223 0.05785 0.03306 0.09917 0.12397 0.00826 0.01653 0.01653 0.05785 0.06612 0.02479 0.01653 0.06612
GNM15018                       0.05785 0.06612 0.00826 0.05785 0.00000 0.01653 0.05785 0.15702 0.04959 0.00826 0.08264 0.11570 0.02479 0.00826 0.02479 0.05785 0.07438 0.02479 0.02479 0.08264
GNM15025                       0.04959 0.05785 0.04132 0.07438 0.00000 0.04132 0.02479 0.14876 0.04959 0.01653 0.11570 0.12397 0.02479 0.03306 0.02479 0.06612 0.02479 0.01653 0.01653 0.04959
GNM15024                       0.05785 0.06612 0.00826 0.05785 0.00000 0.01653 0.05785 0.15702 0.04959 0.00826 0.08264 0.11570 0.02479 0.00826 0.02479 0.05785 0.07438 0.02479 0.02479 0.08264
GNM15000                       0.05785 0.06612 0.00826 0.05785 0.00000 0.01653 0.05785 0.15702 0.04959 0.00826 0.08264 0.11570 0.02479 0.00826 0.02479 0.05785 0.07438 0.02479 0.02479 0.08264
GNM15026                       0.04959 0.07438 0.04959 0.08264 0.00000 0.03306 0.02479 0.14050 0.04959 0.02479 0.09917 0.11570 0.01653 0.04132 0.02479 0.06612 0.03306 0.01653 0.01653 0.04132
GNM15027                       0.07692 0.05128 0.03419 0.01709 0.00000 0.04274 0.05128 0.11966 0.04274 0.04274 0.09402 0.14530 0.00000 0.00855 0.02564 0.07692 0.05983 0.03419 0.01709 0.05983
GNM15019                       0.05785 0.07438 0.02479 0.04959 0.00000 0.03306 0.05785 0.14876 0.04959 0.04959 0.08264 0.09917 0.02479 0.00826 0.03306 0.04959 0.06612 0.01653 0.02479 0.04959
GNM15003                       0.04132 0.07438 0.03306 0.05785 0.00000 0.02479 0.04959 0.13223 0.05785 0.03306 0.09917 0.12397 0.00826 0.01653 0.01653 0.05785 0.06612 0.02479 0.01653 0.06612
GNM11003                       0.02479 0.07438 0.04132 0.04132 0.00000 0.03306 0.04132 0.14876 0.03306 0.06612 0.07438 0.15702 0.02479 0.01653 0.00826 0.07438 0.03306 0.02479 0.03306 0.04959
GNM11023                       0.06557 0.09016 0.02459 0.01639 0.00000 0.01639 0.07377 0.14754 0.02459 0.08197 0.08197 0.12295 0.00820 0.00820 0.03279 0.04098 0.06557 0.02459 0.02459 0.04918
GNM11055                       0.06612 0.08264 0.03306 0.04132 0.00000 0.00000 0.05785 0.14876 0.03306 0.04132 0.05785 0.16529 0.01653 0.04132 0.03306 0.03306 0.03306 0.00826 0.02479 0.08264
GNM11146                       0.03306 0.08264 0.03306 0.03306 0.00000 0.03306 0.04132 0.17355 0.03306 0.08264 0.10744 0.14050 0.00000 0.00826 0.01653 0.04959 0.02479 0.01653 0.02479 0.06612
GNM11219                       0.04132 0.13223 0.01653 0.00826 0.00000 0.00826 0.10744 0.14876 0.02479 0.03306 0.09917 0.09091 0.02479 0.03306 0.04132 0.04959 0.04132 0.00826 0.02479 0.06612
GNM11220                       0.05319 0.05319 0.01064 0.05319 0.00000 0.01064 0.05319 0.14894 0.02128 0.08511 0.06383 0.14894 0.01064 0.03191 0.06383 0.01064 0.04255 0.02128 0.02128 0.09574
GNM11222                       0.03947 0.06579 0.02632 0.05263 0.01316 0.00000 0.11842 0.14474 0.01316 0.03947 0.07895 0.10526 0.01316 0.05263 0.03947 0.05263 0.02632 0.00000 0.01316 0.10526
GNM11223                       0.03896 0.07792 0.02597 0.03896 0.00000 0.00000 0.10390 0.11688 0.00000 0.07792 0.10390 0.10390 0.01299 0.02597 0.03896 0.06494 0.06494 0.00000 0.02597 0.07792
GNM11224                       0.06494 0.09091 0.01299 0.02597 0.00000 0.00000 0.10390 0.09091 0.00000 0.10390 0.07792 0.14286 0.01299 0.02597 0.03896 0.06494 0.02597 0.00000 0.02597 0.09091
GNM11225                       0.05833 0.10000 0.00833 0.01667 0.00000 0.02500 0.07500 0.11667 0.05000 0.05833 0.10000 0.17500 0.01667 0.00833 0.01667 0.06667 0.01667 0.00833 0.02500 0.05833
GNM11358                       0.06612 0.08264 0.04132 0.04132 0.00826 0.03306 0.05785 0.14876 0.04132 0.06612 0.09091 0.09917 0.00000 0.04132 0.00826 0.05785 0.03306 0.01653 0.01653 0.04959
GNM11360                       0.06612 0.06612 0.00000 0.05785 0.00000 0.01653 0.04132 0.15702 0.05785 0.03306 0.09917 0.11570 0.01653 0.02479 0.03306 0.04959 0.06612 0.01653 0.02479 0.05785
GNM11362                       0.03333 0.08333 0.05833 0.04167 0.00000 0.02500 0.02500 0.15000 0.05833 0.05000 0.08333 0.11667 0.00833 0.02500 0.00833 0.05833 0.04167 0.02500 0.02500 0.08333
GNM11367                       0.04959 0.07438 0.04132 0.04132 0.00000 0.04132 0.06612 0.13223 0.05785 0.06612 0.09917 0.08264 0.00826 0.02479 0.01653 0.05785 0.06612 0.01653 0.00826 0.04959
GNM11377                       0.08264 0.09091 0.02479 0.04132 0.00826 0.03306 0.04132 0.16529 0.03306 0.06612 0.05785 0.08264 0.00000 0.05785 0.01653 0.04959 0.04959 0.01653 0.02479 0.05785
GNM11380                       0.05785 0.06612 0.00826 0.05785 0.00826 0.04959 0.04959 0.14876 0.06612 0.03306 0.07438 0.10744 0.01653 0.02479 0.02479 0.06612 0.04132 0.01653 0.02479 0.05785
GNM11383                       0.06612 0.05785 0.01653 0.05785 0.00000 0.03306 0.04132 0.14050 0.05785 0.03306 0.10744 0.12397 0.00000 0.03306 0.02479 0.07438 0.06612 0.01653 0.01653 0.03306
GNM11491                       0.06612 0.07438 0.00826 0.05785 0.00000 0.02479 0.04132 0.16529 0.06612 0.02479 0.06612 0.09917 0.00826 0.02479 0.02479 0.09091 0.05785 0.01653 0.01653 0.06612
GNM11804                       0.05785 0.06612 0.03306 0.02479 0.00826 0.00000 0.09091 0.17355 0.02479 0.05785 0.04132 0.16529 0.00826 0.02479 0.03306 0.01653 0.02479 0.00000 0.03306 0.11570
GNM11805                       0.02609 0.06087 0.05217 0.03478 0.00870 0.00870 0.04348 0.15652 0.05217 0.09565 0.07826 0.13043 0.02609 0.01739 0.00870 0.06087 0.06087 0.00870 0.03478 0.03478
GNM12886                       0.05785 0.09091 0.02479 0.04959 0.00826 0.03306 0.04959 0.15702 0.03306 0.06612 0.04959 0.07438 0.00000 0.05785 0.01653 0.09917 0.03306 0.01653 0.02479 0.05785
GNM12895                       0.06612 0.07438 0.07438 0.01653 0.00000 0.02479 0.03306 0.15702 0.07438 0.04132 0.09091 0.09091 0.00000 0.04132 0.01653 0.02479 0.08264 0.02479 0.00826 0.05785
GNM13060                       0.02479 0.05785 0.04132 0.04132 0.00000 0.02479 0.04132 0.15702 0.04959 0.06612 0.08264 0.14876 0.00826 0.02479 0.03306 0.04132 0.02479 0.03306 0.00826 0.09091
GNM13061                       0.04132 0.06612 0.03306 0.03306 0.00000 0.02479 0.04959 0.18182 0.03306 0.03306 0.07438 0.11570 0.01653 0.01653 0.02479 0.06612 0.03306 0.03306 0.04132 0.08264
GNM13062                       0.08475 0.10169 0.01695 0.04237 0.00000 0.03390 0.03390 0.16949 0.06780 0.06780 0.07627 0.08475 0.00847 0.01695 0.03390 0.05085 0.02542 0.02542 0.02542 0.03390
GNM13064                       0.02521 0.05882 0.01681 0.05042 0.00000 0.03361 0.03361 0.13445 0.04202 0.03361 0.10084 0.13445 0.00840 0.01681 0.05042 0.10084 0.04202 0.03361 0.03361 0.05042
GNM13066                       0.02521 0.05882 0.03361 0.04202 0.00000 0.03361 0.03361 0.13445 0.04202 0.04202 0.09244 0.12605 0.00840 0.02521 0.05042 0.10084 0.04202 0.03361 0.03361 0.04202
GNM11032                       0.12500 0.03409 0.02273 0.03409 0.00000 0.02273 0.05682 0.09091 0.03409 0.06818 0.09091 0.11364 0.01136 0.03409 0.05682 0.04545 0.03409 0.02273 0.03409 0.06818
GNM11363                       0.03333 0.08333 0.05833 0.04167 0.00000 0.02500 0.02500 0.15000 0.05833 0.05000 0.08333 0.11667 0.00833 0.02500 0.00833 0.05833 0.04167 0.02500 0.02500 0.08333
GNM11375                       0.08411 0.02804 0.00935 0.04673 0.00000 0.01869 0.06542 0.15888 0.04673 0.02804 0.10280 0.11215 0.01869 0.00935 0.02804 0.05607 0.05607 0.02804 0.03738 0.06542
GNM11381                       0.05785 0.05785 0.00826 0.07438 0.00000 0.03306 0.03306 0.14876 0.05785 0.03306 0.09917 0.12397 0.00826 0.04132 0.02479 0.08264 0.05785 0.01653 0.01653 0.02479
GNM11382                       0.04959 0.06612 0.01653 0.07438 0.00000 0.02479 0.02479 0.14050 0.05785 0.03306 0.11570 0.12397 0.00000 0.03306 0.02479 0.06612 0.05785 0.01653 0.02479 0.04959
GNM11841                       0.06195 0.12389 0.02655 0.07080 0.00000 0.01770 0.08850 0.17699 0.06195 0.02655 0.04425 0.07965 0.00000 0.02655 0.00885 0.05310 0.03540 0.00000 0.00885 0.08850
GNM11931                       0.07080 0.11504 0.02655 0.07080 0.00000 0.04425 0.08850 0.16814 0.03540 0.01770 0.05310 0.07080 0.00000 0.01770 0.01770 0.03540 0.03540 0.00000 0.02655 0.10619
GNM12040                       0.09735 0.12389 0.01770 0.08850 0.00000 0.04425 0.06195 0.15929 0.07080 0.06195 0.04425 0.06195 0.00000 0.00885 0.00885 0.04425 0.05310 0.00000 0.01770 0.03540
GNM12071                       0.11504 0.12389 0.02655 0.06195 0.00000 0.02655 0.07080 0.17699 0.04425 0.01770 0.06195 0.07080 0.00000 0.01770 0.00885 0.00885 0.05310 0.00000 0.02655 0.08850
GNM12125                       0.07377 0.11475 0.02459 0.00820 0.00000 0.00820 0.08197 0.15574 0.04098 0.04918 0.05738 0.09836 0.02459 0.02459 0.02459 0.03279 0.04918 0.02459 0.01639 0.09016
GNM12126                       0.07500 0.11667 0.03333 0.01667 0.00000 0.01667 0.02500 0.15833 0.03333 0.04167 0.05833 0.12500 0.02500 0.04167 0.01667 0.04167 0.05000 0.02500 0.02500 0.07500
GNM12128                       0.04132 0.11570 0.01653 0.04132 0.00000 0.01653 0.04132 0.14050 0.03306 0.09091 0.04132 0.13223 0.02479 0.02479 0.01653 0.07438 0.03306 0.02479 0.03306 0.05785
GNM12182                       0.05000 0.07500 0.02500 0.04167 0.00000 0.02500 0.06667 0.15000 0.04167 0.05000 0.07500 0.16667 0.02500 0.00833 0.01667 0.04167 0.02500 0.02500 0.02500 0.06667
GNM12342                       0.04132 0.06612 0.01653 0.03306 0.01653 0.00000 0.09091 0.15702 0.03306 0.07438 0.03306 0.18182 0.01653 0.02479 0.01653 0.02479 0.03306 0.01653 0.02479 0.09917
GNM12346                       0.06667 0.08333 0.04167 0.03333 0.01667 0.01667 0.05000 0.18333 0.04167 0.05833 0.07500 0.10000 0.01667 0.03333 0.00833 0.05000 0.05833 0.00833 0.02500 0.03333
GNM12351                       0.07438 0.09917 0.04959 0.03306 0.02479 0.01653 0.07438 0.16529 0.01653 0.02479 0.05785 0.07438 0.01653 0.02479 0.00826 0.06612 0.07438 0.00000 0.01653 0.08264
GNM12356                       0.05785 0.04959 0.00826 0.04132 0.01653 0.00826 0.04959 0.14050 0.04132 0.09917 0.04959 0.17355 0.01653 0.01653 0.01653 0.04959 0.05785 0.00826 0.03306 0.06612
GNM12357                       0.07438 0.06612 0.04132 0.02479 0.01653 0.00826 0.09091 0.15702 0.03306 0.05785 0.03306 0.14050 0.01653 0.03306 0.00826 0.04132 0.04959 0.00826 0.03306 0.06612
GNM12366                       0.07438 0.06612 0.04959 0.00826 0.01653 0.01653 0.09917 0.15702 0.03306 0.04959 0.03306 0.14876 0.00826 0.04132 0.00826 0.04132 0.04132 0.00826 0.02479 0.07438
GNM12373                       0.07500 0.08333 0.04167 0.05833 0.00833 0.02500 0.04167 0.18333 0.03333 0.05833 0.06667 0.08333 0.01667 0.02500 0.01667 0.02500 0.07500 0.01667 0.00833 0.05833
GNM12385                       0.09091 0.10744 0.03306 0.04959 0.00826 0.02479 0.06612 0.17355 0.04132 0.04959 0.04959 0.07438 0.04132 0.02479 0.00826 0.06612 0.03306 0.00000 0.01653 0.04132
GNM12551                       0.06612 0.09917 0.04132 0.06612 0.00000 0.00000 0.05785 0.15702 0.04959 0.03306 0.04132 0.12397 0.01653 0.03306 0.04132 0.03306 0.03306 0.00826 0.01653 0.08264
GNM12554                       0.10656 0.08197 0.05738 0.04098 0.00820 0.02459 0.03279 0.17213 0.03279 0.08197 0.01639 0.09016 0.02459 0.03279 0.02459 0.05738 0.03279 0.00820 0.01639 0.05738
GNM12592                       0.06422 0.11009 0.03670 0.00000 0.00917 0.00917 0.06422 0.17431 0.07339 0.03670 0.03670 0.10092 0.02752 0.00917 0.01835 0.05505 0.05505 0.00917 0.00917 0.10092
GNM12596                       0.06838 0.09402 0.05983 0.02564 0.02564 0.00000 0.05128 0.17949 0.04274 0.04274 0.05128 0.09402 0.02564 0.02564 0.00855 0.06838 0.04274 0.00000 0.03419 0.05983
GNM12602                       0.08547 0.08547 0.05983 0.03419 0.02564 0.00000 0.05128 0.16239 0.04274 0.04274 0.05983 0.08547 0.02564 0.03419 0.01709 0.05983 0.03419 0.00000 0.03419 0.05983
GNM12665                       0.06838 0.09402 0.05983 0.02564 0.02564 0.00000 0.05128 0.17949 0.04274 0.05128 0.05128 0.09402 0.02564 0.02564 0.01709 0.05983 0.03419 0.00000 0.03419 0.05983
GNM12745                       0.05785 0.07438 0.04959 0.04132 0.00826 0.04132 0.03306 0.15702 0.02479 0.09091 0.04132 0.13223 0.00826 0.01653 0.02479 0.06612 0.04959 0.01653 0.01653 0.04959
GNM12749                       0.07438 0.08264 0.05785 0.04959 0.01653 0.04132 0.01653 0.18182 0.04959 0.07438 0.04132 0.07438 0.01653 0.01653 0.01653 0.05785 0.04132 0.00826 0.01653 0.06612
GNM12758                       0.05785 0.12397 0.00826 0.04132 0.00826 0.00826 0.07438 0.15702 0.04132 0.04132 0.04959 0.10744 0.02479 0.02479 0.03306 0.04132 0.04959 0.01653 0.02479 0.06612
GNM12763                       0.04959 0.11570 0.02479 0.04132 0.00000 0.00826 0.05785 0.14876 0.01653 0.09091 0.05785 0.16529 0.02479 0.01653 0.02479 0.05785 0.03306 0.01653 0.02479 0.02479
GNM12766                       0.04132 0.08264 0.00826 0.03306 0.00826 0.00000 0.09917 0.15702 0.03306 0.06612 0.04132 0.14050 0.00826 0.03306 0.01653 0.07438 0.03306 0.00826 0.03306 0.08264
GNM12841                       0.08850 0.10619 0.04425 0.07965 0.00000 0.01770 0.09735 0.14159 0.05310 0.01770 0.05310 0.06195 0.00000 0.01770 0.00885 0.06195 0.02655 0.00000 0.01770 0.10619
GNM12849                       0.07438 0.05785 0.00826 0.05785 0.00000 0.01653 0.04959 0.15702 0.05785 0.03306 0.09917 0.11570 0.00826 0.02479 0.02479 0.05785 0.04959 0.01653 0.02479 0.06612
GNM12869                       0.05785 0.06612 0.01653 0.05785 0.00000 0.01653 0.05785 0.15702 0.04959 0.00826 0.08264 0.11570 0.02479 0.00826 0.02479 0.05785 0.06612 0.02479 0.02479 0.08264
GNM12896                       0.04132 0.06612 0.00826 0.05785 0.00826 0.04959 0.04959 0.14876 0.06612 0.03306 0.07438 0.10744 0.01653 0.02479 0.02479 0.06612 0.05785 0.01653 0.02479 0.05785
GNM12897                       0.05785 0.08264 0.00826 0.05785 0.00826 0.04132 0.04959 0.14876 0.06612 0.03306 0.07438 0.09917 0.01653 0.01653 0.02479 0.06612 0.04959 0.01653 0.03306 0.04959
GNM12902                       0.04348 0.06957 0.03478 0.06087 0.00000 0.00000 0.04348 0.16522 0.04348 0.07826 0.08696 0.13043 0.02609 0.02609 0.00870 0.02609 0.06087 0.01739 0.03478 0.04348
GNM12903                       0.02479 0.08264 0.02479 0.00826 0.00000 0.01653 0.06612 0.19008 0.04132 0.04132 0.07438 0.11570 0.01653 0.03306 0.02479 0.04959 0.04959 0.01653 0.04132 0.08264
GNM12906                       0.03306 0.09091 0.02479 0.00826 0.00000 0.02479 0.05785 0.18182 0.04132 0.03306 0.05785 0.10744 0.01653 0.02479 0.02479 0.05785 0.03306 0.01653 0.04959 0.11570
GNM12909                       0.02479 0.08264 0.01653 0.01653 0.00000 0.01653 0.05785 0.17355 0.04959 0.05785 0.05785 0.11570 0.01653 0.02479 0.03306 0.07438 0.02479 0.01653 0.04959 0.09091
GNM12915                       0.06667 0.08333 0.00833 0.04167 0.00833 0.00833 0.05833 0.15000 0.02500 0.05833 0.05000 0.16667 0.00833 0.01667 0.02500 0.05833 0.08333 0.02500 0.00833 0.05000
GNM10046                       0.06667 0.09167 0.00833 0.04167 0.00833 0.00833 0.05000 0.15833 0.03333 0.05000 0.05833 0.15833 0.00833 0.02500 0.03333 0.04167 0.05833 0.02500 0.00833 0.06667
GNM12918                       0.06667 0.10000 0.00000 0.04167 0.00833 0.00833 0.05833 0.15000 0.03333 0.05833 0.05833 0.15000 0.00833 0.02500 0.02500 0.04167 0.08333 0.02500 0.00833 0.05000
GNM12931                       0.04918 0.09836 0.02459 0.01639 0.00000 0.00820 0.04918 0.14754 0.04098 0.06557 0.05738 0.13934 0.01639 0.03279 0.02459 0.04918 0.04918 0.02459 0.02459 0.08197
GNM12938                       0.03333 0.09167 0.04167 0.03333 0.00000 0.03333 0.07500 0.16667 0.03333 0.05833 0.06667 0.15000 0.00833 0.01667 0.01667 0.01667 0.03333 0.02500 0.05000 0.05000
GNM12996                       0.01667 0.10000 0.02500 0.04167 0.00000 0.04167 0.05000 0.15833 0.02500 0.09167 0.07500 0.11667 0.02500 0.00833 0.01667 0.06667 0.02500 0.02500 0.02500 0.06667
GNM13018                       0.01667 0.09167 0.04167 0.02500 0.00000 0.03333 0.05833 0.15833 0.02500 0.07500 0.07500 0.13333 0.04167 0.00833 0.01667 0.07500 0.02500 0.02500 0.02500 0.05000
GNM13027                       0.01667 0.07500 0.02500 0.02500 0.00000 0.04167 0.07500 0.13333 0.03333 0.07500 0.06667 0.16667 0.01667 0.00833 0.01667 0.05000 0.03333 0.02500 0.05000 0.06667
GNM13046                       0.04959 0.05785 0.02479 0.05785 0.00000 0.04959 0.04132 0.14050 0.06612 0.01653 0.10744 0.09917 0.01653 0.02479 0.02479 0.05785 0.07438 0.01653 0.01653 0.05785
GNM13053                       0.02479 0.05785 0.04132 0.04132 0.00000 0.07438 0.03306 0.15702 0.02479 0.03306 0.08264 0.12397 0.00826 0.02479 0.02479 0.05785 0.04959 0.03306 0.02479 0.08264
GNM13074                       0.05833 0.08333 0.01667 0.04167 0.00833 0.01667 0.05000 0.15000 0.04167 0.05000 0.05833 0.15833 0.01667 0.02500 0.03333 0.02500 0.06667 0.02500 0.00833 0.06667
GNM10010                       0.05785 0.09091 0.01653 0.04132 0.00826 0.01653 0.06612 0.15702 0.03306 0.04132 0.06612 0.14876 0.00826 0.03306 0.02479 0.02479 0.06612 0.01653 0.00826 0.07438
GNM10014                       0.07438 0.08264 0.02479 0.04959 0.00826 0.00826 0.04959 0.15702 0.03306 0.04132 0.08264 0.15702 0.00826 0.02479 0.02479 0.01653 0.06612 0.02479 0.00826 0.05785
GNM13090                       0.04959 0.07438 0.02479 0.04132 0.00826 0.00826 0.04959 0.15702 0.03306 0.05785 0.08264 0.16529 0.00826 0.00826 0.04132 0.01653 0.09091 0.02479 0.00826 0.04959
GNM13118                       0.04959 0.11570 0.02479 0.03306 0.00000 0.04132 0.05785 0.14876 0.04959 0.04132 0.04132 0.09917 0.00000 0.01653 0.00826 0.05785 0.05785 0.02479 0.04132 0.09091
GNM13126                       0.05042 0.05042 0.04202 0.03361 0.00000 0.00000 0.05882 0.17647 0.02521 0.08403 0.05882 0.12605 0.03361 0.03361 0.01681 0.05882 0.04202 0.01681 0.04202 0.05042
GNM13128                       0.05042 0.05882 0.05042 0.02521 0.00000 0.00000 0.06723 0.17647 0.02521 0.07563 0.06723 0.13445 0.03361 0.03361 0.01681 0.05882 0.03361 0.01681 0.02521 0.05042
GNM13208                       0.05785 0.07438 0.01653 0.02479 0.00000 0.01653 0.06612 0.15702 0.04959 0.02479 0.06612 0.12397 0.01653 0.03306 0.02479 0.06612 0.01653 0.01653 0.04132 0.10744
GNM13210                       0.05738 0.12295 0.04098 0.00820 0.00000 0.00820 0.08197 0.15574 0.03279 0.05738 0.04098 0.12295 0.02459 0.01639 0.01639 0.04098 0.04098 0.01639 0.02459 0.09016
GNM12773                       0.05000 0.07500 0.05833 0.00833 0.00000 0.01667 0.04167 0.14167 0.07500 0.05833 0.09167 0.12500 0.00833 0.04167 0.00833 0.07500 0.05833 0.01667 0.00833 0.04167
GNM12769                       0.02479 0.10744 0.04132 0.03306 0.00000 0.03306 0.04959 0.14050 0.04132 0.07438 0.06612 0.11570 0.00826 0.01653 0.02479 0.08264 0.05785 0.01653 0.01653 0.04959
GNM12768                       0.07438 0.08264 0.03306 0.03306 0.00000 0.05785 0.03306 0.15702 0.06612 0.02479 0.08264 0.10744 0.01653 0.01653 0.01653 0.02479 0.04132 0.01653 0.01653 0.09917

Homogeneity statistic: X2 = 18.87079 G = 19.70301 

Average                        0.05538 0.08056 0.02858 0.04207 0.00311 0.02420 0.05336 0.15316 0.04437 0.04840 0.07485 0.11830 0.01423 0.02386 0.02276 0.05503 0.04904 0.01850 0.02351 0.06673
(Ambiguity characters are used to calculate freqs.)


# constant sites:      0 (0.00%)

TREE #  1:  ((((((((43, 144), 129), (59, 94)), 95), 96), (((131, 132), (97, 58)), (130, 133))), (((((124, 123), 125), 143), (61, 42)), 140)), (((((((((((((((((((44, 45), ((47, 49), 23)), 48), 57), 46), (51, 54)), 26), ((71, 22), (25, 24))), (((((((53, 52), 50), 119), (20, 7)), (((56, (27, 39)), (8, 6)), (87, 21))), ((11, 69), 118)), 75)), 134), (((88, 74), 19), 89)), (((120, 73), 121), 40)), ((((78, 5), (72, 14)), 30), (15, 68))), 79), (86, 70)), ((((83, 84), 41), (16, 135)), (((37, 82), 13), 55))), ((((1, 80), 81), (9, 2)), 38)), ((((35, 36), (3, 33)), (4, 31)), ((12, 34), (32, 85)))), ((((((29, 28), 145), ((65, 66), 67)), 62), ((146, 64), 147)), ((18, 17), 63))), (((((((((((111, 109), 110), 100), 108), 99), (((107, 105), 113), 104)), ((((92, 10), 93), (90, 117)), 91)), (60, 76)), ((142, 141), (77, 122))), ((((((103, 102), 101), 116), 98), ((112, 114), 115)), 106)), ((((137, 138), 139), 136), ((128, 126), 127))));   MP score: -1
lnL(ntime:291  np:292): -15530.672371      +0.000000
 148..149 149..150 150..151 151..152 152..153 153..154 154..155 155..43  155..144 154..129 153..156 156..59  156..94  152..95  151..96  150..157 157..158 158..159 159..131 159..132 158..160 160..97  160..58  157..161 161..130 161..133 149..162 162..163 163..164 164..165 165..166 166..124 166..123 165..125 164..143 163..167 167..61  167..42  162..140 148..168 168..169 169..170 170..171 171..172 172..173 173..174 174..175 175..176 176..177 177..178 178..179 179..180 180..181 181..182 182..183 183..184 184..185 185..186 186..44  186..45  185..187 187..188 188..47  188..49  187..23  184..48  183..57  182..46  181..189 189..51  189..54  180..26  179..190 190..191 191..71  191..22  190..192 192..25  192..24  178..193 193..194 194..195 195..196 196..197 197..198 198..199 199..53  199..52  198..50  197..119 196..200 200..20  200..7   195..201 201..202 202..203 203..56  203..204 204..27  204..39  202..205 205..8   205..6   201..206 206..87  206..21  194..207 207..208 208..11  208..69  207..118 193..75  177..134 176..209 209..210 210..211 211..88  211..74  210..19  209..89  175..212 212..213 213..214 214..120 214..73  213..121 212..40  174..215 215..216 216..217 217..218 218..78  218..5   217..219 219..72  219..14  216..30  215..220 220..15  220..68  173..79  172..221 221..86  221..70  171..222 222..223 223..224 224..225 225..83  225..84  224..41  223..226 226..16  226..135 222..227 227..228 228..229 229..37  229..82  228..13  227..55  170..230 230..231 231..232 232..233 233..1   233..80  232..81  231..234 234..9   234..2   230..38  169..235 235..236 236..237 237..238 238..35  238..36  237..239 239..3   239..33  236..240 240..4   240..31  235..241 241..242 242..12  242..34  241..243 243..32  243..85  168..244 244..245 245..246 246..247 247..248 248..249 249..29  249..28  248..145 247..250 250..251 251..65  251..66  250..67  246..62  245..252 252..253 253..146 253..64  252..147 244..254 254..255 255..18  255..17  254..63  148..256 256..257 257..258 258..259 259..260 260..261 261..262 262..263 263..264 264..265 265..266 266..111 266..109 265..110 264..100 263..108 262..99  261..267 267..268 268..269 269..107 269..105 268..113 267..104 260..270 270..271 271..272 272..273 273..92  273..10  272..93  271..274 274..90  274..117 270..91  259..275 275..60  275..76  258..276 276..277 277..142 277..141 276..278 278..77  278..122 257..279 279..280 280..281 281..282 282..283 283..284 284..103 284..102 283..101 282..116 281..98  280..285 285..286 286..112 286..114 285..115 279..106 256..287 287..288 288..289 289..290 290..137 290..138 289..139 288..136 287..291 291..292 292..128 292..126 291..127
 0.025716 0.000000 0.050929 0.078592 0.000000 0.082413 0.095293 0.187637 0.103608 0.153115 0.049074 0.216048 0.137697 0.332087 0.358753 0.411165 0.021447 0.134172 0.045907 0.024943 0.062197 0.158493 0.156202 0.062848 0.078846 0.122005 0.110571 0.044939 0.206073 0.111180 0.031210 0.041211 0.039249 0.035176 0.082779 0.000000 0.478889 0.248912 0.238029 0.049832 0.087658 0.206204 0.019983 0.166666 0.067233 0.101055 0.164990 0.028585 0.039049 0.000000 0.125335 0.000000 0.000000 0.012123 0.109238 0.000000 0.000000 0.006687 0.000000 0.000000 0.000000 0.000000 0.028005 0.000000 0.000000 0.006671 0.000000 0.508789 0.176533 0.013562 0.074822 0.185189 0.187924 0.040647 0.000000 0.000000 0.012972 0.000000 0.000000 0.035805 0.054959 0.114420 0.020192 0.000000 0.000000 0.000000 0.000000 0.000000 0.000000 0.013749 0.000000 0.020768 0.006853 0.034290 0.019787 0.011522 0.188712 0.072205 0.003464 0.017308 0.053601 0.020575 0.000000 0.091911 0.000000 0.021069 0.053636 0.046740 0.000000 0.000000 0.029554 0.132413 0.101299 0.035053 0.000000 0.041058 0.043825 0.013061 0.095206 0.059704 0.087133 0.027942 0.000000 0.013657 0.006859 0.020669 0.000000 0.181819 0.019731 0.085536 0.023912 0.039964 0.002613 0.065454 0.000000 0.006867 0.238880 0.206644 0.106669 0.018980 0.258737 0.254938 0.000000 0.000000 0.057357 0.075587 0.170603 0.135278 0.024102 0.035057 0.246520 0.177508 0.178575 0.194084 0.028381 0.284217 0.099975 0.066770 0.109772 0.141411 0.179748 0.000000 0.049204 0.099612 0.246220 0.116136 0.053973 0.135742 0.357294 0.000000 0.000000 0.264004 0.119330 0.000000 0.104628 0.215014 0.009974 0.006554 0.060666 0.071386 0.121703 0.342682 0.022638 0.049984 0.137893 0.253044 0.032753 0.039270 0.084323 0.116013 0.240194 0.000000 0.078395 0.051311 0.031504 0.014641 0.106595 0.154115 0.146292 0.412527 0.093089 0.085194 0.122381 0.008745 0.225251 0.490437 0.052134 0.000000 0.511109 0.315862 0.246433 0.099500 0.390557 0.000000 0.000000 0.257163 0.073731 0.064390 0.065517 0.113849 0.208887 0.000000 0.153714 0.000000 0.101818 0.049835 0.012003 0.007049 0.006970 0.040287 0.313338 0.511563 0.280478 0.335850 0.003464 0.029376 0.277632 0.193771 0.245655 0.283342 0.399102 0.048567 0.112530 0.000000 0.191996 0.040972 0.087339 0.082449 0.207062 0.109603 0.166739 0.166126 0.122411 0.179451 0.738041 0.096206 0.000000 0.100323 0.189808 0.220060 0.060222 0.013278 0.018691 0.091399 0.058702 0.096970 0.156628 0.053440 0.007787 0.211567 0.072574 0.071325 0.159940 0.132776 0.308896 0.105744 0.235193 0.289099 0.352811 0.007309 0.100903 0.078459 0.043565 0.021374 0.021434 0.076775 0.000000 0.011351 0.062495 0.034079 0.020183 1.353559
