
Printing out site pattern counts


       153        132  P

GNM13746                        -AAAAAACDD DDDDDEEEEE EEEEEFFFFF FGGGGGGGGG GHHIIIIIII IIIIIIIIIK KKKKKKKKKK KKKKLLLLLN NNNNPPPPPQ QQQRRRRRRR RRSSSTTTVV VVVVVVVVVV VVVVVVYYYY YY
GNM13671                        -AAAAISLDD EEENNEEEEQ QQSTVFFFLR YAGGGGGGGG GHSFIIIIII IIIIILQVVE EKKKKKKKLN NRRSILLMVA GNNNLPPRTE NQTGIKKKRR RRKTTTTTIK MTTVVVVVVV VVVVVVFRSY YY
GNM13876                        -AAASLAVDD DETDGEEERE KVTTLFFFIR YAGGGGGGGG KHIAAFIIII IIIIVVNIVD REGKKKKVKK KPRSLLMAIN GNNNPPPTVQ TQTGHKKKKR RRQSTTTVIK LVVFILVVVV VVVVVVMRSY YY
GNM13680                        -ASSDTAVDD EDEDKEESTE VKQKKFFFFV SAGGGGGGGS SHIIIVAFII IVVVIVKIVA TKGKKKKSLK KKRSLLLMKL GNNSQPPKPE SQEHNKRRRE RRHATTTTLV VRTVVAIIVV VVVVVVYDFY YY
GNM14837                        -AKTDLATDD EDENKEEEKT KETEHFFFFI AAGGGGGGGT GHICIVIQII IIIVVATVVD TVGKKKKSLD KKKSLLMILL GNNNHPPPAE TQIHLKHKRR RRIATTTTVV IRTFLAIVII LPVVVVFNYI YY
GNM14249                        -AKTDLATDD EDESKEEEKT KETEHFFYFI AAGGGGGGGT GHICIVIQII IIIVVVKVVE TEGKKKKMLE KKKSLLMIQL GNNNHPPPPT TQVHLKHKRR RRTATTTTIV IRTFIAVVVV LPMVVVYNFI YY
GNM13928                        -AKTDLATDD EDESKEEEKT KETEHFFFFI AAGGGGGGGT GHICIVIQII SIIVVSTVVE TVGKKKKSLT KKKSVLMIVL GNNNHPPPPD TQVHLKHKRR RRISTSTTIV IRTFLAVVIV LPVVVVFNFI YY
GNM13297                        -AAAGMSVDD DDEDDEEQKE EQSKEFFFFR SAGGGGGGGA GHHFVMPYII ILVIVINVVA TSGKKKKVKE RRKSLLLMMQ GNNNQPPPPE TQTNLRRRRA RRKATTTTVI VKTVVCVVVV VVVVVVYGFY FY
GNM14865                        -ALADIAVDD EEKRSEEQSE DETHTFFFLR SAGGGGGGGG EHHLVIILIM IITLVISVVD EEGDEKSTNE KKRSLTMMVQ GDNNTPPPPE QQTGVKQKKN RRQATTTTVV TEEILFAHVV AVRVVVTDYY WY
GNM13455                        -ARSDLSTDD EDENKEEEKN KQTEHFFFFV SAGGGGGGGT GHICIVIQII IIIVISTVVK TQDKKKKHLT KKKSLLMILL GNNNHPPPAE TQIHLKRKRR RRVATSTTVV IRTFLAVVVI LPIVVVYDFI YY
GNM14938                        -AAVAMALDD EDESNEEEEE KQTIVFFFFV YGGGGGGGPG GHIVFVIIIM LIIVVITIVE EKGKKKKRLK KKKAILLMVQ GRNNLPPPPP SLTGVKEKRR RRTTTTVVIK MKTVVFVVLV VVVLVVYEQY FY
GNM14483                        -TAADVVADD DDEHDEEQEE EKKTKFFFFV SADGGGGGGG GHLIVVLVVI IIIIVTTIVL TKGKKKKSLK KKKSLLLMLL GNNNQPPKPE SQSNHRKKRN RRTATTTCVI IVTVVVAVIV VIVVTVYRYY YY
GNM14872                        -ASADTAVDD EDEDKEESTE QKKKKFFFFI SAGGGGGGGS SHIVVVIFII IVVVIVKIVA TKGKKKKALK KKKSLLVMKQ GNNSQPPKAA AQENHKRRRT RREATTTTLV VRTVVAVIVV VVQVVVYDFY YY
GNM13855                        -ASSNVAVDD DDEDQEESSE QKTKQFFFFV SAGGGGGGGS GHLIIVIFII IILIIITIVE KNGKKKKTNT KKKSILLMKS GNNNSPPSST SQTNHKKKRR RRVATTTTVV LHTTIIVVVV SVVVIVYNFY FY
GNM14445                        -AASDTSVDD DDEDDEEEED QKRTKFFFFI SAEGGGGGGG GHLIIFVYII IVIVVIEVIE SKGKKKKFLK RKKSLLLMFQ GNNNQPPPPK TQTNHKKKRR RREATTTCVV IRTVVSVAVV VVVVILYRYY FY
GNM14404                        -AAAALAIDD EDEDGEESMD EKKTTFFFFV TAKGGGGGGA GHHIIVIIII IIILIVDVAA EKDKKRKTLK KRKAVLLMVQ GNNNPPPPPK SQTGYRKKRE RRISTTTVIV IQTVILIVVV VVVVVVYRYY FY
GNM14545                        -AAAALAIDD EDEDGEESMD EKKTTFFFFV TAKGGGGGGA GHHIIVIIII IIILIVDVAA EKDKKRKTLK KRKAVLLMVQ GNNNPPPPPK SQTGYRKKRE RRISTTTVIV IQTVILIVVV VVVVVVYRYY FY
GNM14366                        -ARADAATDD DEENGEQYKN KKTDHFFFFI AAGGGGGGGT KHICIFVQII IVVVIQKVVQ TEDKKKKHLN KRKSLLMLLA GDNTHPPPPE TQLNLKKKRR RRVATTTTIV IYTVLAVIVV VSRVTVFNYI YY
GNM14252                        -AKTDLATDD EDESKEEEKT KETEHFFYFT AAGGGGGGGT GHICIVIQII IIIVVVKVVE TEGKKKKLLE KKKSLLMIQL GNNNHPPPPE TQVHLKHKRR RRIATTTTIV IRTFLAVVII LPMVVVYNFI YY
GNM13760                        -AKTDLATDD EDESKEEEKT KETEHFFFFV AAGGGGGGGT GHICIIIQII SIIVIAKVVE TVGKKKKSLN KKKSLLMILL GNNNHPPPPI TQVHLKKKRR RRISTSTTIV IRTFLALVII LPVVVVFNYI YY
GNM13982                        -AGTDMATDD DDESKEEEKT KDTEWFFFFK AAGGGGGGGS GHLCILIQII VIIVIKTVVE TQGKKKKTLE KKRSILMLYN GENNHPPPPE TQVNLKKKRR RRVSTSTTVV IRTVISVVVV VPWVVVFNFI YY
GNM13960                        -AKSDLAVDD DDENKEQSTT KETAYFFFFI AAGGGGGGGS DHLCIIIQII IIIVIKKVVD NQGKKKKHLD KKKSLLMLLL GNNTHPPPPQ TQVNLKAQRQ RRTSTSTTIV IKTVISVVVV VVKVVVFNYI FY
GNM14633                        -ANTDMATDD DDESKEEEKT KETEWFFFFK AAGGGGGGGS GHICILIQII IIIVVKTVVE TQGKKKKTLE KKRSILMLYN GENNHPPPPE TQVNLKNKRR RRVSTSTTIV IRTVIAVVVV VPWVAVFNFI YY
GNM14853                        -ANTDMATDD DDESKEEEKT KETEWFFFFK AAGGGGGGGS GHICILIQII IIIVVKTVVE TQGKKKKTLE KKRSILMLYN GENNHPPPPK TQVNLKNKRR RRVSTSTTIV IRTVIAVVVV VPWVAVFNFI YY
GNM14174                        -AAADVSLDD EDEDKEEETE EQETTFFFFK RASGGGGGGS GHHIIIVTII IITIIVEVVD NKDKKKKTKK RKKSVLLMVQ GNNNPPPVSQ SQEGLKKRRQ RRKSTTTVIV LNLVVVVVVV VVVVVVYKFY FY
GNM14138                        -ASAEVALDD DDNDKEQEEE NQQKIFFFFN SAGGGGGGGS GHHVIVITII IIVIIVNIVE KTGKKKKTKK RRKSVLMMLN GNNNPPPEPE TQTGTKKERE RRISTTTTIV LRTIIVAVFV VIMVIVYKFY FY
GNM14055                        -ANSDLATDD DDENKEESKT KETAHFFFFV AAGGGGGGNT NHLCIIIQII IIIVIKKVVE REGKKKKHLN KKRSLLMLLL GENNHPPPYV TQVNLKKKRQ RRTSTSTTIV IKTVISVVVV VPWVVVYNYI YY
GNM14748                        -AKTDLATDD EDESKEEEKT KETEHFFFFK AAGGGGGGGT GHLCIVIQII IIIVVVTVVE TVGKKKKTLN QKKSLLMIQL GNNNHPPPPE TQIHIKVKRR RRVAATTTIV IRTFLAIVII LPVVVVFNFI YY
GNM14246                        -AAADVALDD DDEDKEEEEE KDQIIFFFFV SADGGGGGGS GHHIIIITII IIIIVTEVVE SRGKKKKTKK RKKSVLLMVR GNNNPPPEPE SQTGKKKRRQ RRSSTTTTIV LCTVLVVVVV VVMVVVYRFY FY
GNM14640                        -AAADIALDD EDEDREQEEG KRQTTFFFFI SASGGGGGGS GHHIIIITII IIIIIVLVVE KNEKKKKTKK QKKSVLLMVN GNNNPPPEPE SQTGAKKRRQ RRMSTTTTIV LGTVVVVVVV VVIVVVYKFY FY
GNM14965                        -ASSDTALDD EDENDEESKE VRQTKFFYIT SAGGGGGGGS NHILILIFIM IILVIIKMIE EEGKKKKILK KKKSILLMIQ GNNNQPPRPQ SQENNKQKRR RRTATTTTLV IRTVVVAVVV VVVVLVYGSY FY
GNM13677                        -AAASLAVDD DETDGEEERE KVTIIFFFIR YAGGGGGGGG KHIAAFIIII IIIIVVNIVD REGKKKKVKK KPRSLLMAFN GNNNPPPAVQ TQTGHKKKKR RRQSTTTVIK LVVFILVVVV VVVVVVMRSY YY
GNM14339                        -AGILLAVDD DDEDNEEEVF KQSIEFFFFV YSGGGGGGDG DHNIIIITII LVIVIIQIVQ EKGKKKKRLQ RTRALLLMIQ GRNNLPPKPT SLTGIRRKKK RRQSTSAVIK RKTVVVVVLV VVPVVVYRQY YY
GNM14593                        -AAAALALDD EDEDDEEEEQ RQTIVFFFLK YAGGGGGGGG EHIFLVIIIM IIIVILHIVD ERGKKKKKLQ KRKAILMMIS GNNNPPPKAQ NQTGIKKKRR RRETTTTTIK LKTVIIVVVV VVVVIVFRTY YY
GNM13825                        -AAVAIALDD EDESNEEYEE KQTLVFFFFV YGGGGGGGPG GHVVFVIIIM IIIVVVTIVE EKGKKKKRLK KRKAILLMVQ GRNNLPPPPQ NLTGVKEKRR RRTTTTVVIK MKTVVFVVLV VVLLVVYNQY FY
GNM14768                        -AAAALAVDD EDEDDEEEQE RQKITFFFLI SAGGGGGGGG GHIIIIVIII IIIVIVEVVE RKGRKKRSLQ KKKSILMMIQ GNNNPPPRPE TQTGYKKKRK RRESTTTTIK LKTVIIVIVV VVVVVVYRAY FY
GNM14776                        -AAAALAVDD EDEDDEEEQE RQKITFFFLI SAGGGGGGGG GHIIIIVIII IIIVIVEVVE RKGRKKRSLQ KKKSILMMIQ GNNNPPPRPE TQTGYKKKRK RRESTTTTIK LKTVVIVIVV VVVVVVYRAY FY
GNM14715                        -AASDVVADD DDEREEEHEE EKKAKFFFFI SAGGGGGGGG GHIVVVIMII IVIVVITVVD KKGKKKKSLK KRKSLLLMLL GNNNQPPKPV SQTNLRQKRN RRSATTTSVV IVTVVVVVVV VAVVVVYRYY FY
GNM14639                        -AAADLALDD DDEDNEEEQE EKKHSFFFFI HAGGGGGGGG NHIFIIVYIV IIIVVLSVLE KKGQKKKYLK KKVSLLLMFR GNNNQPPPPE SQTGHKKRKK RRSATTTCVV VVTVVAVVVV VVVIVVYRSY YY
GNM13795                        -AKTDLATDD EDESKEEEKT KETEHFFFFK AAGGGGGGGT GHLCIVIQII IIIVVATVVE TVGKKKKTLT QKKSLLMIQL GNNNHPPPPE TQIHIKVKRR RRIAATTTIV IRTFLAIVVI LPVVVVFNFI YY
GNM14166                        -ANSDFATDD DDETGEQEKT KKTKRFFFFV AGGGGGGGGS AHIIVIVQLI IVIVILKVVD SQDKKKKHLT KKKSLLMLLQ GANTHPPPAP TQQKHKRKRN RRVATTTSLV IETVIAVVIV VPFVVVFNYF YY
GNM13993                        -ASADFATDD DDEDDEEESE KESVSFYFFI GAGGGGGGGS GHHIIILYLL IVIVTLSIVD QTSSKKKTLE KKRAFLLLFQ GNNNLPPPNI TQTGVKKKRN RRSATTTSIV TVTIITAAIV VVIVTVFNFY YY
GNM14450                        -AGADTAIDD EDENKEESNE ESKTKFFFFV AAGGGGGGGS KHVIIIIIVI IIILIVTIIE KSDKHKKAKN KRKSLLLMFI GNNNAPPPPE SQLNSKNKRR RRSSTTTCLV IKTIIIIVIV VVVVIVYDFY YY
GNM13515                        -AGTDMATDD DDESKEEEKT KNTEHFFFFL AAGGGGGGGT NHICILIQII IIIVIKQVVD TTEKKKKQLE KKRSLLMIYN GENNHPPPPD TQIRLKKKRR RRTSTSTTIV IKTVIAVVVV VPWVVVFNFI YY
GNM14959                        -AALVVALDE DDENNREATE TQELEFVFFI SAKGGGGGKS GHHIIVVMIM IIVIIVKLVE DKGKKDKILR RRTGVLLMIL GNNNRPPPKE NQTGIKNVRR IISSTTFVIS VARVVVVVLV VTPAVVYGFY WY
GNM13413                        -AAAEVAVDD EDRDKEEETE SDETSFFFFI SAGGGGGGGG GHHIIIVMII IIVIIITVVE EKEKKRVTKK RTRAVMLMVR GSNNRPPPDV SLTGRKKKKR RRKSSTTVIV LARVVVVIVV VVHVVVYDFY YY
GNM15005                        -AKSDLAVDD DDENKEQSNT KETAYFFFFI AAGGGGGGGS DHLCIIIQII IIIVIKKVVD NQGKKKKHLD KKKSILMLLL GNNTHPPPPQ TQVNLKAKRQ RRTSTSTTIV IKTVISVVVV VVKVIVFNYI FY
GNM14992                        -AKSDLAVDD DDKNKEQSKT KETIYFFFFI AAGGGGGGGS DHLCIIIQIV IIIVIKKVVK NQDKKKKQLD KKKSLLMLLL GNNTHPPPPQ TQVNLKMKRQ RRVSTSTTIV IKTVIAVVVV VVKVVVYNYI FY
GNM14994                        -AKTDLATDD EDESKEEEKT GETEHFFFFR SAGGGGGGGT GHICLVIQIV IIIIIATVIE TVGKKKKTLV KKKSLLMIQL GNNNHPPPPV TQIHIKVKRR RRVATTTTIV IRTFLAVVII LPVVVVFNFI YY
GNM15013                        -AKSDLAVDD DDENKEQSKT KETAYFFFFI AAGGGGGGGS DHLCIIIQII IIIVIKKVVD NQGKKKKHLD KKKSLLMLLL GNNTHPPPPQ TQVNLKAQRK RRTSTSTTIV IKTVISVVVV VVKVVIFNYI FY
GNM15014                        -AKSDFAVDD DDKNKEQSKT KETIYFFFFI AAGGGGGGGS DHLCIIILIV IIIVIKKVVK NQGKKKTQLD KKKSLLMLLL GNNTHPPPPQ TQINLKMQRQ RRVSTSTTIV IKTVIAVVVV VVKVVIFNYI FY
GNM14976                        -TSSRLAV-K RRENKEK-ND EENVYF-FFI ANR-GGGWG- DHLCIIIQCI IIHCI-KIVK NQGKKKKHLD KKKSL-MLLY GRNT-PPPPQ T-VNLKA-RQ -RYSTIFT-- IKTVNSVVVC VCKVVN-GYI F-
GNM14995                        -AKADLATDD DDESNEESKT KQTEHFFFFV AAGGGGGGGT DHLCIIIQIV IIIVIKNVVK KQDKKKKQLD KKKSLLMLLL GENTHPPPHE SQVNLKKKRR RRVSTTTTIV IRTVISVVVV VAWVIVYNYI YY
GNM14999                        -AKSDLAV-I DDENKEQ-NT KETVYFFFFI AAG-GGGGGS DHLCIIIQII IIIVI-KVVD NQGKKKKHLD KKKSL-MLLL GNNTIPPPPQ TQVNLKP-RQ VRTSTSTT-C IKTVISVVVV VVKVVI-IYI F-
GNM15018                        -ATTDLATDD EDENKEEEKT KETEHFFYFS AAGGGGGGGT GHICIVIQII IIIVVVTVVE TEGKKKKLLE KKKSLLMIQL GNNNHPPPPT TQIHLKHKRR RRIATTTTIV IRTFLAVVVV LPMVVVYNFI YY
GNM15025                        -AVSDLAADD DEENKEQFKT KDTEYFFFFT AAGGGGGGGT DHLCIVVQII IIILVKKVVQ NNGKKKKSLD KKKSLLMLFA GENTHPPPPI TQVNLKKKKQ RRTSTSTTIV IRTVIAVIVV VPWVIVFNSI YY
GNM14980                        -ATTDLATDD EDENKEEEKT KETEHFFYFS AAGGGGGGGT GHICIVIQII IIIVVVTVVE TEGKKKKLLE KKKSLLMIQL GNNNHPPPPT TQIHLKHKRR RRIATTTTIV IRTFLAVVVV LPMVVVYNFI YY
GNM15000                        -ATTDLATDD EDENKEEEKT KETEHFFYFS AAGGGGGGGT GHICIVIQII IIIVVVTVVE TEGKKKKLLE KKKSLLMIQL GNNNHPPPPT TQIHLKHKRR RRIATTTTIV IRTFLAVVVV LPMVVVYNFI YY
GNM15026                        -ARTDLATDD DDENKEQFKT KDTEYFFFFV AAGGGGGGGT NHLCIIIQII IIILIKKVVQ NEGKKKKQLD KKKSLLMLLL GENTHPPPPD TQINLKKKKQ RRVSTSTTIV IKTVIAVVVV IPWIIVYNSV YY
GNM15001                        -ATTDLATDD EDENKEEEKT KETEHFFYFS AAGGGGGGGT GHICIVIQII IIIVVVTVVE TEGKKKKLLE KKKSLLMIQL GNNNHPPPPT TQIHLKHKRR RRIATTTTIV IRTFLAVVVV LPMVVVYNFI YY
GNM15027                        -AAAHLAVDD DDEDKEEETE QKTITFFFFT CAGGGGGGGG GHIVIVLYIV IIIVIIKVVA KTDKKKRHLK KKKSLLLMLQ GNNNQPPPPK TQTGYKEKRS RRQATTTCIV VRTIVAAVVV VVVVVVYRYY FY
GNM11003                        -AAAKVSVDD EDTDNEEKEE KVETEFFLIR NAGGGGGGPA NHHIVLIIIM IIIIIISIVE TKGKKFKKKK KSKRIGLMLR GNNNRPPPIK SQTYQYKKKQ RRTTTSTVIV LLRVVLLIVV VVLVVVYGFY YY
GNM11023                        -AAAKVAVDD SDSDDEEEEE KEEKEFFFFI GAGGGGGGPA GHHIIVVLII IIIVIITVVE SSGKKKKKKG RKKGVMLMIL GNNNRPPPLE NQQGIKRRKR RRQSATTVIK LARVVIVMFV VVMVVVYDYY FY
GNM11055                        -AAAEVANDD QDEYNEEKEE SERTTFFFLR HAGGGGGGGG DHHIIVVILI IIYIVIQIVE TVGQKKRKKE RKKGLQLLIQ GNNNPPPPPE KQKGIHKKKE RREATTTAIV MAEAVFLVVC VIVVVVVRYY FY
GNM11146                        -AALLVSVDN DDEENREASE AQEIAFIFFI SAKGGGGGQS GHHIIIVLII IIVIVVELVD NKGKKKKTLK KRTGVLLMVL GNNNRPPPKE SQTFVKQSRR PIQATTFVIS TARVVVVVVV VVPVVVYGYY WY
GNM11219                        -AAAAVAVDD EDQDDEQEVE QVEKEFFFFE RAGGGGGGGA GHHIIVVLII IIIVIVEIVD SSGKKKQKRR KRRSVLLMLQ GNNNLPPPPD NQTKIKRKRG RRYVTTTTIK LARVVIVVVV VVVVIVYRYY FY
GNM11220                        -AAAKVALDD DDEDGEEQEE EKKTVFFFFY SAQGGGGGGG GHHIIVILII IIVVIVEIVE QRDKKKRRLK RKRAVLLMVN GNNNPPPPPE SQTGVRKKRR RRSATTTVIV LATVVIVVVV VVVVVIYGYY FY
GNM11223                        -AAADVALDD EDEDDEEERE KAQIVFFFFV SAGGGGGGGG NHHIIVVIIV IIIIMIEVVE RIGKKKKEKE RKKSVLLMVL GNNNPPPEPD SQTGLKKKKR RRKSTTTVIV LCTVVIVVVV VVVVVVYKYY FY
GNM11224                        -AAADVALDD EDEDDEEERE ETQIIFFFFV SAGGGGGGGG NHHIIVVIII IIIIIIEVVE RIGKKKKEKE RKKSVLLMVL GNNNPPPEPE SQTGLKKKKK RRKSTTTVIV LCTVVIVVVV VVVVVVYKFY FY
GNM11358                        -ASSHVAVDD DDEDHEESKE QKTKQFFFFV SAGGGGGGGS GHLIIIIFII IILIIITIVE NTGKKKKTNT KKRSILLMKS GNNNSPPTAV SQTNFKKKRR RRTATTTTVV LHTAIVIVVV SVLVIVYNFY FY
GNM11360                        -ARTDLSTDD EDENKEEEKN KQTEHFFFFV SAGGGGGGGT GHICIVIQII IIIVISTVVK TQDKKKKHLT KKKSLLMILL GNNNHPPPAE TQIHLKRKRR RRVATSTTVV IRTFLAVVVI LPIVVVYDFI YY
GNM11362                        -AAADVAVDD EDEDKEEAKE EKKESFFFLV SAGGGGGGGA GHIIVVVIII IIIVIIQIVD SKGKKKKEKH KKSSLLLMMN GNNNIPPPPD SQLNLKEKRR RRSATTTCIV IHTVVMVVVV VVVVVVYGHY YY
GNM11367                        -AGTDMATDD DDESKEEEKT KDTEWFFFFK AAGGGGGGGS GHLCILIQII VIIVIKTVVE TQGKKKKTLE KKRSILMLYN GENNHPPPPE TQVNLKKKRR RRVSTSTTVV IRTVISVVVV VPWVVVFNFI YY
GNM11377                        -ASADTAVDD EDEDKEESTE QKKKKFFFFI SAGGGGGGGS SHIIVVIFII IVVVIVKIVA TKGKKKKTLK KKRSILVMKQ GNNSQPPKAA AQENHKKRRT RREATTTTLV VRTVVAVIVV VVQVVVYDFY YY
GNM11380                        -ANSDFATDD DDETGEQEKT KKTKRFFFFV AGGGGGGGGS AHIFIIIQLI IVIVILKVVD SQDKKKKHLS KKKSLLMLVQ GANTHPPPAP TQQKHKRKRN RRVATTTTLV IETVISAVIV VPFVVVFNYF YY
GNM11383                        -AMADAAVDD DEENKEQHKN KKTDYFFFFV AAGGGGGGGT KHLCVFVQII IVTVIQKVVD TEDKKKKLLN KKQSLLMLLA GENNHPPPPD TQINLKKKRR RRAATTTTIV ILTIVAVVVV VSHVTVYNYV YY
GNM11491                        -AGADLAADD EDESAEEEST KDTEHFFFFK SAGGGGGGGS -HICV--QLI IVIVVVEVM- SKGKKKKHLV KKKSLLLLLQ GNNNH-PKA- TQGNLKKKRR RRVATTTTVV IRTVVAAVIV VSVIQVYNYI YY
GNM11804                        -AAAEVANDD NEEVNEEKEE SESREFFFLR HAGGGGGGGG GHHVIVILIM IITIIIEIVE EKGKKLRKLE RKRTVQLLVQ GNNNVPPPPE KQKGVKKKKE RRTSTTTAIV MAEAVFVVVC VVVVVVVRYY FY
GNM11805                        -AAADIGADD DRENNGEKER KREHSFFFFI AAGGGGGG-G GHEFLLILIM IVIVILSIIE DKGKKFSNLN RKYSIQMVIR GNNLAPPKPK RDSGHEKGKK RRSTTTTCIV IYKVIWLDLM VVKVVVLHFY FY
GNM12883                        -AAADTAVDD EDEDKEESTE AKQKKFFFFV SAGGGGGGGS SHIVIVAFII IVVVVVKIVA SKGKKKKAMK KKKSVLLMKL GNNSQPPKPE SQENQKTRRE RRTATTTTLV VKTVVALIVV VVQVVVYNFY YY
GNM12886                        -ASSDTAVDD EDEDKEESTE VKQKKFFFFV SAGGGGGGGS SHIIIVAFII IVVVIIKIVA AKGKKKKSLK KKRSLLLMKL GNNSQPPKPE SQEHNKRRRK RRNATTTTLV VRTVVALIVV VVIVIVYDFY YY
GNM12895                        -AGADTAIDD EDENKEESNE ESKTKFFFFV AAGGGGGGGS KHVIIIIIVI IIILIVTIIE KSDKHKKAKN KRKSLLLMFI GNNNAPPPPE SQLNSKNKRR RRSSTTTCLV IKTIIIIVIV VVVVIVYDFY YY
GNM13060                        -AAAAAACDD DDDDDEEEEE EEEDEFFFFF FGGGGGGGGG GHHIIIIVII IIIIIITIVE QKKKKKKKKR KKRKLLLLLN GNNNPPPPPI QQQKRKKRRK RRRSATTTVV VVVVVVAVVV VVVVIVYYYY YY
GNM13061                        -ASASAACDD DDDDNEEEEE SEENEFFFMY HAGGGGGGGS GHHIVIVIIM IIIIIIEIVA SKGKKKTRNK KKKKLLLMYN GNNNPPPPPK QQQRRKERRI RRSSSTTTVV IRTAVVVVVV VVVVVVYNYY YY
GNM13062                        -AASDIVADD DDENREEHEE EKKTKFFFFV SAGGGGGGGG GHIVVIMVII IVIVVITIVE VKGKKKKTLK KKKSLLVMLL GNNNQPPKPA TQTNLKEKRN RRSATTTCLI ISTIVVAVVV VVVVTVYRYY YY
GNM13064                        -ASADFATDD DDEDDEEESE KESVSFYFFI GAGGGGGGGS GHHIIILYLL IVIVTLSIVD QTSSKKKTLE KKRAFLLLFQ GNNNLPPPNI TQTGVKKKRN RRSATTTSIV TVTIITAAIV VVIVTVFNFY YY
GNM13066                        -ASAEFATDD DEEDGEEESE KESISFYFFI GAGGGGGGGS GHHIVILYLL IVIVTLNIVE QTPNKKKTLE KKRALLLLFQ GNNNLPPPNI TQTGVKKKRN RRSATTTSIV TVTIITAAIV VVIVAVFNFY YY
GNM11032                        -AGILLALDD DDENNEEERD RQKTEFFFFI NGGGGGGGQG GHHMIVITIM LVVVILQVVD QSGKKKKILQ RKRKILMMTA GRNNLIPPPR NLTGVKEKKK RRESTTVVIK RKTVVIVVLV VVPVVVYEQY FY
GNM11034                        -AAVAMALDD EDESDEEQEE RQTTVFFFFV YGGGGGGGPG GHTVFVVIIM LIIVVVTIVE EKGKKKKRLK KKRAILLMVQ GRNNLPPPPP NLTGVREKRR RRVTTTVVIK MRTVVFVVLV VVVLVVYKQY FY
GNM11363                        -AAADVAVDD EDEDKEEAKE EKKESFFFLV SAGGGGGGGA GHIIVVVIII IIIVIIQIVD SKGKKKKEKH KKSSLLLMMN GNNNIPPPPD SQLNLKEKRR RRSATTTCIV IHTVVMVVVV VVVVVVYGHY YY
GNM11375                        -AKTDLATDD EDESKEEEKT KETEHFFFFV AAGGGGGGGT GHICIVIQII SIIVIAKVVE SVGKKKKSLE KKKSLLMILL GNNNHPPPPI TQVHLKKKRR RRISTSTTIV IRTFLALVII LPVVVVFNYI YY
GNM11381                        -AVADAAVDD DDENKEEHKN KKTDYFFFFV AAGGGGGGGT KHLCVFVQII IITIIQKVVQ TEDKKKKLLN KKKSLLMLLA GENNHPPPPE TQINLKKKRR RRVATTTTVV ILTVIAVVVV VSHVTVYNYI YY
GNM11382                        -ANAHAATDD DEENKEQYKQ KKSEYFFFFT AAGGGGGGGT KHICIFVQII IVVVIQKVVA TEDKKKKHLT KKKSLLMLLS GENTHPPPPD TQLNLKKKRR RRTATTTTIV ILTIVTLVVV VSHVTVFNYI YY
GNM11799                        -AKSDLAVDD DDKNKEQSKT KETTYFFFFI AAGGGGGGGS DHLCIIIQIV IIIVIRKVVK NQGKKKKQLD KKKSLLMLLL GNNTHPPPPQ TQVNLKMKRQ RRVSTSTTIV IKTVLAVVVV VVKVIVYNYI FY
GNM11841                        -ALTAISVDD EEERDEERSE DESHTFFFLR AAGGGGGGGG DHHFILILIM IITLVIDIVE EEGDEKNTNE RNRSIQMMQQ GDNNVPPDPE QQTGVGTKKE RRESTTTTVV TQEVVFAFVV VIHVVVTDYY WY
GNM11931                        -ALTDVSVDD EEQREEEESE DESHTFFFLR AADGGGGGGG DHHFVIILIM IITVVITVVD EEGDEKDTEE RTRSLQLMVQ GDNNTPPPAE QQSGVKQKKA RRVSTTTTVV TEEVLFAHVV VVRVVVVDYY WY
GNM12040                        -ALTDVAVDD EMETDEEQSE DETHTFFFLR AAGGGGGGGG NHHIVIILIM IITVVISVVE EEGNEKSTND RTRSLQMMVQ GDNNTPPPSE QQTGIEPKKS RRQATTTTVI TESVLFAYVV VIRVVVTDYY WY
GNM12071                        -ALTAVAVDD ETERDEEESE DESHTFFFLR AAGGGGGGGG DHHIVIILIM IITVVISVVD EEGDEKTTND RTKSLQMMTQ GDNNTPPPQE QQTGVTPKRA RRQATTTTVV TEEVLFAYVV VIRVVVVDYY WY
GNM12125                        -AAAAVALDD DDEDDEEEEE QQETTFFFFI AAKGGGGGPG GHHIIVVLIV IIIVIIEVVE SKGTKKKTKK RKKAVILMIQ GNNNRPPPPR TQTGVKKKKE RRKSTTTVIV LARVVIVVVV VVMVVVYDYY FY
GNM12126                        -AAAKVALDD RDHDDEEAEE QVETEFFFFV AAGGGGGGPA GHHIIVVIII VIIVIIEIVE ERGTKFKKKK RTKAVMMMVQ GNNNRPPPPD SQTNEKKRKK RRKSTTTVIV LARVIVVVVV VVLVVVYEFY WY
GNM12128                        -AAAALALDD KDESNEEESE EVETQFFFFR AAGGGGGGGA GHHIIIILIV IIIIIISVVE ESGKKKKKKK RKRSVVLMVM GNNNRPPPPD NQTYLKKKRK RRRSTTTVVV LARVVIVVIV VIVAVVYDTY WY
GNM12182                        -AVAKAALDD EDTDDEEKEE KVETSFFLFV NAGGGGGGPS GHHFIIIIII IIVIIITIIS NKNKKFKKKN RRKKVSLMIT GNNNRPPKVQ TQQYQYKKKK RRTTSTTVII TVRVVIVIVV VVMVVVYDFY YY
GNM12342                        -AAAKVALDD EDERNEEEEE SKTKRFFFFR HAGGGKSGEG NHHIIVILIM IIIVIIQIVE EKGTKRSVGE RKRAVQLMIQ GNNNPPPGPK KQTGIKRKKN RRKATTTVIV MRTVVIVRVV VIMVVVVGYY FY
GNM12346                        -AAADVAIDD DKGEKEESQE QETTSFFFFT KAGGGGGGGG GHHMIIVLII IIVVIITIVQ TKGKKRKTKE RRRSLQMMVQ GNNNPPPQAE QQSGTHNKRK RRTATCTTIV TAETLYVVVL VVVVVVTKYY YY
GNM12351                        -AKSDVANDD DENFKEEDTE SNSKTFFFLV KAGGGGGGGG GHHMIIILIM IIIVVITIVE TSGSKFKSKD RKKSLQMMFQ GNNNPPPPPS QQVGVHNKKT RRKSTTTTIV MTEAVYVVFV VALIVVVRYY FY
GNM12356                        -AAAKIALDD EDDINEEEEE SKTTRFFFLK HAGGGKAGEG SHHIIIILIM IIIVIITVVE EKGKKRSVGE RRRSVQMIVQ GNNNTPPGPE KQSGIKTKKK RRKATTTVIV IAEVVFIRVT VVMIVVVGYY FY
GNM12357                        -AAAFVALDD EEDDNEEEEE SKSTRFFFLT YAGGGKSGDG NHHIIIILIM IIIVIINVVE EKGTVRSAAD RKKSVQLMIQ GNNNTPPGTE KQTGTKKKKQ RRKATTTVII IREVVYVRVV VVMVAVVGYY FY
GNM12366                        -AAAFVALDD EEDENEEEVE NKSKKFFFLT YAGGGKSGEG NHHIIIILIM VIIVIISVVG EKGTVRTVAE RKKSVQLMVQ GNNNTPPGPE KQSGIKKKKQ RRKATTTVII MREVVYVRVV VVMVFVVGYY FY
GNM12373                        -AAATLALDD DEGTDEESEE QANKTFFFMY QAGGGGGGEG GHHSLFILVI IIILIITVVK TKGKKRKTKE RRKAVQMMKQ GNNVPPPSAE QNSGEHNRKG RRKNTCTVIV LKEVLYIVVI VVVVVVTNYY YY
GNM12385                        -AAAKTALDD DETDNEEETE GQTRVFFFMI QANGGGGGEG GHHIAVILII IITVVIDIVP TSGTKRKTKD RTRALQMMLH GNNNPPPPPE QNAGERKRKK RRKSTTTVIV MEEVILVVLV VIILQVTKYY YY
GNM12551                        -AAAALAVDD QDEEKEEEEE QDRKTFFFFV VAGGGGGGDG DHYQIVIMLP IIIILIEIVD EKQEKRKTKE KKYAVQLMIQ GNNNPKPPPK EQTGYKEKNE RRISMTTTIV IKEVVIIVVV VVVVVVVDYY HY
GNM12554                        -AAAKVALDD DEASQEEQAE AQTRVFFFVY KANGGGGGEG GHHCAVILII IIVVVMKIVD KTGIKRKTKD RRHALQMMLH GNNNPPPPAR QNTGERDRKK RRKSTTTVIV MEEILFVVLV VVALLAVNYY FY
GNM12592                        -MAAAVALDD DESEGEEEEE GARRSFFFLF KAKGGGGGGG GHHIILILII IILIVLDVVD QKDNRFKRKD RRRAVQMMIQ GNNNVPPPPD QQTGARTKRK RRESTTTVII MAEVIIVVVV VVVVVVVGYY FY
GNM12596                        -AKADVAVDD NDGKKEEQTE SDTKEFFFLF KAGGGGGGGG GHHVIIILIM IITVIISIVE STGKSFKTKE RKKSFQMLLQ GNNNPPPPPE QQNGIKKKKR RRKATTTTII MAEAIFVVLV VVIVVVVRYC FY
GNM12602                        -AKADVAVDD NEGKKEEQTE SDSKEFFFLI KAGGGGGGGG GHHMIIILIM IITVIISIIE STGKTFKTLE RKKSFQMLFQ GNNNPPPPPE QQNGIKKKKK RRKATTTTII MTEAVFVLLV VVLVVVVRYC FY
GNM12665                        -AKADVAVDD NEGTKEEQTE SESIEFFFFI KAGGGGGGGG GHHILIILIM IIVIIISIVE SKGKNFKTKE RKKSFQMLLQ GNNNPPPPPE QQSGVKKKKK RRKATTTTII MAEAVFVVLV VVLVVVVRYC FY
GNM12745                        -MAAHVAIDD EDDNKEEDEE KQTYKFFFFK SAGGGGGGGG DHHIIIILIM IITVILTIVE TKGKKRKTGH RKKSVQMMIQ GNNNPPPNPP TQDGTKKKRS RRSATTTVII MRTVIIVVVV VVIVVVVGYY FY
GNM12749                        -AAAVVSLDD DEVDEEESNE GVTTQFFFMS YASGGGGGPG GHHCCVILII IITVVISIVS TKGTKRKHKK RRRSLQMMMR GNNNPPPPPS QSTGESRRKS RRKSTTTTIV MALVVLVVLV VVLIVVVDYY YY
GNM12758                        -MAAHIALDD DEEKDEESEE KATTSFFFFT HAGGGWGGGG GHHIIIILIM FIEVILDIVD TKGKKRKTKE RKKAVQMMIQ GNNNPPPPPP SQTGVRRKRS RRQATTTTIV MRRVIVVVVV VVVVVVVGYY FY
GNM12763                        -MAAHLALDD DKEKREESEE KSTKSFFFFV HADGGGGGGG EHHIIIILIM IIYVILDIVD KKGKKRKKKK RKKAVQMMIQ GNNNPPPPPQ SQTGITKKRK RREATTTTIV MKKVIIVVVV VVVVVVVRYY FY
GNM12766                        -AAAKIALDD EDDVNEEEEE SKTKRFFFLR HAGGGKSGEG NHHIIIILIM IIIVIITIVE DKGTKRTINE RKKAVQLMIQ GNNNPPPGPE KQTGIRKKKK RRKATTTVIV VKTVVFVRVV VVLVVVVGYY FY
GNM12841                        -ALTDVSVDD EEERGEEESE DESHTFFFLK AAGGGGGGGG EHHFVIILIM VITLVITVVD TEGSEKSTNE RSRSVQMMMQ GDNNTPPPPE QQTGVSPTKT RRESTTTTVV TEEVVFAFIV VVRVVVTDYY WY
GNM12849                        -ARTHLSTDD EDENREEEKN KQTEHFFFFI SAGGGGGGGT GHVCIVIQII IIIVIVKVVA TEDKKKKHLV KKKSMLMLLL GNNNHPPPSD TQVHLKKKRR RRVATSTTVV IRTFLAVAVI LPIVVVYDFI YY
GNM12869                        -ATTDLATDD EDENKEEEKT KETEHFFFFS AAGGGGGGGT GHICIVIQII IILVVVTVVE TEGKKKKLLE KKKSLLMIQL GNNNHPPPPE TQVHLKHKRR RRIATTTTIV IRTFLAVVII LPMVVVYNFI YY
GNM12896                        -ANSDFATDD DDETGEQEKT KKTTRFFFFV AGGGGGGGGS AHIIIIIQLI IVIVILKVVD SQDKKKKHLT KKKSLLMLVQ GSNTHPPPAP TQQKHKKKRN RRVATTTTLV IETVIAAVIV VPFVVVFNYF YY
GNM12897                        -ANSDFATDD DDEAGEQEKT KKTKRFFFFT AGGGGGGGGS SHIFIIIQLI IVIIVLKVVD SQDKKKKHLT KKKSLLMLVQ GSNTHPPPAP TQQKHKKKRN RRVATTTTVV IETVIAAVIV VSFVIVFNYF YY
GNM12902                        -AAAKVGADD DREIDEEKER KRNESFFFFS SAGGGGGGDG DHEITILLIM IVTIILQIVD TKGKKFSKLK RRYSLQMLMR GNNLAPPKPK RETGIHKGKK RRSTTTTCIV IYEIIWADLI VVVVVVLHFY FF
GNM12903                        KAALLLAVDE EDEENRQGEE KQELTFVFFT SAGGGGGGKS GHIFLVILVM IIVIVVSLVK SKGKKDKKLR KHEGVVLMIA GANNRPPPKE LTTGVKNYKK PIETTTFVIS IKRVIYVILV VVPVVVVGYY WY
GNM12906                        KAALLLALDE EDEESRQGEE KQELVFVFFT SSGGGGGGKG GHIFLVILIV IIVIIVNLVK SKGKKDKKLK KHEGVVLMIA GSNNRPPPKE LTTGVKDVKK PIETTTFVIS IKRVVYVILV VVPAVVVGYY WY
GNM12907                        KAALLLALDE EDEENRQGEE KQELVFVFFV SAGGGGGGKS GHIFLVILIM IIVIVVKLVD AKGKKEKKLK KREGVVLMIA GANNKPPPKP LQTGTKEYKK PIETTTFVIS LKRVVYVILV VVPVVVVGYY WY
GNM12909                        KAALLLAIDE EDEENRQGED KQELTFIFFV SAGGGGGGSS NHIFLVILIM IIIIVVKLVQ SKGKKDKKLK KREGVVLMVS GTNNRPPPKE LQTGIKTYKR PIETAVFVIS IKRVVYVILV VVPVVVVGYY WY
GNM12915                        -AAAAVAVDD QEEEDEEEEE KQEKEFFFLR AAGGGGGGPG GHHIIIILII IIIIVIEIVE SKGTKWKKKE RTRAVQLMVQ GNNNRPPPPE TQTRIKKKKN RRKSTTTVIV IKTVVFVVVV VVLVVVVKYY FY
GNM10046                        -AAAAAALDD QEEEDEEEEE RQEKEFFFFK AAGGGGGGPG GHHIIVILII IIIIVIEIVE TKGTKWKKKE RTRAVQLMVQ GNNNRPPPPE SQTRIKKKKR RRKSTTTVII IATVVFVVVV VVLVVVVKYY FY
GNM12918                        -AAAAVAVDD QEEKDEEEEE KQEKEFFFLR AAGGGGGGPG GHHIIIILII IIIIVIEIVE SKGTKWKKKE KTRAVQLMVQ GNNNRPPPPE TQTRIKKKKN RRKSTTTVIV IKTVVFVVVT VVLVVVVKYY FY
GNM12931                        -AAAHVAIDD EDKDREEDSE KDEKEFFFFI SAGGGGGGGG NHHIIIILII IIIIIITVVE ENDKKKEKKK RKKSVALMIL GNNNRPPPDD TQLGRKKWKE RRTSTTTVIV LARVVIVIVV VVIVVVYDYY YY
GNM12938                        -ASANLAVDD EDSDDEEKEY KSETIFFLFR NAGGGGGGPA KHHIIIIIII IVVIVIKIVD SKGKKYKKKN KVKALSLMLS GNNNRPPPIQ SQIYQYKKKK RRTTSTTVII LIRVVIVIVV TVLVVVYGSY YY
GNM12996                        -AAAAFAVDD EDTDNEEKED KVETVFFLFR NAGGGGGGQA NHHIIIIIIT IIVIIINIVS DKGKKFKKKK KTKSISLMLA GNNNRPPPIE SQTYQYPKKK RRTTSSTVII AVRMVIVIVV VVLVVVYGYY YF
GNM13018                        -AAAAFAVDD EDTDNEEKEE KVETVFFLFR NAGGGGGGEA NHHIIIIIIT IIVIIIVIVK DKGKKFKKKK KSKSISLMLS GNNNRPPPTE SQTYQYQKKK RRTTSSTVII VVRIVIVIVV VVLVVVYGYY YF
GNM13027                        -AAAKFAIDD EDQDNEEKEE KSETEFFLFR NAGGGGGGTG GHHFIIIIIV IIIIIINIIQ NKGKKYKKKK KTKAIALMIL GNNNRPPPIE TQTYQYKKKE RRNTSSTVIV QIRVVIVIVV VVMVVVYGYY YY
GNM13046                        -AKAELATDD DDENTEESKS KKTEFFFFFK AAGGGGGGGS KHLCIIIQII IIIIVITIVD TSDKKKKALD KKKSLLMLLQ GENNHPPPAD TQINIKKKRR RRVATSSTIV IKTVLAVVVV VVHVTVYNYI YY
GNM13053                        -AAADMAVDD DDEDDEEEED QKTVSFFFFV SAEGGGGGGG GHIIVVFYII IVVVVIEVVE TKGKKKKTLK RRTSLLLMYQ GNNNQPPPPE TQTSHRKKRN RREATTTSVV TRTLVAAAVV CVIVVVYRFY FY
GNM13074                        -AAAKAALDD QEEEDEEEEE QQEKEFFFLI AAGGGGGGPG GHHIIVILIV IIIIVIEIVE TKGKKWKKKE RTRAVQLMVQ GNNNRPPPPE TQTRIKQKKN RRKSTTTVIV IKTVVFVVVV VVLVVVVKYY FY
GNM10010                        -AAAKAALDD QEEEDEEEEE RQEKEFFFLR NAGGGGGGPG GHHIIVILIV IITIVIEIVE TKGTKWKKKE RTRAVQLMVQ GNNNRPPPPE TQTRIKKKKN RRKSTTTVIV IKTVVFVVVV VVLVVVVKYY FY
GNM10014                        -AAAAVALDD SEEEDEEEEE KQEKQFFFLR NAGGGGGGPG GHHIIIILIM IIEIVIEIVE TKGTKWKKKE RTRAVQLMVQ GNNNRPPPPE TQTRVRKKKN RRKSTTTVIV IKKVVFVVVV VVLVVVVKYY FY
GNM13090                        -AAAAAALDD SEEEDEEEEE MQEKEFFFLR NAGGGGGGPG GHHIIVILIM IIIVVIEIVE TRGTKWKKKE RTRAVQLMIQ GNNNRPPPPE TQTRVKKKKA RRKSTTTVIV IKTVVFVVVV VVLVVVVKYY FY
GNM13118                        -AAAAVAVDR DDEDDEHAKD EEEIEFIFFI GAKGGGGGPA GHIIIVILIM IIIVILKLVE HEKKKKKELK KRHSVLLMVL GNNNAPPPKP SQTGIKGIRN LRKATTTAIS LARVVIVVIV VIMLVVYGYY YY
GNM13126                        -ASADVGIDD DRENKEESTK KKAKSFFFFT SAGGGKYGGG GHEIIIIFIM IIYVILKIFD SSGTKFSTGD KKISVQMMIR GNNNPPPGPK REKGVEEKRN RRTSTTTTIV IAQIIWVDVV LVVVVVIGYY FY
GNM13128                        -AAADVGLDD DREKKEESKK KKNKEFFFFT SAGGGKFGGG DHEVIIIFIM IIFLILKIVK GTGQKFSSNE KKISLQMMLR GNNNPPPGPE REKGVEEKRS RRSSTTTTIV IAQMLWVDVV LVVVVVIGYY FY
GNM13208                        KAALLMALDE EDEVSRQGAE QQELEFVFYV SAGGGGGGKG GHEFLIVLLM IIVIIVTLVQ KKGKKDKSLR KHEGIVLMVR GNNNKPPPKE LQTGSKEVKK PVQTAVFVIA IKRVVIAIIV VLPVIVYGYY WY
GNM13210                        -AAAGTALDD SDKDKEEEEE SDETTFFFFI AAGGGGGGGG NHHIIVIIIM IIIVIITIVE AKEKKRVTKK RPKAVSLMIR GSNNRPPPDE TLTGRKKKKR RRKSTTTAIV LARVVIVIVV VVYVVVYDSY YF
GNM12773                        -AASNVSLDD EDEDKEEETE QQETIFFFFK QAGGGGGGGS GHHIIIVTII IIIIIVEVVD NTDKKKKTKK RKKSVLLMVQ GNNNPPPNSQ SQEGIKKKRL RRKSTTTTIV LYTVVIIVIV VVIVVVFNFY FY
GNM12769                        -AASELSLDD EEEDNEEETQ SQQKSFFFFI KAGGGGGGGS DHQIIVIIIV IIIIAIKIVE EMEDIKKKKD KKRSVLLMVE GNNNQPPPAE TQKGVKKKKK RRKAATTVIV IATVINIVIV VIIIVVSDHY FY
GNM12768                        PA-YAHALQE TT-SVYRREE EKEEDYR-VE HANGGGGGPG GGLVVVV-IA AVEMIVTVVR KKGSEPTSKR RRKSIYLMV- GE-NPPKPPV EQTGVRTKSN YVKVL-VVEK LRTVVTVHLV VVPAAIRPGK FH



    1    1    1    1    1    1    1    1    1    1    1    1    1    1    1
    1    1    1    1    1    1    1    1    1    1    1    1    1    1    1
    1    1    1    1    2    1    1    1    1    1    1    1    1    1    1
    1    1    1    1    1    1    1    1    1    1    1    1    1    1    1
    1    1    1    1    1    1    1    1    1    1    1    1    1    1    1
    1    1    1    1    1    1    1    1    1    1    1    1    1    1    1
    1    1    1    1    1    1    1    1    1    1    1    1    1    1    1
    1    1    1    1    1    1    1    1    1    1    1    1    1    1    1
    1    1    1    1    1    1    1    1    1    1    1    1

AAML (in paml version 4.9h, March 2018)  tmp0001.txt
Model: Empirical,  (../wag.dat) dGamma (ncatG=4) ns = 153  ls = 133


Frequencies..
                                    A      R      N      D      C      Q      E      G      H      I      L      K      M      F      P      S      T      W      Y      V
GNM13746                       0.04545 0.06818 0.03788 0.05303 0.00758 0.03030 0.07576 0.08333 0.01515 0.12121 0.03788 0.11364 0.00000 0.04545 0.03788 0.02273 0.02273 0.00000 0.04545 0.13636
GNM13671                       0.04545 0.06818 0.06061 0.01515 0.00000 0.03788 0.07576 0.09091 0.00758 0.11364 0.05303 0.09091 0.01515 0.03788 0.01515 0.03788 0.07576 0.00000 0.03030 0.12879
GNM13876                       0.06061 0.06061 0.03788 0.03788 0.00000 0.02273 0.04545 0.09848 0.01515 0.10606 0.04545 0.10606 0.01515 0.03788 0.03030 0.03030 0.06818 0.00000 0.03030 0.15152
GNM13680                       0.05303 0.05303 0.02273 0.04545 0.00000 0.02273 0.06061 0.07576 0.02273 0.07576 0.04545 0.12121 0.00758 0.04545 0.02273 0.07576 0.06061 0.00000 0.03030 0.15909
GNM14837                       0.06061 0.03788 0.03788 0.04545 0.00758 0.01515 0.06061 0.08333 0.03788 0.12879 0.06818 0.09848 0.00758 0.04545 0.03030 0.01515 0.09848 0.00000 0.02273 0.09848
GNM14249                       0.04545 0.03788 0.03030 0.03030 0.00758 0.02273 0.07576 0.08333 0.03788 0.10606 0.05303 0.10606 0.02273 0.03788 0.03788 0.01515 0.10606 0.00000 0.03030 0.11364
GNM13928                       0.03788 0.03788 0.03030 0.03788 0.00758 0.01515 0.06061 0.08333 0.03788 0.10606 0.05303 0.09848 0.00758 0.05303 0.03788 0.05303 0.09848 0.00000 0.01515 0.12879
GNM13297                       0.06061 0.06818 0.03788 0.04545 0.00758 0.03788 0.06061 0.09848 0.01515 0.04545 0.03788 0.07576 0.03030 0.05303 0.03788 0.03788 0.06061 0.00000 0.03030 0.15909
GNM14865                       0.05303 0.04545 0.03030 0.06061 0.00000 0.04545 0.10606 0.09091 0.03030 0.06061 0.05303 0.05303 0.02273 0.03030 0.03030 0.04545 0.09848 0.00758 0.02273 0.11364
GNM13455                       0.03788 0.05303 0.03788 0.04545 0.00758 0.03030 0.05303 0.07576 0.03788 0.11364 0.06818 0.09848 0.00758 0.04545 0.03030 0.04545 0.08333 0.00000 0.02273 0.10606
GNM14938                       0.03788 0.04545 0.02273 0.02273 0.00000 0.02273 0.08333 0.09848 0.00758 0.08333 0.06818 0.10606 0.03030 0.05303 0.04545 0.01515 0.06061 0.00000 0.03030 0.16667
GNM14483                       0.04545 0.03788 0.03788 0.05303 0.00758 0.02273 0.05303 0.08333 0.02273 0.08333 0.06818 0.11364 0.00758 0.03030 0.02273 0.03788 0.08333 0.00000 0.03788 0.15152
GNM14872                       0.08333 0.04545 0.02273 0.04545 0.00000 0.03788 0.05303 0.07576 0.01515 0.06818 0.03030 0.13636 0.00758 0.04545 0.01515 0.05303 0.06818 0.00000 0.03030 0.16667
GNM13855                       0.03030 0.03030 0.06061 0.03788 0.00000 0.03030 0.03788 0.08333 0.02273 0.11364 0.03788 0.10606 0.00758 0.05303 0.01515 0.09848 0.09091 0.00000 0.02273 0.12121
GNM14445                       0.03788 0.06061 0.03030 0.06061 0.00758 0.03030 0.06818 0.08333 0.01515 0.08333 0.04545 0.10606 0.00758 0.06061 0.03030 0.04545 0.06061 0.00000 0.03788 0.12879
GNM14404                       0.07576 0.05303 0.02273 0.05303 0.00000 0.02273 0.05303 0.08333 0.01515 0.12121 0.04545 0.09848 0.01515 0.03788 0.03788 0.02273 0.06818 0.00000 0.03788 0.13636
GNM14545                       0.07576 0.05303 0.02273 0.05303 0.00000 0.02273 0.05303 0.08333 0.01515 0.12121 0.04545 0.09848 0.01515 0.03788 0.03788 0.02273 0.06818 0.00000 0.03788 0.13636
GNM14366                       0.06818 0.05303 0.04545 0.05303 0.00758 0.03788 0.03788 0.07576 0.03030 0.08333 0.06061 0.10606 0.00758 0.04545 0.03030 0.01515 0.09091 0.00000 0.03788 0.11364
GNM14252                       0.04545 0.03788 0.03030 0.03030 0.00758 0.02273 0.08333 0.08333 0.03788 0.11364 0.06818 0.10606 0.01515 0.03788 0.03788 0.01515 0.09848 0.00000 0.03030 0.09848
GNM13760                       0.04545 0.03788 0.03788 0.03030 0.00758 0.01515 0.06061 0.08333 0.03030 0.12879 0.07576 0.11364 0.00758 0.04545 0.03788 0.04545 0.08333 0.00000 0.02273 0.09091
GNM13982                       0.03030 0.04545 0.03788 0.04545 0.00758 0.02273 0.06818 0.09091 0.01515 0.08333 0.04545 0.10606 0.01515 0.04545 0.03788 0.04545 0.09091 0.01515 0.02273 0.12879
GNM13960                       0.04545 0.02273 0.04545 0.06061 0.00758 0.05303 0.02273 0.07576 0.02273 0.10606 0.06818 0.11364 0.00758 0.04545 0.03030 0.05303 0.07576 0.00000 0.02273 0.12121
GNM14633                       0.04545 0.04545 0.05303 0.03788 0.00758 0.02273 0.07576 0.08333 0.01515 0.09848 0.03788 0.09848 0.01515 0.04545 0.03788 0.03788 0.09091 0.01515 0.02273 0.11364
GNM14853                       0.04545 0.04545 0.05303 0.03788 0.00758 0.02273 0.06818 0.08333 0.01515 0.09848 0.03788 0.10606 0.01515 0.04545 0.03788 0.03788 0.09091 0.01515 0.02273 0.11364
GNM14174                       0.03030 0.04545 0.03788 0.05303 0.00000 0.03788 0.07576 0.07576 0.01515 0.07576 0.04545 0.11364 0.00758 0.04545 0.02273 0.05303 0.06818 0.00000 0.02273 0.17424
GNM14138                       0.03788 0.04545 0.06061 0.03788 0.00000 0.03030 0.07576 0.09091 0.01515 0.12121 0.03030 0.09848 0.02273 0.05303 0.03030 0.03788 0.08333 0.00000 0.02273 0.10606
GNM14055                       0.03788 0.03788 0.06818 0.03788 0.00758 0.02273 0.05303 0.06818 0.03030 0.09848 0.06818 0.11364 0.00758 0.03030 0.03030 0.04545 0.07576 0.00758 0.03788 0.12121
GNM14748                       0.05303 0.03788 0.03788 0.03030 0.00758 0.03030 0.06818 0.08333 0.03030 0.12121 0.06061 0.09848 0.00758 0.05303 0.03788 0.01515 0.09848 0.00000 0.01515 0.11364
GNM14246                       0.03788 0.06061 0.02273 0.06061 0.00758 0.02273 0.07576 0.08333 0.01515 0.09848 0.03788 0.09848 0.01515 0.04545 0.03030 0.05303 0.06818 0.00000 0.02273 0.14394
GNM14640                       0.04545 0.04545 0.03788 0.03788 0.00000 0.03788 0.06818 0.09091 0.01515 0.11364 0.03788 0.09848 0.01515 0.04545 0.03030 0.04545 0.07576 0.00000 0.02273 0.13636
GNM14965                       0.03788 0.05303 0.05303 0.03788 0.00000 0.04545 0.06818 0.08333 0.00758 0.10606 0.06818 0.09848 0.02273 0.03030 0.02273 0.06061 0.06818 0.00000 0.03030 0.10606
GNM13677                       0.06818 0.06061 0.03788 0.03788 0.00000 0.02273 0.04545 0.09848 0.01515 0.11364 0.03788 0.10606 0.01515 0.04545 0.03030 0.03030 0.05303 0.00000 0.03030 0.15152
GNM14339                       0.03030 0.07576 0.03030 0.05303 0.00000 0.05303 0.04545 0.09091 0.00758 0.11364 0.07576 0.09091 0.00758 0.03788 0.03030 0.03788 0.04545 0.00000 0.03788 0.13636
GNM14593                       0.06061 0.06061 0.03030 0.04545 0.00000 0.03788 0.06818 0.09091 0.01515 0.12879 0.06061 0.10606 0.02273 0.03788 0.02273 0.00758 0.06818 0.00000 0.03030 0.10606
GNM13825                       0.03788 0.05303 0.03788 0.02273 0.00000 0.03030 0.06818 0.09848 0.00758 0.07576 0.07576 0.09848 0.02273 0.05303 0.03788 0.00758 0.06061 0.00000 0.03788 0.17424
GNM14768                       0.05303 0.06818 0.02273 0.03788 0.00000 0.03788 0.07576 0.09848 0.00758 0.14394 0.03788 0.09848 0.01515 0.03030 0.03030 0.03030 0.06061 0.00000 0.03030 0.12121
GNM14776                       0.05303 0.06818 0.02273 0.03788 0.00000 0.03788 0.07576 0.09848 0.00758 0.13636 0.03788 0.09848 0.01515 0.03030 0.03030 0.03030 0.06061 0.00000 0.03030 0.12879
GNM14715                       0.05303 0.05303 0.03788 0.04545 0.00000 0.02273 0.05303 0.09091 0.01515 0.06818 0.05303 0.10606 0.01515 0.03788 0.02273 0.05303 0.04545 0.00000 0.03030 0.19697
GNM14639                       0.05303 0.03788 0.03788 0.04545 0.00758 0.03030 0.06061 0.09091 0.03030 0.06818 0.06061 0.10606 0.00758 0.04545 0.03030 0.04545 0.03788 0.00000 0.04545 0.15909
GNM13795                       0.06061 0.03788 0.03030 0.03030 0.00758 0.03030 0.06818 0.08333 0.03030 0.12121 0.06061 0.09848 0.00758 0.05303 0.03788 0.01515 0.10606 0.00000 0.01515 0.10606
GNM14166                       0.06061 0.03788 0.03030 0.05303 0.00000 0.04545 0.03030 0.08333 0.03030 0.07576 0.06061 0.11364 0.00758 0.06061 0.03788 0.03788 0.08333 0.00000 0.02273 0.12879
GNM13993                       0.06061 0.03030 0.04545 0.06061 0.00000 0.02273 0.05303 0.09091 0.01515 0.09848 0.06818 0.06818 0.00000 0.06061 0.02273 0.07576 0.09848 0.00000 0.03788 0.09091
GNM14450                       0.05303 0.03788 0.06061 0.04545 0.00758 0.00758 0.06061 0.07576 0.01515 0.15909 0.04545 0.10606 0.00758 0.04545 0.03030 0.06818 0.05303 0.00000 0.03030 0.09091
GNM13515                       0.03788 0.04545 0.04545 0.05303 0.00758 0.03030 0.06061 0.07576 0.02273 0.11364 0.04545 0.10606 0.01515 0.04545 0.03788 0.03030 0.09848 0.00758 0.02273 0.09848
GNM14959                       0.05303 0.06061 0.05303 0.03788 0.00000 0.01515 0.06061 0.09091 0.01515 0.10606 0.06818 0.06818 0.02273 0.03788 0.03030 0.03788 0.05303 0.00758 0.02273 0.15909
GNM13413                       0.05303 0.08333 0.01515 0.05303 0.00000 0.00000 0.07576 0.09091 0.02273 0.09848 0.02273 0.08333 0.02273 0.03788 0.02273 0.05303 0.06061 0.00000 0.03030 0.17424
GNM15005                       0.04545 0.02273 0.05303 0.06061 0.00758 0.04545 0.02273 0.07576 0.02273 0.12121 0.06061 0.12121 0.00758 0.04545 0.03030 0.05303 0.06818 0.00000 0.02273 0.11364
GNM14992                       0.03788 0.02273 0.04545 0.06061 0.00758 0.05303 0.01515 0.06818 0.01515 0.10606 0.06818 0.14394 0.01515 0.03788 0.03030 0.04545 0.06061 0.00000 0.03030 0.13636
GNM14994                       0.04545 0.04545 0.03030 0.03030 0.00758 0.02273 0.06061 0.09091 0.03030 0.12879 0.06061 0.09091 0.00758 0.05303 0.03788 0.02273 0.10606 0.00000 0.01515 0.11364
GNM15013                       0.04545 0.02273 0.04545 0.06061 0.00758 0.04545 0.02273 0.07576 0.02273 0.11364 0.06818 0.12879 0.00758 0.04545 0.03030 0.05303 0.06818 0.00000 0.02273 0.11364
GNM15014                       0.03788 0.02273 0.04545 0.05303 0.00758 0.05303 0.01515 0.07576 0.01515 0.12121 0.06818 0.12879 0.01515 0.05303 0.03030 0.04545 0.06818 0.00000 0.02273 0.12121
GNM14976                       0.02564 0.05983 0.07692 0.02564 0.04274 0.03419 0.03419 0.06838 0.02564 0.10256 0.05983 0.12821 0.00855 0.04274 0.03419 0.04274 0.05128 0.00855 0.03419 0.09402
GNM14995                       0.04545 0.03788 0.03788 0.06061 0.00758 0.03788 0.04545 0.06818 0.03030 0.09848 0.06818 0.12121 0.00758 0.03030 0.02273 0.04545 0.07576 0.00758 0.03030 0.12121
GNM14999                       0.03252 0.01626 0.04878 0.04878 0.01626 0.04878 0.02439 0.07317 0.01626 0.13821 0.06504 0.11382 0.00813 0.04065 0.04065 0.04878 0.07317 0.00000 0.01626 0.13008
GNM15018                       0.04545 0.03788 0.03788 0.03030 0.00758 0.02273 0.07576 0.08333 0.03788 0.10606 0.06818 0.09091 0.01515 0.03788 0.03788 0.01515 0.11364 0.00000 0.03030 0.10606
GNM15025                       0.05303 0.02273 0.04545 0.05303 0.00758 0.03788 0.03788 0.07576 0.01515 0.09848 0.06061 0.12121 0.00758 0.05303 0.03788 0.04545 0.08333 0.00758 0.02273 0.11364
GNM14980                       0.04545 0.03788 0.03788 0.03030 0.00758 0.02273 0.07576 0.08333 0.03788 0.10606 0.06818 0.09091 0.01515 0.03788 0.03788 0.01515 0.11364 0.00000 0.03030 0.10606
GNM15000                       0.04545 0.03788 0.03788 0.03030 0.00758 0.02273 0.07576 0.08333 0.03788 0.10606 0.06818 0.09091 0.01515 0.03788 0.03788 0.01515 0.11364 0.00000 0.03030 0.10606
GNM15026                       0.03788 0.02273 0.04545 0.06061 0.00758 0.04545 0.03788 0.07576 0.01515 0.12121 0.07576 0.12879 0.00758 0.03788 0.03788 0.03030 0.08333 0.00758 0.03030 0.09091
GNM15001                       0.04545 0.03788 0.03788 0.03030 0.00758 0.02273 0.07576 0.08333 0.03788 0.10606 0.06818 0.09091 0.01515 0.03788 0.03788 0.01515 0.11364 0.00000 0.03030 0.10606
GNM15027                       0.06818 0.04545 0.02273 0.04545 0.01515 0.03788 0.04545 0.09091 0.02273 0.08333 0.05303 0.10606 0.00758 0.03788 0.03030 0.01515 0.08333 0.00000 0.04545 0.14394
GNM11003                       0.03788 0.05303 0.04545 0.03030 0.00000 0.02273 0.06061 0.08333 0.01515 0.12121 0.06818 0.12121 0.01515 0.03030 0.03030 0.03788 0.06061 0.00000 0.04545 0.12121
GNM11023                       0.06061 0.06061 0.03030 0.04545 0.00000 0.02273 0.07576 0.10606 0.01515 0.10606 0.03788 0.10606 0.03030 0.04545 0.03030 0.03788 0.02273 0.00000 0.03030 0.13636
GNM11055                       0.06818 0.05303 0.03788 0.03030 0.00758 0.04545 0.09848 0.09848 0.03030 0.09848 0.04545 0.09091 0.00758 0.03788 0.03788 0.00758 0.04545 0.00000 0.03788 0.12121
GNM11146                       0.06061 0.04545 0.04545 0.03030 0.00000 0.03788 0.05303 0.08333 0.01515 0.09848 0.06061 0.07576 0.00758 0.03788 0.03788 0.05303 0.04545 0.00758 0.03030 0.17424
GNM11219                       0.06061 0.08333 0.03030 0.05303 0.00000 0.04545 0.06061 0.09091 0.01515 0.09848 0.04545 0.07576 0.00758 0.03788 0.03030 0.02273 0.03788 0.00000 0.03788 0.16667
GNM11220                       0.06061 0.07576 0.03030 0.04545 0.00000 0.03030 0.06818 0.09848 0.01515 0.09091 0.04545 0.07576 0.00758 0.03788 0.03788 0.02273 0.04545 0.00000 0.03788 0.17424
GNM11223                       0.04545 0.04545 0.03030 0.05303 0.00758 0.01515 0.08333 0.09091 0.01515 0.09848 0.04545 0.10606 0.01515 0.03788 0.03030 0.03030 0.03788 0.00000 0.03030 0.18182
GNM11224                       0.03788 0.03788 0.03030 0.04545 0.00758 0.01515 0.09848 0.09091 0.01515 0.12121 0.04545 0.10606 0.00758 0.04545 0.03030 0.03030 0.04545 0.00000 0.02273 0.16667
GNM11358                       0.04545 0.03788 0.05303 0.03788 0.00000 0.02273 0.03788 0.08333 0.03030 0.12121 0.04545 0.09848 0.00758 0.06061 0.01515 0.07576 0.09848 0.00000 0.02273 0.10606
GNM11360                       0.03788 0.05303 0.03788 0.04545 0.00758 0.03030 0.05303 0.07576 0.03788 0.11364 0.06818 0.09848 0.00758 0.04545 0.03030 0.03788 0.09091 0.00000 0.02273 0.10606
GNM11362                       0.06061 0.03030 0.03788 0.05303 0.00758 0.01515 0.06818 0.09091 0.03030 0.10606 0.04545 0.10606 0.02273 0.02273 0.03030 0.05303 0.03030 0.00000 0.03030 0.15909
GNM11367                       0.03030 0.04545 0.03788 0.04545 0.00758 0.02273 0.06818 0.09091 0.01515 0.08333 0.04545 0.10606 0.01515 0.04545 0.03788 0.04545 0.09091 0.01515 0.02273 0.12879
GNM11377                       0.07576 0.04545 0.02273 0.04545 0.00000 0.03788 0.05303 0.07576 0.01515 0.08333 0.02273 0.13636 0.00758 0.04545 0.01515 0.05303 0.07576 0.00000 0.03030 0.15909
GNM11380                       0.06061 0.03788 0.03030 0.05303 0.00000 0.04545 0.03030 0.08333 0.03030 0.08333 0.05303 0.11364 0.00758 0.06818 0.03788 0.04545 0.08333 0.00000 0.02273 0.11364
GNM11383                       0.07576 0.03030 0.05303 0.06061 0.00758 0.03788 0.03788 0.06818 0.03030 0.06061 0.06818 0.11364 0.01515 0.03788 0.03030 0.01515 0.08333 0.00000 0.03788 0.13636
GNM11491                       0.07937 0.03968 0.03968 0.03968 0.00794 0.03175 0.05556 0.09524 0.03175 0.06349 0.07143 0.11111 0.00794 0.03175 0.00794 0.05556 0.06349 0.00000 0.03175 0.13492
GNM11804                       0.06061 0.06061 0.04545 0.01515 0.00758 0.02273 0.12121 0.09848 0.02273 0.07576 0.04545 0.09091 0.01515 0.03788 0.03030 0.02273 0.04545 0.00000 0.02273 0.15909
GNM11805                       0.05344 0.06107 0.04580 0.05344 0.00763 0.00763 0.05344 0.11450 0.03053 0.10687 0.06870 0.09924 0.02290 0.06107 0.02290 0.04580 0.03053 0.00763 0.03053 0.07634
GNM12883                       0.08333 0.03030 0.03030 0.03788 0.00000 0.03788 0.06061 0.07576 0.00758 0.05303 0.03788 0.13636 0.01515 0.04545 0.02273 0.06061 0.06818 0.00000 0.03030 0.16667
GNM12886                       0.06061 0.05303 0.03030 0.04545 0.00000 0.02273 0.05303 0.07576 0.01515 0.09091 0.05303 0.12879 0.00758 0.04545 0.02273 0.07576 0.05303 0.00000 0.03030 0.13636
GNM12895                       0.05303 0.03788 0.06061 0.04545 0.00758 0.00758 0.06061 0.07576 0.01515 0.15909 0.04545 0.10606 0.00758 0.04545 0.03030 0.06818 0.05303 0.00000 0.03030 0.09091
GNM13060                       0.06061 0.06061 0.03030 0.06061 0.00758 0.03030 0.07576 0.09091 0.01515 0.11364 0.03788 0.11364 0.00000 0.04545 0.03788 0.00758 0.03030 0.00000 0.04545 0.13636
GNM13061                       0.05303 0.06061 0.06061 0.04545 0.00758 0.02273 0.07576 0.08333 0.02273 0.09848 0.02273 0.08333 0.02273 0.02273 0.03788 0.06061 0.03788 0.00000 0.05303 0.12879
GNM13062                       0.05303 0.03788 0.04545 0.03788 0.00758 0.01515 0.06061 0.09091 0.01515 0.09091 0.05303 0.11364 0.01515 0.03030 0.02273 0.03788 0.07576 0.00000 0.03788 0.15909
GNM13064                       0.06061 0.03030 0.04545 0.06061 0.00000 0.02273 0.05303 0.09091 0.01515 0.09848 0.06818 0.06818 0.00000 0.06061 0.02273 0.07576 0.09848 0.00000 0.03788 0.09091
GNM13066                       0.06818 0.03030 0.06061 0.03030 0.00000 0.02273 0.07576 0.09848 0.01515 0.09848 0.07576 0.06818 0.00000 0.05303 0.03030 0.05303 0.09091 0.00000 0.03788 0.09091
GNM11032                       0.02273 0.06818 0.04545 0.04545 0.00000 0.04545 0.06061 0.10606 0.01515 0.08333 0.07576 0.09848 0.03030 0.03788 0.03030 0.01515 0.05303 0.00000 0.02273 0.14394
GNM11034                       0.03788 0.07576 0.02273 0.03030 0.00000 0.03030 0.06818 0.09848 0.00758 0.05303 0.06818 0.08333 0.03030 0.05303 0.04545 0.00758 0.06818 0.00000 0.03030 0.18939
GNM11363                       0.06061 0.03030 0.03788 0.05303 0.00758 0.01515 0.06818 0.09091 0.03030 0.10606 0.04545 0.10606 0.02273 0.02273 0.03030 0.05303 0.03030 0.00000 0.03030 0.15909
GNM11375                       0.04545 0.03788 0.03030 0.03030 0.00758 0.01515 0.06818 0.08333 0.03030 0.12121 0.07576 0.11364 0.00758 0.04545 0.03788 0.05303 0.07576 0.00000 0.02273 0.09848
GNM11381                       0.06818 0.03030 0.05303 0.05303 0.00758 0.03030 0.04545 0.06818 0.03030 0.07576 0.06818 0.12121 0.00758 0.03788 0.03030 0.01515 0.08333 0.00000 0.03788 0.13636
GNM11382                       0.06061 0.03030 0.03788 0.03788 0.00758 0.03788 0.04545 0.06818 0.03788 0.07576 0.06818 0.12121 0.00758 0.04545 0.03030 0.03030 0.11364 0.00000 0.03788 0.10606
GNM11799                       0.03788 0.03030 0.04545 0.05303 0.00758 0.05303 0.01515 0.07576 0.01515 0.09848 0.07576 0.13636 0.01515 0.03788 0.03030 0.04545 0.06818 0.00000 0.03030 0.12879
GNM11841                       0.03788 0.05303 0.03788 0.07576 0.00000 0.04545 0.12121 0.09848 0.03030 0.07576 0.03788 0.02273 0.02273 0.04545 0.02273 0.03788 0.09091 0.00758 0.02273 0.11364
GNM11931                       0.04545 0.05303 0.01515 0.08333 0.00000 0.04545 0.12121 0.08333 0.03030 0.04545 0.04545 0.03030 0.01515 0.03788 0.02273 0.04545 0.09091 0.00758 0.02273 0.15909
GNM12040                       0.04545 0.04545 0.03788 0.06061 0.00000 0.04545 0.09848 0.09091 0.02273 0.07576 0.03788 0.02273 0.03030 0.03030 0.03030 0.05303 0.11364 0.00758 0.03030 0.12121
GNM12071                       0.06061 0.05303 0.02273 0.07576 0.00000 0.04545 0.09848 0.09091 0.02273 0.06061 0.03788 0.02273 0.02273 0.03030 0.03030 0.03030 0.12121 0.00758 0.03030 0.13636
GNM12125                       0.06818 0.04545 0.02273 0.05303 0.00000 0.03030 0.07576 0.08333 0.01515 0.09848 0.03030 0.10606 0.01515 0.03788 0.03788 0.01515 0.06818 0.00000 0.03030 0.16667
GNM12126                       0.07576 0.06061 0.03030 0.04545 0.00000 0.02273 0.08333 0.07576 0.02273 0.09091 0.02273 0.09091 0.02273 0.04545 0.03788 0.01515 0.05303 0.00758 0.02273 0.17424
GNM12128                       0.07576 0.06818 0.03788 0.03788 0.00000 0.01515 0.06818 0.08333 0.01515 0.10606 0.04545 0.09848 0.01515 0.03030 0.03030 0.04545 0.04545 0.00758 0.03030 0.14394
GNM12182                       0.03788 0.04545 0.05303 0.04545 0.00000 0.03030 0.04545 0.06818 0.01515 0.13636 0.02273 0.12121 0.01515 0.04545 0.02273 0.03788 0.07576 0.00000 0.04545 0.13636
GNM12342                       0.05303 0.08333 0.04545 0.02273 0.00000 0.03030 0.08333 0.09091 0.02273 0.11364 0.02273 0.09848 0.03030 0.03788 0.03030 0.02273 0.05303 0.00000 0.02273 0.13636
GNM12346                       0.06061 0.05303 0.03030 0.03030 0.00758 0.06061 0.06061 0.10606 0.02273 0.08333 0.03030 0.08333 0.02273 0.03030 0.02273 0.03030 0.10606 0.00000 0.03788 0.12121
GNM12351                       0.03788 0.03030 0.05303 0.04545 0.00000 0.03030 0.04545 0.09848 0.02273 0.08333 0.03030 0.09091 0.03788 0.06061 0.03788 0.06818 0.07576 0.00000 0.03030 0.12121
GNM12356                       0.06061 0.06061 0.03030 0.03030 0.00000 0.02273 0.09091 0.09091 0.02273 0.13636 0.02273 0.09848 0.02273 0.03788 0.02273 0.03788 0.06818 0.00000 0.02273 0.12121
GNM12357                       0.06818 0.05303 0.04545 0.04545 0.00000 0.03030 0.08333 0.08333 0.01515 0.10606 0.03030 0.08333 0.02273 0.03788 0.01515 0.03788 0.07576 0.00000 0.03788 0.12879
GNM12366                       0.05303 0.04545 0.04545 0.02273 0.00000 0.03030 0.09091 0.09091 0.01515 0.09091 0.03030 0.09848 0.03030 0.04545 0.02273 0.03788 0.05303 0.00000 0.03788 0.15909
GNM12373                       0.06061 0.04545 0.05303 0.03030 0.00758 0.03788 0.07576 0.10606 0.02273 0.07576 0.05303 0.09091 0.02273 0.03030 0.02273 0.03030 0.06818 0.00000 0.04545 0.12121
GNM12385                       0.06061 0.06061 0.04545 0.04545 0.00000 0.03788 0.07576 0.09091 0.02273 0.09848 0.05303 0.06818 0.03030 0.02273 0.04545 0.01515 0.09848 0.00000 0.03030 0.09848
GNM12551                       0.05303 0.03030 0.03030 0.06061 0.00000 0.05303 0.11364 0.07576 0.01515 0.10606 0.03030 0.09848 0.02273 0.03030 0.03788 0.00758 0.04545 0.00000 0.04545 0.14394
GNM12554                       0.09848 0.06818 0.04545 0.04545 0.00758 0.03788 0.06061 0.08333 0.03030 0.06818 0.06061 0.07576 0.03030 0.03788 0.03030 0.01515 0.05303 0.00000 0.03030 0.12121
GNM12592                       0.06818 0.08333 0.03030 0.06061 0.00000 0.03788 0.06818 0.10606 0.01515 0.09848 0.04545 0.05303 0.03030 0.04545 0.03030 0.02273 0.03788 0.00000 0.02273 0.14394
GNM12596                       0.05303 0.03788 0.03788 0.03788 0.00758 0.03788 0.06061 0.10606 0.01515 0.10606 0.03788 0.11364 0.02273 0.06061 0.03788 0.03788 0.06818 0.00000 0.01515 0.10606
GNM12602                       0.04545 0.03030 0.03788 0.03030 0.00758 0.03788 0.06818 0.10606 0.01515 0.10606 0.05303 0.11364 0.03030 0.06061 0.03788 0.03788 0.07576 0.00000 0.01515 0.09091
GNM12665                       0.05303 0.03030 0.03788 0.02273 0.00758 0.03788 0.07576 0.10606 0.01515 0.10606 0.04545 0.11364 0.02273 0.06061 0.03788 0.04545 0.05303 0.00000 0.01515 0.11364
GNM12745                       0.03788 0.04545 0.03788 0.05303 0.00000 0.03030 0.04545 0.10606 0.03030 0.12121 0.01515 0.09848 0.03788 0.03788 0.03788 0.03030 0.08333 0.00000 0.03030 0.12121
GNM12749                       0.03788 0.06818 0.03030 0.03788 0.01515 0.02273 0.04545 0.09091 0.02273 0.06818 0.05303 0.05303 0.03788 0.02273 0.04545 0.09091 0.07576 0.00000 0.03788 0.14394
GNM12758                       0.05303 0.06818 0.02273 0.04545 0.00000 0.03030 0.06061 0.09848 0.03030 0.09091 0.02273 0.07576 0.03788 0.04545 0.04545 0.03030 0.07576 0.00758 0.02273 0.13636
GNM12763                       0.04545 0.05303 0.02273 0.04545 0.00000 0.03030 0.05303 0.08333 0.03030 0.10606 0.03030 0.14394 0.03788 0.03788 0.03788 0.03030 0.05303 0.00000 0.03030 0.12879
GNM12766                       0.05303 0.06061 0.04545 0.03788 0.00000 0.02273 0.07576 0.08333 0.02273 0.12121 0.03788 0.11364 0.01515 0.03788 0.03030 0.01515 0.06818 0.00000 0.02273 0.13636
GNM12841                       0.03030 0.04545 0.02273 0.05303 0.00000 0.03030 0.12121 0.09848 0.02273 0.04545 0.03030 0.02273 0.03030 0.04545 0.03788 0.06818 0.12121 0.00758 0.02273 0.14394
GNM12849                       0.04545 0.05303 0.03788 0.04545 0.00758 0.02273 0.05303 0.07576 0.04545 0.09848 0.06818 0.09848 0.01515 0.04545 0.03030 0.03788 0.07576 0.00000 0.02273 0.12121
GNM12869                       0.04545 0.03788 0.03788 0.03030 0.00758 0.02273 0.08333 0.08333 0.03788 0.10606 0.07576 0.09091 0.01515 0.04545 0.03788 0.01515 0.10606 0.00000 0.02273 0.09848
GNM12896                       0.06061 0.03030 0.03030 0.05303 0.00000 0.04545 0.03030 0.08333 0.03030 0.09091 0.05303 0.11364 0.00758 0.06061 0.03788 0.03788 0.09848 0.00000 0.02273 0.11364
GNM12897                       0.06061 0.03030 0.03030 0.05303 0.00000 0.04545 0.03030 0.08333 0.03030 0.09091 0.04545 0.12121 0.00758 0.06818 0.03030 0.05303 0.09091 0.00000 0.02273 0.10606
GNM12902                       0.05303 0.06818 0.02273 0.06061 0.00758 0.01515 0.06061 0.09848 0.02273 0.10606 0.06818 0.09848 0.02273 0.06061 0.02273 0.04545 0.06061 0.00758 0.02273 0.07576
GNM12903                       0.04511 0.03008 0.03008 0.02256 0.00000 0.01504 0.07519 0.10526 0.01504 0.08271 0.08271 0.11278 0.01504 0.03759 0.03759 0.03759 0.05263 0.00752 0.03759 0.15789
GNM12906                       0.03759 0.02256 0.02256 0.03008 0.00000 0.01504 0.07519 0.11278 0.01504 0.09023 0.09023 0.12030 0.00752 0.03759 0.03759 0.04511 0.04511 0.00752 0.03008 0.15789
GNM12907                       0.05263 0.02256 0.02256 0.02256 0.00000 0.02256 0.08271 0.10526 0.00752 0.07519 0.09774 0.12782 0.01504 0.03759 0.04511 0.02256 0.03759 0.00752 0.03759 0.15789
GNM12909                       0.03759 0.03759 0.03008 0.03008 0.00000 0.03008 0.06767 0.09774 0.00752 0.10526 0.08271 0.10526 0.01504 0.03759 0.03759 0.04511 0.03759 0.00752 0.03759 0.15038
GNM12915                       0.06061 0.05303 0.03030 0.02273 0.00000 0.03788 0.10606 0.08333 0.01515 0.11364 0.03030 0.10606 0.00758 0.03788 0.03788 0.01515 0.06061 0.00758 0.02273 0.15152
GNM10046                       0.07576 0.06061 0.02273 0.02273 0.00000 0.03788 0.10606 0.08333 0.01515 0.11364 0.03030 0.09848 0.00758 0.04545 0.03788 0.01515 0.06061 0.00758 0.02273 0.13636
GNM12918                       0.06061 0.04545 0.03030 0.02273 0.00000 0.03788 0.09848 0.08333 0.01515 0.11364 0.03030 0.12121 0.00758 0.03788 0.03788 0.01515 0.06818 0.00758 0.02273 0.14394
GNM12931                       0.05303 0.05303 0.03788 0.07576 0.00000 0.00758 0.07576 0.08333 0.02273 0.14394 0.03788 0.10606 0.00758 0.03030 0.02273 0.03030 0.04545 0.00758 0.03788 0.12121
GNM12938                       0.04545 0.03788 0.04545 0.04545 0.00000 0.02273 0.03788 0.07576 0.01515 0.14394 0.05303 0.12121 0.00758 0.02273 0.03030 0.06818 0.04545 0.00000 0.06061 0.12121
GNM12996                       0.06818 0.03788 0.05303 0.04545 0.00000 0.02273 0.04545 0.07576 0.01515 0.13636 0.03030 0.10606 0.01515 0.04545 0.03030 0.04545 0.06061 0.00000 0.04545 0.12121
GNM13018                       0.05303 0.03788 0.04545 0.03788 0.00000 0.02273 0.06061 0.07576 0.01515 0.13636 0.03030 0.11364 0.00758 0.04545 0.02273 0.05303 0.06061 0.00000 0.04545 0.13636
GNM13027                       0.05303 0.03788 0.06061 0.03030 0.00000 0.03788 0.06818 0.09091 0.01515 0.15909 0.02273 0.11364 0.01515 0.03788 0.02273 0.02273 0.05303 0.00000 0.06061 0.09848
GNM13046                       0.06818 0.03030 0.03788 0.06061 0.00758 0.02273 0.04545 0.06818 0.02273 0.12121 0.06061 0.12879 0.00758 0.03788 0.02273 0.05303 0.07576 0.00000 0.03030 0.09848
GNM13053                       0.06818 0.06061 0.03030 0.06061 0.00758 0.03030 0.07576 0.08333 0.01515 0.05303 0.03788 0.06818 0.01515 0.05303 0.03030 0.03788 0.08333 0.00000 0.03788 0.15152
GNM13074                       0.06061 0.04545 0.03030 0.02273 0.00000 0.05303 0.10606 0.08333 0.01515 0.10606 0.03788 0.10606 0.00758 0.03788 0.03788 0.00758 0.06061 0.00758 0.02273 0.15152
GNM10010                       0.05303 0.06061 0.03788 0.02273 0.00000 0.03788 0.10606 0.08333 0.01515 0.09091 0.03788 0.10606 0.00758 0.03788 0.03788 0.00758 0.07576 0.00758 0.02273 0.15152
GNM10014                       0.05303 0.06061 0.03788 0.02273 0.00000 0.03788 0.10606 0.08333 0.01515 0.09091 0.03788 0.10606 0.01515 0.03788 0.03788 0.01515 0.06061 0.00758 0.02273 0.15152
GNM13090                       0.06818 0.06061 0.03030 0.02273 0.00000 0.03030 0.10606 0.08333 0.01515 0.09091 0.03788 0.09091 0.02273 0.03788 0.03788 0.01515 0.06818 0.00758 0.02273 0.15152
GNM13118                       0.09091 0.03788 0.03030 0.04545 0.00000 0.00758 0.06818 0.09091 0.03030 0.13636 0.07576 0.09848 0.02273 0.02273 0.03788 0.02273 0.03030 0.00000 0.03788 0.11364
GNM13126                       0.03788 0.04545 0.03788 0.05303 0.00000 0.01515 0.05303 0.11364 0.00758 0.12879 0.01515 0.09848 0.02273 0.06061 0.03030 0.06818 0.06818 0.00758 0.03788 0.09848
GNM13128                       0.03788 0.04545 0.03788 0.04545 0.00000 0.02273 0.07576 0.10606 0.00758 0.09091 0.05303 0.11364 0.03030 0.06818 0.03030 0.06061 0.04545 0.00758 0.02273 0.09848
GNM13208                       0.06015 0.03008 0.02256 0.02256 0.00000 0.04511 0.07519 0.11278 0.01504 0.09023 0.09023 0.10526 0.02256 0.03008 0.03759 0.03008 0.02256 0.00752 0.03759 0.14286
GNM13210                       0.07576 0.06818 0.02273 0.05303 0.00000 0.00000 0.06818 0.09091 0.01515 0.12121 0.03030 0.09848 0.01515 0.03788 0.03030 0.04545 0.07576 0.00000 0.03030 0.12121
GNM12773                       0.02273 0.03030 0.05303 0.04545 0.00000 0.04545 0.06818 0.08333 0.01515 0.12879 0.03788 0.10606 0.00758 0.05303 0.02273 0.05303 0.07576 0.00000 0.02273 0.12879
GNM12769                       0.06061 0.02273 0.03788 0.05303 0.00000 0.04545 0.09091 0.07576 0.01515 0.15909 0.03030 0.12121 0.01515 0.03788 0.02273 0.05303 0.03788 0.00000 0.01515 0.10606
GNM12768                       0.06349 0.07937 0.02381 0.00794 0.00000 0.01587 0.09524 0.10317 0.03175 0.03175 0.04762 0.07937 0.01587 0.00794 0.07143 0.03968 0.06349 0.00000 0.03968 0.18254

Homogeneity statistic: X2 = 14.72488 G = 14.97137 

Average                        0.05252 0.04682 0.03774 0.04310 0.00372 0.03025 0.06586 0.08728 0.02083 0.10127 0.05073 0.10053 0.01537 0.04230 0.03184 0.03764 0.06993 0.00208 0.03000 0.13018
(Ambiguity characters are used to calculate freqs.)


# constant sites:      2 (1.50%)

TREE #  1:  ((((((((46, 150), 135), (63, 99)), 100), 101), (((137, 138), (102, 62)), (136, 139))), ((((((129, 128), 131), 130), 149), (65, 45)), 146)), (((((((((((((((((((47, (50, 22)), 52), 54), ((48, 51), 94)), (56, 59)), 53), 27), (((73, 21), (24, 23)), 44)), ((((((((58, 57), 55), 60), 124), (19, 6)), (((49, (28, 40)), (7, 5)), (91, 20))), ((10, 71), 123)), 77)), 140), (((92, 76), 18), 93)), (((125, 75), 126), 41)), (((((81, 4), 80), (74, 13)), 31), (14, 70))), (82, 43)), (90, 72)), ((((42, 86), 87), (15, 141)), (((38, 85), 12), 61))), ((((1, 83), 84), 8), 39)), ((((36, 37), (2, 34)), (3, 32)), (((89, 11), 35), (33, 88)))), (((((((26, 30), 29), (151, 25)), (68, 69)), 66), (152, 153)), ((17, 16), 67))), (((((((((((116, 114), 115), 105), 113), 104), (((112, 110), 118), 109)), ((((97, 9), 98), (95, 122)), 96)), (64, 78)), ((148, 147), (79, 127))), ((((((108, 107), 106), 121), 103), ((117, 119), 120)), 111)), ((((143, 144), 145), 142), ((134, 132), 133))));   MP score: -1
lnL(ntime:303  np:304): -15707.027142      +0.000000
 154..155 155..156 156..157 157..158 158..159 159..160 160..161 161..46  161..150 160..135 159..162 162..63  162..99  158..100 157..101 156..163 163..164 164..165 165..137 165..138 164..166 166..102 166..62  163..167 167..136 167..139 155..168 168..169 169..170 170..171 171..172 172..173 173..129 173..128 172..131 171..130 170..149 169..174 174..65  174..45  168..146 154..175 175..176 176..177 177..178 178..179 179..180 180..181 181..182 182..183 183..184 184..185 185..186 186..187 187..188 188..189 189..190 190..191 191..192 192..193 193..47  193..194 194..50  194..22  192..52  191..54  190..195 195..196 196..48  196..51  195..94  189..197 197..56  197..59  188..53  187..27  186..198 198..199 199..200 200..73  200..21  199..201 201..24  201..23  198..44  185..202 202..203 203..204 204..205 205..206 206..207 207..208 208..209 209..58  209..57  208..55  207..60  206..124 205..210 210..19  210..6   204..211 211..212 212..213 213..49  213..214 214..28  214..40  212..215 215..7   215..5   211..216 216..91  216..20  203..217 217..218 218..10  218..71  217..123 202..77  184..140 183..219 219..220 220..221 221..92  221..76  220..18  219..93  182..222 222..223 223..224 224..125 224..75  223..126 222..41  181..225 225..226 226..227 227..228 228..229 229..81  229..4   228..80  227..230 230..74  230..13  226..31  225..231 231..14  231..70  180..232 232..82  232..43  179..233 233..90  233..72  178..234 234..235 235..236 236..237 237..42  237..86  236..87  235..238 238..15  238..141 234..239 239..240 240..241 241..38  241..85  240..12  239..61  177..242 242..243 243..244 244..245 245..1   245..83  244..84  243..8   242..39  176..246 246..247 247..248 248..249 249..36  249..37  248..250 250..2   250..34  247..251 251..3   251..32  246..252 252..253 253..254 254..89  254..11  253..35  252..255 255..33  255..88  175..256 256..257 257..258 258..259 259..260 260..261 261..262 262..26  262..30  261..29  260..263 263..151 263..25  259..264 264..68  264..69  258..66  257..265 265..152 265..153 256..266 266..267 267..17  267..16  266..67  154..268 268..269 269..270 270..271 271..272 272..273 273..274 274..275 275..276 276..277 277..278 278..116 278..114 277..115 276..105 275..113 274..104 273..279 279..280 280..281 281..112 281..110 280..118 279..109 272..282 282..283 283..284 284..285 285..97  285..9   284..98  283..286 286..95  286..122 282..96  271..287 287..64  287..78  270..288 288..289 289..148 289..147 288..290 290..79  290..127 269..291 291..292 292..293 293..294 294..295 295..296 296..108 296..107 295..106 294..121 293..103 292..297 297..298 298..117 298..119 297..120 291..111 268..299 299..300 300..301 301..302 302..143 302..144 301..145 300..142 299..303 303..304 304..134 304..132 303..133
 0.047961 0.000000 0.022171 0.000000 0.015618 0.139703 0.100041 0.123316 0.127754 0.153523 0.022264 0.221169 0.098290 0.218941 0.301311 0.345560 0.033089 0.101179 0.048949 0.029752 0.007959 0.250129 0.161640 0.000000 0.186563 0.138692 0.218000 0.225942 0.226749 0.110799 0.000000 0.046257 0.076104 0.045187 0.114449 0.065835 0.246137 0.000000 0.184166 0.158355 0.243231 0.054401 0.058658 0.193297 0.000000 0.081985 0.000000 0.033532 0.278372 0.068552 0.000000 0.040539 0.039545 0.045616 0.033265 0.024199 0.091673 0.049653 0.000000 0.007854 0.014466 0.012134 0.020794 0.003199 0.293909 0.056189 0.028232 0.000000 0.007239 0.051031 0.028996 0.062472 0.136600 0.058924 0.119646 0.085880 0.096219 0.055638 0.038654 0.000000 0.000000 0.028854 0.007314 0.000000 0.097558 0.043453 0.092048 0.038142 0.044324 0.030009 0.029864 0.000000 0.000000 0.000000 0.000000 0.000000 0.000000 0.014863 0.000000 0.000000 0.053307 0.032852 0.020726 0.047729 0.085277 0.031153 0.019546 0.009910 0.000000 0.069975 0.056661 0.067219 0.009692 0.013030 0.106637 0.044688 0.007295 0.000000 0.085886 0.283183 0.222915 0.176636 0.000000 0.075147 0.048503 0.052636 0.088063 0.124654 0.239749 0.016868 0.000000 0.011320 0.032581 0.069797 0.032486 0.030521 0.044646 0.140227 0.042523 0.056981 0.043871 0.007289 0.088796 0.069147 0.021928 0.013614 0.267422 0.245765 0.030325 0.092093 0.370283 0.000000 0.000000 0.246775 0.000000 0.000000 0.026826 0.042136 0.525735 0.022253 0.000000 0.000000 0.059227 0.076931 0.133338 0.154741 0.000000 0.127778 0.054689 0.130267 0.109005 0.132826 0.283951 0.032632 0.072979 0.200220 0.089016 0.054682 0.094457 0.187715 0.378571 0.265189 0.083237 0.031119 0.022246 0.149731 0.007174 0.000000 0.099964 0.214600 0.109066 0.491749 0.019895 0.010144 0.156751 0.137296 0.003541 0.085145 0.016182 0.072348 0.164475 0.195022 0.230157 0.000000 0.000000 0.000000 0.089339 0.079639 0.026728 0.035806 0.238742 0.100653 0.109893 0.111001 0.103040 0.064848 0.105232 0.059900 0.000349 0.351024 0.000000 0.469813 1.519829 0.097788 0.251352 0.000000 0.000000 0.154390 0.095030 0.109676 0.067861 0.017056 0.025770 0.061992 0.000000 0.015210 0.123350 0.141766 0.008592 0.089095 0.058098 0.038370 0.186729 0.400202 0.275870 0.139548 0.147150 0.084504 0.210189 0.137247 0.313973 0.326407 0.425857 0.002370 0.041520 0.024119 0.088070 0.137496 0.074019 0.060863 0.163136 0.087388 0.095176 0.172197 0.212177 0.082201 0.304975 0.212296 0.141504 0.091102 0.249733 0.219592 0.161750 0.000000 0.029341 0.183669 0.046439 0.040665 0.109142 0.077203 0.065795 0.129591 0.067420 0.045601 0.154378 0.035066 0.244829 0.100137 0.125495 0.410143 0.149016 0.000000 0.015515 0.003547 0.024667 0.062249 0.053320 0.045188 0.000000 0.031966 0.021644 0.000000 0.051243 1.329905
