
Printing out site pattern counts


       139        106  P

GNM13538                        ---------- -------AAA AAAACCDDDD DDEEEEEEFF GGGGGIIIII IIIIKKKKKK KKLLLLLLLL LLLMMNNPPP PQRRRRSSSS SSSTTVVVVV VVVYYY
GNM13680                        -DDEGHIIIK LLRRTVVAAA ADDVCCDEKL QREFIKNTLR AGKSYIIIII ILSVKKKKLN TVEFIIKLLL LLRAIKNIPP PLPRRVKNNR STTKNAGIIL RSVATY
GNM14837                        -DEDGHIIIK LLRRTVVAAA GDNVCCEEKL SKEFVRNTQR ARKRYIIIII ILGVKKKKLN TIDFIIKLLL LVKEMDNVPP SPPNRDRNNK ETTKNAGIIL RSVAVY
GNM14249                        -DEDGHIIIK LLRRTVVAAA GDNVCCDEKL SKEFVRNTQR AKKRYIIIII ILGVKKKKLN TIDFIIKILL LVKEMDNVPP SPPNRDRNNK ETTKNAGIIL RSVAVY
GNM13928                        -DEDGHIIIK LLRRTVVAAA GDNVCCEEKL AKEFVRNTQR ARKRYIIIII ILGVKKKKLN TIDFIIKLLL LVKEMDNVPP SPPNRDRNNK ETTKNAGIIL RSVAVY
GNM13297                        ---------- -------AAA AAAACCDDDD DDEEEEEEFF GGGGGIIIII IIIIKKKKKK KKLLLLLLLL LLLMMNNPPP PQRRRRSSSS SSSTTVVVVV VVVYYY
GNM14865                        -DNAGHIIVR LVKSTVVAGS ADDVCCDEDL VAEEVRNSNN ESRGYIIIIV VLDVKQRVMG SVEIIVRLRV VLRAINNVPP PRPATASNNR ASVKDIGIVL DSVAIY
GNM13455                        -DEDGHILIK LLRRTVVAAS GDNVCCDEKL AKEFVRNTQR SRKRYIIIII ILGVKKKMLN TIDFIIKLLL LVKEIDNVPP SPPNRDRNNK ETTKNAGIIL RSVAVY
GNM14938                        -DWPGHIIID I-KRTVVVLK ADELCCDYKD ETEYVSNTRY DGRDWAKVVI IMRVKRKLKH IIDVIVQVLI VLHAYTEPPP PLPRAERNNR TSAKALWIIL YSVYIY
GNM14872                        -DDEGHIIIK LLRRTVVAAA ADDVCCDEKL QREYVKNTLR AGKAYIIIII ILSVKKKKLN TVEFIVKLLL ILRSIKNIPP PLPTRSKNNK STTKNAGIIL RSVAVY
GNM13855                        -DNEGHIIIK LLRRTVVAAA ADDVCCDEKL QNEFTRNTLR AGKNYIFIII ILVVKRKKLN TVEFIIKLLL ILKAIRNIPP PLPNRIKNNK KTTKDISIIL QSVASY
GNM14445                        -DDDGHIIIK LVRRTVVAAA ADDVCCNEKL HNEFIKNTRR MDRKFVVVVI ILSVKEKKMN TIEFIVQILL LLRHITNVPP PPSSKESNNK ASTKNAGILL KSVAIY
GNM14404                        -DDTGHIIIK LVKQTVVAVA ADDICCDEEL KNSELKNTDM RGLGYLLIII VLHVKYKKMG SVEVIIQIII MLKAISNVPP GPPRRVKNNR ISVKHIGILL HSVAIY
GNM14545                        -DDTGHIIIK LVKQTVVAVA ADDICCDEEL KNSELKNTDM RGLGYLLIII VLHVKYKKMG SVEVIIQIII MLKAISNVPP GPPRRVKNNR ISVKHIGILL HSVAIY
GNM14366                        -DDEGHIIIK LLRRTVVAAA GDNVCCDEKL SKEYVRNTRR TKKGYIIIII ILGVKKKKLN TIDFIIKLLL LIKGIDNVPP SPPERERNNK KTTKNAGIIL KSVSIY
GNM14252                        -DEDGHIIIK LLRRTVVAAA GDNVCCDEKL SKEFVRNTQR AKKRYIIIII ILGVKKKKLN TIDFIIKILL LVKEMDNVPP SPPNRDRNNK ETTKNAGIIL RSVAVY
GNM13760                        -DEDGHIIIK LLRRTVVAAA GDNICCDEKL SKEFVRNTQR ARKRFIIIII ILGVKKKKLN TIDFIIKLLL LVKGMDNVPP SPPSRDRNNK ETTKNAGIIL RSVAVY
GNM13982                        -DDNGHIIIK LLRRTVVSAA GDNVCCDEKL SSEFVRNTNR GDKEYIIMVI ILGMKKKRLG TIDFIIKLLL LVREIDNVPP SPPERERNNK QTTKNAGIIL RSVAIY
GNM13960                        -DDDGHIIIK LLRRTVVSAA GDNVCCDEKL STEFVRNTKR NRKRYIIIVI ILGVKNKKLG TIDFIIKLLL LVKVIENVPP SPPERDRNNK ETTKNAGVIL RSVAVY
GNM14633                        -DDNGHIIIK LLRRTVVSAA GDNVCCDEKL SAEFVRNTKR GQKEYIIMVI ILGMKKKKLG TIDFIIKLLL LVREIDNVPP SPPERERNNK QTTKNAGIIL RSVAVY
GNM14853                        -DDNGHIIIK LLRRTVVSAA GDNVCCDEKL SAEFVRNTKR GQKEYIIMVI ILGMKKKKLG TIDFIIKLLL LVREIDNVPP SPPERERNNK QTTKNAGIIL RSVAVY
GNM14174                        -DDSGHIIIK LVKSTVVAAA ADKICCEEKL KHEAVENSDL GAVGYIIIII VVKVKYRKVG TIEIVMKILL LLRGIANVPP VPPKYENNNR ISVKNIGIIL HSVAIY
GNM14138                        -DDTGHIIIK LVKSTVVAGA ADNICCNEKL KHEEVLNSDQ GEFGYITMII VLKVKHTKIG TVEVLVRILL LLRAISNVPP APPKHRRNNR VSVKDIGVIL HSVAVY
GNM14055                        -DDNGHIIIK LLRRTVVSAA GDKVCCDEKL STEFVRNTKR NRKQYIIIVV ILGVKSKKLG TIDFIIKLLL LVKVIENVPP SPPKRDRNNK ETTKNAGVIL RSVAVY
GNM14748                        -DEDGHIIIK LLRRTVVAAA GDNVCCNEKL AKEFIRNTQR AKKRYIIIII ILGVKKKKMN TLDFIIKILL LIKEIDNVPS TPPDRDRNNK ETTKNAGIIL RSVAIY
GNM14246                        -DDTGHIIIK LVKSTVVAAA ADNVCCDEKL KHEEARNTEQ GGVGYIMVII VLKVKHKKMG TVEVLVKILV MLRSIANVPP APSKYRKNNR TSVKNIGIIL HSVSIY
GNM14640                        -DNAGHIIIK LVKSTVVAAA ADSICCNEKL KHDEARNTDQ GGTGYIIMII VIRVKHKKIG TVEVLVRILL MLRGIANVPP APPKYRKNNR ISVKDIGIIL HSVAIY
GNM14965                        -DDEGHIIIR LLRRSVVAAA ADDVCCEEKM QHEFVKNTLR GGKNYIIIII ILSVKRKKLN TVEFIIKLLM LLRSINNIPP PLPRRVSNNR STTKNTGVIL RSVAIY
GNM14339                        -DWPGHILID L-KRTVVILA ADTLCCDYKD GQEMVSNTQH DGRNWLKIII VVRVKRKIYH IVEIVVALLI LLYAYTEPPP PTPRTVRNNR ETAKKLWIIV ESVFLY
GNM13825                        -DWPGHIIID I-KRTVVVLK ADDLCCDYKD ETEHVQNTRY DGRDWARVVI ILRVKRKLKH IVDVIVQVLI VLHAYTEPPP PVPRAERNNR VSAKALWIIM YSVYIY
GNM14768                        -DNPGHIIIR MVKATIVAVA ADRVCCEEAL VMEEVKNTSR GGRGYIFIIV ILRVKRKKMG ALDLLVVIPL LLLAVSNAPP KPEKLEKNNK ITTKDLGIVL DSIAAY
GNM14776                        -DNPGHIIIR MVKATIVAVA ADRVCCEEAL VMEEVKNTSR GGRGYIFIIV ILRVKRKKMG ALDLLVVIPL LLLAVSNAPP KPEKLEKNNK ITTKDLGIVL DSIAAY
GNM14715                        -DEPGHIIIE L-RSTVVILC ADDICCEDKD RGSHVTNTTY DGRRGLRIVI ISKVKRGIQR VIDLVVQLVL LLWDFNEPPP PLSRAERNND TSAKDVWIIV QSVFLY
GNM14639                        -DNVGHIIIR LVKQTVVAAS ADEICCEEEL EHEYIPNTQR GGRGYVLIVI ILRVKKKKMN TVIFIIRILL YLTAINNLPP PPPSRIKNNK ETTKNIGIFL RSVTIY
GNM13795                        -DEDGHIIIK LLRRTVVAAA GDNVCCNEKL AKEFIRNTQR AKKRYIIIII ILGVKKKKMN TLDFIIKILL LIKEIDNVPS TPPDRDRNNK ETTKNAGIIL RSVAIY
GNM14166                        -DNEGHIIIK LLRRTVVAAA GDNVCCDEKL AKEFVRNTKR TRKGYIIIVI ILSVKKKKLN TIDFIIRLLL LLKSIDNVPP SPPSRERNNR QTTKNAGIIL RSVATY
GNM13993                        -DHVGHILIK LIRNTVISAA ADKICCNEEF EHEIINNTNR TGKDYIVIII ILKVKRQRMN SVEFIVKLLL SLRAITNVPP TPSSRTKNNE KSTKNAGIFL KSVAIY
GNM14450                        -DDDGHIIIK LVRRTVVTAV ADIICCDEKL EKEFIKNTVR VGANYIIMII ILSVKMKKLN TIDFLIKLLL LLRPIMNVPP SPPSRIKNNR ATTKNAGIFL RSVAIY
GNM13515                        -DDNGHIIIK LLRRTVVSAA GDNVCCDEKL SSEFVRNTQR SRKDYIIMVI ILGMKKKKLG TIDFIIKLLL LVREIDNVPP SPPQRDRNNK ETTKNAGVIL RSVALY
GNM13745                        -DQEGHILIR LIRNTVITAA ADKVCCNEKF KNEITNNTNR SDKDYIVIII VLKVKHRRMN SVEFIVRLLL LLRSITNVPP TPPARVKNNQ SSTKNAGIFL KSVSIY
GNM14959                        -DDPGHIIIR LVKSVVIAVA ADDICCDEEL ATSEVKNTLF GGTGYILIVI VLRVKRKLMG ALELVVVVIL HLRAIRNVPP KPERTEKNNR VTLKNLGIIL ESVAMY
GNM14971                        -DDDGHIIIK LLRRTVVSAA GDNVCCDEKL STEFVRNTKR NRKRYIIMVI ILGVKNKKLG TIDFIIKLLL LVKVIENVPP SPPERDRNNK ETTKNAGVIL RSVAVY
GNM14990                        -DDDGHIIIK LLRRTVVSAA GDNVCCDEKL STEFVRNTKR NRKRYIIMVI ILGVKNKKLG TIDFIIKLLL LVKVIENVPP SPPDRDRNNK ETTKNAGVIL RSVAVY
GNM15005                        -DDDGHIIIK LLRRTVVSAA GDNVCCDEKL STEFVRNTKR NRKRYIIMVI ILGVKNKKLG TIDFIIKLLL LVKVIENVPP SPPERDRNNK ETTKNAGVIL RSVAVY
GNM14992                        -DNDGHIIIK LLRRTVVAAA GDNVCCNEQL SSEFVHNTQR SRKDYIIIVI ILGVKKKKLN TIDFIIKLLL LVKGIDNVPP SPPDRERNNK ETTKSAGVIF RSVSMY
GNM14994                        -DEDGHIIIK LLRRTVVAAA GDNVCCNEKL AKEFIRNTQR ARKRYIIIII ILGVKKKKLN TIDFIIKILL LVKEIDNVPP SPPDRDRNNK ETTKNAGIIL RSVSVY
GNM15013                        -DDDGHIIIK LLRRTVVSAA GINVCCNEKL STEFVRNTKR NRKRYIIMVI ILGVKNKKLG TIDFIIKLLL LVKVIENVPP SPPERDRNNK ETTKNAGVIL RSVAVY
GNM14976                        -DDDGHIIIK LLRRTVVSAA GDNVCCNEKL SAEFVRNTKR NKKRYIIMVI ILGVKNKKLG TIDFIIKLLL LVKVIENVPP SPPERERNNK ETTKNAGVIL RSVAVY
GNM15025                        -DDDGHIIIK LLRRTVVSAA GDNVCCNEKL STEFVRNTRR NRKEYIIMVI ILGVKNKKLG TIDFIIKLLL LVKVIENVPP SPPGRDRNNK ETTKNAGVIL RSVAVY
GNM15024                        -DEDGHIIIK LLRRTVVAAA GDNVCCDEKL SKEFVRNTQR AKKRYIIIII ILGVKKKKLN TIDFIIKILL LVKEMDNVPP SPPNRDRNNK ETTKNAGIIL RSVAIY
GNM14980                        -DEDGHIIIK LLRRTVVAAA GDNVCCDEKL SKEFVRNTQR AKKRYIIIII ILGVKKKKLN TIDFIIKILL LVKEMDNVPP SPPNRDRNNK ETTKNAGIIL RSVAIY
GNM15026                        -DNDGHIIIK LLRTTVVSAA GDDLCCNEQL SSEFALNTHR SRKESIIIII ILGVKKKKLN TIDFIIKLLL LVKGIANVPP SPPERTRNNK QTTKNAGIIL RSVAFY
GNM15001                        -DEDGHIIIK LLRRTVVAAA GDNVCCDEKL SKEFVRNTQR AKKRYIIIII ILGVKKKKLN TIDFIIKILL LVKEMDNVPP SPPNRDRNNK ETTKNAGIIL RSVAIY
GNM15019                        -DDDGHIIIK LLRRTVVSAA GDNVCCNEKL STEFVRNTKR NRKRYIIMVI ILGVKNKKLG TVDFIIKLLL LVKVIENVPP SPPERDRNNK ETTKNAGVIL RSVAVY
GNM15028                        -DDDGHIIIK LLRRTVVSAA GDNVCCNEKL STEFVRNTKR NRKRYIIMVI ILGVKNKKLG TVDFIIKLLL LVKVIENVPP SPPERDRNNK ETTKNAGVIL RSVAVY
GNM11003                        -DNPGHIIIK LVKSTVVAVA ADEICCNEEL NSEEAKNTAR EGKGYIIIII VLSVKRKLME ALELIVKILL LLRAIANLPP PPENTEKNNR KTVKEIGIIL DSVATY
GNM11023                        -DSPGHIIIR LVKRVVVAVG ADEICCDEKF KGEKVKNTTV GGRGYLVIFI LLSAKRKVIG AVDLIIRLLY VIYPVTNLPP PPEKTQRNRE ETLKEAGISP VSMATY
GNM11055                        -DENGHIIIK LIKSTVVAAA ADEVCCDEEL SNRFEKNTLF GGKKYIVIII VLSVKKKKMG SMELIVRIPA ILMALANVPP PHPKREKNNR VSLKNIGIVI HSVSKY
GNM11146                        -DDPGHIIIK LVKSIVVAVS ADEICCDESL KTKEIQNTIF GGRKYLVIII VLRAKRRLMG ALEVIVQVLL LLKAIKNVPP RPDRTKKNNR TTLKNVGIVL QSVAYY
GNM11220                        -DDTGHIIIR IVKSTVVAIA ADEVCCNEEL KREEVRNTAK NNKGYLVIIV VLKVKYKKMN SVEIIIRILL MLRAISNVPP APPRRRRNNR ITVKHIGIIL HSVAVY
GNM11223                        -DNMGHIIIR LVKSTVVAAA ADHVCCNEKL KHEEVRNTDQ GGLGYIIIII VIEVKHKKMG TIEVLVRILL MLRRITNVPP VPPKHKKNNR VSVKDIGIIL HSVAIY
GNM11224                        -DNMGHIIIR LVKSTVVAAA ADHVCCNERL KHDEVRNTDQ GGSGYIIIII VIEVKHKKMG TIEVLVRILL MLRRIANVPP VPPKRQKNNR MSVKDIGIIL HSVAIY
GNM11225                        -DNAGHIIIR LVKSTVVAAA ADPICCNERL KREEVKNTDQ NGTGYIIMII VIKVKKKRMG TIEIIVRILL MLRRISKVPP IPPRNQKNNR VSVKDIGIVL HSVSIY
GNM11358                        -DNEGHIIIR LLRRTVVAAA ADDVCCDEKL QNEFTRNTLR AGKNYIFIII ILVVKRKKLN TVEFIIKLLL ILKSIRNIPP PLPNRIKNNK KTTKDIPIIL QSVASY
GNM11360                        -DEDGHILIK LLRRTVVAAS GDNVCCDEKL AKEFVRNTQR SRKRYIIIII ILGVKKKMLN TIDFIIKLLL LVKEIDNVPP SPPNRDRNNK ETTKNAGIIL RSVAVY
GNM11362                        -DEDGHIIIR LVRRTVVAAA ADDICCEERL ERELKRNTLR GGKGYIVIIV ILVVKKKKMN TVEFIIRILL LLRAISNVPP PPPKRINNNS LSTKNAGVLL WSVAMY
GNM11367                        -DDNGHIIIK LLRRTVVSAA GDNVCCDEKL SSEFVRNTNR GDKEYIIMVI ILGMKKKRLG TIDFIIKLLL LVREIDNVPP SPPERERNNK QTTKNAGIIL RSVAIY
GNM11377                        -DDEGHIIIK LLRRTVVAAA ADDVCCDEKL QREYVKNTLR AGKAYIIIII ILSVKKKKLN TVEFIVKLLL ILRSIKNIPP PLPTRSKNNK STTKNAGIIL RSVAVY
GNM11380                        -DNEGHIIIK LLRRTVVAAA GDNVCCDEKL AKEFVRNTKR TRKGYIIIVI ILSVKKKKLN TIDFIIRLLL LLKSIDNVPP SPPNRERNNQ QTTKNAGIIL RSVATY
GNM11383                        -DDEGHIIIK LLRRTVVAAA GDNVCCDEKL AKEYVRNTKR TKKGYIIIII ILGVKKKKLN TVDFIIKLLL LVRGIDNVPP SPPDRERNNK KTTKNAGIIL KSVSIY
GNM11491                        -DEDGHIIIR LLRRTVVAAA GDNVCCDEKL ASEFARNTQR SRKGYIIIVI ILGVKRKRLN TVDFIIKLLL LLRGIDNVPP TPPSRGRNNR ETTKNAGIIL RSVAIY
GNM11804                        -DENGHIIIR LIKSTVIAAA ADEVCCDEKP TGKFVKNTLF GGKGYIIIII VLKVKKKKMG SLELIVVIPA FLKAINNVPP PRPKRERNNK KSLKNIGILL ESVARY
GNM11805                        -DDAGHIIIK LIKSTVIAGA ADQICCNEEL DEEFIKRTKF KGYGYIIVII ILEVKKKKIN SIEVIIKIMI MLKAINNLPN AQTAKKKSNK VTLKDIGIFL VSVAEY
GNM12883                        -DDEGHIIIK LLRRTVVAAA ADDVCCDEKL QREFVKNTFR AGKNYIIIII ILSVKKKKLN TAEFIIKLLL LLRAIKNIPP PLPQRVKNNR STTKNAGIIL RSVATY
GNM12892                        -DDEGHIIIR LLRRTVVAAA ADDVCCEEKM QHEFVKNTLR GGKNYIIIII ILSVKRKKLN TVEFIIKLLM LLRSINNIPP PLPRRMSNNR STTKNTGVIL RSVATY
GNM12895                        -DDDGHIIIK LVRRTVVTAV ADIICCDEKL EKEFIKNTVR VGANYIIMII ILSVKMKKLN TIDFLIKLLL LLRPIMNVPP SPPSRIKNNR ATTKNAGIFL RSVAIY
GNM13064                        -DHVGHILIK LIRNTVISAA ADKICCNEEF EHEIINNTNR TGKDYIVIII ILKVKRQRMN SVEFIVKLLL SLRAITNVPP TPSSRTKNNE KSTKNAGIFL KSVAIY
GNM13066                        -DHIGHILIK LIRSTVISAA ADKICCNEEF ENEITNNTNR TGKDYIVIII ILKVKRQRMN SVEFIVKLLL SLRAITNVPP TPSSRTKNNE KSTKNAGIFL KSVTIY
GNM11032                        -DWPGHILID L-KRTVVILA ADELCCDYRD GSEMVRNTRE DGRSWLRMII VVKVKQKIQH IVEIILQLII LLYAYSEPPP PTPKTVRNNR RTAKGLWVIV MSVFLY
GNM11363                        -DEDGHIIIR LVRRTVVAAA ADDICCEERL ERELKRNTLR GGKGYIVIIV ILVVKKKKMN TVEFIIRILL LLRAISNVPP PPPKRINNNS LSTKNAGVLL WSVAMY
GNM11375                        -DEDGHIIIK LLRRTVVAAA GDNI-CDEKL SKEFVRNTQR -RKRFIIIII ILGVKKKKLN TIDFII-LL- -VKGMDNVPP SPPS-DRNNK ETTKNAGIIL -SVA--
GNM11381                        -DDEGHIIIK ILRRTVVAAA GDNVCCDEKL TKEYVRNTKR AKKGYIIIII ILGVKKKKLN TVDFIIKLLL LVRGIDNVPP SPPERERNNK KTTKNAGIIL KSVSIY
GNM11382                        -DDEGHIIIK LLRRTVVAAA GDNVCCDEKL FKEFVRNTKR TKKGYIIIII ILGVKRKKLN TIDFIIRLLL LVKGIDNVPP SPPERERNNK KTTKNAGIIL KSVSIY
GNM11799                        -DNDGHIIIK LLRRTVVAAA GDNVCCNEQL SSEFVHNTQR SRKEYIIIVI ILGVKKKKLN TIDFIIKLLL LVKGIENVPP SPPDRERNNK ETTKNAGVIL RSVSMY
GNM11841                        -DNAGHIIIQ LVKSTVVAAS ADSVCCDEEL EAEEVRNTNG DGHGYIVVII VLDMKQRVMG SVELIVRLRV ILRGINNVPP PHPATEENTR VTVKDIGIVL ESVAIY
GNM11931                        -DAPGHIIIQ LVKSTVVAGS ADDICCDEEL DDEEDRNTQR EGRGYTVIIV VLEVKQRVMG TVELIIRLRM VLRAINNVPP PPTQQASNAR VTVKDIGIVL QSVAIY
GNM12040                        -DDTGHIILR LVKSTVVAGA ADTVCCDEAL EEDEVRNTNK GGRGYILIII VLDVKERVMD SVELIVQLRL VVRAINNIPP PRIASTFNNR ATVKDIGIVL DSVAIY
GNM12071                        -DDEGHIIVR LVKSTVVAGS ADDVCCDEEL TEEEVRNTNN SGRGFIVIIV VLDVKQRVME SVELIVRLRV LLRGINNVPP PRPATTSNNR STVKDIGIVL DSVAIY
GNM12125                        -DEPGHIIIR LVRRTVVAVA ADDICCDERL TRAHVRNTTR GGRGYIIIII VLRVKRKKMG AVELVIQIVL VLRAISNVPP PPEKTEMNRH ITVKDIGIVL VSVALY
GNM12126                        -DNPGHIILN LVKSTVVAAA ADDICCNEEL TTEYVGNTKR GGRGGIIIII VLKVKRKAMN LIQLIVKLLL ILVPISNVPP PSYREETNRR VSTKKLGIVL HSVAIY
GNM12128                        -DNPGHIIIM LVKSTVVALA ADEICCNELL ETSKVRNTDY GGRNFIIIII ILKVKKKVMQ AVELIIQIII VLKAITNVPP TPENSERNNE VSVKNVGIIL VSIAFY
GNM12182                        -DNPGHIIIR LVKSTVVAVT ADQICCDEEL EEGEVKNTAR EGRGYILIII LLSAKRKLMD ALELIIAIIL LLRAISNQPP TPEKTVRNNK ETAKEIGIVI ESVARY
GNM12342                        -DNDGHIIIT LVKKTVVVAS ADDICCNEKL QDEEVKNTML EGKNGVTIII LFKVKKKKIG MIDLIVRIII LLIAINNPPP TPPKKEKNNR ETVKDVGIIL YSVSFY
GNM12346                        -DNTGHIIIV LVPKTVVALA SDRICCNEEL DRGEVRNTNH EGGGYILVII VLGVKQESMN SVEVIVRIPL ILRSINNVPP GPPKYSRNNR ESLKDIGIVL SSVAVY
GNM12351                        -DNNGHIIIE LVPHTVVALA ADSICCDEEL HNDESINTND EGRNFIVVII VLVAKQHKIG SVEVIVRIIL ILRAINNVHP IPPKRERNNR QSVKDIGIIL SSVAIY
GNM12356                        -DNKGHIIIE LVPETVVAAS ADNICCNEIL ENNEIKNTNF EGKDKIIIII LYGVKKKKMG TIDLIIRIII LLIQINNVPP TPPNKEKNNK TTVKDAGIIL FSVSFY
GNM12357                        -DNSGHIIIE LVPKTVVAAA ADKICCEEKL DDKEIKNTKF EGMNGIIIII LYKVKKKKLG TLDIIIRILI ILLGINNVPP TPPKKDKNNK RTVKNISIIL ESVSFY
GNM12366                        -DNEGHIIIE LVPKTVVAAA ADNICCDEKL GNSAVKNTKF EGLKGIIIII LYKVKKKKLG TLDVVVRIII ILLSINNVPP TPSDKDKNNK KTVKNLSIIL DSVSFY
GNM12373                        -DNTGHIIIK LVPSTVIAAA GDKICCNEKL EDVESPNTTK DGRGFIVMII VLSVKERKSN IVEIVVRIVF ILRPINNVPP PPPRSIKSNR QTVKDIGIIL QSVALY
GNM12551                        -DMPGHILLE LVRKTVVAAA ADEICCDESP KNEIAQNTQF EGRDYIFIVV LMSVKTKKIG LVELVLRVPY VLKPINNVPP PPERRERNNR RTAKNIGIVL RSIATY
GNM12554                        TDNDGHIIIK LVRRTVVAAA ADTICCHSKL ENEECGNTNQ DGSGFISIII VIKVKEHRTN SIEVILRIIL ILRGIGNVPP PPPRSERNRR VTVKDIGIIL LSVSVY
GNM12592                        -DSQGHIIIR LVPRTVVALA ADDVCCDEAL DGEEVANTNY DGKGYIVIIV VLRVKQKKMD SVEVIVRILL LLRAISNVPP QPSKQVRNNR VSVKNIGIIL FSVAPY
GNM12596                        -DNTGHIIIE LVAQTVIAVA ADSICCDEEL VKQEVKNTNN EGKRFIVVII VLAAKQRRMG SFEVIVHILL ILKAINNVPP MSPRHERNNR YSLKNIGIVL LGVSVY
GNM12602                        -DNKGHIIIE LVAQTVIAVA ADSICCDEKL VKQEVKNTNN EGIGFIVVII VLAAKQARMG SFEVIINILL ILKAINNVPP IPPRHERNNR YSLKNIGIVL LGVSVY
GNM12665                        -DSKGHIIIE LVAQTVVAVA ADSICCDEVL VKQEVNNTNN EGKGFIVVII VLAAKQGRMG SFEVIIHILL ILKSISNVPP TSPRHERNNR YSLKNIGIVL LGVSVY
GNM12745                        -DNTGHIIIK LNRKTVVAAV SDDICCDEQL HQREIHNTNS EDRKYLVILI ILSVKRDKIG MVEVLIRLLL MLRAINNLMP SPENRTTNNR ETVKDMNIIL YSIATY
GNM12749                        -DNKGHIIIE LVTSTVIAAA ADPICCNERL INEEIGNTTK DGKGFIVVII VLKVKEARTK SVELVVVIIA ILRAICNVPP PPSRAIRNNR VTVKDIGILL SSVAVY
GNM12758                        -DNTGHIIIK LIPKTVVAAA SDDICCDEKL RREEVKNTNA EGSGYLIIIV VLSMKRQQMN TVELIVRILL ILRAINNVMP PPDNRRRNNR ETVKDINIVL YSVALY
GNM12763                        -DNPGHIIIK LVPKTVVAGA ADDICCDEEL QKKEVKNTQE EGIKYILIII VLSMKRRQIN TIEIIVRILL ILRAINNVRP PPEKREKNNR ESVKDIGIIL YSVALY
GNM12766                        -DNKGHIIIQ LVPKTVVAAA ADDICCNEEL NDEEVKNTDF EGKKGILIII LYKVKKKKMG MLDLIVRIII LLLSINNVPP TPPNKEKNNR YTVKNIGIIL KSVAFY
GNM12841                        -DKAGHIIIQ LVKSTVVAGS ADEVCCDEEL TAEEIRNTNH GGRGFIVIIV VLDVKQRVMG SVELIIRLRV ILRGINNVPP PAPATESNTR TTVKDIGIVL SSVAIY
GNM12849                        -D-D-H-LI- LL---M-AAA GDNVCCDEKL AKEFIRNTQR SRKRYIIIII ILGVKKKKLN TIDFIIKLLL LVKEIDNVPP SPPSRNRNNK ESTKNAGIIL RSVAVY
GNM12869                        -DEDGHIIIK LLRRTVVAAA GDNVCCDEKI SKEFVRNTQR SRKRYIIIII ILGVKKKKLN TIDFIIKLLL LVKEMDNVPP SPPNRDRNNK ETTKNAGVIL RSVAVY
GNM12896                        -DNEGHIIIK LLRRTVVAAA GDNVCCDEKL TKEFVRNTKR TRKGYIIIVI ILSVKKKKLN TIDFIIRLLL LLKAIDNVPP SPPNRERNNQ QTTKNAGIIL RSVATY
GNM12897                        -DNEGHIIIK LLRRTVVAAA GDNVCCDEKL AKEFVRNTKR TRKGYIIIVI ILSVKKKKLN TIDFIIRLLL LLKSIDNVPP SPPNRERNNQ QTTKNAGIIL RSVAIY
GNM12902                        -DDSGHIIIR LIKSTVIAGA ADEICCNEEL DEEFINRTEF NGLGY-IVIV LLKVKKKRIN SIDVIIRIML MLVAINNVPP SQNNRYKSNK KTLKDIGIIL LSVASY
GNM12903                        -DNPGHIIIE LVKSTVVAVS ADDICCNEAL TTKEVKNTTF GGKGFIRIII VLKVKRKIMG ALEFVVIIPF HARAITNVPP KPERRRKNNR VTVKNIGVIL ASVAYY
GNM12906                        -DNPGHIIIE LVKSTVVAVS ADEICCNEEL TTREVNNTAF GGRGFIRIII VLKVKRKIMG ALEFVVVIPF HARAITNVPP KPERRRKNNR VTVKNVGIIL ASVAYY
GNM12907                        -DNPGHIIIE LVKSTVVAVS ADEICCNEEL STKEIKNTMF GGKGFIRIIV VLRVKRKIMG ALEFVIVIPF HARAIMNVPP RPDRRRKNNK VTVKNVGIIL ASVAYY
GNM12909                        -DSPGHIIIR LVKSTVVAVS ADEICCDERL TTREVKNTAF GGKGFIKIII ILKVKRKIMD ALEFVIIIPF HARAITNVPP RPERRRKNNE VTVKNIGIIL ASVAYY
GNM12915                        -DEPGHIIIK LVASTVVAAA GDDVCCDEKL ENEFVKNTKF EGRKYLIIVI VIKVKKKKMG LLELVVRIVV MLRAINNVPP GPPERERNNR VTVKNIGIIL HSVATY
GNM10046                        -DEPGHIIIK LVASTVVAAA GDDVCCEEKL ETEFVKNTKF EGRGYLIIVI VIKVKKKKMG LLELVVRIIV MLKAINNVPP GPPQREKNHR VTVKNIGIIL HSVATY
GNM12918                        -DEPGHIIIK LVASTVVAAA GDEVCCNEKL ETEFVKNTKF EGRGYLIIVI VIKVKKKKMG LLELVVRIVV MLKAINNVPP GPPEREKNNR VTVKNIGIIL HSVATY
GNM12931                        -DNPGHIIIR LVKSIVVAVA ADSICCEEKL ETEFVRNTKQ GGRGYILIII VLRVKKKLME ALEIIVEIPL LLKAVTNVPP PPERYKKNRK ISLKSVGIVL QSVAVY
GNM12938                        -DNPGHIIIK LVKSTVVAVT ADKICCEEEF ETKEVKNTAT EGKGYIIIIV VLKVKRKLID ALELIIRIVM ILKAIYNLPP PPDNTKKNSR VTAKNVGIVI ESVAIY
GNM12996                        -DKPGHIIIR LVKSTVVAVT ADKICCDEVL ESEVTHNTAR EGRGYILIII VLKVKRKLMD ALEIIVKIVL ILRAIQNLPP PPERIRKNNR QTAKSIGIII ESVAYY
GNM13018                        -DNPGHIIIR LVKSTVVAVT ADKICCDEVL ESEVTHNTAR EGRGYILIII VLKVKRKLMD ALEIIVKIVL ILRAIQNLPP PPERMRKNNR QTAKSIGIII KSVAYY
GNM13027                        -DNPGHIIIK LVKSTVVAVT ADDICCDEEL KTEEVKNTAK DGKKYILIII VLKVKRKLMN ALELIIKIIM ILKAIMNLPP TLERTKKNNR ITAKNIGIVV VSVAVY
GNM13046                        -DDDGHIIIK LLRRTVVSAA GDNVCCNEKL SNEYVRNTRR SRKEYIIIVI ILGVKRKKLN TIDFIIKLLL LVRQIDNVPP SPPERERNNK ETTKNAGVIL RSVAIY
GNM13053                        -DEAGHIIVR LVRRTVVAAA ADEICCNEKL DSEFVNNTRR TGKGFVVIVI VLDVKTKKMN TIEFIVRILL FLRPITNVPP PPPSRDRNNR VSTKNAGILL KSVSVY
GNM13074                        -DEPGHIIIK LVASTVVAAA GDEVCCDERL ETEYANNTKF EGRNYLIIVI VIKVKKKKMG LLELIVRIVV MLKAINNVPP APHERSRNNR KSVKNIGIIL HSVATY
GNM10010                        -DEPGHIIIP LIVETVVAAA WDDVCCDEKL SDEYVKNTKF EGRGYLIIVV VIKVKKKKSG LIELILRIIL ILRAINNVPP PPPERVTNNR ESVKNIGVIL HSVATY
GNM10014                        -DEPGHIIIP LIVETVIAAA WDDVCCDEKL EMEYINNTKF EGRGYLIIVV VIKVKKKKSG LIELILRIIL ILRAINNVPP PPPERTKNNK ESVKNIGVIL HSVATY
GNM13090                        -DEPGHIIIK LVATTVVAAS GDDICCDEGL ETEFANNTKF EGKHYLIIVV VIKVKKKKSG LLELILRIIV MLKAINNVPP APHERVRNNR ESVKNIGVIL HSVATY
GNM13118                        -DEPGHIIIR LVKRTVVAVA ADAVCCDEQL ESSFARNTNR EGVGFLIIII VLRVKRKKMK AVELIIKIPL LLRAINNVPP PPPKETRNNR VTVKDIGVVL ASVATY
GNM13126                        -DDPGHIIVR LIKSTVIAAS GDSICCNEEI ENEFSQHTRF EGFGYVVVII IINVKKKMIN SLELIVRILI MLRSINNVPP KQPGRIKSNK RTLKDVGILL VSVATY
GNM13128                        -DDPGHIIIK LIKSTVIAGS ADPICCNEEL ENESSKHTRF QGYGYIIVII ILSVKKKMMN SVEITVRILL MLRSINNVPP KQPSRIKSNK KTLKDIGILL VSVATY
GNM13208                        -DEPGHIIIK LVKSTVVAVS ADQICCNEEL KSAEVKNTAH GGRGYIRIII VLKVKRKIMG ALEFVVAIPF HARAINNVPP RPERRKRNNR VTVKDLGVIL ESVAYY
GNM12769                        -DNNGHIIIK LVKKTVVAAA SDKICCNENL NHDEVKNTDK GGRNYITIII VLKVKYDKMD SVDIIVRILI MLWQISNVPP NPPSRKKNNR ISVKDIGILL HSVAIF



    1    1    1    1    1    1    1    1    1    1    1    1    1    1    1
    1    1    1    1    1    1    1    1    1    2    2    1    1    1    1
    1    1    1    1    1    1    1    1    1    1    1    1    1    1    1
    1    1    1    1    1    1    1    1    1    2    1    1    1    1    1
    1    1    1    1    1    1    1    1    1    1    1    1    1    1    1
    1    1    1    1    1    1    1    1    1    1    1    1    1    1    1
    1    1    1    1    1    1    1    1    1    1    1    1    1    1    1
    1

AAML (in paml version 4.9h, March 2018)  tmp0045.txt
Model: Empirical,  (../wag.dat) dGamma (ncatG=4) ns = 139  ls = 109


Frequencies..
                                    A      R      N      D      C      Q      E      G      H      I      L      K      M      F      P      S      T      W      Y      V
GNM13538                       0.07609 0.04348 0.02174 0.06522 0.04348 0.01087 0.06522 0.05435 0.00000 0.09783 0.11957 0.09783 0.02174 0.02174 0.04348 0.07609 0.02174 0.00000 0.03261 0.08696
GNM13680                       0.07407 0.08333 0.05556 0.04630 0.03704 0.00926 0.03704 0.02778 0.00926 0.14815 0.12037 0.12037 0.00000 0.01852 0.03704 0.03704 0.05556 0.00000 0.01852 0.06481
GNM14837                       0.05556 0.08333 0.07407 0.05556 0.03704 0.00926 0.05556 0.03704 0.00926 0.12963 0.09259 0.12037 0.00926 0.01852 0.03704 0.02778 0.04630 0.00000 0.01852 0.08333
GNM14249                       0.05556 0.07407 0.07407 0.06481 0.03704 0.00926 0.04630 0.03704 0.00926 0.13889 0.08333 0.12963 0.00926 0.01852 0.03704 0.02778 0.04630 0.00000 0.01852 0.08333
GNM13928                       0.06481 0.08333 0.07407 0.05556 0.03704 0.00926 0.05556 0.03704 0.00926 0.12963 0.09259 0.12037 0.00926 0.01852 0.03704 0.01852 0.04630 0.00000 0.01852 0.08333
GNM13297                       0.07609 0.04348 0.02174 0.06522 0.04348 0.01087 0.06522 0.05435 0.00000 0.09783 0.11957 0.09783 0.02174 0.02174 0.04348 0.07609 0.02174 0.00000 0.03261 0.08696
GNM14865                       0.08333 0.08333 0.07407 0.07407 0.03704 0.00926 0.04630 0.04630 0.00926 0.11111 0.05556 0.03704 0.00926 0.00000 0.03704 0.07407 0.01852 0.00000 0.01852 0.17593
GNM13455                       0.04630 0.08333 0.07407 0.06481 0.03704 0.00926 0.04630 0.03704 0.00926 0.12963 0.10185 0.11111 0.00926 0.01852 0.03704 0.03704 0.04630 0.00000 0.01852 0.08333
GNM14938                       0.05607 0.07477 0.02804 0.07477 0.03738 0.00935 0.04673 0.01869 0.02804 0.12150 0.07477 0.08411 0.00935 0.00000 0.05607 0.02804 0.04673 0.02804 0.06542 0.11215
GNM14872                       0.07407 0.06481 0.05556 0.04630 0.03704 0.00926 0.03704 0.02778 0.00926 0.13889 0.11111 0.12963 0.00000 0.00926 0.03704 0.04630 0.05556 0.00000 0.02778 0.08333
GNM13855                       0.06481 0.06481 0.08333 0.04630 0.03704 0.01852 0.03704 0.01852 0.00926 0.15741 0.11111 0.12037 0.00000 0.02778 0.03704 0.02778 0.05556 0.00000 0.01852 0.06481
GNM14445                       0.06481 0.05556 0.07407 0.05556 0.03704 0.00926 0.04630 0.01852 0.02778 0.11111 0.08333 0.11111 0.01852 0.02778 0.03704 0.05556 0.04630 0.00000 0.00926 0.11111
GNM14404                       0.04630 0.03704 0.04630 0.05556 0.03704 0.01852 0.03704 0.05556 0.03704 0.15741 0.09259 0.10185 0.02778 0.00000 0.03704 0.04630 0.02778 0.00000 0.02778 0.11111
GNM14545                       0.04630 0.03704 0.04630 0.05556 0.03704 0.01852 0.03704 0.05556 0.03704 0.15741 0.09259 0.10185 0.02778 0.00000 0.03704 0.04630 0.02778 0.00000 0.02778 0.11111
GNM14366                       0.03704 0.06481 0.06481 0.05556 0.03704 0.00000 0.04630 0.05556 0.00926 0.15741 0.09259 0.14815 0.00000 0.00926 0.03704 0.03704 0.05556 0.00000 0.02778 0.06481
GNM14252                       0.05556 0.07407 0.07407 0.06481 0.03704 0.00926 0.04630 0.03704 0.00926 0.13889 0.08333 0.12963 0.00926 0.01852 0.03704 0.02778 0.04630 0.00000 0.01852 0.08333
GNM13760                       0.05556 0.08333 0.06481 0.06481 0.03704 0.00926 0.03704 0.04630 0.00926 0.13889 0.09259 0.12037 0.00926 0.02778 0.03704 0.03704 0.04630 0.00000 0.00926 0.07407
GNM13982                       0.03704 0.08333 0.07407 0.06481 0.03704 0.00926 0.05556 0.05556 0.00926 0.12963 0.09259 0.09259 0.01852 0.01852 0.03704 0.04630 0.04630 0.00000 0.01852 0.07407
GNM13960                       0.03704 0.08333 0.07407 0.06481 0.03704 0.00000 0.04630 0.04630 0.00926 0.12037 0.09259 0.11111 0.00000 0.01852 0.03704 0.03704 0.05556 0.00000 0.01852 0.11111
GNM14633                       0.04630 0.07407 0.06481 0.05556 0.03704 0.01852 0.05556 0.05556 0.00926 0.12037 0.09259 0.11111 0.01852 0.01852 0.03704 0.03704 0.04630 0.00000 0.01852 0.08333
GNM14853                       0.04630 0.07407 0.06481 0.05556 0.03704 0.01852 0.05556 0.05556 0.00926 0.12037 0.09259 0.11111 0.01852 0.01852 0.03704 0.03704 0.04630 0.00000 0.01852 0.08333
GNM14174                       0.07407 0.02778 0.05556 0.03704 0.03704 0.00000 0.05556 0.05556 0.02778 0.16667 0.07407 0.11111 0.00926 0.00000 0.03704 0.04630 0.01852 0.00000 0.03704 0.12963
GNM14138                       0.05556 0.04630 0.05556 0.04630 0.03704 0.00926 0.04630 0.05556 0.04630 0.11111 0.09259 0.09259 0.00926 0.00926 0.03704 0.04630 0.04630 0.00000 0.01852 0.13889
GNM14055                       0.03704 0.07407 0.06481 0.05556 0.03704 0.00926 0.03704 0.04630 0.00926 0.11111 0.09259 0.12963 0.00000 0.01852 0.03704 0.04630 0.05556 0.00000 0.01852 0.12037
GNM14748                       0.06481 0.07407 0.07407 0.06481 0.03704 0.00926 0.04630 0.03704 0.00926 0.16667 0.08333 0.12963 0.00926 0.01852 0.02778 0.01852 0.05556 0.00000 0.01852 0.05556
GNM14246                       0.06481 0.03704 0.05556 0.03704 0.03704 0.00926 0.04630 0.05556 0.03704 0.11111 0.06481 0.12037 0.02778 0.00000 0.02778 0.05556 0.04630 0.00000 0.02778 0.13889
GNM14640                       0.08333 0.05556 0.05556 0.04630 0.03704 0.00926 0.02778 0.06481 0.03704 0.15741 0.06481 0.10185 0.01852 0.00000 0.03704 0.03704 0.03704 0.00000 0.02778 0.10185
GNM14965                       0.04630 0.09259 0.07407 0.03704 0.03704 0.00926 0.04630 0.03704 0.01852 0.13889 0.10185 0.08333 0.01852 0.01852 0.03704 0.05556 0.04630 0.00000 0.01852 0.08333
GNM14339                       0.04673 0.06542 0.03738 0.05607 0.03738 0.01869 0.04673 0.02804 0.02804 0.11215 0.10280 0.07477 0.00935 0.00935 0.05607 0.01869 0.06542 0.02804 0.04673 0.11215
GNM13825                       0.05607 0.08411 0.02804 0.08411 0.03738 0.01869 0.03738 0.01869 0.03738 0.11215 0.06542 0.07477 0.00935 0.00000 0.05607 0.01869 0.03738 0.02804 0.05607 0.14019
GNM14768                       0.09259 0.05556 0.04630 0.04630 0.03704 0.00000 0.05556 0.05556 0.00926 0.11111 0.11111 0.10185 0.02778 0.00926 0.04630 0.02778 0.03704 0.00000 0.01852 0.11111
GNM14776                       0.09259 0.05556 0.04630 0.04630 0.03704 0.00000 0.05556 0.05556 0.00926 0.11111 0.11111 0.10185 0.02778 0.00926 0.04630 0.02778 0.03704 0.00000 0.01852 0.11111
GNM14715                       0.02804 0.08411 0.03738 0.09346 0.04673 0.02804 0.04673 0.04673 0.01869 0.11215 0.09346 0.04673 0.00000 0.01869 0.04673 0.05607 0.04673 0.01869 0.01869 0.11215
GNM14639                       0.03704 0.06481 0.07407 0.01852 0.03704 0.01852 0.06481 0.04630 0.01852 0.15741 0.08333 0.08333 0.00926 0.01852 0.05556 0.02778 0.06481 0.00000 0.03704 0.08333
GNM13795                       0.06481 0.07407 0.07407 0.06481 0.03704 0.00926 0.04630 0.03704 0.00926 0.16667 0.08333 0.12963 0.00926 0.01852 0.02778 0.01852 0.05556 0.00000 0.01852 0.05556
GNM14166                       0.05556 0.09259 0.07407 0.04630 0.03704 0.00926 0.03704 0.03704 0.00926 0.12963 0.10185 0.11111 0.00000 0.01852 0.03704 0.04630 0.06481 0.00000 0.01852 0.07407
GNM13993                       0.05556 0.05556 0.09259 0.02778 0.03704 0.00926 0.05556 0.02778 0.02778 0.14815 0.07407 0.10185 0.00926 0.02778 0.02778 0.06481 0.06481 0.00000 0.01852 0.07407
GNM14450                       0.05556 0.06481 0.06481 0.05556 0.03704 0.00000 0.02778 0.02778 0.00926 0.15741 0.10185 0.10185 0.02778 0.02778 0.04630 0.03704 0.05556 0.00000 0.01852 0.08333
GNM13515                       0.03704 0.08333 0.06481 0.07407 0.03704 0.01852 0.03704 0.04630 0.00926 0.11111 0.10185 0.10185 0.01852 0.01852 0.03704 0.05556 0.04630 0.00000 0.01852 0.08333
GNM13745                       0.04630 0.07407 0.10185 0.03704 0.03704 0.01852 0.03704 0.01852 0.01852 0.12037 0.08333 0.09259 0.00926 0.02778 0.03704 0.06481 0.06481 0.00000 0.01852 0.09259
GNM14959                       0.06481 0.06481 0.04630 0.04630 0.03704 0.00000 0.06481 0.05556 0.01852 0.11111 0.12037 0.07407 0.01852 0.00926 0.03704 0.02778 0.04630 0.00000 0.01852 0.13889
GNM14971                       0.03704 0.08333 0.07407 0.06481 0.03704 0.00000 0.04630 0.04630 0.00926 0.11111 0.09259 0.11111 0.00926 0.01852 0.03704 0.03704 0.05556 0.00000 0.01852 0.11111
GNM14990                       0.03704 0.08333 0.07407 0.07407 0.03704 0.00000 0.03704 0.04630 0.00926 0.11111 0.09259 0.11111 0.00926 0.01852 0.03704 0.03704 0.05556 0.00000 0.01852 0.11111
GNM15005                       0.03704 0.08333 0.07407 0.06481 0.03704 0.00000 0.04630 0.04630 0.00926 0.11111 0.09259 0.11111 0.00926 0.01852 0.03704 0.03704 0.05556 0.00000 0.01852 0.11111
GNM14992                       0.03704 0.06481 0.07407 0.06481 0.03704 0.01852 0.03704 0.04630 0.01852 0.12037 0.08333 0.10185 0.00926 0.02778 0.03704 0.06481 0.04630 0.00000 0.01852 0.09259
GNM14994                       0.05556 0.08333 0.07407 0.06481 0.03704 0.00926 0.04630 0.03704 0.00926 0.15741 0.08333 0.12037 0.00000 0.01852 0.03704 0.02778 0.04630 0.00000 0.01852 0.07407
GNM15013                       0.03704 0.08333 0.08333 0.04630 0.03704 0.00000 0.04630 0.04630 0.00926 0.12037 0.09259 0.11111 0.00926 0.01852 0.03704 0.03704 0.05556 0.00000 0.01852 0.11111
GNM14976                       0.04630 0.07407 0.08333 0.04630 0.03704 0.00000 0.05556 0.04630 0.00926 0.11111 0.09259 0.12037 0.00926 0.01852 0.03704 0.03704 0.04630 0.00000 0.01852 0.11111
GNM15025                       0.03704 0.08333 0.08333 0.05556 0.03704 0.00000 0.04630 0.05556 0.00926 0.11111 0.09259 0.10185 0.00926 0.01852 0.03704 0.03704 0.05556 0.00000 0.01852 0.11111
GNM15024                       0.05556 0.07407 0.07407 0.06481 0.03704 0.00926 0.04630 0.03704 0.00926 0.14815 0.08333 0.12963 0.00926 0.01852 0.03704 0.02778 0.04630 0.00000 0.01852 0.07407
GNM14980                       0.05556 0.07407 0.07407 0.06481 0.03704 0.00926 0.04630 0.03704 0.00926 0.14815 0.08333 0.12963 0.00926 0.01852 0.03704 0.02778 0.04630 0.00000 0.01852 0.07407
GNM15026                       0.05556 0.05556 0.07407 0.04630 0.03704 0.01852 0.03704 0.04630 0.01852 0.13889 0.11111 0.10185 0.00000 0.02778 0.03704 0.06481 0.06481 0.00000 0.00926 0.05556
GNM15001                       0.05556 0.07407 0.07407 0.06481 0.03704 0.00926 0.04630 0.03704 0.00926 0.14815 0.08333 0.12963 0.00926 0.01852 0.03704 0.02778 0.04630 0.00000 0.01852 0.07407
GNM15019                       0.03704 0.08333 0.08333 0.05556 0.03704 0.00000 0.04630 0.04630 0.00926 0.10185 0.09259 0.11111 0.00926 0.01852 0.03704 0.03704 0.05556 0.00000 0.01852 0.12037
GNM15028                       0.03704 0.08333 0.08333 0.05556 0.03704 0.00000 0.04630 0.04630 0.00926 0.10185 0.09259 0.11111 0.00926 0.01852 0.03704 0.03704 0.05556 0.00000 0.01852 0.12037
GNM11003                       0.08333 0.03704 0.07407 0.02778 0.03704 0.00000 0.10185 0.03704 0.00926 0.13889 0.11111 0.10185 0.00926 0.00000 0.04630 0.03704 0.04630 0.00000 0.01852 0.08333
GNM11023                       0.05556 0.06481 0.02778 0.03704 0.03704 0.00926 0.06481 0.07407 0.00926 0.10185 0.08333 0.09259 0.00926 0.01852 0.06481 0.03704 0.05556 0.00000 0.03704 0.12037
GNM11055                       0.06481 0.03704 0.06481 0.02778 0.03704 0.00000 0.06481 0.04630 0.02778 0.12963 0.07407 0.12963 0.02778 0.01852 0.04630 0.06481 0.01852 0.00000 0.01852 0.10185
GNM11146                       0.05556 0.06481 0.04630 0.04630 0.03704 0.02778 0.03704 0.04630 0.00926 0.12037 0.11111 0.11111 0.00926 0.00926 0.03704 0.03704 0.04630 0.00000 0.02778 0.12037
GNM11220                       0.06481 0.09259 0.07407 0.02778 0.03704 0.00000 0.05556 0.02778 0.02778 0.14815 0.06481 0.09259 0.01852 0.00000 0.03704 0.03704 0.03704 0.00000 0.02778 0.12963
GNM11223                       0.04630 0.05556 0.05556 0.03704 0.03704 0.00926 0.04630 0.05556 0.05556 0.14815 0.07407 0.10185 0.02778 0.00000 0.03704 0.02778 0.03704 0.00000 0.01852 0.12963
GNM11224                       0.05556 0.07407 0.05556 0.04630 0.03704 0.01852 0.03704 0.05556 0.04630 0.14815 0.06481 0.08333 0.03704 0.00000 0.03704 0.03704 0.02778 0.00000 0.01852 0.12037
GNM11225                       0.04630 0.08333 0.06481 0.03704 0.03704 0.01852 0.03704 0.04630 0.01852 0.16667 0.05556 0.10185 0.02778 0.00000 0.04630 0.04630 0.03704 0.00000 0.01852 0.11111
GNM11358                       0.05556 0.07407 0.08333 0.04630 0.03704 0.01852 0.03704 0.01852 0.00926 0.15741 0.11111 0.11111 0.00000 0.02778 0.04630 0.02778 0.05556 0.00000 0.01852 0.06481
GNM11360                       0.04630 0.08333 0.07407 0.06481 0.03704 0.00926 0.04630 0.03704 0.00926 0.12963 0.10185 0.11111 0.00926 0.01852 0.03704 0.03704 0.04630 0.00000 0.01852 0.08333
GNM11362                       0.06481 0.09259 0.06481 0.03704 0.03704 0.00000 0.05556 0.04630 0.00926 0.12037 0.11111 0.08333 0.01852 0.00926 0.04630 0.03704 0.03704 0.00926 0.01852 0.10185
GNM11367                       0.03704 0.08333 0.07407 0.06481 0.03704 0.00926 0.05556 0.05556 0.00926 0.12963 0.09259 0.09259 0.01852 0.01852 0.03704 0.04630 0.04630 0.00000 0.01852 0.07407
GNM11377                       0.07407 0.06481 0.05556 0.04630 0.03704 0.00926 0.03704 0.02778 0.00926 0.13889 0.11111 0.12963 0.00000 0.00926 0.03704 0.04630 0.05556 0.00000 0.02778 0.08333
GNM11380                       0.05556 0.08333 0.08333 0.04630 0.03704 0.01852 0.03704 0.03704 0.00926 0.12963 0.10185 0.11111 0.00000 0.01852 0.03704 0.03704 0.06481 0.00000 0.01852 0.07407
GNM11383                       0.04630 0.06481 0.06481 0.06481 0.03704 0.00000 0.03704 0.05556 0.00926 0.13889 0.09259 0.14815 0.00000 0.00926 0.03704 0.02778 0.05556 0.00000 0.02778 0.08333
GNM11491                       0.06481 0.12037 0.06481 0.05556 0.03704 0.00926 0.03704 0.06481 0.00926 0.12963 0.10185 0.06481 0.00000 0.01852 0.03704 0.03704 0.05556 0.00000 0.01852 0.07407
GNM11804                       0.06481 0.04630 0.06481 0.02778 0.03704 0.00000 0.05556 0.06481 0.00926 0.13889 0.08333 0.14815 0.00926 0.02778 0.05556 0.03704 0.02778 0.00000 0.01852 0.08333
GNM11805                       0.07407 0.00926 0.05556 0.04630 0.03704 0.01852 0.06481 0.04630 0.00926 0.19444 0.06481 0.15741 0.01852 0.02778 0.00926 0.03704 0.03704 0.00000 0.02778 0.06481
GNM12883                       0.08333 0.07407 0.06481 0.04630 0.03704 0.01852 0.03704 0.02778 0.00926 0.13889 0.11111 0.12037 0.00000 0.02778 0.03704 0.02778 0.05556 0.00000 0.01852 0.06481
GNM12892                       0.04630 0.09259 0.07407 0.03704 0.03704 0.00926 0.04630 0.03704 0.01852 0.12963 0.10185 0.08333 0.02778 0.01852 0.03704 0.04630 0.06481 0.00000 0.01852 0.07407
GNM12895                       0.05556 0.06481 0.06481 0.05556 0.03704 0.00000 0.02778 0.02778 0.00926 0.15741 0.10185 0.10185 0.02778 0.02778 0.04630 0.03704 0.05556 0.00000 0.01852 0.08333
GNM13064                       0.05556 0.05556 0.09259 0.02778 0.03704 0.00926 0.05556 0.02778 0.02778 0.14815 0.07407 0.10185 0.00926 0.02778 0.02778 0.06481 0.06481 0.00000 0.01852 0.07407
GNM13066                       0.04630 0.05556 0.09259 0.02778 0.03704 0.00926 0.05556 0.02778 0.01852 0.14815 0.07407 0.10185 0.00926 0.02778 0.02778 0.07407 0.08333 0.00000 0.01852 0.06481
GNM11032                       0.03738 0.08411 0.02804 0.05607 0.03738 0.02804 0.04673 0.03738 0.01869 0.11215 0.10280 0.06542 0.02804 0.00935 0.05607 0.03738 0.04673 0.02804 0.03738 0.10280
GNM11363                       0.06481 0.09259 0.06481 0.03704 0.03704 0.00000 0.05556 0.04630 0.00926 0.12037 0.11111 0.08333 0.01852 0.00926 0.04630 0.03704 0.03704 0.00926 0.01852 0.10185
GNM11375                       0.05102 0.07143 0.07143 0.07143 0.02041 0.01020 0.04082 0.05102 0.01020 0.15306 0.08163 0.12245 0.01020 0.03061 0.04082 0.04082 0.05102 0.00000 0.00000 0.07143
GNM11381                       0.04630 0.06481 0.06481 0.05556 0.03704 0.00000 0.04630 0.05556 0.00926 0.14815 0.08333 0.14815 0.00000 0.00926 0.03704 0.02778 0.05556 0.00000 0.02778 0.08333
GNM11382                       0.03704 0.07407 0.06481 0.05556 0.03704 0.00000 0.04630 0.05556 0.00926 0.14815 0.09259 0.13889 0.00000 0.02778 0.03704 0.02778 0.05556 0.00000 0.01852 0.07407
GNM11799                       0.03704 0.06481 0.08333 0.04630 0.03704 0.01852 0.05556 0.04630 0.01852 0.12037 0.09259 0.10185 0.00926 0.01852 0.03704 0.05556 0.04630 0.00000 0.01852 0.09259
GNM11841                       0.06481 0.05556 0.05556 0.05556 0.03704 0.01852 0.08333 0.06481 0.02778 0.11111 0.06481 0.03704 0.01852 0.00000 0.03704 0.04630 0.04630 0.00000 0.01852 0.15741
GNM11931                       0.06481 0.07407 0.03704 0.07407 0.03704 0.05556 0.06481 0.05556 0.00926 0.11111 0.06481 0.03704 0.01852 0.00000 0.04630 0.03704 0.05556 0.00000 0.01852 0.13889
GNM12040                       0.07407 0.07407 0.05556 0.08333 0.03704 0.00926 0.05556 0.05556 0.00926 0.12037 0.08333 0.04630 0.00926 0.00926 0.02778 0.03704 0.05556 0.00000 0.01852 0.13889
GNM12071                       0.03704 0.08333 0.06481 0.07407 0.03704 0.00926 0.07407 0.05556 0.00926 0.09259 0.07407 0.03704 0.00926 0.00926 0.03704 0.06481 0.05556 0.00000 0.00926 0.16667
GNM12125                       0.06481 0.11111 0.02778 0.04630 0.03704 0.00926 0.04630 0.05556 0.02778 0.13889 0.07407 0.05556 0.01852 0.00000 0.04630 0.01852 0.05556 0.00000 0.01852 0.14815
GNM12126                       0.05556 0.05556 0.06481 0.02778 0.03704 0.00926 0.04630 0.06481 0.01852 0.12963 0.11111 0.08333 0.00926 0.00000 0.04630 0.04630 0.05556 0.00000 0.02778 0.11111
GNM12128                       0.05556 0.02778 0.08333 0.02778 0.03704 0.01852 0.06481 0.03704 0.00926 0.17593 0.07407 0.08333 0.01852 0.01852 0.03704 0.04630 0.04630 0.00000 0.01852 0.12037
GNM12182                       0.08333 0.06481 0.04630 0.03704 0.03704 0.01852 0.10185 0.04630 0.00926 0.14815 0.10185 0.07407 0.00926 0.00000 0.03704 0.03704 0.05556 0.00000 0.01852 0.07407
GNM12342                       0.02778 0.01852 0.07407 0.06481 0.03704 0.00926 0.05556 0.04630 0.00926 0.15741 0.07407 0.13889 0.01852 0.01852 0.04630 0.02778 0.05556 0.00000 0.01852 0.10185
GNM12346                       0.02778 0.06481 0.08333 0.03704 0.03704 0.00926 0.06481 0.07407 0.01852 0.12037 0.08333 0.04630 0.00926 0.00000 0.05556 0.07407 0.02778 0.00000 0.02778 0.13889
GNM12351                       0.05556 0.05556 0.09259 0.05556 0.03704 0.01852 0.06481 0.03704 0.04630 0.17593 0.06481 0.04630 0.00000 0.00926 0.03704 0.05556 0.01852 0.00000 0.00926 0.12037
GNM12356                       0.03704 0.00926 0.11111 0.04630 0.03704 0.00926 0.06481 0.04630 0.00926 0.19444 0.06481 0.12037 0.00926 0.02778 0.04630 0.02778 0.05556 0.00000 0.01852 0.06481
GNM12357                       0.03704 0.01852 0.07407 0.05556 0.03704 0.00000 0.05556 0.04630 0.00926 0.18519 0.08333 0.15741 0.00926 0.01852 0.04630 0.03704 0.04630 0.00000 0.01852 0.06481
GNM12366                       0.04630 0.00926 0.08333 0.06481 0.03704 0.00000 0.03704 0.04630 0.00926 0.14815 0.09259 0.14815 0.00000 0.01852 0.03704 0.05556 0.04630 0.00000 0.01852 0.10185
GNM12373                       0.03704 0.05556 0.06481 0.04630 0.03704 0.01852 0.04630 0.04630 0.00926 0.15741 0.05556 0.08333 0.00926 0.01852 0.07407 0.06481 0.04630 0.00000 0.00926 0.12037
GNM12551                       0.06481 0.08333 0.06481 0.03704 0.03704 0.01852 0.07407 0.03704 0.00926 0.09259 0.08333 0.07407 0.01852 0.01852 0.07407 0.02778 0.04630 0.00000 0.02778 0.11111
GNM12554                       0.03670 0.08257 0.06422 0.04587 0.04587 0.00917 0.05505 0.06422 0.02752 0.16514 0.06422 0.05505 0.00000 0.00917 0.04587 0.06422 0.05505 0.00000 0.00917 0.10092
GNM12592                       0.06481 0.06481 0.05556 0.06481 0.03704 0.03704 0.03704 0.04630 0.00926 0.11111 0.08333 0.06481 0.00926 0.00926 0.04630 0.05556 0.01852 0.00000 0.02778 0.15741
GNM12596                       0.06481 0.05556 0.08333 0.02778 0.03704 0.02778 0.06481 0.04630 0.02778 0.12963 0.08333 0.06481 0.01852 0.01852 0.02778 0.04630 0.02778 0.00000 0.01852 0.12963
GNM12602                       0.07407 0.03704 0.09259 0.02778 0.03704 0.02778 0.05556 0.05556 0.01852 0.15741 0.08333 0.07407 0.00926 0.01852 0.03704 0.03704 0.01852 0.00000 0.01852 0.12037
GNM12665                       0.05556 0.03704 0.07407 0.02778 0.03704 0.02778 0.05556 0.06481 0.02778 0.12963 0.08333 0.06481 0.00926 0.01852 0.02778 0.07407 0.02778 0.00000 0.01852 0.13889
GNM12745                       0.03704 0.07407 0.09259 0.06481 0.03704 0.01852 0.05556 0.01852 0.02778 0.12963 0.11111 0.06481 0.03704 0.00000 0.01852 0.04630 0.06481 0.00000 0.02778 0.07407
GNM12749                       0.08333 0.05556 0.06481 0.03704 0.04630 0.00000 0.05556 0.04630 0.00926 0.15741 0.06481 0.07407 0.00000 0.00926 0.04630 0.04630 0.05556 0.00000 0.00926 0.13889
GNM12758                       0.05556 0.08333 0.09259 0.05556 0.03704 0.01852 0.05556 0.02778 0.00926 0.12963 0.09259 0.06481 0.02778 0.00000 0.03704 0.03704 0.04630 0.00000 0.02778 0.10185
GNM12763                       0.04630 0.06481 0.06481 0.04630 0.03704 0.02778 0.08333 0.03704 0.00926 0.17593 0.08333 0.10185 0.00926 0.00000 0.04630 0.02778 0.02778 0.00000 0.02778 0.08333
GNM12766                       0.04630 0.01852 0.09259 0.05556 0.03704 0.00926 0.05556 0.04630 0.00926 0.14815 0.09259 0.13889 0.01852 0.01852 0.04630 0.01852 0.03704 0.00000 0.02778 0.08333
GNM12841                       0.06481 0.06481 0.04630 0.04630 0.03704 0.01852 0.06481 0.07407 0.01852 0.12963 0.06481 0.04630 0.00926 0.00926 0.03704 0.05556 0.06481 0.00000 0.00926 0.13889
GNM12849                       0.06000 0.07000 0.08000 0.06000 0.04000 0.01000 0.04000 0.03000 0.01000 0.14000 0.11000 0.12000 0.01000 0.02000 0.04000 0.05000 0.03000 0.00000 0.02000 0.06000
GNM12869                       0.04630 0.08333 0.07407 0.06481 0.03704 0.00926 0.04630 0.03704 0.00926 0.12963 0.08333 0.12037 0.00926 0.01852 0.03704 0.03704 0.04630 0.00000 0.01852 0.09259
GNM12896                       0.05556 0.08333 0.08333 0.04630 0.03704 0.01852 0.03704 0.03704 0.00926 0.12963 0.10185 0.11111 0.00000 0.01852 0.03704 0.02778 0.07407 0.00000 0.01852 0.07407
GNM12897                       0.05556 0.08333 0.08333 0.04630 0.03704 0.01852 0.03704 0.03704 0.00926 0.13889 0.10185 0.11111 0.00000 0.01852 0.03704 0.03704 0.05556 0.00000 0.01852 0.07407
GNM12902                       0.04673 0.04673 0.08411 0.05607 0.03738 0.00935 0.05607 0.04673 0.00935 0.16822 0.09346 0.09346 0.01869 0.01869 0.01869 0.06542 0.02804 0.00000 0.02804 0.07477
GNM12903                       0.07407 0.06481 0.06481 0.02778 0.03704 0.00000 0.04630 0.05556 0.01852 0.12963 0.04630 0.10185 0.00926 0.03704 0.04630 0.02778 0.06481 0.00000 0.01852 0.12963
GNM12906                       0.07407 0.08333 0.07407 0.01852 0.03704 0.00000 0.06481 0.05556 0.01852 0.12037 0.04630 0.07407 0.00926 0.03704 0.04630 0.02778 0.05556 0.00000 0.01852 0.13889
GNM12907                       0.06481 0.07407 0.06481 0.02778 0.03704 0.00000 0.05556 0.05556 0.01852 0.12963 0.04630 0.09259 0.02778 0.03704 0.04630 0.03704 0.03704 0.00000 0.01852 0.12963
GNM12909                       0.07407 0.08333 0.04630 0.03704 0.03704 0.00000 0.05556 0.04630 0.01852 0.15741 0.04630 0.09259 0.00926 0.03704 0.04630 0.03704 0.05556 0.00000 0.01852 0.10185
GNM12915                       0.05556 0.05556 0.06481 0.03704 0.03704 0.00000 0.07407 0.05556 0.01852 0.11111 0.07407 0.11111 0.01852 0.01852 0.04630 0.01852 0.03704 0.00000 0.01852 0.14815
GNM10046                       0.05556 0.03704 0.04630 0.02778 0.03704 0.00926 0.07407 0.06481 0.02778 0.12037 0.07407 0.12037 0.01852 0.01852 0.04630 0.01852 0.04630 0.00000 0.01852 0.13889
GNM12918                       0.05556 0.03704 0.06481 0.01852 0.03704 0.00000 0.08333 0.06481 0.01852 0.11111 0.07407 0.12037 0.01852 0.01852 0.04630 0.01852 0.04630 0.00000 0.01852 0.14815
GNM12931                       0.05556 0.05556 0.03704 0.01852 0.03704 0.01852 0.07407 0.04630 0.00926 0.12963 0.10185 0.11111 0.00926 0.00926 0.05556 0.04630 0.02778 0.00000 0.02778 0.12963
GNM12938                       0.06481 0.02778 0.05556 0.03704 0.03704 0.00000 0.07407 0.03704 0.00926 0.15741 0.06481 0.12963 0.00926 0.00926 0.04630 0.02778 0.06481 0.00000 0.02778 0.12037
GNM12996                       0.06481 0.07407 0.03704 0.03704 0.03704 0.01852 0.06481 0.03704 0.01852 0.16667 0.08333 0.09259 0.00926 0.00000 0.04630 0.03704 0.04630 0.00000 0.02778 0.10185
GNM13018                       0.06481 0.07407 0.04630 0.03704 0.03704 0.01852 0.05556 0.03704 0.01852 0.15741 0.08333 0.09259 0.01852 0.00000 0.04630 0.03704 0.04630 0.00000 0.02778 0.10185
GNM13027                       0.06481 0.02778 0.06481 0.04630 0.03704 0.00000 0.05556 0.02778 0.00926 0.15741 0.09259 0.14815 0.02778 0.00000 0.02778 0.01852 0.06481 0.00000 0.01852 0.11111
GNM13046                       0.03704 0.10185 0.08333 0.05556 0.03704 0.00926 0.05556 0.03704 0.00926 0.12963 0.09259 0.09259 0.00000 0.00926 0.03704 0.04630 0.04630 0.00000 0.02778 0.09259
GNM13053                       0.05556 0.09259 0.07407 0.04630 0.03704 0.00000 0.04630 0.03704 0.00926 0.09259 0.07407 0.07407 0.00926 0.03704 0.05556 0.04630 0.06481 0.00000 0.00926 0.13889
GNM13074                       0.07407 0.05556 0.07407 0.02778 0.03704 0.00000 0.07407 0.04630 0.02778 0.12037 0.07407 0.10185 0.01852 0.00926 0.03704 0.03704 0.03704 0.00000 0.02778 0.12037
GNM10010                       0.04630 0.04630 0.05556 0.04630 0.03704 0.00000 0.07407 0.04630 0.01852 0.13889 0.08333 0.09259 0.00000 0.00926 0.06481 0.03704 0.03704 0.00926 0.02778 0.12963
GNM10014                       0.04630 0.03704 0.06481 0.03704 0.03704 0.00000 0.08333 0.04630 0.01852 0.15741 0.08333 0.10185 0.00926 0.00926 0.06481 0.02778 0.03704 0.00926 0.02778 0.10185
GNM13090                       0.06481 0.03704 0.06481 0.03704 0.03704 0.00000 0.07407 0.05556 0.03704 0.12037 0.08333 0.10185 0.00926 0.01852 0.03704 0.03704 0.04630 0.00000 0.01852 0.12037
GNM13118                       0.08333 0.08333 0.05556 0.03704 0.03704 0.00926 0.05556 0.03704 0.00926 0.11111 0.08333 0.08333 0.00926 0.01852 0.06481 0.02778 0.04630 0.00000 0.00926 0.13889
GNM13126                       0.02778 0.05556 0.06481 0.03704 0.03704 0.01852 0.05556 0.05556 0.01852 0.15741 0.07407 0.08333 0.01852 0.02778 0.03704 0.07407 0.03704 0.00000 0.01852 0.10185
GNM13128                       0.02778 0.03704 0.05556 0.03704 0.03704 0.01852 0.04630 0.04630 0.01852 0.15741 0.08333 0.11111 0.02778 0.00926 0.04630 0.09259 0.04630 0.00000 0.02778 0.07407
GNM13208                       0.08333 0.08333 0.05556 0.02778 0.03704 0.00926 0.06481 0.05556 0.02778 0.11111 0.05556 0.09259 0.00926 0.01852 0.04630 0.03704 0.02778 0.00000 0.02778 0.12963
GNM12769                       0.03704 0.03704 0.10185 0.07407 0.03704 0.00926 0.01852 0.03704 0.02778 0.15741 0.06481 0.12037 0.01852 0.00926 0.03704 0.05556 0.02778 0.00926 0.01852 0.10185

Homogeneity statistic: X2 = 15.20704 G = 14.12128 

Average                        0.05516 0.06559 0.06652 0.04921 0.03724 0.01036 0.05215 0.04493 0.01578 0.13519 0.08651 0.10069 0.01217 0.01524 0.04085 0.04085 0.04700 0.00127 0.02126 0.10203
(Ambiguity characters are used to calculate freqs.)


# constant sites:      4 (3.67%)

TREE #  1:  ((((((124, (57, 89)), 90), 91), (((126, 127), (92, 56)), (125, 128))), ((((((118, 117), 120), 119), 138), (59, 41)), 135)), ((((((((((((((((((((43, 44), 42), (47, 19)), 48), 55), (45, 84)), (49, 52)), 24), (((67, 18), (21, 20)), 39)), (((((((50, 51), 53), 113), (16, 4)), ((((54, 46), (25, 35)), (5, 3)), (81, 17))), ((8, 65), 112)), 71)), 129), (((82, 70), 15), 83)), (((114, 69), 115), 36)), ((((2, 74), (68, 10)), (28, 75)), (11, 64))), (76, 38)), (80, 66)), (((((37, 77), 78), 40), (12, 130)), 33)), ((6, 1), 34)), ((31, 32), ((9, 30), (29, 79)))), ((((((23, 27), 26), 22), ((61, 62), 63)), 139), ((14, 13), 60))), (((((((((((105, 103), 104), 95), 102), 94), ((101, 107), 99)), ((((87, 7), 88), (85, 111)), 86)), (58, 72)), ((137, 136), (73, 116))), ((((((98, 97), 96), 110), 93), ((106, 108), 109)), 100)), ((((132, 133), 134), 131), ((123, 121), 122))));   MP score: -1
lnL(ntime:275  np:276):  -9925.717614      +0.000000
 140..141 141..142 142..143 143..144 144..145 145..124 145..146 146..57  146..89  144..90  143..91  142..147 147..148 148..149 149..126 149..127 148..150 150..92  150..56  147..151 151..125 151..128 141..152 152..153 153..154 154..155 155..156 156..157 157..118 157..117 156..120 155..119 154..138 153..158 158..59  158..41  152..135 140..159 159..160 160..161 161..162 162..163 163..164 164..165 165..166 166..167 167..168 168..169 169..170 170..171 171..172 172..173 173..174 174..175 175..176 176..177 177..178 178..43  178..44  177..42  176..179 179..47  179..19  175..48  174..55  173..180 180..45  180..84  172..181 181..49  181..52  171..24  170..182 182..183 183..184 184..67  184..18  183..185 185..21  185..20  182..39  169..186 186..187 187..188 188..189 189..190 190..191 191..192 192..50  192..51  191..53  190..113 189..193 193..16  193..4   188..194 194..195 195..196 196..197 197..54  197..46  196..198 198..25  198..35  195..199 199..5   199..3   194..200 200..81  200..17  187..201 201..202 202..8   202..65  201..112 186..71  168..129 167..203 203..204 204..205 205..82  205..70  204..15  203..83  166..206 206..207 207..208 208..114 208..69  207..115 206..36  165..209 209..210 210..211 211..212 212..2   212..74  211..213 213..68  213..10  210..214 214..28  214..75  209..215 215..11  215..64  164..216 216..76  216..38  163..217 217..80  217..66  162..218 218..219 219..220 220..221 221..222 222..37  222..77  221..78  220..40  219..223 223..12  223..130 218..33  161..224 224..225 225..6   225..1   224..34  160..226 226..227 227..31  227..32  226..228 228..229 229..9   229..30  228..230 230..29  230..79  159..231 231..232 232..233 233..234 234..235 235..236 236..23  236..27  235..26  234..22  233..237 237..238 238..61  238..62  237..63  232..139 231..239 239..240 240..14  240..13  239..60  140..241 241..242 242..243 243..244 244..245 245..246 246..247 247..248 248..249 249..250 250..251 251..105 251..103 250..104 249..95  248..102 247..94  246..252 252..253 253..101 253..107 252..99  245..254 254..255 255..256 256..257 257..87  257..7   256..88  255..258 258..85  258..111 254..86  244..259 259..58  259..72  243..260 260..261 261..137 261..136 260..262 262..73  262..116 242..263 263..264 264..265 265..266 266..267 267..268 268..98  268..97  267..96  266..110 265..93  264..269 269..270 270..106 270..108 269..109 263..100 241..271 271..272 272..273 273..274 274..132 274..133 273..134 272..131 271..275 275..276 276..123 276..121 275..122
 0.094150 0.000000 0.006440 0.039980 0.000000 0.269773 0.106178 0.502324 0.122971 0.290034 0.336388 0.101561 0.018521 0.131319 0.012129 0.011536 0.035362 0.148874 0.139614 0.055012 0.126291 0.115678 0.000000 0.118784 0.135033 0.058582 0.000000 0.008497 0.029751 0.045908 0.099643 0.086271 0.098549 0.050820 0.225362 0.133812 0.343428 0.000000 0.041292 0.110499 0.081348 0.020613 0.065257 0.041855 0.157015 0.060066 0.055848 0.005613 0.034647 0.054494 0.010884 0.000000 0.009251 0.000000 0.000000 0.007796 0.000000 0.007833 0.000000 0.000000 0.000000 0.007809 0.015678 0.023587 0.007787 0.127023 0.030532 0.000000 0.000000 0.016748 0.198818 0.053845 0.020470 0.034628 0.028955 0.000000 0.000000 0.011961 0.000000 0.000000 0.038222 0.039594 0.028404 0.017789 0.015355 0.000000 0.007624 0.000000 0.000000 0.000000 0.000000 0.038791 0.000000 0.000000 0.000000 0.000000 0.000000 0.045824 0.000000 0.147824 0.009029 0.056746 0.000000 0.000000 0.007683 0.007689 0.000000 0.031697 0.000000 0.000000 0.013465 0.015818 0.000000 0.000000 0.041545 0.122686 0.062040 0.043234 0.009297 0.019773 0.022682 0.012862 0.017088 0.023297 0.020340 0.015261 0.000000 0.015325 0.000000 0.007600 0.000000 0.068701 0.000081 0.000000 0.000000 0.016043 0.023743 0.080122 0.000000 0.000000 0.101813 0.016258 0.007240 0.182664 0.000000 0.023008 0.169719 0.000000 0.000000 0.202384 0.000000 0.000000 0.033650 0.028384 0.240461 0.090862 0.014765 0.000000 0.000000 0.022241 0.092723 0.075200 0.158967 0.138025 1.166274 0.032396 1.367468 0.000000 0.000000 0.185977 0.000000 0.429567 0.000000 0.000000 0.602686 0.170877 0.067447 0.010814 0.191971 0.091930 0.143709 0.123743 0.016580 0.088705 0.016337 0.005136 0.019014 0.137656 0.059731 0.120472 0.226776 0.071384 0.028968 0.027620 0.033741 0.156433 0.210285 0.052495 0.180570 0.000000 0.000000 0.144018 0.047613 0.000000 0.000000 0.000000 0.062514 0.034751 0.055899 0.000000 0.082209 0.226182 0.011438 0.064787 0.027994 0.033531 0.126065 0.229033 0.254737 0.141835 0.005149 0.208549 0.211866 0.224403 0.135663 0.067901 0.059510 0.000000 0.201006 0.076604 0.077033 0.027536 0.087770 0.081804 0.139365 0.211624 0.117321 0.148059 0.286017 0.094380 0.031931 0.157748 0.112948 0.119338 0.147253 0.035525 0.014216 0.180824 0.033394 0.052196 0.103936 0.107230 0.079791 0.144590 0.077289 0.151454 0.130589 0.104182 0.326032 0.061137 0.098710 0.463250 0.192637 0.075569 0.062239 0.135185 0.035562 0.037251 0.051817 0.029526 0.010327 0.000000 0.016237 0.032987 0.032886 0.973082
