
Printing out site pattern counts


       136         80  P

GNM13746                        --AAAADDEE EEEEEGGGGG HHIIIIIKKK KKKKKKKKKK KKLLLLLLLL LLLLLMMNNP PQRRRSSSST VVVVVVVVYY 
GNM13876                        EMAAAVHKDE IQRSTAGGLR AFILLVVAGM NPQRRRRSSV VVAAFHLLLL SSVVVAVEPP SRKLSDGSTK DFITTVVVST 
GNM13680                        --KLVVSSAE IKEAAAGGGN VFALYIIKDL DARAKKQKTK KMGLVICEIL IVIVYTSHPS RAKKASTSTG EAIIVDEVVY 
GNM14837                        --TLRISSSQ IKEDESGGGG LFALLIVRDL KPRKKKNASK TLILTICKLL VSFLVSMQQS RKLRASDSTN NTIIVDNLVF 
GNM14249                        --TLHISSSQ IKEDESGGGG LFALLIVQGL GPKKKKNKSK TLILTICKLL VSFVVSMQQS RKLKASDSTN NTIIVDNLVF 
GNM13928                        --TLRISSSQ IKEDESGGGG LFALLIVQDL KPKKKKNKSK TLILAICKLL MSFVVSMQQS RKLRASDSTN STIIVDNLVF 
GNM13455                        --TLVISSSQ IKEDESGGGG LFSLVIVKDL KPKKKKNQSK TLLLTLCKLL LMFMVSMQQS RKLRASTSTN NTIIVDNLVF 
GNM14938                        RLVLRVDAKQ LTKTTAGGLG VFLIFVLRGY PQT-RRLKSK L-PVF-LGLL CEVMVSMDPS HRKRSDGASE STVVSVGVLT 
GNM14483                        --AMMVSSQE VKSEGAAGHG VYALTILRGI PPKRKKAKSK RMIAALINLL VVLMVSVPPS RKRRASSTSG DAIVSDEVAL 
GNM14872                        --KLVVSSAE VKEDAAGGGN VFAIYVIKSL DAKAKKQKTK KMALVVCKIL LVIAYSSDPS RAKKAGTSNS EAIIVDEVVF 
GNM13855                        --KLAISYEE IKAEDSGGGS LYALLIVTSM PEKKKKQKSK KKVLYLCSLL LILIITTSSS GVVRENSSNG EVVTVEEIAY 
GNM14545                        FM-V-IN-E- I--D-GG-GG LF---VIE-- PP-S-R--SR RVPL-LCL-L T-I-YV-KPS P-KRSDGASR NALV--IIIY 
GNM14366                        --ILLISSAQ VKEDESGGGG VFALCVIKNL SSKKKKQKSK TLILEICKLL LALILALDQS RSLRSAPSSN NAAVVDQTVF 
GNM14252                        --TLRISSSQ IKEDESGGGG LFALLIVQGL EPKKKKNKSK TLILSICKLL VSFVVSMQQS RKLRASDSTN NTIIVDNLVF 
GNM13760                        --TLRVSSSQ IKEDESGGGG LFALLIVQDL SPKKKKNQSK TLILTICKLL VSFLVSFQQS RKLRASTSTN NTIIVDNLVF 
GNM13982                        --ILIVSNTQ IKEDESGGDG LFALYVLKDL PSKKKSGASK TQILTLCKLL VTLIISLDQS RKLKANASTK DAIVVDSTVY 
GNM13960                        --TLIVSSAQ VKETESGGDG IFALHVIQRV SPTKKKSKSK NLLLTICQLL VALMLSLNQS RKLKTSSSTN NAIVVDHLVF 
GNM14633                        --ILIISNTQ IKEDESGGDG LFALYVLKDL PSKKKSGASK TQILTLCKLL VTLIISIDQS RKLKANASTK DAIVVDATVF 
GNM14853                        --ILIISNTQ IKEDESGGDG LFALYVLKDL PSKKKSGASK TQILTLCKLL VTLIISIDQS RKLKANASTK DAIVVDATVF 
GNM14055                        --VLIISSAQ IKENESGGGG IFALHVIQNM PPKKKKSNSK KLLLTICQLL ITLILSIEQS RKLRTSSSTS NTIVVDHLIF 
GNM14748                        --TLRVSSSE IKEEESGGGG LFALLIVQNL DPKNKNNRSK TLILSICKLL VSFVVSMQQS RKLRASDSTN NTIIVDNLVF 
GNM14246                        VKLAVINTKN IKNDTTGGGG VFVVVIIAGI PPAENRKKSK RAPLGLCLIL CAIAIAFNPS MRKSSEGATK DALVATIMIY 
GNM14640                        TKLAVINNKN IKNDTTGGGG VFTIVIISGI PPAENGKKSK RTPLTICLIL CAVATAFNPS VKKASEGATK DALVANIVIY 
GNM14965                        --KLVVSS-Q -KE-GAGGGG IFAIFIVRSL DPK-KKQKAK K-ELH-C-LL AALIYSCDPS RAKK-S-SNG -VVVAEQITF 
GNM13677                        QLVATVHKDE IQRSTAGGLR AFILLVVAGM SPQRRRRSSV VVAAFHLLLL SSVVIAVEPP SRKLSDGSTK DFITTVVVST 
GNM14339                        RVLARVNSGQ IKRNTAGGLG LFIVYVLSGY PPSGRKLKSK ITPAFELLLI CEIIIALGPA SLKQSDGATS SAVASVYLRS 
GNM14593                        NLIMSTNSEQ LRQATSGGVG LFILLVISGR PPEERKIKSK ILFMFKARLL CHIIIAFAPG SRKYSDGAPK TVLVSVKYKA 
GNM13825                        RLVLRIDSRQ LTKSTAGGMG IFLVFVLKGY PQT-RRLKSK I-PAF-LGLL CEVMISLGPS HRKRSDGASE STVASVEVMT 
GNM14768                        HLILLTNSEQ IRRSTSGGLG LFILMIIGGL PPEARRLKAK TLLLFEALLL CHVVLSFKPG PRKYSDGAPK AVIASVKYNV 
GNM14776                        HLILLTNSEQ IRRSTSGGLG LFILMIIGGL PPEARRLKAK TLLLFEALLL CHVVLSFKPG PRKYSDGAPK AVIASVKYNV 
GNM14715                        --ALMVSAQE VKSDAAAGQG IYSLTVLRGI PPKRRKAKSK RMVGALAKLL IVLVVSVTPS NKKRTNSTTG DAMVSDEVAL 
GNM14639                        --VAAISEEE LAEGKSGGGG VFVIIVITGM KPGSNKEKSK KFTATFLKLL LLILISYGNS RKKRLSGSSG DVLVVQELIY 
GNM13795                        --TLRVSSSE IKEEESGGGG LFALLIVQNL DPKNKNNRSK TLILSICKLL VSFVVSMQQS RKLRASDSTN NTIIVDNLVF 
GNM14166                        --SLIVSTAE LKEDDSGGGG LFALCIVHGI SPKKKKSKSK KTLLTICKIL VLLILSFNQS RETRTTSSSN NALIADNTVY 
GNM13993                        --AIRITSLQ LKEETSSGQG CYIFVIISGL TPKSKNSKSK ILALFILNLL VTISISYDNS RKLKSDDSNQ DVFISNTFIT 
GNM14450                        --KFLISSGA IQEDTSGGNK CFSLCIVEKL PPKEIKRKSK DLTLGVCSIL LVIVYSIAPS KSKRSNSSTD DVIIVDNIMF 
GNM13515                        --TLLISSSQ IKEEASGGDG LFALCVIKNL PTKKKSNESK PLILTLCKLL VTXILSIDQS RKXKSKSSTK DAVIVDKTVF 
GNM13745                        NEKLIISSQQ IKSDNSGGDK CFILIVVSGV SPKNKKKKSK IKAFFLIELT ISIIFSYPSS RTKKTNNSNQ DAFITNQIII 
GNM14030                        --VFSVTTQE LKEKSSSGNG CYIIVVVSGL SPKDKSNKSK LLALFVLQLL VTIITSYKSS RKRKSNDSNQ DVFISNLFIT 
GNM14959                        DIAALVNAAE IRSETVGGGR LFAIVVISGL PPQSKGKKSK IAPLYLVLLL AEIIYALQPS KNKASDGASS NTIISVVVWF 
GNM13413                        HLVLAINLEE IKLQTAGGGG IHALVVIVGR PPRERGRHSK VAPAALLLIL AAVVIAYPPN SERTSDGATK NSIIVVKVMF 
GNM14971                        --TLIVSSAQ VKEAESGGDG IFALHVVQRV SPTKKKSKSK NILLTICQLL VALMLSLNQS RKLKTSSSTN NAIVVDHLVF 
GNM15005                        --TLIVSSAQ VKEAESGGDG IFALHVVQRV SPTKKKSKSK NILLTICQLL VALMLSLNQS RKLKTSSSTN NAIVVGHLVF 
GNM14992                        --VLIVSSAQ VKENESGGDG IFALRVVQRI PPTKKKSKSK SLLLVICQLL VALMISLNQS RKLKTSSSTN NAIVIDHLVF 
GNM14976                        --TLIISSAQ VKENESGGDG IFALHVVQRV SPTKKKSKSK NLLLTICQLL VALMLSLNQS RKLKTSSSTN NAIVVGHLVF 
GNM15022                        --L-LASS-Q ----K--V-T IIQ-TVVQEV SY--KKSN-K ---LT-C--- V--MYSL-M- HRL----S-N ---LVM-L-- 
GNM14995                        --ILIVSSAQ AKEN-SGGGG IFALRIVE-I PPANKKAKSK NLLLVICQLL VAFIICIEQS RKLKTSTSSN NAIVIEHTVF 
GNM15017                        --ILIISSAQ AKENESGGGG IFALRIVEKI PPTNKKAKSK NLLLVICQLL VAFIICIEQS RKLKTSTSSN NAIVIEHTVF 
GNM14999                        --TLIVSSAQ IKENESGGDG IFALRVVQRI PPTKKKSKSK SLLLTICQLL VALMLSLNQS RKLKTSSSTN NVIVIDHLVF 
GNM15018                        --TLHISSSQ IKEDESGGGG LFALLIVQGL EPKKKKNKSK TLILTICKLL VSFVVSMQQS RKLRASDSTN NTIIVDNLVF 
GNM15024                        --TLHISSSQ IKEDESGGGG LFALLIVQGL EPKKKKNKSK TLILTICKLL VSFVVSMQQS RKLRASDSTN NTIIVDNLVF 
GNM14980                        --TLHISSSQ IKEDESGGGG LFALLIVQGL EPKKKKNKSK TLILTICKLL VSFVVSMQQS RKLRASDSTN NTIIVDNLVF 
GNM15026                        --TLIVSSAQ TKENKSGGGG IFTLPIVQRM PPKKKTHKSK DILLLICQIL VALIISIEQS RKLKTSSSSS NAIVIDNTVF 
GNM15027                        --ILVVKS-E LQGDSAGGGG YFILCVITGQ PPS-RRKKSK K-AIL-C-LL ILVLLSLDRS RKKNVAGSTG DALVVKATFF 
GNM15019                        --TLRVSSSQ IKEEESGGGG LFALLIIRDL DPKNKNGKSK TLILSICKLL VSFILSMEQS RKLRAADSTN STIIVDNLVF 
GNM15028                        --TLIISSAQ VKENESGGDG IFALHVVQRV SPTKKKSKSK NLLLTICQLL VALMLSLNQS RKLKTSSSTN NAIVVGHLVF 
GNM15003                        --TLIISSAQ VKENESGGDG IFALHVVQRV SPTKKKSKSK NLLLTICQLL VALMLSLNQS RKLKTSSSTN NAIVVGHLVF 
GNM11003                        LKILLVTNQR ISEDTGGGGG IFLFVVISGI RPKKRGKKSK EAEAALALLL LEVLYIFPPG MKKTSNGASK KTIVTTEVWY 
GNM11023                        AKAVVINAEQ IKESTAGGGG IHLVYIVEGL PPKEKGKVSK IAEAFQMLLM TAVVIAMRRR GKRLSDGATE RVLVSDVIMY 
GNM11055                        NRRLLVNS-S -TE-TAGGGG VFVVYVISGL PKK-KGKGAK T-EAS-C-IL CIILLALNPN SKKA-EIATE -AMVTTVIMY 
GNM11146                        NLTAAVNASQ IRSETAGGGR MHVILVIAGI PPQGRGKRAK IAPLVLLMLL VEIIFAMASS KNRGSDGATD SVVISVTVWY 
GNM11219                        KIHLLVNERN IHDDTVGGKG LFALFIISGL PPRVKGRRSR NVPLSFCLLL CEILLALRPS PKKISEGSDR KAIVAMRVVH 
GNM11220                        TKVVVINLER IKDETAGGGG VFAPVIISGL PPYARGNKMR RVPMSLCMIL AAVLYAFNPS PRKRSDGATK NMLVSSVVIY 
GNM11222                        SRTAVTNTSE IKADTAGGVG VYALVVIGGL PPSSKGEKSK RTPLFLCLLL LSILLAVKPS TRKASDGSSK DALVTIDIVF 
GNM11223                        TKLVVINNKS IKADTTGGGG VFALVIISGL PPGVKGKKSR RVPLAVCMIL CSIAIAFDPS TKKASEGATK DAMVAMVLLY 
GNM11224                        TKLVVVNNKS IRNDTTGGGG VFAIVIVSGL PPSVKGEKSR RATLAVCLIL CAIAIAFEPS TKKASEGATK DAMVAMVLLY 
GNM11225                        TMLVVINNKS IQDDTAGGRG IFALVAISGI PPARNGKKSR RVPLALCLIL CAIVIVFPPN AKKRSDGSNK DALITIVLVS 
GNM11358                        --KLVITYEE VKADNSGGGS LYGLIIVKNS TSKSKKQKSK KMVLYLCKLL LILIITTPSA GKLRDNSSNG DVVAVESVVY 
GNM11360                        --TLVISSSQ IKEDESGGGG LFSLVIVKEL KPKKKKNQSK TLLLTLCKLL LMFMVSMQQS RKLRASTSTN NTIIVDNLVF 
GNM11362                        --RLMASDAE LKAKSSGGKG CFAICIIRNL SYRARNKSSK MIVLSLCDVL VIVIYAIDPS RAKREDSSNN DIIIVNNIMI 
GNM11367                        --ILIVSNTQ IKEDESGGDG LFALYVLKDL PSKKKSGASK TQILTLCKLL VTLIISLDQS RKLKANASTK DAIVVDSTVY 
GNM11377                        --KLVVSSAE VKDDAAGGGN VFAIYVIKNL DAKAKKQKTK KMALVVCKIL LVIAYSSDPS RAKKAGTSNS EAIIVDEIVF 
GNM11380                        --SLIVSTAE LKEDDSGGGG LFALYIVNGI QPKKKKSKSK KTLVTICKIL VILILSFNQS RETRTASSSN NALIADHTVY 
GNM11383                        --VLLVSSAQ IKEDESGGGG IFALCVVKNV ASKQKKQKSK TLILEICKLL LALILALGQS RNLKSSASSN NAAVVDETVF 
GNM11491                        --TLVVLAPQ IKEEESGGGG LYALCIVRDA QPREKKGRSK DLMMAICKLL RAIIVSIEQS RKLRAAPSSG GAIVVDSTVF 
GNM11804                        KRYLLVNALR IKEETAGGKG VFAIVVIKGI PKR-KGKKAK I-EMSTCLLL CAIAVALDPN SRKASEGATE EALVTKTIMV 
GNM12886                        --KRVVSS-E -KE-ANGGGG VVALYIIKNL DPK-KKQGQK ---LV-D-IV IV-VYTSPKD RASK---SXG -DLYVDEVRY 
GNM12895                        --KFLISSGA IQEDTSGGNK CFSLCIVEKL PPKEIKRKSK DLTLGVCSIL LVIVYSIAPS KSKRSNSSTD DVIIVDNIMF 
GNM13061                        --SASIDSEE EDDEEGGGGG LHILVVIKRK SLKKRKKRRR RKLLILIALL LLLLLLLSDS PERKRSNSST IALVVLEVYY 
GNM13062                        --AMMVSALE IKTDGAAGQG CYALSVLKGI PPKRKKAKSK RTVAALVKLL IVVVVSLPPS KKRKSNSTTG DAIVSEEVAL 
GNM13064                        --AIRITSLE LKEETSSGQG CYIFVIISGL TPKSKNSKSK ILALFILNLL VTISISYDNS RKLKSDDSNL DVFISNTFIT 
GNM11034                        RLVLRVDAKQ LTKTTAGGLG VFLIFVLKGY PET-RRLKSK L-PVF-LGLL CEVMISLGPS HRKRSDGASE STIASVEVLT 
GNM11363                        --RLMASDAE LKAKSSGGKG CFAICIIRNL SYRARNKSSK MIVLSLCDVL VIVIYAIDPS RAKREDSSNN DIIIVNNIMI 
GNM11375                        --TLRVSSSQ IKEDESGGGG LFALLIVQDL SPKKKKNQSK TLILTICKLL VSFLVSFQQS RKLRASTSTN NTLIVDNLVF 
GNM11381                        --VLLISSAQ VKEDDSGGGG IYALCVVNNI TSKKKKQKSK TLILSICKLL VALILALDQS RNLKSSASTG NAAVVDNTIF 
GNM11382                        --VLLVSTAQ IKEEESGGGG VFALCVIRNV SAKKKKQKSK TIILTICKLL VALILALDQS RSLRASPSSN NAAVVDPTVF 
GNM11799                        --TLIVSSAQ AKENESGGDG IFALRVVQRV PPTKKKSKSK SLLLAICQLL IALMISLNRS RKLKTSSSTN NAIVIDHLVF 
GNM12125                        LKIVLINYDK IKENTAGGGG VFAIVVIAGL PPVERGKKAK LIPASLCLLL AEIVYALPPS TKKSSDGATK RSLVTNVVVY 
GNM12126                        TKVLLIGLDQ IAEDTAGGGA VFAIVAIAGI PPKKKGKKSK VIEAAACVLL AEVLYALPPS VRKTSDGSTK KALVTTVVKY 
GNM12128                        LKVVVINLIN PNDQTGGGGG IFVIIVVSGI PPRRKGKKAK INPYSLLELL VIILILIPPN SRKTIDGSTA TVMVTFVIRF 
GNM12182                        MKLILITAKR ISEDTGGGGG VFLFVVISGI RPKNKGKKSK EALGSLMMIL LEVLVLLKPG LKKTSEGASK QAVVTVEVWY 
GNM12342                        HKIVVINFER IKNLTLGGIG LFAVVVVGGI PPREKGKKAK LVELSLCMIL IAVVYGLKPS PDKASDGATE NALVTTQVLH 
GNM12346                        RQLIVINAAQ IKDDTTGGGG VYVLVVITGV PPRRKGKKSK LAPLTLCMLL CSVSYAIPPS VRKPSEGAMV DAVVASEMVF 
GNM12351                        KVIVIVNAAR IKDETAGGGG LFVIVVVSGI PPI-NNETAK MIAMAVCLLL CAIALAMAAG TRKPSDGATE DTMITKNIVY 
GNM12356                        HKVIVINNNK IRNNTIGGSG VFAIVIIEGL IPRNKGKSSK MIPLTICLIL CSVIYGLEPS PDKASDGAIE TALVVVTVLH 
GNM12357                        HKVIVTNNNQ IRNNTLGGAG VFAIVVIDGI APRNKGKNSQ LNPLTVCLIL CAVIYGLQPS PDKASEGATE AALVAVTVIH 
GNM12366                        HKVIVTNNNQ IRNNTLGGVG IFAIVVIGGI APRNKGKNSK LNPLTICLIL CAVIYGLQPS PDKASEGATE AALVAVTVIH 
GNM12373                        EATEMVNISS ILNETAGGGG IHAFVVIKGE PPRSNNKESE VKALQLCLLL ASIVYALDDS MKRKSNGASK DVLIVRELRF 
GNM12551                        LKVVVVNLAQ LREETAGGGG VHAIVVIAGI PPRRNGKDAK LVDLSTCIIL CQVLFPLPPS VERDSDGATK DSMVTMVVMY 
GNM12554                        EKIAILNCSN IANETAGGGG IFAFVVVAGE PFRRNGKDSQ VKPMQLCLLL CSIIHALEPS MKKKSSGASK DTLVTRTIVF 
GNM12592                        RLVAIVDHAS IRDDTAGGSG YFSIVIISGL PPRRNGEKAK ILPLSLCMLL CAVGYALQPG PRKASEGASD EALVSSAVRY 
GNM12596                        NAIVVINAAR IKDETAGGGG LFAVVVVSGI PPIANGDKAK LTVMAACLLL CSIALAVEPS TKKPSDGATS DAMITKEVVY 
GNM12602                        DAIVVVNAAR IKDETAGGGG LFAVVVVSGM PPIVNGDKAK LTVMAACLLL CSIALAVEPS TKKPSDGATS DAMITKEVVY 
GNM12665                        NEIVVVNAAR IKDETAGGGG LFAVVVVSGV PPIANGDKAK LTAMAACLLL CSIALAIEPS TKKPSDGATS DAMITKEVVY 
GNM12745                        LKIIVMNAEK IREDTIGGGG MFAIVAIEGI PPRENGQKSE QKPLSICLIL TGIIYGLEPS TDKSSEGASN NVLVAVTVVF 
GNM12749                        KEIAIVNSTE ITNDTAGGGG VFAFVVVAGK PKRRNGDKSK ESSLQLCLLL CSIIYALEPG IKKRSEGASS DALVTRTTVY 
GNM12758                        LKIVVINSER IRDDTLGGGG MFAIVVVSGI PPRGKGQNGK QVPLSMCLIL IGILYGLEPS TDKSSDGATK TALVTVTVVH 
GNM12763                        LKIVVINNEE IKEDTLGGGG VFAVVVIKGI PPRGKGRKAK KVPLSMCLIL ASILYGLNPS TDKASDGASK PALVTMIVVY 
GNM12766                        HKIIVINFSR IKNNTLGGVG IFAIVVIGGI PPRKKGKKAK LIELSLCLIL CAVIYGLNPS PDKASEGATE NALVTTTVLH 
GNM12849                        --TLQISSSQ IKEDESGGGG LFALLIVQNL KPKKKKNTSK TLILTICKLL VTFMVSIQQS RKLRASTSTD NTIIVDNLVF 
GNM12869                        --TLHISSSQ IKEDESGGGG LFALLIVQGL EPKKKKNKSK TLILTICKLL VSFVVSMQQS RKLRASDSTN NTIIVDNLVF 
GNM12896                        --SLIVSTAE LKEDDSGGGG LFALYIVNGI TPKKKKNKSK KTLVTICKIL IILILSFNQS RETRTTSSSN NALIADHTVY 
GNM12897                        --ALIVSTAE LKEDDSGGGG LFALYIVTGI KPKKKKSKSK KTLATICKIL IILIISFNQS RDTRTASSSS NAIIADNTVY 
GNM12903                        TLVAIVNAKE IRSQTAGGGK LHAIVIIAGK PPQEEGKKMK IAALFLALLL AEVLFPIPPS KNRASDGASA EALITVVIIF 
GNM12906                        ALVAIINAKE IRGQTAGGGK IHAIVVIAGR PPQEEGRSMK ITPLFLALLL AEVLFPIPPS KNRASDGAST EALITVVIIF 
GNM12907                        TLIAIVNSKE IRGQTAGGGK IHAIVVIAGK PPQERGKKMK VVPLLLALLL AEVLFPIPPS KNRASDGASA EALITVTIIF 
GNM12909                        TLVAIVNTKE IRSQTAGGGK LHAIVVIAGK PPQEKSKKMK IVPLFLALLL AEVIFPMPPS KSRASDGAST EALIVVIVIF 
GNM12915                        TKILLINLAE IFAETAGGGG VFALVIIKGI PPRKNGRKAK VAPLSLLLLL AEIAYALEPS VEKTSDGATG RSLVTKEVVF 
GNM10046                        TKVLMINLAE IFAETAGGGG VFALVIIKGI PPRKNGRKAK VAPLSILLLL AEIAYALEPS VEKTSDGATG KSLVTKEVVF 
GNM12918                        TKILLINLAE IFAETAGGGG VFALVIIRGI PPKKNGRKAK VVPLSLLLLL AEIAYALEPS VEKTSDGATG RSLVTKEVVF 
GNM12931                        HLILIINLER IRIQTAGGGG VFAFVVVAGI PPQEKGKESK VVPLSIALLL AAIVYALPPN GKKTSDGATK NAMVTMRVMF 
GNM12938                        TKILLITLEK IGEESGGGGG VFLFVVVSGL RPKKRGKKSK VIEGTFCLLL LEILYVLKPG MRKTSDGSSK KVIVTTLIYY 
GNM12996                        LKILLVTYDR IGENTSGGGG VFLFVVISGI RPKKKSKKSK IIEMAICLLL LEIIYVFKPG MKKTSDGASK KTIIASEVWY 
GNM13018                        LKILLITYDR IGEDTSGGGG VFLFVVISGI RPKKKSKKSK IIEMAICLLL LEIIYVFKPG MKKTSDGASK KTIIASEVWY 
GNM13027                        TKVLLITMEK LSEETGGGGG IFLFVVISGI RPKKKGKKSK IIPMSECLLL LEVVYVFNPA MRKTSDGASK RTIITTQVYY 
GNM13046                        --ILMISSSQ IKEDESGGGG LFALSVIQKL PSKKKKNTTK TMLLSICTLL ATLILSLEQS RNLRASSSSN NTIVVDHTVF 
GNM13053                        --TILVASPE LKEETAGGGN YFIIYMIDGA DPKKKKKKSK KLALLLCTLL LTVLLVFSPS KKRKASGASS DAMISNATMF 
GNM13074                        IKVVLINLAK IFAETAGGGG VFAVVIIKGV PPRGNGKKAK VAPLSLLLLL AEIAYAIEPS VEKTSDGATG NSLVTKEVVY 
GNM10010                        VKVLQINYAK IFAETAGGGG VHVFLIIKGI RPRGKGHKSK IAPMALLLLL AEVAYAMEPS TDRTSDGATG RALVSKEVVF 
GNM10014                        VKVLQINLAK IFAETAGGGG VHVFIIIRGI RPRGKGHKSK IAPLALLLLL AEVAYAMEPS TDRTSDGATG KALVSKEVVF 
GNM13090                        MKIIDINLAK IFAETAGGGG VHALIIIRGI RPRGKGQKSK VGPLALLLLL AEVAYAKEPS TERTSDGATG KALVTKEVVF 
GNM13118                        TSVAIINLEK LRIETAGGGN LFAFVVIQGI PPQKRGKKSK LAPMSMCILL AEVLYALEPS FKKASDGATK NAIVTTVVKF 
GNM13208                        ALLAVVNSKS IRSQTSGGGR IFAIVVIAGK PPQGKGRRSK IVPMYLVLLL AEIIFSVPPS KTKASEGASQ EAMITVIILF 
GNM13210                        LMKLGINLDQ IKVQTVGGGG IFLLYAVAGK PPQRNGKQSK IAPAFLILIL AAIVIAIPPN GKKASDGATK NSMVSTEVFF 
GNM12773                        NKSNVVNAKK ITSDTTAGGN LFALVIVSGL PPARKGQRSK RYTISICLIM CSIAIAFQLA VKRESEGADK EALIATTIMY 
GNM12768                        SKFIDINAQK LKEDSTGGSG LFAVMLISGM PPKEKGDRSV RLLVSACLIL CVIACALPPS STKMQSSSTR GAVVASIVAY 



    1    1    1    1    1    1    1    1    1    1    1    1    1    1    1
    1    1    1    1    1    1    1    1    1    1    1    1    1    1    1
    1    1    1    1    1    1    1    1    1    1    1    1    1    1    1
    1    1    1    1    1    1    1    1    1    1    1    1    1    1    1
    1    1    1    1    1    1    1    1    1    1    1    1    1    1    1
    1    1    1    1    1

AAML (in paml version 4.9h, March 2018)  tmp0060.txt
Model: Empirical,  (../wag.dat) dGamma (ncatG=4) ns = 136  ls =  80


Frequencies..
                                    A      R      N      D      C      Q      E      G      H      I      L      K      M      F      P      S      T      W      Y      V
GNM13746                       0.05128 0.03846 0.02564 0.02564 0.00000 0.01282 0.08974 0.06410 0.02564 0.06410 0.16667 0.19231 0.02564 0.00000 0.02564 0.05128 0.01282 0.00000 0.02564 0.10256
GNM13876                       0.11250 0.08750 0.01250 0.03750 0.00000 0.02500 0.03750 0.05000 0.02500 0.03750 0.10000 0.03750 0.02500 0.03750 0.03750 0.11250 0.06250 0.00000 0.00000 0.16250
GNM13680                       0.12821 0.02564 0.01282 0.03846 0.01282 0.01282 0.06410 0.06410 0.01282 0.11538 0.06410 0.12821 0.01282 0.01282 0.01282 0.07692 0.05128 0.00000 0.03846 0.11538
GNM14837                       0.03846 0.06410 0.05128 0.05128 0.01282 0.03846 0.02564 0.05128 0.00000 0.08974 0.15385 0.10256 0.01282 0.03846 0.01282 0.12821 0.06410 0.00000 0.00000 0.06410
GNM14249                       0.02564 0.01282 0.05128 0.03846 0.01282 0.05128 0.02564 0.07692 0.01282 0.08974 0.14103 0.12821 0.01282 0.03846 0.01282 0.12821 0.06410 0.00000 0.00000 0.07692
GNM13928                       0.03846 0.03846 0.03846 0.05128 0.01282 0.05128 0.02564 0.05128 0.00000 0.08974 0.14103 0.12821 0.02564 0.03846 0.01282 0.14103 0.05128 0.00000 0.00000 0.06410
GNM13455                       0.01282 0.02564 0.05128 0.03846 0.01282 0.05128 0.02564 0.05128 0.00000 0.06410 0.16667 0.12821 0.03846 0.03846 0.01282 0.12821 0.07692 0.00000 0.00000 0.07692
GNM14938                       0.03896 0.09091 0.00000 0.03896 0.01299 0.02597 0.02597 0.09091 0.01299 0.01299 0.15584 0.06494 0.02597 0.03896 0.03896 0.09091 0.07792 0.00000 0.01299 0.14286
GNM14483                       0.12821 0.07692 0.01282 0.02564 0.00000 0.01282 0.03846 0.06410 0.01282 0.06410 0.08974 0.08974 0.05128 0.00000 0.05128 0.12821 0.02564 0.00000 0.01282 0.11538
GNM14872                       0.14103 0.01282 0.02564 0.05128 0.01282 0.01282 0.05128 0.05128 0.00000 0.07692 0.06410 0.15385 0.01282 0.02564 0.01282 0.10256 0.02564 0.00000 0.02564 0.14103
GNM13855                       0.05128 0.01282 0.02564 0.01282 0.01282 0.01282 0.10256 0.06410 0.00000 0.08974 0.12821 0.12821 0.01282 0.00000 0.01282 0.14103 0.05128 0.00000 0.05128 0.08974
GNM14545                       0.03636 0.09091 0.03636 0.03636 0.01818 0.00000 0.03636 0.09091 0.00000 0.12727 0.10909 0.03636 0.01818 0.03636 0.09091 0.09091 0.01818 0.00000 0.03636 0.09091
GNM14366                       0.08974 0.02564 0.03846 0.03846 0.02564 0.05128 0.03846 0.05128 0.00000 0.07692 0.16667 0.11538 0.00000 0.02564 0.01282 0.14103 0.02564 0.00000 0.00000 0.07692
GNM14252                       0.02564 0.03846 0.05128 0.03846 0.01282 0.05128 0.03846 0.06410 0.00000 0.08974 0.14103 0.11538 0.01282 0.03846 0.01282 0.14103 0.05128 0.00000 0.00000 0.07692
GNM13760                       0.02564 0.03846 0.05128 0.03846 0.01282 0.06410 0.02564 0.05128 0.00000 0.07692 0.15385 0.10256 0.00000 0.05128 0.01282 0.14103 0.07692 0.00000 0.00000 0.07692
GNM13982                       0.06410 0.01282 0.02564 0.07692 0.01282 0.03846 0.02564 0.05128 0.00000 0.08974 0.15385 0.12821 0.00000 0.01282 0.01282 0.11538 0.07692 0.00000 0.02564 0.07692
GNM13960                       0.05128 0.02564 0.05128 0.02564 0.01282 0.05128 0.02564 0.03846 0.02564 0.06410 0.15385 0.10256 0.01282 0.02564 0.01282 0.14103 0.07692 0.00000 0.00000 0.10256
GNM14633                       0.07692 0.01282 0.02564 0.07692 0.01282 0.03846 0.02564 0.05128 0.00000 0.11538 0.14103 0.12821 0.00000 0.02564 0.01282 0.10256 0.07692 0.00000 0.01282 0.06410
GNM14853                       0.07692 0.01282 0.02564 0.07692 0.01282 0.03846 0.02564 0.05128 0.00000 0.11538 0.14103 0.12821 0.00000 0.02564 0.01282 0.10256 0.07692 0.00000 0.01282 0.06410
GNM14055                       0.02564 0.02564 0.05128 0.01282 0.01282 0.05128 0.03846 0.05128 0.02564 0.14103 0.14103 0.10256 0.01282 0.02564 0.02564 0.14103 0.06410 0.00000 0.00000 0.05128
GNM14748                       0.02564 0.05128 0.08974 0.03846 0.01282 0.03846 0.05128 0.05128 0.00000 0.07692 0.14103 0.07692 0.01282 0.03846 0.01282 0.14103 0.05128 0.00000 0.00000 0.08974
GNM14246                       0.12500 0.03750 0.06250 0.02500 0.02500 0.00000 0.02500 0.08750 0.00000 0.12500 0.07500 0.10000 0.02500 0.02500 0.05000 0.05000 0.06250 0.00000 0.01250 0.08750
GNM14640                       0.11250 0.01250 0.08750 0.02500 0.02500 0.00000 0.02500 0.08750 0.00000 0.12500 0.06250 0.11250 0.00000 0.02500 0.05000 0.05000 0.10000 0.00000 0.01250 0.08750
GNM14965                       0.10294 0.02941 0.01471 0.02941 0.02941 0.04412 0.04412 0.08824 0.01471 0.07353 0.08824 0.14706 0.00000 0.04412 0.02941 0.10294 0.01471 0.00000 0.01471 0.08824
GNM13677                       0.08750 0.08750 0.00000 0.03750 0.00000 0.03750 0.02500 0.05000 0.02500 0.05000 0.11250 0.03750 0.01250 0.03750 0.03750 0.12500 0.07500 0.00000 0.00000 0.16250
GNM14339                       0.10000 0.06250 0.02500 0.01250 0.01250 0.02500 0.02500 0.10000 0.00000 0.08750 0.13750 0.06250 0.00000 0.02500 0.05000 0.12500 0.03750 0.00000 0.03750 0.07500
GNM14593                       0.07500 0.06250 0.02500 0.01250 0.01250 0.02500 0.03750 0.07500 0.01250 0.10000 0.11250 0.10000 0.02500 0.05000 0.05000 0.10000 0.03750 0.00000 0.02500 0.06250
GNM13825                       0.05195 0.09091 0.00000 0.02597 0.01299 0.02597 0.03896 0.09091 0.01299 0.05195 0.12987 0.06494 0.03896 0.03896 0.03896 0.11688 0.06494 0.00000 0.01299 0.09091
GNM14768                       0.07500 0.06250 0.02500 0.01250 0.01250 0.01250 0.03750 0.08750 0.02500 0.07500 0.18750 0.07500 0.01250 0.03750 0.06250 0.07500 0.03750 0.00000 0.02500 0.06250
GNM14776                       0.07500 0.06250 0.02500 0.01250 0.01250 0.01250 0.03750 0.08750 0.02500 0.07500 0.18750 0.07500 0.01250 0.03750 0.06250 0.07500 0.03750 0.00000 0.02500 0.06250
GNM14715                       0.12821 0.06410 0.02564 0.03846 0.00000 0.02564 0.02564 0.06410 0.00000 0.03846 0.10256 0.10256 0.03846 0.00000 0.03846 0.10256 0.06410 0.00000 0.01282 0.12821
GNM14639                       0.05128 0.02564 0.02564 0.01282 0.00000 0.01282 0.07692 0.12821 0.00000 0.08974 0.12821 0.11538 0.01282 0.03846 0.01282 0.11538 0.03846 0.00000 0.02564 0.08974
GNM13795                       0.02564 0.05128 0.08974 0.03846 0.01282 0.03846 0.05128 0.05128 0.00000 0.07692 0.14103 0.07692 0.01282 0.03846 0.01282 0.14103 0.05128 0.00000 0.00000 0.08974
GNM14166                       0.05128 0.02564 0.05128 0.03846 0.02564 0.01282 0.03846 0.06410 0.01282 0.08974 0.14103 0.11538 0.00000 0.02564 0.01282 0.14103 0.08974 0.00000 0.01282 0.05128
GNM13993                       0.02564 0.02564 0.06410 0.05128 0.01282 0.03846 0.02564 0.03846 0.00000 0.14103 0.11538 0.08974 0.00000 0.05128 0.01282 0.16667 0.07692 0.00000 0.02564 0.03846
GNM14450                       0.02564 0.02564 0.03846 0.06410 0.03846 0.01282 0.03846 0.05128 0.00000 0.12821 0.08974 0.11538 0.01282 0.03846 0.03846 0.15385 0.03846 0.00000 0.01282 0.07692
GNM13515                       0.03947 0.01316 0.02632 0.05263 0.02632 0.02632 0.03947 0.03947 0.00000 0.09211 0.14474 0.15789 0.00000 0.02632 0.02632 0.14474 0.07895 0.00000 0.00000 0.06579
GNM13745                       0.02500 0.01250 0.08750 0.03750 0.01250 0.05000 0.02500 0.03750 0.00000 0.17500 0.05000 0.15000 0.00000 0.06250 0.02500 0.15000 0.05000 0.00000 0.01250 0.03750
GNM14030                       0.01282 0.02564 0.06410 0.03846 0.01282 0.03846 0.02564 0.03846 0.00000 0.07692 0.11538 0.11538 0.00000 0.05128 0.01282 0.17949 0.06410 0.00000 0.02564 0.10256
GNM14959                       0.12500 0.02500 0.03750 0.02500 0.00000 0.02500 0.03750 0.07500 0.00000 0.11250 0.11250 0.07500 0.00000 0.02500 0.05000 0.11250 0.02500 0.01250 0.02500 0.10000
GNM13413                       0.12500 0.06250 0.03750 0.01250 0.00000 0.01250 0.05000 0.08750 0.03750 0.10000 0.11250 0.05000 0.01250 0.01250 0.06250 0.05000 0.03750 0.00000 0.01250 0.12500
GNM14971                       0.06410 0.02564 0.05128 0.02564 0.01282 0.05128 0.02564 0.03846 0.02564 0.06410 0.14103 0.10256 0.01282 0.02564 0.01282 0.14103 0.06410 0.00000 0.00000 0.11538
GNM15005                       0.06410 0.02564 0.05128 0.01282 0.01282 0.05128 0.02564 0.05128 0.02564 0.06410 0.14103 0.10256 0.01282 0.02564 0.01282 0.14103 0.06410 0.00000 0.00000 0.11538
GNM14992                       0.05128 0.03846 0.05128 0.02564 0.01282 0.05128 0.02564 0.03846 0.01282 0.08974 0.14103 0.10256 0.01282 0.02564 0.02564 0.14103 0.03846 0.00000 0.00000 0.11538
GNM14976                       0.05128 0.02564 0.06410 0.01282 0.01282 0.05128 0.02564 0.05128 0.02564 0.06410 0.15385 0.10256 0.01282 0.02564 0.01282 0.14103 0.06410 0.00000 0.00000 0.10256
GNM15022                       0.02326 0.02326 0.04651 0.00000 0.02326 0.06977 0.02326 0.00000 0.02326 0.04651 0.16279 0.09302 0.06977 0.00000 0.00000 0.13953 0.06977 0.00000 0.04651 0.13953
GNM14995                       0.09211 0.02632 0.06579 0.00000 0.02632 0.03947 0.05263 0.05263 0.01316 0.14474 0.10526 0.09211 0.00000 0.03947 0.02632 0.10526 0.03947 0.00000 0.00000 0.07895
GNM15017                       0.07692 0.02564 0.06410 0.00000 0.02564 0.03846 0.06410 0.05128 0.01282 0.15385 0.10256 0.10256 0.00000 0.03846 0.02564 0.10256 0.05128 0.00000 0.00000 0.06410
GNM14999                       0.03846 0.03846 0.05128 0.02564 0.01282 0.05128 0.02564 0.03846 0.01282 0.08974 0.15385 0.10256 0.01282 0.02564 0.02564 0.14103 0.06410 0.00000 0.00000 0.08974
GNM15018                       0.02564 0.02564 0.05128 0.03846 0.01282 0.05128 0.03846 0.06410 0.01282 0.08974 0.14103 0.11538 0.01282 0.03846 0.01282 0.12821 0.06410 0.00000 0.00000 0.07692
GNM15024                       0.02564 0.02564 0.05128 0.03846 0.01282 0.05128 0.03846 0.06410 0.01282 0.08974 0.14103 0.11538 0.01282 0.03846 0.01282 0.12821 0.06410 0.00000 0.00000 0.07692
GNM14980                       0.02564 0.02564 0.05128 0.03846 0.01282 0.05128 0.03846 0.06410 0.01282 0.08974 0.14103 0.11538 0.01282 0.03846 0.01282 0.12821 0.06410 0.00000 0.00000 0.07692
GNM15026                       0.03846 0.02564 0.03846 0.02564 0.01282 0.05128 0.02564 0.05128 0.01282 0.14103 0.10256 0.11538 0.01282 0.02564 0.03846 0.14103 0.07692 0.00000 0.00000 0.06410
GNM15027                       0.06849 0.05479 0.01370 0.04110 0.02740 0.02740 0.01370 0.10959 0.00000 0.06849 0.15068 0.10959 0.00000 0.04110 0.02740 0.09589 0.04110 0.00000 0.01370 0.09589
GNM15019                       0.03846 0.05128 0.05128 0.05128 0.01282 0.02564 0.05128 0.06410 0.00000 0.10256 0.15385 0.08974 0.01282 0.03846 0.01282 0.14103 0.05128 0.00000 0.00000 0.05128
GNM15028                       0.05128 0.02564 0.06410 0.01282 0.01282 0.05128 0.02564 0.05128 0.02564 0.06410 0.15385 0.10256 0.01282 0.02564 0.01282 0.14103 0.06410 0.00000 0.00000 0.10256
GNM15003                       0.05128 0.02564 0.06410 0.01282 0.01282 0.05128 0.02564 0.05128 0.02564 0.06410 0.15385 0.10256 0.01282 0.02564 0.01282 0.14103 0.06410 0.00000 0.00000 0.10256
GNM11003                       0.06250 0.03750 0.02500 0.01250 0.00000 0.01250 0.06250 0.11250 0.00000 0.08750 0.12500 0.12500 0.01250 0.03750 0.03750 0.06250 0.07500 0.01250 0.02500 0.07500
GNM11023                       0.11250 0.06250 0.01250 0.02500 0.00000 0.02500 0.07500 0.10000 0.01250 0.08750 0.07500 0.08750 0.05000 0.01250 0.02500 0.05000 0.03750 0.00000 0.02500 0.12500
GNM11055                       0.09859 0.02817 0.05634 0.00000 0.02817 0.00000 0.05634 0.09859 0.00000 0.08451 0.09859 0.09859 0.02817 0.01408 0.02817 0.07042 0.08451 0.00000 0.02817 0.09859
GNM11146                       0.12500 0.06250 0.03750 0.02500 0.00000 0.02500 0.02500 0.10000 0.01250 0.10000 0.08750 0.03750 0.03750 0.01250 0.03750 0.08750 0.05000 0.01250 0.01250 0.11250
GNM11219                       0.05000 0.10000 0.03750 0.03750 0.02500 0.00000 0.03750 0.07500 0.03750 0.08750 0.15000 0.07500 0.01250 0.03750 0.06250 0.07500 0.01250 0.00000 0.00000 0.08750
GNM11220                       0.08750 0.07500 0.05000 0.02500 0.01250 0.00000 0.02500 0.08750 0.00000 0.07500 0.07500 0.06250 0.05000 0.02500 0.07500 0.07500 0.03750 0.00000 0.03750 0.12500
GNM11222                       0.08750 0.03750 0.01250 0.05000 0.01250 0.00000 0.02500 0.08750 0.00000 0.06250 0.13750 0.08750 0.00000 0.02500 0.05000 0.12500 0.08750 0.00000 0.01250 0.10000
GNM11223                       0.11250 0.02500 0.02500 0.03750 0.02500 0.00000 0.01250 0.10000 0.00000 0.08750 0.08750 0.11250 0.03750 0.02500 0.05000 0.07500 0.06250 0.00000 0.01250 0.11250
GNM11224                       0.12500 0.03750 0.03750 0.02500 0.02500 0.00000 0.03750 0.08750 0.00000 0.07500 0.08750 0.08750 0.02500 0.02500 0.03750 0.07500 0.07500 0.00000 0.01250 0.12500
GNM11225                       0.10000 0.06250 0.06250 0.05000 0.02500 0.01250 0.00000 0.07500 0.00000 0.12500 0.10000 0.07500 0.01250 0.02500 0.06250 0.07500 0.03750 0.00000 0.00000 0.10000
GNM11358                       0.03846 0.01282 0.05128 0.03846 0.01282 0.01282 0.03846 0.07692 0.00000 0.07692 0.12821 0.14103 0.01282 0.00000 0.01282 0.12821 0.05128 0.00000 0.05128 0.11538
GNM11360                       0.01282 0.02564 0.05128 0.02564 0.01282 0.05128 0.03846 0.05128 0.00000 0.06410 0.16667 0.12821 0.03846 0.03846 0.01282 0.12821 0.07692 0.00000 0.00000 0.07692
GNM11362                       0.08974 0.07692 0.07692 0.06410 0.03846 0.00000 0.02564 0.03846 0.00000 0.15385 0.07692 0.07692 0.03846 0.01282 0.01282 0.12821 0.00000 0.00000 0.02564 0.06410
GNM11367                       0.06410 0.01282 0.02564 0.07692 0.01282 0.03846 0.02564 0.05128 0.00000 0.08974 0.15385 0.12821 0.00000 0.01282 0.01282 0.11538 0.07692 0.00000 0.02564 0.07692
GNM11377                       0.14103 0.01282 0.03846 0.06410 0.01282 0.01282 0.03846 0.05128 0.00000 0.08974 0.06410 0.15385 0.01282 0.02564 0.01282 0.08974 0.02564 0.00000 0.02564 0.12821
GNM11380                       0.06410 0.02564 0.05128 0.03846 0.01282 0.02564 0.03846 0.06410 0.01282 0.10256 0.11538 0.11538 0.00000 0.02564 0.01282 0.12821 0.07692 0.00000 0.02564 0.06410
GNM11383                       0.10256 0.01282 0.05128 0.02564 0.02564 0.05128 0.05128 0.06410 0.00000 0.06410 0.15385 0.11538 0.00000 0.02564 0.00000 0.12821 0.02564 0.00000 0.00000 0.10256
GNM11491                       0.10256 0.07692 0.00000 0.03846 0.02564 0.03846 0.06410 0.08974 0.00000 0.08974 0.10256 0.07692 0.02564 0.01282 0.03846 0.08974 0.02564 0.00000 0.01282 0.08974
GNM11804                       0.12821 0.05128 0.02564 0.01282 0.02564 0.00000 0.07692 0.07692 0.00000 0.08974 0.10256 0.14103 0.02564 0.01282 0.02564 0.03846 0.06410 0.00000 0.01282 0.08974
GNM12886                       0.04762 0.04762 0.03175 0.07937 0.00000 0.03175 0.04762 0.09524 0.00000 0.06349 0.06349 0.14286 0.00000 0.00000 0.03175 0.07937 0.01587 0.00000 0.06349 0.15873
GNM12895                       0.02564 0.02564 0.03846 0.06410 0.03846 0.01282 0.03846 0.05128 0.00000 0.12821 0.08974 0.11538 0.01282 0.03846 0.03846 0.15385 0.03846 0.00000 0.01282 0.07692
GNM13061                       0.03846 0.10256 0.01282 0.05128 0.00000 0.00000 0.08974 0.06410 0.01282 0.07692 0.21795 0.10256 0.00000 0.00000 0.01282 0.11538 0.01282 0.00000 0.02564 0.06410
GNM13062                       0.12821 0.03846 0.01282 0.02564 0.01282 0.01282 0.03846 0.06410 0.00000 0.05128 0.10256 0.14103 0.02564 0.00000 0.05128 0.10256 0.05128 0.00000 0.01282 0.12821
GNM13064                       0.02564 0.02564 0.06410 0.05128 0.01282 0.01282 0.03846 0.03846 0.00000 0.14103 0.12821 0.08974 0.00000 0.05128 0.01282 0.16667 0.07692 0.00000 0.02564 0.03846
GNM11034                       0.05195 0.07792 0.00000 0.02597 0.01299 0.01299 0.05195 0.09091 0.01299 0.03896 0.16883 0.07792 0.01299 0.03896 0.03896 0.09091 0.07792 0.00000 0.01299 0.10390
GNM11363                       0.08974 0.07692 0.07692 0.06410 0.03846 0.00000 0.02564 0.03846 0.00000 0.15385 0.07692 0.07692 0.03846 0.01282 0.01282 0.12821 0.00000 0.00000 0.02564 0.06410
GNM11375                       0.02564 0.03846 0.05128 0.03846 0.01282 0.06410 0.02564 0.05128 0.00000 0.06410 0.16667 0.10256 0.00000 0.05128 0.01282 0.14103 0.07692 0.00000 0.00000 0.07692
GNM11381                       0.08974 0.01282 0.06410 0.05128 0.02564 0.03846 0.01282 0.06410 0.00000 0.08974 0.14103 0.11538 0.00000 0.01282 0.00000 0.12821 0.05128 0.00000 0.01282 0.08974
GNM11382                       0.10256 0.03846 0.03846 0.02564 0.02564 0.03846 0.03846 0.05128 0.00000 0.07692 0.12821 0.10256 0.00000 0.02564 0.02564 0.11538 0.05128 0.00000 0.00000 0.11538
GNM11799                       0.07692 0.05128 0.05128 0.02564 0.01282 0.03846 0.02564 0.03846 0.01282 0.08974 0.14103 0.10256 0.01282 0.02564 0.02564 0.14103 0.05128 0.00000 0.00000 0.07692
GNM12125                       0.10000 0.02500 0.03750 0.02500 0.01250 0.00000 0.03750 0.08750 0.00000 0.08750 0.12500 0.11250 0.00000 0.01250 0.06250 0.06250 0.05000 0.00000 0.03750 0.12500
GNM12126                       0.15000 0.01250 0.00000 0.03750 0.01250 0.01250 0.03750 0.08750 0.00000 0.07500 0.10000 0.13750 0.00000 0.01250 0.05000 0.05000 0.07500 0.00000 0.02500 0.12500
GNM12128                       0.02500 0.05000 0.06250 0.02500 0.00000 0.01250 0.01250 0.10000 0.00000 0.16250 0.10000 0.07500 0.01250 0.03750 0.07500 0.05000 0.06250 0.00000 0.01250 0.12500
GNM12182                       0.05000 0.02500 0.01250 0.01250 0.00000 0.01250 0.06250 0.12500 0.00000 0.07500 0.13750 0.13750 0.03750 0.02500 0.02500 0.07500 0.05000 0.01250 0.01250 0.11250
GNM12342                       0.07500 0.02500 0.03750 0.02500 0.01250 0.01250 0.05000 0.10000 0.02500 0.08750 0.12500 0.10000 0.01250 0.02500 0.05000 0.03750 0.05000 0.00000 0.01250 0.13750
GNM12346                       0.08750 0.05000 0.01250 0.03750 0.02500 0.02500 0.02500 0.08750 0.00000 0.06250 0.08750 0.07500 0.03750 0.01250 0.07500 0.07500 0.05000 0.00000 0.02500 0.15000
GNM12351                       0.15190 0.02532 0.05063 0.03797 0.02532 0.00000 0.03797 0.08861 0.00000 0.12658 0.06329 0.06329 0.05063 0.01266 0.03797 0.02532 0.07595 0.00000 0.01266 0.11392
GNM12356                       0.05000 0.02500 0.07500 0.02500 0.02500 0.00000 0.03750 0.08750 0.02500 0.16250 0.08750 0.07500 0.01250 0.01250 0.05000 0.07500 0.05000 0.00000 0.01250 0.11250
GNM12357                       0.11250 0.02500 0.10000 0.02500 0.02500 0.03750 0.02500 0.08750 0.02500 0.10000 0.08750 0.05000 0.00000 0.01250 0.05000 0.03750 0.06250 0.00000 0.01250 0.12500
GNM12366                       0.10000 0.02500 0.10000 0.01250 0.02500 0.02500 0.02500 0.10000 0.02500 0.12500 0.08750 0.06250 0.00000 0.01250 0.05000 0.03750 0.06250 0.00000 0.01250 0.11250
GNM12373                       0.08750 0.05000 0.06250 0.03750 0.01250 0.01250 0.08750 0.07500 0.01250 0.07500 0.11250 0.07500 0.02500 0.02500 0.02500 0.10000 0.02500 0.00000 0.01250 0.08750
GNM12551                       0.07500 0.05000 0.02500 0.06250 0.02500 0.02500 0.03750 0.08750 0.01250 0.06250 0.10000 0.05000 0.03750 0.01250 0.06250 0.05000 0.05000 0.00000 0.01250 0.16250
GNM12554                       0.08750 0.03750 0.05000 0.02500 0.03750 0.02500 0.05000 0.08750 0.01250 0.08750 0.08750 0.08750 0.02500 0.05000 0.03750 0.08750 0.05000 0.00000 0.00000 0.07500
GNM12592                       0.12500 0.07500 0.01250 0.05000 0.02500 0.01250 0.03750 0.10000 0.01250 0.07500 0.11250 0.03750 0.01250 0.01250 0.06250 0.11250 0.01250 0.00000 0.03750 0.07500
GNM12596                       0.16250 0.01250 0.03750 0.05000 0.02500 0.00000 0.03750 0.08750 0.00000 0.08750 0.07500 0.07500 0.02500 0.01250 0.05000 0.06250 0.06250 0.00000 0.01250 0.12500
GNM12602                       0.15000 0.01250 0.02500 0.06250 0.02500 0.00000 0.03750 0.08750 0.00000 0.06250 0.07500 0.07500 0.03750 0.01250 0.05000 0.06250 0.06250 0.00000 0.01250 0.15000
GNM12665                       0.16250 0.01250 0.03750 0.05000 0.02500 0.00000 0.05000 0.08750 0.00000 0.07500 0.07500 0.07500 0.02500 0.01250 0.05000 0.06250 0.06250 0.00000 0.01250 0.12500
GNM12745                       0.06250 0.02500 0.05000 0.02500 0.01250 0.02500 0.08750 0.11250 0.00000 0.13750 0.07500 0.06250 0.02500 0.02500 0.05000 0.07500 0.05000 0.00000 0.01250 0.08750
GNM12749                       0.08750 0.05000 0.03750 0.03750 0.02500 0.01250 0.06250 0.10000 0.00000 0.07500 0.08750 0.08750 0.00000 0.02500 0.02500 0.10000 0.07500 0.00000 0.02500 0.08750
GNM12758                       0.03750 0.03750 0.02500 0.05000 0.01250 0.02500 0.02500 0.13750 0.01250 0.10000 0.10000 0.06250 0.02500 0.01250 0.05000 0.07500 0.07500 0.00000 0.01250 0.12500
GNM12763                       0.07500 0.02500 0.03750 0.03750 0.01250 0.00000 0.03750 0.11250 0.00000 0.10000 0.10000 0.11250 0.02500 0.01250 0.06250 0.06250 0.03750 0.00000 0.02500 0.12500
GNM12766                       0.07500 0.02500 0.06250 0.01250 0.02500 0.00000 0.03750 0.10000 0.02500 0.13750 0.11250 0.10000 0.00000 0.02500 0.05000 0.05000 0.06250 0.00000 0.01250 0.08750
GNM12849                       0.02564 0.02564 0.05128 0.03846 0.01282 0.06410 0.02564 0.05128 0.00000 0.10256 0.14103 0.11538 0.01282 0.03846 0.01282 0.11538 0.10256 0.00000 0.00000 0.06410
GNM12869                       0.02564 0.02564 0.05128 0.03846 0.01282 0.05128 0.03846 0.06410 0.01282 0.08974 0.14103 0.11538 0.01282 0.03846 0.01282 0.12821 0.06410 0.00000 0.00000 0.07692
GNM12896                       0.05128 0.02564 0.06410 0.03846 0.01282 0.01282 0.03846 0.06410 0.01282 0.11538 0.11538 0.11538 0.00000 0.02564 0.01282 0.11538 0.10256 0.00000 0.02564 0.05128
GNM12897                       0.08974 0.02564 0.03846 0.05128 0.01282 0.01282 0.02564 0.06410 0.00000 0.14103 0.08974 0.12821 0.00000 0.02564 0.01282 0.12821 0.08974 0.00000 0.02564 0.03846
GNM12903                       0.16250 0.02500 0.02500 0.01250 0.00000 0.02500 0.06250 0.07500 0.01250 0.12500 0.11250 0.08750 0.01250 0.03750 0.06250 0.05000 0.03750 0.00000 0.00000 0.07500
GNM12906                       0.13750 0.05000 0.02500 0.01250 0.00000 0.02500 0.06250 0.08750 0.01250 0.13750 0.10000 0.05000 0.01250 0.03750 0.07500 0.05000 0.05000 0.00000 0.00000 0.07500
GNM12907                       0.12500 0.03750 0.02500 0.01250 0.00000 0.02500 0.05000 0.08750 0.01250 0.12500 0.11250 0.08750 0.01250 0.02500 0.07500 0.05000 0.05000 0.00000 0.00000 0.08750
GNM12909                       0.11250 0.02500 0.01250 0.01250 0.00000 0.02500 0.05000 0.06250 0.01250 0.11250 0.10000 0.10000 0.02500 0.03750 0.07500 0.07500 0.05000 0.00000 0.00000 0.11250
GNM12915                       0.12500 0.03750 0.02500 0.01250 0.00000 0.00000 0.07500 0.10000 0.00000 0.08750 0.15000 0.08750 0.00000 0.03750 0.05000 0.05000 0.06250 0.00000 0.01250 0.08750
GNM10046                       0.12500 0.02500 0.02500 0.01250 0.00000 0.00000 0.07500 0.10000 0.00000 0.08750 0.12500 0.10000 0.01250 0.03750 0.05000 0.05000 0.06250 0.00000 0.01250 0.10000
GNM12918                       0.11250 0.03750 0.02500 0.01250 0.00000 0.00000 0.07500 0.10000 0.00000 0.08750 0.15000 0.08750 0.00000 0.03750 0.05000 0.05000 0.06250 0.00000 0.01250 0.10000
GNM12931                       0.11250 0.03750 0.03750 0.01250 0.00000 0.02500 0.03750 0.10000 0.01250 0.10000 0.10000 0.07500 0.03750 0.03750 0.06250 0.03750 0.05000 0.00000 0.01250 0.11250
GNM12938                       0.00000 0.03750 0.00000 0.01250 0.01250 0.00000 0.06250 0.13750 0.00000 0.08750 0.15000 0.13750 0.01250 0.03750 0.02500 0.07500 0.07500 0.00000 0.03750 0.10000
GNM12996                       0.03750 0.02500 0.01250 0.02500 0.01250 0.00000 0.05000 0.10000 0.00000 0.13750 0.10000 0.15000 0.02500 0.03750 0.02500 0.08750 0.05000 0.01250 0.03750 0.07500
GNM13018                       0.03750 0.02500 0.00000 0.03750 0.01250 0.00000 0.05000 0.10000 0.00000 0.15000 0.10000 0.15000 0.02500 0.03750 0.02500 0.08750 0.05000 0.01250 0.03750 0.06250
GNM13027                       0.02500 0.03750 0.01250 0.01250 0.01250 0.01250 0.06250 0.10000 0.00000 0.10000 0.10000 0.12500 0.03750 0.03750 0.03750 0.07500 0.08750 0.00000 0.03750 0.08750
GNM13046                       0.03846 0.02564 0.05128 0.02564 0.01282 0.03846 0.03846 0.05128 0.01282 0.08974 0.15385 0.08974 0.02564 0.02564 0.01282 0.16667 0.08974 0.00000 0.00000 0.05128
GNM13053                       0.10256 0.01282 0.02564 0.03846 0.01282 0.00000 0.03846 0.06410 0.00000 0.06410 0.14103 0.15385 0.03846 0.03846 0.03846 0.10256 0.06410 0.00000 0.02564 0.03846
GNM13074                       0.12500 0.01250 0.03750 0.01250 0.00000 0.00000 0.06250 0.11250 0.00000 0.08750 0.11250 0.10000 0.00000 0.02500 0.05000 0.05000 0.05000 0.00000 0.02500 0.13750
GNM10010                       0.12500 0.05000 0.01250 0.02500 0.00000 0.01250 0.05000 0.11250 0.02500 0.07500 0.10000 0.08750 0.02500 0.03750 0.03750 0.05000 0.05000 0.00000 0.02500 0.10000
GNM10014                       0.12500 0.05000 0.01250 0.02500 0.00000 0.01250 0.05000 0.11250 0.02500 0.08750 0.11250 0.08750 0.01250 0.03750 0.03750 0.05000 0.05000 0.00000 0.01250 0.10000
GNM13090                       0.12500 0.05000 0.01250 0.02500 0.00000 0.01250 0.06250 0.12500 0.01250 0.10000 0.11250 0.10000 0.01250 0.02500 0.03750 0.03750 0.06250 0.00000 0.01250 0.07500
GNM13118                       0.11250 0.02500 0.03750 0.01250 0.01250 0.02500 0.05000 0.07500 0.00000 0.08750 0.10000 0.11250 0.02500 0.05000 0.05000 0.06250 0.06250 0.00000 0.01250 0.08750
GNM13208                       0.10000 0.05000 0.01250 0.00000 0.00000 0.03750 0.03750 0.08750 0.00000 0.12500 0.08750 0.07500 0.02500 0.03750 0.06250 0.11250 0.03750 0.00000 0.01250 0.10000
GNM13210                       0.11250 0.01250 0.05000 0.02500 0.00000 0.05000 0.01250 0.11250 0.00000 0.11250 0.10000 0.10000 0.02500 0.05000 0.06250 0.05000 0.03750 0.00000 0.01250 0.07500
GNM12773                       0.12500 0.05000 0.05000 0.02500 0.02500 0.02500 0.03750 0.06250 0.00000 0.11250 0.07500 0.08750 0.02500 0.02500 0.02500 0.08750 0.07500 0.00000 0.02500 0.06250
GNM12768                       0.10000 0.03750 0.01250 0.03750 0.03750 0.02500 0.02500 0.07500 0.00000 0.07500 0.10000 0.07500 0.03750 0.02500 0.05000 0.15000 0.03750 0.00000 0.01250 0.08750

Homogeneity statistic: X2 = 29.57079 G = 31.06868 

Average                        0.07760 0.03763 0.03866 0.03217 0.01420 0.02427 0.04073 0.07497 0.00762 0.09350 0.11824 0.09980 0.01609 0.02775 0.03386 0.09914 0.05559 0.00056 0.01430 0.09331
(Ambiguity characters are used to calculate freqs.)


# constant sites:      0 (0.00%)

TREE #  1:  ((((((((41, 134), 121), (59, 88)), 89), 90), (((123, 124), (91, 58)), (122, 125))), ((((((115, 114), 117), 116), 133), (61, 40)), 132)), (((((((((((((((((((((43, 42), (46, 17)), 45), (56, 57)), 49), (44, 87)), 53), (48, 47)), 20), (((71, 16), (19, 18)), 37)), (((((((51, 52), 50), 111), (14, 5)), (((55, (21, 33)), (6, 4)), (84, 15))), ((7, 69), 110)), 75)), 126), (((85, 74), 13), 86)), (((112, 73), 113), 34)), ((((77, 3), (72, 10)), 24), (11, 68))), (78, 36)), (83, 70)), (((((35, 81), 39), 38), 127), (((31, 80), 9), 54))), ((1, 79), 32)), ((((29, 30), 27), (2, 25)), (((82, 8), 28), 26))), ((((((23, 22), 135), ((65, 66), 67)), 62), (64, 136)), (12, 63))), (((((((((104, 102), 103), 94), 101), 93), ((100, 106), 98)), (60, 76)), ((((((97, 96), 95), 109), 92), ((105, 107), 108)), 99)), ((((129, 130), 131), 128), ((120, 118), 119))));   MP score: -1
lnL(ntime:269  np:270): -10532.742806      +0.000000
 137..138 138..139 139..140 140..141 141..142 142..143 143..144 144..41  144..134 143..121 142..145 145..59  145..88  141..89  140..90  139..146 146..147 147..148 148..123 148..124 147..149 149..91  149..58  146..150 150..122 150..125 138..151 151..152 152..153 153..154 154..155 155..156 156..115 156..114 155..117 154..116 153..133 152..157 157..61  157..40  151..132 137..158 158..159 159..160 160..161 161..162 162..163 163..164 164..165 165..166 166..167 167..168 168..169 169..170 170..171 171..172 172..173 173..174 174..175 175..176 176..177 177..178 178..43  178..42  177..179 179..46  179..17  176..45  175..180 180..56  180..57  174..49  173..181 181..44  181..87  172..53  171..182 182..48  182..47  170..20  169..183 183..184 184..185 185..71  185..16  184..186 186..19  186..18  183..37  168..187 187..188 188..189 189..190 190..191 191..192 192..193 193..51  193..52  192..50  191..111 190..194 194..14  194..5   189..195 195..196 196..197 197..55  197..198 198..21  198..33  196..199 199..6   199..4   195..200 200..84  200..15  188..201 201..202 202..7   202..69  201..110 187..75  167..126 166..203 203..204 204..205 205..85  205..74  204..13  203..86  165..206 206..207 207..208 208..112 208..73  207..113 206..34  164..209 209..210 210..211 211..212 212..77  212..3   211..213 213..72  213..10  210..24  209..214 214..11  214..68  163..215 215..78  215..36  162..216 216..83  216..70  161..217 217..218 218..219 219..220 220..221 221..35  221..81  220..39  219..38  218..127 217..222 222..223 223..224 224..31  224..80  223..9   222..54  160..225 225..226 226..1   226..79  225..32  159..227 227..228 228..229 229..230 230..29  230..30  229..27  228..231 231..2   231..25  227..232 232..233 233..234 234..82  234..8   233..28  232..26  158..235 235..236 236..237 237..238 238..239 239..240 240..23  240..22  239..135 238..241 241..242 242..65  242..66  241..67  237..62  236..243 243..64  243..136 235..244 244..12  244..63  137..245 245..246 246..247 247..248 248..249 249..250 250..251 251..252 252..253 253..104 253..102 252..103 251..94  250..101 249..93  248..254 254..255 255..100 255..106 254..98  247..256 256..60  256..76  246..257 257..258 258..259 259..260 260..261 261..262 262..97  262..96  261..95  260..109 259..92  258..263 263..264 264..105 264..107 263..108 257..99  245..265 265..266 266..267 267..268 268..129 268..130 267..131 266..128 265..269 269..270 270..120 270..118 269..119
 0.029704 0.031104 0.016242 0.022949 0.045044 0.267728 0.154868 0.296904 0.321005 0.107888 0.039733 0.694199 0.182513 0.270050 0.694192 0.330233 0.105010 0.121827 0.023388 0.000000 0.116777 0.309341 0.076089 0.000000 0.200512 0.154709 0.123516 0.287289 0.159057 0.169443 0.000000 0.030517 0.098341 0.042789 0.106973 0.089245 0.194403 0.115851 0.445143 0.090742 0.203879 0.033023 0.148152 0.475237 0.062324 0.323811 0.000000 0.077630 0.210374 0.110044 0.034397 0.016554 0.000000 0.124238 0.146693 0.000000 0.101805 0.021529 0.083129 0.000000 0.033839 0.021178 0.011290 0.000000 0.000000 0.573816 0.013937 0.000000 0.000000 0.000000 0.000000 0.023044 0.000000 0.013246 0.057182 0.177348 0.145654 0.013831 0.009843 0.111080 0.158016 0.168196 0.047352 0.000000 0.000000 0.000000 0.000000 0.000000 0.126554 0.070955 0.141765 0.047181 0.034978 0.000000 0.000000 0.000000 0.000000 0.000000 0.000000 0.000000 0.000000 0.022985 0.023175 0.000000 0.000000 0.073106 0.097957 0.033870 0.000000 0.000000 0.000000 0.035211 0.046983 0.073025 0.011558 0.000000 0.003996 0.109737 0.000000 0.011500 0.052772 0.417580 0.192932 0.184500 0.054636 0.081218 0.143858 0.062135 0.042738 0.086497 0.316971 0.056823 0.011441 0.034296 0.015077 0.113554 0.013226 0.047958 0.189974 0.176981 0.095702 0.352842 0.046189 0.081737 0.019297 0.015342 0.299396 0.431049 0.175572 0.200576 0.488410 0.000000 0.000000 0.544895 0.000000 0.000000 0.000000 0.119787 0.339845 0.281207 0.252478 0.009149 0.013632 0.153185 0.303229 0.517224 0.000000 0.703983 0.014606 0.162421 0.146895 0.150683 0.528672 0.355491 0.707842 0.180956 0.358408 0.340540 0.502164 0.000000 0.378001 0.245926 0.000000 0.000000 0.229400 0.628364 0.068579 0.000000 0.224454 0.348715 0.124974 0.024010 0.086889 0.014306 0.270657 0.108228 0.079561 0.090792 0.093984 0.055789 0.076470 0.072223 0.153028 0.517268 0.058268 0.060814 0.054087 0.103115 0.355775 0.656663 0.000000 0.526796 0.785607 0.105919 0.328682 0.181767 0.052160 0.009327 0.142899 0.048314 0.000000 0.010922 0.240344 0.163494 0.000000 0.045817 0.012155 0.035591 0.155565 0.491297 0.542527 0.390066 0.000000 0.133712 0.288177 0.429670 0.216543 0.418405 0.072016 0.080308 0.080928 0.246752 0.051823 0.219003 0.059105 0.000000 0.057906 0.204021 0.000000 0.154896 0.102813 0.101362 0.280906 0.087042 0.149454 0.403536 0.364198 0.028080 0.220244 0.104131 0.061766 0.000000 0.057776 0.062183 0.048187 0.018643 0.036328 0.000000 0.029813 3.334124
