
Printing out site pattern counts


       150        123  P

GNM13746                        -AAAAAAAAA AAAAAADDDD EEEEEEEEEF FFFGGGGGGG GGHIIIIIII IIIKKKKKKK KKLLLLLLLL LLLMMMMNNN PPPPPPQQRR RRRRRRRRRR SSSSSTTTVV VVVVVVVVYY YYY
GNM13876                        KAAAAAAAAA AFGSTVDEHT DEEEEERRTF GHYDGGGGHN PTHIIILLLL PVVAEKKKKK RVFILLLLLR SVVALMMNNV APPPPTDQAE LRRRRRRRRV KPPQTGINAE HIIITTVYHL YYY
GNM13680                        -AAAAAAAAA GAGAAADQAD AEEEETENAF NYFNGGGGGG QAHIIIAAMV KIVLTKKKKR KQFLLLLLLL ILLSFMMNNN VAGPPPHQSK EKRRRRRRRR SAVQETLSVK VILTRVLRYY YYY
GNM14837                        TAAAAAAAGS AAGSAADQKE AEEEKKEQEW HYFTGGGSGG QAHIIIMTLG KLVAKKKKKK RKMILLLVVL ILLGLMQNNM IAPPPVHQCQ QKRRRRRRRK VLCSETLQTC NILTRVITHF FYY
GNM14249                        TAAAAAATGA AAGSAADQKQ AEEKKNEAEW HYFTGGGSGG QAHIIILTLS KMVAKKKKKK KKMILLLIVL ILLGLMQNNM IAPPPVHQCK QKRRRRRRRR VICSETCQTC NLLTRVITYY FYY
GNM13928                        TAAAAASTGS AAGSAADQKQ AEEEKNEEEW HYFTGGGSGG QAHIIILTLG KLVAKKKKKK KKMILLLVVL ILLGLMQNNM IAPPPVHQCH QKRRRRRRRK VLCSETLQTC NILVRVITYY FYY
GNM13297                        VAAAAAACAS AAGAAVDTAD DEEEEEEKAF NYFRGGGGGG QAHIIIVYVI AVVDSKKKKR LNLLLLLLFL PITMLMMNNN VPPPPPHQAK SKKKRRRRRK SSIQETVTTV IIVTKII-HG YYY
GNM14865                        HAAAASAAAS ATGSAADETP EDEEDETELF DFHDGGGGGG GSHAIIIAMR IVITKKKKRQ KDFLILMVIT SLAMFMQNNG KVSPPAHQYR SKQRRRRRRR NVTSEGKNTQ HILVRCVLVY YYY
GNM13455                        TAAAAAACGA AAGSAADQKD PEEEKNEEEW HYFNGGGSGG QAHVIIFTLS NLVKQKKKKK KKMILLIIVL ILLGLMMNNM IAPPPPHQCS QKRRRRRRRK VICSETLQCC VILTRVILYY FFY
GNM14938                        KAAAAAAAAA AFGSAADKAE KEEEEKSESF NHYGGGGGHG QAHIIILILI AVVLSKKRKK KAILLLLLLR PVLYLMLGNV APPPPPDQAR DRRRQRRRSE SAAQTGVDTR HIVVRVVFLY YFY
GNM14483                        -AAAGAAAAA AAGAAADNPD EEEKEEEEAF NYFDGGGGGG NAHIAVLILA AIVKLKKKKR KKLLLLLLLL PVLTMMMNNN TPPPPAHQSK RKKRRRRSRR ASTQGTITTM IIVIKVIKFS YFY
GNM14872                        -AAAAAAAAA GAGAAADQAD AEEEETEPAF NYFDDGGGGG QAHIIIAAMV KIVLTKKKKR KQFLLLLLLL ILLSFMMNNN VAGPPPHQSK EKRRRRRRRR SVVQETVAVK VILTRVIRYY YYY
GNM13855                        -AAAASAAAA AAGAAADKAD EEEEKTEEAF NYFNGGGGGG QAHIIIAAMV KLVLQKKKKR KQYLLLVLLL ILLSFMMNNN VAGPPPHQSK EKRRRRRRRR SVTQETTAVL VILTRVITYH YYY
GNM14445                        EAAAAAAAAA AAGAAADDKE EEEEATDPAY RFFDGGGAG- NSHIEIL-IT SIVTDKKKKR LTLILLLLLL VVLSLMMHNF IPPPPPHQGK RRRRRRRRRK SSSQETVTTK VIVVRIIIIS TYY
GNM14545                        NAAAAAAAAA ATGSVADQDP DQEEEKFEEF GYLEGGGGGS QAHQIIVLLR IVIKTKKRKR CNALLLILVT PIVMLMMNHN VPPPPPDQAK EKRRRRRRRR YAISEGIDTR IILINVIYCE YYF
GNM14366                        TAAAAAAAAA AAGSAADQKD EEEEKNEEEF HYFEGGGSGG QSHIIIMTLG KLVAQKKKKK KKMILLLLVL PLVGLMMNNM IAPPPPHQCA QKRRRRRRRK VSVQETCQTI VILVRVITYH YFY
GNM14252                        TAAAAAATGA AAGSAADQKQ AEEKKNETEW HYFTGGGSGG QAHIIILTLS KMVAKKKKKK KKMILLLIVL ILLGLMQNNM IAPPPVHQCK QKRRRRRRRK VICSETCQTC NLLTRVITYY FYY
GNM13760                        TAAAAASTGS AAGSAADQKK AEEEKNEEEW HYFVGGGSGG QAHIIIMTLG KLVAKKKKKK KKMILLLVVL ILLGLMQNNM IAPPPIHQCH QKRRRRRRRK VICSETLQTC NILVRVITYF FYY
GNM13982                        TAAVAAATAA AAGSAADQKE EEERSNEEEF HYFQGGGSGG QAHIIIMTLK KRAAKKKKKK KNMLLLLLVL ILLSLMTNNM VAPPPPHQCR QKRRRRRNRT VIVSEAKNAC VILNRVITYN YHF
GNM13960                        TAAAAAATAA AAGSTADQKD EEEQKNEEEF HYFNGGGSGG QAHIIIMTLG KLVAKKKKKK KGMILLLLVL ILLSLMMNNM IAPPPPHQCK QKRRRRTRRK VICQEALQTS VILVRVITYQ YYY
GNM14633                        TAAAAAATAA AAGSAADQKS EEERSNEDEF HYFKGGGSGG QAHIIIMTLK KRVAKKKKKK SNMILLLLVL ILVSLMLNNM IAPPPPHQCR QKRRRRRNRT VIVSEALNAC IILNRVITYN YHF
GNM14174                        KAAAAAGAAS SFGAVTDQKE NQEKESTDMF AYFTGGGGHV PAHIAIVLLR FIITDKKKRK KDILLLLLAT PIVMLMMNNC PAPPPAHQGK KKRRRRRRRK AATQKGVTTE IVIIRVILVK YFF
GNM14138                        KAAAAAGAAA AFGAVTDQRE DDEKQEMENF GFFDNGGGHG SAHIIIVLLR SIVVEKKKRK TNILLLLLAL SILMLMMNNN PAPPPSHQSK RKNRRRRRRK AASQRGVTTQ VIIILILVYN YYY
GNM14748                        TAAAAAATGS AAGSAADQKE TEEEKNENEW NYFTGGGSGG QAHIIILTLG KLVAKKKKKK KKMILLLVVL ILLGLMQNNM IAPPPVHQCH QKRRRRRRRK VICSETLQTC NILTRVITYY FYY
GNM14246                        KAAAAAGAAP AFGATADQRN DDEEVQVELF GYFKNGGGHG PAHIIIILLR SVVADKKKRK KDILLLLLVT PVLMLMMNNN PPPPPPHQEK LKKRRRRRRK DTPQRGITTQ AIVVLVIVYN YYF
GNM14640                        KAAAAAGAAA AFGATTDQRE DDEKEQVESF GYFSNGGGHG PAHIIIVLLR SVVVEKKKRK RDLLLLLLAT PILMLMMNNN PPPPPAHQGK FKKRRRRRRK ASPQKGITTQ AIVILVVVYN YYF
GNM14965                        -AAAASAAAA GAGAAADQAD QEEEQTENAF NYFDGGGGGG QAHIIIAAMV KIVLTKKKKR KRYLLLILLL LLLSFMMNNN VSGPPPHQSK EKRRRRRRRR SVVQETISVK AILTRVITYH YYY
GNM13677                        KAAAAAAAAA AFGSTVDEHT DEEEEERRTF GHYDGGGGHN PAHIIILLLL PVVAEKKKKK RVFILLLLLR SVVALMMNNV APPPPTDQAE LRRRRRRRRV KPPQTGVNAE HIIITTVYHL YYY
GNM14339                        KAAAAAAAAA AFGSAADEHE KEEDQHEESF DHYDGGGGHG QAHIILLILV AIVIQKKRKK KVLLLLLLLR PILYVMMGNV APPPPPDQIK RRRRQRRRSV SADQEGADTR HIVIKVILYY FYY
GNM14593                        KAAAAAAAAA AFGSNADDHT HEEDEKRNSF FHYDGGGGHG HAHIIIVMLL AVVVRKKKKK KTLILLLLLR SIVMLMMDNV APPPPPDQSE LRRRQRRRRS KAPQEGVSTE HIIMKTVYHL YYY
GNM13825                        KAAAAAAAAA AFGAAADKAE KEEEEKSESF NHYGGGGGHG QAHIIILILI AVVVSKKRKK KTILLLLLLR PVLYLMLGNV APPPPPDQAR DRRRQRRRSE SAEQTGVDTR HVVVRVVFLY YFY
GNM14768                        KAAAASAAAA AFGSALDSAE NEEDEKKESF GHYDGGGGHG QAHIIIVLLL AVVASKKKKK KTFLLLLLLR PLLALMLTNV APPPPPDQSD SRRRRRRRRA KATQEGVTTE HIVVKVVYYL YYY
GNM14776                        KAAAASAAAA AFGSALDSAE NEEDEKKESF GHYDGGGGHG QAHIIIVLLL AVVASKKKKK KTFLLLLLLR PLLALMLTNV APPPPPDQSD SRRRRRRRRV KATQEGVTTE HIVVKVVYYL YYY
GNM14715                        -AAAGAAAAA AAGAAADSPD EEEKEDEETF NYFDGGGGGG NAHIAVLLVA AIVKLKKKKR KKLLLLLLFL PVFTMMMSNN TPPPPAHQGW KKKRRRRSRK TSVQGTVTTK VIVIVVVKYS YFY
GNM14639                        -AAAAAAAAA AAGAAADDGD SEEEECLDQF NYFDDGGGGG HAHIVIIIIV VIVKEKKKKK KNMLLLLLLL SVILLMMNNN KPPPPPHQSE QKRRRRRRRR SSIQATISTE VVVVKVIKVR YFY
GNM13795                        TAAAAAATGS AAGSAADQKE AEEEKNETEW YYFTGGGSGG QAHIIILTLG KLVAKKKKKK KKMILLLVVL ILLGLMQNNM IAPPPVHQCH QKRRRRRRRK VMCSETLQTC NILTRVITYY FYY
GNM14166                        VAAAAAAAAA AAGSAADQKD EEEKKSEEEF HYFDGGGSGG QSHIIIATIG KLIATKKKKK KKMILLLLVL ILLGLMMNNM VAPPPPHQAH QKGRRRRRRK VSVSQTCYTC IILVRVIAYH YYY
GNM13993                        VAAAAAAAAA AAGAAADSPE KEEKRKEPNY HYFDGGGGGP TGHIAIIIMT TIVEKKKKKR KAYLILLLIH VVITLMMNNN LPPPPPDQSK QRRSRRR-RK SAVQEAVNSK TIVVKTIKVR LYY
GNM13515                        TAAAAAATAA AAGSAADQKD QEERKNEEEF HYFDGGGSGG QAHIIIMTLG KRVAKKKKKK KNMILLLLVL ILLSLMTNNM IAPPPPHQCK QKRRRRRNRT VIVSEALNAC IILNRVITVN YHF
GNM13745                        HAAAGAAAAA AAGAAADSPN EEEKNKENTY FYFDGGGGGG DSHLAIVILT TVVEKKRKKR KALIILLLLL IVFTLMMNNN LPPPPPDQSK QKRSRRR-RK SSVQETINSK VIVIKTISLN LYY
GNM14030                        IAAAAAAAAA AAGAAADTPE REEKRKEANY FYFDGGGGGP DAHLAIIVMT TVVDKKKKKR KAYLILLLIL IVTTLMMNNN LPPPPPDQSK XRRSRRR-RK SSVQEAIQSN TIVMKTLKVS LYY
GNM14959                        YAAAAAAAAA AAGAPADTAD KQEEEEHASF NYFRGGGGGG YMFLIILVLR AVIHKKKVKR KNMLILLLAR VILLLMMYNN VPPPPPAQAK EQLRRRRRRT SAIQEMVETV HIQSNIIYYE YYF
GNM13413                        EAAAAAAAAS AAGATADQPD QDEEEEVKSF HYFDGGGGGG QMHMIIIALI VVVTVKKKKK KDILILLLVT PVGMLMMLNN VPPPPPHQAR AKLRRRRRRK SVEQEFVETE HIVIKVIKYR YYY
GNM14971                        TAAAAAATAA AAGSTADQKD EEEQKNEEEF HYFDGGGSGG QAHIIILTLS KLVAKKKKKK KGMILLLLVL ILLSLMMNNM IAPPPPHQCK QKRRRRTRRK VICQEALQTS VILVRVITYQ YYY
GNM14990                        TAAAAAATAA AAGSTADQKD EEEQKNEEEF HYFDGGGSGG QAHIIILTLS KLVAKKKKKK KSMILLLLVL ILLSLMMNNM IAPPPPHQCK QKRRRRTRRK VICQEALQTS VILVRVITYQ YYY
GNM15005                        TAAAAAATAA AAGSTADQKD EEEQKNEEEF HYFDGGGSGG QAHIIIMTLG KLVAKKKKKK KGMILLLLVL ILLSLMMNNM IAPPPPHQCK QKRRRRTRRK VICQEALQTS VILVRVITYQ YYY
GNM14992                        TAAALA-TAA LAGATADQKD NEEERNEKEF IYFKGGGSGG QAHIIILTL- KLVRK-KKKK KSMILL-LVL ILWS-MMNNM IA-PPPHQ-- QKRRRRTRRK -ICQEALQTS VILVRVITYQ YYY
GNM15014                        TAAAAAATAA AAGSTADQKD EEEQKNEEEF HYFDGGGSGG QAHIIILTLS KLVAKKKKKK KSMILLLLVL ILLSLMMNNM IAPPPPHQCK QKRRRRTRRK VICQEALQTS VILVRVITYQ YYY
GNM14976                        TAAAAAATAA AAGSTADQKD EEEEKNEEEF HYFDGGGSGG QAHIIIITLG KLVAKKKKKK KGMILLLLVL ILLSLMMNNM IAPPPPHQCK QKRRRRTRRK VICQEALQTS VILVRVITYQ YYY
GNM14999                        TAAAAAATAA AAGAAADQKD EEEQKNEEEF HYFNGGGSGG QAHIIILTLG KLVAKKKKKK KSMILLLLVL ILLSLMMNNM IAPPPPHQCK QKRRRRTRRK VICQEALQTS VILVRVITYQ YYY
GNM15018                        TAAAAAATGA AAGSAADQKQ AEEKKNEAEW HYFTGGGSGG QAHIIILTLS KMVAKKKKKK KKMILLLIVL ILLGLMQNNM IAPPPVHQCK QKRRRRRRRR VICSETCQTC NLLTRVITYY FYY
GNM15025                        TAAAAAAAAA AAGSAADQKD EEEEKNEDEF HFFNGGGSGG QSHIIIMTLG KLVAKKKKKK RQMILLLLVL SLVALMMNNM IAPPPPHQCK EKRRRRTRRK VICQEALETC IILVRVITFH YYY
GNM15024                        TAAAAAATGA AAGSAADQKQ AEEKKNEAEW HYFTGGGSGG QAHIIILTLS KMVAKKKKKK KKMILLLIVL ILLGLMQNNM IAPPPVHQCK QKRRRRRRRR VICSETCQTC NLLTRVITYY FYY
GNM14980                        TAAAAAATGA AAGSAADQKQ AEEKKNEAEW HYFTGGGSGG QAHIIILTLS KMVAKKKKKK KKMILLLIVL ILLGLMQNNM IAPPPVHQCK QKRRRRRRRR VICSETCQTC NLLTRVITYY FYY
GNM15000                        TAAAAAATGA AAGSAADQKQ AEEKKNEAEW HYFTGGGSGG QAHIIILTLS KMVAKKKKKK KKMILLLIVL ILLGLMQNNM IAPPPVHQCK QKRRRRRRRR VICSETCQTC NLLTRVITYY FYY
GNM15026                        TAAAAAATAA AAGSAADQKD EEEEKNEEEF HFFNGGGSGG QTHIIIMTLG KLVVKKKKKK KQMLLLLLVL ILVSLMMNNM LAPPPPHQCK QKRRRRTRRK VICQEALETI IILVRVITFH YYY
GNM15028                        TAAAAAATAA AAGSTADQKD EEEQKNEEEF HYFSGGGSGG QAHIIILTLG KLVAKKKKKK KSMILLLLVL ILLSLMMNNM IAPPPPHQCK QKRRRRTRRK VICQEALQTS VILVRVITYQ YYY
GNM15003                        TAAAAAATAA AAGSTADQKD EEEEKNEEEF HYFDGGGSGG QAHIIILTLS KLVAKKKKKK KSMILLLLVL ILLSLMMNNM IAPPPPHQCK QKRRRRTRRK VICQEALQTS VILVRVITYQ YYY
GNM11003                        LAAVAAAAAS AAGATADDPD EDEEEKIASF HYFDGGGGGG MMHMIILVIV VVIFKKKKKK KTMLLMLLVT PVLMFMMLNN KPPPPAHQSE RKLRRRRRRK KVVQEFITTE HIVILVLRYR YYY
GNM11023                        TAAAVAGAAA AAGATVDTHE GDEEELEEAF DYFKGGGGGG PAHMIIVILR VVVNTKKKKR KNLLILFLGT PIEMLMMNNN VPPPPPHQAR EKQRRRRRRR SMVQEFVETK HIIVRAVYIW YYW
GNM11055                        RAAAAAAAAA AVGARADTDP EQEEEKSESF HFFDGGGGGG GVHAIVVAVR AIVIRKKKKM KNMLLLMILR TLFMLMMNHN IPPPPPEQAR TRARRRRRRT MAKSEGVDTM HIVVRVIYVW YYF
GNM11146                        VAAIAAAAAA AAGAPADEHT REEKELITSF NYFRGGGGGT YMHLIIVLLR AVIHKKKVKR KAMLILLLAR VIIMLMMYNN KPPPPPVQRN VQLRQRRRRL AVVQEMRETV HIQTIVLYSE YYF
GNM11219                        NAAAAAAAAP AAGAVADQGE DDEEELVQEY AYFEGGGGQG GAHLMIVLLR VVVVKKRKRK KNMLLLFFVT LIVMLMRNKN PPPPPPHQSR ERRRRRRRRR ATSQKVLTTV HVLAVVLYYK YYF
GNM11220                        RAAAAAGAAA ATGAVVDQGE EKEEELFEEF NYFEGGGGGG HAHMIIVLLR SIVLRKKRKL KNLLLLILAL PILMLMMNHN VPPPPAHQAR RRMRRRRRKK SANSEGIETE HIMVNVILYR YYF
GNM11223                        KAVAAAGAAA AFGATTDQRK DDEEEEMEQF GYFSNGGGHG PAHLSIVLLR VIVVRKKKRK KNILLLLFLT PIVMLMMNNN PPPPPPHQAR LRKRRRRRRK ASPQKRVTTR IIIVLVVYHY YYF
GNM11224                        KAAAAAGAAA AFGATTDQRE DDEEEELEQF GYFDNGGGHG QAHLSIVLLR VIVAEKKKRK KDILLLLLLT PIVMLMMNNN PPPPPPHQAR LRKRRRRRRK ASPQKGVTTR VIIVLVVYHY YYF
GNM11225                        KAAAAAAAAA AFGAAADQHT ADEEEREEQF GLFSDGGGHG QAHIIIVLLR AVVVRKKKRK KQALLLLLVR PIIMLMMNNN LPPPPPHQGR SKKRRRRRRT AAPQKGLTVR VIIVLVVYHY YYH
GNM11358                        -AAAASAAAA AAGAAGDRKD EEEEKTEEAF NYFNGGGGGG QAHIIIAAMV KIVLQKKKKR KQYLLLVLVL ILLSFMMNNN VAGPPPHQSK EKRRRRRRRR SVTQETTAVL VILTRVITYH YYY
GNM11360                        TAAAAAACGA AAGSAADQKD PEEEKNEEEW HYFNGGGSGG QAHVIIFTLS NLVKQKKKKK KKMILLIIVL ILLGLMMNNM IAPPPPHQCS QKRRRRRRRK VICSETLQCC VILTRVILYY FFY
GNM11362                        -AAAAAAAAA AAGAAADQAS QEEEEDEEQF HYFEGGGGGG QAHIIIVILV VVVKSKKKKK KVILLLLLVL PLVGLMMNNN VPPPPAHQSR MKRRRRRRRR SSTQDAVTAK IIVVKVIIHY YYY
GNM11367                        TAAVAAATAA AAGSAADQKE EEERSNEEEF HYFQGGGSGG QAHIIIMTLK KRAAKKKKKK KNMLLLLLVL ILLSLMTNNM VAPPPPHQCR QKRRRRRNRT VIVSEAKNAC VILNRVITYN YHF
GNM11377                        -AAAAAAAAA GAGAAADQAD AEEEETEPAF NYFDDGGGGG QAHIIIAAMV KIVLTKKKKR KQFLLLLLLL LLLSFMMNNN VAGPPPHQSK EKRRRRRRRR SVVQETVAVK VILTRVIRYY YYY
GNM11380                        VAAAAAAAAA ASGSAADQKD EEEKKSEEEF HYFDGGGSGG QSHIIIATIG KLIATKKKKK KKMILLLLVL ILLGLMMNNM VAPPPPHQSH QKGRRRRRRK VSVSQTCYTC IILVRVIAFH YYY
GNM11383                        TAAAAAAAAA AAGSAADQKD DEEEKNEEEF HYFEGGGSGG QAHIIIMTLG KLVAQKKKKK KKMILLLLVL TLLGLMMNNM IAPPPPHQCV QKRRRRRRRK VSCQETCQAV IILVRVITYH YFY
GNM11491                        AAAATAAAGA AAGSSADQKD EEEEKNEEEW HYFDGGGSGG QAHIIIATIH KLVHKKKKKK KSYILLLLVL SLLNLMMNNM IAPPPPHQCK QKRRRRRRRK VIVQETLQTC VILVRVITYH YYY
GNM11804                        MAAAAAAAAA AVGARADTDP EQEEEESETF FYFSGGGGGG GAHAIIIAIR VVVAKKKKKQ KNMLLLLIVL PVFMLMMNHI IPPPPPDQSK TRKRQRRRRK QAKSEGVDTM HIVVRTIYVW YYF
GNM11805                        NAAAMAAAAA ATGATIDEGE ASEEDEVKLF SYFEGGGGGG YSHAMIGVLK VVVTEKKKRT KNMLILLIMT PIAQLMMNHT VPPPPAHQSK QKMRRRRRRK IAISEGVVTE QIIVRVIKIK YFF
GNM12883                        -AAAAAAAAA GAGAAADQKD AEEEDTEPAF NYFNGGGGGG QAHIIIAAMV KVVLTKKKKR KQLLLLLLVL ILLSFMMNNN VAGPPPHQGK EKRRRRRRRR SAVQETLSVK VILTKVLRYF YYY
GNM12892                        -AAAASAAAA GAGAAADQAD QEEEQTENAF NYFDGGGGGG QAHIIIAAMV KIVLTKKKKR KRYLLLILLL LLLSFMMNNN VSGPPPHQSK EKRRRRRRRR SVVQETISVK AILTRVITYH YYY
GNM12895                        EAAAAAAAGS AAGAAGDQGD NEEERNEKAF DYFDGGGTGG QGHIIILVMT KIITAKKKKK KAYLLLLLIL LLLGMMMNNN VPPPPPHQSR EKRRRRLRRR SAVQTTIRIK VVLWRVIVFQ YYY
GNM13060                        -AAAAAAAAA AAAAAADDDD EEEEEEEDEF YFFGNGGGGG GAHIIIIIII IIIKKKKKKK KNLLLLLLLL LLLMMMMNNN PPPPPPQQKR RRRRRRRRRR SSPSATITVI VVVIVVVVYY YYY
GNM13061                        -AAAAAAAAA AAASAADEDD DEEEEEEEEF NFFDGGGGGG GAHIIIIIIV IIIKGKKKKK RSILLLLLLL LLLMLMMNNN PPPPPPQQRR RRRRRRRRRR SSPSETVTVV VVVVVVIAYY YYY
GNM13062                        -AAAGAAAAA AAGAAADSPD EEEKDEEEAF NYFDGGGGGG NAHIAVLIVA AVVKLKKKKR KKLLLLLLFL PVFTMMMSNN TPPPPFHQAK KKKRRRR-RK TSTQGTITSM LIVIVLVKHS YFY
GNM13064                        VAAAAAAAAA AAGAAADSPE KEEKRKEPNY HYFDGGGGGP TGHIAIIIMT TIVEKKKKKR KAYLILLLIH VVITLMMNNN LPPPPPDQSK QRRSRRR-RK SAVQEAVNSK TIVVKTIKVR LYY
GNM13066                        VAAAAAAAAA AAGAAADSPE KEEKRKEPNY HYFDGGGGGP NGHIAIIVMT TIVEKKKKKR KAYLILLLIH VVITLMMNNN LPPPPPDQSK QRNSRRR-RK SAIQEAVQSK TIVMRTIKVR LYY
GNM11032                        KAAAAAAAAA AFGSAADEHE SEEEEKEDSF DHFGGGGGHG QTHIILLILR AVVLEKKRKK KKILLLLLLR TILYLMMGNI APPPPPDQAR SRRRQRRRST SSTQEGKDTK HIVVKVVLYY YYY
GNM11034                        KAAAAAAAAA AFGSAADKAE KEEEEMSESF NHYGGGGGHG QAHIIILILI AVVASKKRKK KEILLLLLLR PVLYLMLGNV APPPPPDQAR DRRRQRRRSE SAAQTGIDTR HVVVRVVFLY YFY
GNM11363                        -AAAAAAAAA AAGAAADQAS QEEEEDEEQF HYFEGGGGGG QAHIIIVILV VVVKSKKKKK KVILLLLLVL PLVGLMMNNN VPPPPAHQSR MKRRRRRRRR SSTQDAVTAK IIVVKVIIHY YYY
GNM11375                        TAAAAAATGS AA-S-ADQ-- AEE-K-EEEW HY--G-GSGG -AHI--MTLG -LVAKKKKK- K-MIL-LV-L -LL-LMQNNM IAP-P---CH --RRRR--R- V-CS-T---- N-LVRVIT-F ---
GNM11381                        TAAAAAAAAA AAGSAADQKD DEEEKNEEEF HYFEGGGSGG QAHIIIMTLG KLVAQKKKKK KKMILLLLVL PLVGLMMNNM IAPPPPHQCV QKRRRRRRRK VSCQETCQAI IILVRVITFH YFY
GNM11382                        TAAAAAAAGA AAGSAADQKD EEEDKNEEEF HYFEGGGSGG QSHIIIMTLD KLVKQKKKKK KKMILLLLVL ILVGLMMNNM IAPPPPHQCH QKRRRRRRRK VSCQETCQAC IILVRVITFH YFY
GNM11799                        TAAAAAATAA AAGSSADQKD EEEEKNEEEF HYFDGGGSGG QAHIIIMTLG KLVAKKKKKK KSMILLLLVL ILLSLMMNNM IAPPPPHQCK QKRRRRTRRK VICQEALQTS VILVRVITYQ YYY
GNM11841                        EAAAVSASAA ATGAAADETP EDEEEETEIF DFHDGGGGGG GSHAIIALLR IVVHKKKKRQ KRFLLLIVIT SLAMFMQNNG KITPPAHQYR SKARRRRRRR NVQSEGIKTQ QLLVRCLHVY YYY
GNM11931                        EAAAVSAAAA ATGAAADDTP EDEDEQTAIF QFHDGGGGGG GSHAVIALLR IIIAKKKVRQ KDFLILIVIT SLAMFMQNNG KPTPPSHQYR SKQRRRRRRR NPQSEGVKTQ QLLVRCLHVY YYY
GNM12040                        QAAAASAAAA GTGSAADETP DDEDDETSLF DFHDNGGGGG GSHAVIIVMR IIIVKKKKRQ KNFLLLMVIT SLAMLMQNNG KPSPPSHQYR SKQRRRRRRR NIRSEGRNTQ QILVRCVTVY YYY
GNM12071                        EAAAVSASAA ATGSAADDTP EDEEEETSIF QFHDDGGGGG GSHAIIALLR IVLVKKKKRQ KDFLILLVIT SLAMFMQNNG KPSPPSHQYR SKQRRRRRRR NVISEGRNTQ QILVRCVHVY YYY
GNM12125                        TAAAAAGAAA AAGAQVDQHD EEEEETEDSF HYFDGGGGGG PAHMIIVILR VVVHTKKKKK KNLLLVLLVT PVLMLMMHNN VPPPPPHQAR EKQRRRRRRK SVAQEFYVTI HIVVRVVYYR YYY
GNM12126                        DAAAVAAAAA AAGAVVDMHD QEEEELVDSF YYWDGGGGGG QMHMIVVILI IVIKSKKKKK KNLLLLMLVL PIVMLMFHHN RPPPPPHQAK RKHRRRRRRH SADQEFVVTE HVVAKTINVR YYA
GNM12128                        VAAAIAAAGA AAGATADTHE QEEEELEESF HYFNEGGGGG YMHMIIIALR VVVATKKKKK KNVLLLLLGV PIAMLMMHHN TPPPPPHIST YKRRVRRRRK SSIQEFVVTI QIVVRGIYVR YYP
GNM12182                        MAAAAAAAAS AAGATADDPD EDEEKKAETF HYFDGGGGGG QIHMIIIVMV VVIFSKKKKK KDMLILLLVT PVLMFMMLNN KPPPPAHQSK RKLRRRRRRK STLQQFLTTE HIVITVIQFR YYY
GNM12342                        MAAAAAAAAA ATGAVADQKP DDEEETTPTF KYFEGGGGGG QAHAVVVCLR VIVAKKKKKH KNLLLLLIVT PIFMLMMNHN VPPPPPHQAR NKLRRRRRRK MAASRGVITK QIVIRVIYVW YYF
GNM12346                        DAAAAAAAAA ATGAAADQGP ADEEENTELF NYFEGGGGGG GSHAMVIVLR VVVKNKKKRQ KNFLLLLVVT VVFMMMQNND VAPPPAHQGR TKRRRRRRRR HVGSEGVDTA QIIVRVVYIW YYL
GNM12351                        AAAAAAAAAA ATGAIADQGP ESEKDDTITY HYFDRGGSGG GTHAMVIAMR VVVITKKKRH KNFLLLLVIT SLFMLMQNNT VNPPPSHQGR TQARRRRRRR QAKSEGLDTK EIIVRVIAVS FYF
GNM12356                        KAAAAACAAS ASASVGDQRP EDEKEKTIQF NYYDGGGGGG QVHAIVICTR VVVHNKKKKH KNILLLMIVT PIVNLMMNNN VAPPPAHQNR HKLRRRRRRK MVKSDGVVTE QIIVRTIYVS YYF
GNM12357                        EAAAAACSAS AAASVGDQRP EDEEEKTYMF RYYEGGGGGG QAHAVVICIR VIVAGKKKKH KNILLLLIVT PIFMLMMNNN VAPPPSHLSR QKLRKRRRRK MSESSGVVTE EIIVRVIYVG YYF
GNM12366                        EAAAAACSAS AAAAVGDQRP DDEEEKSKLF KYYDGGGGGG QAHAVVICIR VIVERKKKKH KNILLLLIFT PIYMLMMNNN VAPPPAHLSR HKLRKRRRRK MSTSVGVVTE QVIVRVIYVS YYF
GNM12373                        TAAAAASAAA ATGAVMDQGP QEEEDLTDMF YYFDRGGGGG GNHAMVVVLH VVVQKKKKRQ KNFMLLLVIT LIVMLMQNHT AAPPPAHQGL HKLRRRRRRR YARSEGEDCA HIIVRTVRVW YYF
GNM12385                        EAAAAAGAAA STGAVIDQGP QEEEVDSDQF YFFDGGGGGG GGHAMIVVLR VVVKKKKKRQ KNFLLILVLT SIVMLMQNNT TAPPPAHQIK SKLRRRRRRR YVKSEGVDTE HIIVRTVQVW YYY
GNM12551                        TAAAAAAAAA ATGAQADQKD EEEEERTETF NYFDGGGGGG DAHAIIVVLR VVVHKKPKRQ KNVLLLFVVT PIFMLMLNNN VPPPPAHQGR SKLRRRTRRR MARQEGVDTE HVVIRIVYVR YYF
GNM12554                        DAAAVAGAAA ATGAVVDQGP QEEEAETDLF YFFEGGGGGG GSHAMIVVLN VVVKKKKKRQ KNFLLLLVIT NVLMLMQNNS VAPPPAHQSR DKLRRRRRRR HVLSEGIETE HIIVRTLKTF YYF
GNM12592                        TAAAAAAAAA ATGAVADQGP ESEETRTELF HYYEGGGGGG GAHAIVLLLR VVVEKKKKRH KNFLILLVLT SLIMLMQNNT VPPPPPHQGR SKRRQRRRRR HVRSEGVDTK HIVVRVIYVG YYF
GNM12596                        DAAAAAAAAA ATGAIADQGP QSEKEETKVF NYYSMGGGGG GTHAMVVTLH VVVAAKKKRH KDFLILLVIT SLFMLMQNNT VNPPPSHQGW SQRRRRRRRR QVKSEGIDTK EIIVRVIHVA FYF
GNM12602                        DAAAAAAAAA ATGAIADQGP QSEKKETVIF NYYSFGGGGG GTHAMVVTLH VVVAEKKKRH KDFLLLLVLT SLFMLMQNNT VNPPPSHQGW SQRRRRRRRR QVKSEGLDTK EIIVRVIHIA FYF
GNM12665                        DAAAAAAAAA ATGAIADQGP QSEKKETPVF NYYTMGGGGG GTHAMVVALH VVVAAKKKRH KDFLLLLVIT SLFMLMQNNT VNPPPSHQGW SQRRRRRRRR QAKSEGVDTK EIIVRVLHVA FYF
GNM12745                        TAAAASAAEA ATKAVADQRP KSEDVKTEQF DYYENGGSGG AAHAIIATLR IIVKRKPKRQ KNILVLLVVS SIFMLMMNNN TAPPPPHHAN TKGRLRSRRK MVKQEGADTE HLIVRVIYLY YYF
GNM12749                        EAAAIAGAAA ATGAVIDQGP AQEEDDTENF SYFENGGGGG GSHAMVVLLH IVCKKKKKRH KNFLLLLVVT VLVMLMQNNS TAPPPAHQGR SKLRRRRRRK HVKSEGVDTE HIMVRSIKMF YYF
GNM12758                        RAAAAAAAVA ATKAVSDQKP KDEEEKTKQF NYYENGGSGG GAHAIIIAMR IIVDRKPKRQ KNILVVFVLT SIFMLMMNNN VPPPPAHQAR SKKRLRTRRR MVKQAGADTS HIIVRTIYIE YYF
GNM12763                        KAAAAAAAEA AVRARADQKE RDEEEKTKQF NYFDNGGSGG AAHAIIIAIR IIVDRKPKRQ KDALVLLVLL PIFMLMMNNN VPPPPPHQAR SKKRIRSRRK MVKQRGVDTS HIVVRTVYLR YYF
GNM12766                        KAAAAACAAA ACGAVGDQRP DDEEEKTNMF KYYDNGGGGG QAHAIIVCLR VVVDKKKKKH KDILLLLIMT PIVMLMMNHN VPPPPPHQAR SKLRRRRRRK MVPSEGVITQ QIVIRVVYIW YYF
GNM12841                        EAAAASASAA ATGAAADETE EDEEDDTDLF DFYDGGGGGG GSHAIVILMR IVIAKKKKRQ KNFLILIVIT SLAMFMQNNG KISPPAHQYR SKQRRRRRRR NVRSEGIKTQ QILVRCVRVW YYY
GNM12849                        AAAAAAACGA AAGSAADQKD PEEDENEEEW HYFNNGGSGG QSHVIIFTLS NLVKEKKKKK KKMILLIIVL ILLGLMMSNM IAPPPPHQCR QKRRRRRRRK VLCSETLQCC VILTRVIKYY FFY
GNM12869                        TAAAAAATGA SAGSAADQKQ AEEKKNEAEW HYFTGGGSGG QAHIIILTLS KMVAKKKKKK KKMILLLIVL ILLGLMQNNM IAPPPVHQCK QKRRRRRRRR VICSETCQTC NLLTRVITYY FYY
GNM12896                        VAAAAAAAAA ASGSAADQKD EEEKKNEEEF HYFDGGGSGG QSHIIIATIG KLIATKKKKK RKMILLLLVL ILLGLMMNNM VAPPPPHQSH QKGRRRRRRK VSVSQTCYTC IILVRVIAYH YYY
GNM12897                        VAAAAAAAAA ASGSAADQKD EEEKKSEEEF HYFDGGGSGG QAHIIIATIG KLIITKKKKK KKMILLLLVL ILLGLMMNNM VAPPPPHQSH QKGRRRRRRK VSVSQTCFTC IILVRVIAYH YYY
GNM12902                        AAAALAAAAA ATGATVDQGE NSEEDEVKLF NYFDGGGGGG YSHAMIGALK VVVLDKKRRT KNMLILLIMT PIAQLMMNHT PPPPPAHQSH MKARRRRRRK IAISEGVITE QIVVRVIKIR YFF
GNM12903                        YAAAIAAAAA AAGAPADQHT EEEEEEYPTF HVFAGGGGGG MMHLIIAVLR AVVHKKRSKK KTFLLLLLAR ILLMLMMSNQ VPPPPPMQAR KQLRRRRRRE SVVQEMVDTT HIQANFLYME YYF
GNM12906                        YAAAIAAAAA AAGAPADQHP EEEEEEYATF HIFTGGGGGG MMHLIIAVLR AVVHKKRSKK KTFLLLLLAR ILLMFMMSNQ VPPPPPMQAR KQLRRRRRRE SVIQEMIDTV HIQANFLYME YYF
GNM12907                        YAAAVAAAAA AAGAPSDQHT EEEEEEYATF HVFAGGGGGG MIHLIIVVLR AVVHKKRSKK KTFLLLLLAR ILLMLMMSNQ VPPPPPMQAR KQLRRRRRRE SAVQEMVDTV HIQANFIYME YYF
GNM12909                        YAAAIAAAAA AAGAPADQHS EEEEEEYASF HVFAGGGGGG MMHLIIAVLR AVVHKKRSKK KVFLLLLLAR ILIMLMMYNQ VPPPPPMQAR KQLRRRRRRE SVVQEMVDTV HIQANFIYME YYF
GNM12915                        NARAAAAAAP GTGATVDQRE QNEEESSKQF HYFDDGGGKG GQFAIIIVLR AVLFKKPKRI INLLLLFYVL PILMAMMNNN VPPPPAQQAR AKRRRRRRRR MVKGQGHDTE QIQIRVVYFR YYF
GNM10046                        NARAAAAAAP GTGATVDQRE QNEEEASKQF HYFDDGGGKG GQFAIIIVLR AVLFKKPKRI INLLLLFYVL PILMAMMNNN VPPPPAQQAR SKRRRRRRRR MTKGEGHDTE QIQIRVIYFR YYF
GNM12918                        NARAAAAAAP GTGATVDQRE QNEEEASKQF HYFDDGGGKG GQFAIIIVLR AVLFKKPKRI INLLLLFYVL PILMAMMNNN VPPPPAQQAR AKRRRRRRRR MTKGEGHDTE QIQIRVIYFR YYF
GNM12931                        TAAAAAAAAA AAGAVADTPD EDEEEIEESF HYFDGGGGGG QMHMIIVVLR VVVHSKKKKK KNMLLLLLAT PIVMLMMNNN VPPPPPHQAR EKQRRRRRRR SMIQEFVETR HIVIRVVYYR YYY
GNM12938                        KAAAAAAAAS AAGATADEPD EDEEETYESF HYFDGGGGGA MIHMIIVLLI IVLAKKKKKK KNMLILLLLT PVLMLMMLNN KPPPPAHQSK RKLRRRRRRR STLQEFIVTE HIVITVVYYR YYY
GNM12996                        RAAAAAAVAS AAGATTDEPD EDEEETVDTF HYFDGGGGGG QIHMIIVTLI IVIFKKKTKK KNILLLLLVT PILSLMMLNN KPPPPAHQSK RKLRRRRRRK KTIQEFITTE HITILVLTYK YYY
GNM13018                        KAAAAAAVAS AAGATTDEPD EDEEETVESF HYFDGGGGGG QLHMIIITLI IVIFKKKTKK KNILLLLLVT PILSLMMLNN KPPPPAHQSK RKLRRRRRRK KTTQEFITTE HITILVLTYK YYY
GNM13027                        KAAAAAAAAS AAGATADDPD EDEEKLIETF HYFNGGGGGG MLHMIIATLA VVIINKKKKK KNMLILILLT PVLMFMMLNN KPPPPAHQAE RKLRRRRRRK SAIQEFVTTE HIVILVIQYK YYY
GNM13046                        VAAAAAAAGA AAGSAADQKD EEEKKNEEEF HYFDGGGNGG QAHIIIMAVG KLVLNKKKKK KKMILLLLVL ILLGMMMNNT IAPPPPHQCK QKRRRRTRRK VLCQEALETN VILLRVIKYH YYY
GNM13053                        -AAAAAATAA AAGAAADDPD DEEKLTEDNY KYFDGGGGGG DAHILILDIL AIVKEKKKKK KTLILLFLLL VVLTLMMNNT KPPRPADQAK KRKRRRRRRK STTQETITTK IVVTKIIKWS TFY
GNM13074                        NARAAAAVAP ATGATVDQRE QNEEEATKQF HYFDDGGGKG GQFAIIVVLR AVLFKKPKRI LNVLLLFYVL PILMMMMNNN VPPPPAQQAR SKRRRRRRRR MTKGEGHDTE QIIIRVIYFR YYF
GNM10010                        NARAAAAIAP ATGATVDQRE QNEEGETKQF HYFEDGGGKG GQFAIIVVLR AVVFKKPKRI LNLLLLLYVL PILMMMMNNN VPPPPAQQKH SKRRRRRRRR MAKGQGHDTE QIIIRVIYYW YYF
GNM10014                        NARAAAAIAP ATGATVDQRE QNEEGETKQF HYFEDGGGKG GQFAIIVVLR AVVFKKPKRI LNLLLLLYVL PILMMMMNNN VPPPPAQQKH SKRRRRRRRR MAKGQGHDTE QIIIRVIYYW YYF
GNM13090                        NARAAAAIAP ATGATVDQRQ GNEEEETKQF HYFEDGGGKG GQFAIIVVLR AVVFKKPKRI LNLLLLLYVL PILMMMMNNN VPPPPAQQAR SKRRRRRRRR MAKGQGHDTE QIIIRVIYYW YYF
GNM13118                        KAAAAAAAAS AASAPADQKN KDEEEMLDTF NFFNGGGGGG PHHMIIVVLR NIVHAKKTKK KNMLLLILLR VVILLMMNNN VPPPPPAQAR KLLRRRRRRL SVIQRMVDTV HIQVAVVYTK YYF
GNM13126                        AAAALAAAAA ATGATVDDGP ASEETEIKTF HYFDDGGGGG YSHAMIAAMK VVVEEKKRRT KNMLLLLIMT PVAQLMMNHT PPPPPAHQAR RKARRRRRRK IAVSEGVVTE HIVVVTIRIR YFF
GNM13128                        AAAALAAAAA ATGATVDDGP ASEEIMIHTF HYFDNGGGGG YSHAMIGAMK VVVEEKKRRT KNMLLLLIMT PVAQLMMNHT PPPPPAHQAK QKARRRRRRK IAVSEGIVTE HVVVVTIRIR YFF
GNM13208                        TAAAIAAAAN AAGAPADQHT EEEKEEYPSF HYFAGGGGGT YMHLIILILR AVVHTKKSKK KNMLILLLAR VLLMLMMYNQ VPPPPPAQAR RQLRRRRRRL SVTQAMIDTT HIQAEFLYME YYF
GNM13210                        AAAACAASAS AAGASADDPD EDEEDEVKTF HYFDGGGGGG QMHMIIIALV VVVATKKKKK KNILILLLVT PVLMLMMLNN KPPPPPHQGR KKLRRRRRRR SVEQEFIETE HIVIVVVVYR YYY
GNM12773                        EAAAAAGAAS SFGAVTDQKE NQEKKLTENF GYFTSGGGHI PAHIAIVLLR FIVTDKKSRK KDILLLLLVT PIIMLMMNNS PAPPPAHQSK NKRRRRRRRK SAIQKGITTE IIIIRVLIYK YFF
GNM12769                        VAAAASSAAS AAGASADQHS QEEKKLDKVF GYFKNGGGGG QAHIIIVLLT DVVVDKKKKK RDILLMLLMR SILMLMMNNN VPPPPPHQAE SKRRRRTRRK KSAQNTMITK NIIIRVIIYY YFF



    1    1    1    1    1    1    1    1    1    1    1    1    1    1    1
    1    1    1    1    1    1    1    2    1    1    1    1    1    1    1
    1    1    1    1    1    1    2    1    1    1    1    1    1    1    1
    1    1    1    1    1    1    1    1    1    1    1    1    1    1    1
    1    1    1    1    1    1    1    1    1    1    1    1    1    1    1
    1    1    1    1    1    1    1    1    1    1    1    1    1    1    1
    1    1    1    1    1    2    1    1    1    1    1    1    1    1    1
    1    1    1    1    1    1    1    1    1    1    1    1    1    1    1
    1    1    1

AAML (in paml version 4.9h, March 2018)  tmp0024.txt
Model: Empirical,  (../wag.dat) dGamma (ncatG=4) ns = 150  ls = 126


Frequencies..
                                    A      R      N      D      C      Q      E      G      H      I      L      K      M      F      P      S      T      W      Y      V
GNM13746                       0.12000 0.10400 0.02400 0.03200 0.00000 0.01600 0.08000 0.08000 0.00800 0.08000 0.08800 0.07200 0.03200 0.03200 0.04800 0.04000 0.02400 0.00000 0.04000 0.08000
GNM13876                       0.11905 0.10317 0.03175 0.03175 0.00000 0.01587 0.07937 0.06349 0.04762 0.06349 0.09524 0.05556 0.01587 0.02381 0.06349 0.01587 0.06349 0.00000 0.03968 0.07143
GNM13680                       0.16800 0.09600 0.04800 0.01600 0.00000 0.04000 0.06400 0.08000 0.01600 0.04800 0.10400 0.07200 0.02400 0.03200 0.02400 0.03200 0.03200 0.00000 0.04800 0.05600
GNM14837                       0.11905 0.07937 0.02381 0.00794 0.02381 0.06349 0.06349 0.07937 0.03175 0.06349 0.09524 0.10317 0.03175 0.02381 0.02381 0.03175 0.05556 0.00794 0.02381 0.04762
GNM14249                       0.12698 0.07937 0.03175 0.00794 0.03175 0.05556 0.04762 0.07143 0.02381 0.07143 0.08730 0.11111 0.03175 0.01587 0.02381 0.03175 0.06349 0.00794 0.03968 0.03968
GNM13928                       0.10317 0.07143 0.03175 0.00794 0.02381 0.05556 0.06349 0.07937 0.03175 0.06349 0.10317 0.10317 0.02381 0.01587 0.02381 0.03968 0.05556 0.00794 0.03968 0.05556
GNM13297                       0.12800 0.06400 0.04000 0.03200 0.00800 0.02400 0.06400 0.07200 0.02400 0.08000 0.07200 0.08800 0.02400 0.02400 0.04800 0.04000 0.04800 0.00000 0.04000 0.08000
GNM14865                       0.11111 0.09524 0.03175 0.04762 0.00794 0.03968 0.06349 0.08730 0.03968 0.06349 0.04762 0.06349 0.03175 0.03175 0.02381 0.06349 0.05556 0.00000 0.03968 0.05556
GNM13455                       0.10317 0.07143 0.03968 0.01587 0.03968 0.04762 0.06349 0.07143 0.02381 0.07937 0.08730 0.09524 0.03175 0.03175 0.03968 0.03968 0.03175 0.00794 0.03175 0.04762
GNM14938                       0.15873 0.09524 0.01587 0.03175 0.00000 0.03175 0.06349 0.07937 0.03175 0.05556 0.10317 0.07143 0.00794 0.03175 0.04762 0.04762 0.01587 0.00000 0.03968 0.07143
GNM14483                       0.16000 0.07200 0.04800 0.02400 0.00000 0.01600 0.06400 0.08000 0.01600 0.06400 0.09600 0.10400 0.03200 0.03200 0.04800 0.03200 0.04800 0.00000 0.02400 0.04000
GNM14872                       0.16800 0.09600 0.03200 0.03200 0.00000 0.04000 0.06400 0.07200 0.01600 0.05600 0.08800 0.07200 0.02400 0.03200 0.03200 0.02400 0.03200 0.00000 0.04800 0.07200
GNM13855                       0.16000 0.08800 0.04000 0.01600 0.00000 0.04000 0.07200 0.07200 0.02400 0.04800 0.09600 0.08000 0.02400 0.02400 0.02400 0.03200 0.04800 0.00000 0.04800 0.06400
GNM14445                       0.13710 0.10484 0.01613 0.04032 0.00000 0.01613 0.07258 0.05645 0.02419 0.08871 0.08871 0.06452 0.01613 0.02419 0.04839 0.05645 0.06452 0.00000 0.02419 0.05645
GNM14545                       0.11905 0.10317 0.03968 0.03968 0.01587 0.03968 0.07937 0.07143 0.01587 0.09524 0.07143 0.05556 0.02381 0.02381 0.05556 0.02381 0.03175 0.00000 0.03968 0.05556
GNM14366                       0.12698 0.07143 0.02381 0.01587 0.01587 0.05556 0.07937 0.07143 0.03175 0.06349 0.07937 0.09524 0.03968 0.02381 0.03968 0.03175 0.03968 0.00000 0.03175 0.06349
GNM14252                       0.11905 0.07143 0.03175 0.00794 0.03175 0.05556 0.04762 0.07143 0.02381 0.07143 0.08730 0.11905 0.03175 0.01587 0.02381 0.03175 0.07143 0.00794 0.03968 0.03968
GNM13760                       0.10317 0.07143 0.03175 0.00794 0.02381 0.04762 0.06349 0.07937 0.03175 0.07937 0.08730 0.11111 0.03175 0.02381 0.02381 0.03968 0.04762 0.00794 0.03175 0.05556
GNM13982                       0.13492 0.08730 0.06349 0.00794 0.01587 0.03968 0.07143 0.05556 0.03175 0.05556 0.08730 0.09524 0.03175 0.02381 0.03175 0.03968 0.04762 0.00000 0.02381 0.05556
GNM13960                       0.11905 0.06349 0.03175 0.01587 0.01587 0.06349 0.06349 0.07143 0.02381 0.07143 0.09524 0.10317 0.03968 0.01587 0.03175 0.03175 0.05556 0.00000 0.03968 0.04762
GNM14633                       0.13492 0.08730 0.06349 0.01587 0.01587 0.03175 0.05556 0.05556 0.03175 0.07937 0.08730 0.08730 0.03175 0.02381 0.03175 0.05556 0.03968 0.00000 0.02381 0.04762
GNM14174                       0.12698 0.08730 0.02381 0.03175 0.00794 0.03175 0.03968 0.07143 0.02381 0.07937 0.07143 0.11111 0.03175 0.04762 0.04762 0.02381 0.06349 0.00000 0.01587 0.06349
GNM14138                       0.11905 0.09524 0.06349 0.03175 0.00000 0.03968 0.04762 0.07143 0.02381 0.07937 0.09524 0.07143 0.03175 0.03175 0.03175 0.04762 0.03175 0.00000 0.03175 0.05556
GNM14748                       0.10317 0.07143 0.04762 0.00794 0.02381 0.04762 0.06349 0.07937 0.02381 0.07143 0.09524 0.10317 0.02381 0.01587 0.02381 0.03175 0.07143 0.00794 0.03968 0.04762
GNM14246                       0.10317 0.08730 0.04762 0.04762 0.00000 0.03968 0.03968 0.07143 0.02381 0.06349 0.09524 0.08730 0.02381 0.03175 0.07937 0.00794 0.03968 0.00000 0.03175 0.07937
GNM14640                       0.11905 0.08730 0.03968 0.03175 0.00000 0.03968 0.04762 0.07937 0.02381 0.05556 0.08730 0.08730 0.02381 0.03968 0.06349 0.03175 0.03968 0.00000 0.03175 0.07143
GNM14965                       0.14400 0.09600 0.04000 0.02400 0.00000 0.04800 0.05600 0.08000 0.02400 0.06400 0.08800 0.07200 0.02400 0.02400 0.02400 0.04800 0.04000 0.00000 0.04800 0.05600
GNM13677                       0.12698 0.10317 0.03175 0.03175 0.00000 0.01587 0.07937 0.06349 0.04762 0.05556 0.09524 0.05556 0.01587 0.02381 0.06349 0.01587 0.05556 0.00000 0.03968 0.07937
GNM14339                       0.13492 0.08730 0.00794 0.05556 0.00000 0.04762 0.06349 0.07143 0.04762 0.07937 0.09524 0.07143 0.01587 0.02381 0.04762 0.03175 0.00794 0.00000 0.04762 0.06349
GNM14593                       0.11905 0.08730 0.02381 0.04762 0.00000 0.02381 0.05556 0.06349 0.06349 0.05556 0.08730 0.07937 0.03968 0.02381 0.04762 0.04762 0.03175 0.00000 0.03968 0.06349
GNM13825                       0.15079 0.09524 0.01587 0.03175 0.00000 0.03175 0.07143 0.07937 0.03175 0.04762 0.09524 0.07143 0.00794 0.03175 0.04762 0.03968 0.02381 0.00000 0.03968 0.08730
GNM14768                       0.14286 0.07937 0.01587 0.03968 0.00000 0.02381 0.06349 0.07143 0.03175 0.03175 0.11905 0.08730 0.00794 0.02381 0.04762 0.05556 0.03968 0.00000 0.04762 0.07143
GNM14776                       0.13492 0.07937 0.01587 0.03968 0.00000 0.02381 0.06349 0.07143 0.03175 0.03175 0.11905 0.08730 0.00794 0.02381 0.04762 0.05556 0.03968 0.00000 0.04762 0.07937
GNM14715                       0.14400 0.05600 0.03200 0.03200 0.00000 0.01600 0.05600 0.08800 0.01600 0.03200 0.08000 0.11200 0.02400 0.04000 0.04800 0.04000 0.05600 0.00800 0.03200 0.08800
GNM14639                       0.12800 0.08000 0.04000 0.04800 0.00800 0.03200 0.06400 0.06400 0.02400 0.08000 0.08000 0.08800 0.02400 0.02400 0.04000 0.04800 0.01600 0.00000 0.02400 0.08800
GNM13795                       0.11111 0.07143 0.03175 0.00794 0.02381 0.04762 0.06349 0.07937 0.02381 0.06349 0.09524 0.10317 0.03175 0.01587 0.02381 0.03175 0.07143 0.00794 0.04762 0.04762
GNM14166                       0.14286 0.06349 0.01587 0.02381 0.01587 0.03968 0.05556 0.07937 0.03968 0.07937 0.07937 0.10317 0.03175 0.01587 0.03175 0.04762 0.03175 0.00000 0.04762 0.05556
GNM13993                       0.14400 0.08000 0.04000 0.02400 0.00000 0.02400 0.05600 0.06400 0.02400 0.08000 0.05600 0.11200 0.02400 0.00800 0.06400 0.04000 0.04800 0.00000 0.04000 0.07200
GNM13515                       0.13492 0.07937 0.06349 0.02381 0.01587 0.03968 0.05556 0.06349 0.03175 0.07937 0.08730 0.09524 0.03175 0.02381 0.03175 0.03175 0.04762 0.00000 0.01587 0.04762
GNM13745                       0.12000 0.06400 0.06400 0.03200 0.00000 0.02400 0.05600 0.07200 0.01600 0.07200 0.09600 0.09600 0.01600 0.02400 0.04800 0.06400 0.04800 0.00000 0.03200 0.05600
GNM14030                       0.15323 0.08065 0.04032 0.04032 0.00000 0.02419 0.04839 0.05645 0.00806 0.06452 0.08065 0.09677 0.03226 0.01613 0.05645 0.04839 0.05645 0.00000 0.04032 0.05645
GNM14959                       0.15873 0.08730 0.03968 0.01587 0.00000 0.03968 0.07143 0.06349 0.02381 0.07143 0.08730 0.05556 0.03968 0.03175 0.04762 0.02381 0.02381 0.00000 0.06349 0.05556
GNM13413                       0.11905 0.07143 0.01587 0.03968 0.00000 0.03968 0.07937 0.07143 0.03175 0.07143 0.06349 0.08730 0.03968 0.02381 0.05556 0.02381 0.03175 0.00000 0.03968 0.09524
GNM14971                       0.11905 0.06349 0.02381 0.02381 0.01587 0.06349 0.06349 0.06349 0.02381 0.07143 0.10317 0.10317 0.03175 0.01587 0.03175 0.03968 0.05556 0.00000 0.03968 0.04762
GNM14990                       0.11905 0.06349 0.02381 0.02381 0.01587 0.06349 0.06349 0.05556 0.02381 0.07143 0.10317 0.10317 0.03175 0.01587 0.03175 0.04762 0.05556 0.00000 0.03968 0.04762
GNM15005                       0.11905 0.06349 0.02381 0.02381 0.01587 0.06349 0.06349 0.07143 0.02381 0.07143 0.09524 0.10317 0.03968 0.01587 0.03175 0.03175 0.05556 0.00000 0.03968 0.04762
GNM14992                       0.10256 0.08547 0.03419 0.01709 0.00855 0.05983 0.05983 0.05983 0.01709 0.08547 0.10256 0.10256 0.03419 0.01709 0.02564 0.03419 0.05983 0.00855 0.04274 0.04274
GNM15014                       0.11905 0.06349 0.02381 0.02381 0.01587 0.06349 0.06349 0.05556 0.02381 0.07143 0.10317 0.10317 0.03175 0.01587 0.03175 0.04762 0.05556 0.00000 0.03968 0.04762
GNM14976                       0.11905 0.06349 0.02381 0.02381 0.01587 0.05556 0.07143 0.07143 0.02381 0.07937 0.09524 0.10317 0.03175 0.01587 0.03175 0.03175 0.05556 0.00000 0.03968 0.04762
GNM14999                       0.13492 0.06349 0.03175 0.01587 0.01587 0.06349 0.06349 0.06349 0.02381 0.07143 0.10317 0.10317 0.03175 0.01587 0.03175 0.03175 0.04762 0.00000 0.03968 0.04762
GNM15018                       0.12698 0.07937 0.03175 0.00794 0.03175 0.05556 0.04762 0.07143 0.02381 0.07143 0.08730 0.11111 0.03175 0.01587 0.02381 0.03175 0.06349 0.00794 0.03968 0.03968
GNM15025                       0.13492 0.07143 0.03175 0.02381 0.02381 0.03968 0.07937 0.06349 0.03175 0.07143 0.08730 0.09524 0.03968 0.03175 0.03175 0.03175 0.03968 0.00000 0.02381 0.04762
GNM15024                       0.12698 0.07937 0.03175 0.00794 0.03175 0.05556 0.04762 0.07143 0.02381 0.07143 0.08730 0.11111 0.03175 0.01587 0.02381 0.03175 0.06349 0.00794 0.03968 0.03968
GNM14980                       0.12698 0.07937 0.03175 0.00794 0.03175 0.05556 0.04762 0.07143 0.02381 0.07143 0.08730 0.11111 0.03175 0.01587 0.02381 0.03175 0.06349 0.00794 0.03968 0.03968
GNM15000                       0.12698 0.07937 0.03175 0.00794 0.03175 0.05556 0.04762 0.07143 0.02381 0.07143 0.08730 0.11111 0.03175 0.01587 0.02381 0.03175 0.06349 0.00794 0.03968 0.03968
GNM15026                       0.11111 0.06349 0.03175 0.01587 0.01587 0.04762 0.07937 0.06349 0.03175 0.07143 0.10317 0.10317 0.03968 0.03175 0.03175 0.02381 0.05556 0.00000 0.02381 0.05556
GNM15028                       0.11905 0.06349 0.02381 0.01587 0.01587 0.06349 0.06349 0.06349 0.02381 0.07143 0.10317 0.10317 0.03175 0.01587 0.03175 0.04762 0.05556 0.00000 0.03968 0.04762
GNM15003                       0.11905 0.06349 0.02381 0.02381 0.01587 0.05556 0.07143 0.05556 0.02381 0.07143 0.10317 0.10317 0.03175 0.01587 0.03175 0.04762 0.05556 0.00000 0.03968 0.04762
GNM11003                       0.10317 0.07937 0.01587 0.03968 0.00000 0.01587 0.06349 0.06349 0.03175 0.06349 0.08730 0.09524 0.06349 0.03968 0.04762 0.02381 0.03968 0.00000 0.03968 0.08730
GNM11023                       0.11111 0.09524 0.03968 0.02381 0.00000 0.02381 0.08730 0.08730 0.03175 0.06349 0.05556 0.06349 0.03968 0.03175 0.05556 0.00794 0.04762 0.01587 0.03175 0.08730
GNM11055                       0.14286 0.11905 0.02381 0.03175 0.00000 0.01587 0.06349 0.07937 0.03175 0.05556 0.04762 0.05556 0.06349 0.03968 0.04762 0.02381 0.03968 0.00794 0.02381 0.08730
GNM11146                       0.12698 0.10317 0.03175 0.00794 0.00000 0.03968 0.06349 0.05556 0.03175 0.07937 0.09524 0.05556 0.04762 0.02381 0.04762 0.01587 0.03968 0.00000 0.04762 0.08730
GNM11219                       0.12698 0.11905 0.03175 0.02381 0.00000 0.03968 0.06349 0.07143 0.02381 0.01587 0.09524 0.06349 0.03175 0.03175 0.05556 0.01587 0.03175 0.00000 0.04762 0.11111
GNM11220                       0.11905 0.11111 0.04762 0.00794 0.00000 0.01587 0.09524 0.08730 0.03968 0.06349 0.11111 0.05556 0.04762 0.03175 0.03968 0.02381 0.01587 0.00000 0.03175 0.05556
GNM11223                       0.09524 0.11905 0.03968 0.02381 0.00000 0.03175 0.04762 0.06349 0.03175 0.05556 0.08730 0.07937 0.03175 0.03968 0.07143 0.02381 0.03968 0.00000 0.03968 0.07937
GNM11224                       0.11111 0.10317 0.03175 0.03968 0.00000 0.03968 0.06349 0.07143 0.03175 0.04762 0.10317 0.07143 0.02381 0.03175 0.06349 0.01587 0.03968 0.00000 0.03968 0.07143
GNM11225                       0.15079 0.11111 0.02381 0.02381 0.00000 0.04762 0.04762 0.07143 0.04762 0.05556 0.09524 0.07143 0.02381 0.02381 0.05556 0.01587 0.02381 0.00000 0.03175 0.07937
GNM11358                       0.14400 0.09600 0.04000 0.01600 0.00000 0.04000 0.07200 0.08000 0.02400 0.05600 0.08000 0.08000 0.02400 0.02400 0.02400 0.03200 0.04800 0.00000 0.04800 0.07200
GNM11360                       0.10317 0.07143 0.03968 0.01587 0.03968 0.04762 0.06349 0.07143 0.02381 0.07937 0.08730 0.09524 0.03175 0.03175 0.03968 0.03968 0.03175 0.00794 0.03175 0.04762
GNM11362                       0.15200 0.08000 0.02400 0.02400 0.00000 0.04800 0.06400 0.07200 0.03200 0.07200 0.07200 0.08000 0.02400 0.01600 0.04000 0.04000 0.01600 0.00000 0.04000 0.10400
GNM11367                       0.13492 0.08730 0.06349 0.00794 0.01587 0.03968 0.07143 0.05556 0.03175 0.05556 0.08730 0.09524 0.03175 0.02381 0.03175 0.03968 0.04762 0.00000 0.02381 0.05556
GNM11377                       0.16800 0.09600 0.03200 0.03200 0.00000 0.04000 0.06400 0.07200 0.01600 0.04800 0.09600 0.07200 0.02400 0.03200 0.03200 0.02400 0.03200 0.00000 0.04800 0.07200
GNM11380                       0.12698 0.06349 0.01587 0.02381 0.01587 0.03968 0.05556 0.07937 0.03968 0.07937 0.07937 0.10317 0.03175 0.02381 0.03175 0.06349 0.03175 0.00000 0.03968 0.05556
GNM11383                       0.13492 0.07143 0.02381 0.02381 0.02381 0.05556 0.07143 0.07143 0.03175 0.06349 0.08730 0.09524 0.03968 0.02381 0.03175 0.02381 0.03968 0.00000 0.03175 0.05556
GNM11491                       0.11111 0.07143 0.03175 0.02381 0.01587 0.04762 0.07143 0.06349 0.04762 0.07143 0.08730 0.10317 0.02381 0.00794 0.03175 0.03968 0.03968 0.00794 0.04762 0.05556
GNM11804                       0.13492 0.07937 0.01587 0.03175 0.00000 0.03968 0.06349 0.07937 0.02381 0.07143 0.04762 0.07937 0.04762 0.03968 0.05556 0.03175 0.03968 0.00794 0.03175 0.07937
GNM11805                       0.11905 0.07143 0.02381 0.01587 0.00000 0.03175 0.07937 0.08730 0.02381 0.08730 0.04762 0.08730 0.05556 0.03175 0.03968 0.03968 0.05556 0.00000 0.02381 0.07937
GNM12883                       0.16000 0.08800 0.04000 0.02400 0.00000 0.04000 0.05600 0.08800 0.01600 0.04000 0.10400 0.08800 0.02400 0.03200 0.03200 0.02400 0.03200 0.00000 0.04000 0.07200
GNM12892                       0.14400 0.09600 0.04000 0.02400 0.00000 0.04800 0.05600 0.08000 0.02400 0.06400 0.08800 0.07200 0.02400 0.02400 0.02400 0.04800 0.04000 0.00000 0.04800 0.05600
GNM12895                       0.11905 0.09524 0.03968 0.03175 0.00000 0.03968 0.05556 0.09524 0.01587 0.07143 0.09524 0.07937 0.03175 0.02381 0.03968 0.02381 0.03968 0.00794 0.03968 0.05556
GNM13060                       0.13600 0.09600 0.04000 0.04000 0.00000 0.01600 0.07200 0.06400 0.00800 0.10400 0.08800 0.07200 0.03200 0.02400 0.05600 0.02400 0.01600 0.00000 0.04800 0.06400
GNM13061                       0.12800 0.11200 0.03200 0.04000 0.00000 0.01600 0.08800 0.07200 0.00800 0.08800 0.08800 0.04800 0.02400 0.02400 0.05600 0.04000 0.01600 0.00000 0.04000 0.08000
GNM13062                       0.15323 0.05645 0.03226 0.03226 0.00000 0.01613 0.05645 0.08065 0.02419 0.04032 0.08871 0.11290 0.03226 0.04839 0.04839 0.04032 0.04839 0.00000 0.02419 0.06452
GNM13064                       0.14400 0.08000 0.04000 0.02400 0.00000 0.02400 0.05600 0.06400 0.02400 0.08000 0.05600 0.11200 0.02400 0.00800 0.06400 0.04000 0.04800 0.00000 0.04000 0.07200
GNM13066                       0.14400 0.08000 0.04800 0.02400 0.00000 0.03200 0.05600 0.06400 0.02400 0.08000 0.05600 0.10400 0.03200 0.00800 0.06400 0.04000 0.04000 0.00000 0.04000 0.06400
GNM11032                       0.11905 0.08730 0.00794 0.03968 0.00000 0.03175 0.07937 0.07937 0.03968 0.05556 0.10317 0.08730 0.01587 0.02381 0.03968 0.05556 0.03968 0.00000 0.04762 0.04762
GNM11034                       0.15873 0.09524 0.01587 0.03175 0.00000 0.03175 0.07143 0.07937 0.03175 0.05556 0.09524 0.06349 0.01587 0.03175 0.04762 0.04762 0.01587 0.00000 0.03968 0.07143
GNM11363                       0.15200 0.08000 0.02400 0.02400 0.00000 0.04800 0.06400 0.07200 0.03200 0.07200 0.07200 0.08000 0.02400 0.01600 0.04000 0.04000 0.01600 0.00000 0.04000 0.10400
GNM11375                       0.14943 0.08046 0.03448 0.01149 0.02299 0.02299 0.06897 0.08046 0.03448 0.04598 0.10345 0.08046 0.04598 0.01149 0.02299 0.04598 0.05747 0.01149 0.01149 0.05747
GNM11381                       0.13492 0.07143 0.02381 0.02381 0.02381 0.05556 0.07143 0.07143 0.03175 0.07143 0.07937 0.09524 0.03968 0.03175 0.03968 0.02381 0.03175 0.00000 0.02381 0.05556
GNM11382                       0.11111 0.07143 0.02381 0.03175 0.03175 0.05556 0.07143 0.07143 0.03968 0.07143 0.07937 0.10317 0.03968 0.03175 0.03175 0.03175 0.03175 0.00000 0.02381 0.04762
GNM11799                       0.11905 0.06349 0.02381 0.02381 0.01587 0.05556 0.07143 0.06349 0.02381 0.07143 0.09524 0.10317 0.03968 0.01587 0.03175 0.04762 0.04762 0.00000 0.03968 0.04762
GNM11841                       0.11905 0.10317 0.02381 0.03175 0.00794 0.04762 0.07937 0.08730 0.03968 0.06349 0.07143 0.06349 0.01587 0.03175 0.02381 0.04762 0.04762 0.00000 0.03968 0.05556
GNM11931                       0.12698 0.09524 0.02381 0.04762 0.00794 0.07143 0.04762 0.08730 0.03175 0.06349 0.06349 0.05556 0.01587 0.03175 0.03968 0.04762 0.04762 0.00000 0.03968 0.05556
GNM12040                       0.09524 0.11111 0.04762 0.05556 0.00794 0.05556 0.03968 0.08730 0.02381 0.06349 0.05556 0.05556 0.03175 0.02381 0.03175 0.07143 0.04762 0.00000 0.03968 0.05556
GNM12071                       0.09524 0.10317 0.03175 0.04762 0.00794 0.05556 0.06349 0.07937 0.03175 0.06349 0.06349 0.05556 0.01587 0.03175 0.03175 0.07937 0.03968 0.00000 0.03968 0.06349
GNM12125                       0.11111 0.08730 0.02381 0.03175 0.00000 0.03968 0.07143 0.07143 0.05556 0.03968 0.06349 0.06349 0.03175 0.02381 0.05556 0.01587 0.03968 0.00000 0.05556 0.11905
GNM12126                       0.11905 0.07937 0.02381 0.04762 0.00000 0.03175 0.05556 0.06349 0.06349 0.05556 0.07143 0.07937 0.04762 0.02381 0.04762 0.02381 0.01587 0.00794 0.03175 0.11111
GNM12128                       0.11111 0.07937 0.02381 0.00794 0.00000 0.02381 0.07937 0.07937 0.04762 0.07937 0.06349 0.06349 0.03968 0.02381 0.05556 0.03175 0.04762 0.00000 0.04762 0.09524
GNM12182                       0.11111 0.07143 0.01587 0.04762 0.00000 0.03968 0.04762 0.06349 0.03175 0.07143 0.07143 0.09524 0.05556 0.04762 0.04762 0.03175 0.05556 0.00000 0.03175 0.06349
GNM12342                       0.14286 0.08730 0.03175 0.02381 0.00794 0.03175 0.03968 0.07143 0.03175 0.05556 0.06349 0.08730 0.03968 0.03175 0.06349 0.00794 0.04762 0.00794 0.03175 0.09524
GNM12346                       0.14286 0.10317 0.04762 0.03968 0.00000 0.03968 0.05556 0.10317 0.02381 0.03175 0.05556 0.04762 0.03175 0.03175 0.03175 0.01587 0.03968 0.00794 0.03175 0.11905
GNM12351                       0.14286 0.10317 0.03175 0.03968 0.00000 0.03968 0.03968 0.07937 0.03175 0.06349 0.05556 0.05556 0.03175 0.03968 0.03175 0.04762 0.07143 0.00000 0.02381 0.07143
GNM12356                       0.09524 0.08730 0.06349 0.03175 0.01587 0.03968 0.03968 0.07143 0.03968 0.07143 0.03968 0.08730 0.03175 0.01587 0.03968 0.03968 0.03968 0.00000 0.03968 0.11111
GNM12357                       0.10317 0.08730 0.03175 0.01587 0.01587 0.02381 0.07937 0.08730 0.02381 0.07143 0.05556 0.07143 0.03968 0.02381 0.03968 0.06349 0.02381 0.00000 0.04762 0.09524
GNM12366                       0.11111 0.08730 0.03175 0.03175 0.01587 0.02381 0.05556 0.07143 0.03175 0.06349 0.06349 0.08730 0.03175 0.02381 0.03968 0.05556 0.02381 0.00000 0.04762 0.10317
GNM12373                       0.12698 0.10317 0.02381 0.03968 0.00794 0.04762 0.04762 0.08730 0.04762 0.03175 0.07143 0.04762 0.04762 0.03175 0.03175 0.01587 0.04762 0.00794 0.03968 0.09524
GNM12385                       0.09524 0.08730 0.02381 0.03968 0.00000 0.05556 0.05556 0.10317 0.02381 0.05556 0.05556 0.07143 0.02381 0.03175 0.03175 0.03968 0.04762 0.00794 0.03968 0.11111
GNM12551                       0.12698 0.11111 0.03968 0.03968 0.00000 0.03968 0.07143 0.07937 0.03175 0.03968 0.05556 0.04762 0.02381 0.03968 0.04762 0.00794 0.05556 0.00000 0.03175 0.11111
GNM12554                       0.10317 0.08730 0.03968 0.03175 0.00000 0.03968 0.07143 0.09524 0.03175 0.03968 0.08730 0.06349 0.02381 0.04762 0.03175 0.03175 0.04762 0.00000 0.02381 0.10317
GNM12592                       0.11111 0.11111 0.02381 0.01587 0.00000 0.03175 0.06349 0.10317 0.04762 0.03968 0.07937 0.05556 0.01587 0.02381 0.04762 0.03175 0.05556 0.00000 0.03968 0.10317
GNM12596                       0.12698 0.08730 0.03175 0.03175 0.00000 0.04762 0.04762 0.08730 0.03968 0.05556 0.04762 0.06349 0.03175 0.03968 0.03175 0.04762 0.05556 0.00794 0.02381 0.09524
GNM12602                       0.11905 0.08730 0.03175 0.03175 0.00000 0.04762 0.04762 0.08730 0.03968 0.04762 0.07143 0.06349 0.02381 0.04762 0.03175 0.04762 0.05556 0.00794 0.02381 0.08730
GNM12665                       0.14286 0.08730 0.03175 0.03175 0.00000 0.04762 0.03968 0.08730 0.03968 0.03175 0.06349 0.06349 0.03175 0.03968 0.03968 0.03968 0.05556 0.00794 0.02381 0.09524
GNM12745                       0.13492 0.07937 0.04762 0.03175 0.00000 0.03175 0.05556 0.05556 0.03175 0.06349 0.06349 0.07937 0.03175 0.02381 0.04762 0.04762 0.05556 0.00000 0.04762 0.07143
GNM12749                       0.10317 0.07937 0.03968 0.03175 0.00794 0.03175 0.06349 0.09524 0.04762 0.03968 0.07143 0.07937 0.03968 0.03968 0.03175 0.04762 0.03968 0.00000 0.02381 0.08730
GNM12758                       0.13492 0.09524 0.04762 0.03175 0.00000 0.03968 0.04762 0.05556 0.02381 0.08730 0.03175 0.08730 0.03968 0.03175 0.04762 0.03968 0.04762 0.00000 0.03968 0.07143
GNM12763                       0.13492 0.11905 0.03968 0.04762 0.00000 0.03968 0.04762 0.04762 0.02381 0.07143 0.05556 0.08730 0.03175 0.03175 0.05556 0.03175 0.02381 0.00000 0.03175 0.07937
GNM12766                       0.10317 0.08730 0.03175 0.04762 0.02381 0.03968 0.03968 0.07143 0.03175 0.07143 0.05556 0.08730 0.04762 0.01587 0.06349 0.01587 0.02381 0.00794 0.03968 0.09524
GNM12841                       0.11905 0.11111 0.03175 0.05556 0.00794 0.04762 0.06349 0.08730 0.01587 0.07937 0.04762 0.06349 0.02381 0.03175 0.01587 0.05556 0.03968 0.00794 0.03968 0.05556
GNM12849                       0.10317 0.07937 0.03968 0.02381 0.03968 0.03968 0.07143 0.06349 0.02381 0.07143 0.08730 0.09524 0.03175 0.03175 0.03968 0.04762 0.02381 0.00794 0.03175 0.04762
GNM12869                       0.11905 0.07937 0.03175 0.00794 0.03175 0.05556 0.04762 0.07143 0.02381 0.07143 0.08730 0.11111 0.03175 0.01587 0.02381 0.03968 0.06349 0.00794 0.03968 0.03968
GNM12896                       0.12698 0.07143 0.02381 0.02381 0.01587 0.03968 0.05556 0.07937 0.03968 0.07937 0.07937 0.09524 0.03175 0.01587 0.03175 0.05556 0.03175 0.00000 0.04762 0.05556
GNM12897                       0.12698 0.06349 0.01587 0.02381 0.01587 0.03968 0.05556 0.07937 0.03968 0.08730 0.07937 0.10317 0.03175 0.02381 0.03175 0.05556 0.03175 0.00000 0.03968 0.05556
GNM12902                       0.13492 0.08730 0.03175 0.03175 0.00000 0.03175 0.05556 0.08730 0.03175 0.07937 0.06349 0.06349 0.04762 0.03175 0.04762 0.03175 0.04762 0.00000 0.02381 0.07143
GNM12903                       0.14286 0.08730 0.01587 0.01587 0.00000 0.04762 0.07937 0.06349 0.03968 0.03968 0.09524 0.04762 0.06349 0.03968 0.05556 0.02381 0.03968 0.00000 0.03968 0.06349
GNM12906                       0.14286 0.08730 0.01587 0.01587 0.00000 0.04762 0.07937 0.06349 0.03968 0.06349 0.08730 0.04762 0.06349 0.04762 0.05556 0.02381 0.03175 0.00000 0.03968 0.04762
GNM12907                       0.14286 0.08730 0.01587 0.01587 0.00000 0.04762 0.07937 0.06349 0.03968 0.04762 0.08730 0.04762 0.05556 0.03968 0.04762 0.03175 0.03175 0.00000 0.03968 0.07937
GNM12909                       0.15079 0.08730 0.01587 0.01587 0.00000 0.04762 0.07937 0.06349 0.03968 0.05556 0.07937 0.04762 0.06349 0.03968 0.04762 0.03175 0.00794 0.00000 0.04762 0.07937
GNM12915                       0.11111 0.12698 0.04762 0.03175 0.00000 0.07143 0.04762 0.07937 0.01587 0.06349 0.06349 0.05556 0.03175 0.05556 0.05556 0.01587 0.02381 0.00000 0.03968 0.06349
GNM10046                       0.11111 0.12698 0.04762 0.03175 0.00000 0.06349 0.05556 0.07937 0.01587 0.07143 0.06349 0.05556 0.03175 0.05556 0.05556 0.01587 0.03175 0.00000 0.03968 0.04762
GNM12918                       0.11905 0.12698 0.04762 0.03175 0.00000 0.06349 0.05556 0.07937 0.01587 0.07143 0.06349 0.05556 0.03175 0.05556 0.05556 0.00794 0.03175 0.00000 0.03968 0.04762
GNM12931                       0.11905 0.10317 0.03175 0.03175 0.00000 0.03175 0.07937 0.06349 0.03968 0.05556 0.05556 0.05556 0.05556 0.02381 0.05556 0.02381 0.03175 0.00000 0.04762 0.09524
GNM12938                       0.11905 0.07937 0.02381 0.03175 0.00000 0.01587 0.07143 0.05556 0.03175 0.07143 0.10317 0.08730 0.04762 0.02381 0.04762 0.03175 0.04762 0.00000 0.05556 0.05556
GNM12996                       0.08730 0.07143 0.02381 0.03968 0.00000 0.02381 0.06349 0.06349 0.03175 0.09524 0.09524 0.09524 0.02381 0.03175 0.04762 0.02381 0.09524 0.00000 0.03968 0.04762
GNM13018                       0.08730 0.06349 0.02381 0.03175 0.00000 0.02381 0.07143 0.06349 0.03175 0.08730 0.10317 0.10317 0.02381 0.03175 0.04762 0.03175 0.09524 0.00000 0.03968 0.03968
GNM13027                       0.13492 0.06349 0.03968 0.03175 0.00000 0.02381 0.06349 0.06349 0.03175 0.08730 0.08730 0.09524 0.04762 0.03175 0.04762 0.01587 0.04762 0.00000 0.03968 0.04762
GNM13046                       0.12698 0.06349 0.04762 0.02381 0.01587 0.03968 0.07143 0.07937 0.03175 0.06349 0.10317 0.11905 0.03968 0.01587 0.03175 0.00794 0.02381 0.00000 0.03968 0.05556
GNM13053                       0.13600 0.07200 0.02400 0.07200 0.00000 0.01600 0.04800 0.06400 0.00800 0.07200 0.09600 0.13600 0.01600 0.02400 0.03200 0.01600 0.09600 0.00800 0.02400 0.04000
GNM13074                       0.10317 0.12698 0.04762 0.03175 0.00000 0.05556 0.05556 0.07143 0.01587 0.06349 0.06349 0.05556 0.03968 0.05556 0.05556 0.00794 0.03968 0.00000 0.03968 0.07143
GNM10010                       0.09524 0.11111 0.04762 0.02381 0.00000 0.06349 0.05556 0.07937 0.02381 0.07143 0.07143 0.06349 0.03968 0.03968 0.05556 0.00794 0.03175 0.00794 0.04762 0.06349
GNM10014                       0.09524 0.11111 0.04762 0.02381 0.00000 0.06349 0.05556 0.07937 0.02381 0.07143 0.07143 0.06349 0.03968 0.03968 0.05556 0.00794 0.03175 0.00794 0.04762 0.06349
GNM13090                       0.10317 0.11905 0.04762 0.02381 0.00000 0.06349 0.05556 0.07937 0.01587 0.07143 0.07143 0.05556 0.03968 0.03968 0.05556 0.00794 0.03175 0.00794 0.04762 0.06349
GNM13118                       0.12698 0.08730 0.06349 0.03175 0.00000 0.03175 0.03175 0.05556 0.03175 0.05556 0.09524 0.07937 0.04762 0.03175 0.05556 0.02381 0.03175 0.00000 0.02381 0.09524
GNM13126                       0.15873 0.10317 0.01587 0.03175 0.00000 0.01587 0.06349 0.07143 0.03968 0.05556 0.04762 0.05556 0.04762 0.03175 0.05556 0.02381 0.07143 0.00000 0.02381 0.08730
GNM13128                       0.15079 0.08730 0.02381 0.02381 0.00000 0.02381 0.05556 0.07937 0.04762 0.06349 0.04762 0.05556 0.05556 0.03175 0.05556 0.02381 0.06349 0.00000 0.02381 0.08730
GNM13208                       0.14286 0.08730 0.02381 0.01587 0.00000 0.04762 0.06349 0.05556 0.03968 0.05556 0.10317 0.04762 0.05556 0.03175 0.05556 0.02381 0.05556 0.00000 0.05556 0.03968
GNM13210                       0.10317 0.07937 0.02381 0.04762 0.00794 0.02381 0.07143 0.07143 0.03175 0.06349 0.07143 0.07937 0.03968 0.02381 0.05556 0.03175 0.03175 0.00000 0.03968 0.10317
GNM12773                       0.10317 0.08730 0.03968 0.02381 0.00000 0.03175 0.04762 0.06349 0.02381 0.11111 0.07937 0.09524 0.02381 0.04762 0.04762 0.05556 0.05556 0.00000 0.02381 0.03968
GNM12769                       0.10317 0.07937 0.04762 0.03968 0.00000 0.03968 0.03175 0.06349 0.02381 0.08730 0.07143 0.10317 0.04762 0.03175 0.03968 0.06349 0.03175 0.00000 0.03175 0.06349

Homogeneity statistic: X2 = 14.15366 G = 14.29103 

Average                        0.12574 0.08627 0.03272 0.02768 0.00754 0.04037 0.06168 0.07278 0.02932 0.06571 0.08112 0.08218 0.03283 0.02794 0.04186 0.03437 0.04330 0.00202 0.03729 0.06725
(Ambiguity characters are used to calculate freqs.)


# constant sites:     10 (7.94%)

TREE #  1:  ((((((((43, 148), 133), (60, 97)), 98), 99), (((135, 136), (100, 59)), (134, 137))), ((((((127, 126), 129), 128), 147), (62, 42)), 144)), ((((((((((((((((((((45, 46), 44), 20), 49), (57, 58)), 50), ((47, 48), 92)), (52, 56)), (((71, 19), 21), 39)), ((((((((55, 53), 54), 51), 122), (17, 5)), (((24, 36), (6, 4)), (89, 18))), ((9, 69), 121)), 75)), 138), (((90, 74), 16), 91)), (((123, 73), 124), 37)), ((((3, 78), (72, 12)), (27, 79)), (13, 68))), 80), (88, 70)), ((((((38, 84), 85), 41), 40), (14, 139)), ((34, 83), 11))), ((((1, 81), 82), 7), 35)), ((((32, 33), 30), (2, 28)), (((87, 10), 31), (29, 86)))), (((((((23, 26), 25), (149, 22)), ((65, 66), 67)), 63), 150), (15, 64))), (((((((((((114, 112), 113), 103), 111), 102), (((110, 108), 116), 107)), ((((95, 8), 96), (93, 120)), 94)), (61, 76)), ((146, 145), (77, 125))), ((((((106, 105), 104), 119), 101), ((115, 117), 118)), 109)), ((((141, 142), 143), 140), ((132, 130), 131))));   MP score: -1
lnL(ntime:297  np:298): -12366.363935      +0.000000
 151..152 152..153 153..154 154..155 155..156 156..157 157..158 158..43  158..148 157..133 156..159 159..60  159..97  155..98  154..99  153..160 160..161 161..162 162..135 162..136 161..163 163..100 163..59  160..164 164..134 164..137 152..165 165..166 166..167 167..168 168..169 169..170 170..127 170..126 169..129 168..128 167..147 166..171 171..62  171..42  165..144 151..172 172..173 173..174 174..175 175..176 176..177 177..178 178..179 179..180 180..181 181..182 182..183 183..184 184..185 185..186 186..187 187..188 188..189 189..190 190..191 191..45  191..46  190..44  189..20  188..49  187..192 192..57  192..58  186..50  185..193 193..194 194..47  194..48  193..92  184..195 195..52  195..56  183..196 196..197 197..198 198..71  198..19  197..21  196..39  182..199 199..200 200..201 201..202 202..203 203..204 204..205 205..206 206..55  206..53  205..54  204..51  203..122 202..207 207..17  207..5   201..208 208..209 209..210 210..24  210..36  209..211 211..6   211..4   208..212 212..89  212..18  200..213 213..214 214..9   214..69  213..121 199..75  181..138 180..215 215..216 216..217 217..90  217..74  216..16  215..91  179..218 218..219 219..220 220..123 220..73  219..124 218..37  178..221 221..222 222..223 223..224 224..3   224..78  223..225 225..72  225..12  222..226 226..27  226..79  221..227 227..13  227..68  177..80  176..228 228..88  228..70  175..229 229..230 230..231 231..232 232..233 233..234 234..38  234..84  233..85  232..41  231..40  230..235 235..14  235..139 229..236 236..237 237..34  237..83  236..11  174..238 238..239 239..240 240..241 241..1   241..81  240..82  239..7   238..35  173..242 242..243 243..244 244..245 245..32  245..33  244..30  243..246 246..2   246..28  242..247 247..248 248..249 249..87  249..10  248..31  247..250 250..29  250..86  172..251 251..252 252..253 253..254 254..255 255..256 256..257 257..23  257..26  256..25  255..258 258..149 258..22  254..259 259..260 260..65  260..66  259..67  253..63  252..150 251..261 261..15  261..64  151..262 262..263 263..264 264..265 265..266 266..267 267..268 268..269 269..270 270..271 271..272 272..114 272..112 271..113 270..103 269..111 268..102 267..273 273..274 274..275 275..110 275..108 274..116 273..107 266..276 276..277 277..278 278..279 279..95  279..8   278..96  277..280 280..93  280..120 276..94  265..281 281..61  281..76  264..282 282..283 283..146 283..145 282..284 284..77  284..125 263..285 285..286 286..287 287..288 288..289 289..290 290..106 290..105 289..104 288..119 287..101 286..291 291..292 292..115 292..117 291..118 285..109 262..293 293..294 294..295 295..296 296..141 296..142 295..143 294..140 293..297 297..298 298..132 298..130 297..131
 0.032776 0.015999 0.026514 0.000000 0.034105 0.012595 0.168563 0.066159 0.108314 0.056385 0.052368 0.179493 0.101632 0.361702 0.331866 0.192097 0.000000 0.115039 0.018270 0.023234 0.038810 0.092668 0.120187 0.022835 0.105074 0.142577 0.171340 0.110808 0.076023 0.091062 0.005814 0.008041 0.042895 0.014293 0.033945 0.030515 0.119133 0.060241 0.237804 0.097996 0.220905 0.048447 0.076152 0.114854 0.000000 0.039352 0.124789 0.014985 0.216058 0.029269 0.034660 0.000000 0.027235 0.008128 0.039838 0.000000 0.000000 0.007523 0.006625 0.000000 0.000000 0.014588 0.005913 0.007748 0.012734 0.007389 0.000000 0.012912 0.007512 0.026493 0.000000 0.000000 0.084876 0.012760 0.014271 0.048615 0.047071 0.033744 0.109285 0.031226 0.050465 0.000000 0.000000 0.038266 0.012977 0.014148 0.055757 0.045934 0.058844 0.000000 0.000000 0.000000 0.000000 0.000000 0.000000 0.000000 0.000000 0.006812 0.000000 0.013740 0.000000 0.022947 0.000000 0.010554 0.017596 0.018061 0.006175 0.024246 0.055322 0.033437 0.000000 0.012740 0.100627 0.005432 0.000000 0.000000 0.070476 0.099991 0.134484 0.028914 0.024187 0.023768 0.006830 0.021066 0.018573 0.042443 0.094983 0.010040 0.000000 0.013747 0.006839 0.022001 0.003751 0.135234 0.019384 0.048421 0.030933 0.005535 0.061542 0.015244 0.006994 0.000000 0.059940 0.000000 0.000000 0.057048 0.008585 0.026673 0.277529 0.151920 0.000000 0.000000 0.137919 0.089642 0.219773 0.140833 0.079423 0.024671 0.000000 0.000000 0.023833 0.057921 0.092076 0.053679 0.235034 0.211125 0.125941 0.091994 0.067479 0.054108 0.000000 0.013746 0.000000 0.196777 0.067367 0.043730 0.040685 0.048601 0.306393 0.252123 0.180951 0.132001 0.000000 0.138702 0.007051 0.000000 0.182656 0.267654 0.014370 0.000000 0.090905 0.143351 0.000870 0.030228 0.015631 0.019705 0.023498 0.139416 0.123484 0.015623 0.044133 0.090568 0.123176 0.093569 0.000000 0.012669 0.186905 0.054662 0.150737 0.273110 0.076010 0.100458 0.016325 0.077509 0.065715 0.018070 0.211442 0.324076 0.426762 0.136569 0.255818 0.208210 0.107729 0.027228 0.033430 0.009350 0.113992 0.036400 0.000000 0.054880 0.145033 0.090960 0.005454 0.042944 0.017103 0.045906 0.135890 0.138372 0.167248 0.116838 0.000000 0.027835 0.144154 0.119697 0.198051 0.194780 0.343762 0.000000 0.046372 0.070838 0.093138 0.072254 0.049077 0.030695 0.060292 0.103304 0.091246 0.169641 0.146454 0.102508 0.351712 0.073436 0.051327 0.013456 0.071006 0.099488 0.042598 0.020148 0.015644 0.123600 0.054767 0.130116 0.080636 0.066146 0.081558 0.119768 0.083928 0.102190 0.204752 0.037301 0.208532 0.093685 0.109875 0.149835 0.311359 0.009196 0.064843 0.021610 0.000000 0.000000 0.013649 0.006434 0.041810 0.006765 0.000000 0.027515 0.000000 0.905149
