
Printing out site pattern counts


       129        130  P

GNM13746                        -------AAA AAAACCCDDD DDEEEEEEEE FFFFFGGGGG GGGGGGGGII IIIIIIIIII IIKKKKKKLL LLLLLLLLLL MNNNPPPPPP QQRRRRRRRR RSSSSSSTTV VVVVVVVVVV VVVVVWYYYY 
GNM13671                        ------MAAE LSVVCCCDDK NWEKKLQSVY FIISVCEGGG GGGINRTVAF IIIKLQTTVV VVENQRRRAE IILLLLNRVV GIRSKNPPPP KQEEGIKKKK TADGNPSETA FIKLLLRSTV VVVVVKDIRV 
GNM13876                        -----AVALE LALVCCCDEK GYEISLELIS FIVDSCGGGG GGGLGNGALS EFVFIRNVRV VVTRVGKRLE LNCFLTPRLM TKNSKPPPPV SQDERVKKRV SKDGRADERA EVKAILDVVA ALVVVRDIVK 
GNM13680                        ------MVGE ISITCCCDDE NTEKEYEENK FMSLTAEGGG GGGKGGSGIV IVVYIITLII MVRKRPREVE VIYLTLNRKL HTDFSKGPQD RFSYGRKNNT KYDGKATKAI TLRVVLVLVT VPISVEMLIR 
GNM14837                        -------ILE IAIVCCCDGA NDEKEYDEVS YMAITAHGGG GNSFDGSGIT TIVFIIDFII VAKEKDRKVD LILAVLNRPL HMGRSPAPHK TMSTGTKKET KYDGRTVSAV EITVIDIVVS VPVSIEAKKR 
GNM14249                        -------ILE IAITCCCDGA NDENEFEEVN YMAIAANGGG GNSYDGNGIT TIVFIVDFLI VAKTKDRKID IILAVLNRPL HMGRSPAPHK TMSTGKKKET KYDGKTTSAV EIPVIDVVVK APVSIEAKKR 
GNM13928                        -------ILE IAIICCCDGA NSEKEFDEVN YMAIAANGGG GNANDGSGIT TIVFIIDFIV VAKEKDRKVD IILAVLNRPL HMGRSPAPHK TMSTGTKKET KYDGRTSSAV EIPAIDVVVK VPISIDAKKR 
GNM13297                        -------GAE ISIVCCCSDE LSEKSKETLE FGIFTGDGGG HGGGGGSGIL SIIYVVEVTV SIRNERRTVE IITLVLNRKL WRGSVPPPGE ESSVLRKGRI KSDGLTDRMV EISEEYKVVV VPVVVNSRKR 
GNM14938                        ------AIAE LAIVCCCDSR GEESGQELPS YVWKVGEGGG GGRTGRDAVR IILKITLLVV IVRRRKHRLY LYLLLILKLV THGDKKPPPP NQETGLKRRH EADGSGSDTS YVLVLLVLVA YPVVVQEFVV 
GNM14483                        -------ACE AAVVCCCDAE HDEAEHDLLS FSGMTADGGG EGGKGRSGSD EIIYIWDLFV AIRRKDMKVE VIMLLLNRAV HLGGNEPPPP SQSQGRKVDA KYDGRVSKLL DIRVTYLVVV VVVIVEVLNR 
GNM14872                        ------LIGE VAIICCCDDE NAEVEYEETK FMSLTAEGGG GGGKGGSGII VVIYIITLMI IVRKQEREIE VVFMTLNRKL HTGFSRGPPD RFAYGRKNPA KYDGKTTKAV TIKIVLVVVK IPLSVEMTMR 
GNM13855                        -------IGE LAIICCCDED NDEKEYIDVN FMSITSDGGG GGGKGNSGIG IIVYIVVTYV LLRSLDRKIE LILLFVNRKV HDEFNKAPQE DFGYGRKNDV KYDGKTSRSA GLKIVLTVIS IPVVVFMMSR 
GNM14445                        -------AAE LSIACCCDEE GDEKRKENSN FINLTADGGG GGGESGSGIV SIVYIILTFI AILSKQRKVE VILLFLNRSL HNGSKPSPHG EQTVGRRDEH KSDGQASCLI EIRLTEVVVI VPIVVDTTMR 
GNM14545                        -------AAE LAVVCCCDLY GSERGLDELY FIFIFAEGGG GGNYGLSCIS IIVYHDEVII VVSDKDREVE VYFLLIIRTI HVGPKPPPKL KSDIKYKLQI VKDGRATHSA YIKPYIEVAP LPVVIKERYR 
GNM14366                        -------ILE VAIVCCCDGS NDEKEFDGVQ IMAITGEAGG GNGSDGAGIP LIIFIIDLEV VARKKDKEAE IILAVINRGL HTGNSPSPNS ALSSGAKKET KYDGKTTVSV IMPKIHVVVL VPVFINAKSR 
GNM14252                        -------ILE IAITCCCDGA NNENEFEEVN YMAIAANGGG GNSYDENGIT TIVFIIDFLI VAKTKDRKID IILAVLNRPL HMGRSPAPHK TMSTGKKKET KYDGKTTSAV KIPVIDVIVK APVAIEAKKR 
GNM13760                        -------ILE IAITCCCDGA NSEKEFDEVN YMAITADGGG GNAHDGNGIT IIVFIIDFLI VAKEKDRKVD IILAVLNRPL HMGRSPAPHK TMSTGKKKET KYDGQTASAV EIPVIDVIVK VPISIEAKKR 
GNM13982                        -------IAE VAVKCCCDNE NDEKSFELAS YMAVTAEFGG GQGEDGSGIK LIIFVVEIII NAKSKDRNID IILAVLNRQL HSGRSPPPRT ELPVGKKKDT KFDGNTTMTI EIKVIKVVVI VPIQIDAKKR 
GNM13960                        -------ILE VAIVCCCDGE NQEKDFDEAN YMAIAAEGGG GKGNHMGGIV IIVCLIDLIV VVKKKDRKID IILAVLNRQL HISRSPAPNG EMGTGKKNDV KYDGETTLTV EMPKINKVVS VPVVIEAKKR 
GNM14633                        -------IAE VAVKCCCDNE NDEKSFELAS YMAVTADFGG GKGDDGSGIK LIIYVIEIIV NAEVKDRNID IILAVLNRQL HVGRSQPPRT ELPVGKKKDT KFDGKTSMTI DIKVIKVVVI VPIQIDAKKR 
GNM14174                        -------V-E -SIV---AEG G-E---EI-S FNLVTG---G S--SG--GI- RIIY-IVL-V AV-LRKKYV- L-------L- -V--D-PPP- SQSQD--I-I -K-GK--RKV R--VIF--VA -PVV--N--Y 
GNM14138                        -------AAE MSIVCCCNDL GAEQEQTTAS FNIVTGDGGG GGGSGNSGIS QIIYIIVVIV VVKLHERYTE LFLLLLGRLI FTDSKKNPPF NRSLGTKVGV GKDGEASRQL CTPVTFEVVT MPVVVKDRLY 
GNM14055                        -------IAE VSIVCCCDDE NQEKDFDEID CMAVSAEGGG DRGKGQGGII LIIYIIDLIV VIRKKDREVD IILAVINRQL HLDRSKAPND ETPTGKKKDI KYDGKTTLMV KILAINVVVS VPILVEMKKR 
GNM14748                        ----T--ILE IAIVCCCDGA NNENEFDEVD YMAVTAEGGG GNGNDGAGIT IIVFIVDFVI VVKEKDRKVD IILAVLNRPI HMGRSPAPHK TMSTGAKKET KYDGNTVTAV EMKVIDVIVR APISIDAKKR 
GNM14246                        -------AAE MSVVCCCSHM GAEREYDITS FTTTTGDGGG GGGPGNSGIT RIIYIIVVVV VVKPRERYTE LYLLLTGRLI HAKSKKPPPM DQSQGRRTNF EKDGRASRKL YTSVISTVVI MPVVVKDFQH 
GNM14640                        -------GAE LSVVCCCSHL GAERDYDTTS FVVVTGNGGG GGGPGHSGIS KIIYIVVVIV VVKLREKYTE LFLLMVGRLI YTKSKKSPPV NKSQGRKVET ENDGRASRKL RTLVSLLVVT MPVVVRDFQY 
GNM14965                        -------MGE ISIICCCDDE YDEKEYDEVK FMSLAAEGGG GGGKGGSGII IIIYIIVLII LARKQSREVE VIFITLNRII HTEFSKAPKG KFGYGRKNDS KYDGRTTRTV TIRIVLVVIK IPISVEMLNR 
GNM13677                        -----AVALE LALVCCCDEK GYETSLELIS FIVDACGGGG GGGLGNGALS EFVFIRNVRV VVTKVGKKLE LNCFLTPRLM TKNSKPPPPV SQDERVRKRF VKDGRADERA EVKPILDVVA ALVVVRDIVK 
GNM14339                        ------AIAE LAAVCCCDNR GKEYGQDMVS FLIKACGGGG GGRSGADCVL LIVKILLLLV VVRKKKHKAS LYLLLLARLF TADDRRPPPP KQDQVVPENV LADGRATDTC IVPPLLTVVA IIVVVREFIV 
GNM14593                        ------QAAE LSVVCCCDDK NWERKYQLVK FIVEVCRGGG GGGVGNTVIT IIIKLELVVV VVESPKRHIE LILVLINRLI GVGNKPPPSF QQEEGLKKKK VADGRSSEMS IIRVLLKAVV VIVMVVDISV 
GNM13825                        ------AIAE LAIVCCCDSR GEESGQQLPS YVWKVGEGGG GGRSGRDAVR VILKLTLLVV IVKRRKHRAY LYLLLIVKIV THGDKKPPPP NQEMGLKRRF ETDGAASDTS YVLVLLTLVA YPVVVEEFLI 
GNM14768                        ------LAAE LAAACCCGRR NWERRLESVS FIVPTCDSGG GGGDGSTAQL TIVSLQDVAV IVQSPSRKLH LILLLIGRMV GRGDKPPPPI AQDQGIKKKV ISDGKGSTKV IIKVILSVVA VLVIVKSVKI 
GNM14776                        ------LAAE LAAACCCGQR NWERRLESVS FIVPTCGSGG GGGDGSTAQL TIVSLQDVAV IVQSPSRKLH LILLLIGRMV GRGDKPPPPI TQDQGIKKKV ISDGKGSTKV IIKVILSVVA VFVIVKSVKI 
GNM14715                        -------ACE LALACCCDSE HDEKEADLPS FSNLTADGGG DGGMGRSGSD EIIYIWDLFV SIRKKAMQAE LIMLLLNRAV HLGGNPPPPP NQAQGRKAER KFDGRATHLV SVKVTFLVVV VFVVVEGLNR 
GNM14639                        -------IAE ISICCCCDNE NNEKDYEMPE FISYVGKGGG NGKKYGSGIL IILYLEQVTV VVKTVEKIVD IIYLVLNRSI HNNSGDPPPD LQGVSRKSEV QEDGKTSKKV KMVIIIQVVI IPVVVQQKFR 
GNM13795                        ----S--ILE IAIVCCCDGA NNENEFDEVD YMAVTADVGG GNGNDGAGIT VIVFIVDFVI VVKEKDRNVD IILAVLNRPM HMGRSPAPHK TMSTGSKKEA KYDGKTVTAV EMKVIDVIVK APISIDAKKR 
GNM14166                        -------FAE ISITCCCDGS NSEKEFDEVK FMAVTAEGGG DGGEQASGIV IIIFIMDLII LAKTKDRNIE IVLAVLNRML HSGNNPTPEK NMNNGAKREV KYDGQTINLI TISVTLVVIS VAIIIDAQKR 
GNM13515                        -------ILE VSITCCCDGE NDETEFXLVS YMAVTADFGG XKSEEGSGIS QIIFIIEILI TVKAKDQQID VILAVLNRKL HXGRSHPPNS ELGTGRKTDS KYDGKTSSSV IIKIIGVVVK VPITIEAKKR 
GNM13745                        -------AAE VAVACCCDNE GREKESDEVT FGIMTANCGG NTGEGSSGVV LIIYRKEIFI IITKKVKELR LIDLVLNKHV YEEIPQPPTQ NIGIGRKVFI KKDGKSNKSL KIKPEIVVII VPVVVENKER 
GNM14030                        -------KAE VAIVCCCDKE GREEQRDEAQ F-FLTANAGG NTGKGGSGIV FIIYYQEMVI EITKEIKNLR LIDTVLNKSI HQGL-ESPKK K--IGRKIFV KKDGKSARSL EIKEERVVLT IPVVVETKSR 
GNM14959                        ---PW-VVAE LAVVCCCDDV NRENDYDLIS YVILVGQGGG NGGEGHSGAP IILEIIDAIV IIRKVAHKMV VYLLLVERIV TKNPRAPPPP DNDKGRKRRV QGDGRATKQV VLRVYIKVVV ILVVVNARRR 
GNM13413                        ------LAAE LSVVCCCSRE GKEQEEEIPY AIFFAADGGG GGGQGGNAES QIIYYVDVLV VVKYPSKKFE LYLLLTERVV QFGSDPPPQL RSDYVKKKKV VSDGKATRLL LLRPEYYVVK VVVVVLAYVR 
GNM14971                        -------ILE VSIVCCCDGE NQEKDFDEVN YMAITAEGGG GKGNHMGGII MIVCLIDLIV VVKKKDRKID IILAVLNRQL HISRSPAPND EMGTGKKNDV KYDGETTLTV EMPKINKVVS VPIVIEAKKR 
GNM14990                        -------ILE ESIV-ACDGE NQEKDFDEVN YMAITAEGGG GK-NHMGGIL MIVCLIDLIV VVKKKDRKID IILAVINRQL HISRSPVPND EMGTGKMNGV NYDGETTLTV EMPKINKVVS VPIVINAKKR 
GNM14992                        -------I-E -AIV---DGE N-EK--DE-N YMAIAA---G G--NH--GM- VIVC-IDL-V VV-KKDRKI- I-----N-H- -IS-S-APN- EMGTG--K-V -Y-GE--LAV Q--KIN--VS -PVI--A--R 
GNM15013                        -------ILE VAIVCCCDGE NQEKDFDEVN YMAIAAEGGG GKGNHMGGIV IIVCLIDLIV VVKKKDRKID IILAVLNRQL HISRSPAPND EMGTGKKSDV KYDGETTLTV RMPKINKVVK VPVVIEAKKR 
GNM14976                        -------ILE VAIVCCCDGE NQEKDFDEVN YMAITAEGGG GKGNHMGGIV IIVCLIDLIV VVKKKDRKID IILAVLNRQL HISRSPAPND EMGTGKKNDV KYDGETTLTV EMPKINKVVS VPVVIEAKKR 
GNM15022                        -------ILE VAIVCCCDGE NQEKDFDEVN YMAIAAEGGG GKGNHMGGIV IIVCLIDLIV VVKKKDRKID IILAVLNRQL HVSRSPAPND EMGTGKKNDV KYDGETTLTV EMPKINKVVS VPVVIEAKKR 
GNM14995                        -------IVE ISIVCCCDGE NNEKGFDAVN YMAFTAEGGG DKGNEKGGIT IIIYLIDLIV VVKNTDRKVD LILAVLNRQL HMSRSPAPNN EMGTGKKEDI KFDGETTLTV ELPPIMKVVS VPITIEAKKR 
GNM15017                        -------IVE ISIVCCCDGE NNEKGFDAVN YMAFTAEGGG DKGNENGGIT IIIYLIDLIV VVKNTDRKVD LILAVLNRQL HMSRSPAPNN EMGTGKKEDI KFDGETTLTV EIPTIMKVVS VPVTIEAKKR 
GNM15025                        -------FIE ISVVCCCDDE NSEKEFDCVN YIVVTADGGG GNGNESGGIV IVIYLIGLIV VVKKKDRKID IILGVLNRLL HISRSPSPNE DMGTGKKKDV KYDGQTTLTV QIPSIKKVVS VPVIIEAKKR 
GNM15024                        -------ILE IAITCCCDGA NDENEFEEVN YMAIAASGGG GNSYDGNGIT TIVFIIDYLI VAKTKDRKID IILAVLNRPL HMGRSPAPHK TMSTGKKKET KYDGKTTSAV QIPVIDVIIK APVSIEAKKR 
GNM14980                        -------ILE IAITCCCDGA NDENEFEEVN YMAIAASGGG GNSYDGNGIT TIVFIIDYLI VAKTKDRKID IILAVLNRPL HMGRSPAPHK TMSTGKKKET KYDGKTTSAV QIPVIDVIIK APVSIEAKKR 
GNM15026                        -------FIE ISIVCCCDGA NNEKSFDEVN YMIVSADGGG NNGKERGGII IVIYLINLLV VVKKKDRKVD IILGVLNRLL HVSRSPTPND EMGTGKKKDV KFDGKTTLTV EIPSIKKVVG VPVIIEAKKR 
GNM11003                        -------AAE LSVTCCCKDN GKEKQFDSVN FVNTSGDGGG AGGEGHTGIV RIVYVYEFLV ISKILERLIE LILLMVERPI SNESDKPPSM NKEIGKKKQT KSDGRATDSV KIKKYVTVVV ILVVPYLQIR 
GNM11023                        -PV-F--VAE MAVVCCCSKT GVELEYDLMY FLVTVARGGG GGGEGASAIP IVIYWEVMVV VAKSVDRKPE LFYLMVVRHV TFRSDPPPPV RRGLGLKKKA KGDGGASEAA VTQPAYEVVA IPVTIKGIRR 
GNM11055                        -------AAE LAKVCCCDGV GKEEERDVYS YILEVGEKGG GLGEGTGGAP VVLYIVEMII LERVREKSAE ILMLMIKRIL REGSSEKPPE ARNRGKK-KV KSDGVASEAI KTRKLSVVVL LIVSVEDLNF 
GNM11146                        ---P---AAE ISVVCCCQSY NREQGEELLN YVMLAGLRGG GGGDGASGEP VIVYLIVTLV FVRVEDHKLF LYLIIVQRLV HYHPKPPPPV NNDKGKKKRV TADGRTSRMV ILPPYFVVVA IIVVVVYRQK 
GNM11219                        -------AAE LAIVCCCSDG GEEVGYDLSK FTNLAARGGG GGGPGSNGIP EIVYIEQLVV VVRDEDRALE LTYLLIGRKI QVGSRPDPKL RKGEGKKTRE VYDGEASEAV DLQEIFQVVI IPIVVRSFKR 
GNM11220                        -------ACE LSVVCCCDDS GQERGYDEPV YLSLTGGGGG KGGFGTTAIP LIVYIIETLV LAEKKSHKAE IYFLLTGRVV HVNSKPPPPP NSDVGRKKRL RSDGRARMSV MTRPYVVVVV VPVVVVSVLR 
GNM11224                        -------AAE LSIVCCCSDV GKERGYEILS FLLVTGNGGG GGGFGGSGIS KIVYILVTIV VVKTKNRYVE LYFLLVGRLI HSTSSLPPPY NQDTDRKTKV KKDGRASRKI STLVIITVVL VPVVVSGFQH 
GNM11225                        -------AAE LSVVCCCNDA GKEKDYDIMS FHTVTGNGGG NGGSGDSGIR KIIYLIVVVV VVRARKKYVE LYLLLIGRVL HYRSTEPPPI NQSWDRKAKN RKDGRATQSV YT-VAIIVVV IPVVVASFQY 
GNM11358                        -------IGE LSIICCCDED NEEKDYKDVS FMSITADGGG GGGKGNSGIN IIVYIILIFV LLRVPDRKIE LILLFVNRKV HEEFNRAPQE DFGYGRKNDV KYDGKTTRSV KLKIVVVVIS IPIIVSMISR 
GNM11360                        -------ILE IAIACCCDGA NEEKEFDEVN YMAITAHGGG GNAYDGNGIT VIVFIIDFLI VAKEKDRKVD IILAVLNRSL HMGRSPSPHK EMSTGTKKET KFDGKTSSAV KIQVIDVVVI VPISIEAKKR 
GNM11362                        ------QAAE VAIACCCDDH GKELDYDEVR FSNIIANGGG DGNEGGSGIV YILYMHHLVV LVKKRERNIS IIFVVLNRLI HMDNNGGPGE QTSFLRKKSR KYDGKTTRSI KFKKIVVVIV VPVTVEMRQR 
GNM11367                        -------IAE VAVKCCCDNE NDEKSFELAS YMAVTAEFGG GQGEDGSGIK LIIFVVEIII NAKSKDRNID IILAVLNRQL HSGRSPPPRT ELPVGKKKDT KFDGNTTMTI EIKVIKVVVI VPIQIDAKKR 
GNM11377                        ------LIGE VSIMCCCDDE NAEVEYEETK FMSLTAEGGG GGGKGGSGII VVIYIITLMI IIRKQQREIE VVFMTLNRKL HTGFSRGPPD RFAYGRKNPA KYDGKTTKAV TIKIVLVVVK IPLSVEMTMR 
GNM11380                        -------FAE ISITCCCDGS NSEKEFDEVK FMAVTAEGGG GGGDQANGII IIIFIVDLLI LAKTKDRNVE IVLAVLNRML HSGNNPMPEK NMNNGTKREV KYDGKTTNLI TIASTLIVIP VAIIIDAQKR 
GNM11383                        -------ILE IALVCCCDGA NDEKEFEEMQ IMAITGEAGG GNGSDGTGIP IIIFVIDMEV MVKKKDKRAE LILAVINRGL HTGNSPGPNN TLPTGAKRDS KYDGKTTASV IIPKIHVVVA VPVFINMKVR 
GNM11491                        -------FLE IAITCCCDGA NNERDFDEVN YRAIAASGGG GNGKDKKGIT VMVFITDIII VAKSVDRKVD IILAVLNRPL HKGRHPAPVD SMTSGVKREG KLDGDTGSAV TMRAIKIVVA VPISIEAKKR 
GNM11804                        -------AGE LAKACCCDDV GKEMGSDLHS FFLKVGNGGG GEGEGGDGSS KLIYIEEFII VIRKYERKAN LLYILIVKEI RKNSKKAPPE DKKKGLKKRV KKDGETSEAV KILKILIVVV IIVCVKDK-Y 
GNM11805                        -------AAE LSVVCCCDDI NFEGDKDLLS YEVITANRGG YGGKGSSGER TIVQLIDFIV IIKKIILDFE ILLALIVRSL YDKTKPSPTD SLNKGRKRQA YGDGKSTLTI RIARYSVIIV VVVKINKKII 
GNM12886                        ------LVGE ISIMCCCDDE NAEKEYEENK FMSLTSEGGG GGGKGGSGIV IVVYIIALII LVRKHSREVE VIYLTLNRKL HTGFSKGPQD RFSYGRKNDS KYDGKATKAT TLRVVLVVVR IPISVEMLMR 
GNM12892                        -------MGE LSIICCCDDE YDEKEYDEVK FMSLAAEGGG GGGKGGSGII IIIYIIVLII LARKQSREVE IIFITLNRII HTEFSKAPKG KFGYGRKNDS KYDGRTTRTV TIRIVLVVIK IPISVEMLNR 
GNM13060                        -------AAA AAAACCCNND EEEEGEEEEE FFFAFGEGGG GGGGGGGAII IIIIILVLII VIKKKKKRLL LLLLLLLLLL MYNNPPPPPP QQKKKRKKKK KSSSNASTTV EIIIVVVIVV IFVVIWYYYY 
GNM13061                        -------AAE LTVKCCCDDV DSEEDESEVT FFFSYADGGG GGGGGGLGIQ VIILMVIAII VVKRHRKTLH VLLLLVNFLV MEGSPDPPPP EQGKRRKRRT RFSSKASDTV RIRIMYTVVV VIVTVWHYYI 
GNM13062                        -------ACE AALVCCCDSE NDEKEYDLSS FSNITADGGG DGGPGKSGSD EIIYVWDLFV VIRKKDMKAE LIMLLLNRAV HLGGNPPPPP SQAQGRKAER KFDGKATHLV SIRVTYLVVV VIVVVEALSR 
GNM13066                        N-------A- V-I-CCC--- -K-KNR--T- --M---NAG- -NG--DS--V -I--Y---V- --T------K -IDIVLNK-I H-GN-D---R -----RK-Y- KKD--SVR-L -VK--KVV-- I---VS-TM- 
GNM11032                        ------AIAE LSIVCCCDNK GRERGQDSIS FLLKACGGGG GGKEGTDCVT KIVALLILRV VVRKRPHKAA LYLLLVARFF TIGDKRPPPP AQDQDVPRGV LADGGATDTC IVLRLVVAVA VIVVVRGFLV 
GNM11363                        ------QAAE VAIACCCDDH GKELDYDEVR FSNIIANGGG DGNEGGSGIV YILYMHHLVV LVKKRERNIS IIFVVLNRLI HMDNNGGPGE QTSFLRKKSR KYDGKTTRSI KFKKIVVVIV VPVTVEMRQR 
GNM11375                        -------IL- IAI-CCCDGA XN-KEF-HVN -MAIX-GGG- GNAXDGNG-T IIVFIID-LI VAKE-DRKVD -ILAVLNRPL HMGRSPS-HK TMSTXKKKET KYDGQTASAV EIPVIDVIVK VPI-IEAKKR 
GNM11381                        -------ILE VALVCCCDGA NDEKEFDEMQ IMAITGEAGG GNGPEGTGIP LIIFVIDMEV MVKKKDRRAE LILAVINRGL HTGNSPGPNN ALPTGAKKDS KYDGKTTASV MIPKIRVVVV VPVLVNMKVR 
GNM11382                        -------ILE VAIVCCCDGA NDEKEFDEVQ MMAITGEAGG GNGNSGSGIP IIIFVIDVEV VAKKTDKEIE LILAVINRGL HKGNSPAPNS NLSTGTKKDT KYDGKTTASV IIPKIHVVVA IPVSINAKIR 
GNM11799                        -------ILE IAIVCCCDGE NQEKDFDEVN YMAIAAGGGG GKGNHMGGMV VIVCLIALIV VVKKKDRKID IILAVLNRNL HISRSPAPND EMGTGKKKDV KYDGETTLTV QIPKINKVVS VPVIIEAKKR 
GNM12125                        ---P---MAE LADVCCCSDI GKELRMELPS FLLLVCQGGG NGGDGASGIL RIIYIVVFLV AITAPDRKFE LYDLLVERVI VVRSEPPPPP NREVGRKTQR VADGRASKAV QIRRYFHVAV LPVTSRGFVR 
GNM12126                        -------AAE LASVCCCEDV GKEEGLDAPE YLQVTCRGGG KGGPGHSGIP VVVYVVEALV MIKVPDYRPE LYLLLIFRPI QIDSEPPPGP NRNEGKLSDI QRDGSASKSL TLKPYAYVVV VLVVVYSYNR 
GNM12128                        -------AAE LAYVCCCDEE GKENEQEMVY YLTITCRGGG GGGIGSNGES RIVYIISLLI MIKIKERKIE LILLLIDRII LITSEPPPSP NRDVSRKKNI RGDGKASNAI RIKAIIIVVV IPVVVFQYRR 
GNM12182                        -------AAE LAVTCCCKQT GRERGVDTPN FYVKCSDGGG ASGEGTSGIP KVVYVYELIV LSRIVLRIIE LLLLMVEREI QQESDKPPPV NKELGKRKTI KSDGKASASV KLKKYSLVVV ILMVPNSSIR 
GNM12346                        -------AAE LAIVCCCDNT GVEHDTDLYY YVLVTGSRGG GQESGVDGSP ALIYIIEVII IVRKLERETE VMLLLLKRAL RNGSSKPPPP EKGRGKKVTI KRDGRSSEDV KTFEISKVVI VPVTVHDMRY 
GNM12351                        -------AAE LSIVCCCDRV NSEVGVDEVS FMLTTGEGGG GAGAGSNGTP MIIYVINMIV VIKKIVRKTE IMLMLIKRTM RDGASNAPPT RRDTGKKTSA KGDGKSTQLV FTKKIEKVVV VILTVENTNH 
GNM12551                        -------VAA LAVVCCCAGQ GVERGLDYPR FVLKTTERGG GGGPGSSGAP EIVYISELVV VVREKDRETE IVYLLVDRYV QVDTQKPPPE EKERGRKVTI RFDGKASKAV RTKRICEVVV VLVVVVSYRR 
GNM12592                        -------VAE LAKVCCCDGV DEEYPKDVLS FLIRTGDTGG GRKHGTDGAP LLIYIIVLIV IVKERFRITE IMMLLLKRRI RNGSNDPPPP SKEEGRKSMT EFDGEASASL VTKNVAVVVV VVVSVEDYSY 
GNM12596                        -------AAE LSIVCCCDGT GSEKEKEKPS FGMITGSRGG GSNAGGDGTP VVITIIVLIV VVRKLIRKTE VMLLLIERNV RDGSSDSPPE SREKGKKTTA KGDGKATETV NTLVYAVVIV VLVTVVDYNY 
GNM12602                        -------AAE LSIVCCCDAT GAEKEKEKHS FGMITGSKGG GFNEGGDGTP VVITIIVLLV VVRKLSRRTE VMLLLIERRV RDGSSDPPPE AREKGRKTTA KGDGKATETV TTLVYAVVIV VLVTVVDYNY 
GNM12665                        -------AAE LSIVCCCDAS GAEKEKEKPS FGMITGSKGG GSNNGGDGTP VVIAIVVLVV VVKKLIRKTE VMLLLIERNV RDGSSDSPPE ARERGRKTTA KGDGKATETV NTLVYAVVIV VLVTVVDYNY 
GNM12745                        -------VAE LSIVCCCDET WLESQKETIS YKLQTCNRGG GGGDGKSGY- TIVYITVLNV VIEVIDKIYD LILLMLVRRI EYGVHDPPSY EKAYFEKNSI EKDGKASTSI RTLVIKKVVV VIVTVEDMNK 
GNM12758                        -------AAE VSIVCCCSDI GSENGKDLIK VRLTTADRGG GGEEGHKGSP SIIYIRDFTV VIRRFEKIVE LILLMLKRKI DKGTQRPPSF NRGESEKLKV RSDGKAQRLV ETVRIHEVVV VLVVVNDMRK 
GNM12763                        ---K---AAE VSVVCCCTNI NVELERDIIS FILITGDRGG NGGHGNEGST TLIYIHELHV IIKRTEKMVE LILLMLKRCI SKGTKKPPPP NEEELEKLKI KGDGKARRLV RTKKILAVVV VLVIINDLKK 
GNM12849                        -------ILE IAIACCCDGA NEEKEFDEVN YMAITAHGGG GNSYDKNGIT VIVFIIDLLI VAKEKDRKVD IILAVLNRPL HMGRSPTPHK AMSTGTKKET KYDGKTTSSV KIQVIDVVVT VPISIEAKKR 
GNM12869                        -------ILE IAITCCCDGA NDENEFEEVN YMAIAASGGG GNSYDGNGIT TIVFIVDYLI VAKTKDRNID IILAVLNRPL HMGRSSAPHK TMSTGKKKET KYDGKTTSAV QIPVIDVIVK APVSIEAKKR 
GNM12896                        -------FAE ISITCCCDGS NSEKEFDEVK FMAVTAEGGG NGGNQGNGIV IIIFIVDLII LAKTKDRNIE IVLAVLNRIL HSGNNPMPEK NMNNGSKREV KYDGKTTNLI TIATTLVVIP VAIIIDAQKR 
GNM12897                        -------FAE ISIACCCDGA NSEKEFDEVR FMAVTAEGGG GGGEQASGII IIIFIVDLLI LAKTKDRSVE IILAVLNRML HSGINPTPGK SMNSGTKREV KYDGKTTNLI TIASTLIVVP VAVIIDAQKR 
GNM12902                        -------AGE LSVSCCCDAL NFENSRDLLS YETATAHRGG GGKKGRTGET VIIIMIEYLV VIKRVDLRYE ILLIMIERML YNDTNTPPPE NTNMGRKKRC YADGKTTHLV EIIVYYVVVV LLVSVNKRVI 
GNM12903                        -------YAE LAVVCCCADT AREGGLEEIV FAQYVATGGG GGGGHASCAP VCYLYVATVV KAKKLVHKLV VIYVLIERVI VKEPRPTPPV SGRQKRKRKA YADSQSSRSL VIRPYFKVVA LPVYVNGRKH 
GNM12906                        -------YAE LAVVCCCTGT AREGGLEEIV FAQIVATGGG GGSGYTSCAP TCYYYVNTVV KAKKVTHKLV VIYVLLERTV IEEPRPTPPV TGRQKRKRKT NADGQSSRAL IIRPYFKAVA IPVYVNSRKR 
GNM12907                        -------YAE LAVVCCCTSL AREEGLEEIV FAQIAATGGG GGGGYSSCAP LCYYYVLTVV KAKKTNHKTV VLYVLIERFV VKGPRAVPPL AGRVRRKRKA YADGPSSKSL TTRPYFKVVA IPVYVNGRKM 
GNM12909                        -------YAE LSVVCCCADV SRENGLEEIV FAQLAATSGG GGSGFSSCAP VCYYYISTVV KAKKELHKLV VLYVLIERVV VRNPRPTPPV AGRQKRKRKV YADGQSSRSL IIRAYFKSVV IPVYVNNRRL 
GNM12915                        -------VAE LSIVCCCDDI GKEQDYDLIS YALIVGDRGG GGGEGTAAIP EMLIIIVLIL VIRDYEVEAE LILLLIERAV QNGSQPPPPP KKQRGRKSTR VKDGKATRAL WTRKYIVVVV VPVVVRDLKY 
GNM10046                        -------VAE LSIVCCCDDI GKEKDYDLIS YALIVGDKGG GGGEGTTAIP EMLIIIVLIL IIRDYEVEAE LILLLLERAV QNGSQPPPPP KKQRGRKSTR VKDGKATKTL WTRVYIVVVV VPVVVKDFKY 
GNM12918                        -------VAE LSIVCCCDDL GKEQDYDLVS YALVVGDRGG GGGDGTAAIP EMLIIIALIL VIRDYEIEAE LILLLIERAV QNGSQPPPPP KKQRGRKSTR VKDGKATKTL WTRKYIVVVV VPVVVKELKY 
GNM12931                        ------VAAE LSIVCCCDKS GKEKEADFIN YLFVVGRGGG GGGQGSNGEP TILYIINLIV VIRVVGRRIE IFLLLVERII QYETDPPPNL KSEIGRKHKL VADGKATDQI RTKAEYRVVV VPVVVISFKR 
GNM12938                        -------AAE LSL-CCCKNV GKEKQSETVN FSISTSDGGG SGGEGSNGIP KIVYIYE-IS IVKIEFRIVE LVLLLLERFI PTDSDRTPGP NKEIGRKKTV KSDGKATNSI KIRKLQQVVA ILVVPDGKIY 
GNM12996                        -------AAE LAITCCCKNN GKEKMYEIIN FSLHTADGGG AGGDGYSGIQ KIVYVYELLV ISKLEQRLVE LLLLLIERFI AIESDKAPGL NKEIGKKKQV KGDGKATSAV KIKKIVIVVI ILVVLRSRRR 
GNM13018                        -------AAE LAITCCCKNN GKERMYEMIN FSLHTADGGG AGGDGYSGIQ KIVYVYELLV ISKLEQRLVE LLLLLIERFI AIESDKTPGL NKEIGKKKQV KGDGKATSAV KIKKIVIVVI ILVVLRSRRR 
GNM13027                        -------AAE LAILCCCKEN GKEKQFDMVN FSLSTSDGGG ALGEGTNGIP KIVYVYELLS MTKIKYRIVE LLLLMLERFV PRDSDKAPSK NKEIGRKKTV RSDGKATNSV KIKKLYIVVA VIVVPNGKIY 
GNM13046                        -------ILE IAVACCCDGA NSENEYDEVL YMAITAEGGG NNNKHGAGIT IIVFVIEIIV VAKKKDRHVD IILAVLNRLL HNNKSPGPNK NMSTGVKKEV KYDGETTSTV TIPVVNIVVT VPVIIEAKKR 
GNM13053                        -------AAA VAI-CCCDNE NDEKRYDEPS FINVTAEGGG GGGSGGSGIN VIVFVVVMYV AIHKEDRKVE LYDLVLNRSL HEDSSPAPPS QQPTGRKRER KEDGKTSLLI YVRPIEIVVA VPIVVETIQR 
GNM13074                        -------AAE LSIVCCCQNI GRERAFDLIS FAIIVGDKGG GGGDGTTAIP ELLIIIELLV VIREYEMVAE LILLLLERVV QEGSQPPPPP KKPKGRKTTR IRDGKATQTV KTRVILVVVV VPVVVKELNY 
GNM10010                        -------VAE LAIVCCCDNL GREKAYDLVS YVILVGDRGG GGGEGTSAIP ELLKITELIV VIREYEMEAE LILLLLERVV QNGSQPPPPP KKPQGRKTTR IRDGEATQTV RTRVLLIVVV VPVVVKEFRI 
GNM10014                        -------VAE LAIVCCCDNV GKERGYDLIS FAILVGDRGG GGGDGTAGIP EILRVVELIV VIRDYEMEAE LILLLLERVV QEGSQPPPPP KKPRGRKTTR ISDGRASQTV KTRVIIIVVV IPVVVRELRY 
GNM13090                        -------AAE LAIVCCCDNI GKERGYDLIS YAILVGDRGG GGGEGAAAIP ELLKIVELII VIKDYEMEAE LILLLLERVI QEGSQYPPPP RKPKGRKTTR VKDGQASQIV KTRIIVVVVV VPVVVRELRY 
GNM13118                        -EE----AAE LAVVCCCDTK NREKGVELYK YVIQVGEMGG GGREGTDAAP IILYVVVIAV IVTANDHFVR VYFLMVERFV YDNPPRPPPP QRDVGRKKRR LYDGGASEKV VIKKYFRVVL ILVVINQKSK 
GNM13126                        -------YGE LAVACCCDNI NNERGSDLVS YRIFTAHRGG GGQRGQRGTE MVIELVEFVV NIYIIKLDFE IPYILIFRGI EEQSHNPPTP NDAQGRKKIK YGDGRASRTV NIKKYVVVVI ILVTVNKVRV 
GNM13128                        -------YGE LAAACCCDNV NNEKGSDLIS YRITTAHRGG GGQKGQRGTE LIIELIEFIV GIYIMKLDFE IPYILMFRQI EEQLHNPPTP NEQQGRKKIK YGDGKASRVV QIKKYVVVVI ILVTVNKVRI 
GNM13208                        -------LAE LSRVCCCD-T SREKGREMIV FANYSATGGG GGGGSNSCPP TCFYYILLVV KARLEDHKLA VFFLMIERFV LVMPRSVPPV SGVVERKKVA VADGRASRSV YIRQYVRVVV VPLMVVSVKR 
GNM13210                        ------VAAE LAAVCCCAQV GKEVDAEIPM AIVGVGGGGG GGGQGDNAEA TILYILDVIV MIRLAKKRVE LYLVLINRAV QYGSDPPPPL KSDIVRRNNV HNDGRASNLL TIKPEYYVVV VLVVVSSRVR 
GNM12773                        -------V-E -SVV---SDG G-EK--EI-S FNISTG---G S--YG--GI- KIIF-VVV-V AV-IREKYI- L-----G-L- -IS-D-PPP- SQTQD--T-I -K-GK--RKV R--MVF--VA -PIV--N--F 
GNM12769                        -------AAE LSIVCCCSES GVEHDRSILV FAILTGKGGG DAGKGNNGVN KIIYLIELVI VVKVKRKRIE LILLLVNRLI KSASKAPPPF NQGVGKKTKI KQDGSANDKL HTYKTYVVVA MPVVVKSVNY 
GNM12768                        -------MAE LSIVCCCDET GQETGLELFH FTATTGNGGG GGHRGSSGIP ELIYLVVFIV VARVREKQSE LYLLLINSTL HNDSKNPPSQ QQDQGRVART NQDGRSTKSI YTLPIFVVAL IPVVVSSAHY 



    2    1    1    1    1    1    1    1    1    1    1    1    1    1    1
    1    2    1    1    1    1    1    1    1    1    1    1    1    1    1
    1    1    1    1    1    1    1    1    1    1    1    1    1    1    1
    1    1    1    1    1    1    1    1    1    1    1    1    1    1    1
    1    1    1    1    1    1    1    1    1    1    1    1    1    1    1
    1    1    1    1    1    1    1    1    1    1    1    1    1    1    1
    1    1    1    1    1    1    1    1    1    1    1    1    1    1    1
    1    1    1    1    1    1    1    1    1    1    1    1    1    1    1
    1    1    1    1    1    1    1    1    1    1

AAML (in paml version 4.9h, March 2018)  tmp0073.txt
Model: Empirical,  (../wag.dat) dGamma (ncatG=4) ns = 129  ls = 132


Frequencies..
                                    A      R      N      D      C      Q      E      G      H      I      L      K      M      F      P      S      T      W      Y      V
GNM13746                       0.05645 0.07258 0.02419 0.04032 0.03226 0.01613 0.06452 0.10484 0.00000 0.11290 0.09677 0.04839 0.00806 0.04032 0.04839 0.04839 0.01613 0.00806 0.03226 0.12903
GNM13671                       0.04800 0.06400 0.04800 0.03200 0.04000 0.03200 0.06400 0.07200 0.00000 0.09600 0.08000 0.09600 0.00800 0.02400 0.04000 0.04800 0.04800 0.00800 0.00800 0.14400
GNM13876                       0.07143 0.07937 0.03175 0.05556 0.04762 0.00794 0.07143 0.09524 0.00000 0.04762 0.10317 0.07143 0.00794 0.03175 0.03968 0.05556 0.02381 0.00000 0.00794 0.15079
GNM13680                       0.02400 0.06400 0.04000 0.04000 0.03200 0.00800 0.08000 0.10400 0.00800 0.09600 0.07200 0.08000 0.03200 0.02400 0.02400 0.04800 0.08000 0.00000 0.04000 0.10400
GNM14837                       0.07258 0.04032 0.02419 0.07258 0.03226 0.00000 0.06452 0.08065 0.02419 0.12097 0.04032 0.08065 0.02419 0.02419 0.03226 0.06452 0.07258 0.00000 0.02419 0.10484
GNM14249                       0.08871 0.03226 0.05645 0.06452 0.03226 0.00000 0.06452 0.08065 0.01613 0.11290 0.04032 0.09677 0.02419 0.02419 0.04032 0.04032 0.07258 0.00000 0.02419 0.08871
GNM13928                       0.09677 0.04032 0.04839 0.07258 0.03226 0.00000 0.05645 0.08065 0.01613 0.12903 0.03226 0.08871 0.02419 0.02419 0.04032 0.05645 0.05645 0.00000 0.01613 0.08871
GNM13297                       0.00806 0.08065 0.02419 0.03226 0.03226 0.00000 0.10484 0.12903 0.00806 0.08871 0.06452 0.05645 0.00806 0.01613 0.03226 0.10484 0.04839 0.00806 0.01613 0.13710
GNM14938                       0.04800 0.08000 0.00800 0.04000 0.03200 0.02400 0.06400 0.10400 0.02400 0.05600 0.13600 0.05600 0.00000 0.00800 0.04800 0.04800 0.04000 0.00800 0.04000 0.13600
GNM14483                       0.07258 0.06452 0.02419 0.08065 0.04032 0.01613 0.07258 0.09677 0.02419 0.05645 0.08871 0.04839 0.02419 0.01613 0.03226 0.05645 0.01613 0.00806 0.02419 0.13710
GNM14872                       0.04800 0.05600 0.02400 0.03200 0.03200 0.00800 0.08800 0.11200 0.00800 0.11200 0.05600 0.08000 0.04000 0.03200 0.03200 0.03200 0.07200 0.00000 0.03200 0.10400
GNM13855                       0.02419 0.04839 0.04839 0.08065 0.03226 0.00806 0.05645 0.11290 0.00806 0.11290 0.07258 0.07258 0.02419 0.04032 0.01613 0.06452 0.03226 0.00000 0.04032 0.10484
GNM14445                       0.04839 0.05645 0.04032 0.04839 0.04032 0.02419 0.08871 0.10484 0.02419 0.10484 0.08065 0.04839 0.00806 0.02419 0.02419 0.08871 0.04839 0.00000 0.00806 0.08871
GNM14545                       0.05645 0.04839 0.00806 0.05645 0.04032 0.00806 0.07258 0.08065 0.02419 0.12097 0.08065 0.07258 0.00000 0.03226 0.05645 0.04839 0.01613 0.00000 0.07258 0.10484
GNM14366                       0.08065 0.02419 0.04839 0.05645 0.03226 0.00806 0.06452 0.10484 0.01613 0.12097 0.05645 0.08065 0.01613 0.02419 0.04032 0.07258 0.04032 0.00000 0.00806 0.10484
GNM14252                       0.09677 0.03226 0.06452 0.05645 0.03226 0.00000 0.06452 0.07258 0.01613 0.12903 0.04032 0.10484 0.02419 0.02419 0.04032 0.03226 0.07258 0.00000 0.02419 0.07258
GNM13760                       0.08871 0.03226 0.04032 0.07258 0.03226 0.00806 0.06452 0.08065 0.02419 0.13710 0.04032 0.09677 0.02419 0.02419 0.04032 0.04032 0.05645 0.00000 0.01613 0.08065
GNM13982                       0.06452 0.04032 0.04839 0.06452 0.03226 0.02419 0.07258 0.07258 0.00806 0.12903 0.04839 0.10484 0.01613 0.03226 0.04032 0.04839 0.04839 0.00000 0.00806 0.09677
GNM13960                       0.06452 0.03226 0.05645 0.06452 0.04032 0.01613 0.07258 0.09677 0.01613 0.11290 0.05645 0.10484 0.03226 0.00806 0.03226 0.02419 0.03226 0.00000 0.01613 0.12097
GNM14633                       0.06452 0.04032 0.04032 0.08871 0.03226 0.02419 0.05645 0.07258 0.00806 0.12903 0.04839 0.11290 0.01613 0.02419 0.03226 0.04032 0.04032 0.00000 0.01613 0.11290
GNM14174                       0.04167 0.05556 0.02778 0.02778 0.00000 0.02778 0.05556 0.09722 0.00000 0.12500 0.06944 0.06944 0.00000 0.02778 0.05556 0.08333 0.01389 0.00000 0.04167 0.18056
GNM14138                       0.04032 0.04032 0.04032 0.04032 0.04032 0.03226 0.05645 0.12097 0.00806 0.07258 0.08871 0.04839 0.01613 0.04032 0.03226 0.06452 0.07258 0.00000 0.02419 0.12097
GNM14055                       0.04839 0.04839 0.03226 0.10484 0.04032 0.02419 0.06452 0.07258 0.00806 0.14516 0.06452 0.10484 0.02419 0.00806 0.02419 0.03226 0.03226 0.00000 0.01613 0.10484
GNM14748                       0.08800 0.04000 0.05600 0.08000 0.03200 0.00000 0.06400 0.08800 0.01600 0.12000 0.02400 0.08000 0.03200 0.02400 0.03200 0.02400 0.06400 0.00000 0.01600 0.12000
GNM14246                       0.04032 0.07258 0.01613 0.04032 0.03226 0.02419 0.04839 0.10484 0.02419 0.07258 0.04839 0.05645 0.03226 0.02419 0.04839 0.07258 0.08871 0.00000 0.04032 0.11290
GNM14640                       0.02419 0.06452 0.02419 0.03226 0.03226 0.01613 0.04839 0.11290 0.01613 0.04839 0.08871 0.07258 0.01613 0.02419 0.03226 0.08065 0.06452 0.00000 0.04032 0.16129
GNM14965                       0.03226 0.06452 0.02419 0.04839 0.03226 0.00806 0.08065 0.11290 0.00806 0.16935 0.04839 0.08065 0.02419 0.03226 0.01613 0.05645 0.04839 0.00000 0.04032 0.07258
GNM13677                       0.07143 0.07143 0.03175 0.05556 0.04762 0.00794 0.07143 0.09524 0.00000 0.03968 0.10317 0.07937 0.00794 0.03968 0.04762 0.03968 0.03175 0.00000 0.00794 0.15079
GNM14339                       0.09600 0.06400 0.01600 0.06400 0.05600 0.02400 0.03200 0.08000 0.00800 0.06400 0.13600 0.06400 0.00800 0.02400 0.05600 0.02400 0.03200 0.00000 0.01600 0.13600
GNM14593                       0.03200 0.04800 0.03200 0.03200 0.04000 0.03200 0.07200 0.08800 0.00800 0.10400 0.08800 0.08800 0.01600 0.01600 0.03200 0.05600 0.01600 0.00800 0.00800 0.18400
GNM13825                       0.06400 0.07200 0.00800 0.04000 0.03200 0.02400 0.06400 0.09600 0.01600 0.05600 0.12800 0.06400 0.00800 0.01600 0.04800 0.04800 0.04000 0.00800 0.04000 0.12800
GNM14768                       0.07200 0.05600 0.00800 0.04800 0.04000 0.04000 0.02400 0.10400 0.00800 0.10400 0.09600 0.08000 0.00800 0.00800 0.04800 0.08800 0.03200 0.00800 0.00000 0.12800
GNM14776                       0.06400 0.04800 0.00800 0.04000 0.04000 0.04800 0.02400 0.11200 0.00800 0.10400 0.08800 0.08000 0.00800 0.01600 0.04800 0.08800 0.04000 0.00800 0.00000 0.12800
GNM14715                       0.08871 0.05645 0.04032 0.06452 0.04032 0.02419 0.06452 0.09677 0.02419 0.04032 0.10484 0.04839 0.02419 0.04032 0.04839 0.05645 0.02419 0.00806 0.00806 0.09677
GNM14639                       0.00806 0.02419 0.05645 0.04839 0.04032 0.04839 0.07258 0.08065 0.00806 0.12903 0.04839 0.09677 0.01613 0.01613 0.04032 0.06452 0.02419 0.00000 0.04032 0.13710
GNM13795                       0.08800 0.03200 0.05600 0.08800 0.03200 0.00000 0.05600 0.08000 0.01600 0.10400 0.02400 0.08800 0.04000 0.02400 0.03200 0.04000 0.04800 0.00000 0.01600 0.13600
GNM14166                       0.07258 0.03226 0.07258 0.05645 0.03226 0.02419 0.07258 0.08065 0.00806 0.14516 0.05645 0.06452 0.03226 0.03226 0.01613 0.05645 0.05645 0.00000 0.00806 0.08065
GNM13515                       0.04132 0.03306 0.02479 0.05785 0.03306 0.02479 0.07438 0.08264 0.01653 0.14050 0.05785 0.09091 0.00826 0.02479 0.02479 0.09091 0.06612 0.00000 0.01653 0.09091
GNM13745                       0.04032 0.04032 0.05645 0.03226 0.04032 0.01613 0.10484 0.08065 0.00806 0.12903 0.04839 0.11290 0.00806 0.02419 0.04032 0.04032 0.04032 0.00000 0.01613 0.12097
GNM14030                       0.05000 0.05833 0.03333 0.03333 0.03333 0.03333 0.10833 0.08333 0.00833 0.10833 0.05833 0.12500 0.00833 0.03333 0.01667 0.05000 0.05000 0.00000 0.01667 0.09167
GNM14959                       0.06299 0.09449 0.04724 0.06299 0.03150 0.02362 0.03937 0.08661 0.01575 0.09449 0.07087 0.05512 0.00787 0.00000 0.05512 0.01575 0.01575 0.00787 0.03150 0.18110
GNM13413                       0.06400 0.04800 0.00800 0.04000 0.03200 0.04000 0.08000 0.08800 0.00000 0.03200 0.10400 0.08000 0.00000 0.03200 0.04800 0.05600 0.01600 0.00000 0.07200 0.16000
GNM14971                       0.04032 0.03226 0.05645 0.07258 0.04032 0.01613 0.07258 0.08871 0.01613 0.12097 0.05645 0.10484 0.04032 0.00806 0.03226 0.03226 0.04032 0.00000 0.01613 0.11290
GNM14990                       0.04098 0.03279 0.07377 0.06557 0.02459 0.01639 0.07377 0.09016 0.01639 0.12295 0.05738 0.09016 0.04918 0.00820 0.03279 0.03279 0.04098 0.00000 0.01639 0.11475
GNM14992                       0.09333 0.02667 0.08000 0.05333 0.01333 0.01333 0.08000 0.09333 0.02667 0.13333 0.02667 0.08000 0.04000 0.00000 0.02667 0.04000 0.01333 0.00000 0.02667 0.13333
GNM15013                       0.05645 0.04032 0.04839 0.07258 0.04032 0.01613 0.06452 0.08871 0.01613 0.11290 0.05645 0.11290 0.03226 0.00806 0.03226 0.02419 0.03226 0.00000 0.01613 0.12903
GNM14976                       0.04839 0.03226 0.05645 0.07258 0.04032 0.01613 0.07258 0.08871 0.01613 0.11290 0.05645 0.10484 0.03226 0.00806 0.03226 0.02419 0.04032 0.00000 0.01613 0.12903
GNM15022                       0.05645 0.03226 0.05645 0.07258 0.04032 0.01613 0.07258 0.08871 0.01613 0.10484 0.05645 0.10484 0.03226 0.00806 0.03226 0.02419 0.03226 0.00000 0.01613 0.13710
GNM14995                       0.04839 0.03226 0.06452 0.06452 0.03226 0.00806 0.08065 0.08871 0.00806 0.11290 0.06452 0.08871 0.03226 0.02419 0.04032 0.03226 0.06452 0.00000 0.01613 0.09677
GNM15017                       0.04839 0.03226 0.07258 0.06452 0.03226 0.00806 0.08065 0.08871 0.00806 0.11290 0.05645 0.08065 0.03226 0.02419 0.03226 0.03226 0.07258 0.00000 0.01613 0.10484
GNM15025                       0.01613 0.03226 0.04839 0.07258 0.04032 0.01613 0.05645 0.09677 0.00806 0.12903 0.05645 0.10484 0.00806 0.01613 0.03226 0.06452 0.04032 0.00000 0.02419 0.13710
GNM15024                       0.08871 0.03226 0.04839 0.06452 0.03226 0.00806 0.05645 0.08065 0.01613 0.13710 0.04032 0.09677 0.02419 0.01613 0.04032 0.04839 0.07258 0.00000 0.03226 0.06452
GNM14980                       0.08871 0.03226 0.04839 0.06452 0.03226 0.00806 0.05645 0.08065 0.01613 0.13710 0.04032 0.09677 0.02419 0.01613 0.04032 0.04839 0.07258 0.00000 0.03226 0.06452
GNM15026                       0.02419 0.04032 0.06452 0.06452 0.03226 0.00000 0.05645 0.09677 0.00806 0.12097 0.06452 0.12097 0.01613 0.02419 0.03226 0.04839 0.04032 0.00000 0.01613 0.12903
GNM11003                       0.03226 0.04032 0.04032 0.04839 0.03226 0.02419 0.07258 0.08871 0.00806 0.08871 0.07258 0.10484 0.01613 0.02419 0.03226 0.07258 0.04839 0.00000 0.03226 0.12097
GNM11023                       0.09449 0.06299 0.00000 0.03150 0.03150 0.00787 0.06299 0.11024 0.00787 0.04724 0.05512 0.06299 0.03150 0.03150 0.07087 0.03937 0.03937 0.00787 0.03937 0.16535
GNM11055                       0.06504 0.06504 0.01626 0.03252 0.03252 0.00000 0.13008 0.10569 0.00000 0.07317 0.09756 0.09756 0.02439 0.00813 0.02439 0.06504 0.01626 0.00000 0.02439 0.12195
GNM11146                       0.04800 0.06400 0.03200 0.03200 0.03200 0.03200 0.04800 0.08800 0.02400 0.06400 0.08800 0.05600 0.01600 0.02400 0.07200 0.03200 0.02400 0.00000 0.05600 0.16800
GNM11219                       0.06452 0.07258 0.01613 0.05645 0.03226 0.03226 0.09677 0.12903 0.00000 0.08065 0.08065 0.05645 0.00000 0.02419 0.04032 0.04839 0.02419 0.00000 0.03226 0.11290
GNM11220                       0.04032 0.07258 0.01613 0.04032 0.04032 0.00806 0.04839 0.10484 0.01613 0.04032 0.08065 0.05645 0.01613 0.01613 0.07258 0.07258 0.04839 0.00000 0.04032 0.16935
GNM11224                       0.02419 0.04839 0.02419 0.03226 0.03226 0.01613 0.03226 0.12097 0.01613 0.08065 0.09677 0.07258 0.00000 0.03226 0.03226 0.08871 0.06452 0.00000 0.04032 0.14516
GNM11225                       0.06504 0.06504 0.04065 0.04878 0.03252 0.02439 0.03252 0.08943 0.01626 0.08130 0.05691 0.06504 0.00813 0.01626 0.03252 0.06504 0.04065 0.00813 0.05691 0.15447
GNM11358                       0.01613 0.05645 0.04839 0.07258 0.03226 0.00806 0.06452 0.09677 0.00806 0.14516 0.06452 0.08065 0.01613 0.04032 0.02419 0.06452 0.02419 0.00000 0.03226 0.10484
GNM11360                       0.08065 0.03226 0.04032 0.06452 0.03226 0.00806 0.07258 0.08065 0.02419 0.12903 0.04032 0.09677 0.02419 0.03226 0.02419 0.05645 0.04839 0.00000 0.01613 0.09677
GNM11362                       0.04000 0.07200 0.05600 0.05600 0.03200 0.02400 0.05600 0.09600 0.03200 0.09600 0.05600 0.08000 0.02400 0.03200 0.01600 0.04800 0.03200 0.00000 0.03200 0.12000
GNM11367                       0.06452 0.04032 0.04839 0.06452 0.03226 0.02419 0.07258 0.07258 0.00806 0.12903 0.04839 0.10484 0.01613 0.03226 0.04032 0.04839 0.04839 0.00000 0.00806 0.09677
GNM11377                       0.04000 0.05600 0.02400 0.03200 0.03200 0.01600 0.08000 0.11200 0.00800 0.11200 0.05600 0.08000 0.04800 0.03200 0.03200 0.04000 0.07200 0.00000 0.03200 0.09600
GNM11380                       0.07258 0.03226 0.08065 0.05645 0.03226 0.01613 0.06452 0.08871 0.00806 0.13710 0.06452 0.07258 0.03226 0.03226 0.02419 0.04032 0.06452 0.00000 0.00806 0.07258
GNM11383                       0.07258 0.03226 0.05645 0.05645 0.03226 0.00806 0.06452 0.10484 0.01613 0.12097 0.04839 0.08065 0.04032 0.02419 0.04839 0.03226 0.05645 0.00000 0.00806 0.09677
GNM11491                       0.09677 0.06452 0.04032 0.08065 0.03226 0.00000 0.04032 0.09677 0.01613 0.11290 0.04032 0.08871 0.02419 0.02419 0.03226 0.04839 0.04839 0.00000 0.00806 0.10484
GNM11804                       0.04878 0.03252 0.02439 0.05691 0.04065 0.00000 0.08943 0.11382 0.00813 0.10569 0.08130 0.17073 0.00813 0.02439 0.01626 0.04878 0.00813 0.00000 0.03252 0.08943
GNM11805                       0.04839 0.05645 0.03226 0.07258 0.03226 0.01613 0.04032 0.08065 0.00000 0.14516 0.08871 0.09677 0.00000 0.02419 0.01613 0.07258 0.04839 0.00000 0.04032 0.08871
GNM12886                       0.03200 0.06400 0.03200 0.04000 0.03200 0.00800 0.08000 0.11200 0.01600 0.08800 0.08000 0.08000 0.03200 0.02400 0.01600 0.07200 0.04800 0.00000 0.04000 0.10400
GNM12892                       0.03226 0.06452 0.02419 0.04839 0.03226 0.00806 0.08065 0.11290 0.00806 0.16935 0.05645 0.08065 0.02419 0.03226 0.01613 0.05645 0.04839 0.00000 0.04032 0.06452
GNM13060                       0.08065 0.01613 0.04032 0.00806 0.03226 0.01613 0.08871 0.09677 0.00000 0.12903 0.11290 0.10484 0.00806 0.04032 0.04839 0.03226 0.01613 0.00806 0.04032 0.08065
GNM13061                       0.04032 0.07258 0.00806 0.05645 0.03226 0.01613 0.05645 0.09677 0.02419 0.08065 0.07258 0.04839 0.02419 0.04032 0.04032 0.05645 0.05645 0.00806 0.03226 0.13710
GNM13062                       0.08065 0.04839 0.03226 0.07258 0.04032 0.01613 0.06452 0.08871 0.01613 0.05645 0.08871 0.06452 0.01613 0.02419 0.04839 0.07258 0.02419 0.00806 0.02419 0.11290
GNM13066                       0.03279 0.06557 0.11475 0.06557 0.06557 0.00000 0.00000 0.04918 0.01639 0.09836 0.03279 0.14754 0.03279 0.00000 0.00000 0.04918 0.04918 0.00000 0.03279 0.14754
GNM11032                       0.09600 0.08000 0.00800 0.06400 0.05600 0.02400 0.02400 0.11200 0.00800 0.06400 0.11200 0.05600 0.00000 0.03200 0.04800 0.02400 0.04000 0.00000 0.00800 0.14400
GNM11363                       0.04000 0.07200 0.05600 0.05600 0.03200 0.02400 0.05600 0.09600 0.03200 0.09600 0.05600 0.08000 0.02400 0.03200 0.01600 0.04800 0.03200 0.00000 0.03200 0.12000
GNM11375                       0.08411 0.03738 0.04673 0.06542 0.03738 0.00935 0.04673 0.08411 0.02804 0.14019 0.04673 0.10280 0.02804 0.01869 0.03738 0.03738 0.04673 0.00000 0.00935 0.09346
GNM11381                       0.07258 0.04032 0.05645 0.05645 0.03226 0.00806 0.06452 0.10484 0.00806 0.08871 0.06452 0.08065 0.04839 0.01613 0.05645 0.02419 0.04839 0.00000 0.00806 0.12097
GNM11382                       0.08065 0.01613 0.06452 0.05645 0.03226 0.00806 0.06452 0.09677 0.01613 0.13710 0.04032 0.08871 0.01613 0.01613 0.04032 0.05645 0.05645 0.00000 0.00806 0.10484
GNM11799                       0.06452 0.03226 0.05645 0.06452 0.04032 0.01613 0.05645 0.09677 0.01613 0.12097 0.05645 0.11290 0.03226 0.00806 0.03226 0.02419 0.03226 0.00000 0.01613 0.12097
GNM12125                       0.07200 0.10400 0.01600 0.04800 0.04000 0.02400 0.05600 0.08800 0.00800 0.06400 0.09600 0.03200 0.01600 0.04000 0.07200 0.04800 0.02400 0.00000 0.02400 0.12800
GNM12126                       0.05645 0.04839 0.02419 0.04839 0.04032 0.02419 0.07258 0.09677 0.00806 0.04839 0.09677 0.04839 0.00806 0.00806 0.08871 0.06452 0.01613 0.00000 0.06452 0.13710
GNM12128                       0.04839 0.08065 0.04032 0.03226 0.04032 0.01613 0.08065 0.08871 0.00000 0.16935 0.07258 0.06452 0.01613 0.00806 0.04032 0.05645 0.02419 0.00000 0.04032 0.08065
GNM12182                       0.04839 0.05645 0.02419 0.03226 0.04032 0.02419 0.07258 0.08065 0.00000 0.07258 0.09677 0.09677 0.01613 0.00806 0.04839 0.08871 0.04032 0.00000 0.03226 0.12097
GNM12346                       0.04032 0.07258 0.01613 0.05645 0.03226 0.00806 0.08065 0.08871 0.01613 0.08065 0.08065 0.07258 0.01613 0.00806 0.04839 0.06452 0.05645 0.00000 0.04032 0.12097
GNM12351                       0.05645 0.04839 0.04839 0.04032 0.03226 0.00806 0.05645 0.10484 0.00806 0.08871 0.04839 0.08871 0.04839 0.01613 0.02419 0.05645 0.09677 0.00000 0.00806 0.12097
GNM12551                       0.05645 0.10484 0.00000 0.04032 0.04032 0.02419 0.08871 0.09677 0.00000 0.04032 0.05645 0.06452 0.00000 0.01613 0.04839 0.04032 0.04839 0.00000 0.04032 0.19355
GNM12592                       0.04839 0.06452 0.02419 0.06452 0.03226 0.00000 0.08065 0.08065 0.00806 0.07258 0.08065 0.06452 0.02419 0.02419 0.04839 0.06452 0.04839 0.00000 0.03226 0.13710
GNM12596                       0.04839 0.04839 0.03226 0.04839 0.03226 0.00000 0.07258 0.11290 0.00000 0.07258 0.06452 0.08065 0.01613 0.00806 0.03226 0.07258 0.08871 0.00000 0.02419 0.14516
GNM12602                       0.06452 0.06452 0.01613 0.04839 0.03226 0.00000 0.08065 0.10484 0.00806 0.05645 0.07258 0.07258 0.01613 0.01613 0.03226 0.04839 0.09677 0.00000 0.02419 0.14516
GNM12665                       0.07258 0.04839 0.04032 0.04839 0.03226 0.00000 0.07258 0.10484 0.00000 0.05645 0.06452 0.08065 0.01613 0.00806 0.03226 0.06452 0.07258 0.00000 0.02419 0.16129
GNM12745                       0.02439 0.03252 0.03252 0.05691 0.04065 0.01626 0.08130 0.07317 0.00813 0.10569 0.07317 0.08943 0.01626 0.00813 0.01626 0.06504 0.06504 0.00813 0.05691 0.13008
GNM12758                       0.03226 0.09677 0.02419 0.05645 0.03226 0.01613 0.08065 0.08871 0.01613 0.08871 0.07258 0.08871 0.01613 0.02419 0.02419 0.06452 0.04032 0.00000 0.00806 0.12903
GNM12763                       0.03200 0.05600 0.04800 0.03200 0.04000 0.00000 0.08800 0.08000 0.02400 0.12000 0.11200 0.12000 0.01600 0.00800 0.03200 0.03200 0.05600 0.00000 0.00800 0.09600
GNM12849                       0.07258 0.03226 0.04032 0.06452 0.03226 0.00806 0.06452 0.07258 0.02419 0.12097 0.04839 0.10484 0.02419 0.01613 0.03226 0.04839 0.07258 0.00000 0.02419 0.09677
GNM12869                       0.08871 0.03226 0.05645 0.06452 0.03226 0.00806 0.05645 0.08065 0.01613 0.12097 0.04032 0.08871 0.02419 0.01613 0.03226 0.05645 0.07258 0.00000 0.03226 0.08065
GNM12896                       0.06452 0.03226 0.09677 0.04839 0.03226 0.01613 0.06452 0.08871 0.00806 0.14516 0.05645 0.07258 0.02419 0.03226 0.02419 0.04032 0.06452 0.00000 0.00806 0.08065
GNM12897                       0.08871 0.04032 0.04032 0.04839 0.03226 0.01613 0.06452 0.09677 0.00806 0.13710 0.06452 0.06452 0.02419 0.03226 0.02419 0.06452 0.06452 0.00000 0.00806 0.08065
GNM12902                       0.04032 0.07258 0.05645 0.04032 0.04032 0.00000 0.07258 0.07258 0.01613 0.08871 0.09677 0.05645 0.03226 0.00806 0.02419 0.04032 0.07258 0.00000 0.05645 0.11290
GNM12903                       0.10484 0.07258 0.00806 0.01613 0.04839 0.02419 0.04839 0.08871 0.02419 0.04032 0.06452 0.08065 0.00000 0.01613 0.05645 0.04839 0.03226 0.00000 0.06452 0.16129
GNM12906                       0.08871 0.08065 0.02419 0.00806 0.04839 0.02419 0.05645 0.08871 0.00806 0.05645 0.04839 0.07258 0.00000 0.01613 0.05645 0.04032 0.08871 0.00000 0.06452 0.12903
GNM12907                       0.10484 0.07258 0.01613 0.00806 0.04839 0.00806 0.04839 0.09677 0.00806 0.03226 0.07258 0.08065 0.00806 0.02419 0.05645 0.04839 0.05645 0.00000 0.07258 0.13710
GNM12909                       0.08065 0.08871 0.03226 0.01613 0.04839 0.02419 0.04839 0.06452 0.00806 0.04839 0.07258 0.06452 0.00000 0.02419 0.04839 0.08871 0.02419 0.00000 0.06452 0.15323
GNM12915                       0.06452 0.07258 0.00806 0.06452 0.03226 0.03226 0.06452 0.08871 0.00000 0.10484 0.09677 0.06452 0.00806 0.00000 0.05645 0.03226 0.03226 0.00806 0.04032 0.12903
GNM10046                       0.04839 0.04839 0.00806 0.06452 0.03226 0.02419 0.06452 0.08871 0.00000 0.10484 0.09677 0.08871 0.00806 0.00806 0.05645 0.03226 0.04839 0.00806 0.04032 0.12903
GNM12918                       0.06452 0.05645 0.00806 0.06452 0.03226 0.03226 0.06452 0.08871 0.00000 0.08871 0.10484 0.08065 0.00806 0.00000 0.05645 0.03226 0.04032 0.00806 0.04032 0.12903
GNM12931                       0.04800 0.07200 0.03200 0.04000 0.03200 0.02400 0.07200 0.10400 0.00800 0.11200 0.07200 0.07200 0.00000 0.03200 0.04000 0.04000 0.03200 0.00000 0.03200 0.13600
GNM12938                       0.03279 0.04098 0.04098 0.04098 0.03279 0.02459 0.07377 0.09836 0.00000 0.11475 0.07377 0.10656 0.00000 0.02459 0.04098 0.09016 0.04918 0.00000 0.02459 0.09016
GNM12996                       0.07258 0.04839 0.03226 0.03226 0.03226 0.02419 0.07258 0.09677 0.00806 0.12097 0.11290 0.12097 0.00806 0.01613 0.00806 0.04839 0.02419 0.00000 0.03226 0.08871
GNM13018                       0.06452 0.05645 0.03226 0.03226 0.03226 0.02419 0.07258 0.09677 0.00806 0.11290 0.11290 0.11290 0.01613 0.01613 0.00806 0.04839 0.03226 0.00000 0.03226 0.08871
GNM13027                       0.05645 0.04032 0.04839 0.04032 0.03226 0.00806 0.06452 0.08065 0.00000 0.08065 0.09677 0.12903 0.02419 0.02419 0.03226 0.06452 0.04032 0.00000 0.04032 0.09677
GNM13046                       0.07258 0.02419 0.08871 0.04032 0.03226 0.00000 0.07258 0.07258 0.02419 0.12097 0.04839 0.08871 0.01613 0.00806 0.03226 0.03226 0.06452 0.00000 0.02419 0.13710
GNM13053                       0.06504 0.06504 0.04065 0.05691 0.03252 0.02439 0.08943 0.08943 0.01626 0.08130 0.04878 0.04878 0.00813 0.01626 0.05691 0.06504 0.03252 0.00000 0.03252 0.13008
GNM13074                       0.05645 0.06452 0.01613 0.03226 0.03226 0.03226 0.08065 0.08871 0.00000 0.10484 0.10484 0.06452 0.00806 0.01613 0.06452 0.02419 0.05645 0.00000 0.01613 0.13710
GNM10010                       0.04839 0.08065 0.01613 0.03226 0.03226 0.03226 0.09677 0.08871 0.00000 0.08065 0.11290 0.04839 0.00806 0.00806 0.06452 0.02419 0.05645 0.00000 0.02419 0.14516
GNM10014                       0.04839 0.09677 0.00806 0.04839 0.03226 0.02419 0.08065 0.10484 0.00000 0.10484 0.08871 0.04032 0.00806 0.00806 0.06452 0.03226 0.04032 0.00000 0.02419 0.14516
GNM13090                       0.07258 0.07258 0.00806 0.04032 0.03226 0.03226 0.08871 0.09677 0.00000 0.11290 0.09677 0.06452 0.00806 0.00000 0.05645 0.02419 0.02419 0.00000 0.04032 0.12903
GNM13118                       0.06349 0.07937 0.03175 0.04762 0.03175 0.02381 0.07143 0.07937 0.00794 0.06349 0.05556 0.07937 0.01587 0.03175 0.05556 0.01587 0.02381 0.00000 0.05556 0.16667
GNM13126                       0.04032 0.08065 0.06452 0.04032 0.03226 0.03226 0.06452 0.09677 0.01613 0.11290 0.04839 0.05645 0.00806 0.03226 0.03226 0.03226 0.04032 0.00000 0.04839 0.12097
GNM13128                       0.04032 0.05645 0.04839 0.03226 0.03226 0.05645 0.07258 0.09677 0.01613 0.12903 0.06452 0.08065 0.01613 0.02419 0.03226 0.02419 0.04032 0.00000 0.04839 0.08871
GNM13208                       0.06504 0.09756 0.01626 0.02439 0.04878 0.00813 0.04878 0.08130 0.00813 0.03252 0.07317 0.04878 0.03252 0.04065 0.04878 0.08130 0.02439 0.00000 0.04065 0.17886
GNM13210                       0.09600 0.06400 0.04800 0.04800 0.03200 0.02400 0.04800 0.10400 0.00800 0.07200 0.08800 0.04000 0.01600 0.00000 0.04800 0.04000 0.01600 0.00000 0.04000 0.16800
GNM12773                       0.02667 0.04000 0.02667 0.04000 0.00000 0.02667 0.05333 0.10667 0.00000 0.13333 0.02667 0.08000 0.01333 0.05333 0.05333 0.09333 0.04000 0.00000 0.02667 0.16000
GNM12769                       0.06452 0.03226 0.05645 0.03226 0.03226 0.01613 0.04032 0.08871 0.01613 0.08871 0.08871 0.12097 0.00806 0.01613 0.03226 0.06452 0.03226 0.00000 0.03226 0.13710
GNM12768                       0.04839 0.04839 0.04032 0.03226 0.03226 0.05645 0.05645 0.09677 0.03226 0.06452 0.09677 0.02419 0.00806 0.03226 0.04032 0.08871 0.07258 0.00000 0.03226 0.09677

Homogeneity statistic: X2 = 17.88859 G = 18.88752 

Average                        0.05867 0.05405 0.03713 0.05100 0.03510 0.01717 0.06665 0.09295 0.01147 0.09928 0.07109 0.08110 0.01799 0.02129 0.03852 0.05107 0.04556 0.00127 0.02832 0.12032
(Ambiguity characters are used to calculate freqs.)


# constant sites:      0 (0.00%)

TREE #  1:  ((((((((42, 126), 111), (56, 85)), 86), 87), (((113, 114), (88, 55)), (112, 115))), ((((((105, 104), 107), 106), 125), (58, 41)), 122)), ((((((((((((((((((44, 43), ((46, 48), 19)), 47), (45, 84)), (51, 54)), (50, 49)), 23), (((66, 18), 20), 38)), ((((((52, 53), 100), (16, 6)), (((24, 36), (7, 5)), (81, 17))), (64, 99)), 70)), 116), (((82, 69), 15), 83)), (((101, 68), 102), 37)), ((((73, 4), (67, 11)), (27, 74)), (12, 63))), (80, 65)), ((((78, 40), 39), (13, 117)), ((34, 77), 10))), ((((1, 75), 76), 8), 35)), ((((32, 33), (2, 30)), (3, 28)), ((9, 31), (29, 79)))), (((((((22, 26), 25), (127, 21)), (61, 62)), 59), (128, 129)), (14, 60))), (((((((((95, 93), 94), 90), 92), 89), (57, 71)), ((124, 123), (72, 103))), (((96, 97), 98), 91)), ((((119, 120), 121), 118), ((110, 108), 109))));   MP score: -1
lnL(ntime:255  np:256): -17870.242431      +0.000000
 130..131 131..132 132..133 133..134 134..135 135..136 136..137 137..42  137..126 136..111 135..138 138..56  138..85  134..86  133..87  132..139 139..140 140..141 141..113 141..114 140..142 142..88  142..55  139..143 143..112 143..115 131..144 144..145 145..146 146..147 147..148 148..149 149..105 149..104 148..107 147..106 146..125 145..150 150..58  150..41  144..122 130..151 151..152 152..153 153..154 154..155 155..156 156..157 157..158 158..159 159..160 160..161 161..162 162..163 163..164 164..165 165..166 166..167 167..168 168..44  168..43  167..169 169..170 170..46  170..48  169..19  166..47  165..171 171..45  171..84  164..172 172..51  172..54  163..173 173..50  173..49  162..23  161..174 174..175 175..176 176..66  176..18  175..20  174..38  160..177 177..178 178..179 179..180 180..181 181..182 182..52  182..53  181..100 180..183 183..16  183..6   179..184 184..185 185..186 186..24  186..36  185..187 187..7   187..5   184..188 188..81  188..17  178..189 189..64  189..99  177..70  159..116 158..190 190..191 191..192 192..82  192..69  191..15  190..83  157..193 193..194 194..195 195..101 195..68  194..102 193..37  156..196 196..197 197..198 198..199 199..73  199..4   198..200 200..67  200..11  197..201 201..27  201..74  196..202 202..12  202..63  155..203 203..80  203..65  154..204 204..205 205..206 206..207 207..78  207..40  206..39  205..208 208..13  208..117 204..209 209..210 210..34  210..77  209..10  153..211 211..212 212..213 213..214 214..1   214..75  213..76  212..8   211..35  152..215 215..216 216..217 217..218 218..32  218..33  217..219 219..2   219..30  216..220 220..3   220..28  215..221 221..222 222..9   222..31  221..223 223..29  223..79  151..224 224..225 225..226 226..227 227..228 228..229 229..230 230..22  230..26  229..25  228..231 231..127 231..21  227..232 232..61  232..62  226..59  225..233 233..128 233..129 224..234 234..14  234..60  130..235 235..236 236..237 237..238 238..239 239..240 240..241 241..242 242..243 243..95  243..93  242..94  241..90  240..92  239..89  238..244 244..57  244..71  237..245 245..246 246..124 246..123 245..247 247..72  247..103 236..248 248..249 249..250 250..96  250..97  249..98  248..91  235..251 251..252 252..253 253..254 254..119 254..120 253..121 252..118 251..255 255..256 256..110 256..108 255..109
 0.015140 0.112220 0.070789 0.035603 0.017495 0.216146 0.200951 0.294172 0.221644 0.198309 0.164023 0.520118 0.302932 0.427579 0.268880 0.291115 0.028296 0.166683 0.008423 0.008082 0.055158 0.248606 0.152716 0.107174 0.155714 0.070071 0.246844 0.000000 0.378178 0.191201 0.036634 0.036399 0.098383 0.078575 0.115857 0.120045 0.277487 0.015772 0.430496 0.200094 0.443776 0.047719 0.000000 0.179974 0.038335 0.119232 0.056093 0.161580 0.085835 0.021056 0.014567 0.051763 0.086711 0.039188 0.000000 0.051832 0.021930 0.000000 0.021466 0.050526 0.000000 0.005330 0.000000 0.016741 0.005326 0.010762 0.000000 0.031260 0.010699 0.011420 0.079341 0.072956 0.081785 0.106101 0.000000 0.021694 0.202359 0.134031 0.160832 0.029110 0.000000 0.000000 0.047959 0.153140 0.057178 0.048809 0.016590 0.059258 0.016807 0.005537 0.000000 0.000000 0.016191 0.000000 0.021321 0.011656 0.004220 0.026648 0.095438 0.025270 0.030966 0.019219 0.040495 0.065630 0.021933 0.019240 0.006995 0.044577 0.031013 0.026617 0.240435 0.152726 0.190409 0.032031 0.080078 0.055865 0.018827 0.085278 0.047362 0.178474 0.029057 0.016191 0.054518 0.000000 0.061912 0.040500 0.129535 0.094449 0.090008 0.060643 0.020242 0.079229 0.109302 0.007561 0.014378 0.069846 0.000000 0.010916 0.217806 0.116437 0.037747 0.412000 0.000000 0.000000 0.044277 0.000000 0.457381 0.162486 0.254808 0.059425 0.170195 0.129778 0.307326 0.226582 0.335608 0.042622 0.097920 0.036361 0.142633 0.050095 0.000000 0.444599 0.192168 0.054554 0.160745 0.315861 0.487841 0.498454 0.244912 0.083659 0.139010 0.320278 0.011832 0.010704 0.160014 0.245987 0.167499 0.461688 0.027960 0.019351 0.264505 0.313982 0.034808 0.072851 0.123872 0.108705 0.209997 0.000000 0.169294 0.026357 0.114668 0.012443 0.115296 0.064620 0.221352 0.113714 0.116864 0.163175 0.134326 0.071717 0.017731 0.212481 0.226321 0.561649 0.000000 0.420793 0.417395 0.120318 0.524031 0.319601 0.117373 0.055036 0.014623 0.122759 0.000000 0.105875 0.072553 0.226326 0.019628 0.039706 0.031723 0.033526 0.346399 0.398433 0.316998 0.089186 0.337660 0.399521 0.327623 0.264284 0.057514 0.070474 0.190880 0.294739 0.309388 0.044394 0.202562 0.076792 0.542702 0.162279 0.238468 0.450037 0.217840 0.033031 0.029796 0.008148 0.117135 0.073581 0.085567 0.088032 0.120615 0.015705 0.041406 0.016889 0.027083 1.097956
