
Printing out site pattern counts


       151         78  P

GNM13746                        ---AAAAAAC EEEEEEGGGG GGGHHHIIII IIKKKKKKKK KKLLLMMNPP PPRRRRRRRR SSTTVVVVVV VVVVYYYY
GNM13538                        ---AAAILSC DEEEESAAGG GGSFHHAAIR VVGKKKKQRR RSILLASTAP PPHKKLRRRR EGCQIILLLV VVVYMWYY
GNM13671                        ---AAIKTSC EEEEREGSEG GGSFHPIVVR IVKIKKNKKN TKLIIMKTPP PRHRRLKRRR DKCRLVIVVV VVYTKFYY
GNM13876                        ---AGVRTSC EEMVEDGSEG GGSFHSLAVN IVKIKKNDKR VSLLLMKTPP PKHRRLRRRR DKCRLVLVVV VVYSKFYY
GNM13680                        ---AAVRMSC EEQESDGSEG GGSFHHIVVR VVKKKKPKKK ISLILAKTPP PPYRRLRRRS DSCELVLVVV VVSTAFFF
GNM14837                        ---AAILTSC DEASEDGSEG GGSYHHTVIK IVQKKKKEKT KSLVIAKSPP PSHRTFRRRG DGCHVTLLVV VVTDNFFY
GNM14249                        ---AAILTSC DEASQDGSEG GGSYHHTVIK IVQKKKREKS KALVIAKSPP PNHRKFRRRG DGCSVTLLVV VVTDSFFY
GNM13928                        ---AAILTSC DEATQDGSEG GGSYHHTVVK IVQKKKREKT KSLVIAKSPP PSHRTFRRRG DGCHVTLLVV VVTDSFFY
GNM13297                        ---AAAILSC DEEEESAAGG GGSFHHAAIR VVGKKKKQRR RSILLASTAP PPHKKLRRRR EGCQIILLLV VVVYMWYY
GNM14865                        --DAAVTTSC EEMVEDGSEG GGSHYPIVVR IKKQKKAADR TSLVLMDTPP PPHKRLRRRR DSTEVITVVV VVVETFYY
GNM13455                        ---AAILTSC EEATQDGSEG GGNYHHTVVK IVQKKKKEKT KSLVIAKSPP PMHRKFRRRS DSCHVTLLVV VVTDNFFY
GNM14938                        ---VAIRTSC DEMVEDGSEG GGKFHSFVVR MVNIKKREYR RKLIIMKTPP PRHRRLRRRK DKCLLVIVVV VVFEKFYY
GNM14483                        ---AGITFSC GEEDQEGSEG GGSFHSIVVM IIGRKKKKAR RKLVLGNTPP PKRRKLRRRR DSCVVVLVAV VVVSTFYS
GNM14872                        ---AAVKMSC EEEETDGSEG GGSFHHIVVQ VVKKKKKKKK IPLILAKTPP PQYRRLRRRS DSCELVLVVV VVATAFYY
GNM13855                        ---AAVKMSC EEEDEEGSEG GGSFCHIVLR IVNKKKKEKK ISLVLSKTSP PNFRKVRRRS NSCKIVLVVA VVVSHFYY
GNM14445                        ---AAAVNSC QEEKEEGNEG GGSFHHLVIK LAGRKKGVIK KKTILTMTPP PKHKRVRRRR DSCMLVIIIV VVAKAFYY
GNM14404                        ---SAVKMSC EEEVENGSEG GGSFHHIAVV IVKRKKNKRR VRLIIAMTPP PPHRRLRRRR DKCRNVVVVV VVIEAFYY
GNM14545                        ---SAVKMSC EEEVENGSEG GGSFHHIAVV IVKRKKNKRR VRLIIAMTPP PPHRRLRRRR DKCRNVVVVV VVIEAFYY
GNM14366                        ---AAVVTSK EEAEQEGAEG GGSFKHAIVH IVNKKKKKKK KSLVINKSSP TKYRKFRRRS TSCTKVLIVV VVVEAYSY
GNM14252                        ---AAILTSC DEASQDGSEG GGSYHHTVIK IVQKKKKEKS KALVIAKSPP PNHRKFRRRG DGCKVTLLVV VVTDSFFY
GNM13760                        ---AAILTSC DEATQDGSEG GGSYHHTVIK IVQKKKKEKT KSLVIAKSPP PSHRTFRRRG NGCHVTLLVV VVTDSFFY
GNM13982                        ---AAVITSN EEGEQQGAEG GGSFNHAVVK IVDKKKKNRR KPLVIGKSPP PSHRTFRRRS DKCTVVLLVV VVVESFFY
GNM13960                        ---AAAVTSN EEGVQTGSEG GGNFNHAVIK IVGKKKKQKK IALVVAKSPP PTHRKFRRRS DNCYVVLIVV IVIEAFFF
GNM14633                        ---AAVVTSN EEGEQEGAEG GGNFNHAVVK IVNKKKKNKS KPLVVGKSPP PSHRKFRRRS DKCVVVLLVV VVVEAFFY
GNM14853                        ---AAVVTSN EEGEQEGAEG GGNFNHAVVK IVNKKKKNKS KPLVVGKSPP PSHRKFRRRS DKCVVVLLVV VVVEAFFY
GNM14174                        ---SAVRTSC EEEEEDGSEG GGGFHPIAVR IVKHKKDKKH VSLVIMVTPP PPHRRFRRRR DNCRNVVVVV VVAEAFFY
GNM14138                        ---AAVKTAC DEEAREGSEG GGSFHALILR VVNHKKEKKN ISLIIMRTPP PAHRRQRRRR DSCRSISVVV VVVEAFYY
GNM14055                        ---AAVMTSN EEGDEDGAEG GGNFNHAVIK IVNKKKKNMR VSLVLAKSPP PEHRKFRRRS DKCHVIILVV VVIESFFY
GNM14748                        ---AAVITSN EEAEQEGAEG GGSYNHAVIK IVDKKKKKKT KPLILAKSPP PNHRKFRRRG DKCAVVLIVV VVIESFFY
GNM14246                        ---AAVRTSC DEEERSGSEG GGSFHPIATR IVKHKKDKKH VSLIIMKTPP PPYRHLRRRR DSCRNITVIV VVTDAFYY
GNM14640                        ---AAVKTSC DEKERNGSED GGGFHPVVIR IVKRKKEKKH VSLVIMKTSP PPHRHLRRRR DSCRSITVVV VVVEAFFY
GNM14965                        ---AAVTMSC EEEESDGSEG GGSFHHIVVR VVNKKKKTKR ISLILAQTPP PAYRRLRRRS DSCELVLVVV VIVSAFYY
GNM13677                        ---AGVRTSC EEMVEDGSEG GGSFHSLAVN IVKIKKDDKR VTLLLMKTPP PKHRRLRRRR DKCRLVLVVV VVYSKFYY
GNM14339                        ---AAIRASC TEMVEGGSEG GGSFHSIVVR IIGIKKRELR RRLIIMKTPP PKHRRLRRRR DKTTLVIVVV VVHTKFYY
GNM14593                        ---AAVKTSC EEEERDGSSG GGSFHPIVVR IVKIKKDKRN TKLIIMKTPP PKHRRLRRRR DKCTLIIVVV VVYTKFYY
GNM13825                        ---VAVRTSC DEMVEDGSEG GGKFHSFVVR MVNIKKREYR RKLIIMKTPP PRHRRLRRRK DKCLLVIVVV VVFEKFYY
GNM14768                        ---AAVRTHC EEEERDGSEG GGSFHPIVIR IVKIKKAKRN VKLILMKTPP PRHRRLRRRR DKCRLIIVIV VVHTKFYY
GNM14776                        ---AAVRTHC EEEERDGSEG GGSFHPIVIR IVKIKKAKRN VKLILMKTPP PRHRRLRRRR DKCRLIIVIV VVHTKFYY
GNM14715                        ---AGVTFSC EEEDEEGSEG GGSFHSLVVM VISRKKKRAR KKAVLGNTPP PPHRRLRRRR DSCAVVIVAV VVVSTFFG
GNM14639                        ---AAVLLSC EEYLEHGSEG GGKFHHLAVK IVNIKKKEKK KSLILANTPP PKRKRQRRRV DSCNLVLVVV VVVECFYY
GNM13795                        ---AAVLTSN EEAEQVGAEG GGSYNHAVIK IVDKKKKKKT KSLIIAKSPP PTHRTFRRRN DKCVVVLIVV VVIESFFY
GNM14166                        ---AAVLTSC EEAEQDGSEG GGSFHHTVVQ LVKKKKPKKK KSLVIAKSPP PIHRQVRRRS DSCIRVLVVV VVVQAFLY
GNM13993                        ---AGATTSC EEEERDASGG GNRFHIIVII IVRKKKRKRN KSILLAMSSP PKHKRIRRRR EKCIIVLVLV VVIQTFYY
GNM14450                        ---AAIRMSC EEEEEDGSEG GGSFHHITVQ IVNRKKKKKK NSLIIAKTPP PKHRRFRRRS DSCTLVMVVT VVAINFYY
GNM13515                        ---AAVVTSN EEAEQEGSEG GGNFNHAVVK IVDKKKKKKS KPLVLAKSPP PKHRKFRRRS DKCIVVLLVV VVVQAFFY
GNM14959                        ---VGAYTRC EEEPIDVGGG GGKHHHIVVH MVRQKKGK-K TSLILYKTPP PPRRRFRRRR DKTIVTVAVV IVETVWYY
GNM13413                        ---AGVVTAC EEEEREGAGG GGRFHHIVVH IVRVKKQKKN VKLLLMMTPP PRHKHLRRRR DKTVLVVVVV VVVTKWYY
GNM15005                        ---AAAVTSN EEGVQNGSEG GGNFNHAVIK IVGKKKKQKK ITLVIAKSPP PTHRKFRRRS DNCYVVLIVV VVIEAFFF
GNM14992                        ---AAAVTSN EEGKQDGSEG GGNFNHAVIK IVGKKKKQKK ITLVIAKSPP PKHRKFRRRS DNCYIVLIVV IVIEAFFF
GNM14994                        ---AAILTSC DEASTDGSEG GGSYHHTVIK IVQKKKKAKI KSLIIAKSPP PSHRKFRRRG DGCNVTLLVV VVTDAFFY
GNM15013                        FM-M-A-T-- E-G-Q-G--G --I--H--IK F-GK-KK-KK IAL--AK-T- -THRKF-RRS -N--LVLIV- --IEA-FF
GNM15014                        ---AAVVTSN EEGKQNGSEG GGNFNHAVIK IVGKKKKQKK ITLVIAKSPP PKHRKFRRRS DNCYVVLVVV VVIEAFFF
GNM14976                        FM-M-A-T-N N-D-Q-G--G G-I-NH--IR F-GK-NK-KK ITL--AK-T- PQHEKF-DRV -N--LVLIV- --IEAFLL
GNM14995                        -----V-T-N S---K-G--G G---N---IK --HR--K-K- ISL--A---- P----F--R- -N---TLIV- --VEAF--
GNM14999                        ---AAVVTSN EEGEEDGSEG GGNFNHAIIR IVGKKKKHKK ISLVIAKSPP PTHRKFRRRS DNCYVVIIVV VVIEAFFF
GNM15018                        ---AAILTSC DEASQDGSEG GGSYHHTVIK IVQKKKREKS KALVIAKSPP PNHRKFRRRG DGCSVTLLVV VVTDSFFY
GNM15025                        ---AAVVTSN EEGEQIGSEG GGNFNHAVIK IVKKKKKEKR TSLVIARSPP PTHRKFRRRS DKCLVVLIVV IVIEVFFY
GNM14980                        ---AAILTSC DEASQDGSEG GGSYHHTVIK IVQKKKREKS KALVIAKSPP PNHRKFRRRG DGCSVTLLVV VVTDSFFY
GNM15000                        ---AAILTSC DEASQDGSEG GGSYHHTVIK IVQKKKREKS KALVIAKSPP PNHRKFRRRG DGCSVTLLVV VVTDSFFY
GNM15026                        ---AAVITSN EEGEQDGSEG GGNFNHAVVK IVKKKKKQKT ISLVIGRTPP PTHRKFRRRS DKCRNVIVVV IVIETFFY
GNM15001                        ---AAILTSC DEASQDGSEG GGSYHHTVIK IVQKKKREKS KALVIAKSPP PNHRKFRRRG DGCSVTLLVV VVTDSFFY
GNM15027                        ---AAVQMAC EEEEEDGASG GGSFHHIVVR IVKRKKKKKK RSLILAMSPP PPYRRIRRRR DSCVLVLVAV VVVKVFYY
GNM11003                        ---VGGITSC VEEEEDGAGG GGSFHRIVVR IVKMKKNKRR KRLLIAKSPP PSHRRFRRRR DKCNIVIFLV VVIEFFYY
GNM11023                        ---AGVVMKC VEEEQSGSGG GGKFHHIVVH IVRVKKRKRK VRLLIANTPP PKHRSLMRRR DKTVLVLVVT VVAEAWYY
GNM11055                        ---AGATTSC EEMPERGSEG GGSFHHIAVR LKKQKK-RYK KSLLIGETPP PPHKRLRRRK DKCINVLIVV IVVRVFFY
GNM11146                        ---AGVV-SC EEIVQKGAGG GGRFHHIVVH IIQTKKGNYN RKVLLMKFPP PPHRRLRRRK DSTYLVIIVV VVVEVWYY
GNM11219                        ---AAVRTAC EEALEDGSEG GGSFHSIAVV IKKKKKSKKR VKLVLMETPP PPHRHLRRRM DSCKNMVVVV VVVEDFYY
GNM11220                        ---AAVRTSC EEEELDGSEG GGSFHPIVVR IVNQKKKKKR TSLIIARTPP PPHRRIRRRR DSCRCIVVVV VVVEAFYY
GNM11222                        ---AAVKTSC DEEEQKGSEK GGSWHSIVVR IVGRKKKDRR KPLVLMMTPP PPHRRLRRRR DSCICVLVVV VVVQAFYY
GNM11223                        ---AAVRTSC DEEERDGSEG GGSFHPIAVR IVKRKKEKKR VSLVIMKTPP PPHRRLRRRR DSCRNIIVVV VVVEDFFY
GNM11224                        ---AAVRTSC DEEERDGSQG GGSFHPIAVR IVKRKKEKKR VSLVIMKTPP PPHRRLRRRR DSCKNIIVVV VVVDDFFY
GNM11358                        ---AAVKMSC EEEDEDGSEG GGSFCHIVLR IINKKKKSKK TSLVLGKTSP PDFRKIRRRS NSCKIVLVVA VVVVHFYY
GNM11360                        ---AAILTSC EEATQDGSEG GGNYHHTVVK IVQKKKKEKT KSLVIAKSPP PMHRKFRRRS DSCHVTLLVV VVTDNFFY
GNM11362                        ---AGVLMAC YEEEEDGSEG GGSFHHIVIR IVKRKKKEKK ISLLLAKTPP PKYRRLRRRR DSCELVLIVA LVVTKFYY
GNM11367                        ---AAVITSN EEGEQQGAEG GGSFNHAVVK IVDKKKKNRR KPLVIGKSPP PSHRTFRRRS DKCTVVLLVV VVVESFFY
GNM11377                        ---AAVRMSC EEEETDGSEG GGSFHHIVVQ VVKKKKKKKK IPLILAKTPP PQYRRLRRRS DSCELVLVVV VVATAFYY
GNM11380                        ---AAVLTSC EEAEQDGSEG GGSFHHTVIQ LVKKKKPKKK KSLVLAKSPP PIHRQVRRRS DSCVRVLVVV VVVQAFYY
GNM11383                        ---AAVVTSQ EEAEQEGAEG GGSFKHAIVK IVNKKKKKKT KSLVINKSLP STYRKFRRRS DSCIKVLIVV IVVEAYTY
GNM11491                        ---AAVLTSN EEAEEDGAEG GGSFNHAVIK IVSKKKRRKR TPLVVAKSPP PTHRRFRRRG DSCRVVLIIV VVVEAFFY
GNM11804                        ---AAATTSC EEMPEDGSEG GGSFHHIAVR LKKQKK-KYK RSLVIMETPP PPHKRLRRRK DKCINVIIVV IVVTSFYY
GNM11805                        ---AAVKSDC EEIVRDGAEG GGTFHHAVVR YIRQKKKKKK KPLILMETPK PKHTFLRRHK DSCSLVIIVV VVVEVFYY
GNM12883                        ---AAVKMSC EEQESDGSEG GGSFHHIVVR VVKKKKKNKT ISLIIAKTPP PPYRRLRRRS QSCQLVLVVV VVSTSFYY
GNM12886                        ---AAVRMSC EEQESDGSEG GGSFHHIVVR VVKKKKPKKK ISLVLAKTPP PPYRRLRRRS DSCELVLVVV VVSTAFFF
GNM13060                        ---AAAAAAC EEEEEEGGGG GGSHHHIIII IIKKKKKKKK KKLLLMMNPP PHRRRRRRRR SSTTVVIVVV VVIVYYYY
GNM13061                        ---AGAAMAC EEEEEDGAGG GGSHHHVVVV LVRKKKKSKK RKLLLAMSPP PKRRRRRRRR DSTRVVIVVV VVVILYYY
GNM13062                        ---AGVTFSC QEEDEEGSEG GGSFHSLVVM VISRKKRRAR RKVVLGNTPP PPHRRLRRRR DSCEIVLVAV VVVSTFYG
GNM13064                        ---AGATTSC EEEERDASGG GNRFHIIVII IVRKKKRKRN KSILLAMSSP PKHKRIRRRR EKCIIVLVLV VVIQTFYY
GNM13066                        ---AGATTSC EEEDRNASGG GNRFHIIVII IVRKKKRNKN KSILLAMNSP PKHKRIRRRR DKCSIVLVLV VVIQNFYY
GNM11032                        ---AAVQASC IEMVEKGSEG GGSFHSIVVR IIRIKKTELR KRLIIMKTPP PRHRRLRRRK DKCELVLVVV VVYRKFYY
GNM11363                        ---AGVLMAC YEEEEDGSEG GGSFHHIVIR IVKRKKKEKK ISLLLAKTPP PKYRRLRRRR DSCELVLIVA LVVTKFYY
GNM11375                        ---AAILTSC DEATQDGSEG GGSYHHTVIK IVQKKKKEKT KSLVIAKSPP PSHRTFRRRG NGCHVTLLVV VVTDSFFY
GNM11381                        ---AAVVTSK EEAEQEGAEG GGSFKHAIVR IVNKKKKKKT KSLVINKSSP VTYRTFRRRS DSCIKVLIVV VVVEAYTY
GNM11382                        ---AAVVTSH EEAEQAGAEG GGSFHHAIVR IVNKKKKKKT KSLVINKSPP ISYRKFRRRS DSCMKVLIVV VVVEAYTY
GNM11841                        ---AAVTTSC EEMVEDGSGG GGSHHPILVR VKKQKKEADR ESLVLMDTPP PPHKRLRRRR DSCTAVTVVV VVANTFYF
GNM11931                        ---AAVSTSC EEMVEDGSEG GGSHHPIIVR VKKQKKESDR ESLVLMDTPP PPHKRLRRRR DSTTAVVVVV VVAETFYY
GNM12040                        ---AAVRTSC EEMEEDGSEG GGSHHPILVR IKKQKKDADR TSLVLMDTPP PPHKRLRRRR DSTTAITVVV VVAETFYL
GNM12071                        --SAAVKTSC EEMVEDGSEG GGSHYPILVR IKKQKKEEDR TSLVLMDTPP PPHKRRRRRR DSTEVITVVV VVVETFYY
GNM12125                        ---AGVITHC EEEPENGAGG GGSFHHIAVR IVNLKKKQKR VRVLLMKTPP PRHRRLRRRR DKTINVIVVV VVITNWYY
GNM12126                        ---AGVVASC EEEEREGAGG GGSFHHIIVH IIKTKKNKKN VKLLLMQSPP PRRRKLRRRR DKTVLVIVVV VVVEKWYY
GNM12128                        ---AGVLTSC EEEEEGGAGG GGSFHHIAVR IVNLKKRKRR KRVLLMKSPP PSHRRLRRRR DKTINVIVVV VVITAWFY
GNM12182                        ---AGGIMSC TEEEEDGSGG GGSFHHIVVR IVKTKKPKRR TKLLLAKSPP PHRRTIRRRR DKTRVVLILV VVVENFYY
GNM12342                        ---AMVRTAC EEEVKHGSEG GGTFHAVAVR LKKQKKHRKK VPLVIPETPP PKHRTFRRRR DSCINISIVV VVVVDFYY
GNM12346                        ---AAVVSTC EEEESNGSEG GGSFHHIAVR LKKQKKSKKK TALVLMDTPP PLHKRFRRRR DSCKNVIVVV VVVEAFYY
GNM12351                        ---AAVTTSC REEVQDGSKG GGSYHHIAVQ IKRQKKDKKK TPLVLMQTPP PNHKQHRRRR DSCINVIIVV VVVVAFYY
GNM12356                        ---AAIKASC DEEIKDGSEG GGTFHVIAVR MKNQKKHKKT IPLIIGETPP PPHKTFRRRR DSCKCVVIVV VVVEDFYY
GNM12357                        ---AMIKTSC EEEVKKGSEG GGTFHVVAVR LKDQKKHKKS TSLIIGETPP PSHKTFRRRR DSCTNVILVV VVTEDFYY
GNM12366                        ---AMIKTSC EEETKNGSEG GGTFHVVAVR LKNQKKHKKS VSLIVGETPP PSHKTFRRRR DGCVNVIIVV VVSEDFYY
GNM12373                        ---AAVKTSC NEEIENGNEG GGSYHHIAVR ITGQKKQKRK KPLVLMDTAP PQHKSIRRRR DSCEMVVVVV VVVTEFYY
GNM12385                        ---AAVRTNC EEEVENGSEG GGSFHHIAVR YTGQKKNGRR KPLVLMKTTP PKHKRIRRRR DSCVSVVVVV VVVTDFYY
GNM12551                        ---AAVRTSC EEEEEDGSEG GGSFHPIAVR IKKMKKDQRR VRLILMETPP PRHRRLRRRR DSCKNIIVVV VVVEDFYW
GNM12554                        ---AAVKTTC DEEVAQGSEG GGSYHHIAVR LTGQKKMKKK KPLVLMNSPP PRHKIIRRRR DSCLNVVVVV VVVTDFYY
GNM12592                        ---AAVRTSC EEEVMDGSEG GGSFHHIAVR IKRQKKAKKK IPLVLMETPP PTHKRLRRRR ESCRNVVVVV VVVEDFYY
GNM12602                        ---AAVTTSC QEEVESGSKG GGSYHHIAVR VKNQKKDKKK TSLVIMQTPR PPHKRLRRRR DSCINVIIVV VVVVSFYY
GNM12665                        ---AVVTTSC QEEVESGSKG GGSFHHIAVR IKNQKKDKKK TPLVIMQTPP PSHKRLRRRR DSCINVIIVV VVVVSFYY
GNM12745                        ---AAIKTHC SEEVEDGSEG GGSFHKIVVR IKRQKKDKKK TSLVLAETPQ PNHKNIRRRR DSCSKTVVVV LVTEDFFY
GNM12749                        ---AAVSSTC DEEVQHGSEG GGSYHHIAVR IKGQKKTRKK KPLVLMQTPP PRHKSIRRRR DSCMNVVVVV VVVTDFYY
GNM12758                        ---AAVKTNC SEEVEDGSEG GGSFHKIVLR IKRQKKERKK TPLVLAETPP PRHKKLRRRR DSCTKTIVVV VVVEDFYY
GNM12763                        ---AGVKTSC EEEVEGGSEG GGSFHTIAVR IKRQKKRKKK VRLIIAETPP PPHRTLRRRR DSCKNVIVVV VVAEDFYY
GNM12766                        ---AMVRTSC EEEVKNGSEG GGSFHVVAVR LKKQKKHKKK VSLIIAETPP PKHKTFRRRR DSCINVMIVV VVVEDFYY
GNM12841                        --PAAVKTSC EEMVEEGSEG GDSHYPILVR IKRQKKESDR TPLVLMDTPP PPHKRIRRRR DSTEVIVVVV VVVETFYL
GNM12849                        ---AAILTSC EEATQDGSEG GGNYHHTVVK IVQKKKKQKT KSLVIAKSPP PLHRKFRRRS DSCHVTLLVV VVTDNFFY
GNM12869                        ---AAILTSC DEASQDGSEG GGSYHHTVIK IVQKKKKEKS KALVIAKSPP PNHRKFRRRG DGCNVTLLVV VVTDSFFY
GNM12896                        ---AAILTSC EEAEQDGSEG GGSFHHTVIQ LVKKKKPKRK KSLVLAKSPP PIHRQVRRRS DSCVRVLVVV VVVQAFYY
GNM12897                        ---AAVLTSC EEAEQDGSEG GGSFHHTVIQ LVRKKKPKKK KSLVIAKSPP PIHRQVRRRS DSCVRVLVVV VVVQAFYY
GNM12902                        ---AAIKSSC EEEPKDGAEG GGSFHHIVIR FIGQKKNRKK TRLVLMETPK PKHTIIRRHK DSCRLVILVV VVVVTFYY
GNM12903                        ---VAAIAAC EEEPIEVSGL GGKWHRIVVH MIKKKKHKRR TKLILMNTPP PRRRRLRRRR DKTKVVLVVV VVEEVWYY
GNM12906                        ---VAAIASC EEEPVEVSGL GGRWHHIVVH LIKKKKRKRK TKLILMNTPP PRRRRLRRRR DKTKVVLVVV VVEETWYY
GNM12907                        ---VAAIAAC EEEPTEVSGL GGRWHRIVIH MIKKKKHKRR TKLILMNTPP PPRRRLRRRR DKTKVVLVVV VVEEVWYY
GNM12909                        ---VAAIASC EEEPLEVAGL GGRWHHIVIH IIKKKKHKRR TKLILMNTPP PRRRRLRRRR DKTKVVLVVV VVEEVWYY
GNM12915                        ---AAVLTHC QEEVENGSAG GGSFHHIAIR IKKRKKRKKR IKLVLPETPP PKHLRFRRHR DSTRNTVVVV VVVEDWYY
GNM10046                        ---AAVLTHC QEEVENGSAG GGSFHHIAIR IKKRKKRKKK IKLVLPETPP PNHLRFRRHR DSTKNTVVVV VVVEDWYY
GNM12918                        ---AAVLTHC QEEVENGSAG GGSFHHIAIR IKKRKKRKKR IKLVLPETPP PKHLRFRRHR DSTRNTVVVV VVIEDWYY
GNM12931                        ---AGVLTHC DEEERNGSGG GGTFHHIAVH IVRQKKHKKH VKVLLMRTPP PRHKHLRRRR DKTENVIVVV VVVRAWYY
GNM12938                        ---VGGITSC EEEEEEGAGG GGSFHHIVVR IIRIKKNKRR KKLLIAKSPP PSHRRLRRRR DRSNITVVLV IVIEAYYY
GNM12996                        ---AGAIASC QEEEENGSSG GGSFHHIVVR IIKIKKTRKR VRLLLGKSPP PSHRRLRRRR DKCKVVIIIV VVVEYYYY
GNM13018                        ---AGAIASC QEEEENGSGG GGSFHHIVVR IIKIKKTRRR VRLLLGKSPP PSHRRLRRRR DKCKVVTIIV VVVEYYYY
GNM13027                        ---VAGITSC DEEEEDGAGG GGSFHHIVVR IVKIKKEKRR RRLIIAKSPP PTHRRLRRRR DRCNIVIVLV VVIEYFYY
GNM13046                        ---AAIITSC EEAEQDGSEG GGSFHHTVVK IVNKKKKKKT KSLVVAKSPP PSHRKFRRRS DSCSIVLLVV VVVEAFFY
GNM13053                        ---AAATNTC QEEKEEGTEG GGSFHHIVLK IAGRKKGKVK KKTILLMTPP PDHKRIRRRR DSCTLVLIIV VVARAFYY
GNM13074                        ---AAVLTHC QEEAENGSAG GGSFHHIAIR IKRRKKRKKK IKLVLPETPP PRHLRFRRHR DSTRNTVVVV VVVEDWYY
GNM10010                        ---AAVLTSC REETENGSAG GGSFHHIAIR VKKRKKKKKK IKLVIGETPP PKHLRFRRHR DSTKNVYVVV VVVEDWYY
GNM10014                        ---AAVLTSC QEEVENGSAG GGSWHHIAIR VKKRKKKKKK IKLVIGETPP PKHLKVRRHR DSTKNVYVVV VVVEDWYY
GNM13090                        ---AAVLTSC QEEPENGSGG GGSFHHIAIR IKRRKKKKKR IKLVLPETPP PKHLRFRRHR DSTKNTYVVV VVIEDWYY
GNM13118                        ---VAAIVSC EEEPVPLAGG GGKFHHVVVH KVNQKKHKKK RPLILMKSPP PERVRLRRRR DKTEVVVAVV VVERVWYY
GNM13126                        ---VAARSSC EEAPAKGAEG GGKFHHFIVR YIKQKKTKNK KSLVLMETPK PPHTILRRRK DSCTVVVVVV IVVTAYYK
GNM13128                        ---VAVRSSC EEAVAEGAEG GGKFHHFLVR YIRQKKTRAK KPLVLMETPK PPHTILRRRK DSCTVVVVVV VVITTFYK
GNM13208                        ---VAAIAAC EEEPIEVAGP GGRWHHIVIH IIKKKKHKRK VKLILMKTPP PPRRRLRRRR DSTKVVTVVV VVEEVWYY
GNM13210                        ---AGVVMSC DEEEREGSGG GGKFHHIVVH IVAVKKHRKH VKVLLAMTPP PKHKKLRRRR DKTTLVVVVV VVSTRWFY
GNM12773                        ---SAVKTSC EEEEKDGSEG GGGFHAIVVR IVKRKKDKKH ISLVIMVTPP PPHKRFRRRR QTCHNIVVVV VVVESFFY
GNM12769                        ---AAITTSC EEEREDGSKG GGSFHMIAVH ITRKKKTKKK VSLIIMMEPP PPHKRLRRRR DSCDNVTIVV VVTRDFYY
GNM12768                        ---AMVRTR- TEITEDGSER -GRW-KIAPL VKKKKLDKKR VRAVLMGTQP -AHTTRRKRR DSTTDVVVVR VVVTD-YR



    1    1    1    1    1    1    1    1    1    1    1    1    1    1    1
    1    1    1    1    1    1    1    1    1    1    1    1    1    1    1
    1    1    1    1    1    1    1    1    1    1    1    1    1    1    1
    1    1    1    1    1    1    1    1    1    1    1    1    1    1    1
    1    1    1    1    1    1    1    1    1    1    1    1    1    1    1
    1    1    1

AAML (in paml version 4.9h, March 2018)  tmp0013.txt
Model: Empirical,  (../wag.dat) dGamma (ncatG=4) ns = 151  ls =  78


Frequencies..
                                    A      R      N      D      C      Q      E      G      H      I      L      K      M      F      P      S      T      W      Y      V
GNM13746                       0.08000 0.10667 0.01333 0.00000 0.01333 0.00000 0.08000 0.09333 0.04000 0.08000 0.04000 0.13333 0.02667 0.00000 0.05333 0.02667 0.02667 0.00000 0.05333 0.13333
GNM13538                       0.12000 0.10667 0.00000 0.01333 0.02667 0.02667 0.06667 0.08000 0.04000 0.06667 0.09333 0.08000 0.01333 0.01333 0.04000 0.06667 0.01333 0.01333 0.04000 0.08000
GNM13671                       0.02667 0.12000 0.02667 0.01333 0.02667 0.00000 0.08000 0.05333 0.02667 0.09333 0.04000 0.14667 0.01333 0.02667 0.05333 0.04000 0.05333 0.00000 0.04000 0.12000
GNM13876                       0.02667 0.12000 0.02667 0.04000 0.02667 0.00000 0.05333 0.06667 0.02667 0.02667 0.09333 0.10667 0.02667 0.02667 0.04000 0.08000 0.02667 0.00000 0.04000 0.14667
GNM13680                       0.05333 0.09333 0.00000 0.02667 0.02667 0.01333 0.06667 0.05333 0.02667 0.04000 0.06667 0.10667 0.01333 0.05333 0.06667 0.10667 0.02667 0.00000 0.01333 0.14667
GNM14837                       0.05333 0.05333 0.01333 0.05333 0.02667 0.01333 0.05333 0.08000 0.05333 0.05333 0.05333 0.10667 0.00000 0.04000 0.04000 0.09333 0.08000 0.00000 0.02667 0.10667
GNM14249                       0.06667 0.06667 0.01333 0.05333 0.02667 0.02667 0.04000 0.08000 0.04000 0.05333 0.05333 0.10667 0.00000 0.04000 0.04000 0.10667 0.05333 0.00000 0.02667 0.10667
GNM13928                       0.05333 0.06667 0.00000 0.05333 0.02667 0.02667 0.04000 0.08000 0.05333 0.04000 0.05333 0.09333 0.00000 0.04000 0.04000 0.09333 0.09333 0.00000 0.02667 0.12000
GNM13297                       0.12000 0.10667 0.00000 0.01333 0.02667 0.02667 0.06667 0.08000 0.04000 0.06667 0.09333 0.08000 0.01333 0.01333 0.04000 0.06667 0.01333 0.01333 0.04000 0.08000
GNM14865                       0.05263 0.09211 0.00000 0.06579 0.01316 0.01316 0.07895 0.05263 0.02632 0.03947 0.03947 0.06579 0.02632 0.01316 0.06579 0.06579 0.09211 0.00000 0.03947 0.15789
GNM13455                       0.05333 0.05333 0.02667 0.04000 0.02667 0.02667 0.05333 0.05333 0.05333 0.04000 0.05333 0.12000 0.01333 0.04000 0.04000 0.08000 0.08000 0.00000 0.02667 0.12000
GNM14938                       0.01333 0.14667 0.01333 0.04000 0.02667 0.00000 0.06667 0.05333 0.02667 0.06667 0.05333 0.10667 0.04000 0.05333 0.04000 0.04000 0.02667 0.00000 0.04000 0.14667
GNM14483                       0.04000 0.12000 0.01333 0.02667 0.02667 0.01333 0.05333 0.10667 0.01333 0.05333 0.05333 0.09333 0.01333 0.04000 0.04000 0.09333 0.04000 0.00000 0.01333 0.14667
GNM14872                       0.06667 0.06667 0.00000 0.02667 0.02667 0.02667 0.08000 0.05333 0.02667 0.04000 0.06667 0.13333 0.01333 0.02667 0.05333 0.06667 0.04000 0.00000 0.04000 0.14667
GNM13855                       0.04000 0.06667 0.04000 0.01333 0.04000 0.00000 0.09333 0.05333 0.02667 0.05333 0.05333 0.13333 0.01333 0.04000 0.02667 0.12000 0.01333 0.00000 0.02667 0.14667
GNM14445                       0.08000 0.08000 0.02667 0.01333 0.02667 0.01333 0.06667 0.08000 0.04000 0.08000 0.05333 0.13333 0.02667 0.02667 0.04000 0.04000 0.04000 0.00000 0.02667 0.10667
GNM14404                       0.05333 0.14667 0.04000 0.01333 0.02667 0.00000 0.08000 0.05333 0.04000 0.06667 0.02667 0.08000 0.02667 0.02667 0.05333 0.05333 0.01333 0.00000 0.02667 0.17333
GNM14545                       0.05333 0.14667 0.04000 0.01333 0.02667 0.00000 0.08000 0.05333 0.04000 0.06667 0.02667 0.08000 0.02667 0.02667 0.05333 0.05333 0.01333 0.00000 0.02667 0.17333
GNM14366                       0.08000 0.05333 0.02667 0.00000 0.01333 0.01333 0.08000 0.05333 0.02667 0.05333 0.02667 0.18667 0.00000 0.02667 0.01333 0.10667 0.05333 0.00000 0.04000 0.14667
GNM14252                       0.06667 0.05333 0.01333 0.05333 0.02667 0.02667 0.04000 0.08000 0.04000 0.05333 0.05333 0.13333 0.00000 0.04000 0.04000 0.09333 0.05333 0.00000 0.02667 0.10667
GNM13760                       0.05333 0.05333 0.01333 0.04000 0.02667 0.02667 0.04000 0.08000 0.05333 0.05333 0.05333 0.10667 0.00000 0.04000 0.04000 0.09333 0.09333 0.00000 0.02667 0.10667
GNM13982                       0.05333 0.08000 0.04000 0.02667 0.01333 0.02667 0.06667 0.08000 0.02667 0.04000 0.04000 0.10667 0.00000 0.05333 0.05333 0.08000 0.04000 0.00000 0.01333 0.16000
GNM13960                       0.09333 0.05333 0.05333 0.01333 0.01333 0.02667 0.05333 0.08000 0.02667 0.08000 0.02667 0.12000 0.00000 0.06667 0.04000 0.05333 0.04000 0.00000 0.01333 0.14667
GNM14633                       0.06667 0.05333 0.06667 0.01333 0.01333 0.01333 0.08000 0.08000 0.02667 0.01333 0.04000 0.13333 0.00000 0.05333 0.05333 0.06667 0.01333 0.00000 0.01333 0.20000
GNM14853                       0.06667 0.05333 0.06667 0.01333 0.01333 0.01333 0.08000 0.08000 0.02667 0.01333 0.04000 0.13333 0.00000 0.05333 0.05333 0.06667 0.01333 0.00000 0.01333 0.20000
GNM14174                       0.05333 0.12000 0.02667 0.04000 0.02667 0.00000 0.09333 0.06667 0.05333 0.04000 0.01333 0.06667 0.01333 0.05333 0.06667 0.05333 0.02667 0.00000 0.01333 0.17333
GNM14138                       0.09333 0.13333 0.02667 0.02667 0.02667 0.01333 0.08000 0.05333 0.04000 0.06667 0.04000 0.06667 0.01333 0.02667 0.04000 0.08000 0.02667 0.00000 0.02667 0.12000
GNM14055                       0.06667 0.06667 0.06667 0.04000 0.01333 0.00000 0.08000 0.06667 0.04000 0.06667 0.04000 0.10667 0.02667 0.05333 0.04000 0.06667 0.01333 0.00000 0.01333 0.13333
GNM14748                       0.09333 0.05333 0.04000 0.02667 0.01333 0.01333 0.08000 0.06667 0.02667 0.08000 0.04000 0.14667 0.00000 0.04000 0.05333 0.05333 0.02667 0.00000 0.02667 0.12000
GNM14246                       0.05333 0.12000 0.01333 0.05333 0.02667 0.00000 0.05333 0.05333 0.05333 0.08000 0.02667 0.08000 0.01333 0.02667 0.06667 0.08000 0.06667 0.00000 0.04000 0.09333
GNM14640                       0.04000 0.12000 0.01333 0.04000 0.02667 0.00000 0.06667 0.05333 0.05333 0.05333 0.02667 0.10667 0.01333 0.04000 0.05333 0.08000 0.04000 0.00000 0.01333 0.16000
GNM14965                       0.06667 0.09333 0.01333 0.02667 0.02667 0.01333 0.08000 0.05333 0.02667 0.05333 0.06667 0.06667 0.01333 0.02667 0.04000 0.10667 0.04000 0.00000 0.04000 0.14667
GNM13677                       0.02667 0.12000 0.01333 0.05333 0.02667 0.00000 0.05333 0.06667 0.02667 0.02667 0.09333 0.10667 0.02667 0.02667 0.04000 0.06667 0.04000 0.00000 0.04000 0.14667
GNM14339                       0.04000 0.16000 0.00000 0.01333 0.01333 0.00000 0.05333 0.08000 0.04000 0.10667 0.05333 0.08000 0.02667 0.02667 0.04000 0.05333 0.06667 0.00000 0.02667 0.12000
GNM14593                       0.02667 0.12000 0.01333 0.04000 0.02667 0.00000 0.05333 0.05333 0.02667 0.09333 0.04000 0.13333 0.01333 0.02667 0.05333 0.05333 0.06667 0.00000 0.04000 0.12000
GNM13825                       0.01333 0.14667 0.01333 0.04000 0.02667 0.00000 0.06667 0.05333 0.02667 0.05333 0.05333 0.10667 0.04000 0.05333 0.04000 0.04000 0.02667 0.00000 0.04000 0.16000
GNM14768                       0.04000 0.16000 0.01333 0.02667 0.02667 0.00000 0.06667 0.05333 0.05333 0.10667 0.05333 0.10667 0.01333 0.02667 0.05333 0.02667 0.04000 0.00000 0.02667 0.10667
GNM14776                       0.04000 0.16000 0.01333 0.02667 0.02667 0.00000 0.06667 0.05333 0.05333 0.10667 0.05333 0.10667 0.01333 0.02667 0.05333 0.02667 0.04000 0.00000 0.02667 0.10667
GNM14715                       0.06667 0.12000 0.01333 0.02667 0.02667 0.00000 0.08000 0.09333 0.02667 0.02667 0.04000 0.06667 0.01333 0.05333 0.05333 0.09333 0.04000 0.00000 0.00000 0.16000
GNM14639                       0.05333 0.06667 0.04000 0.01333 0.04000 0.01333 0.08000 0.05333 0.04000 0.04000 0.10667 0.13333 0.00000 0.02667 0.04000 0.05333 0.01333 0.00000 0.04000 0.14667
GNM13795                       0.08000 0.05333 0.04000 0.02667 0.01333 0.01333 0.06667 0.05333 0.02667 0.08000 0.04000 0.13333 0.00000 0.04000 0.04000 0.06667 0.05333 0.00000 0.02667 0.14667
GNM14166                       0.06667 0.06667 0.00000 0.02667 0.02667 0.05333 0.05333 0.05333 0.04000 0.04000 0.06667 0.12000 0.00000 0.02667 0.05333 0.09333 0.02667 0.00000 0.01333 0.17333
GNM13993                       0.05333 0.13333 0.02667 0.01333 0.02667 0.01333 0.06667 0.05333 0.02667 0.13333 0.05333 0.10667 0.01333 0.02667 0.02667 0.06667 0.04000 0.00000 0.02667 0.09333
GNM14450                       0.05333 0.09333 0.04000 0.02667 0.02667 0.01333 0.08000 0.05333 0.04000 0.08000 0.02667 0.10667 0.02667 0.04000 0.04000 0.08000 0.05333 0.00000 0.02667 0.09333
GNM13515                       0.08000 0.05333 0.04000 0.02667 0.01333 0.02667 0.06667 0.05333 0.02667 0.02667 0.05333 0.16000 0.00000 0.05333 0.05333 0.06667 0.01333 0.00000 0.01333 0.17333
GNM14959                       0.02703 0.12162 0.00000 0.02703 0.01351 0.01351 0.05405 0.09459 0.05405 0.06757 0.02703 0.09459 0.01351 0.01351 0.06757 0.01351 0.08108 0.01351 0.05405 0.14865
GNM13413                       0.04000 0.10667 0.01333 0.01333 0.01333 0.01333 0.06667 0.08000 0.06667 0.02667 0.06667 0.10667 0.02667 0.01333 0.04000 0.00000 0.05333 0.01333 0.02667 0.21333
GNM15005                       0.08000 0.05333 0.06667 0.01333 0.01333 0.02667 0.05333 0.08000 0.02667 0.08000 0.02667 0.12000 0.00000 0.06667 0.04000 0.05333 0.04000 0.00000 0.01333 0.14667
GNM14992                       0.08000 0.05333 0.05333 0.02667 0.01333 0.02667 0.05333 0.08000 0.02667 0.10667 0.02667 0.14667 0.00000 0.06667 0.04000 0.05333 0.02667 0.00000 0.01333 0.10667
GNM14994                       0.08000 0.05333 0.01333 0.05333 0.02667 0.01333 0.02667 0.08000 0.04000 0.08000 0.05333 0.12000 0.00000 0.04000 0.04000 0.09333 0.06667 0.00000 0.02667 0.09333
GNM15013                       0.08696 0.06522 0.02174 0.00000 0.00000 0.02174 0.04348 0.08696 0.04348 0.10870 0.06522 0.17391 0.04348 0.10870 0.00000 0.02174 0.06522 0.00000 0.00000 0.04348
GNM15014                       0.06667 0.05333 0.06667 0.01333 0.01333 0.02667 0.05333 0.08000 0.02667 0.06667 0.02667 0.14667 0.00000 0.06667 0.04000 0.05333 0.02667 0.00000 0.01333 0.16000
GNM14976                       0.05882 0.03922 0.09804 0.03922 0.00000 0.03922 0.03922 0.07843 0.03922 0.09804 0.09804 0.11765 0.03922 0.07843 0.01961 0.00000 0.05882 0.00000 0.00000 0.05882
GNM14995                       0.06452 0.06452 0.09677 0.00000 0.00000 0.00000 0.03226 0.09677 0.03226 0.09677 0.06452 0.12903 0.00000 0.06452 0.03226 0.06452 0.06452 0.00000 0.00000 0.09677
GNM14999                       0.06667 0.06667 0.05333 0.02667 0.01333 0.00000 0.08000 0.08000 0.04000 0.10667 0.01333 0.10667 0.00000 0.06667 0.04000 0.06667 0.02667 0.00000 0.01333 0.13333
GNM15018                       0.06667 0.06667 0.01333 0.05333 0.02667 0.02667 0.04000 0.08000 0.04000 0.05333 0.05333 0.10667 0.00000 0.04000 0.04000 0.10667 0.05333 0.00000 0.02667 0.10667
GNM15025                       0.05333 0.08000 0.04000 0.01333 0.01333 0.01333 0.08000 0.06667 0.02667 0.09333 0.04000 0.12000 0.00000 0.05333 0.04000 0.06667 0.04000 0.00000 0.01333 0.14667
GNM14980                       0.06667 0.06667 0.01333 0.05333 0.02667 0.02667 0.04000 0.08000 0.04000 0.05333 0.05333 0.10667 0.00000 0.04000 0.04000 0.10667 0.05333 0.00000 0.02667 0.10667
GNM15000                       0.06667 0.06667 0.01333 0.05333 0.02667 0.02667 0.04000 0.08000 0.04000 0.05333 0.05333 0.10667 0.00000 0.04000 0.04000 0.10667 0.05333 0.00000 0.02667 0.10667
GNM15026                       0.04000 0.08000 0.05333 0.02667 0.01333 0.02667 0.06667 0.08000 0.02667 0.09333 0.01333 0.12000 0.00000 0.05333 0.04000 0.05333 0.06667 0.00000 0.01333 0.13333
GNM15001                       0.06667 0.06667 0.01333 0.05333 0.02667 0.02667 0.04000 0.08000 0.04000 0.05333 0.05333 0.10667 0.00000 0.04000 0.04000 0.10667 0.05333 0.00000 0.02667 0.10667
GNM15027                       0.08000 0.12000 0.00000 0.02667 0.02667 0.01333 0.06667 0.05333 0.02667 0.05333 0.05333 0.10667 0.02667 0.02667 0.05333 0.06667 0.00000 0.00000 0.04000 0.16000
GNM11003                       0.02667 0.14667 0.02667 0.02667 0.02667 0.00000 0.06667 0.09333 0.02667 0.09333 0.04000 0.09333 0.01333 0.06667 0.04000 0.05333 0.01333 0.00000 0.02667 0.12000
GNM11023                       0.05333 0.10667 0.01333 0.01333 0.01333 0.01333 0.05333 0.08000 0.05333 0.04000 0.06667 0.10667 0.02667 0.01333 0.04000 0.04000 0.04000 0.01333 0.02667 0.18667
GNM11055                       0.04054 0.10811 0.01351 0.01351 0.02703 0.01351 0.06757 0.08108 0.04054 0.06757 0.06757 0.12162 0.01351 0.04054 0.06757 0.05405 0.04054 0.00000 0.02703 0.09459
GNM11146                       0.02703 0.09459 0.02703 0.01351 0.01351 0.02703 0.04054 0.09459 0.05405 0.08108 0.05405 0.08108 0.01351 0.02703 0.05405 0.02703 0.02703 0.01351 0.05405 0.17568
GNM11219                       0.06667 0.08000 0.01333 0.04000 0.02667 0.00000 0.08000 0.05333 0.04000 0.02667 0.05333 0.12000 0.04000 0.02667 0.05333 0.06667 0.02667 0.00000 0.02667 0.16000
GNM11220                       0.05333 0.14667 0.01333 0.02667 0.04000 0.01333 0.08000 0.05333 0.02667 0.08000 0.02667 0.06667 0.00000 0.02667 0.06667 0.06667 0.04000 0.00000 0.02667 0.14667
GNM11222                       0.04000 0.13333 0.00000 0.04000 0.04000 0.02667 0.05333 0.05333 0.02667 0.04000 0.05333 0.09333 0.02667 0.01333 0.06667 0.06667 0.02667 0.01333 0.02667 0.16000
GNM11223                       0.04000 0.16000 0.01333 0.05333 0.02667 0.00000 0.08000 0.05333 0.02667 0.06667 0.02667 0.08000 0.01333 0.04000 0.06667 0.06667 0.02667 0.00000 0.01333 0.14667
GNM11224                       0.04000 0.14667 0.01333 0.06667 0.02667 0.01333 0.05333 0.05333 0.02667 0.06667 0.02667 0.09333 0.01333 0.04000 0.06667 0.06667 0.02667 0.00000 0.01333 0.14667
GNM11358                       0.04000 0.06667 0.02667 0.04000 0.04000 0.00000 0.06667 0.06667 0.02667 0.06667 0.05333 0.13333 0.01333 0.04000 0.02667 0.10667 0.02667 0.00000 0.02667 0.13333
GNM11360                       0.05333 0.05333 0.02667 0.04000 0.02667 0.02667 0.05333 0.05333 0.05333 0.04000 0.05333 0.12000 0.01333 0.04000 0.04000 0.08000 0.08000 0.00000 0.02667 0.12000
GNM11362                       0.05333 0.10667 0.00000 0.02667 0.02667 0.00000 0.09333 0.06667 0.02667 0.06667 0.10667 0.12000 0.01333 0.02667 0.04000 0.05333 0.02667 0.00000 0.05333 0.09333
GNM11367                       0.05333 0.08000 0.04000 0.02667 0.01333 0.02667 0.06667 0.08000 0.02667 0.04000 0.04000 0.10667 0.00000 0.05333 0.05333 0.08000 0.04000 0.00000 0.01333 0.16000
GNM11377                       0.06667 0.08000 0.00000 0.02667 0.02667 0.02667 0.08000 0.05333 0.02667 0.04000 0.06667 0.12000 0.01333 0.02667 0.05333 0.06667 0.04000 0.00000 0.04000 0.14667
GNM11380                       0.06667 0.06667 0.00000 0.02667 0.02667 0.05333 0.05333 0.05333 0.04000 0.02667 0.06667 0.12000 0.00000 0.02667 0.05333 0.09333 0.02667 0.00000 0.02667 0.17333
GNM11383                       0.08000 0.05333 0.02667 0.01333 0.01333 0.02667 0.08000 0.05333 0.01333 0.08000 0.04000 0.16000 0.00000 0.02667 0.01333 0.09333 0.05333 0.00000 0.04000 0.13333
GNM11491                       0.09333 0.12000 0.02667 0.02667 0.01333 0.00000 0.08000 0.06667 0.02667 0.05333 0.04000 0.08000 0.00000 0.05333 0.05333 0.06667 0.04000 0.00000 0.01333 0.14667
GNM11804                       0.05405 0.08108 0.01351 0.02703 0.02703 0.01351 0.06757 0.05405 0.04054 0.08108 0.04054 0.12162 0.02703 0.02703 0.06757 0.06757 0.05405 0.00000 0.04054 0.09459
GNM11805                       0.05333 0.06667 0.00000 0.04000 0.02667 0.01333 0.06667 0.05333 0.05333 0.06667 0.05333 0.14667 0.01333 0.04000 0.04000 0.04000 0.04000 0.00000 0.04000 0.14667
GNM12883                       0.04000 0.08000 0.01333 0.01333 0.02667 0.04000 0.05333 0.05333 0.02667 0.05333 0.05333 0.10667 0.01333 0.02667 0.05333 0.12000 0.04000 0.00000 0.04000 0.14667
GNM12886                       0.05333 0.09333 0.00000 0.02667 0.02667 0.01333 0.06667 0.05333 0.02667 0.02667 0.06667 0.10667 0.01333 0.05333 0.06667 0.10667 0.02667 0.00000 0.01333 0.16000
GNM13060                       0.08000 0.10667 0.01333 0.00000 0.01333 0.00000 0.08000 0.08000 0.05333 0.10667 0.04000 0.13333 0.02667 0.00000 0.04000 0.04000 0.02667 0.00000 0.05333 0.10667
GNM13061                       0.08000 0.14667 0.00000 0.02667 0.01333 0.00000 0.06667 0.08000 0.04000 0.02667 0.06667 0.10667 0.02667 0.00000 0.04000 0.05333 0.01333 0.00000 0.04000 0.17333
GNM13062                       0.04000 0.14667 0.01333 0.02667 0.02667 0.01333 0.08000 0.09333 0.02667 0.02667 0.05333 0.04000 0.01333 0.04000 0.05333 0.09333 0.04000 0.00000 0.01333 0.16000
GNM13064                       0.05333 0.13333 0.02667 0.01333 0.02667 0.01333 0.06667 0.05333 0.02667 0.13333 0.05333 0.10667 0.01333 0.02667 0.02667 0.06667 0.04000 0.00000 0.02667 0.09333
GNM13066                       0.05333 0.12000 0.08000 0.02667 0.02667 0.01333 0.04000 0.05333 0.02667 0.12000 0.05333 0.10667 0.01333 0.02667 0.02667 0.06667 0.02667 0.00000 0.02667 0.09333
GNM11032                       0.04000 0.14667 0.00000 0.01333 0.02667 0.01333 0.06667 0.05333 0.02667 0.09333 0.06667 0.10667 0.02667 0.02667 0.04000 0.05333 0.02667 0.00000 0.04000 0.13333
GNM11363                       0.05333 0.10667 0.00000 0.02667 0.02667 0.00000 0.09333 0.06667 0.02667 0.06667 0.10667 0.12000 0.01333 0.02667 0.04000 0.05333 0.02667 0.00000 0.05333 0.09333
GNM11375                       0.05333 0.05333 0.01333 0.04000 0.02667 0.02667 0.04000 0.08000 0.05333 0.05333 0.05333 0.10667 0.00000 0.04000 0.04000 0.09333 0.09333 0.00000 0.02667 0.10667
GNM11381                       0.08000 0.06667 0.02667 0.01333 0.01333 0.01333 0.08000 0.05333 0.01333 0.06667 0.02667 0.14667 0.00000 0.02667 0.01333 0.09333 0.06667 0.00000 0.04000 0.16000
GNM11382                       0.09333 0.06667 0.02667 0.01333 0.01333 0.01333 0.06667 0.05333 0.04000 0.06667 0.02667 0.13333 0.01333 0.02667 0.02667 0.09333 0.04000 0.00000 0.04000 0.14667
GNM11841                       0.06667 0.09333 0.01333 0.05333 0.02667 0.01333 0.06667 0.06667 0.04000 0.01333 0.05333 0.06667 0.02667 0.02667 0.06667 0.06667 0.08000 0.00000 0.01333 0.14667
GNM11931                       0.05333 0.09333 0.00000 0.05333 0.01333 0.01333 0.09333 0.05333 0.04000 0.02667 0.04000 0.06667 0.02667 0.01333 0.06667 0.09333 0.06667 0.00000 0.02667 0.16000
GNM12040                       0.06667 0.10667 0.00000 0.06667 0.01333 0.01333 0.08000 0.05333 0.04000 0.04000 0.06667 0.06667 0.02667 0.01333 0.06667 0.06667 0.09333 0.00000 0.01333 0.10667
GNM12071                       0.02632 0.10526 0.00000 0.05263 0.01316 0.01316 0.10526 0.05263 0.02632 0.03947 0.03947 0.07895 0.02632 0.01316 0.06579 0.07895 0.07895 0.00000 0.03947 0.14474
GNM12125                       0.04000 0.13333 0.05333 0.01333 0.01333 0.01333 0.05333 0.08000 0.05333 0.08000 0.05333 0.08000 0.01333 0.01333 0.05333 0.01333 0.05333 0.01333 0.02667 0.14667
GNM12126                       0.04000 0.10667 0.02667 0.01333 0.01333 0.01333 0.08000 0.08000 0.04000 0.06667 0.06667 0.12000 0.01333 0.01333 0.04000 0.04000 0.02667 0.01333 0.02667 0.16000
GNM12128                       0.05333 0.14667 0.02667 0.01333 0.01333 0.00000 0.06667 0.09333 0.04000 0.06667 0.06667 0.08000 0.01333 0.02667 0.04000 0.05333 0.04000 0.01333 0.01333 0.13333
GNM12182                       0.02667 0.13333 0.01333 0.02667 0.01333 0.00000 0.06667 0.09333 0.04000 0.06667 0.06667 0.09333 0.01333 0.02667 0.05333 0.05333 0.06667 0.00000 0.02667 0.12000
GNM12342                       0.05333 0.10667 0.01333 0.02667 0.02667 0.01333 0.06667 0.05333 0.05333 0.05333 0.02667 0.10667 0.01333 0.04000 0.06667 0.04000 0.05333 0.00000 0.02667 0.16000
GNM12346                       0.06667 0.08000 0.02667 0.02667 0.02667 0.01333 0.08000 0.05333 0.04000 0.02667 0.05333 0.12000 0.01333 0.04000 0.04000 0.08000 0.04000 0.00000 0.02667 0.14667
GNM12351                       0.05333 0.08000 0.02667 0.04000 0.02667 0.06667 0.02667 0.05333 0.05333 0.06667 0.02667 0.10667 0.01333 0.01333 0.05333 0.05333 0.05333 0.00000 0.04000 0.14667
GNM12356                       0.05333 0.06667 0.01333 0.05333 0.04000 0.01333 0.06667 0.06667 0.04000 0.09333 0.01333 0.12000 0.01333 0.04000 0.06667 0.04000 0.05333 0.00000 0.02667 0.12000
GNM12357                       0.02667 0.06667 0.01333 0.04000 0.02667 0.01333 0.08000 0.06667 0.04000 0.05333 0.04000 0.12000 0.01333 0.04000 0.04000 0.08000 0.09333 0.00000 0.02667 0.12000
GNM12366                       0.02667 0.06667 0.04000 0.02667 0.02667 0.01333 0.08000 0.08000 0.04000 0.05333 0.02667 0.10667 0.01333 0.04000 0.04000 0.08000 0.06667 0.00000 0.02667 0.14667
GNM12373                       0.05333 0.08000 0.04000 0.02667 0.02667 0.04000 0.08000 0.06667 0.04000 0.05333 0.02667 0.09333 0.02667 0.01333 0.04000 0.05333 0.05333 0.00000 0.04000 0.14667
GNM12385                       0.04000 0.12000 0.04000 0.02667 0.02667 0.01333 0.06667 0.08000 0.04000 0.02667 0.02667 0.08000 0.01333 0.02667 0.04000 0.05333 0.06667 0.00000 0.04000 0.17333
GNM12551                       0.04000 0.16000 0.01333 0.05333 0.02667 0.01333 0.10667 0.05333 0.02667 0.06667 0.04000 0.06667 0.02667 0.02667 0.05333 0.05333 0.02667 0.01333 0.01333 0.12000
GNM12554                       0.05333 0.08000 0.02667 0.04000 0.02667 0.02667 0.04000 0.06667 0.04000 0.04000 0.05333 0.10667 0.02667 0.01333 0.05333 0.05333 0.05333 0.00000 0.04000 0.16000
GNM12592                       0.05333 0.12000 0.01333 0.02667 0.02667 0.01333 0.09333 0.05333 0.04000 0.04000 0.04000 0.09333 0.02667 0.02667 0.05333 0.05333 0.04000 0.00000 0.02667 0.16000
GNM12602                       0.04000 0.09333 0.02667 0.02667 0.02667 0.04000 0.04000 0.05333 0.04000 0.06667 0.02667 0.10667 0.01333 0.01333 0.04000 0.09333 0.05333 0.00000 0.04000 0.16000
GNM12665                       0.02667 0.08000 0.02667 0.02667 0.02667 0.04000 0.04000 0.05333 0.04000 0.08000 0.02667 0.10667 0.01333 0.02667 0.05333 0.09333 0.05333 0.00000 0.02667 0.16000
GNM12745                       0.04000 0.08000 0.02667 0.05333 0.02667 0.02667 0.08000 0.05333 0.04000 0.05333 0.04000 0.13333 0.00000 0.04000 0.02667 0.08000 0.06667 0.00000 0.01333 0.12000
GNM12749                       0.04000 0.09333 0.01333 0.04000 0.02667 0.04000 0.04000 0.06667 0.05333 0.04000 0.02667 0.09333 0.02667 0.01333 0.05333 0.08000 0.05333 0.00000 0.04000 0.16000
GNM12758                       0.04000 0.10667 0.01333 0.04000 0.02667 0.01333 0.09333 0.05333 0.02667 0.04000 0.05333 0.13333 0.00000 0.02667 0.05333 0.05333 0.06667 0.00000 0.02667 0.13333
GNM12763                       0.05333 0.12000 0.01333 0.02667 0.02667 0.01333 0.09333 0.08000 0.02667 0.06667 0.02667 0.10667 0.00000 0.02667 0.05333 0.05333 0.05333 0.00000 0.02667 0.13333
GNM12766                       0.04000 0.08000 0.02667 0.02667 0.02667 0.01333 0.08000 0.05333 0.04000 0.05333 0.02667 0.13333 0.02667 0.04000 0.04000 0.06667 0.04000 0.00000 0.02667 0.16000
GNM12841                       0.02632 0.10526 0.00000 0.05263 0.01316 0.01316 0.10526 0.03947 0.02632 0.05263 0.05263 0.06579 0.02632 0.01316 0.09211 0.06579 0.06579 0.00000 0.02632 0.15789
GNM12849                       0.05333 0.05333 0.02667 0.04000 0.02667 0.04000 0.04000 0.05333 0.05333 0.04000 0.06667 0.12000 0.00000 0.04000 0.04000 0.08000 0.08000 0.00000 0.02667 0.12000
GNM12869                       0.06667 0.05333 0.02667 0.05333 0.02667 0.02667 0.04000 0.08000 0.04000 0.05333 0.05333 0.12000 0.00000 0.04000 0.04000 0.09333 0.05333 0.00000 0.02667 0.10667
GNM12896                       0.06667 0.08000 0.00000 0.02667 0.02667 0.05333 0.05333 0.05333 0.04000 0.04000 0.06667 0.10667 0.00000 0.02667 0.05333 0.09333 0.02667 0.00000 0.02667 0.16000
GNM12897                       0.06667 0.08000 0.00000 0.02667 0.02667 0.05333 0.05333 0.05333 0.04000 0.04000 0.05333 0.10667 0.00000 0.02667 0.05333 0.09333 0.02667 0.00000 0.02667 0.17333
GNM12902                       0.04000 0.08000 0.01333 0.02667 0.02667 0.01333 0.06667 0.06667 0.05333 0.09333 0.05333 0.12000 0.01333 0.04000 0.04000 0.05333 0.05333 0.00000 0.02667 0.12000
GNM12903                       0.05333 0.14667 0.01333 0.01333 0.01333 0.00000 0.08000 0.04000 0.04000 0.06667 0.06667 0.12000 0.02667 0.00000 0.05333 0.01333 0.04000 0.02667 0.02667 0.16000
GNM12906                       0.04000 0.14667 0.01333 0.01333 0.01333 0.00000 0.08000 0.04000 0.04000 0.05333 0.08000 0.12000 0.01333 0.00000 0.05333 0.02667 0.05333 0.02667 0.02667 0.16000
GNM12907                       0.05333 0.14667 0.01333 0.01333 0.01333 0.00000 0.08000 0.04000 0.04000 0.06667 0.06667 0.10667 0.02667 0.00000 0.06667 0.01333 0.05333 0.02667 0.02667 0.14667
GNM12909                       0.05333 0.14667 0.01333 0.01333 0.01333 0.00000 0.08000 0.04000 0.05333 0.08000 0.08000 0.10667 0.01333 0.00000 0.05333 0.01333 0.04000 0.02667 0.02667 0.14667
GNM12915                       0.05333 0.12000 0.02667 0.02667 0.01333 0.01333 0.06667 0.05333 0.06667 0.05333 0.05333 0.10667 0.00000 0.02667 0.05333 0.04000 0.05333 0.01333 0.02667 0.13333
GNM10046                       0.05333 0.09333 0.04000 0.02667 0.01333 0.01333 0.06667 0.05333 0.06667 0.05333 0.05333 0.12000 0.00000 0.02667 0.05333 0.04000 0.05333 0.01333 0.02667 0.13333
GNM12918                       0.05333 0.12000 0.02667 0.02667 0.01333 0.01333 0.06667 0.05333 0.06667 0.06667 0.05333 0.10667 0.00000 0.02667 0.05333 0.04000 0.05333 0.01333 0.02667 0.12000
GNM12931                       0.04000 0.12000 0.02667 0.02667 0.01333 0.01333 0.05333 0.08000 0.10667 0.04000 0.05333 0.09333 0.01333 0.01333 0.04000 0.01333 0.05333 0.01333 0.02667 0.16000
GNM12938                       0.04000 0.14667 0.02667 0.01333 0.01333 0.00000 0.09333 0.09333 0.04000 0.12000 0.05333 0.08000 0.00000 0.01333 0.04000 0.06667 0.02667 0.00000 0.04000 0.09333
GNM12996                       0.04000 0.13333 0.01333 0.01333 0.02667 0.01333 0.06667 0.08000 0.04000 0.10667 0.05333 0.09333 0.00000 0.01333 0.04000 0.08000 0.01333 0.00000 0.05333 0.12000
GNM13018                       0.04000 0.14667 0.01333 0.01333 0.02667 0.01333 0.06667 0.09333 0.04000 0.09333 0.05333 0.08000 0.00000 0.01333 0.04000 0.06667 0.02667 0.00000 0.05333 0.12000
GNM13027                       0.04000 0.16000 0.01333 0.04000 0.02667 0.00000 0.08000 0.08000 0.04000 0.12000 0.04000 0.06667 0.00000 0.02667 0.04000 0.04000 0.02667 0.00000 0.04000 0.12000
GNM13046                       0.06667 0.05333 0.01333 0.02667 0.02667 0.01333 0.06667 0.05333 0.04000 0.05333 0.04000 0.13333 0.00000 0.05333 0.04000 0.12000 0.04000 0.00000 0.01333 0.14667
GNM13053                       0.08000 0.09333 0.01333 0.02667 0.02667 0.01333 0.06667 0.08000 0.04000 0.08000 0.06667 0.12000 0.01333 0.02667 0.04000 0.02667 0.08000 0.00000 0.02667 0.08000
GNM13074                       0.06667 0.13333 0.02667 0.02667 0.01333 0.01333 0.06667 0.05333 0.06667 0.05333 0.05333 0.09333 0.00000 0.02667 0.05333 0.04000 0.05333 0.01333 0.02667 0.12000
GNM10010                       0.05333 0.09333 0.02667 0.02667 0.01333 0.00000 0.06667 0.06667 0.05333 0.05333 0.04000 0.14667 0.00000 0.02667 0.04000 0.05333 0.05333 0.01333 0.04000 0.13333
GNM10014                       0.05333 0.06667 0.02667 0.02667 0.01333 0.01333 0.06667 0.06667 0.05333 0.05333 0.04000 0.16000 0.00000 0.00000 0.04000 0.05333 0.04000 0.02667 0.04000 0.16000
GNM13090                       0.04000 0.10667 0.02667 0.02667 0.01333 0.01333 0.06667 0.06667 0.05333 0.06667 0.05333 0.12000 0.00000 0.02667 0.06667 0.05333 0.05333 0.01333 0.04000 0.09333
GNM13118                       0.05333 0.10667 0.01333 0.01333 0.01333 0.01333 0.08000 0.05333 0.05333 0.02667 0.05333 0.12000 0.01333 0.01333 0.08000 0.02667 0.01333 0.01333 0.02667 0.21333
GNM13126                       0.08000 0.06667 0.01333 0.01333 0.02667 0.01333 0.05333 0.05333 0.04000 0.05333 0.04000 0.14667 0.01333 0.02667 0.05333 0.05333 0.06667 0.00000 0.04000 0.14667
GNM13128                       0.06667 0.09333 0.00000 0.01333 0.02667 0.01333 0.06667 0.05333 0.04000 0.04000 0.05333 0.10667 0.01333 0.04000 0.05333 0.04000 0.08000 0.00000 0.02667 0.17333
GNM13208                       0.06667 0.12000 0.00000 0.01333 0.01333 0.00000 0.08000 0.04000 0.05333 0.09333 0.04000 0.12000 0.01333 0.00000 0.08000 0.01333 0.04000 0.02667 0.02667 0.16000
GNM13210                       0.04000 0.09333 0.00000 0.02667 0.01333 0.00000 0.05333 0.08000 0.08000 0.02667 0.05333 0.12000 0.02667 0.02667 0.04000 0.04000 0.05333 0.01333 0.01333 0.20000
GNM12773                       0.02667 0.09333 0.01333 0.02667 0.02667 0.01333 0.08000 0.06667 0.05333 0.06667 0.01333 0.10667 0.01333 0.05333 0.05333 0.06667 0.04000 0.00000 0.01333 0.17333
GNM12769                       0.04000 0.10667 0.01333 0.05333 0.02667 0.00000 0.06667 0.05333 0.04000 0.08000 0.02667 0.10667 0.04000 0.02667 0.05333 0.06667 0.08000 0.00000 0.02667 0.09333
GNM12768                       0.05714 0.17143 0.00000 0.07143 0.00000 0.01429 0.04286 0.04286 0.01429 0.02857 0.04286 0.11429 0.02857 0.00000 0.02857 0.02857 0.12857 0.01429 0.01429 0.15714

Homogeneity statistic: X2 = 24.57468 G = 25.33111 

Average                        0.05480 0.09820 0.02085 0.02923 0.02201 0.01497 0.06657 0.06532 0.03912 0.06149 0.04901 0.10907 0.01256 0.03137 0.04723 0.06398 0.04562 0.00294 0.02807 0.13759
(Ambiguity characters are used to calculate freqs.)


# constant sites:      0 (0.00%)

TREE #  1:  ((((((((47, 148), 133), (64, 98)), 99), 100), (((135, 136), (101, 63)), (134, 137))), ((((((127, 126), 129), 128), 147), (66, 46)), 144)), (((((((((((((((((((48, (51, 23)), 53), 55), (49, 52)), (57, 60)), 54), 28), (((75, 22), (25, 24)), 45)), ((((((((59, 58), 56), 61), 122), (20, 7)), (((50, (29, 41)), (8, 6)), (91, 21))), ((11, 73), 121)), 79)), 138), (((92, 78), 19), 93)), (((123, 77), 124), 42)), (((((83, 5), 82), (76, 14)), 32), (15, 72))), 44), (90, 74)), ((((43, 87), 88), (16, 139)), (((39, 86), 13), 62))), ((((1, 84), 85), (9, 2)), 40)), ((((37, 38), (3, 35)), (4, 33)), ((12, 36), (34, 89)))), (((((((27, 31), 30), (149, 26)), (70, 71)), 67), ((150, 69), 151)), ((18, 17), 68))), ((((((((((114, 113), 104), 112), 103), (((111, 109), 116), 108)), ((((96, 10), 97), (94, 120)), 95)), (65, 80)), ((146, 145), (81, 125))), ((((((107, 106), 105), 119), 102), ((115, 117), 118)), 110)), ((((141, 142), 143), 140), ((132, 130), 131))));   MP score: -1
lnL(ntime:299  np:300):  -7971.132331      +0.000000
 152..153 153..154 154..155 155..156 156..157 157..158 158..159 159..47  159..148 158..133 157..160 160..64  160..98  156..99  155..100 154..161 161..162 162..163 163..135 163..136 162..164 164..101 164..63  161..165 165..134 165..137 153..166 166..167 167..168 168..169 169..170 170..171 171..127 171..126 170..129 169..128 168..147 167..172 172..66  172..46  166..144 152..173 173..174 174..175 175..176 176..177 177..178 178..179 179..180 180..181 181..182 182..183 183..184 184..185 185..186 186..187 187..188 188..189 189..190 190..191 191..48  191..192 192..51  192..23  190..53  189..55  188..193 193..49  193..52  187..194 194..57  194..60  186..54  185..28  184..195 195..196 196..197 197..75  197..22  196..198 198..25  198..24  195..45  183..199 199..200 200..201 201..202 202..203 203..204 204..205 205..206 206..59  206..58  205..56  204..61  203..122 202..207 207..20  207..7   201..208 208..209 209..210 210..50  210..211 211..29  211..41  209..212 212..8   212..6   208..213 213..91  213..21  200..214 214..215 215..11  215..73  214..121 199..79  182..138 181..216 216..217 217..218 218..92  218..78  217..19  216..93  180..219 219..220 220..221 221..123 221..77  220..124 219..42  179..222 222..223 223..224 224..225 225..226 226..83  226..5   225..82  224..227 227..76  227..14  223..32  222..228 228..15  228..72  178..44  177..229 229..90  229..74  176..230 230..231 231..232 232..233 233..43  233..87  232..88  231..234 234..16  234..139 230..235 235..236 236..237 237..39  237..86  236..13  235..62  175..238 238..239 239..240 240..241 241..1   241..84  240..85  239..242 242..9   242..2   238..40  174..243 243..244 244..245 245..246 246..37  246..38  245..247 247..3   247..35  244..248 248..4   248..33  243..249 249..250 250..12  250..36  249..251 251..34  251..89  173..252 252..253 253..254 254..255 255..256 256..257 257..258 258..27  258..31  257..30  256..259 259..149 259..26  255..260 260..70  260..71  254..67  253..261 261..262 262..150 262..69  261..151 252..263 263..264 264..18  264..17  263..68  152..265 265..266 266..267 267..268 268..269 269..270 270..271 271..272 272..273 273..274 274..114 274..113 273..104 272..112 271..103 270..275 275..276 276..277 277..111 277..109 276..116 275..108 269..278 278..279 279..280 280..281 281..96  281..10  280..97  279..282 282..94  282..120 278..95  268..283 283..65  283..80  267..284 284..285 285..146 285..145 284..286 286..81  286..125 266..287 287..288 288..289 289..290 290..291 291..292 292..107 292..106 291..105 290..119 289..102 288..293 293..294 294..115 294..117 293..118 287..110 265..295 295..296 296..297 297..298 298..141 298..142 297..143 296..140 295..299 299..300 300..132 300..130 299..131
 0.153327 0.077379 0.036399 0.099972 0.025033 0.127718 0.072015 0.051420 0.217203 0.196338 0.000000 0.363272 0.223581 0.198361 0.159653 0.135863 0.000000 0.242181 0.026180 0.011680 0.000000 0.312677 0.096810 0.033410 0.135634 0.081053 0.291071 0.000000 0.133714 0.073133 0.014576 0.012864 0.077554 0.029937 0.047340 0.029171 0.043152 0.026041 0.558169 0.305101 0.287031 0.000000 0.060642 0.123796 0.000000 0.000000 0.020033 0.013119 0.204875 0.075591 0.043108 0.000000 0.109171 0.076657 0.028802 0.000000 0.074209 0.000000 0.035013 0.000000 0.000000 0.050219 0.099875 0.000000 0.353893 0.080113 0.026756 0.041897 0.020832 0.050803 0.066186 0.136478 0.196051 0.171776 0.042670 0.050971 0.121362 0.000000 0.000000 0.011571 0.000000 0.000000 0.069316 0.000000 0.147709 0.057386 0.064335 0.000000 0.012851 0.000000 0.000000 0.000000 0.000000 0.000000 0.000000 0.011405 0.000000 0.013239 0.012851 0.013041 0.000000 0.015399 0.089549 0.271674 0.065275 0.041424 0.000000 0.025752 0.036344 0.013237 0.000000 0.000000 0.035372 0.000000 0.000000 0.000000 0.024622 0.291252 0.055383 0.183044 0.062044 0.000000 0.019896 0.059506 0.081476 0.024878 0.115698 0.019063 0.012698 0.024907 0.000000 0.012277 0.018969 0.033533 0.041395 0.017558 0.035686 0.040088 0.012667 0.000000 0.092704 0.048257 0.000000 0.012547 0.104503 0.275667 0.015321 0.097381 0.180412 0.207272 0.000000 0.000000 0.056188 0.098202 0.404836 0.033152 0.000000 0.000000 0.070979 0.286979 0.130941 0.089257 0.026803 0.348792 0.096919 0.061187 0.046899 0.092745 0.124887 0.000000 0.151129 0.251695 0.238981 0.049760 0.001326 0.083929 0.564247 0.000000 0.000000 0.356925 0.109392 0.000000 0.092514 0.087614 0.000000 0.000000 0.034672 0.056363 0.062787 0.165765 0.000000 0.025909 0.113385 0.169984 0.012767 0.000000 0.071247 0.097021 0.141195 0.000000 0.041153 0.000000 0.117684 0.039993 0.025226 0.035795 0.260851 0.110831 0.131212 0.111400 0.131134 0.052948 0.000000 0.000000 0.037627 0.201374 0.000000 0.027751 0.351355 0.329348 0.675436 0.045466 0.153217 0.000000 0.000000 0.180771 0.075747 0.012715 0.062493 0.000000 0.000000 0.000000 0.000000 0.000000 0.145541 0.038373 0.024910 0.047956 0.113420 0.115071 0.195926 0.196059 0.032201 0.000000 0.115976 0.200133 0.109143 0.160299 0.262781 0.061427 0.000000 0.000000 0.102172 0.053626 0.033597 0.000000 0.169457 0.123562 0.092332 0.279744 0.163483 0.000000 0.250951 0.242892 0.016048 0.159985 0.058019 0.181421 0.172174 0.000000 0.064525 0.201397 0.015991 0.120171 0.010243 0.055308 0.063968 0.203592 0.000000 0.151474 0.007570 0.238928 0.176653 0.036903 0.074488 0.136472 0.306044 0.000000 0.045959 0.054056 0.024439 0.039035 0.065065 0.045662 0.000000 0.019480 0.012371 0.000000 0.017850 0.978864
