
Printing out site pattern counts


       143        158  P

GNM13746                        ---------- ---------- ---------- ---------- -----AAAAA ADDDEEEEEE EEEEFGGGGG GGGGHIIIII IIIIIKKKKK KKKKKKKLLL LLLLLLLMNN PPPPPPQQQQ QRRRRRRRRR RRRRRSSSSS TVVVVVVWWY YYYYYYYY
GNM13538                        ---------- ---------- ---------- -----AHKLL PPRRSAAAAH LDDDAEEGKK QRRVMAGGGG GGGGHIIIIM VVVVVAAAEK KKKRRRVKLL LLLMSVVMDN APPPPSCKPQ RKRRRRRRRR RRRRWAKSTV TKLPVVVWWF IRVVYYYY
GNM13876                        ---------- ---------- ---------- ------H--- -P--AAAEFS LDDDAEQMEK QHQEAAGGGG GGGSAHVVVK EVVVVAAKMK KKRKRSVRIL LLLMAEVFNN PPPPRSIPQQ KRALRRRRRR RRRRKRKSVR LQAPVVVWWP YRLVFYYY
GNM13680                        ---------- ---------- ---------- ----K-H--- -P--AAARVS IDDDAEEEKR RKKELYGGGG GGGGHIIIIK VIVVVAKEMK KKKRRRVHLL LLLASHEMDN VPPPPNSQPQ STTRRRRRRR RRRREGKAVV SSVPAVVWWY IKLAFYYY
GNM14837                        ---------- ---------- ---------- ------H--- -P--RAARVS LDDQAEEQTK RRKDLYGGGG GGGGHIIIVK VVIIVAQQMK KKRKTRTRLI LLMVSTNMDN FPPPANIQPQ DKARRRRRRR RRRRKGKGVT SIVPMVVWWF IRIAYFYY
GNM14249                        ---------- ---------- ---------- ------H--- -P--RAARVD LDDQAEEQTK RRKDLYGGGG GGGGHIIVVK VIIIVGQEMK KKRKTRTRLI LLMISTEMDN LPPPNNSQPQ EKARRRRRRR RRRRKGKGVT SAVPMVVWWF IRLAYFYY
GNM13928                        ---------- ---------- ---------- ------H--- -P--RAARVD LDDQAEDQTK RRKDLYGGGG GGGGHIIIVK VVIIVGQQMK KKRKTRTRLV LLMVSTNMDN FPPPNNVQPQ EKARRRRRRR RRRRKGKGVT SAVPMVVWWF IRIAYFYY
GNM13297                        ---------- ---------- ---------- -----AHKLL PPRRSAAAAH LDDDAEEGKK QRRVMAGGGG GGGGHIIIIM VVVVVAAAEK KKKRRRVKLL LLLMSVVMDN APPPPSCKPQ RKRRRRRRRR RRRRWAKSTV TKLPVVVWWF IRVVYYYY
GNM14865                        -----AAEGG GGGGHIKKKK LLNNNNPRRR RSTTERHGAL FPGRAAAEAE QDDDAEEQRP EKQELGGGGG GGNGRIIIQK IIIIVENRIK KKWRKRNRLV LLLKSEEADN VHPPGSSQTQ QNARKRRRRR RRRSRRGAVK TQVPVVVWWG IRQVHQYY
GNM13455                        ---------- ---------- ---------- ----A-H--- -K--RAARAQ LDDQAEEETK RRKDMYGGGG GGGGHIIIVK VIIVVQQEMK KKRRTRTRLV LLLVSTTMDN LPPPNDLQPQ EKARRRRRRR RRRRKGKAVV SAVPMVVWWF IRIAYFYY
GNM14483                        ---------- ---------- ---------- ------S--- -P--GAASVL MDDDAEDESQ RRKELWGGGG GGGGHIVVVK VMIICQKESK KKRRRRLKLV LLMASMEMDN VPPPPSSQPE AKARRRRRRR RRRRKSKSVT WRVPVVVLWP VRIIFFYY
GNM14872                        ---------- ---------- ---------- ----K-H--- -P--TAARVA IDDDAEEEKR RKKELHGGGG GGGGHIIIIK VIIVVAKEMK KKKRRRVHLL LMLASSEMDN VPPPPSSQPQ SQTRRRRRRR RRRREGKAVV SSVPVVVWWY IKLAFYYY
GNM13855                        ---------- ---------- ---------- ------H--- -P--SAAAVS IDDDAEEERK RKQDLYGGGG GGGGHIIIYK VLIVVQKEMK KKKHRRVHLV LMLASNEMDN VPPPPSNQPQ NRTRRRRRRR RRRRKGKSVV SSVIAVVWWL IKLVYFYY
GNM14445                        ---------- ---------- ---------- ------H--- -P--SASRVN ADDDAEDRQR KKKELYGGGG GGNGHMLIVR TIIIVNSNMK KKKRRRLRLL LILGSEEMDN VTPPSNASPQ SRTRRKRRRR RRRKKGKGIM TKVPIIVLWF FKLIFYYY
GNM14545                        ------L--- ---E---EKV -I--EN---- ---ETR-RFI I-RRIAAKAM LDDHAEDQEE YKEDMYGGGG GSGGAIVVIK IVIIVEKRKK KKRKKEKKLV LILMCVVGDN PPPPPSQPPR SSARTRKRRR RRRRKRKSVR TLVPVVVWWY FRMVYYYY
GNM14366                        ---------- ---------- ---------- ------H--- -P--RAARVS LDDQAEEQQK RKKDLYGGGG GGGGHMIIIR VFIVAIKEMK KKRKTRTRIL LLLASTEMDN LPKPSNAQQQ KKARRRRRRR RRRRKGKAVV SAIKVAVWWF MRIAYFYY
GNM14252                        ---------- ---------- ---------- ------H--- -P--RAARVD LDDQAEEQTK RRKDLYGGGG GGGGHIIIVK VIIVVGQEMK KKRKTRTRLI LLLISTEMDN LPPPNNCQPQ EKARRRRRRR RRRRKGKGVT SAVPMVVWWF IRLAYFYY
GNM13760                        ---------- ---------- ---------- ------H--- -P--RAARVQ LDDEAEEQTK RRKELYGGGG GGGGHIIIVK VIIIVGQEMK KKRKTRTRLI LLMVSTNMDN LPPPNNLQPQ EKARRRRRRR RRRRKGKGVT SAVPMVVWWF IRLAYFYY
GNM13982                        ---------- ---------- ---------- ----A-H--- -P--SAARVS LDDLAEVETK RKKELYGGGG GGGGHIIIIR VAIVVVNEMK KKRRTRTRLL LLMASTNMDN LPPPDNLQPQ EKARRRRRRR RRRRKGKGVR SVIPMVVWWF IRLAYYYY
GNM13960                        ---------- ---------- ---------- ------H--- -K--SAARVS LDDAAEEQQK RRKDLYGGGG GGGSHIIIVK VLIIVIKEMK KKRRARTRIL LFMASTEMDN LPKPNSLQPQ KKVRRRRRRR RRRRKGKGVT STVPMVVWWF IKLAYFYY
GNM14633                        ---------- ---------- ---------- ----A-H--- -P--RAARVS LDDLAEIETK RRKELYGGGG GGGGHIIIIK VVIVVAKEMK KKRRTRTRLL LLMASTQMDN LPPPDSLQPQ EKARRRRRRR RRRRKGKGVR SAIPMVVWWF IRLAYYYY
GNM14853                        ---------- ---------- ---------- ----A-H--- -P--RAARVS LDDLAEIETK RRKELYGGGG GGGGHIIIIK VVIVVAKEMK KKRRTRTRLL LLMASTQMDN LPPPDSLQPQ EKARRRRRRR RRRRKGKGVR SAIPMVVWWF IRLAYYYY
GNM14174                        -----RAEGG KSTGKKKKRK LLAFSVPGRR RSATHRHSVL FPRRVAAKTN MDDDAEEQLR EKEEMGGGGG GGNGRFLIIK IIIVVESKLK KKKKRRAKIV LLLLSIELDN VPPPPSGKPQ QKARRRRRRR RRRRERKAVR TKAPTVVWWW FRIVFFYY
GNM14748                        ---------- ---------- ---------- ------H--- -P--RAARVS LDDEAEEQTK RRKDLYGGGG GGGGHIIIIK VIIVVGQEMK KKRKTRTRLI LLMVSTEMDN LPPPNDLQPQ SKARRRRRRR RRRRKGKGVT SAVPMVVWWF IRLAYFYY
GNM14246                        -----AAEGV KGKGKREKRE LLHASVPRRR SSATRRHGVL FPGRAAAKAD MDDDAEGQLR EKEEMWGGGG GGNGRLVIIR IVIVVDSRLK KKSRRRAKLV LLLVSVELDN TPPPPSAAPQ QRTRRRRRRR RRRRERKSVT TQVPVVVWWW FRMVFFYY
GNM14640                        -----AAEGA KGEGKRKKLE LLRVSVPRRR RSATHRHGAL FPGRVAAKAS MDDDAEEQLR EKEEMWGGGG GGNGRYIIIK IVVVVESRMK KKWRRRAKLV LLLASHELDN VPPPPSVIPQ QKTRRRRRRR RRRRERKSVR TKAPVVVWWW FRMVFFYY
GNM14965                        ----I----- ---------- ---------- ----K-H--- -P--SAAKVY LDDDAEEERQ RSKELHGGGG GGGGHIIIIK VIIIVTHEMK KKKRRRVHLL LLMASQEMDN SPPPHSLQPQ STARRRRRRR RRRREGKSVV SSVPALVWWY IKLAFYYY
GNM13677                        ---------- ---------- ---------- ------H--- -P--AAAEFS LDDDAEQMEK QQQEAAGGGG GGGSAHVVVK EVVVVAAKMK KKRKRSVKIL LLLMAEVFHN PPPPKSIPQQ KRALRRRRRR RRRRKRKSVR LQAPVVVWWP YRLVFYYY
GNM14339                        ------Q--- ---V---T-- ----E----- ---KVKHKVL EPRRTAAGAY LDDDAELEEL NKYDMTGGGG GGGSAHVVIR EVIVVLSKMK KRRRRSVLPL IILRGVIFDN PPPPPTRPPQ ERSRRRRRRR RRRRHRKSTN LRLPVVVWWL FSLVYFYY
GNM14593                        ------K--- ---TK--E-K ----KKT--Q -S-KLRHRIE APKHSAAQAH IDDDAELQEK QKEDMAGGGG GGGGAHVIIK EVIAVKKKMK KKKKRQVKLV LLLLAVIFDN PPPPPSKPPQ ERARRRRHRR RRRRYRKAVR LRVPVVVWWW FRMVFFYY
GNM13825                        ------RFQ- -G-GE--V-K Q--PRP--V- --PLRKHRVL VPRRSAAQVY LDDDAELEEL NEYEATGGGG GGGSAHVVIR EVIVVRNKMK RKRKRAVKLL IILRGVIFDN VPPPPTRPPQ ERARRRRRRR RRRRHRKSVD LYFPVVVWWP FRLIHFYY
GNM14768                        ------K--- ---E---R-R ----KS---- ---ELKHKVL RPRRAAAKAH LDDDAELEEK QKERMAGGGG GGGGAHVIIR EVIIVREKMK KKRKRQVRLI LLLLAVIFDN PPPPPSKPPQ SRVRRRRRRR RRRRYRKSVR LLLPVVVWWW FRMVYYYY
GNM14776                        ------K--- ---E---R-K ----KS---- ---ELKHKVL RPRRAAAKAH LDDDAELEEK QKERMAGGGG GGGGAHVIIR EVIIVREKMK KKRKRQVKLI LLLLAVIFDN PPPPPSKPPQ SRARRRRRRR RRRRYRKSVR LLLPVVVWWW FRMVYYYY
GNM14715                        ---------- ---------- ---------- ------N--- -P--AAAAVL MDDDAEDQQK RREDLWGGGG GGGGHIVIVK VAIICERESK KKKRRRVKLV LLMASVEMDN VPPPPSQQPE TKARRRRRRR RRRRKSKSVT WRVPMVVLWP VRMVHYYY
GNM14639                        ---------- ---------- ---------- ---------- -----AARVN MDDDAEIEEK NKKDLYGGGG KGNGHIV-EV TIIIVKKEYK KKRKRRVKIL LLMVAVMKDN VPKPKNRKPK LKARRRRRRR RRRRKSKSVR TIVPVVLWWY YRLKYYYY
GNM13795                        ---------- ---------- ---------- ------H--- -P--RASRVS LDDEAEEQTK RRKDLYGGGG GGGGHIIIIK VIIVVGQEMK KKRKTRTRLI LLMVSTEMDN LPPPNNLQPQ SKARRRRRRR RRRRKGKGVT SAVPMVVWWF IRLAYFYY
GNM14166                        ---------- ---------- ---------- ----N-H--- -P--RAARVS LDDQAEEQRQ RRQDLHGGGG GNGGHIIIVK VLIVIEKEMK KKRRKRLRIL LLMASVEMDN LPVPNSLKPQ AKARRRRRRR RRRRNGKAVV SVVPMVVWWY IKLAFYYY
GNM14450                        ---------- ---------- ---------- ------H--- -P--AAARVN FDDDAEEEKQ RKQKLYGGGG GGGSHIIVIK VMIVCEKEMK KKKRRRVRIL LILASLEMSN VPIPPSAQPQ AKTRRRKRRR RRRKKGKAVK SFVPIVVLWY FKLVHFYY
GNM13515                        ---------- ---------- ---------- ----A-H--- -P--RAARVS LDDLAEEQQR RRKELYGGGG GGGGHIIIVK VVIIVSKEMK KKRKTRTRII LLMVSTEMDN LPAPDNLKPQ DKARRRRRRR RRRRSGKGVT SKVPMVVWWF IRLAYYYY
GNM14959                        ---VE-RSE- -E-QQ--R-K RV-SEL--IQ --QRRRHRRL RPGRAAAQAS MDDNAEDELQ EKEELGGGGG GPGGRIVIIR IIIIVESRLK KKKKRNYGIV YLMLSVEFDN VPPPPSARPQ QRSRKRRRRR RRRRERTSVN TRVPVVLWWW IRMVHYYY
GNM13413                        -----QAVGK RGLGYRRKRK LLEYSMWERK KKTTRRHGVL FPGRSAAAAH MDDDAESELR EKEDMAGGGG GGNGRYVIIK IVIIVESRLK KKKAKRYGLV LLLLSVEQDG VPPPPSAPPV QRSRRRRRRR RRRRERASVD TCVPVIVWWY FRMVFFYY
GNM14971                        ---------- ---------- ---------- ------H--- -K--S-A-VS LDD--E--QK RRK-LY--GG GGGSHI-I-K V-I-V-KEM- -K--ARTR-L -FM-S-EMDN LPK--SLQP- -----R-R-- -RRRKGKGVT -T-PM-V-WF ---AHF-Y
GNM14990                        ---------- ---------- ---------- ---------- -----AARI- L--AA-EQQK KT-D--GGGG GGF-HII-VK VL-I-I-KMK KKRRARTRIV LWEAITEM-H FP-PNSRQPQ EKARRRRGRR RRRRTGKGVT S-VKMVVW-F IKL-S-YF
GNM15005                        ---------- ---------- ---------- ------H--- -K--SAARVS LDDAAEEQQK RRKDLYGGGG GGGSHIIIVK VLIIVLKEMK KKRRARTRIL LFMASTEMDN LPKPNSLQPQ EKARRRRRRR RRRRKGKGVT STVPMVVWWF IKLAHFYY
GNM15014                        ---------- ---------- ---------- ------H--- -K--SAARVS LDDAAEEQQK RRKDLYGGGG GGGSHIIIVK VLIIVLKEMK KKRKARTRIL LFMASTEMDN LPKPNSLQPQ EKARRRRRRR RRRRKGKGVT STVPMVVWWF IKLAYFYY
GNM15022                        ---------- ---------- ---------- ------H--- -K--SAARVS LDDAAEEQQK RRKDLYGGGG GGGSHIIIVK VLIIVLKEMK KKRKARTRIL LFMASTEMDN LPKPNSLQPQ EKARRRRRRR RRRRKGKGVT STVPMVVWWF IKLAHFYY
GNM14995                        ---------- ---------- ---------- ----K-H--- -P--R-A-IS LDD--E--QK RRK-LY--GG GGGGHI-I-K V-I-V-KQM- -K--TRTK-L -LM-S-EMDN LPP--SLEP- -----R-R-- -RRRKGKGVR -A-PM-V-WF ---AYF-Y
GNM15017                        ---------- ---------- ---------- ----T-H--- -P--RASRVS LDDAAEEEQK RRKELYGGGG GGGGHIVIVK VVIIVVKEMK KKRKTRTKIL LLMASTEMDN LPPPNSLQPQ QNARRRRRRR RRRRKGKGVR SAIPMVVWWF IRLAYFYY
GNM14999                        ---------- ---------- ---------- ---------- -----AARV- L--AA-EQQK RK-E-TGGGG GGG-HII-VK VL-I-L-EMK KKRRARTRIF LFMASTEM-N LP-PNSLQPQ ETARRRRRRR RRRRKGKGVT S-VPMVVW-F IKL-Y-YY
GNM15024                        ---------- ---------- ---------- ------H--- -P--RAARVD LDDQAEEQTK RRKDLYGGGG GGGGHIIVVK VIIIVGQEMK KKRKTRTRII LLMISTEMDN LPPPNNSQPQ EKARRRRRRR RRRRKGKGVT SAVPMVVWWF IRLAYFYY
GNM15000                        ---------- ---------- ---------- ------H--- -P--RAARVD LDDQAEEQTK RRKDLYGGGG GGGGHIIVVK VIIIVGQEMK KKRKTRTRII LLMISTEMDN LPPPNNSQPQ EKARRRRRRR RRRRKGKGVT SAVPMVVWWF IRLAYFYY
GNM15026                        ---------- ---------- ---------- ----A-H--- -K--RAARVS LDDIAEDQQK RRKPLYGGGG GGGGHIIIAK VIIVVLKEMK KKRKTRTRIL LLMASIEMDN LPPPNSLQPQ DKARRRRRRR RRRRKGKGVR SAIRMVVWWF IKLAYFYY
GNM15001                        ---------- ---------- ---------- ------H--- -P--RAARVD LDDQAEEQTK RRKDLYGGGG GGGGHIIVVK VIIIVGQEMK KKRKTRTRII LLMISTEMDN LPPPNNSQPQ EKARRRRRRR RRRRKGKGVT STVPMVVWWF IRLAYFYY
GNM15027                        ---------- ---------- ---------- ------H--- -P--AAAAAA LDDHAEDEEQ NKEEMYGGGG GGGGHIIIIR IIIVVQNRSK KKTKRVVKLL LLLASVERDN VPPPASALPQ QRARRRKRRR RRRRKGKSVR TKVPVVVWWF FRIIFYYY
GNM15028                        ---------- ---------- ---------- ------H--- -K--SAARVS LDDAAEEQQK RKKELYGGGG GGGGHIIIVK VLIIVLNEMK KKRRARTRIL LFMASTEMDN LPKPNSLQPQ QSARRRRRRR RRRRKGKGVT STVPMVVWWF IKLAYFYY
GNM11003                        --N--QAVYK RGAGRKKKKK LVEHAAFERK KVTTRRHGVL FPRRVAAAAA MDDDAESEWR ERDELGGGGG GGGGRFIIIK IVIVVENRYK KKRKKNYGLV ILLMSVELDN VPPPNGAPQQ KETRRRRKRR RRRRERSKVN TKVPVVVWYF FRLVYYYY
GNM11023                        -----AAHGK RGLGKKRKKK LLEYSMWIRK KKTTKRHGPL FPGRAAAAAN MDDDAEEQLR EKEELGGGGG GGNGRFVILK IIIIVENRLK KKKKKRYGLV LLLLSLERDN VPPPPSQPPQ ARSRRRRRRR RRRRVRAKVN TKAPVVVWWY VRMVYYYY
GNM11055                        -----AAEGN RGKGKLRRRK LLFVSAPKRR RSATRRHGVL YPGRAAAAAD LDDDAEEEWQ EKEPLGGGGM GGNGGRIIQA IVIIVKSRLK KKWRRRNRLV LLMLSVERDN VPRPPNNTSK HRARRRRRRR RKRRERTKVN TKVPVVIWWW IRMVYFYY
GNM11146                        ----E-RGS- -E-QS--R-K RV-SELQ-IQ --GRRRHRRI IPGRAAAKAS MDDDAEQEVQ QREDMGGGGG GPGARVVIIR VIVVVKNRLK KKKKRNYGIV YLLLSLEFDN VPPPPNARPQ ARARKRRRRR RRRRERATVN TRVSVVVWWW VRIIFFYY
GNM11219                        ---------- ---------- ---------- ------H--- -P--S-A-AN MDD--E--LR EKE-IW-GGG -GNGRI-V-R I-LIV-GRLK -K--RRVK-V -LL-S-ERDN VPP--SAPQK ---R-R-R-- -RRRERRMVR -KVPVVV-WW F--VYY-Y
GNM11220                        ---------- ---------- ---------- ---------- ----IAAKAQ LDDHAE-QEQ NKEDFWGGGG GSGGALVVIK IVIVCAKKKK KKRKKEKKLV LLLLSVEGNN LPPPPSVPPP KRARTRKRRR RRRRKRKSVR TSVPVVVWWY IRMQYYYY
GNM11222                        ---------- --------K- ---------- ------H--- -P--A-A-VH MDD--E--QR EKA-LA---G --NG-V-I-- I-I-V-NKV- ------KK-V -LL-S-E-DN V-P--SA--- -------R-- ----E-T-V- -R-P----WE ---AFF-Y
GNM11223                        -L----A--- -G-G---K-K LL--SV--R- ---TRRLGVL FPGREAARAT MDDDAEELLR EKEELGGGGG GSNGRHILIK IVIVVKLRLK KKKKRSKKIV LLLLSFEMGN VPRPPSAPPR QKSLRRRKRR RRRRERKSVR TKVPTVVWWW YRMVFYYY
GNM11224                        -L----A--- -G-G---K-K LL--SV--R- ---TGRLGVL FPGREAARAT MDDDAEEQLR EKEELWGGGG GNNGRHIVIK IIIVVKIRLK KKKKRNKKIV LLLLSVELGN VPRPPSAPPR QKSLRRRRRR RRRRERKSVR TKVPAVVWWW YRMVFYYY
GNM11225                        -L----A--- -G-G---R-K LL--SV--R- ---TRRLGVL FPGREAARAT MDDDDEEQLR EKEELWGGGG GGNGRYILIK IIIVVELRIK KKQKRRKKIV LLLVSVEMGN VPRPPSAPQP QKARRRRRRR RRRRERKAVR TRVPVVVWWW YRMVYYYY
GNM11358                        ---------- ---------- ---------- ------H--- -P--AAAAVN IDDDAEEERK RKQELYGGGG GGGGHIIIYK VIIIVVKEMK KKKHRRVHIL LMLASHEMDN VPTPPSNQPQ NRTRRRRRKR RRRRRGKSVV SIVLIVVWWL IKIVYFYY
GNM11360                        ---------- ---------- ---------- ----A-H--- -K--RAARAQ LDDQAEEETK RRKDMYGGGG GGGGHIIIVK VIIVVQQEMK KKRRTRTRLV LLLVSTTMDN LPPPNDLQPQ EKARRRRRRR RRRRKGKAVV SAVPMVVWWF IRIAYFYY
GNM11362                        ---------- ---------- ---------- ------H--- -P--AAAAVS IDDDAEIERK RREDLFGGGG GGGGHIVVVR VIIICANEMK KKKKKRVKLL LRMISVEMDN VAKPHSAKPQ QRARRRRRRR RRRRESKAVR SKVPVVVAWY FRLVYFYY
GNM11367                        ---------- ---------- ---------- ----A-H--- -P--SAARVS LDDLAEVETK RKKELYGGGG GGGGHIIIIR VAIVVVNEMK KKRRTRTRLL LLMASTNMDN LPPPDNLQPQ EKARRRRRRR RRRRKGKGVR SVIPMVVWWF IRLAYYYY
GNM11377                        ---------- ---------- ---------- ----K-H--- -P--AAARVA IDDDAEEEKR RKKDMHGGGG GGGGHIIIIK VIIIVAKEMK KKKRRRVHLL LMLASNEMDN VPPPPSSQPQ SQTRRRRRRR RRRREGKAVV SSVPVVVWWY IKLAFYYY
GNM11380                        ---------- ---------- ---------- ----N-H--- -P--RAARVS LDDQAEEERQ RRQELHGGGG GNGGHIVIIK VLIVVQKEMK KKRRKRLRIV LLMASMEMDN LPVPNSLKPQ AKARRRRRRR RRRRDGKAVV SIVPMVVWWY IKLAFYYY
GNM11383                        ---------- ---------- ---------- ------H--- -P--RAARTA LDDQAEEQQQ KKKDLYGGGG GGGGHIIIIR VFIVVEKEMK KKRKTRTRIL LLLASNEMDN LPKPPNQQPQ KKARRRRRRR RRRRKGKAVV SSIKTVVWWF ITIAYFYY
GNM11491                        ---------- ---------- ---------- ----A-H--- -P--RAASVS LDDDAEDQQK RRKELYGGGG GGGGHIIVIR VVIVVIKEMK KKRRTRTRIV LLMVSTVMDN LPPPNSLQPQ DKARRRRRRR RRRRSGKGVR TAVPMVVWWF IRIAYFYY
GNM11804                        -----AAEGN RGEGKLKRRK LLFVSSPKRR RSATRRHGVL FPGRAAAAAS LDDDAEKEWQ EKEELGGGGM GGNGNKIIQA IVIIVKSRLK KKWRRRNRLV LVCLSVERDN VPRPPSATTK ERARRRRRRR RKRRERTKVN TLVPVVIWWW VRMVFFYY
GNM11805                        -----AADGN RGRAKIKYLK LLGSSNPLRR RSSTKRTGAL YPGRAAANVA LDDDAEGGVQ EKEDLGGGGA GGNGRMVIIK IIIIVSNDIK KRKRRHTKLV VLTMSEEQDN VIKPNNAPPE ERSRKKRRRR RRRRERTGYM TYVPAVVWYY YRQVYYYY
GNM12886                        ---------- ---------- ---------- ----K-H--- -P--SAARVS IDDDAEEEKR RKKELHGGGG GGGGHIIIIK VIIVVAKEMK KKKRRRVHLL LLLASHEMDN VPPPPNNQPQ STTRRRRRRH RRRREGKSVV NSVPAVVWWF IKLAFYYY
GNM12892                        ----I----- ---------- ---------- ----K-H--- -P--SAAKVY LDDDAEEERQ RSKELHGGGG GGGGHIIIIK VIIIVTHEMK KKKRRRVHLL LLMASQEMDN SPPPHSLQPQ STARRRRRRR RRRREGKSVV SSVPALVWWY IKLAFYYY
GNM12895                        ---------- ---------- ---------- ------H--- -P--AAARVN FDDDAEEEKQ RKQKLYGGGG GGGSHIIVIK VMIVCEKEMK KKKRRRVRIL LILASLEMSN VPIPPSAQPQ AKTRRRKRRR RRRKKGKAVK SFVPIVVLWY FKLVHFYY
GNM13060                        ---------- ---------- ---------- ---------- -----AASAN LDDDDEEEEK EIEEFGGGGG GGGGHIVIII IIIVIKKKKK KKKKKKKLLL LLLLLLLMNN PPPPPSKQQP NSRRRRRRRR RRRRKSSSSN TAVVVVVWWY YYYVYYYY
GNM13062                        ---------- ---------- ---------- ------H--- -P--AAAAAM MDDDAEDQQQ RREDLWGGGG GGGGHIVIVK VMIVCENESK KKRRRRLKLV LLMASLEMDN LPPPPSSQPE AKARRRRRRR RRRRRSKSVT WRIPMVVLWP VRMIHYYY
GNM13064                        ---------- ---------- ---------- ------H--- -P--SASSVS ADDDAELQQK KKKELYGGGG GGNGHMLIIR TIIVVESRMK KKRRRRVKLV LLLASTEMDN VPPPNNSPQQ EKTRRRRRRR RRRKHGKAVK TKVPIVVWWF IRIVYYYY
GNM11032                        ------T--- ---V---K-K ----R----- ---QKKHRVL APRRSAASCY LDDDDELEEL NKYDLTGGGG GGGSAHVVIR EVIVVKGKMK KKRKRSVLLL LLLRGVIFDN PPPPPTRPPR ERARRRRRRR RRRRYRKSTN LRVPVVVWWP FRMVFFYY
GNM11363                        ---------- ---------- ---------- ------H--- -P--AAAAVS IDDDAEIERK RREDLFGGGG GGGGHIVVVR VIIICANEMK KKKKKRVKLL LRMISVEMDN VAKPHSAKPQ QRARRRRRRR RRRRESKAVR SKVPVVVAWY FRLVYFYY
GNM11375                        ---------- ---------- ---------- ------H--- -P--RAARVQ LDDEAEEQTK RRKELYGGGG GGGGHIIIVK VIIIVGQEMK KKRKTRTRLI LLMVSTNMDN LPPPNNLQPQ EKARRRRRRR RRRRKGKGVT SAVPMVVWWF IRLAYFYY
GNM11381                        ---------- ---------- ---------- ------H--- -P--RAARTA LDDAAEEQGQ QKKDLYGGGG GGGGHIIIIR VFIVIEKEMK KKRKTRTRIL LLLASHEMDN LPKPPNAQQQ KKARKRRRRR RRRRKGKAVV SVIKTVVWWF ITIAYFYY
GNM11382                        ---------- ---------- ---------- ------H--- -P--RAASTS LDDQAEEQQK NKKELYGGGG GGGGHILIVR VFIVVIKQMK KKRKTRTRIL LLLASTEMDN LPPPNSAKQQ EKARKRRRRR RRRRKGKAVV SSIKAVVWWF IKIAYFYY
GNM11841                        -----SAEGN GGGGKLKRKR LLGTGNPKRR RSSTARHGVL FPDRAAASAN QDDDAEEERQ ETQELGGGGG GSNGRIIIQK VVIIVENRIK KKWRKRTRLV QLLQSEEADN VHPPGDSRSQ QNARKRRRRR RRRSRRTAVK TQAPVVVWWS VRQIFHYY
GNM11931                        -----AAEGD RGKGGTSRKR LLKLSAPNRR NSTTKRHGVK FGNRAAAEAE QDDDAEEERQ EKEDLGGGGG GTNGRIVIQK IIIVADNRLK KKWRKRNRLV LLLKSEEADN TFPPGNSSTQ QKARKRRRRR RRRSRRGAVK TQVVVVVWWW VRQLYFYY
GNM12040                        -----SAEGG RGGGHAKRKS LLSTNNPRRR GSATKRHGAL FAGRAAAEAE QDDDAEEQRQ EKEDLGGGGG GGAGRLIIQK IIIIIENRIK KKWRKRNRLV LLLKSVEADN TFPPGSAKSQ QDARKRRRRR RRRARRGSVT TEAPVIVWWW VRQIYHYY
GNM12071                        -----GAEGN RGGGKVKTTK QLDTSGPQRR TSTTKRHGAL FPGRAASEAN QDDDAEEERQ EKEELGGGGG GGNGRLIIQK IIIVVENRIK KKWRKRNRLV LLLKSEESDN VHPPGSSQSQ QDARKRRRRR RRRSRRSAVK TEARVVVWWW VRQVYHYY
GNM12125                        -----QAHGK RGLGKKKKRK LLEYSMWKRK KKTTRRHGVL FPGRAAAAAS MDDDAEEQLR EKEELGGGGG GGNGRYIVMR IVIIVERRTK KKKKKNYGIV LLMISVELDN VPRPPSAPPQ RRSRRRRRRR RRRRERAKVN TCVPVVVWWY IRWVYYYY
GNM12126                        -----EAHGK RGLGNKRRRK LLEYSMWKRK KKTTRRHGVK FPGRAAAAAH MDDDAEEELR EKEELAGGGG GGNGRYIIIR IVIVVKSRTK KKKKKNYGLV LLLISVELDG VPPPPSAPPQ QRARRRRRRR RRRRERAKVN TCVPVVVWWW VRMVYYYY
GNM12128                        -----YAHEK RGLGKKKRKK LLEHSMWKRK KRTTRRHGVK FPGRAAARAH MDDDAELELR EKEELGGGGG GGNGRHIIIK IIIIVKNRLK KKKKKRYGIV LLLLSVELDN VPPPPSAPPP QRSRRRRRRR RRRRERASIR TIVRVVVWFY IRMVYYYY
GNM12182                        -----KAIGK RGQGHRKRKR LVEYSTIERK KATTRRNGVL FPGRVAAAAH MDDDAETQFQ EKEELAGGGG GGGGRFIIVK IVIIVESRLK KKRKKDYGLV LLLLSTEMDG VPPPNSAQPQ QNTRRRRKRR RRRKEESSVN TMAPVVVWYY IRIVFYYY
GNM12342                        -----AAEGH RGGGKIKKIK LLGVSGPRRR RSATRRHGAL FPGRAAAAAY LDDDPEQERQ EKEELGGGSG GGNGTIIIQK IVIIVQARIK KAWRRRNKLV LLMLSVELDN VPPPPSAPPQ ERARRRRRRR RKKRERTNVK TKVPVVVWWW IRLVYYYY
GNM12346                        -----AAEGH RGGGKVKKKK QLDNSGPRRY QSTTRRHGAL EPGRSAAAAH MDDDAEEERQ VKQDLGGGGG GGNGHLIIQK MVIIIESRIK KKWRRRRTLV LLMLSVERDN VYPPPSSSSQ EKTRRRRRKR RKRHERTRLS TAAPAVVWWW IRFVFYYY
GNM12351                        -----SAEGN NGSGKVKRTK MLLTSGPRRR RSTTSRHGVK FPGRVASSAS TDDDAEDERQ EKEELGGGGG GSNGHIVIQK IVIVVVSRIK KQWRRRNKIV LLMLSTEMDN VYPPGSASTQ EKSRRRRRRR RRRKERTRKI TKAPVVVWWW IRRVYYYY
GNM12356                        -----AAEGN KGGGKIKKKK LLKVSGPLRR RGATTRHGVL FPNRSAASAN MDDDAEGERQ EREELGGGSA GGNGTIVIQK IVIIVDNKIK KAWKRRNKIV LLLMSVELDN VPVPPSAPPQ AKTRRRRRRR RKKAERTHMK TKAPVVVWWS VRQIYYYY
GNM12357                        -----AAEGN KGTGKVKKKK LLGASGPKRR RSATKRQGVL TPGRSAANAC MDDDAEEERQ EKQELGGGSG GGNGTIIIQK IVIVVDNKIK KAWRRRNKIV LLMMSIELDN VPPPPSAPPQ AKSRRRRRRR RKKSERTHIK TKVPVVVWWW IRQVYYYY
GNM12366                        -----AAEGN KGTGKVKKKK LLGASGPKRR RSATKRHGAL NPGRSAANAC LDDDAEEERQ EKQELGGGSG GGNGTIIIQK IVIVVTNKIK KSWRRRNKIV LLMMSVELDN APPPPSAPPQ AKSRRRRRRR RKKSERTHVQ TKVPVVVWWW VRLIYYYY
GNM12373                        -----SAEGH NGGGKLKRTR LLKCSAPQRR TSTTRRSGVK FPGRSAAEAN MDDDAEKQSQ ERQELGGGGG GGNGRALVQK IVIIVTATLK KNWRRRRKIV LLMMSVERDN VYRPGNASTQ ERARRRRRRR RRRSERTRMI TLVPAVIWYW IRLVYYYY
GNM12385                        -----SAEGH NGGGKIKMRK MLATSGPRRR RSTTRRHGAK EPGRSAASAH MDDDAEAERQ EKEELGGGGG GGNGRLVIQK MIIVVTSRLK KAWHRRRRIV LLMLSVERDN AYGPGSSPSQ ERSRRRRRRR RRRKERTRMT TKVPVVIWWW IRLVFFYY
GNM12551                        -----AAEGH RGGGKLKKKK LLRVGAPRRR RSATKRHGVK FPGRQAARAY MDDEAEEGWQ EKEKMGGGGG GGNGRFIIPK IVIVVKSRKK RKKRKRNKIV LLLLSQERDN VPPPPSQSPP EKSRRRRRRR RRRREPSKKK TKVPVVVWYW YRLVYYYY
GNM12554                        -----SAEGH NGGGKIKRRK MLATSGPQRR RSTTRRHGAK EPGRSAAAAH MDDDAEAERQ ERQDLGGGAG GGNGRSIIQA IVIAVVSVIK KAWRRRNSIV LLMMSTERDN VYGPGSSSSQ DRSRRRRRRR RRRHERTRKV TQVPVVVWYW IRLVYYYY
GNM12592                        -----AAEGH GGGGKIKKFK LLDTSGPRRR RSTTRRHGAK EPGRAAAAAN MDDDAERERQ ERQELGGGNA GANGHQIIIK IVIVVASRLK KKARRRHRLV LLMMSQELDN VYPPMSSSTQ QRSRRRRRRR RRRRERNRMV TKARVLVWWW IRRVFFYY
GNM12596                        -----AAEGY SGGGKIKRKK MLKTSGPRRR RSTTRRHGAK TPGRVAASAH MDDDAEEQRQ VREELGGGGG GGNGKVIIQH IVIVVVSRIK KQWRRGNKIV LLLLSTELDN VPPPGSDVTQ EKSRRRRRRR RRRNERSRKN TKVPVVVWWW IRRVYFYY
GNM12602                        -----AAEGN SGGGKIKQKK MLKTSGPRRR RSTTRRHGAK APDRVAASAF MDDDAEEQRQ AKEELGGGGG GGNGKIIIQK IVIVVVSRIK KQWRRGSKIV LLLMSTELDN VPPPGRDTTQ EKSRKRRRRR RRRKERTRTN TKAPVVVWWW IRRVYFYY
GNM12665                        -----AAEGH SGGGKIKRKK MLKTSGPRRR RSTTRRHGAK TPGRVAASAH MDDDAEEQRQ AKEELGGGGG GGNGKVIIQH IVIVVVSRIK KQWRRGNKIV LLLLSTELDN VPPPGSDVTQ EKSRRRRRRR RRRNERSRKN TKVPVVVWWW IRRVYFYY
GNM12745                        ------AEG- -G-GK--KKK LL-VSG--RR --ATTRCGAL FPRRSAARVQ MDDDAEEQRQ EKEDLWGGGG GSNGRIIIPK MIIVVKHRIK KKRKRRNKIV LLLLSIERDN VFPPPSASPT ERVRRRRRRR RDRRERSNVK TQAPIVVWYW YRMVYYYY
GNM12749                        -----AAEGN NGAGKVKVKK MLACSGPRRR RSTTRRHGSL EPGRSAAAAH MDDDAEAERQ EKERLGGGGG GGNGRKVIQA IIIVVDNRIK KAWRRRNRIV LLMMSVERDN VYPPGSCSTQ ERSRRRRRRR RRRKERTRVV TIVPVVVWWW IRLLYYYY
GNM12758                        ------E--- ---G------ -L--S----- ---IRRHGVL FLGRAAAAVN MDDDAEEDRK EKEELWGGGG GSNGRIIIPK IIIIVKNRIK RTWRRRKKIV LLMASKEQDN VFPPPSATPP ERVRRRRRRR RRRRERTAVK TKVPTVVWFW YRMVYYYY
GNM12763                        ------EEG- -G-GK--RKK LI-VSN--RR --ATRRHGVL FPGRVAASAH MDDDSEEERK EKEKLWGGGG GGNGRIIIPK IVIVVKSRLK KKMRRKKKIV LLLASQERDN VFPPNSASPQ ERARRRRRKR RRRREKTAVK TKAPVVVWWW FRMVFFYY
GNM12766                        -----AAEGH RGGGKIKKKK LLGVSGPRRR KSATKRHGVL FPGRAAASAH LDDDPEQERQ EKEELGGGSG GGNGTIIIQK IVIIVQARIK KAWRRRNKLV LLMMSVELDN VPPPPSASPQ ERARRRRRRR RKKRERTGVT TKVPVVVWWW IRLVYYYY
GNM12841                        -----AAEGN KGGGHIKQKR QLDTSGPRRR RSTTRRHGAR YGGRAAASSE QDDDAEEQRQ EKEELGGGGG GTNGRIIIQK IIIVVENRLK KKWRKRNKLV LLLQSEEADN VFPPGNGQSQ QDARKRRRRR RRRSRRTAVK TQARVVVWWW VRQLFFYY
GNM12849                        ---------- ---------- ---------- ----A-H--- -P--RAARVM LDDQAEEDTR RRKDLYGGGG GGGGHIIIVK VIIVVEQEMK KKRRTRTRLV LLMVSTVMDN LPPPNDLQPQ DKARRRRRRR RRRRKGKAVV SAVPMVVWWF IRIAYFYY
GNM12869                        ---------- ---------- ---------- ------H--- -P--RAARVD LDDQAEEQTK RRKDLYGGGG GGGGHIIVVK VVIIVGQEMK KKRKTRTRII LLMVSTEMDN LPPPNNSQPQ EKARRRRRRR RRRRKGKGVT SAVPMVVWWF VRLAYFYY
GNM12896                        ---------- ---------- ---------- ----N-H--- -P--RAARVS LDDQAEEERQ RRQDLHGGGG GNGGHIVIIK VLIVVQKEMK KKRRKRLRIV LLMASVEMDN LPIPNSLKPQ AKARRRRRRR RRRRDGKAVV SIVPMVVWWY IKLAFYYY
GNM12897                        ---------- ---------- ---------- ----N-H--- -P--RAARVS LDDQAEEQHQ RRQELHGGGG GNGGHIIIIK VLIVVEKEMK KKRRKRLRIV LLMASVEMDN LPPPNGLKPQ AKARRRRRRR RRRRNGKAVV SIVPMVVWWY IKLAFYYY
GNM12902                        -----AAAGN RGRGKIRYLK LVGSSSPLRR RSSTKRSGVL YPGRAAASAS LDDDAEPSLQ EKEDLGGGGA GGNGRLLVVR IVIIVSSDIK KRKYKHNKLV LLMMSVEQDN VIRPGSAPPQ AKSRRKRRRR RRRRERTGYM TLVPSIVWYY FRQIYYYY
GNM12903                        E---R-RSA- -E-QQ--KKK YL-QET--I- --PRPRLRIL IPRRTAAKAN MDDEAERAQR EKDELAGGGG GPNGRIVIIR VIIVVENRWK KKRRRNYGLV LLLLSVEFDN VPCPPSARPQ KKARRRRRRR RRRREMTSVD FKVPVVLWYW VIMIHFYY
GNM12906                        Q---R-RGG- -E-QQ--KKK YL--ET--I- --ERPRQRIL MLRRTAAKAN MDDEPERAQR EKDELAGGGG GPNGRIVIIR VIIVVEGRWK KKRRRNYGLV LVLLSVEFDG VPCPPSARPQ KRSRRRRRRR RRRREMTSVD FRAPVVIWYW VIMIFFYY
GNM12907                        ----R-RSG- -E-QT--RKK HL-AEL--I- --TRPRQRLL APRRTAAKAN MDDEPEREQR EKDELAGGGG GPNGRIVIIR VIIVVKRRWK KKRRRNYGLV LLLLSVEFDG VPCPPSARPQ SKARRRRRRR RRRREITSVD FQAPVVLWYW VVMIFFYY
GNM12909                        ----R-KQG- -E-QQ--RKR YL-SEV--I- --ERPRLRIL IPRRTAAKAN MDDEAERAQR EKDELAGGGG GPNGRIVIIR VIIVVENRWK KKRRRNYGLV LLLLSVEFDN VPCPPSARPQ KKSRRRRRRR RRRREITSVD FRVPVVLWYW VIMIYFYY
GNM12915                        -----AAEGN GGGGKIKKKK LLEISGPKRR RSATKRHGVL FPGRVAAAAH MDDDAEQEWQ EKEEMGGGGG GGNGKYIIIR IVIVVKSRLK QSKRRKVKLV LLLMSVERDN VWPPPSAPPQ QRARRRRKRR RKRRERSGQK TKVPVIVWWW YRLVFFYY
GNM10046                        -----AAEGN GGGGKIKKKK LLEVSGPKRR RSATKRHGVL FPGRVAAAAH MDDDAEEEWQ EKEEMGGGGG GGNGKYIIIR IVIVVKSRLK QSKRKKVKLV LLLMSVERDN VWPPPSAPPQ QRVRRRRKRR RKRRERSGQK TKVPVIVWWW YRLVFFYY
GNM12918                        -----AAEGN GGGGKIKKKK LLEISGPKRR RSATKRHGVL FPGRVAAAAH MDDDAEQEWQ EKEEMGGGGG GGNGKYIIIR IVIIVKSRLK QSKRRKVKLV LLLMSVERDN VWPPPSAPPQ QRSRRRRKRR RKRRERSGQK TKVPVIVWWW YRLVFFYY
GNM12931                        -----QAIYK RGLGKRKKKK LLEYSMWLRK KKTTRRHGVL FPRRAAAAAH MDDDAETELR EKEELGGGGG GGNGRFIIIK IIIIVKNRLK KKRKKRYGLV LLLLSIELDN VPPPPSAQPQ QRARRRRRRR RRRRERAKIN TCVPVIVWWY FRMVYYYY
GNM12938                        -----QAVGK RGLGQKKQKK LIERSSWQRK KKTTRRHGVL FPKRVAAAAS MDDNAESQWR EKEDMAGGGG GGGGRYIIIK IIIVVESRYK KKRRRNYGLV LLLLSTELDN VPYPPGAPPQ KRARRRRRRR RRRRERGSVN TRVPVMVWYY FRLVFYYY
GNM12996                        -----QAVGK RGEGKRKKKK LVEHSAWERK KSTTRRHGVL FPNRVAASAS MDDNAEGEWK EKEAMGGGGG GGGGRYLIIK IIIVIENRYK KKRKRNYGLV LLLFSVELDN VPPPPGAPPQ QKSRRRRRRR RRRRERGKVN TKVPVIVWYY FRLVYYYY
GNM13018                        -----QAVGK RGEGRRKKKK LVEYSVWERK KNTTRRHGVL FPNRVAASAS MDDNAESEWR EKEAMGGGGG GGGGRYLIIK IIVVIKSRYK KKRKRNYGLV LLLLSVELDN VPPPPGAPPQ QKSRRRRRRR RRRRERSKVN TKVPVIVWYY FRLVYYYY
GNM13027                        -----EAVGK RGQGKKKKKK LVEHSAWERK KKTTRRHGVL FPKRVAAAAN MDDNAE-SWR EKEDMGGGGG GGGGRYIIIK IVIVIESRYK KKRKRNYGLV ILLLSEELDN VPPPPGAPPQ QKARRRRKRR RRRRERSSVN TKVPVVVWYY FRLVFYYY
GNM13046                        ---------- ---------- ---------- ------H--- -P--RAARVS LDDQAESEEK RRKELYGGGG GGGGHIIIVR VLIVVGKEMK KKRKTRTRIL LLMASTEMDN LPPPDSLKPQ EKARKRRRRR RRRRKGKSVR SAIPMVVWWF IKIAHHYY
GNM13074                        -----AAEGN GGGGKIKKKK LLKVSSPKRR RSATKRHGVL FPGRVAASAH MDDDAEQEWQ EKEEMGGGGG GGNGKYIIIR IVIVVKSRLK QSKRRKVKLV LLLMSVERDN VWPPPSAPPQ VRSRRRRKRR RKRRERSGMR TKVPVIVWWW YRLVFFYY
GNM10010                        -----AAEGN GGTGKVKKKK LLKVSGPKRR RSATKRHGVL FPGRVAASAH MDDDAEEEWQ EKEEMGGGGG GGNGKYIIIR IVIVVKSRLK QSKRRKVKLV LLLMSVERDN VWPPPSAPPQ KRVRRRRKRR RKRRERSGMK TKVPVVVWWW YRLVFFYY
GNM10014                        -----AAEGH GGGGKIKKKR LLQVSSPKRR RSATKRHGVL FPGRVAASAH MDDDAEEDWQ EKEEMGGGGG GGNGKYIIIR IVIVVQSRLK QSKRRKVKLV LLLMSKERDN VWPPPSAPPQ KRVRRRRKRR RKRRERSGMK TKVPVVVWWW YRLVFFYY
GNM13090                        -----AAEGN GGTGKVKRKK LLKVSSPKRR RSATKRHGVL FPGRVAASAH MDDDAEQEWQ EKEEMGGGGG GGNGKYVIIR IVIVVKSRLK QSKRRKVKLV LLLMSVERDN VWPPPSAPPQ KRVRRRRKRR RKRRERSGMK TKVPVIVWWW YRLVFFYY
GNM13118                        -----A-ASG KDE-KEEK-V LLEL-TVERD NSK-K-H-V- -PAGAAAAAH MDDNAEQEQQ EKEPMGGGGG GGGGRYIVMR IVVIVLRRAK KKRRKNYGIV LLLFSVELDN VPPPPSAPPQ ERTRRRRRRR RRRRVRSSVS TKAPVVVWWY YRMVFYYY
GNM13126                        -----SASGN RGRGKIRYKK LLGSSVPLRR RSSTTRHGVL YPGRNAAAAS MDDDSEDGLK EKEELGGGGA GGNGRLLIIR IIIIVENDLK KRKHRNNKIV LLMMSVESDN VIRPPSAEPD KHSRRKRRRR RRRRERTGYM TFVPSVVWYY FRVVYFFY
GNM13128                        -----AASGN RGRGKIRYKK LVGSSVPLRR RSSTTRHGVL YPGRNAAAAS LDDDSEDGLK EKEDLGGGGA GGNGRLLIIR IVIIVGNDLK KRKHRNNKIV LLLMSVESDN VIKPPSAEPD SHSRRKRRRR RRRRERTGYM TYVPSVVWYY FREVYYYY
GNM13208                        ----R-RSS- -E-QK--R-R KV--QL--I- --ARKRARKL MPRWTAAAAN MDDNAERQQQ EKDEMAGGGG GPGGRIVIIR VIIVVESRWK KKRRRNYGLV LLLLSVEFDN VPPPPNSRPQ ARARRRRRRR RRRRERTSVD TKVPVVLWYW VRMIYYYY
GNM13210                        -----QATGK RGLGSRKKRK LLEYSMWLRK KKTTRRHGVL FPGRAAAEAH MDDDAEEQLR EKEELGGGGG GGNGRYVIIK IVIVVESRIK KKRSKRYGLV LLLLSVEQDG VPPPPSAPPP QRSRRRRRRR RRRRERASVD TCAPVIVWWY FRMVFYYY
GNM12773                        -----KSESR NN-GKK-K-R LLKKAIPKRN RKPTKRVGVL NLRRSAAATT MDNDAEEQLR EKEEMGGGGG GGNGRYIKIK IIIIVLHKLK KKKKRRAKLV LLLLSIELNN VPKPPSGQPQ EKTRRRRRRR RRRKERKAVK TQAPTIVYWW YRMIFFYY
GNM12768                        ------A--- -G-G---K-K LL--SV--R- ---TRRHGVL HPGRSAASAH LDDTAEAQLK EAEELGGGGG GGNGRFVIIK IIIVVAGKMK KRKRRRTKLV LLLKSVELDT VPPPHSGTQQ QRARRRRRRR RRRRERVGVT LQVQVVVWWW FRAVYFYY



    1    1    1    1    1    1    1    1    1    1    1    1    1    1    1
    1    1    1    1    1    1    1    1    1    1    1    1    1    1    1
    1    1    1    1    1    1    1    1    1    1    1    1    1    1    1
    1    1    1    1    1    1    1    1    1    1    1    1    1    1    1
    1    1    1    1    1    1    1    1    1    1    1    1    1    1    1
    1    1    1    1    1    1    1    1    1    1    1    1    1    1    1
    1    1    1    1    1    1    1    1    1    1    1    1    1    1    1
    1    1    1    1    1    1    1    1    1    1    1    1    1    1    1
    1    1    1    1    1    1    1    1    1    1    1    1    1    1    1
    1    1    1    1    1    1    1    1    1    1    1    1    1    1    1
    1    1    1    1    1    1    1    1

AAML (in paml version 4.9h, March 2018)  tmp0051.txt
Model: Empirical,  (../wag.dat) dGamma (ncatG=4) ns = 143  ls = 158


Frequencies..
                                    A      R      N      D      C      Q      E      G      H      I      L      K      M      F      P      S      T      W      Y      V
GNM13746                       0.05310 0.12389 0.01770 0.02655 0.00000 0.04425 0.08850 0.07965 0.00885 0.08850 0.08850 0.10619 0.00885 0.00885 0.05310 0.04425 0.00885 0.01770 0.07965 0.05310
GNM13538                       0.09756 0.17073 0.00813 0.03252 0.00813 0.01626 0.02439 0.07317 0.02439 0.04065 0.07317 0.09756 0.03252 0.00813 0.06504 0.03252 0.01626 0.02439 0.03252 0.12195
GNM13876                       0.10345 0.15517 0.01724 0.02586 0.00000 0.05172 0.05172 0.06034 0.02586 0.01724 0.06897 0.08621 0.02586 0.02586 0.06897 0.04310 0.00000 0.01724 0.03448 0.12069
GNM13680                       0.07692 0.14530 0.01709 0.03419 0.00000 0.01709 0.05983 0.07692 0.03419 0.05983 0.05983 0.10256 0.01709 0.00855 0.05983 0.05128 0.01709 0.01709 0.04274 0.10256
GNM14837                       0.06034 0.16379 0.02586 0.04310 0.00000 0.05172 0.01724 0.08621 0.01724 0.08621 0.04310 0.08621 0.03448 0.02586 0.05172 0.02586 0.04310 0.01724 0.03448 0.08621
GNM14249                       0.05172 0.16379 0.02586 0.04310 0.00000 0.04310 0.04310 0.09483 0.01724 0.06897 0.06034 0.08621 0.03448 0.01724 0.05172 0.02586 0.04310 0.01724 0.03448 0.07759
GNM13928                       0.05172 0.16379 0.03448 0.05172 0.00000 0.05172 0.01724 0.09483 0.01724 0.06034 0.04310 0.08621 0.03448 0.02586 0.05172 0.01724 0.04310 0.01724 0.03448 0.10345
GNM13297                       0.09756 0.17073 0.00813 0.03252 0.00813 0.01626 0.02439 0.07317 0.02439 0.04065 0.07317 0.09756 0.03252 0.00813 0.06504 0.03252 0.01626 0.02439 0.03252 0.12195
GNM14865                       0.07190 0.15686 0.05882 0.02614 0.00000 0.06536 0.07190 0.12418 0.02614 0.06536 0.05229 0.08497 0.00000 0.00654 0.03922 0.03268 0.02614 0.01961 0.01307 0.05882
GNM13455                       0.07692 0.17094 0.01709 0.04274 0.00000 0.05128 0.04274 0.07692 0.01709 0.05983 0.05983 0.08547 0.03419 0.01709 0.04274 0.01709 0.04274 0.01709 0.03419 0.09402
GNM14483                       0.05172 0.16379 0.00862 0.04310 0.00862 0.02586 0.05172 0.07759 0.00862 0.04310 0.06034 0.08621 0.04310 0.01724 0.06897 0.07759 0.00862 0.02586 0.01724 0.11207
GNM14872                       0.06838 0.14530 0.00855 0.03419 0.00000 0.02564 0.05983 0.07692 0.03419 0.06838 0.05128 0.10256 0.02564 0.00855 0.05983 0.05983 0.01709 0.01709 0.03419 0.10256
GNM13855                       0.05172 0.13793 0.03448 0.04310 0.00000 0.03448 0.04310 0.07759 0.03448 0.06034 0.06034 0.09483 0.02586 0.00862 0.05172 0.06034 0.00862 0.01724 0.04310 0.11207
GNM14445                       0.03448 0.15517 0.05172 0.04310 0.00000 0.01724 0.03448 0.08621 0.01724 0.07759 0.07759 0.11207 0.03448 0.02586 0.04310 0.06034 0.03448 0.00862 0.03448 0.05172
GNM14545                       0.04580 0.14504 0.01527 0.03817 0.00763 0.01527 0.07634 0.06107 0.00763 0.07634 0.04580 0.12214 0.03053 0.01527 0.06107 0.03817 0.02290 0.01527 0.05344 0.10687
GNM14366                       0.09483 0.16379 0.01724 0.03448 0.00000 0.05172 0.03448 0.07759 0.01724 0.06897 0.06034 0.12069 0.03448 0.02586 0.02586 0.03448 0.02586 0.01724 0.03448 0.06034
GNM14252                       0.05172 0.16379 0.02586 0.04310 0.00862 0.04310 0.04310 0.09483 0.01724 0.06897 0.06897 0.08621 0.02586 0.01724 0.05172 0.01724 0.04310 0.01724 0.03448 0.07759
GNM13760                       0.05172 0.16379 0.03448 0.02586 0.00000 0.04310 0.05172 0.09483 0.01724 0.06897 0.06897 0.08621 0.03448 0.01724 0.05172 0.01724 0.04310 0.01724 0.03448 0.07759
GNM13982                       0.06838 0.17094 0.03419 0.03419 0.00000 0.01709 0.04274 0.08547 0.01709 0.05983 0.08547 0.07692 0.03419 0.00855 0.05128 0.03419 0.03419 0.01709 0.04274 0.08547
GNM13960                       0.06034 0.15517 0.01724 0.03448 0.00000 0.03448 0.03448 0.07759 0.01724 0.06897 0.06897 0.12069 0.03448 0.02586 0.03448 0.05172 0.03448 0.01724 0.03448 0.07759
GNM14633                       0.07692 0.17949 0.00855 0.03419 0.00000 0.02564 0.04274 0.08547 0.01709 0.06838 0.08547 0.08547 0.03419 0.00855 0.05128 0.03419 0.03419 0.01709 0.04274 0.06838
GNM14853                       0.07692 0.17949 0.00855 0.03419 0.00000 0.02564 0.04274 0.08547 0.01709 0.06838 0.08547 0.08547 0.03419 0.00855 0.05128 0.03419 0.03419 0.01709 0.04274 0.06838
GNM14174                       0.06536 0.16993 0.01961 0.02614 0.00000 0.01961 0.05882 0.08497 0.01307 0.05229 0.07190 0.13072 0.01307 0.03922 0.05229 0.04575 0.03268 0.01961 0.01307 0.07190
GNM14748                       0.05172 0.16379 0.01724 0.04310 0.00000 0.03448 0.04310 0.09483 0.01724 0.06897 0.06897 0.08621 0.03448 0.01724 0.05172 0.03448 0.04310 0.01724 0.03448 0.07759
GNM14246                       0.07843 0.18954 0.01307 0.03922 0.00000 0.02614 0.05882 0.08497 0.01307 0.02614 0.07190 0.07190 0.01961 0.02614 0.05229 0.05229 0.03268 0.02614 0.01307 0.10458
GNM14640                       0.07843 0.18301 0.01307 0.02614 0.00000 0.01961 0.07190 0.07843 0.01961 0.03268 0.06536 0.09150 0.02614 0.02614 0.05229 0.04575 0.01961 0.03268 0.01961 0.09804
GNM14965                       0.05932 0.13559 0.00847 0.03390 0.00000 0.03390 0.05932 0.07627 0.05085 0.07627 0.07627 0.08475 0.02542 0.00847 0.05085 0.07627 0.01695 0.01695 0.04237 0.06780
GNM13677                       0.10345 0.13793 0.00862 0.02586 0.00000 0.06034 0.05172 0.06034 0.02586 0.01724 0.06897 0.10345 0.02586 0.02586 0.06897 0.04310 0.00000 0.01724 0.03448 0.12069
GNM14339                       0.03876 0.17829 0.02326 0.03876 0.00000 0.01550 0.05426 0.06977 0.02326 0.03876 0.09302 0.06202 0.01550 0.02326 0.07752 0.04651 0.03876 0.01550 0.03876 0.10853
GNM14593                       0.08148 0.13333 0.00741 0.03704 0.00000 0.04444 0.05185 0.05926 0.03704 0.04444 0.05926 0.15556 0.02222 0.02963 0.06667 0.02222 0.01481 0.02222 0.02222 0.08889
GNM13825                       0.05036 0.19424 0.02158 0.03597 0.00000 0.02878 0.05755 0.07194 0.02878 0.04317 0.07194 0.05755 0.00719 0.03597 0.08633 0.02158 0.01439 0.01439 0.03597 0.12230
GNM14768                       0.06107 0.19847 0.00763 0.03053 0.00000 0.02290 0.06107 0.06107 0.02290 0.04580 0.09160 0.10687 0.02290 0.01527 0.06870 0.03053 0.00000 0.02290 0.03817 0.09160
GNM14776                       0.06870 0.18321 0.00763 0.03053 0.00000 0.02290 0.06107 0.06107 0.02290 0.04580 0.09160 0.12214 0.02290 0.01527 0.06870 0.03053 0.00000 0.02290 0.03817 0.08397
GNM14715                       0.06897 0.16379 0.01724 0.05172 0.00862 0.03448 0.05172 0.06897 0.01724 0.03448 0.05172 0.08621 0.04310 0.00000 0.06897 0.04310 0.01724 0.02586 0.02586 0.12069
GNM14639                       0.04464 0.16071 0.04464 0.04464 0.00000 0.00000 0.04464 0.05357 0.00893 0.06250 0.06250 0.17857 0.02679 0.00000 0.03571 0.01786 0.01786 0.01786 0.07143 0.10714
GNM13795                       0.04310 0.16379 0.02586 0.03448 0.00000 0.03448 0.04310 0.09483 0.01724 0.06897 0.06897 0.08621 0.03448 0.01724 0.05172 0.04310 0.04310 0.01724 0.03448 0.07759
GNM14166                       0.06838 0.17094 0.04274 0.03419 0.00000 0.04274 0.04274 0.06838 0.02564 0.05983 0.08547 0.08547 0.03419 0.00855 0.04274 0.03419 0.00000 0.01709 0.03419 0.10256
GNM14450                       0.06897 0.12931 0.01724 0.02586 0.00862 0.03448 0.05172 0.06897 0.02586 0.06897 0.06034 0.13793 0.02586 0.03448 0.05172 0.04310 0.00862 0.00862 0.03448 0.09483
GNM13515                       0.05983 0.17094 0.01709 0.04274 0.00000 0.02564 0.04274 0.08547 0.01709 0.06838 0.06838 0.09402 0.03419 0.00855 0.04274 0.04274 0.03419 0.01709 0.04274 0.08547
GNM14959                       0.04196 0.20280 0.02797 0.02797 0.00000 0.05594 0.08392 0.06993 0.01399 0.06993 0.05594 0.05594 0.02098 0.00699 0.05594 0.05594 0.01399 0.02098 0.03497 0.08392
GNM13413                       0.06536 0.16993 0.00654 0.03922 0.00654 0.01961 0.05882 0.09150 0.01307 0.03922 0.07190 0.08497 0.02614 0.02614 0.05229 0.05229 0.01961 0.01961 0.04575 0.09150
GNM14971                       0.04054 0.12162 0.01351 0.04054 0.00000 0.02703 0.04054 0.09459 0.04054 0.04054 0.06757 0.12162 0.05405 0.04054 0.04054 0.06757 0.04054 0.01351 0.02703 0.06757
GNM14990                       0.07368 0.16842 0.01053 0.01053 0.00000 0.04211 0.04211 0.09474 0.02105 0.08421 0.04211 0.11579 0.03158 0.04211 0.03158 0.03158 0.05263 0.02105 0.01053 0.07368
GNM15005                       0.06897 0.15517 0.01724 0.03448 0.00000 0.03448 0.04310 0.07759 0.02586 0.06034 0.07759 0.11207 0.03448 0.02586 0.03448 0.05172 0.03448 0.01724 0.02586 0.06897
GNM15014                       0.06897 0.14655 0.01724 0.03448 0.00000 0.03448 0.04310 0.07759 0.01724 0.06034 0.07759 0.12069 0.03448 0.02586 0.03448 0.05172 0.03448 0.01724 0.03448 0.06897
GNM15022                       0.06897 0.14655 0.01724 0.03448 0.00000 0.03448 0.04310 0.07759 0.02586 0.06034 0.07759 0.12069 0.03448 0.02586 0.03448 0.05172 0.03448 0.01724 0.02586 0.06897
GNM14995                       0.04000 0.13333 0.01333 0.04000 0.00000 0.02667 0.04000 0.10667 0.02667 0.05333 0.08000 0.12000 0.05333 0.02667 0.06667 0.04000 0.02667 0.01333 0.04000 0.05333
GNM15017                       0.05983 0.16239 0.02564 0.02564 0.00000 0.03419 0.05128 0.08547 0.01709 0.05983 0.06838 0.09402 0.03419 0.01709 0.05128 0.04274 0.03419 0.01709 0.03419 0.08547
GNM14999                       0.07292 0.17708 0.02083 0.00000 0.00000 0.04167 0.05208 0.09375 0.01042 0.05208 0.07292 0.09375 0.04167 0.03125 0.04167 0.03125 0.05208 0.01042 0.03125 0.07292
GNM15024                       0.05172 0.16379 0.02586 0.04310 0.00000 0.04310 0.04310 0.09483 0.01724 0.07759 0.05172 0.08621 0.03448 0.01724 0.05172 0.02586 0.04310 0.01724 0.03448 0.07759
GNM15000                       0.05172 0.16379 0.02586 0.04310 0.00000 0.04310 0.04310 0.09483 0.01724 0.07759 0.05172 0.08621 0.03448 0.01724 0.05172 0.02586 0.04310 0.01724 0.03448 0.07759
GNM15026                       0.07692 0.17094 0.01709 0.04274 0.00000 0.03419 0.02564 0.08547 0.01709 0.08547 0.07692 0.11111 0.03419 0.01709 0.04274 0.03419 0.01709 0.01709 0.03419 0.05983
GNM15001                       0.04310 0.16379 0.02586 0.04310 0.00000 0.04310 0.04310 0.09483 0.01724 0.07759 0.05172 0.08621 0.03448 0.01724 0.05172 0.02586 0.05172 0.01724 0.03448 0.07759
GNM15027                       0.09483 0.14655 0.02586 0.03448 0.00000 0.03448 0.05172 0.07759 0.02586 0.07759 0.06034 0.08621 0.00862 0.02586 0.05172 0.03448 0.01724 0.01724 0.03448 0.09483
GNM15028                       0.06897 0.14655 0.02586 0.02586 0.00000 0.04310 0.04310 0.08621 0.01724 0.06034 0.07759 0.10345 0.03448 0.02586 0.03448 0.05172 0.03448 0.01724 0.03448 0.06897
GNM11003                       0.07143 0.15584 0.03896 0.03247 0.00000 0.01948 0.06494 0.09091 0.01299 0.03896 0.05195 0.11688 0.01299 0.03247 0.03896 0.01948 0.02597 0.01299 0.05195 0.11039
GNM11023                       0.07190 0.15686 0.03268 0.02614 0.00000 0.01961 0.05229 0.09150 0.01307 0.03922 0.09150 0.13072 0.01961 0.01307 0.05882 0.02614 0.01961 0.01961 0.04575 0.07190
GNM11055                       0.07843 0.20261 0.04575 0.03268 0.00000 0.01307 0.05229 0.08497 0.01307 0.04575 0.07190 0.08497 0.01961 0.01307 0.04575 0.03268 0.02614 0.03268 0.02614 0.07843
GNM11146                       0.06993 0.20280 0.03497 0.03497 0.00000 0.04895 0.05594 0.07692 0.00699 0.06294 0.04196 0.06294 0.01399 0.02098 0.04895 0.04196 0.01399 0.02098 0.02797 0.11189
GNM11219                       0.03704 0.19753 0.03704 0.03704 0.00000 0.01235 0.06173 0.07407 0.01235 0.04938 0.06173 0.07407 0.02469 0.01235 0.06173 0.03704 0.00000 0.03704 0.03704 0.13580
GNM11220                       0.06195 0.12389 0.02655 0.02655 0.00885 0.03540 0.04425 0.07080 0.00885 0.04425 0.07080 0.15044 0.00885 0.00885 0.07080 0.04425 0.01770 0.02655 0.04425 0.10619
GNM11222                       0.11110 0.05555 0.05555 0.05555 0.00001 0.01853 0.09258 0.03704 0.03704 0.05555 0.05555 0.09258 0.01853 0.03704 0.05555 0.03704 0.01853 0.01853 0.01853 0.12961
GNM11223                       0.04412 0.16912 0.01471 0.02206 0.00000 0.00735 0.05882 0.08824 0.00735 0.03676 0.11765 0.11765 0.02206 0.02206 0.05147 0.05147 0.02941 0.02206 0.02941 0.08824
GNM11224                       0.05147 0.16912 0.02941 0.02206 0.00000 0.01471 0.05882 0.08824 0.00735 0.05147 0.10294 0.11029 0.01471 0.01471 0.05147 0.03676 0.02206 0.02941 0.02941 0.09559
GNM11225                       0.05147 0.19853 0.01471 0.02941 0.00000 0.02941 0.06618 0.08824 0.00000 0.05147 0.08824 0.08088 0.02206 0.00735 0.05147 0.02206 0.02206 0.02941 0.04412 0.10294
GNM11358                       0.05172 0.13793 0.03448 0.03448 0.00000 0.02586 0.05172 0.07759 0.04310 0.10345 0.05172 0.09483 0.02586 0.00862 0.04310 0.03448 0.01724 0.01724 0.04310 0.10345
GNM11360                       0.07692 0.17094 0.01709 0.04274 0.00000 0.05128 0.04274 0.07692 0.01709 0.05983 0.05983 0.08547 0.03419 0.01709 0.04274 0.01709 0.04274 0.01709 0.03419 0.09402
GNM11362                       0.09483 0.17241 0.01724 0.04310 0.00862 0.01724 0.05172 0.06897 0.02586 0.06034 0.04310 0.10345 0.02586 0.02586 0.03448 0.04310 0.00000 0.00862 0.03448 0.12069
GNM11367                       0.06838 0.17094 0.03419 0.03419 0.00000 0.01709 0.04274 0.08547 0.01709 0.05983 0.08547 0.07692 0.03419 0.00855 0.05128 0.03419 0.03419 0.01709 0.04274 0.08547
GNM11377                       0.07692 0.14530 0.01709 0.04274 0.00000 0.02564 0.05128 0.07692 0.03419 0.07692 0.04274 0.10256 0.03419 0.00855 0.05983 0.05128 0.00855 0.01709 0.03419 0.09402
GNM11380                       0.06838 0.17094 0.03419 0.03419 0.00000 0.04274 0.05128 0.06838 0.02564 0.05983 0.07692 0.08547 0.04274 0.00855 0.04274 0.03419 0.00000 0.01709 0.03419 0.10256
GNM11383                       0.06897 0.14655 0.02586 0.03448 0.00000 0.06034 0.04310 0.07759 0.01724 0.07759 0.06034 0.12069 0.01724 0.02586 0.04310 0.02586 0.04310 0.01724 0.03448 0.06034
GNM11491                       0.05983 0.17949 0.01709 0.05128 0.00000 0.03419 0.02564 0.08547 0.01709 0.06838 0.05128 0.06838 0.03419 0.01709 0.05128 0.04274 0.03419 0.01709 0.03419 0.11111
GNM11804                       0.07843 0.18954 0.03922 0.02614 0.00654 0.01307 0.06536 0.07843 0.00654 0.03922 0.07190 0.09150 0.01307 0.02614 0.03922 0.04575 0.03268 0.03268 0.01307 0.09150
GNM11805                       0.07843 0.15033 0.05229 0.04575 0.00000 0.01961 0.05229 0.09804 0.00654 0.05882 0.05882 0.08497 0.01961 0.00000 0.03922 0.04575 0.03922 0.00654 0.07190 0.07190
GNM12886                       0.05983 0.13675 0.03419 0.03419 0.00000 0.01709 0.05983 0.07692 0.05128 0.06838 0.05983 0.10256 0.01709 0.01709 0.05983 0.05128 0.01709 0.01709 0.02564 0.09402
GNM12892                       0.05932 0.13559 0.00847 0.03390 0.00000 0.03390 0.05932 0.07627 0.05085 0.07627 0.07627 0.08475 0.02542 0.00847 0.05085 0.07627 0.01695 0.01695 0.04237 0.06780
GNM12895                       0.06897 0.12931 0.01724 0.02586 0.00862 0.03448 0.05172 0.06897 0.02586 0.06897 0.06034 0.13793 0.02586 0.03448 0.05172 0.04310 0.00862 0.00862 0.03448 0.09483
GNM13060                       0.03540 0.10619 0.04425 0.03540 0.00000 0.01770 0.06195 0.07965 0.00885 0.07965 0.09735 0.13274 0.00885 0.00885 0.05310 0.06195 0.00885 0.01770 0.07080 0.07080
GNM13062                       0.07759 0.17241 0.01724 0.05172 0.00862 0.03448 0.05172 0.06897 0.02586 0.04310 0.06897 0.06034 0.06034 0.00000 0.06897 0.05172 0.00862 0.02586 0.02586 0.07759
GNM13064                       0.04310 0.14655 0.03448 0.03448 0.00000 0.03448 0.04310 0.06897 0.02586 0.06034 0.06034 0.11207 0.02586 0.00862 0.05172 0.06034 0.03448 0.01724 0.04310 0.09483
GNM11032                       0.03846 0.19231 0.02308 0.04615 0.00769 0.00769 0.03846 0.06923 0.01538 0.02308 0.09231 0.09231 0.01538 0.03077 0.07692 0.03846 0.03077 0.01538 0.03846 0.10769
GNM11363                       0.09483 0.17241 0.01724 0.04310 0.00862 0.01724 0.05172 0.06897 0.02586 0.06034 0.04310 0.10345 0.02586 0.02586 0.03448 0.04310 0.00000 0.00862 0.03448 0.12069
GNM11375                       0.05172 0.16379 0.03448 0.02586 0.00000 0.04310 0.05172 0.09483 0.01724 0.06897 0.06897 0.08621 0.03448 0.01724 0.05172 0.01724 0.04310 0.01724 0.03448 0.07759
GNM11381                       0.08621 0.13793 0.01724 0.03448 0.00000 0.05172 0.04310 0.08621 0.02586 0.08621 0.06034 0.12069 0.01724 0.02586 0.03448 0.01724 0.04310 0.01724 0.03448 0.06034
GNM11382                       0.07759 0.12931 0.02586 0.02586 0.00000 0.05172 0.04310 0.07759 0.01724 0.06897 0.06897 0.12931 0.01724 0.02586 0.03448 0.05172 0.03448 0.01724 0.03448 0.06897
GNM11841                       0.07190 0.16993 0.04575 0.03922 0.00000 0.06536 0.05882 0.10458 0.01961 0.04575 0.05229 0.07190 0.00000 0.01307 0.03268 0.06536 0.03922 0.01961 0.01307 0.07190
GNM11931                       0.07843 0.16340 0.05229 0.04575 0.00000 0.04575 0.06536 0.09804 0.00654 0.03268 0.06536 0.09804 0.00000 0.01961 0.01961 0.04575 0.04575 0.02614 0.01961 0.07190
GNM12040                       0.10458 0.16340 0.03268 0.03922 0.00000 0.04575 0.06536 0.11765 0.01961 0.06536 0.05882 0.07843 0.00000 0.01307 0.02614 0.05229 0.03268 0.02614 0.01961 0.03922
GNM12071                       0.05882 0.15686 0.03922 0.03922 0.00000 0.05882 0.07843 0.11111 0.01961 0.03922 0.05229 0.08497 0.00000 0.00654 0.02614 0.06536 0.04575 0.02614 0.01961 0.07190
GNM12125                       0.05882 0.17647 0.02614 0.02614 0.00654 0.01961 0.05882 0.09150 0.01307 0.04575 0.05882 0.11765 0.02614 0.00654 0.04575 0.03268 0.02614 0.02614 0.05229 0.08497
GNM12126                       0.07190 0.16993 0.02614 0.02614 0.00654 0.01307 0.06536 0.09150 0.01961 0.03922 0.06536 0.11111 0.01961 0.00654 0.05229 0.02614 0.02614 0.02614 0.04575 0.09150
GNM12128                       0.05229 0.18301 0.01961 0.02614 0.00000 0.00654 0.05882 0.08497 0.03268 0.07190 0.07843 0.12418 0.01961 0.01307 0.05229 0.03268 0.01961 0.01307 0.04575 0.06536
GNM12182                       0.06536 0.13725 0.02614 0.03268 0.00000 0.03922 0.06536 0.09804 0.01307 0.05882 0.05882 0.09804 0.01961 0.02614 0.03922 0.03922 0.04575 0.00654 0.04575 0.08497
GNM12342                       0.08497 0.16340 0.02614 0.02614 0.00000 0.03268 0.05882 0.09804 0.01307 0.06536 0.07190 0.08497 0.00654 0.00654 0.06536 0.03268 0.02614 0.02614 0.03268 0.07843
GNM12346                       0.07190 0.15686 0.01961 0.03922 0.00000 0.03922 0.05882 0.09804 0.03268 0.04575 0.05882 0.08497 0.01961 0.01307 0.03922 0.06536 0.03922 0.02614 0.03268 0.05882
GNM12351                       0.03922 0.16993 0.03268 0.03268 0.00000 0.02614 0.05882 0.09150 0.01307 0.05229 0.03922 0.08497 0.01961 0.00654 0.03268 0.09150 0.05882 0.02614 0.03268 0.09150
GNM12356                       0.08497 0.12418 0.04575 0.03268 0.00000 0.02614 0.05229 0.09150 0.01307 0.05882 0.05882 0.11765 0.01961 0.00654 0.05229 0.04575 0.03922 0.01961 0.02614 0.08497
GNM12357                       0.07190 0.12418 0.03922 0.03268 0.00654 0.03922 0.05229 0.09150 0.00654 0.06536 0.04575 0.12418 0.01961 0.00000 0.05882 0.05229 0.03922 0.02614 0.02614 0.07843
GNM12366                       0.07843 0.12418 0.04575 0.02614 0.00654 0.03268 0.05229 0.09150 0.01307 0.05229 0.05882 0.11765 0.01307 0.00000 0.05882 0.05882 0.03922 0.02614 0.02614 0.07843
GNM12373                       0.07190 0.18954 0.03922 0.02614 0.00654 0.03922 0.05229 0.09804 0.00654 0.04575 0.06536 0.05882 0.02614 0.00654 0.02614 0.05882 0.05882 0.01961 0.03922 0.06536
GNM12385                       0.06536 0.19608 0.01961 0.02614 0.00000 0.01961 0.06536 0.11111 0.02614 0.04575 0.05229 0.06536 0.03922 0.01307 0.03268 0.07190 0.04575 0.02614 0.01961 0.05882
GNM12551                       0.05229 0.17647 0.01961 0.01961 0.00000 0.02614 0.05882 0.10458 0.01307 0.03268 0.05229 0.14379 0.01307 0.01307 0.07190 0.04575 0.01307 0.01961 0.04575 0.07843
GNM12554                       0.08497 0.18954 0.02614 0.03922 0.00000 0.03922 0.04575 0.10458 0.02614 0.05229 0.03268 0.04575 0.02614 0.00000 0.02614 0.08497 0.03922 0.01961 0.03922 0.07843
GNM12592                       0.09150 0.20915 0.03268 0.03268 0.00000 0.03922 0.05229 0.08497 0.02614 0.04575 0.05882 0.06536 0.03268 0.01961 0.02614 0.05229 0.03268 0.01961 0.01961 0.05882
GNM12596                       0.04575 0.17647 0.03268 0.03268 0.00000 0.03268 0.05229 0.11111 0.01961 0.05229 0.04575 0.08497 0.01307 0.00654 0.03922 0.05882 0.04575 0.02614 0.02614 0.09804
GNM12602                       0.06536 0.16340 0.02614 0.03922 0.00000 0.03922 0.05229 0.10458 0.00654 0.05882 0.03922 0.10458 0.01961 0.01307 0.03922 0.05229 0.05882 0.02614 0.01961 0.07190
GNM12665                       0.05229 0.16993 0.03268 0.03268 0.00000 0.03268 0.05229 0.11111 0.02614 0.05229 0.04575 0.09150 0.01307 0.00654 0.03922 0.05882 0.04575 0.02614 0.01961 0.09150
GNM12745                       0.05634 0.18310 0.02817 0.04225 0.00704 0.02817 0.05634 0.07746 0.00704 0.06338 0.05634 0.09155 0.02113 0.01408 0.04930 0.04930 0.02817 0.02113 0.04225 0.07746
GNM12749                       0.07843 0.19608 0.03922 0.03268 0.01307 0.01961 0.05882 0.09804 0.01307 0.05229 0.04575 0.05882 0.02614 0.00000 0.03268 0.05229 0.03268 0.02614 0.03268 0.09150
GNM12758                       0.06202 0.18605 0.03101 0.03876 0.00000 0.00775 0.06977 0.06977 0.00775 0.07752 0.04651 0.07752 0.02326 0.02326 0.05426 0.03101 0.03876 0.03101 0.03876 0.08527
GNM12763                       0.06338 0.16901 0.02817 0.02817 0.00000 0.01408 0.07042 0.08451 0.01408 0.04930 0.04930 0.12676 0.02113 0.03521 0.04225 0.04930 0.02113 0.02817 0.01408 0.09155
GNM12766                       0.07190 0.15033 0.01961 0.02614 0.00000 0.03268 0.05882 0.10458 0.01961 0.05882 0.06536 0.09804 0.01307 0.00654 0.05882 0.04575 0.03268 0.02614 0.02614 0.08497
GNM12841                       0.07190 0.17647 0.03922 0.03922 0.00000 0.07843 0.06536 0.11111 0.01307 0.04575 0.05229 0.07843 0.00000 0.01961 0.01961 0.04575 0.03922 0.02614 0.01961 0.05882
GNM12849                       0.06838 0.17949 0.01709 0.05983 0.00000 0.03419 0.03419 0.07692 0.01709 0.05983 0.05983 0.06838 0.04274 0.01709 0.05128 0.01709 0.03419 0.01709 0.03419 0.11111
GNM12869                       0.05172 0.16379 0.02586 0.04310 0.00000 0.04310 0.04310 0.09483 0.01724 0.05172 0.05172 0.08621 0.03448 0.01724 0.05172 0.02586 0.04310 0.01724 0.03448 0.10345
GNM12896                       0.06838 0.17094 0.03419 0.04274 0.00000 0.04274 0.04274 0.06838 0.02564 0.06838 0.07692 0.08547 0.03419 0.00855 0.04274 0.03419 0.00000 0.01709 0.03419 0.10256
GNM12897                       0.06838 0.16239 0.04274 0.02564 0.00000 0.04274 0.05128 0.07692 0.03419 0.06838 0.07692 0.08547 0.03419 0.00855 0.05128 0.02564 0.00000 0.01709 0.03419 0.09402
GNM12902                       0.07190 0.15686 0.02614 0.03922 0.00000 0.02614 0.03268 0.09804 0.00654 0.05229 0.08497 0.07190 0.01961 0.00654 0.04575 0.09804 0.01961 0.00654 0.06536 0.07190
GNM12903                       0.06294 0.18881 0.03497 0.03497 0.00699 0.03497 0.06993 0.04895 0.00699 0.06993 0.06993 0.07692 0.02098 0.02098 0.06294 0.02797 0.02098 0.02098 0.03497 0.08392
GNM12906                       0.04930 0.20423 0.02113 0.03521 0.00704 0.04225 0.07042 0.07746 0.00000 0.07042 0.05634 0.06338 0.02817 0.02817 0.05634 0.02817 0.02113 0.02113 0.03521 0.08451
GNM12907                       0.06338 0.20423 0.02113 0.03521 0.00704 0.03521 0.06338 0.06338 0.00704 0.05634 0.07746 0.06338 0.01408 0.02817 0.06338 0.03521 0.02817 0.02113 0.02817 0.08451
GNM12909                       0.04930 0.20423 0.03521 0.03521 0.00704 0.03521 0.07042 0.05634 0.00000 0.07746 0.07042 0.06338 0.01408 0.02113 0.05634 0.03521 0.01408 0.02113 0.04225 0.09155
GNM12915                       0.06536 0.14379 0.01961 0.02614 0.00000 0.03922 0.05882 0.11111 0.01307 0.05229 0.05882 0.11765 0.01961 0.01961 0.05229 0.04575 0.01307 0.03268 0.02614 0.08497
GNM10046                       0.05882 0.13725 0.01961 0.02614 0.00000 0.03268 0.06536 0.11111 0.01307 0.04575 0.05882 0.12418 0.01961 0.01961 0.05229 0.04575 0.01307 0.03268 0.02614 0.09804
GNM12918                       0.05882 0.14379 0.01961 0.02614 0.00000 0.03922 0.05882 0.11111 0.01307 0.05882 0.05882 0.11765 0.01961 0.01961 0.05229 0.05229 0.01307 0.03268 0.02614 0.07843
GNM12931                       0.06536 0.16993 0.02614 0.02614 0.00654 0.02614 0.05229 0.07843 0.01307 0.07190 0.09150 0.11765 0.01961 0.01961 0.04575 0.01961 0.02614 0.01961 0.05229 0.05229
GNM12938                       0.05882 0.17647 0.02614 0.02614 0.00000 0.03922 0.04575 0.09804 0.00654 0.04575 0.06536 0.09804 0.01961 0.01961 0.04575 0.04575 0.02614 0.01961 0.05882 0.07843
GNM12996                       0.05229 0.15033 0.03922 0.01961 0.00000 0.01961 0.06536 0.11111 0.01307 0.04575 0.05882 0.11765 0.01307 0.01961 0.05229 0.03922 0.01961 0.01961 0.05882 0.08497
GNM13018                       0.04575 0.16340 0.03922 0.01961 0.00000 0.01961 0.05882 0.09804 0.00654 0.03922 0.06536 0.11111 0.01307 0.01307 0.05229 0.05229 0.01961 0.01961 0.06536 0.09804
GNM13027                       0.05921 0.14474 0.03289 0.02632 0.00000 0.01974 0.06579 0.09868 0.01316 0.04605 0.05263 0.13158 0.01316 0.01974 0.05263 0.03947 0.01974 0.01974 0.05263 0.09211
GNM13046                       0.06034 0.16379 0.00862 0.03448 0.00000 0.01724 0.06034 0.08621 0.03448 0.06897 0.06897 0.11207 0.03448 0.00862 0.05172 0.05172 0.02586 0.01724 0.02586 0.06897
GNM13074                       0.05229 0.15033 0.01961 0.02614 0.00000 0.02614 0.05229 0.10458 0.01307 0.04575 0.05882 0.11765 0.02614 0.01961 0.05229 0.06536 0.01307 0.03268 0.02614 0.09804
GNM10010                       0.05229 0.14379 0.01961 0.02614 0.00000 0.01961 0.05882 0.10458 0.01307 0.03268 0.05882 0.13072 0.02614 0.01961 0.05229 0.05229 0.01961 0.03268 0.02614 0.11111
GNM10014                       0.05229 0.15033 0.01307 0.03268 0.00000 0.03268 0.05229 0.10458 0.01961 0.03922 0.05882 0.11765 0.02614 0.01961 0.05229 0.05882 0.01307 0.03268 0.02614 0.09804
GNM13090                       0.05229 0.15033 0.01961 0.02614 0.00000 0.02614 0.05229 0.09804 0.01307 0.03268 0.05882 0.12418 0.02614 0.01961 0.05229 0.05882 0.01961 0.03268 0.02614 0.11111
GNM13118                       0.08333 0.14583 0.02778 0.03472 0.00000 0.02778 0.07639 0.08333 0.01389 0.02778 0.05556 0.07639 0.02778 0.01389 0.06250 0.04861 0.02083 0.01389 0.04861 0.11111
GNM13126                       0.04575 0.16340 0.04575 0.04575 0.00000 0.00000 0.05229 0.09804 0.01961 0.05882 0.07190 0.07190 0.02614 0.02614 0.03922 0.08497 0.02614 0.00654 0.04575 0.07190
GNM13128                       0.05229 0.15686 0.04575 0.05229 0.00000 0.00000 0.04575 0.10458 0.01961 0.05229 0.07843 0.07190 0.01307 0.00654 0.03922 0.08497 0.02614 0.00654 0.06536 0.07843
GNM13208                       0.07143 0.21429 0.03571 0.03571 0.00000 0.04286 0.05000 0.05714 0.00000 0.05000 0.05714 0.06429 0.02857 0.00714 0.05714 0.04286 0.02143 0.02857 0.04286 0.09286
GNM13210                       0.05882 0.16993 0.00654 0.03268 0.00654 0.02614 0.06536 0.09804 0.01307 0.03922 0.07843 0.08497 0.01961 0.01961 0.05882 0.05229 0.02614 0.01961 0.04575 0.07843
GNM12773                       0.05333 0.15333 0.05333 0.01333 0.00000 0.02667 0.06000 0.07333 0.00667 0.06667 0.08667 0.16000 0.02000 0.01333 0.04667 0.03333 0.04000 0.01333 0.03333 0.04667
GNM12768                       0.07407 0.17037 0.00741 0.02222 0.00000 0.04444 0.04444 0.11111 0.02963 0.03704 0.08889 0.07407 0.00741 0.02222 0.02963 0.03704 0.04444 0.02222 0.02222 0.11111

Homogeneity statistic: X2 = 12.60766 G = 13.10323 

Average                        0.06485 0.16389 0.02620 0.03370 0.00154 0.03152 0.05362 0.08658 0.01778 0.05596 0.06501 0.09717 0.02348 0.01651 0.04909 0.04419 0.02721 0.02039 0.03525 0.08604
(Ambiguity characters are used to calculate freqs.)


# constant sites:      0 (0.00%)

TREE #  1:  ((((((((41, 141), 127), (57, 91)), 92), 93), (((129, 130), (94, 56)), (128, 131))), ((((((121, 120), 123), 122), 140), (59, 40)), 137)), ((((((((((((((((((((43, 44), 42), (46, 20)), 55), 49), 45), 52), (48, 47)), (((69, 19), (22, 21)), 39)), (((((((51, 50), 53), 116), (17, 6)), (((24, 36), (7, 5)), (84, 18))), ((10, 67), 115)), 73)), 132), (((85, 72), 16), 86)), (((117, 71), 118), 37)), ((((76, 4), (70, 12)), (27, 77)), (13, 66))), (78, 38)), (83, 68)), ((81, 14), (((34, 80), 11), 54))), (((1, 79), (8, 2)), 35)), ((((32, 33), 30), (3, 28)), (31, (29, 82)))), ((((((26, 25), (142, 23)), ((63, 64), 65)), 60), (62, 143)), (15, 61))), (((((((((((108, 106), 107), 97), 105), 96), (((104, 102), 110), 101)), ((((89, 9), 90), (87, 114)), 88)), (58, 74)), ((139, 138), (75, 119))), ((((((100, 99), 98), 113), 95), ((109, 111), 112)), 103)), ((((134, 135), 136), 133), ((126, 124), 125))));   MP score: -1
lnL(ntime:283  np:284): -13057.045567      +0.000000
 144..145 145..146 146..147 147..148 148..149 149..150 150..151 151..41  151..141 150..127 149..152 152..57  152..91  148..92  147..93  146..153 153..154 154..155 155..129 155..130 154..156 156..94  156..56  153..157 157..128 157..131 145..158 158..159 159..160 160..161 161..162 162..163 163..121 163..120 162..123 161..122 160..140 159..164 164..59  164..40  158..137 144..165 165..166 166..167 167..168 168..169 169..170 170..171 171..172 172..173 173..174 174..175 175..176 176..177 177..178 178..179 179..180 180..181 181..182 182..183 183..184 184..43  184..44  183..42  182..185 185..46  185..20  181..55  180..49  179..45  178..52  177..186 186..48  186..47  176..187 187..188 188..189 189..69  189..19  188..190 190..22  190..21  187..39  175..191 191..192 192..193 193..194 194..195 195..196 196..197 197..51  197..50  196..53  195..116 194..198 198..17  198..6   193..199 199..200 200..201 201..24  201..36  200..202 202..7   202..5   199..203 203..84  203..18  192..204 204..205 205..10  205..67  204..115 191..73  174..132 173..206 206..207 207..208 208..85  208..72  207..16  206..86  172..209 209..210 210..211 211..117 211..71  210..118 209..37  171..212 212..213 213..214 214..215 215..76  215..4   214..216 216..70  216..12  213..217 217..27  217..77  212..218 218..13  218..66  170..219 219..78  219..38  169..220 220..83  220..68  168..221 221..222 222..81  222..14  221..223 223..224 224..225 225..34  225..80  224..11  223..54  167..226 226..227 227..228 228..1   228..79  227..229 229..8   229..2   226..35  166..230 230..231 231..232 232..233 233..32  233..33  232..30  231..234 234..3   234..28  230..235 235..31  235..236 236..29  236..82  165..237 237..238 238..239 239..240 240..241 241..242 242..26  242..25  241..243 243..142 243..23  240..244 244..245 245..63  245..64  244..65  239..60  238..246 246..62  246..143 237..247 247..15  247..61  144..248 248..249 249..250 250..251 251..252 252..253 253..254 254..255 255..256 256..257 257..258 258..108 258..106 257..107 256..97  255..105 254..96  253..259 259..260 260..261 261..104 261..102 260..110 259..101 252..262 262..263 263..264 264..265 265..89  265..9   264..90  263..266 266..87  266..114 262..88  251..267 267..58  267..74  250..268 268..269 269..139 269..138 268..270 270..75  270..119 249..271 271..272 272..273 273..274 274..275 275..276 276..100 276..99  275..98  274..113 273..95  272..277 277..278 278..109 278..111 277..112 271..103 248..279 279..280 280..281 281..282 282..134 282..135 281..136 280..133 279..283 283..284 284..126 284..124 283..125
 0.069642 0.060542 0.076114 0.014187 0.000000 0.035412 0.072075 0.075869 0.045369 0.069596 0.009062 0.122396 0.093084 0.109209 0.120931 0.104743 0.000000 0.063577 0.033278 0.032323 0.066667 0.240972 0.103520 0.024685 0.110654 0.044641 0.063026 0.222794 0.112308 0.140834 0.043758 0.020354 0.086167 0.037472 0.029614 0.093073 0.077820 0.062035 0.201801 0.077344 0.267554 0.026379 0.153927 0.069854 0.058125 0.058946 0.101896 0.025201 0.187002 0.115271 0.013647 0.029205 0.015770 0.003019 0.029528 0.094689 0.008354 0.000000 0.008344 0.000000 0.000000 0.208926 0.000000 0.000000 0.000000 0.007939 0.032380 0.048952 0.051109 0.000000 0.066972 0.036389 0.031838 0.053648 0.027063 0.066892 0.079870 0.000000 0.000000 0.004993 0.000000 0.000000 0.115429 0.024637 0.070076 0.029622 0.034132 0.008073 0.000000 0.000000 0.000000 0.000000 0.008088 0.024368 0.000000 0.033119 0.000000 0.000000 0.000000 0.034039 0.008136 0.008205 0.050183 0.029460 0.041426 0.033545 0.000000 0.000000 0.064962 0.049835 0.000000 0.000000 0.034320 0.106634 0.094093 0.078465 0.054179 0.071885 0.057502 0.024291 0.051642 0.068095 0.090179 0.016416 0.036019 0.014397 0.009070 0.020730 0.026549 0.042095 0.083226 0.006328 0.010776 0.046129 0.017501 0.039940 0.026238 0.013745 0.159108 0.000000 0.000000 0.094435 0.055305 0.090399 0.213730 0.000000 0.000000 0.241297 0.000000 0.000000 0.000000 0.239000 0.106121 0.267997 0.028653 0.276832 0.030616 0.081193 0.063869 0.106897 0.192274 0.026872 0.057523 0.367048 0.090803 0.075889 0.296229 0.000000 0.000000 0.453838 0.263724 0.000000 0.046643 0.107919 0.021873 0.000000 0.161763 0.342507 0.023360 0.009125 0.200749 0.176081 0.035980 0.157558 0.088430 0.020126 0.016576 0.023125 0.000000 0.036815 0.037150 0.091343 0.115629 0.106076 0.294197 0.068248 0.114941 0.064106 0.052175 0.039628 0.068051 0.211968 0.079939 0.255160 0.221864 0.437824 0.166017 0.102316 0.061354 0.073490 0.000000 0.031354 0.054699 0.079643 0.014503 0.020799 0.068360 0.072146 0.044436 0.000000 0.017181 0.051875 0.112447 0.185274 0.220514 0.016727 0.021354 0.021524 0.107088 0.099582 0.119953 0.286727 0.153008 0.028322 0.000000 0.042289 0.146188 0.078428 0.091963 0.036699 0.149308 0.118008 0.202438 0.157832 0.063959 0.053402 0.357439 0.115404 0.021805 0.058639 0.028123 0.166601 0.098552 0.001725 0.005784 0.101044 0.007321 0.118297 0.056918 0.057692 0.020686 0.126229 0.026317 0.030868 0.048069 0.044494 0.182038 0.132487 0.159968 0.254878 0.136359 0.026119 0.018387 0.011669 0.007052 0.049178 0.013082 0.017416 0.003550 0.007392 0.011846 0.000000 0.016455 1.211516
