
Printing out site pattern counts


       149        120  P

GNM13746                        --AAAAAAAA AAAACDDDDE EEEEEEEFFG GGGGGHIIII IIIIIIIIKK KKKKKKKKKL LLLLLMNNNN PPPPPPPPQQ QRRRRRRRRS SSSSSTTTTT VVVVVVVVVV VVVVVVVWYY 
GNM13538                        --AAAAAAAA AAASCDDDMD DEEEEELFLG GGGGGHIIII IIIMVVVVKK KKKKRRRSTI ILLLVANNNN APPPPPPYQQ QKKRRRRRRA AGMSSPTTTT AFIIIKLVVV VVVVVVVWPY 
GNM13671                        --AAAAAAAA AAASCDDDTD EDEEEELFMA GGGGTHIIII IVVHIIMVKK KKQRKRRRII LLLVPRNNTT PINPPPPGKQ QKRKQRRRWS TDMCGPPSTT VVESYKLIIT VVVVVVVWGK 
GNM13876                        --AAAAAAAA AAASCDDETD EDEEEEKFMG GGGGTHIIII VPVVAIIVKK RSQRKRRRII LLLLSKNNTT PAVPPPPGKQ QKRKRRRRWA TDMSASPSTT VPLSYKLIVT IVVVVVVWSK 
GNM13680                        --AAAAAAAA AAAACDDDVE DEEEEEFFFG GGGGGGIILV IIIMLLAVKK KKKRRKRSVI LHLILANNNV PAPPPPPTQM QKRKRRRRRA ANMSAPTTTT VVETIKLVVT VVVVVVVWGY 
GNM14837                        --AAAAAAAA AASACDDDVE DEEEEEFFYG GGGGTGIVIV IVVLLIIIKK KKKREKRSII LVLTLANNNV PAPAPPPGQN QKRKRRRRRA SNMCAPTSTT VVNNVKLIVV VCVVVVVWSY 
GNM14249                        --AAAAAAAA AASACDDDVE DEEEEEFFYG GGGGTGIVIV IVVLLIIIKK KKKKEKRSII LALTLANNNV PAPAPPPGQN QKRKRRRRRS VNMCSPTSTT VVNNIKLIVV VCVVVVVWSY 
GNM13928                        --AAAAAAAA AASACDDDVE DEEEEEFFYG GGGGTGIVIV IVVLLIIIKK KHKKEKRSIV LSLTLANNNV PAPAAPPGQN QKRKRRRRRS VNMCSPTSTT VINNVKLIVV VCVVVVVWSY 
GNM13297                        --AAAAAAAA AAASCDDDMD DEEEEELFLG GGGGGHIIII IIIMVVVVKK KKKKRRRSTI ILLLVANNNN APPPPPPYQQ QKKRRRRRRA AGMSSPTTTT AFIIIKLVVV VVVVVVVWPY 
GNM14865                        --AAAAAAAA AVASCDDDTE EEEEEMKFLG EGGGGEIIVV IVIHTVIIRR RSRKKRRNEI IKLPPRNSNT GPASPEPGQS QTRKRRSTRK GDMKGTTTDT VRLTIKMVVS VVIVVVVFTK 
GNM13455                        --AAAAAAAA AASACDDDVE DEEEEEFFYG GGGGTGIVIV IVVLLIVIKK KHKKEKRAII LHLVLANNNV PAPAAPPGQM QKRKQRRRRA ANMCSPTTTT VIQNVKLIVV VCVVVVVWSY 
GNM14938                        --AAAAAAAA TAASCDDDTE EDEEEELFMA GGGGTYIIII IVIQLIVVKK RKQRKRRRII LLLVPKNNTN PVNPPPPGKQ QKRRRRKRWA TDIMCDPSTT VVYAYKLVVT VVVVVVVWSK 
GNM14483                        --AAAAAAAA AAAACDDDQE DDEEEESFFG GGGGTGIIIV IVIYLIVVKK KKKRRKRATV ILLLLSNNNT PLPPPPPNQM QKRKRRRRRA ASIMSPTTTT CLVVVKLIIV VVVVVVVWSY 
GNM14872                        --AAAAAAAA AAAACDDDIE DEEEEEFFFG GGGGGGIILV IIIQLLAVKK KKKRRKRSVI LHLIPSNNNV PAPPPPPTQQ QKRKRRRRRA ANMAAPTTTT VVETIKLVVT VVVVVVVWGY 
GNM13855                        --AAAAAAAA AAAACDDDVE DEEEEEFFFG GGGGGGLILV IIILLLAVKK KKKRQKRSII LHLILANNNV PAPPPQPYQQ QKRKRRRRRA SNMSAPTTTT VLNTIKLVVT VVVVVVVWSY 
GNM14445                        --AAAAAAAS AAASCDDDND DEEEEEHFFG GGGGGGIIII ITIKLIIMKR KKKRMRRGTV LKLMIANNNT PPPPPPPQQQ QKRKRRRRRA ASTTAPTTTT VVINVKLVVV VVVVVVVWSY 
GNM14404                        --AAAAAAVA AAAACDDDTE EDDEEEMFFG GGGGGYVVLI VVILILILKG KKKRKRRREL LIVVALNSNV PTPPPPPGQG QKKRRRQRWA ADMCSTPSTS VIYVYKLVVS AVVIVVVWSQ 
GNM14545                        --AAAAAAVA AAAACDDDTE EDDEEEMFFG GGGGGYVVLI VVILILILKG KKKRKRRREL LIVVALNSNV PTPPPPPGQG QKKRRRQRWA ADMCSTPSTS VIYVYKLVVS AVVIVVVWSQ 
GNM14366                        --AAAAAAAA AASACDDDVE DEEEEEFFFG GGGGTGIVLV IIVYLIIVKK KKKREKRSII LTLILANNNT PAPPPPPGQM QKRKRRRRRS SNMTAPTTTT VLRNIKLIVV VVVVVVVWSY 
GNM14252                        --AAAAAAAA AASACDDDVE DEEEEEFFYG GGGGTGIVIV IVVLLIIIKK KKKKEKRSIV LALTLANNNV PAPAPPPGQN QKRKRRRRRS VNMCSPTSTT VVNNIKLIVV VCVVVVVWSY 
GNM13760                        --AAAAAAAA AASACDDDVE DEEEEEFFYG GGGGTGIVIV IVVLLIIIKK KKKREKRSIV LVLTLANNNV PAPAPPPGQN QKRKRRRRRA SNMCAPTSTT VVNNVKLVVV VCVVVVVWSY 
GNM13982                        --AAAAAAGA AVTACDDDVE DEEEEEFFHG GGGGTGIVIV IIVLLIVIKK KKKREKHSII LTIMPSNNNV PAPAPPPGQN QKRKRRRRRA SNMQSPTSTT VVRNVKLIVV VCVVVVVWKY 
GNM13960                        --AAAAAAAA AASACDDDVE DEEEEDFFHG GGGGTGIVIV IVILLIVIKK KHKREKRSIV ILLLLINNNV PAPAPAPGQN QKRKRRRRRA VNMSAPTSTT VVRNIKLIIV VCVVVVVWSY 
GNM14633                        --AAAAAAGA AVTACDDDVE DEEEEEFFHG GGGGTGIVIV IIVLLIVIKK KKKREKHSII LTIMQSNNNV PAPAPPPGQN QKRKRRRRRA SNMQSPTSTT VVQNVKLIVV VCVVVVVWKY 
GNM14853                        --AAAAAAGA AVTACDDDVE DEEEEEFFHG GGGGTGIVIV IIVLLIVIKK KKKREKHSII LTIMQSNNNV PAPAPPPGQN QKRKRRRRRA SNMQSPTSTT VVQNVKLIVV VCVVVVVWKY 
GNM14174                        --AAAAAAAS TAASCDDDVD EEEEEDKFFG GGGGGQIILV IIIYALIIKK RKRRRRKRVL ILLMIRNSNR PPLPPPPGKQ QRRRRRRRWS GDMQTATTTS VASTYQMVVS VVVVVVVWSK 
GNM14138                        --AAAAAAAG AAASCDDDLD EEEEEELFFG GGGGGHIILV VIVVAVIMRK RKRRRKRCEI ILIMVKNSNK PPPPPPPGKQ QRRRRRRRWT GDIQSTSSTS IHITFKMVVS VVVIVVVWSK 
GNM14055                        --AAAAASAA AASACDDDVE DEEEEEYFYG GGGGTGIVLV IVILLIIIKK KKKREKRSII LVLILANNNV PAPAPPPGQN QKRKRRRRRS VNMSAPTTTT VVQNIKLIVV VCVVVVVWSY 
GNM14748                        --AAAAAAAA AASACDDDIE DEEEEEFFYG GGGGTGIVIV IVVLLIIIKK KKKREKRSIV LALTLANNNT PAPAPPPGQN QKRKRRRRRS SNTCAPTSTT VVNNIKLVVV VCVVVVVWSY 
GNM14246                        --AAAAAAAA TAASCDDDMD EEEEEEMFFG GGGGGQIILV VIIVAIVMRK KKRRRRRREV ILLMNRNSNK PPLPPPPGKQ QRRRRRRRWS GDIQATSTTS VAIVFRMVVS VVVVVVVWSK 
GNM14640                        --AAAAAAAA TTASCDDDID EEEEEEMFFG GGGGGRIILV VIIVAVIMRK KKRRRQRREI ILLMGKNSNK PPPPPPPGKQ QRRRRRRRWA GDIQATSTTS VAIVYKMVVS VIVVVVVWSK 
GNM14965                        --AAAAGAAA AAAACDDDVE DEEEEELFFG GGGGGGIILL IIILLLAVKK KKKRRKKSVI LHLILANNNV PAPAPPPTQQ QKRKRRRRRA VNLSAATTTT VIETIKLIVT VVVVVVVWSY 
GNM13677                        --AAAAAAAA AAASCDDETD EDEEEEKFMG GGGGTHIIII VPVVAIIVKK RSQRKRRRII LLLLSKNNTT PAVPPPPGKQ QKRKRRRRWA TDMSASPSTT VPLSYKLIVT IVVVVVVWSK 
GNM14339                        --AAAAAAAA AAAACDDDTD EDEEEELFMG GGGGQHIIII IVIQILIVKK KKQRKRRRVV LLLVPRNNTL SINPPPPGKQ QKRKRRKRWA TDIAGPPTTS VKYAYKLIVT VVVVVVVWSK 
GNM14593                        --AAAAAAAA AAASCDDDTD EDEEEELFMA GGGGTHIIII IVIHIVIIKK RKQRKRRRVI LHLVPKNNTI PANPPPPGKQ QKRKQRRRWC TDMAGPPSTT VVESYKLIIT VVVVVVVWSK 
GNM13825                        --AAAAAAGA TAASCDDDTE EDEEEELFMA GGGGTYIIII IVIQLIIVKK RKQRKRRRVI LLLVPKNNTT PINPPPPGKQ QKRRRRKRWA TDIMCDPSTT VVYAYKLVVT VVVVVVVWSK 
GNM14768                        --AAAAAAAA AAASCDDDTD EDEEEELFMA GGGGTHIIII IPIHAIIVKK RKQRKRRRLI LRLLPRNNTP PINPPPPGKQ QKRKRRRRWC TDIMAPPSTT VVLSYKLIIT VVVVVVVWSK 
GNM14776                        --AAAAAAAA AAASCDDDTD EDEEEELFMA GGGGTHIIII IPIHAIIVKK KKQRKRRRLI LRLLPRNNTP PINPPPPGKQ QKRKRRRRWC TDIMAPPSTT VVLSYKLIIT VVVVVVVWSK 
GNM14715                        --AAAAAAAA AAAACDDDQE DDEEEESFFG GGGGGGIIIV IVIVLIVIKK KKKRRKRSTV ILLLVSNNNT PPPPPPPYTQ QKKKRRRRRA SSIVSPTTTT CLVVVKLVVV VVVVVVVWSY 
GNM14639                        --AAAAAAAS AAAACDDDVD EEEEEEKFFG GGGGGPIIII VVIYLIVIKK KKKRRRRGTV LLLVFSNSNN PPPPPPPNQQ QKKKRRRRRA ASMSSPTTTT VVVNIKMIIV VIVVIVVWSY 
GNM13795                        --AAAAAAAA AASACDDDVE DEEEEEFFYG GGGGTGIVIV IVVLLIIIKK KKKREKRSIV LALTLANNNT PAPAPPPGQN QKRKRRRRRA SNTCAPTSTT VVNNVKLVIV VCVVVVVWSY 
GNM14166                        --AAAAAAAA AAAACDDDTE EEEEEEFFFG GGGGTGIVLV IIIYLVVVKG KKKREKRAII LVLILVNNNV PGPAPPPGQM QKRKRRRRRA ANMTAPTTTT VLQNVKLVVV VCVVVVVYSY 
GNM13993                        --AAASAAAA AAAACDDDVE DEEEEEQFFG GGGGGPIILI ITVLAIVIKK KKRRKRRSTI ILLMPSNNNT PPPPPPPGQM QEQKRRRRRA ANTSTPTSTT VVTTVKLIVV VVLVVVVWGY 
GNM14450                        --AAAGAAAA AAATCDDDFE DEEEQEFFFG GGGGGGIIIV IIIMLLIVKK KKKKEKMSII LVLILVNNNV PAPAPPPGQM QKKKRRRRRA VGMTSPTTTT VTSKIKLIVV VCVVVVVWSY 
GNM13515                        --AAAAAAGA AATACDDDVE DEEEEEFFFG GGGGTGIVIV IIVLLIVIKK KKKREKNSIV LVIVLANNNV PAPAPPPGQN QKRKRRRRRA SNMQAPTTTT VVRNIKLIVV VCVVVVVWSY 
GNM14959                        --AAASAAVA AAASVDDDTE EALEENMFLG GGGGPRIIII VIIILVITKK RKKPRRRRLV IHVPPMNNNP PPFPPEPNQG QVRHERGVWG GDIASKTSDS VILVYEVIIS IVVVVIVWTR 
GNM13413                        --AAAAAAVA AAASADDDTE ETEEEELFFG GGGGSKIILI IVIVLAILKK RHKTMRKREI ILVPPRNNNK PPQPPPPMKG QKRRRRQRWP GDMAGINSTT VVIVYKMVIS IVVIVVVWSR 
GNM15005                        --AAAAGAAA AASACDDDVE DEEEEDFFHG GGGGTGIVIV IVILLIVIKK KHKREKRSIV ILLLLVNNNV PAPAPSPGQN QKRKRRRRRA VNMSAPTSTT VVQNIKLIIV VCVVVVVWSY 
GNM14992                        --AAAAAAAA AASACDDDVE DEEEEDFFHG GGGGTGIVLV IVILLIVIKK KHKREKRSII ILLLLVNNNV PAPAPPPGQN QKRKRRRRRA VNMSAPTSTT VVQNIKLIVV VCVVVVVWSY 
GNM14994                        --AAAAGAAA AASACDDDVE DEEEEEYFYG GGGGTGIVIV IVVLLIIIKK KKKREKRSIV LSLTLANNNT PAPAAPPGQN QKRKRRRRRA SNTCGPTSTT VVNNVKLVIV VCVVVVVWSY 
GNM15013                        --AAAAAAAA AASACDDDVE DEEEEDFFHG GGGGTGIVIV IVILLIVIKK KHKREKRSIV ILLLLVNNNV PAPAPAPGQN QKRKRRRRRA VNMSAPTSTT VVRNIKLIIV VCVVVVVWSY 
GNM15014                        --AAAAAAAA AASACDDDVE DEEEEEFFHG GGGGTGIVLV IVILLIVIKK KHKREKRSII ILLLLVNNNV PAPAPPPGQM QKRKRRRRRA VNMSAPTSTT VVRNIKLIVV VCVVVVVWSY 
GNM14976                        --AAAAGAAA AASACDDDVE DEEEEDFFHG GGGGTGIVIV IVILLIVIKK KHKREKRSIV ILLLLVNNNV PAPAPAPGQN QKRKRRRRRA VNMSAPTSTT VVQNIKLIIV VCVVVVVWSY 
GNM14999                        --AAAAASAA AASACDDDVE DEEEEEFFHG GGGGTGIVLV IIILLIIIKK KKKREKRSII ILLLLVNNNV PAPPPPPGQN QKRKRRRRRA VNMSAPTSTT VVQNIKLIVV VCVVVVVWSY 
GNM15018                        --AAAAAAAA AASACDDDVE DEEEEEFFYG GGGGTGIVIV IVVLLIIIKK KKKKEKRSIV LALTLANNNV PAPPPPPGQN QKRKRRRRRS VNMCSPTSTT VVNNVKLIVV VCVVVVVWSY 
GNM15025                        --AAAAAAAA AASACDDDVE DEEEEEFFHG GGGGTGVVIV IVILLIVIKK KKKREKRSIV LVLVLANNNV PAPPPPPGQN QKRKRRRTRA VNMSAKTTTT VVQNIKLIVV VCVVIVVWSY 
GNM14980                        --AAAAAAAA AASACDDDVE DEEEEEFFYG GGGGTGIVIV IVVLLIIIKK KKKKEKRSIV LALTLANNNV PAPPPPPGQN QKRKRRRRRS VNMCSPTSTT VVNNVKLIVV VCVVVVVWSY 
GNM15000                        --AAAAAAAA AASACDDDVE DEEEEEFFYG GGGGTGIVIV IVVLLIIIKK KKKKEKRSIV LALTLANNNV PAPPPPPGQN QKRKRRRRRS VNMCSPTSTT VVNNVKLIVV VCVVVVVWSY 
GNM15026                        --AAAAAAAA AASACDDDVE DEEEEEFFHG GGGGTGVVIV IVILLIVIKK KHKREKRSIV LVLVLANNNV PAPAPPPGQN QKRKRRRRRA VNMSAKTTTT VVQNIKLIVV VCVVVVVWSY 
GNM15001                        --AAAAAAAA AASACDDDVE DEEEEEFFYG GGGGTGIVIV IVVLLIIIKK KKKKEKRSIV LALTLANNNV PAPPPPPGQN QKRKRRRRRS VNMCSPTSTT VVNNVKLIVV VCVVVVVWSY 
GNM15027                        --AAAAAAAA AAAACDDDLE DDEEEEQFFG GGGGGHIIIV IVIILLIIKK KKKKKRRRTL ILLLAANNNT PPPPPPPNQQ QKRKRRRRRA ASMSASTTTT VAITIKLVVV VVVVVVVWSY 
GNM11003                        --AAAAAAVA AAASVDDDTE ETEEEDLFFG GAGGGRIVLV IKVVLVIVKK RRKPMRRREI ILAPPRNSNV PPQPPPPYQG QKRRRRKVWF GDMANTTSNT VHRVFKVIVS VVIIVVVWTM 
GNM11023                        --AAAAAAVA AAASVDDDTQ ETEEEDLFVG GGGGTYVILV VVVLIVIVRR RKKTMRRREI ILVPPRNKNP PPQPPPPGQS QKRRRRRRWS GDMSGTNSNS VVYVFKMVVS VVVIVVVWTR 
GNM11055                        --AAAGAAAA AAAACDDDTE EEEEERIFHG GGGGGYIILV IVIYILITRK RKRRERRREI IRLPPRNTNV SPPEPEAGQA QKRRRRKVRA ADVKGTPTNS VTRVYKIVVT VVVVVVVFSK 
GNM11146                        --AAAAVAVA AAASVDDDTE EQQEEEMFLG GGGGNRVIIV VIVIIVIVKK RKKPKRRRVV IHVVPMNSNN PPFPPEPNQG QQRHRRQVWG GDMASKTSTT VMLVFEMVIS IVVVVVVWTR 
GNM11219                        --AAAGAAAA AAISCDDDTE DDEEEELFLG GGGGGYIVLM VVLYILIVKR RKKANRPRRL IKLPRRNSNL PPTPPPPGQQ QKRRRRKRWK GDMRGTSTTS VSTIYDLIVS VVVVVVVWKK 
GNM11220                        --AAAAAAAA TAAACDDDTD EDEEEEMFMG GGGGGHIVLI IVLLLIILRG RKKRKRKKVI LLLIALNAND PVPPPPPGQG QKRRRRRRWA CDMCAVPTTT VVYVYKLVVS VVVVVVVWSK 
GNM11223                        --AAAAAAVS AAASCDDDVD EDEEEDAFFG GGGGGRIILV VLINAIIIKK KKKRRRRRII ILLMPRNSNK PPPPPPPGKQ QRRRRRRRWS GDIQSTSSTS VVLVYKMVVS VVVVVVVWSK 
GNM11224                        --AAAAAAVS AAASCDDDVD EDEEEDAFFG GGGGGRIILV VLINAIIIKR RKKRRRRRVI ILLMPRNSNK PPPPPPPGKQ QRRRRRRRWS GEIQSTSSTS VVLMYKMIVS VVVVVVVWSK 
GNM11358                        --AAAAAAAA AAAACDDDVE DEEEEEFFFG GGGGGGLILV IIILLLAVKK KKKRQKRSII LHLILANNNV PAPPPTPYQQ QKRKRRRRRA ANMSAPTTTT VLNTIKLVIT VVVVVVVWSY 
GNM11360                        --AAAAAAAA AASACDDDVE DEEEEEFFYG GGGGTGIVIV IVVLLIVIKK KHKKEKRAII LHLVLANNNV PAPAAPPGQM QKRKQRRRRA ANMCSPTTTT VIQNVKLIVV VCVVVVVWSY 
GNM11362                        --AAAAAAAA AAAACDDDLE DDEEEELFFG GGGGGGIIII IIIYLLIIKK KKKRQRRSIV LLVVPANNNV PPPPPPPYQQ QKRKRRRRRA ANMCSPTTTT VVNTIKLVVV VVVVIVVWSY 
GNM11367                        --AAAAAAGA AVTACDDDVE DEEEEEFFHG GGGGTGIVIV IIVLLIVIKK KKKREKHSII LTIMPSNNNV PAPAPPPGQN QKRKRRRRRA SNMQSPTSTT VVRNVKLIVV VCVVVVVWKY 
GNM11377                        --AAAAAAAA AAAACDDDVE DEEEEEFFFG GGGGGGIILV IIIQLLAVKK KKKRRKRSVI LHLIPSNNNV PAPPPPPTQQ QKRKRRRRRA ANMAAPTTTT VVETIKLVVT VVVVVVVWGY 
GNM11380                        --AAAAAAAA AAAACDDDVE EEEEEEFFFG GGGGTGIVLV IIIYLVVVKG KKKREKRAII LVLILVNNNV PGPAPPPGQM QKRKRRRRRA ASMTAPTTTT VLQNVKLVVV VCVVVVVYSY 
GNM11383                        --AAAAAAAA AASACDDDVE DEEEEEFFFG GGGGTGIVLV IIVYLIIVKK KKKREKRSII LTLILANNNT PAPPPPPGQM QKRKRRRRRS ANMAAPTTTT VLRNIKLIVV VVVVVVVWSY 
GNM11491                        --AAAAAAAA AASACDDDVE DEEEEEYFHG GGGGTGIVLV IVLLLVITKK KKKREKRSVI LVLMLANNNT PAPPPPPGQM QKRKRRRRRA ANMAAPTSTT VVRNVKLIVV VVVVVVVWSY 
GNM11804                        --AAAGAAAA AAAACDDDTD ENEEEEIFHG GGGGGYIILV IVIYILITKK RKRRERRREI IRLPPRNTNV PPPEPAPGQA QKRRRRKVRA ADIRGTPTDS VTRVYKIVVS VVVVVVVFSK 
GNM11805                        --AAAAAAAA AAAACDTDNE EEEEEELFVG GGGGTYIILI VVIIIIIVRA RHKRSRRRML LAIVARNANP PPPPPPPGKG QRRKRRRVIA GDTEGTSTTS ALVIYKMVVS VFVVVVVWSR 
GNM12883                        --AAAAAAAA AAAACDDDVE DEEEEEFFFG GGGGGGIILV IVIQLLAVKK KKKRRKRSII LHLILSNNNV PAPPPPPTQQ QKRKRRRRRA ASMVAPTTTT VVNTIKLVVT VVVVVVVWGY 
GNM12886                        --AAAAAAAA AAAACDDDVE DEEEEEFFFG GGGGGGIILV IVIQLLAVKK KKKRRKRSVI LHLILANNNV PAPPPPPTQM QKRKRRRRRS VNMSAPTTTT VVETIKLVVT VVVVVVVWGY 
GNM13060                        --AAAAAAAA AAAACDDDEE EEEEEEEFFG GGGGGHIIII IIIIIIIIKK KKKKKKRKKL LLLLLMNNNN PPPPPPPPQQ QRRRRRRRRA SSSSSTTTTT VVVVVVVVVV VVVVVVVWYY 
GNM13061                        --AAAAAAAA AAAACDDDED EEEEEEEFFG GGGGGHVIIV IILVLLIIKK RKKRRRRRKL LHLLISNNNN SPPPPPPNQQ QKRRRRRRRA ASMMTATTTT VVVVIVVVVV IVVVVVVWSY 
GNM13064                        --AAASAAAA AAAACDDDVE DEEEEEQFFG GGGGGPIILI ITVLAIVIKK KKRRKRRSTI ILLMPSNNNT PPPPPPPGQM QEQKRRRRRA ANTSTPTSTT VVTTVKLIVV VVLVVVVWGY 
GNM13066                        --AAASAAAA AAAACDDDSE DEEEEEQFFG GGGGGPIILI ITVLAIVIKK KKRRKRRSTI ILLMPSNNNV PPPAPPPGQM QEQKRRRRRA ANTTTPTSTT VVTTVKLIVV VVVVVVVWNY 
GNM11032                        --AAAAAAAA AAAACDDDTD EDEEEELFVG GGGGQHIIIV IVIQILIVKK TKQRERRRVV LLLVPRNNNV SLNPPPPGKQ QKRKRRKRWA TDIMGPPTTT VHRAYKLIVT VVVVAVVWSK 
GNM11363                        --AAAAAAAA AAAACDDDLE DDEEEELFFG GGGGGGIIII IIIYLLIIKK KKKRQRRSIV LLVVPANNNV PPPPPPPYQQ QKRKRRRRRA ANMCSPTTTT VVNTIKLVVV VVVVIVVWSY 
GNM11375                        --AAAAAAAA AASACDDDVE DEEEEEFFYG GGGGTGIVIV IVVLLIIIKK KKKREKRSII LVLTLANNNV PAPAPPPGQN QKRKRRRRRS SNMCAPTSTT VVNNVKLVVV VCVVVVVWSY 
GNM11381                        --AAAAAAAA AASACDDDVE DEEEEEFFFG GGGGTGIVLV IIVYLIIVKK KKKREKRSII LTLILANNNT PAPPPPPGQM QKRKRRRRRS ANMSAPTTTT VLRNIKLIVV VVVVVVVWSY 
GNM11382                        --AAAAAAAA AASACDDDIE DEEEEEFFFG GGGGTGIVLV IIVYLVIVKK KKKREKRSII LHLILANNNT PAPPPPPGQM QKRKQRRRRA VNMSAPTTTT VLRNIKLIVV VVVVVVVWSY 
GNM11841                        --AAAAAAAA AVASCDDDTE EDQEENKFLG EGGGGELILV VVVHAIIVRR RSRQKRRNEV IKLPPRNSNT GPEPPEPGQS QTRKRRSTRK GDMKGTTTDT VKLTIKMVVS VILIVVVFTK 
GNM11931                        --AAAAASAA AVASCDDDTE EEEEELTFLG GGGGGEIILV VVIHTITIRR RQRQKRRNEI IKLPPRNSNT GPEPPDPGQS QTRKRRTRRK GDMKGTTTDT VKLTIKMVVS VILIVVVYTK 
GNM12040                        --AAAAAAAA AVASCDDDTE EEEEEMQFLG EGGGGEIILV IVIHTVIIRR RSRKKRRNEV IKLPPRNSNT GPESPEPGQS QTRKRRSTRK GDMKGTTTDT VRLTIKMVVS VVIIVVVFTK 
GNM12071                        --AAAAAAAA AVASCDDDTE EEEEELKFLG DGGGGEIILV VVIHTIIIRR RSRQKRRNEV IKLPPRNSNT GPSPPDPGQS QTRKRRSTRK GNMKGTTTDT VKLTIKMVVS VVIVVVVFTK 
GNM12125                        --AAAAAAVA AAASVDDDTE ETEEEDMFVG GGGGGRIILI VVVIIVIVKK RKKAMRRREI ILAPPRNNNK PPQPPPPGQG QKRRRRKRWP GDIAATASSS VVYVYKMIIT IVVVVVVWSR 
GNM12126                        --AAAGAAVA TAVSVDDDTE ETEEEDMFVG GGGGGRIVLV VVIIVVIVRH RHKTMRRRVI ILAPPRNNNK PPQPPEPGQG QKRRRRRRWP GDIAGTVSSS VVYVFKMVVT IVVVVVVWSK 
GNM12128                        --AAAAAACA AAVTVDDDTD ETEEEEMFMG GGGGTRIVIV VIILMLVVKG RKKAMRRREV LLVPPRNNNV PPIPPPPGQG QKKRRRQRWF GDIATPVSTK VNRVFKMIVT IVVVVVVWSK 
GNM12182                        --AAAAAAVA SAATVDDDTD ETEEDDLFFG GGGGGKIIVI VKVVLVIVKK RRKPMRRREI ILAAPRNSNN PPQPPPPYQS QRRRRRKAWY ADLSNATSNT VNMMFKVIVS VVVVVVVWTM 
GNM12342                        --AAAAAAVA AAAACDDDTE DNEEADMFLG GGGGGPIILV VVILICIVKK RKKRERRREI IAVPPKNRNI PPPEPPPGQA QKRKRRGVRT ADIKRTVTTS VVRIIKMIIT VVVVVVVWKK 
GNM12346                        --AACGAACA AVATVDDDLE EDEEENIFVG NGGGGRIIVV VIIMTLIVKK KRRRERRNLV LKVPPRNSNE APHEPDPATS QKRKRRKRRK SSISGTPTDT GTRIYKMIVS VFIVVVVYTK 
GNM12351                        --AAAGGAVA VAAACDDDIE DIEEEKMFLG GGGGGYIILV IIIMTIIVKK KRRRERRNTI IKVPPRNTNE PPNEPDPGQS QKRKRRKVRK ADMAGTPTDT VAKVFKMVVS VCIVVVVFSK 
GNM12356                        --AAASGAAA AAAACDSDSE ESEEEELFLG GGGGGPIILV IVVLLLIVKK KKKRERRREI IALPPKNRNI APPEPPPGQA QKRKRRGVRA SDIKGTITTS VNRFYKMIHS IVVVVVVWKK 
GNM12357                        --AAASGSAA AAAACDHDTE ETEEEEMFLG GGGGGPIILV IVVLLLIVKK KVKRERKREV IVLPAKNRNV PPPEPPPGQA QKRKRRGTRA SDIKGTVTTS VNRFYKMIHS IVVVVVVWKK 
GNM12366                        --AAASASAA AAAACDQDTE DTEEEEIFLG GGGGGPIILV IVVLLLIVKK KSKRERKREV IVLPAKNRNV PPPEPPPGQA QKRKRRGTRS SDIKGTVTTS VNRFYKMIHS IVVVVVVWKK 
GNM12373                        --AAAGMAMA AVASCDDELD DDEEENLFVG GGGGGRIILV VLVQMMVLRR KHRRQRRNVI LKVPPRNSNV PPQEPEPGKS QKKKRRKVRK ANISGTPTNT VTKTFKMVIT VALVIVVFTK 
GNM12385                        --AAAALPMA SIASCDDDID EEEEERVFEG GGGGGKIILL VLIQMMVIKR KHRRERRRLV LRVPPRNSNV PPAEPEAGKS QKRKRRKVRC ANTSGTPTNT VTRTIKMIVS VALVVVVFTK 
GNM12551                        -AAAAGAAAA AAAACDDDTD EAEEEDMFVG GGGGGNIILV IVILILIVRK RKRHQRRREI IRLPPKNSNV PPPEPPPGEA QKRRRRRVRN ADIKGTPTTS CVRVYEMVVS VVIVVVVWSK 
GNM12554                        --AAAGMAVA AVATCDDDLD EEEEDKIFVG NGGGGRIILV VLLQMLVVKK KHRRQRRRII VRVPPRNSNT PPAEPEPGKS QKRKRRKVRK ANISGTPTDT VTKTMKMIVT VALVVVVYTK 
GNM12592                        --AAAAAAAA AVATCDDDLE EVEEEAMFFG GGGGGNIIIV IIIQSLVTKK KRRRFRRNTV IKLPPRNSNE GPNEPDPGQS QKRKRRKVRC SDIKGTPTDS VTYVFKMIVS VVIVVVVFAK 
GNM12596                        --AAAGAAMA VVAACDDDLE DIEEEEMFLG GGGGGLIILV VVIMTIITKK KRKRERRNVI IKVPPRNTNA PPNEPEPGQS QKRKRRKVHC ADISGTPTDT VAQVFKMVVS VCIVVVVFSQ 
GNM12602                        --AAAGAAMA VVAACDDDLE DIEEEEMFLG GGGGGLIILV VVIMTVITKK KRKRERRNVI IKVPPRNTNP PPNEPEPGQS QKRKRRKVRC ADISGTPTDT VAKVFKMVVS VCIIVVVYSQ 
GNM12665                        --AAAGAAMA VVAACDDDLE DIEEEDMFLG GGGGGLIILV VIIMTIITKK KRKRERRNVI IKVPPRNTNA PPNEPEPGQS QKRKRRKVHC ADISGTPTDT VAQVFKMVVS VCIVVVVFSQ 
GNM12745                        --AAAGAAAA IAAACDDDLD EVDEEDMFTG GGGGGTIILV VVILALIIKR KKRKELRREI IRVLAKNSNK PAPEAEPGES QKRRRRAVRS SDIKGTSTTS IIRVYKMVVS VVVIVVVWSK 
GNM12749                        --AAAGLAVA AVATCDDDLD EEIEEKIFVG NAGGGRIIVL VLIQMLVVRR KHRRQRRRVV VRVPPRNSNT PPSEPDPGKS QKRKRRRVRK ASISGTPTDT VTKTIKMIVS VALVVVVYTK 
GNM12758                        --AAAGAAAA VAAACDDDLD EVDEEEMFLG GGGGGNIILV IVVLALIVKR KKRRERRREI IRVLPKNSNQ PVPEAPPGES QKRRRRSVRA ADIKGTTTSS VVRVYKMVVS VVVVVVVWSK 
GNM12763                        --AAAGAAAA AAAACDDDLE EKSEEDMFLG GGGGGNIILV IVILALIVRR KKKRERRREI IRLMPKNSNH PTPEPPPGEA QKRRRRNVRA ADMKGTTTTS VVRVYKMIVS VVVVVVVWSK 
GNM12766                        --AAASAAAA AAAACDDDTE ENEEEDMFFG GGGGGPIILV IVILLLIVKK KKRRERRREI IALPPKNRNV PPPEPPPGQA QKRKRRGVRS ADIKGTTTTS VNRFIKMILS IVVVVVVWRK 
GNM12841                        --AAAAAAAA AVASCDDDTE EDEEENKFLG EGGGGELILV VVIHTITVRR RSRQKRRNEV IKLPPRNSNT GPEPPEPGQS QTRKRRSTRK GDIKGTTTDT VKLTIKMIVS VILIVIVFTK 
GNM12849                        --AAAAAAAA AASACDDDVE DEEEEEFFYG GGGGTGIVIV IVVLLIVIKK KHKKEKRAII LHLVLANNNV PAPAAPPGQM QKRKQRRRRA ANMCSPTTTT VIQNVKLIVV VCVVVVVWSY 
GNM12869                        --AAAAAAAA AASACDDDVE DEEEEEFFYG GGGGTGIVIV IVVLLIIIKK KRKKEKRSIV LALTLANNNV PAPPPPPGQN QKRKRRRRRS VNMCSPTSTT VVNNVKLIVV VCVVVVVWSY 
GNM12896                        --AAAAAAAA AAAACDDDVE EEEEEEFFFG GGGGTGIVLV IIIYLVVVKG KKKREKRAII LVLILVNNNV PGPAPPPGQM QKRKRRRRRS ASMTAPTTTT VLQNVKLVVV VCVVVVVYSY 
GNM12897                        --AAAAAAAA AAAACDDDVE EEEEEEFFFG GGGGTGIVLV IIIYLVVVKG KKKREKRAII LVLILVNNNI PGPPPPPGQM QKRKRRRRRS ASMTAPTTTT VLQNVKLVVV VCVVVVVYSY 
GNM12902                        --AAAAAAAS VAAACDDDTE EEEEEDMFVG GGGGTYIILI VVIIIIIVRS RHKRSRRKML LAIVARNANP PPPPPPPGKD QKRKRRRVMA GDTEGTTTTS ALLIYKMVVS VFVVVVVWSR 
GNM12903                        --AAAAAAVA AATSVDDDTE EDLEEEMFFG GGGGTRIVIV VIIILVIVKK RKKPRRRRLV IHVPPMNNNP PPFPPPPNQG QRRHRRTVWG GDIAGKTSTS VMLVYELVVV IVVVVVVWSR 
GNM12906                        --AAGAAAVA AATSVDDDTE EDLEEEMFFG GGGGTRIVIV VIIILVIVKR RKKPRRRRLV IHVPPMNNNP PPFPPPPNQG QKRHRRTVWG GDIAGKTSTS VMLVYELVVV IVVVVVVWSR 
GNM12907                        --AAAAAAVA AATSVDDDTE EDLEEEMFFG GGGGSRIVIV VIIILVIVKK RKKPRRRRLV IHVPPMNNNP PPFPPPPNQG QRRHRRTVWG GDIAGKTSTS VMLVYELVVV IVVVVVVWSR 
GNM12909                        --AAAAAAVA AATSVDDDTE EDLEEEMFFG GGGGTRIIIV VIIILVIVKK RKRPRRRRLV IHVPPMNNNP PPFPPPPNQG QRRHRRTVWG GDIAGKTSTS VLLVYELVVV IVVVVVVWSR 
GNM12915                        --AAAGAAAA AAAAVDDDMD EVEEEEMFVG GGGGGRIIII IVILILIVRH RHKRQRRRVV IRIPLRNSNT VPPEAPPGQG QKRRRRRTRS ADIKGRTSTT AVYVYKMIVT VVVVVVVWSK 
GNM10046                        --AAAGAAAA AAAAVDDDMD EVEEEEMFVG GGGGGRIILV IVILILIVRH RHKRQRRRVI IRIPLRNSNT VPPEAPPGQG QKRRRRRTRS ADIKGRTSTT AVYVYKMIVT VVVVVVVWSK 
GNM12918                        --AAAGAAAA AAAAVDDDMD EVEEEEMFVG GGGGGRIIIV IVILILIVRH RHKRQKRRVV IRIPLRNSNT VPPEAPPGQG QKRRRRRTRS ADIKGRTSTT AIYVYKMIVT VVVVVVVWSK 
GNM12931                        --AAAAAAVA AVASVDDDTE ETEEEELFVG GGGGGKIVLV IVLIIVIVKK KKKTKRRRLI ILVPPKNNNR PPQPPPPGQG QKRRRRQRWP GDIAGTASTS VVYVFKMVVT VVIIAVVWTR 
GNM12938                        --AAAAAAVA AAASVDDDTD ETEEEDLFFG GAGGGKVVLI IKIVVVIIKK RRKPVRRREI ILAPPRNSNV PPQPPPPNQG QRRRRRKVWF ADMSNSTSNT VHSMFKVVIS VVIIVIVWTM 
GNM12996                        --AAAAAAVA AAASVDDDTE ETEEEDMFFG GAGGGRVVLI IKIVLVIIKK RRKPMRRREI ILAPPRNSNN PPQPPPPYQG QKRRRRKVWF SDLSNTTSNT VHVMYRVVVS VVIIVVVWTM 
GNM13018                        --AGAAAAVA AAASVDDDTE ETEEEDMFFG GAGGGRVVLI IKIVLVIIKK RRKPMRRREI ILAPPRNSNN PPQPPPPYQG QKRRRRKVWF ADLSNTTSNT VHVMYKVVVS VVIIVVIWTM 
GNM13027                        --AAAAAAVA AAATVDDDTE ETEEEDLFFG GAGGGKIVLI IKVIIVIVKK RKKPVRRREI ILAPPKNSNT PPQPPPPYQG QRRRRRKVWF GDMANTTSNT VHTMFKVVIS VVIIVIVWTM 
GNM13046                        --AAAAAAGA AASACDDDVE DEEEEEFFYG GGGGTGIVLV VVVLLIVVKK KKKREKRSII LSLILANSNN PAPPPPPGQM QKRKRRRRRA VNMIAPTTTT VVRNVKLIVV VVVVVVVWSY 
GNM13053                        --AAAAAAAA AAASCDDDLE GDEEEEYFFG GGGGGGIIII ITITLIIMKR KKKRTRRSTV IWLMISNNNT PPPPPPPGQQ QKRKRRRRRS SNMSSPTTTT VVVNVKLVVT VVIVVVVWPY 
GNM13074                        --AAAGAAAA AAAAVDDDMD EVEEEDMFVG GGGGGRIVLV IVLLILITRH RHKRQKRRVI IRIPLRNGNK VPPEAEPGQG QKRRRRRVRS ADIKGRTSTT AVYVYKMVLT VVVIVVVWSK 
GNM10010                        --AAAGAAAA AAAAVDDDMD EVEEEEMFVG GGGGGRIVLV IVLLILIVRH RKKRQRRRVI IRIPLRNSNK VPPEAPAGQG QKRRRRRTRS ADIKGRTSTT AVYVYKIVLT VVVIAVVWSK 
GNM10014                        --AAAGAAAA AAAAVDDDMD EVEEEEMFVG GGGGGRIVLV VVLLILIVRH RKKRQRRRVI IRIPLRNSNK VPPEAPAGQG QKRRRRRTRA ADIKGRTSTT AIYVYKMVLT VVVIAVVWSK 
GNM13090                        --AAAGAAAA AAAAVDDDMD EVEEEEMFVG GGGGGRIVLV VVLLILIVRH RKKRQRRRLI IRIPLRNSNK VPPEAPAGQG QKRRRRRTRS ADIKGRTSTT AIYVYKIVLT VVVIAVVWSK 
GNM13118                        --AAASAAVA AAASVDDDSE EEEEEEIFMG GGGGARIIVI VVLIMVIIKK RKTPKRRRLV IWAPPKNANK PPFPPPPEQG QRRRRRKVWG GDIAAKTSTT VMLIYALIVS IVVLVVIWSR 
GNM13126                        --AAAAAAAA AAAACDDDTE EEEEEDMFVG GGGGGYIILV VVIIIIIVRS KHRRSRRRSL LAIVPRNANT PPPPPPPGKD QKRKRRRKMA GDIQGTTTTS ALNMYKMIVS VFVVVVVWSR 
GNM13128                        --AAAAAAAA AAAACDDDTE EEEEEDMFVG GGGGGYIILV VVIIIIIVRS KHRRSRRRSL LAIVPRNANV PPPPPPPGKD QKRKRRRKMA GDIEGTITTS ALNIYKMIVS VFVVVVVWSR 
GNM13208                        --AAAAAAVA AAASVDDDTE EDLEEEMFFG GGGGGRIVIV VLIVLVVIKK RKKPRRRRLV LHVPPMNNNP PPFPKPPNQG QKRRRRSTWG GDIAGKTSTT VLVVFEMVVV IVVVVVVWSK 
GNM13210                        --AAAAAAVA AAATVDDDTE ETEEEELFFG GGGGGKIILI VVIVLAILKK RHKTMRRREI ILVPARNNNK PPQPPPPQQG QKRRRRQRWP GDMAGINSTS VVIVYKMVIS IVVIVVVWSR 
GNM12773                        --AAAAAAAA AAATCDDDVE EEEEEDRFFG GGGGGQIILI VMVYALVIKK RKRKRRRRIL ILLMTRNSNK PPLPPPPGKQ QRRRRRRRWS GDIQTSSTTS IPITYQMVVS VIVVAVVWRK 
GNM12769                        --AAASAAAA AAASCDDDLD EEEEEEMFFG GGGGGPIVLV IIVILIIMKK VRKRKRKRVI ILLIPKNNNM PPPPPPPGQN QTKKRRRRRT GDIQCPATTT IAKIIKLVIS VVIVIVVWSR 
GNM12768                        K-AAAVAGAA ALRSIDDDST REEEDAIFAA GGAGGKIVVI IVIYLLIIRG A-R-LRRRKV LRAPKRNSNK MPQE-EPEDR TKKFRRKSY- MDERGL-SNT VQIVTDKVLT VVLVVVIFPK 



    1    1    1    1    1    1    1    1    1    1    1    1    1    1    1
    1    1    1    1    1    1    1    1    1    1    1    1    1    1    1
    1    1    1    3    1    1    1    1    1    1    1    1    1    1    1
    1    1    1    1    1    1    1    1    1    1    1    1    1    1    1
    1    1    1    1    1    1    1    1    1    1    1    1    1    1    1
    1    1    1    1    1    1    1    1    1    1    2    1    1    1    1
    1    1    1    1    1    1    1    1    1    1    1    1    1    1    1
    1    1    1    1    1    1    1    1    1    1    1    1    1    1    1


AAML (in paml version 4.9h, March 2018)  tmp0006.txt
Model: Empirical,  (../wag.dat) dGamma (ncatG=4) ns = 149  ls = 123


Frequencies..
                                    A      R      N      D      C      Q      E      G      H      I      L      K      M      F      P      S      T      W      Y      V
GNM13746                       0.09917 0.07438 0.03306 0.03306 0.00826 0.02479 0.06612 0.06612 0.00826 0.09917 0.04959 0.09091 0.00826 0.01653 0.06612 0.04959 0.04132 0.00826 0.01653 0.14050
GNM13538                       0.13223 0.08264 0.03306 0.04132 0.00826 0.02479 0.04132 0.07438 0.00826 0.09917 0.04959 0.07438 0.02479 0.01653 0.06612 0.03306 0.04132 0.00826 0.01653 0.12397
GNM13671                       0.09917 0.08264 0.02479 0.04959 0.01653 0.03306 0.04959 0.07438 0.01653 0.09917 0.04132 0.08264 0.02479 0.00826 0.06612 0.03306 0.06612 0.01653 0.00826 0.10744
GNM13876                       0.12397 0.09091 0.01653 0.04132 0.00826 0.02479 0.04959 0.06612 0.00826 0.08264 0.04959 0.08264 0.01653 0.00826 0.06612 0.06612 0.06612 0.01653 0.00826 0.10744
GNM13680                       0.14876 0.08264 0.03306 0.03306 0.00826 0.01653 0.05785 0.08264 0.00826 0.06612 0.05785 0.07438 0.02479 0.02479 0.05785 0.01653 0.05785 0.00826 0.00826 0.13223
GNM14837                       0.13223 0.07438 0.05785 0.03306 0.02479 0.01653 0.05785 0.07438 0.00000 0.07438 0.04959 0.07438 0.00826 0.01653 0.04959 0.04132 0.04132 0.00826 0.01653 0.14876
GNM14249                       0.12397 0.06612 0.05785 0.03306 0.02479 0.01653 0.05785 0.07438 0.00000 0.08264 0.04959 0.08264 0.00826 0.01653 0.04959 0.04959 0.04132 0.00826 0.01653 0.14050
GNM13928                       0.12397 0.06612 0.05785 0.03306 0.02479 0.01653 0.05785 0.07438 0.00826 0.07438 0.04959 0.07438 0.00826 0.01653 0.04132 0.05785 0.04132 0.00826 0.01653 0.14876
GNM13297                       0.13223 0.08264 0.03306 0.04132 0.00826 0.02479 0.04132 0.07438 0.00826 0.09917 0.04959 0.07438 0.02479 0.01653 0.06612 0.03306 0.04132 0.00826 0.01653 0.12397
GNM14865                       0.09091 0.10744 0.02479 0.04132 0.00826 0.01653 0.08264 0.09091 0.00826 0.08264 0.02479 0.07438 0.02479 0.01653 0.04132 0.05785 0.09091 0.00000 0.00000 0.11570
GNM13455                       0.14876 0.05785 0.04132 0.03306 0.02479 0.03306 0.05785 0.07438 0.01653 0.07438 0.04959 0.07438 0.01653 0.01653 0.04132 0.02479 0.04132 0.00826 0.01653 0.14876
GNM14938                       0.10744 0.09091 0.03306 0.04959 0.01653 0.03306 0.04959 0.05785 0.00000 0.08264 0.04959 0.08264 0.01653 0.00826 0.05785 0.02479 0.06612 0.01653 0.02479 0.13223
GNM14483                       0.12397 0.08264 0.03306 0.04132 0.01653 0.02479 0.04132 0.06612 0.00000 0.08264 0.06612 0.07438 0.01653 0.01653 0.05785 0.04132 0.05785 0.00826 0.01653 0.13223
GNM14872                       0.14876 0.08264 0.03306 0.03306 0.00826 0.03306 0.05785 0.08264 0.00826 0.07438 0.04959 0.07438 0.00826 0.02479 0.06612 0.01653 0.05785 0.00826 0.00826 0.12397
GNM13855                       0.14050 0.07438 0.04132 0.03306 0.00826 0.04132 0.04959 0.07438 0.00826 0.06612 0.08264 0.07438 0.00826 0.02479 0.04959 0.03306 0.04959 0.00826 0.01653 0.11570
GNM14445                       0.11570 0.09091 0.04132 0.04132 0.00826 0.03306 0.04132 0.08264 0.00826 0.08264 0.03306 0.07438 0.02479 0.01653 0.06612 0.03306 0.07438 0.00826 0.00826 0.11570
GNM14404                       0.12397 0.07438 0.01653 0.04959 0.01653 0.03306 0.04959 0.09091 0.00000 0.05785 0.06612 0.06612 0.01653 0.01653 0.05785 0.04959 0.03306 0.01653 0.02479 0.14050
GNM14545                       0.12397 0.07438 0.01653 0.04959 0.01653 0.03306 0.04959 0.09091 0.00000 0.05785 0.06612 0.06612 0.01653 0.01653 0.05785 0.04959 0.03306 0.01653 0.02479 0.14050
GNM14366                       0.11570 0.08264 0.04132 0.03306 0.00826 0.01653 0.05785 0.07438 0.00000 0.08264 0.05785 0.07438 0.01653 0.02479 0.05785 0.04132 0.06612 0.00826 0.01653 0.12397
GNM14252                       0.12397 0.06612 0.05785 0.03306 0.02479 0.01653 0.05785 0.07438 0.00000 0.07438 0.04959 0.08264 0.00826 0.01653 0.04959 0.04959 0.04132 0.00826 0.01653 0.14876
GNM13760                       0.13223 0.07438 0.05785 0.03306 0.02479 0.01653 0.05785 0.07438 0.00000 0.05785 0.04959 0.07438 0.00826 0.01653 0.04959 0.04132 0.04132 0.00826 0.01653 0.16529
GNM13982                       0.09917 0.07438 0.04959 0.03306 0.01653 0.02479 0.05785 0.08264 0.01653 0.08264 0.03306 0.08264 0.01653 0.01653 0.05785 0.04132 0.04959 0.00826 0.00826 0.14876
GNM13960                       0.13223 0.08264 0.04959 0.04132 0.01653 0.01653 0.04959 0.07438 0.01653 0.09917 0.05785 0.06612 0.00826 0.01653 0.04132 0.04132 0.03306 0.00826 0.00826 0.14050
GNM14633                       0.09917 0.06612 0.04959 0.03306 0.01653 0.04132 0.05785 0.08264 0.01653 0.08264 0.03306 0.08264 0.01653 0.01653 0.04959 0.04132 0.04959 0.00826 0.00826 0.14876
GNM14853                       0.09917 0.06612 0.04959 0.03306 0.01653 0.04132 0.05785 0.08264 0.01653 0.08264 0.03306 0.08264 0.01653 0.01653 0.04959 0.04132 0.04959 0.00826 0.00826 0.14876
GNM14174                       0.09917 0.13223 0.01653 0.04959 0.00826 0.04132 0.04132 0.08264 0.00000 0.07438 0.04959 0.05785 0.02479 0.01653 0.04959 0.06612 0.04959 0.01653 0.01653 0.10744
GNM14138                       0.09091 0.11570 0.01653 0.04132 0.01653 0.02479 0.05785 0.09091 0.01653 0.09091 0.03306 0.06612 0.02479 0.02479 0.05785 0.06612 0.03306 0.01653 0.00000 0.11570
GNM14055                       0.11570 0.07438 0.04959 0.03306 0.01653 0.02479 0.05785 0.07438 0.00000 0.09091 0.05785 0.07438 0.00826 0.00826 0.04959 0.04959 0.04132 0.00826 0.02479 0.14050
GNM14748                       0.13223 0.07438 0.05785 0.03306 0.02479 0.01653 0.05785 0.07438 0.00000 0.07438 0.04959 0.07438 0.00000 0.01653 0.04959 0.04959 0.05785 0.00826 0.01653 0.13223
GNM14246                       0.10744 0.14050 0.02479 0.04132 0.00826 0.03306 0.05785 0.08264 0.00000 0.06612 0.03306 0.04959 0.04132 0.02479 0.04959 0.05785 0.03306 0.01653 0.00000 0.13223
GNM14640                       0.10744 0.12397 0.01653 0.04132 0.00826 0.03306 0.05785 0.09091 0.00000 0.09091 0.02479 0.06612 0.03306 0.01653 0.05785 0.04959 0.04132 0.01653 0.00826 0.11570
GNM14965                       0.14876 0.07438 0.03306 0.03306 0.00826 0.02479 0.05785 0.08264 0.00826 0.08264 0.09091 0.08264 0.00000 0.01653 0.04132 0.02479 0.05785 0.00826 0.00826 0.11570
GNM13677                       0.12397 0.09091 0.01653 0.04132 0.00826 0.02479 0.04959 0.06612 0.00826 0.08264 0.04959 0.08264 0.01653 0.00826 0.06612 0.06612 0.06612 0.01653 0.00826 0.10744
GNM14339                       0.12397 0.08264 0.02479 0.04959 0.00826 0.04132 0.04132 0.07438 0.00826 0.09091 0.05785 0.09917 0.00826 0.00826 0.05785 0.02479 0.04959 0.01653 0.01653 0.11570
GNM14593                       0.11570 0.08264 0.02479 0.04959 0.01653 0.03306 0.04959 0.06612 0.02479 0.10744 0.03306 0.08264 0.01653 0.00826 0.06612 0.03306 0.05785 0.01653 0.00826 0.10744
GNM13825                       0.09917 0.09091 0.02479 0.04959 0.01653 0.03306 0.04959 0.06612 0.00000 0.09091 0.04959 0.08264 0.01653 0.00826 0.05785 0.02479 0.07438 0.01653 0.02479 0.12397
GNM14768                       0.11570 0.10744 0.02479 0.04959 0.01653 0.02479 0.04132 0.05785 0.01653 0.10744 0.05785 0.07438 0.01653 0.00826 0.08264 0.03306 0.05785 0.01653 0.00826 0.08264
GNM14776                       0.11570 0.09917 0.02479 0.04959 0.01653 0.02479 0.04132 0.05785 0.01653 0.10744 0.05785 0.08264 0.01653 0.00826 0.08264 0.03306 0.05785 0.01653 0.00826 0.08264
GNM14715                       0.10744 0.07438 0.02479 0.04132 0.01653 0.02479 0.04132 0.07438 0.00000 0.07438 0.04959 0.08264 0.00000 0.01653 0.06612 0.05785 0.05785 0.00826 0.01653 0.16529
GNM14639                       0.10744 0.08264 0.04132 0.03306 0.00826 0.02479 0.04959 0.07438 0.00000 0.09917 0.03306 0.08264 0.01653 0.02479 0.07438 0.05785 0.04132 0.00826 0.01653 0.12397
GNM13795                       0.14050 0.07438 0.05785 0.03306 0.02479 0.01653 0.05785 0.07438 0.00000 0.06612 0.04959 0.07438 0.00000 0.01653 0.04959 0.04132 0.05785 0.00826 0.01653 0.14050
GNM14166                       0.14050 0.07438 0.04132 0.02479 0.01653 0.02479 0.06612 0.09091 0.00000 0.05785 0.05785 0.06612 0.01653 0.02479 0.04959 0.00826 0.05785 0.00000 0.02479 0.15702
GNM13993                       0.11570 0.08264 0.03306 0.03306 0.00826 0.03306 0.05785 0.08264 0.00000 0.07438 0.04959 0.05785 0.01653 0.01653 0.08264 0.04132 0.08264 0.00826 0.00826 0.11570
GNM14450                       0.10744 0.04959 0.02479 0.03306 0.01653 0.02479 0.04959 0.09917 0.00000 0.09917 0.04959 0.09917 0.03306 0.03306 0.04959 0.03306 0.05785 0.00826 0.00826 0.12397
GNM13515                       0.12397 0.07438 0.05785 0.03306 0.01653 0.02479 0.05785 0.08264 0.00000 0.08264 0.04132 0.07438 0.00826 0.02479 0.04959 0.02479 0.04959 0.00826 0.00826 0.15702
GNM14959                       0.09091 0.08264 0.04132 0.04132 0.00000 0.01653 0.05785 0.09091 0.01653 0.12397 0.04132 0.04132 0.01653 0.01653 0.08264 0.04959 0.03306 0.01653 0.00826 0.13223
GNM13413                       0.10744 0.09091 0.03306 0.03306 0.00000 0.02479 0.05785 0.08264 0.00826 0.10744 0.04132 0.07438 0.03306 0.01653 0.07438 0.04132 0.04132 0.01653 0.00826 0.10744
GNM15005                       0.11570 0.07438 0.04959 0.04132 0.01653 0.02479 0.04959 0.08264 0.01653 0.09091 0.05785 0.06612 0.00826 0.01653 0.04132 0.04959 0.03306 0.00826 0.00826 0.14876
GNM14992                       0.12397 0.07438 0.04959 0.04132 0.01653 0.02479 0.04959 0.07438 0.01653 0.08264 0.06612 0.06612 0.00826 0.01653 0.04959 0.04132 0.03306 0.00826 0.00826 0.14876
GNM14994                       0.12397 0.07438 0.05785 0.03306 0.02479 0.01653 0.05785 0.09091 0.00000 0.06612 0.04959 0.07438 0.00000 0.00826 0.04132 0.04959 0.05785 0.00826 0.02479 0.14050
GNM15013                       0.13223 0.08264 0.04959 0.04132 0.01653 0.01653 0.04959 0.07438 0.01653 0.09091 0.05785 0.06612 0.00826 0.01653 0.04132 0.04132 0.03306 0.00826 0.00826 0.14876
GNM15014                       0.12397 0.08264 0.04132 0.03306 0.01653 0.01653 0.05785 0.07438 0.01653 0.08264 0.06612 0.06612 0.01653 0.01653 0.04959 0.04132 0.03306 0.00826 0.00826 0.14876
GNM14976                       0.12397 0.07438 0.04959 0.04132 0.01653 0.02479 0.04959 0.08264 0.01653 0.09091 0.05785 0.06612 0.00826 0.01653 0.04132 0.04132 0.03306 0.00826 0.00826 0.14876
GNM14999                       0.10744 0.07438 0.04959 0.03306 0.01653 0.02479 0.05785 0.07438 0.00826 0.09917 0.06612 0.07438 0.00826 0.01653 0.05785 0.04959 0.03306 0.00826 0.00826 0.13223
GNM15018                       0.11570 0.06612 0.05785 0.03306 0.02479 0.01653 0.05785 0.07438 0.00000 0.06612 0.04959 0.08264 0.00826 0.01653 0.05785 0.04959 0.04132 0.00826 0.01653 0.15702
GNM15025                       0.12397 0.06612 0.04959 0.03306 0.01653 0.02479 0.05785 0.07438 0.00826 0.07438 0.04959 0.08264 0.00826 0.01653 0.04959 0.03306 0.04959 0.00826 0.00826 0.16529
GNM14980                       0.11570 0.06612 0.05785 0.03306 0.02479 0.01653 0.05785 0.07438 0.00000 0.06612 0.04959 0.08264 0.00826 0.01653 0.05785 0.04959 0.04132 0.00826 0.01653 0.15702
GNM15000                       0.11570 0.06612 0.05785 0.03306 0.02479 0.01653 0.05785 0.07438 0.00000 0.06612 0.04959 0.08264 0.00826 0.01653 0.05785 0.04959 0.04132 0.00826 0.01653 0.15702
GNM15026                       0.13223 0.07438 0.04959 0.03306 0.01653 0.02479 0.05785 0.07438 0.01653 0.06612 0.04959 0.07438 0.00826 0.01653 0.04132 0.03306 0.04132 0.00826 0.00826 0.17355
GNM15001                       0.11570 0.06612 0.05785 0.03306 0.02479 0.01653 0.05785 0.07438 0.00000 0.06612 0.04959 0.08264 0.00826 0.01653 0.05785 0.04959 0.04132 0.00826 0.01653 0.15702
GNM15027                       0.14876 0.08264 0.03306 0.04132 0.00826 0.03306 0.04132 0.06612 0.00826 0.09091 0.06612 0.08264 0.00826 0.01653 0.05785 0.03306 0.05785 0.00826 0.00826 0.10744
GNM11003                       0.10744 0.10744 0.03306 0.04132 0.00000 0.02479 0.04959 0.07438 0.00826 0.06612 0.03306 0.05785 0.02479 0.03306 0.07438 0.03306 0.04959 0.01653 0.00826 0.15702
GNM11023                       0.08264 0.12397 0.03306 0.04132 0.00000 0.03306 0.04132 0.08264 0.00000 0.04959 0.03306 0.04132 0.02479 0.01653 0.07438 0.05785 0.04959 0.01653 0.01653 0.18182
GNM11055                       0.12397 0.14050 0.02479 0.03306 0.00826 0.01653 0.08264 0.09091 0.00826 0.08264 0.02479 0.05785 0.00000 0.01653 0.04959 0.02479 0.05785 0.00000 0.02479 0.13223
GNM11146                       0.08264 0.08264 0.04132 0.03306 0.00000 0.04959 0.05785 0.08264 0.01653 0.07438 0.01653 0.04959 0.04132 0.02479 0.05785 0.04132 0.04132 0.01653 0.00000 0.19008
GNM11219                       0.08264 0.11570 0.02479 0.05785 0.00826 0.02479 0.04132 0.09917 0.00000 0.05785 0.07438 0.07438 0.01653 0.00826 0.06612 0.04959 0.04959 0.01653 0.02479 0.10744
GNM11220                       0.12397 0.09091 0.01653 0.05785 0.02479 0.01653 0.04132 0.09091 0.00826 0.05785 0.08264 0.06612 0.02479 0.00826 0.05785 0.01653 0.04132 0.01653 0.01653 0.14050
GNM11223                       0.09091 0.12397 0.02479 0.05785 0.00826 0.02479 0.03306 0.08264 0.00000 0.08264 0.04132 0.07438 0.01653 0.01653 0.06612 0.08264 0.01653 0.01653 0.00826 0.13223
GNM11224                       0.09091 0.14050 0.02479 0.04959 0.00826 0.02479 0.04132 0.08264 0.00000 0.08264 0.04132 0.05785 0.02479 0.01653 0.06612 0.08264 0.01653 0.01653 0.00826 0.12397
GNM11358                       0.14876 0.07438 0.04132 0.03306 0.00826 0.03306 0.04959 0.07438 0.00826 0.07438 0.08264 0.07438 0.00826 0.02479 0.04959 0.02479 0.05785 0.00826 0.01653 0.10744
GNM11360                       0.14876 0.05785 0.04132 0.03306 0.02479 0.03306 0.05785 0.07438 0.01653 0.07438 0.04959 0.07438 0.01653 0.01653 0.04132 0.02479 0.04132 0.00826 0.01653 0.14876
GNM11362                       0.12397 0.08264 0.04132 0.04132 0.01653 0.03306 0.04132 0.07438 0.00000 0.09917 0.05785 0.06612 0.00826 0.01653 0.07438 0.02479 0.04132 0.00826 0.02479 0.12397
GNM11367                       0.09917 0.07438 0.04959 0.03306 0.01653 0.02479 0.05785 0.08264 0.01653 0.08264 0.03306 0.08264 0.01653 0.01653 0.05785 0.04132 0.04959 0.00826 0.00826 0.14876
GNM11377                       0.14876 0.08264 0.03306 0.03306 0.00826 0.03306 0.05785 0.08264 0.00826 0.06612 0.04959 0.07438 0.00826 0.02479 0.06612 0.01653 0.05785 0.00826 0.00826 0.13223
GNM11380                       0.14050 0.07438 0.03306 0.02479 0.01653 0.02479 0.06612 0.09091 0.00000 0.05785 0.05785 0.06612 0.01653 0.02479 0.04959 0.01653 0.04959 0.00000 0.02479 0.16529
GNM11383                       0.13223 0.08264 0.04132 0.03306 0.00826 0.01653 0.05785 0.07438 0.00000 0.08264 0.05785 0.07438 0.01653 0.02479 0.05785 0.03306 0.05785 0.00826 0.01653 0.12397
GNM11491                       0.14050 0.08264 0.04132 0.03306 0.00826 0.01653 0.05785 0.07438 0.00826 0.04132 0.06612 0.07438 0.02479 0.00826 0.05785 0.03306 0.04959 0.00826 0.01653 0.15702
GNM11804                       0.12397 0.13223 0.02479 0.04959 0.00826 0.01653 0.06612 0.09091 0.00826 0.09091 0.02479 0.05785 0.00000 0.01653 0.06612 0.02479 0.04959 0.00000 0.02479 0.12397
GNM11805                       0.14876 0.11570 0.02479 0.02479 0.00826 0.00826 0.06612 0.09091 0.00826 0.09091 0.04132 0.03306 0.01653 0.01653 0.06612 0.04132 0.04959 0.00826 0.01653 0.12397
GNM12883                       0.14050 0.08264 0.03306 0.03306 0.00826 0.03306 0.04959 0.08264 0.00826 0.06612 0.05785 0.07438 0.00826 0.02479 0.05785 0.02479 0.05785 0.00826 0.00826 0.14050
GNM12886                       0.13223 0.08264 0.03306 0.03306 0.00826 0.02479 0.05785 0.08264 0.00826 0.05785 0.05785 0.07438 0.01653 0.02479 0.05785 0.02479 0.05785 0.00826 0.00826 0.14876
GNM13060                       0.10744 0.08264 0.03306 0.02479 0.00826 0.02479 0.07438 0.06612 0.00826 0.09917 0.04959 0.08264 0.00826 0.01653 0.06612 0.04132 0.04132 0.00826 0.01653 0.14050
GNM13061                       0.12397 0.11570 0.04132 0.03306 0.00826 0.02479 0.06612 0.06612 0.01653 0.07438 0.05785 0.04959 0.01653 0.01653 0.04959 0.03306 0.04132 0.00826 0.00826 0.14876
GNM13064                       0.11570 0.08264 0.03306 0.03306 0.00826 0.03306 0.05785 0.08264 0.00000 0.07438 0.04959 0.05785 0.01653 0.01653 0.08264 0.04132 0.08264 0.00826 0.00826 0.11570
GNM13066                       0.12397 0.08264 0.04132 0.03306 0.00826 0.03306 0.05785 0.07438 0.00000 0.07438 0.04132 0.05785 0.01653 0.01653 0.07438 0.04132 0.08264 0.00826 0.00826 0.12397
GNM11032                       0.12397 0.09091 0.03306 0.04959 0.00826 0.04132 0.04959 0.07438 0.01653 0.07438 0.05785 0.07438 0.00826 0.00826 0.05785 0.01653 0.05785 0.01653 0.00826 0.13223
GNM11363                       0.12397 0.08264 0.04132 0.04132 0.01653 0.03306 0.04132 0.07438 0.00000 0.09917 0.05785 0.06612 0.00826 0.01653 0.07438 0.02479 0.04132 0.00826 0.02479 0.12397
GNM11375                       0.12397 0.07438 0.05785 0.03306 0.02479 0.01653 0.05785 0.07438 0.00000 0.06612 0.04959 0.07438 0.00826 0.01653 0.04959 0.04959 0.04132 0.00826 0.01653 0.15702
GNM11381                       0.12397 0.08264 0.04132 0.03306 0.00826 0.01653 0.05785 0.07438 0.00000 0.08264 0.05785 0.07438 0.01653 0.02479 0.05785 0.04132 0.05785 0.00826 0.01653 0.12397
GNM11382                       0.12397 0.07438 0.04132 0.03306 0.00826 0.02479 0.05785 0.07438 0.00826 0.08264 0.05785 0.07438 0.01653 0.02479 0.05785 0.03306 0.04959 0.00826 0.01653 0.13223
GNM11841                       0.09091 0.09917 0.03306 0.04959 0.00826 0.03306 0.07438 0.09091 0.00826 0.05785 0.04959 0.07438 0.01653 0.01653 0.04959 0.04959 0.08264 0.00000 0.00000 0.11570
GNM11931                       0.07438 0.10744 0.02479 0.04959 0.00826 0.03306 0.07438 0.09917 0.00826 0.08264 0.04959 0.06612 0.01653 0.00826 0.04959 0.04132 0.10744 0.00000 0.00826 0.09091
GNM12040                       0.08264 0.10744 0.02479 0.04132 0.00826 0.02479 0.09091 0.09091 0.00826 0.08264 0.03306 0.06612 0.02479 0.01653 0.04132 0.05785 0.09091 0.00000 0.00000 0.10744
GNM12071                       0.08264 0.09917 0.03306 0.04959 0.00826 0.02479 0.06612 0.09091 0.00826 0.07438 0.04132 0.07438 0.01653 0.01653 0.04959 0.05785 0.09091 0.00000 0.00000 0.11570
GNM12125                       0.12397 0.10744 0.02479 0.04132 0.00000 0.02479 0.04959 0.09091 0.00000 0.09917 0.01653 0.06612 0.02479 0.00826 0.07438 0.04132 0.03306 0.01653 0.01653 0.14050
GNM12126                       0.07438 0.11570 0.02479 0.04132 0.00000 0.02479 0.04959 0.10744 0.01653 0.06612 0.01653 0.04132 0.02479 0.01653 0.06612 0.04132 0.04959 0.01653 0.00826 0.19835
GNM12128                       0.09091 0.09917 0.03306 0.04132 0.00826 0.02479 0.04959 0.09091 0.00000 0.06612 0.03306 0.06612 0.04132 0.02479 0.07438 0.01653 0.05785 0.01653 0.00000 0.16529
GNM12182                       0.11570 0.09917 0.04959 0.05785 0.00000 0.02479 0.03306 0.06612 0.00000 0.05785 0.03306 0.05785 0.03306 0.02479 0.06612 0.04959 0.04959 0.01653 0.01653 0.14876
GNM12342                       0.12397 0.10744 0.02479 0.04959 0.01653 0.01653 0.04959 0.08264 0.00000 0.10744 0.02479 0.09091 0.01653 0.00826 0.07438 0.00826 0.04959 0.00826 0.00000 0.14050
GNM12346                       0.07438 0.11570 0.04132 0.04959 0.01653 0.00826 0.06612 0.08264 0.00826 0.08264 0.03306 0.08264 0.01653 0.01653 0.04959 0.04959 0.06612 0.00000 0.01653 0.12397
GNM12351                       0.09091 0.09091 0.03306 0.05785 0.01653 0.01653 0.05785 0.09917 0.00000 0.09917 0.01653 0.09917 0.03306 0.02479 0.05785 0.02479 0.04959 0.00000 0.00826 0.12397
GNM12356                       0.11570 0.09091 0.02479 0.02479 0.00826 0.01653 0.07438 0.09917 0.00826 0.09091 0.05785 0.09917 0.00826 0.01653 0.06612 0.05785 0.02479 0.00826 0.00826 0.09917
GNM12357                       0.09917 0.08264 0.02479 0.02479 0.00826 0.01653 0.07438 0.09917 0.01653 0.06612 0.04959 0.09917 0.01653 0.01653 0.06612 0.04132 0.04959 0.00826 0.00826 0.13223
GNM12366                       0.09917 0.08264 0.02479 0.03306 0.00826 0.02479 0.06612 0.09091 0.00826 0.07438 0.04959 0.09917 0.00826 0.01653 0.06612 0.05785 0.04959 0.00826 0.00826 0.12397
GNM12373                       0.07438 0.09917 0.04959 0.04132 0.00826 0.03306 0.04959 0.09091 0.00826 0.04959 0.05785 0.09091 0.04132 0.02479 0.05785 0.03306 0.05785 0.00000 0.00000 0.13223
GNM12385                       0.08264 0.12397 0.03306 0.03306 0.01653 0.01653 0.07438 0.08264 0.00826 0.06612 0.05785 0.07438 0.03306 0.01653 0.05785 0.04959 0.05785 0.00000 0.00000 0.11570
GNM12551                       0.12295 0.12295 0.03279 0.04918 0.01639 0.01639 0.06557 0.09016 0.00820 0.08197 0.03279 0.04918 0.01639 0.00820 0.07377 0.03279 0.03279 0.00820 0.00820 0.13115
GNM12554                       0.08264 0.10744 0.03306 0.04959 0.00826 0.02479 0.04959 0.08264 0.00826 0.05785 0.04959 0.09917 0.03306 0.00826 0.05785 0.02479 0.07438 0.00000 0.00826 0.14050
GNM12592                       0.09917 0.09091 0.04132 0.04959 0.01653 0.02479 0.05785 0.09091 0.00000 0.08264 0.02479 0.08264 0.01653 0.04132 0.04959 0.04959 0.04959 0.00000 0.00826 0.12397
GNM12596                       0.09091 0.07438 0.03306 0.04959 0.02479 0.03306 0.06612 0.09091 0.00826 0.08264 0.03306 0.07438 0.03306 0.02479 0.05785 0.03306 0.04959 0.00000 0.00000 0.14050
GNM12602                       0.08264 0.08264 0.03306 0.04959 0.02479 0.02479 0.06612 0.09091 0.00000 0.08264 0.03306 0.08264 0.03306 0.01653 0.06612 0.03306 0.04959 0.00000 0.00826 0.14050
GNM12665                       0.09091 0.07438 0.03306 0.05785 0.02479 0.03306 0.05785 0.09091 0.00826 0.09091 0.03306 0.07438 0.03306 0.02479 0.05785 0.03306 0.04959 0.00000 0.00000 0.13223
GNM12745                       0.12397 0.09917 0.01653 0.05785 0.00826 0.00826 0.06612 0.09091 0.00000 0.09917 0.04959 0.08264 0.01653 0.00826 0.02479 0.06612 0.04132 0.00826 0.00826 0.12397
GNM12749                       0.08264 0.13223 0.02479 0.04959 0.00826 0.02479 0.04132 0.07438 0.00826 0.06612 0.04959 0.07438 0.01653 0.00826 0.05785 0.04959 0.06612 0.00000 0.00826 0.15702
GNM12758                       0.11570 0.11570 0.02479 0.04959 0.00826 0.01653 0.06612 0.09091 0.00000 0.05785 0.04959 0.06612 0.01653 0.00826 0.04132 0.05785 0.02479 0.00826 0.00826 0.17355
GNM12763                       0.12397 0.11570 0.03306 0.04132 0.00826 0.00826 0.06612 0.09091 0.00826 0.06612 0.04959 0.07438 0.03306 0.00826 0.04959 0.04132 0.04132 0.00826 0.00826 0.12397
GNM12766                       0.11570 0.10744 0.03306 0.04132 0.00826 0.01653 0.06612 0.09091 0.00000 0.09091 0.04959 0.08264 0.01653 0.02479 0.07438 0.03306 0.04132 0.00826 0.00000 0.09917
GNM12841                       0.08264 0.09917 0.03306 0.04959 0.00826 0.02479 0.08264 0.09091 0.00826 0.08264 0.04959 0.07438 0.00826 0.01653 0.04959 0.04959 0.09917 0.00000 0.00000 0.09091
GNM12849                       0.14876 0.05785 0.04132 0.03306 0.02479 0.03306 0.05785 0.07438 0.01653 0.07438 0.04959 0.07438 0.01653 0.01653 0.04132 0.02479 0.04132 0.00826 0.01653 0.14876
GNM12869                       0.11570 0.07438 0.05785 0.03306 0.02479 0.01653 0.05785 0.07438 0.00000 0.06612 0.04959 0.07438 0.00826 0.01653 0.05785 0.04959 0.04132 0.00826 0.01653 0.15702
GNM12896                       0.13223 0.07438 0.03306 0.02479 0.01653 0.02479 0.06612 0.09091 0.00000 0.05785 0.05785 0.06612 0.01653 0.02479 0.04959 0.02479 0.04959 0.00000 0.02479 0.16529
GNM12897                       0.12397 0.07438 0.03306 0.02479 0.01653 0.02479 0.06612 0.09091 0.00000 0.06612 0.05785 0.06612 0.01653 0.02479 0.05785 0.02479 0.04959 0.00000 0.02479 0.15702
GNM12902                       0.12397 0.09917 0.01653 0.04959 0.00826 0.00826 0.05785 0.08264 0.00826 0.08264 0.04132 0.04959 0.03306 0.01653 0.06612 0.04959 0.05785 0.00826 0.01653 0.12397
GNM12903                       0.08264 0.09917 0.03306 0.04132 0.00000 0.01653 0.04959 0.09091 0.01653 0.07438 0.04132 0.04132 0.02479 0.02479 0.08264 0.03306 0.04959 0.01653 0.00826 0.17355
GNM12906                       0.07438 0.09917 0.03306 0.04132 0.00000 0.01653 0.04959 0.09917 0.01653 0.07438 0.04132 0.04132 0.02479 0.02479 0.08264 0.03306 0.04959 0.01653 0.00826 0.17355
GNM12907                       0.08264 0.09917 0.03306 0.04132 0.00000 0.01653 0.04959 0.09091 0.01653 0.07438 0.04132 0.04132 0.02479 0.02479 0.08264 0.04132 0.04132 0.01653 0.00826 0.17355
GNM12909                       0.08264 0.10744 0.03306 0.04132 0.00000 0.01653 0.04959 0.09091 0.01653 0.08264 0.04959 0.03306 0.01653 0.02479 0.08264 0.03306 0.04959 0.01653 0.00826 0.16529
GNM12915                       0.11570 0.14050 0.01653 0.04132 0.00000 0.02479 0.04959 0.09917 0.01653 0.09917 0.02479 0.04132 0.02479 0.00826 0.04132 0.03306 0.04959 0.00826 0.01653 0.14876
GNM10046                       0.11570 0.14050 0.01653 0.04132 0.00000 0.02479 0.04959 0.09917 0.01653 0.09091 0.03306 0.04132 0.02479 0.00826 0.04132 0.03306 0.04959 0.00826 0.01653 0.14876
GNM12918                       0.11570 0.13223 0.01653 0.04132 0.00000 0.02479 0.04959 0.09917 0.01653 0.09917 0.02479 0.04959 0.02479 0.00826 0.04132 0.03306 0.04959 0.00826 0.01653 0.14876
GNM12931                       0.09917 0.09091 0.02479 0.03306 0.00000 0.03306 0.04959 0.09917 0.00000 0.08264 0.04132 0.08264 0.00826 0.01653 0.07438 0.02479 0.05785 0.01653 0.00826 0.15702
GNM12938                       0.10744 0.09917 0.04132 0.04959 0.00000 0.02479 0.04132 0.06612 0.00826 0.09091 0.02479 0.05785 0.02479 0.03306 0.07438 0.05785 0.04132 0.01653 0.00000 0.14050
GNM12996                       0.09917 0.10744 0.04132 0.04132 0.00000 0.02479 0.04959 0.06612 0.00826 0.07438 0.03306 0.04959 0.03306 0.02479 0.07438 0.04959 0.04959 0.01653 0.01653 0.14050
GNM13018                       0.09917 0.09917 0.04132 0.04132 0.00000 0.02479 0.04959 0.07438 0.00826 0.08264 0.03306 0.05785 0.03306 0.02479 0.07438 0.04132 0.04959 0.01653 0.01653 0.13223
GNM13027                       0.10744 0.08264 0.03306 0.04132 0.00000 0.02479 0.04959 0.07438 0.00826 0.09917 0.02479 0.07438 0.02479 0.03306 0.07438 0.02479 0.07438 0.01653 0.00826 0.12397
GNM13046                       0.11570 0.08264 0.04132 0.03306 0.00826 0.01653 0.05785 0.08264 0.00000 0.05785 0.05785 0.07438 0.01653 0.01653 0.05785 0.04132 0.04132 0.00826 0.01653 0.17355
GNM13053                       0.09091 0.09091 0.04132 0.03306 0.00826 0.02479 0.04132 0.09091 0.00000 0.09091 0.03306 0.05785 0.02479 0.01653 0.07438 0.05785 0.08264 0.01653 0.01653 0.10744
GNM13074                       0.11570 0.13223 0.01653 0.04959 0.00000 0.02479 0.04959 0.10744 0.01653 0.07438 0.04959 0.05785 0.02479 0.00826 0.03306 0.02479 0.04132 0.00826 0.01653 0.14876
GNM10010                       0.13223 0.14050 0.01653 0.04132 0.00000 0.02479 0.04959 0.09917 0.00826 0.08264 0.04959 0.05785 0.01653 0.00826 0.03306 0.03306 0.04132 0.00826 0.01653 0.14050
GNM10014                       0.14050 0.14050 0.01653 0.04132 0.00000 0.02479 0.04959 0.09917 0.00826 0.07438 0.04959 0.05785 0.02479 0.00826 0.03306 0.02479 0.04132 0.00826 0.01653 0.14050
GNM13090                       0.13223 0.14050 0.01653 0.04132 0.00000 0.02479 0.04959 0.09917 0.00826 0.08264 0.05785 0.05785 0.01653 0.00826 0.03306 0.03306 0.04132 0.00826 0.01653 0.13223
GNM13118                       0.12397 0.09917 0.01653 0.03306 0.00000 0.01653 0.06612 0.08264 0.00000 0.10744 0.04132 0.06612 0.02479 0.01653 0.07438 0.04959 0.03306 0.02479 0.00826 0.11570
GNM13126                       0.13223 0.10744 0.02479 0.04959 0.00826 0.01653 0.04959 0.09091 0.00826 0.08264 0.03306 0.04959 0.03306 0.01653 0.06612 0.04959 0.04959 0.00826 0.01653 0.10744
GNM13128                       0.13223 0.10744 0.02479 0.04959 0.00826 0.00826 0.05785 0.09091 0.00826 0.09917 0.03306 0.04959 0.02479 0.01653 0.06612 0.04959 0.03306 0.00826 0.01653 0.11570
GNM13208                       0.09091 0.09091 0.03306 0.04132 0.00000 0.01653 0.04959 0.09917 0.00826 0.04959 0.04959 0.06612 0.02479 0.03306 0.07438 0.03306 0.04132 0.01653 0.00000 0.18182
GNM13210                       0.10744 0.09917 0.03306 0.03306 0.00000 0.04132 0.05785 0.09091 0.00826 0.09917 0.04132 0.05785 0.02479 0.01653 0.06612 0.03306 0.04132 0.01653 0.00826 0.12397
GNM12773                       0.10744 0.14050 0.01653 0.04132 0.00826 0.04132 0.04959 0.08264 0.00000 0.08264 0.04959 0.05785 0.02479 0.01653 0.05785 0.04959 0.04959 0.01653 0.01653 0.09091
GNM12769                       0.09917 0.09091 0.03306 0.04132 0.01653 0.02479 0.04959 0.08264 0.00000 0.13223 0.04959 0.08264 0.02479 0.01653 0.08264 0.03306 0.04132 0.00826 0.00000 0.09091
GNM12768                       0.11111 0.11966 0.02564 0.05983 0.00000 0.01709 0.05983 0.07692 0.00000 0.08547 0.06838 0.08547 0.01709 0.02564 0.03419 0.04274 0.04274 0.00000 0.01709 0.11111

Homogeneity statistic: X2 = 10.52356 G = 11.46208 

Average                        0.11389 0.09248 0.03495 0.03989 0.01126 0.02435 0.05536 0.08244 0.00688 0.08016 0.04704 0.07045 0.01786 0.01742 0.05858 0.03989 0.05032 0.00943 0.01193 0.13542
(Ambiguity characters are used to calculate freqs.)


# constant sites:     10 (8.13%)

TREE #  1:  ((((((((47, 146), 131), (63, 95)), 96), 97), (((133, 134), (98, 62)), (132, 135))), ((((((125, 124), 127), 126), 145), (65, 46)), 142)), ((((((((((((((((((48, (51, 23)), 53), 54), (49, 52)), (56, 59)), 28), (((73, 22), (25, 24)), 45)), ((((((((58, 57), 55), 60), 120), (20, 7)), (((50, (29, 41)), (8, 6)), (88, 21))), ((11, 71), 119)), 77)), 136), (((89, 76), 19), 90)), (((121, 75), 122), 42)), (((((81, 5), 80), (74, 14)), 32), (15, 70))), 44), (87, 72)), ((((43, 84), 85), (16, 137)), ((39, 13), 61))), ((((1, 82), 83), (9, 2)), 40)), ((((37, 38), (3, 35)), (4, 33)), ((12, 36), (34, 86)))), (((((((27, 31), 30), (147, 26)), (68, 69)), 66), (148, 149)), ((18, 17), 67))), (((((((((((112, 110), 111), 101), 109), 100), (((108, 106), 114), 105)), ((((93, 10), 94), (91, 118)), 92)), (64, 78)), ((144, 143), (79, 123))), ((((((104, 103), 102), 117), 99), ((113, 115), 116)), 107)), ((((139, 140), 141), 138), ((130, 128), 129))));   MP score: -1
lnL(ntime:295  np:296):  -9318.485930      +0.000000
 150..151 151..152 152..153 153..154 154..155 155..156 156..157 157..47  157..146 156..131 155..158 158..63  158..95  154..96  153..97  152..159 159..160 160..161 161..133 161..134 160..162 162..98  162..62  159..163 163..132 163..135 151..164 164..165 165..166 166..167 167..168 168..169 169..125 169..124 168..127 167..126 166..145 165..170 170..65  170..46  164..142 150..171 171..172 172..173 173..174 174..175 175..176 176..177 177..178 178..179 179..180 180..181 181..182 182..183 183..184 184..185 185..186 186..187 187..188 188..48  188..189 189..51  189..23  187..53  186..54  185..190 190..49  190..52  184..191 191..56  191..59  183..28  182..192 192..193 193..194 194..73  194..22  193..195 195..25  195..24  192..45  181..196 196..197 197..198 198..199 199..200 200..201 201..202 202..203 203..58  203..57  202..55  201..60  200..120 199..204 204..20  204..7   198..205 205..206 206..207 207..50  207..208 208..29  208..41  206..209 209..8   209..6   205..210 210..88  210..21  197..211 211..212 212..11  212..71  211..119 196..77  180..136 179..213 213..214 214..215 215..89  215..76  214..19  213..90  178..216 216..217 217..218 218..121 218..75  217..122 216..42  177..219 219..220 220..221 221..222 222..223 223..81  223..5   222..80  221..224 224..74  224..14  220..32  219..225 225..15  225..70  176..44  175..226 226..87  226..72  174..227 227..228 228..229 229..230 230..43  230..84  229..85  228..231 231..16  231..137 227..232 232..233 233..39  233..13  232..61  173..234 234..235 235..236 236..237 237..1   237..82  236..83  235..238 238..9   238..2   234..40  172..239 239..240 240..241 241..242 242..37  242..38  241..243 243..3   243..35  240..244 244..4   244..33  239..245 245..246 246..12  246..36  245..247 247..34  247..86  171..248 248..249 249..250 250..251 251..252 252..253 253..254 254..27  254..31  253..30  252..255 255..147 255..26  251..256 256..68  256..69  250..66  249..257 257..148 257..149 248..258 258..259 259..18  259..17  258..67  150..260 260..261 261..262 262..263 263..264 264..265 265..266 266..267 267..268 268..269 269..270 270..112 270..110 269..111 268..101 267..109 266..100 265..271 271..272 272..273 273..108 273..106 272..114 271..105 264..274 274..275 275..276 276..277 277..93  277..10  276..94  275..278 278..91  278..118 274..92  263..279 279..64  279..78  262..280 280..281 281..144 281..143 280..282 282..79  282..123 261..283 283..284 284..285 285..286 286..287 287..288 288..104 288..103 287..102 286..117 285..99  284..289 289..290 290..113 290..115 289..116 283..107 260..291 291..292 292..293 293..294 294..139 294..140 293..141 292..138 291..295 295..296 296..130 296..128 295..129
 0.156351 0.046657 0.086380 0.000000 0.017862 0.032962 0.168108 0.064745 0.019335 0.147333 0.008423 0.226742 0.085600 0.135443 0.363842 0.301884 0.000000 0.069061 0.012809 0.022955 0.016209 0.214217 0.047684 0.072180 0.086566 0.056932 0.168303 0.091888 0.040684 0.040049 0.009246 0.000000 0.027907 0.000000 0.028130 0.000000 0.139827 0.051911 0.153712 0.159024 0.241963 0.090855 0.052642 0.237108 0.059419 0.119615 0.101251 0.020567 0.079350 0.033450 0.040494 0.029351 0.019721 0.026892 0.027030 0.045321 0.000000 0.053208 0.000000 0.008733 0.017689 0.000000 0.008774 0.000000 0.045218 0.000000 0.008428 0.018540 0.040976 0.035497 0.000000 0.030770 0.094928 0.099859 0.000573 0.000000 0.000000 0.016742 0.000000 0.000000 0.018692 0.000000 0.031416 0.054960 0.046341 0.009384 0.000000 0.000000 0.000000 0.000000 0.000000 0.000000 0.000000 0.008778 0.008175 0.000000 0.008698 0.003116 0.000000 0.045062 0.045017 0.000000 0.035438 0.000000 0.000000 0.079774 0.008896 0.008945 0.017662 0.000000 0.099799 0.000000 0.000000 0.000000 0.000000 0.116280 0.084443 0.021156 0.009734 0.000000 0.000000 0.008821 0.017686 0.046103 0.126688 0.009212 0.000000 0.008978 0.000000 0.027193 0.008884 0.052464 0.036904 0.022770 0.000000 0.011142 0.026718 0.008914 0.056172 0.025116 0.000000 0.008843 0.092450 0.029599 0.013864 0.014746 0.207675 0.067928 0.000000 0.000000 0.000000 0.032801 0.217450 0.015715 0.000000 0.000000 0.041578 0.083178 0.144101 0.100367 0.019931 0.129104 0.048711 0.089951 0.108965 0.022880 0.008814 0.094092 0.140532 0.025778 0.000000 0.121114 0.211224 0.000000 0.000000 0.200131 0.205089 0.027586 0.033878 0.079136 0.000000 0.009034 0.031981 0.059243 0.066247 0.212775 0.000000 0.000000 0.018100 0.095840 0.034763 0.010147 0.092184 0.025654 0.093827 0.000000 0.066268 0.023203 0.141293 0.038893 0.076069 0.024600 0.179904 0.058309 0.059664 0.088392 0.147180 0.093598 0.093560 0.013958 0.039894 0.454361 0.000000 0.396940 1.336146 0.144892 0.251791 0.000000 0.000000 0.132145 0.112847 0.079727 0.000000 0.074782 0.188572 0.099565 0.041749 0.025327 0.117525 0.108074 0.020114 0.017702 0.000000 0.035001 0.066558 0.220745 0.264340 0.205983 0.070969 0.007554 0.057804 0.276715 0.102207 0.175453 0.335924 0.032690 0.012933 0.057628 0.008621 0.035504 0.042429 0.045802 0.026751 0.035898 0.065500 0.068628 0.061485 0.044252 0.354914 0.027708 0.011124 0.025031 0.087356 0.093505 0.030776 0.023926 0.000306 0.140356 0.061089 0.097870 0.091437 0.053782 0.004011 0.046876 0.027437 0.136963 0.111789 0.095756 0.178171 0.029959 0.058333 0.106244 0.198069 0.054740 0.044780 0.000000 0.015526 0.020643 0.019856 0.057040 0.001063 0.018115 0.017976 0.008910 0.000000 1.075674
