
Printing out site pattern counts


       153        109  P

GNM13746                        ----AAAADD EEEEEEEFGG GGGGGGGHHH IIIIIIIIII IKKKKKKKKK LLLLLLLLLL LLMMMNNNNP PPPQRRRRRR RRRRRRSSSS SSSTTTVVVV VVVWYYYYY
GNM13538                        ----AAAADS DEEEQTTFEG GGGGGGGHHH AFIIIIIIIV VEFKKKKLMR AALLLLLLLL LVLMSGGNRP PPPKKKKKNR RRRRRRHKKP SSSQRVAAVV VVYWFHWYY
GNM13671                        ----AAASDS EEIRSNRVRE GGGGNRRIVY VVAKLLMNVR WVLKKLRRER LQIILLLLMT VMLMTKRNRP PPVKKRRWRK KNRRVYADRP QSTEKAIVTV VVYYPVRAY
GNM13876                        ----AAASDN EEMNKEHLGE GGGGGRRIKY V-TRILIIIR WKLKKLRYRK LYLLLLLLRL VLLMTTKNRP PPVKKKRRAK KPRTTLAEMP QSTEVAIVAI IVLYPTRAY
GNM13680                        ----ACSADN EEQEQELLNG GGGGGGGHIH VVAIIIITLI FIHKKKSHRK LCIILLLVLI MMAMSGNNRP PPPKHKMSTR RYRRRKKTES SSSTRAVVMI VVYYPVKFY
GNM14837                        ---YAAACDT EETENKEMDG GGGGGGQHIH VSIILITQMI VKFKKRSNRR LHILILLLLI MLAMSGNNRP PPPKRQKATR RSRRRKNTEP SSSERCITMV VVYYYSDHY
GNM14249                        ---YASACDT EEVEQKEING GGGGGGGHIH VSIIIITLYI VKFKKRSNRR LHMLKLLLLI MLAMTGNNRP PPPKRKITTK RSRRRKNTEP SSSSRCITML VVYYYSEHY
GNM13928                        ---FAAACDT EEVEKKEMNG GGGGGGQHIH VSIILITQMI VKFKKRSNRR LHLLMLLLLI MLAMAGNNRP PPPKRQKATR RSRRRKNTEP SSSERCITMV VVYYYSDHY
GNM13297                        ----AAAADS DEEEQTTFEG GGGGGGGHHH AFIIIIIIIV VEFKKKKLMR AALLLLLLLL LVLMSGGNRP PPPKKKKKNR RRRRRRHKKP SSSQRVAAVV VVYWFHWYY
GNM14865                        ----AAASDS EEKEAAKFNG GGGGGGGQVY VNAIIMIVIV YDRDQRRETE ACLVLRVLVL VVVMSGGNNP PPPKESRKRK RERKRRDRKP SSTERAIVAV VVYYPAYLF
GNM13455                        ----ACASDT EEIENYHMDG GGGGGGGHIH VSIIIITILV VRFKKRSKRK LHIILLLLLI MLAMTGNNRP PPPKRKLTTK RDRRRRNTKP SSSMRCVTMI VVYYASKHY
GNM14483                        ----ASASDS EETESRQLNK GGGGGGGYVH VLSIIVVVII IIKKKQKKRK LQMLIFLVLL LLAMTGANRP PPPKRKVRNK RTRRRRSTEA SSSLRAIVMV VVYWPVRMY
GNM14872                        ----ACSADN EDQEQEQLNG GGGGGGGHIH VVAIIIIVLI FIHKKKTHKK LCMVLLLVLI MMAMSGNNRP PPPKRQISTQ RYRRRKKTET SSSERAVVMI VVYYPAKHY
GNM13855                        ----ACSADN EDQEQESINS GGGGGGGHIH VVVVIITIIV FIRKKKSKRK LCMVLLLVLI MISMSGGNKP PPPKKKMTTR RYRRRKEAKP SSSQRAIVMV VVYYPSKFY
GNM14445                        ----AAAANS EENEEAELQG GGGGGGGNIR IISVIFVIML HIRTKMKKHV LQIIILLLKQ LMAMTAKNRP PPPKKKQNMR QKRRRRNAQP SSSNKAIVMV LVHYPVRFY
GNM14404                        --C-AAAADS EESEQEELNA GGGTGGGAIH IFAIIVIIVV LRFKKKKFRE LHLLLKLLII VLLMTGGNRP PPPTRKRRRR RQRRRRSSSE RSSRKAVVVV VVYWYFYYF
GNM14545                        --C-AAAADS EESEQEELNA GGGTGGGAIH IFAIIVIIVV LRFKKKKFRE LHLLLKLLII VLLMTGGNRP PPPTRKRRRR RQRRRRSSSE RSSRKAVVVV VVYWYFYYF
GNM14366                        ----ASAADN EDEKQDEIDA GGGGGGGHIH VVILIITIIV YKFKKRSNHR LLMLLLLLLV MLAMTGSNRP PPPKRKHETK RRRRRRNTNP SSSARCITMI VVYYPSRLY
GNM14252                        ---YASACDT EEVEQKEIDG GGGGGGGHIH VSIIIITLYI VKFKKRSNRR LHMLKLLLLI MLAMTGNNRP PPPKRKITTK RSRRRKNTAP SSSVRCIAML VVYYYSEHY
GNM13760                        ---FAAACDT EEVELKEING GGGGGGQHIH VSIILITQMI VKFKKRSNRR LLLLILLLLI MLAMTGNNRP PPPKRQKATR RTRRRKNTEP SSSERCITMV VVYYYSDYY
GNM13982                        ---FDAASDK DEYKKGEIHA GGGGGGGHIH VVIIIITIMI KKFKKESNRR LLMIRLLLLI MLAMTGNNRP PPPKKAKSTD RFRRRRSTEP SSSTRCITMI VVYYPTEFY
GNM13960                        ----ASAGDR EEYKEGEIDG GGGGGGGHIH VVIIIVTIII FKFKKKSNRR LHVLLLLLLV MLAMSGSNRP PPPKKSKSTD KKRRRRNIQP SSSARSIVMV VVYYPTRLY
GNM14633                        ----DAASDR DEYRKSEMNA GGRGGGGHIH VVIIIITVMI FQFKKESNRR LLMLRLLLLV MVAMTGHNRP PPPKKAKKTE RARRRRKTDP SSSTRCITMI VVYYPSTLY
GNM14853                        ----DAASDR DEYRKSEMNA GGRGGGGHIH VVIIIITVMI FQFKKESNRR LLMLRLLLLV MVAMTGHNRP PPPKKAKKTE RARRRRKTDP SSSTRCITMI VVYYPSTLY
GNM14174                        ----AAAADK EDEENAELGA GGGGSGGRIH VVAIIVFKIV FKFKKKKVKK LLLLLKLVLI VMLMTGGNKP PPPKKKKRRK RKRRRKNDEP ASSNKAVVTV VIFAYIFLY
GNM14748                        ---FAAACDT EEVEQQEINA GGGGGGQHIH VAIIIITQMI VKFKKRSNRR LHLILLLLLI MLAMTGNNRP PPPKRQKATR RSRRRKNTEP SSSLRCITMV IVYYYTDFY
GNM14246                        ----AAAADK EDEERREVGG GGGGGGGKLH IVAIIVLRIV FGFMKKRSTK LLVLLRLLLI AMLMTGGNRP PPPKRRQRQR RLRRRRSRAP HSSQRAIVVI VIFAPVRFY
GNM14640                        ----AAAADK EEEEQREVGG GGGGGGGKLH IIAIIVIRVV YRFKNKKITK LLVILRLLLV AMLMTGGNRP PPPKRKQRGK RLRRRRSKTP HSSQKAIVAI VIFAPIRYY
GNM14965                        ----ACSADH EDEEQELLGG GGGGGGGHIH VIAIIIITLI FIHKKKSHRK LCIVLLLVLI MMAMTGNNRP PPPKRKITRR RYRRRKKAEA SSSERAVVMI VVYYPTKFY
GNM13677                        ----AAASDN EEMNKEHLGE GGGGGRRIKY V-TRILIIIR WKLKKLRYRK LYLLLLLLRL VLLMTTKNRP PPVKKKRRAK KSRTTLAEMP QSTEVAIVAI IVLYPTRAY
GNM14339                        ----AAASDT DELGSERLGG GGGGGKRPVY VVVRILLIVR WELKKLKKRK LHLLLMLLVL LLLMTKTNRA PPVQKKRWRR RSRRAYASKP WSTEKAIVTV VVYYPVRLT
GNM14593                        ----AAASDS EELRSEKVNG GGGGGSRVVY IVARLLMIVR WVLKKLRRER LQIILLLLII IMLMTKRNKP PPVKKKRFRD KQRRIYATKP QSTEKAIVSV VVYYPVRVY
GNM13825                        ----AAASDS DELDEARFNG GGGGGGRVNN VVIRILMIIR WRLKKQKRRK LHLLLMLLLI VLLMTQTNRP PPVKKSRWRK RSRRRYASYP WSTERAVVTV LVYYPVRLW
GNM14768                        ----AAASEK EEESSERFMG GGWGGTRRAY IVAKILMIIR WRLKKKRRSK LHLLLMLLTL IAVMTTRNRP PPVNRRKWRH RERKYYATFR ASTEKAVVTA VVYYPTRLY
GNM14776                        ----AAASEK EEESSERFMG GGWGGTRRAY IVAKILMIIR WRLKKKRRSK LHLLLMLLTL IAVMTTRNRP PPVNKKKWRH RKRKYYATFR ASTEKAVVTV VVYYPTRLY
GNM14715                        ----ASASDS EDSESNQLNG GGGGGGGYIH VVSIIVVVVL IIRKKKKKRK LQMLLLLVLL LLAMTGANRP PPPKRKARNK RTRRRRSTEP SSSMRAVVMV VVYWPTRMY
GNM14639                        ----AAASES EEHEENEVGG GGGGGGGYPH VVIIIIIKLI YERKKIKKRQ LHVVLLLLLL LLLMSGKNRP PPPKRDASNR RKRRRRSTSS SSSLKSVVTI VVFYPVMYY
GNM13795                        ---FAAACDT EEVEQQEINA GGGGGGQHIH VAIIIITQMI VKFKKRSNRR LHLILLLLLI MLAMTGNNRP PPPKRQKATR RSRRRKNTEP SSSLRCITMV IVYYYTDFY
GNM14166                        ----SCAGDD EEMEKEEING GGGGGGGFLH VVIIIITIIV FKFNKRSHRK LLLLILLLLV MLAMTGANRP PPPKRKKSTN RKRRRRATKP SSSTRSVAMI VVYYPSKLY
GNM13993                        ----ACACDS EESENKEVKG GGGGSGGHIH VVILYLTIII FKRKKEKVRS LHILLMLLLM LLAMTGTNLP PPPKRKNETK RARRRKNDLP SSSARAVVML VVYNPVYKY
GNM14450                        ----ACAADD EESEKKEINS GGGGGGGHIH VTAIIILILV YEYKKHKCRK LHVLLILVLI MLAMSGSNRP PPPKKKVTRK RYRRRRSTKA SSSGRAIVMI LVYWAVKMY
GNM13745                        -T--ACSSDS EESENLEIGG GGGGSGGHIH IVIIYFTIII FKRKKTTNRS LHILLMLLLM LLAMTGGNRP PPPKRKITTK RKRRRKNDKT SSSQRAIVMI IVYNPVRKY
GNM14030                        ----ACACDS EDSENKEMKG GGGGSGGHIH IIILYLMIMI FKRKKERNRS LHILLTLLLM LLAMTGSNRP PPPKRKIETT RRRRRKSDLP SSSXRAVVML VVYNPIRKY
GNM14959                        S---AAAWDD EEHEENWLNE GGGGGEGAMI VVAVILVVIW KKRKKKRIRS AHLLLWILII VLVMTGLNRP PPPEFKRRRK KNRRRRMTTP TSTQRAIVVI VVFYPVRYY
GNM13413                        ----AAAAVE EEANEAGFNE GGGGGGGTVR VVAVIIVVVV RKLKKKKIRR LQLILKLLLM VVLMYGKNRP PPIQKRRKND TNRRRRRSLP TSSERAVVTV VVYYPIVYF
GNM14990                        ----ASAGDR EEYKEGEIDG GGGGGGGHIH VVIIIVTIII FKFKKKSNRK LHVLLLLLLV MLAMSGSNRP PPPKKSKSTD KKRRRRNTEP SSSARSIVMV VVYYPTRLY
GNM15005                        ----ASAGDR EEYKEGEIDG GGGGGGGHIH VVIIIVTIII FKFKKKSNRK LHVLLLLLLV MLAMSGSNRP PPPKKSKSTD KKRRRRNTQP SSSARSIVMV VVYYPTRLY
GNM14992                        ----ASAGDR EEYKEGEIDG GGGGGGGHIH VVIIMVTIII FKFKKKSNRR LHVLLLLLLV MLAMSGSNRP PPPKKKKSTD KKRRRRSTQP SSSDRSIVMV VVYYPTRLY
GNM15013                        ----ASAGDR EEYKEGEIDG GGGGGGGHIH VVIIIVTIII FKFKKKSNRR LHVLLLLLLV MLAMSGSNRP PPPKKSKSTD KKRRRRNTQP SSSARSIVMV VVYYPTRLY
GNM15014                        ----ASAGDR EEYKQGEIDG GGGGGGGHVH VVIIMVTIII FKFKKKSNRR LHVLLLLLLV MLAMSGSNRP PPPKKKKSTD KKRRRRSTQP SSSERSIVMV VVYYPTRLY
GNM14976                        ----ASAGDR EEYKEGEIDG GGGGGGGHIH VVIIIVTIII FKFKKKSNRR LHVLLLLLLV MLAMSGSNRP PPPKKSKSTD KKRRRRNTQP SSSARSIVMV VVYYPTRLY
GNM15022                        ----ASAGDR EEYKEGEIDG GGGGGGGHIH VVIIIVTIII FKFKKKSNRR LHVLLLLLLV MLAMSGSNRP PPPKKSKSTD KKRRRRNTQP SSSARSIVMV VVYYPTRLY
GNM14999                        -----SA-DR E--KQDEQD- GG-G---K-H V-IIII-IM- DSFKKK-NR- LH--LL--L- MLA--N-N-A --M-R---Q- HRRI--GTQ- DSS--S---V IV-YFA---
GNM15018                        ---YASACDT EEVEQKEIDG GGGGGGGHIH VSIIIITLYI VKFKKRSNRR LHMLKLLLLI MLAMTGNNRP PPPKRKVTTK RSRRRKNTAP SSSSRCIAML VVYYYSEHY
GNM15024                        ---YASACDT EEVEQKEIDG GGGGGGGHIH VSIIIITLYI VKFKKRSNRR LHMLKLLLLI MLAMTGNNRP PPPKRKVTTK RSRRRKNTAP SSSSRCIAML VVYYYSEHY
GNM14980                        ---YASACDT EEVEQKEIDG GGGGGGGHIH VSIIIITLYI VKFKKRSNRR LHMLKLLLLI MLAMTGNNRP PPPKRKVTTK RSRRRKNTAP SSSSRCIAML VVYYYSEHY
GNM15000                        ---YASACDT EEVEQKEIDG GGGGGGGHIH VSIIIITLYI VKFKKRSNRR LHMLKLLLLI MLAMTGNNRP PPPKRKVTTK RSRRRKNTAP SSSSRCIAML VVYYYSEHY
GNM15026                        ----ASASDE DENRQGEINS GGGGGGGHVH VAIIIVVIII FKFKKKSNRK LHMLLLLLLV MLAMSGANRP PPPKKKKSTK RNRRRRSTDP SSSERSIAMI IVYYPTRLY
GNM15027                        ----AAAADS EELEEREFGA GGGGGGGHIH VVIIIRVILI VKRKKEKIRK LHLLLKLVLI LLAMSTTNRP PPPKIKRARK RDRRRRSAAP SSSMRTVTMV VVYWPVRLY
GNM15019                        ---FAAACDK EEVEQREMNA GGGGGGQHIH VAIILITQMI VKFKKRSNRR LHLILLLLLI MLAMPGNNRP PPPKRAKATR RERRRKTTEP SSSLRCITMV VVYYYTDFY
GNM15003                        ----ASASDS EDLNLDKVNG GGGGGGRHIT IISIIMMILI FFFKKQRKER ALLVLDVLKI ILVMKGGNRP PPPVKKRRRK MERRKRTSNT KSSEMCICSI VIYFPVHFY
GNM11003                        ----MAVAIP EEESEAGVNG GGGGGGGQIR VVAIIIIVIL RKYKKKKNKK LQVLKLVLFM VMLMTGRNSP PPVTKKRKNK SSRRRRRELP TTSQKAIVTI VVYYPV-LY
GNM11023                        L---AAAAQD EAQGAESFGG GGGGGGGWVR VVIILVIVLV KKTKKRRVRR LMLVLLLLVL VLMMERKNRP PPPKPARKRN TRRRRHMSTA SSSRRAVVAV VVYYPNKLY
GNM11055                        ----ASASED EEYDNERFGA GGGGGGGKMF IVAIIFVVIR YEKKKKRKRR LHLVLRLLYL VLLMTGGNRP PPPSKRRKRK HYRRRRMSES SSTDRAVVTV VIFYPVWYY
GNM11146                        S---AAAWDD EESEQDWLNE GGGGGEGVMW VVAVIIVVVI KKRKKKKVRA AHLILLILMI VLAMTGRNRP PPPRRKKRRK RNRRRRMSRS TTTSRAIIII IVFFPIYLY
GNM11220                        ----AAAADN EEHEESEFGG GGGGGGGKIH IVIIIIMIIV FRFNKKKVKK LHLLLRLLLI VLMMSGGNRP PPPKPKRRTR RYRRRRSTRF ESSRKAVVVV VVYWPVRFR
GNM11222                        ----AAACGR EEEERKELGG GGGGGGGREH IVAIFVVRLV KIFKKKRLKE LMLILRLLWL VLAMFGVNRP PPPKRRRRSD SKRHWDSSEP GSSEKAVVVI VIYVPVRFY
GNM11223                        ----AAAADK EDEENREVGS GGGGGGGKIH VTAIILIIII HGFKKKRARE LLVLLRLLLV VLLMKGGNRP PPPKRKRKEK RHRRRRSERP HSSERAIVTI VIFAPIRLY
GNM11224                        ----AAAADK EDEENREVGS GGGGGGGKIH VLTIILIIII HGFKKKRVRK LLLLLRLLLI VLLMRGGNRP PPPKRKRKEK RLRRRRSNKP HSSERAVVAI VIFAPIRLY
GNM11225                        ----AAAADK EENQSRKVGS GGGGGGGKIH VVAILLIIII YRYKKHRHRR LLVLLRLLLI LMLMEGGNRP PPPKRKKKTR RLRRRRSEEP HSSERAIVVI VIYKPIRLH
GNM11358                        ----SCSADN EDQEQESINS GGGGGGGHIH VVVIIIIVVV FIRKKKSKRK LCMVLLLVLI MLSMSGGNRP PPPKKKMTTR RYRRRKETKS SSSQRAIVMV VVYYPSKFY
GNM11360                        ----ACASDT EEIENYHMDG GGGGGGGHIH VSIIIITILV VRFKKRSKRK LHIILLLLLI MLAMTGNNRP PPPKRKLTTK RDRRRRNTKP SSSMRCVTMI VVYYASKHY
GNM11362                        ----ACAADK EDSEEEEIGY GGGGGGGHIH VVAIIIIVII FKFKKHKYSR LHILLLLLLI FLAMSGANRP PPPRRKIRNK RSRRRRSTKP SSSSRAVVMI VVYWPVRMY
GNM11367                        ---FDAASDK DEYKKGEIHA GGGGGGGHIH VVIIIITIMI KKFKKESNRR LLMIRLLLLI MLAMTGNNRP PPPKKAKSTD RFRRRRSTEP SSSTRCITMI VVYYPTEFY
GNM11377                        ----ACSADN EDQEQEQLNG GGGGGGGHIH VVAIVIIVLI FIHKKKSHKK LCMVLLLVLI MMAMSGNNRP PPPKRQITTQ RYRRRKKTET SSSERAVVMI VVYYPAKHY
GNM11380                        ----ACAGDD EEMEKEEING GGGGGGGFLH VVIIIITILI FKFNKRSHRK LMLLILLLLV MLAMTGANRP PPPKRKKSTD RKRRRRLTKP SSSTRSVAMI VVYYPSKLY
GNM11383                        ----ASAADN EDESQQNMNS GGGGGGGHIH VVILIITIII YEFKKKSNRL LLMLLLLLLV LLAMSGSNRP PPPKRRDSTK RRRRRRNTDP SSSARCITMV VVYYPTRLY
GNM11491                        ----AAAGDK EDTKEREMDA GGGGGGGHIH VSVIIVTIII YEFKKRSNRE LHMLLMLLLV MLAMTGANRP PPPKRSKTTK RARRRRSTDP SSSARCIAMI IVYYPSRHY
GNM11804                        ----AAASED EDYDNKRFNE GGGGGGGKMF IVAVIFVVIR YEKKKKRVKR LHLVLRLLYL ILLMYGGNRP PPPTRRRKKK HDRRRRMSER SSTERAVVTV VIFYPVWYY
GNM11805                        ----ASASDS SDINSDKMNG GGGGGGEKSY VIIIILIIII YRRKKNKYEK LHLILQCLRL ALYMTGGNRP PPPKRKLRQK TKRRSRFDHT STTEKAVVSI VVYFPVILF
GNM12883                        ----ACSADD EEQEQQLLNA GGGGGGGHIH VVAVIIITLI FIHKKKTHRK LCMVLLLVLI MMAMTGNNRP PPPKRQLSTR RYRRRKKAET SSSERAVVMI VVFYPAKHY
GNM12886                        ----ACSADN EEQEQELLNG GGGGGGGHIH VVAIMIITLI FIHKKKSHRK LCVVLLLVLI MMAMSGNNRP PPPKRKVSTR RYRRRKKTES SSSTRAVVMI VVYYPAKFY
GNM12892                        ----ACSADH EDEEQELLGG GGGGGGGHIH VIAIIIITLI FIHKKKSHRK LCIVLLLVLI MMAMTGNNRP PPPKRKITRR RYRRRKKAEA SSSERAVVMI VVYYPTKFY
GNM12895                        ----ACAADD EESEKKEINS GGGGGGGHIH VTAIIILILV YEYKKHKCRK LHVLLILVLI MLAMSGSNRP PPPKKKVTRK RYRRRRSTKA SSSGRAIVMI LVYWAVKMY
GNM13060                        ----AAAADN EEEEQEEF-G GGGGGGGHHH IVI-IIITII IKKKKKKEKK L-LLLLLLLL LLMMMNNNNP PPPKRKRRRR RRRRRRA-KP SSSNKAVVVV VVFWYYYFY
GNM13061                        ----AAAADD EDAEENEFGG GGGGGGGLHH VVVVMIVVVL KERKKLKERR LLLILMLLLM LLLMPSKNLP PPPKRRRRHY RERKRRYEKP SSSAKTVVTV FVYWQIRFY
GNM13062                        ----ASASDG EDSESNQLNG GGGGGGGYVH VVAIIVVVIL IIRKKKKKRK VQMLLLLVLL LLAMTGSNRP PPPKRKARNK RTRRRRSTEP SSSTRAVVMV VVYWPVRMY
GNM13064                        ----ACACDS EESENKEVKG GGGGSGGHIH VVILYLTIII FKRKKEKVRS LHILLMLLLM LLAMTGTNLP PPPKRKNETK RARRRKNDLP SSSARAVVML VVYNPVYKY
GNM13066                        ----ACACDS EESENKEIKG GGGGSGGHIH VVILYLTIMI FKRKKEKVRS LHILLMLLLM LLAMTGTNRP PPPKRKNETK RARRRKNDLP SSSARTVVML VIYNPAYKY
GNM11032                        ----AAASES DELGQERLGE GGGGGRRPAF VVVKILLIIR WKLKKLKRYA LHLLLMLLVL VLLMTQTNRP PPVKKERWRK RARRAYASKP WSTNRAVVTI IVYYPVRLS
GNM11363                        ----ACAADK EDSEEEEIGY GGGGGGGHIH VVAIIIIVII FKFKKHKYSR LHILLLLLLI FLAMSGANRP PPPRRKIRNK RSRRRRSTKP SSSSRAVVMI VVYWPVRMY
GNM11375                        ---FS--CDT EEVE-KEI-G --GGGGQHIH -SI-VITQMI VKFK-RS--R --LI--LLLI M--MTGNNRP PPPKRQKATR RV-RRKN-EP S-SERCITMV VMYYYSDYY
GNM11381                        ----ASAADN EDEGQQNINS GGGGGGGHVH VVILIITIII YEFKKKSNHQ LLMLLLLLLV LLAMSGSNRP PPPKRRTATK RRRRRRNTNP SSSARCITMI IVYYPTRLY
GNM11382                        ----ASASDN EDTEQNEIDY GGGGGGGHMH VVIIIITILI YEFKKRSNRK LQMLLMLLLV MLAMTGANRP PPPKRKDATK RSRRRRNTDP SSSARCVTMV VVYYPTRLY
GNM11799                        ----ASAGDR EEYKQGEIDG GGGGGGGHIH VVIIIVTIII FKFKKKSNRR LHVLLLLLLV MLAMSGANRP PPPKKSKSTD KKRRRRSTQP SSSARSIVMV VVYYPTRLY
GNM11841                        ----AAASDR EETDDEKFDG GGGGGGGNLY VNAIIVVIII FDRREERQTE ACLILQVLVL VVMMTGGNSP PPYKEERKGK RERKRRQRKQ NSTERAIVTV VVYYPAHFF
GNM11931                        ----AAASDT EEENASTFDS GGGGGGGRVY VNAIIFVVIL YDRQERDNRE ACLVLRVLAL VVMMTGGNSP PPPQEDRKGK RDRKRRDRTD SSTERAIVAV VVYYPAYLF
GNM12040                        ----AAASDS EENEGSVFNG GGGGGGGQVY VNAIIMLVIL ADRDQERETA ACLVLRVLSL VVVMSGGNNP PPPSESRKGK RERSRRDQTD SSTERVVTAI VVYYPAYLF
GNM12071                        ----ASASDN EDSEDETFDG GGGGGGGSVY VNAIIMTTIL YDRRQHDKTE VCLILRVLAL VVLMTGGNNP PPPTESRKRK RERKRRARTE SSTERAIVAV VVYYPAYLF
GNM12125                        ----AAAAID EEREERGVDG GGGGGGGWIR VVAVIFIVII HKWKKRKERQ LQVLLKLLWL VMLMRGKNRP PPPKPRRKAN SLRRYKMTIQ VASEKAVVAI VVYYPYKMF
GNM12126                        ----AAAAIE EERNEKGING GGGGGGGNIR IEAIIVIVLV KRLKKQRHER LQVVLMLLLM VMVMTKKNRP PPINPKRKAH TTRRKDRTIT TSSEKAVVAV IVYYPNKLY
GNM12128                        ----AAAAID EEANLNSFGG GGGGGGNHIR AIAVIIVVVV KRLKKKRYKK SAVILLVLLL LLLMTSKNRP PPISRKVKLD NNRRKKMELW TSSEKVVAAV VVYYPHKLY
GNM12182                        ----MAVSIP EEISENGVGG GGGGGGGLVR VIIIIVIVIV RKLKGMRKRK LQVLKLVLFL VLLMTGGNMP PPVTRKEKNK TNRRRRRELH TSSTKGIVTI VVYYPV-LY
GNM12342                        ----AAASDN EEHERKTLGA GGGGGGKFVF VNVIIIIIIK KREMKQKEEK VALLLRVLRL VLLMTGKNRP PPPKKKRRDK RDRRRRWEEP NSTEKAIVTI VIYYPVYFY
GNM12346                        ----AAASDS EELVETELGG GGGGGGGKIF VTAIIIMNLR YETKRRRLEK LLLVLKLLYL ILVMPGGNRP PPPTRAKRQK RLRKRRNDQQ TSSDQAVVTI IIYYPIYMY
GNM12351                        ----AAASDS EDQNSEELGG GGGGGGGFVF VIAIIFVTIM YEIRKDRNER LLIVLMLLRL VLMMTGGNRP PPPRKGKKRK RVRRRRTNVA TSSDKAVVTI VVYYPSYMY
GNM12356                        ----AAASDN EEHNMAKVNG GGGGGGGMVY VAAVIFIIMR KDLKKTRRDK AAVLLLIVRL ILVMTGKNKP PPPKKRARDK RERRRRFEQP SSTEKAIVIV VVMYPLYFY
GNM12357                        ----AAASDN EEYTSQKVNG GGGGGGGMVY VVAVIFVIMR KKLKKVRYEQ AAVLLLILRL ILVMTGKNKP PPPKKKVRDK RERRRRYEQP SSTEKAIIVV VVEYPTYFY
GNM12366                        ----AAASDN EEYESQKING GGGGGGGMVF VVAVIFVIIR KRLKKTRYEQ AAVLLVILRL ILVMTGKNSP PPPKRKVRAK RDRRRRFEQD SSTNKAIVII VVEYPTYFY
GNM12373                        ----ASASDA EENVANEVNG GGGGGGGGVL VVVLLLIVVR FEKKTQPIEK ILVILRVIRL ILLMSGGNRP PPPTRRAKHK RARRRRMEVR SSSAKAIATI IIYYPAYFY
GNM12385                        ----AAASDS EANEAANVGG GGGGGGGGVF VVALILVVVR FEKKQTRIET ALIILRILRL IMLMTGGNRP PPPRRKIKHK RARRRRQDTE SSSAKVITTI VIYYPAYFY
GNM12551                        ----AAASDK EEEQKEEFNG GGGGGGGKIY VTAVIKVIIR FKKKKLRVRE IALLLRLLIL ILLMTGGNRP PPPTKKRRLK RNRRRRTEQK DSTERTVAVV IIYWPAWFY
GNM12554                        ----AAACDS EAAEAGNAGA GGGGGGGWVF VVVIVLVVIR YDKKRYRTET ALLVLRILRL ILLMTGGNRP PPPRRKIKHK RARRRRRDHP SSSDKIICTI VIYYPAYFF
GNM12592                        ----AAASDS EEMEQRELGG GGGGGGGKVY TVAVILMVIR YEMKKRRIER LLLLLCLLLL ILMMEGGNRP PPPTKARKRK RERKRRSTES TSSERAVVTI VIYYPRYMY
GNM12596                        ----AAASDS EEKESRELGG GGGGGGGFVF VVAIILVTIR YETQKRRSKQ LLLVLQLLRM ILLMEGGNRP PPPRRSRKRK RARKRRAKEA ASSDKAIVTI IVYYPYYMY
GNM12602                        ----AAASDS EEKESKELGG GGGGGGGFVF VVAIILITIR YETKKRRTEQ LLLVLQLLRM VLLMEGGNRP PPPRRSRKRK RARKRRTNEA SSSDKAIVTI VIYYPYYMY
GNM12665                        ----AAASDS EEKDSRELGG GGGGGGGFVF VVAIILVTIR YETKKRRSKQ LLLVLQLLRM ILLMEGGNRP PPPRRSRKRK RARKRRAKEA ASSDKAIVTI IVYYPYYMY
GNM12745                        ----AASSDN ETLDDAKFGG GGGGGGGLVY VIIVIYMIIR KDRKKKHTEK LLLVLRLIVL ILLMEGANNP PPPKKKRRDR RDRRRRFEQA SSSAKAVVTI IINYPTYYS
GNM12749                        ----AAASDN EAFQAGNLGG GGGGGGGGVF VVALILVVIR FEKKKKRNET ALLVLRIIRL VLLMTGGNRP PPPRRKIKHK RARRRRRDQE SSSERAIITV VIYYPAYMH
GNM12763                        ----AASSDS EEHREERFGG GGGGGGGMVY VIIIILIIIR KRRKKQKIKR LHLVLKLLVL ILLMTGSNNP PPPKRKRRDK RDRRRRWEQP SSTKRTVATV FVYYPTYFG
GNM12766                        ----AAASDN EEWMQKKVNG GGGGGGGMVY VVAVILIIIR KRKKKLKYEK AAVLLMVLRL ILVMTGKNRP PPPKRKRRDK RERRRRYEQP SSTEKAIVIV VVYYPIYFY
GNM12841                        ----AAASDS EENEDEVFDG GGGGGGGRMY VNAIIMVIIV RDRQERRQRE ACLVLRVLDL VVLMSGGNNP PPPTEERKRK RDRKRRDRKT SSTERAVISV VIYYPAYFF
GNM12849                        ----ASAADT EDIENYHMDG GGGGGGGHIH VSIIMITILV VKFKKRSNRK LHIILLLLLI MLAMTGNNRP PPPKRKLTTK RTRRRRNTKP SSSLRCVTMI VVYYASKHY
GNM12869                        ---YSSACDT EEVEQKEING GGGGGGQHIH VSIIIITLYI VKFKKRSNRR LHMLKLLLLI MLAMTGNNRP PPPKRKKTTR RSRRRKNTEP SSSERCIAMI VVYYYSDIY
GNM12896                        ----ACAGDD EEMEKEEING GGGGGGGFLH VVIIMITIII FKFNKRSHRK LMLLILLLLV MLAMTGANRP PPPKRKKSTN RKRRRRTTKP SSSTRSVAMI VVYYPSKLY
GNM12897                        ----SCAGDD EEMEKEQING GGGGGGGFLH VVIIIITILI FRFNKRSHRR LMLLILLLLV MLAMTGANRP PPPKRKKSTN RDRRRRASKP SSSTRSVAMI VVYYPSKLY
GNM12902                        ----ASASDR SEINNDKLNG GGGGNGDKAY VVVIIIIIIT YRLKKNHYSK LHLILKCLRL VLYMTGGNRA PPPKKKMKRK TERKGRFSNT SSTEMAIVSI VIYFPTKLF
GNM12903                        S---AAAWDD EESEEEWFGE GRGGSDGAMV IILVVITVIW KKKKKKTYRR LHLVLALLII VLAMTGRNRP PPPSEKRKRK RKRRRRMERE TTTSRAVVIV VIYFPVKLY
GNM12906                        S---AAAWDD EEAEEEWFGE GRGGSDGVMV IVLIVVTVVW KKKKKKTYRR LHLVVILLII ALAMTGRNRP PPPSEKRKRK RKRRRRMAKW TTTYRAVVIV IVYFPVKLY
GNM12907                        S---AAAWDD EESESEWFGE GKGGSDGAMI VILIVVVVVW KKKKKMSYRR LHLVLILLII VLMMTGRNRP PPPVRKRKRK RKRRRRMERE TSTDRAVVVV VVYFPVKLF
GNM12909                        S---AAAWDD EENEEEWFGE GRGGSDGAMI VILIVIVVIW KKKKKKRYRR LHLVLALLII VLAMTGRNRP PPPNRKRKRK RKRRRRMDRM TTTSRAVVIV VIYFPVKLF
GNM12915                        ----AAAADN EEFGESKVGG GGGGGGGRVY VIAIIFVIIL FRRKKKRREK LLVVLMLLTL VLLMTGRNRS PPPTRKRREK RERKRRVEQD TSTKKAIVTI VVYYPVWFY
GNM10046                        ----AAAADN EEFEEKKVGG GGGGGGGRVY VIAIIFVIIL FRRKKKRKEK LLVVLMLLTL VLLMTGRNRS PPPTRKRREK RDRKRRVEQD TSTKKAIVTI VVYYPVWFY
GNM12918                        ----AAAADN EEFGESKVGG GGGGGGGRVY VIAIIFVIIL FRRKKKRREK LLVVLMLLTL VLLMTGRNRS PPPTRRRREK RERKRRVDQD TSTKKAIVTI VVYYPVWFY
GNM12931                        ----AAAAHE EDEKNQGLNA GGGGGGGTNR IVAIIIIVVV RKIKKKKIRK LQLILKLLEL VLLMTGTNRP PPVKRKRKND SVRKRRRTLP TSSNRAVVTV VVYYPIMYY
GNM12938                        ----ISASIP EELTSEGVNA GGGGGGGQIR IIAIILIVIV RRLKKSLHKR LQVLKLLLFL IMLMTGKNNP PPINRRKKNK NSRRRRRTLK TTSQKAVATV VVYYPY-YY
GNM12996                        ----MAVAIE EVETEESVGE GGGGGGGNIR IVAIIIVVIV RRLKRKKNKK LQVVKLVLLL VMLMTGRNNP PPISKKRKNK SHRKRRRELS TSSRKGIVTI VVYYPV-LY
GNM13018                        ----MAVSIE EVETEESVGE GGGGGGGNVR VVAIIIVVIV RRLKRKKNKK LQVVKLVLLL VMLMTGKNNP PPISKKRKNK SNRRRRRELS TSSRKGIITI VVYYPI-LY
GNM13027                        ----MAASIP EELSQRGVNG GGGGGGGNIR IIAIIVIVIV KKIKKSSHRK LQVLILLLFL IMLMTTRNNP PPINRKKKNK TARRRRRELK KTSMIAVVTV VVFYPV-FY
GNM13046                        ----ACAGDK DETEQGEIDA GGGGGGGHIH VVIIIVTIMI YKFKKKSNNR LLILLLLLLI MLAMSGANRP PPPKRKASTK RKRRRRSTAP SSSTRCVAMI VVYYPSRLY
GNM13053                        ----AAAANS EEAENTKLNG GGGGGGGYIR VTAIMVMIVI HKRKKLSNRS LLMVLLLILI LMVMTNGNRP PPPKRKIHKK EKRRRRNTKP SSSARSIAII VVYQYVRMY
GNM13074                        ----AAAADN EEYEEAKVGG GGGGGGGRAY VVAIIFVIIL FRRKKKRKEK LLVVLMLLTL ILLMTGRNRS PPPTRKRREK RERKRRDEQD TSTKKAIVTI VVYYPIWFY
GNM10010                        ----AAAADN EEFEEAKVGG GGGGGGGRVY VVAIIFVIIL FRRKKKRKEK LLVVLMLLTL ILLMTGRNRS PPPTRKRREK RERKRRDEQD TSTKKAVVTI VVYYPVWFY
GNM10014                        ----AAAADN EEFEEAKVGG GGGGGGGRVY VVAIIFVIIL FRRKKKRKEK LLVVLMLLTL ILLMTGRNRS PPPTRKRREK RERKRRDEQD TSTKKAVVTI VVYYPVWFY
GNM13090                        ----AAAADN EEFEEAKVGG GGGGGGGKVY VIAIIFVIIL FRRKKKRKEK LLVVLMLLTL ILLMTGRNRS PPPTRKRREK RERKRRDEQD TSTKKAVVTI VVYYPVWFY
GNM13118                        V---SAAYDK EESEKEKFGG GGGGGTGRVY VLIILVIVIW KLRKKLIVRK LHLLLRLLWL VLAMTGKNRP PPPKPKRKRE TKRKRRRTKT TSTDTAVVMV VVYYPVMLY
GNM13126                        ----ASASEN SDEDEEKLGG GGGGNGDKRY VTAIIIIIII YRRKKKKYEK LALLLRCLLL VLYMTGGNRP PPPIKAKRNK TERKGRFSET SATERAIVSI VIYFPTKLI
GNM13128                        ----ASASED SEEDNDKLNE GGGGNGDKRY VLAVIIIIII YRRKKKRYEK LTLLLQCLLL VLYMTGGNRP PPPIRSKRNK TKRKGRFSQT SATEKAIVSI VVYFPVKLI
GNM13208                        S---AAAWDD DELESRWFNE GRGGSDDVLV IRAVIVIVIW KKKRKMRYSS LHLLQLLLVI VLVMTGRNRP EPPKRKRKKK RQRRRRMTRQ TSVSRIVVIV IVYYPVYLY
GNM13210                        ----AAAAVE EEAKEEGMNG GGGGGGRSVR VTAVIIVVLA KKIKKKKIKT LQVVLKLLLL VMLMYGKNRP PPIQRKRKTT SNRRKRRSNP TSSERSVIAI VVFYPIYLF
GNM12773                        ----AAAADK EDEKNVELGG GGGGGGGKLH VIAIIVLKIV FRFKKKKIRK LLLLLSLLLI IMLMTGGNRP PPPQKKKRRR RKRRKKSDEP SSSNKAVVTI LVFTYIHYY
GNM12769                        ----AAASDK EDEGEQEMGE GGGGDGGKIH VVAIYVIIIT SDKKKKTYES ALVLLHILLI VLLMAARNRA PPPKRKARLR RKRRRRSSNS TSSDKAIVVI IIYAPVRFY
GNM12768                        ----AAAMER EEIGEEAVGG GGGGGGGKLH VVAIYVMVIT KTKKKKKYEC IVVLLSLLLF VLVMTARNRP PPPTKRKRTK RKRRRRSAAP TSTQKAVVVV VIYFPVWYS



    1    1    1    1    1    1    1    1    1    1    1    1    1    1    1
    1    1    1    1    1    1    1    1    1    1    1    1    1    1    1
    1    1    1    1    1    1    1    1    1    1    1    1    1    1    1
    1    1    1    1    1    1    1    1    1    1    1    1    1    1    1
    1    1    1    1    1    1    1    1    1    1    1    1    1    1    1
    1    1    1    1    1    1    1    1    1    1    1    1    1    1    1
    1    1    1    1    1    1    1    1    1    1    1    1    1    1    1
    1    1    1    1

AAML (in paml version 4.9h, March 2018)  tmp0014.txt
Model: Empirical,  (../wag.dat) dGamma (ncatG=4) ns = 153  ls = 109


Frequencies..
                                    A      R      N      D      C      Q      E      G      H      I      L      K      M      F      P      S      T      W      Y      V
GNM13746                       0.03810 0.11429 0.03810 0.01905 0.00000 0.00952 0.06667 0.08571 0.02857 0.10476 0.11429 0.08571 0.02857 0.00952 0.03810 0.06667 0.02857 0.00952 0.04762 0.06667
GNM13538                       0.08571 0.09524 0.01905 0.01905 0.00000 0.01905 0.04762 0.09524 0.04762 0.06667 0.10476 0.10476 0.01905 0.03810 0.04762 0.04762 0.01905 0.01905 0.02857 0.07619
GNM13671                       0.06667 0.17143 0.04762 0.01905 0.00000 0.01905 0.04762 0.03810 0.00000 0.04762 0.09524 0.08571 0.03810 0.00000 0.04762 0.03810 0.03810 0.01905 0.04762 0.13333
GNM13876                       0.07692 0.11538 0.02885 0.00962 0.00000 0.00962 0.05769 0.05769 0.00962 0.07692 0.15385 0.11538 0.02885 0.00000 0.05769 0.01923 0.06731 0.00962 0.04808 0.05769
GNM13680                       0.04762 0.07619 0.03810 0.00952 0.01905 0.01905 0.04762 0.08571 0.04762 0.10476 0.07619 0.08571 0.04762 0.01905 0.04762 0.07619 0.03810 0.00000 0.03810 0.07619
GNM14837                       0.04717 0.10377 0.04717 0.02830 0.01887 0.02830 0.05660 0.07547 0.03774 0.08491 0.07547 0.06604 0.04717 0.00943 0.04717 0.07547 0.05660 0.00000 0.04717 0.04717
GNM14249                       0.02830 0.09434 0.04717 0.00943 0.01887 0.00943 0.05660 0.08491 0.03774 0.09434 0.08491 0.08491 0.03774 0.00943 0.04717 0.08491 0.06604 0.00000 0.05660 0.04717
GNM13928                       0.05660 0.10377 0.04717 0.01887 0.01887 0.02830 0.05660 0.07547 0.03774 0.06604 0.08491 0.07547 0.05660 0.01887 0.04717 0.06604 0.04717 0.00000 0.03774 0.05660
GNM13297                       0.08571 0.09524 0.01905 0.01905 0.00000 0.01905 0.04762 0.09524 0.04762 0.06667 0.10476 0.10476 0.01905 0.03810 0.04762 0.04762 0.01905 0.01905 0.02857 0.07619
GNM14865                       0.09524 0.11429 0.03810 0.03810 0.00952 0.01905 0.07619 0.09524 0.00000 0.04762 0.04762 0.06667 0.01905 0.01905 0.05714 0.05714 0.01905 0.00000 0.04762 0.13333
GNM13455                       0.03810 0.10476 0.03810 0.02857 0.01905 0.00000 0.02857 0.08571 0.04762 0.10476 0.08571 0.08571 0.04762 0.00952 0.04762 0.06667 0.06667 0.00000 0.03810 0.05714
GNM14483                       0.05714 0.11429 0.02857 0.00952 0.00000 0.02857 0.03810 0.07619 0.00952 0.07619 0.09524 0.09524 0.03810 0.00952 0.04762 0.08571 0.03810 0.00952 0.02857 0.11429
GNM14872                       0.05714 0.06667 0.03810 0.01905 0.01905 0.04762 0.04762 0.08571 0.04762 0.09524 0.06667 0.08571 0.04762 0.00952 0.04762 0.05714 0.03810 0.00000 0.03810 0.08571
GNM13855                       0.03810 0.07619 0.02857 0.01905 0.01905 0.02857 0.03810 0.08571 0.01905 0.09524 0.04762 0.11429 0.04762 0.01905 0.05714 0.09524 0.02857 0.00000 0.03810 0.10476
GNM14445                       0.08571 0.08571 0.06667 0.00000 0.00000 0.05714 0.04762 0.07619 0.02857 0.09524 0.07619 0.09524 0.05714 0.01905 0.05714 0.04762 0.01905 0.00000 0.01905 0.06667
GNM14404                       0.07547 0.14151 0.01887 0.00943 0.00943 0.01887 0.06604 0.07547 0.01887 0.07547 0.09434 0.06604 0.00943 0.04717 0.03774 0.06604 0.02830 0.00943 0.03774 0.09434
GNM14545                       0.07547 0.14151 0.01887 0.00943 0.00943 0.01887 0.06604 0.07547 0.01887 0.07547 0.09434 0.06604 0.00943 0.04717 0.03774 0.06604 0.02830 0.00943 0.03774 0.09434
GNM14366                       0.05714 0.11429 0.04762 0.03810 0.00952 0.00952 0.03810 0.07619 0.03810 0.08571 0.10476 0.06667 0.03810 0.00952 0.05714 0.06667 0.04762 0.00000 0.03810 0.05714
GNM14252                       0.04717 0.09434 0.03774 0.01887 0.01887 0.00943 0.04717 0.08491 0.03774 0.09434 0.08491 0.08491 0.03774 0.00943 0.04717 0.07547 0.05660 0.00000 0.05660 0.05660
GNM13760                       0.04717 0.10377 0.04717 0.01887 0.01887 0.02830 0.05660 0.07547 0.01887 0.08491 0.10377 0.06604 0.03774 0.01887 0.04717 0.05660 0.06604 0.00000 0.04717 0.05660
GNM13982                       0.04717 0.09434 0.02830 0.03774 0.00943 0.00000 0.04717 0.08491 0.02830 0.11321 0.06604 0.09434 0.04717 0.03774 0.05660 0.06604 0.06604 0.00000 0.03774 0.03774
GNM13960                       0.03810 0.09524 0.02857 0.02857 0.00000 0.00952 0.03810 0.10476 0.02857 0.09524 0.08571 0.09524 0.02857 0.01905 0.05714 0.09524 0.02857 0.00000 0.03810 0.08571
GNM14633                       0.05714 0.12381 0.02857 0.03810 0.00952 0.00952 0.03810 0.06667 0.02857 0.07619 0.07619 0.07619 0.05714 0.01905 0.05714 0.06667 0.06667 0.00000 0.03810 0.06667
GNM14853                       0.05714 0.12381 0.02857 0.03810 0.00952 0.00952 0.03810 0.06667 0.02857 0.07619 0.07619 0.07619 0.05714 0.01905 0.05714 0.06667 0.06667 0.00000 0.03810 0.06667
GNM14174                       0.09524 0.06667 0.03810 0.02857 0.00000 0.00000 0.04762 0.08571 0.00952 0.06667 0.09524 0.18095 0.01905 0.04762 0.04762 0.02857 0.01905 0.00000 0.01905 0.10476
GNM14748                       0.06604 0.10377 0.04717 0.01887 0.01887 0.04717 0.04717 0.06604 0.02830 0.10377 0.08491 0.05660 0.03774 0.02830 0.04717 0.04717 0.06604 0.00000 0.03774 0.04717
GNM14246                       0.08571 0.17143 0.00952 0.01905 0.00000 0.02857 0.03810 0.11429 0.01905 0.07619 0.10476 0.05714 0.02857 0.03810 0.05714 0.03810 0.01905 0.00000 0.00952 0.08571
GNM14640                       0.08571 0.12381 0.01905 0.00952 0.00000 0.02857 0.04762 0.11429 0.01905 0.10476 0.08571 0.10476 0.01905 0.01905 0.05714 0.02857 0.02857 0.00000 0.02857 0.07619
GNM14965                       0.06667 0.09524 0.01905 0.01905 0.01905 0.00952 0.05714 0.09524 0.04762 0.11429 0.07619 0.08571 0.03810 0.01905 0.04762 0.04762 0.03810 0.00000 0.03810 0.06667
GNM13677                       0.07692 0.11538 0.02885 0.00962 0.00000 0.00962 0.05769 0.05769 0.00962 0.07692 0.15385 0.11538 0.02885 0.00000 0.04808 0.02885 0.06731 0.00962 0.04808 0.05769
GNM14339                       0.06667 0.12381 0.00952 0.01905 0.00000 0.00952 0.03810 0.07619 0.00952 0.02857 0.16190 0.10476 0.01905 0.00000 0.04762 0.04762 0.05714 0.02857 0.03810 0.11429
GNM14593                       0.05714 0.12381 0.01905 0.01905 0.00000 0.02857 0.04762 0.05714 0.00000 0.08571 0.10476 0.10476 0.02857 0.00952 0.04762 0.05714 0.02857 0.00952 0.04762 0.12381
GNM13825                       0.05714 0.15238 0.03810 0.02857 0.00000 0.01905 0.02857 0.06667 0.00952 0.04762 0.13333 0.06667 0.02857 0.00952 0.04762 0.05714 0.03810 0.03810 0.03810 0.09524
GNM14768                       0.09524 0.15238 0.01905 0.00000 0.00000 0.00000 0.06667 0.04762 0.01905 0.04762 0.09524 0.08571 0.03810 0.01905 0.03810 0.04762 0.07619 0.02857 0.05714 0.06667
GNM14776                       0.08571 0.13333 0.01905 0.00000 0.00000 0.00000 0.05714 0.04762 0.01905 0.04762 0.09524 0.11429 0.03810 0.01905 0.03810 0.04762 0.07619 0.02857 0.05714 0.07619
GNM14715                       0.05714 0.11429 0.03810 0.01905 0.00000 0.01905 0.02857 0.08571 0.00952 0.04762 0.10476 0.08571 0.04762 0.00000 0.05714 0.09524 0.03810 0.00952 0.02857 0.11429
GNM14639                       0.03810 0.09524 0.02857 0.00952 0.00000 0.00952 0.06667 0.09524 0.02857 0.07619 0.11429 0.08571 0.01905 0.00952 0.05714 0.10476 0.01905 0.00000 0.04762 0.09524
GNM13795                       0.06604 0.10377 0.04717 0.01887 0.01887 0.04717 0.04717 0.06604 0.02830 0.10377 0.08491 0.05660 0.03774 0.02830 0.04717 0.04717 0.06604 0.00000 0.03774 0.04717
GNM14166                       0.04762 0.09524 0.03810 0.01905 0.00952 0.00000 0.04762 0.09524 0.01905 0.08571 0.10476 0.09524 0.03810 0.02857 0.05714 0.07619 0.04762 0.00000 0.02857 0.06667
GNM13993                       0.05714 0.07619 0.04762 0.01905 0.01905 0.00000 0.05714 0.07619 0.02857 0.05714 0.12381 0.10476 0.03810 0.00952 0.05714 0.06667 0.03810 0.00000 0.03810 0.08571
GNM14450                       0.07619 0.08571 0.01905 0.01905 0.01905 0.00000 0.04762 0.08571 0.03810 0.09524 0.08571 0.11429 0.03810 0.00000 0.03810 0.07619 0.02857 0.00952 0.04762 0.07619
GNM13745                       0.02830 0.09434 0.04717 0.01887 0.00943 0.00943 0.03774 0.09434 0.02830 0.12264 0.08491 0.09434 0.03774 0.01887 0.04717 0.08491 0.07547 0.00000 0.02830 0.03774
GNM14030                       0.03846 0.11538 0.03846 0.02885 0.01923 0.00000 0.04808 0.07692 0.02885 0.08654 0.11538 0.08654 0.05769 0.00962 0.05769 0.08654 0.03846 0.00000 0.02885 0.03846
GNM14959                       0.06604 0.12264 0.03774 0.01887 0.00000 0.00943 0.06604 0.06604 0.01887 0.08491 0.07547 0.07547 0.02830 0.01887 0.05660 0.02830 0.04717 0.03774 0.02830 0.11321
GNM13413                       0.07619 0.12381 0.04762 0.00952 0.00000 0.01905 0.05714 0.08571 0.00000 0.05714 0.08571 0.08571 0.01905 0.01905 0.04762 0.02857 0.03810 0.00000 0.03810 0.16190
GNM14990                       0.03810 0.08571 0.02857 0.02857 0.00000 0.00000 0.04762 0.10476 0.02857 0.08571 0.08571 0.10476 0.02857 0.01905 0.05714 0.09524 0.03810 0.00000 0.03810 0.08571
GNM15005                       0.03810 0.08571 0.02857 0.02857 0.00000 0.00952 0.03810 0.10476 0.02857 0.08571 0.08571 0.10476 0.02857 0.01905 0.05714 0.09524 0.03810 0.00000 0.03810 0.08571
GNM14992                       0.02857 0.09524 0.01905 0.03810 0.00000 0.00952 0.03810 0.10476 0.02857 0.07619 0.08571 0.10476 0.03810 0.01905 0.05714 0.09524 0.03810 0.00000 0.03810 0.08571
GNM15013                       0.03810 0.09524 0.02857 0.02857 0.00000 0.00952 0.03810 0.10476 0.02857 0.08571 0.08571 0.09524 0.02857 0.01905 0.05714 0.09524 0.03810 0.00000 0.03810 0.08571
GNM15014                       0.02857 0.09524 0.01905 0.02857 0.00000 0.01905 0.03810 0.10476 0.02857 0.06667 0.08571 0.10476 0.03810 0.01905 0.05714 0.09524 0.03810 0.00000 0.03810 0.09524
GNM14976                       0.03810 0.09524 0.02857 0.02857 0.00000 0.00952 0.03810 0.10476 0.02857 0.08571 0.08571 0.09524 0.02857 0.01905 0.05714 0.09524 0.03810 0.00000 0.03810 0.08571
GNM15022                       0.03810 0.09524 0.02857 0.02857 0.00000 0.00952 0.03810 0.10476 0.02857 0.08571 0.08571 0.09524 0.02857 0.01905 0.05714 0.09524 0.03810 0.00000 0.03810 0.08571
GNM14999                       0.06452 0.08065 0.04839 0.08065 0.00000 0.06452 0.03226 0.06452 0.04839 0.11290 0.08065 0.08065 0.04839 0.03226 0.00000 0.08065 0.01613 0.00000 0.01613 0.04839
GNM15018                       0.04717 0.09434 0.03774 0.01887 0.01887 0.00943 0.04717 0.08491 0.03774 0.08491 0.08491 0.08491 0.03774 0.00943 0.04717 0.08491 0.05660 0.00000 0.05660 0.05660
GNM15024                       0.04717 0.09434 0.03774 0.01887 0.01887 0.00943 0.04717 0.08491 0.03774 0.08491 0.08491 0.08491 0.03774 0.00943 0.04717 0.08491 0.05660 0.00000 0.05660 0.05660
GNM14980                       0.04717 0.09434 0.03774 0.01887 0.01887 0.00943 0.04717 0.08491 0.03774 0.08491 0.08491 0.08491 0.03774 0.00943 0.04717 0.08491 0.05660 0.00000 0.05660 0.05660
GNM15000                       0.04717 0.09434 0.03774 0.01887 0.01887 0.00943 0.04717 0.08491 0.03774 0.08491 0.08491 0.08491 0.03774 0.00943 0.04717 0.08491 0.05660 0.00000 0.05660 0.05660
GNM15026                       0.05714 0.09524 0.04762 0.02857 0.00000 0.00952 0.03810 0.08571 0.02857 0.09524 0.08571 0.09524 0.03810 0.01905 0.05714 0.10476 0.02857 0.00000 0.02857 0.05714
GNM15027                       0.08571 0.13333 0.00952 0.01905 0.00000 0.00000 0.05714 0.07619 0.02857 0.08571 0.10476 0.08571 0.02857 0.00952 0.05714 0.05714 0.03810 0.00952 0.01905 0.09524
GNM15019                       0.07547 0.11321 0.03774 0.01887 0.01887 0.02830 0.05660 0.06604 0.02830 0.07547 0.09434 0.06604 0.04717 0.02830 0.05660 0.03774 0.05660 0.00000 0.03774 0.05660
GNM15003                       0.02857 0.09524 0.03810 0.03810 0.01905 0.00952 0.03810 0.08571 0.01905 0.11429 0.07619 0.10476 0.04762 0.04762 0.04762 0.07619 0.02857 0.00000 0.01905 0.06667
GNM11003                       0.04808 0.08654 0.03846 0.00000 0.00000 0.02885 0.04808 0.09615 0.00000 0.08654 0.07692 0.12500 0.03846 0.00962 0.05769 0.04808 0.04808 0.00000 0.03846 0.12500
GNM11023                       0.09434 0.14151 0.02830 0.00943 0.00000 0.01887 0.02830 0.09434 0.00943 0.02830 0.11321 0.07547 0.03774 0.00943 0.05660 0.04717 0.02830 0.00943 0.02830 0.14151
GNM11055                       0.04762 0.14286 0.01905 0.02857 0.00000 0.00000 0.05714 0.09524 0.01905 0.04762 0.07619 0.08571 0.02857 0.03810 0.04762 0.06667 0.02857 0.00952 0.06667 0.09524
GNM11146                       0.07547 0.14151 0.02830 0.02830 0.00000 0.00943 0.04717 0.06604 0.00943 0.11321 0.06604 0.08491 0.03774 0.01887 0.04717 0.04717 0.03774 0.02830 0.01887 0.09434
GNM11220                       0.04762 0.14286 0.02857 0.00952 0.00000 0.00000 0.05714 0.10476 0.02857 0.08571 0.07619 0.08571 0.02857 0.04762 0.05714 0.04762 0.01905 0.00952 0.01905 0.10476
GNM11222                       0.05714 0.12381 0.00952 0.01905 0.00952 0.00000 0.08571 0.11429 0.01905 0.05714 0.09524 0.08571 0.01905 0.03810 0.05714 0.05714 0.00000 0.01905 0.01905 0.11429
GNM11223                       0.07619 0.14286 0.01905 0.01905 0.00000 0.00000 0.07619 0.10476 0.03810 0.10476 0.10476 0.09524 0.00952 0.01905 0.05714 0.03810 0.01905 0.00000 0.00952 0.06667
GNM11224                       0.06667 0.14286 0.02857 0.01905 0.00000 0.00000 0.05714 0.10476 0.02857 0.10476 0.13333 0.10476 0.00952 0.01905 0.05714 0.03810 0.00952 0.00000 0.00952 0.06667
GNM11225                       0.05714 0.15238 0.01905 0.00952 0.00000 0.00952 0.05714 0.09524 0.04762 0.10476 0.12381 0.09524 0.01905 0.00000 0.05714 0.04762 0.00952 0.00000 0.02857 0.06667
GNM11358                       0.01905 0.08571 0.02857 0.01905 0.01905 0.02857 0.03810 0.08571 0.01905 0.08571 0.05714 0.10476 0.04762 0.01905 0.04762 0.11429 0.02857 0.00000 0.03810 0.11429
GNM11360                       0.03810 0.10476 0.03810 0.02857 0.01905 0.00000 0.02857 0.08571 0.04762 0.10476 0.08571 0.08571 0.04762 0.00952 0.04762 0.06667 0.06667 0.00000 0.03810 0.05714
GNM11362                       0.06667 0.11429 0.01905 0.01905 0.00952 0.00000 0.04762 0.08571 0.03810 0.11429 0.07619 0.07619 0.02857 0.02857 0.05714 0.08571 0.00952 0.00952 0.03810 0.07619
GNM11367                       0.04717 0.09434 0.02830 0.03774 0.00943 0.00000 0.04717 0.08491 0.02830 0.11321 0.06604 0.09434 0.04717 0.03774 0.05660 0.06604 0.06604 0.00000 0.03774 0.03774
GNM11377                       0.05714 0.06667 0.03810 0.01905 0.01905 0.04762 0.04762 0.08571 0.04762 0.08571 0.06667 0.08571 0.04762 0.00952 0.04762 0.05714 0.03810 0.00000 0.03810 0.09524
GNM11380                       0.04762 0.09524 0.02857 0.02857 0.00952 0.00000 0.04762 0.09524 0.01905 0.08571 0.11429 0.09524 0.04762 0.02857 0.05714 0.06667 0.04762 0.00000 0.02857 0.05714
GNM11383                       0.04762 0.11429 0.05714 0.03810 0.00952 0.01905 0.02857 0.07619 0.01905 0.07619 0.12381 0.04762 0.03810 0.00952 0.05714 0.09524 0.04762 0.00000 0.03810 0.05714
GNM11491                       0.08571 0.11429 0.01905 0.03810 0.00952 0.00000 0.04762 0.08571 0.03810 0.08571 0.06667 0.06667 0.05714 0.00952 0.05714 0.07619 0.05714 0.00000 0.03810 0.04762
GNM11804                       0.04762 0.14286 0.02857 0.03810 0.00000 0.00000 0.05714 0.08571 0.01905 0.04762 0.07619 0.09524 0.02857 0.03810 0.04762 0.03810 0.02857 0.00952 0.06667 0.10476
GNM11805                       0.03810 0.08571 0.03810 0.03810 0.00952 0.01905 0.02857 0.08571 0.01905 0.11429 0.08571 0.10476 0.01905 0.02857 0.04762 0.08571 0.04762 0.00000 0.04762 0.05714
GNM12883                       0.07619 0.08571 0.02857 0.01905 0.01905 0.03810 0.04762 0.07619 0.04762 0.07619 0.08571 0.07619 0.04762 0.01905 0.04762 0.04762 0.04762 0.00000 0.02857 0.08571
GNM12886                       0.05714 0.08571 0.03810 0.00952 0.01905 0.01905 0.04762 0.08571 0.03810 0.07619 0.07619 0.08571 0.04762 0.01905 0.04762 0.07619 0.03810 0.00000 0.03810 0.09524
GNM12892                       0.06667 0.09524 0.01905 0.01905 0.01905 0.00952 0.05714 0.09524 0.04762 0.11429 0.07619 0.08571 0.03810 0.01905 0.04762 0.04762 0.03810 0.00000 0.03810 0.06667
GNM12895                       0.07619 0.08571 0.01905 0.01905 0.01905 0.00000 0.04762 0.08571 0.03810 0.09524 0.08571 0.11429 0.03810 0.00000 0.03810 0.07619 0.02857 0.00952 0.04762 0.07619
GNM13060                       0.05941 0.10891 0.05941 0.00990 0.00000 0.00990 0.06931 0.07921 0.02970 0.07921 0.10891 0.11881 0.02970 0.02970 0.04950 0.02970 0.00990 0.00990 0.03960 0.06931
GNM13061                       0.05714 0.11429 0.01905 0.02857 0.00000 0.00952 0.07619 0.08571 0.02857 0.02857 0.13333 0.08571 0.03810 0.02857 0.05714 0.03810 0.01905 0.00952 0.03810 0.10476
GNM13062                       0.05714 0.11429 0.03810 0.01905 0.00000 0.01905 0.02857 0.09524 0.00952 0.04762 0.09524 0.08571 0.03810 0.00000 0.05714 0.08571 0.03810 0.00952 0.02857 0.13333
GNM13064                       0.05714 0.07619 0.04762 0.01905 0.01905 0.00000 0.05714 0.07619 0.02857 0.05714 0.12381 0.10476 0.03810 0.00952 0.05714 0.06667 0.03810 0.00000 0.03810 0.08571
GNM13066                       0.05714 0.08571 0.04762 0.01905 0.01905 0.00000 0.05714 0.07619 0.02857 0.06667 0.11429 0.10476 0.04762 0.00952 0.05714 0.06667 0.04762 0.00000 0.03810 0.05714
GNM11032                       0.08571 0.12381 0.01905 0.00952 0.00000 0.01905 0.04762 0.06667 0.00952 0.04762 0.15238 0.08571 0.01905 0.00952 0.05714 0.04762 0.03810 0.02857 0.03810 0.09524
GNM11363                       0.06667 0.11429 0.01905 0.01905 0.00952 0.00000 0.04762 0.08571 0.03810 0.11429 0.07619 0.07619 0.02857 0.02857 0.05714 0.08571 0.00952 0.00952 0.03810 0.07619
GNM11375                       0.01163 0.10465 0.03488 0.02326 0.02326 0.03488 0.06977 0.06977 0.02326 0.09302 0.04651 0.06977 0.05814 0.02326 0.05814 0.06977 0.05814 0.00000 0.05814 0.06977
GNM11381                       0.05714 0.10476 0.06667 0.01905 0.00952 0.02857 0.02857 0.08571 0.02857 0.09524 0.11429 0.04762 0.02857 0.00952 0.05714 0.07619 0.05714 0.00000 0.03810 0.04762
GNM11382                       0.05714 0.10476 0.04762 0.04762 0.00952 0.01905 0.03810 0.07619 0.01905 0.06667 0.08571 0.05714 0.05714 0.00952 0.05714 0.06667 0.06667 0.00000 0.04762 0.06667
GNM11799                       0.04762 0.09524 0.01905 0.02857 0.00000 0.01905 0.02857 0.10476 0.02857 0.08571 0.08571 0.09524 0.02857 0.01905 0.05714 0.09524 0.03810 0.00000 0.03810 0.08571
GNM11841                       0.06667 0.10476 0.03810 0.04762 0.00952 0.03810 0.09524 0.10476 0.00952 0.06667 0.04762 0.05714 0.01905 0.03810 0.03810 0.02857 0.04762 0.00000 0.03810 0.10476
GNM11931                       0.09524 0.11429 0.03810 0.07619 0.00952 0.01905 0.06667 0.09524 0.00000 0.03810 0.05714 0.02857 0.01905 0.02857 0.04762 0.05714 0.04762 0.00000 0.04762 0.11429
GNM12040                       0.08571 0.08571 0.04762 0.04762 0.00952 0.02857 0.07619 0.11429 0.00000 0.03810 0.06667 0.01905 0.01905 0.01905 0.04762 0.09524 0.03810 0.00000 0.03810 0.12381
GNM12071                       0.07619 0.10476 0.03810 0.05714 0.00952 0.00952 0.07619 0.09524 0.00952 0.04762 0.06667 0.03810 0.01905 0.01905 0.04762 0.06667 0.07619 0.00000 0.04762 0.09524
GNM12125                       0.08571 0.10476 0.01905 0.01905 0.00000 0.02857 0.05714 0.09524 0.00952 0.07619 0.07619 0.10476 0.03810 0.01905 0.05714 0.01905 0.00952 0.02857 0.03810 0.11429
GNM12126                       0.07619 0.09524 0.05714 0.00952 0.00000 0.01905 0.06667 0.08571 0.01905 0.09524 0.07619 0.10476 0.03810 0.00000 0.04762 0.01905 0.05714 0.00000 0.02857 0.10476
GNM12128                       0.09524 0.06667 0.05714 0.01905 0.00000 0.00000 0.03810 0.07619 0.01905 0.06667 0.12381 0.12381 0.01905 0.00952 0.03810 0.05714 0.01905 0.00952 0.03810 0.12381
GNM12182                       0.00962 0.09615 0.03846 0.00000 0.00000 0.00962 0.04808 0.13462 0.00962 0.09615 0.10577 0.08654 0.03846 0.00962 0.04808 0.03846 0.05769 0.00000 0.02885 0.14423
GNM12342                       0.05714 0.11429 0.03810 0.02857 0.00000 0.00952 0.08571 0.07619 0.00952 0.08571 0.07619 0.12381 0.01905 0.02857 0.05714 0.01905 0.03810 0.00952 0.03810 0.08571
GNM12346                       0.05714 0.10476 0.02857 0.02857 0.00000 0.03810 0.05714 0.10476 0.00000 0.08571 0.12381 0.06667 0.02857 0.00952 0.05714 0.03810 0.05714 0.00000 0.05714 0.05714
GNM12351                       0.05714 0.11429 0.03810 0.03810 0.00000 0.00952 0.04762 0.11429 0.00000 0.06667 0.07619 0.05714 0.04762 0.02857 0.04762 0.05714 0.04762 0.00000 0.04762 0.10476
GNM12356                       0.09524 0.10476 0.03810 0.03810 0.00000 0.00952 0.04762 0.08571 0.00952 0.06667 0.06667 0.10476 0.04762 0.02857 0.05714 0.02857 0.02857 0.00000 0.03810 0.10476
GNM12357                       0.06667 0.08571 0.02857 0.01905 0.00000 0.02857 0.06667 0.08571 0.00000 0.05714 0.06667 0.11429 0.02857 0.01905 0.05714 0.03810 0.03810 0.00000 0.06667 0.13333
GNM12366                       0.07619 0.10476 0.03810 0.02857 0.00000 0.02857 0.05714 0.08571 0.00000 0.08571 0.05714 0.08571 0.01905 0.03810 0.04762 0.04762 0.03810 0.00000 0.04762 0.11429
GNM12373                       0.09524 0.11429 0.03810 0.00952 0.00000 0.00952 0.05714 0.10476 0.00952 0.09524 0.08571 0.05714 0.01905 0.01905 0.05714 0.05714 0.02857 0.00000 0.03810 0.10476
GNM12385                       0.10476 0.11429 0.02857 0.01905 0.00000 0.01905 0.04762 0.11429 0.00952 0.09524 0.06667 0.05714 0.01905 0.02857 0.04762 0.04762 0.05714 0.00000 0.03810 0.08571
GNM12551                       0.06667 0.12381 0.02857 0.01905 0.00000 0.01905 0.07619 0.09524 0.00000 0.08571 0.09524 0.11429 0.00952 0.02857 0.04762 0.01905 0.05714 0.01905 0.02857 0.06667
GNM12554                       0.10476 0.13333 0.01905 0.03810 0.01905 0.00000 0.02857 0.10476 0.01905 0.08571 0.07619 0.05714 0.00952 0.02857 0.05714 0.03810 0.03810 0.00952 0.04762 0.08571
GNM12592                       0.05714 0.13333 0.00952 0.00952 0.00952 0.00952 0.09524 0.10476 0.00000 0.05714 0.11429 0.06667 0.05714 0.00000 0.04762 0.05714 0.04762 0.00000 0.05714 0.06667
GNM12596                       0.08571 0.13333 0.00952 0.01905 0.00000 0.02857 0.06667 0.10476 0.00000 0.06667 0.09524 0.07619 0.02857 0.01905 0.04762 0.06667 0.02857 0.00000 0.05714 0.06667
GNM12602                       0.06667 0.12381 0.01905 0.01905 0.00000 0.01905 0.07619 0.10476 0.00000 0.06667 0.09524 0.07619 0.02857 0.01905 0.04762 0.06667 0.04762 0.00000 0.05714 0.06667
GNM12665                       0.08571 0.13333 0.00952 0.02857 0.00000 0.01905 0.05714 0.10476 0.00000 0.06667 0.09524 0.08571 0.02857 0.01905 0.04762 0.06667 0.02857 0.00000 0.05714 0.06667
GNM12745                       0.06667 0.10476 0.03810 0.05714 0.00000 0.00952 0.03810 0.09524 0.00952 0.09524 0.09524 0.09524 0.01905 0.01905 0.04762 0.05714 0.03810 0.00000 0.04762 0.06667
GNM12749                       0.09524 0.13333 0.03810 0.01905 0.00000 0.01905 0.04762 0.12381 0.01905 0.07619 0.08571 0.06667 0.01905 0.02857 0.04762 0.03810 0.02857 0.00000 0.02857 0.08571
GNM12763                       0.02857 0.14286 0.01905 0.02857 0.00000 0.01905 0.04762 0.10476 0.01905 0.08571 0.08571 0.09524 0.01905 0.02857 0.05714 0.05714 0.04762 0.00952 0.03810 0.06667
GNM12766                       0.06667 0.11429 0.02857 0.01905 0.00000 0.01905 0.05714 0.08571 0.00000 0.07619 0.06667 0.12381 0.03810 0.00952 0.05714 0.02857 0.01905 0.00952 0.06667 0.11429
GNM12841                       0.06667 0.14286 0.03810 0.06667 0.00952 0.01905 0.08571 0.09524 0.00000 0.05714 0.04762 0.03810 0.02857 0.02857 0.04762 0.05714 0.02857 0.00000 0.03810 0.10476
GNM12849                       0.04762 0.09524 0.04762 0.02857 0.00952 0.00000 0.01905 0.08571 0.04762 0.09524 0.09524 0.08571 0.04762 0.00952 0.04762 0.06667 0.07619 0.00000 0.03810 0.05714
GNM12869                       0.02830 0.10377 0.04717 0.01887 0.01887 0.01887 0.05660 0.07547 0.02830 0.10377 0.07547 0.08491 0.03774 0.00943 0.04717 0.08491 0.05660 0.00000 0.05660 0.04717
GNM12896                       0.04762 0.09524 0.03810 0.01905 0.00952 0.00000 0.04762 0.09524 0.01905 0.08571 0.09524 0.09524 0.05714 0.02857 0.05714 0.06667 0.05714 0.00000 0.02857 0.05714
GNM12897                       0.04762 0.11429 0.03810 0.02857 0.00952 0.00952 0.03810 0.09524 0.01905 0.08571 0.10476 0.06667 0.04762 0.02857 0.05714 0.08571 0.03810 0.00000 0.02857 0.05714
GNM12902                       0.04762 0.06667 0.06667 0.02857 0.00952 0.00000 0.02857 0.08571 0.01905 0.10476 0.08571 0.12381 0.02857 0.02857 0.03810 0.07619 0.05714 0.00000 0.04762 0.05714
GNM12903                       0.06604 0.13208 0.00943 0.02830 0.00000 0.00000 0.08491 0.05660 0.00943 0.07547 0.07547 0.10377 0.02830 0.01887 0.04717 0.04717 0.05660 0.02830 0.02830 0.10377
GNM12906                       0.07547 0.12264 0.00943 0.02830 0.00000 0.00000 0.06604 0.05660 0.00943 0.06604 0.06604 0.11321 0.02830 0.01887 0.04717 0.02830 0.05660 0.03774 0.03774 0.13208
GNM12907                       0.04717 0.13208 0.00943 0.03774 0.00000 0.00000 0.06604 0.05660 0.00943 0.05660 0.07547 0.10377 0.04717 0.02830 0.04717 0.05660 0.02830 0.02830 0.01887 0.15094
GNM12909                       0.06604 0.15094 0.02830 0.03774 0.00000 0.00000 0.05660 0.05660 0.00943 0.08491 0.07547 0.10377 0.03774 0.02830 0.04717 0.02830 0.03774 0.02830 0.01887 0.10377
GNM12915                       0.05714 0.13333 0.01905 0.01905 0.00000 0.00952 0.06667 0.10476 0.00000 0.06667 0.08571 0.09524 0.01905 0.03810 0.03810 0.02857 0.05714 0.00952 0.03810 0.11429
GNM10046                       0.05714 0.12381 0.01905 0.02857 0.00000 0.00952 0.06667 0.09524 0.00000 0.06667 0.08571 0.11429 0.01905 0.03810 0.03810 0.01905 0.05714 0.00952 0.03810 0.11429
GNM12918                       0.05714 0.14286 0.01905 0.02857 0.00000 0.00952 0.05714 0.10476 0.00000 0.06667 0.08571 0.08571 0.01905 0.03810 0.03810 0.02857 0.05714 0.00952 0.03810 0.11429
GNM12931                       0.06667 0.10476 0.05714 0.01905 0.00000 0.01905 0.03810 0.08571 0.00952 0.08571 0.09524 0.11429 0.01905 0.00000 0.04762 0.02857 0.05714 0.00000 0.03810 0.11429
GNM12938                       0.04808 0.10577 0.05769 0.00000 0.00000 0.02885 0.02885 0.08654 0.00962 0.10577 0.11538 0.09615 0.01923 0.00962 0.04808 0.05769 0.05769 0.00000 0.04808 0.07692
GNM12996                       0.02885 0.10577 0.04808 0.00000 0.00000 0.00962 0.06731 0.09615 0.00962 0.09615 0.08654 0.11538 0.02885 0.00000 0.03846 0.05769 0.03846 0.00000 0.02885 0.14423
GNM13018                       0.01923 0.10577 0.05769 0.00000 0.00000 0.00962 0.06731 0.09615 0.00000 0.09615 0.08654 0.11538 0.02885 0.00000 0.03846 0.06731 0.03846 0.00000 0.02885 0.14423
GNM13027                       0.04808 0.09615 0.05769 0.00000 0.00000 0.01923 0.02885 0.08654 0.00962 0.12500 0.08654 0.10577 0.03846 0.02885 0.04808 0.04808 0.04808 0.00000 0.01923 0.10577
GNM13046                       0.07619 0.09524 0.02857 0.02857 0.01905 0.00952 0.02857 0.09524 0.01905 0.09524 0.09524 0.08571 0.03810 0.00952 0.05714 0.07619 0.04762 0.00000 0.03810 0.05714
GNM13053                       0.07619 0.10476 0.06667 0.00000 0.00000 0.00952 0.03810 0.08571 0.01905 0.09524 0.08571 0.09524 0.05714 0.00000 0.04762 0.06667 0.03810 0.00000 0.03810 0.07619
GNM13074                       0.07619 0.12381 0.01905 0.02857 0.00000 0.00952 0.07619 0.09524 0.00000 0.07619 0.08571 0.10476 0.01905 0.02857 0.03810 0.01905 0.05714 0.00952 0.04762 0.08571
GNM10010                       0.06667 0.12381 0.01905 0.02857 0.00000 0.00952 0.07619 0.09524 0.00000 0.05714 0.08571 0.10476 0.01905 0.03810 0.03810 0.01905 0.05714 0.00952 0.03810 0.11429
GNM10014                       0.06667 0.12381 0.01905 0.02857 0.00000 0.00952 0.07619 0.09524 0.00000 0.05714 0.08571 0.10476 0.01905 0.03810 0.03810 0.01905 0.05714 0.00952 0.03810 0.11429
GNM13090                       0.06667 0.11429 0.01905 0.02857 0.00000 0.00952 0.07619 0.09524 0.00000 0.06667 0.08571 0.11429 0.01905 0.03810 0.03810 0.01905 0.05714 0.00952 0.03810 0.10476
GNM13118                       0.03774 0.10377 0.00943 0.01887 0.00000 0.00000 0.04717 0.08491 0.00943 0.04717 0.12264 0.13208 0.02830 0.00943 0.05660 0.02830 0.07547 0.01887 0.04717 0.12264
GNM13126                       0.06667 0.08571 0.03810 0.02857 0.00952 0.00000 0.07619 0.09524 0.00000 0.11429 0.09524 0.11429 0.00952 0.01905 0.04762 0.05714 0.05714 0.00000 0.04762 0.03810
GNM13128                       0.04762 0.08571 0.04762 0.03810 0.00952 0.01905 0.05714 0.07619 0.00000 0.09524 0.10476 0.11429 0.00952 0.01905 0.04762 0.06667 0.04762 0.00000 0.04762 0.06667
GNM13208                       0.03774 0.15094 0.01887 0.04717 0.00000 0.02830 0.03774 0.03774 0.00943 0.07547 0.09434 0.08491 0.02830 0.00943 0.03774 0.06604 0.02830 0.02830 0.04717 0.13208
GNM13210                       0.07619 0.09524 0.03810 0.00000 0.00000 0.01905 0.05714 0.08571 0.00000 0.07619 0.08571 0.12381 0.02857 0.01905 0.04762 0.05714 0.04762 0.00000 0.02857 0.11429
GNM12773                       0.05714 0.08571 0.02857 0.02857 0.00000 0.00952 0.03810 0.10476 0.01905 0.08571 0.12381 0.15238 0.01905 0.02857 0.04762 0.04762 0.02857 0.00000 0.02857 0.06667
GNM12769                       0.10476 0.10476 0.01905 0.04762 0.00000 0.00952 0.05714 0.07619 0.01905 0.10476 0.07619 0.09524 0.01905 0.00952 0.03810 0.07619 0.02857 0.00000 0.03810 0.07619
GNM12768                       0.08571 0.09524 0.00952 0.00000 0.00952 0.00952 0.05714 0.09524 0.00952 0.04762 0.06667 0.11429 0.02857 0.01905 0.05714 0.03810 0.06667 0.00952 0.03810 0.14286

Homogeneity statistic: X2 = 20.86387 G = 22.01585 

Average                        0.06075 0.10926 0.03240 0.02335 0.00624 0.01392 0.05201 0.08716 0.01985 0.08060 0.08997 0.09059 0.03265 0.01942 0.05001 0.05912 0.04277 0.00543 0.03877 0.08572
(Ambiguity characters are used to calculate freqs.)


# constant sites:      1 (0.92%)

TREE #  1:  ((((((((45, 150), 135), (63, 100)), 101), 102), (((137, 138), (103, 62)), (136, 139))), ((((((129, 128), 131), 130), 149), (65, 44)), 146)), (((((((((((((((((((46, 47), ((49, 52), 22)), 51), 61), 53), ((48, 50), 95)), 58), ((74, 21), (24, 23))), ((((((((57, 55), 56), 54), 124), (19, 7)), (((60, (26, 38)), (8, 6)), (92, 20))), ((11, 72), 123)), 78)), 140), (((93, 77), 18), 94)), (((125, 76), 126), 39)), (((((82, 5), 81), (75, 13)), (29, 83)), (14, 71))), (84, 41)), (91, 73)), ((((((40, 88), 89), 43), 42), (15, 141)), (((36, 87), 12), 59))), ((((1, 85), 86), (9, 2)), 37)), ((((34, 35), (3, 32)), (4, 30)), (33, (31, 90)))), (((((28, 27), (151, 25)), ((68, 69), 70)), ((152, 67), 153)), ((17, 16), 66))), (((((((((((117, 115), 116), 106), 114), 105), (((113, 111), 119), 110)), ((((98, 10), 99), (96, 122)), 97)), (64, 79)), ((148, 147), (80, 127))), ((((((109, 108), 107), 121), 104), (118, 120)), 112)), ((((143, 144), 145), 142), ((134, 132), 133))));   MP score: -1
lnL(ntime:303  np:304): -13034.870740      +0.000000
 154..155 155..156 156..157 157..158 158..159 159..160 160..161 161..45  161..150 160..135 159..162 162..63  162..100 158..101 157..102 156..163 163..164 164..165 165..137 165..138 164..166 166..103 166..62  163..167 167..136 167..139 155..168 168..169 169..170 170..171 171..172 172..173 173..129 173..128 172..131 171..130 170..149 169..174 174..65  174..44  168..146 154..175 175..176 176..177 177..178 178..179 179..180 180..181 181..182 182..183 183..184 184..185 185..186 186..187 187..188 188..189 189..190 190..191 191..192 192..193 193..46  193..47  192..194 194..195 195..49  195..52  194..22  191..51  190..61  189..53  188..196 196..197 197..48  197..50  196..95  187..58  186..198 198..199 199..74  199..21  198..200 200..24  200..23  185..201 201..202 202..203 203..204 204..205 205..206 206..207 207..208 208..57  208..55  207..56  206..54  205..124 204..209 209..19  209..7   203..210 210..211 211..212 212..60  212..213 213..26  213..38  211..214 214..8   214..6   210..215 215..92  215..20  202..216 216..217 217..11  217..72  216..123 201..78  184..140 183..218 218..219 219..220 220..93  220..77  219..18  218..94  182..221 221..222 222..223 223..125 223..76  222..126 221..39  181..224 224..225 225..226 226..227 227..228 228..82  228..5   227..81  226..229 229..75  229..13  225..230 230..29  230..83  224..231 231..14  231..71  180..232 232..84  232..41  179..233 233..91  233..73  178..234 234..235 235..236 236..237 237..238 238..239 239..40  239..88  238..89  237..43  236..42  235..240 240..15  240..141 234..241 241..242 242..243 243..36  243..87  242..12  241..59  177..244 244..245 245..246 246..247 247..1   247..85  246..86  245..248 248..9   248..2   244..37  176..249 249..250 250..251 251..252 252..34  252..35  251..253 253..3   253..32  250..254 254..4   254..30  249..255 255..33  255..256 256..31  256..90  175..257 257..258 258..259 259..260 260..261 261..28  261..27  260..262 262..151 262..25  259..263 263..264 264..68  264..69  263..70  258..265 265..266 266..152 266..67  265..153 257..267 267..268 268..17  268..16  267..66  154..269 269..270 270..271 271..272 272..273 273..274 274..275 275..276 276..277 277..278 278..279 279..117 279..115 278..116 277..106 276..114 275..105 274..280 280..281 281..282 282..113 282..111 281..119 280..110 273..283 283..284 284..285 285..286 286..98  286..10  285..99  284..287 287..96  287..122 283..97  272..288 288..64  288..79  271..289 289..290 290..148 290..147 289..291 291..80  291..127 270..292 292..293 293..294 294..295 295..296 296..297 297..109 297..108 296..107 295..121 294..104 293..298 298..118 298..120 292..112 269..299 299..300 300..301 301..302 302..143 302..144 301..145 300..142 299..303 303..304 304..134 304..132 303..133
 0.059637 0.215707 0.040535 0.000000 0.000000 0.133615 0.067768 0.083750 0.231209 0.193287 0.130067 0.392318 0.310011 0.297194 0.406083 0.129920 0.069575 0.147633 0.027405 0.036533 0.019194 0.229838 0.078438 0.128888 0.148328 0.139733 0.069315 0.175106 0.063663 0.099048 0.033455 0.059163 0.127463 0.006106 0.027453 0.095101 0.274930 0.103680 0.185735 0.128555 0.317178 0.030268 0.002600 0.082667 0.120786 0.053600 0.027384 0.060013 0.094747 0.076074 0.022286 0.000000 0.055689 0.027530 0.092117 0.000000 0.000000 0.022441 0.000000 0.008027 0.008033 0.000000 0.000000 0.000000 0.000000 0.000000 0.008082 0.000000 0.912340 0.377138 0.000000 0.022819 0.014244 0.010301 0.009701 0.114582 0.153719 0.070865 0.000000 0.000000 0.123346 0.000000 0.000000 0.054279 0.108351 0.064059 0.045627 0.000000 0.017252 0.000000 0.000000 0.000000 0.000000 0.000000 0.000000 0.069663 0.003515 0.018501 0.013441 0.112158 0.000000 0.062683 0.050474 0.024859 0.000000 0.000000 0.012275 0.015387 0.046154 0.037975 0.047630 0.000000 0.135865 0.038872 0.000000 0.000000 0.028367 0.116177 0.123546 0.067588 0.066293 0.099330 0.036322 0.048788 0.038726 0.102846 0.139782 0.000000 0.006532 0.013818 0.024451 0.055116 0.020404 0.179068 0.085178 0.000000 0.013727 0.023096 0.017774 0.034242 0.094375 0.052962 0.011109 0.011958 0.090977 0.000000 0.000000 0.104633 0.044520 0.026494 0.242988 0.000000 0.000000 0.126889 0.000000 0.000000 0.013483 0.048691 0.189463 0.073618 0.051254 0.020109 0.000000 0.000000 0.027967 0.088569 0.092429 0.106467 0.437886 0.230754 0.062514 0.151619 0.031013 0.019415 0.044848 0.095349 0.275319 0.035199 0.071502 0.000000 0.142117 0.105846 0.031849 0.398139 0.397609 0.000000 0.000000 0.321217 0.364171 0.007365 0.000000 0.325092 0.032528 0.000000 0.211203 0.130207 0.102972 0.369242 0.008303 0.000000 0.086818 0.152906 0.065377 0.118722 0.139423 0.070241 0.102621 0.091753 0.017319 0.093379 0.108329 0.104928 0.173874 0.115495 0.139265 0.098779 0.064128 0.061006 0.054154 0.176904 0.087040 0.000000 0.275347 0.447277 0.409399 0.033445 0.285434 0.000000 0.000000 0.159673 0.137204 0.069155 0.000000 0.073574 0.034652 0.063842 0.123616 0.001016 0.130750 0.044646 0.085225 0.007667 0.008676 0.000000 0.241070 0.175043 0.264843 0.115515 0.088538 0.017997 0.187078 0.096006 0.113155 0.282940 0.407995 0.000000 0.039638 0.074210 0.156491 0.052864 0.141240 0.038153 0.232254 0.107001 0.179406 0.264394 0.079845 0.069857 0.372379 0.119322 0.061093 0.103404 0.055818 0.187693 0.126289 0.000000 0.094739 0.079394 0.153234 0.122883 0.044518 0.115296 0.036217 0.122935 0.017022 0.185162 0.092454 0.276384 0.135274 0.403307 0.196871 0.000000 0.007678 0.000000 0.000000 0.000000 0.016394 0.025270 0.032759 0.021281 0.016576 0.000000 0.014859 1.419396
