
Printing out site pattern counts


       155         97  P

GNM13746                        AAAAAAAAAA AAAAAAAADD DEEEEEFFGG GGGGGGGGGG HHHIIIIIII KKKKKLLLLM PPPPPPQQRR RRRRRRRSSS SSSSTTTTTT VVVVVYY
GNM13538                        AAAAAAAAAA AAAACEKSDD DEEETVFFAG GGGGGGGGGS HHHIIIIIII KKKKRILLLM KPPPPPQQRR RRRRRRRAPS SSSTNTTTTT AIVVVKY
GNM13671                        AAAAAAAAAA AMSTVEYADD GEEESPRVAG GGGGGGGGKP FHHIIIIIII DKKRRILLVT KKPPPPMQMR RRRRRRRSAA STTSNTTTVV AIVVVRY
GNM13876                        AAAAAAAAAG TMSTVEFADD GEEEAPRLAA GGGGGGGGKP FHHIIIIIII DAKRRILLVM KKPPPPMQMR RRRRRRRSSA STTSTTTTVV AAVVVLY
GNM13680                        AAAAAAASSA AAAAAEASDD DDEEAVFFAG GGGGGGGGGS HHHIIIIIII TKKKRLLYLM KPPPPPRQRR RRRRRRRVPS SSSTNITTTV AVVVVRY
GNM14837                        AAAAAAGGSA AVGAVDAADD DDEETVIFAG GGGGGGGGGS HHHFIIIIIV NKRKRLLYFM KKPPPPVQKK RRRRRRRNSS SSTTTVTTTV AVVVVRF
GNM14249                        AAAAAAGGAA AVGAVEAADD DDEETVIFAG GGGGGGGGGS HHHFIIIIIV NKKKRLLYFM KKPPPPIQKK RRRRRRRNSS SSTTTVTTTV ASVVVRF
GNM13928                        AAAAAAGGSA AIGAVEAADD DDEETVIFAG GGGGGGGGGS HHHFIIIIIV NKKKRLLYFM KKPPPPIQKK RRRRRRRNSS SSTTTVTTTV ASVVVRF
GNM13297                        AAAAAAAAAA AAAACEKSDD DEEETVFFAG GGGGGGGGGS HHHIIIIIII KKKKRILLLM KPPPPPQQRR RRRRRRRAPS SSSTNTTTTT AIVVVKY
GNM14865                        AAAIQTGAVA AAAAVDSMDD NEEEAPKLGG GGGGGGKNGA VHHIIIIIVI KAKQKLIDLM APPPPPSQES RRRRRRRENS SSTGASTTTN AQVVVRY
GNM13455                        AAAAAAGGSA AVGAVEAADD DDEETVIFAG GGGGGGGGGS HHHFIIIIIV NKHKRLLYFM KKPPPPVQKK RRRRRRRNSS SSTTTVTTTV AVVVVRF
GNM14938                        AAAAGAASAA TMSTVEHVDD GEEEAPKVAG GGGGGGGGKA FHHIIIIIII TKKRKIIMVM KKPPPPMQLR RRRRRRRSSA SSTSNTTTVV AIVVVRY
GNM14483                        AAAAAAAASA ASAAADASDD DEEEGVFFAG GGGGGGGGGS HHHIIIIIII KKKRRILFVM KKPPPPRQRR RRRRRRRSPS SSTTNTTTTT AVVVVKY
GNM14872                        AAAAAAASSA AAAAAEASDD DDEEGVFFAG GGGGGGGGGS HHHIIIIIII TKKKRLLYLM KPPPPPRQRR RRRRRRRVPS SSSTNITTTV AVVVVRY
GNM13855                        AAAAAAAASA AAAAADSSDD DDEETVIFAG GGGGGGGGGS HHHIIIIVII TKKKRLIYLM KPPPPPRQRR RRRRRRRVPS SSSTNITTTV AAVVVRY
GNM14445                        AAAAAAAAAA AASAADASDD DEEEAVFFAG GGGGGGGGGS HHHIIIIVII KKKKRILFLM KAPPPPRQKR KRRRRRRTTS SSTTSTTTTT AVVVVKY
GNM14404                        AAHAAAARAA VASAATHADD DEEGDPMFAG GGGGGGGGKG FHHIIIIIII KKKRKLLLLV RPPPPPMMKR RRRRRRRMSG ISSGTTTTTV AIVVVKY
GNM14545                        AAHAAAARAA VASAATHADD DEEGDPMFAG GGGGGGGGKG FHHIIIIIII KKKRKLLLLV RPPPPPMMKR RRRRRRRMSG ISSGTTTTTV AIVVVKY
GNM14366                        ASAAAAGAAA AVGAVEASDD DDEEAVIFAG GGGGGGGGGS HHHFIIIIIV TKKKRLLYFM KKPPPPVQRK RRRRRRRNSS SSTTTVTTTV AAVVVRF
GNM14252                        AAAAAAGGSA AVGAVEAADD DDEETVIFAG GGGGGGGGGS HHHFIIIIIV NKKKRLLYFM KKPPPPIQKK RRRRRRRNSS SSTTTVTTTV ASVVVRF
GNM13760                        AAAAAAGASA AVGAVEAADD DDEETVIFAG GGGGGGGGGS HHHFIIIIIV NKRKRLLYFM KKPPPPIQKK RRRRRRRNSS SSTTTVTTTV ASVVVRF
GNM13982                        AAAAAAGASA ATGAVEVADD DDEETVIFAG GGGGGGGGGS HHHFIIIIIV NKKKRLLYLM KKPPPPHQKK KRRRRRRNSS SSTTTVTTTV ASVVVRF
GNM13960                        ASAAAAAAAA AVGAVEAADD DDEETVIFAG GGGGGGGGGS HHHFIIIIIA TKKKRLLYLM RKPPPPCQKK RRRRRRRNSS SSTTTVTTTV AAVVVKF
GNM14633                        AAAAAAGASA ATGAVEVADD DDEETVIFAG GGGGGGGGGS HHHFIIIIIV NKKKRLLYLM KKPPPPHQKK KRRRRRRNSS SSTTTVTTTV ASVVVRF
GNM14853                        AAAAAAGASA ATGAVEVADD DDEETVIFAG GGGGGGGGGS HHHFIIIIIV NKKKRLLYLM KKPPPPHQKK KRRRRRRNSS SSTTTVTTTV ASVVVRF
GNM14174                        AAAAAAA--A AAFAAEAADE DE-EDP-FAG -EGGGGGGGS FHHIIIIVI- KKRRRF-MIM RPPPPPMQRR RRRRRRRTP- -S-GTT-TTS AMVVVKY
GNM14055                        AAAAAAGASA AVGAVDAADD DDEETVIFAG GGGGGGGGGS HHHFIIIIIV NKKKRLLYLM RKPPPPVQKK RRRRRRRKSS SSTTTVTTTV AAVVVKF
GNM14748                        AAATAAGGAA AVGAVEAADD DDEETVIFAG GGGGGGGGGS HHHFIIIIIV NKRKRLLYFM KKPPPPNQKK RRRRRRRNSS SSTTTVTTTV ASVVVRF
GNM14246                        AAAATAAAAA AAAAAAHADE DEEEDPRFAG GGGGGGGGNS FHHIIIIIII KKKRRLIMIM RKPPPTMQRR RRRRRRRSAT SSTGNTTTTS AIVVVKY
GNM14640                        AAAAAAAAAA AAAAASHADE DEEEDPRFAG GCGGGGGGDS HHHIIIIVII KKKRRLILIM RKAPPPMQRR RRRRRRRAAS SSSGTTTTTS AIVVVKY
GNM14965                        AAAAAAAASA AAAAADASDD DDEETVFFAG GGGGGGGGGS HHHIIIIVIV TKKKRLVYLM KPPPPPRQRR RRRRRRRVPS SSSTNITTTV AAVVVRY
GNM13677                        AAAAAAAAAG TMSTVEYADD GEEEAPRVAA GGGGGGGGKP FHHIIIIIII DAKRRILLVM KKPPPPMQMR RRRRRRRSSA STTSTTTTVV AAVVVLY
GNM14339                        AAAISAAAAA AMSTVEYADD GEEEQPVVAG GGGGGGGGKS FHHIIIILIL EKKRKIILVT RKPPPPMQMR RRRRRRRNSA SSTSNTTTVV AAVVVRY
GNM14593                        AASAAAAAAA AMSTVEYADD GEEEAPRVAG GGGGGGGGKP FHHIIIIIII DKKRRILLVT KKPPPPMQMR RRRRRRRTAA STTSNTTTVV AIVVVRY
GNM13825                        AAAAGAASAA TMSTVEYVDD GEEESPKVAG GGGGGGGGKA FHHIIIIIII TKKRKIIMVM KKPPPPMQMR RRRRRRRSSA SSTSNTTTVV AIVVVRY
GNM14768                        AAAAAAAAAA AMSTVEYADD GEEEQPRVAG GGGGGGGGKP FHHIIIIIII DKKRKILLVT RKPPPPMQMR RRRRRRRSAA STTSETTTVV AIVVVKY
GNM14776                        AAAAAAAAAA AMSTVEYADD GEEEQPRVAG GGGGGGGGKP FHHIIIIIII DKKRKILLVT RKPPPPMQMR RRRRRRRSAA STTSETTTVV AIVVVKY
GNM14715                        AAAAAAAAAA ASAAAEASDD DEEEGVFFAG GGGGGGGGGS HHHIIIIIII KKKRRILFVM KKPPPPRQRR RRRRRRRSPS SSTTTTTTTT AVAVVKY
GNM14639                        AAAAAASAAA AAALCEASDD DEEERVIFAG GAGGGGGGGS HHIIIILIII KKKKRLLFII KPPPPPRNKR RRRRRRRMPS SSSTTVTTTT AEVVVKY
GNM13795                        AAATAAGGAA AVGAVEAADD DDEETVIFAG GGGGGGGGGS HHHFIIIIIV NKRKRLLYFM KKPPPPNQKK RRRRRRRNSS SSTTTVTTTV ASVVVRF
GNM14166                        ATAAAAGAAA AVGAVEASDD DDEEDVIFAG GGGGGGGGGS HHHFIIIIIV NKHKRLVYLM KKPPPPRQKK RRRRRRRASS SSSTTVTTTV AAVVVRY
GNM14450                        AAAAAASGGA AAAAVDASDD DDEEGVIFAG GGGGGGGGGS HHHIIIIIII TKKKRLLYLM KPPPPPRQKR RRRRRRRVAS SSSTTITTTI ATVVVRY
GNM13515                        AAAAAAGGAA AVGAVEVADD DDEQTVIFAG GGGGGGGGGS HHHIIIIIIL NKKKRLLYLM KKPPPPHQRK KRRRRRRNSS SSTTTVTTTV AGVVVRF
GNM13745                        AAAAAVHSAA ATAAVEESDD DEEQNVIFAG GGGGGGGGGS HHHIIVIIII KKRKRILFVM KAPPPPRQRR KRRRRRRQSS SSTTETTTTV AIVVVKY
GNM14030                        AAAAAVHSAA AAAAAEASDD DEEQSVIFAG GGGGGGGGKA HHHIIVIIII KKKKRILFLM KAPPPPRQRR KRRRRRRQSS STXSETTTTV AVVVVKY
GNM14959                        AAAAAAAAAA AAAAAQKADD DEEKSPRLAG GGGGGGGGGP VTHIIIIIIV KRMMKLLDVM PPPPPPQAIR RKRRRRRYPV SSTTNTTTIY AIVVVKY
GNM13413                        AAAAAAAASA AASAANRADD DEEKDPRFAG GGGGGGGGGP VHHIIIIIIV KKMMKLVELM RPPPPPMQIR RRRRRRRSPW SSTTTTTTTH AEVVVKY
GNM14990                        ASAAAAAAAA AVGAVEAADD DDEETVIFAG GGGGGGGGGS HHHFIIIIIA TKKKRLLYLM RKPPPPCQKK RRRRRRRNSS SSTTTVTTTV AAVVVKF
GNM15005                        ASAAAAAAAA AVGAVEAADD DDEETVIFAG GGGGGGGGGS HHHFIIIIIA TKKKRLLYLM RKPPPPCQKK RRRRRRRNSS SSTTTVTTTV AAVVVKF
GNM14992                        ASAAAAAAAA AVGAVGAADD DDEETVIFAG GGGGGGGGGS HHHFIIIIIV TKKKRLLYLM KKPPPPQQKK RRRRRRRNSS SSTTTVTTTT AAVVVKF
GNM14994                        AAATAAGASA AVGAVEAADD DDEETVIFAG GGGGGGGGGS HHHFIIIIIV TKRKRLLYFM KKPPPPIQKK RRRRRRRNSS SSTTTVTTTV AAVVVRF
GNM14976                        ASAAAAAAAA AVGAVEAADD DDEEAVIFAG GGGGGGGGGS HHHFIIIIIA TKKKRLLYLM RKPPPPCQKK RRRRRRRNSS SSTTTVTTTV AIVVVKF
GNM15022                        ASAAAAAAAA AVGAVEAADD DDEETVIFAG GGGGGGGGGS HHHFIIIIIA TKKKRLLYLM RKPPPPCQKK RRRRRRRNSS SSTTTVTTTV AAVVVKF
GNM14995                        AAAIASGGAA AVGAVEAADD DDEETVIFAG GGGGGGGGGS HHHFIIIIIA NKRKRLLYLM KKPPPPCQKK RRRRRRRNSS SSTTTVTTTV ATVVVRF
GNM15017                        -AAI-SG--- AVGAVEAADD -D--TV-FAG -GGGGGGGG- -HHFIIIII- -KRKRL--LM KK-PPP-QKK RR-RRRRNS- ---TTV-TTV ATV-VR-
GNM14999                        ASAAAAAAAA AVGAVDAAN- D-EEAVIFAG G-GGGG--GS H-HF--I-IA NKKKRLLYLM --P-PPCQK- -RR-HRRNSS SSTWTVT-TT AA-VVKF
GNM15024                        AAAAAAGASA AVGAVEQADD DDEETVIFAG GGGGGGGGGS HHHFIIIIIV NKKKRLLYFM KKPPPPIQKK RRRRRRRNSS SSTTTVTTTV ASVVVRF
GNM14980                        AAAAAAGASA AVGAVEQADD DDEETVIFAG GGGGGGGGGS HHHFIIIIIV NKKKRLLYFM KKPPPPIQKK RRRRRRRNSS SSTTTVTTTV ASVVVRF
GNM15000                        AAAAAAGASA AVGAVEQADD DDEETVIFAG GGGGGGGGGS HHHFIIIIIV NKKKRLLYFM KKPPPPIQKK RRRRRRRNSS SSTTTVTTTV ASVVVRF
GNM15026                        AAAAAAGASS TVGAVETADD DDEETVIFAG GGGGGGGGDS HHHFIIIIIV NKKKRLLYLM KKPPPPHQKK RRRRRRRGSS SSTTNVTTTV AAVVVKF
GNM15019                        AAATAAGASA AVGAVEAADD DDEETVIFAG GGGGGGGGGS HHHFIIIIIV TKRKRLLYFM KKPPPPIQKK RRRRRRRNSS SSTTTVTTTV AAVVVRF
GNM15028                        TSPLQTKASA TANAVERAGD QEEEEQLIAG GMGGGGGGGA IHHMIIIIIL KKKVRLMLVV KKAPPPQQKR SRRRRKRKSV SHTGRHTTCN TSVTVRN
GNM11003                        AAPAAAAAAA SASAAGKADD DEEKDPKFAG GGGGGGGGGP VHHIIIIIII KKLLKLIEIM RPPPPPMQIR RRRRRRRNPA SSTSMTMTIS AEVVVKY
GNM11023                        AAAAAAAAAA AAAAAQRADD DEEKEPRFAG GGGGGGGGGP VHHIIIIIIV KRMIKLLEIM RPPPPPMQIR RRRRRRRSPV TSTTATTTTH AKVVVKY
GNM11055                        TAAAAAGAAA AAAAAARADD DEEEEPRLAG GGGGGGGGKG IHHIIIIIII KKKQTLIDVM PPPPPPMQKK RRRRRRRLHV SNTGDTITTN AIVVVKY
GNM11146                        AAAAAAASAA AAAAAQKADD DEEKAPRMGG GGGGGGGGGP VHHIIIIIVV KRMMKLLDVM PPPPPPQVIR RRRRRRRYLV SSTTNVTTIY AIVVVKY
GNM11220                        AA-AA-AAAA -A--AAAA-- D-EEAPL-AG G--GGG--KG F-HI----II KKKQK-LLLM --P-PPM--- -RR----SSC TTS-TTT--V -I-VVKY
GNM11222                        AAPAAAGAAA AASAAQRADD DEEEDPFLAG GGGGGGGGFP FHHIIIIIIV KKKQKLLLVM RPPPPPMQRR RRRRRRRGHC SSSSTTTTTH AIVVVKY
GNM11223                        AVAAAAAAAA AAAAASYADE DEEEDPRFAG GGGGGGGGGP FHHIIIIIII KKKRKLLLIM RKPPPRMQKR RRRRRRRAPA SSSGTTTTTS AVVVVKY
GNM11224                        AVAAAAAAAA AAAAVSYADE DEEEDPRFAG GGGGGGGGGP FHHIIIIIII KKKRKLLLIM RKPPPRMQKR RRRRRRRAAA SSSGTTTTTS AIVVVKY
GNM11225                        AAAAAAAAAA AAAAVSYADE DEEEDPRFAG GGGGGGGGKS FHHIIIILII KKKRRLLLIM RKPPPPMQMR RRRRRRRAAA SSSGTTTTTS AIVVVKY
GNM11358                        AAAAAAAASA AAAAADSSDD DDEETVIFAG GGGGGGGGGS HHHIIIIVII TKKKRLIYLM KPPPPPRQRR RRRRRRRVPS SSSTNITTTV AAVVVRY
GNM11360                        AAAAAAGGSA AVGAVEAADD DDEETVIFAG GGGGGGGGGS HHHFIIIIIV NKHKRLLYFM KKPPPPVQKK RRRRRRRNSS SSTTTVTTTV AVVVVRF
GNM11362                        AAAAAAGAAA TAAAVEASDD DEEESVIFAG GGGGGGGGGS HHHIIIIIII TRKKRLLYLM KPPPPPRQKR RRRRRRRMPS SSSSTITTTV AIVVVKY
GNM11367                        AAAAAAGASA ATGAVEVADD DDEETVIFAG GGGGGGGGGS HHHFIIIIIV NKKKRLLYLM KKPPPPHQKK KRRRRRRNSS SSTTTVTTTV ASVVVRF
GNM11377                        AAAAAAASSA AAAAAEASDD DDEEGVFFAG GGGGGGGGGS HHHIIIIIII TKKKRLLYLM KPPPPPRQRR RRRRRRRVPS SSSTNITTTV AVVVVRY
GNM11380                        ATAAAAGAAA AVGAVEASDD DDEEDVIFAG GGGGGGGGGS HHHFIIIIIV NKHKRLVYLM KKPPPPRQKK RRRRRRRASS SSSTTVTTTV AAVVVRY
GNM11383                        ASAAAAAAAA AVGAVEASDD DDEEAVIFAG GGGGGGGGGS HHHFIIIIIV TKKKRLLYFM KKPPPPVQKK RRRRRRRNSS SSTTTVTTTV AAVVVRF
GNM11491                        AAAAAAGASA AIGAVEKADD DDEEAVIFAG GGGGGGGGGS HHHFIIIIIV NKRKRLLYFM KKPPPPVQRK RRRRRRRNSS SSTTTVTTTV ASVVVRF
GNM11804                        TAAAAAGSAA AAAAAERADD DEEEEPRLAG GGGGGGGGKG IHHIIIIIII KKKQTLIDVM PPPPPPMQKK RRRRRRRLHV SNTGVTTTTN AMVVVKY
GNM11805                        ASSLNADSAA TTAAIEIADE DEEEEPKFAG GLGEGGGGRS VHIIIIITII KKRKRLQELM KKPPPPMQKK RRRRKRRDSS TSTGTITTTS SKVVVRY
GNM12883                        AAAAAASSSA AAAAADASDD DDEETVFFAG GGGGGGGGGS HHHIIIIIII TKKKRLLYLM KPPPPPRQRR RRRRRRRVPS SSSTNITTTV AVVVVRY
GNM12886                        AAAAAAASSA AAAAADASDD DDEEAVFFAG GGGGGGGGGS HHHIIIIIII TKKKRLLYLM KPPPPPRQRR RRRRRRRVPS SSSTNITTTV AVVVVRY
GNM12892                        AAAAAAAASA AAAAADASDD DDEETVFFAG GGGGGGGGGS HHHIIIIVIV TKKKRLVYLM KPPPPPRQRR RRRRRRRVPS SSSTNITTTV AAVVVRY
GNM12895                        AAAAAASGGA AAAAVDASDD DDEEGVIFAG GGGGGGGGGS HHHIIIIIII TKKKRLLYLM KPPPPPRQKR RRRRRRRVAS SSSTTITTTI ATVVVRY
GNM13060                        AAAAAAAAAA AAAAAAAADD DEEEEEFFGG GGGGGGGGGG HHHIIIIIII KKKKKLLLLM PPPPPPQQKR RRRRRRRSSS SSSSTTTTTT VVVVVYY
GNM13061                        AAAAAAAAAA AAAAAAAADD DEEEEEFFGG GGGGGGGGGG HHHIIIIIII KKKKKLLLLM PPPPPPMQKR RRRRRRRSSS SSSSNTTTTT VVVVVYY
GNM13064                        AAAAAVHSAA AAGAAEAADD DEEQSVIFAG GGGGGGGGGA HHHIIVIIII KKRKRILFLM KAPPPPRQRR KRRRRRRQGS STSTETTTTV AIVVVRY
GNM13066                        AAAAAVHSAA AAGAAEAADD DEEQSVIFAG GGGGGGGGGA HHHIIVIIII KKRKRILFLM KAPPPPRQRR KRRRRRRQGS STSTETTTTV AIVVVRY
GNM11032                        AAAVSAGAAA AMSTVEYADD GEEEQPIVAG GGGGGGGGKA FHHIIIILII ERKRKIILVT RKSPPPMQMR RRRRRRRNSA SSTSTTTTVV AAVVVRY
GNM11034                        AAAAGAASAA TMSTVEYVDD GEEEAPRVAG GGGGGGGGKA FHHIIIIIII TKKRKIIMVM KKPPPPMQLR RRRRRRRSSA SSTSNTVTVV AIVVVRY
GNM11363                        AAAAAAGAAA TAAAVEASDD DEEESVIFAG GGGGGGGGGS HHHIIIIIII TRKKRLLYLM KPPPPPRQKR RRRRRRRMPS SSSSTITTTV AIVVVKY
GNM11375                        AAAAAAGASA AVGAVEAADD DDEETVIFAG GGGGGGGGGS HHHFIIIIIV NKRKRLLYFM KKPPPPIQKK RRRRRRRNSS SSTTTVTTTV ASVVVRF
GNM11381                        ASAAAAGAAA AVGAVEASDD DDEEAVIFAG GGGGGGGGGS HHHFIIIIIV TKKKRLLYFM KKPPPPVQKK RRRRRRRNSS SSTTTVTTTV AAVVVRF
GNM11382                        ASAAAAAGAA AVGAVEASDD DDEEIVIFAG GGGGGGGGGS HHHFIIIIII SKKKRLLYFM KKPPPPRQRK RRRRRRRNSS SSTTTVTTTV AAVVVRF
GNM11799                        ASASAAAAAA AVGAVSAADD DDEESVIFAG GGGGGGGGGS HHHFIIIIIV TKQKRLLYLM KKPPPPQQKK RRRRRRRNSS SSTTTVTTTT AACVVKF
GNM11841                        AAAAQTGAAA AAAAVEVMDD NEEEDPKLGG GGGGGGKNLA VHDVIIITVL KRLQTLQDVM APPPPPTQES RRRGRRREQS SSTGESTTTN AKVVVRY
GNM11931                        AAAVQAKAAA AAAALEQMDD NEEEDPKLGG GGGGGGKNLA VHHIIIIIVL KQLQRLQDVM PPPPPPSQES RRRGRRREQS SSTGESTTTN AEVVVRY
GNM12040                        AAAIQTGAVA AAAAVESMDD NEEEAPKLGG GGGGGGKNGA VHHIIIIIVI KAKQKLLDLM APPPPPAQES RRRRRRRENS SSTGDSTTTN ADVVVRY
GNM12071                        AAAVQTGAAA AAAAVEVMDD NEEEDPKVGG GGGGGGKNLA VHHLIIIIVI KAKQKLEDVM APPPTPTQEK RRRRKRRENS SSTGESTTTN SRVVVRY
GNM12125                        AAAAAAAAAA AAAAAQRADD DEEKDPRFAG GGGGGGGGGP VHHIIIILIV KRMLKLLELM RPPPPPMQIR RRRRRRRSPT SSTTMTTTTH AQVVVKY
GNM12126                        AAAAAAASSA AASAAQRADD DEEKEPRFAG GGGGGGGGGP VHHIIIILIA KRMIKLIEIM RPPPPPMQIR RRHRRRRAPV TSTTTTTTIY AQVVVKY
GNM12128                        AAASAAAAAA AAAAVQRVDD DEEKEPRFAG GGGGGGGGGP VHHVIIIIIV RKMMKLLEIM RPPPPPMQIR RRRRRRRYPG SSSTTITTTH AEVVVKY
GNM12182                        AAPAAAAASA SASAASKADD DEEKDPKFAG GGGGGGGGGP MHHLIIIIII KKLLKLIEIM RPPPPPMQIR RRRRRRRNPA SSTTMTVTIA ADVVVKY
GNM12342                        AAALNANAAA AAAALEKADD QEEEEPRLAG GGGGGGKRGG VHHIIIIVII RRKQKLIDIM PKPPPPRQRF RRRKTRRFQV SSTGENTTTS AVVTVKY
GNM12346                        AAAIQAGAAA SAAAVENMDD DEEEAPKLAG GGGGGGGGHS VHHIIIIIIL KKKQRLLNVM APPPPPMQRK RRRRRRRMQT SSTGQSTTTN AQVVVRY
GNM12351                        TAALAAGAAA AAAALDQMDD AEEEDPKVAG GGGGGGGGKS VHHLIIIVII KKRQRFLDVM PKPPPPMQRR RRRRRRRTQS SSTGESTTTN AIVVVKY
GNM12356                        AAAINAKAAA AAAAIDKGDD QEEEETKIAG GGGGGGKGKS IHHIIIIIII KKRQKLIDVM PKPPPPMQKN RRKRTRRFSI SSTGDNTTTS AMAVVKY
GNM12357                        AAAMNAQAAA AAAAIDKADD QEEEDTKIAG GGGGGGRKKS IHHIIIIIVI RKRQKLLDVM PKPPPPMQRN RRRRTRRFSV SSTGDNTTTQ SLAVVKY
GNM12366                        AAAMNAQAAA AAAAIEKADD QEEEDAKIAG GGGGGGRKKS IHHIIIIIVI RKRQKLVDVM PKPPPPMQKN RRRRTRRFSV SSTGDNTTTQ SLAVVKY
GNM12373                        AAASQAGACA AAAAIQNMDD AEEEDPKMAG GGGGGNGGRS VHHIIIIVII KKKQRLLNLM AKPPPPMQRR RRRRRRRIQS SSSSTSTTIG SAVVVRY
GNM12385                        AAAAQAGATA AAAAVQQMDD DEEEDPKMAG GGGGGRGGKS VHHIIIIVVV KKRQRLLNVM GKPPPPMQRR RRRRRRRIQS SSSSTSTTIG ANVVVKY
GNM12551                        AAAAAAAAAA AAAAAERADD DEEEEPRLAG GGGGGGGGGS VHHIIIIIVF DKMKKLLEVM RPPPPPMQKK RRRRRRRRPW SSTGTTTTTH AEVVVKY
GNM12554                        AAAAQAGATA AAAAVANMDD DEEEEPKMAG GGGGGQGGKS VHHIIIIVVV KKRQRLLNVM PKPPPPMQRR RRRRRRRAQS SSSSVSTTCG AIVVVKY
GNM12592                        TAAAAAGAAA AAAAVEQMDD AEEEAPKLAG GGGGGGGGKS VHHIIIIIVI KKKQRLLDVM PKPPPPMQRK RRRRKRRMQI SSTGVSTTTN AQVVVKY
GNM12596                        TAALAAGAAA AAAALDQMDD AEEEDPKIAG GGGGGGGGKS VHHIIIIVII KKKQRFIDIM PKPPPPMQRR RRRRRRRGQS SSTGNSTTTN AQVVVRY
GNM12602                        TAALAAGAAA AAAALDQMDD AEEEDPKIAG GGGGGGGGKS VHHIIIIVII KKRQRFIDIM PKPPPPMQRR RRRRRRRGQS SSTGHSTTTN AQVVVRY
GNM12665                        TAALAAGAAA AAAALDQMDD AEEEDPKIAG GGGGGGGGKS VHHIIIIVII KKRQRFIDIM PKPPPPMQRR RRRRRRRGQS SSTGNSTTTN AQVVVRY
GNM12745                        AAAISTGATA AAAAVDRADD DEEEESQIAG GGGGGGGGGS VHHIIIIIII RKKERLIQLM RPPPPPKQKK KRRRGRRNPW SSTGATTTTN ADVVVKF
GNM12749                        AAAAQAGATA AAAAVQNMDD DEEEEPKMAG GGGGGRGGKS VHHIIIIVVI KKRQRLLNLM PKPPPPMQRR LRRRRRRGQS SSTSVSTTIG AAVVVKY
GNM12758                        AAAAAAGATA AAAAADRADD DEEEEPQMAG GGGGGGGGGS VHHIIIIIII RKKERLIQLM RPPPPPKQRK KRRRGRRTPW SSTGVTTTTN ADVVVKF
GNM12763                        AAAAASGATA AAAAAERADD DEEEEPQLAG GGGGGGGGGG VHHIIIIIII RKKERLIQVM RPPPPPRQKR RRRKTRRTPW STTGVTTTTN ADVVVKF
GNM12766                        AAALNAAAAA AAAAIEKADD QEEEEPRIAG GGGGGGKSKA IHHIIIIIVI KRKQRLIDVM PKPPPPMQRR RRRRTRRFSI SSTGETTTTH AIVVVKY
GNM12841                        AAAVQTGAVA AAAAVEVMDD NEEEDPKLGG GGGGGGKNQA VHHIIIIIVI KAKQQLMDVM GPPPPPTQEA RRRGRRREQS SSTGDNTTTN ADVVVRY
GNM12849                        AAAAAAGGSA AVGAVEAADD DDEETVIFAG GGGGGGGGGS HHHFIIIIII NKHKRLLYFM KKPPPPVQKK RRRRRRRNSS SSTTTVTTTV AVVVVRF
GNM12869                        AAAAAAGGSA AVGAVEQADD DDEETVIFAG GGGGGGGGGS HHHFIIIIIV NKKKRLLYFM KKPPPPIQKK RRRRRRRNSS SSTTTVTTTV ASVVVRF
GNM12896                        ATAAAAGAAA AVGAVEASDD DDEEDVIFAG GGGGGGGGGS HHHFIIIIIV NKHKRLVYLM KKPPPPRQKK RRRRRRRASS SSSTTVTTTV AAVVVRY
GNM12897                        ATAAAAGAAA AVGAVEASDD DDEEDVIFAG GGGGGGGGGS HHHFIIIIIV NKHKRLVYLM KKPPPPRQKK RRRRRRRASS SSSTTVTTTV AAVVVRY
GNM12902                        AASLNADAAA ASAAVEMADE DEEEEPKFAG GLGEGGGGKA VHIIIIIIII KRRRKLPDLM KKPPPPMQKR RRRRKRRDSS SSTGTITTTS SKVVVRY
GNM12903                        AAAAAAAAAA AASAAQKADD DEEKAPRLGG GGGGGGSGGP VHHIIIIIIV RRLQKLLDVM PPPPPPQSVR RRKKRRRYMV SSTINVTTIY ALVVVKW
GNM12906                        AAAAAAAAAA AASAAQKADD DEEKAPRLGG GGGGGGSGGP VHHIIIIIIV RRMQKLLDVM PPPPPPQSVR RRKKRRRYMV SSTINVTTIY ALVVVKW
GNM12907                        AAAAAAAAAA AASAAQKADD DEEKAPRLGG GGGGGGSGGP VHHIIIIIIV RRLQKLLDVM PPPPPPMSVR RRKKRRRYMV SSTTNVTTIY ALVVVKW
GNM12909                        AAAAAAAAAA AASAAQKADD DEEKAPRLGG GGGGGGSGGP VHHIIIIIIV RRLQKLLDVM PPPPPPMSIR RRKKRRRYMV SSTTNVTTIY ALVVVKW
GNM12915                        AAAAAAGASA AAAAAERADD DEEEEPRLAG GGGGGGGGKP VHHIVIIIII KKLLKLIDVM PKPPPPMQKR RRRRRRRRSW SSTGVTTTTS AEVVVRY
GNM10046                        AAAAAAGASA AAAAAERADD DEEEEPRLAG GGGGGGGGKP VHHIVIIIII KKLLKLIDVM PKPPPPMQKR RRRRRRRRSW SSTGVTTTTS AEVVVRY
GNM12918                        AAAAAAGASA AAAAAERADD DEEEEPRLAG GGGGGGGGKP VHHIVIIIII KKLLKLIDVM PKPPPPMQKR RRRRRRRRSW SSTGVTTTTS AEVVVRY
GNM12931                        AAAAAAAASA AAAAAARADD DEEKDPRFAG GGGGGGGGGP VHHIIIIIIV KKMIKLLELM RPPPPPMQIR RRRRRRRSPW SSTTTTTTTH AEVVVKY
GNM12938                        AAPAAAAASA AAAAANKADD DEEKDQKFAG GGGGGGGGGP VHHIIIILII KKFLKLIEIM RPPPPPMQIR RRRRRRRNSA SSTTSTITIY ADVVVKY
GNM12996                        AAPAAAAASA AAAAASKADD DEEKEPRFAG GGGGGGGGGS VHHIIIIIII KKLLKLLELM RPPPPPMQIR RRRRRRRNSA SSTTMTITIY ADVVVKY
GNM13018                        AAPAAAAASA AAAAASKADD DEEKEPRFAG GGGGGGGGGS VHHIIIIIII KKLLKLLELM RPPPPPMQIR RRRRRRRNSA SSTTMTITIY ADVVVKY
GNM13027                        AAPAAAAASA AAAAATKADD DEEKDQRFAG GGGGGGGGGP VHHIIIIIII KKFLKLIEIM RPPPPPMQIR RRRRRRRNSA SSTSSTITIY AEVVVKY
GNM13046                        ASAAAAGAAA AVGAVEAADD DDEETVLFAG GGGGGGGGGS HHHFIIIIIV NKKKRLLYLM KKPPPPVQRK RRRRRRRNSS SSTTTVTTTV AIVVVRF
GNM13053                        AAAAAAAASA AAAAVDASDD DEEESVMFAG GGGGGGGGGS HHHIIIIIII KKKKRILFLM KAPPPPRQKR RRRRRRRSPS SSTTSTTTTT AGVVVKY
GNM13074                        AAAAAAGASA AAAAAERADD DEEEEPRLAG GGGGGGGGKP VHHIVIIIII KKLIKLLDVM PKPPPPMQKR RRRRRRRKSW SSTGVTTTTS AEVVVKY
GNM10010                        AAAAAAGASA AAAAAERADD DEEEEPRLAG GGGGGGGGKP VHHFVIIIIV KKMIKLIDVM PKPPPPMQRR RRRRRRRRSW SSTGVSTTTS AEVVVKY
GNM10014                        AAAAAAGASA AAAAAERADD DEEEEPRLAG GGGGGGGGKP VHHIVIIIII KKMIKLLDVM PKPPPPMQRR RRRRRRRRSW SSTGTSTTTS SEVVVKY
GNM13090                        AAAAAAGASA AAAAAERADD DEEEEPRLAG GGGGGGGGKP VHHFVIIIIV KKMIKLLDVM PKPPPPMQRR RRRRRRRKSW SSTGVTTTTS AEVVVKY
GNM13118                        AAPAAAVAAA AAAAAKRADD DEEKDPFLAG GDGGGGGGGP VTHIIVILVI KKLQKLLDVM KPPPPPMGMR RKRRRRRAPA SSSSRTTTIY VIVAIKW
GNM13126                        AAALNADAAA ASAAVEMADE DEEQEPMLAG GVGEGGGGKA VHIIIIIIII KKKKKLPDLM KKPPPPMQKK RRRRKRRDSV SSTGTITTTN SAVVVKY
GNM13128                        AAALNADAAA ASAAVEMADE DEEQEPMLAG GVGEGGGGKA VHIIIIIIII KHKKKLPDLM KKPPPPMQKK RRRRKRRDSV SSTGTITTTN STVVVKY
GNM13208                        AAAAAAAAAA AAAAAQRADD DEEKAPRLGG GGGGGGHGGP VHHIIIIIIV KRMQKLLDVM PPPPPPQSIR RRKKRRRYMV SSTTNVTTIY ALVVVKW
GNM13210                        AAAAAAAASA AAAAAYKADD DEEKDPRFAG GGGGGGGGGP VHHVIIIIIV KKMIKLLEIM RPPPPPMQIR RRRRRRRSSF SSSTTTTTTH AEVVVKY
GNM12773                        AAAAAAAAAA AAFAAGAADE DEEEDPRFAG GEGGGGGGGS FHHIIIIVII KKQRRFIMIM RPPPPPMQRR RRRRRRRSPT SSSGTTTTTS AIVVVKY
GNM12769                        ASAAAAAASA GASAAQAADD AEEQDPIFAG GGGGGGGGGS HHHIIIIIII KRKRKLLLIM RPPPPPRQRR RRRRRRRIAS TSTGSTTTTH AQVVVRY
GNM12768                        AAPAAAGAAA AASAAQSADE DEEEDPRLAG GGGGGGGGGS FHHIIIIIII KKQQKLLYVM RPPPPPMQRR RRRRRRRFLY SSSGNSTTTH ATVVVKY



    1    1    1    1    1    1    1    1    1    1    1    1    1    1    1
    1    1    1    1    1    1    1    1    1    1    1    1    1    1    1
    3    1    1    1    2    1    1    1    1    1    1    1    1    1    1
    1    1    1    1    1    1    1    1    1    1    1    1    1    1    1
    1    1    1    2    1    1    1    1    1    1    1    1    1    1    1
    1    1    1    1    1    1    1    1    1    1    1    1    1    1    1
    1    1    1    1    1    1    1

AAML (in paml version 4.9h, March 2018)  tmp0011.txt
Model: Empirical,  (../wag.dat) dGamma (ncatG=4) ns = 155  ls = 101


Frequencies..
                                    A      R      N      D      C      Q      E      G      H      I      L      K      M      F      P      S      T      W      Y      V
GNM13746                       0.17822 0.08911 0.00000 0.02970 0.00000 0.01980 0.04950 0.14851 0.02970 0.06931 0.03960 0.04950 0.00990 0.01980 0.06931 0.06931 0.05941 0.00000 0.01980 0.04950
GNM13538                       0.16832 0.09901 0.00990 0.02970 0.00990 0.01980 0.03960 0.12871 0.02970 0.08911 0.02970 0.06931 0.00990 0.01980 0.06931 0.05941 0.06931 0.00000 0.00990 0.03960
GNM13671                       0.15842 0.11881 0.00990 0.02970 0.00000 0.00990 0.03960 0.12871 0.01980 0.08911 0.01980 0.04950 0.02970 0.00990 0.06931 0.04950 0.06931 0.00000 0.01980 0.07921
GNM13876                       0.16832 0.10891 0.00000 0.02970 0.00000 0.00990 0.03960 0.12871 0.01980 0.07921 0.03960 0.03960 0.03960 0.01980 0.06931 0.04950 0.07921 0.00000 0.00990 0.06931
GNM13680                       0.16832 0.11881 0.00990 0.03960 0.00000 0.00990 0.02970 0.12871 0.02970 0.07921 0.02970 0.03960 0.00990 0.01980 0.06931 0.07921 0.04950 0.00000 0.01980 0.06931
GNM14837                       0.12871 0.09901 0.01980 0.04950 0.00000 0.00990 0.01980 0.15842 0.02970 0.05941 0.01980 0.05941 0.00990 0.03960 0.04950 0.05941 0.06931 0.00000 0.00990 0.10891
GNM14249                       0.13861 0.08911 0.01980 0.03960 0.00000 0.00990 0.02970 0.15842 0.02970 0.06931 0.01980 0.06931 0.00990 0.03960 0.04950 0.05941 0.06931 0.00000 0.00990 0.08911
GNM13928                       0.12871 0.08911 0.01980 0.03960 0.00000 0.00990 0.02970 0.15842 0.02970 0.07921 0.01980 0.06931 0.00990 0.03960 0.04950 0.06931 0.06931 0.00000 0.00990 0.07921
GNM13297                       0.16832 0.09901 0.00990 0.02970 0.00990 0.01980 0.03960 0.12871 0.02970 0.08911 0.02970 0.06931 0.00990 0.01980 0.06931 0.05941 0.06931 0.00000 0.00990 0.03960
GNM14865                       0.14851 0.07921 0.03960 0.03960 0.00000 0.03960 0.04950 0.13861 0.01980 0.07921 0.02970 0.04950 0.01980 0.00000 0.06931 0.06931 0.04950 0.00000 0.00990 0.06931
GNM13455                       0.12871 0.08911 0.01980 0.03960 0.00000 0.00990 0.02970 0.15842 0.03960 0.05941 0.01980 0.05941 0.00990 0.03960 0.04950 0.05941 0.06931 0.00000 0.00990 0.10891
GNM14938                       0.12871 0.09901 0.00990 0.01980 0.00000 0.00990 0.03960 0.13861 0.02970 0.09901 0.00990 0.06931 0.03960 0.00990 0.05941 0.06931 0.06931 0.00000 0.00990 0.08911
GNM14483                       0.15842 0.11881 0.00990 0.03960 0.00000 0.00990 0.02970 0.13861 0.02970 0.07921 0.00990 0.05941 0.00990 0.02970 0.05941 0.07921 0.06931 0.00000 0.00990 0.05941
GNM14872                       0.15842 0.11881 0.00990 0.03960 0.00000 0.00990 0.02970 0.13861 0.02970 0.07921 0.02970 0.03960 0.00990 0.01980 0.06931 0.07921 0.04950 0.00000 0.01980 0.06931
GNM13855                       0.16832 0.11881 0.00990 0.04950 0.00000 0.00990 0.01980 0.12871 0.02970 0.08911 0.01980 0.03960 0.00990 0.00990 0.06931 0.07921 0.05941 0.00000 0.01980 0.06931
GNM14445                       0.18812 0.08911 0.00000 0.03960 0.00000 0.00990 0.02970 0.12871 0.02970 0.06931 0.01980 0.07921 0.00990 0.02970 0.04950 0.06931 0.08911 0.00000 0.00990 0.05941
GNM14404                       0.13861 0.10891 0.00000 0.03960 0.00000 0.00000 0.01980 0.15842 0.03960 0.08911 0.03960 0.06931 0.03960 0.01980 0.06931 0.03960 0.05941 0.00000 0.00990 0.05941
GNM14545                       0.13861 0.10891 0.00000 0.03960 0.00000 0.00000 0.01980 0.15842 0.03960 0.08911 0.03960 0.06931 0.03960 0.01980 0.06931 0.03960 0.05941 0.00000 0.00990 0.05941
GNM14366                       0.14851 0.09901 0.00990 0.03960 0.00000 0.00990 0.02970 0.14851 0.02970 0.05941 0.01980 0.05941 0.00990 0.03960 0.04950 0.06931 0.06931 0.00000 0.00990 0.09901
GNM14252                       0.12871 0.08911 0.01980 0.03960 0.00000 0.00990 0.02970 0.15842 0.02970 0.06931 0.01980 0.06931 0.00990 0.03960 0.04950 0.06931 0.06931 0.00000 0.00990 0.08911
GNM13760                       0.13861 0.09901 0.01980 0.03960 0.00000 0.00990 0.02970 0.14851 0.02970 0.06931 0.01980 0.05941 0.00990 0.03960 0.04950 0.06931 0.06931 0.00000 0.00990 0.08911
GNM13982                       0.12871 0.07921 0.01980 0.03960 0.00000 0.00990 0.02970 0.14851 0.03960 0.05941 0.02970 0.07921 0.00990 0.02970 0.04950 0.06931 0.07921 0.00000 0.00990 0.08911
GNM13960                       0.16832 0.08911 0.00990 0.03960 0.00990 0.00990 0.02970 0.13861 0.02970 0.05941 0.02970 0.06931 0.00990 0.02970 0.04950 0.05941 0.07921 0.00000 0.00990 0.07921
GNM14633                       0.12871 0.07921 0.01980 0.03960 0.00000 0.00990 0.02970 0.14851 0.03960 0.05941 0.02970 0.07921 0.00990 0.02970 0.04950 0.06931 0.07921 0.00000 0.00990 0.08911
GNM14853                       0.12871 0.07921 0.01980 0.03960 0.00000 0.00990 0.02970 0.14851 0.03960 0.05941 0.02970 0.07921 0.00990 0.02970 0.04950 0.06931 0.07921 0.00000 0.00990 0.08911
GNM14174                       0.18182 0.14773 0.00000 0.03409 0.00000 0.01136 0.05682 0.11364 0.02273 0.06818 0.00000 0.03409 0.04545 0.04545 0.09091 0.03409 0.05682 0.00000 0.01136 0.04545
GNM14055                       0.14851 0.08911 0.00990 0.04950 0.00000 0.00990 0.01980 0.14851 0.02970 0.05941 0.02970 0.07921 0.00990 0.02970 0.04950 0.05941 0.06931 0.00000 0.00990 0.09901
GNM14748                       0.12871 0.09901 0.02970 0.03960 0.00000 0.00990 0.02970 0.15842 0.02970 0.05941 0.01980 0.05941 0.00990 0.03960 0.04950 0.05941 0.07921 0.00000 0.00990 0.08911
GNM14246                       0.18812 0.12871 0.01980 0.02970 0.00000 0.00990 0.03960 0.12871 0.02970 0.09901 0.00990 0.04950 0.02970 0.01980 0.04950 0.04950 0.07921 0.00000 0.00990 0.02970
GNM14640                       0.20792 0.12871 0.00000 0.03960 0.00990 0.00990 0.03960 0.11881 0.03960 0.08911 0.01980 0.04950 0.01980 0.00990 0.04950 0.06931 0.04950 0.00000 0.00990 0.03960
GNM14965                       0.17822 0.11881 0.00990 0.04950 0.00000 0.00990 0.01980 0.12871 0.02970 0.05941 0.01980 0.03960 0.00990 0.01980 0.06931 0.06931 0.05941 0.00000 0.01980 0.08911
GNM13677                       0.16832 0.10891 0.00000 0.02970 0.00000 0.00990 0.03960 0.12871 0.01980 0.07921 0.02970 0.03960 0.03960 0.00990 0.06931 0.04950 0.07921 0.00000 0.01980 0.07921
GNM14339                       0.13861 0.10891 0.01980 0.01980 0.00000 0.01980 0.04950 0.12871 0.01980 0.07921 0.02970 0.04950 0.02970 0.00990 0.05941 0.06931 0.05941 0.00000 0.01980 0.08911
GNM14593                       0.15842 0.11881 0.00990 0.02970 0.00000 0.00990 0.03960 0.12871 0.01980 0.08911 0.01980 0.04950 0.02970 0.00990 0.06931 0.03960 0.07921 0.00000 0.01980 0.07921
GNM13825                       0.11881 0.09901 0.00990 0.01980 0.00000 0.00990 0.03960 0.13861 0.01980 0.09901 0.00000 0.06931 0.04950 0.00990 0.05941 0.07921 0.06931 0.00000 0.01980 0.08911
GNM14768                       0.15842 0.10891 0.00000 0.02970 0.00000 0.01980 0.04950 0.12871 0.01980 0.08911 0.01980 0.05941 0.02970 0.00990 0.06931 0.03960 0.06931 0.00000 0.01980 0.07921
GNM14776                       0.15842 0.10891 0.00000 0.02970 0.00000 0.01980 0.04950 0.12871 0.01980 0.08911 0.01980 0.05941 0.02970 0.00990 0.06931 0.03960 0.06931 0.00000 0.01980 0.07921
GNM14715                       0.17822 0.11881 0.00000 0.02970 0.00000 0.00990 0.03960 0.13861 0.02970 0.07921 0.00990 0.05941 0.00990 0.02970 0.05941 0.06931 0.07921 0.00000 0.00990 0.04950
GNM14639                       0.15842 0.10891 0.00990 0.02970 0.00990 0.00000 0.04950 0.11881 0.01980 0.09901 0.03960 0.06931 0.00990 0.01980 0.06931 0.06931 0.05941 0.00000 0.00990 0.04950
GNM13795                       0.12871 0.09901 0.02970 0.03960 0.00000 0.00990 0.02970 0.15842 0.02970 0.05941 0.01980 0.05941 0.00990 0.03960 0.04950 0.05941 0.07921 0.00000 0.00990 0.08911
GNM14166                       0.14851 0.09901 0.00990 0.04950 0.00000 0.00990 0.02970 0.14851 0.03960 0.05941 0.01980 0.05941 0.00990 0.01980 0.04950 0.06931 0.05941 0.00000 0.01980 0.09901
GNM14450                       0.14851 0.10891 0.00000 0.04950 0.00000 0.00990 0.01980 0.15842 0.02970 0.09901 0.02970 0.04950 0.00990 0.00990 0.05941 0.06931 0.06931 0.00000 0.01980 0.05941
GNM13515                       0.12871 0.08911 0.01980 0.03960 0.00000 0.01980 0.01980 0.16832 0.03960 0.06931 0.03960 0.06931 0.00990 0.01980 0.04950 0.04950 0.06931 0.00000 0.00990 0.08911
GNM13745                       0.12871 0.10891 0.00990 0.02970 0.00000 0.02970 0.04950 0.12871 0.03960 0.08911 0.00990 0.05941 0.00990 0.01980 0.04950 0.06931 0.06931 0.00000 0.00990 0.08911
GNM14030                       0.17000 0.10000 0.00000 0.03000 0.00000 0.03000 0.04000 0.12000 0.04000 0.08000 0.02000 0.08000 0.01000 0.02000 0.05000 0.07000 0.05000 0.00000 0.01000 0.08000
GNM14959                       0.18812 0.08911 0.00990 0.03960 0.00000 0.01980 0.01980 0.12871 0.00990 0.08911 0.02970 0.05941 0.02970 0.00000 0.09901 0.02970 0.05941 0.00000 0.02970 0.06931
GNM13413                       0.15842 0.10891 0.00990 0.03960 0.00000 0.00990 0.03960 0.12871 0.02970 0.06931 0.01980 0.04950 0.03960 0.00990 0.08911 0.04950 0.06931 0.00990 0.00990 0.05941
GNM14990                       0.16832 0.08911 0.00990 0.03960 0.00990 0.00990 0.02970 0.13861 0.02970 0.05941 0.02970 0.06931 0.00990 0.02970 0.04950 0.05941 0.07921 0.00000 0.00990 0.07921
GNM15005                       0.16832 0.08911 0.00990 0.03960 0.00990 0.00990 0.02970 0.13861 0.02970 0.05941 0.02970 0.06931 0.00990 0.02970 0.04950 0.05941 0.07921 0.00000 0.00990 0.07921
GNM14992                       0.15842 0.07921 0.00990 0.03960 0.00000 0.01980 0.01980 0.14851 0.02970 0.05941 0.02970 0.07921 0.00990 0.02970 0.04950 0.05941 0.08911 0.00000 0.00990 0.07921
GNM14994                       0.13861 0.09901 0.00990 0.03960 0.00000 0.00990 0.02970 0.14851 0.02970 0.06931 0.01980 0.05941 0.00990 0.03960 0.04950 0.05941 0.08911 0.00000 0.00990 0.08911
GNM14976                       0.16832 0.08911 0.00990 0.03960 0.00990 0.00990 0.02970 0.13861 0.02970 0.06931 0.02970 0.06931 0.00990 0.02970 0.04950 0.05941 0.06931 0.00000 0.00990 0.07921
GNM15022                       0.16832 0.08911 0.00990 0.03960 0.00990 0.00990 0.02970 0.13861 0.02970 0.05941 0.02970 0.06931 0.00990 0.02970 0.04950 0.05941 0.07921 0.00000 0.00990 0.07921
GNM14995                       0.12871 0.09901 0.01980 0.03960 0.00990 0.00990 0.02970 0.15842 0.02970 0.06931 0.02970 0.05941 0.00990 0.02970 0.04950 0.05941 0.07921 0.00000 0.00990 0.07921
GNM15017                       0.10959 0.12329 0.01370 0.04110 0.00000 0.01370 0.01370 0.16438 0.02740 0.08219 0.02740 0.08219 0.01370 0.02740 0.05479 0.02740 0.08219 0.00000 0.00000 0.09589
GNM14999                       0.21687 0.06024 0.03614 0.02410 0.01205 0.01205 0.02410 0.13253 0.03614 0.03614 0.03614 0.06024 0.01205 0.03614 0.03614 0.07229 0.06024 0.01205 0.01205 0.07229
GNM15024                       0.12871 0.08911 0.01980 0.03960 0.00000 0.01980 0.02970 0.14851 0.02970 0.06931 0.01980 0.06931 0.00990 0.03960 0.04950 0.06931 0.06931 0.00000 0.00990 0.08911
GNM14980                       0.12871 0.08911 0.01980 0.03960 0.00000 0.01980 0.02970 0.14851 0.02970 0.06931 0.01980 0.06931 0.00990 0.03960 0.04950 0.06931 0.06931 0.00000 0.00990 0.08911
GNM15000                       0.12871 0.08911 0.01980 0.03960 0.00000 0.01980 0.02970 0.14851 0.02970 0.06931 0.01980 0.06931 0.00990 0.03960 0.04950 0.06931 0.06931 0.00000 0.00990 0.08911
GNM15026                       0.11881 0.07921 0.01980 0.04950 0.00000 0.00990 0.02970 0.14851 0.03960 0.05941 0.02970 0.07921 0.00990 0.02970 0.04950 0.06931 0.07921 0.00000 0.00990 0.08911
GNM15019                       0.13861 0.09901 0.00990 0.03960 0.00000 0.00990 0.02970 0.14851 0.02970 0.06931 0.01980 0.05941 0.00990 0.03960 0.04950 0.05941 0.08911 0.00000 0.00990 0.08911
GNM15028                       0.07921 0.09901 0.02970 0.00990 0.00990 0.04950 0.04950 0.13861 0.03960 0.06931 0.04950 0.08911 0.02970 0.00000 0.04950 0.05941 0.07921 0.00000 0.00000 0.06931
GNM11003                       0.15842 0.08911 0.00990 0.03960 0.00000 0.00990 0.03960 0.13861 0.01980 0.10891 0.02970 0.06931 0.03960 0.00990 0.09901 0.05941 0.02970 0.00000 0.00990 0.03960
GNM11023                       0.18812 0.11881 0.00000 0.02970 0.00000 0.01980 0.03960 0.12871 0.02970 0.08911 0.01980 0.04950 0.02970 0.00990 0.08911 0.01980 0.06931 0.00000 0.00990 0.05941
GNM11055                       0.16832 0.08911 0.01980 0.04950 0.00000 0.01980 0.03960 0.14851 0.02970 0.10891 0.02970 0.06931 0.01980 0.00000 0.07921 0.00990 0.05941 0.00000 0.00990 0.04950
GNM11146                       0.16832 0.09901 0.00990 0.03960 0.00000 0.01980 0.01980 0.13861 0.01980 0.07921 0.02970 0.04950 0.03960 0.00000 0.08911 0.02970 0.03960 0.00000 0.02970 0.09901
GNM11220                       0.23077 0.03077 0.00000 0.01538 0.01538 0.01538 0.03077 0.13846 0.01538 0.06154 0.06154 0.09231 0.03077 0.01538 0.06154 0.04615 0.07692 0.00000 0.01538 0.04615
GNM11222                       0.14851 0.10891 0.00000 0.03960 0.00990 0.02970 0.02970 0.13861 0.03960 0.06931 0.03960 0.04950 0.01980 0.02970 0.08911 0.04950 0.04950 0.00000 0.00990 0.04950
GNM11223                       0.18812 0.11881 0.00000 0.02970 0.00000 0.00990 0.03960 0.13861 0.01980 0.07921 0.02970 0.06931 0.01980 0.01980 0.06931 0.04950 0.04950 0.00000 0.01980 0.04950
GNM11224                       0.18812 0.11881 0.00000 0.02970 0.00000 0.00990 0.03960 0.13861 0.01980 0.08911 0.02970 0.06931 0.01980 0.01980 0.05941 0.04950 0.04950 0.00000 0.01980 0.04950
GNM11225                       0.19802 0.11881 0.00000 0.02970 0.00000 0.00990 0.03960 0.12871 0.01980 0.07921 0.03960 0.05941 0.02970 0.01980 0.05941 0.05941 0.04950 0.00000 0.01980 0.03960
GNM11358                       0.16832 0.11881 0.00990 0.04950 0.00000 0.00990 0.01980 0.12871 0.02970 0.08911 0.01980 0.03960 0.00990 0.00990 0.06931 0.07921 0.05941 0.00000 0.01980 0.06931
GNM11360                       0.12871 0.08911 0.01980 0.03960 0.00000 0.00990 0.02970 0.15842 0.03960 0.05941 0.01980 0.05941 0.00990 0.03960 0.04950 0.05941 0.06931 0.00000 0.00990 0.10891
GNM11362                       0.14851 0.10891 0.00000 0.02970 0.00000 0.00990 0.03960 0.13861 0.02970 0.09901 0.02970 0.04950 0.01980 0.00990 0.06931 0.07921 0.05941 0.00000 0.01980 0.05941
GNM11367                       0.12871 0.07921 0.01980 0.03960 0.00000 0.00990 0.02970 0.14851 0.03960 0.05941 0.02970 0.07921 0.00990 0.02970 0.04950 0.06931 0.07921 0.00000 0.00990 0.08911
GNM11377                       0.15842 0.11881 0.00990 0.03960 0.00000 0.00990 0.02970 0.13861 0.02970 0.07921 0.02970 0.03960 0.00990 0.01980 0.06931 0.07921 0.04950 0.00000 0.01980 0.06931
GNM11380                       0.14851 0.09901 0.00990 0.04950 0.00000 0.00990 0.02970 0.14851 0.03960 0.05941 0.01980 0.05941 0.00990 0.01980 0.04950 0.06931 0.05941 0.00000 0.01980 0.09901
GNM11383                       0.15842 0.08911 0.00990 0.03960 0.00000 0.00990 0.02970 0.13861 0.02970 0.05941 0.01980 0.06931 0.00990 0.03960 0.04950 0.06931 0.06931 0.00000 0.00990 0.09901
GNM11491                       0.13861 0.10891 0.01980 0.03960 0.00000 0.00990 0.02970 0.14851 0.02970 0.06931 0.01980 0.05941 0.00990 0.03960 0.04950 0.06931 0.05941 0.00000 0.00990 0.08911
GNM11804                       0.14851 0.08911 0.01980 0.03960 0.00000 0.01980 0.04950 0.14851 0.02970 0.08911 0.02970 0.06931 0.02970 0.00000 0.07921 0.01980 0.06931 0.00000 0.00990 0.05941
GNM11805                       0.07921 0.09901 0.00990 0.03960 0.00000 0.01980 0.07921 0.10891 0.00990 0.09901 0.03960 0.09901 0.01980 0.00990 0.05941 0.08911 0.08911 0.00000 0.00990 0.03960
GNM12883                       0.14851 0.11881 0.00990 0.04950 0.00000 0.00990 0.01980 0.12871 0.02970 0.07921 0.02970 0.03960 0.00990 0.01980 0.06931 0.08911 0.05941 0.00000 0.01980 0.06931
GNM12886                       0.16832 0.11881 0.00990 0.04950 0.00000 0.00990 0.01980 0.12871 0.02970 0.07921 0.02970 0.03960 0.00990 0.01980 0.06931 0.07921 0.04950 0.00000 0.01980 0.06931
GNM12892                       0.17822 0.11881 0.00990 0.04950 0.00000 0.00990 0.01980 0.12871 0.02970 0.05941 0.01980 0.03960 0.00990 0.01980 0.06931 0.06931 0.05941 0.00000 0.01980 0.08911
GNM12895                       0.14851 0.10891 0.00000 0.04950 0.00000 0.00990 0.01980 0.15842 0.02970 0.09901 0.02970 0.04950 0.00990 0.00990 0.05941 0.06931 0.06931 0.00000 0.01980 0.05941
GNM13060                       0.17822 0.07921 0.00000 0.02970 0.00000 0.01980 0.04950 0.14851 0.02970 0.06931 0.03960 0.05941 0.00990 0.01980 0.06931 0.06931 0.05941 0.00000 0.01980 0.04950
GNM13061                       0.17822 0.07921 0.00990 0.02970 0.00000 0.00990 0.04950 0.14851 0.02970 0.06931 0.03960 0.05941 0.01980 0.01980 0.06931 0.06931 0.04950 0.00000 0.01980 0.04950
GNM13064                       0.16832 0.11881 0.00000 0.02970 0.00000 0.02970 0.03960 0.14851 0.03960 0.08911 0.01980 0.04950 0.00990 0.01980 0.04950 0.04950 0.05941 0.00000 0.00990 0.06931
GNM13066                       0.16832 0.11881 0.00000 0.02970 0.00000 0.02970 0.03960 0.14851 0.03960 0.08911 0.01980 0.04950 0.00990 0.01980 0.04950 0.04950 0.05941 0.00000 0.00990 0.06931
GNM11032                       0.13861 0.11881 0.00990 0.01980 0.00000 0.01980 0.04950 0.13861 0.01980 0.08911 0.01980 0.03960 0.02970 0.00990 0.04950 0.06931 0.06931 0.00000 0.01980 0.08911
GNM11034                       0.12871 0.10891 0.00990 0.01980 0.00000 0.00990 0.03960 0.13861 0.01980 0.09901 0.00990 0.05941 0.03960 0.00990 0.05941 0.06931 0.05941 0.00000 0.01980 0.09901
GNM11363                       0.14851 0.10891 0.00000 0.02970 0.00000 0.00990 0.03960 0.13861 0.02970 0.09901 0.02970 0.04950 0.01980 0.00990 0.06931 0.07921 0.05941 0.00000 0.01980 0.05941
GNM11375                       0.13861 0.09901 0.01980 0.03960 0.00000 0.00990 0.02970 0.14851 0.02970 0.06931 0.01980 0.05941 0.00990 0.03960 0.04950 0.06931 0.06931 0.00000 0.00990 0.08911
GNM11381                       0.14851 0.08911 0.00990 0.03960 0.00000 0.00990 0.02970 0.14851 0.02970 0.05941 0.01980 0.06931 0.00990 0.03960 0.04950 0.06931 0.06931 0.00000 0.00990 0.09901
GNM11382                       0.13861 0.10891 0.00990 0.03960 0.00000 0.00990 0.02970 0.14851 0.02970 0.07921 0.01980 0.05941 0.00990 0.03960 0.04950 0.07921 0.05941 0.00000 0.00990 0.07921
GNM11799                       0.14851 0.07921 0.00990 0.03960 0.00990 0.02970 0.01980 0.13861 0.02970 0.05941 0.02970 0.06931 0.00990 0.02970 0.04950 0.08911 0.07921 0.00000 0.00990 0.06931
GNM11841                       0.13861 0.07921 0.02970 0.04950 0.00000 0.04950 0.06931 0.13861 0.00990 0.02970 0.04950 0.03960 0.01980 0.00000 0.06931 0.04950 0.07921 0.00000 0.00990 0.08911
GNM11931                       0.12871 0.07921 0.02970 0.03960 0.00000 0.06931 0.07921 0.12871 0.01980 0.04950 0.05941 0.03960 0.01980 0.00000 0.07921 0.05941 0.03960 0.00000 0.00990 0.06931
GNM12040                       0.14851 0.07921 0.03960 0.04950 0.00000 0.02970 0.05941 0.13861 0.01980 0.06931 0.03960 0.04950 0.01980 0.00000 0.06931 0.05941 0.04950 0.00000 0.00990 0.06931
GNM12071                       0.12871 0.07921 0.03960 0.03960 0.00000 0.02970 0.07921 0.12871 0.01980 0.04950 0.02970 0.06931 0.01980 0.00000 0.05941 0.04950 0.06931 0.00000 0.00990 0.09901
GNM12125                       0.17822 0.11881 0.00000 0.03960 0.00000 0.02970 0.02970 0.12871 0.02970 0.05941 0.04950 0.03960 0.03960 0.00990 0.08911 0.02970 0.06931 0.00000 0.00990 0.04950
GNM12126                       0.16832 0.10891 0.00000 0.02970 0.00000 0.02970 0.03960 0.12871 0.02970 0.09901 0.01980 0.03960 0.02970 0.00990 0.08911 0.03960 0.06931 0.00000 0.01980 0.04950
GNM12128                       0.14851 0.11881 0.00000 0.02970 0.00000 0.01980 0.04950 0.13861 0.02970 0.07921 0.01980 0.03960 0.03960 0.00990 0.08911 0.03960 0.04950 0.00000 0.01980 0.07921
GNM12182                       0.15842 0.08911 0.00990 0.04950 0.00000 0.00990 0.02970 0.12871 0.01980 0.09901 0.03960 0.06931 0.03960 0.00990 0.09901 0.05941 0.03960 0.00000 0.00990 0.03960
GNM12342                       0.13861 0.10891 0.02970 0.02970 0.00000 0.03960 0.05941 0.12871 0.01980 0.07921 0.03960 0.06931 0.00990 0.01980 0.06931 0.02970 0.05941 0.00000 0.00990 0.05941
GNM12346                       0.13861 0.09901 0.02970 0.02970 0.00000 0.05941 0.03960 0.13861 0.02970 0.06931 0.03960 0.04950 0.03960 0.00000 0.06931 0.04950 0.04950 0.00000 0.00990 0.05941
GNM12351                       0.13861 0.10891 0.00990 0.04950 0.00000 0.03960 0.03960 0.13861 0.01980 0.05941 0.03960 0.05941 0.02970 0.00990 0.06931 0.04950 0.05941 0.00000 0.00990 0.06931
GNM12356                       0.13861 0.05941 0.02970 0.04950 0.00000 0.02970 0.03960 0.12871 0.01980 0.12871 0.00990 0.11881 0.02970 0.00990 0.05941 0.04950 0.05941 0.00000 0.00990 0.02970
GNM12357                       0.13861 0.09901 0.02970 0.05941 0.00000 0.04950 0.02970 0.10891 0.01980 0.08911 0.02970 0.07921 0.02970 0.00990 0.05941 0.04950 0.05941 0.00000 0.00990 0.04950
GNM12366                       0.14851 0.08911 0.02970 0.04950 0.00000 0.04950 0.03960 0.10891 0.01980 0.08911 0.01980 0.08911 0.02970 0.00990 0.05941 0.04950 0.04950 0.00000 0.00990 0.05941
GNM12373                       0.13861 0.11881 0.02970 0.02970 0.00990 0.04950 0.02970 0.12871 0.01980 0.08911 0.02970 0.04950 0.03960 0.00000 0.05941 0.08911 0.02970 0.00000 0.00990 0.04950
GNM12385                       0.12871 0.11881 0.01980 0.03960 0.00000 0.05941 0.02970 0.13861 0.01980 0.05941 0.01980 0.05941 0.03960 0.00000 0.05941 0.06931 0.03960 0.00000 0.00990 0.08911
GNM12551                       0.17822 0.10891 0.00000 0.03960 0.00000 0.00990 0.06931 0.13861 0.02970 0.04950 0.02970 0.05941 0.02970 0.00990 0.07921 0.02970 0.05941 0.00990 0.00990 0.05941
GNM12554                       0.14851 0.10891 0.01980 0.02970 0.00990 0.04950 0.03960 0.12871 0.01980 0.04950 0.01980 0.05941 0.03960 0.00000 0.06931 0.06931 0.02970 0.00000 0.00990 0.09901
GNM12592                       0.15842 0.07921 0.00990 0.02970 0.00000 0.04950 0.03960 0.13861 0.01980 0.06931 0.02970 0.08911 0.03960 0.00000 0.06931 0.03960 0.04950 0.00000 0.00990 0.07921
GNM12596                       0.13861 0.10891 0.01980 0.04950 0.00000 0.04950 0.02970 0.14851 0.01980 0.08911 0.01980 0.05941 0.02970 0.00990 0.06931 0.04950 0.04950 0.00000 0.00990 0.04950
GNM12602                       0.13861 0.11881 0.00990 0.04950 0.00000 0.04950 0.02970 0.14851 0.02970 0.08911 0.01980 0.04950 0.02970 0.00990 0.06931 0.04950 0.04950 0.00000 0.00990 0.04950
GNM12665                       0.13861 0.11881 0.01980 0.04950 0.00000 0.04950 0.02970 0.14851 0.01980 0.08911 0.01980 0.04950 0.02970 0.00990 0.06931 0.04950 0.04950 0.00000 0.00990 0.04950
GNM12745                       0.12871 0.08911 0.01980 0.04950 0.00000 0.02970 0.04950 0.15842 0.01980 0.09901 0.01980 0.06931 0.00990 0.00990 0.06931 0.04950 0.06931 0.00990 0.00000 0.04950
GNM12749                       0.13861 0.10891 0.01980 0.02970 0.00000 0.04950 0.03960 0.13861 0.01980 0.05941 0.03960 0.05941 0.03960 0.00000 0.06931 0.05941 0.03960 0.00000 0.00990 0.07921
GNM12758                       0.15842 0.09901 0.00990 0.04950 0.00000 0.02970 0.04950 0.15842 0.01980 0.07921 0.01980 0.05941 0.01980 0.00990 0.07921 0.02970 0.06931 0.00990 0.00000 0.04950
GNM12763                       0.14851 0.10891 0.00990 0.03960 0.00000 0.02970 0.05941 0.15842 0.01980 0.07921 0.01980 0.04950 0.00990 0.00990 0.07921 0.01980 0.08911 0.00990 0.00000 0.05941
GNM12766                       0.15842 0.10891 0.00990 0.02970 0.00000 0.02970 0.05941 0.10891 0.02970 0.11881 0.01980 0.06931 0.01980 0.00990 0.06931 0.03960 0.05941 0.00000 0.00990 0.04950
GNM12841                       0.12871 0.06931 0.03960 0.05941 0.00000 0.05941 0.05941 0.14851 0.01980 0.05941 0.01980 0.03960 0.02970 0.00000 0.06931 0.02970 0.05941 0.00000 0.00990 0.09901
GNM12849                       0.12871 0.08911 0.01980 0.03960 0.00000 0.00990 0.02970 0.15842 0.03960 0.06931 0.01980 0.05941 0.00990 0.03960 0.04950 0.05941 0.06931 0.00000 0.00990 0.09901
GNM12869                       0.11881 0.08911 0.01980 0.03960 0.00000 0.01980 0.02970 0.15842 0.02970 0.06931 0.01980 0.06931 0.00990 0.03960 0.04950 0.06931 0.06931 0.00000 0.00990 0.08911
GNM12896                       0.14851 0.09901 0.00990 0.04950 0.00000 0.00990 0.02970 0.14851 0.03960 0.05941 0.01980 0.05941 0.00990 0.01980 0.04950 0.06931 0.05941 0.00000 0.01980 0.09901
GNM12897                       0.14851 0.09901 0.00990 0.04950 0.00000 0.00990 0.02970 0.14851 0.03960 0.05941 0.01980 0.05941 0.00990 0.01980 0.04950 0.06931 0.05941 0.00000 0.01980 0.09901
GNM12902                       0.11881 0.10891 0.00990 0.04950 0.00000 0.00990 0.06931 0.10891 0.00990 0.08911 0.03960 0.08911 0.02970 0.00990 0.06931 0.07921 0.04950 0.00000 0.00990 0.04950
GNM12903                       0.16832 0.08911 0.00990 0.03960 0.00000 0.02970 0.01980 0.12871 0.01980 0.07921 0.04950 0.05941 0.01980 0.00000 0.08911 0.04950 0.02970 0.00990 0.01980 0.08911
GNM12906                       0.16832 0.08911 0.00990 0.03960 0.00000 0.02970 0.01980 0.12871 0.01980 0.07921 0.03960 0.05941 0.02970 0.00000 0.08911 0.04950 0.02970 0.00990 0.01980 0.08911
GNM12907                       0.16832 0.08911 0.00990 0.03960 0.00000 0.01980 0.01980 0.12871 0.01980 0.06931 0.04950 0.05941 0.02970 0.00000 0.08911 0.04950 0.03960 0.00990 0.01980 0.08911
GNM12909                       0.16832 0.08911 0.00990 0.03960 0.00000 0.01980 0.01980 0.12871 0.01980 0.07921 0.04950 0.05941 0.02970 0.00000 0.08911 0.04950 0.03960 0.00990 0.01980 0.07921
GNM12915                       0.15842 0.11881 0.00000 0.03960 0.00000 0.00990 0.05941 0.13861 0.01980 0.06931 0.03960 0.05941 0.01980 0.00000 0.07921 0.04950 0.04950 0.00990 0.00990 0.06931
GNM10046                       0.15842 0.11881 0.00000 0.03960 0.00000 0.00990 0.05941 0.13861 0.01980 0.06931 0.03960 0.05941 0.01980 0.00000 0.07921 0.04950 0.04950 0.00990 0.00990 0.06931
GNM12918                       0.15842 0.11881 0.00000 0.03960 0.00000 0.00990 0.05941 0.13861 0.01980 0.06931 0.03960 0.05941 0.01980 0.00000 0.07921 0.04950 0.04950 0.00990 0.00990 0.06931
GNM12931                       0.17822 0.10891 0.00000 0.03960 0.00000 0.00990 0.03960 0.12871 0.02970 0.07921 0.02970 0.04950 0.02970 0.00990 0.08911 0.03960 0.06931 0.00990 0.00990 0.04950
GNM12938                       0.16832 0.08911 0.01980 0.04950 0.00000 0.01980 0.02970 0.12871 0.01980 0.10891 0.02970 0.06931 0.01980 0.01980 0.07921 0.04950 0.03960 0.00000 0.01980 0.03960
GNM12996                       0.16832 0.09901 0.00990 0.03960 0.00000 0.00990 0.03960 0.12871 0.01980 0.09901 0.04950 0.05941 0.02970 0.00990 0.07921 0.05941 0.03960 0.00000 0.01980 0.03960
GNM13018                       0.16832 0.09901 0.00990 0.03960 0.00000 0.00990 0.03960 0.12871 0.01980 0.09901 0.04950 0.05941 0.02970 0.00990 0.07921 0.05941 0.03960 0.00000 0.01980 0.03960
GNM13027                       0.16832 0.09901 0.00990 0.03960 0.00000 0.01980 0.03960 0.12871 0.01980 0.11881 0.01980 0.05941 0.01980 0.01980 0.07921 0.05941 0.03960 0.00000 0.01980 0.03960
GNM13046                       0.13861 0.09901 0.01980 0.03960 0.00000 0.00990 0.02970 0.14851 0.02970 0.05941 0.03960 0.05941 0.00990 0.02970 0.04950 0.05941 0.06931 0.00000 0.00990 0.09901
GNM13053                       0.16832 0.09901 0.00000 0.03960 0.00000 0.00990 0.02970 0.13861 0.02970 0.07921 0.01980 0.06931 0.01980 0.01980 0.05941 0.08911 0.06931 0.00000 0.00990 0.04950
GNM13074                       0.15842 0.09901 0.00000 0.03960 0.00000 0.00990 0.05941 0.13861 0.01980 0.06931 0.03960 0.07921 0.01980 0.00000 0.07921 0.04950 0.04950 0.00990 0.00990 0.06931
GNM10010                       0.15842 0.11881 0.00000 0.03960 0.00000 0.00990 0.05941 0.13861 0.01980 0.05941 0.01980 0.05941 0.02970 0.00990 0.07921 0.05941 0.03960 0.00990 0.00990 0.07921
GNM10014                       0.14851 0.11881 0.00000 0.03960 0.00000 0.00990 0.05941 0.13861 0.01980 0.06931 0.02970 0.05941 0.02970 0.00000 0.07921 0.06931 0.04950 0.00990 0.00990 0.05941
GNM13090                       0.15842 0.10891 0.00000 0.03960 0.00000 0.00990 0.05941 0.13861 0.01980 0.04950 0.02970 0.06931 0.02970 0.00990 0.07921 0.04950 0.04950 0.00990 0.00990 0.07921
GNM13118                       0.17822 0.08911 0.00000 0.05941 0.00000 0.00990 0.01980 0.12871 0.00990 0.06931 0.04950 0.07921 0.02970 0.00990 0.09901 0.03960 0.03960 0.00990 0.00990 0.06931
GNM13126                       0.13861 0.05941 0.01980 0.04950 0.00000 0.01980 0.05941 0.10891 0.00990 0.08911 0.03960 0.11881 0.03960 0.00000 0.06931 0.04950 0.04950 0.00000 0.00990 0.06931
GNM13128                       0.12871 0.05941 0.01980 0.04950 0.00000 0.01980 0.05941 0.10891 0.01980 0.08911 0.03960 0.10891 0.03960 0.00000 0.06931 0.04950 0.05941 0.00000 0.00990 0.06931
GNM13208                       0.17822 0.08911 0.00990 0.03960 0.00000 0.02970 0.01980 0.12871 0.02970 0.07921 0.03960 0.05941 0.02970 0.00000 0.08911 0.02970 0.03960 0.00990 0.01980 0.07921
GNM13210                       0.16832 0.09901 0.00000 0.03960 0.00000 0.00990 0.03960 0.12871 0.02970 0.07921 0.01980 0.05941 0.02970 0.01980 0.07921 0.05941 0.05941 0.00000 0.01980 0.05941
GNM12773                       0.17822 0.12871 0.00000 0.02970 0.00000 0.01980 0.04950 0.13861 0.01980 0.08911 0.00000 0.02970 0.02970 0.03960 0.07921 0.05941 0.05941 0.00000 0.00990 0.03960
GNM12769                       0.16832 0.13861 0.00000 0.02970 0.00000 0.03960 0.01980 0.14851 0.03960 0.09901 0.02970 0.02970 0.00990 0.00990 0.06931 0.06931 0.05941 0.00000 0.00990 0.02970
GNM12768                       0.14851 0.10891 0.00990 0.02970 0.00000 0.03960 0.03960 0.14851 0.02970 0.06931 0.03960 0.03960 0.01980 0.01980 0.07921 0.06931 0.03960 0.00000 0.02970 0.03960

Homogeneity statistic: X2 = 15.35213 G = 14.69812 

Average                        0.15252 0.10058 0.01183 0.03863 0.00109 0.01902 0.03715 0.13883 0.02687 0.07655 0.02777 0.06112 0.02057 0.01761 0.06517 0.05823 0.06131 0.00129 0.01285 0.07102
(Ambiguity characters are used to calculate freqs.)


# constant sites:      2 (1.98%)

TREE #  1:  ((((((((47, 152), 137), (64, 101)), 102), 103), (((139, 140), (104, 63)), (138, 141))), ((((((131, 130), 133), 132), 151), (66, 46)), 148)), (((((((((((((((((((((48, 49), (53, 23)), 52), 62), 56), (50, 96)), 60), (55, 54)), 27), (((75, 22), (25, 24)), 43)), (((((((59, 57), 58), 126), (20, 7)), ((((61, 51), (28, 40)), (8, 6)), (93, 21))), ((11, 73), 125)), 79)), 142), (((94, 78), 19), 95)), (((127, 77), 128), 41)), (((((83, 5), 82), (76, 14)), (31, 84)), (15, 72))), (85, 42)), (92, 74)), (((((88, 89), 45), 44), (16, 143)), (38, 13))), ((((1, 86), 87), (9, 2)), 39)), ((((36, 37), (3, 34)), (4, 32)), (((91, 12), 35), (33, 90)))), (((((30, 29), (153, 26)), ((69, 70), 71)), ((154, 68), 155)), ((18, 17), 67))), (((((((((((118, 116), 117), 107), 115), 106), (((114, 112), 120), 111)), ((((99, 10), 100), (97, 124)), 98)), (65, 80)), ((150, 149), (81, 129))), ((((((110, 109), 108), 123), 105), ((119, 121), 122)), 113)), ((((145, 146), 147), 144), ((136, 134), 135))));   MP score: -1
lnL(ntime:307  np:308):  -6004.609103      +0.000000
 156..157 157..158 158..159 159..160 160..161 161..162 162..163 163..47  163..152 162..137 161..164 164..64  164..101 160..102 159..103 158..165 165..166 166..167 167..139 167..140 166..168 168..104 168..63  165..169 169..138 169..141 157..170 170..171 171..172 172..173 173..174 174..175 175..131 175..130 174..133 173..132 172..151 171..176 176..66  176..46  170..148 156..177 177..178 178..179 179..180 180..181 181..182 182..183 183..184 184..185 185..186 186..187 187..188 188..189 189..190 190..191 191..192 192..193 193..194 194..195 195..196 196..197 197..48  197..49  196..198 198..53  198..23  195..52  194..62  193..56  192..199 199..50  199..96  191..60  190..200 200..55  200..54  189..27  188..201 201..202 202..203 203..75  203..22  202..204 204..25  204..24  201..43  187..205 205..206 206..207 207..208 208..209 209..210 210..211 211..59  211..57  210..58  209..126 208..212 212..20  212..7   207..213 213..214 214..215 215..216 216..61  216..51  215..217 217..28  217..40  214..218 218..8   218..6   213..219 219..93  219..21  206..220 220..221 221..11  221..73  220..125 205..79  186..142 185..222 222..223 223..224 224..94  224..78  223..19  222..95  184..225 225..226 226..227 227..127 227..77  226..128 225..41  183..228 228..229 229..230 230..231 231..232 232..83  232..5   231..82  230..233 233..76  233..14  229..234 234..31  234..84  228..235 235..15  235..72  182..236 236..85  236..42  181..237 237..92  237..74  180..238 238..239 239..240 240..241 241..242 242..88  242..89  241..45  240..44  239..243 243..16  243..143 238..244 244..38  244..13  179..245 245..246 246..247 247..248 248..1   248..86  247..87  246..249 249..9   249..2   245..39  178..250 250..251 251..252 252..253 253..36  253..37  252..254 254..3   254..34  251..255 255..4   255..32  250..256 256..257 257..258 258..91  258..12  257..35  256..259 259..33  259..90  177..260 260..261 261..262 262..263 263..264 264..30  264..29  263..265 265..153 265..26  262..266 266..267 267..69  267..70  266..71  261..268 268..269 269..154 269..68  268..155 260..270 270..271 271..18  271..17  270..67  156..272 272..273 273..274 274..275 275..276 276..277 277..278 278..279 279..280 280..281 281..282 282..118 282..116 281..117 280..107 279..115 278..106 277..283 283..284 284..285 285..114 285..112 284..120 283..111 276..286 286..287 287..288 288..289 289..99  289..10  288..100 287..290 290..97  290..124 286..98  275..291 291..65  291..80  274..292 292..293 293..150 293..149 292..294 294..81  294..129 273..295 295..296 296..297 297..298 298..299 299..300 300..110 300..109 299..108 298..123 297..105 296..301 301..302 302..119 302..121 301..122 295..113 272..303 303..304 304..305 305..306 306..145 306..146 305..147 304..144 303..307 307..308 308..136 308..134 307..135
 0.127591 0.004865 0.000000 0.027022 0.000000 0.066210 0.000000 0.048646 0.090815 0.009144 0.008454 0.042180 0.079351 0.163808 0.128438 0.214208 0.005887 0.052548 0.000000 0.000000 0.069858 0.043452 0.063684 0.049487 0.033963 0.030426 0.105307 0.104231 0.134929 0.077937 0.000000 0.025296 0.012382 0.000000 0.012463 0.000000 0.013073 0.000000 0.085333 0.046204 0.426425 0.108672 0.056333 0.217053 0.000000 0.107238 0.061179 0.000000 0.179892 0.075103 0.018757 0.037037 0.000000 0.016616 0.014520 0.000000 0.048963 0.016740 0.000000 0.012711 0.000000 0.000000 0.000000 0.000000 0.000000 0.000000 0.000000 0.027155 1.453253 0.093891 0.037992 0.000000 0.061226 0.096717 0.103063 0.000000 0.000000 0.038439 0.043667 0.015604 0.000000 0.000000 0.000000 0.000000 0.000000 0.000000 0.088489 0.031711 0.013128 0.012641 0.011973 0.012224 0.011862 0.000000 0.000000 0.000000 0.000000 0.000000 0.000000 0.000000 0.012018 0.000000 0.000000 0.012154 0.037035 0.000000 0.000000 0.024536 0.000000 0.000000 0.000000 0.024079 0.039836 0.012061 0.000000 0.000000 0.026799 0.000000 0.000000 0.000000 0.012152 0.050924 0.028765 0.026171 0.012891 0.012127 0.000000 0.012033 0.000000 0.075555 0.054837 0.000000 0.000000 0.000000 0.000000 0.000000 0.000000 0.086899 0.014437 0.042294 0.000000 0.011339 0.000000 0.012320 0.013545 0.026357 0.000000 0.000000 0.025181 0.000000 0.000000 0.021984 0.000000 0.000000 0.100183 0.000000 0.000000 0.065337 0.000000 0.000000 0.047421 0.000000 0.187635 0.028387 0.064826 0.000000 0.000000 0.042561 0.068067 0.028198 0.081575 0.055536 0.074133 0.015216 0.035518 0.000000 0.030327 0.192762 0.000000 0.012183 0.000000 0.024760 0.086404 0.000000 0.000000 0.211986 0.348987 0.050964 0.022825 0.063537 0.000000 0.000000 0.000000 0.000000 0.035662 0.109093 0.023855 0.000000 0.009424 0.087238 0.022823 0.023302 0.011532 0.000000 0.130236 0.031624 0.063260 0.000000 0.000000 0.125030 0.028875 0.004347 0.083983 0.084247 0.134468 0.000000 0.061911 0.050195 0.055200 0.037600 0.000000 0.038843 0.039143 0.000000 0.328125 0.159967 0.180716 0.153403 0.163022 0.000000 0.000000 0.073573 0.086599 0.000000 0.082973 0.030589 0.148358 0.000000 0.000000 0.059231 0.134793 0.064633 0.000000 0.000000 0.011696 0.011830 0.049204 0.056808 0.143776 0.217742 0.034936 0.028442 0.073059 0.060337 0.049288 0.148837 0.281084 0.067257 0.029310 0.129615 0.016765 0.051494 0.103308 0.000000 0.116568 0.107735 0.070677 0.128517 0.052917 0.013884 0.402226 0.032161 0.023691 0.000000 0.110378 0.173538 0.030382 0.000000 0.029083 0.312223 0.057311 0.153268 0.125523 0.039418 0.009530 0.068732 0.067853 0.212658 0.170825 0.093246 0.122901 0.001645 0.066880 0.129017 0.177317 0.017702 0.050375 0.025467 0.011713 0.051582 0.000000 0.000000 0.032968 0.000000 0.000000 0.000000 0.000000 0.856433
