
Printing out site pattern counts


       149         99  P

GNM13746                        ----AACDDE EEEEEFGGGG GGGHHIIIII IIIKKKKKKK KKKKKKKKLL LLLLLLLLLL MNNNPPPPQQ RRRRRRRRRR RRSSSSSSTV VVVVVWWYY
GNM13538                        ----AAHDEA EEEKKFGGGG GPSHHIIIIK KLREKKKKKK KKKNQRSVFI KLLLLLLLMV VDHNPPPRGS AGGKKRRRRR RRAAENSSYI KVVVVWWYY
GNM13671                        ----AAHDDK EEEEEFGGGG NQGHHIIKVI VLRVKKKKRR RTVEKSKIFM KLLLLLLLIV MDSNPPPPGQ KRSEKKRRRR RRAAPRSSKV YIVVVWWYY
GNM13876                        ----AAADEE DEEAKFGGGG GQGDHIVKIR VLTEKKKRKR RSVASRTVLF LFLLLLLLQL MSSNPPPPRQ RGRKKRRRRR RRESPSSSRV YVAVVWYYY
GNM13680                        ----AAHDEE DAEKKFGGGG GQHDHLIKVK NLRAKKRKRK KGDAERAIYI KIKLLLLVTV MDNNPPPPRQ LRTNKRRRRR RRKGPNSSTV AVVAVWWYY
GNM14249                        ----AGYDDE DAEKDFGGGK GPHDHLIIVT NLNTKKRHKK KGVDEREEFV TFKFLLLLKV QDHNPPPPKQ QGSVKRRRRR RRKGPNSSTL AVVVVWWFY
GNM13928                        ----AGYDDE DEEKDFGGGK GPHDHFIIVK NLKVKKRHKK KGVNEKDVFI TFKFLLLLKV QDHNPPPPKQ QGGIKRRRRR RRKGPNSSTL AVVVIWWYY
GNM13297                        ----AAHDEA EEEKKFGGGG GPSHHIIIIK KLREKKKKKK KKKNQRSVFI KLLLLLLLMV VDHNPPPRGS AGGKKRRRRR RRAAENSSYI KVVVVWWYY
GNM14865                        ----CAFLDR EEDAQFGGGE GQSQHIIGAT VTKEEKRKKR RTKDDRANFE AIILILLREV QDSNGPPPGG RRSERKRRRR RRDAPNSYET AVVVVHWYK
GNM13455                        ----AGYDDE DEEKDFGGGK GPHDHFIVVT NLNAKKRHKK KGVNEKIVFM TFKFLLLLKV QNHNPPPPKL NGSLKRKRRR RRKGPTSSTL AVVVIWWYY
GNM14483                        ----AVHDEQ EDERKFGGGG GQGDHIIVIR IIRSRKRKVK KGVAEKEVHL AIRLLLLLEV VVNNPPPPIQ LRTTRRRRRR RRGGPRSSFP SVVAIWWYY
GNM14872                        ----AAYDDE DSEQKFGGGG GQRDHLIKVK NLREKKRKKK KGDAKRAVYI TFKLLLLIKV MDNNAPPPGQ SRTAKRRRRR RRKAPNSSTV AVVIIWWYY
GNM13855                        ----AAHDEE DLEKKFGGGG GQHDHIIIIK NLRSKKRKKK KGKNSKAKYI KILLLLLLLV MNNNKPPPKQ IRTEKRRRRR RRDAPNSSVV SVVAVWWYY
GNM14445                        ----AAFDEE DEERRFGGGG GQADHLITIT IVRDKKRRAK KGIKERKLFV ALLLLLLLRL MNSNPPPPIR LGGNKRRRRR RRESPTSSNK AVVVIWWYY
GNM14404                        ----AAYSDA EEEKKFGGGG GQHDHIIVIR VVSDSKRKRK RSAEKRIVFL MLRLLLLLRV MDSNPPPVGR LGTRKRRRRR RREAPRSSRE VVVVVWWYY
GNM14545                        ----AAYSDA EEEKKFGGGG GQHDHIIVIR VVSDSKRKRK RSAEKRIVFL MLRLLLLLRV MDSNPPPVGR LGTRKRRRRR RREAPRSSRE VVVVVWWYY
GNM14366                        ----AGHDDE DQEKEFGGGK GQHDHIIVVS NLRAKKRHKK KGKVEKSVFV TFKFLLLLLV QDNNPPPPRQ KGSTKRRRRR RRKAPNSSTL AVVVIWWYY
GNM14252                        ----AGYDDE DSEKDFGGGK GPHDHLIIVT NLNAKKRHKK KGVDEREKFV TFKFLLLLKV QDHNPPPPKQ QGSVKRRRRR RRKGPNSSTL AVVVIWWFY
GNM13760                        ----AGFDDE DEEKEFGGGK GPHDHFIIVK NLNVKKRHKK KGVSEREVYI TFKFLLLLKV QDHNPPPPKQ NGSIKRRRRR RRKGPNSSTL AVVVIWWYY
GNM13982                        ----AGHDDE DEEIEFGGGK GPHDHFIMVE NLRKKKRHKK KTVNEKIIYM AFKFLLLLRV QNNNPPPPNQ KGSLKRLRRR RRKGPNSSTA AVVIVWWYY
GNM13960                        ----SGHDDE DEEKEFGGGK GPHDHIIIVI NLRIKKRHKK KGKDEKIKYV TFKFLLLLKV QNNNPPPPKQ KGSIKRRRRR RRKGPNSSTI AVVIIWWYY
GNM14633                        ----AGHDDE DEEIEFGGGK GPHDHFIIVE NLRKKKRHKK KTKNEKIIYM AFKFLLLLRV QNNNPPPPNQ KGSIKRYRRR RRKGPNSSTV AVVIVWWYY
GNM14853                        ----AGHDDE DEEIEFGGGK GPHDHFIIVE NLRKKKRHKK KTKNEKIIYM AFKFLLLLRV QNNNPPPPNQ KGSIKRYRRR RRKGPNSSTV AVVIVWWYY
GNM14174                        ----AAHDEQ ESEEDFGGGE GSHEHIILVS VLKASKRKKK RGVKKKDLYI KIRLVILLVV MDHNPPPPKK RKTKFRRKRR RRKAPNSSRT AVVAIWWYY
GNM14138                        ----AAQDDE EIEIKFGGGG GQRQHIIITL TVKTTKRKKR HSKEERKRFL GIKLIIIRVI MDSNPPPPGK RRTKHRRRRR RREAPNSSVV SVPIVWWYY
GNM14055                        ----AAYDDV DDEKKFGGGK GPHDHIIIVE NLTTKKRHKK KGKNEKIIFV TFKLLLLLIV QNNNPPPPNQ GRSLKRRRRR RRKGPNSSTI AVVVVWWYY
GNM14748                        ----AGYDDE DEEKDFGGGK GPHDHLIIVK NLKVKKRHKK KGVSEKDVFV TFKFLLLLKV QDHNPPPPKQ NGGVKRRRRR RRKGPNSSTI AVVVIWWYY
GNM14246                        ----AVRDDE EEERKFGGGG EQHQHIIVVV VVKAEKRKKR DSKDKKERYS DIKLVVLLVV MDSNPPPPRR RRTKYRRRRR RRKAPTSSML SVVIIWWYY
GNM14640                        ----AAQDDE ESERKFGGGR GQSQHVIIAR IVKAEKRKKK RSKDEKERYS AIKLILLRVV MDSNPPPPKK RRTEHRRRRR RRQAPRSSEV IVPIIWWYY
GNM14965                        ----AAFDDE DTEKKFGGGG GQHDHLIKIK HLRAKKRKKK KGDNSRAVYL TIKLLLLIIV MDNNAPPPRQ LRTNKRRRRR RRRAPNSSIV GVVAVWWYY
GNM13677                        ----AASDEE DEEAKFGGGG GQGDHIIKIR VLTEKKKRKR RSVASKKVLF LFLLLLLLQL MSSNPPPPKQ RGRQKRRRRR RRESPASSRV YVAVVWYYY
GNM14339                        ----AAHDER EEEKEFGGGG GQGHHLIKVV VLREKSRKRK RSETSRKVYY ALLLLLLLLL MDSNPPPPGQ MRSTKRRRRR RRKAPNSARI YVVVVWWYY
GNM14593                        ----AASDEK EEEEEFGGGG NQSHHIIKII VLREKKKKKK KTVEKLKVYM RLLLLLLLIV MDSNPPPPKQ RRTEKRRRRR RRSAPRSSIV YVVVIWWYY
GNM13825                        ----AASDEE EEEAEFGGGG GQGHHIIKVV VLREKKAKRR RSVKQKKVFY RLLLLLLLLV MDSNPPPPGQ MRRTRRRRRR RRRSPNSSRR YVVVVWWYY
GNM14768                        ----AVYDDL EQEEEFGGGG DLGHHIIKII VLREKKRKRR RTVERRQIYA TLLLLLLLLV MDSNPPPPGQ LRSKKRRRRR RREAPRSSKP YVVVVWWYY
GNM14776                        ----AVYDDL EQEEEFGGGG NQGHHIIKVI VLREKKRKRR RTVERRQVYA TLLLLLLLLV MDSNPPPPGQ LRSKKRRRRR RREAPRSSKP YVVIVWWYY
GNM14715                        ----AVHDDA EAERAFGGGG GQGDHIIVVR VIRERKRKAK KGVEEKAVHI AIRVLLLIAV MVSNPPPPPQ LRTTRRRRRR RRGGPRSSFP AVVAVWWYY
GNM14639                        ----AVHDEE ELEKKFGGGG GPHEHIIIVI VIKEKKRKKR KSVQEKAVFF TIKLLLLLIV VDHNPPPPKE LGTKRRRRRR RRKAPNSSKI IVVAVWWYY
GNM13795                        ----AGYDDE DEEKDFGGGK GPHDHLIIVK NLKVKKRHKK KGVSEKDVFV TFKFLLLLKV QDHNPPPPKQ NGGVKRRRRR RRKGPNSSTI AVVVIWWYY
GNM14166                        ----AGYDDE DEEKAFGGGN GQHDHFIMIK NLRTRKRHKK KGSKEKIVFI KFKFLLLLTV QDNNPPPPRQ KGGIKRRKRR RRKAPNSSTL AVVVVWWYY
GNM14450                        ----AAHDGE DNERDFGGGK YQADHIIIIK KVMEKKRKKK RGKNSKVVYI KLKLLLLLKI MDSNPPPPLQ LRNKKRRRRR RRKAPNSTYI AIVAVWWYY
GNM13515                        ----IGHDDE DEEVKFGGGK GPHDHFLVIQ NLRKKKRHTK KTKNEKIIYM TFKFLLLLNV QNNNPPPPNQ KGSLKRKRRR RRKGPTSSTI AVVIIWWYY
GNM13745                        ----AAYDET DNEKKFGGGG GQSDHIIFIT KIRNKYKKKK KGDDKRSQFV KFILLLLLLI MNSNPPPPIQ LRKEHRRRRR RRESPNSSYI AIVIIWWYY
GNM14959                        ----AAHDDE LDDRRWGGGG NMREHIINVR VVERKKRKRR RKLEERLMFV LVLIVVLIVV IDNNPPPPKE RGTIRRRRRR RVAGPRSEKP TVVIVWWYY
GNM13413                        ----AINDEE PDLLMFGGGG GHSHHIIIVR VFRKKKSKSK KGAGGRMLLY LFHALLLVIV MDNNPPPPGQ KRRTKKRKKR RYAGPSSWET VVVVVWWYK
GNM14990                        ----SGHDDE DEEKEFGGGK GPHDHIIIVI NLRIKKRHKK KGKDEKIKYV TFKFLLLLKV QNNNPPPPKQ KGSIKRRRRR RRKGPNSSTI AVVVIWWYY
GNM15005                        ----SGHDDE DEEKEFGGGK GPHDHIIIVI NLRIKKRHKK KGKDEKIKYV TFKFLLLLKV QNNNPPPPKQ KGSIKRRRRR RRKGPNSSTI AVVVIWWYY
GNM15013                        ----SGHDDE DEEKEFGGGK GPHDHIIIVI NLRIKKRHKK KGKAEKIKYV TFKFLLLLKV QNNNPPPPKQ KGSIKRRRRR RRKGPNSSTI AVVVIWWYY
GNM14976                        ----SGHDGE DE-K--GGGK G-HDHIIIVI N--IKKRHKK KG-DEKI-YV TFKFLLLLKV QNNNPPP-KQ KGSIK-R-R- RRKGPNS-TI AVVVI-WY-
GNM15022                        ----SGHDDE DEEKEFGGGK GPHDHIIIVI NLRIKKRHKK KGKDEKIKYV TFKFLLLLKV QNNNPPPPKQ KGSIKRRRRR RRKGPNSSTI AVVVIWWYY
GNM15018                        ----AGYDDE DAEKDFGGGK GPHDHLIIVK NLNTKKRHKK KGVDEREEFV TFKFLLLLKV QDHNPPPPKQ QGSVKRRRRR RRKGPNSSTL AVVIIWWFY
GNM15025                        ----AGYDDQ DEEKEFGGGK KPHDHIIVIN NLKIKKRHKK KGKNGKIKYV TFKFLLLLKV QNNNPPPPKQ KGSIKRLRRR RRKGPNSSTT AVVVIWWYY
GNM15024                        ----AGYDDE DAEKDFGGGK GPHDHLIIVK NLNTKKRHKK KGVDEREEFV TFKFLLLLKV QDHNPPPPKQ QGSVKRRRRR RRKGPNSSTL AVVIIWWFY
GNM14980                        ----AGYDDE DAEKDFGGGK GPHDHLIIVK NLNTKKRHKK KGVDEREEFV TFKFLLLLKV QDHNPPPPKQ QGSVKRRRRR RRKGPNSSTL AVVIIWWFY
GNM15000                        ----AGYDDE DAEKDFGGGK GPHDHLIIVK NLNTKKRHKK KGVDEREEFV TFKFLLLLKV QDHNPPPPKQ QGSVKRRRRR RRKGPNSSTL AVVIIWWFY
GNM15026                        ----AGHDDE DEEKEFGGGK GPHDHIIVIT NLKIKKRHKK KGKNGKIKYV TFKFLLLLKV QNNNPPPPKQ KGSIKRLRRR RRKGPNSSTI AVVVIWWYY
GNM15027                        ----AAYDDE DQEKEFGGGG GQHDHIIIVT VIRAKKRKAK KGKSEKAVFL AILLLLLLMV MNSNPPPPRR LRTKKRRRRR RREAPNSSRV VVVAVWWYY
GNM15019                        ----AGFDDE DEEKDFGGGK GPHDHFIIVK NLKIKKRHRK KGVSEKDVFV TFKFLLLLKV QDHNPPPPKQ KGSVKRKRRR RRKGPNSSTI AVVVIWWYY
GNM15003                        ----SGHDDE DEEKEFGGGK GPHDHIIIVI NLRIKKRHKK KGKDEKIKYV TFKFLLLLKV QNNNPPPPKQ KGSIKRRRRR RRKGPNSSTI AVVVIWWYY
GNM11003                        --QVAINDDE PEDKDFGGGG YYSDHIIIPK VLMKDKRKKK RKFKEKILLI FILAILLILV TANNKPTPNK MRNIKKRKRR RIFSPNSWKM IIVGLDWYY
GNM11023                        ----AISDDE PELARFGGGG GYSHHIINVR VFRRKKKKKK KTWKERALLR LFLALLMIQV MSNNPPPHRQ RRGLRRRKRR RYEAPSSSEA IVVVVWWYF
GNM11055                        ----AAYFDA EECKEFGGGG GYSQHIILVR VLKDNKRKKR RSLAEKARYE MIKLILLLLV LDNNKPPPKR LGCKKKRRRR RREAPNSWEP VVVVVNWFK
GNM11146                        -I--AAHDEE ESYEGFGGGG GYSQHIIIVT VLRRNKRKRR KGKERRGIFI VIMLVLIIIV INNNPPPYRK RRTVKERRRR RREAPNSNIP VVVIVKWYH
GNM11219                        ----AAHDDL EAEERFGGGG GQGQHIIIVT VIRASKRKRR RSAGRRARYL AILLVLLLAV MDSNPPPPAK RRAGKRRRRR RREAPNSSEV VVPVVWWYY
GNM11220                        ----AAYSDA EDERRFGGGQ HCHQHIIIST VVNEKKRKKR RKVEEKAVFI RILLVLLLLV MDSNPPPPKE LGSRRRRRRR RREAPRSSKP VVVIVWWYL
GNM11222                        ----AAHDDE EKEERFGGGG SQGHHIIITT AVKRSKRRKK RTKESRSIFF KLRLLLLLVV MNSNPPPPGS LRSEKRRRRR RRQAPRSSSV IVPVVWWYY
GNM11223                        ----AAHDEE EDELRFGGGG GQHEHIIIVS VLKNNKRKKS RSKDERDRFI YIKLVLLLIV MDSNPPPPGG MRTRHRRRRR RRNAPSSSKI AIPVVWWYY
GNM11224                        ----AAHDEE EDELKFGGGG NQHEHIIMIS ILKNNKRKKR RSKDERDRFI YIKLVLILIV MDSNPPPPGG MRTRYRRRRR RRNAPNSSKI AVPVVWWYY
GNM11358                        ----AAHDDE DMEKKFGGGG GQRDHIIVIK SLRSKKRKKK KGKKSKIKYI NIKILLLLLV MDNNKPPPLQ MRTEKRRRRR RRTGPNSSVV SVVALWWYY
GNM11360                        ----AGYDDE DEEKDFGGGK GPHDHFIVVT NLNAKKRHKK KGVNEKIVFM TFKFLLLLKV QNHNPPPPKL NGSLKRKRRR RRKGPTSSTL AVVVIWWYY
GNM11362                        ----AAHDEM DSEKEFGGGG YQSDHIIIVR VVKSKKRKRK KGKEERVVYI AILLLLLLAV MDSNAPPPRQ LRTKKRRRRR RRSAPNSSRV AVVAVWWYY
GNM11367                        ----AGHDDE DEEIEFGGGK GPHDHFIMVE NLRKKKRHKK KTVNEKIIYM AFKFLLLLRV QNNNPPPPNQ KGSLKRLRRR RRKGPNSSTA AVVIVWWYY
GNM11377                        ----AAYDDE DSEQKFGGGG GQHDHLIKVK NLREKKRKKK KGDAKRAVYI TFKLLLLIKV MDNNAPPPGQ ARTAKRRRRR RRKAPNSSTV AVVVIWWYY
GNM11380                        ----AGYDDE DEEKDFGGGN GQHDHFIMVK NLRTRKRHKK KGAKEKIVFI KFKFLLLLSV QDNNPPPPKQ KGGLKRRRRR RRKGPNSSTL AVVVVWWYY
GNM11383                        ----AGHDDE DQEVDFGGGK GQHDHIIIVT NIRTKKRHKK KGVAQKVVFV QFKFLLLLVV QNNNPPPPKQ KGGVKRRRRR RRKAPNSSTV AIVVVWWYY
GNM11491                        ----AGYDDI DSEFDFGGGK GAHDHIIVVT NIRAKKRHRK KGKAERAVYA AFKFLILLKV QDNNPPPPVQ KGSVKRRRRR RRAGPNSSTT AVVLIWWYY
GNM11804                        ----AAYHDQ EEAKEFAGGN GFSQHIIRPR VLKESKRKKR RSLKEKLRYE LILLILLLLV WDNNPPPPKR LSCKVTRKRH RREAPNSWEV VIPAIRWFK
GNM11805                        ----AGHHED ESEEEFGGGG GQSEHIIKPL VFRSGKRKRR RTKNNRAHFE YITFILLLIV LNSNPPPVKH LRSDHRRKRR RRDAPNSWRV VVVAIFWYY
GNM12883                        ----AAYDEE DAEKRFGGGG GQHDHLIKIK NLRAKKRKKK KGDNERAIYI RIKLLLLVLV MDNNPPPPGQ RRTTKRRKRR RRKAPNSSTV AIVAVWWYY
GNM12886                        ----AAHDEG DAEKKFGGGG DQHDHLMKVK NLRAKKRKRK KGDNERVIYI KIKLLLLLVV MDNNPPPPRQ LRTTKRRRRR RRKGPNSSTV SVVAVWWYY
GNM12892                        ----AAFDDE DTEKKFGGGG GQHDHLIKIK NLRAKKRKKK KGDNSRAVYL TIKLLLLIIV MDNNAPPPRQ LRTNKRRRRR RRRAPNSSIV GVVAVWWYY
GNM12895                        ----AAHDGE DNERDFGGGK YQADHIIIIK KVMEKKRKKK RGKNSKVVYI KLKLLLLLKI MDSNPPPPLQ LRNKKRRRRR RRKAPNSTYI AIVAVWWYY
GNM13060                        ----AADDEE EEEEEFGGGG GGGYHIIIIK VIIKKKKKKK KKKKKRKKLL MLLLLLLLLL MNNNPPPPSQ RRRRKRRRRR RRSSSNSSLV VVVVVWWYY
GNM13061                        ----AAHDEE EEEREFGGGG GQSQHIIIVR TLKKKKKRRR KSKKERDRLL LLNLLLLIVV VDNNPPPPGQ LRERRRRRRR RRAAPNSSAV AVVVVWWYY
GNM13064                        ----AAY-AL DK-E--G-GG G-ADHLI-IV V--NKYR-K- -G-DKRA-YI KFILLLLLLI MN-NPP--TQ LRKDK-R-R- -RSSPNS-NI VIVII--Y-
GNM13066                        ----AAHDGL DKEETFGGGG GQSDHLIFIN IIRNKYKFKK KGKNKRARYI KFILLLLLLI MDSNPPPPNQ LRKDKRRRRA RRSSPNSSNI VIVIIWWYY
GNM11032                        ----AASDEK EEEKAFGGGG GQGHHLIKII VLREKTRKRR RTKKEKKVFY RFLLLILLEL MDSNPPPPGQ LRSVKRRRRR RRSAPNSSRI FIVLVWWYY
GNM11363                        ----AAHDEM DSEKEFGGGG YQSDHIIIVR VVKSKKRKRK KGKEERVVYI AILLLLLLAV MDSNAPPPRQ LRTKKRRRRR RRSAPNSSRV AVVAVWWYY
GNM11375                        ----AGFDDE DEEKDFGGGK GPHDHFIIVK NLNVKKRHKK KGVSEREVYI TFKFLLLLKV QDHNPPPPKQ NGSIKRRRRR RRKGPNSSTL AVVVIWWYY
GNM11381                        ----AGHDDK DQEADFGGGK GQHDHIIIVT NLRAKKRHKK KGRNQKVIFV TFKFLLLLVV QNNNPPPPKQ KGGTKRRRRR RRKAPNSSTV AIVIIWWYY
GNM11382                        ----AGHDDE DEEKDFGGGK GQHDHIIIVT NVRKKKRHKK KGVAEKIVFV TFKFLLLLLV QNNNPPPPKQ KGGMKRKRRR RRKGPNSSTV AVVVVWWYY
GNM11841                        ----AAHLDR EEDEQFGGGG GQSEHIIQAT VVKEEKRKTK RSKDDRANFE AIRLVLKREV QDSNGPPPGG ARKERKRRRR RRDAPNSHEV VVVVVHWFK
GNM11931                        ----AAHLDR EADHQFGGGG GQSEHIITAT VTTEEKRKTR KTKDSRANFE AIRLVLKREV QDSNPPPPGG QRKERKRRRR RRDAPNSYET VVVAVHWFK
GNM12040                        ----AAHLDR EEDVAFGGGE GQSEHIIAAT VTKDEKRKTK RSKDERARFE GIRLVLLREV QDSNGPPPGG RRKARMRRRR RRDAPNSHEV AVVIVHWYK
GNM12071                        ----AAHLDL EEDEQFGGGG DQSQHIIGAT VIKDEKRKKK RSKDERANFE GIRLVLLREV QDSNGPPPGR RRKERKRRRR RRDAPNSYKT SVVVVHWFK
GNM12125                        ----AISDEE PDLKVFGGG- GNSHHIIIVR VFKEEKRPAK KSPAARALLI L-L-LLLTLV MDN-PPPPRR -RGK-KRKRR RYAAPNTWQP VVVV-WWYF
GNM12126                        ----AIHDEE PEHREFGGGG GYSHHIINVK VLLRKKRKKK KTFKEKEILI KVLAVLLIAV SDNNKPPPKQ LRSQRRRRRR RYEAPNSWEV VVVVVWWYY
GNM12128                        ----AISDEE PELKEFGGGG NWSHHIIKSK IFRSDKRPRR RLAKEKDLLI TFLALLLRLV VDNNPPPVAS KRSRKKRKRR RYRAPNSWII IVPIIWWYF
GNM12182                        --RVAINDEE EEDKKFGGGG YYGDHIIQVK VLLSMKRKKR RSFYEKLLLI LFLALVLILV TKNNEPTPER LRKKRKRRRR RRSSPNTWRV IVVLVDWFY
GNM12342                        ----AGYHDE DEERDFGGGG GQSQHIIRIT VLKIEKKKKR KSKKERAILI KILLLLLLIV MNSNPPPPKK LRTRRRRRRR RREAPNSAEV VVVAIHWYH
GNM12346                        ----AAHHDE EKDISFGGGN GIGQHIIHIT VLLKKKQQAR RSIEEKENYE RIRLIVFLLV F-SNAPPPGG QGTKKKNKRR RRKGPRSSQP VVVIVHWYK
GNM12351                        ----AANQGL EEDKDFGGGG GAREHIILAL VLKAQKKKKR RSKAERAKYE AIKLVILLAV QDGNAPPPGG LGTVKKKRRR RRSGPNSSSL VVVIIHWYY
GNM12356                        ----AGHHED DEERDFGGGG GQSQHVILII IIKKKKKSVR KSKKEREKLI KIKFLLLIIV MNSNPPTPAQ LRTEKKRRRR RREAPNSWEV VIVAIFWYC
GNM12357                        ----AGNHEE DVDKEFGGGG GQAQHIIKVI IIRKTKRGAR FGSKERLKLV KIIFLLLLIV MNSNPPPPAG LRTNRKRRRR RREAPNSWQV VVAAVFWYC
GNM12366                        ----AGNHQE DADKEFGGGG GQSQHIIHIT IIRKKKRGAR TGQKERLKLV TIIFLLLIIV QNSNPPPPAQ LRANRRRRRR RRKAPNSSEV VVVAVHWFF
GNM12373                        ----AAFHEV EDCKRFGGGG GQATHIILAT ALSTEKRKKR RAVVEAAAYQ GIKLVLFLSV QDSNPPPSAD LGSAKARKRR RRAGPTSLRP VVPVVQWFK
GNM12385                        ----AAFHDA EVGRAFGGGG GRGQHIILPT VLKERKRKAR RSAAERAKYQ NLRLLLMRGV QNNNPPPPEQ LGSLKRRKRR RREAPTSLAP VVPVVHWYK
GNM12551                        ----AAYHDE EEEKKFGGGG GQSQHIIRPR VLKENKRKKR KSKKERKRYL RIRLILLLQV MDSNPPPPKK LGREVRRKRR RRKAPNSWEP VVPAVHWYY
GNM12554                        ----AAFHDA EEGKVFGGGG GHAQHILQPT VLGEKKRKIK RSPKARAKFQ AIELLLMLKV QDNNVPPANQ SGGAKTRQRR RRKSPTSFFE VVPIIGWFK
GNM12592                        ---CAARHDK EKDMEFGGGN GYR-HIILP- VLKARKRKRR RSAKERARFE MLQLALLLEV LENNGPPPRQ MGTRKKRRRR RR-APCSSRV VVVIIHWFK
GNM12596                        ----AASQEL DECKQFGGGG GTGEHIISVY VLKAQKKKAR RSKAEQAKYL AIRLVLLLAI QDGNPPPPLK AGTEKKKRRR RRSAPSSSSI VIVIVHWYF
GNM12602                        ----AASQEI DEAKQFGGGG GASEHVITVY VLKTQKKKAH RSKAERAKYI SIRLVLLLAV QDGNPPPPLK LGTGKKKRRR RRSAPSSCSV VIAIVHWYF
GNM12665                        ----AASQEL DECKQFGGGG GTGEHIISVF VLKAQKKKAR RSKAEKAKYI AIRLVLLLAI QDGNPPPPLK AGKEKKKKRR RRSAPSSSSI VIAIVHWYF
GNM12745                        ----AAELEL DKEKTFGGGG GQADHIIKVT ILKARKRKKR RSKEQRAKYV KVRLLILLQV RNSNPPPPAY YGTQKRRKRR RRESPNSHKA TVAAIWYYY
GNM12749                        ----AAFHDV EEGKRFGGGN GEAHHIVLPT VIDNTKRKLR RSKNEKAKLQ RIKLVLMREV QDSNPPPAGQ LGTARKRTRR RRIAPNCVKL VVPIIDWYK
GNM12758                        ----AASTEL DEEKKFGGGG GQSQHIMRIK VLREAKKKSR RKKREREKYL AIRLLLLLTV MDSNPPPKAY LRARKRRKRR RREAPNSYEM VVPAVAWYY
GNM12763                        ----AAHDEL EEEKRFGGGG GQAQHIIKIK VLKENKKKKR RSKKEREKYL KIRLLLLLAV MDSNAPPKDK LRKKKRRRRR RRESPNSYEP TIPAVAWYY
GNM12766                        ----AGHHEE DEERKFGGGG GQAQHIIRVT VLKKKKRGKK KSKKERLLLI KILLLLLLIV MDSNPPPPQQ LRTRRRRRRR RRKAPNSWEV VVVAIFWYY
GNM12841                        ----AAELDR EEDVQFGGGG GQSEHIITAR VTKEEKRKKR RTKDERENFE AIRLVLKYEV QDSNGPPPGG ERTERKRRRR RRDGPNSYEV VVVAVHWFD
GNM12849                        ----AGYDDE DEEKDFGGGK GPHDHFIVVT NLNVKKRHKK KGVSEKIVYL TFKFLLLLKV QNHNPPPPNL SGGLKRKRRR RRKGPKSSTL AVVIIWWYY
GNM12869                        ----AGYDDE DAEKDFGGGK GPHDHLIIVK NLNTKKRHKK KGVDERDEFV TFKFLLLLKV QDHNPPPPKQ QGSVKRRRRR RRKGPNSSTL AVVVIWWFY
GNM12896                        ----AGYDDE DEEKDFGGGN GQHDHFMMVK NLRTRKRHKK KGSKEKIVFI KFKFLLLLSV QDNNPPPPKQ KGGMKRRKRR RRKGPNSSTL AVVIVWWYY
GNM12897                        ----AGYDDE DEEKEFGGGN GQHDHFIMVK NLRTRKRHKK KGSREKIVFI TFKFLLLLTV QDNNPPPPKQ KGGIKRRKRR RRKGPNSSTL AVVIVWWYY
GNM12902                        ----AGYHDE EKEEEFGGGG GQSEHIIKAR KFREDKRKAK RSKNNRARFE MIEFILLLKV LNSNPPPVSH LRSDHRRKRR RRDAPNSWAV VVVAVFWYY
GNM12903                        ----AAHDEE EADREFGSGG GIRHHIIIVT VIKKEKRKAN RKKEERAVFV LFRLLLLLIV IDNNPPTPKK MRTRYRRRRR RRKGPNSQVV VVVIVWWYY
GNM12906                        ----AAHDEE EADRDFGTGG GIGHHIILVT VIKKEKRKAN RKKEEREVFV LFRLLLLLLV IDNNPPQPRK LRTRYRRRRR RRKAPNSQVA VVVIVWWYY
GNM12907                        ----AAHDDE EADKEFGTGG GIRHHIILVV VIKKEKRKAN RKKEERAVFV LFRLLLLLLV IDNNPPQPGK LRTRYRRRRR RRKGPRSQVP VVVVVWWYY
GNM12909                        ----AAHDEE ESDKDFGSGG GIRHHIILVI AIKKEKRKAN RKKEEKAVFV LFRLLLLILV IDNNPPQPKK LRTRYRRRRR RRKGPSSQVP VVVVVWWYY
GNM12915                        ----AAHDEE EEERRFGGGG GQHQHIIIIR VFKKSKRKRR KSPKEKLLYL KILLLLLLIV MDSNPPPPKK LSTQKRRKRR RRKAPNSWEV VIPAVWWWY
GNM10046                        ----AAHDEE EEERRFGGGG GQHQHIIIIR VFKKSKRKKR KSPKEKLLYI KILLLLLLIV MDSNPPPPAK LSTEKRRKRR RRKAPNSWEV VVPAVWWWY
GNM12918                        ----AAHDEE EEERRFGGGG GQHQHIIIIR VFKKSKRKRR KSPKEKLLYL KILLLLLLIV MDSNPPPPRK LSTEKRRKRR RRRAPNSWEV VIPAVWWWY
GNM12931                        ----AIHDEE PDLIEFGGGG GHRHHIITVM VFKREKRKKK KGPKERLLLM LFLALLLVIV MDNNPPPPRK KRTSKKRKRR RYNGPDSWKP VIVLVWWYK
GNM12938                        --DVAIKDDE PEDKKFGGGG GFSQHILIIK IIAKKKRAKK RTYKERQLLI LLLAFLLLII IANNKPPIAE LRTEKKRRRR RIGSDSSWRV IVVIIDWYY
GNM12996                        --SVAIHDDE QVDKRFGGGG GYSDHIIRVK VLKNSKRKKR YLFNEKELLL FLLSVLFILV TQNNNPPPKK LRSRKKRRRR RTQAPNSSRV VVVVVDWYF
GNM13018                        --NVAIHDEE QVDKKFGGGG GYSDHIIRVK VLKNSKRKKR YLYNEKKLLL FLLSVLFILV TQNNNPPPKK LRSRKKRRRR RTQSPNSSRV VVVVVDWYF
GNM13027                        --KVAINDDE PEDEKFGGGG GYSDHFLIIK FIKEKKKPRK KSYKKKELLV LLLAALLYLI VSNNQPPIKE MRTKKKRRRR RVMSPNSWIK IVVVIDWFF
GNM13046                        ----AGFDDE DEEKEFGGGK GPHDHIIIVT NLRVKKRHKK KGKNEKIAYI TFKFFILLKV QNSNPPPPKQ KGSIKRRRRR RRKGPNSSTL AVVLVWWYY
GNM13053                        ----AADDGA DDERAFGGGG GPSDHLILVT VLRNKKRKVK KGTKERAQFI ALKLLLLLQL VNNNPPPPGM LRGDKRRRRR RREAPNSSRL AVVVVWWYY
GNM13074                        ----AAHDEM EEERKFGGGG GQRQHIIIIR VFKESKRKKR KSPKEKLLYV KILLLLLLIV MDSNPPPPAK LSTRKRRKRR RRAAPNSWEV VVPAVWWWF
GNM10010                        ----AAHDEA EEERKFGGGG GQRQHIIIIR VFKASKRKRR KSPKERALYI AILLILLLEV MDSNPPPPAK LSTKKRRKRR RRTAPNSWEV VVPAVWWWF
GNM10014                        ----AAHDEM EEERRFGGGG GQGQHIIIIR VFKASKRKKR KSPKERALYL AVLLILLLEV MDSNPPPPAK LSTKKRRKRR RRTAPNSWEV VVPAVWWWY
GNM13090                        ----AAHDEM EEERRFGGGG GQRQHIIIIR VFKASKRKRR KSPKERLLYL AVLLILLLEV MDSNPPPPAK LSTKKRRKRR RRAAPNSWEV VVPAVWWWY
GNM13118                        F---AASDDE ELNKHFGHGG GMAHHIILVK VLRKKKRKRS RGKKEKATFI KFLLLLLLGV IDNNPPPPGQ LRKERQRRRR RRASPSSIEV VVVIIWWYF
GNM13126                        ----SAHHEE EEEREFGGGN GQSQHIIKAF VLRKDKRKSK RSKNERAHYI SLELVLMLQV LDSNPPPVSH LRSEKRRKRR RRRAPNSWYV VIVVVFWFY
GNM13128                        ----CAYHDE EEEREFGGGN GQSQHIIKAI VLRKDKRKAK RSKKERKHYA SIELIIMLEV LDSNPPPVNH LRSAKRRKRR RRKAPNSWYL VVVAVFWFY
GNM13208                        ----AARDDE EEDREFGGGG GVAHHIILAI TIMKKKRKAR RKIEERAVFL VFQLLLLLVV IDNNPPPPGQ RRGQYRRRRR RRKAPRSQVP VVVVVHWYY
GNM13210                        ----AIHDEE PELAEFGGGG GHGTHIIIIT VFRNKKKKSK KGPSSRLLLF LFRALLLVVV MNNNPPPPGQ KRSSRKRKRR RYASPNTWKV VVVIVWWYK
GNM12773                        ----AAHDEH ESEESFGGGN YPHEHILLVT VIKKSKRKKK RGITIRIVYM KIRLVLLLLL VDHNPPPPCK RKTEYRRRRR RRKAQNSSRI AVVAVWWYY
GNM12769                        ----AAYRDI ENEAKFGGGN GLSEHIISVE VIKESKRRKW RSKDNKNLFI ELKLILILLI MNSNPPPPKK MGRTKRRRRR RREAKRSSRQ LVPIIWWFY



    1    1    1    1    1    1    1    1    1    1    1    1    1    1    1
    1    1    1    2    1    1    1    1    1    1    1    1    1    1    1
    1    1    1    1    1    1    1    1    1    1    1    1    1    1    1
    1    1    1    1    1    1    1    1    1    1    1    1    1    1    1
    1    1    1    1    1    1    1    1    1    1    1    1    1    1    1
    1    1    1    1    1    1    1    1    1    1    1    1    1    1    1
    1    1    1    1    1    1    1    1    1

AAML (in paml version 4.9h, March 2018)  tmp0031.txt
Model: Empirical,  (../wag.dat) dGamma (ncatG=4) ns = 149  ls = 100


Frequencies..
                                    A      R      N      D      C      Q      E      G      H      I      L      K      M      F      P      S      T      W      Y      V
GNM13746                       0.02083 0.12500 0.03125 0.02083 0.01042 0.02083 0.06250 0.08333 0.02083 0.08333 0.12500 0.15625 0.01042 0.01042 0.04167 0.06250 0.01042 0.02083 0.02083 0.06250
GNM13538                       0.06250 0.10417 0.03125 0.02083 0.00000 0.01042 0.06250 0.09375 0.04167 0.06250 0.08333 0.17708 0.01042 0.02083 0.04167 0.05208 0.00000 0.02083 0.03125 0.07292
GNM13671                       0.04167 0.12500 0.02083 0.03125 0.00000 0.02083 0.07292 0.07292 0.03125 0.06250 0.08333 0.13542 0.02083 0.02083 0.05208 0.05208 0.01042 0.02083 0.03125 0.09375
GNM13876                       0.06250 0.16667 0.01042 0.03125 0.00000 0.03125 0.06250 0.08333 0.01042 0.02083 0.10417 0.08333 0.01042 0.03125 0.05208 0.08333 0.02083 0.01042 0.04167 0.08333
GNM13680                       0.08333 0.13542 0.05208 0.05208 0.00000 0.02083 0.04167 0.08333 0.03125 0.04167 0.07292 0.13542 0.01042 0.01042 0.05208 0.02083 0.03125 0.02083 0.03125 0.07292
GNM14249                       0.03125 0.09375 0.04167 0.07292 0.00000 0.03125 0.05208 0.09375 0.04167 0.02083 0.07292 0.12500 0.00000 0.05208 0.06250 0.03125 0.04167 0.02083 0.02083 0.09375
GNM13928                       0.02083 0.08333 0.04167 0.07292 0.00000 0.03125 0.04167 0.10417 0.04167 0.05208 0.06250 0.15625 0.00000 0.05208 0.06250 0.02083 0.02083 0.02083 0.03125 0.08333
GNM13297                       0.06250 0.10417 0.03125 0.02083 0.00000 0.01042 0.06250 0.09375 0.04167 0.06250 0.08333 0.17708 0.01042 0.02083 0.04167 0.05208 0.00000 0.02083 0.03125 0.07292
GNM14865                       0.07292 0.15625 0.03125 0.06250 0.01042 0.04167 0.09375 0.09375 0.02083 0.05208 0.04167 0.07292 0.00000 0.03125 0.04167 0.04167 0.04167 0.01042 0.02083 0.06250
GNM13455                       0.03125 0.07292 0.06250 0.05208 0.00000 0.01042 0.04167 0.09375 0.04167 0.03125 0.08333 0.14583 0.01042 0.05208 0.06250 0.03125 0.04167 0.02083 0.03125 0.08333
GNM14483                       0.04167 0.16667 0.02083 0.03125 0.00000 0.03125 0.06250 0.10417 0.03125 0.08333 0.07292 0.06250 0.00000 0.02083 0.06250 0.04167 0.02083 0.02083 0.02083 0.10417
GNM14872                       0.08333 0.12500 0.04167 0.06250 0.00000 0.03125 0.03125 0.08333 0.01042 0.05208 0.06250 0.14583 0.01042 0.02083 0.04167 0.04167 0.03125 0.02083 0.04167 0.06250
GNM13855                       0.05208 0.10417 0.06250 0.04167 0.00000 0.02083 0.04167 0.07292 0.03125 0.07292 0.09375 0.16667 0.01042 0.01042 0.04167 0.05208 0.01042 0.02083 0.03125 0.06250
GNM14445                       0.06250 0.15625 0.04167 0.04167 0.00000 0.01042 0.06250 0.09375 0.01042 0.06250 0.11458 0.08333 0.01042 0.03125 0.05208 0.04167 0.03125 0.02083 0.02083 0.05208
GNM14404                       0.05208 0.18750 0.01042 0.04167 0.00000 0.01042 0.06250 0.08333 0.02083 0.04167 0.08333 0.07292 0.02083 0.02083 0.04167 0.07292 0.01042 0.02083 0.03125 0.11458
GNM14545                       0.05208 0.18750 0.01042 0.04167 0.00000 0.01042 0.06250 0.08333 0.02083 0.04167 0.08333 0.07292 0.02083 0.02083 0.04167 0.07292 0.01042 0.02083 0.03125 0.11458
GNM14366                       0.04167 0.10417 0.04167 0.05208 0.00000 0.04167 0.04167 0.08333 0.04167 0.03125 0.07292 0.13542 0.00000 0.04167 0.05208 0.05208 0.03125 0.02083 0.02083 0.09375
GNM14252                       0.03125 0.09375 0.04167 0.07292 0.00000 0.03125 0.04167 0.09375 0.04167 0.03125 0.07292 0.13542 0.00000 0.05208 0.06250 0.04167 0.03125 0.02083 0.02083 0.08333
GNM13760                       0.02083 0.09375 0.05208 0.05208 0.00000 0.02083 0.06250 0.09375 0.04167 0.05208 0.06250 0.13542 0.00000 0.05208 0.06250 0.04167 0.02083 0.02083 0.03125 0.08333
GNM13982                       0.04167 0.09375 0.07292 0.04167 0.00000 0.02083 0.06250 0.08333 0.04167 0.05208 0.07292 0.12500 0.02083 0.04167 0.06250 0.03125 0.02083 0.02083 0.03125 0.06250
GNM13960                       0.01042 0.09375 0.05208 0.05208 0.00000 0.02083 0.05208 0.09375 0.04167 0.10417 0.05208 0.16667 0.00000 0.03125 0.06250 0.04167 0.02083 0.02083 0.03125 0.05208
GNM14633                       0.03125 0.09375 0.07292 0.04167 0.00000 0.02083 0.06250 0.08333 0.04167 0.07292 0.05208 0.13542 0.01042 0.04167 0.06250 0.03125 0.02083 0.02083 0.04167 0.06250
GNM14853                       0.03125 0.09375 0.07292 0.04167 0.00000 0.02083 0.06250 0.08333 0.04167 0.07292 0.05208 0.13542 0.01042 0.04167 0.06250 0.03125 0.02083 0.02083 0.04167 0.06250
GNM14174                       0.06250 0.11458 0.02083 0.04167 0.00000 0.01042 0.06250 0.06250 0.04167 0.06250 0.06250 0.15625 0.01042 0.02083 0.05208 0.06250 0.02083 0.02083 0.03125 0.08333
GNM14138                       0.03125 0.15625 0.02083 0.03125 0.00000 0.03125 0.06250 0.08333 0.03125 0.11458 0.03125 0.10417 0.01042 0.02083 0.06250 0.05208 0.05208 0.02083 0.02083 0.06250
GNM14055                       0.03125 0.09375 0.07292 0.05208 0.00000 0.02083 0.03125 0.08333 0.03125 0.07292 0.07292 0.13542 0.00000 0.03125 0.06250 0.03125 0.04167 0.02083 0.03125 0.08333
GNM14748                       0.02083 0.08333 0.04167 0.07292 0.00000 0.02083 0.04167 0.10417 0.04167 0.04167 0.06250 0.15625 0.00000 0.04167 0.06250 0.03125 0.02083 0.02083 0.03125 0.10417
GNM14246                       0.03125 0.16667 0.01042 0.06250 0.00000 0.02083 0.07292 0.05208 0.02083 0.05208 0.04167 0.11458 0.02083 0.01042 0.05208 0.06250 0.02083 0.02083 0.04167 0.12500
GNM14640                       0.06250 0.17708 0.01042 0.04167 0.00000 0.04167 0.08333 0.05208 0.02083 0.08333 0.03125 0.11458 0.01042 0.01042 0.06250 0.07292 0.01042 0.02083 0.03125 0.06250
GNM14965                       0.07292 0.13542 0.05208 0.06250 0.00000 0.02083 0.02083 0.08333 0.03125 0.06250 0.08333 0.12500 0.01042 0.02083 0.04167 0.03125 0.03125 0.02083 0.03125 0.06250
GNM13677                       0.06250 0.14583 0.01042 0.03125 0.00000 0.04167 0.06250 0.08333 0.01042 0.03125 0.10417 0.10417 0.01042 0.03125 0.05208 0.08333 0.01042 0.01042 0.04167 0.07292
GNM14339                       0.05208 0.15625 0.02083 0.02083 0.00000 0.02083 0.07292 0.08333 0.03125 0.02083 0.11458 0.08333 0.02083 0.01042 0.05208 0.06250 0.02083 0.02083 0.05208 0.08333
GNM14593                       0.03125 0.12500 0.02083 0.02083 0.00000 0.02083 0.09375 0.05208 0.02083 0.07292 0.09375 0.13542 0.02083 0.01042 0.05208 0.06250 0.02083 0.02083 0.04167 0.08333
GNM13825                       0.04167 0.18750 0.02083 0.02083 0.00000 0.03125 0.07292 0.08333 0.02083 0.02083 0.09375 0.07292 0.02083 0.02083 0.05208 0.06250 0.01042 0.02083 0.04167 0.10417
GNM14768                       0.03125 0.16667 0.01042 0.04167 0.00000 0.03125 0.07292 0.07292 0.02083 0.05208 0.12500 0.07292 0.01042 0.01042 0.06250 0.04167 0.02083 0.02083 0.05208 0.08333
GNM14776                       0.03125 0.16667 0.02083 0.03125 0.00000 0.04167 0.07292 0.07292 0.02083 0.04167 0.11458 0.07292 0.01042 0.01042 0.06250 0.04167 0.02083 0.02083 0.05208 0.09375
GNM14715                       0.10417 0.16667 0.01042 0.03125 0.00000 0.02083 0.05208 0.10417 0.03125 0.06250 0.04167 0.05208 0.01042 0.02083 0.07292 0.03125 0.02083 0.02083 0.02083 0.12500
GNM14639                       0.04167 0.10417 0.02083 0.02083 0.00000 0.01042 0.08333 0.07292 0.04167 0.09375 0.07292 0.14583 0.00000 0.03125 0.06250 0.03125 0.02083 0.02083 0.02083 0.10417
GNM13795                       0.02083 0.08333 0.04167 0.07292 0.00000 0.02083 0.04167 0.10417 0.04167 0.04167 0.06250 0.15625 0.00000 0.04167 0.06250 0.03125 0.02083 0.02083 0.03125 0.10417
GNM14166                       0.04167 0.10417 0.05208 0.05208 0.00000 0.03125 0.04167 0.09375 0.03125 0.05208 0.06250 0.14583 0.01042 0.05208 0.05208 0.03125 0.03125 0.02083 0.03125 0.06250
GNM14450                       0.06250 0.11458 0.05208 0.05208 0.00000 0.02083 0.03125 0.06250 0.02083 0.08333 0.08333 0.16667 0.02083 0.01042 0.05208 0.03125 0.01042 0.02083 0.05208 0.05208
GNM13515                       0.01042 0.08333 0.07292 0.04167 0.00000 0.03125 0.04167 0.08333 0.04167 0.07292 0.07292 0.14583 0.01042 0.04167 0.06250 0.03125 0.05208 0.02083 0.03125 0.05208
GNM13745                       0.03125 0.10417 0.05208 0.05208 0.00000 0.03125 0.04167 0.07292 0.02083 0.11458 0.07292 0.12500 0.01042 0.04167 0.05208 0.06250 0.02083 0.02083 0.05208 0.02083
GNM14959                       0.03125 0.19792 0.04167 0.05208 0.00000 0.00000 0.07292 0.07292 0.02083 0.07292 0.06250 0.06250 0.02083 0.01042 0.06250 0.01042 0.02083 0.03125 0.02083 0.13542
GNM13413                       0.04167 0.08333 0.03125 0.03125 0.00000 0.01042 0.03125 0.11458 0.04167 0.05208 0.08333 0.12500 0.03125 0.03125 0.06250 0.05208 0.02083 0.03125 0.03125 0.09375
GNM14990                       0.01042 0.09375 0.05208 0.05208 0.00000 0.02083 0.05208 0.09375 0.04167 0.09375 0.05208 0.16667 0.00000 0.03125 0.06250 0.04167 0.02083 0.02083 0.03125 0.06250
GNM15005                       0.01042 0.09375 0.05208 0.05208 0.00000 0.02083 0.05208 0.09375 0.04167 0.09375 0.05208 0.16667 0.00000 0.03125 0.06250 0.04167 0.02083 0.02083 0.03125 0.06250
GNM15013                       0.02083 0.09375 0.05208 0.04167 0.00000 0.02083 0.05208 0.09375 0.04167 0.09375 0.05208 0.16667 0.00000 0.03125 0.06250 0.04167 0.02083 0.02083 0.03125 0.06250
GNM14976                       0.01235 0.06173 0.06173 0.04938 0.00000 0.02469 0.03704 0.12346 0.04938 0.11111 0.04938 0.17284 0.00000 0.02469 0.04938 0.03704 0.02469 0.01235 0.02469 0.07407
GNM15022                       0.01042 0.09375 0.05208 0.05208 0.00000 0.02083 0.05208 0.09375 0.04167 0.09375 0.05208 0.16667 0.00000 0.03125 0.06250 0.04167 0.02083 0.02083 0.03125 0.06250
GNM15018                       0.03125 0.09375 0.04167 0.07292 0.00000 0.03125 0.05208 0.09375 0.04167 0.04167 0.07292 0.13542 0.00000 0.05208 0.06250 0.03125 0.03125 0.02083 0.02083 0.07292
GNM15025                       0.02083 0.07292 0.07292 0.04167 0.00000 0.03125 0.03125 0.09375 0.03125 0.07292 0.06250 0.18750 0.00000 0.03125 0.06250 0.03125 0.03125 0.02083 0.04167 0.06250
GNM15024                       0.03125 0.09375 0.04167 0.07292 0.00000 0.03125 0.05208 0.09375 0.04167 0.04167 0.07292 0.13542 0.00000 0.05208 0.06250 0.03125 0.03125 0.02083 0.02083 0.07292
GNM14980                       0.03125 0.09375 0.04167 0.07292 0.00000 0.03125 0.05208 0.09375 0.04167 0.04167 0.07292 0.13542 0.00000 0.05208 0.06250 0.03125 0.03125 0.02083 0.02083 0.07292
GNM15000                       0.03125 0.09375 0.04167 0.07292 0.00000 0.03125 0.05208 0.09375 0.04167 0.04167 0.07292 0.13542 0.00000 0.05208 0.06250 0.03125 0.03125 0.02083 0.02083 0.07292
GNM15026                       0.02083 0.07292 0.06250 0.04167 0.00000 0.02083 0.04167 0.10417 0.04167 0.08333 0.06250 0.17708 0.00000 0.03125 0.06250 0.03125 0.03125 0.02083 0.03125 0.06250
GNM15027                       0.08333 0.13542 0.03125 0.04167 0.00000 0.02083 0.05208 0.07292 0.02083 0.05208 0.08333 0.10417 0.02083 0.02083 0.05208 0.04167 0.02083 0.02083 0.03125 0.09375
GNM15019                       0.02083 0.08333 0.03125 0.07292 0.00000 0.02083 0.04167 0.09375 0.04167 0.05208 0.05208 0.16667 0.00000 0.06250 0.06250 0.04167 0.02083 0.02083 0.02083 0.09375
GNM15003                       0.01042 0.09375 0.05208 0.05208 0.00000 0.02083 0.05208 0.09375 0.04167 0.09375 0.05208 0.16667 0.00000 0.03125 0.06250 0.04167 0.02083 0.02083 0.03125 0.06250
GNM11003                       0.03061 0.07143 0.06122 0.07143 0.00000 0.01020 0.03061 0.06122 0.01020 0.13265 0.08163 0.16327 0.03061 0.04082 0.05102 0.03061 0.02041 0.02041 0.04082 0.04082
GNM11023                       0.06250 0.15625 0.03125 0.02083 0.00000 0.02083 0.05208 0.07292 0.03125 0.05208 0.08333 0.09375 0.02083 0.04167 0.05208 0.06250 0.01042 0.03125 0.03125 0.07292
GNM11055                       0.06250 0.12500 0.05208 0.03125 0.02083 0.01042 0.07292 0.07292 0.01042 0.04167 0.10417 0.13542 0.01042 0.03125 0.05208 0.03125 0.00000 0.02083 0.03125 0.08333
GNM11146                       0.03093 0.16495 0.06186 0.01031 0.00000 0.01031 0.07216 0.09278 0.03093 0.13402 0.03093 0.07216 0.01031 0.02062 0.05155 0.03093 0.02062 0.01031 0.04124 0.10309
GNM11219                       0.11458 0.18750 0.02083 0.03125 0.00000 0.02083 0.05208 0.09375 0.02083 0.05208 0.07292 0.04167 0.01042 0.01042 0.06250 0.05208 0.01042 0.02083 0.03125 0.09375
GNM11220                       0.05208 0.16667 0.02083 0.03125 0.01042 0.02083 0.07292 0.05208 0.03125 0.06250 0.08333 0.08333 0.01042 0.02083 0.06250 0.06250 0.01042 0.02083 0.02083 0.10417
GNM11222                       0.04167 0.16667 0.02083 0.02083 0.00000 0.02083 0.06250 0.07292 0.03125 0.05208 0.07292 0.08333 0.01042 0.03125 0.06250 0.10417 0.03125 0.02083 0.02083 0.07292
GNM11223                       0.04167 0.14583 0.04167 0.05208 0.00000 0.01042 0.06250 0.08333 0.04167 0.08333 0.06250 0.07292 0.02083 0.02083 0.06250 0.07292 0.01042 0.02083 0.03125 0.06250
GNM11224                       0.04167 0.14583 0.06250 0.05208 0.00000 0.01042 0.06250 0.07292 0.03125 0.09375 0.05208 0.08333 0.03125 0.02083 0.06250 0.05208 0.01042 0.02083 0.04167 0.05208
GNM11358                       0.03125 0.11458 0.04167 0.05208 0.00000 0.02083 0.03125 0.08333 0.02083 0.07292 0.08333 0.16667 0.03125 0.01042 0.04167 0.06250 0.02083 0.02083 0.03125 0.06250
GNM11360                       0.03125 0.07292 0.06250 0.05208 0.00000 0.01042 0.04167 0.09375 0.04167 0.03125 0.08333 0.14583 0.01042 0.05208 0.06250 0.03125 0.04167 0.02083 0.03125 0.08333
GNM11362                       0.08333 0.14583 0.02083 0.04167 0.00000 0.02083 0.05208 0.06250 0.02083 0.05208 0.07292 0.10417 0.02083 0.01042 0.04167 0.07292 0.01042 0.02083 0.04167 0.10417
GNM11367                       0.04167 0.09375 0.07292 0.04167 0.00000 0.02083 0.06250 0.08333 0.04167 0.05208 0.07292 0.12500 0.02083 0.04167 0.06250 0.03125 0.02083 0.02083 0.03125 0.06250
GNM11377                       0.09375 0.11458 0.04167 0.06250 0.00000 0.03125 0.03125 0.08333 0.02083 0.04167 0.06250 0.14583 0.01042 0.02083 0.04167 0.03125 0.03125 0.02083 0.04167 0.07292
GNM11380                       0.03125 0.10417 0.05208 0.06250 0.00000 0.03125 0.04167 0.10417 0.03125 0.03125 0.07292 0.14583 0.01042 0.05208 0.05208 0.03125 0.02083 0.02083 0.03125 0.07292
GNM11383                       0.04167 0.09375 0.05208 0.05208 0.00000 0.06250 0.02083 0.09375 0.04167 0.05208 0.04167 0.12500 0.00000 0.04167 0.05208 0.02083 0.03125 0.02083 0.02083 0.13542
GNM11491                       0.09375 0.11458 0.04167 0.06250 0.00000 0.02083 0.02083 0.09375 0.03125 0.06250 0.04167 0.10417 0.00000 0.04167 0.05208 0.04167 0.03125 0.02083 0.04167 0.08333
GNM11804                       0.06250 0.12500 0.04167 0.02083 0.01042 0.02083 0.08333 0.04167 0.03125 0.06250 0.11458 0.11458 0.00000 0.03125 0.07292 0.05208 0.01042 0.03125 0.02083 0.05208
GNM11805                       0.04167 0.14583 0.05208 0.03125 0.00000 0.01042 0.07292 0.08333 0.06250 0.06250 0.06250 0.06250 0.00000 0.05208 0.05208 0.06250 0.02083 0.02083 0.03125 0.07292
GNM12883                       0.08333 0.13542 0.05208 0.05208 0.00000 0.02083 0.04167 0.08333 0.02083 0.06250 0.07292 0.13542 0.01042 0.01042 0.05208 0.02083 0.03125 0.02083 0.04167 0.05208
GNM12886                       0.05208 0.13542 0.05208 0.06250 0.00000 0.02083 0.03125 0.08333 0.03125 0.03125 0.08333 0.13542 0.02083 0.01042 0.05208 0.03125 0.03125 0.02083 0.03125 0.08333
GNM12892                       0.07292 0.13542 0.06250 0.06250 0.00000 0.02083 0.02083 0.08333 0.02083 0.06250 0.08333 0.12500 0.01042 0.02083 0.04167 0.03125 0.03125 0.02083 0.03125 0.06250
GNM12895                       0.06250 0.11458 0.05208 0.05208 0.00000 0.02083 0.03125 0.06250 0.02083 0.08333 0.08333 0.16667 0.02083 0.01042 0.05208 0.03125 0.01042 0.02083 0.05208 0.05208
GNM13060                       0.02083 0.12500 0.04167 0.02083 0.00000 0.01042 0.07292 0.08333 0.01042 0.06250 0.12500 0.16667 0.02083 0.01042 0.04167 0.06250 0.00000 0.02083 0.03125 0.07292
GNM13061                       0.06250 0.17708 0.04167 0.03125 0.00000 0.03125 0.08333 0.07292 0.02083 0.04167 0.10417 0.08333 0.00000 0.01042 0.05208 0.04167 0.01042 0.02083 0.02083 0.09375
GNM13064                       0.07042 0.08451 0.07042 0.05634 0.00000 0.01408 0.01408 0.08451 0.01408 0.12676 0.12676 0.09859 0.01408 0.01408 0.04225 0.04225 0.01408 0.00000 0.05634 0.05634
GNM13066                       0.04167 0.10417 0.07292 0.05208 0.00000 0.02083 0.02083 0.08333 0.02083 0.11458 0.09375 0.11458 0.01042 0.04167 0.05208 0.06250 0.01042 0.02083 0.04167 0.02083
GNM11032                       0.04167 0.15625 0.02083 0.02083 0.00000 0.02083 0.07292 0.08333 0.02083 0.06250 0.10417 0.10417 0.01042 0.04167 0.05208 0.06250 0.02083 0.02083 0.03125 0.05208
GNM11363                       0.08333 0.14583 0.02083 0.04167 0.00000 0.02083 0.05208 0.06250 0.02083 0.05208 0.07292 0.10417 0.02083 0.01042 0.04167 0.07292 0.01042 0.02083 0.04167 0.10417
GNM11375                       0.02083 0.09375 0.05208 0.06250 0.00000 0.02083 0.05208 0.09375 0.04167 0.05208 0.06250 0.13542 0.00000 0.05208 0.06250 0.04167 0.02083 0.02083 0.03125 0.08333
GNM11381                       0.05208 0.10417 0.06250 0.05208 0.00000 0.05208 0.01042 0.09375 0.04167 0.07292 0.05208 0.13542 0.00000 0.04167 0.05208 0.02083 0.04167 0.02083 0.02083 0.07292
GNM11382                       0.03125 0.08333 0.05208 0.05208 0.00000 0.03125 0.04167 0.10417 0.04167 0.04167 0.05208 0.15625 0.01042 0.04167 0.05208 0.02083 0.03125 0.02083 0.02083 0.11458
GNM11841                       0.07292 0.14583 0.03125 0.06250 0.00000 0.04167 0.10417 0.09375 0.04167 0.03125 0.03125 0.09375 0.00000 0.03125 0.04167 0.04167 0.02083 0.01042 0.00000 0.10417
GNM11931                       0.08333 0.14583 0.03125 0.05208 0.00000 0.04167 0.08333 0.08333 0.04167 0.03125 0.03125 0.08333 0.00000 0.03125 0.05208 0.04167 0.07292 0.01042 0.01042 0.07292
GNM12040                       0.09375 0.16667 0.02083 0.06250 0.00000 0.02083 0.09375 0.09375 0.04167 0.04167 0.04167 0.07292 0.01042 0.02083 0.04167 0.04167 0.03125 0.01042 0.01042 0.08333
GNM12071                       0.05208 0.15625 0.03125 0.07292 0.00000 0.04167 0.08333 0.09375 0.03125 0.04167 0.05208 0.10417 0.00000 0.03125 0.04167 0.05208 0.02083 0.01042 0.01042 0.07292
GNM12125                       0.07865 0.11236 0.03371 0.03371 0.00000 0.01124 0.04494 0.06742 0.02247 0.05618 0.10112 0.08989 0.01124 0.03371 0.10112 0.03371 0.02247 0.03371 0.02247 0.08989
GNM12126                       0.04167 0.11458 0.04167 0.02083 0.00000 0.02083 0.08333 0.06250 0.04167 0.06250 0.07292 0.12500 0.00000 0.02083 0.05208 0.04167 0.01042 0.03125 0.04167 0.11458
GNM12128                       0.05208 0.13542 0.04167 0.04167 0.00000 0.00000 0.05208 0.05208 0.02083 0.10417 0.09375 0.10417 0.00000 0.04167 0.07292 0.07292 0.01042 0.04167 0.02083 0.04167
GNM12182                       0.02041 0.14286 0.04082 0.04082 0.00000 0.01020 0.07143 0.06122 0.01020 0.06122 0.12245 0.11224 0.01020 0.04082 0.03061 0.04082 0.03061 0.02041 0.04082 0.09184
GNM12342                       0.05208 0.14583 0.03125 0.03125 0.00000 0.02083 0.07292 0.07292 0.04167 0.09375 0.09375 0.11458 0.01042 0.01042 0.05208 0.04167 0.02083 0.01042 0.02083 0.06250
GNM12346                       0.04211 0.09474 0.04211 0.02105 0.00000 0.05263 0.06316 0.10526 0.05263 0.09474 0.05263 0.11579 0.00000 0.03158 0.05263 0.05263 0.02105 0.01053 0.02105 0.07368
GNM12351                       0.10417 0.09375 0.03125 0.03125 0.00000 0.03125 0.05208 0.12500 0.02083 0.06250 0.09375 0.12500 0.00000 0.01042 0.04167 0.05208 0.01042 0.01042 0.03125 0.07292
GNM12356                       0.04167 0.10417 0.03125 0.03125 0.01042 0.03125 0.08333 0.07292 0.03125 0.11458 0.06250 0.13542 0.01042 0.03125 0.04167 0.05208 0.02083 0.02083 0.01042 0.06250
GNM12357                       0.07292 0.12500 0.05208 0.02083 0.01042 0.03125 0.05208 0.10417 0.02083 0.08333 0.07292 0.08333 0.01042 0.04167 0.05208 0.03125 0.02083 0.02083 0.01042 0.08333
GNM12366                       0.07292 0.13542 0.05208 0.02083 0.00000 0.06250 0.04167 0.09375 0.04167 0.09375 0.06250 0.07292 0.00000 0.04167 0.05208 0.04167 0.03125 0.01042 0.00000 0.07292
GNM12373                       0.13542 0.10417 0.01042 0.03125 0.01042 0.04167 0.04167 0.09375 0.02083 0.03125 0.07292 0.08333 0.00000 0.04167 0.06250 0.06250 0.04167 0.01042 0.01042 0.09375
GNM12385                       0.10417 0.15625 0.04167 0.01042 0.00000 0.04167 0.05208 0.10417 0.03125 0.02083 0.09375 0.07292 0.01042 0.02083 0.08333 0.03125 0.02083 0.01042 0.02083 0.07292
GNM12551                       0.04167 0.15625 0.03125 0.02083 0.00000 0.03125 0.08333 0.07292 0.03125 0.04167 0.07292 0.14583 0.01042 0.01042 0.08333 0.04167 0.00000 0.02083 0.04167 0.06250
GNM12554                       0.09375 0.08333 0.03125 0.02083 0.00000 0.06250 0.05208 0.11458 0.03125 0.05208 0.06250 0.11458 0.01042 0.06250 0.06250 0.04167 0.03125 0.01042 0.00000 0.06250
GNM12592                       0.07447 0.19149 0.03191 0.02128 0.02128 0.02128 0.06383 0.07447 0.03191 0.04255 0.08511 0.09574 0.03191 0.03191 0.05319 0.03191 0.01064 0.01064 0.01064 0.06383
GNM12596                       0.10417 0.08333 0.01042 0.02083 0.01042 0.05208 0.05208 0.09375 0.02083 0.07292 0.08333 0.11458 0.00000 0.02083 0.05208 0.08333 0.02083 0.01042 0.03125 0.06250
GNM12602                       0.10417 0.08333 0.01042 0.02083 0.01042 0.04167 0.04167 0.09375 0.03125 0.06250 0.07292 0.11458 0.00000 0.02083 0.05208 0.08333 0.03125 0.01042 0.03125 0.08333
GNM12665                       0.11458 0.07292 0.01042 0.02083 0.01042 0.04167 0.05208 0.09375 0.02083 0.08333 0.07292 0.14583 0.00000 0.03125 0.05208 0.08333 0.01042 0.01042 0.02083 0.05208
GNM12745                       0.09375 0.13542 0.03125 0.02083 0.00000 0.04167 0.05208 0.07292 0.02083 0.05208 0.07292 0.13542 0.00000 0.01042 0.05208 0.04167 0.04167 0.01042 0.06250 0.05208
GNM12749                       0.07292 0.12500 0.05208 0.04167 0.01042 0.03125 0.05208 0.08333 0.03125 0.06250 0.07292 0.10417 0.01042 0.02083 0.06250 0.02083 0.04167 0.01042 0.01042 0.08333
GNM12758                       0.09375 0.15625 0.02083 0.02083 0.00000 0.02083 0.08333 0.06250 0.01042 0.03125 0.09375 0.12500 0.03125 0.01042 0.05208 0.05208 0.02083 0.01042 0.05208 0.05208
GNM12763                       0.07292 0.13542 0.03125 0.03125 0.00000 0.02083 0.09375 0.06250 0.02083 0.05208 0.09375 0.17708 0.01042 0.01042 0.05208 0.04167 0.01042 0.01042 0.04167 0.03125
GNM12766                       0.04167 0.14583 0.02083 0.02083 0.00000 0.04167 0.06250 0.08333 0.03125 0.06250 0.11458 0.12500 0.01042 0.02083 0.05208 0.03125 0.02083 0.02083 0.02083 0.07292
GNM12841                       0.05208 0.15625 0.03125 0.06250 0.00000 0.03125 0.13542 0.10417 0.02083 0.03125 0.03125 0.07292 0.00000 0.03125 0.04167 0.03125 0.04167 0.01042 0.02083 0.09375
GNM12849                       0.02083 0.07292 0.05208 0.05208 0.00000 0.01042 0.04167 0.10417 0.04167 0.04167 0.09375 0.14583 0.00000 0.04167 0.06250 0.04167 0.03125 0.02083 0.04167 0.08333
GNM12869                       0.03125 0.09375 0.04167 0.08333 0.00000 0.03125 0.04167 0.09375 0.04167 0.03125 0.07292 0.13542 0.00000 0.05208 0.06250 0.03125 0.03125 0.02083 0.02083 0.08333
GNM12896                       0.02083 0.09375 0.05208 0.06250 0.00000 0.03125 0.04167 0.10417 0.03125 0.03125 0.06250 0.15625 0.03125 0.05208 0.05208 0.04167 0.02083 0.02083 0.03125 0.06250
GNM12897                       0.02083 0.10417 0.05208 0.05208 0.00000 0.03125 0.05208 0.10417 0.03125 0.05208 0.06250 0.13542 0.01042 0.05208 0.05208 0.03125 0.04167 0.02083 0.03125 0.06250
GNM12902                       0.07292 0.13542 0.05208 0.04167 0.00000 0.01042 0.09375 0.07292 0.04167 0.04167 0.05208 0.09375 0.01042 0.05208 0.04167 0.06250 0.00000 0.02083 0.03125 0.07292
GNM12903                       0.05208 0.15625 0.04167 0.03125 0.00000 0.01042 0.07292 0.06250 0.03125 0.08333 0.06250 0.09375 0.01042 0.03125 0.04167 0.02083 0.03125 0.02083 0.03125 0.11458
GNM12906                       0.06250 0.15625 0.04167 0.04167 0.00000 0.02083 0.07292 0.06250 0.03125 0.06250 0.09375 0.08333 0.00000 0.03125 0.04167 0.01042 0.03125 0.02083 0.03125 0.10417
GNM12907                       0.05208 0.15625 0.03125 0.04167 0.00000 0.02083 0.06250 0.07292 0.03125 0.05208 0.09375 0.09375 0.00000 0.03125 0.05208 0.01042 0.02083 0.02083 0.03125 0.12500
GNM12909                       0.05208 0.13542 0.03125 0.04167 0.00000 0.02083 0.06250 0.06250 0.03125 0.07292 0.08333 0.11458 0.00000 0.03125 0.05208 0.04167 0.01042 0.02083 0.03125 0.10417
GNM12915                       0.04167 0.12500 0.02083 0.02083 0.00000 0.03125 0.07292 0.06250 0.03125 0.07292 0.10417 0.13542 0.01042 0.02083 0.07292 0.05208 0.01042 0.04167 0.02083 0.05208
GNM10046                       0.05208 0.11458 0.02083 0.02083 0.00000 0.02083 0.08333 0.06250 0.03125 0.07292 0.09375 0.13542 0.01042 0.02083 0.07292 0.05208 0.01042 0.04167 0.02083 0.06250
GNM12918                       0.04167 0.14583 0.02083 0.02083 0.00000 0.02083 0.08333 0.06250 0.03125 0.07292 0.10417 0.11458 0.01042 0.02083 0.07292 0.05208 0.01042 0.04167 0.02083 0.05208
GNM12931                       0.02083 0.10417 0.03125 0.04167 0.00000 0.00000 0.05208 0.08333 0.04167 0.06250 0.10417 0.14583 0.03125 0.03125 0.08333 0.02083 0.02083 0.03125 0.02083 0.07292
GNM12938                       0.06122 0.10204 0.02041 0.06122 0.00000 0.02041 0.05102 0.07143 0.01020 0.15306 0.10204 0.13265 0.00000 0.03061 0.03061 0.04082 0.02041 0.02041 0.03061 0.04082
GNM12996                       0.02041 0.12245 0.06122 0.05102 0.00000 0.03061 0.03061 0.06122 0.02041 0.04082 0.10204 0.11224 0.00000 0.05102 0.04082 0.07143 0.02041 0.01020 0.03061 0.12245
GNM13018                       0.01020 0.11224 0.07143 0.04082 0.00000 0.03061 0.03061 0.06122 0.02041 0.04082 0.10204 0.13265 0.00000 0.04082 0.04082 0.07143 0.02041 0.01020 0.04082 0.12245
GNM13027                       0.03061 0.07143 0.04082 0.05102 0.00000 0.01020 0.06122 0.06122 0.01020 0.09184 0.09184 0.17347 0.02041 0.05102 0.05102 0.05102 0.01020 0.02041 0.03061 0.07143
GNM13046                       0.03125 0.09375 0.05208 0.04167 0.00000 0.02083 0.05208 0.09375 0.03125 0.07292 0.05208 0.15625 0.00000 0.05208 0.06250 0.04167 0.03125 0.02083 0.03125 0.06250
GNM13053                       0.08333 0.13542 0.05208 0.06250 0.00000 0.02083 0.03125 0.10417 0.01042 0.02083 0.12500 0.08333 0.01042 0.02083 0.06250 0.03125 0.02083 0.02083 0.02083 0.08333
GNM13074                       0.06250 0.12500 0.02083 0.02083 0.00000 0.02083 0.07292 0.06250 0.02083 0.06250 0.09375 0.12500 0.02083 0.03125 0.07292 0.05208 0.01042 0.04167 0.01042 0.07292
GNM10010                       0.09375 0.13542 0.02083 0.02083 0.00000 0.02083 0.07292 0.06250 0.02083 0.07292 0.07292 0.10417 0.01042 0.03125 0.07292 0.05208 0.02083 0.04167 0.01042 0.06250
GNM10014                       0.08333 0.12500 0.02083 0.02083 0.00000 0.02083 0.07292 0.07292 0.02083 0.05208 0.08333 0.10417 0.02083 0.02083 0.07292 0.05208 0.02083 0.04167 0.02083 0.07292
GNM13090                       0.08333 0.14583 0.02083 0.02083 0.00000 0.02083 0.07292 0.06250 0.02083 0.05208 0.09375 0.09375 0.02083 0.02083 0.07292 0.05208 0.01042 0.04167 0.02083 0.07292
GNM13118                       0.05155 0.12371 0.03093 0.03093 0.00000 0.02062 0.05155 0.08247 0.04124 0.07216 0.10309 0.11340 0.01031 0.05155 0.05155 0.05155 0.01031 0.02062 0.01031 0.07216
GNM13126                       0.04167 0.13542 0.04167 0.02083 0.00000 0.03125 0.09375 0.05208 0.05208 0.04167 0.07292 0.08333 0.01042 0.04167 0.04167 0.09375 0.00000 0.02083 0.03125 0.09375
GNM13128                       0.07292 0.12500 0.04167 0.03125 0.01042 0.02083 0.08333 0.05208 0.04167 0.06250 0.06250 0.11458 0.01042 0.03125 0.04167 0.06250 0.00000 0.02083 0.04167 0.07292
GNM13208                       0.07292 0.16667 0.02083 0.04167 0.00000 0.04167 0.06250 0.08333 0.03125 0.06250 0.07292 0.06250 0.01042 0.03125 0.06250 0.01042 0.01042 0.01042 0.03125 0.11458
GNM13210                       0.04167 0.09375 0.05208 0.01042 0.00000 0.01042 0.04167 0.09375 0.03125 0.06250 0.08333 0.11458 0.01042 0.04167 0.07292 0.06250 0.03125 0.03125 0.02083 0.09375
GNM12773                       0.05208 0.13542 0.03125 0.02083 0.01042 0.01042 0.06250 0.05208 0.05208 0.07292 0.08333 0.10417 0.01042 0.01042 0.05208 0.05208 0.03125 0.02083 0.05208 0.08333
GNM12769                       0.04167 0.14583 0.06250 0.02083 0.00000 0.01042 0.07292 0.06250 0.01042 0.10417 0.08333 0.11458 0.02083 0.03125 0.05208 0.07292 0.01042 0.03125 0.02083 0.03125

Homogeneity statistic: X2 = 20.23541 G = 20.06510 

Average                        0.05109 0.12286 0.03939 0.04177 0.00119 0.02453 0.05733 0.08235 0.03056 0.06224 0.07632 0.12076 0.00939 0.03042 0.05565 0.04535 0.02180 0.02054 0.02937 0.07710
(Ambiguity characters are used to calculate freqs.)


# constant sites:      4 (4.00%)

TREE #  1:  ((((((((45, 147), 132), (61, 96)), 97), 98), (((134, 135), (99, 60)), (133, 136))), ((((((126, 125), 128), 127), 146), (63, 44)), 143)), ((((((((((((((((((46, 47), ((48, 50), 21)), 49), 59), (52, 56)), 26), (((72, 20), (23, 22)), 42)), ((((((((55, 53), 54), 51), 121), (18, 6)), (((58, (27, 39)), 7), (89, 19))), ((10, 70), 120)), 76)), 137), (((90, 75), 17), 91)), (((122, 74), 123), 40)), (((((80, 5), 79), (73, 12)), (30, 81)), (13, 69))), (82, 41)), (88, 71)), ((((85, 86), 43), (14, 138)), ((37, 11), 57))), ((((1, 83), 84), (8, 2)), 38)), ((((35, 36), (3, 33)), (4, 31)), (34, (32, 87)))), (((((((25, 29), 28), (148, 24)), (67, 68)), 64), (149, 66)), ((16, 15), 65))), (((((((((((113, 111), 112), 102), 110), 101), (((109, 107), 115), 106)), ((((94, 9), 95), (92, 119)), 93)), (62, 77)), ((145, 144), (78, 124))), ((((((105, 104), 103), 118), 100), ((114, 116), 117)), 108)), ((((140, 141), 142), 139), ((131, 129), 130))));   MP score: -1
lnL(ntime:295  np:296): -11374.134984      +0.000000
 150..151 151..152 152..153 153..154 154..155 155..156 156..157 157..45  157..147 156..132 155..158 158..61  158..96  154..97  153..98  152..159 159..160 160..161 161..134 161..135 160..162 162..99  162..60  159..163 163..133 163..136 151..164 164..165 165..166 166..167 167..168 168..169 169..126 169..125 168..128 167..127 166..146 165..170 170..63  170..44  164..143 150..171 171..172 172..173 173..174 174..175 175..176 176..177 177..178 178..179 179..180 180..181 181..182 182..183 183..184 184..185 185..186 186..187 187..188 188..46  188..47  187..189 189..190 190..48  190..50  189..21  186..49  185..59  184..191 191..52  191..56  183..26  182..192 192..193 193..194 194..72  194..20  193..195 195..23  195..22  192..42  181..196 196..197 197..198 198..199 199..200 200..201 201..202 202..203 203..55  203..53  202..54  201..51  200..121 199..204 204..18  204..6   198..205 205..206 206..207 207..58  207..208 208..27  208..39  206..7   205..209 209..89  209..19  197..210 210..211 211..10  211..70  210..120 196..76  180..137 179..212 212..213 213..214 214..90  214..75  213..17  212..91  178..215 215..216 216..217 217..122 217..74  216..123 215..40  177..218 218..219 219..220 220..221 221..222 222..80  222..5   221..79  220..223 223..73  223..12  219..224 224..30  224..81  218..225 225..13  225..69  176..226 226..82  226..41  175..227 227..88  227..71  174..228 228..229 229..230 230..231 231..85  231..86  230..43  229..232 232..14  232..138 228..233 233..234 234..37  234..11  233..57  173..235 235..236 236..237 237..238 238..1   238..83  237..84  236..239 239..8   239..2   235..38  172..240 240..241 241..242 242..243 243..35  243..36  242..244 244..3   244..33  241..245 245..4   245..31  240..246 246..34  246..247 247..32  247..87  171..248 248..249 249..250 250..251 251..252 252..253 253..254 254..25  254..29  253..28  252..255 255..148 255..24  251..256 256..67  256..68  250..64  249..257 257..149 257..66  248..258 258..259 259..16  259..15  258..65  150..260 260..261 261..262 262..263 263..264 264..265 265..266 266..267 267..268 268..269 269..270 270..113 270..111 269..112 268..102 267..110 266..101 265..271 271..272 272..273 273..109 273..107 272..115 271..106 264..274 274..275 275..276 276..277 277..94  277..9   276..95  275..278 278..92  278..119 274..93  263..279 279..62  279..77  262..280 280..281 281..145 281..144 280..282 282..78  282..124 261..283 283..284 284..285 285..286 286..287 287..288 288..105 288..104 287..103 286..118 285..100 284..289 289..290 290..114 290..116 289..117 283..108 260..291 291..292 292..293 293..294 294..140 294..141 293..142 292..139 291..295 295..296 296..131 296..129 295..130
 0.064328 0.178654 0.035668 0.022489 0.110164 0.145256 0.098048 0.177988 0.198208 0.163529 0.015470 0.287109 0.216819 0.207550 0.496181 0.181456 0.000000 0.275890 0.041813 0.014304 0.082720 0.273282 0.257771 0.168161 0.200089 0.273809 0.054478 0.096236 0.129046 0.141076 0.043832 0.044331 0.052044 0.061038 0.066036 0.000000 0.171701 0.097292 0.409049 0.419023 0.319846 0.020346 0.000000 0.012794 0.108952 0.021948 0.075556 0.052714 0.229796 0.043483 0.061754 0.000191 0.016330 0.000000 0.018848 0.028312 0.000000 0.000000 0.000000 0.000000 0.000000 0.000000 0.000000 0.009283 0.000000 0.009121 0.010694 0.000000 0.047014 0.047515 0.000000 0.175793 0.099007 0.044686 0.047629 0.000000 0.000000 0.000000 0.000000 0.000000 0.114685 0.012722 0.078646 0.038563 0.098293 0.000000 0.009439 0.000000 0.000000 0.000000 0.000000 0.000000 0.000000 0.009427 0.009659 0.029083 0.009416 0.000000 0.035294 0.036743 0.057924 0.011372 0.000000 0.000000 0.012284 0.033412 0.000000 0.009259 0.054879 0.021775 0.000000 0.000000 0.074029 0.271937 0.083404 0.000000 0.035659 0.066316 0.039200 0.081756 0.092876 0.081144 0.124604 0.000000 0.023136 0.021280 0.029688 0.029021 0.042552 0.000000 0.087536 0.000000 0.034651 0.038051 0.070707 0.022720 0.079518 0.167514 0.000000 0.028090 0.105120 0.009332 0.000000 0.119673 0.050805 0.131411 0.274496 0.000000 0.000000 0.142777 0.000000 0.000000 0.039295 0.146984 0.236376 0.138556 0.029943 0.091199 0.091151 0.069092 0.259042 0.221504 0.014567 0.336629 0.065297 0.173502 0.091336 0.028623 0.042640 0.115248 0.278429 0.097955 0.027199 0.168476 0.246318 0.000000 0.000000 0.300703 0.161917 0.000000 0.114144 0.121916 0.042696 0.006356 0.061876 0.063007 0.156885 0.388472 0.033560 0.035243 0.042133 0.110714 0.058533 0.092600 0.197231 0.078636 0.044416 0.085948 0.060743 0.000000 0.113781 0.058661 0.215456 0.168535 0.207876 0.297818 0.238757 0.119612 0.193189 0.040441 0.056451 0.220509 0.090762 0.506297 0.220055 0.110765 0.219796 0.000000 0.000000 0.287397 0.086523 0.077305 0.076644 0.046476 0.121565 0.034263 0.009076 0.000000 0.241266 0.177061 0.071944 0.039933 0.017185 0.086935 0.127283 0.398015 0.564902 0.205647 0.000000 0.078045 0.381998 0.230584 0.351327 0.393515 0.261720 0.012931 0.060885 0.024347 0.124687 0.101398 0.090741 0.000000 0.067129 0.119005 0.088386 0.135881 0.119166 0.222529 0.185166 0.129229 0.088698 0.106654 0.156504 0.192717 0.035868 0.000000 0.000000 0.165117 0.059012 0.121417 0.113485 0.141911 0.110738 0.158594 0.055530 0.098608 0.147500 0.054017 0.448386 0.151488 0.119822 0.192321 0.186471 0.026512 0.088913 0.020013 0.049015 0.019493 0.000000 0.033391 0.032305 0.040038 0.016505 0.013010 0.000000 0.950187
