
Printing out site pattern counts


       145        104  P

GNM13746                        --AAAAACDD DDDEEEEEEE EFFFGGGGGG HHIIIIIIII IIIIKKKKKK KKKKKKKKKK KKLLLLLMMN NNNPPQQRRS SSSSSSTTVV VVVVVVVVVV VWYY
GNM13538                        FKAAGRVADD DESEEEEMNV YDFSCDGGGH FSEIIIIIKL LTVVADGIKK KKKKKNPRRR SVILLLLAMD KNNPPIKRYA ENRSTVKKEF IIILMMVVVV VWFM
GNM13876                        HTAA---ADD G-S-EVVMSS SDVQGDDGVE RHRLVVVVVS VAFVRKSL-- DIKKT-V--P TVL--MVAMD KNSAPVKRHA EDS-W-RVEF ILVPKVRVVV VW-M
GNM13680                        HTAATKLADD GEDESIQMAK SDMVGDSGAE FHELIVVVII LCYVKNGVGK KKEKKDSGSK AILLLLLAMD KNNPPFKRYA EKSSTLKTEF ILVAYVTVVV VWVE
GNM14837                        QSAATIVADD DEAEEVEMED SEFKGSSGGG FHELLMVVVT ICHVEKHCSK KRKKKKESSK NILILLILMA KNKPPNKRYS SNSSMLVKQF IIVFEISIVV VWLV
GNM14249                        QSAATTVADD DESAELEMDE NEFKGKSGGG FHELLMVVVT ICHVESHCSK KKKKKKESSK AIVILMIAMK KNKPPNKRYS SNSSTLVKQF ILVFEISILV VWLV
GNM13928                        QSAATTVADD DEAVEVEMEE TEFKGKSGGG FHELLMVVVT ICHVEKHCSK KRKKKKESSK KILILMILMS KNKPPNKRYS SNSSTLVKQF IIVFEISIVV VWLV
GNM13297                        FKAAGRVADD DESEEEEMNV YDFSCDGGGH FSEIIIIIKL LTVVADGIKK KKKKKNPRRR SVILLLLAMD KNNPPIKRYA ENRSTVKKEF IIILMMVVVV VWFM
GNM14865                        HTAAISIADD GEDADFEADV VELRGDGGVG FHELLVVVAL VSVVEEGVDS EDESADSEDS -VLLLKVLMD SSSNPHKRHA ADGRTCATEI IIVVKVRIVV VFHE
GNM13455                        QSAATTVADD EESEELEMED HEFKGKSGGG FHELIMVVVI ICHVEGHCAK MKKKKKESSK SIIILMILMP KNKPPNKRYS SNSSTLIKEF IMVVEVSIVV VWLI
GNM14938                        ARAALRLADD EDSQEGVLTQ AEYEGEGGVG HQEILVVVVA VLLISKSVKK ARSKREAKSP SHLLLMFLMD RNNTPHQRHA EASSYRRVEF IVVARIFVVV VHRV
GNM14483                        NKAASKIADD GDSEEAEETS SEYLGAGGLS FHIIVLAICN FLTIAKGVAR KRKKQQWERR AVTLMMVAMD KNNPPWRRHS SDGSVIKREG ILVASLKVIC VWVV
GNM14872                        HTAA--MADD G-D-TFQMQK SDIIGDSGSE FHELIVVVVV LCYVKEGT-- KKDKK-SK-K TIL---LALD -NNPP-KRYA EKS-R-QVEF ILVMYV-VVV VW-E
GNM13855                        FKASTILADD DDDRRVESNQ SDFLGEGGIS FHNLIIVIIV ICFVKDKGDK KKNKKKSEKR TVLMI-LALD -NNPP-KRYA DKSSTLKVEF ILVYQI-VVI VW-E
GNM14404                        YKAAAKLADD GEDIVCERGK KDIKGGGGLG HHRIIIVIVI LCVLGRSASR EREREEVKRP SILIVLYIMD KTNPPRKAYA EDSRFLCVDF IIVTRIRIVA VWDK
GNM14545                        YKAAAKLADD GEDIVCERGK KDIKGGGGLG HHRIIIVIVI LCVLGRSASR EREREEVKRP SILIVLYIMD KTNPPRKAYA EDSRFLCVDF IIVTRIRIVA VWDK
GNM14366                        QSAATEIADD GDSNELEMNA SEFRGSSGGG FHELIMVVIV ICYVESKCAK KREKKRESTK AILIVLLMME KNDPPNKRYA QNSSTLVREF ILVFVVSVVV VWLV
GNM14252                        QSAATTVADD DESAELEMDE NEFKGKSGGG FHELLMVVVT ICHVESHCSK KKKKKKESSK KIVILLILMN KNKPPNKRYS SNSSTLVKQF ILVVELSILV VWLV
GNM13760                        QSAATAVADD DESAELEMEE SEFKGQSGGG FHELLMVVVT ICHVEKHCAK KKKKKKESSK EIMILLILMN KNKPPNKRYA SNSSMLIKQF IIVFEISIVV VWLV
GNM13982                        QSAATIVADD DEDQELEMDD YEAKGDSGGE FHELIMVVVT LCYVSKNCTK KKKKKKESSK NIIILLILMN KNKPPNKRYS SNSSQLVKEF ILVFELTILV VWLV
GNM13960                        QSAATELADD GEPKQVEMKD YEFKGESGGG FHELIVVITT ICHVEKHCAK RIKKKEDNSK EIEIILILMN KNKPPNKRYA SNSSIFITQF IMVFEVSVIV VWLI
GNM14633                        QSAATIVADD DEDQELEMDE FEAKGDSGGD FHELIMVVVT LCYISKNCTK KKKKKKESTK SIEILLILMK KNKPPNKRYS SNSSQLVKEF ILVFELTILV VWLV
GNM14853                        QSAATIVADD DEDQELEMDE FEAKGDSGGD FHELIMVVVT LCYISKNCTK KKKKKKESTK SIEILLILMK KNKPPNKRYS SNSSQLVKEF ILVFELTILV VWLV
GNM14174                        HKAAVEVADD GQDQNVEMKR KDIEGDSGID YHNILVIIIL VCVMSRGLKS EKKQKNESKP NVLLIQYVMN RNNSPHKAFS ADSKVLVVEF IVVPAVKVIV VWSH
GNM14055                        QSAATQIADD GKSEEVEMKK SEFIGDSGGD FHELIVVIFT ICHVKEQCAK RNKKKEDNSQ EIEIILILMT KNKPPNKRYA DNSSVLIKYF IIVFEISVIV VWLM
GNM14748                        HTAATKIADD GESAEVEMEE NEFKGKSGGK FHELLMVVVT ICHIEKHCSK RKQKKKESSK NIVILLILMD KNKPPNKRYS SNSSELVKHF ILVFEISILV VWLV
GNM14246                        HRAAAEFADN NEDQVIEMKK KDLVGDGGIG HHNLTIIVLI TCVVNRGLKE EGKQKDESKP TVLLLPFMMN RNNPPHKAYA QDSKLLVVKF VIVPKARIVV IWFL
GNM14640                        HRAATDFMDD NEDKAVEMKK KDLVGDGGFR FHNLFVIVVI ICNIKSGLRE ERKHELDSKP NVLLLPFMMD RNKPPYKAHA QDSKVLVVEF VIVPKVRIVI LWFF
GNM14965                        YTAASLIADD DEDVIFQMSA SDFLGGSGAN FHELIVVIVQ LCYVKSKTAK KKDNKDNRTK SILLL-LAME -NNPP-KRYA EKSSYMKTQF ILVGYI-VVV VWME
GNM13677                        HTAAFRLADD GESAEVVMSS SDAEGDDGVG RHRLVVVVVS VAFVQKSLES DAKKTPVRSP TVLLLLVAMG KNSAPRKRHA EDSSWLRVEF ILVPRVRVVV VWSM
GNM14339                        NRAATRAADD GDDRMAEMSQ SDIRCGGGLG KHRLLILVVW LALISDGVRK ARERAEVASA PLLLLLYLMD RNGPPHRGHA SDSSICRVEF VIVARAFAVV VWRV
GNM14593                        HRAASKLADD GDDRSVQMVK TDITCDNGLK HHNILILVKK IVIIRNGVAK FKKKEEVKKP TVLLFLYFMG KNNPPNKRYA DDVSIIRIEF VIVPKAAVVV VWYV
GNM13825                        GRAALKLADD GDSAEGELSM AEYEGDGGLG HQEIVVVVVV VLMISRSVRK AKAKRETRSP SHLLLLLAMD RNNPPHQRRA EASSYRRVEF IVVARIFVVV VHRL
GNM14768                        NRAASRLSDD GDSREKEMEI ADIRSDGGVG HHKILILVIS IAFVSELVLK NREKGERKRP AVLLFMYCME RNRPPGKRHA EDLSILRRQF VIVTRAAIVV IWYM
GNM14776                        NRAASRLSDD GDSREKEMEI ADIRSDGGVG HHKILILVIS IAFVGEFVLK NREKGERKRP AVLLFMYCME RNRPPGKRHA EDLSILRRQF VIVTKAAIVV IWYM
GNM14715                        KKAASKLVDD GDPGEAEESE SEYRGKGGLD FHAILLVICK FIAVAKGVVH ERKKPAWERR SVTLMLVAME KNNPPWRRHA ADGSVIRREG ILVAEVRVVC VWVV
GNM14639                        HAAAAEIADD DDNKENASNE SDYKGNGGLK YHIVIILIAI ICIINSNCKK RKDKLEDKKP KILLIVFAMG HNRPPFKRYA SKKSKEKVEF ILVFPLQVII VWYV
GNM13795                        HTAATKIADD DESTEVEMEE NEFKGKSGGG FHELLMVVVT ICHVEKHCSK RKQKKKESSK SIVILLILME KNKPPNKRYS SNSSELVKQF ILVFEISILV VWLV
GNM14166                        HAAAIKMSDD DDSEELEATS KEYKGDSGGS FHELIVVILT LCHIQNNCSK VKKKKDETSK TILIVLIMMD KNNPPHKRYA DNSSVMVKEF ILVFEVSVVV IWNV
GNM13993                        HDAAIELADD NESSEVDKSL KEIKGSGGSN FHNLIVLISS ICFVPKDVNK KNEKTEDNRP SVLLLMLLMS KNKPPKQRFS ENSSVLSKEF ILVNMVIIIV VWFH
GNM14450                        HKAASFVADD DDAEEINMLQ SDFIGDSGTD FHKLIIVIVT VCIVNSGVNK QKNKKEENSR TVLLILLVMS RNNPPYKRYA KNSSTMKVEF IMIYQIKVVV VWTV
GNM13515                        QSAATQVADD DEHDEIEMSK NEYKGESGGN FHELIMVVVV ICHVSSQCSK KKKKKNESTK EILMV-LMMD -NNPP-KRYS SNSSMLVKYF ILVFEV-IVV VW-V
GNM13745                        HLAAKLIADD NESIEIEQKL IEIRGTGGSS FHKIIIIISI ICIVQHAVNK KDSQKDDDRR NLLLLMIIMD KNNPPHTRFT TNKSTFVKHF ILVNPILIIV VWYY
GNM14030                        HLAAIQLADD DESLEVEKDL KEIKGDGGSY FHNLLVVISH ICIINDNVNK KAKTQENNRQ DVMLLMLMMK KNKPPRKRYT SNSSIIIVEF ILVSVIIIIV VWFY
GNM14959                        -KAAIAVADD GDTEEVLDSR TDIVGDGGVD HHNIVIVVVL VVYIGEGLKN EKKKVNNGKP SLLLLVYMMD KVNPPYRRHS DDASTSKKEF IIVYKIRIVV LWFM
GNM13413                        GEAARELADD GDDLALAKRK SDTTGQGGVK AHSILVLVYL YLYLKEGARK EDKKAGGQKQ NLLLIMILMN KVGPPYRVRA EDSSLTVVSF ILVVKVRVLA VCPI
GNM14971                        QSAATELADD GESKQVEMKD YEFKGESGGG FHELIVVITT ICHVEKHCAK RIKKKEDNSK EIEIILILMN KNKPPNKRYA SNSSIFITQF IMVFEISVIV VWLM
GNM15005                        QSAATALADD GEPKQVEMKD YEFKGESGGG FHELIVVITT ICHVEKHCAK RIKKKEDNSK EIEIILILMD KNKPPNKRYA KNSSIFITQF IMVFEISIIV VWLI
GNM15013                        QSAA---ADD G-P-QMEMKD SEFKGESGGW FHELIVVITT ICHVEKHC-- RIKKK-D--K EIE---ILMR -NKPP-KRYA RNS-I-ITQF IMVFEI-VIV VW-M
GNM15014                        QSAATQIADD GESKEIEMNE YEFKGESGGE FHELIVVVTT ICHVEKNCSK KDKKSEDKSK DIEIILIAMN KNKPPNKRYA KNSSTLITDF IMVFEISVVV VWLI
GNM14976                        QSAATALADD GEPKQVEMKD YEFKGESGGG FHELIVVITT ICHVEKHCAK RIKKKEDNSK EIEIILILMN KNKPPNKRYA KNSSIFITQF IMVFEISIIV VWLM
GNM15018                        QSAATTVADD DESAELEMGE SEFKGKSGGG FHELLMVVVT ICHVESHCSK KKKKKKESSK KIVILMIAMR KNKPPNKRYS DNSSTLVRQF ILVFEVSILV VWLV
GNM14980                        QSAATTVADD DESAELEMGE SEFKGKSGGG FHELLMVVVT ICHVESHCSK KKKKKKESSK KIVILMIAMR KNKPPNKRYS DNSSTLVRQF ILVFEVSILV VWLV
GNM15000                        QSAATTVADD DESAELEMGE SEFKGKSGGG FHELLMVVVT ICHVESHCSK KKKKKKESSK KIVILMIAMR KNKPPNKRYS DNSSTLVRQF ILVFEVSILV VWLV
GNM15026                        HSAATQISDD GESQEVEMEK NEFKGESGGG FHELIVVIFT ICHVEKHCAK KDKKSLDNSK KIKIIMIIMT KNKPPNKRYA ENSSVLTLYF ILVFELSVVV VWLI
GNM15001                        QSAATTVADD NESAELEMDE SEFKGKSGGG FHELLMIVVT ICHVESHCSK KKKKKKESSK KIVILMIAMK KNKPPNKRYS DNSSTLVRQF ILVFEVSILV VWLV
GNM15027                        YKAAAKLADD GESEELEMTQ YDIEGDGGLD FHKVVIVVAM LCLVKAQVER LKIKKNSLER QVSVIMLAMD KNNPPRKRYA ENSPMYKKEF VLVAPISVVI VWSV
GNM15019                        HTAATKVADD GESSEVEMEE SEFKGKSGGG FHELLMVVVT ICHIEKHCAK KRQKEKESSK NIMILMILMD KNKPPNKRYS SNSSELVKQF ILVFEISILI VWLV
GNM11003                        EMAATKIADD GESEDV-EKE STIKMDGGLG AHKIIVVVIF YLGVKEGAEE EEKRPENKKR KLLLLMYAFD QNKPPHKVYV EDKSKLTKKC ILVAKSRVLF IWFI
GNM11023                        TEAARRLMDD GEDSALHKAE VYLVGDGGVG AHEVVLVALT IAVVTGRARK RARRRESKKI KLELLLILMD ERKGPRTIRA SHSSLLLVKF VVVPRVAALA VWAV
GNM11055                        KGAAAEVADD GENKEMEEGV RVIVGDKGVN FHKIFVVLEL VMVVKYDFKK DKKKEAREKK -ILLVMIMMD RNNYPRSKHA EDGRTSTVDI IIVPKVRVVA VWRC
GNM11146                        -GAAIEVADD GDSREAPESI VSVVTEDGIN PHRIIIVVVR IAIVKEGLKK EYKRPNSPKK NVLLLIYVMM NNTPPHRRHS DDSSQMKRKF IIVVKLRVVV VWMY
GNM11219                        YRAALEAADD GEGREVEMER SDLRGDGGID HHRLLIIIEL VCAVQEGVRR ERKRPEEGRP SVLML-YLMD -NNPP-KAYA EDSKVRRVEF VLVARV-VVV VW-V
GNM11220                        HRAAIEVADD GSSSEWEMES KDFRADGGVG HHRLIIVVAV VALIEKGAKV ERKREKVERP TVLLVPYAMD YNNPPYRLHS EDSNVVVVRF VIVTRFRVVG VWRV
GNM11224                        HRAA-ELADD D-D-TIEMKK RDIRGDGGSG HHKLLIVILL VCLVSRGL-- EKKHKAER-P SVL---FVMN -NNPP-RAYA EDS-VMVLEF ILVPRV-VVV VW-T
GNM11225                        NRAAAGVADD GGGRGVEMKR RDIQADGGIG YHGILIVVVL ICLVGERIRK EEKKEGDSRP MVLMLVYAMN KNRPPFRAYS EDSKILLVEF ILVPRLRVVV VWFL
GNM11358                        YKASTTISDD NDDKNIESQK SEFIGDGGIS FHNLIIVIVV ICFVKEGVEK KKNKKKEGKK EVLIILLALD KNNPPYKRYA IKSSILKVEF ILVYQITVVI VWVE
GNM11360                        QSAA---ADD E-S-ELEMED HEFKGKSGGG FHELIMVVVI ICHVEGRC-- MKKKK-E--K SII---ILMP -NKPP-KRYS SNS-T-IKEF IMVVEV-IVV VW-I
GNM11362                        YRAAIRIADD GDSVDLEMSR SDFIGGGGGG HHEIIVVVIV ICIVDNGGDK KRYKKQERSK AISLIMLAME RNNPPYKRYA NDSSTMNVEF IKVYVVEVVV VWHV
GNM11367                        QSAATIVADD DEDQELEMDD YEAKGDSGGE FHELIMVVVT LCYVSKNCTK KKKKKKESSK NIIILMILMN KNKPPNKRYS SNSSQLVKEF ILVFELTILV VWLV
GNM11377                        HTAA--MADD G-D-AFQMQK SDIIGDSGSD FHELIVVVVV LCYVKEGT-- KKDKK-SK-K AIL---LALD -NNPP-KRYA EKS-K-QVEF ILVMYI-VVV VW-E
GNM11380                        HVAAIKMADD DDSSELESTA KEYKGDSGGS FHELIVAILT MCHVQKNCSK VKKKKDESSK NILLVMIMMD KNNPPHKRYA TNSSIVVKEF ILVFEISVVA IWNI
GNM11383                        QSAATQIADD GESEELEMNV SEYRGQSGGG FHELIMVVIV ICYVESKCAK KKEKAKEITK DILIVMIMME KNNPPNKRYS KNSSMLIREF ILVSIISIVV VWLV
GNM11491                        QSAASEIADD GETAELEMKE SEYRGDSGGG FHNIIMVVVV LCHVGGHCNK RKKKLGEGSS AILVIMIGMD KNKPPNKRYS SNSSTLVTEF ILVFEVSVVI VWFA
GNM11804                        KEAAAEIADD GESKEVESEL RVLIGDNGIG FHKLFIVTVL AIVVKEYYKK EKKREEEKKN -ILLVMIMMN KNNGPKTKHA ADGRVLVVEI IVVPKVRVVA CWMC
GNM11805                        -ESAYKLADD GDSAAIMNRM NNVRGDNGFG HHKIMLVVVY VMEIKDGFRK EKEKKENSKP SLNLFMYIFS SINHPHLAYA DNGSTMKVTI ILVYEVKILA VMID
GNM12892                        YTAASLIADD DEDVIFQMSA SDFLGGSGAN FHELIVVIVQ LCYVKSKTAK KKDNKDNRTK SILLL-LAME -NNPP-KRYA EKSSYMKTQF ILVGYI-VVV VWME
GNM12895                        HKAASFVADD DDAEEINMLQ SDFIGDSGTD FHKLIIVIVT VCIVNSGVNK QKNKKEENSR TVLLIMLVMS RNNPPYKRYA KNSSTMKVEF IMIYQIKVVV VWTV
GNM13060                        --AAAAACDD DEDEEEAEDE ENFVGGGGGG HHNLIIVVAI VVIIKKGKKK KKKKKKNKKK KKLLI-LMMN -NNPPMHRRS ESKSSSTTLV ILVIVV-VVV VWYY
GNM13061                        --AAAAAADD GEDEEEGDSI NAAVGSGGGG HHDLLVVRAV VLIIKAQLKK RRKKKESKKP SKLLVMLAMP KNNPPRERWS ANYSAAKVEI IMVPVVVVVI VWYY
GNM13064                        HDAAIELADD NESSEVDKSL KEIKGSGGSN FHNLIVLISS ICFVPKDVNK KNEKTEDNRP SVLLLMLLMS KNKPPKQRFS ENSSVLSKEF ILVNMVIIIV VWFH
GNM13066                        HVAAIRLADD GESSEIEKDL KEVKGDGGSD FHNLLVIISS ICFISEDVNK KYQKKENIRP VVLLLMFLMS KNKPPKQRFT ENSSVVSKEF ILVNMIIIIV VWFN
GNM11034                        ARAALRLADD GDPQEGVLAR AEYEGEGGVG HQEILVVVVV VLLISRSVRK ARSKAESKSP SHLLLMLIMD RNNPPHQRRA EASSYRRVEF IVVARVFVVV VHRV
GNM11363                        YRAAIRIADD GDSVDLEMSR SDFIGGGGGG HHEIIVVVIV ICIVDNGGDK KRYKKQERSK AISLIMLAME RNNPPYKRYA NDSSTMNVEF IKVYVVEVVV VWHV
GNM11375                        QSAATTVADD EEPSELEMEE SEFKGQSGGG FHELLMVVVT ICHVEKHCAK KKKKKKESSK KIMILMILMD KNKPPNKRYA SNSSMLIKQF IIVFEISIVV VWLV
GNM11381                        QSAATQIADD GESEELEMSA SEYRGQSGGG FHELIMVVIV ICYVESKCAK KKEKKSESTK EILIVMIMME KNNPPNKRYA KNSSMLIREF ILVSIISIVV VWLV
GNM11382                        QSAATEIADD GESDELEMVP SEYRGQSGGG FHELIMVVII ICYVEAKCAK KTEKKKESTK TILIVMILME KNNPPNKRYA NNSSTLVKEF VMVVQVSIVV VWLV
GNM11799                        QSAATQIADD GESKQVEMDD YEFKGQSGGG FHELIVVITT ICHVEKNCAK RIKKNEDNSK EIKIIMILMN KNKPPNKRYA MNSSTLITEF IMVFEISVVV VWLM
GNM11841                        HSAAVALADD DEDTDFEADV IELRGDGGVG FHELLVVVKL VSVVSEGVDS EDKSATDSDS -VQLIKVMMD SSDHPHKRHA DDGRTTNTEI ILVFKVRIIV VFHT
GNM11931                        HAAAIALADD GDDEEYAAED VELRGDGGVG FHELLVVVRL ISVVTAGVDS EESSADERDS -VLLISVMMD SSDGPHKRHA TDGRTGQTTI ILVTKVRIVV VFHV
GNM12040                        HTAAIEIADD GEDTEYEADI VELRGDGGAD FHSLFVVILL VSVIDDNLDT EDESAAAEDS -VLLLKVLMD SSNSPHKRHA DDGRTTVVEI IIVVKVRIVV VYHV
GNM12071                        HTAAIAVADD GDDANFEADV IELRGDGGVG FHELLVVIFL LSVVREEVTS EEESEEAADS -VLLIKVMMD SSGGPHKRHA DDGRTRAVEI IIVVKVRIVV VYHV
GNM12125                        RSAAKKLADD GDSRDIPEEP YEYEHDGGVS PHKLIIIVKI MSLVSERVKK ERRKPEEARK GVLLLMYIMD RRRPPWLRYA KDSSVLVVVF ILVPRSRILV VWQI
GNM12126                        LNAAKKVADD GEDLEVEKEE SSLLGDGGVG YHKIVVVVVF VTRVKSKLKK KDKRKKDEKP KLLLLLYAME LNRPPRFRYA EDKSVLRITF ILVPKIRVVV VFPY
GNM12128                        EQAAISVVDD ESDENVPHGV SEIIGDDGFA PSRIILVIMV IKGVKKKGKK KKAKKNMIKE ILLLIIYIMD KNRPPQYMRA NDSSVLLKYF IIVFKILVVC VWYI
GNM12182                        LKAAAKVADD GEGEEI-EKL WTMNMRGGVD AHNVLVVVIF FAGIKEDVKQ EDSRPEDRKK KIVLFMYAYD QARPPHQAWT DDASKKKVKV VLIPKARVLV LWLE
GNM12342                        HNAAVELCDD EDNKEVEIDK LDIIGDGGVK FHNIVLVIIL IIAVKDKFKK EKKKEKNEKK EVLLIRIMMD KNNNPYKAYA KDGSVKVVII ILVPKIRVVA VWFM
GNM12346                        HVAAINLADD GANKQWEMNM RDIRGDGGIG FHNLLVVVIM FAAIRDKIKE ERKRKDSRDK -VLLIKIMMN ASKKPHKSYA DDARILALEI IIVAKIRIIA VWHV
GNM12351                        HTAAKSLADD GAPKELEARV VELRGDGGVG FHNLLVVVSI IVAINKGINK EEKSEKGRSK -VLLLKIMMD SSNNPVKCYA TDARTFVVML IIVPKIRIIA VWQV
GNM12356                        HNAAIELCDD GEDKSIEMNK KDVIGDGGAN FHNLIIVLIL MAAVKDNFKK EDNKEEENKR EILLLKVMMN RTNGPYKAYA KDGNVKVVII IIVPKIRVVA IWCM
GNM12357                        HTAALELSDD GEGETVVMKV KDIEGDGGLG FHKLIIVVKL IAAVQEKFKK EEKKEDNGKK EILLLKIMMD RTNNPYKAFA KDGKTKVVVI IIVPKIRVVA VWMM
GNM12366                        HMAALDLSDD GEDEVVVMKV RDIEGDGGVG FHKLILVVKL IAAVQDKFKK EEKKTENGKK EVLLIKIMMD RTNNPYKAFA KDGKTKVVVI ILVPKIRVVA VWMM
GNM12373                        HSAALKLADD GQDADIEMEI RDLLVQGGIK YHNLPMIIII IIAVKSDLAK EEKKATDTSP AILILKYIMD KNNRPHKRYP KDAKVMVVEV ILVPKARAVA AWAY
GNM12385                        HRAAIRLADD GQDEDIESEE RELIGHGGVK FHNLPVVVRL IAVVRSGQSK EDKKAEDTSR RVLILKYMMD KSNRPHKRYA ADARVLVVEI IVVPKVRVAS VWVF
GNM12551                        NRAALELADD GDSEEVEMEE VDLIGDGGKG PHELGVVVYI LAVVEERVQE ARRREEERKK EVLIVSLIMD RNSHPHRVHA RDASILIVKF IVVPRVRVIA VWPM
GNM12554                        HRAAVRLADD GQDDAIEAAR MDLVGGGGVK YHNLPVVIIL IVLIAAKQEK EEKQASDTSP AVLILKFIMN KNNRPHKRHA ADGRTFVVEV IFVPKCRIVM VWSL
GNM12592                        HRAAVAIADD GEAREMESG- TEIRGDGGVG FHKLLIVVLI IAAVQQRVKG EREETSEESR -VLLIKIMMN SSNRPHKGHA PDGKVLVVEI IIVPKVRVVA VWHR
GNM12596                        HTAAKDLADD GVEKQLEKDV LELKGDGGMS FTNLLVVIKL LSVIKERINK EKKSEKEENQ DVLLMKIMMD SSNRPVKAHA QDGRVLVLTI IIVAKIRIIA VWQM
GNM12602                        HTAAKDLADD GVGKELEKTV VELKGDGGVG FSNLLVVIKL LSIIKGQINK EKKSEKEVNR EVILMKIMMD SSNRPVKAHA SDGRTLVVTI IIVPKIRIIA VWQM
GNM12665                        HTAAKDLADD GIEKQLEKEV LEIKGDGGVG FSSLFVVIKL LSVIKERINK EKKSEKDENR DVLLMKIMME SSNRPVKAHA QDGRVLVVTI IIVPKIRVIA VWQM
GNM12745                        HTAAIELADD GKSEEVEMSI YEITGEGGIG FHDITVAILL IILIVDKVKN ETEKAETGKN EVLLIKLMMN KNKKPNKSYS EDGKTKIVKI ILVPKIRIIA IWFI
GNM12749                        HRAAVRLADD GQDGDIEMEL RDIIGKGGIK YHNLPVIVIL LVILTDGQSK EDRKAEDRSS AVLIIKYIMD RTNKPHKRHA ADARVLVVEV VWVPKARIIV VWSY
GNM12758                        NRAALQIADD NKSEEVEMDV YDIIGDGGVG FHELTLVVIL IAIVSDRVRK EAKSEGEGKR EILIIRIMMN KTNGPYRSHS PDGKVRVVEI IIVPKVRVVA VWHI
GNM12763                        HKAAIKLADD GEDKEVEMET KDVFGDGGVK YHNLIIVIIL LSAIKKGVKK EKKRKDKDKK KVLLIKIMMN KNNKPHKCYA DDGKIKIVYI IIVPRVRVVA TWFI
GNM12766                        HKAALELCDD GEDQTVEMNK RDIEGDGGVN FHKLVLVVIL MAAVKDNFKK EDKKEENSKK EVLLIKIMMD RTNKPYKAHA KDGKVKVVII IVVPRIRVVA VWHM
GNM12841                        HAAAIRLGDD GEDADYESDV VELRGDGGVG FHELLVVVRL VSVVEEGVDS EDESPEDADS -VELLKVMMD STDHPHKRHA DNGRTEVTEI ILVAKVRIVV VYHA
GNM12849                        QSAATTVADD EESTELEMEE HEFKGKSGGG FHELIMVVVM ICHVETHCAK KKKKKKETSK EILILMILMQ KNKPPNKRYS ANSSTLVKEF IMVFEISIVV VWLV
GNM12869                        QSAATTVADD DESAELEMDE SEFKGKSGGG FHELLMVVVT ICHVESHCSK KKKKKKESSK KIVILMIVMK KNKPPNKRYS ENSSTLVRQF ILVFELSILV VWLV
GNM12896                        HVAAIKMADD DDSVELEATS KDYKGDSGGN FHELIVAILT LCHVQKNCSK IKKKKDDTSK NILLIMIMMD KNNPPHKRYA ANSSIIVKEF ILVFEVSVVV IWNM
GNM12897                        HTAAIKMADD DDSLELETTQ KEYKGDSGGN FHELIVAIMK LCHVQKNCSK VKKKKDETSK EILIIMIMMD KNNPPHKRYA NNSSTIIKEF ILVFEVSVVV IWNV
GNM12902                        -KAAFRMADD GDDYNLKDRM INIRCDNGYN RHKIIITVVY ISEVKSNYKK ENEKKASEKS KLTIIMYIFS SNNNPHQSYL ENASIKAVQM ILVFIARILA TIMD
GNM12903                        -KAAVKFADD GESEEVEAEE KDAAASGGVG RHRIIIAVVL IILINKGFKN ERLKKEDDKK QLLLLMYIMD KNNPPLRRYS GDKSVRAKQF ILVTKLRVVV VWRY
GNM12906                        -KAAVANADD GESEEVEAQE KDIVSDGGIG RHRIVIAVVL IIAMEHGFRN EKIKKADKKK QLLLLMYIMD RNDPPIRRYA ADRSVRTKQF IIVVKLRVVV VWRF
GNM12907                        -KAAVIYADD GESEEVEAQV RDLVADGGIG PHQIVIAVVL LVVVNEGLRN EKLKREEPRK QLLLL-YIMD -NNPPMRRHA SDKSIRSRPF IIVVKL-VIV VWRF
GNM12909                        -KAAITYADD GESEEVEQQE KDIVSDGGVG RHEIIIAVVL IIAINSNFKN EKIKKEDNRV QLLLLMYIMD KNKPPTRRHA SDKSVRTKHF ILVVKLRVIV VWRY
GNM12915                        YKAAVQLADD GESGAVEESK REIVGDRGVG HHQLFIVVVL ILAIKDGFKK KKKREANSKP EALLIKIMMN VVNRPHRAHA KDGSVIVVEI IIVPKVKVVA VWPM
GNM10046                        YNAAVVLADD GDSEAVEENK REIIGDRGVD HHELFIVVVL ILAIKDGFKK KKKRENNSKP EALLIKIMMN IVNKPHRAHA KDGSVIVVEI IIVPKVKVVA VWPM
GNM12918                        YKAAVQLADD GDSEVVEENK REIIGDRGVD HHELFIVVVL ILAIKDGFKK KKKREAGSKP EALLIKIMMN IVNRPHRAHA KDGSVIVVEI IIVPKVKVVA VWPM
GNM12931                        YKAARELVDD GEDRDVEMKV IEFIGDGGIG PHNFVLIVIV ILFIGERVKK EIERKEVERK SILLLPLIMN RNRPPYKARA DDSSILAREF IIVPRVRVLV VWVV
GNM12938                        TKAAKKVADD GDNDKI-EKI YTIKIDSGVG RHEIVVVVVF YTGIKSNLRD ENVKESEKKK QVILFMYAFN NNDPPHLVYV DDKSVLKVKC ILVPKGRVLF VWLL
GNM12996                        TKAAAKIADD NDSIKL-EKL YTIRLDGGVD AHEVIVVVVY WSGVKENLKS ETIRENEKKR VVLMFMYAFN QNKPPHQAHV DNKSIIKVKC ILIPKARALF IWIM
GNM13018                        TKAASKIADD NDPIKL-EKL YTIRLEGGVD AHEVIVVVVY WSGVKENLKS EKLKENEKKK VILMFMYAFN QNKPPHLAHV EDKSIIKVKC ILIPKARALF VWVM
GNM13027                        TKAASEIADD GDDKRI-EKL STIKIDNGIG HHEIIIVVIF YIGIKENLKE EKIKESNKKK SIILLMYAFD QNNPPHIVYV EDKSTIKVKC ILVPKGRVLF VWFM
GNM13046                        QSAATEIADD DEPEELEMSE YEYLGQSGGG FHELLMVVFT ICHVENHCAK KKKKKKQSSK SICIVMIMMS KNNPPNKRYS SNSSMVITYF IMVFEVSIVI VWLV
GNM13053                        HGAAAIIADD GEPREIAQST AEFAGDGGGD FHEIIIIINI LCVVQRNASK RPKKADERRR AVLLILLLMD RNNSPFKRYT QNSPVLKVEF ILILVVSVVA IWMV
GNM13074                        YNAAIEMADD GESEDVEENK REIIGDKGVG FHELFIVVLF ILAIKDGFKK QKKRERDSKP EALLIKLMMN IVKRPHRAHA RDGSVIVVEI IIVPKVKVVA VWPM
GNM10010                        YQAAVEMADD GEGAAVEEPK REIIGDKGVG YHNLFIVVVL IIAIKDGFKK EKKKERNAKP EALLIKLMMN VNNRAHRAHA RDGSVIVVEI IIVPKVKVVA VWPM
GNM10014                        YNAAIEMADD GEDEKVEEPK REIIGDKGVG YHQLFIVVVL ILAINDGFKK EKKKERNSKP EALLIKLMMN VNNRAHRAHA RDGSVIVVEI IIVPKVKVVA VWPM
GNM13090                        YDAAVEMADD GESEDVEAPK REIIGDKGVG FHELFIVVLI ILAIKDGFKK ERKKERGSKP EALLIKIMMN VVKRAHRAHA KDGSVIVTEI IIVPKVKVVA VWPM
GNM13118                        KEAA--MADD G-G-EIISQR NELIGDGGVG RHEIRIVVVY MLALKKNL-- EERKP-EK-P GLI---YIMD -NNPP-RVYA DDS-Y-RKSF IIVVKV-VVA VW-M
GNM13126                        -KSAAAMADD GEDRELSEKM ISLMGDGGIG HHRIMIVEVY ALAVRSGFKK EERRKESAKP APEIITYVFG SINNPHYAFA GDASTWKVAI IIVFKAKVLA IIFM
GNM13128                        -KSALSAGDD GENVEVEAKM ASLIGDDGIG HHKIIIVEVY CISVKSGFKK EDRKKSSARP NPELLTYIFK QLNRQHYAHA ENASVVKLSI IIVFLVKIVA VMFR
GNM13208                        -KAAVALADD GESEEVETEE MDLLGDGGVS HHKIVIAVVI LLVVNQRQKK ERYKKADGKK ALLLLMYVMD RNNPPVRRYW SDRSIAAKEF IVVIKIRVVV AWAY
GNM13210                        SEAARELADD GESRPVLKRV KEIRGDNGVG AHRFILVMYL KLYVKSRVKK EEEREEVSKE KFLLLVIIMN KNRPPHKAYA DDSSYACKQF VLVPKVRILV VWPA
GNM12773                        HKAASDIADD GEFREIEMKC RDIEADGGIG FHNILVIIFL LCIIKGSLKS EKKKEFDSRP KVLILFILME RNKPPYKIFS DNSKTLVVEF ILVTVARVVA LWSL



    1    1    1    1    1    1    1    1    1    1    1    1    1    1    1
    1    1    1    1    1    1    1    1    1    1    1    1    4    1    1
    1    1    1    1    1    1    1    1    1    1    1    1    1    1    1
    1    1    1    1    1    1    1    1    1    1    1    1    1    1    1
    1    1    1    1    1    1    1    1    1    1    1    1    1    1    1
    1    1    1    1    1    1    1    1    1    1    1    1    1    1    1
    1    1    1    1    1    1    1    1    1    1    1    1    1    1

AAML (in paml version 4.9h, March 2018)  tmp0038.txt
Model: Empirical,  (../wag.dat) dGamma (ncatG=4) ns = 145  ls = 107


Frequencies..
                                    A      R      N      D      C      Q      E      G      H      I      L      K      M      F      P      S      T      W      Y      V
GNM13746                       0.04762 0.01905 0.03810 0.04762 0.00952 0.01905 0.07619 0.08571 0.01905 0.11429 0.04762 0.17143 0.01905 0.02857 0.01905 0.06667 0.01905 0.00952 0.01905 0.12381
GNM13538                       0.05607 0.05607 0.04673 0.06542 0.00935 0.00000 0.07477 0.07477 0.00935 0.10280 0.06542 0.12150 0.04673 0.04673 0.02804 0.04673 0.01869 0.00935 0.01869 0.10280
GNM13876                       0.07609 0.06522 0.01087 0.08696 0.00000 0.01087 0.04348 0.06522 0.03261 0.02174 0.04348 0.06522 0.04348 0.02174 0.03261 0.08696 0.03261 0.02174 0.00000 0.23913
GNM13680                       0.08411 0.00935 0.02804 0.06542 0.00935 0.00935 0.07477 0.08411 0.01869 0.05607 0.09346 0.12150 0.02804 0.02804 0.01869 0.06542 0.04673 0.00935 0.02804 0.12150
GNM14837                       0.04673 0.01869 0.03738 0.03738 0.01869 0.01869 0.09346 0.06542 0.02804 0.08411 0.07477 0.12150 0.03738 0.03738 0.01869 0.11215 0.01869 0.00935 0.00935 0.11215
GNM14249                       0.05607 0.00935 0.03738 0.03738 0.01869 0.01869 0.08411 0.06542 0.02804 0.06542 0.07477 0.14019 0.03738 0.03738 0.01869 0.11215 0.03738 0.00935 0.00935 0.10280
GNM13928                       0.03738 0.01869 0.02804 0.02804 0.01869 0.01869 0.09346 0.06542 0.02804 0.07477 0.06542 0.14019 0.03738 0.03738 0.01869 0.10280 0.04673 0.00935 0.00935 0.12150
GNM13297                       0.05607 0.05607 0.04673 0.06542 0.00935 0.00000 0.07477 0.07477 0.00935 0.10280 0.06542 0.12150 0.04673 0.04673 0.02804 0.04673 0.01869 0.00935 0.01869 0.10280
GNM14865                       0.09434 0.03774 0.00943 0.11321 0.00943 0.00000 0.10377 0.09434 0.04717 0.05660 0.07547 0.02830 0.00943 0.02830 0.00943 0.08491 0.02830 0.00000 0.00000 0.16981
GNM13455                       0.03738 0.00935 0.02804 0.02804 0.01869 0.00935 0.11215 0.07477 0.03738 0.10280 0.05607 0.12150 0.05607 0.02804 0.02804 0.10280 0.02804 0.00935 0.00935 0.10280
GNM14938                       0.10280 0.09346 0.01869 0.03738 0.00000 0.03738 0.08411 0.07477 0.04673 0.03738 0.09346 0.04673 0.01869 0.02804 0.01869 0.07477 0.01869 0.00000 0.01869 0.14953
GNM14483                       0.10280 0.06542 0.03738 0.04673 0.01869 0.01869 0.06542 0.09346 0.01869 0.07477 0.06542 0.08411 0.02804 0.01869 0.01869 0.08411 0.02804 0.02804 0.00935 0.09346
GNM14872                       0.05556 0.02222 0.02222 0.07778 0.01111 0.03333 0.06667 0.07778 0.02222 0.05556 0.06667 0.11111 0.03333 0.03333 0.02222 0.05556 0.04444 0.01111 0.03333 0.14444
GNM13855                       0.03922 0.03922 0.04902 0.09804 0.00980 0.01961 0.04902 0.06863 0.00980 0.10784 0.07843 0.12745 0.00980 0.04902 0.01961 0.06863 0.02941 0.00980 0.01961 0.09804
GNM14404                       0.07477 0.10280 0.00935 0.07477 0.02804 0.00000 0.06542 0.10280 0.01869 0.13084 0.06542 0.08411 0.00935 0.01869 0.02804 0.03738 0.01869 0.00935 0.02804 0.09346
GNM14545                       0.07477 0.10280 0.00935 0.07477 0.02804 0.00000 0.06542 0.10280 0.01869 0.13084 0.06542 0.08411 0.00935 0.01869 0.02804 0.03738 0.01869 0.00935 0.02804 0.09346
GNM14366                       0.06542 0.04673 0.04673 0.03738 0.01869 0.01869 0.09346 0.07477 0.00935 0.06542 0.07477 0.07477 0.03738 0.03738 0.01869 0.09346 0.02804 0.00935 0.01869 0.13084
GNM14252                       0.03738 0.00935 0.04673 0.03738 0.01869 0.01869 0.08411 0.06542 0.02804 0.05607 0.10280 0.14019 0.02804 0.02804 0.01869 0.11215 0.03738 0.00935 0.00935 0.11215
GNM13760                       0.06542 0.00935 0.03738 0.02804 0.01869 0.02804 0.10280 0.06542 0.02804 0.08411 0.07477 0.13084 0.04673 0.03738 0.01869 0.09346 0.01869 0.00935 0.00935 0.09346
GNM13982                       0.03738 0.00935 0.05607 0.06542 0.01869 0.02804 0.08411 0.05607 0.00935 0.07477 0.10280 0.13084 0.02804 0.02804 0.01869 0.08411 0.03738 0.00935 0.02804 0.09346
GNM13960                       0.04673 0.01869 0.04673 0.03738 0.01869 0.02804 0.10280 0.07477 0.02804 0.12150 0.04673 0.11215 0.02804 0.04673 0.02804 0.06542 0.03738 0.00935 0.01869 0.08411
GNM14633                       0.03738 0.00935 0.03738 0.06542 0.01869 0.02804 0.09346 0.05607 0.00935 0.07477 0.10280 0.14019 0.02804 0.03738 0.01869 0.08411 0.04673 0.00935 0.01869 0.08411
GNM14853                       0.03738 0.00935 0.03738 0.06542 0.01869 0.02804 0.09346 0.05607 0.00935 0.07477 0.10280 0.14019 0.02804 0.03738 0.01869 0.08411 0.04673 0.00935 0.01869 0.08411
GNM14174                       0.05607 0.02804 0.06542 0.06542 0.00935 0.03738 0.05607 0.06542 0.03738 0.08411 0.05607 0.10280 0.02804 0.01869 0.02804 0.07477 0.00000 0.00935 0.01869 0.15888
GNM14055                       0.04673 0.01869 0.04673 0.05607 0.01869 0.03738 0.09346 0.06542 0.01869 0.13084 0.04673 0.11215 0.02804 0.04673 0.01869 0.07477 0.02804 0.00935 0.01869 0.08411
GNM14748                       0.03738 0.01869 0.04673 0.02804 0.01869 0.00935 0.10280 0.06542 0.04673 0.08411 0.08411 0.14019 0.02804 0.03738 0.01869 0.09346 0.02804 0.00935 0.00935 0.09346
GNM14246                       0.06542 0.03738 0.06542 0.05607 0.00935 0.02804 0.05607 0.08411 0.03738 0.07477 0.09346 0.10280 0.02804 0.03738 0.04673 0.01869 0.02804 0.00935 0.00935 0.11215
GNM14640                       0.04673 0.05607 0.04673 0.08411 0.00935 0.00935 0.05607 0.06542 0.03738 0.06542 0.08411 0.10280 0.03738 0.07477 0.04673 0.02804 0.00935 0.00935 0.00935 0.12150
GNM14965                       0.07767 0.01942 0.04854 0.06796 0.00971 0.02913 0.04854 0.06796 0.00971 0.06796 0.08738 0.09709 0.03883 0.03883 0.01942 0.07767 0.03883 0.00971 0.04854 0.09709
GNM13677                       0.09346 0.08411 0.00935 0.06542 0.00000 0.00935 0.05607 0.07477 0.02804 0.00935 0.08411 0.04673 0.02804 0.02804 0.03738 0.11215 0.02804 0.01869 0.00000 0.18692
GNM14339                       0.13084 0.12150 0.01869 0.07477 0.01869 0.00935 0.03738 0.10280 0.02804 0.04673 0.11215 0.01869 0.02804 0.01869 0.02804 0.06542 0.00935 0.01869 0.00935 0.10280
GNM14593                       0.06542 0.04673 0.05607 0.07477 0.00935 0.00935 0.02804 0.06542 0.02804 0.09346 0.06542 0.13084 0.01869 0.03738 0.03738 0.02804 0.02804 0.00935 0.02804 0.14019
GNM13825                       0.10280 0.11215 0.01869 0.04673 0.00000 0.01869 0.07477 0.09346 0.03738 0.03738 0.10280 0.03738 0.02804 0.01869 0.02804 0.07477 0.00935 0.00000 0.01869 0.14019
GNM14768                       0.07477 0.12150 0.02804 0.05607 0.00935 0.00935 0.07477 0.08411 0.02804 0.09346 0.08411 0.05607 0.03738 0.02804 0.02804 0.06542 0.00935 0.00935 0.01869 0.08411
GNM14776                       0.07477 0.11215 0.02804 0.05607 0.00935 0.00935 0.07477 0.09346 0.02804 0.09346 0.07477 0.06542 0.03738 0.03738 0.02804 0.05607 0.00935 0.00935 0.01869 0.08411
GNM14715                       0.10280 0.08411 0.01869 0.04673 0.01869 0.00000 0.09346 0.10280 0.02804 0.04673 0.06542 0.08411 0.01869 0.01869 0.03738 0.04673 0.00935 0.02804 0.00935 0.14019
GNM14639                       0.08411 0.02804 0.06542 0.06542 0.01869 0.00935 0.05607 0.06542 0.02804 0.13084 0.06542 0.14019 0.00935 0.03738 0.03738 0.04673 0.00000 0.00935 0.03738 0.06542
GNM13795                       0.02804 0.01869 0.03738 0.02804 0.01869 0.01869 0.11215 0.06542 0.03738 0.07477 0.08411 0.13084 0.02804 0.03738 0.01869 0.10280 0.03738 0.00935 0.00935 0.10280
GNM14166                       0.04673 0.00935 0.05607 0.07477 0.01869 0.00935 0.07477 0.05607 0.03738 0.08411 0.06542 0.11215 0.03738 0.02804 0.01869 0.09346 0.03738 0.00935 0.01869 0.11215
GNM13993                       0.02804 0.01869 0.08411 0.05607 0.00935 0.00935 0.07477 0.05607 0.02804 0.08411 0.10280 0.10280 0.02804 0.04673 0.03738 0.12150 0.00935 0.00935 0.00000 0.09346
GNM14450                       0.04673 0.02804 0.07477 0.06542 0.00935 0.02804 0.04673 0.05607 0.01869 0.09346 0.05607 0.09346 0.03738 0.03738 0.01869 0.07477 0.04673 0.00935 0.02804 0.13084
GNM13515                       0.02941 0.00980 0.05882 0.04902 0.01961 0.02941 0.08824 0.05882 0.02941 0.05882 0.04902 0.10784 0.05882 0.02941 0.01961 0.10784 0.01961 0.00980 0.02941 0.13725
GNM13745                       0.03738 0.03738 0.06542 0.06542 0.00935 0.02804 0.03738 0.05607 0.04673 0.17757 0.08411 0.08411 0.01869 0.03738 0.02804 0.05607 0.04673 0.00935 0.01869 0.05607
GNM14030                       0.03738 0.02804 0.07477 0.06542 0.00935 0.02804 0.05607 0.05607 0.02804 0.13084 0.09346 0.09346 0.03738 0.02804 0.01869 0.06542 0.01869 0.00935 0.02804 0.09346
GNM14959                       0.04717 0.03774 0.04717 0.09434 0.00000 0.00000 0.04717 0.09434 0.02830 0.08491 0.07547 0.09434 0.02830 0.01887 0.02830 0.04717 0.02830 0.00943 0.03774 0.15094
GNM13413                       0.09346 0.05607 0.01869 0.06542 0.00935 0.02804 0.04673 0.11215 0.00935 0.04673 0.14019 0.09346 0.01869 0.00935 0.02804 0.04673 0.02804 0.00000 0.03738 0.11215
GNM14971                       0.04673 0.01869 0.04673 0.03738 0.01869 0.02804 0.10280 0.07477 0.02804 0.12150 0.04673 0.11215 0.03738 0.04673 0.01869 0.07477 0.03738 0.00935 0.01869 0.07477
GNM15005                       0.05607 0.01869 0.03738 0.04673 0.01869 0.02804 0.09346 0.07477 0.02804 0.14019 0.04673 0.12150 0.02804 0.04673 0.02804 0.05607 0.03738 0.00935 0.01869 0.06542
GNM15013                       0.04545 0.04545 0.02273 0.04545 0.02273 0.03409 0.09091 0.07955 0.03409 0.12500 0.02273 0.10227 0.05682 0.04545 0.03409 0.04545 0.03409 0.02273 0.01136 0.07955
GNM15014                       0.04673 0.00935 0.05607 0.05607 0.01869 0.01869 0.11215 0.06542 0.01869 0.11215 0.03738 0.12150 0.02804 0.03738 0.01869 0.08411 0.04673 0.00935 0.01869 0.08411
GNM14976                       0.05607 0.01869 0.04673 0.03738 0.01869 0.02804 0.09346 0.07477 0.02804 0.13084 0.04673 0.12150 0.03738 0.04673 0.02804 0.05607 0.03738 0.00935 0.01869 0.06542
GNM15018                       0.04673 0.02804 0.02804 0.03738 0.01869 0.01869 0.08411 0.07477 0.02804 0.05607 0.07477 0.13084 0.03738 0.03738 0.01869 0.11215 0.03738 0.00935 0.00935 0.11215
GNM14980                       0.04673 0.02804 0.02804 0.03738 0.01869 0.01869 0.08411 0.07477 0.02804 0.05607 0.07477 0.13084 0.03738 0.03738 0.01869 0.11215 0.03738 0.00935 0.00935 0.11215
GNM15000                       0.04673 0.02804 0.02804 0.03738 0.01869 0.01869 0.08411 0.07477 0.02804 0.05607 0.07477 0.13084 0.03738 0.03738 0.01869 0.11215 0.03738 0.00935 0.00935 0.11215
GNM15026                       0.03738 0.00935 0.04673 0.03738 0.01869 0.01869 0.09346 0.07477 0.03738 0.10280 0.06542 0.12150 0.02804 0.04673 0.01869 0.08411 0.03738 0.00935 0.01869 0.09346
GNM15001                       0.04673 0.01869 0.03738 0.03738 0.01869 0.01869 0.08411 0.06542 0.02804 0.06542 0.07477 0.14019 0.03738 0.03738 0.01869 0.11215 0.03738 0.00935 0.00935 0.10280
GNM15027                       0.08411 0.03738 0.03738 0.05607 0.00935 0.02804 0.08411 0.06542 0.00935 0.05607 0.08411 0.10280 0.04673 0.01869 0.03738 0.05607 0.00935 0.00935 0.03738 0.13084
GNM15019                       0.03738 0.01869 0.03738 0.02804 0.01869 0.01869 0.11215 0.07477 0.03738 0.08411 0.07477 0.12150 0.04673 0.03738 0.01869 0.10280 0.02804 0.00935 0.00935 0.08411
GNM11003                       0.06604 0.02830 0.01887 0.05660 0.00943 0.00943 0.11321 0.08491 0.01887 0.07547 0.08491 0.15094 0.02830 0.03774 0.02830 0.03774 0.02830 0.00943 0.02830 0.08491
GNM11023                       0.13084 0.11215 0.00000 0.04673 0.00000 0.00000 0.06542 0.09346 0.02804 0.03738 0.13084 0.06542 0.01869 0.00935 0.01869 0.04673 0.03738 0.00935 0.00935 0.14019
GNM11055                       0.06604 0.06604 0.03774 0.07547 0.00943 0.00000 0.08491 0.08491 0.01887 0.06604 0.03774 0.13208 0.04717 0.02830 0.01887 0.01887 0.01887 0.00943 0.01887 0.16038
GNM11146                       0.04717 0.07547 0.04717 0.05660 0.00000 0.00943 0.05660 0.06604 0.02830 0.10377 0.04717 0.08491 0.03774 0.00943 0.05660 0.06604 0.01887 0.00943 0.02830 0.15094
GNM11219                       0.07843 0.12745 0.01961 0.06863 0.00980 0.00980 0.11765 0.09804 0.01961 0.03922 0.08824 0.02941 0.02941 0.00980 0.03922 0.02941 0.00000 0.00980 0.02941 0.14706
GNM11220                       0.07477 0.10280 0.02804 0.05607 0.00000 0.00000 0.08411 0.08411 0.03738 0.04673 0.04673 0.04673 0.01869 0.02804 0.03738 0.05607 0.01869 0.01869 0.02804 0.18692
GNM11224                       0.06452 0.07527 0.03226 0.07527 0.01075 0.00000 0.06452 0.08602 0.04301 0.05376 0.10753 0.06452 0.03226 0.02151 0.04301 0.04301 0.02151 0.01075 0.01075 0.13978
GNM11225                       0.06542 0.10280 0.02804 0.05607 0.00935 0.00935 0.06542 0.13084 0.00935 0.07477 0.09346 0.05607 0.03738 0.02804 0.03738 0.02804 0.00000 0.00935 0.02804 0.13084
GNM11358                       0.02804 0.00935 0.05607 0.05607 0.00935 0.01869 0.07477 0.07477 0.00935 0.14019 0.06542 0.14953 0.00000 0.03738 0.01869 0.06542 0.02804 0.00935 0.03738 0.11215
GNM11360                       0.03409 0.02273 0.02273 0.03409 0.02273 0.01136 0.11364 0.09091 0.03409 0.11364 0.03409 0.11364 0.05682 0.03409 0.03409 0.07955 0.01136 0.01136 0.01136 0.11364
GNM11362                       0.05607 0.06542 0.04673 0.07477 0.00935 0.00935 0.05607 0.11215 0.02804 0.10280 0.02804 0.06542 0.03738 0.01869 0.01869 0.06542 0.00935 0.00935 0.04673 0.14019
GNM11367                       0.03738 0.00935 0.05607 0.06542 0.01869 0.02804 0.08411 0.05607 0.00935 0.07477 0.09346 0.13084 0.03738 0.02804 0.01869 0.08411 0.03738 0.00935 0.02804 0.09346
GNM11377                       0.07778 0.01111 0.02222 0.08889 0.01111 0.03333 0.05556 0.07778 0.02222 0.06667 0.06667 0.12222 0.03333 0.03333 0.02222 0.05556 0.02222 0.01111 0.03333 0.13333
GNM11380                       0.06542 0.00935 0.05607 0.06542 0.01869 0.00935 0.06542 0.05607 0.03738 0.09346 0.05607 0.12150 0.04673 0.02804 0.01869 0.10280 0.02804 0.00935 0.01869 0.09346
GNM11383                       0.04673 0.02804 0.04673 0.02804 0.01869 0.02804 0.10280 0.07477 0.00935 0.12150 0.05607 0.09346 0.05607 0.01869 0.01869 0.09346 0.01869 0.00935 0.02804 0.10280
GNM11491                       0.05607 0.02804 0.04673 0.03738 0.01869 0.00935 0.08411 0.12150 0.02804 0.07477 0.05607 0.07477 0.03738 0.03738 0.01869 0.10280 0.02804 0.00935 0.01869 0.11215
GNM11804                       0.07547 0.03774 0.04717 0.03774 0.01887 0.00000 0.11321 0.08491 0.01887 0.08491 0.06604 0.13208 0.03774 0.01887 0.01887 0.01887 0.01887 0.00943 0.01887 0.14151
GNM11805                       0.06604 0.02830 0.07547 0.06604 0.00000 0.00000 0.05660 0.08491 0.03774 0.08491 0.06604 0.09434 0.06604 0.03774 0.01887 0.06604 0.01887 0.00000 0.04717 0.08491
GNM12892                       0.07767 0.01942 0.04854 0.06796 0.00971 0.02913 0.04854 0.06796 0.00971 0.06796 0.08738 0.09709 0.03883 0.03883 0.01942 0.07767 0.03883 0.00971 0.04854 0.09709
GNM12895                       0.04673 0.02804 0.07477 0.06542 0.00935 0.02804 0.04673 0.05607 0.01869 0.09346 0.04673 0.09346 0.04673 0.03738 0.01869 0.07477 0.04673 0.00935 0.02804 0.13084
GNM13060                       0.06863 0.01961 0.05882 0.04902 0.00980 0.00000 0.07843 0.09804 0.02941 0.07843 0.05882 0.16667 0.02941 0.00980 0.01961 0.04902 0.01961 0.00980 0.01961 0.12745
GNM13061                       0.13333 0.04762 0.03810 0.04762 0.00000 0.00952 0.06667 0.09524 0.01905 0.05714 0.06667 0.10476 0.02857 0.00000 0.04762 0.05714 0.00000 0.01905 0.02857 0.13333
GNM13064                       0.02804 0.01869 0.08411 0.05607 0.00935 0.00935 0.07477 0.05607 0.02804 0.08411 0.10280 0.10280 0.02804 0.04673 0.03738 0.12150 0.00935 0.00935 0.00000 0.09346
GNM13066                       0.02804 0.02804 0.06542 0.05607 0.00935 0.01869 0.07477 0.06542 0.01869 0.11215 0.08411 0.10280 0.02804 0.05607 0.02804 0.09346 0.00935 0.00935 0.00935 0.10280
GNM11034                       0.10280 0.12150 0.01869 0.03738 0.00000 0.02804 0.07477 0.08411 0.03738 0.03738 0.09346 0.02804 0.01869 0.01869 0.03738 0.07477 0.00000 0.00000 0.01869 0.16822
GNM11363                       0.05607 0.06542 0.04673 0.07477 0.00935 0.00935 0.05607 0.11215 0.02804 0.10280 0.02804 0.06542 0.03738 0.01869 0.01869 0.06542 0.00935 0.00935 0.04673 0.14019
GNM11375                       0.04673 0.00935 0.02804 0.02804 0.01869 0.02804 0.10280 0.06542 0.02804 0.08411 0.06542 0.14019 0.05607 0.03738 0.02804 0.09346 0.02804 0.00935 0.00935 0.09346
GNM11381                       0.05607 0.02804 0.03738 0.01869 0.01869 0.02804 0.11215 0.07477 0.00935 0.11215 0.05607 0.09346 0.05607 0.01869 0.01869 0.11215 0.01869 0.00935 0.02804 0.09346
GNM11382                       0.05607 0.01869 0.04673 0.02804 0.01869 0.02804 0.10280 0.07477 0.00935 0.08411 0.05607 0.09346 0.04673 0.01869 0.02804 0.07477 0.04673 0.00935 0.02804 0.13084
GNM11799                       0.04673 0.01869 0.06542 0.04673 0.01869 0.03738 0.08411 0.07477 0.01869 0.11215 0.03738 0.10280 0.05607 0.03738 0.01869 0.06542 0.04673 0.00935 0.01869 0.08411
GNM11841                       0.06604 0.03774 0.00943 0.14151 0.00000 0.00943 0.06604 0.08491 0.05660 0.05660 0.06604 0.04717 0.01887 0.03774 0.00943 0.08491 0.05660 0.00000 0.00000 0.15094
GNM11931                       0.09434 0.05660 0.00000 0.11321 0.00000 0.00943 0.07547 0.11321 0.04717 0.05660 0.07547 0.01887 0.01887 0.01887 0.00943 0.07547 0.05660 0.00000 0.00943 0.15094
GNM12040                       0.08491 0.03774 0.01887 0.13208 0.00000 0.00000 0.08491 0.07547 0.04717 0.08491 0.08491 0.02830 0.00943 0.01887 0.00943 0.06604 0.04717 0.00000 0.01887 0.15094
GNM12071                       0.09434 0.05660 0.00943 0.09434 0.00000 0.00000 0.10377 0.10377 0.04717 0.07547 0.06604 0.02830 0.01887 0.02830 0.00943 0.05660 0.02830 0.00000 0.00943 0.16981
GNM12125                       0.04673 0.11215 0.00000 0.06542 0.00000 0.00935 0.07477 0.06542 0.01869 0.08411 0.09346 0.08411 0.02804 0.00935 0.06542 0.07477 0.00000 0.01869 0.03738 0.11215
GNM12126                       0.04673 0.06542 0.01869 0.06542 0.00000 0.00000 0.07477 0.07477 0.00935 0.03738 0.12150 0.14953 0.00935 0.03738 0.04673 0.03738 0.01869 0.00000 0.03738 0.14953
GNM12128                       0.04673 0.02804 0.03738 0.06542 0.00935 0.01869 0.04673 0.07477 0.00935 0.14953 0.06542 0.13084 0.03738 0.02804 0.03738 0.05607 0.00000 0.00935 0.03738 0.11215
GNM12182                       0.10377 0.04717 0.01887 0.08491 0.00000 0.02830 0.07547 0.07547 0.01887 0.04717 0.07547 0.12264 0.02830 0.02830 0.03774 0.01887 0.01887 0.02830 0.01887 0.12264
GNM12342                       0.05607 0.01869 0.06542 0.08411 0.00935 0.00000 0.07477 0.06542 0.01869 0.13084 0.06542 0.16822 0.02804 0.02804 0.01869 0.00935 0.00000 0.00935 0.01869 0.13084
GNM12346                       0.11321 0.07547 0.04717 0.08491 0.00000 0.00943 0.03774 0.07547 0.03774 0.14151 0.06604 0.10377 0.04717 0.01887 0.00943 0.02830 0.00000 0.01887 0.00943 0.07547
GNM12351                       0.08491 0.04717 0.04717 0.04717 0.00943 0.00943 0.05660 0.09434 0.01887 0.09434 0.08491 0.09434 0.02830 0.01887 0.02830 0.05660 0.02830 0.00943 0.00943 0.13208
GNM12356                       0.07477 0.02804 0.09346 0.07477 0.01869 0.00000 0.07477 0.08411 0.01869 0.12150 0.06542 0.12150 0.04673 0.01869 0.01869 0.00935 0.00935 0.00935 0.01869 0.09346
GNM12357                       0.06542 0.01869 0.02804 0.06542 0.00000 0.00935 0.08411 0.10280 0.01869 0.09346 0.07477 0.15888 0.04673 0.02804 0.01869 0.00935 0.03738 0.00935 0.00935 0.12150
GNM12366                       0.06542 0.02804 0.02804 0.08411 0.00000 0.00935 0.06542 0.09346 0.01869 0.07477 0.07477 0.14953 0.05607 0.02804 0.01869 0.00935 0.02804 0.00935 0.00935 0.14953
GNM12373                       0.13084 0.03738 0.02804 0.08411 0.00000 0.01869 0.04673 0.05607 0.02804 0.12150 0.08411 0.11215 0.03738 0.00000 0.04673 0.02804 0.01869 0.00935 0.03738 0.07477
GNM12385                       0.08411 0.10280 0.01869 0.07477 0.00000 0.01869 0.07477 0.07477 0.03738 0.06542 0.06542 0.07477 0.01869 0.01869 0.02804 0.05607 0.00935 0.00935 0.01869 0.14953
GNM12551                       0.07477 0.10280 0.01869 0.06542 0.00000 0.00935 0.13084 0.08411 0.03738 0.07477 0.07477 0.03738 0.02804 0.00935 0.03738 0.03738 0.00000 0.00935 0.00935 0.15888
GNM12554                       0.11215 0.06542 0.03738 0.06542 0.00935 0.02804 0.04673 0.08411 0.03738 0.08411 0.07477 0.07477 0.02804 0.02804 0.03738 0.02804 0.01869 0.00935 0.00935 0.12150
GNM12592                       0.08571 0.08571 0.01905 0.03810 0.00000 0.01905 0.09524 0.11429 0.04762 0.09524 0.05714 0.05714 0.02857 0.00952 0.02857 0.04762 0.01905 0.00952 0.00000 0.14286
GNM12596                       0.06542 0.03738 0.03738 0.07477 0.00000 0.03738 0.07477 0.07477 0.01869 0.09346 0.11215 0.12150 0.04673 0.00935 0.00935 0.04673 0.02804 0.00935 0.00000 0.10280
GNM12602                       0.05607 0.03738 0.03738 0.05607 0.00000 0.01869 0.06542 0.10280 0.01869 0.11215 0.08411 0.12150 0.03738 0.00935 0.01869 0.05607 0.03738 0.00935 0.00000 0.12150
GNM12665                       0.05607 0.04673 0.02804 0.06542 0.00000 0.02804 0.08411 0.08411 0.01869 0.10280 0.08411 0.12150 0.03738 0.01869 0.01869 0.05607 0.01869 0.00935 0.00000 0.12150
GNM12745                       0.05607 0.00935 0.04673 0.04673 0.00000 0.00000 0.10280 0.09346 0.01869 0.16822 0.07477 0.13084 0.02804 0.01869 0.01869 0.03738 0.05607 0.00935 0.01869 0.06542
GNM12749                       0.08411 0.08411 0.01869 0.09346 0.00000 0.01869 0.04673 0.08411 0.03738 0.11215 0.07477 0.07477 0.01869 0.00000 0.02804 0.03738 0.01869 0.01869 0.02804 0.12150
GNM12758                       0.05607 0.07477 0.03738 0.06542 0.00000 0.00935 0.08411 0.10280 0.02804 0.13084 0.04673 0.06542 0.02804 0.00935 0.02804 0.04673 0.01869 0.00935 0.01869 0.14019
GNM12763                       0.05607 0.02804 0.03738 0.08411 0.00935 0.00000 0.04673 0.08411 0.02804 0.13084 0.05607 0.20561 0.02804 0.01869 0.01869 0.00935 0.01869 0.00935 0.02804 0.10280
GNM12766                       0.06542 0.03738 0.04673 0.08411 0.00935 0.00935 0.07477 0.07477 0.03738 0.07477 0.06542 0.14953 0.04673 0.01869 0.01869 0.00935 0.01869 0.00935 0.00935 0.14019
GNM12841                       0.07547 0.05660 0.00943 0.12264 0.00000 0.00000 0.11321 0.10377 0.05660 0.03774 0.07547 0.02830 0.01887 0.00943 0.01887 0.05660 0.02830 0.00000 0.01887 0.16981
GNM12849                       0.04673 0.00935 0.02804 0.01869 0.01869 0.01869 0.12150 0.06542 0.03738 0.07477 0.06542 0.13084 0.05607 0.03738 0.01869 0.07477 0.05607 0.00935 0.00935 0.10280
GNM12869                       0.03738 0.01869 0.02804 0.03738 0.01869 0.01869 0.09346 0.06542 0.02804 0.05607 0.08411 0.14019 0.03738 0.03738 0.01869 0.11215 0.03738 0.00935 0.00935 0.11215
GNM12896                       0.06542 0.00935 0.06542 0.08411 0.01869 0.00935 0.04673 0.05607 0.03738 0.10280 0.06542 0.12150 0.04673 0.02804 0.01869 0.07477 0.02804 0.00935 0.01869 0.09346
GNM12897                       0.04673 0.00935 0.06542 0.06542 0.01869 0.01869 0.07477 0.05607 0.03738 0.10280 0.05607 0.13084 0.04673 0.02804 0.01869 0.06542 0.04673 0.00935 0.01869 0.08411
GNM12902                       0.07547 0.04717 0.09434 0.06604 0.00943 0.01887 0.04717 0.04717 0.01887 0.13208 0.04717 0.10377 0.04717 0.02830 0.00943 0.07547 0.02830 0.00000 0.05660 0.04717
GNM12903                       0.08491 0.07547 0.03774 0.06604 0.00000 0.01887 0.07547 0.08491 0.00943 0.07547 0.09434 0.12264 0.01887 0.02830 0.01887 0.03774 0.00943 0.00943 0.02830 0.10377
GNM12906                       0.09434 0.09434 0.02830 0.07547 0.00000 0.02830 0.06604 0.07547 0.01887 0.10377 0.05660 0.09434 0.02830 0.02830 0.01887 0.02830 0.00943 0.00943 0.01887 0.12264
GNM12907                       0.06796 0.08738 0.03883 0.05825 0.00000 0.02913 0.07767 0.07767 0.01942 0.08738 0.09709 0.05825 0.01942 0.01942 0.04854 0.03883 0.00000 0.00971 0.01942 0.14563
GNM12909                       0.05660 0.06604 0.04717 0.06604 0.00000 0.02830 0.07547 0.06604 0.02830 0.11321 0.06604 0.10377 0.01887 0.01887 0.01887 0.04717 0.02830 0.00943 0.02830 0.11321
GNM12915                       0.09346 0.04673 0.02804 0.04673 0.00000 0.01869 0.06542 0.09346 0.03738 0.09346 0.05607 0.12150 0.02804 0.01869 0.03738 0.03738 0.00000 0.00935 0.00935 0.15888
GNM10046                       0.08411 0.03738 0.05607 0.06542 0.00000 0.00000 0.07477 0.07477 0.03738 0.11215 0.05607 0.12150 0.02804 0.01869 0.03738 0.02804 0.00000 0.00935 0.00935 0.14953
GNM12918                       0.08411 0.04673 0.02804 0.06542 0.00000 0.00935 0.07477 0.08411 0.03738 0.11215 0.05607 0.12150 0.02804 0.01869 0.03738 0.02804 0.00000 0.00935 0.00935 0.14953
GNM12931                       0.04673 0.10280 0.02804 0.06542 0.00000 0.00000 0.09346 0.08411 0.00935 0.12150 0.08411 0.06542 0.01869 0.03738 0.04673 0.02804 0.00000 0.00935 0.01869 0.14019
GNM12938                       0.03774 0.02830 0.05660 0.08491 0.00943 0.00943 0.04717 0.07547 0.01887 0.07547 0.07547 0.14151 0.00943 0.03774 0.02830 0.03774 0.02830 0.00943 0.03774 0.15094
GNM12996                       0.08491 0.03774 0.05660 0.05660 0.00943 0.01887 0.05660 0.05660 0.02830 0.10377 0.06604 0.12264 0.02830 0.02830 0.02830 0.03774 0.02830 0.01887 0.02830 0.10377
GNM13018                       0.07547 0.01887 0.04717 0.04717 0.00943 0.00943 0.07547 0.05660 0.02830 0.08491 0.08491 0.15094 0.02830 0.02830 0.03774 0.03774 0.01887 0.01887 0.02830 0.11321
GNM13027                       0.03774 0.01887 0.04717 0.06604 0.00943 0.00943 0.07547 0.07547 0.02830 0.16038 0.05660 0.14151 0.01887 0.03774 0.02830 0.04717 0.02830 0.00943 0.02830 0.07547
GNM13046                       0.03738 0.00935 0.04673 0.02804 0.02804 0.02804 0.09346 0.06542 0.02804 0.08411 0.04673 0.09346 0.06542 0.03738 0.02804 0.11215 0.02804 0.00935 0.03738 0.09346
GNM13053                       0.10280 0.07477 0.04673 0.05607 0.00935 0.02804 0.05607 0.08411 0.01869 0.12150 0.08411 0.04673 0.01869 0.03738 0.03738 0.04673 0.01869 0.00935 0.00935 0.09346
GNM13074                       0.07477 0.05607 0.02804 0.06542 0.00000 0.00935 0.09346 0.08411 0.02804 0.11215 0.05607 0.11215 0.03738 0.03738 0.03738 0.02804 0.00000 0.00935 0.00935 0.12150
GNM10010                       0.11215 0.04673 0.04673 0.04673 0.00000 0.00935 0.08411 0.09346 0.02804 0.10280 0.04673 0.11215 0.03738 0.01869 0.03738 0.00935 0.00000 0.00935 0.01869 0.14019
GNM10014                       0.08411 0.04673 0.05607 0.05607 0.00000 0.00935 0.09346 0.08411 0.02804 0.10280 0.05607 0.11215 0.03738 0.01869 0.03738 0.01869 0.00000 0.00935 0.01869 0.13084
GNM13090                       0.09346 0.04673 0.00935 0.06542 0.00000 0.00000 0.09346 0.09346 0.02804 0.11215 0.04673 0.12150 0.03738 0.02804 0.03738 0.02804 0.00935 0.00935 0.00935 0.13084
GNM13118                       0.06667 0.06667 0.04444 0.06667 0.00000 0.01111 0.07778 0.11111 0.01111 0.10000 0.05556 0.07778 0.04444 0.01111 0.04444 0.03333 0.00000 0.01111 0.04444 0.12222
GNM13126                       0.13208 0.04717 0.01887 0.04717 0.00000 0.00000 0.07547 0.10377 0.02830 0.11321 0.03774 0.08491 0.04717 0.04717 0.02830 0.06604 0.01887 0.00943 0.02830 0.06604
GNM13128                       0.08491 0.03774 0.03774 0.04717 0.00943 0.01887 0.06604 0.08491 0.03774 0.10377 0.06604 0.10377 0.01887 0.03774 0.01887 0.08491 0.00943 0.00000 0.02830 0.10377
GNM13208                       0.10377 0.06604 0.02830 0.06604 0.00000 0.01887 0.07547 0.07547 0.01887 0.06604 0.08491 0.09434 0.02830 0.00943 0.01887 0.03774 0.00943 0.01887 0.03774 0.14151
GNM13210                       0.07477 0.08411 0.02804 0.04673 0.00935 0.00935 0.09346 0.06542 0.01869 0.04673 0.09346 0.11215 0.01869 0.02804 0.04673 0.05607 0.00000 0.00935 0.03738 0.12150
GNM12773                       0.05607 0.04673 0.02804 0.06542 0.01869 0.00000 0.07477 0.07477 0.01869 0.12150 0.10280 0.10280 0.01869 0.06542 0.02804 0.06542 0.01869 0.00935 0.00935 0.07477

Homogeneity statistic: X2 = 22.89793 G = 24.62585 

Average                        0.06587 0.04454 0.03900 0.06033 0.00985 0.01546 0.07709 0.07859 0.02628 0.08909 0.07148 0.10376 0.03261 0.02876 0.02615 0.06196 0.02322 0.00972 0.01989 0.11635
(Ambiguity characters are used to calculate freqs.)


# constant sites:      5 (4.67%)

TREE #  1:  ((((((((46, 144), 129), (60, 93)), 94), 95), (((131, 132), (96, 59)), (130, 133))), ((((((123, 122), 125), 124), 143), (62, 45)), 140)), ((((((((((((((((((48, 47), (49, 21)), 51), (50, 88)), 55), 25), (((70, 20), (23, 22)), 42)), ((((((((54, 53), 52), 56), 118), (18, 6)), (((58, (26, 38)), (7, 5)), (85, 19))), ((10, 68), 117)), 74)), 134), (((86, 73), 17), 87)), (((119, 72), 120), 39)), (((4, (71, 13)), (29, 77)), (14, 67))), (78, 41)), (84, 69)), ((((((40, 81), 82), 44), 43), 135), ((36, 12), 57))), ((((1, 79), 80), (8, 2)), 37)), ((((34, 35), 32), (3, 30)), (((83, 11), 33), 31))), (((((28, 27), (145, 24)), (65, 66)), 63), ((16, 15), 64))), (((((((((((110, 108), 109), 99), 107), 98), (((106, 104), 112), 103)), ((((91, 9), 92), (89, 116)), 90)), (61, 75)), ((142, 141), (76, 121))), ((((((102, 101), 100), 115), 97), ((111, 113), 114)), 105)), ((((137, 138), 139), 136), ((128, 126), 127))));   MP score: -1
lnL(ntime:287  np:288): -15969.651315      +0.000000
 146..147 147..148 148..149 149..150 150..151 151..152 152..153 153..46  153..144 152..129 151..154 154..60  154..93  150..94  149..95  148..155 155..156 156..157 157..131 157..132 156..158 158..96  158..59  155..159 159..130 159..133 147..160 160..161 161..162 162..163 163..164 164..165 165..123 165..122 164..125 163..124 162..143 161..166 166..62  166..45  160..140 146..167 167..168 168..169 169..170 170..171 171..172 172..173 173..174 174..175 175..176 176..177 177..178 178..179 179..180 180..181 181..182 182..183 183..184 184..48  184..47  183..185 185..49  185..21  182..51  181..186 186..50  186..88  180..55  179..25  178..187 187..188 188..189 189..70  189..20  188..190 190..23  190..22  187..42  177..191 191..192 192..193 193..194 194..195 195..196 196..197 197..198 198..54  198..53  197..52  196..56  195..118 194..199 199..18  199..6   193..200 200..201 201..202 202..58  202..203 203..26  203..38  201..204 204..7   204..5   200..205 205..85  205..19  192..206 206..207 207..10  207..68  206..117 191..74  176..134 175..208 208..209 209..210 210..86  210..73  209..17  208..87  174..211 211..212 212..213 213..119 213..72  212..120 211..39  173..214 214..215 215..216 216..4   216..217 217..71  217..13  215..218 218..29  218..77  214..219 219..14  219..67  172..220 220..78  220..41  171..221 221..84  221..69  170..222 222..223 223..224 224..225 225..226 226..227 227..40  227..81  226..82  225..44  224..43  223..135 222..228 228..229 229..36  229..12  228..57  169..230 230..231 231..232 232..233 233..1   233..79  232..80  231..234 234..8   234..2   230..37  168..235 235..236 236..237 237..238 238..34  238..35  237..32  236..239 239..3   239..30  235..240 240..241 241..242 242..83  242..11  241..33  240..31  167..243 243..244 244..245 245..246 246..247 247..28  247..27  246..248 248..145 248..24  245..249 249..65  249..66  244..63  243..250 250..251 251..16  251..15  250..64  146..252 252..253 253..254 254..255 255..256 256..257 257..258 258..259 259..260 260..261 261..262 262..110 262..108 261..109 260..99  259..107 258..98  257..263 263..264 264..265 265..106 265..104 264..112 263..103 256..266 266..267 267..268 268..269 269..91  269..9   268..92  267..270 270..89  270..116 266..90  255..271 271..61  271..75  254..272 272..273 273..142 273..141 272..274 274..76  274..121 253..275 275..276 276..277 277..278 278..279 279..280 280..102 280..101 279..100 278..115 277..97  276..281 281..282 282..111 282..113 281..114 275..105 252..283 283..284 284..285 285..286 286..137 286..138 285..139 284..136 283..287 287..288 288..128 288..126 287..127
 0.037170 0.000000 0.095986 0.039837 0.075878 0.138067 0.123018 0.666995 0.318722 0.346259 0.055892 0.897277 0.546598 0.518346 0.855735 0.555042 0.048071 0.259816 0.063538 0.049877 0.102444 0.468257 0.273588 0.079308 0.259711 0.099813 0.088554 0.000000 0.191517 0.124986 0.052020 0.000000 0.140872 0.178997 0.147181 0.235718 0.302482 0.134410 0.498978 0.327804 0.506699 0.117833 0.015422 0.365216 0.021415 0.097859 0.056721 0.006661 0.310608 0.155891 0.018394 0.041452 0.000000 0.244245 0.000000 0.104067 0.066975 0.000000 0.000000 0.033511 0.017623 0.000000 0.056842 0.026398 0.016198 0.029134 0.141550 0.036026 0.160151 0.126740 0.031634 0.217882 0.000499 0.000000 0.008227 0.077451 0.000000 0.000000 0.180469 0.000000 0.062180 0.046157 0.057297 0.026777 0.003441 0.017028 0.000000 0.000000 0.000000 0.000000 0.016773 0.023303 0.006640 0.040968 0.010302 0.006782 0.012749 0.086794 0.040576 0.048535 0.022015 0.037976 0.039510 0.014963 0.067642 0.046046 0.025334 0.033256 0.045136 0.096596 0.000000 0.010724 0.040165 0.311913 0.167752 0.113653 0.031326 0.053847 0.013878 0.045541 0.117779 0.103903 0.157025 0.048983 0.039133 0.044274 0.094319 0.072259 0.054779 0.085887 0.185781 0.057512 0.114981 0.134790 0.008018 0.044888 0.280617 0.000000 0.000000 0.218168 0.158347 0.123859 0.244964 0.000000 0.008047 0.366481 0.000000 0.000000 0.000000 0.108147 0.303370 0.231167 0.157819 0.156864 0.000000 0.000000 0.098196 0.188527 0.312679 0.407422 0.129992 0.558320 0.238525 0.123529 0.392522 0.036410 0.053794 0.377755 0.244387 0.191708 0.051976 0.372082 0.400224 0.000000 0.000000 0.667249 0.099200 0.000000 0.142897 0.337934 0.000000 0.025900 0.377147 0.465423 0.044044 0.063038 0.186849 0.384831 0.033533 0.048927 0.083032 0.135720 0.409644 0.073146 0.042343 0.103463 0.086308 0.232585 0.284845 0.126508 0.115556 0.460840 0.213103 0.027687 0.201131 0.417745 0.302785 0.106286 0.458476 0.000000 0.000000 0.507858 0.227094 0.000000 0.003701 0.036845 0.139201 0.000000 0.030184 0.026846 0.233363 0.101479 0.025240 0.062615 0.059449 0.089329 0.288098 0.357049 0.414447 0.457807 0.000000 0.002416 0.312212 0.225076 0.236296 0.316362 0.489857 0.008573 0.066025 0.036138 0.216980 0.081312 0.171272 0.027250 0.144511 0.128798 0.240729 0.237084 0.330849 0.183103 0.643021 0.131533 0.308809 0.284571 0.280114 0.229904 0.498911 0.000000 0.058438 0.107788 0.104555 0.000000 0.174778 0.044747 0.070441 0.210985 0.075247 0.162965 0.053021 0.142149 0.375114 0.302570 0.278866 0.628957 0.304233 0.029454 0.037664 0.055135 0.062725 0.024592 0.081688 0.049628 0.073522 0.014700 0.018481 0.060200 0.024876 1.419933
