
Printing out site pattern counts


       127         71  P

GNM13671                        -AAACDDDDE EEEEEFGGGG GGHHIIIIII KKLLLLLLLL LMNNNPQQQR RSSSTTTVVV VVVVVVYYYY Y
GNM13876                        -AASCDDKMD EEEETFGGGG GGHLAIIILV RRFLLLLLLS VYDKNPEMQE RKQSLTTILV VVVVVVAFNY Y
GNM13680                        -ADECADKDE DLNQQY-CGG GRFMIAIIII EQLAILLLVN LLEENPQKMK SKTVQDGLKI LLMVVVQYRL Y
GNM14837                        -SNGCSDSDE KANRDY-SGG GGFLTIIIVI IKLALILMVD IIDDNPENIE KKSTQSELKM ILMIILLFEL Y
GNM14249                        -SNRCSDSEE DAHKEY-SGG GGFLTIIIVI VKLALILMVG LVTGNPENIE KTSNEAELKM ILMIVLLFEL Y
GNM13928                        -SNNCSDTDE KAHKDY-SDG GGFLTIIIII IKLALIIMAG LISKNPETIE KKSTESELNM ILMVVLLFKL Y
GNM13297                        -ANGCDDKEE EEEDEY-SGG GKFEIAILII VRLALLVLVG LLQENPAKMN RTSKEDSLKV ILMVVVIFRL F
GNM14865                        -ASDCDDSDA EPDEDF-AGG GGHASAVVLV TTLVIYCIVD ILDDNLVRQE ETTSDTGAWL VVLVTVVLES Y
GNM13455                        -SNSCSDSDE KATEDY-SGG GGFLTIIIVI VELALILMVN LIKENPKNIK KNSTQTELKM ILMIVLLFNL Y
GNM14938                        -AASCGDGDE NRLWEFGVGG GGHDVVIAIV KAIVLLLLVS IISSNKRQQE KRSEVTDVRV VFIVVLKMSL Y
GNM14483                        -ANDCEDSEE EEHKGF-CEG GEFNSVIVII ARIAVVLLAG VVRDNPLTMK RISKESKLKV LLLVVVLYRL Y
GNM14872                        -ADSCSDGEQ DLDPQY-CGG GKFMIAIIII EKLAILLLVD LMESNPGKME SKTAQAGLKI LLMVVIQFKL F
GNM13855                        -ANDCEDNDE EINEKY-SNG GRFLILVIVI NKLALILLVG LLIRNPMSMK KESVKSDLSI IFMVVILYKL F
GNM14545                        -AAKCSDNDK DAYIEF-AGG GGHRIAVVFI KELALLLLFG KLSKNSLTQE KTDEDTDAEV ILLVVVEIKI F
GNM14366                        -SNSCDDEDE KERGMY-SGE GKFLSIIIVI KRMALVVIVN IIDDNPEKIK RVSENSDLKI IVMVVLMFEL Y
GNM14252                        -SNSCSDSEE NAHKEY-SGG GGFLTIIIVI VKLALILMVG IVVDNPENIE KTSNEAELKM ILMIVLLFEL Y
GNM13760                        -SNSCSDSEE KAHKEY-SGG GGFLTIIIVI TKLALILMVD IVDKNPRQIE KKSNQSELNI ILMIILLFEL Y
GNM13982                        -ANNCEDSEE EPKEHY-CGD GGFLTISIVI HTLAVLLMVG IITGNPKQIP KTNKDNDLKI ITMVVLLFKL Y
GNM14633                        -ANNCEDSEE EPKEHY-CGN GGFLTISIVI HELAVVLMVG TINSNPKKIP KTNKDTNLKI ITMIILLFKL Y
GNM14174                        -AAECNDEDE KCHIEF-SGG GGHQCVIIII REIALLLLVG IYGSNPVNQD RTKVQTKAKF VILVVLKVNM Y
GNM14138                        -AAECCDKED PEKIEF-SGG GGHHIVVAII REMALLLMVG ILEENPIEQE EIRVDTKAKF IILVVLKVNL Y
GNM14748                        -ANNCSDSEE KAHKNY-AEG GGFLTLIMVI IKLAIVLLVG TISGNPASIE KDSKDSELNI ILMIILLFEL Y
GNM14246                        -AAECSDGEE QAEVDF-SGG GGHRIVITII RKMALLLMVG ILDENPIQQE KIRVETKAKF VILVVLKVNL F
GNM14640                        -AAECSDREE HAELEF-SGG GGHKVVITII RKMVLLLMIG ILDENPIQQE KIRVDTKAKF VILVVLKVRL Y
GNM14965                        -ANECSDDEV HLYDLY-CGG GKFLIAIIII ELLAIILLVD ILKKNPEDMK TQTVQSKLKI LYMVVVRYRL F
GNM13677                        -AASCDDKMD EEEETFGGGG GGHLAIIILV RRFLLLLLLS VYDKNPEMQE RKQSLTTILV VVVVVVAFNY Y
GNM14339                        -AADCGDSEG NSFWEFGAGG GGHDVIIVLV REIVVLLLLR ILSSNKKGQP LKSEVTDVRV VYVVIVRFDA Y
GNM14593                        -AAACGDGEE DEEEEFGAGE GGHRIIIVIV EKFLLILLLR LMKKNPDEQR KSSSITKVRI IFVVIVYYRS Y
GNM13825                        -AASCGDGDE NRLWEFGVGG GGHEVVIAIV KAIVLLLLVA VLSRNKRQQE RRSEVTDVRV VFIVVLRMGL Y
GNM14768                        -MAACGDSDE EEERDFGADG GGHKALIVIV EVILLILLLS VVKENPDQQE KRSTVKEVLV VFVVILYYVY Y
GNM14776                        -MAACGDSDE EEERDFGADG GGHKALIVIV EVILLILLLS VVKENPDQQE KRSTVKEVLV VFVVILYYVY Y
GNM14715                        -ANDCQDSEE SEHSGF-CDG GKFNSVVIII SRIAVVLLAG VFRSNPLTMK RTSTESELKV LLLVVVLYRL Y
GNM14639                        -ANECKDAEE EESEEF-SSG GGFRCIIVIV ESLLFLVLTG IFKNNPLEMK LTSVESGLKI ILIVVVLFRL Y
GNM13795                        -ANSCSDSEE KAHKDY-ADG GGFLTMIMII FKLAIVLLVG IISDNPTSIE KDSKDSKLNI ILMIIVLFEF Y
GNM14166                        -S-SCEDDEE RAKEKY-SGG GGFITIIMII KRLAVLLMAS IVSKNPESIK RTSEQSDLKV IF-VI-LFKL Y
GNM14450                        --N-C-D-E- -Q-------G ------II-- R---VVL--E ---------- TK-QESS--- -LM--V---- -
GNM13515                        -SNNCDDSEE NPKQYY-AGG GGFLTISMII SKLALILLVG LIENNPEKLK KITKDDKLKM IVMIILLFEL Y
GNM14030                        -ANSCDDKEE NSDKTY-SGG GXFLILMLII SNLAILCLVE LLDENSINLD KTSEDNTLKI IFVVIVLYRL F
GNM13413                        RAAFCKDKNE EEYPEFKAGG GGIRIGMAFI VSLALLIIVE ILNENPVSMP LRDNDTEARF VAIVVILVVT Y
GNM14971                        -SFKFDPSEE KTKKEY-SGG GGFMIINSVI NKLALLLMAG VIDDNPKRIE RTSTRDSLKL IFAIVTLFEL Y
GNM14990                        -SNKCDDSEE KTKKEY-SGG GGFMIINIVI NKLALLLMAG VIEDNPKRVE RTSTRDSLKL IFMIVLLFEM Y
GNM15005                        -SNKCDDSEE KTKKEY-SGG GGFMIINIVI NKLALLLMVG VIDDNPKRVE KTSTRDSLKL IFMIVLLFEL Y
GNM14994                        -ANNCSDSEK KAHKDY-ADG GGFLTMIMII IQLAIVLLVG IISDNPESIE TDSKDSKLNI ILMIIVLFEL Y
GNM14976                        -SNKCDDSEE KTKKEY-SGG GGFMIINIVI NKLALLLMVG VIEDNPKRVE RTSTRDSLKL IFMIVLLFEM Y
GNM15022                        -SNKCDDSEE KTKKEY-SGG GGFMIINIVI NKLALLLMAG VIEDNPKRVE RTSTRDSLKL IFMIVLLFEM Y
GNM15024                        -SSSCSDSEE DAHKDY-SGG GGFLTIIIVI VKLALILMVG IITDNPQNIE KTSNEAELKM ILMVVLLFEL Y
GNM14980                        -SSSCSDSEE DAHKDY-SGG GGFLTIIIVI VKLALILMVG IITDNPQNIE KTSNEAELKM ILMVVLLFEL Y
GNM15000                        -SSSCSDSEE DAHKDY-SGG GGFLTIIIVI VKLALILMVG IITDNPQNIE KTSNEAELKM ILMVVLLFEL Y
GNM15026                        -SNSCDDSNE KSKKDY-CGG GGFIIINIVI IRLALLLMVD VVNSNPEKIE RTSSRDKLKI IFLIILLFEL Y
GNM15001                        -SSSCSDSEE DAHKDY-SGG GGFLTIIIVI VKLALILMVG IITGNPQNIE KTSNEAELKM ILMVVLLFEL Y
GNM15028                        -SNNCDDSEE KAKKEY-SGG GGFMIISIVI SRLALLLMVG VIDNNPKSID RTTTKNNLKL IFMVILLFEL Y
GNM15003                        -SNKCDDSEE KTKKEY-SGG GGFMIINIVI NKLAILLMVG VIDDNPKRVE RTSTRDSLKL IFMIVLLFEL Y
GNM11003                        -ANECAEEEY NKNMEF-AGG GGFRLVVVVV KNFALFLIVD IYSRSKFEQK KENIDTKANL VVFVVVEYYL Y
GNM11023                        RGLSTKDSDD EEIEAFGAGE GGQMSIIVVV YEIAMVVLTE VLKRVKIKQR RASRDDEVKI VVMVIVIFKT Y
GNM11055                        -AASCGDEDE KSEEEF-AGG GGHIAAIVMI RRLVVFIITG AIRRNPKNQE KTKKETDAVI VLLVCVLVKA Y
GNM11219                        -AAHCGDEEE RAKVEF-ADG GGHCICIVIL ERMALLLLVG IMERNPLRQE RTNPGTRAHF VVLVVVAIRA Y
GNM11220                        -AARCADDEE AENVEF-AGG GRHEIATAII VRIALLLLIG KLDRNPINQE RTSYEDEAKF VILVVVRVRL Y
GNM11222                        RAAKCEDGES SEEVKFGAGG GGHAIAIVIV VRISLFILAQ LLSNNPLEQE KKNKDSAAKL ILVVVVEVRL Y
GNM11223                        -AAECSDGEE RAKVDF-SGG GGHRIVIIII RRIALLIMVG VYDENPLQQE ATRVDTEAKF VILVVLKVNL Y
GNM11224                        -AAECSDKEE RAKVDF-SGG GGHRIVIIII RRIALLIMVG VYDENPLQQE ATRVDTEAKF VIMVVLKVNL Y
GNM11358                        -ANECEDANE KLSEEY-SDD GKFLVLMIVI NKLAVILLVG LLSRNPTSMK KVSAKSDLSI IFMVVILFNL F
GNM11360                        -SNSCSDSDE KATEDY-SGG GGFLTIIIVI IELALILMVN LIKENPKHIK KNSTQTELKM ILMIVLLFNL Y
GNM11362                        -ANDCNDAED KAEEEY-CGG GRFMIAIILI RRLAIILLVG LLAENPISMK SRSEESNLKV ILMVVIKFRL F
GNM11367                        -ANNCEDSEE EPKEHY-CGD GGFLTISIVI HTLAVLLMVG IITGNPKQIP KTNKDNDLKI ITMVVLLFKL Y
GNM11377                        -ADACSDGEQ DLDQEY-CGG GKFMIAIIII EKLAILLLVD LMESNPGKME SKTAQASLKI LLMVVIQFKL F
GNM11380                        -SNSCEDDEE KAKEKY-SGG GGFITIIIVI KRLAVVLMVS IVSKNPETIK RTTEQSDLKI ILMIILLFKL Y
GNM11383                        -SNSCDDEEE KENKAY-SDG GNFLTLVMVI KKMALVLLVG VITENPENIK RISQNSNLKI ILMIVLMFQL Y
GNM11491                        -SNGCDDSDE EESADC-AGG GGFLTIIIVI KQLAVLLMAG LIEGNPRNIR RKDKDSELKV IIMIVLLFEL Y
GNM11804                        -AAECGDKDE KEEEEF-AEG GGHIAAIVMI RRLVVFIITK IIRSNWKQQE KTKKETDAVI VLLVCVLVNA Y
GNM11805                        -AAEAADNET ESKEEF-CGN GNHAVAIALI RDLFILLLVG IYSDNPLIQP KDKHETKAKL ILMVVLAAHS Y
GNM12886                        -ADECADKDY ELSQPY-CGG GKFMIAIILI EHLAILLLVG LLDDNPQKMR SKTVQDDLKI LLMVVVQYRL Y
GNM12892                        -ANECSDDEV HLNDLY-CGG GKFLIAIIII ELLAIILLVD ILKKNPEDMK TQTVQSKLKI LYMVVFRYRL F
GNM13060                        -ANRIDDDEQ KEYEKY-NGG GGFMSIIVII KLLLLLLLVG LFDKNSKNIP RRDSENDLKL LFVVVLVYRL F
GNM13062                        -ANECEDAEE TEHTGF-CEG GDFNSVVIII TRIAVVLLAG VVRDNPLTMK RTSKESQLKV LLLVIVLYRL Y
GNM13064                        -ANDCEDDEQ NNEENY-SGG GEFLILTIII SKLAIINLVG ILETNSIKLE TTSEEDDVKI IYIVVVLYNL F
GNM13066                        -ANDCKDDEK NTEENY-SNG GDFLILTIII SKLAILVLVG ILEKNSITLE KTSEENEVKI IFIVIVLYNL F
GNM11034                        -AASCGDADE NRLWEFGVGG GGHDVVIAIV RAIVLLLLVS ILSNNKKQQE KRSEVTDVRV VFVVVLRMSL Y
GNM11363                        -ANDCNDAED KAEEEY-CGG GRFMIAIILI RRLAIILLVG LLAENPISMK SRSEESNLKV ILMVVIKFRL F
GNM11375                        -SNSCSDSEE KAHKEY-SGG GGFLTIIIVI TKLALILMVD IVDENPQQIE KKSNQSELNM ILMIILLFEL Y
GNM11381                        -SNSCDDQDE TENKEY-CGG GKFLTLVMVI KQLALILLVG VITHNPENIK KVSQNSKLKI ILMIVLMFNL Y
GNM11382                        -SNSCDDDDE QENRSY-CGG GKFLTLIIVI KRMAVLLMAD IIDNNPEKIK RTSVKSDLKM IFMIVLLFKL F
GNM11799                        -SNKCDDSDE KAKKEC-SGG GEFMIINIVI KRLALLLMVD VIDNNPKRLE RTSTRNNLKL IFMIVLLFEL Y
GNM11841                        -ASECGDNDE DPTEDF-CEG GGHHAAVVLL EALIMFIIVG VFDENRVRQE ETNSNSPAWL VVLVTVVLDS Y
GNM11931                        -AASCEDGDA DRTADF-AGG GGHAAGIAFL DALVLYVVVG IHADNVRRQE ETTENTGAQF VTLVTVIMTA Y
GNM12040                        -AASCDDADT KSNAEF-AEG GGHAAAVVLI VKLVLYCIVG VIKENLIRQE ETTSDSEAWL VVLVTVIVHR Y
GNM12071                        -ASECDDGDE TTTAEF-AEG GGHAAAVVLF DHLVLYCIVG VLAENRVRQE ETSTNQRAWI VALVTVVLEG Y
GNM12125                        -AAECADNEY EEHLSF-AGG GGHETLIIAI VWAALFLLVG ILQKNPMEQE KKNVETEARL ILIVVVAVNR Y
GNM12126                        -AAYVADREV EEKEDF-AGG GGYGSLSVMV KSMAMFLVIG VFAEYPLAQE KEDVETEALL VKIVVVLIRR F
GNM12128                        -LAKCGDEEK KEDLEF-ADG GGHRIVIIIV RKIVLFIASG SLEKVLLMQT KVSVDDPIRL IIVVQVEIRA Y
GNM12182                        -ANECSEGEY EKNINF-AGG GGFRAVVIIV RDVALFYIVS ILDKSKLEQN RENVETKANL VAFIVVEYRL Y
GNM12346                        -AAKCADAKE EEICEF-ADG GGHASAIVLI SKLVLFYLVG VIDSNPVEQE KEAQDTDACL VAMVIVCVEA Y
GNM12351                        -AAGCEDQET TKDEEF-AGG GGHSSASVII TRIIVLLIFG IAQDNPVNQE KKSVKPEAKI IILITVCYRA Y
GNM12373                        -AASCEDDEE KAEEEF-VGG GGHAVASAII TALLMLLLMP ILAKNPLDQP KTDDSCLAGV ICICVLIYRA Y
GNM12385                        -AAGCGDAED RACEEF-ADD GGHMVANAII IALVMLLIIG VLGANPRGQG ATTEHEDARI IVVVVVLFRA Y
GNM12551                        -VAPCGDSDR EEHPDF-AGG GGHAAIALIL KRIALLLALK VLKDNPAEQE VESTYVGVIL IRVCVLVYLK Y
GNM12554                        -AAGCGDGEA ERTEAF-GSN GGHMAVNVII TLLVLILLMG VLEKNPTRQE TTTRHDDARV VLVVVVVYRA Y
GNM12592                        -AASCDDAEM ESEAAF-AGG GECFAAIVMI TELLLFLFVK IYMANPEEQV QRSQETEARL VLLVVVWVRA F
GNM12596                        -AAACDDKEE EKEEEF-ACG GGHCTATAAI KELLLLVLFG ILKKNPQEQE KANVHTNARV ISLIVVCFKA Y
GNM12602                        -GAACDDKEK EKEEEF-AGG GGHCTATAII KELFLLVLFG ILKKNPKEQR KTSVHTNARV ITLIVVFFKA Y
GNM12665                        -AAACDDKEE EEEEEF-ACG GGHCTATAVI KELLLLVLFG ILKKNPEEQR KTNMHTNARV ITLIVVCFKA Y
GNM12749                        -AGGCNDDEE KRSEEF-GGG GGYHCINLII SMLVIFLIFG VIRSTPINTE RTNSEDETRI IIVVIILIRV F
GNM12841                        -ASECEDGDE HATHEF-AEG GGHHAAVVYF DALVLFVLVG VFAENVTDQP ETESNADARL VVLVTVLLES Y
GNM12849                        -S-S-S-S-E K-KIDY-SG- GGFLTII-VI -ELA---MV- LIKENPKSIE --S--N-LKM I--IV-LFDL Y
GNM12869                        -SNSCSDSEE DAHKEY-SGG GGFLTIIIVI VKLALILLVG LITGNPENIE KTSNEAELKM ILMIVLLFEL Y
GNM12896                        -SNSCEDDEE KATEKY-SGG GGFITIIIVI RRLAVVLMVS IISKNPETIK RTTDQSDLKI ILMIVLLFKL Y
GNM12897                        -SNSCEDDEE KVNETY-SGG GGFLTIIIVI RQLAVVLMVD LITKNPKNIK RTSEKSDLKM ILMIVLLFQL Y
GNM12902                        -AAEAGDDET RSNDEF-CDG GNHAVAIAMI RNMFVFLLVG IFSKNPLIQP REKHSTRARI VLLIVLLAHT Y
GNM12915                        -AARCQDKEE EEEVDF-AGG GGHLVAIAMI RELLLFLLTG IYNENPEQQE KTKKETEAKL VLLVVLKARL Y
GNM10046                        -AARCQDREE EEEVEF-AGG GGHLVAIAMI RELLLFLLTG IYRENPGEQE KTKKETEAKL VLLVVVKARL Y
GNM12918                        -AARCQDKES EEEVEF-AGG GGHLVAIAMI RELLLFLLTG IYKENPGEQE KTKKETEAKL VLLIVLKARF Y
GNM12931                        KAAYCNDEKK IEYLNFGANG GGHEIAIIYI VGLALLLLVK VFKKNPFKQP KKDEDTEAVL VIVVIVKVNI Y
GNM12938                        -ANECKEEEY NRVLEF-AGG GGFRVVAIIV ENIALFTIVN IFSKSKFSQE KTNRETNANL VLLVIVEYKL F
GNM12996                        -ANKCAQEEY NENLDF-AGG GGFRAMVIVV RDIALFLIVG ILSRSKLEQE KVSIETEANL VILVVVEYYL Y
GNM13018                        -ANKCAQEEY NEDLDF-AGG GGFRAMVIVV RDIALFLIVG ILSRSKLEQE KVSIETEANL IILVIIEYYL Y
GNM13027                        -ANECQEEEY NPVLDF-AGG GGFRIVVIII KDLAIFLIVG VFSKSKFEQK KTNNENEANL IVFIVVEYKL Y
GNM13046                        -SNSCGDSPE KAHKDY-CGG GGFLTISIVI VKLALLLMVN VINSNPEKIE KKSKESKLKM ILMIVLLFEL Y
GNM13053                        -TNDCNDEEE TEHSEY-SSG GKFAIVIIII KRIALVLLAG LLEENFLRMA KTSEDQALKM ILMVTVRYRL F
GNM13074                        -AARCQDGED EEEVEF-AGG GGHLCAIAMI RELLMFLLVG IYKENPEEQE KTKKETEAKL VLLVVLKARL Y
GNM10010                        -AARCEDTEK EEEEAF-AGG GGHLCAIAMI RKLLLFLLTG IYEENPGEQE KTKKETEAKL VLLVVLKARL Y
GNM10014                        -AARCQDSER EEEEDF-AGG GGHLCAIAMI RDLLLFLLTG IYEENPKEQE KTKKETEARL VLLVVLKARL Y
GNM13090                        -AARCQDREA EEEEDF-AGG GGHLCAIAMI RELLLFLLTG IYSENPEEQE KTKKETEAKL VLLVILKARL Y
GNM13118                        -LADCADSKL EEKDEF-AGG GYYISISIVV EAILLLLAFN EPKETPRGQR VETRYDNVRV IVMLVLLFDE F
GNM13126                        -AASAQDGDM EAEDEF-CKG GGYATAIAYI RNMFVFILVK IFSDNPIIQP KKYHETNAKI VLLIVLVAYS Y
GNM13128                        -AASADDEDM KSEDEF-CGG GGYNTAIAYI RNLFLFILVK IYSENPIMQP KKFHETNAKI VLLVVLLAHS Y
GNM13210                        KASLCEDKEE DEVVEFGANG GGIKIGTVFV VSLALLVLVP VIEENPLTFP RVDRDTEAIY VIVVVVAARI Y
GNM12773                        -ASECEDENQ NEKVEF-SGG GGHKCVIIII TEIALLLLVG IFSKNSINQN RTTVETKAKF IILVILKVIM Y
GNM12769                        -AAECDDKEE KQEIEF-AGN GEHHIAQIII RDLAIFLLVG ILDKNPIRQK KTKKEVRVKL ILLVIVAMKI Y



    1    1    1    1    1    1    1    1    1    1    1    1    1    1    1
    1    1    1    1    1    1    1    1    1    1    1    1    1    1    1
    1    1    1    1    1    1    1    1    1    1    1    1    1    1    1
    1    1    1    1    1    1    1    1    1    1    1    1    1    1    1
    1    1    1    1    1    1    1    1    1    1    1

AAML (in paml version 4.9h, March 2018)  tmp0071.txt
Model: Empirical,  (../wag.dat) dGamma (ncatG=4) ns = 127  ls =  71


Frequencies..
                                    A      R      N      D      C      Q      E      G      H      I      L      K      M      F      P      S      T      W      Y      V
GNM13671                       0.04286 0.02857 0.04286 0.05714 0.01429 0.04286 0.08571 0.08571 0.02857 0.08571 0.12857 0.02857 0.01429 0.01429 0.01429 0.04286 0.04286 0.00000 0.07143 0.12857
GNM13876                       0.05714 0.04286 0.02857 0.05714 0.01429 0.02857 0.08571 0.08571 0.01429 0.05714 0.14286 0.04286 0.02857 0.04286 0.01429 0.04286 0.04286 0.00000 0.04286 0.12857
GNM13680                       0.05797 0.02899 0.04348 0.07246 0.02899 0.08696 0.07246 0.05797 0.00000 0.10145 0.15942 0.07246 0.04348 0.01449 0.01449 0.01449 0.01449 0.00000 0.04348 0.07246
GNM14837                       0.02899 0.01449 0.05797 0.08696 0.01449 0.01449 0.07246 0.07246 0.00000 0.17391 0.13043 0.07246 0.04348 0.02899 0.01449 0.08696 0.02899 0.00000 0.02899 0.02899
GNM14249                       0.04348 0.01449 0.05797 0.02899 0.01449 0.00000 0.11594 0.08696 0.01449 0.11594 0.14493 0.05797 0.04348 0.02899 0.01449 0.07246 0.04348 0.00000 0.02899 0.07246
GNM13928                       0.04348 0.00000 0.05797 0.05797 0.01449 0.00000 0.07246 0.05797 0.01449 0.15942 0.13043 0.10145 0.04348 0.02899 0.01449 0.08696 0.05797 0.00000 0.02899 0.02899
GNM13297                       0.05797 0.04348 0.04348 0.05797 0.01449 0.01449 0.13043 0.07246 0.00000 0.08696 0.14493 0.07246 0.02899 0.04348 0.01449 0.04348 0.01449 0.00000 0.01449 0.10145
GNM14865                       0.08696 0.01449 0.01449 0.14493 0.02899 0.01449 0.07246 0.07246 0.01449 0.04348 0.10145 0.00000 0.00000 0.01449 0.01449 0.07246 0.08696 0.01449 0.02899 0.15942
GNM13455                       0.02899 0.00000 0.08696 0.04348 0.01449 0.01449 0.07246 0.05797 0.00000 0.13043 0.14493 0.08696 0.04348 0.02899 0.01449 0.08696 0.05797 0.00000 0.02899 0.05797
GNM14938                       0.05714 0.05714 0.02857 0.05714 0.01429 0.02857 0.05714 0.10000 0.01429 0.08571 0.10000 0.05714 0.01429 0.02857 0.00000 0.08571 0.01429 0.01429 0.01429 0.17143
GNM14483                       0.05797 0.05797 0.04348 0.04348 0.02899 0.00000 0.11594 0.05797 0.01449 0.07246 0.13043 0.07246 0.01449 0.02899 0.01449 0.05797 0.01449 0.00000 0.02899 0.14493
GNM14872                       0.07246 0.00000 0.01449 0.07246 0.02899 0.05797 0.05797 0.08696 0.00000 0.11594 0.14493 0.08696 0.05797 0.04348 0.02899 0.05797 0.01449 0.00000 0.01449 0.04348
GNM13855                       0.02899 0.02899 0.08696 0.05797 0.01449 0.00000 0.07246 0.04348 0.00000 0.13043 0.15942 0.08696 0.04348 0.04348 0.01449 0.07246 0.00000 0.00000 0.02899 0.08696
GNM14545                       0.10145 0.01449 0.02899 0.08696 0.01449 0.01449 0.08696 0.07246 0.01449 0.08696 0.13043 0.10145 0.00000 0.05797 0.00000 0.04348 0.04348 0.00000 0.01449 0.08696
GNM14366                       0.01449 0.04348 0.05797 0.08696 0.01449 0.00000 0.10145 0.04348 0.00000 0.14493 0.07246 0.08696 0.05797 0.02899 0.01449 0.08696 0.00000 0.00000 0.02899 0.11594
GNM14252                       0.04348 0.00000 0.07246 0.02899 0.01449 0.00000 0.11594 0.07246 0.01449 0.13043 0.13043 0.05797 0.04348 0.02899 0.01449 0.08696 0.02899 0.00000 0.02899 0.08696
GNM13760                       0.02899 0.01449 0.05797 0.04348 0.01449 0.02899 0.08696 0.05797 0.01449 0.15942 0.13043 0.08696 0.02899 0.02899 0.01449 0.10145 0.02899 0.00000 0.02899 0.04348
GNM13982                       0.02899 0.00000 0.07246 0.05797 0.02899 0.01449 0.07246 0.07246 0.02899 0.11594 0.11594 0.08696 0.02899 0.02899 0.04348 0.02899 0.07246 0.00000 0.02899 0.07246
GNM14633                       0.02899 0.00000 0.10145 0.02899 0.02899 0.00000 0.08696 0.05797 0.02899 0.13043 0.10145 0.10145 0.02899 0.02899 0.04348 0.04348 0.07246 0.00000 0.02899 0.05797
GNM14174                       0.05797 0.02899 0.05797 0.04348 0.04348 0.04348 0.07246 0.08696 0.02899 0.11594 0.08696 0.07246 0.01449 0.02899 0.01449 0.02899 0.02899 0.00000 0.02899 0.11594
GNM14138                       0.07246 0.02899 0.02899 0.04348 0.02899 0.01449 0.14493 0.07246 0.02899 0.13043 0.10145 0.07246 0.02899 0.02899 0.02899 0.01449 0.01449 0.00000 0.01449 0.10145
GNM14748                       0.07246 0.00000 0.07246 0.04348 0.01449 0.00000 0.08696 0.07246 0.01449 0.14493 0.14493 0.07246 0.02899 0.02899 0.01449 0.08696 0.02899 0.00000 0.02899 0.04348
GNM14246                       0.07246 0.04348 0.02899 0.04348 0.01449 0.04348 0.10145 0.08696 0.01449 0.11594 0.10145 0.07246 0.02899 0.04348 0.01449 0.02899 0.02899 0.00000 0.00000 0.11594
GNM14640                       0.05797 0.05797 0.01449 0.04348 0.01449 0.02899 0.10145 0.07246 0.02899 0.11594 0.11594 0.08696 0.02899 0.02899 0.01449 0.02899 0.02899 0.00000 0.01449 0.11594
GNM14965                       0.04348 0.02899 0.02899 0.07246 0.02899 0.02899 0.05797 0.04348 0.01449 0.13043 0.15942 0.08696 0.02899 0.02899 0.01449 0.02899 0.02899 0.00000 0.05797 0.08696
GNM13677                       0.05714 0.04286 0.02857 0.05714 0.01429 0.02857 0.08571 0.08571 0.01429 0.05714 0.14286 0.04286 0.02857 0.04286 0.01429 0.04286 0.04286 0.00000 0.04286 0.12857
GNM14339                       0.05714 0.05714 0.02857 0.07143 0.01429 0.01429 0.05714 0.11429 0.01429 0.07143 0.10000 0.04286 0.00000 0.04286 0.01429 0.07143 0.01429 0.01429 0.02857 0.17143
GNM14593                       0.05714 0.07143 0.01429 0.04286 0.01429 0.01429 0.12857 0.08571 0.01429 0.12857 0.08571 0.07143 0.01429 0.04286 0.01429 0.05714 0.01429 0.00000 0.04286 0.08571
GNM13825                       0.07143 0.10000 0.02857 0.04286 0.01429 0.02857 0.07143 0.11429 0.01429 0.05714 0.11429 0.02857 0.01429 0.02857 0.00000 0.04286 0.01429 0.01429 0.01429 0.18571
GNM14768                       0.05714 0.02857 0.01429 0.07143 0.01429 0.02857 0.11429 0.07143 0.01429 0.07143 0.11429 0.05714 0.01429 0.02857 0.01429 0.04286 0.01429 0.00000 0.05714 0.17143
GNM14776                       0.05714 0.02857 0.01429 0.07143 0.01429 0.02857 0.11429 0.07143 0.01429 0.07143 0.11429 0.05714 0.01429 0.02857 0.01429 0.04286 0.01429 0.00000 0.05714 0.17143
GNM14715                       0.04348 0.05797 0.04348 0.04348 0.02899 0.01449 0.07246 0.05797 0.01449 0.05797 0.13043 0.04348 0.01449 0.04348 0.01449 0.11594 0.04348 0.00000 0.02899 0.13043
GNM14639                       0.02899 0.02899 0.04348 0.01449 0.02899 0.00000 0.14493 0.07246 0.00000 0.10145 0.14493 0.05797 0.01449 0.07246 0.01449 0.08696 0.02899 0.00000 0.01449 0.10145
GNM13795                       0.05797 0.00000 0.04348 0.08696 0.01449 0.00000 0.05797 0.05797 0.01449 0.15942 0.10145 0.08696 0.04348 0.05797 0.01449 0.10145 0.02899 0.00000 0.02899 0.04348
GNM14166                       0.04545 0.04545 0.01515 0.04545 0.01515 0.01515 0.09091 0.06061 0.00000 0.13636 0.09091 0.10606 0.03030 0.04545 0.01515 0.12121 0.03030 0.00000 0.03030 0.06061
GNM14450                       0.00003 0.04546 0.04546 0.04546 0.04546 0.09088 0.13631 0.04546 0.00003 0.09088 0.09088 0.04546 0.04546 0.00003 0.00003 0.09088 0.04546 0.00003 0.00003 0.13631
GNM13515                       0.02899 0.00000 0.07246 0.05797 0.01449 0.01449 0.07246 0.07246 0.00000 0.13043 0.15942 0.11594 0.04348 0.02899 0.02899 0.05797 0.02899 0.00000 0.04348 0.02899
GNM14030                       0.02941 0.01471 0.08824 0.08824 0.02941 0.00000 0.07353 0.04412 0.00000 0.11765 0.17647 0.05882 0.01471 0.04412 0.00000 0.08824 0.04412 0.00000 0.02941 0.05882
GNM13413                       0.09859 0.05634 0.05634 0.04225 0.01408 0.00000 0.09859 0.07042 0.00000 0.11268 0.08451 0.04225 0.02817 0.05634 0.04225 0.02817 0.02817 0.00000 0.02817 0.11268
GNM14971                       0.04348 0.04348 0.04348 0.05797 0.00000 0.00000 0.07246 0.07246 0.00000 0.10145 0.11594 0.10145 0.02899 0.07246 0.02899 0.08696 0.05797 0.00000 0.02899 0.04348
GNM14990                       0.02899 0.04348 0.05797 0.05797 0.01449 0.00000 0.08696 0.07246 0.00000 0.10145 0.11594 0.10145 0.05797 0.04348 0.01449 0.07246 0.04348 0.00000 0.02899 0.05797
GNM15005                       0.01449 0.02899 0.05797 0.07246 0.01449 0.00000 0.07246 0.07246 0.00000 0.10145 0.13043 0.11594 0.04348 0.04348 0.01449 0.07246 0.04348 0.00000 0.02899 0.07246
GNM14994                       0.05797 0.00000 0.05797 0.08696 0.01449 0.01449 0.05797 0.05797 0.01449 0.17391 0.11594 0.07246 0.04348 0.02899 0.01449 0.08696 0.02899 0.00000 0.02899 0.04348
GNM14976                       0.01449 0.04348 0.05797 0.05797 0.01449 0.00000 0.08696 0.07246 0.00000 0.10145 0.11594 0.10145 0.05797 0.04348 0.01449 0.07246 0.04348 0.00000 0.02899 0.07246
GNM15022                       0.02899 0.04348 0.05797 0.05797 0.01449 0.00000 0.08696 0.07246 0.00000 0.10145 0.11594 0.10145 0.05797 0.04348 0.01449 0.07246 0.04348 0.00000 0.02899 0.05797
GNM15024                       0.04348 0.00000 0.04348 0.05797 0.01449 0.01449 0.08696 0.07246 0.01449 0.13043 0.13043 0.05797 0.04348 0.02899 0.01449 0.10145 0.04348 0.00000 0.02899 0.07246
GNM14980                       0.04348 0.00000 0.04348 0.05797 0.01449 0.01449 0.08696 0.07246 0.01449 0.13043 0.13043 0.05797 0.04348 0.02899 0.01449 0.10145 0.04348 0.00000 0.02899 0.07246
GNM15000                       0.04348 0.00000 0.04348 0.05797 0.01449 0.01449 0.08696 0.07246 0.01449 0.13043 0.13043 0.05797 0.04348 0.02899 0.01449 0.10145 0.04348 0.00000 0.02899 0.07246
GNM15026                       0.01449 0.04348 0.07246 0.07246 0.02899 0.00000 0.05797 0.05797 0.00000 0.15942 0.13043 0.08696 0.01449 0.04348 0.01449 0.10145 0.01449 0.00000 0.02899 0.05797
GNM15001                       0.04348 0.00000 0.04348 0.04348 0.01449 0.01449 0.08696 0.08696 0.01449 0.13043 0.13043 0.05797 0.04348 0.02899 0.01449 0.10145 0.04348 0.00000 0.02899 0.07246
GNM15028                       0.02899 0.02899 0.08696 0.05797 0.01449 0.00000 0.05797 0.07246 0.00000 0.11594 0.13043 0.08696 0.04348 0.04348 0.01449 0.08696 0.04348 0.00000 0.02899 0.05797
GNM15003                       0.01449 0.04348 0.05797 0.07246 0.01449 0.00000 0.07246 0.07246 0.00000 0.11594 0.11594 0.10145 0.04348 0.04348 0.01449 0.07246 0.04348 0.00000 0.02899 0.07246
GNM11003                       0.07246 0.02899 0.08696 0.02899 0.01449 0.01449 0.11594 0.05797 0.00000 0.04348 0.07246 0.08696 0.01449 0.08696 0.00000 0.02899 0.01449 0.00000 0.07246 0.15942
GNM11023                       0.05634 0.07042 0.00000 0.07042 0.00000 0.02817 0.09859 0.07042 0.00000 0.11268 0.04225 0.08451 0.04225 0.02817 0.00000 0.05634 0.04225 0.00000 0.02817 0.16901
GNM11055                       0.11594 0.05797 0.02899 0.04348 0.02899 0.01449 0.10145 0.08696 0.01449 0.10145 0.05797 0.08696 0.01449 0.02899 0.01449 0.02899 0.04348 0.00000 0.01449 0.11594
GNM11219                       0.11594 0.10145 0.02899 0.02899 0.04348 0.01449 0.10145 0.08696 0.04348 0.07246 0.10145 0.01449 0.02899 0.02899 0.02899 0.00000 0.02899 0.00000 0.01449 0.11594
GNM11220                       0.13043 0.10145 0.04348 0.05797 0.01449 0.01449 0.11594 0.05797 0.01449 0.10145 0.10145 0.02899 0.00000 0.02899 0.01449 0.01449 0.02899 0.00000 0.02899 0.10145
GNM11222                       0.11268 0.04225 0.04225 0.02817 0.01408 0.02817 0.09859 0.08451 0.01408 0.08451 0.11268 0.08451 0.00000 0.02817 0.01408 0.07042 0.00000 0.00000 0.01408 0.12676
GNM11223                       0.08696 0.07246 0.02899 0.05797 0.01449 0.02899 0.08696 0.08696 0.01449 0.11594 0.08696 0.04348 0.01449 0.02899 0.01449 0.02899 0.02899 0.00000 0.02899 0.13043
GNM11224                       0.08696 0.07246 0.02899 0.05797 0.01449 0.02899 0.08696 0.07246 0.01449 0.11594 0.07246 0.05797 0.02899 0.02899 0.01449 0.02899 0.02899 0.00000 0.02899 0.13043
GNM11358                       0.05797 0.01449 0.07246 0.05797 0.01449 0.00000 0.07246 0.02899 0.00000 0.08696 0.15942 0.08696 0.04348 0.05797 0.01449 0.10145 0.01449 0.00000 0.01449 0.10145
GNM11360                       0.02899 0.00000 0.07246 0.04348 0.01449 0.01449 0.07246 0.05797 0.01449 0.14493 0.14493 0.08696 0.04348 0.02899 0.01449 0.08696 0.05797 0.00000 0.02899 0.04348
GNM11362                       0.08696 0.07246 0.05797 0.04348 0.02899 0.00000 0.10145 0.05797 0.00000 0.13043 0.13043 0.05797 0.04348 0.04348 0.01449 0.05797 0.00000 0.00000 0.01449 0.05797
GNM11367                       0.02899 0.00000 0.07246 0.05797 0.02899 0.01449 0.07246 0.07246 0.02899 0.11594 0.11594 0.08696 0.02899 0.02899 0.04348 0.02899 0.07246 0.00000 0.02899 0.07246
GNM11377                       0.08696 0.00000 0.01449 0.07246 0.02899 0.05797 0.07246 0.07246 0.00000 0.11594 0.14493 0.08696 0.05797 0.04348 0.01449 0.05797 0.01449 0.00000 0.01449 0.04348
GNM11380                       0.02899 0.02899 0.02899 0.04348 0.01449 0.01449 0.08696 0.05797 0.00000 0.15942 0.10145 0.11594 0.02899 0.02899 0.01449 0.08696 0.05797 0.00000 0.02899 0.07246
GNM11383                       0.02899 0.01449 0.10145 0.04348 0.01449 0.02899 0.08696 0.04348 0.00000 0.10145 0.13043 0.08696 0.05797 0.02899 0.01449 0.07246 0.02899 0.00000 0.02899 0.08696
GNM11491                       0.05797 0.04348 0.04348 0.08696 0.02899 0.01449 0.08696 0.10145 0.00000 0.13043 0.13043 0.05797 0.02899 0.02899 0.01449 0.05797 0.01449 0.00000 0.01449 0.05797
GNM11804                       0.10145 0.04348 0.02899 0.04348 0.02899 0.02899 0.13043 0.05797 0.01449 0.11594 0.05797 0.10145 0.01449 0.02899 0.00000 0.01449 0.04348 0.01449 0.01449 0.11594
GNM11805                       0.14493 0.01449 0.05797 0.05797 0.01449 0.01449 0.08696 0.04348 0.04348 0.08696 0.13043 0.07246 0.01449 0.02899 0.02899 0.04348 0.02899 0.00000 0.02899 0.05797
GNM12886                       0.05797 0.02899 0.01449 0.10145 0.02899 0.05797 0.04348 0.05797 0.01449 0.08696 0.17391 0.07246 0.04348 0.01449 0.02899 0.02899 0.01449 0.00000 0.05797 0.07246
GNM12892                       0.04348 0.02899 0.04348 0.07246 0.02899 0.02899 0.05797 0.04348 0.01449 0.13043 0.15942 0.08696 0.02899 0.04348 0.01449 0.02899 0.02899 0.00000 0.04348 0.07246
GNM13060                       0.01449 0.05797 0.07246 0.08696 0.00000 0.01449 0.05797 0.07246 0.00000 0.08696 0.18841 0.08696 0.01449 0.05797 0.01449 0.04348 0.00000 0.00000 0.04348 0.08696
GNM13062                       0.05797 0.05797 0.04348 0.04348 0.02899 0.01449 0.10145 0.05797 0.01449 0.07246 0.13043 0.04348 0.01449 0.02899 0.01449 0.04348 0.07246 0.00000 0.02899 0.13043
GNM13064                       0.02899 0.00000 0.10145 0.07246 0.01449 0.01449 0.13043 0.05797 0.00000 0.15942 0.11594 0.04348 0.00000 0.02899 0.00000 0.05797 0.05797 0.00000 0.04348 0.07246
GNM13066                       0.02899 0.00000 0.10145 0.05797 0.01449 0.00000 0.11594 0.04348 0.00000 0.15942 0.13043 0.08696 0.00000 0.04348 0.00000 0.05797 0.05797 0.00000 0.02899 0.07246
GNM11034                       0.07143 0.07143 0.04286 0.05714 0.01429 0.02857 0.05714 0.08571 0.01429 0.05714 0.11429 0.04286 0.01429 0.02857 0.00000 0.07143 0.01429 0.01429 0.01429 0.18571
GNM11363                       0.08696 0.07246 0.05797 0.04348 0.02899 0.00000 0.10145 0.05797 0.00000 0.13043 0.13043 0.05797 0.04348 0.04348 0.01449 0.05797 0.00000 0.00000 0.01449 0.05797
GNM11375                       0.02899 0.00000 0.05797 0.04348 0.01449 0.04348 0.10145 0.05797 0.01449 0.14493 0.13043 0.07246 0.04348 0.02899 0.01449 0.10145 0.02899 0.00000 0.02899 0.04348
GNM11381                       0.01449 0.00000 0.08696 0.04348 0.02899 0.04348 0.05797 0.05797 0.01449 0.10145 0.14493 0.10145 0.04348 0.02899 0.01449 0.05797 0.04348 0.00000 0.02899 0.08696
GNM11382                       0.02899 0.04348 0.05797 0.10145 0.02899 0.01449 0.04348 0.04348 0.00000 0.11594 0.11594 0.10145 0.05797 0.05797 0.01449 0.07246 0.02899 0.00000 0.01449 0.05797
GNM11799                       0.02899 0.05797 0.08696 0.07246 0.02899 0.00000 0.07246 0.04348 0.00000 0.10145 0.14493 0.10145 0.04348 0.04348 0.01449 0.05797 0.02899 0.00000 0.01449 0.05797
GNM11841                       0.07246 0.02899 0.05797 0.08696 0.02899 0.01449 0.11594 0.07246 0.02899 0.04348 0.08696 0.00000 0.01449 0.04348 0.02899 0.05797 0.04348 0.01449 0.01449 0.14493
GNM11931                       0.17391 0.04348 0.02899 0.08696 0.01449 0.02899 0.05797 0.11594 0.02899 0.04348 0.05797 0.00000 0.01449 0.04348 0.00000 0.01449 0.10145 0.00000 0.02899 0.11594
GNM12040                       0.13043 0.02899 0.02899 0.05797 0.02899 0.01449 0.08696 0.05797 0.02899 0.07246 0.08696 0.04348 0.00000 0.01449 0.00000 0.05797 0.05797 0.01449 0.02899 0.15942
GNM12071                       0.13043 0.04348 0.02899 0.05797 0.02899 0.02899 0.11594 0.08696 0.02899 0.02899 0.08696 0.00000 0.00000 0.02899 0.00000 0.02899 0.08696 0.01449 0.02899 0.14493
GNM12125                       0.13043 0.02899 0.05797 0.01449 0.01449 0.02899 0.13043 0.07246 0.02899 0.08696 0.11594 0.04348 0.01449 0.02899 0.01449 0.01449 0.02899 0.01449 0.02899 0.10145
GNM12126                       0.11594 0.04348 0.00000 0.04348 0.00000 0.01449 0.13043 0.08696 0.00000 0.04348 0.08696 0.05797 0.04348 0.05797 0.01449 0.04348 0.01449 0.00000 0.04348 0.15942
GNM12128                       0.05797 0.05797 0.00000 0.07246 0.01449 0.02899 0.08696 0.07246 0.01449 0.14493 0.10145 0.08696 0.01449 0.02899 0.01449 0.04348 0.01449 0.00000 0.01449 0.13043
GNM12182                       0.08696 0.05797 0.08696 0.02899 0.01449 0.01449 0.11594 0.07246 0.00000 0.08696 0.07246 0.05797 0.00000 0.05797 0.00000 0.04348 0.01449 0.00000 0.05797 0.13043
GNM12346                       0.15942 0.00000 0.01449 0.07246 0.05797 0.02899 0.11594 0.05797 0.01449 0.07246 0.07246 0.05797 0.01449 0.02899 0.01449 0.04348 0.01449 0.00000 0.02899 0.13043
GNM12351                       0.10145 0.02899 0.02899 0.04348 0.02899 0.04348 0.08696 0.08696 0.01449 0.14493 0.04348 0.07246 0.00000 0.02899 0.02899 0.05797 0.05797 0.00000 0.02899 0.07246
GNM12373                       0.14493 0.01449 0.01449 0.07246 0.05797 0.01449 0.08696 0.07246 0.01449 0.08696 0.13043 0.04348 0.02899 0.01449 0.04348 0.04348 0.02899 0.00000 0.02899 0.05797
GNM12385                       0.17391 0.05797 0.02899 0.07246 0.02899 0.01449 0.07246 0.11594 0.02899 0.10145 0.07246 0.00000 0.02899 0.02899 0.01449 0.00000 0.02899 0.00000 0.01449 0.11594
GNM12551                       0.11594 0.04348 0.01449 0.05797 0.02899 0.01449 0.07246 0.08696 0.02899 0.07246 0.14493 0.05797 0.00000 0.01449 0.04348 0.02899 0.01449 0.00000 0.04348 0.11594
GNM12554                       0.10145 0.07246 0.04348 0.04348 0.01449 0.01449 0.07246 0.10145 0.02899 0.04348 0.10145 0.01449 0.02899 0.01449 0.01449 0.01449 0.08696 0.00000 0.02899 0.15942
GNM12592                       0.15942 0.04348 0.01449 0.02899 0.02899 0.04348 0.13043 0.04348 0.00000 0.04348 0.10145 0.01449 0.04348 0.07246 0.01449 0.04348 0.02899 0.01449 0.01449 0.11594
GNM12596                       0.14493 0.01449 0.04348 0.02899 0.05797 0.02899 0.13043 0.05797 0.02899 0.05797 0.10145 0.10145 0.00000 0.04348 0.01449 0.01449 0.04348 0.00000 0.01449 0.07246
GNM12602                       0.10145 0.02899 0.02899 0.02899 0.02899 0.01449 0.10145 0.08696 0.02899 0.07246 0.08696 0.13043 0.00000 0.07246 0.01449 0.01449 0.07246 0.00000 0.01449 0.07246
GNM12665                       0.11594 0.02899 0.04348 0.02899 0.05797 0.01449 0.14493 0.05797 0.02899 0.05797 0.10145 0.08696 0.01449 0.04348 0.01449 0.00000 0.07246 0.00000 0.01449 0.07246
GNM12749                       0.01449 0.07246 0.05797 0.04348 0.02899 0.00000 0.10145 0.11594 0.01449 0.18841 0.05797 0.01449 0.01449 0.05797 0.01449 0.05797 0.05797 0.00000 0.01449 0.07246
GNM12841                       0.13043 0.01449 0.02899 0.07246 0.01449 0.01449 0.13043 0.07246 0.05797 0.00000 0.10145 0.00000 0.00000 0.05797 0.01449 0.04348 0.05797 0.00000 0.02899 0.15942
GNM12849                       0.02041 0.00000 0.04082 0.04082 0.00000 0.00000 0.08163 0.06122 0.00000 0.16327 0.12245 0.10204 0.04082 0.04082 0.02041 0.14286 0.02041 0.00000 0.04082 0.06122
GNM12869                       0.04348 0.00000 0.05797 0.02899 0.01449 0.00000 0.11594 0.08696 0.01449 0.13043 0.15942 0.05797 0.02899 0.02899 0.01449 0.08696 0.04348 0.00000 0.02899 0.05797
GNM12896                       0.02899 0.04348 0.02899 0.05797 0.01449 0.01449 0.07246 0.05797 0.00000 0.15942 0.10145 0.08696 0.02899 0.02899 0.01449 0.08696 0.07246 0.00000 0.02899 0.07246
GNM12897                       0.01449 0.02899 0.05797 0.05797 0.01449 0.02899 0.07246 0.05797 0.00000 0.11594 0.13043 0.08696 0.04348 0.02899 0.01449 0.07246 0.05797 0.00000 0.02899 0.08696
GNM12902                       0.11594 0.07246 0.05797 0.05797 0.01449 0.01449 0.05797 0.05797 0.04348 0.08696 0.10145 0.02899 0.02899 0.05797 0.02899 0.04348 0.04348 0.00000 0.01449 0.07246
GNM12915                       0.10145 0.04348 0.02899 0.02899 0.01449 0.04348 0.15942 0.07246 0.01449 0.04348 0.15942 0.08696 0.01449 0.02899 0.01449 0.00000 0.04348 0.00000 0.02899 0.07246
GNM10046                       0.10145 0.07246 0.01449 0.01449 0.01449 0.02899 0.17391 0.08696 0.01449 0.04348 0.14493 0.07246 0.01449 0.02899 0.01449 0.00000 0.04348 0.00000 0.02899 0.08696
GNM12918                       0.10145 0.04348 0.01449 0.01449 0.01449 0.02899 0.15942 0.08696 0.01449 0.05797 0.14493 0.10145 0.01449 0.04348 0.01449 0.01449 0.04348 0.00000 0.02899 0.05797
GNM12931                       0.08451 0.00000 0.07042 0.04225 0.01408 0.01408 0.07042 0.07042 0.01408 0.11268 0.09859 0.14085 0.00000 0.04225 0.02817 0.00000 0.01408 0.00000 0.05634 0.12676
GNM12938                       0.07246 0.04348 0.10145 0.00000 0.01449 0.01449 0.13043 0.05797 0.00000 0.08696 0.08696 0.07246 0.00000 0.08696 0.00000 0.04348 0.04348 0.00000 0.02899 0.11594
GNM12996                       0.08696 0.04348 0.05797 0.02899 0.01449 0.02899 0.11594 0.07246 0.00000 0.08696 0.11594 0.04348 0.01449 0.04348 0.00000 0.04348 0.01449 0.00000 0.05797 0.13043
GNM13018                       0.08696 0.04348 0.04348 0.04348 0.01449 0.02899 0.11594 0.07246 0.00000 0.13043 0.11594 0.04348 0.01449 0.04348 0.00000 0.04348 0.01449 0.00000 0.05797 0.08696
GNM13027                       0.05797 0.01449 0.08696 0.02899 0.01449 0.02899 0.11594 0.07246 0.00000 0.11594 0.07246 0.08696 0.00000 0.08696 0.01449 0.02899 0.01449 0.00000 0.04348 0.11594
GNM13046                       0.02899 0.00000 0.05797 0.02899 0.02899 0.00000 0.07246 0.07246 0.01449 0.10145 0.14493 0.13043 0.04348 0.02899 0.02899 0.10145 0.01449 0.00000 0.02899 0.07246
GNM13053                       0.07246 0.05797 0.04348 0.04348 0.01449 0.01449 0.11594 0.04348 0.01449 0.10145 0.13043 0.05797 0.04348 0.04348 0.00000 0.05797 0.05797 0.00000 0.02899 0.05797
GNM13074                       0.10145 0.04348 0.01449 0.02899 0.02899 0.02899 0.17391 0.08696 0.01449 0.04348 0.14493 0.08696 0.02899 0.02899 0.01449 0.00000 0.02899 0.00000 0.02899 0.07246
GNM10010                       0.11594 0.04348 0.01449 0.01449 0.02899 0.01449 0.17391 0.08696 0.01449 0.04348 0.15942 0.10145 0.01449 0.02899 0.01449 0.00000 0.05797 0.00000 0.02899 0.04348
GNM10014                       0.10145 0.07246 0.01449 0.04348 0.02899 0.02899 0.15942 0.07246 0.01449 0.04348 0.15942 0.07246 0.01449 0.02899 0.01449 0.01449 0.04348 0.00000 0.02899 0.04348
GNM13090                       0.11594 0.05797 0.01449 0.02899 0.02899 0.02899 0.17391 0.07246 0.01449 0.05797 0.15942 0.07246 0.01449 0.02899 0.01449 0.01449 0.04348 0.00000 0.02899 0.02899
GNM13118                       0.07246 0.05797 0.02899 0.07246 0.01449 0.01449 0.11594 0.05797 0.00000 0.07246 0.13043 0.04348 0.01449 0.05797 0.02899 0.04348 0.02899 0.00000 0.04348 0.10145
GNM13126                       0.13043 0.01449 0.04348 0.05797 0.01449 0.02899 0.05797 0.05797 0.01449 0.11594 0.05797 0.07246 0.02899 0.05797 0.02899 0.04348 0.02899 0.00000 0.07246 0.07246
GNM13128                       0.10145 0.01449 0.05797 0.05797 0.01449 0.01449 0.07246 0.05797 0.02899 0.08696 0.10145 0.07246 0.02899 0.05797 0.02899 0.05797 0.02899 0.00000 0.05797 0.05797
GNM13210                       0.08451 0.04225 0.02817 0.05634 0.01408 0.00000 0.11268 0.07042 0.00000 0.08451 0.08451 0.04225 0.00000 0.04225 0.04225 0.02817 0.04225 0.00000 0.02817 0.19718
GNM12773                       0.04348 0.01449 0.07246 0.01449 0.02899 0.02899 0.10145 0.07246 0.01449 0.15942 0.08696 0.08696 0.01449 0.04348 0.00000 0.05797 0.05797 0.00000 0.01449 0.08696
GNM12769                       0.08696 0.04348 0.02899 0.05797 0.01449 0.04348 0.10145 0.04348 0.02899 0.15942 0.10145 0.13043 0.01449 0.02899 0.01449 0.00000 0.01449 0.00000 0.01449 0.07246

Homogeneity statistic: X2 = 29.25436 G = 31.30775 

Average                        0.06864 0.03432 0.04591 0.05337 0.02043 0.01882 0.09504 0.07013 0.01251 0.10239 0.11674 0.06990 0.02571 0.03799 0.01561 0.05303 0.03570 0.00126 0.02961 0.09286
(Ambiguity characters are used to calculate freqs.)


# constant sites:      0 (0.00%)

TREE #  1:  ((((((((39, 125), 111), (54, 87)), 88), 89), (((113, 114), (90, 53)), (112, 115))), 122), (((((((((((((((((((41, 42), 40), 45), 44), (51, 52)), 82), 49), (((64, 18), 19), 37)), ((((((((48, 46), 47), 50), 104), (16, 5)), (((43, (22, 34)), (6, 4)), (79, 17))), ((9, 62), 103)), 68)), 116), (((80, 67), 15), 81)), (((105, 66), 106), 35)), ((((71, 3), (65, 12)), (25, 72)), (13, 61))), 36), (78, 63)), ((((75, 76), 38), 117), ((32, 74), 11))), ((73, 7), 33)), ((((30, 31), (1, 28)), (2, 26)), (((77, 10), 29), 27))), (((((((21, 24), 23), (126, 20)), (59, 60)), 56), (127, 58)), (14, 57))), (((((((((((100, 98), 99), 92), 97), 91), (((96, 94), 101), 93)), ((((85, 8), 86), (83, 102)), 84)), (55, 69)), ((124, 123), (70, 107))), 95), ((((119, 120), 121), 118), ((110, 108), 109))));   MP score: -1
lnL(ntime:251  np:252):  -9441.230976      +0.000000
 128..129 129..130 130..131 131..132 132..133 133..134 134..135 135..39  135..125 134..111 133..136 136..54  136..87  132..88  131..89  130..137 137..138 138..139 139..113 139..114 138..140 140..90  140..53  137..141 141..112 141..115 129..122 128..142 142..143 143..144 144..145 145..146 146..147 147..148 148..149 149..150 150..151 151..152 152..153 153..154 154..155 155..156 156..157 157..158 158..159 159..160 160..41  160..42  159..40  158..45  157..44  156..161 161..51  161..52  155..82  154..49  153..162 162..163 163..164 164..64  164..18  163..19  162..37  152..165 165..166 166..167 167..168 168..169 169..170 170..171 171..172 172..48  172..46  171..47  170..50  169..104 168..173 173..16  173..5   167..174 174..175 175..176 176..43  176..177 177..22  177..34  175..178 178..6   178..4   174..179 179..79  179..17  166..180 180..181 181..9   181..62  180..103 165..68  151..116 150..182 182..183 183..184 184..80  184..67  183..15  182..81  149..185 185..186 186..187 187..105 187..66  186..106 185..35  148..188 188..189 189..190 190..191 191..71  191..3   190..192 192..65  192..12  189..193 193..25  193..72  188..194 194..13  194..61  147..36  146..195 195..78  195..63  145..196 196..197 197..198 198..199 199..75  199..76  198..38  197..117 196..200 200..201 201..32  201..74  200..11  144..202 202..203 203..73  203..7   202..33  143..204 204..205 205..206 206..207 207..30  207..31  206..208 208..1   208..28  205..209 209..2   209..26  204..210 210..211 211..212 212..77  212..10  211..29  210..27  142..213 213..214 214..215 215..216 216..217 217..218 218..219 219..21  219..24  218..23  217..220 220..126 220..20  216..221 221..59  221..60  215..56  214..222 222..127 222..58  213..223 223..14  223..57  128..224 224..225 225..226 226..227 227..228 228..229 229..230 230..231 231..232 232..233 233..234 234..100 234..98  233..99  232..92  231..97  230..91  229..235 235..236 236..237 237..96  237..94  236..101 235..93  228..238 238..239 239..240 240..241 241..85  241..8   240..86  239..242 242..83  242..102 238..84  227..243 243..55  243..69  226..244 244..245 245..124 245..123 244..246 246..70  246..107 225..95  224..247 247..248 248..249 249..250 250..119 250..120 249..121 248..118 247..251 251..252 252..110 252..108 251..109
 0.097996 0.000000 0.000000 0.109281 0.023740 0.347983 0.235830 0.410139 0.344801 0.317821 0.000000 1.338722 0.279397 0.741395 0.629482 0.371603 0.065073 0.131527 0.000000 0.050526 0.064742 0.266839 0.152545 0.066422 0.210397 0.179553 2.025258 0.000000 0.144224 0.366169 0.084257 0.045957 0.000000 0.000000 0.369428 0.000000 0.232823 0.000000 0.067550 0.137656 0.158175 0.046582 0.025914 0.012120 0.000000 0.000000 0.000000 0.049462 0.118916 0.000000 0.000000 0.000000 0.199747 0.013741 0.101967 0.119550 0.114156 0.250493 0.103388 0.000000 0.000000 0.048323 0.216965 0.049946 0.047717 0.000000 0.081228 0.000000 0.049930 0.012119 0.000000 0.000000 0.000000 0.000000 0.000000 0.023761 0.012089 0.039773 0.024252 0.050869 0.000000 0.258700 0.041309 0.000000 0.114251 0.049896 0.023857 0.186111 0.079074 0.100564 0.000000 0.035987 0.149063 0.070223 0.000000 0.023446 0.056200 0.398805 0.092706 0.067920 0.072364 0.146697 0.116586 0.093083 0.190566 0.176271 0.176782 0.000000 0.018418 0.040516 0.021136 0.189804 0.138536 0.071358 0.231082 0.085520 0.081031 0.150603 0.012635 0.208068 0.029069 0.021637 0.255983 0.012392 0.013046 0.346111 0.078873 0.216858 0.403885 0.297247 0.000000 0.000000 0.000000 0.005829 0.324101 0.125934 0.111701 0.084186 0.251214 0.346818 0.502196 0.036512 0.117313 0.079019 0.054816 0.000000 0.000000 0.644244 0.309659 0.513290 0.303955 0.153818 0.020746 0.377343 0.000000 0.000000 0.096611 0.263592 0.207580 0.525856 0.000000 0.000000 0.306395 0.171483 0.000000 0.057956 0.032157 0.084665 0.312336 0.000000 0.000000 0.133150 0.205788 0.007208 0.081738 0.000000 0.198108 0.107149 0.052627 0.257722 0.262263 0.085979 0.100790 0.011862 0.013700 0.384642 0.000000 0.455131 0.419384 0.085007 0.511793 0.361477 0.126533 0.103092 0.000000 0.000000 0.082661 0.000000 0.029408 0.000000 0.246317 0.248585 0.041509 0.033403 0.061216 0.065846 0.421666 0.459208 0.498996 0.213870 0.105459 0.169885 0.240493 0.428993 0.612085 0.551409 0.505464 0.189686 0.037907 0.124841 0.257220 0.225934 0.183225 0.059658 0.199238 0.259144 0.354612 0.285441 0.058256 0.088808 0.458969 0.211893 0.073325 0.144072 0.061865 0.215871 0.185549 1.305932 0.235022 0.017440 0.043516 0.035115 0.068633 0.048887 0.037642 0.051958 0.000000 0.005190 0.053712 0.040902 0.044437 1.745705
