
Printing out site pattern counts


       144        191  P

GNM13746                        ---AAAAAAA AAAAAAAACD DDDDDEEEEE EEEEEEEFFF FGGGGGGGGG GGGGGGGGGG GGGHIIIIII IIIIIIIIIK KKKKKKKKKK LLLLLLLLLL LLLLLLLLLL LLLLLMMMMN NNNNNNNNNP PPPPPPPQRR RRRRRRSSSS SSSSSSSSSS TTTTTTTTVV VVVVVVVVVV VVVVVVYYYY Y
GNM13538                        ---AAAAAAI IISTVVVYLD DEENSDDEEE EEKQQQSFFF YAAAGGGGGG GGGGGGGGGK LTYHIIILLL LNTVVVVVVE EKKKKKLPRS ACFGIIIIIL LLLLLLLLLL MRSVVFKLLD KKNNNNNNNP PPPPPPYQEK NNRRRSEIKN QSSSSSSSST NSSSSTTVAA ACIIIIIMPS VVVVVVFVYY Y
GNM13671                        ---AESTVVI ILGRITVILD DETEEDEEEE ERPKLRKFLM FAAQAADGGG GGGGGGGGGK ASGHILLGIV YRFEILTVVE KEGHNTKECA ALLAEIILLC FFIIILLLLV LLVIVMQIVE DKENNNNNTP PPPSVVNLDT KRFGVSQVNT RAKSSSSTTS SLSSTTTTAA VFFIIIVVPI ITVVVVKIFK Y
GNM13876                        ---AQSTAVL LVARVVVYLD DEDDNDDDEE EDPKHKQFFL FAAVAGGAGG GGGGGGGGGH VSDFIILGIL LKVKLVTTVK RKGKVLLEKA ALLALIILLV LLILVFLLLL LVAVTMDFVT DSENNNNNSL PPSSAVNVDR RSIGREAANT LAKESSTSTS SVSSTTTTPV CVVALVVATV IVPVVVLILR Y
GNM13680                        ---AASAAAI IVASLIAVLD DEENPDEEEE EEEHEREFFI FAAGAGGGGG GGGGGGGSVQ ITGTIMMMIV LKVELVMVVQ ERGKVKMPST VAAVVLVILV LLIGLMLLLL LKSVAIRLYT RKNNNNNNSP PPPPPPKQDR STRKRSRVNN LASTSSSSTS NSPSTTTSAV AAFVMMITPV VVPTVVHAYN F
GNM14837                        ---AAVTAAI IMGSILVILD QNEDKDENDE EEKKGKKYFT YAVAAGNGGG GGGGGGGNSG LTNHVLYMIV WKVDLIMVID DKGKTKMETS ICLVMLIVLI LLLVILLLVL INCIVMELYD DHNANNNNGP APPPPPETDR STRRVASVKN LAYDSSTSTT NYPNNNTTVA AIVLVILVHV IVVTVVYHYK F
GNM14249                        ---ASVTAAI IFASILVILD QNEDKDENDE EEKQGKKYFT YAAAAGNGGG GGGGGGGCSG LTNHVLYMIL WKLDLVMVIG EKGKSSTEKS ICLIMLIVLI LLLAILLLVL IKCITMEIYD ENNNNNNNGP APPPPPETDR STRRVSSVKN LAFDSSSSST NYPNTNTTVA AIVLVIIVQV IVVTVVFLYK L
GNM13928                        ---AAVTAAI VIASILVILD QNEDKNENDE EEKQGKKYFT YAVAAGNGGG GGGGGGGCCG LTNHVLFMIV WKVDLVMVID DKGKSSTETS ICLVMLIVLG LLLAILLLVL IKSIVMELYD EHNNNNNNGP APPPPPETDR STRRVASVKN LAYNSSTAST NYPDNNTSVA AIVLVILVQI VVVTVVHHYK F
GNM13297                        ---AAAAAAI IISTVVVYLD DEENSDDEEE EEKQQQSFFF YAAAGGGGGG GGGGGGGGGK LTYHIIILLL LNTVVVVVVE EKKKKKLPRS ACFGIIIIIL LLLLLLLLLL MRSVVFKLLD KKNNNNNNNP PPPPPPYQEK NNRRRSEIKN QSSSSSSSST NSSSSTTVAA ACIIIIIMPS VVVVVVFVYY Y
GNM14865                        ---SATTAAV LLVGVAVALD SRDPRDPAEE EEDAYTEFLR LAAAGGYGGG GGGGGGGSGD ASGHVIKGLV ERLEVYRVID EEELRRAPSE ALLYLLVVLL LLLLVLLTVL LQACVGKMES PEYNNNNNSP APRASPPAED DSGGEEETNT DAARHSGTTE ETSDNNTTAA AAFVAGIVIV VAVVVVKVAY I
GNM13455                        ---AGASAAI IFAKILVFMD MDEDNDENDE EEQQGKDYFT YAVAAGNGGG GGGGGGGSTG MTNHVLYMMV WKVELIMVIK EKGKSNIEKS ICLVMFIILV LMLALLLLIL IKMIVMELYD QHNNNNNNGP APPPPPETQR STRRVAEVNN MAFDSSSATT NYPNTNTSTA AIVLVIIVPA IVVTVVYVYK Y
GNM14938                        ---AGSAVAV LLGRILVFRD DEFEEDAEDE EDERVKQFFT FAAMAGDGGG GGGGGGTGVK ATSTVLVALV DKVELVLVVS RESDRTLEKS ALLVLIILLL FLLVIMLLLL LLTVVMDLMD EWYNNNNNTK VPPPPVNSDA QKFGVRSANT RASTSSSSTS SLPDTTTRCA ALVLLSVVRV VAVVVVRVFR L
GNM14483                        ---LSSTAAI IIAAVVVFMD STHEEDQSEE EEQSSRSFLL FAACAFRGGG GGGGGGGNTG ISEYVILMVV VRLTVIFTVD EDGKRKRERS LAFAVLVVLI LFIALLLLLL LKVVVVGLSD SKNNNNNNSP PPPPPPNQDR RTRRRGKSSN QAENSSSSST NESSTTTTAA AAIVLVVVPV IVVVAVPVYR F
GNM14872                        ---ASSAAAV IVASVVVVLD EDEKPDDEEE EEEEEREFFI FAATAGGGGG GGGGGGGALQ ITGHVLVMII LRAQLIMVIQ EKGKARAPPS VAVVVLIILM LLLGLMLLLL LKTVAIKLYT DKNNNNNNSP PPPPPPKQDR KTRKRSRVNN LAFTSSSSTS NEPTTTTSAI AAVVMVIVPV VVLAVVHVYN F
GNM13855                        ---ATSVTAI MIASIVVLLD DDEDEDESEE EEEKAKEFFT YAWLAGGGGG GGGGGGGSLK VNGHLLLLIL LKVVLIMVIE KEGKTKVESS ASLLVLIILV FLLAIMLILI LKVVAIKIID EKNNNNNNSP PPPPPPNQDR KTRKKSSVKN LAYTSSSSTS NSPSTTTTSA TVLVIIVVPV VVLTVVFLYN Y
GNM14445                        ---ATAISAI IASAIVAHLD KNEQAEGKEE EDKNEKEFFL FVLIGGRGGG GGGGGGGKIK MSGHVLIMII LKATVIMVIS ETNKVKKPKS LSLAILIILL LLLALLLLLL LKIIIIQLYD ETNNNNNSSP PPPTSPPQDR NTRRRTVANN LSLSSSSSTS NDSKTGTTSV AVIIFLIVPV VVIVVVEIYR Y
GNM14404                        ---ILSTAVV IIVKIIS-ID DDYPP-ENEE ESDRDKE-FL LCAVYGYG-G GGGGGSGGGK ASKDLVFAV- RKLELIRIVK KDDDR-LEPD -LLLE-L-F- LLILLFLLFL LLTVVAMLT- DY-NNNNN-R IS-L-PRVDE -ED-VRSVR- NARLGITTTT SGSSTTTR-A VV-VLS-VKV VTITVVKV-L W
GNM14545                        ---ILSTAVV IIV-IIS-ID DDYPP-ENE- ESDRDKE--L -C-VYG-G-- --GGG-G-GK ASKD--FA-- RKLELI-IVK KDDDR-LEP- -LL-E-L-F- LLILLFLLFL -LTVV-MLT- D--NNNN--- I--L-PRVD- -ED-VRSVR- -ARLG-TTT- SGS-TT---- VV--L--VKV VT-T-VKV-L W
GNM14366                        ---TAAVASV IVGSILVFLD AYEDKDDDDE EEQKTKGYFT YAAAAGGGGG GGGGGGGAAK ITNHVLVLIL KKIELVMVIK KRGKVKEEGN SCLVIFIILL ILLIILLVLL ITMIIMELYD EKNSNNNNGP TPPPPPNTDR STRRVSQAHN LAYDSSTSTT NSPNSNTNVA AVVLMIICPA VAVAVVLLYR H
GNM14252                        ---ASVTAAI IFASILVVLD QNEDKDENDE EEKQGKKYFT YAAAAGNGGG GGGGGGGCSG MTNHVLYMIL WKLDLVMVIG EKGKSSTEKS ICLIMLIVLI LLLAILLLVL IKCITMELHD NNNNNNNNGP APPPPPETDR STRRVSSVKN LALDSSSSST NYPNTNTTVA TVVLVIIVQV IVVTVVYLYK F
GNM13760                        ---AAAMAAI IFAAILVVLD QDEDKDENDE EEQKGKKYFT YAAAAGNGGG GGGGGGGSCG MTNHILYMIL WKLDIVMVID DKGKSRTEKS TCLIMLIVLI LLLAILLLVL IKCIVMELHD EHNNNNNNGP SPPPPPENDR SSRRVSSVKN LAFDSSSSST NYPNSNTTVA TIVLVIIVQV VVVTVVFLYK L
GNM13982                        ---TSAVTCV MITSILVFLN EGEDNDENDE EEDQEKEYFT FGASAGGGGG GGGGGGGSAG MANHVLFVIL LKLNLIMIIE EKDKKTTESS SSLVMFMILI ILFVLLLVML IKMVVMELYD KNNENNNNGP VPPPPPNKDR EGRSISQVHN LAHDSSVSTT NSPNNSTNVA VIILVIIAAV VVVVVGELYK N
GNM13960                        ---AAATASV IFGSILIFLD PDEDNDENDE EEKKKRHFFT FGAAAGGGGG GGGGGGGATG MTNHVLILMV TKIALVMIIQ EKDKLSNEKN TCLVIFIVLV ILLILLLLLL INMIVMELYD EHNNNNNNGP IPPPPPNEDR KTRSMSEVHN LANDSSTPTT NSPSNNTNVA VIVLVIIKPT VTVVVVMLYK H
GNM14853                        ---TSAIACV IIISILVFLD EGEDNDENDE EDDQEKEYFT FGASAGGGGG GGGGGGGAAG MSNHVLFVIL LKLELIMIIE EKDKKKTEST SSLVMFMILV ILIVLLLAML IKMVIMELYD TNNENNNNGP IPPPPPNTDR ETRSISKTHN LAHDSSVSTT NSPNNSTNVA VIFLVIITAV VVVVVGELYK N
GNM14055                        ---TAAIACI MFGSILVFLD QEEDKNDNDE EEKKKKNYFT FGAAAGGGGG GGGGGGGAGG MTNHVLILIV TKIDLIMIIQ ESDKNKTENT TCLIVFIILV ILLILLLLLL INAIVMLLYD DNNSNNNNGP IPPPPPNEDS QTRSLSEVHN LAHDSSVSTT NSPDNTTNVA AIVLVIISPT IVVVVVTLYK Y
GNM14748                        ---AEVTAAI FIASILVILD QDEDNDKDDE EEEKGKEYFT YAAAAGGGGG GGGGGGGCCG LTNHVLFMIV AKVDLINVID KTGKTSEEPS ICLVILIVLG LLLAILMLIL IKSIVMELYD EHNNNNNNGP SPPPPPETDK TTRRVASVKN LAYESSTAST NYPDNNTNVA AVVLTIIRKI VVVSVVYMYK H
GNM14246                        ---LESTAVI ILVGIYIMVD EEDESDEDEE EEKKAKEYLF YAGAGGCGGG GGGGGGGGGK ASDHVIIALV RKVQLIIVIK QKGKKLVEHF SLMAQVIVLV LLILILMLLI LKAAAFLLWS KYSNNNNNSP APPPAPNKDQ STVGVMARNT IAAKDTTTTG SRPKTTTTAA AVLILIITVA VTVVAVRIFY R
GNM14640                        ---LESTATI ILVAIYVMID VEDEHDEDEE EDKATKEYLF YAGAGGCGGG GGGGGGGGGK ASEHVIIALV GKVDLIIVVK QKGKKLIEHF SLMAQIIVLV LLILILLLLI LKVAVFLLGN KLSNNNNNSP APPPAPNKDN RTVGVKGCNT MAARHTTTTG SQPTTTTTAA AVLILILTVT ITVVAVVVFY K
GNM14965                        ---AMSTAAV VIASIIVILD DEENQDDEEE EEKDDKEFFI FAATAGGGGG GGGGGGGSVQ VTNHILIMIV IKIIVLMVVG AKGKTKVPSS ASLVIIILLI FLLAIMLLLL LKTVVIKLYG KKNNNNNNSP PPPPPPNQDR RTRKRSRAKN LAVTSSSSTS NTPSTTTSAI TVVLMILVPV VALTVVYLYN F
GNM13677                        ---AQSTAVL LLARVVVYLD DEDDHDDDEE EDPKHKQFFL FAAVAGGSGG GGGGGGGGGH VSDYVILGIL LKVKLVTTVK KKGKVLLDKS ALLALIILLV LLILVFLLLL LAAVTMDFVT ESENNNNNSL PPSSAVNVDR RSIGREAANT LAKESSTSTS SVSSTTTTPV CVVALVVATV IVPVVVLILR Y
GNM14339                        ---AASTLVI AIGKIMALLD DELRREEEEE EEPRYKSFLI FVAVSCNGGG GGGGGGGGAR CSGHLIIIVL ERYSLVTVVG EKGKRVTEKK ASYAVIMLLL ISILIFLLLV LLIVAMEMID DKHNNNNNTL PPPPPVNADT RKIGIEACKS RAQTSSGYTS SLPSTTTVNA AVVLLNILRS ITVVIVQVFH E
GNM14593                        ---SSSTVAI LLGRIAVILD EEFEEEEKEE EEPKLRTFLL FAAEAADGGG GGGGGGGGGK SSGHVIVGIV YVYEILVVVE KKNQNVSEKA ALLAVIILFC FFILILLLLV LLVIIMEIVE ERENNNNNTK PPPTPVNMDR NRYGLSEAYT RAKTSSSTTS SLSSTTTTVA TFFIIVVVPV ITVVVVKVFR Y
GNM13825                        ---AGSAVAV VLGRILVFRD DEFEEDSEDE EDDRVRQFFT FAAAAGDGGG GGGGGGTGVK ASSTVLVALL DRVEMVLVVS RESDRTLERS ALLVLIILLL FLLVIMLLLL LLVVVMDLMD EWYNNNNNTK VPPPPVNADT RKFGVRSANT RASSSSSSTS SLPDTNTRCA ALVLLSLVRV VAVVVVKVFR L
GNM14768                        ---ARSTIII LLGRIIVIMD DEIENEEEEE EEPKARDFLL FAAKAANSGG GGGGGGGGGK ASGFIILGIV LKLDLLTVVE KKGQAIMESS SLIAELVLLC LFILLLLLLL LLAVVMEIVT EKENNNNNTK APPEAVNADR NRIGVSSANT LAASSSGTTS SLSSTTTTAA AIFLLVVVPV LAVVVVPAFR Y
GNM14776                        ---ARSTIII LLGRIIVIMD DEIENEEEEE EEPKARDFLL FAAKAANSGG GGGGGGGGGK ASGFIILGIV LKLDLLTVVE KKGQAIMENS SLIAELVLLC LFLLLLLLLV LLAVVMEIVT EKENNNNNTK APPEAVNADR NRIGVSSANT LAASSSGTTS SLSSTTTTAA AIFLLVVVPV LAVVVVPAFR Y
GNM14715                        ---LCSAAAI VLASVVAFLD DFYDDDASEE EEQASREFLL YAATGRSGGG GGGGGGGNTG ASEYIIVMLV AKAKVFFTVH DAGKRRRERS LVLAVLVILL LLIALLLLLL LKAVVVGLND SGNNNNNNSP APPPPPNQDR RTRRRGRSNN QAEDSSSSST GESSTTTTAA AAIVLVIVPV VVVVAVPVYR L
GNM14639                        ---TSSTTIV IITSIVAFLD EETPEEKSEE EDPKERNFFY FAGAAGDGGG GGGGGGGGCK ILGHVLLMIV LNIKVITVVR EEGKVKKPKS LSFIVLIILV FLLILLLLLL LKVVTMFLYT PKNNNNNNSP PTPNCPPVDM KTRRRKQANN LANSSSSSTS SESSTTTNCA VVLLLVIFHV VIVVVTRIFK Y
GNM13795                        ---AEVTAAI FIASILVILD QDEDNDKDDE EEEKGKEYFT YAAAAGGGGG GGGGGGGCCG LTNHVLYMIV AKVDLINVIN KKGKSTEESS ICLIILIVLG LLLVILMLVL IKSIVMDLYD EHNNNNNNGP SSPPPPEVDK STRRVAAVKN LAYESSTAST NYPNNNTNVA AVVLNIIRKI VVVAVVYMYK F
GNM14166                        ---TAATACV LIGAILVFLD QEEDEDEQDE EEPKGKEYFN YAAAAGGGGG GGGGGGGSAG TTNHVLIVTI LKVTLVMVVK KKGKKKTEHG ACLLIFIILV ILLILLLLLL LNMIVMSLFD DNNSNNNNNP PPPPPPNQDK KTRRVSEVKN LAHESSTSTT NYPNTNTNCA TLVLMSVVPT VVLTVVFIYK H
GNM13993                        ---IIATTII IIASIAVFLD GFKDDDNDNE EESKQKKFFL YASIGGSGGG GGGGGGGNAQ ISGHLVEMIS LRVEVIMVVK SKKKTQIPKN FALILIIVLL ILLVLLLLLI LKTAVVIIHD EENNNNNNNP APPSPPPNKS NTRRKRSINN QSANSSSTTS SESSTTTSAA AIIIMVIKNV IIVMVVSIYY F
GNM14450                        ---TQATSTI IIAAILAFMD DYEQDDQEEE EEDKEKSFFI FGAAAAGGGG GGGGGGGSVE VTQYVLIMVI IKSQVLMVVN ENGKLKIPKT LVTVMFIILL VLLALLLLLL LKSVVIKLFD QKNKNNNNSP PPPPPPTQDR NSRRRKQVNN LAESSSMSTS NEPSTTTTAV AVVILVIVAV VVVMVVRIYK P
GNM13745                        ---IKAIAAI IVASIIVHLD GYEENDKEEE EKKKVEKFFL YAAVGGSGGG GGAGGGGNAK ISGHLLIMII LKVKVIIVVD NEQKKRITKN LALIILIILV LLIIILLLLM LITVVHGIYN SKNNNNNNNP APPTPPNQEK SNHRKSSVNN QAKTSSSSTS NESSTTTSSA VVVTLTINPV VSVAVVTLYK F
GNM14959                        ---ARSAAVL VVVRIIVLLN EDNRTNEDDE EDDGSKDYFI FTVVAKRGGG GGGAGGGGGG ASKSLIVGLV IRYNVIRTVG NRGVKFKESS ILIGVIIVLT IFLLIFLLLL ISMLVVEITS SNTDNNNNTS IFPPSPNLDQ TKPGIKRVNN DAEKSGTSTM DTPNTNTTTV TVIVIRIVVT VTLVVLKLYR Y
GNM13413                        ---VTSAVIV IVGKLLAVIN ADEGRGDGDE EESEHKEYFV FCAVAGAGGG GGAGGGGGAR LTGHVILGLL LRVELIRVVG RKGDHYTERG ASSILILVLL LLIVNFLLLI IETAILDLVS EHNDNNNNNP VPPPSPREGR KHVGVERANN SAYSSSSRTR DFPNTNTTVG CVFLVVIVRV LVVPVVEVFK Y
GNM14990                        ---AAATASV IFGSILIFLD PDEDNDENDE EEKKKRHFFT FGAAAGGGGG GGGGGGGATG MTNHVLILMV TKIALVMIIQ EKDKLSDENN TCLVIFIVLV ILLILLLLLL INMIVMGLYD EHNNNNNNGP IPPPPPNEDR KTRSMSEVHN LANDSSTPTT NSPSNNTNVA VIVLVIIKPT VTVVVVMIYK H
GNM15005                        ---AAATASV IFGSILIFLD PDEDNDENDE EEKKKRHFFT FGAAAGGGGG GGGGGGGATG MTNHVLILMV TKIALVMIIQ EKDKLSDENN TCLVIFIVLV ILLILLLLLL INMIVMGLYD EHNNNNNNGP IPPPPPNEDR KTRSMSEVHN LANDSSTPTT NSPSNNTNVA VIVLVIIKPT VTVVVVMIYK H
GNM15013                        ---AAATASV IFGSILIFLD PEEDNDENDE EEKKKRHFFT FGAAAGGGGG GGGGGGGATG MTNHVLILMI IKIALVMIIQ EKDKLSNEKN TCLVIFIVLV ILLILLLLLL INMIVMELYD EHNNNNNNGP IPPPPPNEDR KTRSMSEVHN LANDSSTPTT NSPSNNTNVA VIVLVIIKPT VTVVVIMLYK H
GNM14976                        ---AAATASV IFGSILIFLD PEEDNDENDE EEEKKRHFFT FGAAAGGGGG GGGGGGGATG MTNHVLILMI IKIALVMIIQ EKDKLSDEKN TCLVIFIVLV ILLILLLLLL INMIVMGLYD EHNNNNNNGP IPPPPPNEDR ETRSMSEVHN LANDSSTPTT NSPSNNTNVA VIVLVIIKPT VTVVVVMIYK H
GNM15022                        ---AAATASV IFGSILIFLD PDEDNDENDE EEKKKRHFFT FGAAAGGGGG GGGGGGGATG MTNHVLILMI TKIALVMIIQ EKDKLSNENN TCLVIFIVLV ILLILLLLLL INMIVMELYD EHNNNNNNGP IPPPPPNEDR ETRSMSEVHN LANDSSTPTT NSPSNNTNVA VIVLVIIKPT VTVVVVMIYK H
GNM15018                        ---AAVTAAI IFASILVTLD QNEDKDENDE EEKQGKKYFT YAAAAGNGGG GGGGGGGCSG MTNHILYMIL WKLDLVMVIK EKGKSSTEKS ICLIMLIVLI LLIAILLLVL IKCITMELYD DNNNNNNNGP APPPPPETDR KTRRVSSIKN LAFDSSSSST NYPNTNTTVA AIVLVIIVQV VVVTVVFLYK F
GNM15025                        ---TAATASV IFGSILVFLD QEEDNDENDE EENKKRRFFT FGAAAGGGGG GGGGGGGAAG MTNHVLILMV IKIAMIMIIQ EKDKLSKERN TCLIIFIILV ILLVLLLLLL INMIVMELYD DNNNNNNNGP IPPSPPNEDR KTRRKSEVHN LANDSSTPTT NSPNNNTSVA AIILVTIEPT VVVVVVTLYK Y
GNM15024                        ---AAVTAAI IFASILVTLD QNEDKDENDE EEKQGKKYFT YAAAAGNGGG GGGGGGGCSG MTNHILYMIL WKLDLVMVIK EKGKSSTEKS ICLIMLIVLI LLIAILLLVL IKCITMELYD DNNNNNNNGP APPPPPETDR KTRRVSSIKN LAFDSSSSST NYPNTNTTVA AIVLVIIVQV VVVTVVFLYK F
GNM14980                        ---AAVTAAI IFASILVTLD QNEDKDENDE EEKQGKKYFT YAAAAGNGGG GGGGGGGCSG MTNHILYMIL WKLDLVMVIK EKGKSSTEKS ICLIMLIVLI LLIAILLLVL IKCITMELYD DNNNNNNNGP APPPPPETDR KTRRVSSIKN LAFDSSSSST NYPNTNTTVA AIVLVIIVQV VVVTVVFLYK F
GNM15000                        ---AAVTAAI IFA-ILV-LD QNEDK-END- EEKQGKK--T -A-AAGNG-- -GGGGGG-SG MTNH--YM-- WKLDLV-VIK EKGKS-TEKQ -CL-M-I-L- LLIAILLLVL -KCIT-ELY- D--NNNN--P A--P-PETD- -TR-VSSIK- -AFDS-SSS- NYP-TN---- AI--VI-VQV VV-T-VFL-K F
GNM15001                        ---AAVTAAI IFASILVTLD QNEDKDENDE EEKQGKKYFT YAAAAGNGGG GGGGGGGCSG MTNHILYMIL WKLDLVMVIG EKGKSSTEKS ICLIMLIVLI LLIAILLLVL IKCITMELYD DNNNNNNNGP APPPPPETDR KTRRVSSIKN LAFDSSSSST NYPNTNTTVA AIVLVIIVQA VVVTVVFLYK F
GNM11003                        --DAQSTVII LLGRILVYID DDDNNDDKEE EDNKEKEYLN FAAKAAFGGG GGAGGGGGGK GSDHLILGLV EKLKLLRVVG KKQTKFEEKS ILLIIFIVLT FFIIIFLLVL ILMVILDINS EKNDNNNNTA IPPPDIRQEK KEFGVSKTKN SAITYSLTTQ NRPDTTTTSA TIIVVSIVIT VAVVVIEIFN T
GNM11023                        ---ASSLVVV ILGRVLAYVD DREPPDEDEE EEAKGREYLG FCAVLAFGGG GGGGGGGGGK IMGHLIVGLA GRVELLRVIG RKGDRTFEEE LVVALLIVLV LFVLVLLLVL ITTAVADIVS AYNNNNNNNE VPPPPPETDV SDRGISSTRS DALSSTTRTQ S-PSNTTTAA CFLVAVIVAV VTVVVVRVYR S
GNM11055                        ---IQMTVVI ALGGVFAYLD SSLEEEWEEE EEEELEEYLQ MGAIAGFGGG GGGGGGGGGG ASGNVVLLLV EPVRVIIIVD DKDLRKKEDR ALIYAVLLLA MALLVMMLNV LAMALGNIKA DKLNNNNNND AFGPPPDKDE EPEGVQAARS DCENNSTKTE SLSSTTTTVA IVVVATIVTV VFVVVVVINR M
GNM11146                        ---VESLVII VLVRIIVYLN DEGPRDGEDE EEENTKEYLI LGADGRRGGG GGGAGGGGGG ASRSVILMMI IKFEILRVIK RSGIRAFESD MLLAVLIVLA IFLLLFLLLL MHTVLMEITR NKSDNNNNTS VFPPAPNLDE EKPGIRKVNN SAQDSSSTTT NRPNTNTTTV VVIILIIVIV INIIVLKVYK Y
GNM11220                        ---IKSIACI VIVKILVFVD EHHPPDDKEE ESDEVRRYFG YAVVRGNGGG GGGGGGAGGK ASGHVIAALV K-VRLVAVVE KSDKKVLEER ILLGLLVLFI MLIYLLLLRV LFSAVLGLCQ ERNNNNVNNP VDPLPPEADQ RSKSSEEINT GAFRDVTRTS S-PSISTLAA TVYVSLVVTV AVVVVVRLLR Y
GNM11222                        ---ASSLAVL LVASVAVYVD SEGKRDEDEE EDEAERRFFY YAGLGGGGGG GGGGGGGAGK ASYHLVEAIF LKVKVVTVVG EKGKRRLEHS ALLVLIVVLA LLLMILLLLL LRSLAMRVFS KRNNNNNNSS VPPPPPETDT SRKGRSEAKT LSLSSSSDTS STPSTTTTAI AVVVMVIAVV VVVPVVSVMV Y
GNM11223                        ---IESTAVI ILVAIYVMMD DEGEHDEEEE EEDKTKEYLF YAGVGGCGGG GGGGGGGAGK ASGHVIIALV RKVALVMVVE KNGDRRLEHY MLMAEIVVLV LLLLILLLMI LRVAAFMLWD KRSNNNNNSP PPPPAPNIDQ SSVGIRECNT LAATDTTNTG SRPSTTTTAA AVAILIIIVV ITIVAAKVFR K
GNM11224                        ---IEATAVI MLVAIYVIMD DEGEHDEEEE EEDKTKEYLF YAGVGGCGGG GGGGGGGAGK ASGHVIVALV RKVELIMVVE KNGDKLLEHY MLMAEIVVMT LLILILLLMI LRVTAFMLWD KRSNNNNNSP PPPPAPNMDQ NSVGIRECNT LAATDTTNTG SRPSTTTTAA AVAVLIIIVT LTIVATRVFR K
GNM11358                        ---ATSVSAI MIASIIVILD EDEEEDKSEE EEEKSKDFFT YAWLAGGGGG GGGGGGGSLK INGHILVLIL LKVLLIMIIE KEGKDKTESN ASLLVLIILV FLLAIMLILL LKVVTIKIID DRNNNNNNSP PPPPPPNQDR KTRKKSCVNN LAHTSSSSTS NSPTTTTTSA TVLVMIVVPV VVLTVVFIYK L
GNM11360                        ---TGASAAI IFAKILVFMD MDEDNDENDE EEQKGKDYFT YAVAAGNGGG GGGGGGGSTS MTNHVLYMMV WKVELIMVIK EKGKSNIEKS ICLVMFIILV LMLALLLLIL IKMIVMELYD QHNNNNNNGP APPPPPETQR STRRVAEVNN MAFDSSSATT NYPNTNTSTA AIVLVIIVPA IVVTVVYVYK Y
GNM11362                        ---AEAVCVI IVASIVVYLD EDENDDESEE ENHDVKEFFI FAAAAAGGGG GGGGGGGAAE LTHHVLLAII LRINTIMVVS SEGKKRRKSS IALVIFVILI LLFVLLLLLV MRMIVVNLFR KKNNNNNNSP PPPTAPKLDR DSRRRSRVHN LAASSSSSTS NDASTTTTTA AVVVVVISPA VAVVVVRIYR L
GNM11367                        ---TSAVTCV MITSILVFLN EGEDNDENDE EEDQEKEYFT FGASAGGGGG GGGGGGGSAG MANHVLFVIL LKLNLIMIIE EKDKKTTESS SSLVMFMILI ILFVLLLVML IKMVVMELYD KNNENNNNGP VPPPPPNKDR EGRSISQVHN LAHDSSVSTT NSPNNSTNVA VIILVIIAAV VVVVVGELYK N
GNM11377                        ---ASSAAAV IVASVVVVLD EEEKPDEEEE EEEEEREFFI FAATAGGGGG GGGGGGGALQ ITGHVLVMII LKAQLIMVIQ EKGKARAPPS IAVVVLIILM LLLGLMLLLL LKTVAIKLYT EKNNNNNNSP PPPPPPRQDR KTRKRSRVNN LAFTSSSSTS NEPTTTTSAI AAVVMVIVPV VVLAVVHVYN F
GNM11380                        ---TAATACV LIGCVLMFLD EEEDGDEQDE EEPKDKEYFN YAAAAGGGGG GGGGGGGAAG TTNHVLIIMI LKVSLVMVIK KKRKKKTNRG ACLIIFIILV ILLVLLLLLL LNMIVVSLFD DNNSNNNNNP PPPPPPNKDK KTRRISEVSN LAHESSTSTT NHPNTNTNCA ALVLMSVVPT VVLTVVFVYK H
GNM11383                        ---TAVTACV IIGAILVFLD QWEDKDEDDE EEDKAKEYFL YAAAAGGGGG GGGGGGGAAK VTSHVLIMIL KKVDLIMVIK DKGKIKSESH SALVIFIILL ILMIIMLVLL ITMIAMELYD QKNNNNNNSP IPPPPPNTDR NTRRVSEVTN LAFDSSTSTT NSPNNNTNVA ALVLMIICPV VTIAVVYLYK H
GNM11491                        ---TEATAIV IIGSILVKLD EIEDHDEEDE EGKRVKGYFT FGAAAGGGGG GGGGGGGSAG MTNHVLYLLL VKVEMVMIIG AKGKGSRESS TSLVVFIILI FMYIMLLLMI IRMIVMELYD EKNSNNNNGP TPPPPPNIDR EARRVSAVSN FAFDSSTSTT NSPKTTTSAA VMVLMIIVPA VAVVAVYLYR F
GNM11804                        ---AKMSVII AVGGLMVYVD EKASEEWEEE EEHNYEEYLL MAAELGFGGG GGGGGGGGGE ASGNVILMVI EKTKVILLVE EKKASRRKDK VLVYVIIMLA VLILVMLLVI LALLVGNIEA KKLNNNNNSD AFGPPPDVDE DKEGKEKASN DCKSHTSTTE SLSSTTTTAA MTIVASIVTV VEVVAIRIHR M
GNM11805                        ---AESVLSV ILMGIIIFRD KEKKPNEDEE DEEKVDEYFL YAARDAYGGS SGGGGGGGGH AFNSLIFFIL SRISVVRVAE LKGTKKNEGN AILIIFIVLA FFLLIMLLNV LSLVVGEITS KSFNNSNNSY TIPPDPRADD DESEFSAVNF AAGSHADITD SSSSNNTTVI TVILVSIVTV LTIVVLGAFR L
GNM12886                        ---AASAAAI IVATIIATLD DDETPDEEEE EEEHEREFFI FAASAGGGGG GGGGGGGSVQ ITGTVMVMII LKVELVMVVE QRGKVKIPST VAAVVLVVLI LLIGLMLLLL LKSVAIRLYT RKNNNNNNSP PPPPPPKQER STRKRSQVNN LASTSSSSTS NSPSTTTSAV AAFVMMITPV IVPTVVRTYN F
GNM12892                        ---AMSTAAV IIASIIVILD DEENQDDEEE EEKEDKEFFI FAATAGGGGG GGGGGGGSVQ ITNHILIMIV IKIIVLMVVG AKGKTKVPSS ASLVIIILLI FLLAIMLLLL LKTVVIKLYG KKNNNNNNSP PPPPPPNQDR RTRKRSRAKN LAVTSSSSTS NTPSTTTSAI TVVLMILVPV VALTVVYLYN F
GNM12895                        ---TQATSTI IIAAILAFMD DYEQDDQEEE EEDKEKSFFI FGAAAAGGGG GGGGGGGSVE VTQYVLIMVI IKSQVLMVVN ENGKLKIPKT LVTVMFIILL VLLALLLLLL LKSVVIKLFD QKNKNNNNSP PPPPPPTQDR NSRRRKQVNN LAESSSMSTS NEPSTTTTAV AVVILVIVAV VVVMVVRIYK P
GNM13060                        ---SAAAAAA AAAAAVATGD DDDDDEEEEE EEEEEAE-FF FGGAGGSG-G GGGGGGGGGG GGGHIIVMII IIISIIIIIK KKKKKKKKKR MLLLLLF-LL LLLLLLLLLL LLLLFMMMM- NK-NNNNN-P PPPP-PTQKR RRR-RKSVSS SSEKSSSSSS STTTTTTTAI VV-VVV-VVV VVVVVVYY-Y Y
GNM13061                        ---ARSAVAV VIASAVAFAD DQDSDEDDEE EEEKEEEYFF FGGLGGGGGG GGGGGGAGGG CTGHVLLAIM WRASVIIVIG SKGKSRLKRR AALLLILILV LLLIILLLLL LMIVLMEFIN AKNNNNNNNP PPPPPPVQRR KRRRRKEAHT LAESSSSRTS SDSTTTTTAA VVIIMVVFLV VVVVVVPVHY L
GNM13062                        ---LCSTAAI ILAAVVVFMD ANYDDEKSEE EEQSSKAFLL YAATACSGGG GGGGGGGNTG VSEYIIIMIV AKLHVLFTVQ DEGKTKRERS LVLAVLVVLL LLIALLLLLL LKIVVVGLDD SRNNNNNNSP PPPPPPNQDR KTRRKGKSTN QAEDSSSSST SESSTTTTGA AAIIFVIVPV VVVVVVPVYR M
GNM13064                        ---IIATTII IIASIAVFLD GFKDDDNDNE EESKQKKFFL YASIGGSGGG GGGGGGGNAQ ISGHLVEMIS LRVEVIMVVK SKKKTQIPKN FALILIIVLL ILLVLLLLLI LKTAVVIIHD EENNNNNNNP APPSPPPNKS NTRRKRSINN QSANSSSTTS SESSTTTSAA AIIIMVIKNV IIVMVVSIYY F
GNM13066                        ---ITATAII IIASIAIFLD GFKNDDNDNE EDSKQTGFFL YASIGGSGGG GGGGGGGNTQ ISGHLVEMIS LRVKVIMVVK SKQKTQTPKS FALILIIVLL ILIIILLLLI LKTAVVIIHD SENNNNNNNP ASPSPPSNKN NSRRKRSANN QSINSSSSTT SESTTTTSAA AVVIMVIKNV LIVIVVSVYY F
GNM11034                        ---AGSAVAV VLGRILVFRD DEFEEDADDE EDERVKQFFT FAAAAGDGGG GGGGGGTGIK ATSTVLVALV DRVELVLVVS RESDRTLEKS GLLVLIILLL FLLVIMLLLL LLTVVMDLMD EWYNNNNNTK VPPPPVNSDT QKFGVRSANT RASTSSSSTS SLPDTTTRCA ALVLLSVVRV VAVVVVRVFR L
GNM11363                        ---AEAVCVI IVASIVVYLD EDENDDESEE ENHDVKEFFI FAAAAAGGGG GGGGGGGAAE LTHHVLLAII LRINTIMVVS SEGKKRRKSS IALVIFVILI LLFVLLLLLV MRMIVVNLFR KKNNNNNNSP PPPTAPKLDR DSRRRSRVHN LAASSSSSTS NDASTTTTTA AVVVVVISPA VAVVVVRIYR L
GNM11375                        ---AASMAAI IFATILVVLD QDEDKDENDE EEQKGKKYFT YAAAAGNGGG GGGGGGGSCG MTNHILYMIL WKLDIVMVID DKGKSRTEKS TCLIMLIVLI LLLAILLLVL IKCIVMELHD EHNNNNNNGP SPPPPPENDR SSRRVSSVKN LAFDSSSSST NYPNSNTTVA TIVLVIIVQV VVVTVVFLYK L
GNM11381                        ---TAVAACV IIGSILVFLD QWEDKDDDDE EEDKGKSYFL YGAAAGGGGG GGGGGGGAAK VTNHVLIMIV KKVDLVMVIK KKGKIKSESN TALIIFIILV ILMILMLVLL ITMIIMELYD EKNNNNNNGP TPPPPPNTDR ETRRVSKVNN MAHDSSTSTT NSPNNNTNTA ALVLMIICPA ITIAVVFVYR H
GNM11382                        ---TSATASV MIGAILVFLD EHEDRDDDDE EDEKQKSYFI YGAAAGGGGG GGGGGGGAAK ATNHVLLVII KKVSIVMIIQ SKGKHKAENN TCLIIFMILV ILLIILLLML ITMIVMELHD EKNNNNNNGP TPPPPPNTDR STRRVSQVHN LAYDSSVSTT NFPNTNTNAA VMVLMIIYPV VTVAVVFLYK M
GNM11799                        ---AAATASV IFGSILIFLD PDEDNDENDE EEKKKRRFFT FGAAAGGGGG GGGGGGGAAG MTNHVLILMI FKVALVMIIQ EKDKLSNEKN TCLVIFIILV ILLILLLLLL INMIVMELYD ENNNNNNNGP IPPPPPNEDR KTRSISEVHN LANDSSTPTT NSPSNNTNVA VLVLVIIEPT VVVVVVMLYK Y
GNM11931                        ---AATTAIV LIVGVAVCVD ERDPYEAEEE EDDAGEDFLR LAAVGGYGGG GGGGGGGGGG ASGHLIRGLV GATDVYRVVG DEDFDRRSND AVLYLLVVLV LLILVLLTVL ISACAGKIEA PDYTNNNASP SPRSAPTAED SDSGEEEAST DARTHSGTTE SRSDNTTTAT AAFVAAIVVV VTVVVVQVRD V
GNM12040                        ---AATTAVI IIVGIAVVVD MRDPRDPDEE EEDETEAFLN LAAAGGYGGG GGGGGGGGGD ASGHVIKGIL DRHEVYRVVD DENTRRAPSE ALLYLLIVLL LLILVLLTVL LAACVTKMES PTYNNNNGSP APRPPPSSSD DDGGEEETNT DAARHSGTTE ETTQNTTTAT AAFVAAVVII VAVVVVAVAY I
GNM12071                        ---SGTTAAV VVVGIAVLCD ERDPRDSEEE EEEVGAEFLR LAAAGGYGGG GGGGGGGGGD AAGHVIQGLV DEASVYRVIG DQGLTRAPAE ALLYLLVVLL LLILVLLTVL LAACVGKLET EEYNNNNTSP SPRPSPETEE DENGEERTNI DARTHSGTTE ETSDNNTTAT AAFIAAVVLA VTIVVVLLTY I
GNM12125                        ---VESTVVI LLGKILVIVN PETEENDSEE EDEDEREYLI FAAKAGFGGG GGGGGGGGAG IMDHLILGLV LRVDLLRVVG KRGDRYIERD IALAILIVLA IFLVNMLILL LKIVTMGITN EHNNNNNNNY VPPPPPRKSQ KKIGINKANN EAYSSAVKTQ DKPDTTTTAA AFVVMLIVTV LVVVVVEIHR Q
GNM12126                        ---AESAIIV LLGKVMFFLD EYDYVDEKEE EDEKKKSYLI YAAVAFYGGG GGAGGGGGGQ ASDHVVLGLI EKKEVLRVVK KNGVKFEPSD MLVALLIVLA MFLLLFLLVV MKVVGADVAS TKNDNNNNNP LVPPPPPDER DDTGVETNHN LANSHTSKTA NKPNTNTTAA CLIVVVIVIV IVVVVVEVFK L
GNM12128                        ---AASIVVL LLGRVVVIGD EDDKKDRNEE EDDNAKKFFL FAGLGAFGGG GGGGGGGGGG AMGHLIYGLV DRLRLYRVVG NEEIIFYEPD MLVLILIVLT AFIIVFLIVL IIVVIMEVVN RRNNNNNNNG IPPPPPNYEK KKNGISKAKN RALSHSTTTS NRSNTNTTSI VMYVAIIYVS VYIVVVRLKR F
GNM12182                        --KAQSTVVV ILGRILVYVD DVDDNDESEE EEKNEKEYFI FAAKAAFGGG GGTGGGGGGK GSDHLIIGMI ERFNLLRVVN SKNSKFSERS ILVIVIIVLT FFILTFLLVL IIVLILEINS EHNSNNNNSA IPPPDVNIKR KQFGVSGAEN SAATYSVTTQ NRPSTTTTTA ALIVASIVVT IAIVVVEIFN A
GNM12342                        -Y-VSSTVVI LLCGILIILD DEGKEEDSEE EDKKEKELLI SAAVGGKGGC GGGGGGGGGK ASGHVILAIL EKLDLLIVAE NENDKLFEKG ALIALLIVLT LFILVLLLLL LESTVLLVVY KKTNNNNNIT SPPPPPNDDD EDSGIKEVYT DARESASNTE KEPSTTTTTA TIFINTIVKT VSVVVVQLSK N
GNM12346                        ---AAMTATI FLIGIAVVGD DRDKPEEDEE EEQETQEYLL LAAVNAFGGA GGGGGGGGGK GSEHIIAGIL AKLNVLRVVG DTKTKAVEDT ALLLLVIILV LFLLIMLLLI LLMVVGRVTD AKYNNNSTYP SPPPPPKAKD QATGREETNT RALTHSGLTE SLSTTTTSNA AVFLASVCIT VTVVTLRVYT M
GNM12351                        ---VAMTVAI FLLGIVVVVD VSEPPEDDEE DPGEEEEFLD AAAINAYGGG GGGGGGGGGA GSGHVVLGLV EMVKILRVTD DSGARTVDRS ALLYLIIVLA MFVLVLLVVL LLSVVGMLQN KKVNNNNNNQ SHPPPPPVRD DKIDVESKNT NADTHSDLTE SNSSTTTTCA AIILASLVLV VVVVALSIYT L
GNM12356                        -C-TKSLATI IIAGFFIFID NRENKEEDEE EDEKKSKLLF SCAIGGKGGC GGGGGGGGGK GSNHVIKAIA EKVTLIKVAD NEDTKLLEPG SLIALLIVLG LLLLILFLLI MKCVVLDFVY PNTNNNSNIP APPESPITDE KNSGEKECYT DAITSAANTE SLPSTTTTSG LIIVNTIVRV VIVVILAKSK N
GNM12357                        -Y-TKSLATI LICGIFIYVN EKEKDELDEE EEQKEKNHLI SCAMSGRGGC GGGGGGGGGR GSNHVIVGIF EKIEVIKVAD EEDTKLWEDG SLLALFIVLG LLILILLLLL IRCVSLLMVY PKTDNNNNVT SPPESPNTDE DKSGRQEVNT DALDSAANTE STPITTTSAA TVFLNVLVRI LVVVVVQTSK N
GNM12366                        -Y-TKSLAVI LICGIFIYVN SKGKDELDEE EEKKEKELLI SCALSGRGGC GGGGGGGGGK GSNHVIIGIF EKVAVIKVAN EEGTKLWENG SLLALLIVLG LLILILLLLL LKCVSLLMVY PKTDNNNNVT SPPESPNVDE DNSGKTEVNT DALDSSANTE STPTTTTSAA TVFLNVIVRI LVVVIVQTSK N
GNM12373                        ---SAMTCIV FLVGVAVLGD DSGGAEEREE EPKELQEYFL LAIRQFMGGG GGGGGGGGGN CSGPLILGLV DESEVVRVVD DEKFTRKKGN ALLYIVIVLA MALLILLVVV LKLLIGRIAS EKNNNNNNDG LYPPPADMDD DESGLEATRF AAITHTEFSE SQSSNTTTVV TILLTSIATV CFIVAVEINS M
GNM12385                        ---AAMTAAI LLIGIAVIRD DEGKPETREE EDAEFSRYFL LAATQVMGGG GGGGGGGGGD GSGHVILGLV EPIAVARVVD AAEFKRNPGS ALLYIIIVLA MVLLILLIIV LAVVVGRLED EKNNNNNNDG SFYPPPDESE DESGLEGSQF VAVNHTGFSE STSSNTTTVV AILLASIFLV VFVVALSVAC M
GNM12551                        ---AKSTAAV AVAGIVVYVD EHEPDEEEEE EEDEDREWLH YAVVAGRGGG GGGGGGGGGG GSGHVLIVIV DKVRFLRGVD EEGIKARRRE ILLAMVVALA LLVVVLLLLL LRLVVAGVAS EKNSNNNNDP APAPPPEVSD EDNGVSEANS DAVTHVSTTE SRPSNNTTAA TVVVASIVVV VVVVVVRVHH M
GNM12554                        ---ARMTAAI LLVGIAVIRD DEGCPGQTEE EAEEMKEFFL LAVRQFMGGG GGGGGGGGGG GSGHLVLGLI DTVAVARVIG NAGFKRREGN AMLYIVIVLA LSLIILLIVV LAVVVGRIGT ETNNNNNNDG SFPPPPKEAD NEAGLEGARA AAVTHTETTE STSDNTTSVV AVFLASIVTV VFVTAIVLAT M
GNM12592                        ---ISMTVAI FLIGIAVLGD DDDPPEDDEE EAEEAEAFLY LAAVGAFGGG GGGGGGGGGG ASSHMIIALV GKLRVLRVVD EKGSKRVVRL ALLYILIVLV LFLLLLLVVV LMIAVGRLGQ ERLNNNNNSP SPPPSPRIED SRSGRESCET EAVSHSGVTE STTSTTTTCA AVVLTSLVVV VTVVALVVAN I
GNM12596                        ---VEMTVAV FLLGIVVVID A-NPPESKEE EAPEG-EFLG MAACNAFGGG GGGGGGGNGG GSGHVIMGLV DRIQLLRVTD AEKVKTVDYS AFLFRLVVLV LFFLVLLVIM LLSVVGKLVD RKINNNNNTQ APPPSPPARE DEIDIEARNT EARTHSDLTE SRPSNTTTCA AVILATIVIV VTLVAFEIYS L
GNM12602                        ---VEMTVTV FLLGIVVVVD AGNPPESKEE EAPEE-DFLG MAACNAFGGG GGGGGGGNGE GSGHLIMGLV EKLKYLRVTD AEKTKTTEYS ALLYILVVLV LFLLILLVIL LISVVGKLSD RKMNNNNNTQ APPPPPEVSE DEVDIEARNT DAETHSGLTE SDSSNTTTCA AVILATIVIA ATLVALEVYS L
GNM12665                        ---VEMTVSI FLLGIVVLVD VENPPESEEE EVPEG-EFLG MAACNAFGGG GGGGGGGNGG GSGHVIMGLV ERIQLLRVTD TEKVKTAEYS ALLFRLVVLA LFRLVLLVIL LISVVGKLAD RKINNNNNTQ APPPSPPIRE DETDIEARNT EAKTHSDLTE SSPSNTTTCA AVILATIVIV ATLVALEVYS L
GNM12745                        ---AKSTAVI LVAGIIVVID SHEPPDEDEE EEDRERESFY LAALCGRGGC GGGGGGGGGG VSGHIILGIV SKVDILRVVN KDEYRLLEPN IVMVLIIVLA LLLLALLLIL LSMVVADITD PNNNNNNNNK APSPPPNINQ NSNGIEKANK KAVSNADPTD SFSSTTTTAV AAIILVLAIV VTVVVVKIDN L
GNM12749                        ---TEMTAAI LLVGLAVIRD EEGEPDGQEE EPEDMSEFLM MAATQFMGGG GGGGGGGGGS ASRSLIIGLV EGVAIARVVK TQKVSRRPGV TLLYIVIVLA MCLVILLIIV LRLVVGRYAS EYHNNNTNDA SYPPPPDADD DEPGLESVNF GATTHTETTE NTTRNTTSVI AVIVANIVKV LFVVALRVAH M
GNM12758                        ---ARSVAAI FIAGIVAVVD DRDPEDEDEE ESEQVAEYLQ LAAESGHGGC GGGGGGGGGG GSGNLIIGSI LRTDVVRVVE GGEFRSIDNE ILIVILVVLA LLLLNLLLLV LVALVAQLAN ENNNNNNNNT APPPPPEVDE SKSGREGVNT EAASSAESTE SMSSTTTTVA AALVMVLAVV AVIVVVKLSN F
GNM12763                        ---VKSIAII IVAGILIIVD DQDEPEKKEE EEKNGEEYLN FAAKAGHGGC GGGGGSGGGK GSGHLIMGMV LKVKVIRVVD REDVKSTNNK VLVVLLIALA FLLLVLLLLL LDSLVADIVE EKFNNNNNGI VPSPSPNTDE DSEEIEKVNT EAIKSSDTTE SMPSTTTTVA SAIIVMIILV VTIVVVEFSY H
GNM12766                        -C-AKSLAVV LICGILIFID DDGNDEEDEE EDEKKKKLLI SCAVGGKGGC GGGGGGGGGK ACGHIIVAIL EKVELIRVAD EENTKLWDNG ALLALLIVLA LLILILLLLL LECVVLLIVY PKTNNNNNIT SPPESPQDDE KNSGIKEVYT DALDSASNTE SKPTTTTTAA TIFINVLVRV IIVVVIQTSK N
GNM12841                        ---TETTVVI LLVGIAVYLN DRDPYDEEKE EDESVETFLR LAAQAGYGGG GGGGGGGGGG ASGHIIRGLV DNLDVFRVID SDSLDTFPEE ALLYLLVVLL LFLLVLLTVL LEASVGKFEA TTYDNNNNSP SPRPSPPAED ESGGEEEVNT EARTHSGTTE ETTNNTTTAA AALVAGVVIV VAVVAVPVSE I
GNM12849                        ---AAASAAV IFAMILVFMD MDEDKDENDE EEQKGKEYFT YAVAAGNGGG GGGGGGGTTG MTNHVLYMIL WKIELIMVIK EKGKSNTEKS ICLVMLIVLL LMLALLLLVL IKIIVMELYD EHNNNNNNGP APPPPPETQR DTRRVGEVNN LAFDSSSSTT NYPNSNTSAA AIVVVIIVQT IVVTVVYIYK Y
GNM12869                        ---AAVTAAI IFASILVTLD QNEDKDENDE EEKQGKKYFT YAAAAGNGGG GGGGGGGCSG MTNHILFMIL WKLDLVMVIG EKGKSSTEKS ICLIMLIVLI LLLAILLLVL IKCITMELYD NNNNNNNNGP APPPPPETDR NTRRVSSIKN LAFDSSSSST NYPNTNTTVA AIVLVIIVQV VVVTVVFLYK L
GNM12896                        ---TAATACV LIGSILMFLD EEEDEDEHDE EETKDKEYFN YAVAAGGGGG GGGGGGGAAG TTNHVLIVMV LKVSLVMVIK KKKKRKMNRG ACLIIFIILV ILLVILLLLL LNMIVVSLFD DNNSNNNNNP PPPPPPNKDK KTRRISEVNN LAHESSTSTT NHPNNNTNCA ALVLMSVVPT VVLTVIFVYK H
GNM12897                        ---SAATACV LIGSILVFLD EEEDEDEQDE EEQKDKDYFN YAAAAGGGGG GGGGGGGAAG ITNHVLVVII LKTVLIMVIK KRGKHKIERV ACLLIFIILV ILLILLLLLL LNMIVVSLFD ENNSNNNNNP PPPPPPNTDR KTRRISEAKN LAHESSTSTT NHPNTNTNCA AVVLMSVVPT VVLTVVFVYK H
GNM12902                        ---AESILGI ILMGIAIVRD D-KNNNDDEE NEDKLNEYLH YAAKGAFGGS SGGGGGGGGK ASNTLILMIL SKLKVLRVAK RKGERRYEDE AIIIIFIVLT FFLLIMLLNV LILVTGEFTS ENFDNNNNSN SIPKNSNKDD DEFNSSESNW AASDHANSTD SIASNNTTTT AVIIVSIVTT IVVVVIKYLH L
GNM12903                        ---ARAFLVV VLLRVIVVLN EEDNRNDEDE EDEKDKNFLL FAVDAVRGGG GGGSGGGGGK ASRALMVVII LKYRLLRVVR DKGIRAKEPD ILIALFIVLT LFFLLFLLLL LATVVMEVTR SNSSNGNNTS IPPPSPNVDQ TKPGISAVNN EALTSGTTTQ DLPDTNTATV AVVVLKIVVT VVLVVVRAFK Y
GNM12906                        ---ARSLLVV VLVRVIVVLN EEDNKNEEDE EDEKEKNFLM FAVDAVKGGG GGGSGGGGGK ASKALIIVIL LKYRLLRVVR DKGIRAKEPD LLLALFIVLT LFFLLFLLLL FITVVMEVTR THSSNGNNTS IPPPSPNVDQ SKPGVAAVNN EALTSGTTTQ DLPDTNTATV ATIVLKIVLT VVLVVARAFK Y
GNM12907                        ---ARSFVAI VLLRVVVVLN EEDAKNDDDE EDEKGKNFLL FAVDAAKGGG GGGSGGGGGK ASKALIVVLV LKYKLLRVVR DKGIRAKEPD LLVALFVVLT LFFLLFLLLL LLTVVMEVTR TYSSNNNNSS IPPPSPNTDQ TKPGIASVNN EALTSGTTTT DLSDTNTATV AVLVLKVVVT VVLVVVKAFR Y
GNM12909                        ---ARSFAAV VLVRIIVVLN EEDNRNEEDE EDEKGKNFLL FAVDAVKGGG GGGSGGGGGK ASKALIVLIL LKYRLVRVVR DKGIRAKEAD ILVALFIVLT LFFLLFLLLL LVLVVMEVTR SNSSNNNNSS IPPPPPNIDQ TKPGVSVVNN EALTSGSTTT DLSDTNTATV AVIVLRVVVT VTIVVTRAFK Y
GNM12915                        ---ARSAVVI ILGGILVVTD DTYRDDEEEE EDEKVKEFLY YAALMAMGGC GGAGGGGGGK GSKHVIIGMV KKLEVLKVAK EEGKKVWEWH GLFVLLIVLV FFILILLILL IVAVVVEIVD PNYNNNNNSP TPRAPPEEDE RKRNPSGTNT LARSSTTSTE SWPSTTTTAA TVFLAVLVVV IIVVVVEIEK Y
GNM10046                        ---ARSAVVL ILGGILVVTD DSYQDDEDEE EDEKVKEFLY YAALMGMGGC GGAGGGGGGK GSKHVILGMI KKLEVLKVAK EEGKKIWEWH GLFVLLIVLV FFILILLILI IVGVVVEIVD PYYNNNNNSP VPRSPPEKDE KKRNPSGANT LAKTSSTSTE SWPSTTTTAA TVFLAVLVVV VIVVVVEVEK Y
GNM12918                        ---TRSVVVV ILGGILVVMD DAYRDDEDEE EDEQVKEFLY YAALMAMGGC GGAGGGGGGK GSKHVIIGMI KKLELLKVAK EEGKKVWEWH GLFVLLIVLV FFILILLILI IVAVVVEITD PNYNNNNNSP TPRAPPEEEE RKRNPSGTNT LARSSTSSTE SWPSTTTTAA TVFLAVLVVV VIVVVVEIEK Y
GNM12931                        ---IASTVII ILGKILAILN DEERANDEEE EDSNYNEYLI FCAKAASGGG GGGGGGGGAK ATNHIILGLV EKIDLIRVVD KRGEKFEERE VLSINLLVLA LFLVNLLLII IVVIALDITS EKNDNNNNNP VPPSPPNKER SGIGVKSVNN YAISGSSKTR DLPNTTTTAG CFLILIIVRV IAIPVVEVFK N
GNM12938                        --DAQSTIAI ILGRVLIYVT ADDDKDEEEE EEKNEKGYFT FAAISGFGGG GGVGGGAGGK ASKHLIIGLI DRLKLLRIVK EKQVKFKTRS ILVVLIIILT LFILVLLLIL IKVVALDIIS ENNDNNNNTV IAPQDIRKKR KEVGVSKTDN SAVTYSITTQ NLPRTTTTTA SLIVVSIVST VAIVVVQIFH P
GNM12996                        --ETVSAVTI ILGRILIYCN DDDNKNKKEE EESKEKQYLS FAAKSAFGGG GGGGGGGGGS GSRHLIFGLV EKLRLLRVVG EKGTKYEEKA ILLTLVIVLT FFLLLFLLTL INIVILDIIS EKNNNNNNTV IPPPDVRIEK KEFGVEKSNN SAFSYSSETQ DIPDTTTTTA TIIVVSIVIT VTIVVVEIFK V
GNM13018                        --ETASAITI ILGKILIYCN DDDNKNKKEE EESKEKQYLS FAAKSAFGGG GGGGGGGGGG GSRHLIFGLI EKLRLLRVVG EKGTKYEDKA ILLTLIIVLT FFLLLFLLTL INIVILDIVS EKNNNNNNTV IPPPDVRIEK KEFGIEKSNN SAFSYSSETQ DIPDTTTTTA AIVVVSIVIT VTIVVVELFK V
GNM13027                        --DTQSTIVI ILGHILIYVS DEDDKDEKEE EEVKEKEYFN FAAIAGFGGG GGVGGGAGGR GSKHLIVGLV ERLKLLRIVK QDQTKFKNRS ILLVLIIIFT LFILIFLLIL IKVVILDITT ENNDNNNNTA IPPPDIRKER KEFGISKANN AAKTYSITTQ NDPRTTTTTA TIIIVSIVTT VSIVVVQIFY P
GNM13046                        ---AAVTAAM VIGHILVYLD PSEDNDDDEE EDKKDKDYFN YAAAAGGGGG GGGGGGGSAG VTNHVLYVII MKVEIVMVIN KKGKHASEHG TCLMIFILLV ILIVIMLLLL IKMIVMELYD EHNMNNNNGP APPPPPNQDR KSRSVAEVNN HAHDSSSSTT NIPNNTTTVA AIVLMIIVPV ITVIVVFVYK H
GNM13074                        ---TRSTVII ILGGLLVVID DTYLDDEDEE EEEKENEFLY FAALMAQGGC GGAGGGGGGK GSKHVILGMV KKLEVLKVAK NEGKKVWEYH GLFVLLIVLL FFILVFLILV IVAVVVELVD PFYNNNNNSP IPRAPPRQDE KKRNPREANT LARTSSSSTE SWPSTTTTAA AIFLVVLVLV IIVVVVEIEK L
GNM10010                        ---ARSTVIV LLGGIFVVMD DAYQDDEDEE EDERVNEYLY FAALMGMGGC GGAGGGGGGK GSKHVILGMI DRLDVLKVAK AEGKKFWPWH GLFVLVIVLA FFILVFLILI ITVVVVELVD PYYNNNNNSP IPRKPPEKDE RKRNPSEANT LAFTSSSSTE SWPSTTTTAA AVFIVVLVVV VIVVVVEIEK L
GNM10014                        --DARSTVII ILGGILVVMD DAYKDDEDEE EDENVKEYLY FAALMAMGGC GGAGGGGGGG GSKHVILGML ERLEVLKVAK EEGKKRWEWH GLFVLLIVLL FFILVFLILI IVAVVVELVD PYYNNNNNSP IPRKPPDAEE RKRNPSGANT LARTSSSSTE SWPSTTTTAA TIFLVVLVVV VIVVVVEIEK L
GNM13090                        ---ARSTVII ILGGLFIVMD DAYQDDEDEE EDEKEQEYLY FAALMAMGGC GGAGGGGGGK GSKHVILGMI KTLEVLKVAK EEGKRTWEWH GLFVLLIVLA FFILVFLILV IVAVVVELVD PHYNNNNNSP VPRVPPRKDE RKRNPREANT LAHTSSSSTE SWPSTTTTAA AIFLVVLVVV IIVVVVEIEK L
GNM13118                        V--AASVAIV LVVRIIAFVD DSNEKDEEEE EEEDVKEYFV FCADAGRGGG GGGGGGGGLK STGPLLLGLI IRAEVVQVVS RKGLRFSERE ILLAILVVLA LLLAVFLLLV MKLLCMLINS DKNNNNNNTM IHPQPPNRDR RKRGVEAANN DGHTSTDSTQ NLPSTTTTAI AALVLKIVVV IALVVVRFYN E
GNM13126                        ---TQSILSI LLMGIII-RD ITKKS-DDEE GDEKL-E-LG YAAVDGFG-S PGGGGGGGGK GSNNLILMI- NKFGVIRVAQ AEGTK-FEYK -ILVL-I-L- FFLLIMLLDI MDMVTDEFV- DK-SNNNN-I TI-K-PNEDD -KS-QREVN- DADDHADSTD SEPSNTTT-V AV-VAS-ISV VTVVVVRR-H I
GNM13128                        ---TRSILSI ILMGIVIVRD IDKKSDDDEE GDEKL-EYLG YAAVDGFGGS PGGGGGGGGK SSGNLILVII AKFDLIRVAQ NEGTKKFEYR AILILFIILA FFILIMLLDV IEIVTDEFVS DKFSNNNNSI TITKSPNEDD DKTRYKEANW DAGDHADSTD SNPSNTTTAV AVVVASIVSV VTVVVVRKMH I
GNM13208                        ---ARSAAAV ILVRVLVMLN DEDQHNANDE EDEKGKEYLI FAADAARGGG GGGAGGGGGG ASKALIIMLV IKYNVVRVVG EKGIRAKENW ILIALLIVLA LLLLLFLLLL INLVVMEIVK TRSSNNNNSS IAPPSPNIDS KKPGVEKVNN EASTSGTSTL DLPDTNTTVT AAVVVRIVVD IVVVVVRVFK Y
GNM13210                        ---FSSAVVI ILGRILTILN EEERKNDDDE EDRDEKEYLI YCALAGAGGG GGGGGGGGAK GTGHVILGVL LKVGLIRVVK RKGDLFTEHG GLVIFILVLI LLIVNFLLLV IEIVVIGVTS DKNDNNNNNP VPPPSPNKDR KDIGVLSNNN NALVSSSRTK DFPNTNTTTG CAFLLVIVKV ITIPVIEVFK H
GNM12773                        ---LASTTII ILTGIFVIGD KEEEPDKEEE EDETKKNYIL YAAAAGCGGG GGGGGGGAGK ASNHVILSLI SKVNLVIVVK KDNKKLLDKS SLMGKIIVLV FLILALLLLI MEAAVFQTWS KHCNNNNNSP APPPVPTQEN KIIGIEACNN LATKDTTSTE SRPSTTTTAA AVIILILVKA IAIVVVYVLK S
GNM12769                        ---IGSTATI IIVRLLIIID EHFQDEEEEE EEKQDKKYII FAAAAGNGGG GGGGGGGGGK ASGHVIFALV VKVELIDVIE ERDKKFLEYS ALIAEIITLA FLILLFLLMV LKLVVMSISE KVYNNNNNSP IRPPPPERDR KKRGLRSAKN HATQSSHDTT SYPSTTTVSA AVIILMIVTV IIIVVVKILF I
GNM12768                        ---LKSSAAV IMVSLLALGD DEDPPNRDEE ETSKAQDYLF LAAAGGGGGG GGGGGGGGGK ATEHLIVAVL NKITLLIVIR QQDQRLVEHS ALVVQIIVLT LLILVLLLLL IRAAIMLVGD DHNNNNNNSP VPPAPPNIDN SRRGRRRANT PAAKSSSTTT SSPETTTTTV AVLLFSITVG TVVVIVIVLR R



    1    1    1    1    1    1    1    1    1    1    1    1    1    1    1
    1    1    1    1    1    1    1    1    1    1    1    1    1    1    1
    1    1    1    1    1    1    1    1    1    1    1    1    1    1    1
    1    1    1    1    1    1    1    1    1    1    1    1    1    1    1
    1    1    1    1    1    1    1    1    1    1    1    1    1    1    1
    1    1    1    1    1    1    1    1    1    1    1    1    1    1    1
    1    1    1    1    1    1    1    1    1    1    1    1    1    1    1
    1    1    1    1    1    1    1    1    1    1    1    1    1    1    1
    1    1    1    1    2    1    1    1    1    1    1    1    1    1    1
    1    1    1    1    1    1    1    1    1    1    1    1    1    1    1
    1    1    1    1    1    1    1    1    1    1    1    1    1    1    1
    1    1    1    1    1    1    1    1    1    1    1    1    1    1    1
    1    1    1    1    1    1    1    1    1    1    1

AAML (in paml version 4.9h, March 2018)  tmp0025.txt
Model: Empirical,  (../wag.dat) dGamma (ncatG=4) ns = 144  ls = 192


Frequencies..
                                    A      R      N      D      C      Q      E      G      H      I      L      K      M      F      P      S      T      W      Y      V
GNM13746                       0.07937 0.04233 0.05820 0.03175 0.00529 0.00529 0.06349 0.11640 0.00529 0.07937 0.13228 0.05820 0.02116 0.02116 0.04233 0.07407 0.04233 0.00000 0.02646 0.09524
GNM13538                       0.06878 0.02646 0.07407 0.02646 0.01058 0.02646 0.05820 0.08466 0.00529 0.08995 0.10582 0.06349 0.01058 0.03175 0.04762 0.10053 0.03175 0.00000 0.03704 0.10053
GNM13671                       0.06349 0.03175 0.04762 0.03175 0.01058 0.01587 0.08466 0.08995 0.01058 0.10582 0.10053 0.05291 0.01058 0.04762 0.03175 0.06349 0.07937 0.00000 0.01058 0.11111
GNM13876                       0.08995 0.03175 0.04762 0.06349 0.00529 0.01058 0.04233 0.08466 0.01058 0.04762 0.14815 0.04762 0.00529 0.03175 0.02646 0.07407 0.06878 0.00000 0.01058 0.15344
GNM13680                       0.09524 0.04233 0.06349 0.02116 0.00000 0.01587 0.06878 0.08466 0.01058 0.05820 0.08466 0.03704 0.04233 0.02646 0.06349 0.08995 0.06349 0.00000 0.01058 0.12169
GNM14837                       0.06878 0.01587 0.08995 0.05820 0.01058 0.00529 0.04233 0.08466 0.02116 0.08466 0.10053 0.05820 0.03175 0.01058 0.03704 0.04233 0.06878 0.00529 0.04233 0.12169
GNM14249                       0.06878 0.01587 0.08466 0.04233 0.01587 0.01587 0.05291 0.08466 0.00529 0.09524 0.11111 0.05820 0.02116 0.02116 0.03704 0.07407 0.06349 0.00529 0.03175 0.09524
GNM13928                       0.07937 0.01587 0.08995 0.04762 0.01587 0.01587 0.04762 0.08466 0.02116 0.07407 0.10053 0.05291 0.02116 0.01587 0.03704 0.05820 0.05820 0.00529 0.03175 0.12698
GNM13297                       0.06878 0.02646 0.07407 0.02646 0.01058 0.02646 0.05820 0.08466 0.00529 0.08995 0.10582 0.06349 0.01058 0.03175 0.04762 0.10053 0.03175 0.00000 0.03704 0.10053
GNM14865                       0.13757 0.04762 0.04762 0.05291 0.00529 0.00529 0.10053 0.11111 0.01058 0.02646 0.11640 0.01587 0.00529 0.01058 0.04233 0.05820 0.05820 0.00000 0.03175 0.11640
GNM13455                       0.08466 0.01587 0.08995 0.04233 0.00529 0.02116 0.05820 0.08466 0.01058 0.08466 0.07407 0.04762 0.05820 0.02646 0.04233 0.04762 0.05820 0.00529 0.04233 0.10053
GNM14938                       0.08466 0.05820 0.04233 0.06349 0.00529 0.01058 0.05820 0.07407 0.00000 0.02116 0.14815 0.03175 0.02116 0.04233 0.02646 0.07937 0.06878 0.00529 0.00529 0.15344
GNM14483                       0.08466 0.06349 0.06349 0.03175 0.00529 0.02116 0.05820 0.07407 0.00529 0.05291 0.09524 0.02646 0.01058 0.04233 0.04762 0.11111 0.05820 0.00000 0.01058 0.13757
GNM14872                       0.10053 0.03704 0.05820 0.03175 0.00000 0.02116 0.06878 0.07937 0.01058 0.06349 0.10053 0.04762 0.02646 0.02646 0.06349 0.06349 0.05820 0.00000 0.01058 0.13228
GNM13855                       0.05820 0.01058 0.06349 0.03704 0.00000 0.00529 0.06878 0.07407 0.00529 0.08466 0.12698 0.07407 0.01587 0.02116 0.04762 0.09524 0.06878 0.00529 0.02116 0.11640
GNM14445                       0.06349 0.03175 0.06878 0.02646 0.00000 0.01587 0.05291 0.07937 0.01058 0.12169 0.12698 0.06878 0.01587 0.02116 0.04233 0.09524 0.05820 0.00000 0.01587 0.08466
GNM14404                       0.04192 0.05988 0.04790 0.07784 0.00599 0.00000 0.05988 0.07784 0.00000 0.07186 0.14970 0.05389 0.00599 0.02994 0.02395 0.06587 0.07186 0.00599 0.02395 0.12575
GNM14545                       0.03030 0.05303 0.04545 0.09091 0.00758 0.00000 0.06061 0.06818 0.00000 0.07576 0.15909 0.06061 0.00758 0.03030 0.03030 0.05303 0.07576 0.00758 0.01515 0.12879
GNM14366                       0.08995 0.02646 0.07407 0.04762 0.01058 0.01058 0.04762 0.08995 0.01587 0.08995 0.10582 0.05820 0.02116 0.01587 0.04233 0.05820 0.06349 0.00000 0.03175 0.10053
GNM14252                       0.06349 0.01587 0.08995 0.04233 0.01587 0.01587 0.04762 0.08466 0.01058 0.07937 0.11111 0.05820 0.02646 0.01587 0.03704 0.07407 0.06878 0.00529 0.03175 0.10582
GNM13760                       0.07407 0.02116 0.07937 0.05820 0.01587 0.01587 0.04762 0.07937 0.01587 0.08466 0.10582 0.05820 0.03175 0.02116 0.03704 0.07407 0.04762 0.00529 0.02646 0.10053
GNM13982                       0.04762 0.01058 0.10053 0.04233 0.00529 0.01058 0.07937 0.09524 0.01587 0.07937 0.09524 0.04762 0.04233 0.03175 0.03704 0.07937 0.04762 0.00000 0.01587 0.11640
GNM13960                       0.05820 0.01587 0.10582 0.04762 0.00529 0.00529 0.05820 0.08466 0.02646 0.08995 0.10582 0.05291 0.03704 0.03175 0.05291 0.04762 0.06878 0.00000 0.01058 0.09524
GNM14853                       0.05291 0.01058 0.08995 0.05291 0.00529 0.00529 0.07937 0.08995 0.01587 0.10053 0.09524 0.04762 0.03704 0.03175 0.03704 0.07407 0.06349 0.00000 0.01587 0.09524
GNM14055                       0.05820 0.00529 0.10053 0.05820 0.01058 0.01587 0.04762 0.08995 0.01587 0.11111 0.11111 0.04762 0.02116 0.02646 0.04233 0.05820 0.07407 0.00000 0.02116 0.08466
GNM14748                       0.07937 0.01587 0.07937 0.05820 0.01587 0.00529 0.06878 0.08995 0.01587 0.08995 0.08995 0.05820 0.02116 0.01587 0.04233 0.05291 0.06349 0.00000 0.03704 0.10053
GNM14246                       0.10582 0.02646 0.04233 0.03704 0.00529 0.02116 0.05820 0.10053 0.01058 0.09524 0.10053 0.07407 0.02116 0.02116 0.03175 0.04762 0.06878 0.00529 0.02646 0.10053
GNM14640                       0.08995 0.01058 0.05291 0.03704 0.01058 0.01587 0.05291 0.11111 0.02116 0.08995 0.11640 0.06878 0.01587 0.02116 0.03175 0.03175 0.08995 0.00000 0.02116 0.11111
GNM14965                       0.07407 0.02646 0.06878 0.03704 0.00000 0.01587 0.04233 0.07937 0.00529 0.10053 0.10053 0.06349 0.02646 0.02646 0.05291 0.07937 0.07407 0.00000 0.01587 0.11111
GNM13677                       0.08466 0.02646 0.04233 0.06349 0.00529 0.01058 0.04233 0.08466 0.01587 0.04233 0.15344 0.05291 0.00529 0.02646 0.02646 0.08466 0.06878 0.00000 0.01587 0.14815
GNM14339                       0.07407 0.04762 0.05291 0.02646 0.01587 0.01058 0.07407 0.08995 0.01587 0.09524 0.11640 0.04762 0.02116 0.02116 0.03704 0.07407 0.05820 0.00000 0.02116 0.10053
GNM14593                       0.06349 0.03704 0.05291 0.01587 0.00529 0.00529 0.10053 0.08466 0.00529 0.08466 0.10053 0.04762 0.01058 0.04762 0.03175 0.07407 0.07407 0.00000 0.02646 0.13228
GNM13825                       0.08466 0.07407 0.04762 0.06878 0.00529 0.00529 0.05291 0.07407 0.00000 0.02116 0.14815 0.02116 0.02116 0.04233 0.02646 0.08995 0.05291 0.00529 0.00529 0.15344
GNM14768                       0.11111 0.03175 0.05820 0.02646 0.00529 0.00529 0.08466 0.08995 0.00000 0.08466 0.14815 0.04233 0.01587 0.03175 0.02646 0.07937 0.05820 0.00000 0.00529 0.09524
GNM14776                       0.11111 0.03175 0.06349 0.02646 0.00529 0.00529 0.08466 0.08995 0.00000 0.07937 0.14815 0.04233 0.01587 0.03175 0.02646 0.07407 0.05820 0.00000 0.00529 0.10053
GNM14715                       0.12169 0.06878 0.06349 0.04762 0.00529 0.01587 0.04762 0.08995 0.00529 0.03704 0.12169 0.02116 0.00529 0.02646 0.04233 0.08995 0.04762 0.00000 0.02116 0.12169
GNM14639                       0.03704 0.03175 0.07407 0.02116 0.01587 0.00529 0.05820 0.07937 0.01058 0.07937 0.11640 0.06878 0.01587 0.04762 0.04762 0.08466 0.07937 0.00000 0.01587 0.11111
GNM13795                       0.08466 0.01587 0.09524 0.05291 0.01587 0.00529 0.06349 0.08995 0.01058 0.08995 0.08995 0.06349 0.02116 0.01587 0.03175 0.05820 0.04233 0.00000 0.04233 0.11111
GNM14166                       0.06349 0.01058 0.08995 0.03704 0.01587 0.01587 0.05820 0.08995 0.02116 0.05820 0.12169 0.06878 0.02116 0.02646 0.05291 0.04233 0.08466 0.00000 0.02116 0.10053
GNM13993                       0.06349 0.02116 0.09524 0.03175 0.00000 0.02116 0.04233 0.07407 0.01058 0.14286 0.08466 0.06878 0.02116 0.03175 0.03704 0.10582 0.05291 0.00000 0.01587 0.07937
GNM14450                       0.06878 0.02646 0.06349 0.03704 0.00000 0.04233 0.05820 0.06878 0.00000 0.07937 0.10053 0.06349 0.03175 0.03175 0.05291 0.06878 0.06349 0.00000 0.01587 0.12698
GNM13745                       0.06878 0.01058 0.10053 0.01587 0.00000 0.01587 0.05291 0.07407 0.02116 0.12169 0.09524 0.08995 0.01058 0.01587 0.03175 0.08995 0.05820 0.00000 0.02116 0.10582
GNM14959                       0.03704 0.05291 0.08466 0.05291 0.00000 0.00529 0.03704 0.10053 0.00000 0.10053 0.09524 0.04762 0.01058 0.03175 0.02646 0.06878 0.09524 0.00000 0.02116 0.13228
GNM13413                       0.06349 0.06349 0.06878 0.03704 0.01058 0.00000 0.06878 0.12169 0.02646 0.06349 0.11111 0.02646 0.00000 0.03175 0.03704 0.05820 0.04233 0.00000 0.02116 0.14815
GNM14990                       0.05820 0.01587 0.10582 0.05291 0.00529 0.00529 0.05291 0.08995 0.02646 0.09524 0.10053 0.04762 0.03704 0.03175 0.05291 0.04762 0.06878 0.00000 0.01058 0.09524
GNM15005                       0.05820 0.01587 0.10582 0.05291 0.00529 0.00529 0.05291 0.08995 0.02646 0.09524 0.10053 0.04762 0.03704 0.03175 0.05291 0.04762 0.06878 0.00000 0.01058 0.09524
GNM15013                       0.05820 0.01587 0.10582 0.04233 0.00529 0.00529 0.06349 0.08466 0.02646 0.10582 0.10582 0.05291 0.03704 0.03175 0.05291 0.04762 0.06349 0.00000 0.01058 0.08466
GNM14976                       0.05820 0.01587 0.10053 0.04762 0.00529 0.00529 0.06878 0.08995 0.02646 0.10582 0.10053 0.04233 0.03704 0.03175 0.05291 0.04762 0.06349 0.00000 0.01058 0.08995
GNM15022                       0.05820 0.01587 0.11111 0.04762 0.00529 0.00529 0.06349 0.08466 0.02646 0.10053 0.10053 0.04233 0.03704 0.03175 0.05291 0.04762 0.06878 0.00000 0.01058 0.08995
GNM15018                       0.07407 0.01587 0.08466 0.04762 0.01587 0.01587 0.04762 0.07937 0.00529 0.09524 0.10053 0.06878 0.02646 0.02646 0.03704 0.06349 0.06878 0.00529 0.03175 0.08995
GNM15025                       0.06349 0.03175 0.11111 0.04762 0.00529 0.01058 0.06349 0.08466 0.01058 0.10053 0.10053 0.04762 0.03175 0.03175 0.04233 0.04762 0.06878 0.00000 0.01587 0.08466
GNM15024                       0.07407 0.01587 0.08466 0.04762 0.01587 0.01587 0.04762 0.07937 0.00529 0.09524 0.10053 0.06878 0.02646 0.02646 0.03704 0.06349 0.06878 0.00529 0.03175 0.08995
GNM14980                       0.07407 0.01587 0.08466 0.04762 0.01587 0.01587 0.04762 0.07937 0.00529 0.09524 0.10053 0.06878 0.02646 0.02646 0.03704 0.06349 0.06878 0.00529 0.03175 0.08995
GNM15000                       0.08696 0.00725 0.07971 0.05072 0.01449 0.02899 0.05797 0.07971 0.00725 0.07971 0.10145 0.08696 0.02174 0.02899 0.02899 0.05797 0.06522 0.00725 0.02174 0.08696
GNM15001                       0.07937 0.01587 0.08466 0.04762 0.01587 0.01587 0.04762 0.08466 0.00529 0.09524 0.10053 0.06349 0.02646 0.02646 0.03704 0.06349 0.06878 0.00529 0.03175 0.08466
GNM11003                       0.05263 0.02105 0.07368 0.06842 0.00000 0.02105 0.06316 0.08421 0.00526 0.12632 0.10000 0.08421 0.00526 0.04737 0.02105 0.04737 0.07895 0.00000 0.01579 0.08421
GNM11023                       0.07979 0.06383 0.04787 0.04787 0.01064 0.00532 0.06915 0.11170 0.00532 0.04787 0.11170 0.01596 0.00532 0.02660 0.04255 0.06383 0.06383 0.00000 0.02128 0.15957
GNM11055                       0.08995 0.02646 0.06878 0.05291 0.00529 0.01587 0.10053 0.11111 0.00000 0.05820 0.10582 0.03704 0.03704 0.02116 0.02646 0.04233 0.04762 0.00529 0.01587 0.13228
GNM11146                       0.04233 0.05820 0.07937 0.04233 0.00000 0.00529 0.06878 0.09524 0.00529 0.12169 0.11640 0.04233 0.02646 0.02646 0.03175 0.05820 0.05820 0.00000 0.02116 0.10053
GNM11220                       0.06952 0.06417 0.04813 0.04278 0.01070 0.01070 0.06417 0.09091 0.01604 0.05882 0.11765 0.04813 0.00535 0.02674 0.03743 0.06952 0.03209 0.00000 0.02674 0.16043
GNM11222                       0.08466 0.05291 0.03704 0.03175 0.00000 0.00000 0.06349 0.10053 0.01058 0.02646 0.12169 0.04762 0.02116 0.02116 0.03704 0.11111 0.05291 0.00000 0.02646 0.15344
GNM11223                       0.10053 0.04233 0.05291 0.04233 0.01058 0.00529 0.07407 0.10053 0.01587 0.08995 0.09524 0.04233 0.03704 0.01587 0.03704 0.04233 0.06349 0.00529 0.02116 0.10582
GNM11224                       0.08995 0.03704 0.05820 0.04233 0.01058 0.00529 0.07937 0.10053 0.01587 0.07937 0.09524 0.04233 0.04762 0.01587 0.03704 0.03175 0.08466 0.00529 0.02116 0.10053
GNM11358                       0.04762 0.01587 0.06878 0.04233 0.00529 0.00529 0.06349 0.07407 0.01058 0.10582 0.12169 0.07407 0.02116 0.02116 0.04762 0.08995 0.07407 0.00529 0.01058 0.09524
GNM11360                       0.07937 0.01587 0.08995 0.04233 0.00529 0.01587 0.05820 0.07937 0.01058 0.08466 0.07407 0.05291 0.05820 0.02646 0.04233 0.05291 0.06349 0.00529 0.04233 0.10053
GNM11362                       0.10582 0.06349 0.06878 0.04233 0.00529 0.00000 0.05291 0.06349 0.02116 0.07937 0.09524 0.03704 0.01587 0.03175 0.03175 0.08995 0.04762 0.00000 0.01058 0.13757
GNM11367                       0.04762 0.01058 0.10053 0.04233 0.00529 0.01058 0.07937 0.09524 0.01587 0.07937 0.09524 0.04762 0.04233 0.03175 0.03704 0.07937 0.04762 0.00000 0.01587 0.11640
GNM11377                       0.10053 0.03704 0.05820 0.01587 0.00000 0.02116 0.08466 0.07937 0.01058 0.06878 0.10053 0.04762 0.02646 0.02646 0.06349 0.06349 0.05820 0.00000 0.01058 0.12698
GNM11380                       0.06878 0.02116 0.09524 0.04233 0.02116 0.00529 0.05291 0.08466 0.02116 0.06349 0.11640 0.06878 0.02646 0.02646 0.05291 0.04762 0.06878 0.00000 0.01587 0.10053
GNM11383                       0.08466 0.01587 0.07937 0.05820 0.01058 0.01058 0.04762 0.07407 0.01587 0.10582 0.09524 0.06349 0.03704 0.02116 0.04233 0.05291 0.06349 0.00529 0.02646 0.08995
GNM11491                       0.07937 0.03704 0.05291 0.03704 0.00000 0.00000 0.06349 0.11111 0.01058 0.08995 0.07407 0.04233 0.05291 0.03704 0.04233 0.07407 0.06349 0.00000 0.03175 0.10053
GNM11804                       0.08466 0.02116 0.05291 0.03704 0.00529 0.00000 0.11111 0.10053 0.01587 0.07407 0.09524 0.07407 0.04233 0.01058 0.01587 0.06349 0.05291 0.00529 0.02116 0.11640
GNM11805                       0.07407 0.03175 0.06878 0.05820 0.00000 0.00000 0.06878 0.08466 0.01058 0.10053 0.09524 0.04233 0.01058 0.06349 0.02116 0.10582 0.04762 0.00000 0.02116 0.09524
GNM12886                       0.08995 0.04233 0.05820 0.02116 0.00000 0.02116 0.06878 0.07937 0.00529 0.07407 0.07937 0.03704 0.03175 0.02646 0.06349 0.08995 0.08466 0.00000 0.01058 0.11640
GNM12892                       0.07407 0.02646 0.06878 0.03175 0.00000 0.01587 0.04762 0.07937 0.00529 0.11111 0.10053 0.06349 0.02646 0.02646 0.05291 0.07937 0.07407 0.00000 0.01587 0.10053
GNM12895                       0.06878 0.02646 0.06349 0.03704 0.00000 0.04233 0.05820 0.06878 0.00000 0.07937 0.10053 0.06349 0.03175 0.03175 0.05291 0.06878 0.06349 0.00000 0.01587 0.12698
GNM13060                       0.08427 0.03371 0.03933 0.03371 0.00000 0.00562 0.06742 0.11236 0.00562 0.07303 0.11798 0.07865 0.03371 0.02809 0.03371 0.08427 0.05056 0.00000 0.02247 0.09551
GNM13061                       0.08995 0.06349 0.04762 0.03704 0.00529 0.01058 0.06349 0.10582 0.01587 0.06878 0.11640 0.03704 0.02116 0.03175 0.04233 0.06878 0.04233 0.00529 0.01058 0.11640
GNM13062                       0.08466 0.03704 0.05820 0.04233 0.01058 0.02116 0.05291 0.07937 0.00529 0.05820 0.11111 0.04762 0.01587 0.02116 0.04762 0.09524 0.06349 0.00000 0.02116 0.12698
GNM13064                       0.06349 0.02116 0.09524 0.03175 0.00000 0.02116 0.04233 0.07407 0.01058 0.14286 0.08466 0.06878 0.02116 0.03175 0.03704 0.10582 0.05291 0.00000 0.01587 0.07937
GNM13066                       0.06349 0.02116 0.10053 0.03175 0.00000 0.02646 0.02646 0.07937 0.01058 0.13757 0.07937 0.05820 0.01587 0.03175 0.02646 0.12169 0.06878 0.00000 0.01587 0.08466
GNM11034                       0.07937 0.06349 0.04233 0.06878 0.00529 0.01058 0.05291 0.07937 0.00000 0.02646 0.14286 0.02646 0.01587 0.04233 0.02646 0.07937 0.07407 0.00529 0.00529 0.15344
GNM11363                       0.10582 0.06349 0.06878 0.04233 0.00529 0.00000 0.05291 0.06349 0.02116 0.07937 0.09524 0.03704 0.01587 0.03175 0.03175 0.08995 0.04762 0.00000 0.01058 0.13757
GNM11375                       0.06349 0.02116 0.07937 0.05820 0.01587 0.01587 0.04762 0.07937 0.01587 0.08466 0.10582 0.05820 0.03175 0.02116 0.03704 0.07937 0.05291 0.00529 0.02646 0.10053
GNM11381                       0.07407 0.02116 0.08995 0.05820 0.01058 0.00529 0.04233 0.08995 0.01587 0.10582 0.07937 0.06878 0.04233 0.02116 0.04233 0.04762 0.06878 0.00529 0.02116 0.08995
GNM11382                       0.07407 0.02116 0.08466 0.05291 0.00529 0.01587 0.04233 0.08466 0.02646 0.09524 0.08466 0.05291 0.04762 0.02646 0.04233 0.05291 0.06878 0.00000 0.02646 0.09524
GNM11799                       0.06349 0.02116 0.11111 0.04762 0.00529 0.00529 0.06349 0.08466 0.01058 0.09524 0.11111 0.04762 0.03175 0.03704 0.05291 0.04762 0.05291 0.00000 0.01587 0.09524
GNM11931                       0.12698 0.05291 0.03175 0.08466 0.01058 0.00529 0.07407 0.12698 0.01058 0.03704 0.07937 0.00529 0.00000 0.01587 0.02646 0.06349 0.07937 0.00000 0.02646 0.14286
GNM12040                       0.12698 0.04233 0.04762 0.06878 0.00529 0.00529 0.07937 0.11111 0.01587 0.05820 0.08466 0.01058 0.01058 0.01058 0.04762 0.04233 0.08995 0.00000 0.02646 0.11640
GNM12071                       0.11640 0.04233 0.04762 0.04762 0.01058 0.01058 0.11111 0.12698 0.01058 0.04233 0.11640 0.00529 0.00000 0.01058 0.03175 0.04233 0.08995 0.00000 0.02646 0.11111
GNM12125                       0.06878 0.04233 0.07937 0.04762 0.00000 0.01587 0.07407 0.10053 0.01587 0.09524 0.10582 0.05291 0.02116 0.02116 0.03704 0.02646 0.05291 0.00000 0.02116 0.12169
GNM12126                       0.07937 0.01058 0.07407 0.05820 0.00529 0.00529 0.06878 0.08466 0.01587 0.04762 0.10582 0.07937 0.02116 0.03704 0.04233 0.03704 0.04233 0.00000 0.02646 0.15873
GNM12128                       0.05291 0.05820 0.09524 0.04233 0.00000 0.00000 0.04762 0.11640 0.01058 0.10053 0.08995 0.05291 0.02116 0.04233 0.03175 0.04233 0.03704 0.00000 0.03704 0.12169
GNM12182                       0.07368 0.03158 0.08421 0.03684 0.00000 0.01579 0.06842 0.08421 0.01053 0.11579 0.07368 0.04737 0.00526 0.05263 0.02105 0.07895 0.06842 0.00000 0.01579 0.11579
GNM12342                       0.05263 0.00526 0.06316 0.05789 0.01053 0.00526 0.09474 0.09474 0.00526 0.08421 0.14211 0.07895 0.00000 0.01579 0.03158 0.06842 0.07895 0.00000 0.01579 0.09474
GNM12346                       0.10053 0.03175 0.04233 0.04233 0.00529 0.01587 0.06878 0.10053 0.01058 0.05820 0.13228 0.04233 0.02116 0.02116 0.03704 0.04233 0.11111 0.00000 0.02116 0.09524
GNM12351                       0.07937 0.02116 0.06349 0.06878 0.00529 0.01058 0.05820 0.10053 0.01587 0.05291 0.12169 0.02646 0.02116 0.01587 0.04233 0.06878 0.05820 0.00000 0.01587 0.15344
GNM12356                       0.06316 0.01053 0.07368 0.04211 0.02632 0.00000 0.07895 0.10000 0.00526 0.11053 0.11053 0.08421 0.00526 0.03158 0.03684 0.06842 0.07368 0.00000 0.01053 0.06842
GNM12357                       0.04737 0.02632 0.06842 0.05263 0.02105 0.01579 0.08947 0.09474 0.01053 0.07895 0.12105 0.05789 0.01053 0.02105 0.02632 0.06842 0.07368 0.00526 0.01579 0.09474
GNM12366                       0.04737 0.01053 0.07895 0.03684 0.02105 0.00526 0.07895 0.10526 0.00526 0.07895 0.13684 0.07368 0.00526 0.01579 0.02632 0.07895 0.07368 0.00526 0.01579 0.10000
GNM12373                       0.07407 0.03175 0.05820 0.05291 0.01587 0.01587 0.08466 0.11640 0.00529 0.06878 0.11640 0.03175 0.02646 0.03704 0.02646 0.06349 0.05820 0.00000 0.01587 0.10053
GNM12385                       0.10582 0.03175 0.05291 0.04762 0.00529 0.01058 0.07937 0.12169 0.01058 0.07407 0.10582 0.01587 0.02116 0.04233 0.03175 0.06878 0.04233 0.00000 0.01587 0.11640
GNM12551                       0.10582 0.05291 0.05291 0.05291 0.00000 0.00000 0.10053 0.11111 0.03175 0.03175 0.07937 0.02116 0.01058 0.00529 0.03704 0.05820 0.03704 0.00529 0.01058 0.19577
GNM12554                       0.11640 0.04233 0.05820 0.03175 0.00529 0.01058 0.07407 0.14286 0.01058 0.06878 0.08995 0.01587 0.02646 0.03704 0.02646 0.03704 0.07937 0.00000 0.00529 0.12169
GNM12592                       0.08995 0.04762 0.03704 0.04233 0.01058 0.00529 0.07407 0.11640 0.01058 0.05820 0.12698 0.01587 0.01587 0.02116 0.03704 0.07937 0.05820 0.00000 0.01058 0.14286
GNM12596                       0.08556 0.04278 0.05882 0.04278 0.01070 0.01070 0.07487 0.10160 0.01070 0.06417 0.10695 0.02674 0.02139 0.04278 0.04813 0.04813 0.06417 0.00000 0.01070 0.12834
GNM12602                       0.08511 0.01596 0.05851 0.04255 0.01064 0.00532 0.09574 0.10106 0.01064 0.05319 0.12766 0.03723 0.02128 0.02128 0.04255 0.05851 0.07979 0.00000 0.02128 0.11170
GNM12665                       0.07979 0.03723 0.05851 0.03191 0.01064 0.01064 0.09574 0.10106 0.01064 0.06383 0.12234 0.02660 0.01596 0.02660 0.04787 0.05851 0.07447 0.00000 0.01064 0.11702
GNM12745                       0.08466 0.02646 0.09524 0.05820 0.01058 0.00529 0.05820 0.08995 0.01058 0.10053 0.11111 0.04233 0.01058 0.01058 0.04762 0.06349 0.04233 0.00000 0.01058 0.12169
GNM12749                       0.08995 0.04762 0.04762 0.04233 0.00529 0.01587 0.07937 0.11111 0.01587 0.06878 0.08995 0.01587 0.03704 0.02116 0.04233 0.04762 0.07937 0.00000 0.02116 0.12169
GNM12758                       0.11111 0.03175 0.07937 0.04233 0.00529 0.01587 0.09524 0.11111 0.00529 0.05820 0.11111 0.01058 0.01058 0.01587 0.03175 0.07937 0.04233 0.00000 0.00529 0.13757
GNM12763                       0.05820 0.01058 0.06349 0.05291 0.00529 0.00529 0.09524 0.08995 0.01587 0.10053 0.10053 0.06878 0.02116 0.02116 0.02646 0.07407 0.05291 0.00000 0.01058 0.12698
GNM12766                       0.06842 0.01053 0.06842 0.06316 0.03158 0.01053 0.07895 0.09474 0.00526 0.10526 0.13684 0.07368 0.00000 0.01053 0.02632 0.04737 0.06316 0.00526 0.01053 0.08947
GNM12841                       0.08995 0.03175 0.05291 0.05820 0.00000 0.00529 0.10582 0.11640 0.01058 0.03704 0.11640 0.01058 0.00000 0.02646 0.04233 0.05820 0.08995 0.00000 0.02646 0.12169
GNM12849                       0.07937 0.01587 0.08466 0.04233 0.00529 0.01587 0.06878 0.08466 0.01058 0.08466 0.08995 0.05291 0.04762 0.02116 0.03704 0.04762 0.06349 0.00529 0.04233 0.10053
GNM12869                       0.07407 0.01587 0.09524 0.04233 0.01587 0.01587 0.04762 0.08466 0.00529 0.08995 0.11111 0.05820 0.02646 0.02646 0.03704 0.06349 0.06878 0.00529 0.02646 0.08995
GNM12896                       0.06349 0.02116 0.10582 0.04233 0.01587 0.00000 0.05820 0.07937 0.02646 0.06878 0.11111 0.06878 0.03175 0.02646 0.04762 0.04762 0.06349 0.00000 0.01587 0.10582
GNM12897                       0.07407 0.02646 0.08995 0.04233 0.01587 0.01058 0.06349 0.07937 0.02646 0.07937 0.11640 0.05291 0.01587 0.02646 0.04762 0.04762 0.06349 0.00000 0.01587 0.10582
GNM12902                       0.06915 0.02660 0.11170 0.06383 0.00000 0.00000 0.06383 0.07979 0.01596 0.11170 0.09574 0.05851 0.01596 0.03723 0.00532 0.09043 0.05851 0.00532 0.02128 0.06915
GNM12903                       0.07407 0.05820 0.06878 0.05820 0.00000 0.01058 0.04762 0.07937 0.00000 0.05291 0.13228 0.04762 0.01058 0.04233 0.03704 0.04762 0.06878 0.00000 0.01058 0.15344
GNM12906                       0.07407 0.04233 0.06349 0.04762 0.00000 0.01058 0.05820 0.07937 0.00529 0.05291 0.14286 0.06349 0.01058 0.04233 0.03704 0.04762 0.07407 0.00000 0.01058 0.13757
GNM12907                       0.07937 0.03704 0.06349 0.05820 0.00000 0.00529 0.04233 0.07937 0.00000 0.02646 0.14815 0.06878 0.00529 0.04233 0.03175 0.05820 0.07937 0.00000 0.01587 0.15873
GNM12909                       0.07407 0.05291 0.07407 0.04762 0.00000 0.00529 0.05291 0.07937 0.00000 0.05820 0.12698 0.05291 0.00529 0.04233 0.03175 0.06349 0.06878 0.00000 0.01058 0.15344
GNM12915                       0.06878 0.03175 0.04762 0.03704 0.00529 0.00000 0.09524 0.08995 0.01058 0.07407 0.09524 0.06349 0.01587 0.02646 0.03704 0.04762 0.06878 0.01587 0.02646 0.14286
GNM10046                       0.05820 0.01587 0.04233 0.04233 0.00529 0.00529 0.08466 0.10053 0.01058 0.06878 0.10053 0.07937 0.01587 0.02646 0.03704 0.05820 0.05291 0.01587 0.03175 0.14815
GNM12918                       0.06349 0.03175 0.04762 0.03704 0.00529 0.00529 0.09524 0.08995 0.01058 0.07407 0.09524 0.05820 0.02116 0.02646 0.03704 0.05291 0.06349 0.01587 0.02646 0.14286
GNM12931                       0.06878 0.03704 0.10053 0.04233 0.01058 0.00000 0.07937 0.09524 0.00529 0.12698 0.10582 0.05820 0.00000 0.02646 0.03704 0.05820 0.04233 0.00000 0.01587 0.08995
GNM12938                       0.06316 0.03684 0.05263 0.05263 0.00000 0.02632 0.05263 0.07895 0.01053 0.13158 0.10000 0.07895 0.00000 0.03158 0.01579 0.05789 0.08421 0.00000 0.01579 0.11053
GNM12996                       0.03684 0.02632 0.06842 0.03684 0.00526 0.01053 0.08421 0.09474 0.00526 0.11053 0.10000 0.07895 0.00000 0.04737 0.02105 0.06842 0.08421 0.00000 0.02105 0.10000
GNM13018                       0.04737 0.02105 0.06842 0.04211 0.00526 0.01053 0.07895 0.10000 0.00526 0.11579 0.10526 0.08421 0.00000 0.04737 0.02105 0.06316 0.07895 0.00000 0.02105 0.08421
GNM13027                       0.04737 0.03684 0.06316 0.05263 0.00000 0.02632 0.06316 0.07895 0.01053 0.14737 0.08421 0.07368 0.00000 0.04737 0.02632 0.04211 0.09474 0.00000 0.02105 0.08421
GNM13046                       0.07937 0.01058 0.08466 0.05820 0.00529 0.00529 0.04762 0.08995 0.04233 0.10053 0.06878 0.05291 0.04762 0.01587 0.04762 0.04762 0.04762 0.00000 0.03175 0.11640
GNM13074                       0.06349 0.03175 0.05291 0.03704 0.00529 0.01058 0.08995 0.08466 0.01058 0.07407 0.12169 0.06349 0.01058 0.04233 0.03704 0.04762 0.05291 0.01058 0.02116 0.13228
GNM10010                       0.06878 0.03175 0.04762 0.05291 0.00529 0.00529 0.07407 0.08995 0.01058 0.06878 0.08995 0.05291 0.02116 0.04762 0.04233 0.05291 0.04762 0.01587 0.02646 0.14815
GNM10014                       0.06842 0.03684 0.04737 0.04737 0.00526 0.00000 0.08947 0.09474 0.01053 0.07368 0.11053 0.05263 0.02105 0.03158 0.03684 0.05263 0.04737 0.01579 0.02632 0.13158
GNM13090                       0.07407 0.03704 0.04233 0.04233 0.00529 0.01058 0.08995 0.08466 0.02116 0.07407 0.10053 0.05291 0.02116 0.03704 0.03704 0.04762 0.05291 0.01587 0.02116 0.13228
GNM13118                       0.08421 0.05789 0.07368 0.04737 0.01053 0.01579 0.07368 0.08947 0.01053 0.06316 0.12632 0.04211 0.01579 0.03158 0.02632 0.04737 0.04737 0.00000 0.01053 0.12632
GNM13126                       0.04819 0.03012 0.06627 0.09639 0.00000 0.01807 0.06024 0.09639 0.01205 0.10241 0.08434 0.06024 0.03012 0.03614 0.01807 0.07229 0.06024 0.00000 0.01205 0.09639
GNM13128                       0.06383 0.03191 0.05851 0.09574 0.00000 0.00532 0.05319 0.09043 0.01064 0.11702 0.06915 0.06383 0.01596 0.04255 0.01596 0.07979 0.05851 0.00532 0.02128 0.10106
GNM13208                       0.10053 0.04233 0.07937 0.04762 0.00000 0.00529 0.05291 0.08995 0.00529 0.07937 0.11640 0.05820 0.01587 0.01587 0.02646 0.05820 0.04233 0.00529 0.01587 0.14286
GNM13210                       0.03704 0.03704 0.08995 0.05820 0.01058 0.00000 0.05291 0.12169 0.01587 0.10053 0.11640 0.06349 0.00000 0.03704 0.03704 0.04233 0.05291 0.00000 0.01058 0.11640
GNM12773                       0.09524 0.00529 0.06878 0.03175 0.01587 0.01058 0.06349 0.08466 0.01058 0.11111 0.10582 0.08995 0.01058 0.01587 0.03704 0.06349 0.07407 0.00529 0.01587 0.08466
GNM12769                       0.07407 0.03704 0.04233 0.03704 0.00000 0.01587 0.07937 0.08466 0.02116 0.13757 0.08995 0.06878 0.01587 0.03704 0.03175 0.06349 0.05291 0.00000 0.02116 0.08995
GNM12768                       0.08995 0.05820 0.06349 0.04762 0.00000 0.02646 0.03704 0.10053 0.01587 0.07407 0.13228 0.02646 0.01058 0.01058 0.04762 0.06878 0.07937 0.00000 0.00529 0.10582

Homogeneity statistic: X2 = 14.83955 G = 15.26593 

Average                        0.07544 0.03116 0.07034 0.04590 0.00699 0.01079 0.06568 0.09085 0.01157 0.08224 0.10737 0.05197 0.02055 0.02831 0.03751 0.06487 0.06328 0.00214 0.01959 0.11347
(Ambiguity characters are used to calculate freqs.)


# constant sites:      3 (1.56%)

TREE #  1:  ((((((((44, 141), 127), (57, 91)), 92), 93), (((129, 130), (94, 56)), (128, 131))), ((((((121, 120), 123), 122), 140), (59, 43)), 137)), ((((((((((((((((((45, 46), ((47, 49), 23)), 48), 87), 51), 25), ((67, 22), 24)), (((((((((54, 52), 53), 50), 55), 116), (20, 7)), (((26, 38), (8, 6)), (84, 21))), ((11, 65), 115)), 71)), 132), (((85, 70), 19), 86)), (((117, 69), 118), 39)), ((((74, 5), (68, 14)), (29, 75)), (15, 64))), (76, 41)), (83, 66)), (((((40, 80), 81), 42), 16), ((36, 79), 13))), ((((1, 77), 78), (9, 2)), 37)), ((((34, 35), (3, 32)), (4, 30)), (((82, 12), 33), 31))), (((((28, 27), 142), (62, 63)), ((143, 61), 144)), ((18, 17), 60))), (((((((((((108, 106), 107), 97), 105), 96), (((104, 102), 110), 101)), ((((89, 10), 90), 114), 88)), (58, 72)), ((139, 138), (73, 119))), ((((((100, 99), 98), 113), 95), ((109, 111), 112)), 103)), ((((134, 135), 136), 133), ((126, 124), 125))));   MP score: -1
lnL(ntime:285  np:286): -26576.073080      +0.000000
 145..146 146..147 147..148 148..149 149..150 150..151 151..152 152..44  152..141 151..127 150..153 153..57  153..91  149..92  148..93  147..154 154..155 155..156 156..129 156..130 155..157 157..94  157..56  154..158 158..128 158..131 146..159 159..160 160..161 161..162 162..163 163..164 164..121 164..120 163..123 162..122 161..140 160..165 165..59  165..43  159..137 145..166 166..167 167..168 168..169 169..170 170..171 171..172 172..173 173..174 174..175 175..176 176..177 177..178 178..179 179..180 180..181 181..182 182..183 183..45  183..46  182..184 184..185 185..47  185..49  184..23  181..48  180..87  179..51  178..25  177..186 186..187 187..67  187..22  186..24  176..188 188..189 189..190 190..191 191..192 192..193 193..194 194..195 195..196 196..54  196..52  195..53  194..50  193..55  192..116 191..197 197..20  197..7   190..198 198..199 199..200 200..26  200..38  199..201 201..8   201..6   198..202 202..84  202..21  189..203 203..204 204..11  204..65  203..115 188..71  175..132 174..205 205..206 206..207 207..85  207..70  206..19  205..86  173..208 208..209 209..210 210..117 210..69  209..118 208..39  172..211 211..212 212..213 213..214 214..74  214..5   213..215 215..68  215..14  212..216 216..29  216..75  211..217 217..15  217..64  171..218 218..76  218..41  170..219 219..83  219..66  169..220 220..221 221..222 222..223 223..224 224..40  224..80  223..81  222..42  221..16  220..225 225..226 226..36  226..79  225..13  168..227 227..228 228..229 229..230 230..1   230..77  229..78  228..231 231..9   231..2   227..37  167..232 232..233 233..234 234..235 235..34  235..35  234..236 236..3   236..32  233..237 237..4   237..30  232..238 238..239 239..240 240..82  240..12  239..33  238..31  166..241 241..242 242..243 243..244 244..245 245..28  245..27  244..142 243..246 246..62  246..63  242..247 247..248 248..143 248..61  247..144 241..249 249..250 250..18  250..17  249..60  145..251 251..252 252..253 253..254 254..255 255..256 256..257 257..258 258..259 259..260 260..261 261..108 261..106 260..107 259..97  258..105 257..96  256..262 262..263 263..264 264..104 264..102 263..110 262..101 255..265 265..266 266..267 267..268 268..89  268..10  267..90  266..114 265..88  254..269 269..58  269..72  253..270 270..271 271..139 271..138 270..272 272..73  272..119 252..273 273..274 274..275 275..276 276..277 277..278 278..100 278..99  277..98  276..113 275..95  274..279 279..280 280..109 280..111 279..112 273..103 251..281 281..282 282..283 283..284 284..134 284..135 283..136 282..133 281..285 285..286 286..126 286..124 285..125
 0.154833 0.077907 0.017468 0.026325 0.081582 0.255272 0.158533 0.284766 0.205974 0.218401 0.053625 0.517815 0.370259 0.543837 0.649398 0.273840 0.032756 0.269169 0.002025 0.055424 0.035933 0.254376 0.110268 0.122564 0.169069 0.084264 0.092191 0.262795 0.077658 0.231740 0.023025 0.043443 0.079505 0.053225 0.085321 0.105483 0.161317 0.083052 0.383115 0.297744 0.440033 0.080226 0.045259 0.253694 0.061212 0.038885 0.000919 0.061222 0.264089 0.048816 0.000000 0.027183 0.095925 0.044133 0.072960 0.047643 0.042290 0.004389 0.019638 0.000000 0.000000 0.000000 0.000000 0.017580 0.010243 0.008269 0.024705 0.014150 0.060816 0.133142 0.209986 0.069488 0.000000 0.000000 0.049321 0.042630 0.159963 0.103659 0.027207 0.023634 0.009336 0.004820 0.000000 0.000000 0.006159 0.000000 0.000000 0.000000 0.004785 0.015624 0.008976 0.033233 0.016108 0.008389 0.064623 0.168893 0.041715 0.048443 0.018235 0.057056 0.081971 0.092194 0.009572 0.000000 0.077068 0.079680 0.004551 0.009509 0.057619 0.325314 0.273976 0.108073 0.027851 0.070572 0.074095 0.093929 0.139931 0.179631 0.154988 0.026061 0.041077 0.049450 0.025305 0.090448 0.043604 0.103603 0.043412 0.103087 0.144212 0.066733 0.027295 0.098608 0.010593 0.018002 0.180750 0.013983 0.000000 0.218321 0.050750 0.097974 0.293489 0.000000 0.000000 0.409455 0.000000 0.000000 0.031392 0.022090 0.180855 0.304564 0.046786 0.000000 0.000000 0.104310 0.241597 0.370893 0.343718 0.077452 0.145574 0.086411 0.114604 0.000000 0.073468 0.244011 0.315607 0.074633 0.059513 0.240412 0.386255 0.000000 0.000000 0.446449 0.118582 0.045000 0.150569 0.201313 0.000678 0.013788 0.124320 0.151154 0.156894 0.390299 0.037157 0.013477 0.119237 0.368826 0.022185 0.014422 0.019765 0.048902 0.484743 0.078085 0.000000 0.271382 0.067750 0.051424 0.112367 0.103415 0.458140 0.129625 0.034788 0.060886 0.000000 0.024256 0.488565 0.579156 0.597047 0.232823 0.600671 0.000000 0.000000 0.563012 0.061754 0.103998 0.112067 0.088031 0.078578 0.087131 0.082548 0.079573 0.189640 0.187074 0.068358 0.060759 0.076325 0.092880 0.238693 0.318375 0.378717 0.327595 0.012200 0.023822 0.228930 0.236558 0.368560 0.331060 0.318346 0.070972 0.055818 0.051497 0.162670 0.107844 0.244779 0.288950 0.213690 0.359444 0.377108 0.212880 0.524034 0.176243 0.078553 0.089536 0.155159 0.339740 0.225751 0.000105 0.050985 0.309412 0.078410 0.076797 0.168269 0.046201 0.088190 0.304151 0.057334 0.219878 0.151751 0.120324 0.325878 0.378081 0.378616 0.470172 0.418067 0.039456 0.000000 0.030081 0.093322 0.059084 0.071285 0.107366 0.053073 0.044756 0.045017 0.026504 0.050788 1.297135
