
Printing out site pattern counts


       145         70  P

GNM13746                        --AAAAAAAA AAADDDEEEE EEEEFFGGGG IIIIIKKKKK KKKLLLLLLL LLLMNNNQQQ QSSTVVVVYY 
GNM13538                        ----AAAAAA ASS-DDEEEE EEPSFMEGGG AIIVVEGKKK KKS-LLLLLL LVV-NNNAEQ TASI-AIV-- 
GNM13671                        --AAAAAAAS SAAEDDAEEE EEQTFLEGGG VIVIVEKKKK KRSLILLLLL LLVMNNNAEP PASLVAVVYY 
GNM13876                        --AAAAAAAS SAAEDDSEEE EMKEFLEGGG VISIIQRKKK KKALLLLLLL LLVMDGNAES PAQVVAISYY 
GNM13680                        --AAAAAASA SAAEDEEDEE EDNKFLEGGG AIVIVENKKK QRSLLLLLLL LVVMTSNTEA PAAVVAVVYY 
GNM14249                        --AAAAAASA SAAENDEAAE EEEKFLEGGG AIAVVESKKS KQALLLLLLM VVVMNNNADA PAAVVSVVYY 
GNM13928                        --AAAAAASS SAAENDEAAE EEEKFLEGGG AIAVVESKKT KQALLLLLLM VLVMNNNADA PAAVVSVVYY 
GNM14865                        --AAAADGAA GAGEEEEEAE EEEEFIEGGG AISVVEAEKT ERELLLLLLG IIVMNNDADG SATLVAVVYY 
GNM13455                        --AAAAAASA SAGENEEAAE EDEKFLEGGG AIAVVESKKS KQALLLLLLM IIVMNNNADA PAAVVSVVYY 
GNM14938                        --AAAAAAAS AATEDDSQEE EEPEFLEGGG VIVILERKKR KRQLLLLLLL LVVMDSNAGA QASVVAIVYY 
GNM14483                        --AAASAASA AAAEDDQEEE EEPKFLEGGG AIVVIESKKA KKSLLLLLLL LLVMNNNAEA PANVITVAYY 
GNM14872                        --AAAAAASA SAAEDEEDEE EDNKFLEGGG AIVIVESKKK QRSLLLLLLL LVVMTNNAEG PAAVVAVVYY 
GNM13855                        --AAAAA-SS SAAEDEEDED EDDKFLEGGG AIVIIESKKK QRSLLLLLLL LVVMNNNAEA PSAIVAVVYY 
GNM14445                        --AAAAAASA SAAEDGAAEE EDEQFLEGGG AITITDKKKK KRSLLLLLLL LLVMNTDAES PSSLIAVVYY 
GNM14366                        --AAASAASA AAAENEEAQE EEEKFIEGGG AIAVVENKKS MQALLLLLLM IIIMNNNADA PAAIVTVVYY 
GNM14252                        --AAAAAASA SAAENDEAAE EEEKFLEGGG AIAVVESKKS KQALLLLLLM VVVMNNNADA PAAVVSVVYY 
GNM13760                        --AAAAAASA SAAENDEAAE EEEKFLEGGG AIAVVESKKT KQALLLLLLM VLVMNNNADE PAAVVSVVYY 
GNM13982                        --AASAAASA SAAENEEAAD EEEKFMEGGG AIAVVESKKT KQALLLLLLM IVVMNNNADA PAAVVTVVYY 
GNM13960                        AAAASAAASS SAAENEEEAD EEEKFMEGGG AIAIVESKKT KKALLLLLLM IVIMTNNADA PAAVVSVVYY 
GNM14633                        --AASAAASA SAAENEEAAE EEEKFMEGGG AIAVVESKKT KQALLLLLLM IVVMNNNADA PAAVVTVVYY 
GNM14853                        --AASAAASA SAAENEEAAE EEEKFMEGGG AIAVVESKKT KQALLLLLLM IVVMNNNADA PAAVVTVVYY 
GNM14174                        --AASAAPAA GAAEDDEEAE EAEAFLDGGG AIVIVENKKT KQSMLLLLLL IVVMNNDAEA PAALVAVVNY 
GNM14055                        --AASAAASS SAAENEEEKE EEDKFMEGGG AIAVVESKKT KQALLLLLLM IIIMTNNADA PAAVVSVVYY 
GNM14748                        --AAAAAASS SAAENNEAAE EEEKFLEGGG AIAVVESKKS KQALLLLLLM VLVMNNDADA PAAVVSVVYY 
GNM14246                        --AASAALAA GSAEDDEERE ELPDFLEGGR AIIIVEHKKI KRALLLLLLL ILVMSNNTEV PAALIAVVYY 
GNM14640                        --AASAAPAA GPAEDDEKAE EPETFLEGGG AIVILEEKKT KRAMLLLLLL ILVMNNNTEA PATLIAVVYY 
GNM14965                        --AAAAASAA SASENDEDEE EEEKFLEGGG AIVIVENKKT QQTLLLLLLL LIVMTNNAEA PSAVVTVVYY 
GNM13677                        --AAAAAAAS SAAEDDSEEE EMKEFLEGGG VISIIQRKKK KKALLLLLLL LLVMDGNAEP PAQVVAISYY 
GNM14339                        --AAAAAPSA SASEDDAEEE EEQKFLEGGG AIVVVESKKA KRQLLLLLLL IIVMNNN-G- PASIIAVVYY 
GNM14593                        --AAAAAAAS SAAEDDAEEE EEPRFLEGGG VIVIVENKKK KRSLILLLLL LLVMNNNAEA PASLVAVVYY 
GNM13825                        --AAAAAAAS AAAEDDSQEE EEPEFLEGGG VIVILEKKKR KRQLLLLLLL LVVMDNNAGA PASIVAIVYY 
GNM14768                        --AAAAAAAA SAAEDDAEEE EEQSFLEGGG VIAIIEKKKK QRSLLLLLLL LVVMTNNAEA PASLIAIVYY 
GNM14776                        --AAAAAAAA SAAEDDAEEE EEQSFLEGGG VIAIIEKKKK QRSLLLLLLL LVVMTNNAEA PASLIAIVYY 
GNM14715                        --AAASAASA AAAEDDQEEE EEPKFLEGGG AIVVIESKKT KKGLLLLLLL LLVMNNNVEA PANVVTVAYY 
GNM14639                        --AAAAATAA AVSENDEEED EQESFIEGGG AIAIIQKKKA KKSLLLLLLV LVIMNNNTET PASIIAVIYY 
GNM13795                        --AAAAAASS SAAENNEAAE EEEKFLEGGG AIAVVESKKS KQALLLLLLM VLVMNNDADA PAAVVSVVYY 
GNM14166                        --AAAAAAAA SAAENEEAQE EEEKFLEGGG AIAIVENKKA KQALLLLLLM IIVMNNNADA PAAVVSVVYY 
GNM14450                        --AAASAAAA SAAEDEAAEE EEEKFLEGGG AIIVVENKKK QRGLLLLLLL LVVMNNNAEA PASVITIVYY 
GNM13515                        --AASAAASA SAAENEEEAE EEEKFMEGGG AIAVVENKKT KQALLLLLLM IVIMTNDADA PAAVVSVVYY 
GNM13745                        --AAASAASA AAAEDEEAED EEKTFLEGGG AIVIIDKKKK KKSLLLLLLM LVVMDTDTEA PSNIITVVYY 
GNM14959                        --AAAAIPSA AAAEDDAEEE EEPQFLEGGG AIVIVEKKKI QRKLLLLLLA IVVMNNNAEA AATLVAVVYY 
GNM13413                        --ASAALAAS SAAEDAEEAK EEEEFLEGGG VIVIVEKEKK KRKLIFLLLS LVVMSNDANT PAQLIAIVYY 
GNM14971                        --AASAAASS SAAENEEEAD EEEKFMEGGG AIAIVESKKT KKALLLLLLM IVIMTNNADA PSAVVSVVYY 
GNM14990                        --AASAAAFS SAAENEEEAD EEAKIMEGGR AIAIVESKKT KKALLLLLLM IVIMTNNADQ PSAVGSVVYY 
GNM15005                        -AAASAAASS SAAENEEEAD EEEKFMEGGG AIAIVESKKT KKALLLLLLM IVIMTNNADA PSAVVSVVYY 
GNM14976                        -AAASAAASS SAAENEEEAD EEEKFMDGGG AIAIVESKKT KKALLLLLLM IVIMTNNADV PSAVVSVVYY 
GNM15022                        -AAASAAASS SAAENEEEAD EEEKFMEGGG AIAIVESKKT KKALLLLLLM IVIMTNNADA PAAVVSVVYY 
GNM14995                        ----SAAASS SAA-NEEEAD EEEKFMEGGG AIAIVESKKT KKA-LLLLLM IVI-TNNADA PAAV-SVV-- 
GNM15017                        ----SAAASS SAA-NEEEQD EEDKFMEGGG AIAIVESKKT KKA-LLLLLM IVI-TNNADA PAAV-SVV-- 
GNM14999                        --AASAAASS SAAENEEEAD EEEKFMEGGG AIAIVESKKT KKALLLLLLM IVIMTNDADA PAAVVSVVYY 
GNM15018                        --AAAAAASA SAAENDEAAE EEEKFLEGGG AIAVVESKKS KQALLLLLLM VVVMNNNADA PAAVVSVVYY 
GNM15024                        --AAAAAASA SAAENDEAAE EEEKFLEGGG AIAVVESKKS KQALLLLLLM VVVMNNNADE PAAVVSVVYY 
GNM14980                        --AAAAAASA SAAENDEAAE EEEKFLEGGG AIAVVESKKS KQALLLLLLM VVVMNNNADE PAAVVSVVYY 
GNM15000                        --AAAAAASA SAAENDEAAE EEEKFLEGGG AIAVVESKKS KQALLLLLLM VVVMNNNADE PAAVVSVVYY 
GNM15027                        -PAAAAAAAA AAAENDAEEE EEPAFLEGGG AIVIVERKKK QKSLLLLLLL IVVMTNNAEA PANIIAIVYY 
GNM15019                        --AAAAAASS SAAENDEAAE EEEKFLEGGG AIAVVESKKS KQALLLLLLM VLVMNNNADA PSAVVSVVYY 
GNM11003                        --ASAAIASA SAAEDDGDEE EEDTFLEGGG VIVIVENKKK KRKLLLLLVA LLVMTNNAEQ PANLIAVVYY 
GNM11023                        --LASADAGM SAAADESEVE EEKEFAEGGG VLAIIEKKKK GKELLLIMLL LLAKDTNAEA PAQAIIVVYH 
GNM11055                        --AAAAAAAA GAAEDDEDEE EEEEFLEGGG AIAIVEAQKK KRELLLLLLI IVVMTNNAGA PAKLVAVVYY 
GNM11146                        --AAASTASA AAAEDDEDEE EEPQFLEGSG AIVIVEKKKT QKKLVLLLLL IVIMTNNQEA PSTLVAVVYY 
GNM11219                        --AAAADAAA SPVEDDQNEE ESEQFLEGGG AIVIIENKKE KRSMLLLLLL LLVLTADAEA PAALVAIVYY 
GNM11220                        --ATAAAAAS SAAEDEEEEE EEEKFLENGG ALVIIEKKKR QKSLLLLLLL LLVMNNDAEA PASLIAILCY 
GNM11222                        --AAAAAAAV GAVADESEEE EEPEFLEGGG AIAVVEKKKK QRSLLLLLLL ILVTNNNTEA PATLVAVTYH 
GNM11224                        --AAAAAVAA GAAEDEEEEE EPPEFLEGGG VIVIVEKKKT KRSMILLLLL LVVMDND-S- PTSLIAVVYY 
GNM11225                        --AAAAAAAA GAAEDDEEEE EPPEFLEGGG AIAIVEKKKT RRSMLLLLLL IIVMDNDEEA PATLVAVVYY 
GNM11358                        --AAAAAPSS SAAEDEEDED EEDKFLEGGG AIVVVENKKK QRSLLLLLLL LVVMNNNAEQ SSAIVTVVYY 
GNM11360                        --AAAAAASA SAGENEEAAE EDEKFLEGGG AIAVVESKKS KQALLLLLLM IIVMNNNADA PAAVVSVVYY 
GNM11362                        --AAASAAAA STAEDDADEE EDKKFLEGGG AIVIVENKKK QKALLLLLLM LIVMDSNAEE PASVVAIVYY 
GNM11367                        --AASAAASA SAAENEEAAD EEEKFMEGGG AIAVVESKKT KQALLLLLLM IVVMNNNADA PAAVVTVVYY 
GNM11377                        --AAAAAASA SAAEDEEDEE EDNKFLEGGG AIVIVESKKK QRSLLLLLLL LVVMTNNAEG PAAVVAVVYY 
GNM11380                        --AAAAAAAA SAAENEEAQE EEEKFLEGGG AIAIVENKKA KQALLLLLLM IIVMNNNADA PAAVVSVVYY 
GNM11383                        --AAASAASA AAAESEEAAE EDEKFIEGGG AIAVVESKKS KQALLLLLLM IIVMNNNAD- PAAIVAVVYY 
GNM11491                        --AAAAAASS SAAENDEEQE EEEKFLAGGG AIAVVESKKT KQALLLLLLM VLVMSNDEDA PAAVVSVVYY 
GNM11804                        --AAATVAAA GAAENDEEEE EEEEFLEGGG AIAIVEASKK KRELLLLLLL IVVMNNNAGA PAKLVAIVYY 
GNM11805                        --GASEAASS SAAEDEAEDE EDETFLSGGG VIAILDKKKK KRKLMLLLLM LLVMDNNANK PDNLIAVLYY 
GNM12883                        --AAAAAASA SAAEDEEDEE EEGKFLEGGG AIVIVENKKK QRSLLLLLLL LVVMTGNAEG PAAVVAVVYY 
GNM12892                        --AAAAASAA SASENDEDEE EEEKFLEGGG AIVIVENKKT QQTLLLLLLL LIVMTNNAEA PSAVVTVVYY 
GNM12895                        --AAASAAAA SAAEDEAAEE EEEKFLEGGG AIIVVENKKK QRGLLLLLLL LVVMNNNAEA PASVITIVYY 
GNM13060                        --AAAAAAAA AAADDDEEEE EEEEFFGGGG VIIIIGKKKK KKKLLLLLLL LLLMNNNQQQ TSSSVVVVYY 
GNM13061                        --AAAASAAA AAADDDEDEE EDEEFFGGGG VIVIVKKKKK KKKLLLLLLL LILMSNNAQQ PSSAVVVVYY 
GNM13062                        --AAASAASA AAAEDDQEEE ETPKFLEGGG AIVVIESKKA KKSLLLLLLL LLVMNNNAEA PANVVTVAYY 
GNM13064                        --AAASAASA AAAEDEEDED EEKTFLEGGG AIVIVEKKKK QKSLLLLLLM LVVMDTDAEA PSNIITVVYY 
GNM13066                        --AAASAASA AAAEDEEDED EEKTFLEGGG AIVIVEKKKK QKSLLLLLLM LVVMDTNAEA PSNIITVVYY 
GNM11032                        --AAAAAAAA SAAEDDAQEE EEEKFLEGGG VIVIVESKKS KRQLLLLLLL LIVMTNNAGP PATIVAVVYF 
GNM11034                        --AAAAAAAS AATEDDSQEE EEPEFLEGGG VIVVLERKKR KRQLLLLLLL LVVMDNNAGA QASIVAIVYY 
GNM11363                        --AAASAAAA STAEDDADEE EDKKFLEGGG AIVIVENKKK QKALLLLLLM LIVMDSNAEE PASVVAIVYY 
GNM11375                        --AAAAAASA SAAENDEAAE EDEKFLEGGG AIAVVESKKT KQALLLLLLM VLVMNNNADE PAAVVSVVYY 
GNM11381                        --AAASAASA AAAESEEAQE EDEKFIEGGG AIAIVESKKS KQALLLLLLM IVVMNNNADA PAAIVAVVYY 
GNM11382                        --AAASAASA AAAENEEAQE EDEKFIEGGG AIAIVESKKT KQALLLLLLM IIIMNNNADA PAAIVTVVYY 
GNM11799                        --AASAAASS SAAENEEEKD EEEKFMEGGG AIAIVESKKT KKALLLLLLM IVIMTNNTDA PAAVVSVVYY 
GNM11841                        --AAAASGEA GAGEEEEDAE EEEDFIEGGG AISIVDDDKT ERELLLLLLG VLVMNNDADA AAQLVAVVYY 
GNM11931                        --AAAASADA GAAEEEEDPE EEEEFIEGGG AISLAEGEKT ERELLLLLLG VIVMTNDGDS SAELVAVVYY 
GNM12040                        --AAAASGNA GAAEEEEDAE EDSEFTEGGG AISIVDEDKT ERELLLLLLG IVVMTADADA GATLIAVVYY 
GNM12071                        --AAAAGAEA GAAEEEEDDE EEEEFIDGGG AISIVDGEKT ERELLLLLLG IVVMNNDGDS GATLVAVVYY 
GNM12125                        --ASAALASA EAAEDDAEQE EEEEFVEGGG VIAIVEKKKK KRKLLLLLVA ILIMNNNANP PASLIAIVYY 
GNM12126                        --AAAALAAA GAAEDEADEE EEEEFLEGGG AITIVEKKKK KRSLLLLLLS IVVMTANAEA PASLIAVVYY 
GNM12128                        --AVAALAAA SAVEDDEDED EDDEFLEGGG VIIILERKKR RRKLVLLLLA LLVMSNNAET PASLVAIVYY 
GNM12182                        --ASAAIASA SAAEDDGDEE EEESFLEGGG VIVIVDSKKK KRKLLLLLVA LVVMTANAEA PANLIAVVYY 
GNM12342                        --AAGAAAAA AAAEDEADAE EDESFLTGGG AIAIVDAAKK KRELLLLLLV IIVMTADAGA PANLIAVVYY 
GNM12346                        --AAAAGPAA GAAENDEASE EEAKFLAGGG AIAVVESSKS KRELLLLLLM IVVMDGNAGA PAKLVAVVYY 
GNM12351                        --AAAAGAAA GAAENEAESE EEDSFLEGGG AISIAEAAKS KRELLLLLLM MVVMTSDVDA PATLIAVVYY 
GNM12356                        --AAAAAAAA GAAEVEADAE EDESFLEGGM AIAIVSASKS KRDLLLLLLA IVIMTADAGA PAKLIAVVYY 
GNM12357                        --AAAAAAAA GAAENAADAE EEEVFLAGGG AIAIVGAEKK KRELLLLLLA IVIMTADAGA PAKLIGVVYY 
GNM12366                        --AAAAAAAA GAAENAAEAE EDEVFLAGGM AIAVVTAAKK KRELLLLLLA IVVMTADVGA PAKLIGVVYY 
GNM12373                        --AAAAAAAA GAAEDEAENE EDTSFLEGGG AISVVEASKK KRDLLLVLLM IVVMDSDAGA PAKLIAVIYY 
GNM12385                        --AAAAGAAA GAAEQEAESE EDDNFLEGGG AIAVVEASKT KRELLLLLLM IVVMTNNADA PAKLIAVVYY 
GNM12551                        --AAAAAAAA GAAEDDADEE EDEEFLEGGG AIAILEKEKR QRELLLLLTA ILVMNNDAEA PAELIAVVYY 
GNM12554                        --AAAAGAAA GAAEDEANSE EEKTFLEGGG AISVIEASKK KRDLLLLLLM IVVMDGNAGA PAKLIAVIYY 
GNM12592                        --AAASGAAA GAAEDDEDSK DEEEFLEGGG IIVVIEKSKK KRELLLLLLI LIVMSGDAGA PAQLIAVVYY 
GNM12596                        --AAAAGAAA GAAENEAEDD EEAQFLEGGG AIAIAEAAKT KRELLLLLLM IIVMTADAGA PAKLIAVVYY 
GNM12602                        --AAAAGAAA GAAENEADDE EETQFLEGGG AISIVEAAKT KRELLLLLLM IIVMTADEGG PAKLIAVVYY 
GNM12665                        --AAAAGAAA GAAENEAEDE EEAQFLEGGG AIAIAEAAKT KRELLLLLLM IIVMTADAGA PAKLIAVVYY 
GNM12745                        --AASAAAAA GAAEDEAEAE EDDSFLEGGG AIAIVEAAKT KRELLLLLLA IVVMNNDADA PATLVAVIYY 
GNM12749                        --AASAGAAA GAAENEASSD EEESFLEGGG AISIVEASKQ KRDLLLLLLM IVVMNSDVGA PAKLVAVVYY 
GNM12758                        --AAAAAAAA GTAEDEAEEE EDEEFLEGGG AIAIVESEKK KREMLLLLLA MVVMNNDADA PATLIAVIYY 
GNM12763                        --AAAAA-AA GAAEDDAEEE EEEEFLEGGG AIAIVEKEKK KREMLLLLLA IVVMNNDAEG PAKLIAVVYY 
GNM12766                        --AAAAAAAA AAAEDDADAE EEESFLAGGG AIAIVTAEKK KRELLLLLLA IVVMTANAGA PANLVAVVYY 
GNM12841                        --AAAAGGEA GAGEEEEDDE EEEDFIEGGG AVSLVDDEKT ERELLLLLLG ILVMNNDADA AATLVAVVYY 
GNM12849                        --AAAAAASA SAAENEEAAE EDEKFLEGGG AIAVVESKKS KQALLLLLLM IIVMNNNADA PAAVVSVVYY 
GNM12869                        --AAAAAASA SAAENDEAAE EEEKFLEGGG AIAVVESKKS KQALLLLLLM VVVMNNNADA PAAVVSVVYY 
GNM12896                        --AAAAAAAA SAAENEEAQE EEEKFLEGGG AIAIVENKKA KQALLLLLLM IIVMNNNADA PAAVVSVVYY 
GNM12897                        --AAAAAAAA SAAENEEAQE EEEKFLEGGG AIAIVENKKA KQALLLLLLM IIVMNNNADA PAAIVSVVYY 
GNM12902                        --GASEAPSS SAAEDEQNDD EEEEFLAGGG VIAILEKKKK KRKLMLLLLM LLIMDNNANK PDNLIAIVYY 
GNM12903                        --GAAAIAST AAAEDEGEEE EEEQFLEGS- AIVIIERKKA QRKLLLLLLA ILVMNNNAEA PASLIAVVYY 
GNM12906                        --GAAAIAST AAAEDEGEEE EEEQFLEGS- AIVIIEKKKA QRKLLLLLLA ILVMNNNAEA PASLIAVVYY 
GNM12907                        --GAAAIAST AAAEDDGEEE EEEQFLEGS- AIVIIEKKKA QRKLLLLLLA ILVMNNNAEP AASLIAVVYY 
GNM12909                        --GAAAIVST AAAEDEGEEE EEEQFLEGS- AIVIIEKKKT QRKLLLLLLA ILVMNNNAEA TASLIAIVYY 
GNM12915                        --AAAAAAAA SAAEDDADEE EEEQFLEGGG VIAIIEAEKK KRELLLLLLL ILVMNNNAGA PAKLVAVVYY 
GNM10046                        --AAAAAAAA SAAEDDAEEE EEEQFLEGGG VIAIIEAEKK KRELLLLLLL ILVMNNNAGA PAKLVAVVYY 
GNM12918                        --AAAAAAAA SAAEEDAEEE EEEQFLEGGG VIAIIEAEKK KRELLLLLLL ILVMNNNAGA PAKLVAVVYY 
GNM12938                        --ASAAIASA SAAEDDGEEE EEESFLEGGG IIVILENKKK KRKLLLLLVG LIVMSNNAEG PATLIAVAYY 
GNM12996                        --ASAAIASA AAQEDDSDEE EEETFLEGGG VIVILENKKK KRKLLLLLVA LLIMNTNQEA PANLIAVVYY 
GNM13018                        --ASAAIASA AAQEDDSDEE EEETFLEGGG VIVILENKKK KRKLLLLLVA LLVMSANQEA PANLIAVVYY 
GNM13027                        --ASAAIASA AAAEDDGEEE EEETFLEGGG VIVILENKKK KRKLLLLLVG LLVMNNNAEA PANLIAVVYY 
GNM13046                        --AASAAAAA SAAENEEDQE EQDKFMEGGG AIAIVENKKS KQALLLLLLM IILMNNNADA PAAVVSVVYY 
GNM13074                        --AAAAAAAA GAAEDDAEEE EEEEFLEGGG VIAIIEAEKK KRELLLLLLL ILVMTNNAGA PAKLVAVVYY 
GNM10010                        --AAAAAVAA GAAEDDAEEE EEEEFLEGGG VIAIIEKEKK KRELLLLLLL ILVMNNNAGA VAKLVAVVYY 
GNM10014                        --AAAAAVAA GAAEDDAEEE EEEEFLEGGG VIAIIEAEKK KRELLLLLLL ILVMTNNAGA VAKLVAVVYY 
GNM13090                        --AAAAAVAA GAAEDDAEEE EEEEFLEGGG VIAIIEAEKK KRELLLLLLL ILVMTNNAGA VAKLVAVVYY 
GNM13118                        --ASAAVPSA AAAEDEEETE EDEEFLEGGG AIVIVERKKK KRKLLLLLLE LVIMSNNAET PATLVAVVYY 
GNM13126                        --GAGSAPAT SAAEDDSEEE EEEEFLEGGG VIAVLEKKKK KRKLLLLLLM LLVMDKNADA PDNLVVVVYY 
GNM13128                        --GAGSA-AT SAAEDDSEEE EEEEFLEGGG VIAVLEKKKK KRKLLLLLLM LLVMDKNADA PDNLVVVVYY 
GNM13208                        --AAAAIAAT AAGEDDGEEE EEEQFLEGS- AIVIIEKKKT QRKLLLLLLA VLVMSNNPEA AASLVAVVYY 
GNM13210                        --ASAALAAS SAAEDAEEAK EDEEFLEGGG VIVLVEREKK KRKLLLLLLA LIVMSNDANQ PAQLIAIVYY 
GNM12773                        --AASAASAA GAAEDDEEAE EAETFLDGGG AIVIVENKKS KRSMLLLLLL IVIMSNDEET PASLVAVVYY 



    1    1    1    1    1    1    1    1    1    1    1    1    1    1    1
    1    1    1    1    1    1    1    1    1    1    1    1    1    1    1
    1    1    1    1    1    1    1    1    1    1    1    1    1    1    1
    1    1    1    1    1    1    1    1    1    1    1    1    1    1    1
    1    1    1    1    1    1    1    1    1    1

AAML (in paml version 4.9h, March 2018)  tmp0035.txt
Model: Empirical,  (../wag.dat) dGamma (ncatG=4) ns = 145  ls =  70


Frequencies..
                                    A      R      N      D      C      Q      E      G      H      I      L      K      M      F      P      S      T      W      Y      V
GNM13746                       0.16176 0.00000 0.04412 0.04412 0.00000 0.05882 0.11765 0.05882 0.00000 0.07353 0.14706 0.11765 0.01471 0.02941 0.00000 0.02941 0.01471 0.00000 0.02941 0.05882
GNM13538                       0.18333 0.00000 0.05000 0.03333 0.00000 0.01667 0.15000 0.06667 0.00000 0.06667 0.11667 0.08333 0.01667 0.01667 0.01667 0.08333 0.01667 0.00000 0.00000 0.08333
GNM13671                       0.19118 0.01471 0.04412 0.02941 0.00000 0.01471 0.13235 0.04412 0.00000 0.04412 0.14706 0.07353 0.01471 0.01471 0.02941 0.05882 0.01471 0.00000 0.02941 0.10294
GNM13876                       0.19118 0.01471 0.01471 0.04412 0.00000 0.02941 0.11765 0.05882 0.00000 0.05882 0.14706 0.08824 0.02941 0.01471 0.01471 0.08824 0.00000 0.00000 0.02941 0.05882
GNM13680                       0.20588 0.01471 0.04412 0.04412 0.00000 0.01471 0.13235 0.04412 0.00000 0.02941 0.13235 0.05882 0.01471 0.01471 0.01471 0.05882 0.02941 0.00000 0.02941 0.11765
GNM14249                       0.26471 0.00000 0.05882 0.02941 0.00000 0.01471 0.11765 0.04412 0.00000 0.01471 0.10294 0.05882 0.02941 0.01471 0.01471 0.07353 0.00000 0.00000 0.02941 0.13235
GNM13928                       0.25000 0.00000 0.05882 0.02941 0.00000 0.01471 0.11765 0.04412 0.00000 0.01471 0.11765 0.05882 0.02941 0.01471 0.01471 0.07353 0.01471 0.00000 0.02941 0.11765
GNM14865                       0.19118 0.01471 0.02941 0.04412 0.00000 0.00000 0.22059 0.11765 0.00000 0.05882 0.10294 0.01471 0.01471 0.01471 0.00000 0.02941 0.02941 0.00000 0.02941 0.08824
GNM13455                       0.25000 0.00000 0.05882 0.02941 0.00000 0.01471 0.11765 0.05882 0.00000 0.04412 0.10294 0.05882 0.02941 0.01471 0.01471 0.07353 0.00000 0.00000 0.02941 0.10294
GNM14938                       0.19118 0.04412 0.01471 0.04412 0.00000 0.04412 0.11765 0.05882 0.00000 0.04412 0.14706 0.04412 0.01471 0.01471 0.01471 0.05882 0.01471 0.00000 0.02941 0.10294
GNM14483                       0.22059 0.00000 0.05882 0.02941 0.00000 0.01471 0.13235 0.04412 0.00000 0.04412 0.14706 0.07353 0.01471 0.01471 0.02941 0.05882 0.01471 0.00000 0.02941 0.07353
GNM14872                       0.20588 0.01471 0.04412 0.04412 0.00000 0.01471 0.13235 0.05882 0.00000 0.02941 0.13235 0.05882 0.01471 0.01471 0.01471 0.05882 0.01471 0.00000 0.02941 0.11765
GNM13855                       0.17910 0.01493 0.04478 0.07463 0.00000 0.01493 0.11940 0.04478 0.00000 0.05970 0.13433 0.05970 0.01493 0.01493 0.01493 0.08955 0.00000 0.00000 0.02985 0.08955
GNM14445                       0.20588 0.01471 0.01471 0.05882 0.00000 0.01471 0.10294 0.05882 0.00000 0.04412 0.16176 0.07353 0.01471 0.01471 0.01471 0.08824 0.04412 0.00000 0.02941 0.04412
GNM14366                       0.25000 0.00000 0.07353 0.01471 0.00000 0.02941 0.13235 0.04412 0.00000 0.08824 0.08824 0.04412 0.04412 0.01471 0.01471 0.04412 0.01471 0.00000 0.02941 0.07353
GNM14252                       0.26471 0.00000 0.05882 0.02941 0.00000 0.01471 0.11765 0.04412 0.00000 0.01471 0.10294 0.05882 0.02941 0.01471 0.01471 0.07353 0.00000 0.00000 0.02941 0.13235
GNM13760                       0.25000 0.00000 0.05882 0.02941 0.00000 0.01471 0.13235 0.04412 0.00000 0.01471 0.11765 0.05882 0.02941 0.01471 0.01471 0.05882 0.01471 0.00000 0.02941 0.11765
GNM13982                       0.25000 0.00000 0.05882 0.02941 0.00000 0.01471 0.11765 0.04412 0.00000 0.02941 0.08824 0.05882 0.04412 0.01471 0.01471 0.05882 0.02941 0.00000 0.02941 0.11765
GNM13960                       0.24286 0.00000 0.04286 0.02857 0.00000 0.00000 0.12857 0.04286 0.00000 0.05714 0.08571 0.07143 0.04286 0.01429 0.01429 0.08571 0.02857 0.00000 0.02857 0.08571
GNM14633                       0.25000 0.00000 0.05882 0.01471 0.00000 0.01471 0.13235 0.04412 0.00000 0.02941 0.08824 0.05882 0.04412 0.01471 0.01471 0.05882 0.02941 0.00000 0.02941 0.11765
GNM14853                       0.25000 0.00000 0.05882 0.01471 0.00000 0.01471 0.13235 0.04412 0.00000 0.02941 0.08824 0.05882 0.04412 0.01471 0.01471 0.05882 0.02941 0.00000 0.02941 0.11765
GNM14174                       0.25000 0.00000 0.05882 0.05882 0.00000 0.01471 0.11765 0.05882 0.00000 0.04412 0.11765 0.04412 0.02941 0.01471 0.02941 0.02941 0.01471 0.00000 0.01471 0.10294
GNM14055                       0.20588 0.00000 0.04412 0.02941 0.00000 0.01471 0.13235 0.04412 0.00000 0.05882 0.08824 0.07353 0.04412 0.01471 0.01471 0.08824 0.02941 0.00000 0.02941 0.08824
GNM14748                       0.25000 0.00000 0.05882 0.02941 0.00000 0.01471 0.11765 0.04412 0.00000 0.01471 0.11765 0.05882 0.02941 0.01471 0.01471 0.08824 0.00000 0.00000 0.02941 0.11765
GNM14246                       0.17647 0.04412 0.02941 0.04412 0.00000 0.00000 0.11765 0.04412 0.01471 0.08824 0.17647 0.04412 0.01471 0.01471 0.02941 0.04412 0.01471 0.00000 0.02941 0.07353
GNM14640                       0.19118 0.01471 0.04412 0.02941 0.00000 0.00000 0.13235 0.05882 0.00000 0.05882 0.14706 0.05882 0.02941 0.01471 0.05882 0.01471 0.05882 0.00000 0.02941 0.05882
GNM14965                       0.17647 0.00000 0.05882 0.02941 0.00000 0.02941 0.14706 0.04412 0.00000 0.04412 0.13235 0.04412 0.01471 0.01471 0.01471 0.05882 0.05882 0.00000 0.02941 0.10294
GNM13677                       0.19118 0.01471 0.01471 0.04412 0.00000 0.02941 0.11765 0.05882 0.00000 0.05882 0.14706 0.08824 0.02941 0.01471 0.02941 0.07353 0.00000 0.00000 0.02941 0.05882
GNM14339                       0.18182 0.01515 0.04545 0.03030 0.00000 0.03030 0.12121 0.06061 0.00000 0.07576 0.12121 0.06061 0.01515 0.01515 0.03030 0.07576 0.00000 0.00000 0.03030 0.09091
GNM14593                       0.20588 0.02941 0.05882 0.02941 0.00000 0.00000 0.13235 0.04412 0.00000 0.04412 0.14706 0.05882 0.01471 0.01471 0.02941 0.05882 0.00000 0.00000 0.02941 0.10294
GNM13825                       0.20588 0.02941 0.02941 0.04412 0.00000 0.02941 0.11765 0.05882 0.00000 0.05882 0.14706 0.05882 0.01471 0.01471 0.02941 0.04412 0.00000 0.00000 0.02941 0.08824
GNM14768                       0.23529 0.01471 0.02941 0.02941 0.00000 0.02941 0.13235 0.04412 0.00000 0.07353 0.14706 0.05882 0.01471 0.01471 0.01471 0.05882 0.01471 0.00000 0.02941 0.05882
GNM14776                       0.23529 0.01471 0.02941 0.02941 0.00000 0.02941 0.13235 0.04412 0.00000 0.07353 0.14706 0.05882 0.01471 0.01471 0.01471 0.05882 0.01471 0.00000 0.02941 0.05882
GNM14715                       0.19118 0.00000 0.05882 0.02941 0.00000 0.01471 0.13235 0.05882 0.00000 0.02941 0.14706 0.07353 0.01471 0.01471 0.02941 0.04412 0.02941 0.00000 0.02941 0.10294
GNM14639                       0.19118 0.00000 0.05882 0.02941 0.00000 0.02941 0.11765 0.04412 0.00000 0.11765 0.10294 0.07353 0.01471 0.01471 0.01471 0.05882 0.04412 0.00000 0.02941 0.05882
GNM13795                       0.25000 0.00000 0.05882 0.02941 0.00000 0.01471 0.11765 0.04412 0.00000 0.01471 0.11765 0.05882 0.02941 0.01471 0.01471 0.08824 0.00000 0.00000 0.02941 0.11765
GNM14166                       0.27941 0.00000 0.07353 0.01471 0.00000 0.02941 0.13235 0.04412 0.00000 0.05882 0.10294 0.05882 0.02941 0.01471 0.01471 0.02941 0.00000 0.00000 0.02941 0.08824
GNM14450                       0.22059 0.01471 0.05882 0.01471 0.00000 0.01471 0.14706 0.05882 0.00000 0.05882 0.13235 0.05882 0.01471 0.01471 0.01471 0.04412 0.01471 0.00000 0.02941 0.08824
GNM13515                       0.23529 0.00000 0.04412 0.02941 0.00000 0.01471 0.14706 0.04412 0.00000 0.04412 0.08824 0.05882 0.04412 0.01471 0.01471 0.05882 0.02941 0.00000 0.02941 0.10294
GNM13745                       0.17647 0.00000 0.01471 0.07353 0.00000 0.00000 0.11765 0.04412 0.00000 0.07353 0.11765 0.10294 0.02941 0.01471 0.01471 0.05882 0.05882 0.00000 0.02941 0.07353
GNM14959                       0.23529 0.01471 0.04412 0.02941 0.00000 0.02941 0.13235 0.04412 0.00000 0.07353 0.11765 0.05882 0.01471 0.01471 0.02941 0.01471 0.01471 0.00000 0.02941 0.10294
GNM13413                       0.17647 0.01471 0.02941 0.02941 0.00000 0.01471 0.14706 0.04412 0.00000 0.07353 0.11765 0.08824 0.01471 0.02941 0.01471 0.07353 0.01471 0.00000 0.02941 0.08824
GNM14971                       0.20588 0.00000 0.04412 0.02941 0.00000 0.00000 0.13235 0.04412 0.00000 0.05882 0.08824 0.07353 0.04412 0.01471 0.01471 0.10294 0.02941 0.00000 0.02941 0.08824
GNM14990                       0.20588 0.01471 0.04412 0.02941 0.00000 0.01471 0.11765 0.04412 0.00000 0.07353 0.08824 0.07353 0.04412 0.01471 0.01471 0.08824 0.02941 0.00000 0.02941 0.07353
GNM15005                       0.21739 0.00000 0.04348 0.02899 0.00000 0.00000 0.13043 0.04348 0.00000 0.05797 0.08696 0.07246 0.04348 0.01449 0.01449 0.10145 0.02899 0.00000 0.02899 0.08696
GNM14976                       0.20290 0.00000 0.04348 0.04348 0.00000 0.00000 0.11594 0.04348 0.00000 0.05797 0.08696 0.07246 0.04348 0.01449 0.01449 0.10145 0.02899 0.00000 0.02899 0.10145
GNM15022                       0.23188 0.00000 0.04348 0.02899 0.00000 0.00000 0.13043 0.04348 0.00000 0.05797 0.08696 0.07246 0.04348 0.01449 0.01449 0.08696 0.02899 0.00000 0.02899 0.08696
GNM14995                       0.21667 0.00000 0.05000 0.03333 0.00000 0.00000 0.13333 0.05000 0.00000 0.06667 0.08333 0.08333 0.03333 0.01667 0.01667 0.10000 0.03333 0.00000 0.00000 0.08333
GNM15017                       0.20000 0.00000 0.05000 0.05000 0.00000 0.01667 0.11667 0.05000 0.00000 0.06667 0.08333 0.08333 0.03333 0.01667 0.01667 0.10000 0.03333 0.00000 0.00000 0.08333
GNM14999                       0.22059 0.00000 0.02941 0.04412 0.00000 0.00000 0.13235 0.04412 0.00000 0.05882 0.08824 0.07353 0.04412 0.01471 0.01471 0.08824 0.02941 0.00000 0.02941 0.08824
GNM15018                       0.26471 0.00000 0.05882 0.02941 0.00000 0.01471 0.11765 0.04412 0.00000 0.01471 0.10294 0.05882 0.02941 0.01471 0.01471 0.07353 0.00000 0.00000 0.02941 0.13235
GNM15024                       0.25000 0.00000 0.05882 0.02941 0.00000 0.01471 0.13235 0.04412 0.00000 0.01471 0.10294 0.05882 0.02941 0.01471 0.01471 0.07353 0.00000 0.00000 0.02941 0.13235
GNM14980                       0.25000 0.00000 0.05882 0.02941 0.00000 0.01471 0.13235 0.04412 0.00000 0.01471 0.10294 0.05882 0.02941 0.01471 0.01471 0.07353 0.00000 0.00000 0.02941 0.13235
GNM15000                       0.25000 0.00000 0.05882 0.02941 0.00000 0.01471 0.13235 0.04412 0.00000 0.01471 0.10294 0.05882 0.02941 0.01471 0.01471 0.07353 0.00000 0.00000 0.02941 0.13235
GNM15027                       0.26087 0.01449 0.05797 0.01449 0.00000 0.01449 0.13043 0.04348 0.00000 0.08696 0.11594 0.05797 0.01449 0.01449 0.04348 0.01449 0.01449 0.00000 0.02899 0.07246
GNM15019                       0.23529 0.00000 0.05882 0.02941 0.00000 0.01471 0.11765 0.04412 0.00000 0.01471 0.11765 0.05882 0.02941 0.01471 0.01471 0.10294 0.00000 0.00000 0.02941 0.11765
GNM11003                       0.16176 0.01471 0.05882 0.05882 0.00000 0.01471 0.11765 0.05882 0.00000 0.05882 0.13235 0.07353 0.01471 0.01471 0.01471 0.04412 0.02941 0.00000 0.02941 0.10294
GNM11023                       0.19118 0.00000 0.01471 0.04412 0.00000 0.01471 0.14706 0.07353 0.01471 0.07353 0.13235 0.10294 0.02941 0.01471 0.01471 0.04412 0.01471 0.00000 0.01471 0.05882
GNM11055                       0.25000 0.01471 0.02941 0.04412 0.00000 0.01471 0.16176 0.07353 0.00000 0.05882 0.11765 0.05882 0.01471 0.01471 0.01471 0.00000 0.01471 0.00000 0.02941 0.08824
GNM11146                       0.16176 0.00000 0.02941 0.04412 0.00000 0.04412 0.13235 0.02941 0.00000 0.05882 0.11765 0.07353 0.01471 0.01471 0.02941 0.05882 0.05882 0.00000 0.02941 0.10294
GNM11219                       0.20588 0.01471 0.02941 0.05882 0.00000 0.02941 0.13235 0.04412 0.00000 0.05882 0.16176 0.04412 0.01471 0.01471 0.02941 0.04412 0.01471 0.00000 0.02941 0.07353
GNM11220                       0.19118 0.01471 0.04412 0.02941 0.01471 0.01471 0.17647 0.02941 0.00000 0.05882 0.19118 0.07353 0.01471 0.01471 0.01471 0.05882 0.01471 0.00000 0.01471 0.02941
GNM11222                       0.20588 0.01471 0.04412 0.01471 0.00000 0.01471 0.14706 0.05882 0.01471 0.02941 0.14706 0.05882 0.00000 0.01471 0.02941 0.02941 0.05882 0.00000 0.01471 0.10294
GNM11224                       0.15152 0.01515 0.01515 0.04545 0.00000 0.00000 0.15152 0.06061 0.00000 0.06061 0.12121 0.06061 0.03030 0.01515 0.04545 0.04545 0.03030 0.00000 0.03030 0.12121
GNM11225                       0.22059 0.02941 0.01471 0.05882 0.00000 0.00000 0.16176 0.05882 0.00000 0.05882 0.11765 0.04412 0.02941 0.01471 0.04412 0.01471 0.02941 0.00000 0.02941 0.07353
GNM11358                       0.14706 0.01471 0.05882 0.05882 0.00000 0.02941 0.13235 0.04412 0.00000 0.02941 0.13235 0.05882 0.01471 0.01471 0.01471 0.08824 0.01471 0.00000 0.02941 0.11765
GNM11360                       0.25000 0.00000 0.05882 0.02941 0.00000 0.01471 0.11765 0.05882 0.00000 0.04412 0.10294 0.05882 0.02941 0.01471 0.01471 0.07353 0.00000 0.00000 0.02941 0.10294
GNM11362                       0.20588 0.00000 0.02941 0.07353 0.00000 0.01471 0.11765 0.04412 0.00000 0.05882 0.11765 0.08824 0.02941 0.01471 0.01471 0.05882 0.01471 0.00000 0.02941 0.08824
GNM11367                       0.25000 0.00000 0.05882 0.02941 0.00000 0.01471 0.11765 0.04412 0.00000 0.02941 0.08824 0.05882 0.04412 0.01471 0.01471 0.05882 0.02941 0.00000 0.02941 0.11765
GNM11377                       0.20588 0.01471 0.04412 0.04412 0.00000 0.01471 0.13235 0.05882 0.00000 0.02941 0.13235 0.05882 0.01471 0.01471 0.01471 0.05882 0.01471 0.00000 0.02941 0.11765
GNM11380                       0.27941 0.00000 0.07353 0.01471 0.00000 0.02941 0.13235 0.04412 0.00000 0.05882 0.10294 0.05882 0.02941 0.01471 0.01471 0.02941 0.00000 0.00000 0.02941 0.08824
GNM11383                       0.26866 0.00000 0.04478 0.02985 0.00000 0.01493 0.11940 0.04478 0.00000 0.07463 0.08955 0.05970 0.02985 0.01493 0.01493 0.07463 0.00000 0.00000 0.02985 0.08955
GNM11491                       0.22059 0.00000 0.02941 0.04412 0.00000 0.02941 0.13235 0.04412 0.00000 0.01471 0.11765 0.05882 0.02941 0.01471 0.01471 0.08824 0.01471 0.00000 0.02941 0.11765
GNM11804                       0.22059 0.01471 0.05882 0.01471 0.00000 0.00000 0.17647 0.07353 0.00000 0.05882 0.13235 0.05882 0.01471 0.01471 0.01471 0.01471 0.01471 0.00000 0.02941 0.08824
GNM11805                       0.13235 0.01471 0.05882 0.08824 0.00000 0.00000 0.10294 0.05882 0.00000 0.04412 0.16176 0.10294 0.04412 0.01471 0.01471 0.07353 0.01471 0.00000 0.02941 0.04412
GNM12883                       0.20588 0.01471 0.02941 0.02941 0.00000 0.01471 0.14706 0.08824 0.00000 0.02941 0.13235 0.05882 0.01471 0.01471 0.01471 0.04412 0.01471 0.00000 0.02941 0.11765
GNM12892                       0.17647 0.00000 0.05882 0.02941 0.00000 0.02941 0.14706 0.04412 0.00000 0.04412 0.13235 0.04412 0.01471 0.01471 0.01471 0.05882 0.05882 0.00000 0.02941 0.10294
GNM12895                       0.22059 0.01471 0.05882 0.01471 0.00000 0.01471 0.14706 0.05882 0.00000 0.05882 0.13235 0.05882 0.01471 0.01471 0.01471 0.04412 0.01471 0.00000 0.02941 0.08824
GNM13060                       0.16176 0.00000 0.04412 0.04412 0.00000 0.04412 0.11765 0.07353 0.00000 0.05882 0.14706 0.10294 0.01471 0.02941 0.00000 0.04412 0.01471 0.00000 0.02941 0.07353
GNM13061                       0.17647 0.00000 0.02941 0.07353 0.00000 0.02941 0.08824 0.05882 0.00000 0.04412 0.13235 0.11765 0.01471 0.02941 0.01471 0.05882 0.00000 0.00000 0.02941 0.10294
GNM13062                       0.22059 0.00000 0.05882 0.02941 0.00000 0.01471 0.11765 0.04412 0.00000 0.02941 0.14706 0.07353 0.01471 0.01471 0.02941 0.05882 0.02941 0.00000 0.02941 0.08824
GNM13064                       0.17647 0.00000 0.01471 0.07353 0.00000 0.01471 0.13235 0.04412 0.00000 0.05882 0.11765 0.08824 0.02941 0.01471 0.01471 0.05882 0.04412 0.00000 0.02941 0.08824
GNM13066                       0.17647 0.00000 0.02941 0.05882 0.00000 0.01471 0.13235 0.04412 0.00000 0.05882 0.11765 0.08824 0.02941 0.01471 0.01471 0.05882 0.04412 0.00000 0.02941 0.08824
GNM11032                       0.20588 0.01471 0.02941 0.02941 0.00000 0.02941 0.11765 0.05882 0.00000 0.05882 0.13235 0.05882 0.01471 0.02941 0.02941 0.04412 0.02941 0.00000 0.01471 0.10294
GNM11034                       0.19118 0.04412 0.02941 0.04412 0.00000 0.04412 0.11765 0.05882 0.00000 0.04412 0.14706 0.04412 0.01471 0.01471 0.01471 0.04412 0.01471 0.00000 0.02941 0.10294
GNM11363                       0.20588 0.00000 0.02941 0.07353 0.00000 0.01471 0.11765 0.04412 0.00000 0.05882 0.11765 0.08824 0.02941 0.01471 0.01471 0.05882 0.01471 0.00000 0.02941 0.08824
GNM11375                       0.25000 0.00000 0.05882 0.04412 0.00000 0.01471 0.11765 0.04412 0.00000 0.01471 0.11765 0.05882 0.02941 0.01471 0.01471 0.05882 0.01471 0.00000 0.02941 0.11765
GNM11381                       0.26471 0.00000 0.04412 0.02941 0.00000 0.02941 0.11765 0.04412 0.00000 0.07353 0.08824 0.05882 0.02941 0.01471 0.01471 0.07353 0.00000 0.00000 0.02941 0.08824
GNM11382                       0.25000 0.00000 0.05882 0.02941 0.00000 0.02941 0.11765 0.04412 0.00000 0.10294 0.08824 0.05882 0.02941 0.01471 0.01471 0.04412 0.02941 0.00000 0.02941 0.05882
GNM11799                       0.19118 0.00000 0.04412 0.02941 0.00000 0.00000 0.13235 0.04412 0.00000 0.05882 0.08824 0.08824 0.04412 0.01471 0.01471 0.08824 0.04412 0.00000 0.02941 0.08824
GNM11841                       0.19118 0.01471 0.02941 0.10294 0.00000 0.01471 0.17647 0.10294 0.00000 0.04412 0.11765 0.01471 0.01471 0.01471 0.00000 0.02941 0.01471 0.00000 0.02941 0.08824
GNM11931                       0.17647 0.01471 0.01471 0.05882 0.00000 0.00000 0.22059 0.10294 0.00000 0.04412 0.11765 0.01471 0.01471 0.01471 0.01471 0.05882 0.02941 0.00000 0.02941 0.07353
GNM12040                       0.20588 0.01471 0.01471 0.08824 0.00000 0.00000 0.16176 0.10294 0.00000 0.05882 0.10294 0.01471 0.01471 0.01471 0.00000 0.04412 0.05882 0.00000 0.02941 0.07353
GNM12071                       0.16176 0.01471 0.02941 0.08824 0.00000 0.00000 0.19118 0.13235 0.00000 0.05882 0.10294 0.01471 0.01471 0.01471 0.00000 0.02941 0.02941 0.00000 0.02941 0.08824
GNM12125                       0.19118 0.01471 0.05882 0.02941 0.00000 0.01471 0.14706 0.04412 0.00000 0.08824 0.11765 0.08824 0.01471 0.01471 0.02941 0.04412 0.00000 0.00000 0.02941 0.07353
GNM12126                       0.23529 0.01471 0.01471 0.02941 0.00000 0.00000 0.16176 0.05882 0.00000 0.05882 0.13235 0.07353 0.01471 0.01471 0.01471 0.04412 0.02941 0.00000 0.02941 0.07353
GNM12128                       0.16176 0.05882 0.02941 0.08824 0.00000 0.00000 0.11765 0.04412 0.00000 0.05882 0.16176 0.04412 0.01471 0.01471 0.01471 0.04412 0.01471 0.00000 0.02941 0.10294
GNM12182                       0.19118 0.01471 0.02941 0.05882 0.00000 0.00000 0.11765 0.05882 0.00000 0.05882 0.11765 0.07353 0.01471 0.01471 0.01471 0.07353 0.01471 0.00000 0.02941 0.11765
GNM12342                       0.30882 0.01471 0.01471 0.07353 0.00000 0.00000 0.08824 0.07353 0.00000 0.07353 0.11765 0.04412 0.01471 0.01471 0.01471 0.01471 0.02941 0.00000 0.02941 0.07353
GNM12346                       0.25000 0.01471 0.02941 0.02941 0.00000 0.00000 0.10294 0.10294 0.00000 0.02941 0.11765 0.05882 0.02941 0.01471 0.02941 0.05882 0.00000 0.00000 0.02941 0.10294
GNM12351                       0.25000 0.01471 0.01471 0.04412 0.00000 0.00000 0.13235 0.07353 0.00000 0.04412 0.11765 0.02941 0.04412 0.01471 0.01471 0.07353 0.02941 0.00000 0.02941 0.07353
GNM12356                       0.30882 0.01471 0.00000 0.05882 0.00000 0.00000 0.08824 0.05882 0.00000 0.07353 0.11765 0.04412 0.02941 0.01471 0.01471 0.05882 0.01471 0.00000 0.02941 0.07353
GNM12357                       0.32353 0.01471 0.01471 0.02941 0.00000 0.00000 0.10294 0.10294 0.00000 0.07353 0.11765 0.05882 0.01471 0.01471 0.01471 0.00000 0.01471 0.00000 0.02941 0.07353
GNM12366                       0.32353 0.01471 0.01471 0.02941 0.00000 0.00000 0.08824 0.07353 0.00000 0.04412 0.11765 0.05882 0.02941 0.01471 0.01471 0.00000 0.02941 0.00000 0.02941 0.11765
GNM12373                       0.25000 0.01471 0.01471 0.07353 0.00000 0.00000 0.10294 0.07353 0.00000 0.05882 0.10294 0.05882 0.02941 0.01471 0.01471 0.05882 0.01471 0.00000 0.02941 0.08824
GNM12385                       0.25000 0.01471 0.04412 0.04412 0.00000 0.01471 0.11765 0.07353 0.00000 0.04412 0.11765 0.04412 0.02941 0.01471 0.01471 0.02941 0.02941 0.00000 0.02941 0.08824
GNM12551                       0.26471 0.02941 0.02941 0.07353 0.00000 0.01471 0.17647 0.05882 0.00000 0.05882 0.13235 0.02941 0.01471 0.01471 0.01471 0.00000 0.01471 0.00000 0.02941 0.04412
GNM12554                       0.23529 0.01471 0.02941 0.04412 0.00000 0.00000 0.10294 0.10294 0.00000 0.07353 0.11765 0.07353 0.02941 0.01471 0.01471 0.04412 0.01471 0.00000 0.02941 0.05882
GNM12592                       0.17647 0.01471 0.00000 0.07353 0.00000 0.01471 0.11765 0.10294 0.00000 0.08824 0.13235 0.07353 0.01471 0.01471 0.01471 0.05882 0.00000 0.00000 0.02941 0.07353
GNM12596                       0.30882 0.01471 0.01471 0.04412 0.00000 0.01471 0.11765 0.08824 0.00000 0.07353 0.11765 0.04412 0.02941 0.01471 0.01471 0.00000 0.02941 0.00000 0.02941 0.04412
GNM12602                       0.23529 0.01471 0.01471 0.04412 0.00000 0.01471 0.13235 0.10294 0.00000 0.07353 0.11765 0.04412 0.02941 0.01471 0.01471 0.01471 0.04412 0.00000 0.02941 0.05882
GNM12665                       0.30882 0.01471 0.01471 0.02941 0.00000 0.01471 0.13235 0.08824 0.00000 0.07353 0.11765 0.04412 0.02941 0.01471 0.01471 0.00000 0.02941 0.00000 0.02941 0.04412
GNM12745                       0.29412 0.01471 0.02941 0.07353 0.00000 0.00000 0.11765 0.05882 0.00000 0.05882 0.11765 0.02941 0.01471 0.01471 0.01471 0.02941 0.02941 0.00000 0.02941 0.07353
GNM12749                       0.20588 0.01471 0.02941 0.04412 0.00000 0.01471 0.10294 0.08824 0.00000 0.04412 0.11765 0.04412 0.02941 0.01471 0.01471 0.10294 0.00000 0.00000 0.02941 0.10294
GNM12758                       0.25000 0.01471 0.02941 0.05882 0.00000 0.00000 0.17647 0.05882 0.00000 0.05882 0.10294 0.04412 0.04412 0.01471 0.01471 0.01471 0.02941 0.00000 0.02941 0.05882
GNM12763                       0.23881 0.01493 0.02985 0.04478 0.00000 0.00000 0.19403 0.07463 0.00000 0.05970 0.10448 0.07463 0.02985 0.01493 0.01493 0.00000 0.00000 0.00000 0.02985 0.07463
GNM12766                       0.33824 0.01471 0.02941 0.04412 0.00000 0.00000 0.10294 0.05882 0.00000 0.04412 0.11765 0.04412 0.01471 0.01471 0.01471 0.01471 0.02941 0.00000 0.02941 0.08824
GNM12841                       0.17647 0.01471 0.02941 0.10294 0.00000 0.00000 0.19118 0.11765 0.00000 0.02941 0.13235 0.01471 0.01471 0.01471 0.00000 0.01471 0.02941 0.00000 0.02941 0.08824
GNM12849                       0.26471 0.00000 0.05882 0.02941 0.00000 0.01471 0.11765 0.04412 0.00000 0.04412 0.10294 0.05882 0.02941 0.01471 0.01471 0.07353 0.00000 0.00000 0.02941 0.10294
GNM12869                       0.26471 0.00000 0.05882 0.02941 0.00000 0.01471 0.11765 0.04412 0.00000 0.01471 0.10294 0.05882 0.02941 0.01471 0.01471 0.07353 0.00000 0.00000 0.02941 0.13235
GNM12896                       0.27941 0.00000 0.07353 0.01471 0.00000 0.02941 0.13235 0.04412 0.00000 0.05882 0.10294 0.05882 0.02941 0.01471 0.01471 0.02941 0.00000 0.00000 0.02941 0.08824
GNM12897                       0.27941 0.00000 0.07353 0.01471 0.00000 0.02941 0.13235 0.04412 0.00000 0.07353 0.10294 0.05882 0.02941 0.01471 0.01471 0.02941 0.00000 0.00000 0.02941 0.07353
GNM12902                       0.11765 0.01471 0.07353 0.07353 0.00000 0.01471 0.11765 0.05882 0.00000 0.07353 0.14706 0.10294 0.04412 0.01471 0.02941 0.05882 0.00000 0.00000 0.02941 0.02941
GNM12903                       0.20896 0.02985 0.04478 0.01493 0.00000 0.02985 0.16418 0.04478 0.00000 0.08955 0.13433 0.04478 0.01493 0.01493 0.01493 0.04478 0.01493 0.00000 0.02985 0.05970
GNM12906                       0.20896 0.01493 0.04478 0.01493 0.00000 0.02985 0.16418 0.04478 0.00000 0.08955 0.13433 0.05970 0.01493 0.01493 0.01493 0.04478 0.01493 0.00000 0.02985 0.05970
GNM12907                       0.20896 0.01493 0.04478 0.02985 0.00000 0.02985 0.14925 0.04478 0.00000 0.08955 0.13433 0.05970 0.01493 0.01493 0.01493 0.04478 0.01493 0.00000 0.02985 0.05970
GNM12909                       0.17910 0.01493 0.04478 0.01493 0.00000 0.02985 0.16418 0.04478 0.00000 0.10448 0.13433 0.05970 0.01493 0.01493 0.00000 0.04478 0.04478 0.00000 0.02985 0.05970
GNM12915                       0.25000 0.01471 0.04412 0.04412 0.00000 0.01471 0.14706 0.05882 0.00000 0.05882 0.14706 0.05882 0.01471 0.01471 0.01471 0.01471 0.00000 0.00000 0.02941 0.07353
GNM10046                       0.25000 0.01471 0.04412 0.02941 0.00000 0.01471 0.16176 0.05882 0.00000 0.05882 0.14706 0.05882 0.01471 0.01471 0.01471 0.01471 0.00000 0.00000 0.02941 0.07353
GNM12918                       0.25000 0.01471 0.04412 0.01471 0.00000 0.01471 0.17647 0.05882 0.00000 0.05882 0.14706 0.05882 0.01471 0.01471 0.01471 0.01471 0.00000 0.00000 0.02941 0.07353
GNM12938                       0.16176 0.01471 0.04412 0.02941 0.00000 0.00000 0.14706 0.08824 0.00000 0.08824 0.13235 0.07353 0.01471 0.01471 0.01471 0.07353 0.01471 0.00000 0.02941 0.05882
GNM12996                       0.16176 0.01471 0.05882 0.04412 0.00000 0.02941 0.13235 0.04412 0.00000 0.07353 0.14706 0.07353 0.01471 0.01471 0.01471 0.04412 0.02941 0.00000 0.02941 0.07353
GNM13018                       0.17647 0.01471 0.04412 0.04412 0.00000 0.02941 0.13235 0.04412 0.00000 0.05882 0.14706 0.07353 0.01471 0.01471 0.01471 0.05882 0.01471 0.00000 0.02941 0.08824
GNM13027                       0.17647 0.01471 0.07353 0.02941 0.00000 0.00000 0.14706 0.07353 0.00000 0.05882 0.14706 0.07353 0.01471 0.01471 0.01471 0.02941 0.01471 0.00000 0.02941 0.08824
GNM13046                       0.23529 0.00000 0.07353 0.04412 0.00000 0.04412 0.10294 0.04412 0.00000 0.05882 0.10294 0.05882 0.04412 0.01471 0.01471 0.05882 0.00000 0.00000 0.02941 0.07353
GNM13074                       0.25000 0.01471 0.02941 0.02941 0.00000 0.00000 0.17647 0.07353 0.00000 0.05882 0.14706 0.05882 0.01471 0.01471 0.01471 0.00000 0.01471 0.00000 0.02941 0.07353
GNM10010                       0.22059 0.01471 0.04412 0.02941 0.00000 0.00000 0.17647 0.07353 0.00000 0.05882 0.14706 0.07353 0.01471 0.01471 0.00000 0.00000 0.00000 0.00000 0.02941 0.10294
GNM10014                       0.23529 0.01471 0.02941 0.02941 0.00000 0.00000 0.17647 0.07353 0.00000 0.05882 0.14706 0.05882 0.01471 0.01471 0.00000 0.00000 0.01471 0.00000 0.02941 0.10294
GNM13090                       0.23529 0.01471 0.02941 0.02941 0.00000 0.00000 0.17647 0.07353 0.00000 0.05882 0.14706 0.05882 0.01471 0.01471 0.00000 0.00000 0.01471 0.00000 0.02941 0.10294
GNM13118                       0.16176 0.02941 0.02941 0.02941 0.00000 0.00000 0.17647 0.04412 0.00000 0.04412 0.13235 0.07353 0.01471 0.01471 0.02941 0.04412 0.04412 0.00000 0.02941 0.10294
GNM13126                       0.11765 0.01471 0.02941 0.07353 0.00000 0.00000 0.14706 0.07353 0.00000 0.01471 0.16176 0.10294 0.02941 0.01471 0.02941 0.04412 0.01471 0.00000 0.02941 0.10294
GNM13128                       0.11940 0.01493 0.02985 0.07463 0.00000 0.00000 0.14925 0.07463 0.00000 0.01493 0.16418 0.10448 0.02985 0.01493 0.01493 0.04478 0.01493 0.00000 0.02985 0.10448
GNM13208                       0.20896 0.01493 0.02985 0.02985 0.00000 0.02985 0.14925 0.04478 0.00000 0.05970 0.13433 0.05970 0.01493 0.01493 0.01493 0.04478 0.02985 0.00000 0.02985 0.08955
GNM13210                       0.19118 0.02941 0.02941 0.04412 0.00000 0.02941 0.13235 0.04412 0.00000 0.05882 0.16176 0.07353 0.01471 0.01471 0.01471 0.05882 0.00000 0.00000 0.02941 0.07353
GNM12773                       0.19118 0.01471 0.02941 0.05882 0.00000 0.00000 0.13235 0.05882 0.00000 0.05882 0.11765 0.04412 0.02941 0.01471 0.01471 0.08824 0.02941 0.00000 0.02941 0.08824

Homogeneity statistic: X2 = 21.38073 G = 19.53114 

Average                        0.21894 0.01038 0.04100 0.04070 0.00010 0.01445 0.13419 0.05769 0.00031 0.05392 0.12260 0.06247 0.02401 0.01526 0.01658 0.05189 0.01872 0.00000 0.02839 0.08841
(Ambiguity characters are used to calculate freqs.)


# constant sites:      1 (1.43%)

TREE #  1:  (((((((42, 144), (58, 95)), 96), 97), (((132, 133), (98, 57)), (131, 134))), ((((((125, 124), 127), 126), 143), (60, 41)), 140)), ((((((((((((((((((((44, 45), 43), (47, 19)), 46), 50), 90), (49, 48)), 23), (((69, 18), (21, 20)), 39)), ((((((((54, 52), 53), 51), 120), (16, 6)), (((56, (24, 36)), 7), (87, 17))), ((9, 67), 119)), 73)), 135), (((88, 72), 15), 89)), (((121, 71), 122), 37)), ((((5, 76), (70, 12)), (27, 77)), (13, 66))), (78, 38)), (86, 68)), ((((82, 83), 40), 14), (((34, 81), 11), 55))), ((((1, 79), 80), 2), 35)), ((((32, 33), (3, 30)), (4, 28)), (((85, 10), 31), (29, 84)))), ((((((26, 25), (145, 22)), (64, 65)), 61), 63), 62)), (((((((((((112, 110), 111), 101), 109), 100), (((108, 106), 114), 105)), ((((93, 8), 94), (91, 118)), 92)), (59, 74)), ((142, 141), (75, 123))), ((((((104, 103), 102), 117), 99), ((113, 115), 116)), 107)), ((((137, 138), 139), 136), ((130, 128), 129))));   MP score: -1
lnL(ntime:287  np:288):  -4958.824541      +0.000000
 146..147 147..148 148..149 149..150 150..151 151..152 152..42  152..144 151..153 153..58  153..95  150..96  149..97  148..154 154..155 155..156 156..132 156..133 155..157 157..98  157..57  154..158 158..131 158..134 147..159 159..160 160..161 161..162 162..163 163..164 164..125 164..124 163..127 162..126 161..143 160..165 165..60  165..41  159..140 146..166 166..167 167..168 168..169 169..170 170..171 171..172 172..173 173..174 174..175 175..176 176..177 177..178 178..179 179..180 180..181 181..182 182..183 183..184 184..185 185..44  185..45  184..43  183..186 186..47  186..19  182..46  181..50  180..90  179..187 187..49  187..48  178..23  177..188 188..189 189..190 190..69  190..18  189..191 191..21  191..20  188..39  176..192 192..193 193..194 194..195 195..196 196..197 197..198 198..199 199..54  199..52  198..53  197..51  196..120 195..200 200..16  200..6   194..201 201..202 202..203 203..56  203..204 204..24  204..36  202..7   201..205 205..87  205..17  193..206 206..207 207..9   207..67  206..119 192..73  175..135 174..208 208..209 209..210 210..88  210..72  209..15  208..89  173..211 211..212 212..213 213..121 213..71  212..122 211..37  172..214 214..215 215..216 216..217 217..5   217..76  216..218 218..70  218..12  215..219 219..27  219..77  214..220 220..13  220..66  171..221 221..78  221..38  170..222 222..86  222..68  169..223 223..224 224..225 225..226 226..82  226..83  225..40  224..14  223..227 227..228 228..229 229..34  229..81  228..11  227..55  168..230 230..231 231..232 232..233 233..1   233..79  232..80  231..2   230..35  167..234 234..235 235..236 236..237 237..32  237..33  236..238 238..3   238..30  235..239 239..4   239..28  234..240 240..241 241..242 242..85  242..10  241..31  240..243 243..29  243..84  166..244 244..245 245..246 246..247 247..248 248..249 249..26  249..25  248..250 250..145 250..22  247..251 251..64  251..65  246..61  245..63  244..62  146..252 252..253 253..254 254..255 255..256 256..257 257..258 258..259 259..260 260..261 261..262 262..112 262..110 261..111 260..101 259..109 258..100 257..263 263..264 264..265 265..108 265..106 264..114 263..105 256..266 266..267 267..268 268..269 269..93  269..8   268..94  267..270 270..91  270..118 266..92  255..271 271..59  271..74  254..272 272..273 273..142 273..141 272..274 274..75  274..123 253..275 275..276 276..277 277..278 278..279 279..280 280..104 280..103 279..102 278..117 277..99  276..281 281..282 282..113 282..115 281..116 275..107 252..283 283..284 284..285 285..286 286..137 286..138 285..139 284..136 283..287 287..288 288..130 288..128 287..129
 0.051327 0.031829 0.022176 0.000000 0.000000 0.206282 0.060445 0.054602 0.012280 0.584001 0.173338 0.200577 0.246605 0.110586 0.010436 0.078683 0.015620 0.025841 0.026116 0.074340 0.028176 0.021824 0.105477 0.012206 0.025031 0.076085 0.063706 0.039721 0.018979 0.003916 0.000000 0.013358 0.053728 0.019295 0.077882 0.035981 0.175726 0.053550 0.193893 0.004647 0.000000 0.063969 0.000000 0.089114 0.026400 0.018234 0.195374 0.017866 0.000000 0.050226 0.090672 0.017042 0.040378 0.000000 0.000000 0.000000 0.000000 0.012631 0.000000 0.084069 0.000000 0.000000 0.000000 0.000000 0.000000 0.038407 0.012907 0.026300 0.000000 0.027556 0.000000 0.039183 0.000000 0.049910 0.012883 0.000000 0.000000 0.000000 0.000000 0.000000 0.030136 0.000000 0.000000 0.037977 0.000000 0.000000 0.000000 0.013082 0.000000 0.000000 0.000000 0.000000 0.000000 0.000000 0.000000 0.000000 0.000000 0.026836 0.013293 0.013049 0.013303 0.026481 0.000000 0.000000 0.000000 0.013373 0.013207 0.000000 0.014107 0.012972 0.000000 0.000000 0.000000 0.157738 0.085997 0.110007 0.000000 0.042149 0.012156 0.027984 0.049855 0.018053 0.000000 0.000000 0.000000 0.000000 0.000000 0.012841 0.000000 0.000000 0.012494 0.054335 0.000000 0.041088 0.042793 0.020548 0.000000 0.000000 0.145332 0.000000 0.000000 0.096248 0.039351 0.064835 0.127109 0.000000 0.000000 0.180640 0.000000 0.000000 0.026074 0.077093 0.125358 0.025599 0.000000 0.013337 0.045348 0.208217 0.023885 0.173144 0.013130 0.042214 0.014242 0.000000 0.120846 0.000000 0.017154 0.203698 0.069182 0.024473 0.033351 0.072760 0.162228 0.277479 0.044925 0.000000 0.009555 0.115965 0.000000 0.000000 0.032558 0.018931 0.041938 0.290721 0.000000 0.013753 0.072193 0.128755 0.043228 0.013510 0.028179 0.000000 0.057343 0.130239 0.076425 0.000000 0.000000 0.046170 0.053130 0.074255 0.093300 0.063532 0.245072 0.047845 0.092212 0.054679 0.043541 0.139648 0.061698 0.253300 0.256931 0.224938 0.109269 0.000000 0.000000 0.055443 0.041956 0.085291 0.000000 0.000000 0.133246 0.061956 0.002416 0.000000 0.013738 0.085272 0.115477 0.245148 0.194942 0.073108 0.000000 0.017581 0.099673 0.153145 0.126011 0.103338 0.241323 0.039008 0.000000 0.000000 0.171623 0.124402 0.111885 0.073585 0.045083 0.058604 0.152678 0.000000 0.054740 0.069084 0.260856 0.085598 0.000000 0.000000 0.161886 0.088883 0.078826 0.057478 0.010171 0.166370 0.008866 0.041573 0.057895 0.088124 0.031590 0.121960 0.054632 0.114028 0.015523 0.080802 0.133967 0.033465 0.020254 0.105865 0.056642 0.015044 0.028423 0.000000 0.028524 0.000000 0.000000 0.000000 0.027004 0.000000 0.013539 0.013620 0.000000 1.547520
