
Printing out site pattern counts


       148        122  P

GNM13746                        AAAAADDDDD DDDDEEEEEF GGGGGGGGGG HHIIIIIIII KKKKKKKKKL LLLLLLLLLL LLLLLLLLLL LLMMMNNNNN NPPPQQQQRR RRRRRRRRRR RRRSSSSSSS TTTTTTVVVV WW
GNM13538                        AAASSDDDDD DDDNEEEEEV GGGGGGGGGP HHIIIILVVY KKKKKKKRVA FILLLLLLLL LLLLLLLLLN QVDIRDDGNN TKPPEQQTKN QQRRRRRRRR RRRKRSSSSS ETTTTTVVVY WW
GNM13876                        AAGAIDDDDD DEREEGMQVI GGGGGGGGNA HHIIIVAATP FKKKKMRLAR LLAIIIIILL LLLLLLLTVY MPETRDNKGN TRPPEQQEQR ANGKRRRRRR STTARAKSST KTTTTTVVVY WW
GNM13680                        AVATADDDNN NDENETEEDY GGGGGGGGGA HHILSIITKM KKKRSKKKAM FVLIILLVFL LLLMVVYIIQ GIDVAEHMGN SKPPSEQGQQ SFNRRRRRRR KKRDHSSMST EATTTTVVVV WW
GNM14837                        GAATLDDDDN NEQNETEEEY GGGGGGGGGT HHIILIILSI KKKKRRKRTI FMLIIIVFSI LLLLILFLIT GLPTTPDAGN EKPTANQQKD TNKRNRRRRR ANRNLSSLST AASTTTVVVV WW
GNM14249                        GAATLDDDDD NEQNETEEEY GGGGGGGGGA HHIILIILSI KKKKRRKRTI FMLIIIVFSI LLLLILFLIT GLPTSPNAGN EKPSTNQQKD THKRNRRRRR ANRNLSELSS AASTTTVVVV WW
GNM13928                        GAATLDDDDN DDQNETEEEY GGGGGGGGGS HHIILIILSI KKKKRRKKTI FMLILIVFSI LLLLILFLIT GVPTTRDAGN EKPPANQQKD TNKRNRRRRR ANRNLSELST AASTTTVVVI WW
GNM13297                        AAASSDDDDD DDDNEEEEE- -----GGGGP -HIIIILVVY K-K-KK-RVG FILLLLLL-L -LLLLLLLLN -VDDRDDRNN TKPPEQETKN QQR-R-KRRR -RRKRSS-KS E--AST---Y LW
GNM14865                        SIAAVDDDDD TEDHVGMNFV EGGGGGGGQE HHIIRMVAAF KTKKRKVKKM EVAVIVIARL QALIFLMTLR GEEIEDNSGN TTPRDEQDDD TKEKLRKRRR NTRTDSGQSP ATTSTSIVVR YW
GNM13455                        GAATLDDDDN NEQNETEEEY GGGGGGGGGP HHIILIILTI KKKKRRKRTI FVLIIIVFYI LLLLILFLIT GIPTTPNNGN AKPTSDQQKD TFKRNRRCRR ANRNMSSMSS SATTTTVVVV WW
GNM14938                        AAGAADDEDD DDKEEGEEVV GGGGGGGGGT HHIVMIIATP RKYKRKRKTR LVVIVLLILL LWLLLLMILY GPNITDNKGN THPPKQQADR AQGRRRRRRR VTRMAARMST LPTTTTVVVY WW
GNM14483                        AVARADDDDD TEDGEGEDDI GGGGGGGGGA HQVVILITAP NKRKKKKKVN FLILVVVLLL LYLLLIYLLS RIDIQDNQGN TKPPEQQRKS STGKRRRRRR RRDRKSESSS ETTTTTVVVV WW
GNM14872                        AVASADDDDN TDENETEDDY GGGGGGGGGE HHILIIITMM KKKRGKKKAT FLLVVILVFL LLLMVIYIVQ GLDVSENMGN SKPPTEQREQ SFNRRRRRKR KKRNHSKMST EATTTSVVVV WW
GNM13855                        AVSSADDDDN DDQNETEEDY AGGGGGGGGK HHVIQVLLLM KKKRSKKRTS FSLIVILVFL LLLLVLYIIQ TVDVKENMGN SKPPAEQSNQ SFNRRRRCQR KKRYISKMST DATTTSVVVV WW
GNM14445                        AMASADTDDD DDERMSEEEV GGGGGGGGGN HHLILLCILL KKKTKMKKNR MVLIIIVILL LLLYFLAIIH RVQIQDDGGN TKPPTQQNTT SSKRHRRRRS KKRQTSDSSN KSSTTTVVVP WW
GNM14404                        GAGVVDDEAN DESMEGMEEI GGGGGGGGGG HLIIQIFARP RKRKRKRLRE LVAIIVVILW LLLLILLIVY RPEIRDRRGN SKRPREQKDH AFGKRRRKQR VHFDEGDACT RTTTTNVVVY WF
GNM14545                        ---VV-DEAN DE-MEGMEEI GGGGG--G-G HLI-Q-F-RP RK-KRKR-RE L-AI-VVILW LLLLI-LI-- R-EIR-RR-N --RPREQKDH -FGKRRRKQR V-FDEGDACT RTTTTNVVV- WF
GNM14366                        GAATSDDDDN TEQNETEEEF GGGGGGGGGA HHIIVILISL KKKKRKKKTQ FLLLVIVFYI LLLLILLIIN ALDVRPDNGN DKPPKQQEKR TFDRHRRRRR RKRDMSSMST ISTTTTVVVV WW
GNM14252                        GAATLDDDDD DDQNETEEEY GGGGGGGGGT HHIILIILAI KKKKRRKRTI FMLIIIVFSI LLLLILFLIT GLPTSPNAGN EKPSNNQQKD THKRNRRRRR ANRNLSELST AASTTTVVVV WW
GNM13760                        GAATLDDDDD DEQNETEEEY GGGGGGGGGT HHIILIILSI KKKKRRKRTI FMLIIIVFSI LLLLILFLIT GLPTTPDAGN EKPTANQQKD TNKRNRRRRR ANRNLSELST AASTTTVVVV WW
GNM13982                        GSAVIDDDDS DTQNETEELY GGGGGGGGGT HHVMIIILQM QKKKRKKLNT FMLIIIIFYI LLLLILFVIN GLALEHNFGN ENPPEQQSKQ SNKRKRRRRR ANRHMSEMST SATCTTVVVI WW
GNM13960                        GTAVVDDDDN DPQNETEEEI GGGGGGGGGS HHIIVIILQV KKRKRKKKTT FMLIVIIFFI LLLLILFIIN GIASKPNGGN EKPPEQQKNN TYKRRRRRRR ANRSKSEMSS SATCTTVVVV WW
GNM14633                        GSAVIDDDDS DAQNETEEEY GGGGGGGGGI HHVMIIILQI QKKKRKKLNA FMLIIIVFYI LLLLILFVIN GLALQHDFGN ENPPEQQSKQ SNKRKRRRRR ANRHMSEMST AATCTTVVVI WW
GNM14853                        GSAVIDDDDS DAQNETEEEY GGGGGGGGGI HHVMIIILQI QKKKRKKLNA FMLIIIVFYI LLLLILFVIN GLALQHDFGN ENPPEQQSKQ SNKRKRRRRR ANRHMSEMST AATCTTVVVI WW
GNM14174                        AAAKIDDDSN DEKNESADEY GGGGGGGGGT HHIITIILVA KAKKKKKLSA LTAVVIILYL LFLLVLLIVS KVVMKQERSN TKPPKEQNEK TFGRRRKRRK KTEDSATAST KSTTTTLVVY WW
GNM14055                        GTATIDDDDN NTQNETEEEY GGGGGGGGGS HHIIVIVLQL KKKKRKKKTT FILIVIIFYI LLLLMLFVIN GIAVKPDGGN DKPPVSQQKN THKRRRRRRR ANRNKSDMSS LATCTTVVVV WW
GNM14748                        GAATLDDDDD DDQNETEEEY GGGGGGGGGS HHIILIIASI RKKKRRKRTI FLLIIIVFSI LLLLILFLIT GLPTTPNAGN EKPTKNQQKT TNKRNRRRQR ANRNLSALST EASTTTVVVV WW
GNM14246                        AAAKIDDDDD AEKTKAMDEF RGGGSGGGDG HHIIIIIMTK KIRRKKKLQK LVAIVLVVYL LLLLLLLTLN KGAINDNRGN TKPPKDQEDK ALGRRRRRPR KTQDLSAASS RATTTTMVVY WW
GNM14640                        AIAKIDDDDN DDDTEGMDKF GGGGGGGGGG HHIITIILTG KKKKKKKQRE LVAIVIVIHL LLLLLLLTLN KAVMEDKRGD TKPSEDQKDK TFGSRRRRQR KAQEISVASS KATTTTMVVY WW
GNM14965                        AVASADDDDN NDMNETEEEY GGGGGGGGGD HHILIVILIV KKKRSKKRMS FILIIILMFL LLLLLLYIIQ GIDVRDDMGN SKPPSEQASQ SFKRRRRCRR KKRNRSKMST DATTTTVVVV WW
GNM13677                        AAGAIDDDDD DEREEGMQVI GGGGGGGGNA HHIIIVAATP FKKKKMRLAR LLAIIIIILL LLLLMLLIVY MPETKDNKGN TRPPEQQEQR ANGKRRRRRR STTSRAKSST KTTTTTVVVY WW
GNM14339                        AAGACDDDDD DDGEEGEQQV SGGGGGGGNS HHIVIIITLI RKRKKMRKSR LILIVILILL LYLLLLMILY GPDIRDNKGN GKPPKQQADR AQNRRRRRRR VVRELAQSST MPTTTAIVVY WW
GNM14593                        AAGAVDDDDD DEREEGERVT GGGGGGGGGS HHIIIVAAKP RVKKRMRLVM YIAIILIILL LLLVILMYLY TPVIKDDKGN SKPTKEQQER AFGRRRRRRR STRELSHSST KATTTTVVVY WW
GNM13825                        AAAAADDEDD DDKEEGEEVV GGGGGGGGGV HHIVMIITTP KKYKRKRKTR LVVIVLLILL LWLLLLMVLY GPNITDNKGN THPPKQQEDR AQGRRRRRRR ATRMMPKMST LPTTTTVVVF WW
GNM14768                        AAGAVDDDDD DDAEEGEQAV GGGGGGGGGA HQIIIVAAKP KFRKRMRLAR YIAVILLILL LLLLLLMYLY TPVIKDNKGN SKPAKEQKER AFGRRRRRRR STRELSESSG RATTTTVVVY WW
GNM14776                        AAGAVDDDDD DDAEEGEQAV GGGGGGGGGA HQIIIVAAKP KFKKRMRLAR YIAVILLILL LLLLLLMYLY TPVIKDNKGN SKPAKEQKER AFGRRRRRRR STRELSESSG RATTTTVVVY WW
GNM14715                        AVAKADDDDD AEDSEGEEDV GGGGGGGGGE HQVIQLITVP NKRKKKKKIN FLLLVIVLLL LYLLLLYLLN RIDIQASRGN QKPPEQQAQK ATSKRRRRRR RRDRKSESST QTTTTTVVVV WW
GNM14639                        AAAKCDDDDD NEDEDSERSV GGGGGGGGGP HHIIVIIIVP KKKKKKKKIE FLLLIVLELL LLLLLLLILN MIEIKNAMGN KKLPSDQKDN ASNRRRRRRR RRRNISSSSS RTTTTSVVVA WY
GNM13795                        GAATLDDDDN DDQNETEEEY GGGGGGGGGS HHIILIIASI RKKKRRKRTI FLLIIIVFSI LLLLILFLIT GLPTTPNAGN EKPTKNQQKT THKRNRRRQR ANRNLSALST EASTTTVVVV WW
GNM14166                        GAAVADDDDN DEQNETEEDF GGGGGGGGGS HHILIVMLSM KKKKRKKKNG FTLIIIVIYV LLLLVVFIVR GIDMRPNNGN AKPPNQQVNQ GFKRNRRSRR KKRDFSSTST EATTTTVVVI WW
GNM14450                        AVATGDDDDD TEKNETEEQF GGGGGGGGGQ HHVLIIILLV KKKKYKKKVG ILLIIIVIMW LLLNVLFIIQ GVDVKDNMGN SKPPVEQSNN SFQRRRRCRR RKRNSTNMSS IATTTSVVVV WW
GNM13515                        GSAHIDDDDD DVQNETEEEY GGGGGGGGGV HHIIVIIVSA KKRKRKKRNS FXLIVIVFFI LLLLILFVIN GLAVEPNFGN EKPPKQQTKX TNKRKRRRRR ANRNLSEMSN SATCTTVVVV WW
GNM13745                        SYASADDDSD DDNSEGEDET GGGNGGGGGD HHIITILVSI KSKKKKKKAT IVLIIIIFLL LFLVMLDMVH RIITKSNRGN TKPKTQQSNN SMEKRRRRRR RKKNSTEGSS IVTCTNVVVQ WF
GNM14030                        AYASSDDDED DDNQEEEDQT GGGGGGGGGA HHIIKILXQM KSRKKRKKAI VXLIIIXYLL LLLVMLXXVH KVILKSXQGN TKPRKQQKDR SMDRRRRRQR RRLNSTESSS SVTCTXVVVP WF
GNM14959                        AAAYADDDDN NDKKDGMDEI GGGGGGGGDG HHIIAIVCIP KLRKKKKKAK LVLIILVALL LVLLLLFLLY LAVLRDNRGN FPPPRTQRWR TQGKRRRRPR TTLSIAENSD KTTTTTVVVY WW
GNM13413                        GASVVDDNDD DDEEESEEAI GGGGGGGGEA HHIVVVVCQY KTKKKKKLYR YLLLLIVILL LYLLTLITVL VVIIRDNKGN EPPPQTQKER SFGRRRRRRR RTRRLADASS STTTTTVVVY WW
GNM14990                        GTAVIDDDDN DPQNETEEEI GGGGGGGGGS HHIIVIILQV KKRKRKKRTT FMLIVIIFFI LLLLILFIIN GVASKPNGGN EKPPEQQKNN TYKRRRRRRR ANRSKSEMSS SATCTTVVVV WW
GNM15022                        GTAVVDDDDN DPQNETEEEF GGGGGGGGGS HHIIVIILQV KKRKRKKKTT FMLIIIIFFI LLLLILFIIN GIASKPNGGN EKPPEQQKNN TYKRRRRRRR ANRSKSEMSS SATCTTVVVV WW
GNM14999                        GTAVIDDDDN DPQNETEEEI GGGGGGGGGS HHIIVIILQV KKRKRKKRTT FMLIVIVFFI LLLLILFLIN GIASKPNGGN EKPPEQQNSN TYKRRRRRRR ANRNKSAMSS SATCTTVVVV WW
GNM15018                        GAATLDDDDD DDQNETEEEY GGGGGGGGGT HHIILIILSI KKKKRRKRTI FMLIIIVFSI LLLLILFLIT GLPTSPNAGN EKPSNNQQKD THKRNRRRRR ANRNLSELST AASTTTVVVV WW
GNM15025                        GTAVIDDDDN NKQNETEEEY GGGGGGGGGS HHVLIIILQI KKKKRKKKAT FVLIIIIFYI LLLLIIFLIN GIATKPSGGN DKPSEQQLNS THKRRRRRRR ANRNKSEMST SATCTTVVVV WW
GNM15024                        GAATLDDDDD DDQNETEEEY GGGGGGGGGT HHIILIILSI KKKKRRKRTI FMLIIIVFSI LLLLILFLIT GLPTSPNAGN EKPSNNQQKD THKRNRRRRR ANRNLSELST AASTTTVVVV WW
GNM14980                        GAATLDDDDD DDQNETEEEY GGGGGGGGGT HHIILIILSI KKKKRRKRTI FMLIIIVFSI LLLLILFLIT GLPTSPNAGN EKPSNNQQKD THKRNRRRRR ANRNLSELST AASTTTVVVV WW
GNM15000                        GAATLDDDDD DDQNETEEEY GGGGGGGGGT HHIILIILSI KKKKRRKRTI FMLIIIVFSI LLLLILFLIT GLPTSPNAGN EKPSNNQQKD THKRNRRRRR ANRNLSELST AASTTTVVVV WW
GNM15001                        GAATLDDDDD DDQNETEEEY GGGGGGGGGT HHIILIILSI KKKKRRKRTI FMLIIIVFSI LLLLILFLIT GLPTSPNAGN EKPSNNQQKD THKRNRRRRR ANRNLSELST AASTTTVVVV WW
GNM11003                        AAAQADDEDD DDMNETEEEV GGGGGGGGGT HHIIAVLVRY KTKKRKRMYK FVLIIILLLL LLLLLLMVVR TPIISDDKGN TKPKLEQKER AEGRRRRRRR KQRDLSSSSS KTTTTSVVVY WW
GNM11023                        GAAMVDDEDD DESRDGEEEI GGGGGGGGGK HHIVAILIKY KLKKRMKLYK FLLLILILYL LYLLVLLIIM MPIIRDDGGN DKPPKEQRER AFGRKRRRRR RVRELSEKST RTTTTTIVVY WW
GNM11055                        ACAEFDDDDD DDGLKSLEYV GGGGGGGGDS HHIIRIVVAP KKKKMIRKAK FLLVIVILRV KLLLLLLLLR RMDMEDEKGN NSPGQTQEKN TEGRKRRRRR VTRRLKEAAD KTTSTSVVVF YW
GNM11146                        AAANADDDDN NERNDGEEEI GGGGGGGGDA HHIIAIVCVP KLKKRRRKTR LVLIIIIALL LVLLLLFILV PAIIRDNLGN SAPPRMQRWR AEGRKRRRPR QTRLIAENSN KVTTTTAVVY WW
GNM11220                        AAGAVDDDDD DERQEGMEEW GGGGGGGGDN HHIIVILAKL KTKKKKRRRS FVAIVILILL LLLLMLMILW RPEIRDEKGN FKPPKEQKAR TFGKRRRRRR HTFDLSDSSS RTTTTTVVVY WW
GNM11222                        GAGAVDDDDN DDKLEGLEEV GGGGGGGGGS HHIAQIIALL KKKKKKRKRS LLVLVLVILL LYLLVLLYIR RAEVADNRGD SKPPRDQKDL AFNRKRRKRR STFDLAEMCS KATTTTVVVY WF
GNM11223                        AAAKVDDDDD NELAEGMDRY GGGGGGGGGE HHILVIAVKL KTKKKKREQA LVAIILIIYL LLLLLLLILN KVDIKNDKGN SKPPKEQRAK TFGKRRRRRR RTLDLSAASS RTTTTTVVVY WW
GNM11224                        AAAKVDDDDN DEHAEGMDRY GGGGGGGGGT HHIIVIAVEL KTKKKKRDQA LVAIILVIYL LLLLVLLLLN KVDIKNDRGN TKPPEEQRAE TFGRRRRRRR RTLDLSAASS RTTTTTVVVY WW
GNM11225                        AAAKADDDDP DEKEETEEEY GGGGGGGGGR HHIIRIIVKL KKRKKQKKRA LVIVVIIIYL LFLLLLLILD RVEMVDNKNN TRPPKEQRER TFQRRRRKRR RQRDLSSSSS RVTTTSVVVY WW
GNM11358                        AVSTSDDDDN DDENETEEDY AGGGGGGGGN HHIIKVILLM KKKRSKKKTS FSLIVILVFL LLLLVLYIIQ TVDVRENMGN SKPPAEQSNQ SFNRRRRCRR KKRYISKMST DATTTSVVVV WW
GNM11360                        GAATLDDDDN NEQNETEEEY GGGGGGGGGP HHIILIILTI KKKKRRKRTI FALIIIVFYI LLLLILFLIT GIPTTPNNGN AKPTSDQQKD TFKRNRRCRR ANRNMSSMSS SATTTTVVVV WW
GNM11362                        ASAAGDDDDD DDESESEEDY GGGGGGGGGT HHILVLLLMM KKKKKKKKIG FILIVIIFYL LLALILYLVY GVEVKDDMGN RKPPKHQTNT AFGRRRRRQR RKRNMSSMSS ATTTTTVVVA WW
GNM11367                        GSAVIDDDDS DTQNETEELY GGGGGGGGGT HHVMIIILQM QKKKRKKLNT FMLIIIIFYI LLLLILFVIN GLALEHNFGN ENPPEQQSKQ SNKRKRRRRR ANRHMSEMST SATCTTVVVI WW
GNM11377                        AVASADDDDN TEENETEDDY GGGGGGGGGE HHVLIIITMM KKKRGKKKAT FLLVVILVFL LLLLVIYIVQ GLDVSENMGN SKPPAEQREQ SFNRRRRRKR KKRNHSKMST EATTTSVVVV WW
GNM11380                        GSAVADDDDN NEQNETEEDF GGGGGGGGGS HHILVVMLSM KKKKRKKKNG FTLIIIVIYI LLLLVVFIIK GIDMRPDNGN AKPPNQQEKE GFKRNRRSRR KKRNFSSTST EATTTTVVVI WW
GNM11383                        GAAVTDDDDN TEQNETEEEF GGGGGGGGGS HHIIVILISV KKKKRKKKTL FLLLVIVFYV LFLLILLIIN ASAVKPDNGN DKPPTQQEKG TFGRNRRRRR KKRNTSSMST SSTTTTVVVV WW
GNM11491                        GAAVLDDDDD DDQNETEEEY GGGGGGGGGT HHVIVILLSL KKRKRRKKTV FALIIIVFFI LLLIILFFLT GVESQPDGGN EKPNEQQAKD RYKKNRRRRR ANRNRSEMST SATNTTVVVV WW
GNM11804                        AAAHFDDDDN DDGLKGLEYI GGGGGGGGDS HHIIKIVTEL KTKKKIRKAK LLLLILILKV YLLLLLMLLR QVDIEDERGN NPPAKEQEKN TNGRKRRRRR QTRRLKEAAS KTTSTTVVVH YW
GNM11805                        GIAKYDDDDD NEDDRSMNAL GGGGGGGGNV HNILIIVIRV KHNKNKRRKK LMLLVIVMQL HLLLILLLIN LDIMERSRGN ERPRKEQLKK ADNRQRRRRH IKLNFNDESS ESNSTTMVVL YW
GNM12883                        AVASADDDNN NEENETEDDY GGGGGGGGGD HHILAIITMT KKKRSKKKAN FLLIVIIMFL LLLLVIYIIQ GIDVAEDMGN GKPPSEQRRQ SFNRRRRCRR KKRNSSNMST EATTTTVVVV WW
GNM12886                        AVATADDDNN NDENETEEDY GGGGGGGGGP HHVLAIITRM KKKRSKKKAL FVLIVILVFL LLLMVIYIIQ GIDVAENMGN GKPPLEQRQQ SFNRRRRCRR KKRDQSGMST EATTTSVVVV WW
GNM12892                        AVASADDDDN NDINETEEEY GGGGGGGGGD HHILIVILIM KKKRSKKRMS FILIIILMFL LLLLVLYIIQ GIDVRDDMGN SKPPSEQASQ SFKRRRRCRR KKRNRSRMST DATTTTVVVV WW
GNM12895                        AVATGDDDDD TEKNETEEQF GGGGGGGGGQ HHVLIIILLV KKKKYKKKVG ILLIIIVIMW LLLNVLFIIQ GVDVKDNMGN SKPPVEQSNN SFQRRRRCRR RKRNSTNMSS IATTTSVVVV WW
GNM13060                        AAAAADDDDD DDDDEEEEEF GGGGGGGGGG HHIIIIIIIL KKKKKKKKKL LLLLLLLLLL LLLLLLLLLM LLMMLNNNNN NPPPQQQQKR RRRRRRRRRR RRRSLSASSN TTTTTTVVVA WW
GNM13061                        AAAAADDEDD DEDQEEEEEF GGGGGGGGGP HHIIIIIIKI KKRKKKKKTN LLLLILVLLL LLLVLLMILV MVIANNNNNN NPPPQQQQSR RMRRRRRRRR RRRSRSQSST STTTTTVVVA WW
GNM13062                        AVAKADDDDD AEDNEGEEEV GGGGGGGGGK HQIIQLITVP NKKKKKKKIN FLLLVIVLLL LYLLLLYLLN RIDIADSQGN GKPPEQQKNT STSKRRRRRR RRDRKSDGST ETTTTTVVVV WW
GNM13064                        SYASN-DDDD NDNQEEEDQT GGGNG-GG-E HHIIRIIVMM KAKKKRK-SI VMLIILIYLL LLLVMLNI-H KIILK-NQGN --PREQQKEK SMERRRRRQR R-LDQTESSS AVTCTTVVVQ WF
GNM13066                        SYASNDDDDD NDNQEEEDQT GGGNGGGGGE HHIMKVIVLM KAKKKRKKAI IVLIIIVYLL LLLNMLNIVH KVILKSNQGN TKPKKQQNEK SMGRRRRRRR RRLNLTESST SVTCTTVVVQ WF
GNM11034                        AAGAADDEDD DDKEEGEEVV GGGGGGGGGT HHIVMIIATP RKYKRKRKTK LVVIVLLILL LWLLLLMVLY GPNITDNKGN THPPKQQADR AQGRRRRRRR ATRMTAQMST LPTTTTVVVY WW
GNM11363                        ASAAGDDDDD DDESESEEDY GGGGGGGGGT HHILVLLLMM KKKKKKKKIG FILIVIIFYL LLALILYLVY GVEVKDDMGN RKPPKHQTNT AFGRRRRRQR RKRNMSSMSS ATTTTTVVVA WW
GNM11375                        -AATL-DDDD DE-NETEEEY GGGGG-XG-T HHIILXILSI KKXKRRK-TI FMLIXIVFSI LLLLI-FL-T GIPTT-DAGN --PTANQQKD -NKRNRRRRR A-RNLSELST AASTTTVVV- WW
GNM11381                        GAAATDDDDN TEHNETEEEF GGGGGGGGGS HHIIVILISV KKKKRKKKTL FLLLVIVFYV LLLLILLIIN ASASKPDNGN DKPPTQQEKG TFGRNRRRRR KKRNTSSTST SSTTTTVVVV WW
GNM11382                        GAASADDDDN TEQNETEEEF GGGGGGGGGS HHILIILISV KKKKRKKKTG FILLVIVFYI LLLLILLLIH ASDAKPDNGN DKPPKQQEKG GFNRNRRRRR KKRNFSSMST TSTTTTVVVV WW
GNM11799                        -TALI-DDDN DS-NETEEEI GGGGG--G-S HHVIV-ILQV KK-KRKK-TA F-LI-IVFFI LLLLI-FI-N G-ASK-NG-N --PPEQQKSN -YKRRRRRRR A-RNKSEMSS SATCTTVVV- WW
GNM11841                        AIAKRDDDDD TDEQVGMNFV EGGGGGGGQE HHIIRLVAAY KTNKRKVKTM LVAVIVIVRL QTLEFLMTLR GEQIEDNDGN TSPREVQEEQ TKDRVRKRQH NTRRTNDKSD RTTSTTIVVR YW
GNM11931                        AIAEADDDDD NDEQTGMNYI EGGGGGGGQA HHIVRLVAAF NTGKDRVKTM LVAVVVIARV QALIMLLTLR GEEIDDSRGN TTPREAQEDD AGGKTRKRQR NTRTQTDESE STTSTTIVVR YW
GNM12040                        SIAVADDDDD TEDHTGMNFV EGGGGGGGTG HHVIRMVTAF ETKKRKVKKM EVAVIIIIRL QTLKFLMTLR GEEIEDNDGN TAPRDEQDDD TLSKTRKRRR NTRHDADKSE STTSTSIVVR YW
GNM12071                        SLAKIDDDDD TEEHVGMNYV EGGGGGGGGS HHIVRLAAAF NSDKRKVKKI EVAVIVLVRV QTLLFLMVLR GESIEDNEGN TTPREDQDDE SLDKTRKRQR NARNTTDKSD ATTSTSIVVR YW
GNM12125                        GAALADDDDD DDLREGEEEI GGGGGGGGGV HHILVVMCKY KIKKKKKLYR YVLIIIIILL LLLLILMVIY MPIIAPNRGN DKPPKEQEKR AFGRRRARRR RTRNLAAAST KTTTTTIVVY WW
GNM12126                        GAAKKDDDDD DEKQDGEETL GGGGGGGGDS HHIIAIVLMY KLKKRKKLYR FALIILIFLL LYLLLLLIIL MVVIRDDKGN SPPPKRQRER AYGRRRARRR STRHLATSSS ETTTTTVVVY WW
GNM12128                        GAAILDDEDD DDRQESEDEI GGGGGGGGEV HHIIAVLCMY KIKKRIKLYR YLLLIIIIML YLILILFVII PSIIKANRGN ESPPNEQEER SFGRPRHRRR QTRSMSQAST KVTTTTVVVW WW
GNM12182                        GVAKMDDDDD DDMNETEEEV GGGGGGGGGA HHIIVVLLKI KTKKRKRMVK FALIIILLLL LFLYLLIVVR TPVLADNKGN TKPKQEQKEM AENRRRRRRR KQRDLSHSST KTTTTSIVVY WW
GNM12342                        AAAVVDDDDD DEDEEELNVI GFGGGGGGRS HHIIKILVKY KRYPQKRKIR ILALVIVILL LFLVALMILR PIMIADDRGN NKPPEEQKER QYKRLRKRRR STRNKSEECT KTTSTTVCVM YW
GNM12346                        AISQVDDDDD DPGERGMNYI GGGGGGGGNV HHIIVIIAAI RTKKKKRQAK MVAVILVVRL QLLLMLMYLK AETIDDNRGN TTPPEQQDAR TYQKTRKRRR VTIHKVEESP KTTSTTVVVF YW
GNM12351                        AVSSTDDDDD NDGEDGLNLL GGGGGGGGNK HHLILIIVAP FRRKKKKKTK LVTIILILRI LLLLILMLLR SKISDQKRGN KPPPEDQKSD TYGRVRKRQR RTDNKQEEAS KTTSTTIVVY YW
GNM12356                        AAAIIDDDDD NDDEEEMAYI GFGGGGGGRS HHIIVILLQV NKKPQKRFAK MLTLIIVILL LFMLALMIIK SETINTERGN EPPGLDQKDR QLKRQRRRKR KTTKKSEECS KLSGTSVCVY YW
GNM12357                        AAAVVDDDDD DDEEEEMTYV GFGRGGGGKS HHIVVMLIQV KKKPQKRNTK LLTLIIVILL LFLLALMILR TEVIEEDRGN KPPPLDQLSR QYEKQRRRKR KTNKKTEECA KSSGTSMCVY YW
GNM12366                        AAAVVDDDDD DDEEEEMGYI GFGRGGGGKS HHILVVLIQV KKKPQKRNAK LLTLIIVILL LFLLALMILK SEVIEEDRGN KPPPLDQLSR QYERQRRRKR KTNKKTEECA KTSGTTMCVY YW
GNM12373                        AIARQDDDDD PDGDEGMNYI GGGGGGGGNK HHIIKIVAAV VFKKEKKQAK LVAVIIVVNL LVLLMLMYLL KQSMKDARGN TPPTEDQAER TLGRTRKRPR STLRKSEECG AITATSVVVL YW
GNM12385                        ATSLADDDDD VDGDAGMNYI GGGGGGGGND HHVINIVTAV KTKKDRRKMK MVAVIIVVTL QVLLLLMLLR THTMDDTRGN TAPPESQGNA TKARIRKRQR KTRHRTEESD RTTSTTVVVI YW
GNM12551                        AAAEEDDEDD DDGQEGLDEI GFGGGGGGDS HHIIVIICKY KRKPKKKKTK MVLLIIIILL LYLLLLMVLY RPEIKDKRGN HKPEEEQEER TEGRKRKRQR KVREMAEEAS RTSSTTVVVY YW
GNM12554                        AVSMADDDDD NEGERGMNYI GGGGGGGGTM HHIIRIVSAL KTKKDRKKAK LVAVIIVITV QALLLLMILT TRAIEDKRGN TSPEESQNAR TLKKKRKRPR STMYKGEECD RTTSTTVVVV YW
GNM12592                        AVAKVDDEDD DEGEKGMDII GGGGGGGGNA HHLFLIIAAI KSKRRKRKTK TVAVVLIILV LMLVLLMMLR AQLTEDSRGN KQPPVQQENV TKGKTRRRRR TTICKAEESP ATTSTTVVVM YW
GNM12596                        ALAGADDDDD DEGEDGLNAL GGGGGGGGNS HHIIFLIAAL KRPKRKRKTK LVAVVLVVRI LLLLLLMLLK SQLVGQKRGN APPPQEQATK TYGRIRKRQR STNSKTEEAP KTTSTTVVVY YW
GNM12602                        ALAGADDDDD DDGEDGLNAL GGGGGGGGNS HHIIFLIAAL KRPKRKRKTK LVAVILVVRI LLLLLLMLLI SELVGKNRGN APPPQEQARK TYGRTRKRQR STNTKTEEAP KTTSTTVVVY YW
GNM12665                        ALAGADDDDD DDGEDGLNTL GGGGGGGGNS HHIIFLIAAL KRPKRKRKTK LVAVILVVRI LLLLLLMLLI SELVGKKRGN APPPQEQAAK TYGRTRKRQR STNTKTEEAP KTTSTTVVVY YW
GNM12745                        AAAVVDDDDD TDEDEEMNEK GFGGGGGGRE HHLILILCAY NHRPRKRSTM MILLIIVIVL LLILILFIVI SANIEDNRGN NTPQESQKAK TYDKQRKRRR SKRDKSEESD QSTSTTVVVT YW
GNM12749                        SFATVDDDDE KEGDRGLNYI GGGGGGGGNV HHIIVIVAVV KTKKDKRKTK MVAVVIVITV QSLLMLMLLK LLTISDNRGN TPPKVSQDEE TKGRLRKRPR KTLNRAAEAD RITSTTVVVI YW
GNM12758                        AASSADDDDD DDSEEEMNER GFGGGGGGRS HHLILIIIQY NKKPRRRKCK MMAYVLIILL LILLILMIIR SEETKDNRGN NTPLEEQEEM TYGKRRKRRR RKRNKSEESS RSTSTTVVVN YW
GNM12763                        AAGVADDDDE NDGEEELNRI GFGGGGGGRS HHIIIIIAKY KKKPRKRKTR MVTFILLILL LFLLIIMILK QEEIEDNRGN NNPGEEQEDR TYGRKRKRKR KRR-KAEESS KTTSTTVVVE YW
GNM12766                        AAAVIDDDDD DDEEEELNHI GFGGGGGGRS HHIIIILVKY KRYPQKRKAK ILALIIVILL LFLVALMIVK QVTISDDRGN KPPEEEQKER QYKRLRRRRR STRKKAEECT KTTSTTVCVR YW
GNM12841                        AIAKADDDDD TEDQVGMNFV EGGGGGGGQE HHIIRMVADF KTNKRKVKSK MVAVIVIVRL QTLELLLILR GEQIEDEDGN TSPREKQDAE TAERVRKRQH NTRRTNEKAD DTTSTTIVVR YW
GNM12849                        GAATLDDDDN NEQNETEEEY GGGGGGGGGA HHIILIILTI KKKKRRKKTI FALIIIVFYI LLLLILFLIT GIPTTPNNGN AKPTANQEKD TFKRNRRCRR ANRNMSAMSS SATTTTVVVV WW
GNM12869                        GAATLDDDDD DDQNETEEEY GGGGGGGGGT HHIILIILSI KKKKRRKRTV FMLIIIVFSI LLLLILFLIT GLPTTPNAGN EKPSNNQQKD THNRNRRRRR ANRNLSELST AASTTTVVVV WW
GNM12896                        GSAVADDDDN NEQNETEEDF GGGGGGGGGT HHILVVMLSM KKKKRKKKNG FTLIIIVIYI LLLLVVFIIK GIDMRPDNGN AKPPNQQEKE GFKRNRRSQR KKRNFSSTST EATTTTVVVI WW
GNM12897                        GSAIADDDDN NEQNETEEDF GGGGGGGGGA HHILVVMLSM KKKKRKKKNG FTLIIIVIYI LLLLVVFIIK GIDMRPDNGN TKPPNQQEKE GFKRNRRSRR KKRNFSSTST EATTTTVVVI WW
GNM12902                        ATSKYDDDDD DEDDRSMNTI GGGGGGGGNY HNIIILIAQI RKKKNKRRQK LLLLILIIRL LYLLILMVLE LKDMENGRGN EPPPKKQEKK AEDKRRRRRH VKLDFNDESG EANSMTIVVL YW
GNM12903                        AAAKADDEDD DEKRDGMDEV GGGGGGGGDA HHVIAIVCAP KFRKKKKKAK LVLIILIALL LLLLLLFILY AAVLRDNKGN NQPPRQQNWW AAGKIRVRRR TTLHLSDSSP KTTTTTAVVY WW
GNM12906                        AAAKADDEDD DEKRDGMDEI GGGGGGGGDA HHVIAIVCAP KLRKKKKKAK LVLIILIALL LLLLLLFILY AAVLRENKGN NQPPRQQNWW AAGKVRVRRR TTLHMSESSP KVTTTTAVVY WW
GNM12907                        AAAKADDEDD DEKRDGMDEI GGGGGGGGDA HHVIAIVCAP KFRKKKKKAK LVLIILIALL LLLLLLFILY AAVLRDNKGN NTPPRQQNWR ALGKTRVRRR TTLHLSDSSP KTTTTTAVVY WW
GNM12909                        SAAKADDEDD DEKRDGMDEV GGGGGGGGDA HHVIAIVCAP KLRKKKKKAK LVLIILIALL LLLLLLFILY PAVLRDNKGN NQPPKQQNWR TAGKIRVRRR TTLHLAESSS KVTTTTAVVY WW
GNM12915                        AMAVIDDKDD DDAEETLMEI GFGGGGGGGR HHIVIILCMY KRKPRRRKAR MLALVIVILL LVLLALAILT QRDIQDDRGN NQPPRQQKER TYGRKRRRPR SVRFLAEEAT KTNSTTVVVW YW
GNM10046                        AMAVIDDKDD DDAEETLMEI GFGGGGGGGR HHIVIILCMY KRKPRRRKAR MLALIIVILL LVLLALAILT QRDIADDRGN NQPPRQQKER TYGRKRRRPR SVRFLAEEAT KTNSTTVVVW YW
GNM12918                        AMAVIDDKDD DDAEETLMEI GFGGGGGGGR HHIVIILCMY KRKPRRKKAR MLALVIVILL LVLLALAILT QRDIQDDRGN NQPPKQQKER TYGRKRRRPR SVRFLAEEAT KTNSTTVVVW YW
GNM12931                        GGARLDDEDD DDEQEGEEVI GGGGGGGGGS HHIIVILCMY KLKKKKKLYK FTLIVIIILL LLLLILMIIY LVIISDNKGN SKPPKEQKDR AYGRRRRRRR RTREMAEAST RTTTTTVVVY WW
GNM12938                        AIAKLDDDDD DDMNETEEEV GGGGGGGGGN HHIIVILIKY KTKKRRRMYR FLLLIIISLL LYILLLIVVM APISNDNRGN TKPKADQKNR AENRRRRRQR RQRDMSESSS KTTTTSIVVY WW
GNM12996                        AAAKVDDDDD DDMNETEEEV GGGGGGGGGS HHIMVVIIAY KTKKRKRMYK FLLMIVILLL LYLLLLLVVK MPISSDDRGN TKPPLDQKSL AEGRRRRRRR AQRNLSASSS KTTTTSIVVY WW
GNM13018                        AAAKVDDDDD DDMNETEEEV GGGGGGGGGS HHIIVVIIAY KTKKRKRMYK FLLMIVVLLL LYLLLLLVVK MPISSDDRGN TKPPLEQKSR AEGRRRRRRR AQRNLSASSS KTTTTSIVVY WW
GNM13027                        AAAKYDDDDD DDMNETEEEV GGGGGGGGGN HHIIVVLVRY KTKKRKRMYK FVLLIIIVLL LYLLLLMVVR VPIITDDKGN TKPKIDQKNF AEGRRRRRRR RQRDMSESSS KTTTTSVVVY WW
GNM13046                        GAASIDDDDH TEQNETEEEY GGGGGGGGGS HHIIVIIIGV KKRKRKKKTG LILIIIVFYI LLLMILFIIN GIAIKPDYGN AKPSQQQQKD TNKRNRRCRR QNRNISSMST SASTTTVVVA WW
GNM13053                        AMSSSDDDDD DEDREGEDDV GGGGGGGGGS YHSMLLLLLI KKKKKKKKSG MALIVIIILL LLLFLLAVIS RAQVKDNMGN KKPGSQQSAH AANRRRRRRR KKRRTADSSN KSTCTTVVVV WW
GNM13074                        AMAVIDDKDD DDGEEGLNEI GFGGGGGGGP HHIVWILCQY KRKPRRRKAR MLALIIVILL LVLLALAILT TRVIEDDRGN NQPPRQQKER TYGRKRRRPR RVRFMAEEAT LTNSTTVLVW YW
GNM10010                        AMAVIDDKDD DDGEETLNEI GFGGGGGGGA HHIVWILLMY KHKPRRRKAR MLALIIVILL LVLLALAILT TRVIEDDRGN HQPPKQQKKR TYGRKRRRPR SVRYMAEEAT LTNSTTVLVW YW
GNM10014                        AMAVIDDKDD DDGEETLNEI GFGGGGGGGA HHVVWILLMY KHKPRRRKAR MVAIIIVILL LVLLALAIIT TRVIADDRGN HQPPKQQKER TYGRKRRRPR SVRFMAEEAT KTNSTTVVVW YW
GNM13090                        AMAVIDDKDD DDGEETLNEI GFGGGGGGGT HHIVWILLMY KHKPRRRKAR MLAIIIVILL LVLLTLAILT TRVIEDDRGN NQPPKQQKER TYGRKRRRPR RVRYMAEEAT KTNSTTVLVW YW
GNM13118                        AAAKADDDDD DEDNSTMEFV GGGGGGGGGP HHIVVILARP KTKKRKRKTK ILLLILVLLL LLLLLLMILQ LVLIRPEKGN DAPPVEQEAK ATGKLRRRRR KVFYRSEMSS KTTTTLVVVY YW
GNM13126                        AVGRYDDDEP NEDERSMNVI GGGGGGGGNE HNIIVLVAKP RKKKQKRRQK ILLLILLLKL KLLLILLVLY LPEIENARGN ELPIKQQEEE SEDKKRRRRH VKLDLTEESK KSNSTTIVVL YW
GNM13128                        AAGRYDDDEQ NEDEKTMNVI GGGGGGGGND HNIIVLVAKP RRKKQKRRQK VILLILILKL KLLLILLVLY LPDIENNRGN EPPPKEQEEE SENKKRRRRH VKLTLTDESK KSNSTTIVVL YW
GNM13208                        AAARADDEDD DEKNDGMDVM GGGGGGGGDP HHIIAIVCAP KFKKKKKKAK LTLIILIAAL LLLLLLFILL PAILRDNRGN GAPPRQQSWR TSGKPRVRRR VTLYLSEASG KTTTTSAVVY WW
GNM13210                        GASILDDEDD DDEEEGEEAV GGGGGGGGES HHIIVVVTTY KLKKKKKLYR YLLLLIVLLL LFLLILMVIL VIIVKDNRGN SPPPKDQRAR AYGRRRRRRR RTRNLAEASS KTTTTSVVVY WW
GNM12773                        GAAKIDDDDN DERKESTDEY GGGSGGGGGG HHIITIILLI KAKKKKKLRE FTAIIIILYL LLLLVILIVN KVIIEPEKSN TKPPKEQSEK AFGRRRKRRK KTLNMSTASS KSTTTTLVVY WW
GNM12769                        GAASIDDDDR DDNNEGMDEV GGGGGGGGGS HHVIIIIVAL KKRKKRKKRS LLGFIIIILL LFLLILIIIN RLEIEDDKGN SNPRREQEKK TNNKIRKRKR KKFDLPASSI KSTSTSVVVN WF
GNM12768                        EASAVDDDD- NDKSEGMEEV GAGGGGGGDS HHLIVILLVL KSKKEKREQE LLALIIVILL LFLLVLLILK REDSERNRSN PSPTEEQQAK TNNKTRKRQR RTIDRSHASK KVTTTTVVVY WW



    1    1    1    1    1    1    1    1    1    1    1    1    1    1    1
    1    1    1    1    1    1    1    2    1    1    1    1    2    1    1
    1    1    1    1    1    1    1    1    1    1    1    1    1    1    1
    1    1    1    1    1    1    1    1    1    1    1    1    1    1    1
    1    1    1    1    1    1    1    1    1    1    1    1    1    1    1
    1    1    1    1    1    1    1    1    1    1    1    1    1    1    1
    1    1    1    1    1    3    1    1    1    1    1    1    1    1    1
    1    1    1    1    1    1    1    1    1    1    1    1    1    1    1
    1    1

AAML (in paml version 4.9h, March 2018)  tmp0019.txt
Model: Empirical,  (../wag.dat) dGamma (ncatG=4) ns = 148  ls = 126


Frequencies..
                                    A      R      N      D      C      Q      E      G      H      I      L      K      M      F      P      S      T      W      Y      V
GNM13746                       0.03968 0.13492 0.04762 0.07143 0.00000 0.03175 0.03968 0.09524 0.01587 0.06349 0.18254 0.07143 0.02381 0.00794 0.02381 0.05556 0.04762 0.01587 0.00000 0.03175
GNM13538                       0.03175 0.12698 0.03968 0.08730 0.00000 0.03968 0.05556 0.09524 0.01587 0.04762 0.14286 0.07937 0.00000 0.00794 0.02381 0.05556 0.05556 0.01587 0.01587 0.06349
GNM13876                       0.08730 0.11905 0.03175 0.05556 0.00000 0.03175 0.04762 0.11111 0.01587 0.07937 0.09524 0.06349 0.02381 0.00794 0.03175 0.02381 0.09524 0.01587 0.01587 0.04762
GNM13680                       0.05556 0.08730 0.04762 0.05556 0.00000 0.03175 0.05556 0.11111 0.03175 0.06349 0.06349 0.07937 0.03968 0.02381 0.01587 0.06349 0.06349 0.01587 0.01587 0.07937
GNM14837                       0.05556 0.09524 0.07143 0.04762 0.00000 0.02381 0.04762 0.11111 0.01587 0.09524 0.10317 0.06349 0.00794 0.02381 0.02381 0.04762 0.10317 0.01587 0.00794 0.03968
GNM14249                       0.05556 0.09524 0.06349 0.04762 0.00000 0.02381 0.05556 0.11111 0.02381 0.09524 0.10317 0.06349 0.00794 0.02381 0.02381 0.06349 0.07937 0.01587 0.00794 0.03968
GNM13928                       0.05556 0.09524 0.06349 0.06349 0.00000 0.02381 0.04762 0.11111 0.01587 0.09524 0.10317 0.07143 0.00794 0.02381 0.02381 0.04762 0.08730 0.01587 0.00794 0.03968
GNM13297                       0.03960 0.10891 0.04950 0.11881 0.00000 0.02970 0.07921 0.05941 0.00990 0.04950 0.16832 0.08911 0.00000 0.00990 0.02970 0.05941 0.02970 0.00990 0.01980 0.03960
GNM14865                       0.06349 0.10317 0.03175 0.09524 0.00000 0.03175 0.07143 0.10317 0.02381 0.06349 0.03968 0.07143 0.03175 0.02381 0.01587 0.04762 0.08730 0.00794 0.00794 0.07937
GNM13455                       0.03968 0.08730 0.07143 0.04762 0.00794 0.02381 0.03968 0.11111 0.01587 0.10317 0.07937 0.06349 0.01587 0.03175 0.03175 0.04762 0.10317 0.01587 0.01587 0.04762
GNM14938                       0.07143 0.12698 0.02381 0.06349 0.00000 0.02381 0.03968 0.12698 0.02381 0.05556 0.09524 0.05556 0.03175 0.00000 0.03968 0.00794 0.08730 0.02381 0.02381 0.07937
GNM14483                       0.03968 0.11905 0.03175 0.08730 0.00000 0.03968 0.04762 0.11905 0.00794 0.05556 0.09524 0.07937 0.00000 0.00794 0.02381 0.05556 0.07143 0.01587 0.01587 0.08730
GNM14872                       0.03968 0.08730 0.04762 0.06349 0.00000 0.02381 0.06349 0.11111 0.02381 0.05556 0.07143 0.08730 0.03968 0.02381 0.01587 0.05556 0.07143 0.01587 0.01587 0.08730
GNM13855                       0.03968 0.07937 0.04762 0.07143 0.00794 0.04762 0.03968 0.08730 0.01587 0.04762 0.08730 0.08730 0.02381 0.02381 0.01587 0.08730 0.05556 0.01587 0.02381 0.09524
GNM14445                       0.03175 0.08730 0.03968 0.07143 0.00794 0.03968 0.03175 0.10317 0.03175 0.07143 0.09524 0.08730 0.03175 0.00794 0.02381 0.07937 0.07937 0.01587 0.00794 0.05556
GNM14404                       0.04762 0.15079 0.02381 0.05556 0.00794 0.02381 0.07143 0.14286 0.02381 0.07937 0.07937 0.05556 0.01587 0.03175 0.02381 0.01587 0.03968 0.01587 0.01587 0.07937
GNM14545                       0.03000 0.18000 0.03000 0.05000 0.01000 0.03000 0.09000 0.12000 0.02000 0.07000 0.08000 0.06000 0.02000 0.04000 0.02000 0.00000 0.05000 0.02000 0.00000 0.08000
GNM14366                       0.03175 0.10317 0.03968 0.07143 0.00000 0.03175 0.04762 0.10317 0.02381 0.07937 0.09524 0.08730 0.01587 0.03175 0.02381 0.04762 0.07937 0.01587 0.00794 0.06349
GNM14252                       0.05556 0.09524 0.06349 0.06349 0.00000 0.02381 0.04762 0.11111 0.02381 0.09524 0.10317 0.06349 0.00794 0.02381 0.02381 0.04762 0.08730 0.01587 0.00794 0.03968
GNM13760                       0.05556 0.09524 0.05556 0.06349 0.00000 0.02381 0.05556 0.11111 0.01587 0.09524 0.10317 0.06349 0.00794 0.02381 0.02381 0.03968 0.10317 0.01587 0.00794 0.03968
GNM13982                       0.03175 0.07937 0.06349 0.03968 0.00794 0.04762 0.05556 0.11111 0.03175 0.09524 0.08730 0.06349 0.03968 0.03175 0.01587 0.05556 0.06349 0.01587 0.01587 0.04762
GNM13960                       0.03175 0.09524 0.06349 0.03968 0.00794 0.03175 0.05556 0.11905 0.01587 0.10317 0.05556 0.08730 0.01587 0.03175 0.03175 0.05556 0.06349 0.01587 0.00794 0.07143
GNM14633                       0.05556 0.07937 0.05556 0.04762 0.00794 0.05556 0.05556 0.11111 0.03175 0.10317 0.07937 0.06349 0.03175 0.03175 0.01587 0.04762 0.03968 0.01587 0.01587 0.05556
GNM14853                       0.05556 0.07937 0.05556 0.04762 0.00794 0.05556 0.05556 0.11111 0.03175 0.10317 0.07937 0.06349 0.03175 0.03175 0.01587 0.04762 0.03968 0.01587 0.01587 0.05556
GNM14174                       0.07937 0.06349 0.03175 0.04762 0.00000 0.01587 0.05556 0.09524 0.01587 0.06349 0.08730 0.13492 0.00794 0.01587 0.01587 0.06349 0.09524 0.01587 0.02381 0.07143
GNM14055                       0.03175 0.08730 0.06349 0.05556 0.00794 0.03175 0.03175 0.11905 0.02381 0.08730 0.07143 0.09524 0.01587 0.02381 0.02381 0.03968 0.07937 0.01587 0.01587 0.07937
GNM14748                       0.05556 0.09524 0.06349 0.05556 0.00000 0.03175 0.04762 0.11111 0.01587 0.09524 0.10317 0.06349 0.00000 0.02381 0.02381 0.04762 0.10317 0.01587 0.00794 0.03968
GNM14246                       0.08730 0.10317 0.03175 0.08730 0.00000 0.02381 0.02381 0.09524 0.01587 0.07143 0.11111 0.11111 0.02381 0.00794 0.02381 0.03175 0.07143 0.01587 0.01587 0.04762
GNM14640                       0.05556 0.07143 0.01587 0.09524 0.00000 0.03175 0.03968 0.12698 0.02381 0.07937 0.08730 0.12698 0.02381 0.01587 0.00794 0.03968 0.07937 0.01587 0.00794 0.05556
GNM14965                       0.03968 0.10317 0.03968 0.07937 0.00794 0.02381 0.03968 0.10317 0.01587 0.08730 0.08730 0.07937 0.03968 0.02381 0.01587 0.07143 0.04762 0.01587 0.01587 0.06349
GNM13677                       0.07937 0.11111 0.03175 0.05556 0.00000 0.03175 0.04762 0.11111 0.01587 0.08730 0.08730 0.07143 0.03175 0.00794 0.03175 0.03175 0.08730 0.01587 0.01587 0.04762
GNM14339                       0.05556 0.12698 0.03175 0.07937 0.00794 0.04762 0.03175 0.11905 0.01587 0.09524 0.10317 0.05556 0.02381 0.00000 0.03175 0.03968 0.03968 0.01587 0.02381 0.05556
GNM14593                       0.06349 0.12698 0.00794 0.06349 0.00000 0.01587 0.05556 0.11905 0.02381 0.07937 0.07937 0.06349 0.02381 0.00794 0.02381 0.04762 0.07143 0.01587 0.03175 0.07937
GNM13825                       0.05556 0.11111 0.02381 0.06349 0.00000 0.02381 0.04762 0.11905 0.02381 0.04762 0.09524 0.07143 0.03968 0.00794 0.04762 0.00794 0.08730 0.02381 0.01587 0.08730
GNM14768                       0.10317 0.12698 0.01587 0.06349 0.00000 0.02381 0.05556 0.12698 0.00794 0.05556 0.10317 0.06349 0.01587 0.01587 0.02381 0.03968 0.04762 0.01587 0.03175 0.06349
GNM14776                       0.10317 0.11905 0.01587 0.06349 0.00000 0.02381 0.05556 0.12698 0.00794 0.05556 0.10317 0.07143 0.01587 0.01587 0.02381 0.03968 0.04762 0.01587 0.03175 0.06349
GNM14715                       0.05556 0.11111 0.03175 0.07143 0.00000 0.06349 0.05556 0.10317 0.00794 0.04762 0.11111 0.08730 0.00000 0.00794 0.02381 0.04762 0.06349 0.01587 0.01587 0.07937
GNM14639                       0.04762 0.11111 0.05556 0.07143 0.00794 0.00794 0.04762 0.09524 0.01587 0.08730 0.11905 0.10317 0.01587 0.00794 0.02381 0.07937 0.03175 0.00794 0.00794 0.05556
GNM13795                       0.05556 0.09524 0.06349 0.04762 0.00000 0.03175 0.04762 0.11111 0.02381 0.09524 0.10317 0.06349 0.00000 0.02381 0.02381 0.04762 0.10317 0.01587 0.00794 0.03968
GNM14166                       0.03968 0.08730 0.07143 0.06349 0.00000 0.03175 0.03968 0.12698 0.01587 0.07143 0.05556 0.08730 0.02381 0.03968 0.02381 0.04762 0.06349 0.01587 0.00794 0.08730
GNM14450                       0.02381 0.07937 0.06349 0.05556 0.00794 0.03968 0.03968 0.11905 0.01587 0.08730 0.07143 0.08730 0.02381 0.02381 0.01587 0.05556 0.05556 0.02381 0.00794 0.10317
GNM13515                       0.04032 0.09677 0.07258 0.04839 0.00806 0.02419 0.05645 0.11290 0.02419 0.08065 0.06452 0.08065 0.00806 0.04032 0.02419 0.04839 0.04839 0.01613 0.00806 0.09677
GNM13745                       0.02381 0.08730 0.06349 0.07143 0.00794 0.02381 0.03968 0.10317 0.02381 0.09524 0.05556 0.10317 0.02381 0.02381 0.00794 0.09524 0.07143 0.00794 0.00794 0.06349
GNM14030                       0.03361 0.11765 0.02521 0.07563 0.00840 0.05882 0.04202 0.10084 0.02521 0.06723 0.08403 0.09244 0.02521 0.00840 0.01681 0.08403 0.04202 0.00840 0.01681 0.06723
GNM14959                       0.07143 0.10317 0.03968 0.07937 0.00794 0.01587 0.01587 0.11111 0.01587 0.06349 0.12698 0.08730 0.00794 0.01587 0.03968 0.01587 0.07143 0.02381 0.02381 0.06349
GNM13413                       0.03968 0.11905 0.02381 0.06349 0.00794 0.02381 0.06349 0.10317 0.01587 0.05556 0.10317 0.06349 0.00000 0.00794 0.02381 0.04762 0.07937 0.01587 0.03968 0.10317
GNM14990                       0.03175 0.10317 0.06349 0.03968 0.00794 0.03175 0.05556 0.11905 0.01587 0.10317 0.05556 0.07937 0.01587 0.03175 0.03175 0.05556 0.06349 0.01587 0.00794 0.07143
GNM15022                       0.03175 0.09524 0.06349 0.03968 0.00794 0.03175 0.05556 0.11905 0.01587 0.10317 0.05556 0.08730 0.01587 0.03968 0.03175 0.05556 0.06349 0.01587 0.00794 0.06349
GNM14999                       0.03968 0.10317 0.07143 0.03968 0.00794 0.03175 0.04762 0.11905 0.01587 0.09524 0.06349 0.07143 0.01587 0.03175 0.03175 0.05556 0.06349 0.01587 0.00794 0.07143
GNM15018                       0.04762 0.09524 0.06349 0.06349 0.00000 0.02381 0.04762 0.11111 0.02381 0.09524 0.10317 0.06349 0.00794 0.02381 0.02381 0.05556 0.08730 0.01587 0.00794 0.03968
GNM15025                       0.03968 0.08730 0.06349 0.03968 0.00794 0.03175 0.04762 0.11905 0.02381 0.11111 0.07143 0.09524 0.00794 0.02381 0.01587 0.05556 0.07143 0.01587 0.01587 0.05556
GNM15024                       0.04762 0.09524 0.06349 0.06349 0.00000 0.02381 0.04762 0.11111 0.02381 0.09524 0.10317 0.06349 0.00794 0.02381 0.02381 0.05556 0.08730 0.01587 0.00794 0.03968
GNM14980                       0.04762 0.09524 0.06349 0.06349 0.00000 0.02381 0.04762 0.11111 0.02381 0.09524 0.10317 0.06349 0.00794 0.02381 0.02381 0.05556 0.08730 0.01587 0.00794 0.03968
GNM15000                       0.04762 0.09524 0.06349 0.06349 0.00000 0.02381 0.04762 0.11111 0.02381 0.09524 0.10317 0.06349 0.00794 0.02381 0.02381 0.05556 0.08730 0.01587 0.00794 0.03968
GNM15001                       0.04762 0.09524 0.06349 0.06349 0.00000 0.02381 0.04762 0.11111 0.02381 0.09524 0.10317 0.06349 0.00794 0.02381 0.02381 0.05556 0.08730 0.01587 0.00794 0.03968
GNM11003                       0.04762 0.11905 0.01587 0.07143 0.00000 0.02381 0.06349 0.10317 0.01587 0.05556 0.11111 0.08730 0.02381 0.00794 0.01587 0.05556 0.07143 0.01587 0.02381 0.07143
GNM11023                       0.03175 0.12698 0.00794 0.07143 0.00000 0.00794 0.07143 0.12698 0.01587 0.08730 0.11905 0.08730 0.03175 0.01587 0.02381 0.02381 0.04762 0.01587 0.03968 0.04762
GNM11055                       0.04762 0.11905 0.02381 0.08730 0.00794 0.01587 0.05556 0.11111 0.01587 0.04762 0.11111 0.10317 0.02381 0.02381 0.01587 0.03968 0.04762 0.00794 0.01587 0.07937
GNM11146                       0.09524 0.13492 0.06349 0.05556 0.00794 0.01587 0.04762 0.10317 0.01587 0.09524 0.10317 0.04762 0.00794 0.00794 0.03968 0.01587 0.04762 0.02381 0.00794 0.06349
GNM11220                       0.04762 0.12698 0.01587 0.07937 0.00000 0.01587 0.05556 0.11111 0.02381 0.06349 0.09524 0.08730 0.02381 0.03175 0.02381 0.03968 0.06349 0.03175 0.00794 0.05556
GNM11222                       0.07143 0.10317 0.02381 0.08730 0.00794 0.01587 0.03968 0.11905 0.01587 0.03968 0.13492 0.10317 0.00794 0.02381 0.01587 0.03968 0.03968 0.00794 0.02381 0.07937
GNM11223                       0.07937 0.10317 0.03175 0.07143 0.00000 0.01587 0.03968 0.11111 0.01587 0.06349 0.12698 0.11111 0.00794 0.00794 0.01587 0.03175 0.06349 0.01587 0.02381 0.06349
GNM11224                       0.07937 0.11905 0.03175 0.07937 0.00000 0.01587 0.04762 0.11111 0.02381 0.05556 0.11111 0.07143 0.00794 0.00794 0.01587 0.02381 0.07937 0.01587 0.02381 0.07937
GNM11225                       0.03968 0.15079 0.02381 0.06349 0.00000 0.03175 0.07143 0.08730 0.01587 0.07143 0.08730 0.09524 0.00794 0.01587 0.02381 0.04762 0.04762 0.01587 0.02381 0.07937
GNM11358                       0.03175 0.08730 0.05556 0.07143 0.00794 0.02381 0.04762 0.08730 0.01587 0.06349 0.07937 0.08730 0.02381 0.02381 0.01587 0.08730 0.06349 0.01587 0.02381 0.08730
GNM11360                       0.04762 0.08730 0.07143 0.04762 0.00794 0.02381 0.03968 0.11111 0.01587 0.10317 0.07937 0.06349 0.01587 0.03175 0.03175 0.04762 0.10317 0.01587 0.01587 0.03968
GNM11362                       0.05556 0.08730 0.02381 0.07937 0.00000 0.01587 0.03968 0.12698 0.02381 0.05556 0.08730 0.09524 0.03968 0.02381 0.01587 0.05556 0.06349 0.01587 0.03175 0.06349
GNM11367                       0.03175 0.07937 0.06349 0.03968 0.00794 0.04762 0.05556 0.11111 0.03175 0.09524 0.08730 0.06349 0.03968 0.03175 0.01587 0.05556 0.06349 0.01587 0.01587 0.04762
GNM11377                       0.04762 0.08730 0.04762 0.05556 0.00000 0.02381 0.07143 0.11111 0.02381 0.04762 0.07937 0.08730 0.03175 0.02381 0.01587 0.05556 0.06349 0.01587 0.01587 0.09524
GNM11380                       0.03175 0.07937 0.07143 0.05556 0.00000 0.02381 0.05556 0.12698 0.01587 0.07937 0.05556 0.10317 0.02381 0.03968 0.02381 0.05556 0.06349 0.01587 0.00794 0.07143
GNM11383                       0.03175 0.07937 0.05556 0.04762 0.00000 0.02381 0.04762 0.11905 0.01587 0.06349 0.07937 0.09524 0.00794 0.03968 0.02381 0.06349 0.09524 0.01587 0.00794 0.08730
GNM11491                       0.04762 0.10317 0.05556 0.07143 0.00000 0.03175 0.06349 0.11905 0.01587 0.06349 0.07937 0.07143 0.00794 0.03968 0.01587 0.03968 0.06349 0.01587 0.01587 0.07937
GNM11804                       0.05556 0.10317 0.03968 0.07143 0.00000 0.02381 0.05556 0.11111 0.03175 0.06349 0.13492 0.11111 0.00794 0.00794 0.01587 0.02381 0.06349 0.00794 0.02381 0.04762
GNM11805                       0.02381 0.11905 0.09524 0.07937 0.00000 0.02381 0.04762 0.09524 0.03175 0.07937 0.12698 0.07937 0.03968 0.00794 0.00794 0.04762 0.01587 0.00794 0.01587 0.05556
GNM12883                       0.05556 0.09524 0.07143 0.06349 0.00794 0.02381 0.05556 0.11111 0.01587 0.07937 0.06349 0.07143 0.03175 0.02381 0.01587 0.05556 0.06349 0.01587 0.01587 0.06349
GNM12886                       0.05556 0.09524 0.05556 0.05556 0.00794 0.03968 0.05556 0.11905 0.01587 0.06349 0.07143 0.07143 0.03175 0.02381 0.02381 0.03968 0.05556 0.01587 0.01587 0.08730
GNM12892                       0.03968 0.11111 0.03968 0.07937 0.00794 0.02381 0.03968 0.10317 0.01587 0.09524 0.07937 0.07143 0.03968 0.02381 0.01587 0.07143 0.04762 0.01587 0.01587 0.06349
GNM12895                       0.02381 0.07937 0.06349 0.05556 0.00794 0.03968 0.03968 0.11905 0.01587 0.08730 0.07143 0.08730 0.02381 0.02381 0.01587 0.05556 0.05556 0.02381 0.00794 0.10317
GNM13060                       0.05556 0.12698 0.05556 0.07143 0.00000 0.03175 0.03968 0.09524 0.01587 0.05556 0.19841 0.07937 0.02381 0.00794 0.02381 0.03175 0.04762 0.01587 0.00000 0.02381
GNM13061                       0.05556 0.13492 0.06349 0.04762 0.00000 0.04762 0.05556 0.08730 0.01587 0.07937 0.11111 0.06349 0.02381 0.00794 0.03175 0.04762 0.05556 0.01587 0.00000 0.05556
GNM13062                       0.03968 0.09524 0.04762 0.07937 0.00000 0.03968 0.05556 0.11905 0.00794 0.05556 0.11111 0.10317 0.00000 0.00794 0.02381 0.03968 0.07143 0.01587 0.01587 0.07143
GNM13064                       0.02564 0.10256 0.05983 0.05983 0.00855 0.06838 0.06838 0.07692 0.02564 0.09402 0.08547 0.07692 0.04274 0.00855 0.00855 0.05983 0.04274 0.00855 0.01709 0.05983
GNM13066                       0.02381 0.09524 0.07937 0.05556 0.00794 0.04762 0.04762 0.09524 0.02381 0.07143 0.08730 0.10317 0.03175 0.00794 0.00794 0.05556 0.05556 0.00794 0.01587 0.07937
GNM11034                       0.07143 0.11111 0.02381 0.06349 0.00000 0.03175 0.03968 0.12698 0.02381 0.04762 0.09524 0.06349 0.03175 0.00000 0.03968 0.00794 0.09524 0.02381 0.02381 0.07937
GNM11363                       0.05556 0.08730 0.02381 0.07937 0.00000 0.01587 0.03968 0.12698 0.02381 0.05556 0.08730 0.09524 0.03968 0.02381 0.01587 0.05556 0.06349 0.01587 0.03175 0.06349
GNM11375                       0.06481 0.10185 0.05556 0.06481 0.00000 0.01852 0.05556 0.09259 0.01852 0.09259 0.10185 0.05556 0.00926 0.02778 0.01852 0.04630 0.11111 0.01852 0.00926 0.03704
GNM11381                       0.03968 0.07937 0.05556 0.04762 0.00000 0.01587 0.04762 0.11905 0.02381 0.06349 0.08730 0.09524 0.00000 0.03175 0.02381 0.07143 0.10317 0.01587 0.00794 0.07143
GNM11382                       0.03968 0.07937 0.05556 0.05556 0.00000 0.02381 0.04762 0.12698 0.02381 0.07143 0.08730 0.10317 0.00794 0.03968 0.02381 0.06349 0.07143 0.01587 0.00794 0.05556
GNM11799                       0.04762 0.10476 0.06667 0.03810 0.00952 0.02857 0.05714 0.09524 0.01905 0.08571 0.06667 0.08571 0.00952 0.03810 0.01905 0.07619 0.05714 0.01905 0.00952 0.06667
GNM11841                       0.03968 0.11905 0.04762 0.08730 0.00000 0.05556 0.07143 0.09524 0.02381 0.05556 0.04762 0.06349 0.02381 0.01587 0.00794 0.02381 0.10317 0.00794 0.01587 0.09524
GNM11931                       0.08730 0.10317 0.03968 0.09524 0.00000 0.04762 0.07143 0.11905 0.01587 0.05556 0.04762 0.03175 0.02381 0.00794 0.00794 0.03175 0.11111 0.00794 0.01587 0.07937
GNM12040                       0.04762 0.10317 0.03175 0.11111 0.00000 0.01587 0.07143 0.10317 0.03175 0.06349 0.03968 0.07143 0.03175 0.02381 0.00794 0.04762 0.11111 0.00794 0.00794 0.07143
GNM12071                       0.05556 0.09524 0.04762 0.10317 0.00000 0.02381 0.07143 0.10317 0.02381 0.04762 0.06349 0.06349 0.01587 0.01587 0.00794 0.06349 0.07937 0.00794 0.01587 0.09524
GNM12125                       0.07143 0.11111 0.02381 0.06349 0.00794 0.00794 0.04762 0.11905 0.01587 0.10317 0.10317 0.08730 0.02381 0.00794 0.03175 0.00794 0.05556 0.01587 0.03968 0.05556
GNM12126                       0.05556 0.11905 0.00794 0.07937 0.00000 0.01587 0.03968 0.11111 0.02381 0.07143 0.12698 0.07937 0.01587 0.01587 0.02381 0.04762 0.06349 0.01587 0.03968 0.04762
GNM12128                       0.03968 0.10317 0.02381 0.05556 0.00794 0.03175 0.07143 0.10317 0.02381 0.12698 0.07937 0.04762 0.02381 0.01587 0.03175 0.05556 0.04762 0.02381 0.03175 0.05556
GNM12182                       0.03968 0.10317 0.03175 0.07143 0.00000 0.02381 0.05556 0.10317 0.02381 0.06349 0.10317 0.10317 0.03175 0.01587 0.01587 0.03175 0.07143 0.01587 0.01587 0.07937
GNM12342                       0.04762 0.11905 0.03175 0.07143 0.01587 0.02381 0.07143 0.07937 0.01587 0.08730 0.08730 0.08730 0.02381 0.01587 0.03175 0.03175 0.04762 0.00794 0.03175 0.07143
GNM12346                       0.05556 0.09524 0.03175 0.07143 0.00000 0.04762 0.03968 0.10317 0.02381 0.07937 0.05556 0.07937 0.03175 0.00794 0.03175 0.02381 0.08730 0.00794 0.03175 0.09524
GNM12351                       0.02381 0.09524 0.03968 0.08730 0.00000 0.03175 0.03175 0.11111 0.01587 0.07937 0.11905 0.11111 0.00794 0.00794 0.03175 0.05556 0.07143 0.00794 0.02381 0.04762
GNM12356                       0.04762 0.08730 0.03175 0.07143 0.01587 0.03968 0.06349 0.09524 0.01587 0.09524 0.09524 0.09524 0.03175 0.02381 0.02381 0.04762 0.04762 0.00794 0.02381 0.03968
GNM12357                       0.03968 0.08730 0.02381 0.07143 0.01587 0.03968 0.07937 0.07937 0.01587 0.05556 0.10317 0.10317 0.03175 0.01587 0.03175 0.03968 0.05556 0.00794 0.03175 0.07143
GNM12366                       0.04762 0.08730 0.02381 0.07143 0.01587 0.03968 0.07937 0.08730 0.01587 0.06349 0.11111 0.10317 0.02381 0.01587 0.03175 0.03175 0.04762 0.00794 0.03175 0.06349
GNM12373                       0.07937 0.07937 0.03175 0.07143 0.00794 0.03175 0.04762 0.11905 0.01587 0.06349 0.08730 0.08730 0.03175 0.00794 0.03175 0.03175 0.05556 0.00794 0.02381 0.08730
GNM12385                       0.06349 0.10317 0.03968 0.09524 0.00000 0.02381 0.02381 0.11111 0.03175 0.05556 0.06349 0.06349 0.03968 0.00000 0.01587 0.03175 0.11905 0.00794 0.01587 0.09524
GNM12551                       0.03968 0.09524 0.00794 0.07143 0.00794 0.02381 0.11905 0.10317 0.02381 0.07937 0.08730 0.11111 0.02381 0.00794 0.02381 0.03175 0.03968 0.00794 0.03968 0.05556
GNM12554                       0.06349 0.09524 0.03175 0.06349 0.00794 0.01587 0.05556 0.11111 0.01587 0.07143 0.06349 0.09524 0.03968 0.00000 0.01587 0.04762 0.09524 0.00794 0.02381 0.07937
GNM12592                       0.07143 0.09524 0.02381 0.05556 0.00794 0.03175 0.05556 0.11111 0.01587 0.06349 0.07937 0.08730 0.03968 0.00794 0.02381 0.03175 0.08730 0.00794 0.00794 0.09524
GNM12596                       0.07937 0.08730 0.03175 0.05556 0.00000 0.03968 0.03968 0.12698 0.01587 0.03968 0.12698 0.08730 0.00794 0.00794 0.03968 0.03968 0.07143 0.00794 0.02381 0.07143
GNM12602                       0.07937 0.09524 0.03968 0.06349 0.00000 0.02381 0.03968 0.12698 0.01587 0.04762 0.12698 0.07937 0.00794 0.00794 0.03968 0.03175 0.07937 0.00794 0.02381 0.06349
GNM12665                       0.07937 0.08730 0.03175 0.06349 0.00000 0.02381 0.03968 0.12698 0.01587 0.04762 0.12698 0.08730 0.00794 0.00794 0.03968 0.03175 0.08730 0.00794 0.02381 0.06349
GNM12745                       0.04762 0.09524 0.04762 0.08730 0.00794 0.03175 0.07143 0.07937 0.02381 0.08730 0.07937 0.06349 0.02381 0.01587 0.01587 0.06349 0.06349 0.00794 0.02381 0.06349
GNM12749                       0.04762 0.08730 0.03968 0.07143 0.00000 0.01587 0.03968 0.11111 0.01587 0.07143 0.07937 0.09524 0.02381 0.00794 0.02381 0.03968 0.08730 0.00794 0.01587 0.11905
GNM12758                       0.03175 0.13492 0.05556 0.06349 0.00794 0.01587 0.09524 0.08730 0.01587 0.07937 0.07937 0.07143 0.03968 0.00794 0.01587 0.07937 0.04762 0.00794 0.03175 0.03175
GNM12763                       0.04000 0.12000 0.04800 0.05600 0.00000 0.01600 0.10400 0.11200 0.01600 0.09600 0.07200 0.10400 0.01600 0.02400 0.01600 0.03200 0.05600 0.00800 0.02400 0.04000
GNM12766                       0.05556 0.11905 0.01587 0.07143 0.01587 0.03175 0.07937 0.07937 0.02381 0.09524 0.07937 0.09524 0.00794 0.01587 0.02381 0.03175 0.05556 0.00794 0.03175 0.06349
GNM12841                       0.06349 0.10317 0.03968 0.09524 0.00000 0.04762 0.08730 0.09524 0.02381 0.06349 0.04762 0.07143 0.02381 0.01587 0.00794 0.02381 0.08730 0.00794 0.00794 0.08730
GNM12849                       0.07143 0.07937 0.07937 0.03968 0.00794 0.01587 0.04762 0.11111 0.01587 0.10317 0.07937 0.07143 0.01587 0.03175 0.02381 0.03175 0.10317 0.01587 0.01587 0.03968
GNM12869                       0.04762 0.09524 0.07143 0.06349 0.00000 0.02381 0.04762 0.11111 0.02381 0.08730 0.10317 0.05556 0.00794 0.02381 0.02381 0.04762 0.09524 0.01587 0.00794 0.04762
GNM12896                       0.03175 0.07143 0.07143 0.05556 0.00000 0.03175 0.05556 0.12698 0.01587 0.07937 0.05556 0.10317 0.02381 0.03968 0.02381 0.04762 0.07143 0.01587 0.00794 0.07143
GNM12897                       0.03175 0.07937 0.07143 0.05556 0.00000 0.02381 0.05556 0.12698 0.01587 0.08730 0.05556 0.10317 0.02381 0.03968 0.02381 0.04762 0.07143 0.01587 0.00794 0.06349
GNM12902                       0.03175 0.10317 0.06349 0.09524 0.00000 0.02381 0.06349 0.10317 0.01587 0.08730 0.11905 0.10317 0.03175 0.00794 0.02381 0.03175 0.02381 0.00794 0.03175 0.03175
GNM12903                       0.11111 0.07937 0.03175 0.07937 0.00794 0.02381 0.02381 0.10317 0.02381 0.05556 0.11905 0.09524 0.00794 0.01587 0.03175 0.02381 0.05556 0.03175 0.01587 0.06349
GNM12906                       0.11111 0.07937 0.03175 0.06349 0.00794 0.02381 0.03968 0.10317 0.02381 0.05556 0.11905 0.09524 0.01587 0.00794 0.03175 0.02381 0.04762 0.03175 0.01587 0.07143
GNM12907                       0.10317 0.08730 0.03175 0.07937 0.00794 0.01587 0.02381 0.10317 0.02381 0.05556 0.12698 0.09524 0.00794 0.01587 0.03175 0.02381 0.07143 0.02381 0.01587 0.05556
GNM12909                       0.09524 0.07937 0.03175 0.07143 0.00794 0.02381 0.03175 0.10317 0.02381 0.05556 0.12698 0.10317 0.00794 0.00794 0.03175 0.03175 0.05556 0.02381 0.01587 0.07143
GNM12915                       0.07143 0.14286 0.02381 0.07143 0.00794 0.03968 0.04762 0.09524 0.01587 0.07143 0.09524 0.05556 0.03175 0.01587 0.03175 0.01587 0.05556 0.01587 0.02381 0.07143
GNM10046                       0.07937 0.14286 0.02381 0.07143 0.00794 0.03175 0.04762 0.09524 0.01587 0.07937 0.09524 0.05556 0.03175 0.01587 0.03175 0.01587 0.05556 0.01587 0.02381 0.06349
GNM12918                       0.07143 0.12698 0.02381 0.07143 0.00794 0.03968 0.04762 0.09524 0.01587 0.07143 0.09524 0.07143 0.03175 0.01587 0.03175 0.01587 0.05556 0.01587 0.02381 0.07143
GNM12931                       0.03175 0.11111 0.01587 0.06349 0.00794 0.01587 0.06349 0.12698 0.01587 0.10317 0.10317 0.08730 0.02381 0.00794 0.01587 0.03175 0.06349 0.01587 0.03968 0.05556
GNM12938                       0.03968 0.12698 0.05556 0.07937 0.00000 0.02381 0.04762 0.09524 0.01587 0.09524 0.08730 0.07143 0.03175 0.00794 0.01587 0.05556 0.05556 0.01587 0.03175 0.04762
GNM12996                       0.05556 0.10317 0.02381 0.07937 0.00000 0.01587 0.03968 0.10317 0.01587 0.05556 0.11111 0.07937 0.03968 0.00794 0.02381 0.07143 0.05556 0.01587 0.03175 0.07143
GNM13018                       0.05556 0.11111 0.02381 0.07143 0.00000 0.01587 0.04762 0.10317 0.01587 0.05556 0.10317 0.07937 0.03175 0.00794 0.02381 0.07143 0.05556 0.01587 0.03175 0.07937
GNM13027                       0.03175 0.11905 0.03175 0.08730 0.00000 0.01587 0.04762 0.10317 0.01587 0.06349 0.07937 0.08730 0.03175 0.01587 0.01587 0.03968 0.06349 0.01587 0.03968 0.09524
GNM13046                       0.04762 0.07937 0.05556 0.04762 0.00794 0.04762 0.03968 0.12698 0.02381 0.13492 0.04762 0.07937 0.01587 0.01587 0.01587 0.06349 0.06349 0.01587 0.02381 0.04762
GNM13053                       0.06349 0.10317 0.03175 0.08730 0.00794 0.02381 0.02381 0.11905 0.01587 0.04762 0.10317 0.11111 0.03175 0.00794 0.00794 0.09524 0.03175 0.01587 0.00794 0.06349
GNM13074                       0.06349 0.14286 0.03175 0.06349 0.00794 0.03175 0.05556 0.11111 0.01587 0.07143 0.10317 0.04762 0.02381 0.01587 0.03968 0.00794 0.05556 0.02381 0.02381 0.06349
GNM10010                       0.07143 0.11905 0.02381 0.06349 0.00000 0.02381 0.04762 0.10317 0.03175 0.07143 0.11111 0.06349 0.03175 0.00794 0.03175 0.01587 0.06349 0.02381 0.03175 0.06349
GNM10014                       0.07937 0.11905 0.02381 0.06349 0.00000 0.02381 0.04762 0.10317 0.03175 0.07937 0.07143 0.06349 0.03175 0.01587 0.03175 0.01587 0.06349 0.02381 0.02381 0.08730
GNM13090                       0.05556 0.12698 0.03175 0.06349 0.00000 0.02381 0.05556 0.10317 0.02381 0.07937 0.09524 0.06349 0.03175 0.00794 0.03175 0.00794 0.07937 0.02381 0.03175 0.06349
GNM13118                       0.06349 0.09524 0.01587 0.06349 0.00000 0.01587 0.04762 0.10317 0.01587 0.04762 0.15079 0.09524 0.02381 0.01587 0.03968 0.03175 0.06349 0.00794 0.02381 0.07937
GNM13126                       0.02381 0.09524 0.05556 0.04762 0.00000 0.03175 0.10317 0.09524 0.01587 0.07143 0.15079 0.11111 0.00794 0.00000 0.03175 0.03968 0.02381 0.00794 0.02381 0.06349
GNM13128                       0.02381 0.09524 0.07143 0.05556 0.00000 0.03175 0.08730 0.09524 0.01587 0.07143 0.12698 0.11111 0.00794 0.00000 0.03968 0.03175 0.03968 0.00794 0.02381 0.06349
GNM13208                       0.10317 0.08730 0.02381 0.07143 0.00794 0.01587 0.02381 0.11905 0.01587 0.06349 0.11905 0.08730 0.01587 0.01587 0.04762 0.03968 0.05556 0.02381 0.01587 0.04762
GNM13210                       0.04762 0.11905 0.02381 0.06349 0.00000 0.00794 0.06349 0.11111 0.01587 0.06349 0.12698 0.07143 0.00794 0.00794 0.02381 0.04762 0.05556 0.01587 0.03968 0.08730
GNM12773                       0.04762 0.07143 0.03175 0.04762 0.00000 0.00794 0.06349 0.10317 0.01587 0.11111 0.09524 0.13492 0.00794 0.01587 0.02381 0.06349 0.07937 0.01587 0.02381 0.03968
GNM12769                       0.03175 0.09524 0.06349 0.07937 0.00000 0.00794 0.04762 0.11905 0.01587 0.12698 0.08730 0.11905 0.00794 0.03175 0.01587 0.07143 0.02381 0.00794 0.00000 0.04762
GNM12768                       0.04800 0.08800 0.04000 0.06400 0.00000 0.03200 0.08800 0.08000 0.02400 0.05600 0.12000 0.08800 0.00800 0.00800 0.01600 0.07200 0.06400 0.01600 0.00800 0.08000

Homogeneity statistic: X2 = 14.82892 G = 15.36763 

Average                        0.05265 0.10222 0.04326 0.06646 0.00361 0.02800 0.05270 0.10843 0.01958 0.07547 0.09402 0.08178 0.02039 0.01780 0.02347 0.04504 0.06684 0.01494 0.01812 0.06522
(Ambiguity characters are used to calculate freqs.)


# constant sites:      2 (1.59%)

TREE #  1:  ((((((((46, 145), 130), (57, 94)), 95), 96), (((132, 133), (97, 56)), (131, 134))), ((((((124, 123), 126), 125), 144), (59, 45)), 141)), (((((((((((((((((47, (48, 22)), 49), 89), 51), 26), (((68, 21), (24, 23)), 42)), (((((((((54, 52), 53), 50), 55), 119), (19, 6)), (((27, 39), (7, 5)), (86, 20))), ((10, 66), 118)), 72)), 135), (((87, 71), 18), 88)), (((120, 70), 121), 40)), (((((76, 4), 75), (69, 13)), (30, 77)), (14, 65))), (78, 41)), (85, 67)), (((((82, 83), 44), 43), (15, 136)), ((37, 81), 12))), ((((1, 79), 80), (8, 2)), 38)), ((((35, 36), 33), (3, 31)), (((84, 11), 34), 32))), (((((29, 28), (146, 25)), ((62, 63), 64)), ((147, 61), 148)), ((17, 16), 60))), (((((((((((111, 109), 110), 100), 108), 99), (((107, 105), 113), 104)), ((((92, 9), 93), (90, 117)), 91)), (58, 73)), ((143, 142), (74, 122))), ((((((103, 102), 101), 116), 98), ((112, 114), 115)), 106)), ((((138, 139), 140), 137), ((129, 127), 128))));   MP score: -1
lnL(ntime:293  np:294): -14406.837545      +0.000000
 149..150 150..151 151..152 152..153 153..154 154..155 155..156 156..46  156..145 155..130 154..157 157..57  157..94  153..95  152..96  151..158 158..159 159..160 160..132 160..133 159..161 161..97  161..56  158..162 162..131 162..134 150..163 163..164 164..165 165..166 166..167 167..168 168..124 168..123 167..126 166..125 165..144 164..169 169..59  169..45  163..141 149..170 170..171 171..172 172..173 173..174 174..175 175..176 176..177 177..178 178..179 179..180 180..181 181..182 182..183 183..184 184..185 185..186 186..47  186..187 187..48  187..22  185..49  184..89  183..51  182..26  181..188 188..189 189..190 190..68  190..21  189..191 191..24  191..23  188..42  180..192 192..193 193..194 194..195 195..196 196..197 197..198 198..199 199..200 200..54  200..52  199..53  198..50  197..55  196..119 195..201 201..19  201..6   194..202 202..203 203..204 204..27  204..39  203..205 205..7   205..5   202..206 206..86  206..20  193..207 207..208 208..10  208..66  207..118 192..72  179..135 178..209 209..210 210..211 211..87  211..71  210..18  209..88  177..212 212..213 213..214 214..120 214..70  213..121 212..40  176..215 215..216 216..217 217..218 218..219 219..76  219..4   218..75  217..220 220..69  220..13  216..221 221..30  221..77  215..222 222..14  222..65  175..223 223..78  223..41  174..224 224..85  224..67  173..225 225..226 226..227 227..228 228..229 229..82  229..83  228..44  227..43  226..230 230..15  230..136 225..231 231..232 232..37  232..81  231..12  172..233 233..234 234..235 235..236 236..1   236..79  235..80  234..237 237..8   237..2   233..38  171..238 238..239 239..240 240..241 241..35  241..36  240..33  239..242 242..3   242..31  238..243 243..244 244..245 245..84  245..11  244..34  243..32  170..246 246..247 247..248 248..249 249..250 250..29  250..28  249..251 251..146 251..25  248..252 252..253 253..62  253..63  252..64  247..254 254..255 255..147 255..61  254..148 246..256 256..257 257..17  257..16  256..60  149..258 258..259 259..260 260..261 261..262 262..263 263..264 264..265 265..266 266..267 267..268 268..111 268..109 267..110 266..100 265..108 264..99  263..269 269..270 270..271 271..107 271..105 270..113 269..104 262..272 272..273 273..274 274..275 275..92  275..9   274..93  273..276 276..90  276..117 272..91  261..277 277..58  277..73  260..278 278..279 279..143 279..142 278..280 280..74  280..122 259..281 281..282 282..283 283..284 284..285 285..286 286..103 286..102 285..101 284..116 283..98  282..287 287..288 288..112 288..114 287..115 281..106 258..289 289..290 290..291 291..292 292..138 292..139 291..140 290..137 289..293 293..294 294..129 294..127 293..128
 0.039235 0.048339 0.090473 0.000000 0.000000 0.046858 0.152523 0.185214 0.085196 0.101392 0.045685 0.250207 0.152570 0.287069 0.353397 0.174122 0.006480 0.120901 0.021610 0.005409 0.038528 0.165911 0.045341 0.059617 0.152252 0.031437 0.113745 0.172403 0.061704 0.083404 0.022709 0.007158 0.049897 0.000000 0.065013 0.007378 0.131015 0.099895 0.167628 0.133293 0.359631 0.028702 0.024037 0.182505 0.042576 0.139222 0.079707 0.025967 0.170096 0.065351 0.056108 0.053631 0.051623 0.032805 0.011903 0.081596 0.002313 0.016593 0.006791 0.012237 0.012696 0.000000 0.022763 0.032560 0.107251 0.090720 0.079136 0.105993 0.021829 0.000000 0.000000 0.037783 0.000000 0.000000 0.113929 0.061666 0.043111 0.069535 0.032183 0.000000 0.000000 0.000000 0.000000 0.000000 0.000000 0.000000 0.000000 0.000000 0.000000 0.019623 0.000000 0.006501 0.033108 0.008777 0.000000 0.078368 0.000000 0.013035 0.006496 0.054483 0.013394 0.000000 0.007502 0.000000 0.064383 0.029578 0.006454 0.000000 0.010525 0.187685 0.122112 0.090552 0.014413 0.054787 0.024317 0.009709 0.081013 0.061643 0.124722 0.007132 0.000000 0.012896 0.000000 0.019486 0.066439 0.112463 0.002455 0.084973 0.027342 0.049302 0.050576 0.064048 0.071362 0.089052 0.021962 0.004169 0.089353 0.017047 0.009068 0.124914 0.055979 0.009310 0.229555 0.000000 0.000000 0.215609 0.000000 0.000000 0.000000 0.063538 0.293849 0.113153 0.036681 0.065076 0.075127 0.074685 0.136702 0.139814 0.214100 0.214743 0.317497 0.030066 0.070162 0.052085 0.130401 0.075669 0.107171 0.168896 0.076488 0.016159 0.041366 0.141240 0.131217 0.072895 0.000000 0.252202 0.097659 0.054909 0.089737 0.078648 0.006903 0.000000 0.088361 0.200179 0.015047 0.011737 0.142926 0.160372 0.002046 0.012695 0.025285 0.061804 0.155819 0.068236 0.043028 0.085410 0.108092 0.088308 0.161883 0.202394 0.159761 0.115989 0.118995 0.000000 0.129396 0.055838 0.056866 0.256198 0.077287 0.027758 0.320996 0.259560 0.382093 0.057343 0.408228 0.000000 0.000000 0.130805 0.171191 0.000000 0.162489 0.000000 0.160785 0.020118 0.029014 0.062779 0.181676 0.119428 0.000000 0.008258 0.058202 0.014264 0.280576 0.311858 0.155761 0.120138 0.035570 0.066556 0.263328 0.173456 0.238918 0.342092 0.307766 0.083954 0.057466 0.054946 0.115325 0.077186 0.177597 0.080421 0.046862 0.122176 0.169374 0.276517 0.220542 0.048298 0.387190 0.138607 0.050252 0.078194 0.099137 0.347376 0.114009 0.022115 0.050083 0.212582 0.067644 0.228920 0.110933 0.004810 0.066170 0.141005 0.027821 0.074102 0.018891 0.111851 0.283743 0.152120 0.155349 0.217584 0.297029 0.036137 0.035977 0.017211 0.019907 0.043564 0.014375 0.026269 0.041298 0.009661 0.013484 0.000000 0.005048 1.044400
