
Printing out site pattern counts


       155         91  P

GNM13746                        -AAAAAADDE EEEEFFGGGG GGGGGGGHII IIIIIIIKKK KKKKKKKKKK LLLLLLLLLN NNNPPQQRRR SSSSTTVVVV VVVVVVVWYY Y
GNM13538                        -AAESSSDDE EQRSFFAAGG GGGGGGLFII ILLLLLVEEG KKKKKKKRRS LLLLLPSVVG MNSKPEKLRR DEKSADAAIR STVVVVVFFI L
GNM13671                        -AITADRENT TKLQFFAIGG GGGNSSATIT VIKLVYLKKE EHKKKPSKYP IILLLVTFLG KNNNKEGKRT SYESISTVAV QEIVVVVWFV I
GNM13876                        -AASAEREKD RRQRFFAQGG GGGGGSLTIL VLRILFIKQR KKKKRKREIG ILLLLPLFNN QNQMREGKRT SSSSTTTLLE KEVVVVVAFV L
GNM13680                        -AVTSEAEDA KAKKFLATGG GGGGCKLTVF VLRILVVEEG EHKKRKWKAP ILLLVPTIIG VNAKPDGREA SRSSTGTLIE TEIIIIVWIV E
GNM14837                        -SLSNDKSTE KLTEFLATGG GGGGFKATIY VLVLIVLENK EHKKRKSKAP AIILIPSILN TNAKPEGAQA SNNSMPTLID DYLFLVVWIT A
GNM14249                        -SLSNDKSTE KLNEFLATGG GGGGCKATIY VLVLIVLENK EHKKKKKQAP AIVLIPSILN INGKPEGAKA SNNSMPTLID DYLFIVVWIT A
GNM13928                        -SISKDKSTE KLAEFLATGG GGGGFKATIH VLVLIVLENK EHKKRKKQAP AIILIPTILN INGKPDGAQA SNSSMSTLID DYLFLVVWIV A
GNM13297                        -AAESSSDDE EQRSFFAAGG GGGGGGLFII ILLLLLVEEG KKKKKKKRRS LLLLLPSVVG MNSKPEKLRR DEKSADAAIR STVVVVVFFI L
GNM14865                        -ATTVEDEDE DEKEVLAS-G GGGNASLTIL VLRVVVLQSK DKKKRNAQRP IILLVPTVYD ENEQNQGQRA DGVSLQAVAE ERVVVVVWFT A
GNM13455                        -SIARDKSTE KLAEFLATGG GGGGCKATVF VLVLIVLENK EHKKRKKKAP AIILVPSLLS LNGKPDGAQA SNDSMNTLIH DYLFIVVWIT S
GNM14938                        -A---ER--P -K--F--T-- GGG-I-LT-- -V--LLV--R EH-KKPR--- VLLL-L-FVN -NNKP--ERS DEK-LRTA-V SEVVVLVWFR L
GNM14483                        -AASAQVGTE SSSKFFASGG GGGGGSLVLV VLRLLFLAAK EKKKKKVKRP SVVLLPSIIG ENSEPQGTRA SGLSMDAALE MLVVVVFWFA A
GNM14872                        -AVSMEDDDA KSKKFLATGG GGGGCKVTIL VLRILVLDEG DHKKRKWKAP VLLLVPSIVS GNAKPDGKQA SGNSTGTLIE TRVVVVIWIV E
GNM13855                        -AITADAQDN ESNNYLASGA GGGGSKFTLL VLRILVITDK NHKKRKWKVP ILLLIPSIIG NNDNQSGKKA SQTSTGTLIL VEVVIVIWFI E
GNM14445                        -AVSAETPTK ENIKYFAGGG GGGNGKLVII VLKLILVNKK NHKKKRKRTP MIVLLPSIID KNSKNIGLNA SGTTTSTTVK MYVIVVVWFV A
GNM14404                        -ACKADARDD RESELLAGGG GGGYASLTIL VLKIVVVSAK NKKKKRKEKP ILILIPSVYG ENDNRKGDKK ASSSTSLII- IKVVVVAWFI A
GNM14545                        -ACKADARDD RESELLAGGG GGGYASLTIL VLKIVVVSAK NKKKKRKEKP ILILIPSVYG ENDNRKGDKK ASSSTSLII- IKVVVVAWFI A
GNM14366                        -CIASDKNTE RQRSFIATGG GGGGYKLTIH VLRIIIVSTK EHKKRKKKAP VLILIPNIVN QNGKPDGSSA SGNSTSTLIV DMLVVVVWIV A
GNM14252                        -SLSSDKSTE KLSEFLATGG GGGGCKATIY VLVLIVLENK EHKKKKKQAP AIVLIPSILN LNAKPQGAKA SNNSMPTLID DYLFIVVWIT A
GNM13760                        -SISKDKSTE KLSEFLATGG GGGGFKATIY VLVLIVLENK EHKKRKKQAP AIVLIPSILN INGKPDGAQA ANISMPTLID DYLFLVVWIT A
GNM13982                        -SVASNKSTD EQKEFMATGG GGGGSKVSIF VLKIVVLENK DHKKRKKKAP LIILLTKITG INNEPEGAQA STNSTSTVII IFVIVIVWIA A
GNM13960                        -SISNDRS-E KLN-F-ATGG GGS-C-ATIY -L--IFLRTK DHKKRKK-A- IIILMPTIGN INNKP--STA STNSMSTL-V DLLVVVLWIV A
GNM14633                        -SISSNKSTD EQKEFMATGG GGGGSKVSIF VLKIVILENK DHKKRKKKAP LIILLTKITG KNDEPEGAEA SKNSTSTVII IYVIIVIWIA A
GNM14853                        -SISSNKSTD EQKEFMATGG GGGGSKVSIF VLKIVILENK DHKKRKKKAP LIILLTKITG KNDEPEGAEA SKNSTSTVII IYVIIVIWIA A
GNM14174                        -AYKADEPKK KAEELLASKA GGGNASLTLI VLKIVVLAEK KHKKRARKKP IIILVPSIHS ANNQKEGRRA TSASLDTVVA FHVVVIVWAM A
GNM14748                        -SLSNDKETD KLAKFLATGG GGGGCKATVH VLVLIVLENK EHKKRKSQAP AIILIPSILN LNSKPEGGQA SNNSMSTLID DYLFIVVWIT A
GNM14246                        -ACQAEDLKR KSLKFLAAKG GGGNASLNII VLKIIVVRER EHKKRPRRRP ILILLPSIHR LNSRGEGRRA ASKSLDTIAT ACVVVVVWFT A
GNM14640                        -ACQAEYLKK KSTKFLAAKG GGGNAALNII VLKVIAVGDH DHKKRPRNRP MLILLPSIYG LNNKEDGCRV ASKSLDTIMA SCVVVVVWFT A
GNM14965                        -AVMVESNEN KSKDFLASGG GGGGCRITIL VLRILVIDEK HHKKRKWKAP VLMLIPTIVD TNSKSEGRST SSESIDTLIE TEVVVVIWIV E
GNM13677                        -AASAEREKD RRQRFFAQGG GGGGGSLTIL VLRILFIKQR KKKKRKREIG ILLLLPLFNN QNEMREGKRT SSSSATTLLE KEVVVVVAFV L
GNM14339                        -AAAAGTEDP KERELYAVGG GGGGIKLKVL LVVILLIDDS RKKKHPARYG KLLLYVYFVG LNNAREGARS DYVSLEAVIV RHIVVLVWYG L
GNM14593                        -AVTADRRTP TEEEFFASGG GGGNSSATIT VIKLIYLKKR EHKKKPSKYP LIILLPTFLG LNSKREGKRT SYESINTIIV QEIVVVVWFV I
GNM13825                        -APAAERDDP TKRAFFSTGG GGGGISLTVL IVRLLLVEER EHKKKPRSYP VLLLLLYFVN QNNRPQVERS DERSLNTVIV VEVVVLVWFR L
GNM14768                        -AIKSDRRTG TEEEFFASGC GGGGSSATLT VIKIIYLKQK EHKKKAEKYP VLILLPTFLG LNNRREGKRT SYSSVDTIAV AEIVVVVWFV L
GNM14776                        -AIKSDRRTN TEEEFFASGC GGGGSSATLT VIKIIYLKQK EHKKKAKKYP VLILLPTFLG LNNRREGKRT SYSSIDTIAV AEIVVVVWFV L
GNM14715                        -AASTGDEKD ASSKFFATGG GGGGGSLVIV VLKLLFLAAA KKKKRKVRRP VIALLPSIVA ENSGRDGSNA SGASTGAALE MLVVVVVWFA S
GNM14639                        -AFSADKTDE TLKELFADGG GGGNGSITIL VIKIVLVEKK EHKKKPKRIP IIILLPPFLN VNSKNEGSKE FGLSADTVIE KMVVVLVWAV E
GNM13795                        -SLSNDKATD KLAKFLATGG GGGGCKATVH VLVLIVLENK EHKKRKSQAP AIILIPSILN LNSKPDGGQA SNNSMSTLID DYLFIVVWIT A
GNM14166                        -SITSDKSTD KLKKFIGTGG GGGGCKASII VLKIIILEAK EHKKQKKNAP VILLLPDIFN INDSPQGEKA SGNSMSALIT TLLVLVIWIV A
GNM13993                        -AFTADNEEN TEVEVLAAGG GGGGGKLTII VIKIIAVSEH QHKKSSENKP ILILMPLVVG KNSKKKGTKA SGVSRETIVE SKIVIVIWFV V
GNM14450                        -AISSDKKKE EEKEFFAAGS GGGKCSMTIV VFKIIILEQR KHKKKKWKTP IIMLFPSIFG INSEPTGLRA SSTSADTLIG NMIVVIVWLM Q
GNM13745                        -AINADAEEK KNQETLATGG GGGGGKLTII VIRLIAINEK RHKKKPINHP ILILMPFIID INSNKQGKKS AGVSRDTVVE THIMIVVWFI V
GNM14030                        -ATTADDEEN KKEEVLAGGG GGGGGKLTII VIKILAINQH KHKKKSETKP ILILLPLLLG HNSKKKGNKS DGVSRETVVX SKIIIVVWFV L
GNM14959                        -AAGADYPKD EEDRWLAYGA GGGNASLTII VLKIVVVKRK DKAKKRRRLN IILLIPTILG KNNNAEGDRA SGVSLSVVVE FLIVVVVWFV A
GNM13413                        -AVTSDAMSP RSERFLAAGG GGGNASLTII VLKIVVVRKK EHKKRPEEIP IILLLPHIHG VNNAPDGGRA SSDSTDTVLA EEVVVVVWFI A
GNM14990                        -SISNDRSTE KLNKFMATGG GGSGCKATIY VLIIIFLQAK DHKKRKKKAP IIILIPTIGN INNKPDGSTA STNSMSTLIV DLLVVVLWIV A
GNM15005                        -SISNDRSTE KLNKFMATGG GGSGCKATIY VLIIIFLQTK DHKKRKKKAP IIILIPTIAN INNKPDGSTA SANSMSTLIV DLLVVVLWII A
GNM14992                        -SITTDRSTE KLNKFMATGG GGGGSKATIY VLIIIFLQAK THKKRKKKAP VIILMPTITN INNKPDGSKA STNSMSTLIV DLLVVVLWMI A
GNM15013                        -SIS-DRSTE KLNKFMATGG GGSGCKATIY VLIIIFLQTK DHKKRKKKAP IIILIPTIGN INNKPDGSTA SANSMSTLIV DLLVVVLWIV A
GNM15014                        -SITTDRSTE KLNKFMATGG GGGGSKATIY VLIIIFLQAK AHKKRKKKAP VIILMPAISN INNKPDGSKA STNSMSTLIV DLLVVVLWMI A
GNM14976                        -SISNDRSTE ELNKFMATGG GGSGCKATIY VLIIIFLQAK DHKKRKKKAP IIILIPTIGN INNKPDGSTA SANSMSTLIV DLLVVVLWII A
GNM15022                        -SISNDRSTE KLNKFMATGG GGSGCKATIY VLIIIFLQTK DHKKRKKKAP IIILIPTIGN INNKPDGSTA STNSMSTLIV DLLVVVLWIV A
GNM14999                        -SITTDRSTD TIKKFMATGG GGGGSKAIIY VLMIIFLQTK EHKKRKKKAP IIILMPTIIN INNKPDGSKA STNSMSTLIV DLLVVVLWMV A
GNM15018                        -SLSNDKSTE KLSEFLATGG GGGGCKATIY VLVLIVLENK EHKKKKKQAP AIVLIPSILN LNAKPEGAKA SNNSMPTLID DYLFIVVWIT A
GNM15025                        -SISSDKSTN VVKQFMATGG GGGNCKATIS VFMLIFLQTK DHKKRKKKAP IIILLPKIIN INNKPDGAKA STNSLSTLIV ELLVVVLWII A
GNM15024                        -SLSNDKSTE KLSEFLATGG GGGGCKATIY VLVLIVLENK EHKKKKKQAP AIVLIPSILN LNAKPEGAKA SNNSMPTLID DYLFIVVWIT A
GNM14980                        -SLSNDKSTE KLSEFLATGG GGGGCKATIY VLVLIVLENK EHKKKKKQAP AIVLIPSILN LNAKPEGAKA SNNSMPTLID DYLFIVVWIT A
GNM15000                        -SLSNDKSTE KLSEFLATGG GGGGCKATIY VLVLIVLENK EHKKKKKQAP AIVLIPSILN LNAKPEGAKA SNNSMPTLID DYLFIVVWIT A
GNM15026                        -SITSDKSTN KLKQFMATGG GGGGCKATIS VLMLIILKTK NHKKRKKKAP VIILIPRLVD INDKPDGAKA STNSLSTLIV ELLVVVLWIV A
GNM15027                        -GASADTKSP EESEFFAGGG GGGGGKLVII VLKLVIVAER EHKKKKIKRS IIILLPPLLG TNAKRKCKKS SGLSDETVIV AYVVVVVWFV A
GNM15019                        -SISNDKLTE KLAKFLATGG GGGGCKATVY VLVLIVVENK EHKKRKSQAP AIILIPSILN LNSKPDGRQA SNASMSTLID DYLFIVVWIT A
GNM15003                        -CIASEKHED SSTVWLVGGS AGGNSSLTLL LLRLLVLSEV DKKKSKAKLL ILLVIPSFYG KNN-NDGGNS RGQSLQSVST SMIIVLVWFT S
GNM11003                        -AVSADTYKP KQEKLFAIGG GGGNVKLTIL VLRLVILKKT EHKKKERLKL IILLMPSLYG LNEKPDGKKK DYNSLTTVDY SKVVIVVWFI A
GNM11023                        -AAQSERERD REVRLAAAGS GGGRASLTIL TLRIVILLLR EKKKKKGELP IILLIPTVHG RNNRPEGLRA SSASLEAVVE ELVVVVVWFM A
GNM11055                        -ACKAEEEKP VASKLLASGG GGGGASLKII V-RLVVVEEK EKKKKP-EAP -IILMPKMYN RNEK-EGKK- SSSS-TAVLE -RVVVVVWFY A
GNM11146                        -AATADTPKD ESDRWLADGG GGGGASLTII VLKIVVVAKK DKKKKKRRIP VLLLLPSLLG KNNNAEPARA AGESTSLVVT FIVVVVVWFV A
GNM11220                        -ACTADDREE RKLELLASGC GGGGASITLI VLKILVLKKK EHKKKKKMMP ILILLPTLYG RNSSREGARS GSDSTRTIAE LRVVVVVWFV A
GNM11222                        -ACKADREKP REESFLATGG GGGNASLTIL VLKIVVLAAK EHKKRPKARP VILLLPSVYG ENNKKQGRRA SSFSTDTIAA LMIVVAAWFV A
GNM11223                        -ACQADDPKS KSLEFLAAKG GGGDATLKII VLKIVVVKEK EHKKRPRSRP ILILVPTIYG VNNEAEGKRA ASSSLKTLVV LRVVVVVWFT A
GNM11224                        -ACQADDPKG KSLEFLAAKG GGGNATLKII VLKIVVLKEK EHKKRPRMRP ILILIPTIYD INNKAEGRRA ASSSLDTLIA LRVVVVVWFT A
GNM11225                        -ACQADSHKE KSAEFLAAKG GGGNASLTII ILKIVVIKEK EHKKRPRSRP IIILLPTVYN ENSGAEGRRA ASTSLKTVAA FIVVVVVWFE A
GNM11358                        -AVTADAQDN ESNSYLANGA GGGGYKFTLL VLKILVISER KHKKRKWKIP VLLLIPSIIG NNDNQSGKKA SQTSTGTLIQ IEVVVIVWFI E
GNM11360                        -SIARDKSTE KLAEFLATGG GGGGCKATVF VLVLIVLENK EHKKRKKKAP AIILVPSLLS LNGKPDGAQA ANDSMNTLIH GYLFIVVWIT S
GNM11362                        -AVTASRDKT KAKRFLASKG GGGGATLTII VLRIVIVNNR EHKKKPEMVP IIILLPSIYS LNASPEGSRA SSSSCEAVVE MLVVVVIWFM A
GNM11367                        -SVASNKSTD EQKEFMATGG GGGGSKVSIF VLKIVVLENK DHKKRKKKAP LIILLTKITG INNEPEGAQA STNSTSTVII IFVIVIVWIA A
GNM11377                        -AVSMEDDDA KSKKFLATGG GGGGCKVTIL VLRILVLDEG SHKKKKWKAP VLLLVPSIVS GNAKPDGKQA SGNSTGTLIE TRVVVVIWIV E
GNM11380                        -SVTSDRSTD KLKKFIGTGG GGGGCKATVI VLKIIVLETK DHKKQKKNAP VLLLLPDIFN ANDSPQGEKA SGSSMSVLIT TLLVMVVWII A
GNM11383                        -SIAAENSTD KLKSFLATGG GGGGCKATIY VLRILVLATK EHKKKKKKAP ILILIPTIVN KNSKPDGSTA STNSMSTLIL EMLIVVVWIV A
GNM11491                        -PVASDRATE RQEKFLATGG GGGGCKATVF VLVLIVLSGK RHKRKKHEAP AIMLTPGIYG LNAKPEGLRA GNSSLPTLTT DLLVLVVWIV S
GNM11804                        -ACSAEDEKD RARKFLAAGG GGGNASLKII VLRIVLVEEK ERKKKADEKP IIILMPSIHN ENEKKEGKRA KGESLSLVIE TRVIVVAWFI A
GNM11805                        -AFKSDDKKE ENLNVLASGS SGGNATLRLL LLKIVVLEDS SKKTKKNEKP ILLLIPEFVG ANDSIDGRRS KGISVHVIAN NRIIVLVWAT A
GNM12883                        -AVNAEADDA KTRKYLATGG GGGGCKLTVF VLRIVVVDEG EHKKRKWKAP ILLLVPTIIG INSKPEGREA SGSSTGTLIE TELVVVLWVV E
GNM12886                        -AVTSEAEDA KAKKFLATGG GGGGCKLTVF VLRILVVEEG EHKKRKWKAP ILLLVPTIVS INAKPDGRKA SRNSTGTLIE TEVIIIVWIV E
GNM12892                        -AVMVESNDN KSKDFLASGG GGGGCRITIL VLRILVIDEK HHKKRKWRAP VLMLIPTIVD TNSKSEGRST SSESIDTLIE TEVVVVIWIV E
GNM12895                        -AISSDKKKE EEKEFFAAGS GGGKCSMTIV VFKIIILEQR KHKKKKWKTP IIMLFPSIFG INSEPTGLRA SSTSADTLIG NMIVVIVWLM Q
GNM13060                        -AASAAADDD EEEEFFGGGG GGGGGGGHII ILIIIIIKKK KKKRKKKKKK LLLLLLLILG NNDPPEQRRR SSSSTNVVAV VVVVVVVWYY Y
GNM13061                        -AAAAGARDG ESEELFGGGG GGGGGRLKII ILIIVLVKRE EKKKKPKKKR LLLLLISILE YNSEPEVKRR DSISTDSIAV AEVVVVFWFY Y
GNM13062                        -AAGSEEGKD ASSKFFAAGG AGGGGSLTIV VLRLVFLAAN TKKKRKVKKP SIILLPSIIG ANSEPEGTRA AGLSAEAALE MLVVVVVWFA S
GNM13064                        -AFTADNEEN TEVEVLAAGG GGGGGKLTII VIKIIAVSEH QHKKSSENKP ILILMPLVVG KNSKKKGTKA SGVSRETIVE SKIVIVIWFV V
GNM13066                        -AISADNEDT TEEEVLAAGG GGGGGKLTII VIKIIAVSEQ QHKKKSETKP ILILMPLIVG KNSKKKGTKA AGVSRETVVE SRIVIVIWFV V
GNM11032                        -AAAAGAESP EERDFYAGGG GGGGVKLKVL LVVILLIEDA RRKKRPIKYG CLLLYVYFVA LNNARESAGS DYSSLKDVIA KHVVVLVWFK L
GNM11363                        -AVTASRDKT KAKRFLASKG GGGGATLTII VLRIVIVNNR EHKKKPEMVP IIILLPSIYS LNASPEGSRA SSSSCEAVVE MLVVVVIWFM A
GNM11375                        -SISKDKSTE KLNEFLATGG GGGGFKATIY VLVLIVLENK EHKKRKKQAP AIVLIXSILN INGKPDGAQA ANSSMPTLID DYLFLVVWIT A
GNM11381                        -SIAADDSTD KLKSFLATGG GGGGCKATIY VLKIVIVAAK EHKKKKKKAP VIILVPSIVN KNNSPDGARA ATNSMSTLIL EMLVVVIWII A
GNM11382                        -SISADKSSD KLKSFMATGG GGGGCKATIH VLRIIMLETK EHKKKKKKAP VIILIPSIVS LNDKPEGSNA STKSMSTVII EMVVVLIWIV A
GNM11799                        -SITTDRSTE KLNKFMATGG GGGGSKATIY VLIIIFLQVK THKKRKKKAP VIILMPTIIN INNKPDGSKA STNSMSTLIV DLLVVVLWMI A
GNM11841                        -AATVEDEEE EETEVAAS-G GGGHASLTIL VLRVVVLQGK EKKKRDANEP IILLVPSVYD DNEQAQGGRG DGVSLQAVIE DRVVVVVWFT A
GNM11931                        -AASAEDEDE EETEVAASDG GGGDATLTIL VLRVVILHSK DKKKRSAQAP IILLVPHVYD ENESDQGHRA DSASLRAVVE ERVVVVVWFT A
GNM12040                        -AATVEDREE DETKVYAS-G GGGNASLTIL VLRVIVLQSK DKKKRNAEQP IILLEPYVYD ENERNEGQRA DGVSLQAIVE ERVVVVVWFT A
GNM12071                        -AATAEDEEE EETEVFAS-G GGGNASLTIL VLRVVVLQGK AKKKRNAQRP IILLVPSVYD DNEQNQEQRA DGVSLEAIVE DRVVVVVWFT A
GNM12125                        -AIEADYLRP RERELLAAGG GGGKASITII VLKIVVVSER EHKKKPREAP IIILMPHIYG VNNEPQGRRA GSSSTDTVIV KLVVVVVWFV A
GNM12126                        -AATADRLKD KNEKFLASGG GGGGASLTII ILKIVVVTYR EKKKKKDELP LILLLPHAYG ENNNPEGRRS SSESTEAVVV ELVVVVVWFV Y
GNM12128                        -AIQADYLKE RSEKMLACGG GGGRGSLTII VLKIVVLKMR EHKKKRREVP IILLMPHIYG KNNKPEGRRA ASESTNSVVV VLIVVVIWFI A
GNM12182                        -AASADASGE KDNELGAVGG GGGNFVLTIL VLRLVVLSKV KHKKKKQELK IIILLPPLYG RNDKPQKEKK DYNSLSTVVT FEVVIVVWFI A
GNM12342                        -AATADDEKE EAKKFLAAGG GGGNASLVII VLKIVLLEEK RHLKKKERKP IILLIPTIYG KNNKKEGKRA ASKSLETIIE IRVVVVVWFV A
GNM12346                        -ACTAEDETE KEVKLLATKG GGGGAKMTII VLRIVILELK EHLKKPATEP IILLMPTIYN DNNKGQGRRV NSNSLNTIME DRVVIVIWFT A
GNM12351                        -ACTADDEAE KEDELIAAGG GGGGASLTII ILRIVLLNTK KHKKKASEVP IILLMPTIHN TNNAPQGKRA TSASLGAMLE VRVVVVVWFL A
GNM12356                        -ACGAHDKKE RSKNFLASGG GGGLASLTVI VLKIIVVEEK KHAKRKQEKP VLLLIPTIYN ENNEKEGKRV SSKSLATLIE DRVVVVVWFV A
GNM12357                        -ACTVDDEKE KASAFLAAGG GGGKASLTII VLTIVLVAEK KIAKKNQEKP IILLLPTIYG ENSSPEGKRA SSSSLKAVIE KKVIVVIWFV A
GNM12366                        -ACTVNDEKE KSSAFIAAGG GGGKASLTII VLIIVLVSEK KTAKKKQEKP IILLLPSIYG ENNSPQGKRA SSSSLKAVIE TKVVVVIWFV A
GNM12373                        -ACAAEEEKE TNEALLAAKG AGGRASLSII VLRIVLVEDT GTKKKSMARP IIILMPTIYN TNNNNEGRRA NGVSLGAIVE MRVVVVIWFI A
GNM12385                        -ACAAEEEKE TDSRLLASNG GGGRASLKII VLRIVLLGEA KLKKKPVDVP IILLMPTIYD TNNNNDGRRA DSASLSAIVE TRIVVVIWFT A
GNM12551                        -ACTAEDREE ESMEWLADGG GGGYASLRII ILRILLVARR EQKKKPRERP ILILLPTVLE ENDRPEGRGA RGVSLTAVLE DRVVVVVWFT A
GNM12554                        -ACSAEEEKK QESKLLASKG GGGGASLRII VLRIVILDET GQKKKSLDTP IILLMPTIYG RNNQKQGRRA NSVSLDAILE LRIVVVIWFT A
GNM12592                        -ACQADDEKD RESRLLAAGG GGGGATLTII ILKIVLLSEK EHKKKRSLAP IIILMAKIHD INNGAEGRRA GSESLDTVIA DRVVVVVWFT A
GNM12596                        -ACSADDEKE KEEELIAAGG GGGGASLTIL ILRIVLIEDA KHKKKPLAFP IILLLPSIHD TNNAPEGKRA TSLSLDTIMA TRIIVVLWFV A
GNM12602                        -ACSADDEKE KEDELIAAGG GGGGASLTIL ILRIVLLEDM RHKKKPLAVP IILLLPSIHD TNNAPEGKRA TSLSLDTIMA TRVIVVLWFV A
GNM12665                        -ACSADDEKE KEEEVIAAGG GGGGASLTIV ILRIVLIEEA KHKKKPLAVP IILLLPSIHN TNNAPEGKRA TSLSLDTIMA TRVVVVLWFV A
GNM12745                        -ACEAEAKKD KKNAFLAEGG GGGNASLTII VLKIVLVAKR NHKKHNKEEP IIILLPTICD ENDAPDGKEA KYNSLTTVME SDVVVVIWFT A
GNM12749                        -ACAAEDEKE QESSLLASKG GGGRASLTII TLRIVIVEDK SAKKKGRQVP IIVLIPSIYG TNNQEQGSRV SSVSLEAILE LRVVVVLWFT A
GNM12758                        -ACTAEDGAE EEDELIASGG GGGNVKLQIL ILKIVLIRQR RHKKKRRERP IILLLPTIHD ENNDAKIKRA SSNSLDSVVA NRVVVVVWFT A
GNM12763                        -ACNAEDDKE RNNELLASGG GGGNASLTII VLRIVLIKKR EHKKKKIEKP IILLIPSIYN KNNKKTGRRV ASKSLDSVLE KRVVVVVWFT A
GNM12766                        -ACTADDEKE RAQKFLAAGG GGGNASLTII VLKIVVVAKK RHIKKKQEKP IIILIPTIYG ENNKKEGKRA ASTSLNTIVE KRVVVVVWFV A
GNM12841                        -AATVEDEDE DETEVAAS-G GGGNASLTIL VLRVVILQSK EKKKREADQP IILLIPEVYD DNEREQGSRG DGASLRAVLE DRVVVVVWFT A
GNM12849                        -SVTKDKSTD KLAEFLATGG GGGGCKATIF VLVLIVLENK KHKKRKKKAP AIILIPTILA LNAKPEGAQA SNDSMETMIF DYLFIVVWIT A
GNM12869                        -SLSNDKSTE KLTEFLATGG GGGGCKATIY VLVLIVLENK EHKKKKKQAP AIVLIPSILN INAKPEGAKA SNNSMPTLID DYLFIVVWIT A
GNM12896                        -SISSDRSTD KLKKFIGTGG GGGGCKATII VLKIIILQTK DHKKQKKDAP VLLLSPDIFN TNDSPQGEKA SGNSMSVLIT TLLVMIVWIV A
GNM12897                        -SVTSDRSTD KLKKFIGTGG GGGGCKATVI VLKIIILATK DHKKQKNNAP VILLLPDILN TNDAPQGERA SGNSMSALIT TLLVMVIWIV A
GNM12902                        -AFKADDVKD ESKSFLASGS SGGNSTLKLL ILKIIVLDES IKKYKKQELP ILFLVPNFID NNQSVDGRRS KGVSTNAIAT KRVIVLIWII A
GNM12903                        -AVKADVPRE EERRVLAGGG AGGGASVIVI VLRIIVVEPK EKKKKKRKAP ALLLLPTIVG INNKSEGRRA KGQSLNAVVI FFVVVLVWIV A
GNM12906                        -AVKADVPKE EEQRVLAGGG GGGGASVVVI VLKILIVEPK EKKKKKRRIP ALLLLPTIIG LNNENEGRRS GGQSLKAVVV FFVVVLVWAV A
GNM12907                        -AVKADAPKD EEKRVLAGGG GGGGASVVVI VLKIVVVEPR EKKKKRRRWP ILLLLPTIVG VNNNNEGRRA SGETLKAIVV FLVIVLVWVV A
GNM12909                        -SLKADVPKD EEQRVLAGGG GGGNASIIVI VLKIIVVERR EKKKKRRRAP ALLLLPTIVG INNNNEGRRA NGESLKAVVV FFVIVLVWVI A
GNM12915                        -AATADDEKD EERKWLAAGG GGGGASLIII VLIIVVVEER WKKSRKRRRP IIILIPTIYG ENNKKEGKRV KSKSLEAIIE YRVVVVIWFM A
GNM10046                        -AATAEDETD EEREWLAAGG GGGGASLIII VLRIVVVEER WKKSKKRRRP IILLIPTIYG INNNKEGKRV KSKSLEAVIE YRVVVVIWFM A
GNM12918                        -AATADDEKD EEKEWLAAGG GGGGASLIII VLIIVVVEER WKKSKKRRRP IILLIPTIYG TNNKKEGKRV KSKSLEALIE FRVVVVIWFM A
GNM12931                        -AATADALRS KEERVLASGG GGGNASLTII VLKIVVIIKK EHKKRPREIP IIILIPHIHG ENNSADGKRT SSNTTDTVAA EEVVVVVWFV A
GNM12938                        -AVPSDRYKA KEEQLAAVGG GGGTVKLTIL VLRLVVIRKA EHKKKPTEKF IILLMPSIYN LNNKAKGVRK SYNSLDSVIY SEVVIVIWFI A
GNM12996                        -AASSDKYKP QSEELAAIGG GGGNIKLTII VLRLVVLAKA EHKKKVRTIF IILLMPSLYN RNNRPKGRKK DYKSLDTVLY NEVVIVVWFI A
GNM13018                        -AASSDKYKP QSEELAAIGG GGGSIRLTII VLRLVVLAKI EHKKKERTIF IILLMPSLHN RNNKPKGREK DYKSLDTVLY NEVVIVVWFI A
GNM13027                        -AVSSDRYDP KQEELAAIGG GGGNVKLTIL VLRLVVIKKK EHKKKPDEKK IILLIPSLYN ENNKPKFKKK SYNSLDTVLY LEVVIVVWFV A
GNM13046                        -SISSDKSTE KLKEFMATGG GGGGSKATIF VLSIVVLENK KHKKKKKKAP VIVLIPSIVN INNKPEGSDA STNSMLTLIV LLLVVVIWIV A
GNM13074                        -AAKADDEKE EEEEWLAAGG GGGGASLIII VLIIVIVNER WHKSKKRRKP IILLIPTIYG INNKKEGKRV KSNSLDTIIE YRVVVVVWFV A
GNM10010                        -AATADDEKE EEREWLAAGG GGGGASLTII VLIIVIVEER WHKSKRRRKP IILLIPTIYG LNNKREGKRV KSKSLETIME YRVVVVVWFV A
GNM10014                        -AAAADDEKE EEREWLAAGG GGGGASLVII VLIIVIIEER WHKSKKRRRP IILLIPSIYG INNKKEGKRV KSRSLETIME TRVVVVVWFV A
GNM13090                        -AATADDEKE EEKEWLAAGG GGGGASLVII VLIIVIVEER WHKSKKRRKP IILLIPTIYG TNNKKEGKRV KSKSLETIIE YRVVVVVWFT A
GNM13118                        SAASGDDEEE KEEEWLAGRV GGGNAKLVLI VLKIVVLDRR EKRKRNHQLP IIILIPSVHG -NDKPEGRRA RSSSLTIVLE KYIVVVVWFV A
GNM13126                        -AFTSDDSKD AAEKYIAVGC GGGNGTLTLI VLKIVVLNKS EKKYKKEDMP IIILMPNLYG SNDKKEGRKS KSKSESAIAS TRVVVVIWFI A
GNM13128                        -AFASDDSKD AAEKVVAVGC GGGNGTLTLL VLKIVVLRRN EKKSKKRATP IIILMPSIFG VNDKKDGRKA HYKSETAMAS SRIVIVIWFV A
GNM13208                        -VLSADYPKD EEERLLAAGG GGGRASITVI VLKIVVIRKR EKSKKRRRAP VVLLVPSILG LNDSPEGSRA SGKTLEALVA FLVIVLVWAI A
GNM13210                        -AVTADRTKE RAERYLASGC GGGNASLTLL VLKIIVLKKK EHQKRKREYP ILILLPSIYG LNNVPEGARA SSRSTDTIVA EEVVVVVWFV A
GNM12773                        -AYKAENQKK KTEEFLATES GGGRAKLEII ILKLVILARK KHKKKPRKKP IILLLPTIYN KNNESEGLRT SSKSLDTIMA LYLVVVVWLV A
GNM12769                        -ACKAESYKD KSNKSLASGG GGGNASLFIL ILKMLVVAPK NHKKKKNKRP ILILIPGILG ENVSKEGKRT NGLSLDTVVA FYVVVVVWFT A
GNM12768                        -ACQAEAQEE KREDLLASGG GGGGASLNVI ILKIVVIVRK DHKKRPKARP LILLLPTICD VNNTAAGDRA ASVSVTSLIS TKVVVVVWFT A



    1    1    1    1    1    1    1    1    1    1    1    1    1    1    1
    1    1    1    1    1    1    1    1    1    1    1    1    1    1    1
    1    1    1    1    1    1    1    1    1    1    1    1    1    1    1
    1    1    1    1    1    1    1    1    1    1    1    1    1    1    1
    1    1    1    1    1    1    1    1    1    1    1    1    1    1    1
    1    1    1    1    1    1    1    1    1    1    1    1    1    1    1
    1

AAML (in paml version 4.9h, March 2018)  tmp0007.txt
Model: Empirical,  (../wag.dat) dGamma (ncatG=4) ns = 155  ls =  91


Frequencies..
                                    A      R      N      D      C      Q      E      G      H      I      L      K      M      F      P      S      T      W      Y      V
GNM13746                       0.06667 0.03333 0.04444 0.02222 0.00000 0.02222 0.05556 0.12222 0.01111 0.10000 0.10000 0.14444 0.00000 0.02222 0.02222 0.04444 0.02222 0.01111 0.03333 0.12222
GNM13538                       0.07778 0.06667 0.01111 0.04444 0.00000 0.01111 0.07778 0.11111 0.00000 0.05556 0.14444 0.11111 0.01111 0.05556 0.02222 0.10000 0.01111 0.00000 0.00000 0.08889
GNM13671                       0.05556 0.02222 0.05556 0.01111 0.00000 0.02222 0.06667 0.07778 0.01111 0.10000 0.07778 0.12222 0.00000 0.04444 0.02222 0.06667 0.08889 0.01111 0.03333 0.11111
GNM13876                       0.05556 0.11111 0.03333 0.01111 0.00000 0.05556 0.06667 0.10000 0.00000 0.05556 0.13333 0.10000 0.01111 0.05556 0.01111 0.06667 0.05556 0.00000 0.00000 0.07778
GNM13680                       0.08889 0.04444 0.01111 0.02222 0.01111 0.00000 0.10000 0.11111 0.01111 0.11111 0.08889 0.10000 0.00000 0.02222 0.03333 0.04444 0.07778 0.02222 0.00000 0.10000
GNM14837                       0.08889 0.01111 0.06667 0.03333 0.00000 0.01111 0.05556 0.07778 0.01111 0.08889 0.12222 0.10000 0.01111 0.03333 0.04444 0.07778 0.07778 0.01111 0.02222 0.05556
GNM14249                       0.07778 0.00000 0.07778 0.03333 0.01111 0.01111 0.05556 0.08889 0.01111 0.10000 0.11111 0.12222 0.01111 0.02222 0.04444 0.06667 0.05556 0.01111 0.02222 0.06667
GNM13928                       0.08889 0.01111 0.04444 0.04444 0.00000 0.02222 0.04444 0.08889 0.02222 0.11111 0.11111 0.11111 0.01111 0.03333 0.03333 0.07778 0.05556 0.01111 0.01111 0.06667
GNM13297                       0.07778 0.06667 0.01111 0.04444 0.00000 0.01111 0.07778 0.11111 0.00000 0.05556 0.14444 0.11111 0.01111 0.05556 0.02222 0.10000 0.01111 0.00000 0.00000 0.08889
GNM14865                       0.08989 0.05618 0.04494 0.06742 0.00000 0.06742 0.10112 0.06742 0.00000 0.03371 0.08989 0.05618 0.00000 0.01124 0.02247 0.04494 0.05618 0.01124 0.01124 0.16854
GNM13455                       0.08889 0.02222 0.04444 0.04444 0.01111 0.01111 0.04444 0.08889 0.02222 0.07778 0.12222 0.11111 0.01111 0.03333 0.03333 0.07778 0.05556 0.01111 0.01111 0.07778
GNM14938                       0.03448 0.10345 0.05172 0.01724 0.00000 0.00000 0.08621 0.05172 0.01724 0.01724 0.17241 0.08621 0.00000 0.05172 0.05172 0.03448 0.05172 0.01724 0.00000 0.15517
GNM14483                       0.12222 0.03333 0.01111 0.01111 0.00000 0.02222 0.05556 0.12222 0.00000 0.02222 0.12222 0.08889 0.02222 0.05556 0.03333 0.12222 0.02222 0.01111 0.00000 0.12222
GNM14872                       0.06667 0.03333 0.02222 0.06667 0.01111 0.01111 0.04444 0.12222 0.01111 0.06667 0.10000 0.11111 0.01111 0.01111 0.03333 0.06667 0.05556 0.02222 0.00000 0.13333
GNM13855                       0.06667 0.02222 0.07778 0.04444 0.00000 0.03333 0.03333 0.08889 0.01111 0.12222 0.11111 0.08889 0.00000 0.02222 0.02222 0.07778 0.06667 0.02222 0.01111 0.07778
GNM14445                       0.05556 0.02222 0.07778 0.01111 0.00000 0.00000 0.02222 0.10000 0.01111 0.10000 0.07778 0.14444 0.02222 0.02222 0.03333 0.05556 0.08889 0.01111 0.02222 0.12222
GNM14404                       0.10112 0.04494 0.03371 0.05618 0.01124 0.00000 0.04494 0.08989 0.00000 0.10112 0.08989 0.14607 0.00000 0.01124 0.02247 0.08989 0.02247 0.01124 0.02247 0.10112
GNM14545                       0.10112 0.04494 0.03371 0.05618 0.01124 0.00000 0.04494 0.08989 0.00000 0.10112 0.08989 0.14607 0.00000 0.01124 0.02247 0.08989 0.02247 0.01124 0.02247 0.10112
GNM14366                       0.05556 0.04444 0.05556 0.03333 0.01111 0.02222 0.02222 0.10000 0.02222 0.12222 0.06667 0.10000 0.01111 0.01111 0.03333 0.08889 0.06667 0.01111 0.01111 0.11111
GNM14252                       0.08889 0.00000 0.05556 0.03333 0.01111 0.02222 0.04444 0.07778 0.01111 0.08889 0.12222 0.12222 0.01111 0.02222 0.04444 0.08889 0.05556 0.01111 0.02222 0.06667
GNM13760                       0.08889 0.01111 0.04444 0.04444 0.00000 0.02222 0.04444 0.08889 0.01111 0.11111 0.11111 0.11111 0.01111 0.03333 0.04444 0.06667 0.05556 0.01111 0.02222 0.06667
GNM13982                       0.07778 0.01111 0.05556 0.02222 0.00000 0.02222 0.05556 0.08889 0.01111 0.13333 0.05556 0.12222 0.01111 0.03333 0.02222 0.08889 0.07778 0.01111 0.00000 0.10000
GNM13960                       0.06494 0.03896 0.07792 0.03896 0.01299 0.00000 0.01299 0.06494 0.01299 0.11688 0.10390 0.09091 0.02597 0.02597 0.02597 0.10390 0.09091 0.01299 0.01299 0.06494
GNM14633                       0.06667 0.01111 0.04444 0.03333 0.00000 0.01111 0.06667 0.08889 0.01111 0.15556 0.05556 0.14444 0.01111 0.02222 0.02222 0.10000 0.06667 0.01111 0.01111 0.06667
GNM14853                       0.06667 0.01111 0.04444 0.03333 0.00000 0.01111 0.06667 0.08889 0.01111 0.15556 0.05556 0.14444 0.01111 0.02222 0.02222 0.10000 0.06667 0.01111 0.01111 0.06667
GNM14174                       0.15556 0.04444 0.03333 0.02222 0.00000 0.01111 0.05556 0.04444 0.03333 0.07778 0.08889 0.14444 0.01111 0.01111 0.03333 0.06667 0.03333 0.01111 0.01111 0.11111
GNM14748                       0.07778 0.01111 0.06667 0.04444 0.01111 0.02222 0.04444 0.08889 0.02222 0.08889 0.12222 0.10000 0.01111 0.02222 0.03333 0.08889 0.05556 0.01111 0.01111 0.06667
GNM14246                       0.11111 0.12222 0.03333 0.02222 0.02222 0.01111 0.04444 0.06667 0.02222 0.08889 0.11111 0.08889 0.00000 0.02222 0.03333 0.06667 0.03333 0.01111 0.00000 0.08889
GNM14640                       0.11111 0.04444 0.05556 0.04444 0.03333 0.01111 0.02222 0.07778 0.02222 0.06667 0.10000 0.11111 0.02222 0.02222 0.03333 0.05556 0.03333 0.01111 0.02222 0.10000
GNM14965                       0.03333 0.04444 0.03333 0.04444 0.01111 0.00000 0.08889 0.07778 0.02222 0.11111 0.07778 0.08889 0.02222 0.01111 0.02222 0.10000 0.06667 0.02222 0.00000 0.12222
GNM13677                       0.06667 0.11111 0.03333 0.01111 0.00000 0.04444 0.07778 0.10000 0.00000 0.05556 0.13333 0.10000 0.01111 0.05556 0.01111 0.06667 0.04444 0.00000 0.00000 0.07778
GNM14339                       0.10000 0.06667 0.02222 0.04444 0.00000 0.00000 0.05556 0.12222 0.02222 0.05556 0.14444 0.07778 0.00000 0.01111 0.02222 0.03333 0.01111 0.01111 0.06667 0.13333
GNM14593                       0.04444 0.05556 0.03333 0.01111 0.00000 0.01111 0.07778 0.07778 0.01111 0.11111 0.07778 0.10000 0.00000 0.04444 0.04444 0.07778 0.08889 0.01111 0.03333 0.08889
GNM13825                       0.04444 0.10000 0.04444 0.03333 0.00000 0.02222 0.07778 0.06667 0.01111 0.03333 0.14444 0.04444 0.00000 0.04444 0.05556 0.05556 0.04444 0.01111 0.02222 0.14444
GNM14768                       0.06667 0.05556 0.02222 0.02222 0.01111 0.01111 0.07778 0.08889 0.01111 0.07778 0.08889 0.10000 0.00000 0.04444 0.02222 0.07778 0.07778 0.01111 0.03333 0.10000
GNM14776                       0.06667 0.05556 0.03333 0.02222 0.01111 0.01111 0.06667 0.07778 0.01111 0.08889 0.08889 0.11111 0.00000 0.04444 0.02222 0.07778 0.07778 0.01111 0.03333 0.08889
GNM14715                       0.15556 0.04444 0.02222 0.03333 0.00000 0.00000 0.03333 0.13333 0.00000 0.03333 0.10000 0.08889 0.01111 0.04444 0.02222 0.11111 0.03333 0.01111 0.00000 0.12222
GNM14639                       0.05556 0.01111 0.04444 0.04444 0.00000 0.00000 0.08889 0.08889 0.01111 0.10000 0.10000 0.13333 0.01111 0.04444 0.04444 0.05556 0.04444 0.01111 0.00000 0.11111
GNM13795                       0.08889 0.01111 0.06667 0.05556 0.01111 0.02222 0.02222 0.08889 0.02222 0.08889 0.12222 0.10000 0.01111 0.02222 0.03333 0.08889 0.05556 0.01111 0.01111 0.06667
GNM14166                       0.06667 0.00000 0.04444 0.04444 0.01111 0.02222 0.03333 0.10000 0.01111 0.14444 0.11111 0.13333 0.01111 0.02222 0.03333 0.08889 0.05556 0.01111 0.00000 0.05556
GNM13993                       0.06667 0.01111 0.04444 0.01111 0.00000 0.01111 0.08889 0.11111 0.02222 0.12222 0.05556 0.12222 0.01111 0.02222 0.02222 0.07778 0.05556 0.01111 0.00000 0.13333
GNM14450                       0.05556 0.02222 0.02222 0.02222 0.01111 0.02222 0.06667 0.07778 0.01111 0.13333 0.05556 0.13333 0.04444 0.05556 0.03333 0.10000 0.05556 0.02222 0.00000 0.05556
GNM13745                       0.06667 0.03333 0.06667 0.03333 0.00000 0.02222 0.05556 0.10000 0.03333 0.16667 0.05556 0.11111 0.02222 0.02222 0.03333 0.03333 0.05556 0.01111 0.00000 0.07778
GNM14030                       0.04494 0.01124 0.04494 0.03371 0.00000 0.01124 0.06742 0.12360 0.03371 0.11236 0.11236 0.15730 0.00000 0.01124 0.02247 0.05618 0.05618 0.01124 0.00000 0.08989
GNM14959                       0.11111 0.06667 0.05556 0.05556 0.00000 0.00000 0.04444 0.08889 0.00000 0.08889 0.10000 0.08889 0.00000 0.02222 0.02222 0.04444 0.02222 0.02222 0.02222 0.14444
GNM13413                       0.10000 0.05556 0.03333 0.04444 0.00000 0.00000 0.06667 0.08889 0.03333 0.08889 0.07778 0.05556 0.01111 0.02222 0.05556 0.07778 0.04444 0.01111 0.00000 0.13333
GNM14990                       0.06667 0.02222 0.06667 0.04444 0.01111 0.01111 0.01111 0.07778 0.01111 0.14444 0.08889 0.11111 0.02222 0.02222 0.03333 0.08889 0.07778 0.01111 0.01111 0.06667
GNM15005                       0.07778 0.02222 0.06667 0.04444 0.01111 0.01111 0.01111 0.06667 0.01111 0.15556 0.08889 0.11111 0.02222 0.02222 0.03333 0.08889 0.07778 0.01111 0.01111 0.05556
GNM14992                       0.06667 0.02222 0.05556 0.03333 0.00000 0.01111 0.01111 0.07778 0.01111 0.12222 0.08889 0.12222 0.04444 0.02222 0.03333 0.07778 0.11111 0.01111 0.01111 0.06667
GNM15013                       0.06742 0.02247 0.05618 0.04494 0.01124 0.01124 0.01124 0.07865 0.01124 0.14607 0.08989 0.11236 0.02247 0.02247 0.03371 0.08989 0.07865 0.01124 0.01124 0.06742
GNM15014                       0.08889 0.02222 0.05556 0.03333 0.00000 0.01111 0.01111 0.07778 0.01111 0.12222 0.08889 0.12222 0.04444 0.02222 0.03333 0.08889 0.07778 0.01111 0.01111 0.06667
GNM14976                       0.07778 0.02222 0.06667 0.04444 0.01111 0.01111 0.02222 0.07778 0.01111 0.15556 0.08889 0.10000 0.02222 0.02222 0.03333 0.08889 0.06667 0.01111 0.01111 0.05556
GNM15022                       0.05556 0.02222 0.06667 0.04444 0.01111 0.01111 0.01111 0.07778 0.01111 0.14444 0.08889 0.11111 0.02222 0.02222 0.03333 0.08889 0.08889 0.01111 0.01111 0.06667
GNM14999                       0.05556 0.02222 0.04444 0.04444 0.00000 0.01111 0.01111 0.07778 0.01111 0.14444 0.07778 0.12222 0.05556 0.02222 0.03333 0.07778 0.10000 0.01111 0.01111 0.06667
GNM15018                       0.08889 0.00000 0.06667 0.03333 0.01111 0.01111 0.05556 0.07778 0.01111 0.08889 0.12222 0.12222 0.01111 0.02222 0.04444 0.07778 0.05556 0.01111 0.02222 0.06667
GNM15025                       0.06667 0.01111 0.06667 0.03333 0.01111 0.02222 0.01111 0.06667 0.01111 0.13333 0.10000 0.13333 0.02222 0.03333 0.03333 0.08889 0.06667 0.01111 0.00000 0.07778
GNM15024                       0.08889 0.00000 0.06667 0.03333 0.01111 0.01111 0.05556 0.07778 0.01111 0.08889 0.12222 0.12222 0.01111 0.02222 0.04444 0.07778 0.05556 0.01111 0.02222 0.06667
GNM14980                       0.08889 0.00000 0.06667 0.03333 0.01111 0.01111 0.05556 0.07778 0.01111 0.08889 0.12222 0.12222 0.01111 0.02222 0.04444 0.07778 0.05556 0.01111 0.02222 0.06667
GNM15000                       0.08889 0.00000 0.06667 0.03333 0.01111 0.01111 0.05556 0.07778 0.01111 0.08889 0.12222 0.12222 0.01111 0.02222 0.04444 0.07778 0.05556 0.01111 0.02222 0.06667
GNM15026                       0.06667 0.02222 0.04444 0.04444 0.01111 0.01111 0.01111 0.07778 0.01111 0.11111 0.12222 0.14444 0.02222 0.01111 0.03333 0.07778 0.07778 0.01111 0.00000 0.08889
GNM15027                       0.07778 0.03333 0.01111 0.02222 0.01111 0.00000 0.06667 0.12222 0.01111 0.08889 0.08889 0.13333 0.00000 0.03333 0.03333 0.07778 0.03333 0.01111 0.01111 0.13333
GNM15019                       0.08889 0.02222 0.05556 0.04444 0.01111 0.02222 0.03333 0.07778 0.01111 0.10000 0.11111 0.10000 0.01111 0.02222 0.03333 0.08889 0.05556 0.01111 0.02222 0.07778
GNM15003                       0.03371 0.02247 0.05618 0.03371 0.01124 0.02247 0.03371 0.08989 0.01124 0.05618 0.16854 0.07865 0.01124 0.02247 0.01124 0.16854 0.04494 0.02247 0.01124 0.08989
GNM11003                       0.04444 0.02222 0.03333 0.04444 0.00000 0.01111 0.04444 0.07778 0.01111 0.07778 0.14444 0.16667 0.01111 0.02222 0.03333 0.04444 0.05556 0.01111 0.04444 0.10000
GNM11023                       0.11111 0.11111 0.02222 0.01111 0.00000 0.01111 0.10000 0.07778 0.01111 0.06667 0.14444 0.05556 0.01111 0.01111 0.03333 0.06667 0.03333 0.01111 0.00000 0.11111
GNM11055                       0.09639 0.03614 0.02410 0.00000 0.01205 0.00000 0.12048 0.08434 0.00000 0.04819 0.07229 0.15663 0.02410 0.01205 0.04819 0.08434 0.01205 0.01205 0.02410 0.13253
GNM11146                       0.12222 0.04444 0.03333 0.05556 0.00000 0.00000 0.03333 0.08889 0.00000 0.05556 0.11111 0.11111 0.00000 0.02222 0.04444 0.05556 0.05556 0.02222 0.00000 0.14444
GNM11220                       0.07778 0.07778 0.01111 0.03333 0.02222 0.00000 0.06667 0.08889 0.01111 0.06667 0.13333 0.11111 0.02222 0.01111 0.02222 0.07778 0.05556 0.01111 0.01111 0.08889
GNM11222                       0.14444 0.06667 0.03333 0.02222 0.01111 0.01111 0.05556 0.07778 0.01111 0.05556 0.10000 0.10000 0.01111 0.03333 0.04444 0.06667 0.04444 0.01111 0.01111 0.08889
GNM11223                       0.10000 0.05556 0.02222 0.03333 0.01111 0.01111 0.05556 0.06667 0.01111 0.06667 0.10000 0.12222 0.00000 0.02222 0.04444 0.06667 0.04444 0.01111 0.01111 0.14444
GNM11224                       0.11111 0.06667 0.03333 0.04444 0.01111 0.01111 0.04444 0.06667 0.01111 0.10000 0.11111 0.11111 0.01111 0.02222 0.04444 0.04444 0.04444 0.01111 0.01111 0.08889
GNM11225                       0.13333 0.05556 0.03333 0.01111 0.01111 0.01111 0.07778 0.06667 0.02222 0.10000 0.06667 0.10000 0.00000 0.03333 0.03333 0.07778 0.04444 0.01111 0.01111 0.10000
GNM11358                       0.06667 0.02222 0.06667 0.03333 0.00000 0.04444 0.04444 0.08889 0.01111 0.11111 0.10000 0.10000 0.00000 0.02222 0.02222 0.07778 0.05556 0.02222 0.02222 0.08889
GNM11360                       0.10000 0.02222 0.04444 0.03333 0.01111 0.01111 0.04444 0.10000 0.02222 0.07778 0.12222 0.11111 0.01111 0.03333 0.03333 0.06667 0.05556 0.01111 0.01111 0.07778
GNM11362                       0.10000 0.05556 0.03333 0.01111 0.01111 0.00000 0.05556 0.06667 0.01111 0.10000 0.07778 0.07778 0.03333 0.02222 0.04444 0.11111 0.04444 0.01111 0.01111 0.12222
GNM11367                       0.07778 0.01111 0.05556 0.02222 0.00000 0.02222 0.05556 0.08889 0.01111 0.13333 0.05556 0.12222 0.01111 0.03333 0.02222 0.08889 0.07778 0.01111 0.00000 0.10000
GNM11377                       0.06667 0.02222 0.02222 0.05556 0.01111 0.01111 0.04444 0.12222 0.01111 0.06667 0.10000 0.12222 0.01111 0.01111 0.03333 0.07778 0.05556 0.02222 0.00000 0.13333
GNM11380                       0.05556 0.01111 0.03333 0.05556 0.01111 0.02222 0.02222 0.10000 0.01111 0.08889 0.11111 0.12222 0.02222 0.02222 0.03333 0.08889 0.07778 0.01111 0.00000 0.10000
GNM11383                       0.08889 0.01111 0.04444 0.02222 0.01111 0.00000 0.03333 0.07778 0.01111 0.11111 0.11111 0.13333 0.02222 0.01111 0.03333 0.08889 0.08889 0.01111 0.01111 0.07778
GNM11491                       0.08889 0.05556 0.02222 0.02222 0.01111 0.01111 0.04444 0.12222 0.02222 0.04444 0.13333 0.07778 0.01111 0.02222 0.05556 0.05556 0.07778 0.01111 0.01111 0.10000
GNM11804                       0.11111 0.06667 0.03333 0.03333 0.01111 0.00000 0.12222 0.07778 0.01111 0.11111 0.07778 0.13333 0.01111 0.02222 0.02222 0.05556 0.01111 0.01111 0.00000 0.07778
GNM11805                       0.07778 0.04444 0.07778 0.05556 0.00000 0.00000 0.05556 0.06667 0.01111 0.08889 0.13333 0.11111 0.00000 0.02222 0.02222 0.10000 0.03333 0.01111 0.00000 0.08889
GNM12883                       0.07778 0.04444 0.02222 0.03333 0.01111 0.00000 0.08889 0.12222 0.01111 0.06667 0.10000 0.08889 0.00000 0.01111 0.03333 0.04444 0.07778 0.02222 0.01111 0.13333
GNM12886                       0.08889 0.04444 0.02222 0.02222 0.01111 0.00000 0.08889 0.10000 0.01111 0.10000 0.08889 0.11111 0.00000 0.02222 0.03333 0.04444 0.07778 0.02222 0.00000 0.11111
GNM12892                       0.03333 0.05556 0.03333 0.05556 0.01111 0.00000 0.07778 0.07778 0.02222 0.11111 0.07778 0.07778 0.02222 0.01111 0.02222 0.10000 0.06667 0.02222 0.00000 0.12222
GNM12895                       0.05556 0.02222 0.02222 0.02222 0.01111 0.02222 0.06667 0.07778 0.01111 0.13333 0.05556 0.13333 0.04444 0.05556 0.03333 0.10000 0.05556 0.02222 0.00000 0.05556
GNM13060                       0.06667 0.04444 0.03333 0.04444 0.00000 0.01111 0.05556 0.13333 0.01111 0.10000 0.10000 0.13333 0.00000 0.02222 0.02222 0.05556 0.01111 0.01111 0.03333 0.11111
GNM13061                       0.07778 0.06667 0.01111 0.03333 0.00000 0.00000 0.10000 0.12222 0.00000 0.10000 0.11111 0.11111 0.00000 0.03333 0.02222 0.06667 0.01111 0.01111 0.03333 0.08889
GNM13062                       0.16667 0.03333 0.02222 0.01111 0.00000 0.00000 0.06667 0.12222 0.00000 0.05556 0.10000 0.08889 0.01111 0.04444 0.03333 0.10000 0.03333 0.01111 0.00000 0.10000
GNM13064                       0.06667 0.01111 0.04444 0.01111 0.00000 0.01111 0.08889 0.11111 0.02222 0.12222 0.05556 0.12222 0.01111 0.02222 0.02222 0.07778 0.05556 0.01111 0.00000 0.13333
GNM13066                       0.07778 0.02222 0.02222 0.02222 0.00000 0.02222 0.08889 0.11111 0.01111 0.13333 0.05556 0.12222 0.01111 0.01111 0.02222 0.06667 0.06667 0.01111 0.00000 0.12222
GNM11032                       0.12222 0.05556 0.02222 0.04444 0.01111 0.00000 0.05556 0.11111 0.01111 0.04444 0.13333 0.08889 0.00000 0.03333 0.02222 0.05556 0.00000 0.01111 0.05556 0.12222
GNM11363                       0.10000 0.05556 0.03333 0.01111 0.01111 0.00000 0.05556 0.06667 0.01111 0.10000 0.07778 0.07778 0.03333 0.02222 0.04444 0.11111 0.04444 0.01111 0.01111 0.12222
GNM11375                       0.08989 0.01124 0.05618 0.04494 0.00000 0.02247 0.04494 0.08989 0.01124 0.10112 0.11236 0.11236 0.01124 0.03371 0.03371 0.06742 0.05618 0.01124 0.02247 0.06742
GNM11381                       0.12222 0.01111 0.04444 0.04444 0.01111 0.00000 0.02222 0.07778 0.01111 0.12222 0.07778 0.13333 0.02222 0.01111 0.03333 0.07778 0.05556 0.01111 0.01111 0.10000
GNM11382                       0.06667 0.01111 0.02222 0.03333 0.01111 0.00000 0.04444 0.07778 0.02222 0.13333 0.06667 0.14444 0.04444 0.01111 0.03333 0.12222 0.05556 0.01111 0.00000 0.08889
GNM11799                       0.05556 0.02222 0.05556 0.03333 0.00000 0.01111 0.01111 0.07778 0.01111 0.13333 0.08889 0.12222 0.04444 0.02222 0.03333 0.07778 0.10000 0.01111 0.01111 0.07778
GNM11841                       0.10112 0.04494 0.02247 0.06742 0.00000 0.04494 0.12360 0.10112 0.01124 0.04494 0.07865 0.04494 0.00000 0.01124 0.02247 0.04494 0.04494 0.01124 0.01124 0.16854
GNM11931                       0.13333 0.05556 0.01111 0.08889 0.00000 0.02222 0.11111 0.05556 0.03333 0.04444 0.07778 0.04444 0.00000 0.01111 0.02222 0.07778 0.04444 0.01111 0.01111 0.14444
GNM12040                       0.08989 0.06742 0.04494 0.05618 0.00000 0.04494 0.12360 0.06742 0.00000 0.05618 0.07865 0.05618 0.00000 0.01124 0.02247 0.04494 0.04494 0.01124 0.03371 0.14607
GNM12071                       0.11236 0.05618 0.04494 0.05618 0.00000 0.05618 0.12360 0.06742 0.00000 0.04494 0.07865 0.04494 0.00000 0.02247 0.02247 0.04494 0.04494 0.01124 0.01124 0.15730
GNM12125                       0.08889 0.07778 0.02222 0.02222 0.00000 0.01111 0.07778 0.08889 0.02222 0.11111 0.06667 0.06667 0.01111 0.01111 0.05556 0.05556 0.03333 0.01111 0.02222 0.14444
GNM12126                       0.07778 0.04444 0.04444 0.03333 0.00000 0.00000 0.08889 0.08889 0.01111 0.05556 0.11111 0.10000 0.00000 0.02222 0.03333 0.06667 0.04444 0.01111 0.03333 0.13333
GNM12128                       0.06667 0.07778 0.03333 0.01111 0.01111 0.01111 0.06667 0.08889 0.02222 0.11111 0.08889 0.10000 0.03333 0.01111 0.03333 0.05556 0.02222 0.01111 0.02222 0.12222
GNM12182                       0.06667 0.02222 0.04444 0.04444 0.00000 0.02222 0.05556 0.08889 0.01111 0.06667 0.12222 0.13333 0.00000 0.03333 0.03333 0.05556 0.03333 0.01111 0.02222 0.13333
GNM12342                       0.11111 0.04444 0.03333 0.02222 0.00000 0.00000 0.10000 0.07778 0.01111 0.11111 0.10000 0.15556 0.00000 0.02222 0.02222 0.03333 0.03333 0.01111 0.01111 0.10000
GNM12346                       0.06667 0.04444 0.06667 0.03333 0.01111 0.01111 0.08889 0.07778 0.01111 0.11111 0.10000 0.08889 0.03333 0.01111 0.03333 0.02222 0.08889 0.01111 0.01111 0.07778
GNM12351                       0.13333 0.03333 0.04444 0.03333 0.01111 0.01111 0.06667 0.08889 0.02222 0.08889 0.11111 0.07778 0.02222 0.01111 0.03333 0.04444 0.06667 0.01111 0.00000 0.08889
GNM12356                       0.07778 0.04444 0.04444 0.02222 0.01111 0.01111 0.08889 0.07778 0.02222 0.06667 0.10000 0.13333 0.00000 0.02222 0.02222 0.06667 0.03333 0.01111 0.01111 0.13333
GNM12357                       0.12222 0.01111 0.02222 0.02222 0.01111 0.01111 0.07778 0.07778 0.00000 0.11111 0.08889 0.13333 0.00000 0.02222 0.03333 0.08889 0.04444 0.01111 0.01111 0.10000
GNM12366                       0.10000 0.01111 0.03333 0.01111 0.01111 0.02222 0.06667 0.07778 0.00000 0.11111 0.07778 0.13333 0.00000 0.02222 0.03333 0.11111 0.04444 0.01111 0.01111 0.11111
GNM12373                       0.13333 0.06667 0.07778 0.01111 0.01111 0.00000 0.08889 0.07778 0.00000 0.11111 0.07778 0.05556 0.03333 0.01111 0.02222 0.04444 0.05556 0.01111 0.01111 0.10000
GNM12385                       0.11111 0.06667 0.05556 0.05556 0.01111 0.00000 0.06667 0.06667 0.00000 0.10000 0.11111 0.06667 0.01111 0.01111 0.03333 0.06667 0.05556 0.01111 0.01111 0.08889
GNM12551                       0.08889 0.12222 0.01111 0.04444 0.01111 0.01111 0.12222 0.08889 0.00000 0.06667 0.12222 0.03333 0.01111 0.01111 0.04444 0.03333 0.04444 0.02222 0.01111 0.10000
GNM12554                       0.07778 0.06667 0.03333 0.03333 0.01111 0.04444 0.06667 0.08889 0.00000 0.11111 0.12222 0.08889 0.01111 0.01111 0.02222 0.07778 0.04444 0.01111 0.01111 0.06667
GNM12592                       0.12222 0.06667 0.02222 0.06667 0.01111 0.01111 0.06667 0.10000 0.02222 0.11111 0.10000 0.07778 0.01111 0.01111 0.01111 0.05556 0.04444 0.01111 0.00000 0.07778
GNM12596                       0.12222 0.03333 0.02222 0.05556 0.01111 0.00000 0.07778 0.07778 0.02222 0.12222 0.13333 0.07778 0.01111 0.02222 0.04444 0.05556 0.05556 0.01111 0.00000 0.04444
GNM12602                       0.11111 0.04444 0.02222 0.06667 0.01111 0.00000 0.06667 0.07778 0.02222 0.10000 0.14444 0.06667 0.02222 0.01111 0.04444 0.05556 0.05556 0.01111 0.00000 0.06667
GNM12665                       0.12222 0.03333 0.03333 0.03333 0.01111 0.00000 0.08889 0.07778 0.02222 0.10000 0.11111 0.07778 0.01111 0.01111 0.04444 0.05556 0.05556 0.01111 0.00000 0.10000
GNM12745                       0.11111 0.01111 0.06667 0.05556 0.02222 0.00000 0.08889 0.06667 0.02222 0.08889 0.07778 0.12222 0.01111 0.02222 0.03333 0.03333 0.05556 0.01111 0.01111 0.08889
GNM12749                       0.08889 0.05556 0.02222 0.02222 0.01111 0.04444 0.08889 0.07778 0.00000 0.10000 0.10000 0.06667 0.00000 0.01111 0.02222 0.11111 0.04444 0.01111 0.01111 0.11111
GNM12758                       0.08889 0.08889 0.05556 0.05556 0.01111 0.02222 0.07778 0.06667 0.02222 0.10000 0.10000 0.07778 0.00000 0.01111 0.02222 0.05556 0.03333 0.01111 0.00000 0.10000
GNM12763                       0.06667 0.06667 0.07778 0.03333 0.01111 0.00000 0.06667 0.06667 0.01111 0.10000 0.10000 0.14444 0.00000 0.01111 0.02222 0.06667 0.03333 0.01111 0.01111 0.10000
GNM12766                       0.11111 0.04444 0.04444 0.02222 0.01111 0.02222 0.06667 0.07778 0.01111 0.11111 0.05556 0.14444 0.00000 0.02222 0.02222 0.03333 0.05556 0.01111 0.01111 0.12222
GNM12841                       0.10112 0.06742 0.02247 0.08989 0.00000 0.03371 0.12360 0.07865 0.00000 0.05618 0.08989 0.04494 0.00000 0.01124 0.02247 0.05618 0.04494 0.01124 0.01124 0.13483
GNM12849                       0.11111 0.01111 0.03333 0.04444 0.01111 0.01111 0.04444 0.07778 0.01111 0.10000 0.10000 0.13333 0.02222 0.04444 0.03333 0.04444 0.07778 0.01111 0.01111 0.06667
GNM12869                       0.08889 0.00000 0.06667 0.03333 0.01111 0.01111 0.05556 0.07778 0.01111 0.10000 0.11111 0.12222 0.01111 0.02222 0.04444 0.06667 0.06667 0.01111 0.02222 0.06667
GNM12896                       0.04444 0.01111 0.03333 0.06667 0.01111 0.03333 0.01111 0.10000 0.01111 0.12222 0.10000 0.12222 0.02222 0.02222 0.03333 0.10000 0.07778 0.01111 0.00000 0.06667
GNM12897                       0.07778 0.02222 0.05556 0.05556 0.01111 0.02222 0.01111 0.10000 0.01111 0.11111 0.11111 0.10000 0.02222 0.01111 0.03333 0.06667 0.08889 0.01111 0.00000 0.07778
GNM12902                       0.06667 0.03333 0.05556 0.06667 0.00000 0.02222 0.03333 0.05556 0.00000 0.12222 0.11111 0.12222 0.00000 0.04444 0.02222 0.11111 0.03333 0.01111 0.01111 0.07778
GNM12903                       0.11111 0.07778 0.03333 0.01111 0.00000 0.01111 0.06667 0.10000 0.00000 0.08889 0.08889 0.11111 0.00000 0.02222 0.04444 0.03333 0.01111 0.01111 0.00000 0.17778
GNM12906                       0.08889 0.05556 0.03333 0.01111 0.00000 0.02222 0.07778 0.12222 0.00000 0.06667 0.11111 0.11111 0.00000 0.02222 0.04444 0.03333 0.01111 0.01111 0.00000 0.17778
GNM12907                       0.08889 0.07778 0.04444 0.02222 0.00000 0.00000 0.06667 0.11111 0.00000 0.06667 0.10000 0.10000 0.00000 0.01111 0.04444 0.02222 0.02222 0.02222 0.00000 0.20000
GNM12909                       0.08889 0.08889 0.06667 0.02222 0.00000 0.01111 0.06667 0.10000 0.00000 0.10000 0.10000 0.08889 0.00000 0.02222 0.03333 0.03333 0.01111 0.01111 0.00000 0.15556
GNM12915                       0.08889 0.08889 0.02222 0.03333 0.00000 0.00000 0.10000 0.08889 0.00000 0.14444 0.05556 0.11111 0.01111 0.01111 0.02222 0.04444 0.02222 0.03333 0.02222 0.10000
GNM10046                       0.08889 0.08889 0.03333 0.02222 0.00000 0.00000 0.11111 0.08889 0.00000 0.12222 0.06667 0.08889 0.01111 0.01111 0.02222 0.04444 0.03333 0.03333 0.02222 0.11111
GNM12918                       0.08889 0.06667 0.02222 0.03333 0.00000 0.00000 0.10000 0.08889 0.00000 0.12222 0.07778 0.12222 0.01111 0.02222 0.02222 0.04444 0.03333 0.03333 0.01111 0.10000
GNM12931                       0.11111 0.05556 0.04444 0.03333 0.00000 0.00000 0.07778 0.07778 0.03333 0.12222 0.05556 0.07778 0.00000 0.01111 0.03333 0.06667 0.06667 0.01111 0.00000 0.12222
GNM12938                       0.07778 0.04444 0.04444 0.02222 0.00000 0.01111 0.05556 0.06667 0.01111 0.10000 0.10000 0.12222 0.01111 0.02222 0.03333 0.06667 0.03333 0.01111 0.04444 0.12222
GNM12996                       0.07778 0.05556 0.05556 0.03333 0.00000 0.01111 0.04444 0.06667 0.01111 0.10000 0.11111 0.12222 0.01111 0.02222 0.03333 0.05556 0.03333 0.01111 0.04444 0.10000
GNM13018                       0.06667 0.05556 0.04444 0.03333 0.00000 0.01111 0.06667 0.06667 0.02222 0.11111 0.11111 0.11111 0.01111 0.02222 0.03333 0.06667 0.03333 0.01111 0.03333 0.08889
GNM13027                       0.04444 0.02222 0.05556 0.04444 0.00000 0.01111 0.06667 0.05556 0.01111 0.07778 0.12222 0.16667 0.00000 0.02222 0.04444 0.05556 0.02222 0.01111 0.04444 0.12222
GNM13046                       0.05556 0.00000 0.05556 0.02222 0.00000 0.00000 0.04444 0.07778 0.01111 0.11111 0.10000 0.14444 0.02222 0.02222 0.03333 0.11111 0.05556 0.01111 0.00000 0.12222
GNM13074                       0.07778 0.05556 0.04444 0.03333 0.00000 0.00000 0.10000 0.08889 0.01111 0.14444 0.06667 0.11111 0.00000 0.01111 0.02222 0.04444 0.02222 0.03333 0.02222 0.11111
GNM10010                       0.07778 0.08889 0.02222 0.02222 0.00000 0.00000 0.11111 0.08889 0.01111 0.11111 0.07778 0.08889 0.01111 0.01111 0.02222 0.04444 0.04444 0.03333 0.02222 0.11111
GNM10014                       0.08889 0.08889 0.02222 0.02222 0.00000 0.00000 0.11111 0.08889 0.01111 0.13333 0.06667 0.08889 0.01111 0.01111 0.02222 0.05556 0.02222 0.03333 0.01111 0.11111
GNM13090                       0.07778 0.05556 0.02222 0.02222 0.00000 0.00000 0.11111 0.08889 0.01111 0.12222 0.06667 0.12222 0.00000 0.01111 0.02222 0.04444 0.05556 0.03333 0.02222 0.11111
GNM13118                       0.06667 0.08889 0.03333 0.04444 0.00000 0.01111 0.10000 0.07778 0.02222 0.08889 0.10000 0.07778 0.00000 0.01111 0.03333 0.06667 0.01111 0.02222 0.01111 0.13333
GNM13126                       0.07778 0.02222 0.04444 0.05556 0.01111 0.00000 0.05556 0.07778 0.00000 0.10000 0.06667 0.14444 0.02222 0.02222 0.02222 0.10000 0.04444 0.01111 0.03333 0.08889
GNM13128                       0.11111 0.05556 0.03333 0.05556 0.01111 0.00000 0.03333 0.07778 0.01111 0.08889 0.06667 0.12222 0.02222 0.03333 0.02222 0.07778 0.04444 0.01111 0.01111 0.11111
GNM13208                       0.11111 0.08889 0.01111 0.03333 0.00000 0.00000 0.06667 0.08889 0.00000 0.07778 0.13333 0.07778 0.00000 0.01111 0.04444 0.07778 0.02222 0.01111 0.01111 0.13333
GNM13210                       0.10000 0.07778 0.03333 0.02222 0.01111 0.01111 0.07778 0.06667 0.01111 0.06667 0.11111 0.07778 0.00000 0.01111 0.03333 0.06667 0.05556 0.01111 0.03333 0.12222
GNM12773                       0.07778 0.04444 0.04444 0.01111 0.00000 0.01111 0.07778 0.04444 0.01111 0.08889 0.14444 0.16667 0.01111 0.01111 0.03333 0.05556 0.05556 0.01111 0.03333 0.06667
GNM12769                       0.07778 0.02222 0.06667 0.02222 0.01111 0.00000 0.03333 0.10000 0.01111 0.06667 0.11111 0.14444 0.01111 0.03333 0.03333 0.07778 0.03333 0.01111 0.02222 0.11111
GNM12768                       0.12222 0.05556 0.03333 0.04444 0.02222 0.02222 0.04444 0.07778 0.01111 0.07778 0.10000 0.07778 0.00000 0.01111 0.03333 0.06667 0.05556 0.01111 0.00000 0.13333

Homogeneity statistic: X2 = 26.19051 G = 27.90133 

Average                        0.08548 0.04234 0.04126 0.03528 0.00626 0.01231 0.06214 0.08620 0.01159 0.09642 0.09858 0.10758 0.01145 0.02283 0.03154 0.07079 0.05055 0.01311 0.01296 0.10132
(Ambiguity characters are used to calculate freqs.)


# constant sites:      2 (2.20%)

TREE #  1:  ((((((((46, 152), 138), (65, 102)), 103), 104), (((140, 141), (105, 64)), (139, 142))), ((((((132, 131), 134), 133), 151), (67, 45)), 148)), (((((((((((((((((((47, 48), ((50, 53), 23)), 52), 63), 54), ((49, 51), 97)), (56, 60)), ((76, 22), (25, 24))), ((((((((59, 57), 58), 55), 127), (20, 7)), (((62, (27, 39)), (8, 6)), (94, 21))), ((11, 74), 126)), 80)), 143), (((95, 79), 19), 96)), (((128, 78), 129), 40)), (((((84, 5), 83), (77, 14)), (30, 85)), (15, 73))), (86, 42)), (93, 75)), ((((((41, 90), 91), 44), 43), 16), (((37, 89), 13), 61))), ((((1, 87), 88), (9, 2)), 38)), ((((35, 36), (3, 33)), (4, 31)), ((12, 34), (32, 92)))), (((((29, 28), (153, 26)), ((70, 71), 72)), ((154, 69), 155)), ((18, 17), 68))), (((((((((((119, 117), 118), 108), 116), 107), (((115, 113), 121), 112)), ((((100, 10), 101), (98, 125)), 99)), (66, 81)), ((150, 149), (82, 130))), ((((((111, 110), 109), 124), 106), ((120, 122), 123)), 114)), ((((145, 146), 147), 144), ((137, 135), 136))));   MP score: -1
lnL(ntime:307  np:308): -12760.319520      +0.000000
 156..157 157..158 158..159 159..160 160..161 161..162 162..163 163..46  163..152 162..138 161..164 164..65  164..102 160..103 159..104 158..165 165..166 166..167 167..140 167..141 166..168 168..105 168..64  165..169 169..139 169..142 157..170 170..171 171..172 172..173 173..174 174..175 175..132 175..131 174..134 173..133 172..151 171..176 176..67  176..45  170..148 156..177 177..178 178..179 179..180 180..181 181..182 182..183 183..184 184..185 185..186 186..187 187..188 188..189 189..190 190..191 191..192 192..193 193..194 194..195 195..47  195..48  194..196 196..197 197..50  197..53  196..23  193..52  192..63  191..54  190..198 198..199 199..49  199..51  198..97  189..200 200..56  200..60  188..201 201..202 202..76  202..22  201..203 203..25  203..24  187..204 204..205 205..206 206..207 207..208 208..209 209..210 210..211 211..59  211..57  210..58  209..55  208..127 207..212 212..20  212..7   206..213 213..214 214..215 215..62  215..216 216..27  216..39  214..217 217..8   217..6   213..218 218..94  218..21  205..219 219..220 220..11  220..74  219..126 204..80  186..143 185..221 221..222 222..223 223..95  223..79  222..19  221..96  184..224 224..225 225..226 226..128 226..78  225..129 224..40  183..227 227..228 228..229 229..230 230..231 231..84  231..5   230..83  229..232 232..77  232..14  228..233 233..30  233..85  227..234 234..15  234..73  182..235 235..86  235..42  181..236 236..93  236..75  180..237 237..238 238..239 239..240 240..241 241..242 242..41  242..90  241..91  240..44  239..43  238..16  237..243 243..244 244..245 245..37  245..89  244..13  243..61  179..246 246..247 247..248 248..249 249..1   249..87  248..88  247..250 250..9   250..2   246..38  178..251 251..252 252..253 253..254 254..35  254..36  253..255 255..3   255..33  252..256 256..4   256..31  251..257 257..258 258..12  258..34  257..259 259..32  259..92  177..260 260..261 261..262 262..263 263..264 264..29  264..28  263..265 265..153 265..26  262..266 266..267 267..70  267..71  266..72  261..268 268..269 269..154 269..69  268..155 260..270 270..271 271..18  271..17  270..68  156..272 272..273 273..274 274..275 275..276 276..277 277..278 278..279 279..280 280..281 281..282 282..119 282..117 281..118 280..108 279..116 278..107 277..283 283..284 284..285 285..115 285..113 284..121 283..112 276..286 286..287 287..288 288..289 289..100 289..10  288..101 287..290 290..98  290..125 286..99  275..291 291..66  291..81  274..292 292..293 293..150 293..149 292..294 294..82  294..130 273..295 295..296 296..297 297..298 298..299 299..300 300..111 300..110 299..109 298..124 297..106 296..301 301..302 302..120 302..122 301..123 295..114 272..303 303..304 304..305 305..306 306..145 306..146 305..147 304..144 303..307 307..308 308..137 308..135 307..136
 0.110945 0.022056 0.058225 0.000000 0.019564 0.117304 0.016086 0.125605 0.231836 0.144966 0.025936 0.459966 0.197369 0.216588 0.200273 0.405210 0.038765 0.114876 0.015390 0.045318 0.048501 0.336963 0.123605 0.007244 0.147053 0.091324 0.056417 0.141260 0.149672 0.153431 0.064522 0.056085 0.093152 0.101459 0.057589 0.040810 0.213086 0.052081 0.195609 0.109876 0.359578 0.040090 0.123794 0.070280 0.000000 0.000000 0.067109 0.117256 0.211098 0.035557 0.004483 0.013620 0.000000 0.073278 0.084936 0.003283 0.000000 0.086500 0.000000 0.000000 0.008041 0.024101 0.000000 0.000000 0.008106 0.000000 0.018658 0.032655 1.637794 0.044451 0.047142 0.015901 0.000000 0.024039 0.000000 0.057061 0.074430 0.064399 0.257951 0.034268 0.000000 0.000000 0.056361 0.000000 0.000000 0.139602 0.056164 0.021218 0.039861 0.000000 0.007835 0.000000 0.000000 0.000000 0.000000 0.000000 0.000000 0.008368 0.000000 0.024250 0.016578 0.026843 0.000000 0.087603 0.033015 0.030254 0.016415 0.000000 0.000000 0.058017 0.053677 0.043412 0.010330 0.008345 0.053432 0.080866 0.000000 0.016756 0.073873 0.384121 0.091658 0.052536 0.041982 0.035465 0.094278 0.081522 0.195934 0.091912 0.179490 0.039027 0.025642 0.049128 0.044402 0.053191 0.018077 0.204751 0.000000 0.076823 0.059027 0.091353 0.030317 0.021354 0.087133 0.136390 0.017268 0.000000 0.191992 0.008594 0.007194 0.301670 0.049642 0.085788 0.296543 0.000000 0.000000 0.386065 0.000000 0.000000 0.133314 0.000000 0.355047 0.106774 0.046643 0.058411 0.000000 0.000000 0.041952 0.154889 0.203371 0.422573 0.032015 0.339423 0.048493 0.212836 0.118358 0.091229 0.258529 0.011389 0.274291 0.192450 0.129237 0.060760 0.028534 0.308050 0.349719 0.000000 0.000000 0.422478 0.170930 0.000000 0.207513 0.114225 0.025471 0.000000 0.084231 0.185445 0.026138 0.411810 0.000000 0.016357 0.373374 0.182937 0.050906 0.035203 0.394110 0.136139 0.165882 0.021487 0.090801 0.036729 0.001375 0.169544 0.155505 0.097024 0.114241 0.286378 0.173445 0.038944 0.091978 0.067324 0.046544 0.151465 0.013116 0.019412 0.412379 0.259415 0.421339 0.125952 0.338859 0.000000 0.000000 0.255572 0.000000 0.000000 0.039822 0.073083 0.080568 0.015831 0.026155 0.088952 0.101836 0.148090 0.024760 0.042644 0.018089 0.010989 0.099762 0.228573 0.189457 0.138878 0.005765 0.037967 0.092420 0.197276 0.208979 0.222390 0.304320 0.039652 0.014876 0.014923 0.093581 0.052280 0.062374 0.075235 0.043751 0.106582 0.114344 0.100798 0.204775 0.140840 0.318224 0.154937 0.255284 0.000000 0.323071 0.274223 0.130045 0.000000 0.000000 0.081528 0.000000 0.010257 0.177944 0.069216 0.034044 0.187811 0.083305 0.111010 0.093455 0.000000 0.373911 0.288115 0.148766 0.507144 0.184738 0.000000 0.007231 0.014533 0.034151 0.053894 0.020071 0.046793 0.066105 0.002169 0.028100 0.036721 0.046837 1.328620
