
Printing out site pattern counts


       141         57  P

GNM13746                        AADDEEGIII IIKKKKKKKK KKKKLLLLLL LLLLMNNPRR RRRRRSSSSS TVVVVVW
GNM13538                        AIEKNTGIII LYAAKKKKKR RSTTLLLLLL RTVWLKNNHK KRRRSKNSTY NIITVWW
GNM13876                        ALPREKSAIV IPHMADKRRG KDPPHLLSVV VGAILKNPRR YNRRRAQSTE VIVRVVW
GNM13680                        VMTKRDGALV VPHTRDKKRG RRPQYILNIL KMAQMKNNKK FRNRRSTETE TIIRVVW
GNM14837                        AMEVHEGAII VPHRRVKHRG KKPEYILSIL RMALMKANKH FKNRRSREAE TIIRVVW
GNM14249                        AMEIHDGVII IPHRRVKHRG KKPEYILSIL RMAQMKANKH FKNRRAREAE TIIRVVW
GNM13928                        AMEVHEGVII VPHQRVKHRG KKPEYVLSIL RMAEMKANKH FKNRRAREAE TIIRVVW
GNM13297                        AIEKNTGIII LYAAKKKKKR RSTTLLLLLL RTVWLKNNHK KRRRSKNSTY NIITVWW
GNM14865                        SAEREQGVLV FPHARGRERR RDPTVILSII RFLDLKNPKK HHTRSAQDAE TVMRVVW
GNM13455                        AMEVHDGVII IPHRRPKHRG KKPEYILSIL RMAIMKANKH FRNRRSREAE TIIRVVW
GNM14938                        AIRVHAGAIV VPIQRKVRQR RDPELILRIL VAAVLKSNKR KRNRRSEDAQ TLIWVMW
GNM14483                        AMAIKEGAIV IPHTIKSRRG KVPEYILNIV DMAEIKNPRR FRRRRSKTSE MVIRLTW
GNM14872                        VMTKRDGALV VPHERDKKRG RRPQYILNIL KMAQMKNNKK FRNRRSTDTE TIVRVVW
GNM13855                        VIAKREGAII VPHIRDKKRS KKPQYIFNIL RMAYMKNNKK FKNRRETDTE TIIRVIW
GNM14404                        AVERREGAIV VPHKTPRDKR RDPNYILKVL RLILIKNPRR FRKRRSESAE TIIRVIW
GNM14545                        AVERREGAIV VPHKTPRDKR RDPNYILKVL RLILIKNPRR FRKRRSESAE TIIRVIW
GNM14366                        AMEIQEGVII IPHRRKKQRG KKPQYVLSIL KMSVMKSNKR FRNRRQRDAE TIIRVVW
GNM14252                        AMEIHDGVII IPHRRVKHRG KKPEYILSIL RMAQMKANKH FKNRRAREAE TIIRVVW
GNM13760                        AMEVHEGAII IPHRRVKHRG KKPEYILSIL RMALMKANKH FKNRRAREAE TIIRVVW
GNM13982                        AMEVHEGVII IPHRRVKHRG RKPEYILSIV KMALMKAPKK FKNRRSRDAE TIIRVVW
GNM13960                        AMEIHDGVIV IPHRRKKQRG KKPEYLLHIV RLALMKSNKH FRNRRAKEAE TVVRVVW
GNM14633                        AMEVHEGVII IPHRRVKHRG RKPEYILSIV RMALMKAPKK FKNRRSRDAE TIIRVVW
GNM14853                        AMEVHEGVII IPHRRVKHRG RKPEYILSIV RMALMKAPKK FKNRRSRDAE TIIRVVW
GNM14138                        AVEIEEGAIL IPHLRPVKRG KKPNYLLKVV RMVKIKNPKK FRRRRSEDAS TITRVFW
GNM14748                        AMEAHEGVII IPHQRVKHKG KKPEYILSIL RMAQMKSPKH FRNRRSRDAE TIIRVVW
GNM14246                        AAELEEGAVL IPHQRPVKRG KRPNYILKVV RMIKIKNPRR FMRRRGKSAS TIVRVIW
GNM14640                        AAEIEEGAVL IPHMRPVKSR KRPNYILKLV RMVRIKNPKK FRRRRSESAS TIMKVFW
GNM14965                        VLTKRDGALV VPSKRDKRRG RKPQEILNIL KMAQMKNNKK FRNRRKTDTE TVIRLIW
GNM13677                        ALGREKSAIV IPHMADKRRR KDPPHLLNVV VGAILKNSKR YNRRRAQSTE VIVRVVW
GNM14339                        AVRIRESAIV VPIARRKRTR QDPEVILRIV IAALIKANKR KRNRRSESAK TLLKIEH
GNM14593                        AMEIQGGAIV IPHRRKKRKR RDPQYILKVV IMALIKNPRR FRNRRSESAE VIIRVEW
GNM13825                        AIRVRSGAIV VPIARKVRQR RDPELILRIL VAALLKNNKR KRNRRSEDAQ TLIWVEW
GNM14768                        AIEAEGGAIV IPHQKKRRRK KDPNYVLKIV LMALLKNPRR FRSRRSESAK VIIRVIW
GNM14776                        AIEAEGGAIV IPHQKKRRRK KDPNYVLKIV LMALLKNPRR FRSRRSESAK VIIRVIW
GNM14715                        AMTIEEGVIV IPHTKKSRTG RVPSYILHIV EMVLVKNPRR FRARRAKDAE VVIRLTW
GNM14639                        ALEIQMGAII IPRLKKVKLW KKPQFILKLV KVVKVKNPKK EKSRRKRDAE TVVIVIW
GNM13795                        AMEVHEGVII IPHQRVKHKG KKPEYILSIL RMAQMKSPKH FRNRRARDAE TIIRVVW
GNM14166                        AIEIHEGVII IPHTRKKQRG RKPEYVLHIV KMALMKSNKK FRNRRAREAE TIIRVIW
GNM13993                        ALDIEEGAIV IPHIRKKRKG RRPEYILNLV RGAQLKSPKR FNKRRERSSE NVVRITW
GNM14450                        AMSIMNGVIV IPHQRKKRRS RKPQYMLHIL KMAIMKNNRH FRNRRKRDTE TIIRVVW
GNM13745                        ALEKEDGAIV IPHKKNKKQG RKPTYLLHLV KGAFIRSNKR FRNRRKRSTK NVIRIIW
GNM14030                        ALDIEEGAII IPHMRKKRKG RRPEYILHLV RGAKIKSPRR FRSRRERSSE TVVRVIW
GNM14959                        AVEIESGTIV IPHAYPKKER RRPNYVLKIV KMVYLKNNRR FRRRRSEDSK VIVRVVW
GNM13413                        AVKRKLGVVI VPHARDINVG KRPPHILKVL EFVYLKNPRR YRRRRSEDAK VIVSVTW
GNM14990                        AMEIHDGVLV IPHRRKKQRG KKPEYLLHIV RLALMKSNKH FRNRRAKEAE TIVRVVW
GNM15005                        AMEIHDGVIV IPHRRKKQRG KKPEYLLHIV RLALMKSNKH FRNRRAKEAE TVVRVVW
GNM14976                        AMEIHDGVIV IPHRRKKQRG KKPEYLLHIV RLALVKSNKH FRNRRAKEAE TVVRVVW
GNM15022                        AMEIHDGVIV IPHRRKKQRG KKPEYLLHIV RLALVKSNKH FRNRRAKEAE TVVRLVW
GNM14995                        A--VHDG-IV --HRRKKQ-- K--E-L--VV -MALMKS--H FQNR-G-EAE --I----
GNM15017                        AMEIHDGVII IPHRRKKQRG KKPEYLLHVV RMALMKSNKH FRNRRSKEAE TVVRVVW
GNM14999                        ---IHDG-LV NPHR--K--- K-PE-L-HVV -MALMKS-KH FK--RARE-E ------W
GNM15024                        AMEIHDGVII IPHRRVKHRG KKPEYILSIL RMAQMKAPKH FKNRRAREAE TIIRVVW
GNM15000                        AMEIHDGVII IPHRRVKHRG KKPEYILSIL RMAQMKAPKH FKNRRAREAE TIIRVVW
GNM15026                        AMEIHEGVLV IPHRRKKQRG KKPEYILRIV RMALMKSNKH FRNRRSREAE TVIRVVW
GNM15001                        AMEIHDGVII IPHRRVKHRG KKPEYILSIL RMAQMKAPKH FKNRRAREAE TIIRVVW
GNM15003                        AMEIHDGVIV IPHRRKKQRG KKPEYLLHIV RLALMKSNKH FRNRRAKEAE TVVRLVW
GNM11003                        AVNYKLGIIV IRHIRGVNRR RKIPMLLKIV VFISEGANRR KNKRSSDDLS VILFVES
GNM11023                        AVTRNESVIV VPHRRIVRKR RRPNYILKVL ITVYMKNNRR FRRRASEDAE VVVWIVW
GNM11055                        AAEAEAGKIV IPHSKKKLRR RHPTYILKVV RMLKYKNRKR FRKRTEEDAK SIARVVW
GNM11146                        AVEINNGVLV IPYAYPKIKR KDPELLLKIL KVILFKNNRR IRRRSSQNAR TIAIVIW
GNM11219                        AVEIEEGAII IPHEREVRRK RKPPYILKLV RMVAVKNPRR FRRRRRQDAE MVVRVIW
GNM11220                        AAELREGIIV VPHAKPKVRK RRPEIILHVL KLAYFKNNKR QRRRRSKDAE TIVRVVW
GNM11223                        AAEIEEGAII VPHERPVRRR RGPNYILKLV RMIYIKNPKR FRRRRRQTTS TVIRIIW
GNM11224                        AAEIEEGAII VPHERPVKRR REPNYLLKLV RMIRVKNPKR FRRRRRETTS TVVRIIW
GNM11358                        VIAKREGAII VPHIRDKKRS KKPQYIFNIL RMAYMKNNKK FRNRRETDTE TIIRVIW
GNM11362                        AIEIEEGVIV IPHIRKIRRS RKPEYVLSIL IMALMKNNRR FRNRRARDSE TIIRVVW
GNM11367                        AMEVHEGVII IPHRRVKHRG RKPEYILSIV KMALMKAPKK FKNRRSRDAE TIIRVVW
GNM11377                        VMTKRDGALV VPHERDKKRG RRPQYILNIL KMAQMKNNKK FRNRRSTDTE TIVRVVW
GNM11380                        AIEIHEGVIV IPHTRKKQRG RKPEYVLHII KMALMKSNKK FRNRRAREAE TIIRVIW
GNM11383                        AMEIKDGVIV IPHERKKQRG RKPQYVLSIL KMTAMKSNKH FQNRRNRDAE TIIRVVW
GNM11491                        AMEIHEGVII IPHTRMRRRG KKPEYILSIV RMAQMKSPKH FRNRRLKDAE TIIRVVW
GNM11804                        AAEAEKGKLI IPHSKKRLRK RHPTYILKVI RMLKYKNRKK FRRRTEQDAR SIIRIVW
GNM11805                        AIEREKGAII IPYSTDWRSR KGINIILHIV KTVLIKNSKR ARGRTDEDAE TVIELLW
GNM12883                        VMTKRDGALI VPHERDKKRG RRPQYILNIL KMAQIKNNKK FRNRRTTDTE TIVRVVW
GNM12892                        VLTKRDGALV VPSKRDKRRG RKPQEILNIL KMAQMKNNKK FRNRRKTDTE TVIRLIW
GNM12895                        AMSIMNGVIV IPHQRKKRRS RKPQYMLHIL KMAIMKNNRH FRNRRKRDTE TIIRVVW
GNM13060                        AAENEEGVIV ILKKKKKKKK KKRKVLLLLL LLLLMKNNKR NRKRRSESSS TVVIVAW
GNM13061                        AVEDKEGIVV IRLSKEKKKS KKRPLIFLLL RAIILKNPNR KRFRRETSSR TIIMVVW
GNM13062                        AMTIEEGVIV IPHTKKSRTG KVPVYILHLV EMAQVKNPRR FRIRRARDAE TVLRVTW
GNM11034                        AIRVRAGAIV VPVLRKVRRR RDPELILRIL VAALLKNNKR KRNRRSEDAQ TLIWLEW
GNM11363                        AIEIEEGVIV IPHIRKIRRS RKPEYVLSIL IMALMKNNRR FRNRRARDSE TIIRVVW
GNM11375                        AMEVHEGVII IPHRRVKHRG KKPEYILSIL RMALMKANKH FKNRRAREAE TIIRVVW
GNM11381                        AMEIHDGVII IPHERKKQRG RKPQYILSIL RMTAMKSNKH FRNRRERDAE TIIRVVW
GNM11382                        AMEIQEGVII IPHERKKQRG KKPQYVLSIL KMAQMKSNKH FRNRRKRDAE TIIRVVW
GNM11841                        AAERESGALV IPHAKDRKRR RDTPVALNII RFLALSNPKK HRIRSAADAE TIMRVVW
GNM11931                        AADNDSGVLV LPQAEGRERR RDPPVVLNII HFLAIANPKK HENRRSNDAQ TVMRVFW
GNM12040                        AAESESGVLI LPHARGRERR RDPPVVLNIL RFLTLRNPKQ HRTRSAQDAE TVMRVVW
GNM12071                        AAERETGALV VPHAFDVERR RDPTVVLNVV RFLAISNPKQ HNKRSAQDAE TVMRVVW
GNM12125                        AAEIENSVIV VPHARAINTS RRPNYILKVV KFIYLGNPRR FRKRRSEHAK TIIAVIW
GNM12126                        AVGINTSLIV VPHARKKNQR RRPNYLLKVV YFVYMGNNRR FGRRASTDAE TIVVVIW
GNM12128                        AFEISYKVLV IPHERKLDVR RRPPYVLKII KLLYYGSPYR FRRRRQEDGK IIIGVIY
GNM12182                        AVNKSFSALV VTHSSKIKRR RKIPMILKIL VFVYLGLNRR TNNKRSDDFG VIVFVES
GNM12342                        AAEIEEGVIV VPHKRPKKRR KDPNYILKIL KMLKKKNPRR FRKRAEQDAQ TIIRVIW
GNM12346                        AAEIEEGVII VPHSKNKKRR REPSYVLKIL KMLAVKNPAK YHKRSEESSE TIIQVIW
GNM12351                        AAESHTGAII IPHVRGKKRR REPAYILKII RMLRLKNPSR YRSRSEQDTK TIMQIIW
GNM12356                        AVELESSVII IPHKRPKKRR RDINYVLKII KTLKKKNPRR FRRRAENDAD TIMRVIW
GNM12357                        AVELESSVLV VPHKRPKKRR RDINYVLKII KMLKAKNPKK FRRRAENDAD TIMRVIW
GNM12366                        AAELESSVLV VPHMRPKKRR RDINYVLKII KMLKAKNPKK FRRRAENDAA TIIRVIW
GNM12373                        AAESESGVLV IPHEANKKRR RDPKYVLKII RMLLDKNPRH YRKRRAQDAG VIIQVVW
GNM12385                        AAESESGVLV IPHVTNKKRR REPKYVLKII RMLKDKNPKR FNKRRESDGA IIIHVIW
GNM12551                        AAEIEDGAIV IPHERPRKRR RDPNYILKLV RMIKAKNPKR FRKRSEKGAQ TVVRVVW
GNM12554                        AAEAETGALV IPHAGNKKRR RDPKYVLKII RMLKDKNPKK YRKRSSEDAK IIIHVIW
GNM12592                        AAENETSVII IPHSRKSRRR KHPNYILKLL KMLMEKNPRR YRSRCAEDAS TVVQVIW
GNM12596                        AAECESGVLV IPHVRNKKRR REPKYLLKVI RMLHEKNPSR FKIRLEEDAG TIVQVIW
GNM12602                        AAECESGVLV VPHVRNKKRR RKPKYLLKVI RMLCEKNPSR FKTRLEKDAG TIVQVIW
GNM12665                        AAECETGVLV IPHVRGKKRR REPKYLLKVI RMLCEKNPSR FKKRLEEDAG TIVQVIW
GNM12745                        AAEREAGVIV IPHQKPIKKR RDIQYVLKII KMIKYKNPKK FRKRSEEDSE TIMRVIW
GNM12749                        AAETEDGVLV VPHSKARRRG RGPQYVLKII RMLKDKNPRR FRKRASEGSA VIMQVMW
GNM12758                        AAEIESGALV IPHMKPKIKR RKIEYLLKVI KMLKIKNPRK FRKRPEQDAE VIVRVIW
GNM12763                        AAEIESGVIV IPHKRPKIKR RKIRYVLKIV KMMKFKNPKR FRRRPEQDAE TIIRVVW
GNM12766                        AAEIESSILV IPHKRPKKRR RDVNYVLKII KMLKKKNPRR FRRRPEEDAE TIIRVIW
GNM12841                        AAERESGVLV LPHAKDRQRR RDPPMVLKVI RFLALNNPEQ HRSRSESDAS TVMRVVW
GNM12849                        AMEVHDGVII IPHRRPKHRG KKPEYILSIL RMAIMKANKH FKNRRSREAE TIIRVVW
GNM12869                        AMEIHDGVII IPHRRVKHRG KKPEYILSIL RMAQMKAPKH FKNRRAREAE TIIRVVW
GNM12896                        AIEIHEGVIV IPHTRKKQRG RKPEYVLHII KMALMKSNKK FRNRRAREAE TIIRVIW
GNM12897                        AIEIHEGVII IPHIRKKQRG RKPEYVLHII KMALMKSNKK FRNRRAREAE TIIRVIW
GNM12902                        SVEREKGAVI VPYATDWRNR KKVNLILKLV KTVLMKNSRR ARKRTSRDAD SVIIILW
GNM12903                        AVSITLSAIV VPHAYKKKRR RRPQYLLKIL ALVALKNNKR FRGRRAEGAR VIVRVEW
GNM12906                        AVTIEASAIV VPHAYKRKRR RRPQYLLKIL VLVVLKNNKR FRGRRMEGAR VVVRVEW
GNM12907                        AVTIEASTLV VPHAYKKKHR RRPQYLLKIL VLVALKNNRR FRGRRAEGAR VIVRVEW
GNM12909                        AVTIMRSAIV VPHAYKKKHR RRPQYILKVL VLIALKNNKR FRGRRSEGAR IIVRVEW
GNM12915                        AVEIEKGIIV LPHARPIKRR RKPTFIIKVV KAVKFKNPRR FRKRSEESAE TVVVVIW
GNM10046                        AVEIEKGIIV LPHARPIKRK RKPPFIIKVV KAVKFKNPKR FRKRSEEDAE TVVVVIW
GNM12931                        AIRREASVII VPHRRDINIK RRPPHVLKIV EFVYLKNPRR YRRRRSEDAK VIVSVIW
GNM12938                        AVNRKLGVIV VVHKRKITRR RRIPMIFKVL AFVAYGANRR MNKRRMDDTY VIIFIET
GNM12996                        AVNNKLGIIV VVHARKVGRR RKVPMILKVL VFVSFNANKR INKRSKDDSK VIVFVES
GNM13018                        AVNNKLGIIV IVHARKIGRR KKIPMILKIL VFVSFNANKR VNKRSKDDSK IIVFVES
GNM13027                        AVNRKLGAIV VVHQRKIQRK RRIPMIFKIL AFVSMGANKR INKRRYDDTN VIIFVET
GNM13046                        AMEIHAGVII IPHRRKKQRG KKPEYILHVV RMAQMKNNKH YRNRRKKEAE TIVRVVW
GNM13053                        AMTIEDGAII IPHIRKKRTD KTPTYILHIL KMARDKNPRK FRARRNREAK TIVRVIW
GNM13074                        AVEIEEGIIV LPHARPVKRR RKPPFIIKVV KAIKFKNPKR FRKRSEEAAE TVAVVIW
GNM10010                        AVEAEAGILV LPHARPKKRR RKPPFLIKVV KAIKFKNPKR WRKRNEEEAE VVAVVIW
GNM10014                        AVEAEDGIIV LPHARPIKRN RKPTFIIKVV KAIKFKNPKR WRRRGEEGAE VVAVVIW
GNM13090                        AVETEAGVIV LPHARPIKRR RKPPFLIKVV KAIKFKNPKR WRRRNEEDAE TVAVVIW
GNM13118                        AVTILESVII VPHAVKKKKR RRPPYVLKIL DLIIARNNKR FRRRRSESAD VIVRVTW
GNM13126                        AVEREKGAII MPKSTDWRSR RDIPIILHLV KMVKIKSPKK FRSRSEEDAN NVVVVIW
GNM13128                        SIEREKGAII LPKSTDWRSR REPPMILKLV KLVTIKSPKK YKSRSKEDAN NIIILIW
GNM13208                        AVTREASALV VPHSRRKRDR RRPPYVLKIL VIVFLKNSYR FRARRSEDAE RIVRVEW
GNM13210                        AIKRDASVVI VPHARDVNVK KRPPHILKVV EFVYLKNPKR YRRRRSEDAK VIVTVVW
GNM12773                        AVEIEASAIL IPHKRPTKRG RKPNYILKIV KMIKLKNPKK FRARRTKSAE TIIRVIW
GNM12768                        GIEIEEGAIP LPHQRPIRRK RQLPYLLGVV RMVYLKNPRK FQRRRSETVS TIVRVIW



    1    1    1    1    1    1    1    1    1    1    1    1    1    1    1
    1    1    1    1    1    1    1    1    1    1    1    1    1    1    1
    1    1    1    1    1    1    1    1    1    1    1    1    1    1    1
    1    1    1    1    1    1    1    1    1    1    1    1

AAML (in paml version 4.9h, March 2018)  tmp0055.txt
Model: Empirical,  (../wag.dat) dGamma (ncatG=4) ns = 141  ls =  57


Frequencies..
                                    A      R      N      D      C      Q      E      G      H      I      L      K      M      F      P      S      T      W      Y      V
GNM13746                       0.03509 0.12281 0.03509 0.03509 0.00000 0.00000 0.03509 0.01754 0.00000 0.08772 0.17544 0.21053 0.01754 0.00000 0.01754 0.08772 0.01754 0.01754 0.00000 0.08772
GNM13538                       0.05263 0.10526 0.08772 0.00000 0.00000 0.00000 0.01754 0.01754 0.01754 0.10526 0.14035 0.17544 0.00000 0.00000 0.00000 0.05263 0.10526 0.05263 0.03509 0.03509
GNM13876                       0.08772 0.15789 0.03509 0.03509 0.00000 0.01754 0.03509 0.03509 0.03509 0.07018 0.07018 0.07018 0.01754 0.00000 0.08772 0.05263 0.01754 0.01754 0.01754 0.14035
GNM13680                       0.03509 0.15789 0.07018 0.03509 0.00000 0.03509 0.03509 0.03509 0.01754 0.07018 0.05263 0.12281 0.05263 0.01754 0.03509 0.01754 0.08772 0.01754 0.01754 0.08772
GNM14837                       0.08772 0.14035 0.03509 0.00000 0.00000 0.00000 0.08772 0.03509 0.07018 0.10526 0.05263 0.10526 0.05263 0.01754 0.03509 0.03509 0.01754 0.01754 0.01754 0.08772
GNM14249                       0.08772 0.14035 0.03509 0.01754 0.00000 0.01754 0.07018 0.03509 0.07018 0.14035 0.03509 0.10526 0.05263 0.01754 0.03509 0.01754 0.01754 0.01754 0.01754 0.07018
GNM13928                       0.08772 0.12281 0.03509 0.00000 0.00000 0.01754 0.10526 0.03509 0.07018 0.08772 0.03509 0.10526 0.05263 0.01754 0.03509 0.01754 0.01754 0.01754 0.01754 0.12281
GNM13297                       0.05263 0.10526 0.08772 0.00000 0.00000 0.00000 0.01754 0.01754 0.01754 0.10526 0.14035 0.17544 0.00000 0.00000 0.00000 0.05263 0.10526 0.05263 0.03509 0.03509
GNM14865                       0.07018 0.15789 0.01754 0.05263 0.00000 0.03509 0.07018 0.03509 0.05263 0.05263 0.07018 0.05263 0.01754 0.03509 0.05263 0.05263 0.05263 0.01754 0.00000 0.10526
GNM13455                       0.07018 0.15789 0.03509 0.01754 0.00000 0.00000 0.07018 0.03509 0.07018 0.14035 0.03509 0.08772 0.05263 0.01754 0.05263 0.03509 0.01754 0.01754 0.01754 0.07018
GNM14938                       0.10526 0.17544 0.03509 0.03509 0.00000 0.05263 0.03509 0.01754 0.01754 0.10526 0.08772 0.07018 0.01754 0.00000 0.03509 0.03509 0.01754 0.03509 0.00000 0.12281
GNM14483                       0.07018 0.15789 0.03509 0.01754 0.00000 0.00000 0.07018 0.03509 0.01754 0.14035 0.03509 0.08772 0.05263 0.01754 0.05263 0.05263 0.05263 0.01754 0.01754 0.07018
GNM14872                       0.03509 0.15789 0.07018 0.05263 0.00000 0.03509 0.03509 0.03509 0.01754 0.05263 0.05263 0.12281 0.05263 0.01754 0.03509 0.01754 0.07018 0.01754 0.01754 0.10526
GNM13855                       0.05263 0.12281 0.07018 0.03509 0.00000 0.01754 0.05263 0.01754 0.01754 0.15789 0.01754 0.15789 0.03509 0.03509 0.03509 0.01754 0.05263 0.01754 0.03509 0.05263
GNM14404                       0.05263 0.21053 0.03509 0.03509 0.00000 0.00000 0.07018 0.01754 0.01754 0.12281 0.07018 0.08772 0.00000 0.01754 0.07018 0.03509 0.03509 0.01754 0.01754 0.08772
GNM14545                       0.05263 0.21053 0.03509 0.03509 0.00000 0.00000 0.07018 0.01754 0.01754 0.12281 0.07018 0.08772 0.00000 0.01754 0.07018 0.03509 0.03509 0.01754 0.01754 0.08772
GNM14366                       0.03509 0.15789 0.03509 0.01754 0.00000 0.07018 0.05263 0.03509 0.01754 0.12281 0.03509 0.12281 0.05263 0.01754 0.03509 0.05263 0.01754 0.01754 0.01754 0.08772
GNM14252                       0.08772 0.14035 0.03509 0.01754 0.00000 0.01754 0.07018 0.03509 0.07018 0.14035 0.03509 0.10526 0.05263 0.01754 0.03509 0.01754 0.01754 0.01754 0.01754 0.07018
GNM13760                       0.10526 0.14035 0.03509 0.00000 0.00000 0.00000 0.08772 0.03509 0.07018 0.12281 0.05263 0.10526 0.05263 0.01754 0.03509 0.01754 0.01754 0.01754 0.01754 0.07018
GNM13982                       0.07018 0.14035 0.01754 0.01754 0.00000 0.00000 0.07018 0.03509 0.05263 0.12281 0.03509 0.12281 0.05263 0.01754 0.05263 0.03509 0.01754 0.01754 0.01754 0.10526
GNM13960                       0.07018 0.14035 0.03509 0.01754 0.00000 0.01754 0.07018 0.03509 0.07018 0.07018 0.07018 0.12281 0.03509 0.01754 0.03509 0.01754 0.01754 0.01754 0.01754 0.12281
GNM14633                       0.07018 0.15789 0.01754 0.01754 0.00000 0.00000 0.07018 0.03509 0.05263 0.12281 0.03509 0.10526 0.05263 0.01754 0.05263 0.03509 0.01754 0.01754 0.01754 0.10526
GNM14853                       0.07018 0.15789 0.01754 0.01754 0.00000 0.00000 0.07018 0.03509 0.05263 0.12281 0.03509 0.10526 0.05263 0.01754 0.05263 0.03509 0.01754 0.01754 0.01754 0.10526
GNM14138                       0.05263 0.14035 0.03509 0.01754 0.00000 0.00000 0.07018 0.03509 0.01754 0.08772 0.07018 0.14035 0.01754 0.03509 0.07018 0.03509 0.03509 0.01754 0.01754 0.10526
GNM14748                       0.07018 0.12281 0.01754 0.01754 0.00000 0.03509 0.07018 0.03509 0.07018 0.12281 0.03509 0.10526 0.05263 0.01754 0.05263 0.05263 0.01754 0.01754 0.01754 0.07018
GNM14246                       0.07018 0.17544 0.03509 0.00000 0.00000 0.01754 0.05263 0.05263 0.01754 0.10526 0.05263 0.10526 0.03509 0.01754 0.07018 0.03509 0.01754 0.01754 0.01754 0.10526
GNM14640                       0.07018 0.15789 0.03509 0.00000 0.00000 0.00000 0.07018 0.01754 0.01754 0.08772 0.05263 0.12281 0.05263 0.03509 0.07018 0.07018 0.01754 0.01754 0.01754 0.08772
GNM14965                       0.03509 0.15789 0.07018 0.05263 0.00000 0.03509 0.03509 0.03509 0.00000 0.07018 0.08772 0.15789 0.03509 0.01754 0.03509 0.01754 0.07018 0.01754 0.00000 0.07018
GNM13677                       0.08772 0.15789 0.05263 0.03509 0.00000 0.01754 0.03509 0.03509 0.03509 0.07018 0.07018 0.08772 0.01754 0.00000 0.05263 0.05263 0.01754 0.01754 0.01754 0.14035
GNM14339                       0.12281 0.19298 0.03509 0.01754 0.00000 0.01754 0.07018 0.00000 0.01754 0.14035 0.07018 0.10526 0.00000 0.00000 0.03509 0.05263 0.03509 0.00000 0.00000 0.08772
GNM14593                       0.07018 0.19298 0.03509 0.01754 0.00000 0.03509 0.07018 0.03509 0.01754 0.14035 0.03509 0.08772 0.03509 0.01754 0.05263 0.03509 0.00000 0.01754 0.01754 0.08772
GNM13825                       0.10526 0.19298 0.05263 0.03509 0.00000 0.03509 0.05263 0.01754 0.00000 0.10526 0.10526 0.07018 0.00000 0.00000 0.03509 0.03509 0.01754 0.03509 0.00000 0.10526
GNM14768                       0.08772 0.15789 0.03509 0.01754 0.00000 0.01754 0.05263 0.03509 0.01754 0.12281 0.07018 0.12281 0.01754 0.01754 0.05263 0.05263 0.00000 0.01754 0.01754 0.08772
GNM14776                       0.08772 0.15789 0.03509 0.01754 0.00000 0.01754 0.05263 0.03509 0.01754 0.12281 0.07018 0.12281 0.01754 0.01754 0.05263 0.05263 0.00000 0.01754 0.01754 0.08772
GNM14715                       0.07018 0.14035 0.01754 0.01754 0.00000 0.00000 0.07018 0.03509 0.03509 0.10526 0.05263 0.07018 0.03509 0.01754 0.05263 0.03509 0.07018 0.01754 0.01754 0.14035
GNM14639                       0.05263 0.07018 0.01754 0.01754 0.00000 0.03509 0.05263 0.01754 0.00000 0.12281 0.08772 0.22807 0.01754 0.01754 0.05263 0.01754 0.01754 0.03509 0.00000 0.14035
GNM13795                       0.07018 0.12281 0.01754 0.01754 0.00000 0.03509 0.07018 0.03509 0.07018 0.12281 0.03509 0.10526 0.05263 0.01754 0.05263 0.03509 0.01754 0.01754 0.01754 0.08772
GNM14166                       0.07018 0.14035 0.03509 0.00000 0.00000 0.01754 0.08772 0.03509 0.05263 0.15789 0.03509 0.12281 0.03509 0.01754 0.03509 0.01754 0.03509 0.01754 0.01754 0.07018
GNM13993                       0.05263 0.17544 0.05263 0.01754 0.00000 0.01754 0.08772 0.05263 0.01754 0.10526 0.07018 0.10526 0.00000 0.01754 0.05263 0.05263 0.01754 0.01754 0.01754 0.07018
GNM14450                       0.03509 0.17544 0.07018 0.01754 0.00000 0.03509 0.01754 0.01754 0.05263 0.12281 0.03509 0.10526 0.08772 0.01754 0.03509 0.03509 0.03509 0.01754 0.01754 0.07018
GNM13745                       0.05263 0.14035 0.07018 0.01754 0.00000 0.01754 0.03509 0.05263 0.03509 0.10526 0.07018 0.17544 0.00000 0.03509 0.03509 0.03509 0.03509 0.01754 0.01754 0.05263
GNM14030                       0.05263 0.21053 0.00000 0.01754 0.00000 0.00000 0.08772 0.05263 0.03509 0.12281 0.05263 0.08772 0.01754 0.01754 0.05263 0.07018 0.01754 0.01754 0.01754 0.07018
GNM14959                       0.03509 0.17544 0.05263 0.01754 0.00000 0.00000 0.07018 0.01754 0.01754 0.08772 0.03509 0.10526 0.01754 0.01754 0.05263 0.05263 0.01754 0.01754 0.05263 0.15789
GNM13413                       0.05263 0.15789 0.03509 0.03509 0.00000 0.00000 0.03509 0.03509 0.03509 0.07018 0.07018 0.10526 0.00000 0.01754 0.07018 0.03509 0.01754 0.01754 0.03509 0.17544
GNM14990                       0.07018 0.14035 0.03509 0.01754 0.00000 0.01754 0.07018 0.03509 0.07018 0.07018 0.08772 0.12281 0.03509 0.01754 0.03509 0.01754 0.01754 0.01754 0.01754 0.10526
GNM15005                       0.07018 0.14035 0.03509 0.01754 0.00000 0.01754 0.07018 0.03509 0.07018 0.07018 0.07018 0.12281 0.03509 0.01754 0.03509 0.01754 0.01754 0.01754 0.01754 0.12281
GNM14976                       0.07018 0.14035 0.03509 0.01754 0.00000 0.01754 0.07018 0.03509 0.07018 0.07018 0.07018 0.12281 0.01754 0.01754 0.03509 0.01754 0.01754 0.01754 0.01754 0.14035
GNM15022                       0.07018 0.14035 0.03509 0.01754 0.00000 0.01754 0.07018 0.03509 0.07018 0.07018 0.08772 0.12281 0.01754 0.01754 0.03509 0.01754 0.01754 0.01754 0.01754 0.12281
GNM14995                       0.08824 0.08824 0.02941 0.02941 0.00000 0.05882 0.08824 0.05882 0.08824 0.05882 0.05882 0.11765 0.05882 0.02941 0.00000 0.02941 0.00000 0.00000 0.00000 0.11765
GNM15017                       0.05263 0.14035 0.03509 0.01754 0.00000 0.01754 0.07018 0.03509 0.07018 0.07018 0.05263 0.12281 0.05263 0.01754 0.03509 0.03509 0.01754 0.01754 0.01754 0.12281
GNM14999                       0.05882 0.08824 0.02941 0.02941 0.00000 0.00000 0.08824 0.02941 0.11765 0.02941 0.08824 0.14706 0.05882 0.02941 0.05882 0.02941 0.00000 0.02941 0.00000 0.08824
GNM15024                       0.08772 0.14035 0.01754 0.01754 0.00000 0.01754 0.07018 0.03509 0.07018 0.14035 0.03509 0.10526 0.05263 0.01754 0.05263 0.01754 0.01754 0.01754 0.01754 0.07018
GNM15000                       0.08772 0.14035 0.01754 0.01754 0.00000 0.01754 0.07018 0.03509 0.07018 0.14035 0.03509 0.10526 0.05263 0.01754 0.05263 0.01754 0.01754 0.01754 0.01754 0.07018
GNM15026                       0.05263 0.17544 0.03509 0.00000 0.00000 0.01754 0.08772 0.03509 0.05263 0.08772 0.05263 0.10526 0.05263 0.01754 0.03509 0.03509 0.01754 0.01754 0.01754 0.10526
GNM15001                       0.08772 0.14035 0.01754 0.01754 0.00000 0.01754 0.07018 0.03509 0.07018 0.14035 0.03509 0.10526 0.05263 0.01754 0.05263 0.01754 0.01754 0.01754 0.01754 0.07018
GNM15003                       0.07018 0.14035 0.03509 0.01754 0.00000 0.01754 0.07018 0.03509 0.07018 0.07018 0.08772 0.12281 0.03509 0.01754 0.03509 0.01754 0.01754 0.01754 0.01754 0.10526
GNM11003                       0.03509 0.14035 0.07018 0.03509 0.00000 0.00000 0.03509 0.05263 0.01754 0.14035 0.08772 0.08772 0.01754 0.03509 0.01754 0.08772 0.00000 0.00000 0.01754 0.12281
GNM11023                       0.05263 0.21053 0.07018 0.01754 0.00000 0.00000 0.05263 0.00000 0.01754 0.08772 0.03509 0.05263 0.01754 0.01754 0.03509 0.03509 0.03509 0.03509 0.03509 0.19298
GNM11055                       0.10526 0.15789 0.01754 0.01754 0.00000 0.00000 0.07018 0.01754 0.03509 0.07018 0.05263 0.17544 0.01754 0.01754 0.03509 0.03509 0.03509 0.01754 0.03509 0.08772
GNM11146                       0.07018 0.12281 0.08772 0.01754 0.00000 0.01754 0.03509 0.01754 0.00000 0.15789 0.10526 0.10526 0.00000 0.01754 0.05263 0.03509 0.01754 0.01754 0.03509 0.08772
GNM11219                       0.07018 0.22807 0.01754 0.01754 0.00000 0.01754 0.10526 0.01754 0.01754 0.10526 0.03509 0.07018 0.03509 0.01754 0.07018 0.00000 0.00000 0.01754 0.01754 0.14035
GNM11220                       0.08772 0.17544 0.03509 0.01754 0.00000 0.01754 0.07018 0.01754 0.03509 0.08772 0.07018 0.12281 0.00000 0.01754 0.05263 0.01754 0.01754 0.01754 0.01754 0.12281
GNM11223                       0.05263 0.22807 0.03509 0.00000 0.00000 0.01754 0.07018 0.03509 0.01754 0.15789 0.03509 0.05263 0.01754 0.01754 0.07018 0.01754 0.05263 0.01754 0.03509 0.07018
GNM11224                       0.05263 0.22807 0.03509 0.00000 0.00000 0.00000 0.10526 0.01754 0.01754 0.10526 0.05263 0.07018 0.01754 0.01754 0.07018 0.01754 0.05263 0.01754 0.01754 0.10526
GNM11358                       0.05263 0.14035 0.07018 0.03509 0.00000 0.01754 0.05263 0.01754 0.01754 0.15789 0.01754 0.14035 0.03509 0.03509 0.03509 0.01754 0.05263 0.01754 0.03509 0.05263
GNM11362                       0.05263 0.19298 0.05263 0.01754 0.00000 0.00000 0.08772 0.01754 0.01754 0.17544 0.05263 0.05263 0.03509 0.01754 0.03509 0.05263 0.01754 0.01754 0.01754 0.08772
GNM11367                       0.07018 0.14035 0.01754 0.01754 0.00000 0.00000 0.07018 0.03509 0.05263 0.12281 0.03509 0.12281 0.05263 0.01754 0.05263 0.03509 0.01754 0.01754 0.01754 0.10526
GNM11377                       0.03509 0.15789 0.07018 0.05263 0.00000 0.03509 0.03509 0.03509 0.01754 0.05263 0.05263 0.12281 0.05263 0.01754 0.03509 0.01754 0.07018 0.01754 0.01754 0.10526
GNM11380                       0.07018 0.14035 0.03509 0.00000 0.00000 0.01754 0.08772 0.03509 0.05263 0.15789 0.03509 0.12281 0.03509 0.01754 0.03509 0.01754 0.03509 0.01754 0.01754 0.07018
GNM11383                       0.05263 0.12281 0.05263 0.03509 0.00000 0.05263 0.05263 0.03509 0.03509 0.10526 0.03509 0.12281 0.05263 0.01754 0.03509 0.03509 0.03509 0.01754 0.01754 0.08772
GNM11491                       0.05263 0.15789 0.01754 0.01754 0.00000 0.01754 0.07018 0.03509 0.05263 0.14035 0.03509 0.08772 0.07018 0.01754 0.05263 0.03509 0.03509 0.01754 0.01754 0.07018
GNM11804                       0.07018 0.17544 0.01754 0.01754 0.00000 0.01754 0.05263 0.01754 0.03509 0.12281 0.07018 0.17544 0.01754 0.01754 0.03509 0.03509 0.03509 0.01754 0.03509 0.03509
GNM11805                       0.07018 0.10526 0.03509 0.05263 0.00000 0.00000 0.08772 0.05263 0.01754 0.17544 0.07018 0.08772 0.00000 0.00000 0.01754 0.05263 0.07018 0.03509 0.01754 0.05263
GNM12883                       0.03509 0.15789 0.07018 0.05263 0.00000 0.03509 0.03509 0.03509 0.01754 0.08772 0.05263 0.12281 0.03509 0.01754 0.03509 0.00000 0.08772 0.01754 0.01754 0.08772
GNM12892                       0.03509 0.15789 0.07018 0.05263 0.00000 0.03509 0.03509 0.03509 0.00000 0.07018 0.08772 0.15789 0.03509 0.01754 0.03509 0.01754 0.07018 0.01754 0.00000 0.07018
GNM12895                       0.03509 0.17544 0.07018 0.01754 0.00000 0.03509 0.01754 0.01754 0.05263 0.12281 0.03509 0.10526 0.08772 0.01754 0.03509 0.03509 0.03509 0.01754 0.01754 0.07018
GNM13060                       0.05263 0.08772 0.07018 0.00000 0.00000 0.00000 0.07018 0.01754 0.00000 0.05263 0.17544 0.24561 0.01754 0.00000 0.00000 0.07018 0.01754 0.01754 0.00000 0.10526
GNM13061                       0.03509 0.14035 0.03509 0.01754 0.00000 0.00000 0.07018 0.01754 0.00000 0.12281 0.10526 0.15789 0.01754 0.03509 0.03509 0.07018 0.03509 0.01754 0.00000 0.08772
GNM13062                       0.07018 0.14035 0.01754 0.01754 0.00000 0.01754 0.07018 0.03509 0.03509 0.08772 0.05263 0.07018 0.03509 0.01754 0.05263 0.01754 0.08772 0.01754 0.01754 0.14035
GNM11034                       0.10526 0.21053 0.05263 0.03509 0.00000 0.01754 0.05263 0.01754 0.00000 0.08772 0.14035 0.07018 0.00000 0.00000 0.03509 0.01754 0.01754 0.03509 0.00000 0.10526
GNM11363                       0.05263 0.19298 0.05263 0.01754 0.00000 0.00000 0.08772 0.01754 0.01754 0.17544 0.05263 0.05263 0.03509 0.01754 0.03509 0.05263 0.01754 0.01754 0.01754 0.08772
GNM11375                       0.08772 0.14035 0.03509 0.00000 0.00000 0.00000 0.08772 0.03509 0.07018 0.12281 0.05263 0.10526 0.05263 0.01754 0.03509 0.01754 0.01754 0.01754 0.01754 0.08772
GNM11381                       0.05263 0.15789 0.03509 0.03509 0.00000 0.03509 0.07018 0.03509 0.05263 0.14035 0.03509 0.08772 0.05263 0.01754 0.03509 0.03509 0.03509 0.01754 0.01754 0.05263
GNM11382                       0.05263 0.12281 0.03509 0.01754 0.00000 0.07018 0.07018 0.03509 0.03509 0.12281 0.03509 0.14035 0.05263 0.01754 0.03509 0.03509 0.01754 0.01754 0.01754 0.07018
GNM11841                       0.15789 0.15789 0.03509 0.05263 0.00000 0.00000 0.05263 0.01754 0.03509 0.08772 0.07018 0.07018 0.01754 0.01754 0.05263 0.05263 0.03509 0.01754 0.00000 0.07018
GNM11931                       0.10526 0.12281 0.08772 0.07018 0.00000 0.03509 0.05263 0.03509 0.03509 0.05263 0.07018 0.03509 0.01754 0.03509 0.07018 0.03509 0.01754 0.01754 0.00000 0.10526
GNM12040                       0.08772 0.17544 0.03509 0.03509 0.00000 0.03509 0.07018 0.03509 0.03509 0.03509 0.10526 0.01754 0.01754 0.01754 0.07018 0.05263 0.05263 0.01754 0.00000 0.10526
GNM12071                       0.12281 0.12281 0.05263 0.05263 0.00000 0.03509 0.07018 0.01754 0.03509 0.01754 0.05263 0.03509 0.01754 0.03509 0.05263 0.03509 0.05263 0.01754 0.00000 0.17544
GNM12125                       0.10526 0.14035 0.07018 0.00000 0.00000 0.00000 0.05263 0.01754 0.03509 0.14035 0.03509 0.07018 0.00000 0.03509 0.05263 0.05263 0.03509 0.01754 0.03509 0.10526
GNM12126                       0.07018 0.14035 0.08772 0.01754 0.00000 0.01754 0.01754 0.05263 0.01754 0.07018 0.05263 0.05263 0.01754 0.03509 0.03509 0.03509 0.05263 0.01754 0.05263 0.15789
GNM12128                       0.01754 0.15789 0.00000 0.03509 0.00000 0.01754 0.05263 0.05263 0.01754 0.14035 0.08772 0.08772 0.00000 0.03509 0.07018 0.03509 0.00000 0.00000 0.10526 0.08772
GNM12182                       0.03509 0.10526 0.07018 0.03509 0.00000 0.00000 0.01754 0.03509 0.01754 0.08772 0.08772 0.10526 0.01754 0.07018 0.01754 0.10526 0.03509 0.00000 0.01754 0.14035
GNM12342                       0.07018 0.14035 0.03509 0.03509 0.00000 0.03509 0.07018 0.01754 0.01754 0.12281 0.05263 0.17544 0.01754 0.01754 0.07018 0.00000 0.01754 0.01754 0.01754 0.07018
GNM12346                       0.07018 0.07018 0.03509 0.00000 0.00000 0.01754 0.12281 0.01754 0.03509 0.12281 0.05263 0.14035 0.01754 0.00000 0.05263 0.08772 0.01754 0.01754 0.03509 0.08772
GNM12351                       0.07018 0.15789 0.01754 0.01754 0.00000 0.03509 0.05263 0.03509 0.03509 0.15789 0.05263 0.08772 0.03509 0.00000 0.05263 0.07018 0.05263 0.01754 0.03509 0.01754
GNM12356                       0.05263 0.17544 0.05263 0.05263 0.00000 0.00000 0.05263 0.00000 0.01754 0.14035 0.05263 0.14035 0.01754 0.01754 0.05263 0.03509 0.03509 0.01754 0.01754 0.07018
GNM12357                       0.07018 0.14035 0.05263 0.05263 0.00000 0.00000 0.05263 0.00000 0.01754 0.08772 0.07018 0.15789 0.03509 0.01754 0.05263 0.03509 0.01754 0.01754 0.01754 0.10526
GNM12366                       0.10526 0.14035 0.05263 0.03509 0.00000 0.00000 0.05263 0.00000 0.01754 0.10526 0.07018 0.14035 0.03509 0.01754 0.05263 0.03509 0.01754 0.01754 0.01754 0.08772
GNM12373                       0.08772 0.14035 0.03509 0.05263 0.00000 0.03509 0.05263 0.03509 0.03509 0.08772 0.07018 0.10526 0.01754 0.00000 0.05263 0.03509 0.00000 0.01754 0.03509 0.10526
GNM12385                       0.05263 0.12281 0.05263 0.03509 0.00000 0.00000 0.07018 0.03509 0.03509 0.12281 0.05263 0.14035 0.01754 0.01754 0.05263 0.05263 0.01754 0.01754 0.01754 0.08772
GNM12551                       0.08772 0.17544 0.03509 0.03509 0.00000 0.01754 0.07018 0.03509 0.01754 0.08772 0.03509 0.12281 0.01754 0.01754 0.07018 0.01754 0.01754 0.01754 0.01754 0.10526
GNM12554                       0.10526 0.10526 0.03509 0.05263 0.00000 0.00000 0.05263 0.03509 0.03509 0.12281 0.05263 0.17544 0.01754 0.00000 0.05263 0.03509 0.01754 0.01754 0.03509 0.05263
GNM12592                       0.07018 0.14035 0.05263 0.01754 0.01754 0.01754 0.07018 0.00000 0.03509 0.08772 0.07018 0.08772 0.03509 0.00000 0.05263 0.08772 0.03509 0.01754 0.03509 0.07018
GNM12596                       0.05263 0.12281 0.03509 0.01754 0.01754 0.01754 0.10526 0.03509 0.03509 0.08772 0.08772 0.10526 0.01754 0.01754 0.05263 0.03509 0.01754 0.01754 0.01754 0.10526
GNM12602                       0.05263 0.12281 0.03509 0.01754 0.03509 0.01754 0.07018 0.03509 0.01754 0.05263 0.08772 0.14035 0.01754 0.01754 0.05263 0.03509 0.03509 0.01754 0.01754 0.12281
GNM12665                       0.05263 0.12281 0.01754 0.01754 0.03509 0.01754 0.10526 0.05263 0.01754 0.07018 0.08772 0.12281 0.01754 0.01754 0.05263 0.01754 0.03509 0.01754 0.01754 0.10526
GNM12745                       0.05263 0.10526 0.01754 0.03509 0.00000 0.03509 0.08772 0.01754 0.01754 0.15789 0.01754 0.17544 0.03509 0.01754 0.05263 0.03509 0.01754 0.01754 0.03509 0.07018
GNM12749                       0.08772 0.15789 0.01754 0.03509 0.00000 0.03509 0.05263 0.07018 0.01754 0.05263 0.05263 0.08772 0.05263 0.01754 0.05263 0.05263 0.01754 0.01754 0.01754 0.10526
GNM12758                       0.07018 0.10526 0.01754 0.01754 0.00000 0.01754 0.08772 0.01754 0.01754 0.14035 0.07018 0.17544 0.03509 0.01754 0.07018 0.01754 0.00000 0.01754 0.01754 0.08772
GNM12763                       0.05263 0.15789 0.01754 0.01754 0.00000 0.01754 0.07018 0.01754 0.01754 0.14035 0.01754 0.15789 0.03509 0.03509 0.07018 0.01754 0.01754 0.01754 0.01754 0.10526
GNM12766                       0.05263 0.17544 0.03509 0.03509 0.00000 0.00000 0.08772 0.00000 0.01754 0.14035 0.05263 0.14035 0.01754 0.01754 0.07018 0.03509 0.01754 0.01754 0.01754 0.07018
GNM12841                       0.08772 0.15789 0.03509 0.05263 0.00000 0.03509 0.07018 0.01754 0.03509 0.01754 0.08772 0.03509 0.03509 0.01754 0.07018 0.08772 0.01754 0.01754 0.00000 0.12281
GNM12849                       0.07018 0.14035 0.03509 0.01754 0.00000 0.00000 0.07018 0.03509 0.07018 0.14035 0.03509 0.10526 0.05263 0.01754 0.05263 0.03509 0.01754 0.01754 0.01754 0.07018
GNM12869                       0.08772 0.14035 0.01754 0.01754 0.00000 0.01754 0.07018 0.03509 0.07018 0.14035 0.03509 0.10526 0.05263 0.01754 0.05263 0.01754 0.01754 0.01754 0.01754 0.07018
GNM12896                       0.07018 0.14035 0.03509 0.00000 0.00000 0.01754 0.08772 0.03509 0.05263 0.15789 0.03509 0.12281 0.03509 0.01754 0.03509 0.01754 0.03509 0.01754 0.01754 0.07018
GNM12897                       0.07018 0.14035 0.03509 0.00000 0.00000 0.01754 0.08772 0.03509 0.05263 0.19298 0.03509 0.12281 0.03509 0.01754 0.03509 0.01754 0.01754 0.01754 0.01754 0.05263
GNM12902                       0.07018 0.14035 0.05263 0.05263 0.00000 0.00000 0.03509 0.01754 0.00000 0.08772 0.08772 0.12281 0.01754 0.00000 0.01754 0.07018 0.05263 0.03509 0.01754 0.12281
GNM12903                       0.12281 0.17544 0.03509 0.00000 0.00000 0.01754 0.03509 0.03509 0.01754 0.07018 0.10526 0.10526 0.00000 0.01754 0.03509 0.03509 0.01754 0.01754 0.03509 0.12281
GNM12906                       0.08772 0.19298 0.03509 0.00000 0.00000 0.01754 0.05263 0.03509 0.01754 0.05263 0.08772 0.08772 0.01754 0.01754 0.03509 0.01754 0.01754 0.01754 0.03509 0.17544
GNM12907                       0.10526 0.17544 0.03509 0.00000 0.00000 0.01754 0.05263 0.03509 0.03509 0.05263 0.10526 0.08772 0.00000 0.01754 0.03509 0.01754 0.03509 0.01754 0.03509 0.14035
GNM12909                       0.08772 0.17544 0.03509 0.00000 0.00000 0.01754 0.03509 0.03509 0.03509 0.10526 0.07018 0.10526 0.01754 0.01754 0.03509 0.03509 0.01754 0.01754 0.03509 0.12281
GNM12915                       0.07018 0.14035 0.01754 0.00000 0.00000 0.00000 0.08772 0.01754 0.01754 0.12281 0.01754 0.14035 0.00000 0.05263 0.07018 0.03509 0.03509 0.01754 0.00000 0.15789
GNM10046                       0.07018 0.10526 0.01754 0.01754 0.00000 0.00000 0.08772 0.01754 0.01754 0.12281 0.01754 0.17544 0.00000 0.05263 0.08772 0.01754 0.01754 0.01754 0.00000 0.15789
GNM12931                       0.05263 0.21053 0.03509 0.03509 0.00000 0.00000 0.05263 0.00000 0.03509 0.14035 0.03509 0.07018 0.00000 0.01754 0.07018 0.05263 0.00000 0.01754 0.03509 0.14035
GNM12938                       0.07018 0.17544 0.05263 0.03509 0.00000 0.00000 0.01754 0.03509 0.01754 0.12281 0.03509 0.08772 0.05263 0.05263 0.01754 0.00000 0.05263 0.00000 0.03509 0.14035
GNM12996                       0.05263 0.10526 0.08772 0.03509 0.00000 0.00000 0.01754 0.03509 0.01754 0.08772 0.05263 0.14035 0.01754 0.05263 0.01754 0.07018 0.00000 0.00000 0.00000 0.21053
GNM13018                       0.05263 0.08772 0.08772 0.03509 0.00000 0.00000 0.01754 0.03509 0.01754 0.15789 0.05263 0.15789 0.01754 0.05263 0.01754 0.07018 0.00000 0.00000 0.00000 0.14035
GNM13027                       0.07018 0.14035 0.07018 0.03509 0.00000 0.03509 0.01754 0.03509 0.01754 0.14035 0.03509 0.10526 0.03509 0.05263 0.01754 0.01754 0.03509 0.00000 0.01754 0.12281
GNM13046                       0.07018 0.14035 0.05263 0.00000 0.00000 0.03509 0.07018 0.03509 0.07018 0.10526 0.01754 0.14035 0.05263 0.00000 0.03509 0.00000 0.01754 0.01754 0.03509 0.10526
GNM13053                       0.08772 0.15789 0.03509 0.05263 0.00000 0.00000 0.03509 0.01754 0.03509 0.15789 0.03509 0.12281 0.03509 0.01754 0.05263 0.00000 0.08772 0.01754 0.01754 0.03509
GNM13074                       0.10526 0.12281 0.01754 0.00000 0.00000 0.00000 0.10526 0.01754 0.01754 0.12281 0.01754 0.14035 0.00000 0.05263 0.08772 0.01754 0.01754 0.01754 0.00000 0.14035
GNM10010                       0.12281 0.12281 0.03509 0.00000 0.00000 0.00000 0.10526 0.01754 0.01754 0.07018 0.05263 0.15789 0.00000 0.03509 0.08772 0.00000 0.00000 0.03509 0.00000 0.14035
GNM10014                       0.10526 0.12281 0.03509 0.01754 0.00000 0.00000 0.08772 0.05263 0.01754 0.12281 0.01754 0.12281 0.00000 0.03509 0.07018 0.00000 0.01754 0.03509 0.00000 0.14035
GNM13090                       0.10526 0.14035 0.03509 0.01754 0.00000 0.00000 0.08772 0.01754 0.01754 0.08772 0.03509 0.12281 0.00000 0.03509 0.08772 0.00000 0.03509 0.03509 0.00000 0.14035
GNM13118                       0.07018 0.17544 0.03509 0.03509 0.00000 0.00000 0.03509 0.00000 0.01754 0.12281 0.07018 0.10526 0.00000 0.01754 0.05263 0.05263 0.03509 0.01754 0.01754 0.14035
GNM13126                       0.05263 0.10526 0.03509 0.05263 0.00000 0.00000 0.07018 0.01754 0.01754 0.12281 0.03509 0.12281 0.03509 0.01754 0.05263 0.08772 0.01754 0.03509 0.00000 0.12281
GNM13128                       0.03509 0.08772 0.03509 0.03509 0.00000 0.00000 0.07018 0.01754 0.00000 0.15789 0.08772 0.15789 0.01754 0.00000 0.07018 0.10526 0.03509 0.03509 0.01754 0.03509
GNM13208                       0.08772 0.22807 0.01754 0.03509 0.00000 0.00000 0.07018 0.00000 0.01754 0.05263 0.07018 0.05263 0.00000 0.03509 0.05263 0.07018 0.01754 0.01754 0.03509 0.14035
GNM13210                       0.07018 0.14035 0.03509 0.05263 0.00000 0.00000 0.03509 0.00000 0.03509 0.07018 0.03509 0.12281 0.00000 0.01754 0.07018 0.03509 0.01754 0.01754 0.03509 0.21053
GNM12773                       0.08772 0.12281 0.03509 0.00000 0.00000 0.00000 0.05263 0.01754 0.01754 0.15789 0.05263 0.17544 0.01754 0.01754 0.07018 0.03509 0.05263 0.01754 0.01754 0.05263
GNM12768                       0.01754 0.17544 0.01754 0.00000 0.00000 0.05263 0.07018 0.05263 0.01754 0.10526 0.08772 0.05263 0.01754 0.01754 0.08772 0.03509 0.03509 0.01754 0.03509 0.10526

Homogeneity statistic: X2 = 33.32955 G = 32.51632 

Average                        0.06958 0.14904 0.03992 0.02315 0.00075 0.01527 0.06282 0.02853 0.03241 0.10825 0.05932 0.11400 0.02778 0.01965 0.04743 0.03604 0.02853 0.01852 0.01877 0.10024
(Ambiguity characters are used to calculate freqs.)


# constant sites:      0 (0.00%)

TREE #  1:  ((((((((44, 139), 124), (58, 89)), 90), 91), (((126, 127), (92, 57)), (125, 128))), ((((((119, 118), 121), 120), 138), (60, 43)), 135)), (((((((((((((((((((45, 46), (48, 21)), 47), 56), 51), 54), (50, 49)), ((67, 20), (23, 22))), (((((((53, 52), 55), 114), (18, 6)), (((25, 37), (7, 5)), (82, 19))), (10, 113)), 71)), 129), (((83, 70), 17), 84)), (((115, 69), 116), 38)), ((((4, 74), (68, 13)), (28, 75)), (14, 65))), (76, 40)), (81, 66)), ((((39, 42), 41), 130), ((35, 79), 12))), ((((1, 77), 78), (8, 2)), 36)), ((((33, 34), 31), (3, 29)), (((80, 11), 32), 30))), (((((((24, 27), 26), 140), (63, 64)), 61), 141), ((16, 15), 62))), (((((((((((106, 104), 105), 95), 103), 94), (((102, 100), 108), 99)), ((((87, 9), 88), (85, 112)), 86)), (59, 72)), ((137, 136), (73, 117))), ((((((98, 97), 96), 111), 93), ((107, 109), 110)), 101)), ((((132, 133), 134), 131), (122, 123))));   MP score: -1
lnL(ntime:279  np:280):  -6855.798237      +0.000000
 142..143 143..144 144..145 145..146 146..147 147..148 148..149 149..44  149..139 148..124 147..150 150..58  150..89  146..90  145..91  144..151 151..152 152..153 153..126 153..127 152..154 154..92  154..57  151..155 155..125 155..128 143..156 156..157 157..158 158..159 159..160 160..161 161..119 161..118 160..121 159..120 158..138 157..162 162..60  162..43  156..135 142..163 163..164 164..165 165..166 166..167 167..168 168..169 169..170 170..171 171..172 172..173 173..174 174..175 175..176 176..177 177..178 178..179 179..180 180..181 181..45  181..46  180..182 182..48  182..21  179..47  178..56  177..51  176..54  175..183 183..50  183..49  174..184 184..185 185..67  185..20  184..186 186..23  186..22  173..187 187..188 188..189 189..190 190..191 191..192 192..193 193..53  193..52  192..55  191..114 190..194 194..18  194..6   189..195 195..196 196..197 197..25  197..37  196..198 198..7   198..5   195..199 199..82  199..19  188..200 200..10  200..113 187..71  172..129 171..201 201..202 202..203 203..83  203..70  202..17  201..84  170..204 204..205 205..206 206..115 206..69  205..116 204..38  169..207 207..208 208..209 209..210 210..4   210..74  209..211 211..68  211..13  208..212 212..28  212..75  207..213 213..14  213..65  168..214 214..76  214..40  167..215 215..81  215..66  166..216 216..217 217..218 218..219 219..39  219..42  218..41  217..130 216..220 220..221 221..35  221..79  220..12  165..222 222..223 223..224 224..225 225..1   225..77  224..78  223..226 226..8   226..2   222..36  164..227 227..228 228..229 229..230 230..33  230..34  229..31  228..231 231..3   231..29  227..232 232..233 233..234 234..80  234..11  233..32  232..30  163..235 235..236 236..237 237..238 238..239 239..240 240..241 241..24  241..27  240..26  239..140 238..242 242..63  242..64  237..61  236..141 235..243 243..244 244..16  244..15  243..62  142..245 245..246 246..247 247..248 248..249 249..250 250..251 251..252 252..253 253..254 254..255 255..106 255..104 254..105 253..95  252..103 251..94  250..256 256..257 257..258 258..102 258..100 257..108 256..99  249..259 259..260 260..261 261..262 262..87  262..9   261..88  260..263 263..85  263..112 259..86  248..264 264..59  264..72  247..265 265..266 266..137 266..136 265..267 267..73  267..117 246..268 268..269 269..270 270..271 271..272 272..273 273..98  273..97  272..96  271..111 270..93  269..274 274..275 275..107 275..109 274..110 268..101 245..276 276..277 277..278 278..279 279..132 279..133 278..134 277..131 276..280 280..122 280..123
 0.166276 0.124262 0.000000 0.000000 0.000000 0.321091 0.073259 0.144088 0.082428 0.073756 0.000000 0.534360 0.222166 0.378202 0.662256 0.794250 0.019979 0.156366 0.053153 0.069631 0.020123 0.372976 0.349672 0.185605 0.158885 0.100607 0.069979 0.000000 0.227223 0.135764 0.021186 0.019217 0.075177 0.078932 0.136126 0.036055 0.320776 0.059393 0.613863 0.076923 0.437666 0.068973 0.146599 0.036467 0.057723 0.119316 0.049939 0.040593 0.086012 0.036626 0.087356 0.018159 0.018090 0.067788 0.000000 0.030149 0.046756 0.000000 0.000000 0.000000 0.035061 0.000000 0.000000 0.036090 0.000000 0.017851 0.017482 0.120796 0.064468 0.031178 0.044240 0.086144 0.192290 0.017143 0.000000 0.000000 0.000000 0.000000 0.000000 0.029817 0.099631 0.017523 0.000000 0.017663 0.000000 0.000000 0.000000 0.000000 0.000000 0.000000 0.000000 0.000000 0.000000 0.035009 0.000000 0.109603 0.033842 0.000000 0.017218 0.051774 0.052019 0.015945 0.000000 0.017127 0.059986 0.016984 0.000000 0.145679 0.110692 0.062729 0.029459 0.067812 0.059960 0.064698 0.076795 0.000000 0.150129 0.000000 0.016828 0.000000 0.000000 0.017040 0.016695 0.276474 0.035382 0.078726 0.000000 0.051745 0.051522 0.000000 0.000000 0.000000 0.125961 0.000000 0.000000 0.214692 0.016550 0.000000 0.145831 0.000000 0.000000 0.182509 0.000000 0.000000 0.000000 0.000000 0.191050 0.140386 0.189207 0.033198 0.414076 0.428022 0.223166 0.100105 0.102323 0.114003 0.251338 0.272052 0.641749 0.000000 0.279693 0.120926 0.185384 0.430550 0.746475 0.000000 0.000000 0.403870 0.062521 0.055234 0.000000 0.259756 0.000000 0.000000 0.098846 0.667447 0.041327 0.052746 0.435400 0.140818 0.000000 0.075206 0.092938 0.019253 0.271470 0.000000 0.062842 0.000000 0.066464 0.091440 0.036088 0.077657 0.069714 0.167361 0.163507 0.231435 0.207137 0.051707 0.080714 0.251780 0.422926 0.118841 0.272028 0.000000 0.000000 0.508347 0.116791 0.091414 0.064275 0.004417 0.026925 0.064988 0.036521 0.018177 0.042731 0.241499 0.000000 0.041897 0.038382 0.070779 0.270738 0.444021 0.341746 0.122204 0.000000 0.039229 0.134378 0.159963 0.402064 0.190882 0.503231 0.000000 0.000000 0.060535 0.081652 0.196854 0.228160 0.017432 0.168250 0.200259 0.371246 0.346722 0.029148 0.205606 0.533451 0.195671 0.317028 0.000000 0.253612 0.077285 0.381777 0.000000 0.073518 0.035878 0.075759 0.123146 0.084052 0.071888 0.000000 0.040718 0.039480 0.128363 0.107337 0.043486 0.236923 0.225088 0.124950 0.281551 0.280556 0.049628 0.107156 0.040433 0.071351 0.124020 0.029539 0.043950 0.000000 0.054924 0.018497 2.226467
