
Printing out site pattern counts


       136        231  P

GNM13746                        ----AAAAAA AAAAAAAAAA AACDDDDDDD DDDDDDDDDE EEEEEEEEEE EEEEEFFFFG GGGGGGGGGG GGGGGHHIII IIIIIIIIII IIIIIIIIKK KKKKKKKKKK KKLLLLLLLL LLLLLLLLLL LLLLLMMMMM NNNNNNNNPP PPPPPPPPPQ QQQRRRRRRS SSSSSSSSSS SSTTTTTTTT TTTVVVVVVV VVVVVVVVVV VVVVVVVVVV VWYYYYYYYY Y
GNM13538                        ----AAAAAA AAAAAAGQSS SVCADDDDDD DDDDDDEGHA DDDEEEEEEE IPQTVFFMTD DFGGGGGGGG GGKPQKTFII IIIIILLLLL MQSTVVVVHK KKKKKKKRRS SSADEFFFII LLLLLLLLLL LLTTVAMMNV DGGKNNRTIK KKPPPPPPPE FQQRRRRRRA DEEKSSSSST TVDEILNTTT TTTAAAEIII IILMPPPTTV VVVVVVVVVV VGFHRYYYYY Y
GNM13876                        ----AAAAAA AAAGSTLAKK STSNDDDDDD DDEKQRMRKN DEHEEEEENV VKMAEFYVMD EGGGGGGGGS SVEPEKKIII IIIVVIILLL IMMTCLVVKK KKLQRSTKKE KSRLLLPYIL FKLLLLLLLL YYIPVYAALY NENENNVPTE PVKPPPPPPF IKQMRRRRVS IDEDSSSSVA YSLEVLTMRT TTTACIRFIR VVIIMVVGIG IIIIVVVVVV VPFLPKLTYY Y
GNM13680                        ----AAAAAA ASVAAAAEAH AACDDDDDDD GNDEEEQGDE DENEEEEKQK VPEEKFFLAN EGGGGGGGGG HGDPEIEIIL VVVAIIVFII MATICVAVEK KKRKAKKKRD QDLNSFFILL LKLLLLLLMR LWTTILMMVA EGDKNT-TVP PIPEEPPPPI RQQRRRRRRG EDEESSSSSV STTDITEALS TTTAVVELIR IVLLVVVTIV IIVVTVVVVV VAFLPYYYQT Y
GNM14837                        ----AAAAAG SAASAAGEEE ACCEDDDDDG DDDDEDEGEA DENEEEPKSK EPTDPFFVMD ADDGGGGGNG GGAPQSEIII IIIIIIIIIV ICGINLGIHK KKKKERKKKE QSLDLFLVIL FNLLLLLLVR LLITIWMMIY DGNRNTNSTP PKEGPPPPTV QQQKRRRRRG DSSNHSSSSV VCNSVLRSMT STTAVVNIIK VVVLIALTLI VVAVPCTVVV VGFSPHYTPS V
GNM14249                        ----AAAAAA SATSAAGEEE ACCEDDDDDG DDDEEEEGDA DENEEEPKNK EPKDPFFVMD ADDGGGGGDG GGAPQSEIII IIILIVIIVV ICGINLGIHK KKKKERKKRE QSLDLFLVIL FVLLLLLLVR LLITIWMMIY DGNQNTNDTK PKDGPPPPTV QQQKRRRRRG DKSDHSSSSV VCNSVLRSTT STTAVVNIIK VVVLIAQTLI VVAVPCTVVV VGFSPHYTVS I
GNM13928                        ----AAAAAG SAASAAGEEE ACCDDDDDDQ DDDEEPEGDA DENEEEPKTK EPKDPFFVMD ADDGGGGGDG GGAPQSEIII IIVLIVIIIV ICGINLGIHK KKKKEFKKRE QSLDLFLVIL FNLLLLLLLR LLITVWMMIY DGNQNTNSTK PKEGPPPPTV QQQKRRRRRG DNKDHSSSSV VCNSVLRTTT TTTAVVNIIK VVVLIAQTLI VVAVPCTVVV VGFTPYYTAT I
GNM13297                        ----AAAAAA AAAAAAGQSS SVCADDDDDD DDDDDDEGHA DDDEEEEEEE IPQTVFFMTD DFGGGGGGGG GGKPQKTFII IIIIILLLLL MQSTVVVVHK KKKKKKKRRS SSADEFFFII LLLLLLLLLL LLTTVAMMNV DGGKNNRTIK KKPPPPPPPE FQQRRRRRRA DEEKSSSSST TVDEILNTTT TTTAAAEIII IILMPPPTTV VVVVVVVVVV VGFHRYYYYY Y
GNM13455                        ----AAAAAG SAASAAGEED ACCEDDDDDG DDDEEDEGDS DENEEEPKSK EPIDPFFLMD QGDGGGGGNG GGAPQSEIII IIIIIIIIVV ICGINLGIHK KKKKERKKKE QSLDLFLVLL FILLLLLLVR LLLSIWMMIY DGNKNTNIVK PKQGPPPPTV QQQKRRRRRG DNVNHSSSAV VCNSVLRSMS STTAVVEVIK VVVLIAFTLI VVAVPCTVVV VGFSPHYSPT V
GNM14483                        ----AAAAAA AAVSAMTQAT AACADDDDDS DDDDQEQGNR DENEEEEKAL IPEEQFFLLN ESGGGGGGGG EGTPATEIII IIVLIVLVIM MATVVIAIEK KKRKSTKKKE KDRDLIPVIL LLILLLLLVM LVITIYMMIV DEDENNNATE PKLPPPPPPA RQQRRRRRRG EDTDSSSSSA NTNKVMTATT TTTSCVVVIQ VVLIIVPTSV IVAVTVVIVV VSFMKTYYHT Y
GNM14872                        ----AAAAAV AATAAASEAH AACEDDDDDD GSDEEEQGNE DENEEEEKQK VPEEKFFLQN EGGGGGGGGG YGAPEIEIIL IVLAIVIYIL MATICVAVEK KKRKARKKKD KDLDSFFILL LKMILLLMMR LLTTILMTVA NGDKNS-TIE PVPEEPPPPV KQQRRRRRRG EDEESSSSSV STTEITEALS TTTAVVEIIK VIILVVITLV VIVVTVVVVV VAFIPAYHQT Y
GNM13855                        ----AAAAAV AAVAASPETQ SAVDDDDDDD GQDESDQGNE DESEEEEKQK IPEEDLFLAN EGGGGGGGGG FGDPEIEMIL IVLAILVIII MFTICVSVKK KKKKSKKKKE KSSEAFYILL LVILLLLLPK LLITIFMMIS NGGNNSSTVP PINEEPPPPV RQQRRRRRRG EEEDSSSSSA STTDITESLT TTTAVVEIIK LILLLIVTVV VVVVTMVIVV VTFFPSYHYT Y
GNM14445                        ----AAAASA AAAAAAGESY AACKDDDDDN DTEDEEQNNE EENEEEAKEK VSSDEFFLMN KGGGGGGNGG FGKPQKEIII IVVLIIIIIL MAAIIIVIKK KKLKKTKKYK DTLLEFLVLL LEILFLLILK LLTSFYMIIV NGGLNTSPPE VKPPDPPPPA KQQKRRRRRG EDSKASSSSV SATTTIVATT TTTACVKIIK VVILTVLTGV IIVVTVVVVV VLFMPTYWTT L
GNM14404                        ----AAAMVC AASSAAMESE AACSDDDDDD DDDNEREGNS EEDEEEEARC TPREPIYLID KGGGGGRDGS -AGPDEKIII VIIVIILIIV IAVATLIIRH KQRRKHTRKE EELALLLVVI LYLLLMVALL MRIRIAAMLH NKGQNNRIRP PKTPPPPPPF QRQTRRRRRV PEFESGSTVA YCIEALQAMT DTTAVAILIE VLILIIYGII IIVILVVLVV VLFMRTLTFF Y
GNM14545                        ----AAAMVC AASSAAMESE AACSDDDDDD DDDNEREGNS EEDEEEEARC TPREPIYLID KGGGGGRDGS -AGPDEKIII VIIVIILIIV IAVATLIIRH KQRRKHTRKE EELALLLVVI LYLLLMVALL MRIRIAAMLH NKGQNNRIRP PKTPPPPPPF QRQTRRRRRV PEFESGSTVA YCIEALQAMT DTTAVAILIE VLILIIYGII IIVILVVLVV VLFMRTLTFF Y
GNM14366                        ----AAAAAG ASSAAAGDKD ACCEDDDDDG DNDKEEQGDA DEEEEEERKK EPKDPFFLMD SDDGGGGGNG GGAPQSEMIL IIIIIIIIVT VCGINISIGK KKKKERRQKS KNLDLFLIIL FMIILLLIPR LLVTIWMMIY DGGQNTNTVK PKQGPPPPPV EKQKRRRRRG DDTADSSSSV SCNTVLKCLT STTAVVELII VVILIVVTIL VLVVPCVVIV VAFVPTYSPT I
GNM14252                        ----AAAAAA SAASAAGQEE ACCDDDDDDG DDDEEEEGDA DENEEEPKNK EPKDPFFVMD ADDGGGGGDG GGAPQSEIII IIILIIIIVV ICGINLGIHK KKKKERKKKE QSLDLFLVVL FVLLLLLLVR LIITIWMMIY DGNQNTNEIK PKEGPPPPTV QQQKRRRRRG DKTDHSSSSV VCNSVLRSTT STTAVVNIIK VVVLIAVTLI VVAVPCTVVV VGFSPHYTPS I
GNM13760                        ----AAAAAG SASSAAGEED ACCDDDDDDQ DDDEEHEGDA DENEEEPKSK EPKDPFFVMD QDDGGGGGDG GGAPQSEIII IIILIVIIVV ICGINLGIHK KKKKEFKKKE QGLDLFLVIL FNLLLLLLLR LLITIWMMIY DGNQNTNFTK PKEGPPPPTV QQQRRRRRRG DNRDHSSSSV VCNSVLRSTT TTTAVVNIIK VVVLIAQTLL VVAVPCVVVV VGFTPHYTPT I
GNM13982                        ----AAAAAA AASSAAGDKQ AAVEDDDDDQ DNDEEPEDDS DEEEEEPKNK EPKEPFFMMD QDEGGGGGDG GGQPQSEIIL VIIMILIVVT ICGINISVGK KKKKERKKKD QSNDLFFILL LIIILLLLPR LLMTIYMMIH DGGKNTNSIK PKKGPPPPTA EQQKRRRRRG DNTDHSSSSV ACTKVIRCTT ATTAVVELII VVVLIVQTLI VVCVPCTVAT VIFIPFYSPT I
GNM13960                        ----AAAAAG AASSAAGDQK ASVEDDDDDQ DNDEEDQGDK DENEEEPKSK EPKDPFFLMD QDDGGGGGDG GGAPQSEIIL IIIIIIIIVT ICGMSISVGK KHRKERKKRD QSIDLFLILL FVVIFLLLAR LLLTIWLMIH DDGKNTNSTK PKPGPPPPTA EKQKRRRRRG DEVDHSSSSV VCNSVLRSMT TTTAVIELIT VIILIVLTLI ILAVPCVVVV VIFIPFYSPT I
GNM14633                        ----AAAAAA AASSAAGDKQ AAVEDDDDDT DNDEEDEGDA DEEEEEPKNK EPKDPFFMMD QDEGGGGGDG GGEPQSEIIL VILMILIVVT ICGINISIGK KKKKERKKRD QSNDLFFILL LIIILLLLPR LLMTIYMMIH DGNKNTNHLK PKQGPPPPTA EQQKRRRRRG DETDHSSSSV ACTKVIRCTT STTAVVELII VVVLVVATLI VICVPCTVAT VIFIPYYSST I
GNM14853                        ----AAAAAA AASSAAGDKQ AAVEDDDDDT DNDEEDEGDA DEEEEEPKNK EPKDPFFMMD QDEGGGGGDG GGEPQSEIIL VIVMILIVVT ICGINISIGK KKKKERKKRD QSNDLFFILL LIIILLLLPR LLMTIYMMIH DGGKNTNSLK PKQGPPPPTA EQQKRRRRRG DETDHSSSSV ACTKVIRCTT STTAVVELII VVVLVVATLI VICVPCTVAT VIFIPHYSST I
GNM14174                        ----AAAAAG AAAAAAYEER AVCQDDDDDD DNDKDNQKKA DEEEEEENKK EPEEEIFTLN WGGGGGAGGG CGGPEREMII IIIVIILILL IGVTVLMVEK KKKKKLKKLE KNMNKFLSIL LILLLVLILR LALTLYIALH NGGENNNPQP PNEPPPPPPF KQQKRRRRRA TDKESSSTAS YSWEVLATTT NTTACVEIIK VILVIVQAII TVVITVVVVV VLFMPKLDYF F
GNM14748                        ----AAAAAG SAASASGEEE ACCDDDDDDQ DDDEEPEGDA DENEEEAKAK EPKDPFFVMD SDDGGGGGDG GGTPQSQIII IIVMIVIILI ICGMVLGIHK KKKKEYKKKE DSLDLFLVIL FNLLLLLLLR LLLTVWMMIY DGNQNTNSIK PTKGPPPPTV QQQKRRRRRG DNCDHSSSSV VCNSVLKSVT TTTAVVEIIQ VVVLVAQTLI VVAVPCTAVV VGFTPYYTPT V
GNM14246                        ----AAAAAA AASAAAYESR AVCQDDDDDN DEAKDNQDKK DEEEEEEERV EPDEEIFLFN KGGGGGGGGG GGGPEREILI IIVVIILVIL IAITVLAVKK KRKKKRKKQQ KKLTLFLMVL LLVLLVLVLR LAITLYMALH KGGENNKYVP PNEPPPPPPF HRQKRRRRRA ADQDSSSAAS YSWEVLETVT NTTACVEIIL VILVIVMTVV TIVIIVLVVV VLFMLRIAYV F
GNM14640                        ----AAAAAA AAAAATYESR AVCQDDDDDD DDEKDNQNKE EEEEEEEQKV EPEEEIFLFN RGGGGGGGGG GGGPEKEILI IIIVIILIML IAVTILVIKK KRKKKRKKQE KKLTLFLMVL LLVLLVLILR LAITLYMALH NGGENNKHVP PNEPPPPPPF SRQKRRRRRA VDKDSSSASS YSWEVLQTVT NTTACVEIIL VILVIVLTMV TVIIVVLVVV VLFMFKITYM F
GNM14965                        ----AAAAAV AAAAAAAESH AAAEDDDDDD GNDAEEQGNE DENEEEEKQR IPEEKLFLAN EGGGGGGQGG SGTPEIEIIL VIIAILVFVI MAVICVAVEK KKREAKKKKD KSMDSFLIIL LKLLLLLIPR LWTAIFMMIA NGGRNSNTVS PVPEEPPPPI KQQRRRRRRG EDEDSSSSST STTSITESLS NTTSAVELIK LVLLLLVTVV VIIVTLVVVV VAFLPSYYIT Y
GNM13677                        ----AAAAAA AAAGSTLSKK STSNDDDDDD DDEKQRMRKA DENEEEEENL VKMAEFYVMD EGGGGGGGGS SVEPEKKIII IIVVVIILLL IMMTCLVVKK KKLQRSTKKE KSKLLLPYIL FKLLLLLLLL YYIPVYAALY NEGENNVPTE PVKPPPPPPF IKQMRRRRVS IDEESSSSVA YSLEVLTMRT TTTACIRFIR VVIIMVVGVG IIIIVVVVVV VPFLPKLTYY Y
GNM14339                        ----APTAAG AASSATLKLK AAAGDDDDDD DSENQKVGGG DEDEEEEQDM ISELEFYLID EGGGGGGDGN LCGPASKLIY IILNILIMIL LIVVVLITKK KKLRTNKEHE KDAYLIPYLL IDLLLLLILM YYVQIYIMLY DGSENNEQTP PLPPPPPPPF RKQMRRRRSA TDEDSSSSVA YSTDVLQSTT TTVAVIEMLR VVLIIIFGIP VVIVLVVVVV VSYIPKLFYW L
GNM14593                        ----APASAG AAAAAVLTQR AAVHDDDDDD DDDEDRLKGR DEDEEEEEDC IIEEEYYLFD EGGGGGSDGN SSGPEKKIIL VIISILLILL IMITILITKK KKLEKTRKQS KEAYLILIIL FTFILLLLPL YYIPIYLVIY DGNKNNNPTE KESPLPPPPF QKQVRRRRSA ADTKSSSTLG YSHKVLAART TTIACIKLII VFLILLEGIT ILIVIILVVV ALFIPKISMV Y
GNM13825                        ----APAAAG AAASAALELQ SAASADDDDD DGREQNLRKV DEEEEEEKRM VRRLEFYLID DGGGGGGDGD SCGPDKRIVY IIINVLVLVL LMVTVLIYQK KKIQRTRRQE QTALLILYVL LDLLLLLLLM YYVPIYLALF DGNEDNEPLP PRPPPPPPPF QKQLRRRRST TDSDSSSAVA YATDALSATT SMVAVVELLT VTIILVEGIP VVVFLVTVVV VAYVQKLTHW G
GNM14768                        ----APACAG AAAVSVQELK ATTEDDDDDD DDDDDRLGSG DEEEEEEEDL IAEESFFLVD QGGGGGGGGN SSRPEKKVIL ILLTLIFILL IIVTILIVGK KKVERSKKRS KEATLIPLIM FDFLLLLLLL YYAPLYLVIY DGGSNNDPTE ERPPPPPPPF QKQMRRRRST AEKRSGSTLG YSQKALAART TMVACIEMIK LFIILLIGVT ILIVVVLVVV VLFIPKISLA Y
GNM14776                        ----APACAG AAAVSVQELK ATTEDDDDDD DDDDDRLGSG DEEEEEEEDL IAEESFFLVD QGGGGGGGGN SSRPEKKVIL ILLTLIFILL IIVTILIVGK KKVERSKKRS KEATLIPLIM FDFLLLLLLL YYAPLYLVIY DGGSNNDPTE ERPPPPPPPF QKQMRRRRST AEKKSGSTLG YSQKALAART TMVACIEMIK LFIILLIGVT ILIVVVLVVV VLFIPKISLA Y
GNM14715                        ----AAAAAA SAVSAMTEAS AACEDDDDDS DDDDQDQGNK DENEEEEKEL IPAEPFFMIN ESGGGGGGGG EGAPASLIIL IIVIIVLILM MAAMCIAIEK KKRKATKKKQ KDRDLILVLL LLILLLLLVR LVTSIYMMIV DGGQNNNATP PRNPPPPPAA SRQTRRRRRG EDNYSSSSSA NTNTVMIATT TTTSGVVVIK VVLIVVPTSV VVVVTVVIVT VSFMNKYYPT I
GNM14639                        ----AASAAI SAASSSGKSN SACEDDDDDD DNDDDDQGNE DENEEEEQIK EAEEQFFLSN KMGGGGEGGG GGSPELKLII IILLIIILVL MICVIFVVQK KKIKISSKKE ADLTLMLIII LFVLLLVLLE IIISLKQMLM NGGKNNYSVP PKPPPPPPPI KQQRRRRRRA EDTYSSSSFA SATNVFTTTT TTTSVVVLIF VILLTVRTGI VVVVTVVIVV VEFFESLLFF Y
GNM13795                        ----AAAAAG SAASASGEEE ACVEDDDDDQ DDDDEPEGDA DENEEEAKAK EPKDPFFVMD SDDGGGGGDG GGAPQSQIII IIVMIVIILI ICGMVLGIHK KKKKEYKKRE DSLDLFLVIL FNLLLLLLLR LLLTIWMMIY DGDQNTNSIK PTKGPPPPTV QQQKRRRRRG DNCDHSSSSV VCNSVLKSVT TTTAVVEIIQ VVVLIAQTLI VVAVPCTAVV VGFTPYYTPT V
GNM14166                        ----AAAAAA AGSAAAGEKQ ATCEDDDDGN DNDEEEQGNK DENEEEEKGE IPKDPFFLMD QDDGGGGGNG GGSPQSEIIL IIIIIIIIII ICGISISIEK KKRKKKTKRD KSLDLFLILL LILILLLLPR LLTTIYMMIS DGGQNTNSTE PKQGPPPPPV TKQKRRRRRG DDTDDTSSSV SCTHVLKCLT STTAVVELIQ VVILIVATVL VMIVLCVVVV VKFVPYYNQT I
GNM13993                        ---KAATSAA CAGSAAGESS SAVDDDDDDD DDDTDDEGDE SENEEEEEDK KQEDDFFVFN EGAGGGSGGG KGGPELELII IIIVLIIYWI ILSTVMSVGK KKKENKDKLS EELLSFLIII MKILLLLLLK LMITLFAMIE AGNENNKPTE PKDPPPPPPI DSQTRRRRRG DDENSSSSAT AVNSTINATT GTTACVTLIK IIIIIIFVAV VVIVTCTVVS VAYMSKYYYT Y
GNM14450                        ----AAAAAA AAATAGTEVH AACEDDDDDD DDDEEDQGNN DENEEEEEIK TAEEQFYVMN KGGGGGGGGG GGGPDVQMIL IIIIIIIVIL MIKIVVVIEK KKKKSTKERE KALTLFLILL MNLLLLLLTR LQTTVFMMII NGNHNGNATK PKPPGPPPPS KQQRRRRRRG EDKESSSSSA SATNVLEART TTTSVVKIII AVLLTIVTVV VIVVTCAIVV VHSLPVYYTT Y
GNM13745                        ----AATSAV CAISAAGEKS SAVKDDDDDS DDDEDDEGDE EESEEEEKTI RAEEQFFLFN KGGGGGSGGG KGAPEDELII IILILIIFLI IMAIILIVGK KKKEKKTKRN QDHLSFIIII INILLLLLLS LEISLFCMIE DGNENNNATE PTEPPPPPPI QDQRRRRRRG DDSKSSSSSA ACNPTIRATS GTTAVVKFIK LILMIVFVAI IVIVLCAVVS VAFMPKYFYT F
GNM14030                        ----AATSAV AAISAAGEES SAVDDDDDDN DDDSDDENDE SENEEEEQDK KVNDQFFTYN EGGGGGEGGG KGKPEKEIII IIMILIIYLI IISIIMTVGK KKKEKITIKQ QESLSFFILL ISILLLLLLR LITTLFSMIE DGNHNNKPTE PKQPPPPPPL KEQKRRRRRG DDKNSSSSST AVTSTIKCTS LTTTVVKLIV IVTIIVFVGI IVIVTCAVVS VAFMPKYYYT F
GNM14959                        -LN-SAAALV AAASAGAREK AAVDDDDDDD DIDSDNEGNV DEDEEHEEDM VPKEKVFFYN NGGGGGGGGV -AGPEHKIII IILAVLLVML MIFIIIIVGK KTKKNSAVQK SAMNMFLVLL LNILLAIILL LKNTVVSFLH DNNNNNNTVT RKEPEPPPPI QVQKRRRR-Y PNSGSSSTTA YSTKITKTTT NTYASVEIIL VLILTVKTII VLVVVVVVVV ARWLPFIDYG W
GNM13413                        ----SAAGAG AASAASGVKR AACNDDDDQD DDKNDNTGGR DESEEEEEER EPDEQTFLMD KKGGGGGGGR GSGVEVQIVV ILVVIVIIIV IAVQIFVLKK KKIKERREVK TEAYSFLLLL LELLLVIILL IITSLLLALH NGNNNHRMLP PGPPPPPPPF RNQQIRRRFG PDEASPSTMS YSSDVLEART TTTLVVVLYL VVILIPRAVL VVDILVMLVI VLFIPTMSYV W
GNM14971                        ----AAAAAG AAASAAGDQK ASVEDDDDDQ DNDEEDQGDK DENEEEPKSK EPKDPFFLMD QDDGGGGGDG GGAPQSEIIL IIIIIIIIVT ICGMSISVGK KHRKERKKRD QSIDLFLILL FVVIFLLLAR LLLTIWLMIH DDGKNTNSTK PKPGPPPPTA EKQKRRRRRG DEVDHSSSSV VCNSVLRSMT TTTAVIELII VIILIVFTLI ILAVPCVVVV VIFIPFYSHT I
GNM14990                        ----AAAAAG AAASAAGDQK ASVEDDDDDQ DNDEEDQGDK DENEEEPKSK EPKDPFFLMD QDDGGGGGDG GGAPQSEIIL IIIIIIIIVT ICGMSISVGK KHRKERKKRD QSIDLFLILL FVVIFLLLAR LLLTIWLMIH DDGKNTNSTK PKPGPPPPTA EKQKRRRRRG DEVDHSSSSV VCNSVLRSMT TTTAVIELII VIILIVLTLI ILAVPCVVVV VIFIPFYSPT I
GNM15005                        ----AAAAAG AAASAAGDQK ASVEDDDDDQ DNDEEDQGDK DENEEEPKSK EPKDPFFLMD QDDGGGGGDG GGAPQSEIIL IIIIIIIIVT ICGMSISVGK KHRKERKKRD QSIDLFLILL FVVIFLLLAR LLLTIWLMIH DDGKNTNSTK PKPGPPPPTA EKQKRRRRRG DEVDHSSSSV VCNSVLRSMT TTTAVIELII VIILIVFTLI ILAVPCVVVV VIFIPFYSPT I
GNM14992                        ----AAAAAG AASSAAGDQK ASVEDDDDDQ DNDEEGQGDK DEDEEEPKSK QPKDPFFLID QDDGGGGGDG GGAPQSEIIL IIIIIIIIVT ICGINISVGK KHRKERKKRD QSLDLFLILL FVIILLILTR LLLSIWLMTH DGGKNTNSTK PKPGPPPPTA EKQKRRRRRG DEVDHSSSSV VCNSVLRSMT TTTAVVELMI VIILIVLTLI IVAVPCVVAV VLFIPFYSPT I
GNM15013                        ----AAAAAG AASSAAGDQK ASVEDDDDDQ DNDEEDQGDK DENEEEPKSK EPKDPFFLMD QDDGGGGGDG GGAPQSEIIL IIIIIIIIVT ICGMSISVGK KHRKERKKRD QSIDLFLILL FVVIFLLLAR LLLTIWLMIH DDGKNTNSTK PKPGPPPPTA EKQKRRRRRG DEVDHSSSSV VCNSVLRSMT TTTAVIELII VIILIVLTLI ILAVLCVVVV VIFIPFYSPT I
GNM15014                        ----AAAAAG AAASAAGDQK ASVEDDDDDQ DNDEEDQGDK DEDEEEPKSK EPKDPFFLMD QDDGGGGGDG GGAPQSEIIL IIIIIIIIVT ICGISIAVGK KHRKERKKRD QSIDLFLILL FVIIFLILTR LLLSIWLMTH DDGKNTNSTK PKPGPPPPTA EKQKRRRRRG DEVDHSSSSV VCNSVLRSMT TTTAVVELII VVILVVFTLI ILAVPCVVAV VLFIPFYSPT I
GNM14976                        ----AAAAAG AAASAAGDQK AAVEDDDDDQ DNDEEDQGDK DENEEEPKSK EPKDPFFLMD QDDGGGGGDG GGAPQSEIIL IIIIIIIIVT ICGICISVGK KHRKERKKRD QSIDLFLILL FVVIFLLLAR LLLTIWLMIH DDGKNTNSTK PKPGPPPPTA EKQKRRRRRG DEVDHSSSSV VCNSVLRSMT TTTAVIELII VIILIVLTLI ILAVPCVVAV VIFIPFYSPT I
GNM15017                        ----AAA-A- AAS-A--DQK AA--D-DDDQ D-D-EY--D- -EN-EEPKT- QP--PFFL-D --DGGGG-D- -GA-QSE-IL II-III--VT I-GINI-IG- KH-K-RKKRD Q-LDL-LILL F--VMLIL-R LL---W-M-H EGG-NT--VK -KPGP-PPTV EK-K-RRR-- D-S-HSS-SV VC-S-LRSMT T--AVVE--- --IL-V---L VLAVPCTVAV V-FMP-YSH- I
GNM14999                        ----AAAAAG AAASAAG--- ASVEDD-DDQ DNDE-AQGDK DENEEEPK-K EPKDPFFLMD QDDGGG-GDG GG-PQSEI-L IIIIIIIIVT -CGICISVGK KHRKERT--- QSI--F---L FVIIFLL-TR L-LSIWLMIH D--KNTNA-K PK-GPPPPTA --Q-R--RRG -E-DHSSSSV VCNSVLRSMT TTTAVIELII VV--IVFTL- ILAVPCVVAV VLFVPFYS-T I
GNM15018                        ----AAAAAA SAASAAGEEE ACCEDDDDDG DDDEEEEGDA DENEEEPKNK EPKDPFFVMD ADDGGGGGDG GGAPQSEIII IIVLIIIIVV ICGINLGIHK KKKKERKKRD QSLDLFLVVL FVLLLLLLVR LLITIWMMIY DGNQNTNDIK PKEGPPPPTV QQQKRRRRRG DKSDHSSSSV VCNSVLRSTT STTAVVNIIK VVVLIAQTLI VVAVPCTVVV VGFSPHYTAS I
GNM15024                        ----AAAAAA SAASAAGEEE ACCEDDDDDG DDDEEEEGDA DENEEEPKNK EPKDPFFVMD ADDGGGGGDG GGAPQSEIII IIVLIIIIVV ICGINLGIHK KKKKERKKRD QSLDLFLVVL FVLLLLLLVR LLITIWMMIY DGNQNTNDIK PKEGPPPPTV QQQKRRRRRG DKSDHSSSSV VCNSVLRSTT STTAVVNIIK VVVLIAQTLI VVAVPCTVVV VGFSPHYTAS I
GNM14980                        ----AAAAAA SAASAAGEEE ACCEDDDDDG DDDEEEEGDA DENEEEPKNK EPKDPFFVMD ADDGGGGGDG GGAPQSEIII IIVLIIIIVV ICGINLGIHK KKKKERKKRD QSLDLFLVVL FVLLLLLLVR LLITIWMMIY DGNQNTNDIK PKEGPPPPTV QQQKRRRRRG DKSDHSSSSV VCNSVLRSTT STTAVVNIIK VVVLIAQTLI VVAVPCTVVV VGFSPHYTAS I
GNM15000                        ----AAAAAA SAASAAGEEE ACCEDDDDDG DDDEEEEGDA DENEEEPKNK EPKDPFFVMD ADDGGGGGDG GGAPQSEIII IIVLIIIIVV ICGINLGIHK KKKKERKKRD QSLDLFLVVL FVLLLLLLVR LLITIWMMIY DGNQNTNDIK PKEGPPPPTV QQQKRRRRRG DKSDHSSSSV VCNSVLRSTT STTAVVNIIK VVVLIAQTLI VVAVPCTVVV VGFSPHYTAS I
GNM15026                        ----AAAAAG AASSAAGDQK ACVEDDDDDT DNDEEDQGDS DENEEEPKSK EPKDPFFLMD QADGGGGGDG GGGPQFEIIL IIMIVIIIVT ICGINISIGK KNRKERKKRD QSMDLFLILL FVIVMLLLAR LLLTIWMMIH DGGKNTNSTE PKPGPPPPTA EKQKRRRRRG DESDHSSSSV VCNSILKSMT TTTAVIELII IIILIVFTLV VLAVPCVVAV VLFIPFYSVT I
GNM15019                        ----AAAAAG SAASACGEEE ACVDDDDDDR DDDDEDEGDA DENEEEDKAK EPKDPFFVMD SGDGGGGGDG GGAPQSDIII IIVMIVIILI ICGMVLGIHK KKKKVHKKKE QSLDLFLVIL FNLLLLLLLR YLLTVWMMIY DGNENTHSIK PTEGPPPPTV QQQKRRRRRG DNKDHSSSSV VCNSVLRSVT TTTAVVEIIQ VVLLTAQTLI VVAVPCTAVV VGFTPHYTPT V
GNM15028                        ----AAAAAG AAASAAGDQK ATVEDDDDDQ DNDEEAQGDK DENEEEPKSK EPKDPFFLMD QDDGGGGGDG GGAPQSEIIL IIIIIIIIVT ICGMCISVGK KHRKERTKRD QSIDLFLILL FVIIFLLLTR LLLSIWLMIH DGGKNTNDTK PKPGPPPPTA EKQKRRRRRG DEVDHSSSSV VCNSVLRSMT TTTAVIELII VVILIVFTLI ILAVPCVVVT VLFVPFYSST I
GNM15003                        ----AAAAAG AAASAAGDQK AAVEDDDDDQ DNDEEDQGDK DENEEEPKSK EPKDPFFLMD QDDGGGGGDG GGAPQSEIIL IIIIIIIIVT ICGICISVGK KHRKERKKRD QSIDLFLILL FVVIFLLLAR LLLTIWLMIH DDGKNTNSTK PKPGPPPPTA EKQKRRRRRG DEVDHSSSSV VCNSVLRSMT TTTAVIELII VIILIVLTLI ILAVPCVVVV VIFIPFYSPT I
GNM11003                        ----AAAGVA AAAAAATTDL SAVTDDDDGD DTDTENEGDQ DEDEEDEQEK EEKDKLFLVD KGEGGGGGGT GSKVEKTLII ILVNAILILL IVTVILEVKK KKKKEKRIRA KPYNSFFILL LDLLLLLLLL ILLTIVMSLY NGSNNNRILP PKPPEPPPPF RSQKLRRRKS PKSEYSSTTA YCDSVLETTT DSSSVVVIIE VVAIMYLSIV VVVVPVVVVV ILWLPHLTYY W
GNM11023                        ----AAAGAA AVTSAVSERV AAVADDGDDD DDDGTNDDKK DEEEEEEQEE RPVEEFFLTD EGGGGGGGGT GSDVGKQTII ILVVIVIIII YMVTLFIAGK KKKEKKRWRS SELKLLLVVL LELLLVLLLL LLYTLYSAYH NDGTNHRMTP KRNPKPPPPF KAQVFRRRRS PRKNSVSTMA YSNEVLAATT TTVAVVEIIA VVPIVIEALA VLVVVVMIVV VIWLPYLVPV W
GNM11055                        ----AAAAAL AAASATLIRD AVVKDDDDDD DDDDENLGDR DEEEEEERDK EPKEELYLSD EYGGGGNDGS GGGPQKQIII IILVIVYVVL VLIIILLMEK KKIEEKKERS KKMDKLFIVL IDFLLVLLLL LLVDLEGALD DGNENNNGPE PAKPPPPPPF DYQKRRRRTA VNEDSSSSAS HSSSVLETTT NTTAVVRFVK VVIIVVETML VVVVPVIAVV VRFVPKLTFT W
GNM11146                        -IN-ASAALY AAATAGYRSS AAVEDDDDDD DDPNSNEDNR DEDEEHEEDL IPDEKIFLYN EGGGGGG-GG -AQPESKVII ILINIILIIL LMSIITMFNK KTKKVNQKRR DGAILFLILL LDVILPIILL LRNTFASYLH NDGSNNNEVP NRDPEPPPPF ETQRKRRRRV PKTEASSTMA YSTRVLKATT NTTSVVIVIK VLPLPVPALI IMVILVVVVI VLWVPYLTMS Y
GNM11220                        G---AAAAAA AASAANSKKQ AACDDDDDDD DDDSDTEDSP DENEEEEQSR EPKESIFLLD RGGGGGGGGL -TGPGRKIVI ILIVIIFILL IVVAILVVKK KRKRESRSRS SELLMLLVII LFVLLVLLLQ FIISVFLTLH DDGENNRDCP PKPPSPPPPF ERQVIRRRRA SDDLSTSTAA YSNKILETVT NTCLCVSVPI VVILVLVSIV VVLVIVIVVI VLFIRPLAYV F
GNM11222                        ----AAAAAA AGAAAATEKK AVCEDDDDDD DTDKENEDNA TEEEEEEMKP IEEEGFYLIN GGGGGGGGGS GSSPELRIII ILLVILLILL MAVTILQVKK KKKKSSKKSE SKMTFFLPVL LMILLLLLLQ LIITIVAAVH NGGENNKGAP PVDPSPPPPF LQQKRRRRKA TEKDHSSSES YSTEILPATT NTTSIVEIIL VVLIVVFTIL IVVVTVIIVV ALFLPAYIYT Y
GNM11223                        ----ATAASA AAAAAAFEAR AVCEDDDDDG DDPREEQDRE NEEEEEEERV IPEDEIYLLN EGGGGGGGGG GGGPGKIFII ILVVIILILL IAITVLMVKK KREKKSKMRQ EKLTLFLTIL LLVLLVLILK LAITIYMSLH NGGENNNGRP PNEPSPPPAF NQQRRRRRRS SGKDSSSAAS YSWEVLETRT NTTACVEVII VILVILKTIV VIVVIVLVVV VLFIFKMEYF F
GNM11224                        ----AAAASA AAAAAAFEAR AVCEDDDDDG DDAREEQDRA NEEEEEEERV IPEDEIYLLN EGGGGGGGGG GGGPGKIFII IIVVIILILL IAITVLMVKK KREKKSKMRQ EKLTLFLTIL LLVLLVLILK LAITIYMSLH NGGENNRSRP PNEPSPPPAF NQQRRRRRRA SGKESSSAAS YSWEVLETRT NTTACVEVIL VILIVLKAIV VIVVVVLVVV VLFIFKMEYF F
GNM11225                        ----AAAAAA AAAAAATETR AVCQDDDDDG DDDKDDQGKE NEEEEEEESV IPEDEIFLLN KGGGGGGGGG GGGPEKEIII VIVVIILIML IAITIFVIKK KKDKRRKKQQ KKTMLLLTIL LIVLLVLILR LAISLYMALH DGGENNKSTP PKPPSPPPAF SQQRRRRRRS SGQDSSSAAS YSWEVLETRT NTTACVEIIL VVLILIPSMI IVIVITLVVV VLFIFRLEYF F
GNM11358                        ----AAAAAV AAVAAAPESQ SAVNDDDDDD GQDESDQGNE DESEEEEKQK IPEEDLFLAN EGGGGGGGGG FGDPEIEMIL IILAILVIII MFTICVSVEK KKRKSKKKKE KSLEAFFIFL LVILLLLLPK LLISIYMMMS NGGQNSNTIP PINEEPPPPV RQQRRRRRRG EEEDSSSSSA STTDITESLT TTTAVVEIIK LVLLIIVTVV VVVVTMVIVV VTFFPSYHYT Y
GNM11360                        ----AAAAAG SAASAAGEED ACCEDDDDDG DDDEEDEGDS DENEEEPKSK EPKDPFFLMD QGDGGGGGNG GGAPQSEIII IIIIIIIIVV ICGINLGIHK KKKKERKKKE QSLDLFLVLL FILLLLLLVR LLLSIWMMIY DGNKNTNIVK PKQGPPPPTV QQQKRRRRRG DNVNHSSSAV VCNSVLRSMS STTAVVEVIK VVVLIAFTLI VVAVPCTVVV VGFSPHYSPT V
GNM11362                        ----AAAAAA AAVAAATDAQ AACEDDDDDD DDATDDQGNK DENEEEEKAG IPEEKFFLMN NGDGGGSGGG GGGPEKQMIL IIILIIIVIL MVAIVVAVEK KKKKESRKRE KELRLFLILL FSILLLLLLL LSLSIYMMMS DGGENNRSVS PKEPPPPPPA MQQRRRRRRG ENRHSSSSSA STTDVLEAMT TTTAVVDLIK VVLLILLAIV IVAVVCVVVV VAFIPSYYYT Y
GNM11367                        ----AAAAAA AASSAAGDKQ AAVEDDDDDQ DNDEEPEDDS DEEEEEPKNK EPKEPFFMMD QDEGGGGGDG GGQPQSEIIL VIIMILIVVT ICGINISVGK KKKKERKKKD QSNDLFFILL LIIILLLLPR LLMTIYMMIH DGGKNTNSIK PKKGPPPPTA EQQKRRRRRG DNTDHSSSSV ACTKVIRCTT ATTAVVELII VVVLIVQTLI VVCVPCTVAT VIFIPFYSPT I
GNM11377                        ----AAAAAV AATAAASEAH AACEDDDDDD GSDEEEQGNE DENEEEEKQK VPEEKFFLQN EGGGGGGGGG YGAPEVEIIL IVLAIVIYIL MATICVGVEK KKRKAKKKKD KDLDMFFILL LKIILLLMMR LLTTILMMVA NGDKNS-TTE PVPEEPPPPV KQQRRRRRRG EDEESSSSSV STTEITEALS TTTAVVEIIK VIILVVITLV VIVVTVVVVV VAFIPAYHQT Y
GNM11380                        ----AAAAAA AGSAAAGEKQ ATCEDDDDGN DNDEEEQGNR DENEEEEKEE IPKDPFFLMD QDDGGGGGDG GGSPQSEIIL IIIIIIVIII ICGISIAIEK KKRKKKTKRD KSLDLFLILL LIFILLLLPR LLTTIWMMIS DGGQNTNSTE PKPGPPPPPA TKQKRRRRRG DDVEDTSSSV SCTHVLKCLT STTAVIELIQ VVILIVATVL VMIVLCVVVV VKFVPYYNQT I
GNM11383                        ----AAAAAG ASSSAAGDKD ACCEDDDDDG DNDQEEQGDA DEEEEEERKK EPKDPFFLMD QDDGGGGGDG GGAPQSEIVL IILIIIIIVT ICGINIAIGK KKKKDRKQKA QALDLFLILL FVLILLLLPR LLLTMWMMIY DGGKNTNSTK PKAGPPPPPA DKQKRRRRRG DDTDDSSSSV SCNKVLKCLT STTAVVELIM VVILIVPTVL VIVVPCVVVV VAFIPKYSPT V
GNM11491                        ----AAAAAA AAASAAGEEE ATCADDDDDS DNDEEAENRA DEEEEEPRAK LPDDPFFLMD RSDGGGGGDG GGRPQSDIIL IILIIVIIVI ICGISIGVGK KKKKEHKERA KSLDLFLVLL FVIILLLLVR LAITIWMMIV DGNKNTNNTK PKKGPPPPTV RKQKRRRRRG DGTDHSSSSV SCNSVLRAVT TTTAVVELII VVILVAHTLI VIAVPCTVVV VQFLPHYDPT I
GNM11804                        ----AAAAAL AAASGNLQRE AVVEDDDDDD DDDEENKENR KEEEEEEKDA EPEDELFLSD EYGGGGGDGS GGKPQKQIII IILIIVIILL VALIILIMEK KKIEKKTERS KSLDKLFIIL IYLLLVLILL LLLPLEAAVD NGGENNNSTE PAKPPPPPPF DYQRRRRRFA ANEESSSAAA WSIEILETAT NTTACVRFVL VVIVVVETIL VIIVPTIAVV VKFVPKLTIT W
GNM11805                        ----AAAAIV AAASAGETKE SAHDDDDDDS DADKDQEGKN NEAEEEESGL EPREPIFTMN RGGGGGGHGG DGGPERKVII IIVVVVIIVL IAMAILIVKK KKKKEEVKKE KEKQSFLVII MRYLLLYILM ILTSISSMLY DGNKNNNIES PAEPEPPPSF TFQRRRRRRG SDKDFSSSTA DADSIMDTST NTTTVVKIIS CVLIIFLTML IIVVELVVVV VLFVPELTYI W
GNM12883                        ----AAAAAA AAVAAASESH AACDDDDDDD GNDQDEQGHE DENEEEEKQK VPEEKFFLAN EGGGGGGGGG FGEPSVEIIL IVLAIIVFIV MATICVAVEK KKRKAKKKKD KELDAFFILL LKLLLLLLMR LYSTILMMVT NGDKNS-TLP PVPEEQPPPA RQQRRRRRRG EDEESSSSSV STGEIITALS STTAVVRLIR IILLIIVTVV VIVVTVVIVV VPFLPHYHQT Y
GNM12886                        ----AAAAAA ASVAAAAEAH AACDDDDDDD GADEEEQGDE DENEEEEKQK VPEEKFFLAN EGGGGGGGGG YGDPAIEIIL VVLAIIVFIL MATICVAVEK KKRKAKKKKD QDLSSFFILL LKLLLLLLMR LWTTILMMVA NGDKNT-TIT PIPEEPPPPS KQQRRRRRRG EDEDSSSSSV STTDITEALS TTTAAVELIR IVLLVMITIV IIVVTVVVVV VAFLPHYHQT Y
GNM12892                        ----AAAAAV AAAAAAAESH AAAEDDDDDD GNDAEEQGNE DENEEEEKQR IPEEKLFLAN EGGGGGGQGG SGTPEIEIIL VIIAILVFVI MAVICVAVEK KKREAKKKKD KSMDSFLIIL LKLLLLLIPR LWTAIFMMIA NGGRNSNTVP PVPEEPPPPI KQQRRRRRRG EEEDSSSSST STTSITESLS NTTSAVELIK LVLLLLVTVV VIVVTLVVVV VAFLPSYYIT Y
GNM12895                        ----AAAAAA AAATAGTEV- AACEDDDDDD DDDEEDQGNN DENEEEEE-K TAEEQFYVMN KGGGGGGGGG GGGPDVQMIL IIIIIIIVIL MIKIVVVIEK KKKKSTKE-E KALTLFL-LL MNLLLLLLTR LQTTVFMMII NGNHNGNATK PKPPGPPPPS K-Q-RRRRRG -DKESSSSSA SATNVLEART TTTSVVKIII AVL-TIVTV- VIVVTCAIVV VHSLPVYYTT Y
GNM13060                        ----AAAAAA AAAAAAGTAA ATCDDDDDDD DDDDDDDDDE EEEEEEEEEE EEEEEFFFFG GGGGGGGGGG GGGGGHHIII IIIIIIIIII IITIIIVIKK KKKKKKKKKK KKMLSLLLLL LLLLLLLLLF LILLLLMMMM NGNKNNNNPP PPPPPPPPPQ QQQRRRRRRS SNNNSSSSSS SATSTTTTTT TTTVVVIVVV VVVVIIVVVV VVVVVVVVVV VWYFYYYYYY Y
GNM13061                        ----AAAAAA AAAAAAAVAT AACDDDDDDD DDDDDDEGEM DEEEEEEEDE SEQEEFFFAG GGGGGGGGGG GGGVGTQLIV IIVIIIIIIL IITIIIVIKK KKKKSKRKRK KKSLGFLTIL LFLILLLLLL LLITLYMMIM DGGNNNNAPP PTKPPPPPPQ AEQRRRRRRS SSEESSSSSA SANTIITTTT TTTAVVKVII LTVVMIIEAI VVVVLVVVVV VWYFKHYYYF Y
GNM13064                        ---KAATSAA CAGSAAGESS SAVDDDDDDD DDDTDDEGDE SENEEEEEDK KQEDDFFVFN EGAGGGSGGG KGGPELELII IIIVLIIYWI ILSTVMSVGK KKKENKDKLS EELLSFLIII MKILLLLLLK LMITLFAMIE AGNENNKPTE PKDPPPPPPI DSQTRRRRRG DDENSSSSAT AVNSTINATT GTTACVTLIK IIIIIIFVAV VVIVTCTVVS VAYMSKYYYT Y
GNM11034                        ----APAAAG AAASAALELQ SAASADDDDD DGREQNIRKI DEEEEEEKKK VRNLEFYLVD EGGGGGGEGD SCGPDKRIVY IIINVLILVL LIVTVLIYQK KKIQRTRKQE QTALLILYVV LDLLLLLLLM YYIPVYLALF DGNEDNEPLP PRPPPPPPPF QKQLRRRRST TDKDSSSAVA YATDALSSTT SMVAVVEMLT VTIILVEGIP VVVFLVTVVV VAYVQKLTHW G
GNM11363                        ----AAAAAA AAVAAATDAQ AACEDDDDDD DDATDDQGNK DENEEEEKAG IPEEKFFLMN NGDGGGSGGG GGGPEKQMIL IIILIIIVIL MVAIVVAVEK KKKKESRKRE KELRLFLILL FSILLLLLLL LSLSIYMMMS DGGENNRSVS PKEPPPPPPA MQQRRRRRRG ENRHSSSSSA STTDVLEAMT TTTAVVDLIK VVLLILLAIV IVAVVCVVVV VAFIPSYYYT Y
GNM11375                        ----AAAAAG SASSAAGEED ACCEDDDDDQ DDDEEHEGDA DENEEEPKSK EPKDPFFVMD QDDGGGGGDG GGAPQSEIII IIILIVIIVV ICGINLGIHK KKKKEFKKKE QGLDLFLVIL FNLLLLLLLR LLITIWMMIY DGNQNTNFTK PKEGPPPPTV QQQRRRRRRG DNRDHSSSSV VCNSVLRSTT TTTAVVNIIK VVVLIAQTLL VVAVPCVVVV VGFTPHYTTT I
GNM11381                        ----AAAAAG ASSSAAGDKD ACCEDDDDDG DNDKEEEGDA DEEEEEERKK EPKDPFFLMD KDDGGGGGDG GGAPQSEIIL IIIIIVIIVT ICGINIGVGK KKKKDRKQKA QALDLFLILL FVLVLLLLPR LHITIYMMIY DGGQNTNTTK PKQGPPPPPA EKQKRRRRRG DNIADSSSSV SCNKVLKCLT STTAVVNLII VVVLIVPTIL VIIVPCVVVV VAFIPNYTPT V
GNM11382                        ----AAAAAG ASSSAAGDKD ACCEDDDDDN DNDEEEQADA DEEEEEERKK TPKDPFFLMD QDDGGGGGDG GGAPQSEIIL IIIIIIIIVT ICGINVSIHK KKRKERKQKA KSLDLFLILL FVLILLLLPR LLLTMWMMIY DGGKNTNDTK PKPGPPPPTV DKQRRRRRRG DDVEDSSSSV TCNTVLKCLT STTAVVELII VVVLIVFTVI VIVVPCVVVV VAFVPTYNPT I
GNM11799                        ----AAAAAG AAASAAGDQK ASVEDDDDDQ DNDEENQGDK DENEEEPKSK QPKDPFFLMD QDDGGGGGDG GGAPQSEIIL IIIIIIIIVT ICGINISVGK KHLKDRKKRD QSIDLFLILL FVIIMLILTR LLLSIWLMIH DDGKNTNSTK PKPGPPPPTA EKQKRRRRRG DEVDHSSSSV VCNSVLKSMT TTTAVVELMI VIILIVLTLI IVAVPCVVAV VLFIPFYSPT I
GNM12125                        ----AAAGAA AAAAATDTSK AAAKDDDDDD DSAAENESQQ DEEEEEEEHE EPVEDFFLIN EGVAGGGGGT GSKVDHVVIL ILIVIVLILL MARVLFVTKK KRKKKKRVKT KDMDLLLVVL LLLLLVLLVL LEITLAAAYH NGGTNHRMPP PAPPPPPPPF RTQKLRRRRA PNEDSISTMA YSTDVLATTT TTVAVVVVLA VVLLVYYAII VLVVIVMIVI VYYLPRLTTV W
GNM12126                        ----AAAGAN AASAAGWTKK AAVDDDDDDD DDDNQNKENK DEHEEEEADE ISEEGFFLLD KAGGGGGGGS GARVEKKFIL ILMVGIFLLL IAVNVLFVGK KKVEEERTRS EELDLLLIII LTLLLLLALL LLLDIYAVLH DKGTNNRPLP PEPPKPPPPF RTQKLRRRKY PNKRSPSSMA YSTKVLKTVT DTVAVVVSLV VVILIVLALV VVLVVVMVVI VLWYPLLEYF L
GNM12128                        ----VAAGAN AASAASYKNK AAVDDDDDDD DSADSNDGNI SEDEEEEENK VPDEPIFLVD KGGGGSGGGM GGPVERQIVI ILVIAILILL IAIIIYILKK KNKKEKFFYG KEATIVLIFL LNLLLLLLLL LLITLYAVNH NRNKNNNIFP PYSPPPPPPF KAQKIHRRKG PDEESASSAA YSTDVAQTST TTALVIEIIK IVVILIESII VVLVVVMIFI VGWIPLMTYI W
GNM12182                        ----AAAGAA AAAAAASTEL SAVQDDDDGD DIDGDNEGDQ DEDEEDEQEK EEKEKLYLVD SGDGGGGGGS GSKVEKTFII ILVNAVLILL IATVILEVKK KKKKEKKTKA GPYTLFFVLL LELLLLLLLL VIMSIVMALY NGGVNNNELP PKPPPPPPPF RSQKLRRRKS PKSSYSSTTA SCDSVLEATT DSSAVVVVIE VVSIIYQSII VVVVEVVVVV VLWLPFITYY W
GNM12346                        ----AAAGLV AAAAGCTENE AVSDDDDDDR DNDREDQGDN PEEEEEESDE EPVDNMFLAD GGGGGGGGGS GGKPQKQVVI IVMVIIIIVL IIMIVLIIGK KKNQEKKDRS KKKDLLFVII INLLLVLALR LYLTLSAALH DGGHNNAVTS PNAPPPPPSF QYQKRRRRKA AGSESSSGSA HASSVLETTS ATTACVKIIK LIAILVPIMI VVIVPTIVVV VLFIPALTFT W
GNM12351                        ----AAAAMI AAASGLTELR AVCEDDDDSR DNDEEKNGDA DEEEEEEKDL TPKNDLFLFN LGGGGGGGGS GGGPQEQIII IIVVIILILL LSIIVLVLGK KKDEELTQKN KQMDLLFALL ILYLLNMALK LFKSLESAID DGNRNSSPTE PGDAAAPPAF KYQKRRRRRG SGIDSSSSSA HATNLISAST TSTACVRFIE IVELIVEVMI VVIVVTIVVV VNFIPELNTT W
GNM12551                        ----AAAAAA AASAGTDRRR SVCHDDDDDD DTDDENLGNE DENEEEEEHK EPEESFYLID AGGGGGGGGG EGDPEHQVVI IILAIILVVL VAVAILILEK KKKERREERA EESEAFFLIL LEVLLVLILL LLLPLAMMVH NGGDNNELAE AKPPPPPPPF AEQKRRRRRA AEESDSSSMA HSCEVLRTST ITTSCLELVT VIIIIVETVL VTVVVVVVVV CLFVPYISFV W
GNM12592                        ----AAAGAV AAAAGAMELE AVCDDDDDCN DKDDQYQGKR DEEEEEERDL VPEDKMFLAD EGGGGGGGGS GGSPQKQVII IVLVIVVIML LIIVILVIGK KKEEEKTEKN AALTLLFVIL IYFLLVLLLL IYISLSASID NGNRNNTPRP PAPPPPPPPF RYQRRRRRKA SDEDSSSASG HSDDTLEAAT GTTACVRVFK FIAIVIEIMI IIIVPTIIVV VVFVPVLIYT W
GNM12596                        ----AAAGLA AAAAATPEIT AVAADDDDDR DSDDDEEGNA EEEEEEEEDL TPEDVIFIIN ESGGGGGGGM GGGPQSQILI IIMVIILVLL IAIIVLILGK KKKEGTMKKN KSMKLLFILL IFYLLNMMLK IYLTLECALD DGNENNSITV ANDQPPPPPF KYQKRRRRKA ASKDSSSGCA HSSKIITTST TTTACVQLIL VVQLMVEVMI VVIVTTIVVV VLFVPKLEFS W
GNM12602                        ----AAAGLA AAAAATPEIT AVAADDDDDR DSDDDEEGDA EEEEEEEEDL SPEDPIFILN EVGGGGGGGM GGGPQSQVLI IIMVIILVLL IAIIVLILGK KKKEKTIKKN KSMKLFFVIL ILYLLNMMLK IYMTLECAID DGNENNSTTV ANDQPPPPPF KYQKRRRRKA ASKDSSSGSA HSSKVITTST TTTACVQVIL VVQLMVEVMI VAIVPTIVVV VLYVPKLEFS W
GNM12665                        ----AAAGLA AAAAATPEIT AVAADDDDDR DSDDDDEGNA EEEEEEEEDL TPEDSIFILN EVGGGGDGGM GGGPQSQILI IIMVIILVLL IAIIVLILGK KKKEGTMKKN KSMKLLFILL IFYLLNMMLK IYMTLECAIN DGNENNSPTV ANEQPPPPPF KYQKRRRRKA ASKDSSSGCA HSSKIITTST TTTACVQLIL VVQLMVEVMI VVIVTTIIVV VLFVPKLEFS W
GNM12745                        ----AAAATV AAAAGSTKNE SVCKDDDDDN NRDKEFENCK DEDEEEKSED IREIGMFLVD TNTGGGGGGC GAKSQKTFIV VIIIIVLLIV VAKIMLMAPK KKKSSSKKKD KELSLLFVII ITILLLILLM IFITVAMVLF NDNKNNSLTE PTNPNPAPYF QKQSFRRRSA SNSDSSSLCA YASDCITTAT TTSCCVTVII VIIVIYHGLI VLIVMTIIVV SKHIPQLNYF W
GNM12758                        ----SAAASA AATAAAPENE SVCDDDDDDD DTDSERDGNP TEEEEEEMKD IPQESFFLFD KGGGGGKGGG GCSAQKQIII VIVVIIIIII IAMLLLVPRK KKKSEKRERD KELHLLLIIL ILLLLLLILR LTITIALMLY EGGKNNSETE PADPPPPPPF NSQTIRRRRV PNSESSSMVS HASECMETTT DTSACIEVIY LLIIVVRGMI VLLVITVIVV VLFIPELTFV W
GNM12763                        ----AAAASA AAAAGASKSE AVCEDDDDDD DNDNERDGDP TEEEEEELEE IPEESFFLFD NGGGGGNGGG GCSVTKQIII IIVIILLILL IAIILLIPNK KKKEQKKKKS KSMYLLFIIL ISLLLLLILR LIISLVLMLY NGGKNNKKTE DKDPPPPPPF NDQMLRRRRT PDKESSSMVS HSSECMETNT DTSACVSIIH LALIIVRGMI VLIVITVIVV VLFLPELTFM W
GNM12849                        ----AAAAAG SAASAAGEED ACCEDDDDDG DDDEEDQGDA DENEEEPKSK EPKDPFFLMD QDDGGGGGNG GGAPQSEIII IIIIIIIIIV ICGINLGIHK KKKKERKKKE QSLDLFLVLL FILILLLLVR LLLTIWMMIY DGNKNTNNTK PKNGPPPPTV QQQKRRRRRG DNINHSSSAV VCNTVLRSMS STTAVVEVIK VVVLIAFTLL VVAVPCTVVV VGFTPHYTPT V
GNM12869                        ----AAAAAG SAASAAGEEE ACCDDDDDDG DDDEEEEGDA DENEEEPKNK EPKDPFFVMD ADDGGGGGDG GGAPQSEIII IIILIIIIVV ICGINLGIHK KKKKERKKRE QSLDLFLVVL FVLLLLLLVR LLITIWMMIY DGNQNTNDTK PKEGPPPPTV QQQKRRRRRG DNSDHSSSSV VCNSVLRSTT STTAVVNIIK VVVLIAQTLI VVAVPCTVVV VGFSPHYTSS I
GNM12896                        ----AAAAAA AGSAAAGEKQ ATCEDDDDGN DNDEEEQGDR DENEEEEKDE IPKDPFFLMD QDDGGGGGNG GGAPQSEIIL IIVIIIIIII ICGISISIEK KKRKKKSKRD QSLDLFLILL LLFILLLLPR LLMTIYMMIS DGGRNTNSTE PKPGPPPPPA TKQKRRRRRG DDVDDTSSSV SCTHVLKCLT STTAVIKLIQ IVILIVATVL VMIVPCVVVV VRFVPYYNQT I
GNM12897                        ----SAAAAA AGSAAAGEKQ ATCEDDDDGN DNDEEEQGNR DENEEEEKDE IPKEPFFLMD QDDGGGGGDG GGAPQSEIIL IILIIIVIII ICGISISIEK KKKKKKTKKE QSLDLFLIIL LVFILLLIPR LLMSIYMMIS DGGQNTNNTE PKPGPPPPPV TKQKRRRRRG DDVEDTSSSV SCTHVLKCLT STTAVVELIQ VVILIVPTVL VMIVPCVVVV VKFVPYYTQT I
GNM12902                        ----AAAAIA AAASAGEFKG SAHEDDDDAG DADKDEDGRN NESEEEEQDF EPREPIFVMN RGGGGGGDGG DGGPEKKIII IIVVIILIVI IAMAIMIIKK KKKTSEIKRN RERNSFLVIL MRYLLLYILM ILATISSMIY DGNKNNHVEP PADPPPPPAF RMQKRRRRRG SDKDFSSSTA DSDTVMEATT NTTAVVRIIQ IVLLVYMTII VVIVELVIVV VLFVPEITFM W
GNM12903                        -VD-AVAAAG AASAAGYNAY AAVSDDDDDD DSDNQFEGKD DEDEEHEEEK EPREKIFFVN SGGGGGK-GT -GGPGKHFIV IIFVVVLIVI IAVVLVLVGK KTKGEKQYRR KEKELFPFVL LELLLLLLLE LRLTIVLYLD DGGANNKLV- PVNPPPPPVT TQQRLRRRRR SNEDSCSANA YATKVHQTAT NSTAAVVIIA LIVLIVQTAI VLIVLVVVVV AFWLPVLYTF Y
GNM12906                        -LE-AAAAAG AASAAGYKAY AAVPDDDDDD DSDDQSEAKD DEDEEHEEEK EPREKVFFVN SGGGGGK-GT -GAPGKHFIV IIFVVVLIII IAVVLVLVGK KTKGEKQNRR KEKDLFLFIL LELLLLLALE LKLTVVLYYD DGGANSRLT- PAEPPPPPVT SQQRLRRRRR SNEDSCSANA YANKVHQTAT NSTAAVVLIA LVVLTVQTAI VLVVLVVVVV AFWLPVLYTI Y
GNM12907                        -LD-AAAAAG AAAAAGSKAY AAVQDDDDDD DADDQFEAKE DEDEEHEEEK EPSEKVFFVN EGGGGGK-GT -GEPGKHYVV ILFVVVLIVI IAVVLVLIGK KTKGAKAARR KQKDLFVFVL LELLLLLIME LRLTIVLYYD DGGANNRLT- PAPPPPPPVT SQQRLRRRRR SNEESCSANA YAIKVHQAAT NSTASVVLIS LIILLVQTII VLVVLVVVVV AFWLPVLYVF Y
GNM12909                        -IE-AAAAAG AAAAAGTKAY AAVQDDDDDD DSDERFEGKE DEDEEHEEER EPQEKIFFVN GGGGGGK-GT -GEPSKHFIV IIFVIVLIVI IAVVLVLVGK KTKGTKQYKK KEKELFPFIL LEALLLLLLE LRLTIVLYLD DGSMNNRIT- PVNPPPPPVT TQQRIRRRRK SGEDSCSANA YATKVHQTAT DSTAVVVLIA LIILVVSTVI VLVVLVVVVI AFWLPVLYII Y
GNM12915                        ----AAAAVA AAAAAGAEKG AVSEDDDDDD DDNEDREGSE DEEEEEEMDL VPEDEMFLFD EGGGGGGGGS EGGPSIQIII IIVVILLILL IAVTVLVTKK KKKKKKRKRN KELELFFIIL MMILMVLLLL LITKIVMAIH NDGYNNHGVP PKPPPPPPPF EHQMRRRRKA ANETSSSPGA HISEVLEATT NTTAVVRVIL VVIIVVLTVV IVIVLTIVVI VLFVPIITYT R
GNM10046                        ----AAAAVA AAAAGGAEKG AVSEDDDDDD DDNEDREGNE DEEEEEEMDL APEEEMFLFD NGGGGGKGGS EGGPTIQIVI IIVVILLILL IAVTVLVARK KKKKKKRKRN KELELFFIIL MMILMVLLLL LLTKLVMAIH NDGYNNHGVP PKPPPPPPPF EYQMRRRRRA ANETSSSSGA HITEVLEATT NTTAVVLVII VIIIVVLTVV IVIVLTIVVI VLFVPYITYT R
GNM12918                        ----AAAAVA AASAAGAEKG AVSEDDDDDD DDNEDREGSE DEEEEEEMDL VPEEEMFLFD EGGGGGGGGG EGGPTIQVII IIVVILLILL IAVTVLVTRK KKKKKKKKRN KELELFFIIL MMVLMVLLLL LITKLVMAIH NDGYNNHGVP PKPPPPPPPF EHQMRRRRRA ANETSSSPGA HISEVLEATT NTTAVVEVII VIIIVILTVV IVIVLTIVVT VLFVPIITYT R
GNM12931                        ----ATAGAG AATASSGFKK ATVKDDDDYD DDRDENMDNS DEEEEEEEER IPEEPVYLLD EKGGGGGNGM GSKVEKFFVV ILIVIIIIII ILLQLFVLRK KKIKSKKEHK DENDLILIIL LDLLLVTLLA IKIKIIVALH NGNQNHRMLP PRPPSPPPPF QTQKHRRRRA PDETSPSTMA YGNEVLTTRT MTTLVVVIIL VVIILPPAIV VINVIVMLVI VIFIPVLTYV W
GNM12938                        ----AAAGVA AASAAANTET AAVKDDDDDD DTDSENEGNQ DEEEEDEQDK AEFDKLYLTD KGDGGGGGGN YSKVEKLIVI ILVNAIVILL IMTIVLELKK KKKKEKKVKS KKYNALPILL LDLILLLLPL ILTTLVAALY NGGANNTSLP LKQPPPPPPF RMQKFRRRKS PKKEYSSTMS YCNSVLSTTT DTSAVVEIIE VVLVVYFSLV VLVIEVIVVV VLWLPYLTYY W
GNM12996                        ----AAAGVA AASAATSTEL AAVQDDDDGD DTDNDNDDTV DEDEEDEQEK EEKDKLYLID KGDGGGGLGS GSKVESMFII ILINALLILL IATIVLELKK KKKKEKKTKS KPYTLMLILL LDLLLLLFLL VVTSVVMALY NGDQNNKKLP PKPPEPPPPF KSQKLRRRKA PKSDYSSTTA YCDTVLKTTT NSSAVVEIVE VVQILYLSII TVLVIVVVVV VLWVYYLTYY W
GNM13018                        ----AAAGVA AASAAASTEI AAVQDDDDGD DTDNDNDDTV DEDEEDEQEK EEKDKLYLVD KGDGGGGLGS GSKVESMFII ILVNALLILL IATIVLELKK KKKKEKKIKS KPYTLMLILL LDLLLLLFLL VVTSIVMALY NGDQNNKKLP PKPPEPPPPF KSQKLRRRKA PKSDYSSTTA YCDTILKTTT NSSAVVEIVE VVQILYLSII TVLVIVVVVV VLWVYYLTYY W
GNM13027                        ----AAAGVA AAAAAVSTEL AAVQDDDDGD DVDSDNEGDQ DEEEEDEQEK IEKDKLFLVD KGEGGGGGGS NSKVEKMFVI ILVNAVLILL IATVVLELKK KKKKEKKIKN KQYSALNIIL LDLLLLLLTL VLLSIVAALY NGNVNNRFLP PKPPPPPPPF RSQKFRRRKS SKSDYSSTTA YCSSVLETTT NTSAVVEVIE VVLLIYLSMT VAVVEVVVVV VLWLPYLTYY W
GNM13046                        ----AAAAAA AASAAAGEEQ ATCEDDDDDG DNDEEDQGDA DEDEEEEKNE EPKDPFFLMD QDDGGGGGDG GGRPQTEIIL IILIIVIIVT ICGINISIGK KKRKQRKQRD QSLDLFFVLL FIIILLLLPR LNITIWMMIH DGGQNTNDTK PKPGPPPPPA KKQKRRRRRG DDVNHSSASV SCNSVLRCMT TTTAVVEIIK VVYLIVPTLI IIAVPCTVVV VAFIPYCTPT I
GNM13053                        ----AAAAAV AAAAAAGETH AACEDDDDDN DADDDDQGNE TENEEEEQAK VAEDEFFLMN KGGGGGGNGG NGGPQNEIIL IIILIVIIIL MAAIVVIVGK KKLKKRTVRD EDLLIFLVII LMLLLLLLLK LLTTIYMVIV DGGLNTTPTK PKPPEPPPPA KQQKRRRRRG ENTKSSSSSA SVTKILASTT STTACVEVIM VILLVIEAGV VVIVTVVVVA VLFMPTYYYS L
GNM13074                        ----AAAAVA AAAAGGSKKS AVSEDDDDDD DDDDDREGNQ DEEEEEEKDL IPEEEVFLFD EGGGGGKGGS EGSPDLQIVI IIVVIIIILL IAVTVLVLQK KKKKEKKKKE KELELFLVLL MMILLVLLLW LVVKLIMAIH DGNYNNYGVP PKPPPPPPPF EHQMRRRRKA AGENSSSPGA HTNEVLETLT SSTAVVEVIK VIIIVVLTVM IVIVLTIVVV VLFMPTITLT R
GNM10010                        ----AAAAVA AAAAASSKKG AVSEDDDDDD DDEDEREGGD DEEEEEERDL VPEDEFFLFD EGGGGGGGGG EGSPDLRIII IIIVIVIILL IAVTVLIVQK KKKKKRKKRN KEMELFFIIL MMLLLVLLLW LLTKLVMALH DGGYNNHGTP PKDPPPPPPF ERQMRRRRRA ASETSSSPGA HTNEVLETLT TTTAVVEVII VIIIVFLTVM IVIVVTMVVI VLFIPSLTYT R
GNM10014                        ----AAAAVA AAAAGGAKRS AVSEDDDDGD DDDEDNEGDN DEEEEEERDL VPEDELFLFD KGGGGGGGGG EGSPELQIII IIVVIVIILL IAVTVLLAQK KKKKERKKRE KELELFFVLL IMVLLVLLLW LIVKLVMAIH DGNYNNHAVP PKDPPPPPPF EHQMRRRRRG ANETSSSPGA HSSEVLETLT STTAVVNVIK VIIIVVMTAM IIIVLTIVVV VLFLPSITYT R
GNM13090                        ----AAASVA AAAAGGSKKS AVSEDDDDDD DDEDDREGNA DEEEEEEKDL VPEDELFLID EGGGGGGGGS EGSPDLQIII IILVIVLILL IAVTVLIVGK KKKKEKKKRA KEMELFLVLL IMVLLVLLLW LLLKIVMAIH EGNYNNMGIP PKDPPPPPPF EHQMRRRRRA AGENSSSPGA HSNEVLEALT STTAVVVVVK VIVIVVLTVM IVIVMTIVVV VLFMPNISYT R
GNM13118                        ----AAAAAA AAAAAASEAS AACDDDDDDG DTDDQEEGSS DEDEESEEEK IPTEGVFLVD KGGGGGGGSS GGKVAKQFLI IFVVIVLIIL IATIILRLKK KKKAEFKEKA KELDSFAFIL QLILLSLLLR LLMRITAVLH NGGRNNEEKP PREPPPPPPF KVQKFRRRKS PERRSASYGD YATAVVTTAT DTTLSVSVIA VVLVIIPGIV VLIVIVLPVV CLYLPYLFYI W
GNM13126                        ----AAAAVV AAASAGAIK- SAREDDDDDN DTSKELDGNK GENEEEDQ-F EPKEPIFPMD RGGGGGGGGG EGLPEKRVII IIVVIILIVL -AITILVIKK KRKKEAVK-- KERD-FP-LL LKYLLLVMLY L-MTISCMLY DGNKNNHIEQ PAEPPPPPAF G-Q-RRRRRG -DTDFSSSTA NSSEVIEATT NTTAVVKVIK CII-VYVTM- VVLVATVVVV VLFVPTISFT W
GNM13128                        ----AAAAVV AAASAGVIKE SARDDDDDDN DTSKELDGKK GENEEEDQNF EPNEPIFPMD RGGGGGGGGG EGLPEKRVII IIVVVILIVL IAITILIIKK KRKKEAIKKT KERDTFPIIL LKYLLLVMLY LLMTISCMIY DGNKNNHIEQ PAEPPPPPAF GYQRRRRRRG SDTDFSSSTA NCSDVIEATT NTTSVVRVIK CIIIVYLTML VVLVATVVVV VLFVPTISFT W
GNM13208                        -SD-AAASAG AAASASYRSY AAVQDDDDDD DSDEQTEDRE DEDEEHEEGL DPFENVFFLN KGGGGGG-QT -GPPGKRIII ILIVTIIIVL IAVVLVIIGK KTKSQLMNRR RQRDLFLFIL LELLLLLIME LRLSIVLFLD DGNQNNNIT- PTDPPPPPVS SQQRKRRRRK STTDSSSSNA YSIKVHNTAT SSTAAVVLII VILLLVETII VVLVLVVVVV VLWLPRLYYI Y
GNM13210                        ----SAAGAG AASASTGYKK ATCKDDDDGD DDDEDNMETG NEDEEEEEER AQFEEMFFMD KAGGGGGGGK GSGVEKQIVV ILIVIIIVII IAVQIFVIKK KKIKDIKEAK QEALLLLIIL LDILLVVLLH IIISLYLALH DGNQNHRILP PYPPAPPPPF KAQQIRRRFG PDNKSPSTMS YSSKVLEART TTTLVVELHL VAIAVPKAIL VVNVLVMLVV VIFIPVLTYV W
GNM12773                        ----AAAAAG AAAAASYEER SVCEDDDDDG DTDSEEQVKE DEEEEEDNQK ISSEEIYTLN WGGGGGGGGG GGNPEKEIII IIFVIILILL IAVTILMVEK KKKKKKKKLK KGMNAFLLFL MKLLLVLILR LKLTLYMAQH NQGENNESQP PNAPAPPPPF EQQKRRRRRA TDSKSSSTAA YSGEVLTTTT NTSSCVELIK IILVMAAAML IVVIVVVVVV VLFMHKMTYF F
GNM12769                        ----AAAAAA AASAASEKKN AASDDDDDDN DNDSDDEGNK SENEEEEQDS DPVKEIFLFD EGGGGGGGGG GSDPEKRVII IIVAIVLIIM IAISIFTVKK QKKNSIKKKE KELLLLLSLL LKILLTLVLQ LLTTLFMMLH DGKKNNHDTP PEEPLPPPEF KDQERRRRRS IEEKSSSSTS NSGEIITSTT STTSCVEVLK LIILIIIGLI VVVIIVVVVV VYFMKNITHV F



    1    1    1    1    1    1    1    1    1    1    1    1    1    1    1
    1    1    1    1    1    1    1    1    1    1    1    1    2    1    1
    1    1    1    1    1    1    1    1    1    1    1    1    1    1    2
    1    1    1    1    1    1    1    1    1    1    1    1    1    1    1
    1    1    1    1    4    1    1    1    1    1    1    1    1    1    1
    1    1    1    1    1    1    1    1    1    1    1    1    1    1    1
    1    1    1    1    1    1    1    1    1    1    1    1    1    1    1
    1    1    1    1    1    1    1    1    1    1    1    1    1    1    1
    1    1    1    1    1    1    1    1    1    1    1    1    1    1    1
    1    1    1    1    1    1    1    1    1    1    1    1    1    1    1
    1    1    1    1    1    1    1    3    1    1    1    1    1    1    1
    1    2    3    1    1    1    1    1    1    1    1    1    1    1    1
    1    1    1    1    1    1    1    1    1    1    1    1    1    1    1
    1    1    1    1    1    1    1    1    1    1    1    1    1    1    1
    1    1    1    1    1    1    1    1    1    1    1    1    1    1    1
    1    1    1    1    1    1

AAML (in paml version 4.9h, March 2018)  tmp0057.txt
Model: Empirical,  (../wag.dat) dGamma (ncatG=4) ns = 136  ls = 241


Frequencies..
                                    A      R      N      D      C      Q      E      G      H      I      L      K      M      F      P      S      T      W      Y      V
GNM13746                       0.07595 0.03797 0.03376 0.07173 0.00422 0.01688 0.07173 0.08017 0.00844 0.08861 0.09705 0.05907 0.02110 0.01688 0.05485 0.05485 0.04641 0.00422 0.03797 0.11814
GNM13538                       0.08439 0.05485 0.01688 0.09283 0.00422 0.02532 0.06329 0.07595 0.01266 0.07173 0.08017 0.06329 0.02110 0.03797 0.05907 0.05063 0.07173 0.00000 0.02532 0.08861
GNM13876                       0.06329 0.05907 0.02954 0.05485 0.00844 0.01266 0.07595 0.05907 0.00422 0.09283 0.09705 0.07595 0.03376 0.02110 0.06329 0.05485 0.04641 0.00000 0.04219 0.10549
GNM13680                       0.09746 0.05932 0.02119 0.07203 0.00847 0.02542 0.10593 0.07203 0.00847 0.07627 0.08051 0.05085 0.01695 0.02542 0.05085 0.03814 0.05932 0.00424 0.01695 0.11017
GNM14837                       0.06751 0.05063 0.04219 0.08017 0.02110 0.02110 0.07173 0.08861 0.01266 0.09705 0.07173 0.05485 0.01688 0.02110 0.06329 0.07173 0.04641 0.00422 0.00844 0.08861
GNM14249                       0.06751 0.05063 0.03376 0.09283 0.02110 0.02954 0.07173 0.08439 0.01266 0.08861 0.07173 0.06329 0.01266 0.02110 0.05485 0.05907 0.05063 0.00422 0.00844 0.10127
GNM13928                       0.07173 0.04641 0.03797 0.08861 0.02110 0.03376 0.06751 0.08439 0.00844 0.08439 0.07595 0.06329 0.01266 0.02532 0.05907 0.04219 0.06751 0.00422 0.01266 0.09283
GNM13297                       0.08439 0.05485 0.01688 0.09283 0.00422 0.02532 0.06329 0.07595 0.01266 0.07173 0.08017 0.06329 0.02110 0.03797 0.05907 0.05063 0.07173 0.00000 0.02532 0.08861
GNM13455                       0.06329 0.04641 0.03797 0.08017 0.02110 0.02954 0.06751 0.09283 0.01266 0.09283 0.08017 0.06329 0.01688 0.02532 0.05907 0.06751 0.02954 0.00422 0.00844 0.10127
GNM14483                       0.09283 0.05485 0.03376 0.07173 0.00844 0.02954 0.07595 0.05907 0.00422 0.08861 0.07173 0.05063 0.03376 0.01266 0.05485 0.05063 0.08439 0.00000 0.01688 0.10549
GNM14872                       0.09746 0.05085 0.02119 0.05932 0.00847 0.02542 0.11441 0.07203 0.00847 0.08475 0.07203 0.06356 0.02119 0.02119 0.04661 0.04661 0.06356 0.00000 0.01695 0.10593
GNM13855                       0.06329 0.04219 0.02532 0.06329 0.00422 0.02532 0.09705 0.07595 0.00422 0.08861 0.08439 0.06329 0.02110 0.02954 0.05485 0.08017 0.06329 0.00000 0.01688 0.09705
GNM14445                       0.08861 0.03376 0.03376 0.05063 0.00844 0.01688 0.07595 0.07173 0.00000 0.09705 0.08861 0.09283 0.01688 0.02954 0.05063 0.05063 0.08017 0.00422 0.01688 0.09283
GNM14404                       0.09322 0.09322 0.02119 0.06356 0.01695 0.02119 0.08475 0.05932 0.01271 0.12288 0.09322 0.02966 0.02966 0.02119 0.05932 0.03390 0.04661 0.00000 0.02119 0.07627
GNM14545                       0.09322 0.09322 0.02119 0.06356 0.01695 0.02119 0.08475 0.05932 0.01271 0.12288 0.09322 0.02966 0.02966 0.02119 0.05932 0.03390 0.04661 0.00000 0.02119 0.07627
GNM14366                       0.06329 0.05063 0.02954 0.08861 0.02532 0.02532 0.06329 0.08861 0.00000 0.10970 0.07173 0.07173 0.02110 0.02110 0.06329 0.05485 0.05063 0.00422 0.00844 0.08861
GNM14252                       0.07173 0.04641 0.03376 0.08861 0.02110 0.02954 0.07173 0.08439 0.01266 0.09705 0.06751 0.06751 0.01266 0.02110 0.05907 0.05485 0.04641 0.00422 0.00844 0.10127
GNM13760                       0.05907 0.05063 0.03797 0.09283 0.02110 0.03797 0.06329 0.08861 0.01688 0.08439 0.08017 0.05907 0.01266 0.02954 0.05907 0.04641 0.05485 0.00422 0.00844 0.09283
GNM13982                       0.07173 0.04641 0.02954 0.08439 0.02110 0.03797 0.07173 0.07595 0.00844 0.10127 0.06329 0.07595 0.02532 0.02532 0.06751 0.05063 0.05907 0.00000 0.00844 0.07595
GNM13960                       0.06329 0.05485 0.02110 0.09705 0.01266 0.02954 0.05907 0.08017 0.01266 0.11392 0.08017 0.06329 0.01688 0.02954 0.06329 0.06751 0.05063 0.00422 0.00422 0.07595
GNM14633                       0.07595 0.05063 0.02954 0.08861 0.02110 0.02954 0.07595 0.07595 0.01266 0.09705 0.07173 0.06751 0.02532 0.02110 0.05907 0.05063 0.06329 0.00000 0.01266 0.07173
GNM14853                       0.07595 0.05063 0.02532 0.08861 0.02110 0.02954 0.07595 0.08017 0.01266 0.09705 0.06751 0.06751 0.02532 0.02110 0.05907 0.05485 0.06329 0.00000 0.00844 0.07595
GNM14174                       0.08861 0.04641 0.05063 0.05485 0.01266 0.02532 0.09283 0.07173 0.00422 0.08861 0.09705 0.08439 0.01688 0.02532 0.05907 0.02532 0.05063 0.00844 0.01688 0.08017
GNM14748                       0.06751 0.03797 0.02954 0.09283 0.02532 0.03797 0.06329 0.08439 0.00844 0.07173 0.08017 0.06329 0.02110 0.02110 0.05907 0.05485 0.05907 0.00422 0.01688 0.10127
GNM14246                       0.09705 0.06751 0.02954 0.05485 0.00844 0.02532 0.08439 0.07173 0.00844 0.08017 0.10127 0.07173 0.01688 0.02532 0.05063 0.02954 0.03797 0.00422 0.02110 0.11392
GNM14640                       0.07595 0.05907 0.03376 0.05063 0.00844 0.02532 0.09283 0.07173 0.00844 0.08861 0.10127 0.07595 0.02532 0.02954 0.05063 0.03376 0.04641 0.00422 0.01688 0.10127
GNM14965                       0.10549 0.05485 0.03376 0.05485 0.00422 0.02110 0.10127 0.07173 0.00422 0.08439 0.09283 0.05485 0.01688 0.02110 0.05063 0.07173 0.05063 0.00422 0.01266 0.08861
GNM13677                       0.06329 0.05485 0.02532 0.05063 0.00844 0.01266 0.08017 0.06329 0.00000 0.08439 0.10127 0.08017 0.03376 0.02110 0.06329 0.05907 0.04641 0.00000 0.04219 0.10970
GNM14339                       0.05907 0.04219 0.02532 0.08017 0.00422 0.02532 0.06751 0.07595 0.00422 0.09283 0.12236 0.05063 0.02532 0.01688 0.06751 0.05907 0.04641 0.00422 0.04641 0.08439
GNM14593                       0.07173 0.05063 0.02110 0.07595 0.00844 0.01688 0.07595 0.06329 0.00844 0.13080 0.12236 0.07173 0.00844 0.02532 0.05485 0.05485 0.05063 0.00000 0.03797 0.05063
GNM13825                       0.08861 0.07173 0.01688 0.08017 0.00422 0.03797 0.06329 0.06751 0.00422 0.05063 0.13502 0.03376 0.01688 0.01688 0.06751 0.04641 0.05063 0.00422 0.03797 0.10549
GNM14768                       0.06751 0.05907 0.01266 0.07595 0.00844 0.02110 0.08017 0.08439 0.00000 0.08861 0.13080 0.05907 0.01688 0.03376 0.06329 0.05485 0.04641 0.00000 0.02532 0.07173
GNM14776                       0.06751 0.05485 0.01266 0.07595 0.00844 0.02110 0.08017 0.08439 0.00000 0.08861 0.13080 0.06329 0.01688 0.03376 0.06329 0.05485 0.04641 0.00000 0.02532 0.07173
GNM14715                       0.09705 0.05485 0.04641 0.06751 0.00844 0.02110 0.05907 0.07173 0.00000 0.08439 0.07595 0.05063 0.03797 0.01266 0.05907 0.06751 0.06751 0.00000 0.01688 0.10127
GNM14639                       0.05063 0.04219 0.03797 0.06329 0.00844 0.02954 0.07595 0.07173 0.00000 0.10127 0.09705 0.05907 0.02110 0.04641 0.05063 0.08439 0.05485 0.00000 0.01266 0.09283
GNM13795                       0.07173 0.04219 0.02532 0.09705 0.02110 0.03797 0.06329 0.08439 0.00844 0.08017 0.08017 0.05907 0.02110 0.02110 0.05907 0.05485 0.05485 0.00422 0.01688 0.09705
GNM14166                       0.05485 0.04641 0.03376 0.08017 0.02110 0.03797 0.06751 0.08861 0.00422 0.11392 0.08861 0.07173 0.01688 0.01688 0.05485 0.05485 0.06329 0.00000 0.01266 0.07173
GNM13993                       0.07143 0.03361 0.03782 0.09244 0.01261 0.00840 0.08824 0.07983 0.00000 0.10504 0.07143 0.06723 0.02101 0.02521 0.04622 0.07983 0.06723 0.00420 0.02521 0.06303
GNM14450                       0.08439 0.05063 0.04219 0.05907 0.00844 0.02532 0.08017 0.08861 0.01266 0.09283 0.07595 0.06329 0.02532 0.01266 0.04641 0.04219 0.08017 0.00000 0.01688 0.09283
GNM13745                       0.07595 0.05063 0.03376 0.07595 0.01688 0.01688 0.08861 0.07595 0.00422 0.12658 0.07595 0.06751 0.01688 0.04641 0.05063 0.07595 0.04219 0.00000 0.00844 0.05063
GNM14030                       0.04641 0.03797 0.03797 0.07595 0.00844 0.02532 0.08017 0.07173 0.00422 0.12236 0.06751 0.08017 0.01688 0.03376 0.05063 0.08017 0.07173 0.00000 0.02110 0.06751
GNM14959                       0.07595 0.04219 0.07173 0.06751 0.00000 0.01266 0.05485 0.07173 0.01266 0.09283 0.08861 0.06329 0.02110 0.02532 0.04641 0.05063 0.05907 0.00844 0.02110 0.11392
GNM13413                       0.06329 0.06751 0.03376 0.06329 0.00422 0.02532 0.07173 0.08439 0.00844 0.08017 0.11392 0.04219 0.02110 0.02532 0.06751 0.05485 0.04219 0.00422 0.01688 0.10970
GNM14971                       0.06751 0.05485 0.02110 0.09705 0.01266 0.02954 0.05907 0.08017 0.01688 0.11814 0.07595 0.06329 0.01688 0.03376 0.05907 0.06329 0.04641 0.00422 0.00422 0.07595
GNM14990                       0.06751 0.05485 0.02110 0.09705 0.01266 0.02954 0.05907 0.08017 0.01266 0.11814 0.08017 0.06329 0.01688 0.02954 0.06329 0.06329 0.04641 0.00422 0.00422 0.07595
GNM15005                       0.06751 0.05485 0.02110 0.09705 0.01266 0.02954 0.05907 0.08017 0.01266 0.11814 0.07595 0.06329 0.01688 0.03376 0.06329 0.06329 0.04641 0.00422 0.00422 0.07595
GNM14992                       0.06329 0.05485 0.02110 0.09283 0.01266 0.03376 0.05485 0.08861 0.01266 0.11392 0.08439 0.06329 0.01266 0.02532 0.06329 0.06751 0.05063 0.00422 0.00422 0.07595
GNM15013                       0.06329 0.05485 0.02110 0.09705 0.01266 0.02954 0.05907 0.08017 0.01266 0.11814 0.08439 0.06329 0.01688 0.02954 0.05907 0.06751 0.04641 0.00422 0.00422 0.07595
GNM15014                       0.07173 0.05485 0.01688 0.10127 0.01266 0.02954 0.05907 0.08017 0.01266 0.10970 0.07595 0.06329 0.01266 0.03376 0.06329 0.06329 0.05063 0.00422 0.00422 0.08017
GNM14976                       0.07595 0.05485 0.02110 0.09705 0.01688 0.02954 0.05907 0.08017 0.01266 0.12236 0.08017 0.06329 0.01266 0.02954 0.06329 0.05485 0.04641 0.00422 0.00422 0.07173
GNM15017                       0.07879 0.06061 0.01818 0.09091 0.01212 0.03030 0.05455 0.07879 0.02424 0.08485 0.09091 0.06061 0.02424 0.02424 0.06667 0.05455 0.04242 0.00606 0.01212 0.08485
GNM14999                       0.08458 0.04478 0.02488 0.07960 0.01990 0.02985 0.05970 0.08458 0.01493 0.10945 0.06468 0.04975 0.01493 0.03980 0.06468 0.06468 0.05473 0.00498 0.00498 0.08458
GNM15018                       0.07595 0.05063 0.03376 0.09283 0.02110 0.02954 0.07173 0.08439 0.01266 0.08861 0.07173 0.06329 0.01266 0.02110 0.05485 0.05907 0.04219 0.00422 0.00844 0.10127
GNM15024                       0.07595 0.05063 0.03376 0.09283 0.02110 0.02954 0.07173 0.08439 0.01266 0.08861 0.07173 0.06329 0.01266 0.02110 0.05485 0.05907 0.04219 0.00422 0.00844 0.10127
GNM14980                       0.07595 0.05063 0.03376 0.09283 0.02110 0.02954 0.07173 0.08439 0.01266 0.08861 0.07173 0.06329 0.01266 0.02110 0.05485 0.05907 0.04219 0.00422 0.00844 0.10127
GNM15000                       0.07595 0.05063 0.03376 0.09283 0.02110 0.02954 0.07173 0.08439 0.01266 0.08861 0.07173 0.06329 0.01266 0.02110 0.05485 0.05907 0.04219 0.00422 0.00844 0.10127
GNM15026                       0.06751 0.05063 0.02954 0.08861 0.01688 0.02532 0.06329 0.08861 0.00844 0.10970 0.07595 0.05907 0.02954 0.03376 0.05907 0.06329 0.05063 0.00422 0.00422 0.07173
GNM15019                       0.06751 0.04641 0.02532 0.10127 0.02110 0.02954 0.06329 0.08861 0.02110 0.07173 0.08017 0.05907 0.02110 0.02110 0.05485 0.05063 0.05907 0.00422 0.01266 0.10127
GNM15028                       0.06751 0.05485 0.02110 0.09283 0.01688 0.02954 0.05907 0.08439 0.01266 0.10970 0.08017 0.05907 0.01688 0.03376 0.05907 0.05907 0.05907 0.00422 0.00422 0.07595
GNM15003                       0.07173 0.05485 0.02110 0.09705 0.01688 0.02954 0.05907 0.08017 0.01266 0.12236 0.08017 0.06329 0.01266 0.02954 0.06329 0.05485 0.04641 0.00422 0.00422 0.07595
GNM11003                       0.06329 0.04219 0.02954 0.07595 0.00422 0.01266 0.07595 0.06329 0.00422 0.07173 0.12658 0.07595 0.00844 0.01688 0.05907 0.06329 0.06329 0.00844 0.02954 0.10549
GNM11023                       0.08439 0.05907 0.02532 0.06329 0.00000 0.01266 0.08017 0.07595 0.00844 0.06329 0.10127 0.05907 0.01688 0.02110 0.05485 0.04219 0.05907 0.01266 0.02532 0.13502
GNM11055                       0.06751 0.05485 0.03376 0.10127 0.00000 0.01266 0.09283 0.06329 0.00422 0.06751 0.10549 0.06751 0.01266 0.02532 0.05907 0.05063 0.04219 0.00422 0.01688 0.11814
GNM11146                       0.06751 0.06329 0.06329 0.07595 0.00000 0.01266 0.06329 0.05907 0.00844 0.10127 0.10127 0.04641 0.02110 0.02110 0.07173 0.05485 0.05485 0.00422 0.02954 0.08017
GNM11220                       0.07173 0.07173 0.02532 0.08439 0.01688 0.01688 0.05907 0.06329 0.00422 0.09705 0.11392 0.04219 0.00422 0.03376 0.06329 0.07595 0.03376 0.00000 0.00844 0.11392
GNM11222                       0.08861 0.03376 0.02954 0.05063 0.00422 0.01688 0.08861 0.07595 0.00844 0.09705 0.10970 0.07173 0.01688 0.02532 0.05907 0.05907 0.06329 0.00000 0.02110 0.08017
GNM11223                       0.07595 0.07173 0.03797 0.04641 0.00844 0.01688 0.10127 0.08861 0.00422 0.09705 0.10127 0.05063 0.01688 0.03376 0.04641 0.04641 0.04219 0.00422 0.01688 0.09283
GNM11224                       0.09705 0.07595 0.03376 0.04219 0.00844 0.01688 0.10127 0.08439 0.00422 0.09283 0.10127 0.05063 0.01688 0.03376 0.04219 0.04641 0.03376 0.00422 0.01688 0.09705
GNM11225                       0.08439 0.06329 0.02110 0.06329 0.00844 0.02954 0.08017 0.08439 0.00422 0.10970 0.09705 0.06329 0.01688 0.02954 0.05063 0.05485 0.04641 0.00422 0.01266 0.07595
GNM11358                       0.06751 0.04641 0.02954 0.05907 0.00422 0.02954 0.10127 0.07595 0.00422 0.09283 0.08017 0.05485 0.02532 0.03376 0.05485 0.07595 0.05485 0.00000 0.01688 0.09283
GNM11360                       0.06329 0.04641 0.03797 0.08017 0.02110 0.02954 0.06751 0.09283 0.01266 0.08861 0.08017 0.06751 0.01688 0.02532 0.05907 0.06751 0.02954 0.00422 0.00844 0.10127
GNM11362                       0.10549 0.05907 0.02954 0.07173 0.00844 0.02110 0.07595 0.07595 0.00422 0.07595 0.10127 0.05485 0.03376 0.02110 0.05063 0.06329 0.03797 0.00000 0.02110 0.08861
GNM11367                       0.07173 0.04641 0.02954 0.08439 0.02110 0.03797 0.07173 0.07595 0.00844 0.10127 0.06329 0.07595 0.02532 0.02532 0.06751 0.05063 0.05907 0.00000 0.00844 0.07595
GNM11377                       0.09322 0.04661 0.02119 0.05932 0.00847 0.02542 0.11441 0.07627 0.00847 0.08051 0.07203 0.06780 0.02542 0.02119 0.04661 0.04237 0.06356 0.00000 0.01695 0.11017
GNM11380                       0.06329 0.05063 0.02954 0.08017 0.02110 0.03376 0.07595 0.08439 0.00422 0.11392 0.08439 0.06751 0.01688 0.02110 0.05907 0.05063 0.05907 0.00422 0.00844 0.07173
GNM11383                       0.07595 0.04641 0.02110 0.10549 0.02532 0.02954 0.05485 0.08861 0.00000 0.08439 0.08861 0.08017 0.02110 0.02110 0.06751 0.05063 0.04219 0.00422 0.00844 0.08439
GNM11491                       0.09283 0.06751 0.02954 0.08439 0.01688 0.01266 0.06329 0.08017 0.01688 0.09705 0.08017 0.05907 0.01266 0.02110 0.05907 0.05063 0.05485 0.00422 0.00422 0.09283
GNM11804                       0.09283 0.05063 0.03797 0.07173 0.00422 0.01688 0.11392 0.05907 0.00000 0.10549 0.10970 0.06329 0.00422 0.02532 0.05907 0.04219 0.04219 0.00844 0.01266 0.08017
GNM11805                       0.06751 0.05485 0.03376 0.07173 0.00422 0.01266 0.08861 0.07595 0.00844 0.10549 0.06751 0.07173 0.02954 0.02954 0.04641 0.07173 0.05063 0.00422 0.01688 0.08861
GNM12883                       0.09322 0.05932 0.02119 0.06356 0.00847 0.02966 0.09322 0.07627 0.01695 0.07627 0.08898 0.05932 0.01695 0.02966 0.05085 0.05508 0.04661 0.00000 0.01271 0.10169
GNM12886                       0.11017 0.05085 0.01695 0.07627 0.00847 0.02542 0.09322 0.07203 0.01271 0.07627 0.08898 0.05932 0.02119 0.02542 0.04661 0.04661 0.06356 0.00424 0.01271 0.08898
GNM12892                       0.10549 0.05485 0.03376 0.05063 0.00422 0.02110 0.10549 0.07173 0.00422 0.08017 0.09283 0.05485 0.01688 0.02110 0.05485 0.06751 0.05063 0.00422 0.01266 0.09283
GNM12895                       0.08772 0.04386 0.04386 0.06140 0.00877 0.02193 0.07895 0.09211 0.00877 0.08772 0.07456 0.06579 0.02632 0.01316 0.04825 0.04386 0.08333 0.00000 0.01754 0.09211
GNM13060                       0.06751 0.03797 0.03797 0.07173 0.00422 0.01688 0.07173 0.08861 0.00844 0.09705 0.08439 0.06329 0.02110 0.02532 0.05485 0.04641 0.05485 0.00422 0.03376 0.10970
GNM13061                       0.09705 0.04641 0.02110 0.07173 0.00422 0.01688 0.07595 0.09283 0.00422 0.10970 0.07595 0.05907 0.02110 0.02954 0.04641 0.05063 0.06329 0.00422 0.02532 0.08439
GNM13064                       0.07143 0.03361 0.03782 0.09244 0.01261 0.00840 0.08824 0.07983 0.00000 0.10504 0.07143 0.06723 0.02101 0.02521 0.04622 0.07983 0.06723 0.00420 0.02521 0.06303
GNM11034                       0.08439 0.05907 0.02110 0.07173 0.00422 0.03797 0.07173 0.06751 0.00422 0.06329 0.12236 0.05063 0.01266 0.01688 0.06751 0.04641 0.05063 0.00422 0.03797 0.10549
GNM11363                       0.10549 0.05907 0.02954 0.07173 0.00844 0.02110 0.07595 0.07595 0.00422 0.07595 0.10127 0.05485 0.03376 0.02110 0.05063 0.06329 0.03797 0.00000 0.02110 0.08861
GNM11375                       0.05907 0.05063 0.03797 0.08861 0.02110 0.03797 0.06751 0.08861 0.01688 0.08439 0.08017 0.05907 0.01266 0.02954 0.05485 0.04641 0.05907 0.00422 0.00844 0.09283
GNM11381                       0.07173 0.04641 0.03376 0.09283 0.02532 0.02532 0.05907 0.09283 0.00422 0.10127 0.07595 0.08017 0.01266 0.02110 0.06751 0.04219 0.04641 0.00000 0.01266 0.08861
GNM11382                       0.06329 0.05485 0.02954 0.10127 0.02532 0.02110 0.06329 0.07595 0.00422 0.09283 0.08017 0.06751 0.01688 0.02532 0.06329 0.04641 0.05907 0.00422 0.00844 0.09705
GNM11799                       0.06751 0.04641 0.02954 0.09705 0.01266 0.03376 0.05063 0.08017 0.01266 0.11814 0.08017 0.06751 0.02110 0.02532 0.06329 0.06329 0.04641 0.00422 0.00422 0.07595
GNM12125                       0.11392 0.05485 0.02110 0.06751 0.00000 0.01266 0.06751 0.05485 0.01688 0.05485 0.12236 0.05485 0.02110 0.01688 0.06329 0.02954 0.07173 0.00422 0.02532 0.12658
GNM12126                       0.08017 0.05063 0.03376 0.07595 0.00000 0.00844 0.07595 0.07173 0.00844 0.05063 0.15190 0.07173 0.01266 0.02954 0.05907 0.03797 0.03797 0.00844 0.02110 0.11392
GNM12128                       0.08439 0.02954 0.05485 0.06751 0.00000 0.01266 0.06329 0.07173 0.00844 0.12658 0.10127 0.06751 0.01266 0.02954 0.06329 0.05485 0.03376 0.00844 0.02954 0.08017
GNM12182                       0.08017 0.02954 0.02532 0.07173 0.00422 0.02110 0.08017 0.07595 0.00000 0.06329 0.10970 0.07595 0.00844 0.02110 0.05907 0.07595 0.04219 0.00844 0.02954 0.11814
GNM12346                       0.09283 0.04641 0.03797 0.07173 0.00844 0.02532 0.06329 0.09283 0.01266 0.09705 0.08439 0.05907 0.01688 0.02110 0.05907 0.06329 0.04219 0.00422 0.00844 0.09283
GNM12351                       0.08439 0.05063 0.04641 0.07173 0.00844 0.02110 0.08439 0.08861 0.00422 0.09283 0.10970 0.05063 0.01688 0.02954 0.03797 0.07173 0.04641 0.00422 0.00844 0.07173
GNM12551                       0.09283 0.06329 0.02532 0.06751 0.01688 0.00844 0.12658 0.07173 0.02110 0.06751 0.10549 0.02954 0.01266 0.02532 0.05485 0.05063 0.03797 0.00422 0.00844 0.10970
GNM12592                       0.08861 0.05907 0.02532 0.07595 0.01266 0.02110 0.07595 0.08439 0.00422 0.10549 0.08439 0.04641 0.01688 0.02954 0.06751 0.04641 0.03797 0.00422 0.02110 0.09283
GNM12596                       0.08439 0.03376 0.03376 0.06751 0.01266 0.02532 0.08017 0.08017 0.00422 0.10127 0.09705 0.06329 0.03376 0.02532 0.04641 0.05485 0.05907 0.00422 0.01266 0.08017
GNM12602                       0.08861 0.03376 0.02954 0.07173 0.00844 0.02532 0.08017 0.07595 0.00422 0.09283 0.08439 0.06751 0.03376 0.02110 0.05485 0.05907 0.05485 0.00422 0.01688 0.09283
GNM12665                       0.08439 0.03376 0.03797 0.06751 0.01266 0.02532 0.08017 0.07595 0.00422 0.10127 0.09283 0.06329 0.03797 0.02532 0.05063 0.05485 0.05907 0.00422 0.01266 0.07595
GNM12745                       0.07173 0.03376 0.05485 0.06329 0.02954 0.01688 0.05063 0.05485 0.00844 0.11392 0.07595 0.08017 0.02532 0.03797 0.03376 0.08017 0.06751 0.00422 0.01688 0.08017
GNM12758                       0.06329 0.05485 0.02532 0.06751 0.01688 0.01688 0.09283 0.06751 0.00844 0.11392 0.10549 0.04641 0.02532 0.02532 0.06329 0.06751 0.05485 0.00422 0.00844 0.07173
GNM12763                       0.05907 0.04219 0.04219 0.07173 0.01688 0.01266 0.08439 0.07173 0.00844 0.11392 0.11814 0.06751 0.02954 0.02954 0.05485 0.07173 0.03797 0.00422 0.00844 0.05485
GNM12849                       0.06751 0.04641 0.04641 0.08439 0.02110 0.02954 0.06329 0.08861 0.01266 0.09283 0.08017 0.06751 0.01688 0.02532 0.05907 0.04641 0.05063 0.00422 0.00844 0.08861
GNM12869                       0.06751 0.05063 0.03797 0.09283 0.02110 0.02954 0.07173 0.08861 0.01266 0.08861 0.07173 0.05907 0.01266 0.02110 0.05485 0.06329 0.04641 0.00422 0.00844 0.09705
GNM12896                       0.06329 0.05907 0.02954 0.08861 0.02110 0.03376 0.06329 0.08439 0.00422 0.11392 0.08439 0.06329 0.02110 0.02110 0.06329 0.05485 0.05063 0.00000 0.01266 0.06751
GNM12897                       0.05063 0.04219 0.02954 0.07595 0.02110 0.03797 0.08017 0.08439 0.00422 0.10970 0.07595 0.07173 0.02110 0.02110 0.06751 0.05485 0.05485 0.00000 0.01266 0.08439
GNM12902                       0.08439 0.07173 0.03797 0.07595 0.00000 0.01266 0.07595 0.08017 0.00844 0.12236 0.05063 0.05485 0.04219 0.03376 0.05485 0.05063 0.04219 0.00422 0.01688 0.08017
GNM12903                       0.09322 0.05508 0.03814 0.06780 0.00424 0.02542 0.06780 0.08051 0.01271 0.05932 0.10593 0.05508 0.00000 0.03814 0.05085 0.03390 0.04661 0.00424 0.02966 0.13136
GNM12906                       0.11441 0.05508 0.02966 0.07203 0.00424 0.02542 0.07203 0.07203 0.01271 0.04661 0.11017 0.05932 0.00000 0.02966 0.05085 0.04237 0.04661 0.00424 0.02966 0.12288
GNM12907                       0.11864 0.05508 0.02542 0.06780 0.00424 0.02966 0.07203 0.07203 0.01271 0.05508 0.11017 0.05508 0.00424 0.03390 0.05085 0.03814 0.03390 0.00424 0.02966 0.12712
GNM12909                       0.09322 0.05085 0.02119 0.06356 0.00424 0.02542 0.08051 0.07627 0.01271 0.08475 0.09746 0.06356 0.00424 0.03390 0.05085 0.03390 0.05508 0.00424 0.02542 0.11864
GNM12915                       0.08017 0.05063 0.02954 0.06329 0.00000 0.00844 0.09283 0.08017 0.01688 0.10549 0.08861 0.05907 0.02954 0.02532 0.06329 0.03376 0.05063 0.00000 0.00844 0.11392
GNM10046                       0.08439 0.05485 0.03797 0.05907 0.00000 0.00844 0.09283 0.08017 0.01266 0.09705 0.09705 0.05485 0.02954 0.02532 0.05907 0.02532 0.05485 0.00000 0.01688 0.10970
GNM12918                       0.07595 0.05063 0.02954 0.05907 0.00000 0.00844 0.10127 0.08439 0.01688 0.10127 0.08861 0.05485 0.02954 0.02532 0.06329 0.02954 0.05907 0.00000 0.00844 0.11392
GNM12931                       0.05063 0.05485 0.03797 0.06751 0.00000 0.01688 0.07595 0.06329 0.01688 0.11814 0.10127 0.06751 0.02532 0.02532 0.07173 0.03376 0.05485 0.00422 0.01688 0.09705
GNM12938                       0.07595 0.02954 0.04219 0.07173 0.00422 0.01688 0.07173 0.05907 0.00000 0.05907 0.12658 0.09283 0.01266 0.01688 0.05485 0.05485 0.05907 0.00844 0.04219 0.10127
GNM12996                       0.06751 0.02532 0.02954 0.08861 0.00422 0.02110 0.06329 0.05485 0.00000 0.05907 0.13502 0.09705 0.01266 0.01266 0.05063 0.05907 0.06751 0.00844 0.04219 0.10127
GNM13018                       0.07173 0.02532 0.02954 0.08861 0.00422 0.02110 0.06329 0.05485 0.00000 0.06751 0.13080 0.09705 0.01266 0.01266 0.05063 0.05907 0.05907 0.00844 0.04219 0.10127
GNM13027                       0.08017 0.03376 0.04219 0.06751 0.00422 0.02110 0.07595 0.05907 0.00000 0.04641 0.12658 0.08439 0.00844 0.02110 0.05063 0.06751 0.04641 0.00844 0.03376 0.12236
GNM13046                       0.07595 0.05907 0.03376 0.09705 0.02532 0.03797 0.06329 0.08439 0.00844 0.10970 0.06329 0.05485 0.01688 0.02532 0.07173 0.03376 0.05907 0.00422 0.00844 0.06751
GNM13053                       0.10127 0.04219 0.03797 0.06329 0.00844 0.02110 0.07173 0.08439 0.00422 0.08861 0.10127 0.05907 0.02532 0.01688 0.05063 0.03797 0.06751 0.00000 0.01688 0.10127
GNM13074                       0.06751 0.03797 0.02532 0.07173 0.00000 0.01688 0.09705 0.07595 0.01266 0.08861 0.10549 0.07595 0.02532 0.02110 0.06329 0.04219 0.04219 0.00422 0.00844 0.11814
GNM10010                       0.07173 0.06329 0.01688 0.07595 0.00000 0.00844 0.09283 0.08439 0.01266 0.09283 0.09705 0.05485 0.02954 0.03376 0.05907 0.03797 0.05907 0.00422 0.00844 0.09705
GNM10014                       0.08017 0.05485 0.02954 0.07173 0.00000 0.01266 0.09283 0.08439 0.01688 0.08861 0.10127 0.05485 0.02110 0.02532 0.05907 0.04219 0.04219 0.00422 0.00844 0.10970
GNM13090                       0.07595 0.04641 0.02954 0.07173 0.00000 0.00844 0.09283 0.08439 0.01266 0.08439 0.10549 0.06329 0.03376 0.01688 0.05907 0.05063 0.02954 0.00422 0.00844 0.12236
GNM13118                       0.10970 0.05485 0.01266 0.06751 0.00844 0.01688 0.07595 0.08017 0.00422 0.08017 0.10127 0.06751 0.00422 0.03797 0.06329 0.05907 0.04219 0.00422 0.02110 0.08861
GNM13126                       0.08036 0.05804 0.03571 0.06250 0.00893 0.01339 0.07589 0.08482 0.00446 0.08482 0.07143 0.07143 0.02232 0.03125 0.06250 0.04464 0.05804 0.00446 0.01786 0.10714
GNM13128                       0.06751 0.06329 0.03797 0.06751 0.01266 0.01266 0.06751 0.08017 0.00422 0.10549 0.07173 0.06751 0.02110 0.02954 0.05907 0.04641 0.06329 0.00422 0.02110 0.09705
GNM13208                       0.06356 0.07203 0.03814 0.08051 0.00000 0.03390 0.05508 0.06356 0.00847 0.09322 0.11864 0.03390 0.00847 0.02542 0.05085 0.07627 0.05085 0.00424 0.02542 0.09746
GNM13210                       0.08017 0.03797 0.02532 0.06751 0.00422 0.02954 0.07173 0.08017 0.01688 0.10549 0.09705 0.07173 0.02110 0.02954 0.05907 0.04219 0.03797 0.00422 0.02110 0.09705
GNM12773                       0.08861 0.04219 0.03797 0.04641 0.00844 0.02954 0.09283 0.08017 0.00844 0.07595 0.09283 0.08439 0.03376 0.02954 0.04219 0.05485 0.05063 0.00422 0.02110 0.07595
GNM12769                       0.05907 0.03797 0.04219 0.07595 0.00422 0.01688 0.08861 0.07173 0.01266 0.10549 0.09705 0.08439 0.01688 0.02954 0.04219 0.08439 0.05063 0.00000 0.00422 0.07595

Homogeneity statistic: X2 = 7.88541 G = 8.24253 

Average                        0.07759 0.05098 0.03097 0.07609 0.01097 0.02343 0.07603 0.07743 0.00857 0.09292 0.09089 0.06313 0.01938 0.02565 0.05696 0.05434 0.05213 0.00346 0.01667 0.09239
(Ambiguity characters are used to calculate freqs.)


# constant sites:     15 (6.22%)

TREE #  1:  ((((((((43, 134), 119), (62, 93)), 94), 95), (((121, 122), (96, 61)), (120, 123))), ((((((113, 112), 115), 114), 133), (64, 42)), 130)), (((((((((((((((((((((45, 46), 44), (48, 20)), 50), (59, 60)), 52), ((47, 49), 92)), 57), 51), ((73, 19), (22, 21))), ((((((((56, 54), 55), 53), 108), (17, 6)), (((58, (24, 36)), (7, 5)), (89, 18))), ((9, 71), 107)), 77)), 124), (((90, 76), 16), 91)), (((109, 75), 110), 37)), (((((81, 4), 80), (74, 11)), (27, 82)), (12, 70))), (83, 39)), (88, 72)), (((((38, 86), 41), 40), (13, 125)), (34, 10))), ((((1, 84), 85), (8, 2)), 35)), ((((32, 33), 30), (3, 28)), ((87, 31), 29))), (((((26, 25), (135, 23)), ((67, 68), 69)), (136, 66)), ((15, 14), 65))), (((((((((103, 101), 102), 98), 100), 97), (63, 78)), ((132, 131), (79, 111))), (((104, 105), 106), 99)), ((((127, 128), 129), 126), ((118, 116), 117))));   MP score: -1
lnL(ntime:269  np:270): -25088.273616      +0.000000
 137..138 138..139 139..140 140..141 141..142 142..143 143..144 144..43  144..134 143..119 142..145 145..62  145..93  141..94  140..95  139..146 146..147 147..148 148..121 148..122 147..149 149..96  149..61  146..150 150..120 150..123 138..151 151..152 152..153 153..154 154..155 155..156 156..113 156..112 155..115 154..114 153..133 152..157 157..64  157..42  151..130 137..158 158..159 159..160 160..161 161..162 162..163 163..164 164..165 165..166 166..167 167..168 168..169 169..170 170..171 171..172 172..173 173..174 174..175 175..176 176..177 177..178 178..45  178..46  177..44  176..179 179..48  179..20  175..50  174..180 180..59  180..60  173..52  172..181 181..182 182..47  182..49  181..92  171..57  170..51  169..183 183..184 184..73  184..19  183..185 185..22  185..21  168..186 186..187 187..188 188..189 189..190 190..191 191..192 192..193 193..56  193..54  192..55  191..53  190..108 189..194 194..17  194..6   188..195 195..196 196..197 197..58  197..198 198..24  198..36  196..199 199..7   199..5   195..200 200..89  200..18  187..201 201..202 202..9   202..71  201..107 186..77  167..124 166..203 203..204 204..205 205..90  205..76  204..16  203..91  165..206 206..207 207..208 208..109 208..75  207..110 206..37  164..209 209..210 210..211 211..212 212..213 213..81  213..4   212..80  211..214 214..74  214..11  210..215 215..27  215..82  209..216 216..12  216..70  163..217 217..83  217..39  162..218 218..88  218..72  161..219 219..220 220..221 221..222 222..223 223..38  223..86  222..41  221..40  220..224 224..13  224..125 219..225 225..34  225..10  160..226 226..227 227..228 228..229 229..1   229..84  228..85  227..230 230..8   230..2   226..35  159..231 231..232 232..233 233..234 234..32  234..33  233..30  232..235 235..3   235..28  231..236 236..237 237..87  237..31  236..29  158..238 238..239 239..240 240..241 241..242 242..26  242..25  241..243 243..135 243..23  240..244 244..245 245..67  245..68  244..69  239..246 246..136 246..66  238..247 247..248 248..15  248..14  247..65  137..249 249..250 250..251 251..252 252..253 253..254 254..255 255..256 256..257 257..103 257..101 256..102 255..98  254..100 253..97  252..258 258..63  258..78  251..259 259..260 260..132 260..131 259..261 261..79  261..111 250..262 262..263 263..264 264..104 264..105 263..106 262..99  249..265 265..266 266..267 267..268 268..127 268..128 267..129 266..126 265..269 269..270 270..118 270..116 269..117
 0.079366 0.063932 0.029450 0.034530 0.049915 0.219465 0.117588 0.203767 0.159430 0.195072 0.111092 0.314746 0.242415 0.385313 0.409234 0.285521 0.025984 0.135002 0.018981 0.006424 0.038463 0.092071 0.114489 0.038266 0.205345 0.076405 0.000000 0.137668 0.293146 0.154150 0.047232 0.025120 0.073621 0.056391 0.115072 0.078608 0.178629 0.176244 0.345502 0.314200 0.489967 0.017580 0.024307 0.123309 0.063712 0.054262 0.017871 0.050476 0.243687 0.095357 0.046194 0.017330 0.038347 0.055995 0.013885 0.038812 0.008879 0.021759 0.000000 0.010890 0.000000 0.000000 0.000000 0.003607 0.007235 0.003604 0.003613 0.003616 0.003620 0.000000 0.057049 0.000000 0.028365 0.010489 0.008129 0.030204 0.023098 0.024299 0.069105 0.070151 0.117680 0.044880 0.000000 0.000000 0.022186 0.004304 0.010800 0.068860 0.083700 0.041308 0.030689 0.000813 0.016098 0.000000 0.000000 0.000000 0.000000 0.000000 0.000000 0.011767 0.000000 0.027736 0.020264 0.034001 0.003271 0.079763 0.053957 0.028424 0.010761 0.018740 0.000000 0.031920 0.080222 0.039044 0.007299 0.000000 0.044532 0.031157 0.003640 0.000000 0.022106 0.159412 0.100636 0.061599 0.017051 0.030731 0.071525 0.039542 0.081752 0.070888 0.058439 0.011908 0.007031 0.039559 0.026618 0.059479 0.021952 0.141818 0.055319 0.063811 0.014940 0.043097 0.038583 0.032314 0.112675 0.088632 0.017351 0.007961 0.134809 0.008298 0.002293 0.120430 0.046228 0.015657 0.266827 0.000000 0.000000 0.216123 0.000000 0.000000 0.015386 0.069404 0.337291 0.037841 0.185386 0.000000 0.000000 0.163554 0.173145 0.107025 0.240149 0.138405 0.228634 0.140861 0.080813 0.048290 0.023728 0.187396 0.162332 0.042992 0.038094 0.153046 0.410693 0.000000 0.000000 0.429981 0.289229 0.033997 0.185439 0.191936 0.003714 0.000000 0.213292 0.341291 0.018305 0.015343 0.153622 0.303116 0.032562 0.033442 0.173009 0.011193 0.045176 0.148383 0.015950 0.077758 0.040865 0.112237 0.116459 0.213398 0.071666 0.088150 0.149926 0.027702 0.021868 0.112609 0.012810 0.452564 0.359457 0.124210 0.473987 0.000000 0.000000 0.405335 0.069699 0.041422 0.059912 0.110171 0.080172 0.020584 0.170360 0.202669 0.027140 0.019769 0.022518 0.035781 0.278592 0.287702 0.281419 0.139555 0.127818 0.144116 0.342490 0.113382 0.037040 0.019684 0.153584 0.176055 0.116117 0.009292 0.285091 0.053757 0.642003 0.138951 0.122231 0.425234 0.203131 0.065739 0.019055 0.018252 0.122668 0.090750 0.093251 0.066390 0.096171 0.013519 0.025408 0.030760 0.038356 1.097549
