
Printing out site pattern counts


       149        141  P

GNM13746                        ---------- ---------- AAAAADDDDD EEEEEEEEFF FFGGGGGHHI IIIIIIIKKK KKKKKKKKKK KKKLLLLLLL LLLLLLLLLL LLMMMMNNNN PPPPPPPPQQ QRRRRRRRSS SSTTTTTTTV VVVVVWYYYY Y
GNM13538                        -----AADEE GGLLMNPPRV AAAFLADELS EEEKKKQQFI KLGGGGGGRA FIIILLLAEE GKKKLQRRSS TYYDIKLLLL LLLLLMMMQV WYIMMRKKNS AEHKKPPRRR SKNRRRRRDK NQAALTTTTA IVVVVWDFLT T
GNM13671                        ----GAGGKY GQIYEREN-- AVVPVHKELS ADVEKREKLL LLAGGGGRNT FIILFILKEE KEKMVTKRAS -EPDPKLLLL LLLVYALLKI LFSMMMGIKN HTPKTPPRKK GIPKRRRRNT RKETIRRSVA FAIKLWNYIK Y
GNM13876                        ----GYGKAD GKIYEREN-- AAVSIRE-ED HERRETEKVV KLGGGGG-KT FEI-LVAKEK QEPKVTSKQS K-D-PQFLLL LLLFVI-LK- LYVMMS--G- HNVKDPP-KK G-NNAKRRST S-TTI-RHAA -ILL-W-YLK Y
GNM13680                        -----QGNEE GALLVDGV-- AVIQVEESAS GDKKNEEEFI ALGGGGNYNA FVVLVVLKAA GKKATIKKKS KRDKAKLILL LLLVYVILAL MYLMMGGPNA SDPKEPPPER TKPRRRRRSK AKDTITTTTA KIVKIWDEIK W
GNM14837                        -----QGKEQ GGLLVNKG-- AVVLAHAESS SERETENEFA AIAGGGGYKA FAVLIALKKT FTKTTLRKQS KRDAIKLLLL LLLLYVIMAL LYIMMLGKDG ADPKDPPKDR VQPRKKNRKS AAETITRQTG KCVTLWDYLK W
GNM14249                        -----QGKES GGLLINKG-- AVVLAHAESS EAREMETEFS SIAGGGGYKS FVVLIALKTH TKKNTLRKQS KRDALKLILL LLLLYVIMAL LYIMMLGKDS ADPKEPPKDK VQPRKKNRKS AEETITKQTA KCVKLWDYLK W
GNM13928                        -----QGKEL GGLLINKD-- AVVLAHAEAS SDREMETDFT ALAGGGGYQS FAVLIALKTH HKKVTLVKQS KRDPLKLILL LLLLYVIMAL LYIMMLGKDS ADPKDPPKDR IQPRKKRRKS AEETITKQTA KCIKLWDYLK W
GNM13297                        -----AADEE GGLLMNPPRV AAAFLADELS EEEKKKQQFI KLGGGGGGRA FIIILLLAEE GKKKLQRRSS TYYDIKLLLL LLLLLMMMQV WYIMMRKKNS AEHKKPPRRR SKNRRRRRDK NQAALTTTTA IVVVVWDFLT T
GNM14865                        ---KTEGGQH GKILQSED-G AVIVVDEEVD DAEETTEDIV VIAGGGEGNA HTVQFVAKQD GESTQVRRNR TEHDPELLII LLLVQLILAV LTRMMMESNE HSPRDPPDSS GDP-RRDQTG REATLTHETA PIVEVHWFIK V
GNM13455                        -----QGKDQ GGLLVNKG-- AVVLAHAAAS GDRETEIEFT TVAGGGGYKT FAVLIALKTT HKKTTLRKKS KRDALKLLLL LLLLYVVMAL LYIMMLGKDE ADPKDPPKDN SQPRKKNRKS AEATITKKVA KCVKLWDYLK W
GNM14938                        ----GDGRAY GGIAERPN-- AVVFLPNKCD KLIENADNFL PLAGGGGKRT LIVLLSLKTY GEKDVVKRAK KEKEPTLLLL ILVVLVPLKL LFVMVLNEGW HDPKPPP-ER GVRKRRRRES RAESLKRPTA TTVAFWVYVK Y
GNM14483                        -----EGAQS GSLLLNPS-- ACVALDGVVD DERPETEQFH ALGGGGGTKA FMLVVILLAK GERRMLRHKS KMVSIALLLV LLLVLVLLKL LALMTETKNS ADPKPPPTRK AKPRRRRNDS RKDALDRASA VSVALWSRMR F
GNM14872                        -----QGAED GSLLVDEA-- AVVQVEEAAS ADKKDEEDFI ALGGGGNYNA FIVVLVLKAT GKKATTKKKS KRDKAKLILL LLLVYVILAL MYLMMNGPNA SDPKDPPPER TKPRRRRRSK AKETITQTTA KIVKIWDVIK W
GNM13855                        -----QGNDE GSLLINRV-- AIVLIEEDSD GNKSDEEKFI EVGGGGNTHA FSVILVLKST GDKFSFKKKS KRHSVKVLLL LLFVYVLLDG LYMMMNSSNT NEPKEPPLER TKPRKKRRNK AKKTMSVTTI YIVRLWTIIK W
GNM14445                        -----QGGDA GNLLINPP-- AAINIDEESN PDEEKSNQFL TLGGGGSWNS FAVLIVLKKD GKKIILRRKQ KRETAKLILL LLLVFVLLDL LYLMMSGNSE STPKSPPPEK CKPRRKKNTS AKNTMQRMTA KTVKVWDQLR S
GNM14404                        ----GEG-DY GPILSWRR-- CVVHLDKDYG DDEERLKYFI LLGGGGGGRA YVILIVAKEE GKKSTTSRKK ESKDIDLLIL LLLLIILLAC FYVMMRGRNT HDPYDPPPKE GKPKRKHRTN RKGTITRTVA IVVKVYVWIR V
GNM14545                        ----GEG-DY GPILSWRR-- CVVHLDKDYG DDEERLKYFI LLGGGGGGRA YVILIVAKEE GKKSTTSRKK ESKDIDLLIL LLLLIILLAC FYVMMRGRNT HDPYDPPPKE GKPKRKHRTN RKGTITRTVA IVVKVYVWIR V
GNM14366                        -----EGGEQ GGLLINKA-- AIVTTHADTS NDREEEEEFI LFAGGGGYKS FTVIIILRSN KKKSTIKHKN KRDDARLLLL LLLVYVILSL MYIMMLGVNS SDPKDPPKNN QKPRKKSRKS AQETMTKQTA KVVKIWDYIR W
GNM14252                        -----QGKES GGLLVNKG-- AVVLAHAESS EDREMETEFS SIAGGGGYKS FAVLIALKTH TKKTTLRKQS KRDALKLILL LLLLYVIMAL LYIMMLGKDS ADPKEPPKDK VQPRKKNRKS AEETITKQTA KCVKLWDYLK W
GNM13760                        -----NGKEQ GGLLINKD-- AVVLAHAEAS SDRETETEFS AIAGGGGYKS FAVLIALKTH LKKTTLKKQS KRDPLKLILL LLLLYVIMAL LYIMMLGKDG ADPKEPPKDR IQPRKKRRKS AEETITRQTG KCVKLWDYLK W
GNM13982                        -----QGKEH GGLLVNKL-- AVVLAHEEAS EDKENEVEFV VLAGGGGYKA FTVLIALKST HKKSCTRSQT KREPLKLILL LLLIYVIMAI LYMMMLGTDS NDPKDPPKDR QKPRKKRRIS AAETITKTVA KVVKLWDYLK W
GNM13960                        -----QGKEH GGLLINKT-- AIVLTHIEST SDKERETEFI MLGGGGGYKS FIIIIALKTT QKKNTTRKQT KREAIKLLLL LLLLYVILSI MYMMMLGSDS SDPKEPPKDK QKPRKKRRKS AKETITRQTA RVVKLWDFLK W
GNM14633                        -----QGKEH GGLLVNKL-- AIVLAHEEAT EDKENEVEFI VLAGGGGYKA FTVLIALKTT HKKSTTVSQS KRETLKLILL LLLIYVIMSI LYMMMLGTDS NDPKDPPKDR QKPRKKRRKS AAETITRTVA KVVKLWDYLK W
GNM14853                        -----QGKEH GGLLVNKL-- AIVLAHEEAT EDKENEVEFI VLAGGGGYKA FTVLIALKTT HKKSTTVSQS KRETLKLILL LLLIYVIMSI LYMMMLGTDS NDPKDPPKDR QKPRKKRRKS AAETITRTVA KVVKLWDYLK W
GNM14174                        ----GAGGAY GSIAEREN-- AVVSINNEES EDKEEFASFI KLGGGGCGRT FVILLIARGE KKQETAKRQQ KRSDAKLLLL LLMIFMLLAV FFAMMLGERA HSPKPPPKKY GKDGRRRKRK KKATVTKTVA LAVAVWAYIK V
GNM14138                        ----GAGGAY GAIAEREN-- ASASIDNEFS DEKETLDSFL QLGGGGVDRT FVILLSVKED KDKEVNKRKN KRTNVGLLLL LLLLFLLLAA FYIMMMGIDV RSPKPPPDEQ GKDGRRRRRK RENTITRLTA LIILVWYCIK V
GNM14055                        -----QGKEH GGLLVNKT-- AVVLTHVEST EDRENETEFI ILGGGGGYNS FIVIIALKTT QKKSTTRKQA KREDIKLLLL LLLIFIILSV MYMMMLGSDS SDPKEPPKDR QKPRKKRRKS AKETITRQVA KVLKIWDYLK W
GNM14748                        -----QGKES GGLLINKD-- AVVLAHAEAN TARENETEFA SVAGGGGYKS FTVLIALKTH HKKSTLVKQS KRDDLKLILL LLLLYVIMAL LYIMMLGKDS ADPKDPPKER IQPRKKRRKS AEETITKQTG KCVQLWDYLK W
GNM14246                        ----GAGGAY GAITVREN-- AAVSINDQHS EDKENLDKFL KLGGGGLDHT FVILLSAKEE REKEVAKRQR GRNDIRLLLL LLLILILLAA YHIMMMGQDL RSPKPPPKKQ GKDGRRRRRK REDTVTRVTA LIVAVWYYIK V
GNM14640                        ----GAGGAY GAITVREN-- AAVSVNNEYS EDKERFDKFL KLGGGGLDRT YVVLLSVKED KEKEVNKRQG KRTDIRLLLL LLLILLLLSA YYMMMMGQDI HSAKPPPKKH GKDGRRRRRK REDTVTRLTA LIVAVWYYVK V
GNM14965                        -----EGGEE GNLLIDKV-- AVVQVEESSG SDRSTENEFI PLGGGGNFNA FVVILVLKAA GRKSTIRRKS KRNDADFILL LLLIYVVLAL MYLMMYGPNA NDPKPPPPER TEPRKKRRSK AKATISNTTA KVVKIWDLIK W
GNM13677                        ----GYGKAD GRIYEREN-- AAVSIRE-AD QERTETDKVV KLGGGGG-KT FEI-LVAKEK QEPKVTSKQG K-D-PTLLLL LLLFVI-LK- LYVMMS--G- HNVKDPP-KK G-NNAKRRST S-TTI-RHAA -ILL-W-YLK Y
GNM14339                        ----GQGKKY GSILVAEG-- AVVPLSLECG DKEERMRDFL QFDGGGGVHT FLILVWVKKQ GEKGIMRRGD RPKEAVLLLL LLLLIL-LKL VICMVMGKGP HTPKPPP-KN GKPGGRARNS RRETVVRPVA QMIVFWEYLK A
GNM14593                        ----GEGGRY GSIYEREN-- AVVAIHKEYD TKVEKRERIL ILAGGGGKNT FVILFVLKED KEKTITRKAS -EPDPKLLLL LLLIYALLKV LVSMMFSKKN HTPKSPPKKK GIPKKRRRNT RKETINKGVA MAVLLWNYIK Y
GNM13825                        ----GDGKAY GGIAERPN-- AVVFLPNKCD KLIERADSFA PLAGGGGGRT LIVLLSLKTY GEKDIVKRAK KEKEPALLLL ILVVLVPLKY LYVMLLNEGW HDPKPPP-ER GVRRRRRRES REESLKRPTA TTVAFWAYVK Y
GNM14768                        ----GAGGKY GSIYEREN-- AVVHIHKEYS KDVERTERAL LLVGGGANNT FIILIVLKKD GEKTITSKES -EGDPSLLLL LLFIYFLLKA LVAMMMGRKI HNPRPPPKKK GGPGKRKRTT RKDTIDKSTA VAIKVWYMIK Y
GNM14776                        ----GAGGKY GSIYEREN-- AVVHIHKEYS KDVERTERAL LLVGGGANNT FIILIVLKKD GEKTITSKES -EGDPSLLLL LLFIYFLLKA LVAMMMGRKI HNPRPPPKKK GGPGKRKRTT RKDTINKSTA VAIKVWYMIK Y
GNM14715                        -----EGKKS GTLLENPE-- ACAQLDDALD GKRPNDEKFH ALGGGGDAWA FAVFVILLAK GQLRLLRHKS KMAKVALILV LLLVIVLLKL LFIMMETKNS AEPKPPPPSR ARPRRKRNDS RKEALDRQSA ASIAVWAYMR Y
GNM14639                        -----YGKEE GQILVNKL-- AAVSADKSVN EDAEEQSDFV FIGGGGGGRA FKVLIILKKK GVKKTTKRKS KKKDIELILL LLLVLVVLAA FYIMMLGKNV ADPKEPPPLH GKPRRRRRNS YIETIDRTTV TVIKIWIYIK Y
GNM13795                        -----QGKES GGLLINKD-- AVVLAHAEAN TARETETDFA AVAGGGGYKS FTVLIALKAH HKKSTLVKQS KRDDLKLILL LLLLYVIMAL LYIMMLGKDG ADPKDPPKER IQPRKKRRKS AEETITKQTG KCVQLWDYLK W
GNM14166                        -----EGGES GGLLVHKL-- AIIMTHEEAN QDREDEAEFT VLAGGGGYNS FAVLIVLKKT HTKTTTKKKS KRDPIKLQLL LLLIFVIMSM LYMMMLGTNG SDPKDPPKED QKPRKKLRKN AKETMTKTTA KVVKLWDYLK W
GNM14450                        -----NGNEE GQLTVNQL-- AVVMINKSTS DDKKQISDFI KIAGGGGYNA FTVLIVLKDK KKKTTTRKKS KRNDAKLLLL LLLVYIILAL LYIMMLGKNQ ADPKPPPNEQ CKPRRKNREK AAETIDRTTA KVVKLWDYLK W
GNM13745                        -----QGGDY GSLLTNPL-- AAVMIEDDID KDSKKQNDFI SLGGGGNTNA FIIIVVIKQK GRKSTIRRKS NEENAKLILL LLLIYLYLAV IYMMMHKKNS SDPKKPPKKL TISKKTNNNS RQDTISRTTA KILALWLYLR S
GNM14959                        ----GEGGAY GNILDRIN-- CVVGLDEDIS DELEDEEMFI ALGGGGGDRT LVICVAAVLK GEKNITSKKL RRRDISFLLL LLLIIILLAV QFIMMLGKDI HDPRPPPPRS GKD-RRRRRS RKETLTKLVA LTVALWWWYK F
GNM13413                        --L-GVGKKY GKILEREN-- LAIPLDAELD AEEEKKEEFI KLGGGGGGRT FLILLAAKEH GKKLVTRRKH TRHNIKLLLL LMLYYILLAV LFLMMLGADP HDPDPPPAKE GKPGRKKRDS REGVVTKQTA VVVVVWYWLK V
GNM14990                        -----QGKEH GGLLINKT-- AIVLTHIEST PDKERETEFI MLGGGGGYKS FIIIIALKTT QKKNTTRKQT KREAIKLLLL LLLLYVILSI MYMMMLGSDS SDPKEPPKDK QKPRKKRRKS AKETITRQTA RVVKLWDFLK W
GNM15005                        -----QGKEH GGLLINKT-- AIVLTHIEST SDKERETEFI ILGGGGGYKS FIIIIALKTT QKKNTTRKQT KREAIKLLLL LLLLYVILSI MYMMMLGSDS SDPKEPPKDK QKPRKKRRKS AEETITRQTA RVIKLWDFLK W
GNM14992                        -----QGKEY GGLLINKT-- AIVLTQVEST PNKEREAEFI LLGGGMGYKS FIIIIALKST QKKSTTRKQT -REAVKLLVL LLLLYVILSI MYMMALGSDS SDPKEPPK-K QKPRKKRRKS AKETITRQIA RVVKLWDFLK W
GNM15013                        -----QGKEH GGLLINKT-- AIVLTHIEST SDKERETEFI MLGGGGGYKS FIIIIALKTT QKKNTTRKQT KREAIKLLLL LLLLYVILSI MYMMMLGSDS SDPKEPPKDK QKPRKKRRKS AKETITRQTA RVIKLWDFLK W
GNM14976                        -----QGKEH GGLLINKT-- AIVLTHIEST SDKERETEFI MLGGGGGYKS FIIIIALKTT QKKNTTRKQT KREAIKLLLL LLLLYVILSI MYMMMLGSDS SDPKEPPKDK QKPRKKRRKS AKETITRQTA RVVKLWDFLK W
GNM15022                        -----QGKEH GGLLINKT-- AIVLTHIEST SDKERETEFI MLGGGGGYKS FIIIIALKTT QKKNTTRKQT KREAIKLLLL LLLLYVILSI MYMMMLGSDS SDPKEPPKDK QKPRKKRRKS AKETITRQTA RVVKLWDFLK W
GNM14999                        -----QGKEH GGLLINKT-- AIVLIHVEST PDRERETEFI LLGGGGGYKS FIILIPLKTT QKKSTTRKQT KRETVKLLLL LLLLYVILSI MYMMMLGSDS SDPKEPPKDQ QKPRKKRRKS AKETITRQTA RVVKLWDFLK W
GNM15018                        -----QGKER GGLLINKG-- AVVLAHAETS DARDDETEFS AIAGGGGYKS FTVLIALKAT HKKMTLRKQS KREELKLILL LLLLVVVMAL LYIMMLGKDA ADPKDPPKDK VKPRKRNRKS AEETITKQVA KCVKLWDYLK W
GNM15025                        -----QGKEH GGLLINKT-- AIVLTHVDST KDKENESEFI ILGGGGGYKS FIVIIALKST QKKSTTRKQT KRENIKLLLL LLLLYVILSI MYMMMLGSDA SDPKDPPKDK QKPLKKRRKS AQDTITRQVA RVIKLWDYLK W
GNM15024                        -----QGKER GGLLINKG-- AVVLAHAETS DARDDETEFS AIAGGGGYKS FTVLIALKAT HKKMTLRKQS KREELKLILL LLLLVVVMAL LYIMMLGKDA ADPKDPPKDK VKPRKRNRKS AEETITKQVA KCVKLWDYLK W
GNM14980                        ---------- ---------- AVV-AHAETS DA-DDE-E-S AIA-GGGYKS -TV-IALKAT -K-M-L-KQS KREELKL-LL L-LLV-VMAL L---MLGKDA -D--D--KDK VKP-KR-RK- -EETIT-QVA KCVK-WDYL- -
GNM15000                        -----QGKER GGLLINKG-- AVVLAHAETS DARDDETEFS AIAGGGGYKS FTVLIALKAT HKKMTLRKQS KREELKLILL LLLLVVVMAL LYIMMLGKDA ADPKDPPKDK VKPRKRNRKS AEETITKQVA KCVKLWDYLK W
GNM15026                        -----QGNEH GGLLVNKT-- AIVLTHVEST KDKENENEFI TLGGGGGYKS FIVIIALKST QKKSTTKKQT KRETIKLLLL LLLLYVILSI MYMMMLGSDT SDPKEPPKDK QKPRKKRRKS AKDTITRQVA RVVKLWDYLK W
GNM15027                        -----EGDEE G-LLINPP-- AVVLIDDEAD RALSREKEFF ALGGGGGRNA FVVLLVLKAM GKKTSLRRKN KKHLVKLLLL LLLVLVLLAV LYLMMLRKNS HDPPPPPREK SKAARKKRTS AKSTLTRTTA VVVKIWDYLR F
GNM15019                        -----QGKEA GGLLINKD-- AVVLAHIDAN SSRETETDFA AIAGGGGYKA FAVLIALKTT HKKTTLVKQS KRDDIKLVLL LLLLYVVMAL LYIMMLGKDG ADPKDPPKER TQPRKKRRKS AEETITKQTG KCVQLWDYLK W
GNM15003                        -----QGKEH GTLLINKT-- AIVLTHIEST PDKERETEFI LLGGGGGYKS FIIIIALKTT QKKNTTRKQT KREAVKLLLL LLLLYVILSI MYMMMLGLDS SDPKEPPKDK QKPRKKRRKS AEETITRQIA RVVKLWDYLK W
GNM11003                        ----GAGKEY GKIFERLN-- -V-PLPYELD DNKE-ANSIL ELEG-GGE-T FL-LI--KT- GERAVGS-EN RT-EIKFLL- -LLY-II-KI LYIMM-GK-K HSLKEPPKNI G-PGL-R-TK RTT--TA-MK C-INFWYFLN P
GNM11023                        --L-GDGGAY GRILERSN-- AVVMLADKVG RGLEYEESFL ELGGGDGDRT FLILIVATEK GEKHIVRREH KRRDIRLLLL LLLYYILLKV YFLMMLGEDV HEPKPPPPRR GKHKRRKRSS REETITRTSA IVTEVYWWLK F
GNM11055                        ----GRG-EY GPILNHEN-- CVVHLDDEVT EEYEKLREFI ALGGGGGNRA IAVLVVAVKE KKKSITRRKK LRHDIDFLLL LLLIFLLLAV LYRMMMGKDT HNPKPPPKRQ GRP-RKKRTN REETMTWTVA LVVALYYYVK V
GNM11146                        ----GAGGDY GGILERLN-- CVAPLSLELS DELENQDKFV RLGGGGGDRT FVVCVVASDH GEKKITKREL RRRDLWLLLL LLLYVILLAL SYIMMLGKDV HSPKDPPPRK GLVGRRRRSS RKETITKLSV IVAILWYWYK F
GNM11219                        ----GAGGAY GRILEREN-- AAVPIDDEHS KEEEHMESFL LLGGGGCGRT FAILLILTED GRKEITSRKH RERGPRLLLL LLLILAILDL FYSMMMGENV HTPKPPSPEQ GGDGRRRRRS RAETIDRRTA KVIRVWTWLK F
GNM11220                        ----GEG-NN GPILAWSS-- CVIPFDEEYS EDNSKKSSFI LLGGGGGLNA YIVVVVAKEE KKKSVTSRKK REKEIDLLIL LLLVIILLAV FYLMMRGKNK RDRKKPPRKQ GGP-RKRRTS RTETVSKTVA VVVKLYNYLK F
GNM11222                        ----GEGGKY GAILEREN-- AAVALDAEHN KLEEAKESFF ELGGGGGGRS FLVLLVAKKD GKKSVTSRKK YRHQISVLLL LLLILLILAL LFMMMMGKNK HSPKPPPPQQ GKPKRKRRTP RKSTITRTVA LVIALWYYLK V
GNM11224                        ----GAGGAY GKITVREN-- AAVSVNDEHS EEKEKLDNFL KLGGGGLDNT YVVLLSSKED GEKEVTRRQK KRTDVNLLLL LLLILILLAA FYAMMMGKDI HSPKPPPRKK GKDGRRRRRG RKDTVTKITA TVILIWYYIK F
GNM11225                        ----GAGGAY GHIAEREN-- AAVSISDDYS EDRERLDDFL KLGGGGLNNT YVVLLVVRED KKKRITRRQK RRVDADLLLL LLLVLILLAV LYLMMMGKNV HSPKPPPRKR GKDGRRRRRS RKATITKTTA TVLAVWYILK V
GNM11358                        -----QGNDE GSLLINKL-- AIVLIEEQSD NDKSEEEKFI EIGGGGNSHS FTVLLVLKSV GEKYSFRKKS QRNNVKVILL LLFIYVLLDH LHMMMGSENS NEPKDPPLER TKPKKKRRNK AEKTMSLTTV AIVRIWRIIK W
GNM11360                        -----QGKDQ GGLLVNKG-- AVVLAHAAAS SDRETEIEFT TVAGGGGYKT FAVLIALKTT HKKTTLRKKS KRDALKLLLL LLLLYVVMAL LYIMMLGKDE ADPKDPPKDN SQPRKKNRKS AEATITKKVA KCVKLWDYLK W
GNM11362                        -----DGGEE GSLLINRL-- AVVMVDEEAS GDSKAQESFI ALGGGGD-NA FVILIILKDH GKRISFKRKS KRK-VRLLLL LLLVYA-LAI LYIMML-NN- ADPKEPP-ER C-PKRRRRQS AKETL-HTTA YVVKVWDHLK W
GNM11367                        -----QGKEH GGLLVNKL-- AVVLAHEEAS EDKENEVEFV VLAGGGGYKA FTVLIALKST HKKSCTRSQT KREPLKLILL LLLIYVIMAI LYMMMLGTDS NDPKDPPKDR QKPRKKRRIS AAETITKTVA KVVKLWDYLK W
GNM11377                        -----QGAGD GSLLVDEV-- AVVQVEEAAS ADKKDEEDFI ALGGGGNYNA FIVVLVLKST GKKATTKKKS KRDKAKLILL LLLVYVILAL MYLMMNGPNA SDPKDPPPER TKPRRRRRSK AKETITQTTA KIVKIWDVIK W
GNM11380                        -----EGGES GGLLIHKL-- AIIMTHEEAS FDREDEADFT VLAGGGGYHS FAVLIVLKKT HSKTTTIKKS KRDTIKLQLL LLLIFVIMSV LYMMMLGTNG SDPKDPPKED QQPRKKLRKN AKETMTKTTA KVVKLWDYLK W
GNM11383                        -----EGGDK GGLLINKI-- AIVTAHADSS DDREQEEEFI AFGGGGGYKS FLVLIILRST RKKSTIKSKN KRDNVKLLLL LLLIYVILSL MYIMMLGTNE ASPKEPPKSD QKPRKKKRKS AKETMSKQTA KVIKIWDYIR W
GNM11491                        -----QGKEA GGLLVNRS-- AVVMAHSKAG GKREKEETFI ALGGGGGYRA FAVIIAIKDT HKKSTLRKKS KREEIKLLLL LLLIYVLLAL MYIMMLGEDP ADPKEPPKTD QKQRRKSRKS AGETITKQTA GVVMIWDYLK W
GNM11804                        -----YGGEY GGILDHKK-- CVVPLDDEVS EEYEKMKEFI ALGGGGGDRA LAVLVIAVKD GKKSITRRKK NRHDIDFLLL LLLILLLLAV LYRMMMGKGK HDPKPPPKRQ GRP-RKKRTS REETLTRTVA LVVALYYYVK V
GNM11805                        ----GQGNKY GHIASRSN-- MVIPLDEDSS EEREELNEII TLVGGGNRNT YVILLTARKK GKKKITKRKK ELNEVDLLLL LLLFIILAAL IFIMMLGKGN NDPEEPPKKN GKQ-RRRRSA RSETITKSVA LIVEVWYYLQ V
GNM12886                        -----QGNEE GALLVDDV-- AVVQVDESAG GDKKGEEEFM ALGGGGNYNA FVVLVVLRAA GKKATIKKKT KRDKAKLILL LLLVYVILAL IYLMMCGPNT SDPKEPPPER TKPRRKRRSK AKDTITTTTA KIVKIWDEIK W
GNM13060                        ---------- ---------- AAVAADDEDD EEEEEEDDFF YFGGGGGMHV IIILIIIKKK KKKNKKKKKK KKKLLKLLLL LMLLLLLLQL LLMMMLGNNN PPPPPPPAKQ HRRRKRRRSS CLTTVTTTTV VVIVIWYYFY F
GNM13061                        ---------- -------D-- AAI-ADYDEG EDKQENEEFF KFGGGGGWNV MVILVIVREM RKKKIERKKK SRREIELLLL LLLVYLLLLL L-MMMEGKNS PSPPEPPKRQ GRPKRRRRRV ASETITASTV VAVAIWYYLK Y
GNM13062                        -----EGRKN GTLLLNPD-- ACVQLDDDLK GERPNDAKFH ELGGGGESWA FVVVVILLAK GQLRLLKHKS RMAAIALILV LLLVLVLLRL LAIMMESKNS ADPKAPPSKR CKTMRKRNDS REDALDRQSA VSVTVWNYMR Y
GNM13064                        -----QGGDY GSLLTNPS-- AVVMINNDST SSSDESKEFI SIGGGGNSHA FIVLIIITKT GKKNTTKRKS NEESASLLLL LLLIFIYMAA LYIMMHNQNS SDPREPPKTQ IVPKRSNNNS RKDTLDRTTA KQVELWLHLR S
GNM13066                        -----QGGDY GALLTNPP-- AVVMINNDSN SASNASKEFI SIGGGGASHA FIVIIIITKT GKKNTIKRKS TEKAASLLLL LLLIFIYLAA LYIMMHNKNS SDPRPPPKIQ TIPKRSNNTS REDTLDRTTA KQVELWLHLK S
GNM11363                        -----DGGEE GSLLINRL-- AVVMVDEEAS GDSKAQESFI ALGGGGD-NA FVILIILKDH GKRISFKRKS KRK-VRLLLL LLLVYA-LAI LYIMML-NN- ADPKEPP-ER C-PKRRRRQS AKETL-HTTA YVVKVWDHLK W
GNM11375                        -----NGKEQ GGLLINKD-- AVVLAHAEAS SDREMETEFS AIAGGGGYKS FAVLIALKTH LKKTTLKKQS KRDPLKLILL LLLLYVIMAL LYIMMLGKDG ADPKEPPKDR IQPRKKRRKS AEETITRQTG KCVKLWDYLK W
GNM11381                        -----EGGEQ GGLLVNKV-- AVVTAHAESS DDRETEEEFI AFGGGGGYKS FTVIIILRSN KKKSTIKTKN KRDNVKLLLL LLLIYVIMSL MYIMMLGTNS ASPKDPPKSN QKPRKKSRKS APDTMTKQTA KVVKIWDYVR W
GNM11382                        -----EGGDK GGLLINKI-- AVVTTHAANT DDKEQEEEFI LLGGGGGYKS FIVVIILKAT SKKSTIRSKN KRDNAKLLLL LLLIYVILSL LYIMMLGENE ANPKDPPKND QKPRKKRRKS AKDTMTKQTA KVVKLYDYLR W
GNM11841                        ---KTEGGGH GKILQDED-A CVLPLDEELD ESEEETDSLI QLAGGGEGNA HTVQLVAKFD GESTVTRRNR TEHDPELLVI LLVVHLVLAV LVRMMMEANL HSPDDPPDAA GDP-RHAQTG REGTLDHETA PMVELFWFLK T
GNM11931                        ---KTDGGEH GSILQTED-G CVLPLDEALD AATEEDHAIV EIGGGGEGNA HTVALVAKGD GEATIVRRNS SEHDPDLLVI LLLVQLVLAV LARMMMSADA HSPDDPPDEA GAP-RSDQTG REDTVDTPAA PMVTLFWYLK V
GNM12040                        ---VTEGGQH GAIIQDDN-E CVIPLEETID EDEEATEELF VLVGGGESNA HTIQLVAKTD GESTQVRRNR REHEPDLLIL LLVVQLVLAL LTRMMMNENE HSPREPPTET GDP-RRAQTG RAATLDHPAA SMVSLHWYLK V
GNM12071                        ---RTEGGEH GIILETED-A AVIPVDEEVD DEEEDTSDLL VIGGGGEGNA HTVQFVAKED GESTIVRRNR REGDPELLLI LLTVQLILAI LVRMMMEGNL HSPEDPADAT GSP-RRAQTG RDATLDHDTA PLVKLFWVLK T
GNM12125                        --L-GAGGAY GGILERPN-- LVIPLDSELG DEREKEEKFI RLGGGRGNRT FIILLVAKDY GEKMITRRKH RRHDIKLLIL LLLYYILLKV LYLMMLGQDS HDPKPPPPRH GKPGRRRRTS REETITKRVA IVVVIWYWLK V
GNM12126                        --L-GSGGAY GRIAEREN-- AAIPLAAEIS DELEEKENFF KLGGGGGDRT FVIQVPLKEK GEKVIVRKQH VRLPIKLLLL LLLYYVLLKI LYLMMNGKDP HRPKPPPKER GKPKRRRRDS REETITKEVA AAIAIWYWIK F
GNM12128                        ----GDGGDY GRILERKN-- CVIPLDAEMS EEKEREDDFI FLGGGGGNRT FIILIVAKKD KKKLITRRKH ARTNIKFLLL LLLYYILLEL FYIMMMGKGQ HDPKKPPPKM GKPGRRRRTS RKLTLSKRVA VVVVIWYWIK L
GNM12182                        ----GSGGKY GGILEREN-- AVIFASKSVS DEREEAEDIT MMEGGGG-RT FLVIVALKKE KEKKIGRRQN RTSQLSFLVL LLLYIVLLKI LIVMMMGESK HNLKDPPAAR G-PGIKRRQK RKDVIDSSMI VTVKIWFYLN P
GNM12342                        -R--GVGGKY GSILAREN-- CVVPLDEEID DEEEKKENFV KIGGGGGNRT FIITIVAKED KEKKITRRKK KRHPIELLLL LLLIYLVLKI LFMMMMGKGP HDPEEPPKLQ GKPGRKKRTG REETINKRVA LVVVLWIYIK V
GNM12346                        ----GQGGEN GQILAYEA-- CVITLDEEAS DKEVRMSEFI AMGGGGGGRA HAIMVVAVAD KKKKLTRKKG HRNNIDFLIL LMIVYVLLAV LYRMMMGANE HNPKPPPREQ GDE-RQQRNG RKETLTRSVA LTVALFYYVK V
GNM12351                        ----GQGGDN GQILVHDK-- CSVTLDDEVS EANTGEANFI VLGGGGDDRA HAVVFVAKED KDKKISRRKT KRHDVDFLIL LLVLFLLLAV IARMMMGKNE HDPAPPPRSQ GAQ-RKKRTG RESTVTRPVA LVITLYYYLK V
GNM12356                        -K--GVGGKY GTILARES-- CAVSLDNEVS DEKEKKENFV KIGGGGENRT HIVTIVAKED KEKLITRRKK KRHQIDLLIL LLMIYLILKV LFIMMMGKGS HDPNEPPRLN GRPARKKRTG REETIDKSVA LVIIIYTFIK V
GNM12357                        -R--SIGGKY GSILARGN-- CVVGLDDEIP DENEKADAFV KIGGGGGNRT YIVTVVAKED KEKKVTRRKK KRHEIDLLIL LLLIYLLMKV IFMMMMGKGP HDPDEPPRLK GKPARRKRNG REETVTKSVA LVVVIYLYIK V
GNM12366                        -R--AIGGKY GSILARGN-- CVVGLDEELP EDNEKSDAFV KIGGGGGNRT YIVTVVAKED REKKITRRKK KRHEIDLLIL LLLIYLLMKL LFMMMMGKGA HDPDDPPRLK GKPGRRKRNG REATVSKSVA LVVVIYLYVK V
GNM12373                        ----GQGGEY GTILAYTN-- CAVTLDEEVS AEIEKTDNLI ALGGGGGNRA YVVVIVAKSE KEKRTTRRKK TRHEVDFLIL LMIVYLLLAV MYRMMMGKNT HDPKPPPPTR GKP-RHKQTT RSETVTRVVA LTVALFYFLK V
GNM12385                        ----GQGGQY GQILAYPN-- CVVTLDDECD DDYEKTDDLI KLGGGGGDRA YMVLLVAKAD KEKSITRRKR TRHDVDFLIL LLLVYLLLAV FFRMMMGRKT HDPKPPPKRR GEP-RHKQTT RAETVTRVVA LTVAIYYFLK V
GNM12551                        -R--GLGGAY GTILARKN-- CI-PVDDECS DEEERADEFV PLGGGGFGKT YA-ILV-KRD GEKEITRRKD KELDVDFLLL LLLI-LVMAV LYIMMMGSGE HEPEPPPPKQ GRDGRRR-RG REETMTKPVA LVVALWYYYK F
GNM12554                        ----GQGGEY GVILAYPN-- CVVTLDDEAS AVYEKTTKLI ALGGGGGDRA YSVILVAKQD KEKRTTRRKR TRHDVDFLIL LLIVYLLLAI LFRMMMGKNI HDPKPPPPKR GDA-RHKQTT RSETVTRVVA VTVELYYYLK V
GNM12592                        -----EGGSY GKILEHEA-- CVITLDEECS DRKKSMEAFI ALGGGGGNRA HAIFFVAVED KAKSILRRKK KRHDADLLIL LLIVYILLAV LVRMMMGRNS HDPREPPREQ GRR-RRKRDG REETLTKEVA LTVTIWVYVK V
GNM12596                        ----DQGGNN GQILVHEN-- CVVTLDEEIS KQHKKEVEFI ALGGGGGDRA HSVIFVAKED KKKSITRRKK NRHEIDFLVL LLVVYLLMAI LVRMMMGRNE HDPAPPPREQ GTP-RKKRNG REATLTRQVA LVVALYYYVK V
GNM12602                        ----GQGGGD GQILEHDN-- CVITLDEEVS NQHKKEANFI ALGGGGGDRA HTVVLVAKED KEKTITRRKK NRHEISFLVL LLIVYLLMAI LVRMMMGRNE HDPAPPPREQ GTP-RKKRNG REATLTRQVA LVVALFYYVK V
GNM12665                        ----EQGGNN GQILVHEN-- CVVTLDEEVS KKHKKEVEFI ALGGGGGDRA HAVVFVAKED KKKSITRRKK NRHEIDFLVL LLVLYLLMAI LVRMMMGRNE HDPAPPPREQ GAP-RKKRNG REATLTRQVA LVVALYYYVK V
GNM12745                        ----SEGGEY GVILSREN-- AAITFDEEYS DEEEDLENFV EVGGGGENNT YTISVTAKVD KEKTTTRRKK ERTDVDLLLL LLLIYLVLAV LFIMMMGKGP NSPEPPPRSQ GKP-RRKRTN REATITKRVA LIIKLWYYIK L
GNM12749                        ----GQGGNY GQILSHEN-- CVVTLDDEAG KSYEKEDGLI ALGGGGGDRA YAVVLVAKAD KQKRTTRRKT NRHDVDFLIL LLLIYLLLAV LVRMMMGKKV HDPKPPPRVR GIP-RHKQTT REDTVTRTVA LTIELYYFLK V
GNM12758                        ----GEGGKY GNILSREN-- AAVALDDEFS EDKEEADSFV QIGGGGGGRT YVVALAAKAD KEKKITRRKE KRNDVEFLLL LLMVFLIMAI LFIMMMGNGI HDPEPPPRRQ GDE-RRRRTG REETVTKSVA LVITIWYYVK V
GNM12763                        ----GEGGKY GSILSRKN-- AAVPLDEELS DKKEKEENFI LIGGGGNNRT YTVALVAKKD KEKSVTRRKE KRHEIDFLLL LLLVYLVLAF LFIMMMGKGP HDPEPPPRKQ GKD-RRRRTS REETVDKRVA LVIVLWYYLK V
GNM12766                        -R--GVGGKY GSILAREN-- CVVPLDEEIT DELEKKDNFV KIGGGGGNRT YIVTIVAKED KEKKITRRKK KRHEIDLLLL LLLVYIVLKI LFIMMMGKGP HNPEDPPRLN GKPGRRRRTG REETVNKRVA LVVVLYIYLK V
GNM12841                        ---KTEGGEH GKILQTED-G AVIPVDEEVG DEEEETTDLV AIAGGGEGNA HTVALVAKED GESTIVRRNQ REDDPELLVL LLLVKLILAV LTRMMMAANA HSPDDPPDET GEP-RRAQTG RDATVDHETA PQVAVHWWLK T
GNM12849                        -----QGKDH GGLLVNNP-- AVVMAHAAAS SDRETEKEFS AIAGGGGYKT FAVLIALKAT FKKTTLRKKS KRDAIKLLLL LLLLYVIMAL LYMMMLGKDD SDPKDPPKDN IKPKKKNRKS AEATITKQTG KCVKLWDYLK W
GNM12869                        -----QGKER GGLLINKA-- AVVLAHAETS EARDDETEFS TIAGGGGYKA FTVLIALKAT HKKMTLRKQS KREPLKLILL LLLLVVVMAL LYIMMLGKDS ADPKDPPKDK VKPRKRNRKS AEETITRQVA KCVQLWDYLK W
GNM12896                        -----EGGES GGLLIHKL-- AIIMTHEAAN SDREDEAEFT VLAGGGGYNS FVVLIVLKKT HSKTTTKKKS KRDEIKLQLL LLLIFVIMSM LYMMMLGANG SDPKDPPKED QQPRKKLRKN AQETMTKTTA KVVKLWDYLK W
GNM12897                        -----EGGES GGLLIHKL-- AIIMAHEEAS SDREDEADFT VLAGGGGYHS FVVLIVLKKT HSKATTKKKS KRDAIKLQLL LLLIFVIMSM LYMMMLGTNG SDPKDPPKEN QQPRKKLRKN AKDTMTKTTA KVVKLWDYLK W
GNM12902                        ----GEGKDY GKISSRKN-- LAVPLDEEMS ESREELNSII KLAGGGGRNT YMIFITATDK GKV-ITRRKK KLNSLDMLLL LLLVLILTSI LYLMMLGKGV NDPEPPPKEN GKR-RRRRTS REETIDKRVA MLLELWNYIL V
GNM12903                        ----GVGGLY GSILDRPN-- MVVHLDGEVS DEREDEDAFF ALGGGGGDRT LIICVPAKLV GEKDVTRRNL KRRLISILIL LLVVYILLAL SFLMMLGQTV HDPNPPPPRQ GKK-RRRRSS RKETLTLIVA ITVALWYWYK F
GNM12906                        ----GAGGLY GAILDRPN-- MVVHLDGEVS DEREDEDAFF ALGGGGGDRT LIVCVPAELR GEKEVTRRNL KRRLISVLIL LLVVYILLAL RFLMMLGKTV HEPNPPPPKQ GKP-RRRRSS RKETLTLIVA ITVALWYWYK F
GNM12907                        ----GVGGLY GSILDRPN-- MVVHLDGEIS DEKEDEDSFF ALGGGGGDRT LIICVPARLA GEKEVTRRNL KRRLIAVLIL LLVVYILLAL TFLMMLGQTV HDPNPPPPRE GKV-RRRRSS RKETLTLIVA ITVALWYWYK F
GNM12909                        ----GVGGLY GSILDRPN-- MVVHLDGEIS DEREHEDTFF ALGGGGGDRT LIICVPAKLT GEKDVTRRNL KRRLISVLIL LLVVYILLAL SFLMMLGQTV HDPNPPPPKQ GKP-RRRRTS RKETLTLIVA ITVALWYWYK F
GNM12915                        ----GEGGKY GKILAREN-- CAVSLDDEIT EEEEAKDNFI AIGGGGGNRT FMILIVAKQD GEKSKTRRKK KRHDIDFLLL LLLVLIVLKV LFLMMMGKNI HNPRPPPPRQ GKDGRRRRTS REETITRRVA LVIALWYYVK V
GNM10046                        ----GEGGKY GKILAREN-- CAVSLDDEVT EEEEAKENFI AIGGGGGNRT FMILIVAKQD GEKSKTRRKK KRHDIDFLLL LLLVLIVLKV LFLMMMGKNI HNPRPPPPRQ GKDGRRRRTS REETITRRVA LVIALWYYVK V
GNM12918                        ----GEGGKY GQILAREN-- CAVSLDDEIT EEEEAKENFI AIGGGGGNRT FMILIVAKQD GEKSKTRRKK KKHDIDFLLL LLLVLIVLKV LFLMMMGKNI HNPKPPPPRQ GKDGRRRRTS REETITRRVA LVIALWYYVK V
GNM12931                        --Q-GDGGSY GNILERKN-- MAIPLDSELG EQKEKEEEFI YLGGGGGNRT FIILILAKKY GKKKTTRRKH KRHDIKLLLL LLLYYILLAV LFLMMLGDDL HNPKPPPPRQ GKPRRKRRNS RKGTITRRVA TVIVIWFWLK V
GNM12938                        ----GAGGKY GRIFERDN-- AVVPLSKEKD EQRESLEDIF DVEGGGGKRT FLILIAGLED GKSRVGKRSN KIKELKFLLL LLLYIIVLSV LFVMMMGKAR HNLKSPPKSN G-PGLNRRDK RDSTINRWMV STVRFWYYIS P
GNM12996                        ----GNGKKY GKIFERDN-- TVIPLPKSYN DDREELEEII PILGGGGGRT FIILMAGKKE GKKYVTKRSH KERDIKMLLL LLLYLMVLQV LYMMMMKKKA HDLKSPPKIN GDPGRYRRTS RETTISRWMV TAVKFWYYLK P
GNM13018                        ----GNGKKY GKIFERDN-- TVIPLPKSYN DDRENLEEII PILGGGGGRT FIILVAGKKE GKKYVTRRSH NERDIKMLLL LLLYLMVLQV LYVMMMKKKV HDLKSPPKIN GDPGRYRRTS REATISRWMV TAIKFWYYLK P
GNM13027                        ----GVGKKY GSIFEREN-- AAIPLPDDMS ENKEKLEDIY ELHGGGGNRT FIILVAGIKD GEKKIGSREH RTPDLKFLLL LLLYLIILKL LFVMMMGKGI HNLKSPPKTK GLEGLRRRSK RSLTITRYMV KTIKFWIYIN P
GNM13046                        -----QGKEH GGLLVNKN-- AIVLTHADTT SDREKETEFI ILGGGGGYKS FSLLIALKST KKKSTTKTQS KRDPIKLLLL LLLIFIILSL LYMMMLGADA ADPKDPPKDK QKPRKKRRKS AEETITKQTA KVIKLWDYLK W
GNM13053                        -----QGGDA GGLLINPT-- AAVNIEDEAS EDEEEKKEFL PLGGGGAWNA FVVLIVLKAK GKKNTIRRKQ KRELANLILI LLILFVLLDV MYLMMNGNNE SDPRPPPPEQ CKPRRTKNES AGKTMLRMTA LTVKVWNHLR S
GNM13074                        ----GEGGKY GKILAREN-- LAITLDDEIT EEEEAKESFI AIGGGGGNRT FMILIVAKED GEKKKTRRKS KRHDIDFLIL LLLVIIVLKV LFLMMMGQGI HNPKPPPRRQ GKDGRKRRTS REETVTRRVA LVIALWYYVK V
GNM10010                        ----GEGGKY GKILAREN-- LVLSLDDEIT EEEEAKENFI KLGGSGGNRT LMILIIAKED GEKKKTRRKR KRHDIDFLIL LLLVLIILKV LFLMMMGKRV HDPKPPPPRQ GKDGRRRRTS REETLTRGVA LAIVIWYYVK V
GNM10014                        ----GEGGKY GKILAREN-- LVLSLDDEVT EEEEAKENFI KLGGSGGNRT LMILIIAKED GEKKKTRRKR KRHDIDFLIL LLLVLIILKV LFLMMMGKRI HDPKPPPPRQ GKDGRRRRTS REETLTRGVA LAIAIWYYVK V
GNM13090                        ----GEGGKY GKILAREN-- LVLSLDDDVT EEEEAKESFI AIGGSGGNRT LMILLIAKQD GEKKKTRRKT KRHDIDFLVL LLLILIVLKV LFLMMMGKRI HDPKPPPPRQ GKDGRRRRTS REETLTRGVA LAIAIWYYVK V
GNM13118                        T---GAGRDY GNILERAN-- ALVNLSDEIS EELEEENSFF KLGGGGGNRT FVILLPLREK GKKSITSRSE RRHEIDLLLL LLLVYVLLAL LILMMLGKDT RNPRPPPRKE GKKGRKRRDT RKEALTRQVA IRVVVWYALR V
GNM13126                        ----GSGGDY GRISSRSN-- LV-SLDEEIS DRRE-LQDIY LLLG-GGRRT YI-IL--KQ- GKVKITK-KS NLNEIELLLL MLLL-IL-AL PYIMM-GK-R NDPEEPPHKQ GKN-RRR-NA RED--TK-VA F-VEAWEYLR V
GNM13128                        ----GNGGDY GRIASRKN-- LVVSLDEEVS DRREHVNDIY VLCGGGGRRT YIIILTAKKD KKVKITYRKS NLNEIELLLL LLLLLILAAL FYIMMLGKGK NDPEAPPKKQ GRQ-RRRRDA RDDTITTRVA FIVEVWEYLK V
GNM13208                        ----GEGGAY GAILDRPN-- MAVSLNGDVS DELEEEESFF ALGGGGGDRT LIVCLIAKLR GEKEITRRQI RRRLIALLLV LLVVYILLAL RYIMLLGKGV HDPEPPPPQL GKV-RRRRKD RKEAITRQSA IVIAMWHWFK F
GNM13210                        --L-GSGGAY GGILERKN-- LVISLDSELG EEMEKEDEFV RLGGGGGGRT FVIIIAATDH GRKRITRRKH RRHDIELLLL LMLYYILLAV LVIMMLGNDI HSPKPPPKRE GRPRRKKRDS REGALTKLVA TAVVVWYWLK V
GNM12773                        ----STGGKY GAIAEREN-- AV-SLNDDVS EDKEDEDEFI KIGGGGGNKT FV-LII-RNE KKRETIKRQS KRKDVKILLM LLMI-IFLAA YFIMMMGKSV HTSKPPPKKY GKDGRKR-RK REETMTKTVA LAVSVWYYIK V
GNM12769                        ----GSGMAY GKILEREN-- AVAPLDKDLS EQKEQAKNFT SMGGGGKNRT FIILLVIKDH GKKTVTKRKK KRPDIKLLLL LLMLFLILSL LFVMMLGKGE HNSKSPPKKR GKEKRKKRRS REETISRTTS MRIDLWFFLK V



    1    1    1    1    1    1    1    1    1    1    1    1    1    1    1
    1    1    1    1    1    1    1    1    1    1    1    1    1    1    1
    1    1    1    1    1    1    1    1    1    1    1    1    1    1    1
    1    1    1    1    1    1    1    1    1    1    1    1    1    1    1
    1    1    1    1    1    1    1    1    1    1    1    1    1    1    1
    1    1    1    1    1    1    1    1    1    1    1    1    1    1    1
    1    1    1    1    1    1    1    1    1    1    1    1    1    1    1
    1    1    1    1    1    1    1    1    1    1    1    1    1    1    1
    1    1    1    1    1    1    1    1    1    1    1    1    1    1    1
    1    1    1    1    1    1

AAML (in paml version 4.9h, March 2018)  tmp0027.txt
Model: Empirical,  (../wag.dat) dGamma (ncatG=4) ns = 149  ls = 141


Frequencies..
                                    A      R      N      D      C      Q      E      G      H      I      L      K      M      F      P      S      T      W      Y      V
GNM13746                       0.04132 0.05785 0.03306 0.04132 0.00000 0.02479 0.06612 0.04132 0.01653 0.06612 0.15702 0.13223 0.03306 0.03306 0.06612 0.03306 0.05785 0.00826 0.04132 0.04959
GNM13538                       0.08824 0.09559 0.02941 0.03676 0.00000 0.03676 0.06618 0.06618 0.00735 0.05147 0.14706 0.10294 0.04412 0.02941 0.02941 0.03676 0.05147 0.01471 0.02206 0.04412
GNM13671                       0.05970 0.08955 0.03731 0.01493 0.00000 0.00746 0.07463 0.07463 0.01493 0.07463 0.13433 0.13433 0.02985 0.02985 0.05224 0.02985 0.04478 0.00746 0.03731 0.05224
GNM13876                       0.05932 0.05932 0.03390 0.03390 0.00000 0.02542 0.08475 0.08475 0.02542 0.05085 0.11017 0.13559 0.01695 0.02542 0.03390 0.05085 0.05085 0.00847 0.04237 0.06780
GNM13680                       0.09701 0.05224 0.03731 0.04478 0.00000 0.01493 0.07463 0.08209 0.00000 0.06716 0.10448 0.13433 0.02239 0.01493 0.04478 0.03731 0.05224 0.01493 0.02239 0.08209
GNM14837                       0.10448 0.05224 0.02239 0.04478 0.00746 0.03731 0.05224 0.08209 0.00746 0.04478 0.14179 0.12687 0.02239 0.02239 0.02985 0.03731 0.06716 0.01493 0.02985 0.05224
GNM14249                       0.08209 0.03731 0.02239 0.03731 0.00746 0.02985 0.06716 0.06716 0.01493 0.05224 0.14179 0.14925 0.02985 0.01493 0.02985 0.06716 0.05224 0.01493 0.02985 0.05224
GNM13928                       0.08955 0.04478 0.00746 0.06716 0.00746 0.03731 0.04478 0.05970 0.02239 0.05970 0.15672 0.13433 0.02985 0.01493 0.03731 0.04478 0.05224 0.01493 0.02985 0.04478
GNM13297                       0.08824 0.09559 0.02941 0.03676 0.00000 0.03676 0.06618 0.06618 0.00735 0.05147 0.14706 0.10294 0.04412 0.02941 0.02941 0.03676 0.05147 0.01471 0.02206 0.04412
GNM14865                       0.05882 0.05882 0.02206 0.08088 0.00000 0.05147 0.11765 0.08088 0.04412 0.06618 0.07353 0.02941 0.02206 0.01471 0.04412 0.04412 0.08088 0.00735 0.00000 0.10294
GNM13455                       0.10448 0.03731 0.02239 0.05970 0.00746 0.02239 0.03731 0.07463 0.01493 0.02985 0.14925 0.15672 0.02239 0.01493 0.02985 0.02985 0.07463 0.01493 0.02985 0.06716
GNM14938                       0.06716 0.08955 0.03731 0.03731 0.00746 0.00000 0.06716 0.08209 0.00746 0.02985 0.14179 0.10448 0.00746 0.02985 0.07463 0.02239 0.04478 0.01493 0.02985 0.10448
GNM14483                       0.10448 0.09701 0.02239 0.05224 0.00746 0.01493 0.04478 0.06716 0.01493 0.01493 0.17164 0.07463 0.03731 0.02239 0.05224 0.07463 0.03731 0.00746 0.00000 0.08209
GNM14872                       0.11194 0.05224 0.02985 0.06716 0.00000 0.02239 0.05970 0.05970 0.00000 0.05970 0.10448 0.13433 0.02239 0.01493 0.04478 0.03731 0.05970 0.01493 0.02239 0.08209
GNM13855                       0.02239 0.05224 0.05970 0.04478 0.00000 0.00746 0.06716 0.06716 0.01493 0.06716 0.11194 0.12687 0.02985 0.03731 0.02985 0.08209 0.05970 0.01493 0.02239 0.08209
GNM14445                       0.05224 0.05224 0.06716 0.04478 0.00746 0.03731 0.05224 0.06716 0.00000 0.05224 0.14179 0.11940 0.02985 0.02239 0.05970 0.07463 0.05224 0.01493 0.00746 0.04478
GNM14404                       0.02985 0.08955 0.01493 0.06716 0.01493 0.00000 0.05224 0.10448 0.02239 0.08209 0.11194 0.10448 0.01493 0.01493 0.04478 0.02985 0.05224 0.01493 0.05224 0.08209
GNM14545                       0.02985 0.08955 0.01493 0.06716 0.01493 0.00000 0.05224 0.10448 0.02239 0.08209 0.11194 0.10448 0.01493 0.01493 0.04478 0.02985 0.05224 0.01493 0.05224 0.08209
GNM14366                       0.05224 0.05224 0.05224 0.05224 0.00000 0.02985 0.05970 0.06716 0.01493 0.08209 0.10448 0.12687 0.02985 0.02239 0.02985 0.06716 0.05970 0.01493 0.02985 0.05224
GNM14252                       0.08209 0.03731 0.01493 0.04478 0.00746 0.02985 0.06716 0.06716 0.01493 0.04478 0.14179 0.14925 0.02985 0.01493 0.02985 0.06716 0.05970 0.01493 0.02985 0.05224
GNM13760                       0.08209 0.05224 0.01493 0.05224 0.00746 0.02985 0.05970 0.07463 0.01493 0.05970 0.14925 0.14179 0.02239 0.01493 0.03731 0.04478 0.05970 0.01493 0.02985 0.03731
GNM13982                       0.07463 0.04478 0.02239 0.04478 0.00746 0.02239 0.06716 0.05970 0.02239 0.05224 0.13433 0.13433 0.02985 0.01493 0.03731 0.04478 0.05970 0.01493 0.02985 0.08209
GNM13960                       0.03731 0.05970 0.01493 0.03731 0.00000 0.03731 0.05970 0.06716 0.01493 0.08955 0.12687 0.14925 0.03731 0.02239 0.02985 0.05970 0.08955 0.01493 0.02239 0.02985
GNM14633                       0.06716 0.04478 0.02239 0.04478 0.00000 0.02239 0.06716 0.05970 0.02239 0.05970 0.13433 0.13433 0.02985 0.01493 0.02985 0.04478 0.08209 0.01493 0.02985 0.07463
GNM14853                       0.06716 0.04478 0.02239 0.04478 0.00000 0.02239 0.06716 0.05970 0.02239 0.05970 0.13433 0.13433 0.02985 0.01493 0.02985 0.04478 0.08209 0.01493 0.02985 0.07463
GNM14174                       0.11852 0.07407 0.02222 0.02222 0.00741 0.02222 0.07407 0.09630 0.00741 0.05185 0.09630 0.12593 0.02963 0.04444 0.02963 0.04444 0.03704 0.00741 0.02222 0.06667
GNM14138                       0.06667 0.08889 0.04444 0.06667 0.00741 0.01481 0.06667 0.08889 0.00000 0.06667 0.14074 0.08148 0.02222 0.03704 0.02963 0.04444 0.04444 0.00741 0.02222 0.05926
GNM14055                       0.03731 0.05970 0.02239 0.04478 0.00000 0.03731 0.06716 0.06716 0.01493 0.08209 0.11940 0.13433 0.02985 0.02239 0.02985 0.05970 0.07463 0.01493 0.02239 0.05970
GNM14748                       0.08209 0.04478 0.02239 0.05224 0.00746 0.03731 0.05970 0.06716 0.02239 0.05224 0.14179 0.13433 0.02239 0.01493 0.02985 0.05224 0.05970 0.01493 0.02985 0.05224
GNM14246                       0.08148 0.10370 0.02963 0.05926 0.00000 0.02963 0.05926 0.08889 0.02222 0.06667 0.13333 0.08889 0.02222 0.01481 0.02963 0.02963 0.03704 0.00741 0.02963 0.06667
GNM14640                       0.06667 0.09630 0.02963 0.05926 0.00000 0.01481 0.05926 0.08889 0.01481 0.03704 0.13333 0.10370 0.02963 0.01481 0.02222 0.03704 0.04444 0.00741 0.05185 0.08889
GNM14965                       0.07463 0.06716 0.05970 0.04478 0.00000 0.00746 0.06716 0.07463 0.00000 0.06716 0.10448 0.09701 0.02239 0.02985 0.05970 0.05970 0.04478 0.01493 0.02239 0.08209
GNM13677                       0.06780 0.05932 0.03390 0.04237 0.00000 0.02542 0.06780 0.09322 0.01695 0.05085 0.11864 0.12712 0.01695 0.01695 0.03390 0.04237 0.06780 0.00847 0.04237 0.06780
GNM14339                       0.04511 0.07519 0.01504 0.03008 0.01504 0.03008 0.06015 0.12782 0.01504 0.04511 0.13534 0.09774 0.03759 0.03008 0.06767 0.02256 0.02256 0.01504 0.01504 0.09774
GNM14593                       0.05224 0.06716 0.04478 0.02239 0.00000 0.00000 0.07463 0.07463 0.01493 0.07463 0.11940 0.15672 0.02239 0.02239 0.04478 0.03731 0.05224 0.00746 0.04478 0.06716
GNM13825                       0.08209 0.09701 0.02239 0.03731 0.00746 0.00000 0.07463 0.08955 0.00746 0.03731 0.13433 0.09701 0.00746 0.02239 0.07463 0.02985 0.03731 0.01493 0.04478 0.08209
GNM14768                       0.05970 0.05970 0.02985 0.03731 0.00000 0.00000 0.05970 0.09701 0.02239 0.08209 0.10448 0.13433 0.02985 0.02239 0.04478 0.04478 0.05970 0.00746 0.04478 0.05970
GNM14776                       0.05970 0.05970 0.03731 0.02985 0.00000 0.00000 0.05970 0.09701 0.02239 0.08209 0.10448 0.13433 0.02985 0.02239 0.04478 0.04478 0.05970 0.00746 0.04478 0.05970
GNM14715                       0.12687 0.08209 0.02985 0.05224 0.00746 0.02239 0.05224 0.05970 0.01493 0.03731 0.14925 0.09701 0.02985 0.02985 0.05970 0.05224 0.01493 0.01493 0.01493 0.05224
GNM14639                       0.05970 0.05970 0.02985 0.04478 0.00000 0.01493 0.05970 0.08209 0.00746 0.09701 0.10448 0.14179 0.01493 0.02985 0.03731 0.03731 0.04478 0.00746 0.03731 0.08955
GNM13795                       0.09701 0.04478 0.01493 0.05970 0.00746 0.03731 0.05224 0.07463 0.02239 0.05224 0.14179 0.13433 0.02239 0.01493 0.02985 0.03731 0.05970 0.01493 0.02985 0.05224
GNM14166                       0.05224 0.02985 0.02985 0.05224 0.00000 0.02239 0.06716 0.07463 0.02239 0.04478 0.12687 0.14925 0.05224 0.02239 0.03731 0.03731 0.08955 0.01493 0.02239 0.05224
GNM14450                       0.06716 0.04478 0.06716 0.05970 0.00746 0.03731 0.03731 0.05224 0.00000 0.06716 0.12687 0.15672 0.02239 0.01493 0.03731 0.02985 0.06716 0.01493 0.02985 0.05970
GNM13745                       0.05224 0.04478 0.07463 0.05970 0.00000 0.02985 0.02239 0.05970 0.00746 0.10448 0.12687 0.12687 0.02985 0.01493 0.02985 0.08209 0.05970 0.00746 0.03731 0.02985
GNM14959                       0.05224 0.09701 0.02239 0.07463 0.01493 0.00746 0.05970 0.09701 0.00746 0.08955 0.14925 0.06716 0.02239 0.02985 0.03731 0.03731 0.03731 0.02239 0.01493 0.05970
GNM13413                       0.06618 0.05882 0.01471 0.04412 0.00000 0.00735 0.08088 0.10294 0.02941 0.04412 0.16176 0.12500 0.02206 0.02206 0.05147 0.00735 0.03676 0.01471 0.02941 0.08088
GNM14990                       0.03731 0.05970 0.01493 0.03731 0.00000 0.03731 0.05970 0.06716 0.01493 0.08955 0.12687 0.14925 0.03731 0.02239 0.03731 0.05224 0.08955 0.01493 0.02239 0.02985
GNM15005                       0.03731 0.05970 0.01493 0.03731 0.00000 0.03731 0.06716 0.06716 0.01493 0.10448 0.12687 0.14179 0.02985 0.02239 0.02985 0.05970 0.08955 0.01493 0.02239 0.02239
GNM14992                       0.05303 0.06061 0.01515 0.02273 0.00000 0.04545 0.06061 0.06061 0.00000 0.08333 0.12879 0.14394 0.03030 0.02273 0.03788 0.06818 0.06818 0.01515 0.03030 0.05303
GNM15013                       0.03731 0.05970 0.01493 0.03731 0.00000 0.03731 0.05970 0.06716 0.01493 0.09701 0.12687 0.14925 0.03731 0.02239 0.02985 0.05970 0.08955 0.01493 0.02239 0.02239
GNM14976                       0.03731 0.05970 0.01493 0.03731 0.00000 0.03731 0.05970 0.06716 0.01493 0.08955 0.12687 0.14925 0.03731 0.02239 0.02985 0.05970 0.08955 0.01493 0.02239 0.02985
GNM15022                       0.03731 0.05970 0.01493 0.03731 0.00000 0.03731 0.05970 0.06716 0.01493 0.08955 0.12687 0.14925 0.03731 0.02239 0.02985 0.05970 0.08955 0.01493 0.02239 0.02985
GNM14999                       0.02239 0.06716 0.00746 0.03731 0.00000 0.04478 0.05970 0.06716 0.01493 0.07463 0.14179 0.13433 0.02985 0.02239 0.04478 0.05970 0.08955 0.01493 0.02239 0.04478
GNM15018                       0.09701 0.05224 0.01493 0.05970 0.00746 0.02239 0.05970 0.06716 0.01493 0.04478 0.14179 0.14925 0.02985 0.01493 0.02985 0.03731 0.05224 0.01493 0.02239 0.06716
GNM15025                       0.03731 0.04478 0.02239 0.05970 0.00000 0.04478 0.03731 0.06716 0.01493 0.08955 0.13433 0.14925 0.02985 0.01493 0.02985 0.06716 0.06716 0.01493 0.02985 0.04478
GNM15024                       0.09701 0.05224 0.01493 0.05970 0.00746 0.02239 0.05970 0.06716 0.01493 0.04478 0.14179 0.14925 0.02985 0.01493 0.02985 0.03731 0.05224 0.01493 0.02239 0.06716
GNM14980                       0.12088 0.03297 0.00000 0.08791 0.01099 0.02198 0.07692 0.04396 0.01099 0.03297 0.14286 0.15385 0.03297 0.00000 0.01099 0.04396 0.05495 0.01099 0.02198 0.08791
GNM15000                       0.09701 0.05224 0.01493 0.05970 0.00746 0.02239 0.05970 0.06716 0.01493 0.04478 0.14179 0.14925 0.02985 0.01493 0.02985 0.03731 0.05224 0.01493 0.02239 0.06716
GNM15026                       0.02985 0.04478 0.02985 0.04478 0.00000 0.03731 0.05224 0.06716 0.01493 0.06716 0.12687 0.15672 0.02985 0.01493 0.02985 0.05970 0.08955 0.01493 0.02985 0.05970
GNM15027                       0.08271 0.08271 0.03008 0.04511 0.00000 0.00000 0.05263 0.06015 0.01504 0.02256 0.18797 0.11278 0.02256 0.03008 0.05263 0.04511 0.04511 0.00752 0.01504 0.09023
GNM15019                       0.09701 0.04478 0.01493 0.06716 0.00746 0.03731 0.04478 0.07463 0.01493 0.05224 0.13433 0.13433 0.02239 0.01493 0.02985 0.02985 0.07463 0.01493 0.02985 0.05970
GNM15003                       0.03731 0.05970 0.01493 0.03731 0.00000 0.03731 0.06716 0.05970 0.01493 0.08955 0.14179 0.14179 0.02985 0.01493 0.03731 0.04478 0.08955 0.01493 0.02985 0.03731
GNM11003                       0.03604 0.04505 0.06306 0.01802 0.00901 0.00000 0.09910 0.09910 0.00901 0.09009 0.13514 0.10811 0.02703 0.04505 0.05405 0.02703 0.06306 0.00901 0.04505 0.01802
GNM11023                       0.03676 0.11765 0.00735 0.04412 0.00000 0.00000 0.09559 0.09559 0.02941 0.05882 0.14706 0.07353 0.02206 0.02941 0.03676 0.03676 0.04412 0.01471 0.04412 0.06618
GNM11055                       0.05263 0.09023 0.03759 0.03759 0.00752 0.00752 0.07519 0.07519 0.03008 0.04511 0.13534 0.09774 0.03008 0.02256 0.04511 0.00752 0.05263 0.00752 0.04511 0.09774
GNM11146                       0.03704 0.09630 0.01481 0.05926 0.01481 0.00741 0.05185 0.10370 0.01481 0.05185 0.17037 0.07407 0.01481 0.02222 0.03704 0.05926 0.02963 0.02222 0.03704 0.08148
GNM11219                       0.05926 0.12593 0.01481 0.04444 0.00741 0.00741 0.09630 0.11111 0.02963 0.06667 0.13333 0.04444 0.02963 0.02963 0.04444 0.04444 0.05185 0.01481 0.01481 0.02963
GNM11220                       0.03759 0.07519 0.04511 0.03008 0.00752 0.00752 0.06767 0.08271 0.00000 0.06015 0.11278 0.13534 0.01504 0.03008 0.03759 0.07519 0.03759 0.00752 0.03759 0.09774
GNM11222                       0.07407 0.06667 0.02222 0.01481 0.00000 0.02222 0.05926 0.09630 0.02222 0.04444 0.15556 0.12593 0.02963 0.02963 0.05185 0.05185 0.03704 0.00741 0.02963 0.05926
GNM11224                       0.05926 0.08148 0.03704 0.05926 0.00000 0.00741 0.05926 0.09630 0.01481 0.05926 0.12593 0.11852 0.02222 0.02222 0.02963 0.03704 0.05926 0.00741 0.03704 0.06667
GNM11225                       0.07407 0.12593 0.02963 0.06667 0.00000 0.00741 0.03704 0.08148 0.01481 0.04444 0.14815 0.08889 0.02222 0.00741 0.02963 0.03704 0.05185 0.00741 0.03704 0.08889
GNM11358                       0.02239 0.05224 0.06716 0.03731 0.00000 0.02239 0.08955 0.05970 0.02239 0.08209 0.11940 0.11940 0.02985 0.02985 0.02985 0.08209 0.03731 0.01493 0.01493 0.06716
GNM11360                       0.10448 0.03731 0.02239 0.05970 0.00746 0.02239 0.03731 0.06716 0.01493 0.02985 0.14925 0.15672 0.02239 0.01493 0.02985 0.03731 0.07463 0.01493 0.02985 0.06716
GNM11362                       0.07937 0.07937 0.03175 0.05556 0.00794 0.01587 0.06349 0.07143 0.02381 0.06349 0.14286 0.09524 0.02381 0.02381 0.03175 0.05556 0.02381 0.01587 0.02381 0.07143
GNM11367                       0.07463 0.04478 0.02239 0.04478 0.00746 0.02239 0.06716 0.05970 0.02239 0.05224 0.13433 0.13433 0.02985 0.01493 0.03731 0.04478 0.05970 0.01493 0.02985 0.08209
GNM11377                       0.09701 0.05224 0.02985 0.06716 0.00000 0.02239 0.05224 0.06716 0.00000 0.05970 0.10448 0.13433 0.02239 0.01493 0.04478 0.04478 0.05970 0.01493 0.02239 0.08955
GNM11380                       0.05224 0.02985 0.01493 0.05970 0.00000 0.02239 0.05970 0.07463 0.02985 0.05970 0.12687 0.13433 0.04478 0.02985 0.02985 0.05224 0.08955 0.01493 0.02239 0.05224
GNM11383                       0.05224 0.05224 0.02985 0.05224 0.00000 0.02239 0.05970 0.07463 0.00746 0.09701 0.11194 0.14925 0.02985 0.02239 0.02985 0.08209 0.04478 0.01493 0.02985 0.03731
GNM11491                       0.08955 0.05970 0.00746 0.03731 0.00000 0.02985 0.06716 0.09701 0.01493 0.06716 0.11940 0.13433 0.03731 0.01493 0.02985 0.04478 0.05224 0.01493 0.02985 0.05224
GNM11804                       0.05263 0.08271 0.00752 0.06015 0.00752 0.00752 0.06015 0.09774 0.02256 0.04511 0.14286 0.12030 0.03008 0.01504 0.04511 0.02256 0.03759 0.00000 0.05263 0.09023
GNM11805                       0.04478 0.07463 0.06716 0.02985 0.00000 0.02239 0.08955 0.07463 0.00746 0.08955 0.13433 0.10448 0.02239 0.01493 0.02985 0.05224 0.04478 0.00746 0.02985 0.05970
GNM12886                       0.08955 0.05224 0.02985 0.05970 0.00746 0.01493 0.06716 0.08209 0.00000 0.05970 0.10448 0.13433 0.02239 0.01493 0.04478 0.02239 0.06716 0.01493 0.02239 0.08955
GNM13060                       0.04132 0.04959 0.03306 0.04959 0.00826 0.01653 0.05785 0.04959 0.01653 0.06612 0.15702 0.14876 0.04132 0.04132 0.05785 0.01653 0.04959 0.00826 0.03306 0.05785
GNM13061                       0.05833 0.10000 0.02500 0.03333 0.00000 0.01667 0.10000 0.06667 0.00000 0.05833 0.12500 0.10000 0.04167 0.02500 0.05000 0.04167 0.02500 0.01667 0.04167 0.07500
GNM13062                       0.08955 0.08209 0.04478 0.06716 0.01493 0.02239 0.04478 0.05970 0.01493 0.02985 0.16418 0.08209 0.03731 0.01493 0.03731 0.05970 0.02239 0.01493 0.01493 0.08209
GNM13064                       0.04478 0.04478 0.08209 0.04478 0.00000 0.02985 0.04478 0.05970 0.02239 0.08209 0.11194 0.07463 0.02985 0.02239 0.03731 0.12687 0.07463 0.00746 0.02239 0.03731
GNM13066                       0.08209 0.03731 0.07463 0.03731 0.00000 0.02239 0.02985 0.05970 0.02239 0.10448 0.11194 0.08955 0.02239 0.02239 0.05224 0.09701 0.07463 0.00746 0.02239 0.02985
GNM11363                       0.07937 0.07937 0.03175 0.05556 0.00794 0.01587 0.06349 0.07143 0.02381 0.06349 0.14286 0.09524 0.02381 0.02381 0.03175 0.05556 0.02381 0.01587 0.02381 0.07143
GNM11375                       0.08209 0.05224 0.01493 0.05224 0.00746 0.02985 0.05970 0.07463 0.01493 0.05970 0.14925 0.14179 0.02985 0.01493 0.03731 0.04478 0.05224 0.01493 0.02985 0.03731
GNM11381                       0.05224 0.04478 0.04478 0.04478 0.00000 0.02239 0.05224 0.07463 0.00746 0.06716 0.08955 0.13433 0.03731 0.02239 0.03731 0.08209 0.06716 0.01493 0.02985 0.07463
GNM11382                       0.05970 0.04478 0.05224 0.05970 0.00000 0.02239 0.05224 0.07463 0.00746 0.07463 0.13433 0.14925 0.02239 0.01493 0.02985 0.04478 0.05970 0.00746 0.03731 0.05224
GNM11841                       0.07353 0.04412 0.02206 0.08824 0.00735 0.02941 0.11765 0.08824 0.05147 0.02206 0.13235 0.02941 0.02941 0.02206 0.05147 0.02941 0.07353 0.00735 0.00000 0.08088
GNM11931                       0.11765 0.03676 0.01471 0.11029 0.00735 0.02206 0.08088 0.09559 0.03676 0.03676 0.11029 0.02206 0.02941 0.00735 0.05882 0.04412 0.06618 0.00735 0.00735 0.08824
GNM12040                       0.07353 0.06618 0.03676 0.05882 0.00735 0.04412 0.12500 0.06618 0.04412 0.04412 0.11765 0.01471 0.02941 0.00735 0.05147 0.03676 0.08088 0.00735 0.00735 0.08088
GNM12071                       0.07353 0.06618 0.02206 0.09559 0.00000 0.02206 0.11765 0.09559 0.02941 0.05882 0.11765 0.02206 0.02206 0.01471 0.04412 0.02941 0.08088 0.00735 0.00000 0.08088
GNM12125                       0.02941 0.11765 0.01471 0.04412 0.00000 0.00735 0.06618 0.10294 0.02941 0.08824 0.14706 0.08088 0.02206 0.01471 0.05882 0.02206 0.03676 0.01471 0.04412 0.05882
GNM12126                       0.07353 0.08824 0.02206 0.02941 0.00000 0.01471 0.09559 0.08824 0.01471 0.08088 0.12500 0.11029 0.01471 0.02941 0.06618 0.02206 0.02206 0.01471 0.03676 0.05147
GNM12128                       0.02963 0.09630 0.02222 0.05185 0.00741 0.00741 0.05185 0.09630 0.01481 0.08889 0.12593 0.12593 0.03704 0.03704 0.04444 0.02222 0.03704 0.01481 0.03704 0.05185
GNM12182                       0.04511 0.07519 0.03008 0.03759 0.00000 0.02256 0.07519 0.09774 0.00752 0.09023 0.10526 0.10526 0.04511 0.03008 0.03008 0.06767 0.03008 0.00752 0.02256 0.07519
GNM12342                       0.02206 0.07353 0.02941 0.03676 0.00735 0.00735 0.10294 0.10294 0.01471 0.09559 0.11029 0.13971 0.02941 0.02206 0.05147 0.00735 0.03676 0.00735 0.02206 0.08088
GNM12346                       0.08955 0.07463 0.04478 0.03731 0.00746 0.03731 0.07463 0.10448 0.02239 0.05224 0.08955 0.07463 0.05224 0.02239 0.02985 0.02239 0.03731 0.00000 0.03731 0.08955
GNM12351                       0.07463 0.07463 0.02985 0.08209 0.00746 0.02985 0.04478 0.08955 0.02985 0.04478 0.10448 0.08209 0.02239 0.02985 0.03731 0.03731 0.05224 0.00000 0.02239 0.10448
GNM12356                       0.03676 0.07353 0.03676 0.04412 0.00735 0.00735 0.08088 0.08824 0.02206 0.11029 0.09559 0.13235 0.02941 0.02206 0.02941 0.03676 0.05147 0.00000 0.02206 0.07353
GNM12357                       0.04412 0.08088 0.02941 0.05882 0.00735 0.00000 0.06618 0.10294 0.01471 0.08088 0.09559 0.12500 0.03676 0.01471 0.04412 0.02206 0.03676 0.00000 0.03676 0.10294
GNM12366                       0.05147 0.08824 0.02941 0.05882 0.00735 0.00000 0.05882 0.11029 0.01471 0.06618 0.11765 0.11765 0.03676 0.01471 0.03676 0.02941 0.02941 0.00000 0.03676 0.09559
GNM12373                       0.06716 0.07463 0.02985 0.02985 0.00746 0.01493 0.06716 0.08209 0.02239 0.04478 0.09701 0.08209 0.03731 0.02239 0.04478 0.02239 0.10448 0.00000 0.04478 0.10448
GNM12385                       0.05970 0.08955 0.00746 0.08955 0.01493 0.02985 0.03731 0.08209 0.02239 0.03731 0.11940 0.08209 0.02985 0.02985 0.04478 0.00746 0.07463 0.00000 0.05224 0.08955
GNM12551                       0.05344 0.09160 0.00763 0.06870 0.01527 0.00763 0.09924 0.11450 0.00763 0.04580 0.11450 0.06870 0.03817 0.03053 0.06107 0.01527 0.03817 0.00763 0.04580 0.06870
GNM12554                       0.06716 0.08209 0.01493 0.05970 0.00746 0.02239 0.04478 0.08209 0.02239 0.05224 0.11194 0.08209 0.02239 0.01493 0.04478 0.02239 0.08209 0.00000 0.05970 0.10448
GNM12592                       0.07519 0.11278 0.01504 0.05263 0.01504 0.00752 0.09023 0.08271 0.03008 0.06767 0.10526 0.08271 0.03008 0.02256 0.02256 0.03759 0.03759 0.00752 0.02256 0.08271
GNM12596                       0.05970 0.08209 0.04478 0.04478 0.00746 0.03731 0.07463 0.08209 0.03731 0.05224 0.09701 0.08955 0.02985 0.02239 0.03731 0.02239 0.03731 0.00000 0.02985 0.11194
GNM12602                       0.06716 0.08209 0.04478 0.04478 0.00746 0.03731 0.07463 0.09701 0.03731 0.05224 0.10448 0.07463 0.02985 0.02239 0.03731 0.01493 0.05224 0.00000 0.02239 0.09701
GNM12665                       0.07463 0.08209 0.04478 0.03731 0.00746 0.02985 0.08209 0.08209 0.03731 0.03731 0.10448 0.09701 0.02985 0.02239 0.03731 0.01493 0.02985 0.00000 0.02985 0.11940
GNM12745                       0.04478 0.07463 0.04478 0.04478 0.00000 0.00746 0.11194 0.07463 0.00000 0.06716 0.11194 0.08209 0.02239 0.02239 0.04478 0.04478 0.08209 0.00746 0.04478 0.06716
GNM12749                       0.05970 0.08209 0.02239 0.06716 0.00746 0.02985 0.04478 0.09701 0.02985 0.04478 0.12687 0.08209 0.02239 0.01493 0.03731 0.01493 0.07463 0.00000 0.04478 0.09701
GNM12758                       0.07463 0.08955 0.02985 0.05970 0.00000 0.01493 0.09701 0.10448 0.00746 0.06716 0.08209 0.07463 0.03731 0.03731 0.02985 0.02985 0.04478 0.00746 0.02985 0.08209
GNM12763                       0.04478 0.08955 0.02985 0.05224 0.00000 0.00746 0.08955 0.08209 0.01493 0.04478 0.12687 0.11940 0.02239 0.02985 0.04478 0.03731 0.03731 0.00746 0.03731 0.08209
GNM12766                       0.02206 0.09559 0.04412 0.04412 0.00735 0.00000 0.08088 0.10294 0.01471 0.08088 0.11765 0.11765 0.02206 0.01471 0.04412 0.00735 0.04412 0.00000 0.03676 0.10294
GNM12841                       0.10294 0.05147 0.02206 0.08824 0.00000 0.02941 0.12500 0.08824 0.03676 0.03676 0.09559 0.03676 0.02206 0.00000 0.05147 0.01471 0.08824 0.01471 0.00000 0.09559
GNM12849                       0.10448 0.02985 0.02985 0.06716 0.00746 0.01493 0.02985 0.06716 0.01493 0.04478 0.13433 0.16418 0.03731 0.02239 0.03731 0.04478 0.05970 0.01493 0.02985 0.04478
GNM12869                       0.09701 0.05970 0.01493 0.05224 0.00746 0.02985 0.05970 0.05970 0.01493 0.04478 0.14179 0.13433 0.02985 0.01493 0.03731 0.03731 0.05970 0.01493 0.02239 0.06716
GNM12896                       0.05970 0.02985 0.02985 0.05224 0.00000 0.02985 0.06716 0.07463 0.02239 0.05224 0.12687 0.13433 0.05224 0.02239 0.02985 0.05224 0.07463 0.01493 0.02239 0.05224
GNM12897                       0.06716 0.02985 0.02239 0.05970 0.00000 0.02239 0.05224 0.07463 0.02985 0.05224 0.12687 0.14179 0.05224 0.02239 0.02985 0.05970 0.06716 0.01493 0.02239 0.05224
GNM12902                       0.03008 0.09023 0.05263 0.04511 0.00000 0.00000 0.08271 0.08271 0.00000 0.07519 0.15789 0.09774 0.04511 0.00752 0.03759 0.06015 0.05263 0.00752 0.03008 0.04511
GNM12903                       0.04478 0.09701 0.02239 0.05970 0.00746 0.01493 0.04478 0.09701 0.01493 0.06716 0.14925 0.05224 0.02239 0.02985 0.05224 0.04478 0.04478 0.01493 0.02985 0.08955
GNM12906                       0.05970 0.10448 0.02239 0.04478 0.00746 0.00746 0.06716 0.09701 0.01493 0.05224 0.14925 0.05224 0.02239 0.02985 0.05970 0.02985 0.04478 0.01493 0.02985 0.08955
GNM12907                       0.05224 0.09701 0.02239 0.05224 0.00746 0.00746 0.05970 0.09701 0.01493 0.06716 0.14925 0.04478 0.02239 0.02985 0.05224 0.03731 0.05224 0.01493 0.02985 0.08955
GNM12909                       0.03731 0.08955 0.02239 0.05224 0.00746 0.01493 0.04478 0.09701 0.02239 0.06716 0.14925 0.05224 0.02239 0.02985 0.05970 0.03731 0.06716 0.01493 0.02985 0.08209
GNM12915                       0.05185 0.10370 0.03704 0.05185 0.00741 0.01481 0.07407 0.09630 0.01481 0.08148 0.11111 0.09630 0.02963 0.02963 0.03704 0.02222 0.04444 0.00741 0.02222 0.06667
GNM10046                       0.05185 0.10370 0.03704 0.04444 0.00741 0.01481 0.08148 0.09630 0.01481 0.07407 0.11111 0.09630 0.02963 0.02963 0.03704 0.02222 0.04444 0.00741 0.02222 0.07407
GNM12918                       0.05185 0.08889 0.03704 0.04444 0.00741 0.02222 0.08148 0.09630 0.01481 0.08148 0.11111 0.10370 0.02963 0.02963 0.03704 0.02222 0.04444 0.00741 0.02222 0.06667
GNM12931                       0.02941 0.09559 0.03676 0.03676 0.00000 0.02206 0.05147 0.10294 0.02206 0.08088 0.14706 0.11765 0.02206 0.02941 0.05147 0.02206 0.04412 0.01471 0.03676 0.03676
GNM12938                       0.02985 0.08955 0.04478 0.05224 0.00000 0.00746 0.05970 0.10448 0.00746 0.06716 0.11940 0.09701 0.02985 0.04478 0.03731 0.07463 0.02239 0.01493 0.02985 0.06716
GNM12996                       0.02222 0.07407 0.02963 0.04444 0.00000 0.00741 0.05926 0.08889 0.01481 0.07407 0.11111 0.13333 0.05926 0.02222 0.05185 0.03704 0.05185 0.01481 0.05926 0.04444
GNM13018                       0.02222 0.08148 0.04444 0.04444 0.00000 0.00741 0.05185 0.08889 0.01481 0.08148 0.11111 0.11852 0.04444 0.02222 0.05185 0.03704 0.04444 0.01481 0.05926 0.05926
GNM13027                       0.02222 0.06667 0.03704 0.03704 0.00000 0.00000 0.06667 0.10370 0.02222 0.10370 0.14074 0.11852 0.03704 0.03704 0.04444 0.04444 0.04444 0.00741 0.03704 0.02963
GNM13046                       0.05970 0.03731 0.01493 0.05970 0.00000 0.02985 0.04478 0.06716 0.01493 0.07463 0.14925 0.16418 0.02239 0.02239 0.03731 0.05970 0.08209 0.01493 0.02239 0.02239
GNM13053                       0.07463 0.05970 0.07463 0.03731 0.00746 0.02239 0.08209 0.08209 0.00746 0.05224 0.13433 0.08955 0.03731 0.02239 0.05970 0.02985 0.04478 0.01493 0.00746 0.05970
GNM13074                       0.05185 0.09630 0.02222 0.04444 0.00000 0.01481 0.08889 0.10370 0.01481 0.09630 0.10370 0.10370 0.02963 0.02963 0.02963 0.02222 0.05185 0.00741 0.02222 0.06667
GNM10010                       0.03704 0.10370 0.02222 0.05185 0.00000 0.00741 0.08889 0.09630 0.01481 0.08889 0.13333 0.11111 0.02963 0.02222 0.03704 0.02222 0.04444 0.00741 0.02222 0.05926
GNM10014                       0.04444 0.10370 0.02222 0.05185 0.00000 0.00741 0.08889 0.09630 0.01481 0.08889 0.13333 0.11111 0.02963 0.02222 0.03704 0.02222 0.04444 0.00741 0.02222 0.05185
GNM13090                       0.05185 0.09630 0.01481 0.05926 0.00000 0.01481 0.07407 0.09630 0.01481 0.08148 0.13333 0.10370 0.02963 0.02222 0.03704 0.02963 0.05185 0.00741 0.02222 0.05926
GNM13118                       0.05147 0.12500 0.04412 0.03676 0.00000 0.00735 0.08824 0.08824 0.00735 0.05147 0.16912 0.07353 0.01471 0.02206 0.03676 0.04412 0.04412 0.00735 0.02206 0.06618
GNM13126                       0.03419 0.10256 0.05128 0.05128 0.00000 0.02564 0.08547 0.08547 0.00855 0.07692 0.15385 0.07692 0.02564 0.00855 0.03419 0.05983 0.02564 0.00855 0.04274 0.04274
GNM13128                       0.05224 0.10448 0.04478 0.06716 0.00746 0.01493 0.05970 0.08209 0.00746 0.08209 0.13433 0.08955 0.01493 0.01493 0.02239 0.02985 0.04478 0.00746 0.04478 0.07463
GNM13208                       0.07463 0.11194 0.01493 0.04478 0.00746 0.02239 0.07463 0.10448 0.01493 0.08209 0.14179 0.05224 0.02239 0.02985 0.04478 0.02985 0.02239 0.01493 0.02239 0.06716
GNM13210                       0.05147 0.11029 0.01471 0.04412 0.00000 0.00000 0.07353 0.11765 0.02941 0.07353 0.13971 0.07353 0.02941 0.01471 0.03676 0.03676 0.03676 0.01471 0.02941 0.07353
GNM12773                       0.05385 0.06923 0.03077 0.05385 0.00000 0.00769 0.07692 0.08462 0.00769 0.08462 0.06154 0.14615 0.04615 0.03077 0.02308 0.05385 0.05385 0.00769 0.03846 0.06923
GNM12769                       0.02963 0.08148 0.02963 0.03704 0.00000 0.01481 0.05926 0.08148 0.01481 0.05926 0.14074 0.16296 0.04444 0.04444 0.02963 0.06667 0.05185 0.00741 0.00741 0.03704

Homogeneity statistic: X2 = 17.05165 G = 18.16691 

Average                        0.06170 0.07122 0.02949 0.04995 0.00408 0.01991 0.06684 0.08156 0.01663 0.06437 0.12798 0.11170 0.02903 0.02223 0.03982 0.04209 0.05474 0.01104 0.02893 0.06669
(Ambiguity characters are used to calculate freqs.)


# constant sites:      0 (0.00%)

TREE #  1:  ((((((((46, 147), 132), (64, 96)), 97), 98), (((134, 135), (99, 63)), (133, 136))), ((((((126, 125), 128), 127), 146), (66, 45)), 143)), ((((((((((((((((((((47, 48), ((50, 52), 23)), 51), 62), 53), 49), (55, 59)), 28), ((75, 22), (25, 24))), ((((((((58, 56), 57), 54), 121), (20, 7)), (((61, (29, 41)), (8, 6)), (89, 21))), ((11, 73), 120)), 79)), 137), (((90, 78), 19), 91)), (((122, 77), 123), 42)), ((((82, 5), (76, 14)), 32), (15, 72))), 43), (88, 74)), ((((86, 87), 44), (16, 138)), (((39, 85), 13), 60))), ((((1, 83), 84), (9, 2)), 40)), ((((37, 38), (3, 35)), (4, 33)), ((12, 36), 34))), (((((((27, 31), 30), (148, 26)), (70, 71)), 67), (149, 69)), ((18, 17), 68))), (((((((((((113, 111), 112), 102), 110), 101), (((109, 107), 115), 106)), ((((94, 10), 95), (92, 119)), 93)), (65, 80)), ((145, 144), (81, 124))), ((((((105, 104), 103), 118), 100), ((114, 116), 117)), 108)), ((((140, 141), 142), 139), ((131, 129), 130))));   MP score: -1
lnL(ntime:295  np:296): -18101.620222      +0.000000
 150..151 151..152 152..153 153..154 154..155 155..156 156..157 157..46  157..147 156..132 155..158 158..64  158..96  154..97  153..98  152..159 159..160 160..161 161..134 161..135 160..162 162..99  162..63  159..163 163..133 163..136 151..164 164..165 165..166 166..167 167..168 168..169 169..126 169..125 168..128 167..127 166..146 165..170 170..66  170..45  164..143 150..171 171..172 172..173 173..174 174..175 175..176 176..177 177..178 178..179 179..180 180..181 181..182 182..183 183..184 184..185 185..186 186..187 187..188 188..189 189..190 190..47  190..48  189..191 191..192 192..50  192..52  191..23  188..51  187..62  186..53  185..49  184..193 193..55  193..59  183..28  182..194 194..195 195..75  195..22  194..196 196..25  196..24  181..197 197..198 198..199 199..200 200..201 201..202 202..203 203..204 204..58  204..56  203..57  202..54  201..121 200..205 205..20  205..7   199..206 206..207 207..208 208..61  208..209 209..29  209..41  207..210 210..8   210..6   206..211 211..89  211..21  198..212 212..213 213..11  213..73  212..120 197..79  180..137 179..214 214..215 215..216 216..90  216..78  215..19  214..91  178..217 217..218 218..219 219..122 219..77  218..123 217..42  177..220 220..221 221..222 222..223 223..82  223..5   222..224 224..76  224..14  221..32  220..225 225..15  225..72  176..43  175..226 226..88  226..74  174..227 227..228 228..229 229..230 230..86  230..87  229..44  228..231 231..16  231..138 227..232 232..233 233..234 234..39  234..85  233..13  232..60  173..235 235..236 236..237 237..238 238..1   238..83  237..84  236..239 239..9   239..2   235..40  172..240 240..241 241..242 242..243 243..37  243..38  242..244 244..3   244..35  241..245 245..4   245..33  240..246 246..247 247..12  247..36  246..34  171..248 248..249 249..250 250..251 251..252 252..253 253..254 254..27  254..31  253..30  252..255 255..148 255..26  251..256 256..70  256..71  250..67  249..257 257..149 257..69  248..258 258..259 259..18  259..17  258..68  150..260 260..261 261..262 262..263 263..264 264..265 265..266 266..267 267..268 268..269 269..270 270..113 270..111 269..112 268..102 267..110 266..101 265..271 271..272 272..273 273..109 273..107 272..115 271..106 264..274 274..275 275..276 276..277 277..94  277..10  276..95  275..278 278..92  278..119 274..93  263..279 279..65  279..80  262..280 280..281 281..145 281..144 280..282 282..81  282..124 261..283 283..284 284..285 285..286 286..287 287..288 288..105 288..104 287..103 286..118 285..100 284..289 289..290 290..114 290..116 289..117 283..108 260..291 291..292 292..293 293..294 294..140 294..141 293..142 292..139 291..295 295..296 296..131 296..129 295..130
 0.039766 0.064314 0.013643 0.024207 0.068132 0.089718 0.082930 0.234497 0.201313 0.145941 0.000000 0.460354 0.108138 0.421561 0.258269 0.510226 0.000000 0.400323 0.034987 0.023641 0.022274 0.521472 0.344013 0.053698 0.338009 0.230861 0.072519 0.179944 0.096778 0.179382 0.021012 0.010910 0.073243 0.024856 0.032853 0.041462 0.253250 0.020809 0.343144 0.216466 0.434848 0.063938 0.049786 0.212882 0.168269 0.062947 0.028296 0.069380 0.174207 0.043677 0.115293 0.000000 0.070969 0.068440 0.028365 0.058061 0.000000 0.014515 0.025288 0.000000 0.000000 0.006525 0.019618 0.000000 0.000000 0.006466 0.000000 0.000000 0.000000 0.029497 0.045988 0.058296 0.023762 0.053817 0.034626 0.069885 0.114404 0.065095 0.000000 0.000000 0.011378 0.000000 0.000000 0.078178 0.111311 0.022729 0.019621 0.120467 0.015207 0.000000 0.000000 0.000000 0.000000 0.000000 0.000000 0.040903 0.043639 0.005341 0.021763 0.045138 0.006308 0.056509 0.072860 0.032974 0.025967 0.008498 0.000000 0.077183 0.143175 0.035165 0.006883 0.000000 0.055101 0.062818 0.006848 0.000000 0.096640 0.286176 0.117604 0.124890 0.072742 0.029416 0.067904 0.087058 0.098646 0.120191 0.167857 0.019464 0.000000 0.038476 0.041395 0.041354 0.031948 0.134945 0.089916 0.081659 0.073457 0.073905 0.012711 0.059894 0.013188 0.006713 0.208807 0.332945 0.146138 0.108862 0.283685 0.282860 0.000000 0.000000 0.062578 0.141001 0.292861 0.192850 0.068440 0.075381 0.224943 0.178438 0.194976 0.178145 0.044979 0.575626 0.130526 0.149234 0.153349 0.176178 0.269758 0.012889 0.000000 0.335066 0.291469 0.089876 0.120520 0.296061 0.649124 0.000000 0.000000 0.447834 0.117703 0.103714 0.188217 0.254544 0.006806 0.000000 0.096283 0.164670 0.117633 0.664513 0.035077 0.032291 0.143740 0.609778 0.022606 0.082361 0.631533 0.000000 0.058490 0.147092 0.109250 0.060060 0.102979 0.042821 0.245206 0.087084 0.086038 0.167148 0.236445 0.179300 0.058850 0.138032 0.206164 0.397054 0.021209 0.454525 0.297138 0.258852 0.279320 0.000000 0.000000 0.296636 0.044917 0.030616 0.005876 0.142864 0.015241 0.044314 0.069159 0.029720 0.088660 0.052083 0.045285 0.025927 0.021396 0.073326 0.262895 0.291704 0.307263 0.164878 0.031384 0.023752 0.124548 0.144810 0.199746 0.121693 0.704569 0.074394 0.008420 0.073004 0.301076 0.122469 0.201044 0.000000 0.209681 0.135684 0.262459 0.153589 0.112066 0.070562 0.358128 0.178653 0.083902 0.121763 0.037004 0.225645 0.291714 0.075187 0.058346 0.084629 0.019620 0.048795 0.134672 0.083897 0.031401 0.172171 0.061249 0.067549 0.063350 0.019902 0.314991 0.244377 0.139018 0.396532 0.165175 0.025825 0.087549 0.026824 0.020474 0.000000 0.045172 0.064313 0.018719 0.000000 0.019547 0.007289 0.007254 1.868573
