
Printing out site pattern counts


       130         45  P

GNM13746                        CCCCDDFFGG GGHIIIIKKK KKLLLMNNPP PRRRRRSSST TVVWY
GNM13538                        CCCCDDFFGG GGLIIIIKKR RVLSYRNRDP PKKNRRSSST TLVWN
GNM13671                        CCCCDDFFGG GGFFMVVKKK RLLRLRRKEH PKRWRRSSSL TYLWS
GNM13876                        CCCCDDFFGG GGHFMIVGKK KTLRLKNKEH PKRWRRSSTL TYLWY
GNM14837                        CCCCDDFFDG GGLVTKAKKK RALALKNSPK PKRWKRNSTM TLVWN
GNM14249                        CCCCDDFFNG GGLVTKAKKK RAFALKNSPK PKRWKRNSTM TLVWN
GNM13928                        CCCCDDFFDG GGLVTKAKKK RALALKNSPK PKRWKRNSTM TLVWN
GNM13297                        CCCCDDFFGG GGLIIIIKKR RVLSYRNRDP PKKNRRSSST TLVWN
GNM14865                        ACKSDEFYGG GGLITKVGDE RELSLKTTEP AKEHERDDTM TYVWN
GNM13455                        CCCCDDFFAG GGLVTKAKKK RALALKNSPK PKRWKRSSTM TLVWN
GNM14938                        CCCCDDFFGG GGQFMVVRKK KPLRLKRVEH PKRWRRASSL TYMWY
GNM14483                        CCCCDDYFGG GGLVIVAGKK RHLMRKNSEF PKKSRRISSL AFTWN
GNM14872                        CCCCDDTFGG GGLIIKVKRK RTLSQRNHHA PKRWKRFSQM TLVWN
GNM13855                        CCCCDDTFGG GGLVIKVKLK RDFSQKNKRT PKKWKRFSSM TLIWN
GNM14545                        CCCCDDFFGG GGMILVVHKK RPLRLRNTKP PKGWRRVSSL TFLWS
GNM14366                        CCCCDDFFNG GGLVTKVKTK RSLPLKNSPK PKRWKRSSTM TFVWN
GNM14252                        CCCCDDFFNG GGLVTKAKKK RAFALKNSPK PKRWKRNSTM TLVWN
GNM13760                        CCCCDDFFDG GGLVTKAKKK RALSLKNSPK PKRWKRNSTM TLVWN
GNM13982                        CCCCDDFFDG GGLVTKVKKK RAFALKNTPK PKRWKRSSTM TFVWN
GNM13960                        CCCCDDSFNG GGLITKAKKK RALSLKNSPK PKRWKRSSTM TLVWN
GNM14633                        CCCCDDFFDG GGLVTKVKKK RAFALKNTPK PKRWKRSSTM TFVWN
GNM14853                        CCCCDDFFDG GGLVTKVKKK RAFALKNTPK PKRWKRSSTM TFVWN
GNM14055                        CCCCDDFFDG GGLVTKVKKK RALSMKNSPK PKRWKRSSTM TFVWN
GNM14748                        CCCCDDFFDG GGLVTKAKKK RALALKNSPK PKRWKRSSTM TFVWN
GNM14965                        CCCCDDTFGG GGLVTKVKKK RTFNQKNQHT PKRWKRFSSM TLIWN
GNM13677                        CCCCDDFFGG GGHFMIVGKK KTLRLKNREH PKRWRRSSTL TYLWY
GNM14339                        CCCCDDFFGG GGHFMVVKKK KVIKNKRTSH PRRWFRSSAL TLLWY
GNM14593                        CCCCDDFFGG GGFFMVVKKK RMLRLKKKEH PKRWRRSSTL TYLWS
GNM13825                        CCCCDDFFGG GGQFTVVRKR KPLRLKRVEH PKRWRRASSL TYLWY
GNM14768                        CCCCDDFFGG GGLFMIVRKK RLFRLRNKEH PKRWRRASSL TYQWS
GNM14776                        CCCCDDFFGG GGLFMIVRKK RLFRLRNKEH PKRWRRASSL TYQWS
GNM14715                        CCCCDDYFGG GGLVITVGKK RRLSKKNSEL PKKSKRVSSL AYTWN
GNM14639                        CCCCDDFFGG GGLIIKVKKK RELSLRNTTM PKSWRRSSTA TFMWN
GNM13795                        CCCCDDFFDG GGLVTKAKKK RALALKNSPK PKRWKRSSTM TFVWN
GNM13993                        CCCCNDFFGG GGLITKIKKK RAYSSKNTEF YKKWRRTSDM AYIWN
GNM14450                        CCCCDDFFDG GGLLTKIGKK RKFNLKNTQL SKGYRRSSSM TLLWN
GNM14030                        CCCCDDFFGG GGLITKVKKK RSYSFKNSEL YKKWRRNSSM SHIWN
GNM14959                        CCCCDDFFGG GGYIIVVNRA RPLRLRATPP PKKRFRASTM VYVWS
GNM13413                        CCCCDDFFGG GGMIVKVKKK REYSLMNTEP PKSWLRVSTM TYIWN
GNM14990                        CCCCDDSFNG GGLITKAKKK RALSLKNSPK PKRWKRSSTM TLVWN
GNM15005                        CCCCDDSFNG GGLITKAKKK RALSLKNSPK PKRWKRSSTM TLVWN
GNM15013                        CCCCDDSFNG GGLITKAKKK RALSLKNSPK PKRWKRSSTM TLVWN
GNM14976                        CCCCDDSFNG GGLITKAKKK RALSLKNSPK PKRWKRSSTM TLVWN
GNM15022                        CCCCDDSFNG GGLITKAKKK RALSLKNSPK PKRWKRSSTM TLVWN
GNM14995                        C-C-DDF--- -GL--KAKKK R-LAMKN--- PK-WKR-STM TFVWM
GNM15018                        CCCCDDFFNG GGLVTKAKKK RAFALKNSPK PKRWKRNSTM TLVWN
GNM15025                        CCCCDDFFNG GGLVTKAKKK RALSLKNSSK PKRWKRSSTM TLVWN
GNM15024                        CCCCDDFFNG GGLVTKAKKK RAFALKNSPK PKRWKRNSTM TLVWN
GNM14980                        CCCCDDFFNG GGLVTKAKKK RAFALKNSPK PKRWKRNSTM TLVWN
GNM15000                        CCCCDDFFNG GGLVTKAKKK RAFALKNSPK PKRWKRNSTM TLVWN
GNM15001                        CCCCDDFFNG GGLVTKAKKK RAFALKNSPK PKRWKRNSTM TLVWN
GNM15028                        CCCCDDSFNG GGLITKAKKK RALSLKNSPK PKRWKRSSTM TLVWN
GNM11003                        CCCCDDFFGG GGYILKVHKK KRLSLMNTEP PKKWRRSSTM TYIWY
GNM11023                        CCCCNKFFGG GGLILKVRKE RELSLLRTSP PKGWYDSSQM VYIWN
GNM11055                        CCCCDKFFGG GGLIKKVKKK RELGFRRTDP PKYYERSSRM TYVWN
GNM11146                        CCCCDNFYGG GGMIIVVGKA KPQRLRVYPP PRRRFQSSVM VYVWS
GNM11219                        CCCCDDFFGG GGLISKVKRK RPLSLRRTPP PRRRRRSSKV TYVWS
GNM11220                        CCCCDDFFGG GGFILVVRKK RPLRYKRTEP PKGWRRSSTM TYIWS
GNM11223                        CCCCDDFFGG GGLFIKVKRK RPFSLRNTEP SKYWRRSSSM TYIWS
GNM11224                        CCCCDDFFGG GGLFIKVRKK RPFSLRNTEP SKYWRRSSSM TYIWS
GNM11225                        C-C-DDF--- -GL--KVKKK R-LSLKA--- AK-WRR-SSM TYTWN
GNM11360                        CCCCDDFFAG GGLVTKAKKK RALALKNSPK PKRWKRSSTM TLVWN
GNM11362                        CCCCDDFFGG GGLIRKVKKK RRLSLRNETF AKNYWRSSSI TLMWN
GNM11367                        CCCCDDFFDG GGLVTKVKKK RAFALKNTPK PKRWKRSSTM TFVWN
GNM11380                        CCCCDDFFNG GGLVTKVKRK RALSFKNSPK PKRWKRSSSM TLVWN
GNM11383                        CCCCDDFFDG GGLVTKVKTK RALPLKNSPK PKRWKRSSTM TLVWN
GNM11491                        CCCCDDFFNG GGLVTKAKKK RAFSMKNSPK PKRWRRNSTM TFVWN
GNM11804                        CCCCDNFFGG GGLIKKVKKK RELRLRRTDL PKYYERSSRM TVIWN
GNM11805                        CCCCDAFFGA GGLIIVIKNK REVKMRKSDP AKHNRRISNI TYIWN
GNM12883                        CCCCDDTFGG GGLIIKVKKK RTLSQRNHRT PKNWKRFSQM TLVWN
GNM13061                        CCCCDDFFGG GGLIIVFKKK RKLHLMNKEP PKARMRSSTT TLAWS
GNM11034                        CCCCDDFFGG GGQFMVVKKK KPLRLKRVEH PKRWRRASSL TYMWY
GNM11363                        CCCCDDFFGG GGLIRKVKKK RRLSLRNETF AKNYWRSSSI TLMWN
GNM11799                        CCCCDDSFNG GGLVTKAKKK RALSLKNSPK PKRWKRSSTM TLVWN
GNM11931                        CCCCDEFYGG GGLITKVGDE REVAVHNTDP PKDHERDSSM TFTWN
GNM12040                        ACKSDEFFGG GGLITKVGDE RELSLKTTEP PKEHERDDTM TLIWN
GNM12071                        ACVTNEFYGG GGLITKVGDE RELSLKTTEP AKEHERDDQM TYIWN
GNM12125                        CCCCDDFYGG GGMILKVGKK RELSLKNTSP PKRWFRTSSM TYVW-
GNM12126                        CCCCDDFFGG GGMIIKVGKP RELSMRNTEP PKRWFRSSSM TYIWS
GNM12128                        CCCCDNFFGG GGLIVKVGKP RNLSMKNTSP PKNWLRSSSM TLIWN
GNM12182                        CCCCDDFFGA GGYIMKVHKK KPLNLRNTDP AKGWRKSSTM THIWY
GNM12342                        CCCCDNFFGG GGMIKKVGKK RELSLEKKEP PKYYERSSTM TVVWS
GNM12351                        CCCCDLFFGG GGLLLGAGRV RETSYKRTLP PKEYKRSSSL TFTWN
GNM12356                        CCCCDVIFGG GGLIKKVKKR RELSMKKTSP AKKFERNSSK TFVWN
GNM12357                        CCCCDVFFEG GGLIKKVGKK RELSMKKCTP GKGHERSSSK TYVWN
GNM12366                        CCCCDVFFEG GGLIKKVGKK RELSMKKCKP GKGQERSSSK TYVWN
GNM12373                        CCCCDIFYGG GGLLKSVGRA REVSFRKTQP PKKYQRSSAL TFVWN
GNM12385                        CCCCDVFFGG GGLLKNVGRE REVTLKKTVP PKEYQRNSTM TFIWN
GNM12551                        CCCCDDFFGG GGLIKRVGKR REVSLKNTIP PKRWEKDSTM TFIWN
GNM12554                        CCCCDVFFGG GGLLKNVGRE REVTFKRTPP PKEYQRSSTM TFIWN
GNM12592                        CCCCDVFFNG GGLIKKAGKK RTISYKKTRP SKTYERSSTL AYVWN
GNM12596                        CCCCDLMFGG GGLLKSVGRE RETSYKKTMP PKKFMRYSSL TYTWN
GNM12602                        CCHCDLIFGG GGLLKSVGRE RETSYKKTMP PKKYMRYSSL TYTWN
GNM12665                        CCCCDLMFGG GGLLKSIGRE RETSYKKTMP PKQFMRYSSL TYTWN
GNM12745                        CCCCDIFFGG GGLIKKVGKK RPVSSRRTEE PKEFERSSSM VYIWN
GNM12749                        CCCCDIYFGG GGLMKKVGRR REVTFKKTQP PKLYQRSSQM TYIWN
GNM12758                        CCCCDVFFHG GGLIKKVGKK REVSYKRTEP PKEFERSSTM VYIWN
GNM12763                        CCCCDKFFGG GGLIKKVGKK RKVSYKRTKP PKEFERSGTM VFIWN
GNM12766                        CCCCDIFFEG GGMIKKVGKK REVSLKKTEP PKRYERSSSM TLVWN
GNM12841                        CCASDEFYGG GGMITKVGDE RELSLKNTEP AKQWERDDTM TYVWN
GNM12849                        CCCCDDFFAG GGLVTKAKKK RALALKNSPK PKRWKRSSTM TLVWN
GNM12869                        CCCCDDFFNG GGLVTKAKKK RAFALKNSPK PKRWKRNSTM TLVWN
GNM12896                        CCCCDDFFNG GGLVTKVKRK RALSFKNSPK PKRWKRSSSM TLVWN
GNM12897                        CCCCDDFFNG GGLVTKVKRK RALSFKNSPK PKKWKRSSTM TLVWN
GNM12902                        CCCCDVFFGA GGLIFEVKKK REVRLRKSSP PKKNKRSSSL TYVWN
GNM12903                        CCCCDNFFGG GGYIIVVGKA RLLRLKSYDP PKARFRASTM VYVWS
GNM12906                        CCCCDNYFGG GGYIIVVGKA RPLRLKSYDP PKARFRASTM VYVWS
GNM12907                        CCCCDNFFGG GGYIIVVGKA RPLRQRSYDP PKARFRSSTM VYVWS
GNM12909                        CCCCDDFFGG GGFIIVVKRA RLLRLKTYDP PKARFRASTM VYTWS
GNM12915                        CCCCDNFYGG GGMFKRVGKK RELRLRNTPP PKKFERSSRM TFVWY
GNM10046                        CCCCDNFYGG GGMFKRVGKK RELRLRNTPP PKKFERSSRM TYVWY
GNM12931                        CCCCDDFFGG GGLIIKVRKK RELRLKNTEP PKRWYRSSSM TYIWN
GNM12938                        CCCCDDFFGG GGLILKVHKK RLLSLRNTDP PKKWRKSSSM TYLWS
GNM12996                        CCCCDDFFGG GGYILKVHKK RPYSLRNTEP PKHWRKSSTM TYIWS
GNM13018                        CCCCDDFFGG GGYILKVHKK RPYSLRNTEP PKHWRKSSTM TYIWS
GNM13027                        CCCCDDFFGA GGLILKIHKK RPLNLRNTEP PKKWKKSSSM TYIWS
GNM13046                        CCCCDDFFDG GGLVTKAKKK RALALKNSPK PKRWRRSSTM TLVWN
GNM13053                        CCCCDDFFGA GGLIQKIKKK RIYSLRNRDP PKGNRRFSAT TYVWN
GNM13074                        CCCCDNFYGG GGMFKKVGKK RELSFRNTEP PKKFERSSRM TFVWY
GNM10010                        CCCCDNFYGG GGMFKKVGKK RELSLRNTEP PKRFERSSRM TFVWL
GNM10014                        CCCCDNFYGG GGMFKKVGKK RELSLRNTEP PKRFERSSRM TFVWY
GNM13090                        CCCCDNFYGG GGMFKKVGKK RELSLRNTEP PKRFERSSRM TFVWY
GNM13118                        CCCCDDYFGG GGYIIKVHRK RKQSLKNEPP PKSRFRASTS VYVWS
GNM13126                        CCCCDVFFGG GGLIIKVNYK REVNLRKTAP PKKYRRSSAM TYIWN
GNM13128                        CCCCDVFFGG GGLIIKVNYR REVNLRKTTP PKKYKRSSAM TYIWN
GNM13208                        CCCCDDYFGG GGYIIVVGDA RYLHLKAEPP PKARFRNSTM VYVWS
GNM13210                        CCCCNDFFGG GGMLLKVKKK RELRMLNTDP PKSWFRMSTM TYIWN
GNM12773                        CCCCDDFFGG GGFFMKVKKK RPFSLKNKDS SKNWRRSSTI TYLWS
GNM12769                        CCCCDDFFGA GGLFSKIKKK RPLTFKNTES PKKYRRSSSA TLIWN
GNM12768                        CCCCDDFFGG GGFFMKVKKK KPLSYKNRAQ PKIWRRSSTM THIWA



    1    1    1    1    1    1    1    1    1    1    1    1    1    1    1
    1    1    1    1    1    1    1    1    1    1    1    1    1    1    1
    1    1    1    1    1    1    1    1    1    1    1    1    1    1    1


AAML (in paml version 4.9h, March 2018)  tmp0068.txt
Model: Empirical,  (../wag.dat) dGamma (ncatG=4) ns = 130  ls =  45


Frequencies..
                                    A      R      N      D      C      Q      E      G      H      I      L      K      M      F      P      S      T      W      Y      V
GNM13746                       0.00000 0.11111 0.04444 0.04444 0.08889 0.00000 0.00000 0.08889 0.02222 0.08889 0.06667 0.11111 0.02222 0.04444 0.06667 0.06667 0.04444 0.02222 0.02222 0.04444
GNM13538                       0.00000 0.13333 0.06667 0.06667 0.08889 0.00000 0.00000 0.08889 0.00000 0.08889 0.06667 0.08889 0.00000 0.04444 0.04444 0.08889 0.04444 0.02222 0.02222 0.04444
GNM13671                       0.00000 0.15556 0.00000 0.04444 0.08889 0.00000 0.02222 0.08889 0.02222 0.00000 0.11111 0.11111 0.02222 0.08889 0.02222 0.08889 0.02222 0.04444 0.02222 0.04444
GNM13876                       0.00000 0.08889 0.02222 0.04444 0.08889 0.00000 0.02222 0.11111 0.04444 0.02222 0.08889 0.13333 0.02222 0.06667 0.02222 0.04444 0.06667 0.04444 0.04444 0.02222
GNM14837                       0.06667 0.06667 0.06667 0.06667 0.08889 0.00000 0.00000 0.06667 0.00000 0.00000 0.08889 0.17778 0.02222 0.04444 0.04444 0.04444 0.06667 0.04444 0.00000 0.04444
GNM14249                       0.06667 0.06667 0.08889 0.04444 0.08889 0.00000 0.00000 0.06667 0.00000 0.00000 0.06667 0.17778 0.02222 0.06667 0.04444 0.04444 0.06667 0.04444 0.00000 0.04444
GNM13928                       0.06667 0.06667 0.06667 0.06667 0.08889 0.00000 0.00000 0.06667 0.00000 0.00000 0.08889 0.17778 0.02222 0.04444 0.04444 0.04444 0.06667 0.04444 0.00000 0.04444
GNM13297                       0.00000 0.13333 0.06667 0.06667 0.08889 0.00000 0.00000 0.08889 0.00000 0.08889 0.06667 0.08889 0.00000 0.04444 0.04444 0.08889 0.04444 0.02222 0.02222 0.04444
GNM14865                       0.04444 0.04444 0.02222 0.08889 0.02222 0.00000 0.13333 0.11111 0.02222 0.02222 0.06667 0.08889 0.02222 0.02222 0.02222 0.04444 0.11111 0.02222 0.04444 0.04444
GNM13455                       0.08889 0.06667 0.04444 0.04444 0.08889 0.00000 0.00000 0.06667 0.00000 0.00000 0.08889 0.17778 0.02222 0.04444 0.04444 0.06667 0.06667 0.04444 0.00000 0.04444
GNM14938                       0.02222 0.13333 0.00000 0.04444 0.08889 0.02222 0.02222 0.08889 0.02222 0.00000 0.06667 0.11111 0.04444 0.06667 0.04444 0.04444 0.02222 0.04444 0.04444 0.06667
GNM14483                       0.04444 0.08889 0.04444 0.04444 0.08889 0.00000 0.02222 0.11111 0.02222 0.04444 0.06667 0.11111 0.02222 0.06667 0.02222 0.08889 0.02222 0.02222 0.02222 0.04444
GNM14872                       0.02222 0.11111 0.04444 0.04444 0.08889 0.04444 0.00000 0.08889 0.04444 0.04444 0.06667 0.11111 0.02222 0.04444 0.02222 0.04444 0.06667 0.04444 0.00000 0.04444
GNM13855                       0.00000 0.06667 0.04444 0.06667 0.08889 0.02222 0.00000 0.08889 0.00000 0.04444 0.06667 0.17778 0.02222 0.06667 0.02222 0.06667 0.06667 0.04444 0.00000 0.04444
GNM14545                       0.00000 0.11111 0.02222 0.04444 0.08889 0.00000 0.00000 0.11111 0.02222 0.02222 0.11111 0.08889 0.02222 0.06667 0.06667 0.06667 0.04444 0.04444 0.00000 0.06667
GNM14366                       0.00000 0.06667 0.06667 0.04444 0.08889 0.00000 0.00000 0.06667 0.00000 0.00000 0.06667 0.15556 0.02222 0.06667 0.06667 0.08889 0.08889 0.04444 0.00000 0.06667
GNM14252                       0.06667 0.06667 0.08889 0.04444 0.08889 0.00000 0.00000 0.06667 0.00000 0.00000 0.06667 0.17778 0.02222 0.06667 0.04444 0.04444 0.06667 0.04444 0.00000 0.04444
GNM13760                       0.04444 0.06667 0.06667 0.06667 0.08889 0.00000 0.00000 0.06667 0.00000 0.00000 0.08889 0.17778 0.02222 0.04444 0.04444 0.06667 0.06667 0.04444 0.00000 0.04444
GNM13982                       0.04444 0.06667 0.04444 0.06667 0.08889 0.00000 0.00000 0.06667 0.00000 0.00000 0.04444 0.17778 0.02222 0.08889 0.04444 0.04444 0.08889 0.04444 0.00000 0.06667
GNM13960                       0.04444 0.06667 0.06667 0.04444 0.08889 0.00000 0.00000 0.06667 0.00000 0.02222 0.08889 0.17778 0.02222 0.02222 0.04444 0.11111 0.06667 0.04444 0.00000 0.02222
GNM14633                       0.04444 0.06667 0.04444 0.06667 0.08889 0.00000 0.00000 0.06667 0.00000 0.00000 0.04444 0.17778 0.02222 0.08889 0.04444 0.04444 0.08889 0.04444 0.00000 0.06667
GNM14853                       0.04444 0.06667 0.04444 0.06667 0.08889 0.00000 0.00000 0.06667 0.00000 0.00000 0.04444 0.17778 0.02222 0.08889 0.04444 0.04444 0.08889 0.04444 0.00000 0.06667
GNM14055                       0.02222 0.06667 0.04444 0.06667 0.08889 0.00000 0.00000 0.06667 0.00000 0.00000 0.04444 0.17778 0.04444 0.06667 0.04444 0.08889 0.06667 0.04444 0.00000 0.06667
GNM14748                       0.06667 0.06667 0.04444 0.06667 0.08889 0.00000 0.00000 0.06667 0.00000 0.00000 0.06667 0.17778 0.02222 0.06667 0.04444 0.06667 0.06667 0.04444 0.00000 0.04444
GNM14965                       0.00000 0.06667 0.06667 0.04444 0.08889 0.04444 0.00000 0.08889 0.02222 0.02222 0.04444 0.15556 0.02222 0.06667 0.02222 0.04444 0.11111 0.04444 0.00000 0.04444
GNM13677                       0.00000 0.11111 0.02222 0.04444 0.08889 0.00000 0.02222 0.11111 0.04444 0.02222 0.08889 0.11111 0.02222 0.06667 0.02222 0.04444 0.06667 0.04444 0.04444 0.02222
GNM14339                       0.02222 0.08889 0.02222 0.04444 0.08889 0.00000 0.00000 0.08889 0.04444 0.02222 0.06667 0.13333 0.02222 0.08889 0.02222 0.06667 0.04444 0.04444 0.02222 0.06667
GNM14593                       0.00000 0.11111 0.00000 0.04444 0.08889 0.00000 0.02222 0.08889 0.02222 0.00000 0.08889 0.15556 0.04444 0.08889 0.02222 0.06667 0.04444 0.04444 0.02222 0.04444
GNM13825                       0.02222 0.15556 0.00000 0.04444 0.08889 0.02222 0.02222 0.08889 0.02222 0.00000 0.08889 0.08889 0.00000 0.06667 0.04444 0.04444 0.04444 0.04444 0.04444 0.06667
GNM14768                       0.02222 0.15556 0.02222 0.04444 0.08889 0.02222 0.02222 0.08889 0.02222 0.02222 0.08889 0.08889 0.02222 0.08889 0.02222 0.06667 0.02222 0.04444 0.02222 0.02222
GNM14776                       0.02222 0.15556 0.02222 0.04444 0.08889 0.02222 0.02222 0.08889 0.02222 0.02222 0.08889 0.08889 0.02222 0.08889 0.02222 0.06667 0.02222 0.04444 0.02222 0.02222
GNM14715                       0.02222 0.06667 0.04444 0.04444 0.08889 0.00000 0.02222 0.11111 0.00000 0.02222 0.08889 0.15556 0.00000 0.02222 0.02222 0.11111 0.04444 0.02222 0.04444 0.06667
GNM14639                       0.02222 0.08889 0.04444 0.04444 0.08889 0.00000 0.02222 0.08889 0.00000 0.04444 0.06667 0.11111 0.04444 0.06667 0.02222 0.08889 0.08889 0.04444 0.00000 0.02222
GNM13795                       0.06667 0.06667 0.04444 0.06667 0.08889 0.00000 0.00000 0.06667 0.00000 0.00000 0.06667 0.17778 0.02222 0.06667 0.04444 0.06667 0.06667 0.04444 0.00000 0.04444
GNM13993                       0.04444 0.06667 0.06667 0.04444 0.08889 0.00000 0.02222 0.08889 0.00000 0.06667 0.02222 0.15556 0.02222 0.06667 0.00000 0.06667 0.06667 0.04444 0.06667 0.00000
GNM14450                       0.00000 0.06667 0.06667 0.06667 0.08889 0.02222 0.00000 0.11111 0.00000 0.02222 0.13333 0.13333 0.02222 0.06667 0.00000 0.08889 0.06667 0.02222 0.02222 0.00000
GNM14030                       0.00000 0.06667 0.06667 0.04444 0.08889 0.00000 0.02222 0.08889 0.02222 0.04444 0.04444 0.15556 0.02222 0.06667 0.00000 0.13333 0.02222 0.04444 0.04444 0.02222
GNM14959                       0.06667 0.13333 0.02222 0.04444 0.08889 0.00000 0.00000 0.08889 0.00000 0.04444 0.04444 0.04444 0.02222 0.06667 0.08889 0.04444 0.04444 0.02222 0.04444 0.08889
GNM13413                       0.00000 0.04444 0.04444 0.04444 0.08889 0.00000 0.04444 0.08889 0.00000 0.04444 0.04444 0.11111 0.06667 0.04444 0.04444 0.06667 0.06667 0.04444 0.04444 0.06667
GNM14990                       0.04444 0.06667 0.06667 0.04444 0.08889 0.00000 0.00000 0.06667 0.00000 0.02222 0.08889 0.17778 0.02222 0.02222 0.04444 0.11111 0.06667 0.04444 0.00000 0.02222
GNM15005                       0.04444 0.06667 0.06667 0.04444 0.08889 0.00000 0.00000 0.06667 0.00000 0.02222 0.08889 0.17778 0.02222 0.02222 0.04444 0.11111 0.06667 0.04444 0.00000 0.02222
GNM15013                       0.04444 0.06667 0.06667 0.04444 0.08889 0.00000 0.00000 0.06667 0.00000 0.02222 0.08889 0.17778 0.02222 0.02222 0.04444 0.11111 0.06667 0.04444 0.00000 0.02222
GNM14976                       0.04444 0.06667 0.06667 0.04444 0.08889 0.00000 0.00000 0.06667 0.00000 0.02222 0.08889 0.17778 0.02222 0.02222 0.04444 0.11111 0.06667 0.04444 0.00000 0.02222
GNM15022                       0.04444 0.06667 0.06667 0.04444 0.08889 0.00000 0.00000 0.06667 0.00000 0.02222 0.08889 0.17778 0.02222 0.02222 0.04444 0.11111 0.06667 0.04444 0.00000 0.02222
GNM14995                       0.06452 0.06452 0.03226 0.06452 0.06452 0.00000 0.00000 0.03226 0.00000 0.00000 0.06452 0.22581 0.09677 0.06452 0.03226 0.03226 0.06452 0.06452 0.00000 0.03226
GNM15018                       0.06667 0.06667 0.08889 0.04444 0.08889 0.00000 0.00000 0.06667 0.00000 0.00000 0.06667 0.17778 0.02222 0.06667 0.04444 0.04444 0.06667 0.04444 0.00000 0.04444
GNM15025                       0.04444 0.06667 0.06667 0.04444 0.08889 0.00000 0.00000 0.06667 0.00000 0.00000 0.08889 0.17778 0.02222 0.04444 0.02222 0.11111 0.06667 0.04444 0.00000 0.04444
GNM15024                       0.06667 0.06667 0.08889 0.04444 0.08889 0.00000 0.00000 0.06667 0.00000 0.00000 0.06667 0.17778 0.02222 0.06667 0.04444 0.04444 0.06667 0.04444 0.00000 0.04444
GNM14980                       0.06667 0.06667 0.08889 0.04444 0.08889 0.00000 0.00000 0.06667 0.00000 0.00000 0.06667 0.17778 0.02222 0.06667 0.04444 0.04444 0.06667 0.04444 0.00000 0.04444
GNM15000                       0.06667 0.06667 0.08889 0.04444 0.08889 0.00000 0.00000 0.06667 0.00000 0.00000 0.06667 0.17778 0.02222 0.06667 0.04444 0.04444 0.06667 0.04444 0.00000 0.04444
GNM15001                       0.06667 0.06667 0.08889 0.04444 0.08889 0.00000 0.00000 0.06667 0.00000 0.00000 0.06667 0.17778 0.02222 0.06667 0.04444 0.04444 0.06667 0.04444 0.00000 0.04444
GNM15028                       0.04444 0.06667 0.06667 0.04444 0.08889 0.00000 0.00000 0.06667 0.00000 0.02222 0.08889 0.17778 0.02222 0.02222 0.04444 0.11111 0.06667 0.04444 0.00000 0.02222
GNM11003                       0.00000 0.06667 0.02222 0.04444 0.08889 0.00000 0.02222 0.08889 0.02222 0.04444 0.06667 0.13333 0.04444 0.04444 0.04444 0.06667 0.06667 0.04444 0.06667 0.02222
GNM11023                       0.00000 0.06667 0.04444 0.02222 0.08889 0.02222 0.04444 0.11111 0.00000 0.04444 0.11111 0.08889 0.02222 0.04444 0.04444 0.08889 0.02222 0.04444 0.04444 0.04444
GNM11055                       0.00000 0.11111 0.02222 0.04444 0.08889 0.00000 0.04444 0.11111 0.00000 0.02222 0.04444 0.15556 0.02222 0.06667 0.04444 0.04444 0.04444 0.02222 0.06667 0.04444
GNM11146                       0.02222 0.11111 0.02222 0.02222 0.08889 0.04444 0.00000 0.11111 0.00000 0.04444 0.02222 0.04444 0.04444 0.04444 0.08889 0.06667 0.00000 0.02222 0.06667 0.13333
GNM11219                       0.00000 0.20000 0.00000 0.04444 0.08889 0.00000 0.00000 0.08889 0.00000 0.02222 0.06667 0.08889 0.00000 0.04444 0.08889 0.11111 0.04444 0.02222 0.02222 0.06667
GNM11220                       0.00000 0.13333 0.00000 0.04444 0.08889 0.00000 0.02222 0.11111 0.00000 0.04444 0.04444 0.08889 0.02222 0.06667 0.06667 0.06667 0.06667 0.04444 0.04444 0.04444
GNM11223                       0.00000 0.11111 0.02222 0.04444 0.08889 0.00000 0.02222 0.08889 0.00000 0.04444 0.04444 0.08889 0.02222 0.08889 0.04444 0.13333 0.04444 0.04444 0.04444 0.02222
GNM11224                       0.00000 0.11111 0.02222 0.04444 0.08889 0.00000 0.02222 0.08889 0.00000 0.04444 0.04444 0.08889 0.02222 0.08889 0.04444 0.13333 0.04444 0.04444 0.04444 0.02222
GNM11225                       0.06452 0.09677 0.03226 0.06452 0.06452 0.00000 0.00000 0.03226 0.00000 0.00000 0.09677 0.19355 0.03226 0.03226 0.00000 0.09677 0.06452 0.06452 0.03226 0.03226
GNM11360                       0.08889 0.06667 0.04444 0.04444 0.08889 0.00000 0.00000 0.06667 0.00000 0.00000 0.08889 0.17778 0.02222 0.04444 0.04444 0.06667 0.06667 0.04444 0.00000 0.04444
GNM11362                       0.02222 0.11111 0.06667 0.04444 0.08889 0.00000 0.02222 0.08889 0.00000 0.04444 0.08889 0.11111 0.02222 0.06667 0.00000 0.08889 0.04444 0.04444 0.02222 0.02222
GNM11367                       0.04444 0.06667 0.04444 0.06667 0.08889 0.00000 0.00000 0.06667 0.00000 0.00000 0.04444 0.17778 0.02222 0.08889 0.04444 0.04444 0.08889 0.04444 0.00000 0.06667
GNM11380                       0.02222 0.08889 0.06667 0.04444 0.08889 0.00000 0.00000 0.06667 0.00000 0.00000 0.06667 0.15556 0.02222 0.06667 0.04444 0.11111 0.04444 0.04444 0.00000 0.06667
GNM11383                       0.02222 0.06667 0.04444 0.06667 0.08889 0.00000 0.00000 0.06667 0.00000 0.00000 0.08889 0.15556 0.02222 0.04444 0.06667 0.06667 0.08889 0.04444 0.00000 0.06667
GNM11491                       0.04444 0.08889 0.08889 0.04444 0.08889 0.00000 0.00000 0.06667 0.00000 0.00000 0.02222 0.15556 0.04444 0.08889 0.04444 0.06667 0.06667 0.04444 0.00000 0.04444
GNM11804                       0.00000 0.13333 0.04444 0.04444 0.08889 0.00000 0.04444 0.08889 0.00000 0.04444 0.08889 0.13333 0.02222 0.04444 0.02222 0.04444 0.04444 0.02222 0.04444 0.04444
GNM11805                       0.06667 0.08889 0.08889 0.04444 0.08889 0.00000 0.02222 0.06667 0.02222 0.13333 0.02222 0.11111 0.02222 0.04444 0.02222 0.04444 0.02222 0.02222 0.02222 0.04444
GNM12883                       0.00000 0.08889 0.06667 0.04444 0.08889 0.04444 0.00000 0.08889 0.02222 0.04444 0.06667 0.13333 0.02222 0.04444 0.02222 0.04444 0.08889 0.04444 0.00000 0.04444
GNM13061                       0.04444 0.06667 0.02222 0.04444 0.08889 0.00000 0.02222 0.08889 0.02222 0.04444 0.08889 0.13333 0.04444 0.06667 0.04444 0.06667 0.06667 0.02222 0.00000 0.02222
GNM11034                       0.02222 0.11111 0.00000 0.04444 0.08889 0.02222 0.02222 0.08889 0.02222 0.00000 0.06667 0.13333 0.04444 0.06667 0.04444 0.04444 0.02222 0.04444 0.04444 0.06667
GNM11363                       0.02222 0.11111 0.06667 0.04444 0.08889 0.00000 0.02222 0.08889 0.00000 0.04444 0.08889 0.11111 0.02222 0.06667 0.00000 0.08889 0.04444 0.04444 0.02222 0.02222
GNM11799                       0.04444 0.06667 0.06667 0.04444 0.08889 0.00000 0.00000 0.06667 0.00000 0.00000 0.08889 0.17778 0.02222 0.02222 0.04444 0.11111 0.06667 0.04444 0.00000 0.04444
GNM11931                       0.02222 0.04444 0.04444 0.11111 0.08889 0.00000 0.08889 0.11111 0.04444 0.02222 0.02222 0.04444 0.02222 0.04444 0.04444 0.04444 0.08889 0.02222 0.02222 0.06667
GNM12040                       0.02222 0.04444 0.02222 0.08889 0.02222 0.00000 0.13333 0.11111 0.02222 0.04444 0.08889 0.08889 0.02222 0.04444 0.04444 0.04444 0.11111 0.02222 0.00000 0.02222
GNM12071                       0.04444 0.04444 0.04444 0.06667 0.02222 0.02222 0.13333 0.11111 0.02222 0.04444 0.06667 0.06667 0.02222 0.02222 0.02222 0.02222 0.11111 0.02222 0.04444 0.04444
GNM12125                       0.00000 0.06818 0.02273 0.04545 0.09091 0.00000 0.02273 0.11364 0.00000 0.02273 0.06818 0.11364 0.04545 0.04545 0.04545 0.09091 0.06818 0.04545 0.04545 0.04545
GNM12126                       0.00000 0.08889 0.02222 0.04444 0.08889 0.00000 0.04444 0.11111 0.00000 0.06667 0.02222 0.06667 0.06667 0.06667 0.06667 0.11111 0.04444 0.04444 0.02222 0.02222
GNM12128                       0.00000 0.04444 0.11111 0.02222 0.08889 0.00000 0.00000 0.11111 0.00000 0.04444 0.08889 0.08889 0.04444 0.04444 0.06667 0.11111 0.04444 0.04444 0.00000 0.04444
GNM12182                       0.04444 0.04444 0.04444 0.06667 0.08889 0.00000 0.00000 0.08889 0.04444 0.04444 0.04444 0.13333 0.04444 0.04444 0.04444 0.04444 0.06667 0.04444 0.04444 0.02222
GNM12342                       0.00000 0.04444 0.02222 0.02222 0.08889 0.00000 0.08889 0.11111 0.00000 0.02222 0.04444 0.15556 0.04444 0.04444 0.04444 0.08889 0.04444 0.02222 0.04444 0.06667
GNM12351                       0.02222 0.08889 0.02222 0.02222 0.08889 0.00000 0.04444 0.13333 0.00000 0.00000 0.13333 0.06667 0.00000 0.06667 0.04444 0.08889 0.08889 0.02222 0.04444 0.02222
GNM12356                       0.02222 0.06667 0.04444 0.02222 0.08889 0.00000 0.04444 0.08889 0.00000 0.04444 0.04444 0.20000 0.02222 0.06667 0.02222 0.08889 0.04444 0.02222 0.00000 0.06667
GNM12357                       0.00000 0.04444 0.02222 0.02222 0.11111 0.00000 0.06667 0.13333 0.02222 0.02222 0.04444 0.17778 0.02222 0.04444 0.02222 0.08889 0.04444 0.02222 0.02222 0.06667
GNM12366                       0.00000 0.04444 0.02222 0.02222 0.11111 0.02222 0.06667 0.13333 0.00000 0.02222 0.04444 0.20000 0.02222 0.04444 0.02222 0.08889 0.02222 0.02222 0.02222 0.06667
GNM12373                       0.04444 0.08889 0.02222 0.02222 0.08889 0.04444 0.02222 0.11111 0.00000 0.02222 0.06667 0.08889 0.00000 0.06667 0.04444 0.08889 0.04444 0.02222 0.04444 0.06667
GNM12385                       0.00000 0.06667 0.06667 0.02222 0.08889 0.02222 0.06667 0.11111 0.00000 0.02222 0.06667 0.08889 0.02222 0.06667 0.04444 0.02222 0.08889 0.02222 0.02222 0.08889
GNM12551                       0.00000 0.08889 0.04444 0.06667 0.08889 0.00000 0.04444 0.11111 0.00000 0.06667 0.04444 0.11111 0.02222 0.06667 0.04444 0.04444 0.06667 0.04444 0.00000 0.04444
GNM12554                       0.00000 0.08889 0.04444 0.02222 0.08889 0.02222 0.06667 0.11111 0.00000 0.02222 0.04444 0.06667 0.02222 0.08889 0.06667 0.04444 0.08889 0.02222 0.02222 0.06667
GNM12592                       0.04444 0.06667 0.04444 0.02222 0.08889 0.00000 0.02222 0.08889 0.00000 0.04444 0.04444 0.15556 0.00000 0.04444 0.02222 0.08889 0.08889 0.02222 0.06667 0.04444
GNM12596                       0.00000 0.06667 0.02222 0.02222 0.08889 0.00000 0.04444 0.11111 0.00000 0.00000 0.08889 0.11111 0.06667 0.04444 0.04444 0.08889 0.08889 0.02222 0.06667 0.02222
GNM12602                       0.00000 0.06667 0.02222 0.02222 0.06667 0.00000 0.04444 0.11111 0.02222 0.02222 0.08889 0.11111 0.04444 0.02222 0.04444 0.08889 0.08889 0.02222 0.08889 0.02222
GNM12665                       0.00000 0.06667 0.02222 0.02222 0.08889 0.02222 0.04444 0.11111 0.00000 0.02222 0.08889 0.08889 0.06667 0.04444 0.04444 0.08889 0.08889 0.02222 0.06667 0.00000
GNM12745                       0.00000 0.08889 0.02222 0.02222 0.08889 0.00000 0.08889 0.11111 0.00000 0.06667 0.02222 0.11111 0.02222 0.06667 0.04444 0.11111 0.02222 0.02222 0.02222 0.06667
GNM12749                       0.00000 0.08889 0.02222 0.02222 0.08889 0.06667 0.02222 0.11111 0.00000 0.04444 0.04444 0.11111 0.04444 0.04444 0.04444 0.04444 0.06667 0.02222 0.06667 0.04444
GNM12758                       0.00000 0.06667 0.02222 0.02222 0.08889 0.00000 0.08889 0.08889 0.02222 0.04444 0.02222 0.13333 0.02222 0.06667 0.04444 0.06667 0.04444 0.02222 0.04444 0.08889
GNM12763                       0.00000 0.06667 0.02222 0.02222 0.08889 0.00000 0.04444 0.13333 0.00000 0.04444 0.02222 0.20000 0.02222 0.08889 0.04444 0.04444 0.04444 0.02222 0.02222 0.06667
GNM12766                       0.00000 0.06667 0.02222 0.02222 0.08889 0.00000 0.08889 0.08889 0.00000 0.04444 0.04444 0.15556 0.04444 0.04444 0.04444 0.08889 0.04444 0.02222 0.02222 0.06667
GNM12841                       0.04444 0.04444 0.04444 0.08889 0.04444 0.02222 0.11111 0.11111 0.00000 0.02222 0.04444 0.06667 0.04444 0.02222 0.02222 0.04444 0.08889 0.04444 0.04444 0.04444
GNM12849                       0.08889 0.06667 0.04444 0.04444 0.08889 0.00000 0.00000 0.06667 0.00000 0.00000 0.08889 0.17778 0.02222 0.04444 0.04444 0.06667 0.06667 0.04444 0.00000 0.04444
GNM12869                       0.06667 0.06667 0.08889 0.04444 0.08889 0.00000 0.00000 0.06667 0.00000 0.00000 0.06667 0.17778 0.02222 0.06667 0.04444 0.04444 0.06667 0.04444 0.00000 0.04444
GNM12896                       0.02222 0.08889 0.06667 0.04444 0.08889 0.00000 0.00000 0.06667 0.00000 0.00000 0.06667 0.15556 0.02222 0.06667 0.04444 0.11111 0.04444 0.04444 0.00000 0.06667
GNM12897                       0.02222 0.06667 0.06667 0.04444 0.08889 0.00000 0.00000 0.06667 0.00000 0.00000 0.06667 0.17778 0.02222 0.06667 0.04444 0.08889 0.06667 0.04444 0.00000 0.06667
GNM12902                       0.02222 0.08889 0.04444 0.02222 0.08889 0.00000 0.04444 0.06667 0.00000 0.02222 0.06667 0.15556 0.00000 0.06667 0.04444 0.11111 0.02222 0.02222 0.02222 0.08889
GNM12903                       0.06667 0.08889 0.02222 0.04444 0.08889 0.00000 0.00000 0.11111 0.00000 0.04444 0.06667 0.06667 0.02222 0.06667 0.04444 0.06667 0.02222 0.02222 0.06667 0.08889
GNM12906                       0.06667 0.08889 0.02222 0.04444 0.08889 0.00000 0.00000 0.11111 0.00000 0.04444 0.04444 0.06667 0.02222 0.04444 0.06667 0.06667 0.02222 0.02222 0.08889 0.08889
GNM12907                       0.04444 0.11111 0.02222 0.04444 0.08889 0.02222 0.00000 0.11111 0.00000 0.04444 0.02222 0.04444 0.02222 0.06667 0.06667 0.08889 0.02222 0.02222 0.06667 0.08889
GNM12909                       0.06667 0.11111 0.00000 0.06667 0.08889 0.00000 0.00000 0.08889 0.00000 0.04444 0.06667 0.06667 0.02222 0.08889 0.04444 0.04444 0.06667 0.02222 0.04444 0.06667
GNM12915                       0.00000 0.13333 0.04444 0.02222 0.08889 0.00000 0.04444 0.11111 0.00000 0.00000 0.04444 0.11111 0.04444 0.08889 0.06667 0.04444 0.04444 0.02222 0.04444 0.04444
GNM10046                       0.00000 0.13333 0.04444 0.02222 0.08889 0.00000 0.04444 0.11111 0.00000 0.00000 0.04444 0.11111 0.04444 0.06667 0.06667 0.04444 0.04444 0.02222 0.06667 0.04444
GNM12931                       0.00000 0.11111 0.04444 0.04444 0.08889 0.00000 0.04444 0.08889 0.00000 0.06667 0.06667 0.11111 0.02222 0.04444 0.04444 0.06667 0.04444 0.04444 0.04444 0.02222
GNM12938                       0.00000 0.06667 0.02222 0.06667 0.08889 0.00000 0.00000 0.08889 0.02222 0.02222 0.13333 0.13333 0.02222 0.04444 0.04444 0.11111 0.04444 0.04444 0.02222 0.02222
GNM12996                       0.00000 0.06667 0.02222 0.04444 0.08889 0.00000 0.02222 0.08889 0.04444 0.04444 0.04444 0.11111 0.02222 0.04444 0.06667 0.08889 0.06667 0.04444 0.06667 0.02222
GNM13018                       0.00000 0.06667 0.02222 0.04444 0.08889 0.00000 0.02222 0.08889 0.04444 0.04444 0.04444 0.11111 0.02222 0.04444 0.06667 0.08889 0.06667 0.04444 0.06667 0.02222
GNM13027                       0.02222 0.04444 0.04444 0.04444 0.08889 0.00000 0.02222 0.06667 0.02222 0.06667 0.08889 0.15556 0.02222 0.04444 0.06667 0.08889 0.04444 0.04444 0.02222 0.00000
GNM13046                       0.06667 0.08889 0.04444 0.06667 0.08889 0.00000 0.00000 0.06667 0.00000 0.00000 0.08889 0.15556 0.02222 0.04444 0.04444 0.06667 0.06667 0.04444 0.00000 0.04444
GNM13053                       0.04444 0.11111 0.06667 0.06667 0.08889 0.02222 0.00000 0.08889 0.00000 0.06667 0.04444 0.11111 0.00000 0.06667 0.04444 0.04444 0.04444 0.02222 0.04444 0.02222
GNM13074                       0.00000 0.08889 0.04444 0.02222 0.08889 0.00000 0.06667 0.11111 0.00000 0.00000 0.02222 0.13333 0.04444 0.11111 0.04444 0.06667 0.04444 0.02222 0.04444 0.04444
GNM10010                       0.00000 0.11111 0.04444 0.02222 0.08889 0.00000 0.06667 0.11111 0.00000 0.00000 0.06667 0.11111 0.04444 0.08889 0.04444 0.06667 0.04444 0.02222 0.02222 0.04444
GNM10014                       0.00000 0.11111 0.04444 0.02222 0.08889 0.00000 0.06667 0.11111 0.00000 0.00000 0.04444 0.11111 0.04444 0.08889 0.04444 0.06667 0.04444 0.02222 0.04444 0.04444
GNM13090                       0.00000 0.11111 0.04444 0.02222 0.08889 0.00000 0.06667 0.11111 0.00000 0.00000 0.04444 0.11111 0.04444 0.08889 0.04444 0.06667 0.04444 0.02222 0.04444 0.04444
GNM13118                       0.02222 0.08889 0.02222 0.04444 0.08889 0.02222 0.02222 0.08889 0.02222 0.04444 0.02222 0.11111 0.00000 0.04444 0.06667 0.11111 0.02222 0.02222 0.06667 0.06667
GNM13126                       0.04444 0.08889 0.06667 0.02222 0.08889 0.00000 0.02222 0.08889 0.00000 0.06667 0.04444 0.11111 0.02222 0.04444 0.04444 0.04444 0.04444 0.02222 0.06667 0.06667
GNM13128                       0.02222 0.08889 0.06667 0.02222 0.08889 0.00000 0.02222 0.08889 0.00000 0.06667 0.04444 0.11111 0.02222 0.04444 0.04444 0.04444 0.06667 0.02222 0.06667 0.06667
GNM13208                       0.06667 0.06667 0.02222 0.06667 0.08889 0.00000 0.02222 0.11111 0.02222 0.04444 0.04444 0.04444 0.02222 0.04444 0.06667 0.04444 0.02222 0.02222 0.08889 0.08889
GNM13210                       0.00000 0.06667 0.06667 0.04444 0.08889 0.00000 0.02222 0.08889 0.00000 0.02222 0.08889 0.11111 0.08889 0.06667 0.04444 0.04444 0.06667 0.04444 0.02222 0.02222
GNM12773                       0.00000 0.06667 0.04444 0.06667 0.08889 0.00000 0.00000 0.08889 0.00000 0.02222 0.04444 0.15556 0.02222 0.11111 0.02222 0.13333 0.04444 0.04444 0.02222 0.02222
GNM12769                       0.04444 0.06667 0.04444 0.04444 0.08889 0.00000 0.02222 0.06667 0.00000 0.04444 0.06667 0.15556 0.00000 0.08889 0.04444 0.11111 0.06667 0.02222 0.02222 0.00000
GNM12768                       0.04444 0.06667 0.02222 0.04444 0.08889 0.02222 0.00000 0.08889 0.02222 0.04444 0.02222 0.15556 0.04444 0.08889 0.04444 0.06667 0.04444 0.04444 0.02222 0.02222

Homogeneity statistic: X2 = 36.52706 G = 37.72288 

Average                        0.02680 0.08332 0.04398 0.04535 0.08693 0.00533 0.02302 0.08916 0.00739 0.02663 0.06477 0.13194 0.02663 0.05875 0.04209 0.07232 0.05772 0.03590 0.02611 0.04587
(Ambiguity characters are used to calculate freqs.)


# constant sites:      2 (4.44%)

TREE #  1:  ((((((((39, 127), 112), (54, 78)), 79), 80), (((114, 115), (81, 53)), (113, 116))), ((((((107, 106), 109), 108), 126), (56, 38)), 123)), ((((((((((((((((((((40, 41), ((42, 44), 20)), 43), 52), 74), 47), 45), 23), ((64, 19), (22, 21))), (((((((((50, 48), 49), 46), 51), 102), (17, 6)), (((24, 34), (7, 5)), 18)), ((10, 62), 101)), 67)), 117), (66, 16)), ((103, 65), 104)), (((70, 13), 25), 14)), 36), (73, 63)), (((35, 37), 118), (32, 12))), (((1, 71), (8, 2)), 33)), ((((30, 31), (3, 28)), (4, 26)), (((72, 11), 29), 27))), ((((128, ((59, 60), 61)), 57), (129, 130)), (15, 58))), ((((((((((94, 92), 93), 83), 91), (((90, 88), 96), 87)), ((((76, 9), 77), 100), 75)), (55, 68)), ((125, 124), (69, 105))), ((((((86, 85), 84), 99), 82), ((95, 97), 98)), 89)), ((((120, 121), 122), 119), (110, 111))));   MP score: -1
lnL(ntime:257  np:258):  -3614.728386      +0.000000
 131..132 132..133 133..134 134..135 135..136 136..137 137..138 138..39  138..127 137..112 136..139 139..54  139..78  135..79  134..80  133..140 140..141 141..142 142..114 142..115 141..143 143..81  143..53  140..144 144..113 144..116 132..145 145..146 146..147 147..148 148..149 149..150 150..107 150..106 149..109 148..108 147..126 146..151 151..56  151..38  145..123 131..152 152..153 153..154 154..155 155..156 156..157 157..158 158..159 159..160 160..161 161..162 162..163 163..164 164..165 165..166 166..167 167..168 168..169 169..170 170..171 171..40  171..41  170..172 172..173 173..42  173..44  172..20  169..43  168..52  167..74  166..47  165..45  164..23  163..174 174..175 175..64  175..19  174..176 176..22  176..21  162..177 177..178 178..179 179..180 180..181 181..182 182..183 183..184 184..185 185..50  185..48  184..49  183..46  182..51  181..102 180..186 186..17  186..6   179..187 187..188 188..189 189..24  189..34  188..190 190..7   190..5   187..18  178..191 191..192 192..10  192..62  191..101 177..67  161..117 160..193 193..66  193..16  159..194 194..195 195..103 195..65  194..104 158..196 196..197 197..198 198..70  198..13  197..25  196..14  157..36  156..199 199..73  199..63  155..200 200..201 201..202 202..35  202..37  201..118 200..203 203..32  203..12  154..204 204..205 205..206 206..1   206..71  205..207 207..8   207..2   204..33  153..208 208..209 209..210 210..211 211..30  211..31  210..212 212..3   212..28  209..213 213..4   213..26  208..214 214..215 215..216 216..72  216..11  215..29  214..27  152..217 217..218 218..219 219..220 220..128 220..221 221..222 222..59  222..60  221..61  219..57  218..223 223..129 223..130 217..224 224..15  224..58  131..225 225..226 226..227 227..228 228..229 229..230 230..231 231..232 232..233 233..234 234..94  234..92  233..93  232..83  231..91  230..235 235..236 236..237 237..90  237..88  236..96  235..87  229..238 238..239 239..240 240..241 241..76  241..9   240..77  239..100 238..75  228..242 242..55  242..68  227..243 243..244 244..125 244..124 243..245 245..69  245..105 226..246 246..247 247..248 248..249 249..250 250..251 251..86  251..85  250..84  249..99  248..82  247..252 252..253 253..95  253..97  252..98  246..89  225..254 254..255 255..256 256..257 257..120 257..121 256..122 255..119 254..258 258..110 258..111
 0.000000 0.000000 0.151600 0.038857 0.153399 0.000000 0.186730 0.113209 0.239197 0.104765 0.040304 0.529090 0.163164 0.000000 0.354432 0.123346 0.066952 0.069539 0.000000 0.000000 0.067494 0.247640 0.103649 0.000000 0.098204 0.127660 0.331100 0.185960 0.027367 0.149930 0.058622 0.000000 0.036241 0.028261 0.245951 0.043449 0.290822 0.000000 0.425923 0.123414 0.390457 0.033846 0.000000 0.070659 0.105705 0.051532 0.000000 0.171473 0.185514 0.022017 0.053935 0.000000 0.032350 0.031760 0.000000 0.104146 0.030763 0.029459 0.000000 0.000000 0.000000 0.000000 0.000000 0.000000 0.000000 0.000000 0.000000 0.000000 0.000000 0.000000 0.000000 0.029502 0.081287 0.057034 0.096693 0.000000 0.000000 0.000000 0.000000 0.000000 0.000000 0.000000 0.000000 0.030652 0.061167 0.000000 0.000000 0.000000 0.000000 0.000000 0.000000 0.000000 0.000000 0.000000 0.000000 0.000000 0.000000 0.000000 0.000000 0.000000 0.000000 0.062162 0.000000 0.000000 0.000000 0.000000 0.000000 0.030450 0.031168 0.000000 0.000000 0.000000 0.000000 0.222998 0.030630 0.059645 0.000000 0.094643 0.087626 0.027889 0.000000 0.000000 0.032291 0.280676 0.000000 0.210047 0.061191 0.065627 0.051980 0.183944 0.439761 0.470226 0.000000 0.000000 0.000000 0.061401 0.140861 0.264400 0.104004 0.618766 0.579042 0.014962 0.282514 0.005597 0.266451 0.076192 0.296255 0.300290 0.235920 0.000000 0.000000 0.288607 0.445239 0.039373 0.154207 0.179451 0.000000 0.000000 0.057371 0.020157 0.111817 0.136251 0.000000 0.031629 0.058660 0.126425 0.027898 0.031186 0.000000 0.069895 0.452164 0.000000 0.000000 0.000000 0.135872 0.353565 0.000000 0.000000 0.030890 0.030897 0.328614 0.362673 0.136648 0.367701 0.419116 0.196930 0.272347 0.206597 0.255713 0.098323 0.000000 0.000000 0.039073 0.237797 0.054112 0.259440 0.133833 0.042878 0.060644 0.000000 0.049698 0.291416 0.544828 0.000000 0.045661 0.158997 0.041560 0.096797 0.201856 0.247332 0.388280 0.258363 0.090722 0.019545 0.126718 0.000000 0.146617 0.083883 0.220808 0.273923 0.120008 0.098530 0.270347 0.078929 0.055734 0.036020 0.268162 0.468710 0.109268 0.033053 0.000000 0.071609 0.096076 0.262329 0.166502 0.061839 0.000000 0.258347 0.032642 0.223855 0.216106 0.030245 0.186553 0.041737 0.135334 0.338285 0.257446 0.000000 0.019939 0.000000 0.030538 0.000000 0.000000 0.040296 0.110804 0.000000 0.031578 1.176292
