
Printing out site pattern counts


       148         72  P

GNM13746                        -AAAAADDDE EEEEEEEEEE FFGGGIIIII IIIKKKKKKK KLLLLLLLMN NNPQRRRSSS TTVVVVVVVV VY
GNM13538                        -AAAMQDDEE EEEEEKNQQQ FKGGSIIIII LMTAHIKKNR TAEILLLMTD DFPNELSADV ASAIITVVVV VI
GNM13876                        -AAAMLDDED EEEKVREEQQ FTGGGIIILL IVVKEERSGM KSAMKLLLIG QYPGLKASSI TLAVVEAAVV VI
GNM13680                        -AAAMQDDEE EEEIEKSTQQ FYGSAIIVLM LMIQREIKKS KIELQLLLVK NIPDTKQSSI ATAMVKVVVV VL
GNM14837                        -AAASSDDEE DEEKEKNEQT FIGGAIIVIL LMISEQTSKL KQEVRLLLTK NTPSEKQSDI ATAMIKVVVV VI
GNM14249                        -AAASSDDEE EEEKEKNEQT FIGGAIIVIL LMISEQSSKL KQEMRLLLTK NTPSEKQADI ATAMIKVVVV VI
GNM13928                        -AAASSDDEE EEEKEKNEQT FIGGAIIVIL LMISEQSSKL KQELRLLLTE NTPSEKQADI ATAMIKVVVV VI
GNM13297                        -AAAMQDDEE EEEEEKNQQQ FKGGSIIIII LMTAHIKKNR TAEILLLMTD DFPNELSADV ASAIITVVVV VI
GNM14865                        -AAAAQDDDA ADEREDTERQ YVGGGIIIFL LVVEEESPDR DARLAILAVD DTA-EKQEPT ATAMVEAVVV VL
GNM13455                        -AAASSDDEE DEEKEKKEQT FIGGAIIVVL LMINEQSSKL KQEIRLLLTK NTPPEKQADI ATAMIKVVVV VI
GNM14938                        -AAAAKDDEE EEDRKRSEQQ YTGGGIILLL LVTRE-RSRS EAQLKLLLLG EVAGIDAASM AFAVVEAVVV VI
GNM14483                        -AAAQSDEEE EEEIERKEQQ FHGGGIIVIV LMVAREKNNK NLEIRLLLAD NSPPERQSSV TTVVIRVAVV VM
GNM14872                        -AAAMQDDDE EEEVEKKEQQ FYGNAIIVLM LMIQREVKKT KLEMQLLLVK NIPPTKQSSI ATAMIKVVIV VF
GNM13855                        -AAAMQDDED EEEIEKKDQQ FYGNAIIVLI LMIVKEKKKN KVELQLLLVK SVPGTKQTSI ATAMIKVVVV VI
GNM14445                        -AAAANDDEE EEESDKNQQQ FVGGGIIVVL LMIVKKRTEQ NLEVQLLLMN DSAPERQNSV ATSIVRVVVV VL
GNM14404                        -AAAASDDEE EEEIEKSEQQ FIGNGIIIII IVVALKESNL EQVLELLMLS GSPAKKATPV LMALAEVVVI VI
GNM14366                        -AAASADDEE EEEAEKKEQQ FIGNAIIVIL LMINAQPSKL KMELRLLLIG NTPPKKQTSI ATAMIVVVVV VI
GNM14252                        -AAASSDDEE EEEKEKNEQT FIGGAIIVIL LMINEQSSKL KQELRLLLTK NTPSEKQADI ATAMIKVVVV VI
GNM13760                        -AAASADDEE EEEKEKNEQT FIGGAIIVIL LMINEQTSKL KQELRLLLTK NTPSEKQADI ATAMIKVVVV VI
GNM13982                        -AAACADDEE DEEKEKEEQQ FIGNAIIVIL LMINEQSSKL KSEVRLLLVD NTPNQKQCDI ATAMIAVVVI VI
GNM13960                        -AAACSDDDE EEEKEKEEQQ FIGNAIIVII LMIDEQPSKR KMEIQLLLIK NTPPAKQTDI ATAMIKVCVV VI
GNM14633                        -AAAC--D-D -E-K----Q- --GN--I--L L--NE----M ----R-LL-E ----N-QAD- A-A--T-V-- --
GNM14853                        -AAACADDED DEEKEKEEQQ FIGNAIIVIL LMINEQNSKM KSEVRLLLVE NTPNNKQADI ATAMITVVVV VI
GNM14174                        -AAAAEDDAE EDQRYNDSQQ FTGGGIIVIL LMIKVEESQL EQIVKLLLIE DAPPEKDCSI TTALVEVKVV VI
GNM14748                        -AAASSDDDE DEEKEKNEQT FIGGAIIVIL LMISEQSSKL KQELRLLLTN NTPQEKQADI ATAMIKVVVV VI
GNM14246                        -AAAAEDDEE EEQKEKGQQQ FIGGGFIVVL LMIRVQEPNL DRIMKLLLTD DAPPERDTSI TTALVEVKVV VI
GNM14640                        -AAAAEDDEE EEEREKGEQQ FIGGGLIVIL LMIRVQEPSL DRVVKLLLTE DAPPERDTSI TTALVEVKVV VI
GNM14965                        -AAATQDDED EEEIEKKDQQ FYGNAIIVLM LMIQRELKKS KVEIQLLLIH NIPGIKQASI ATAMIKVVVV VL
GNM13677                        -AAAMLDDED EEEKVREEQQ FTGGGIIILL LVVKEEKTGL KSAMKLLLIG QYPGLKASSI TLAVVEAVVV VI
GNM14339                        -AAAATDDEE PEERTREEQQ YKGGGIIIIL LMTKAKNSRN NAALRLLMVG SVPGIEASEI ALAIVEAVVV VI
GNM14593                        -AAASADDEE DDERDKKEQQ YKGGGIIIIL LLVREEKSSL KFMVKLLLVG GLPQIKSASI AMAMVEVVVV VI
GNM13825                        -AAAATDDEE EETRKRNEQQ YTGNGIIILL LVTRE-RSRS EAQLKLLLVG EVAGIEAATM ALAVVEAVVV VI
GNM14768                        -AAAASDDEE SEKRIKKEQQ FTGGGIIIIL LVISESQSDL KIELKLLLIN RLAGIEAASV ALAMVEAVVV II
GNM14776                        -AAAANDDEE SEKRIKKEQQ FTGGGIIIIL LVISESQSDL KIELKLLLIN RLAGIEAASV ALAMVEAVVV II
GNM14715                        -AAVRSDEEQ EEEVEIKEQQ FHGGGIIVIV LMVARQTSNK NLEIRLLLVD NSAPEKQSPM TTAVIKVAVV VM
GNM14639                        -AAAATDDDE EEEREKKEQQ YLGGGIIVIL LMIAKKKSNK VLQILLLLMN SSPPEHQTSI ATAVVVVVVV VI
GNM13795                        -AAASSDDDE DEEKEKNEQT FIGGAIIVIL LMISEQSSKL KQELRLLLTK NTPSEKQADI ATAMIKVVVV VI
GNM14166                        -AAAASDDEE QEETEKKDQQ FIGNAIIIIL LMINPQTSKL KLEVRLLLIK NTPQTKQASI ATAMIEVVVV VI
GNM13993                        -AAASQDDEE EDERDREEQQ YIGNGIIIIL LLINEEKSSK KLKMQLLLMN NSPPEKQSSM AMALVVVVVV VL
GNM13515                        -AAACSDDEE DEEKEKEEQQ FIGNAIIVIL LMINEQASKL KAEIRLLLVE NTPPAKQADV ATAMITVVVV VI
GNM13745                        -AAASQDDEE EEEQDREEQQ FIGNGIIIIL LLIKPEKKEK KLQLQLLLIN NSPPEKQTSM ATAIIEVVVV VL
GNM14030                        -AAASQDDEE EEEKDKEEQQ YIGNGIIIIL LLVNLSKSSK KLKMQLLLMN ESPPEKQSNM ATALVIVVVV VI
GNM14959                        -AAAMVDDDE EEKITSEEEQ YEGGAIIVII ILIRRTNSKK RKRVELLVQN NAPSKYETTI TLAMIEVCVV VI
GNM13413                        -ALAMQDDEK EERRKREEQQ YVGGGIIVVI LVEEYKRSDL KRALQFLMTK GLPNVVEASF TFAFVKVAVI VI
GNM14971                        -AAACSDDDE EEEKEKEEQQ FIGNAIIVII LMIDEQPSKR KMEIQLLLIK NTPPAKQTDI ATAMIKVCVV VI
GNM14990                        ---ACSD-DE EEKKEK--QQ FIRNAL-VI- --SDERPSK- KME--LL-IK -TP-ARQTDI ARAMIK-CVV LI
GNM15005                        -AAACSDDDE EEEKEKEEQQ FIGNAIIVII LMIDEQPSKR KMEIQLLLIK NTPPAKQTNI ATAMIKVCVV VI
GNM14992                        -AAAC-DDDE EE-K----QQ F-GNA-IV-I L--DE--S-R KM--QLLLIK ----A-QTDI A-AMIK-C-V --
GNM15013                        -AAACSDDDE EEEKEKEEQQ FIGNAIIVII LMIDEQPSKR KMEIQLLLIK NTPPAKQTDI ATAMIKVCVV VI
GNM15014                        ---------- --E-RKEE-- -----I---- -MI--Q---- ---I------ N--P-K---- -T----V--- V-
GNM14976                        -AAACSDDDE EEEKEKEEQQ FIGNAIIVII LMIDEQSSKR KMEIQLLLIK NTPPAKQTDI ATAMIKVCVV VI
GNM15017                        -AAACSDDDE EEEKEKEEQQ FIGNAIIVII LMINEQPSKM KMEIQLLLIK NTPPAKQTDI ATAMIKVCVV VI
GNM14999                        -AAACSDDDE EEEKEKEEQQ FIGNAIIVFI LMIDEQRSKR VMNIQLLLIK NHPPAKQTDI ATAEIKVCVV VI
GNM15025                        -AAACSDDDE EDEKEKEEQQ FVGSAIIVII LMIEEQPSKK KMEIQLLLIK NTPPAKQSNI ATAMIQVCVV VI
GNM15024                        -AAASSDDEE EEEKEKNEQT FIGGAIIVLL LMTSEQSSKL KQELRLLLTK NTPSEKQADI ATAMIKVVVV VI
GNM14980                        -AAASSDDEE EEEKEKNEQT FIGGAIIVLL LMTSEQSSKL KQELRLLLTK NTPSEKQADI ATAMIKVVVV VI
GNM15001                        -AAASSDDEE EEEKEKNEQT FIGGAIIVLL LMTSEQSSKL KQELRLLLTK NTPSEKQADI ATAMIKVVVV VI
GNM15028                        -AAACSDDDE EEEKEKEEQQ FIGNAIIVII LMIDEQPSKR KMEIQLLLIK NTPPAKQTDI ATAMIKVCVV VI
GNM11003                        -AAVMMDDEK DNRRIEEKQV IIGGGIIVII LATEELEKSI SKKIKFLMSN DMP-VEEAPA TTATVEAKVV VI
GNM11023                        -AAAATDDEE EEARTEEQQY VVGGGVILFI LVIKMERTSR RAVLELLLVG AIPSELESSM AGAMVEDVVV RM
GNM11055                        -AAAMNDDDE EEEREEEEQQ FIGNGILIFL LMIREERSNK SKKLELLMVG DSP-EREADT ATAIITAVVI VL
GNM11146                        -AAAMTDDDE EDKISSKDQQ YEGGVVIVLL LVVKRVSSNK ERLVELLLQN DVP-EEDASL TLALIEAVVV VL
GNM11219                        -AAAAVDDEE EEERERDAQQ YVGGGIIIIL LMIRLEEPEM DLLLKLLLTE DTPTERQATV AGALIEVVVV VI
GNM11220                        -AAAANDNEE EEEKERESQQ FVGGGILVIL LMIEVEESDL EMVLELLMVG GTPERRSASV TMAMAEVVVL VL
GNM11222                        -AAAAMDDEE EEEREKKPQQ FVGGGFIVVL LAVELSRPNL DSLIQLLLVG ETPPERSTSI ALALVEVVVV AL
GNM11223                        -AAAAEDDEE EEEREKNTQQ FVGNGIIIIL LMIALREPAL EQVMQLLLMG DSPPERQTSI ATAMVKVVVV VV
GNM11224                        -AAAAEDDEE EEEREKNSQQ FVGNGIIVIL LMIALREPAL EQVMQLLLVG DSPPERQTSI ATAMVRVVVV VI
GNM11225                        -AAAAEDDEQ EDEKEKSPQQ FTGGGLIVIL LMIALERPGL EQVLQLLLAN DAP-ERQTSI ATALIRVVVV VI
GNM11358                        -AAAMQDDED EEEIEKKDQQ FFGNAIIVLL LMIVKEKKKN KVELQLLLIK SVPGTRQTSI ATAMIKVVVV VI
GNM11360                        -AAASSDDEE DEEKEKKEQT FIGGAIIVVL LMINEQSSKL KQEIRLLLTK NTPPEKQADI ATAMIKVVVV VI
GNM11362                        -AAAMVDDED DEEIEKNEQQ YIGGAIIVIL LMIKRQRAES KTELKLLLID NAPSERQASI ATALIVVVVV VI
GNM11367                        -AAACADDEE DEEKEKEEQQ FIGNAIIVIL LMINEQSSKL KSEVRLLLVD NTPNQKQCDI ATAMIAVVVI VI
GNM11377                        -AAAMQDDDE EEEVEKKEQQ FYGNAIIVLM LMIQREVKKT KLEMQLLLVK NIPPTKQSSI ATAMIKVVIV VF
GNM11380                        -AAAASDDEE EEETEKKDQQ FIGNAIIIIL LMIQPQTKKQ KLEVMLLLIK NTPQIKQASI ATAMIKVVVV VI
GNM11383                        -ASACADDDE EEEAEKKEQQ FIGNAIIVIL LMINPQASKL KMELRLLLIG NTPTKKSTTI ATAMIVVVVV VI
GNM11804                        -AAAMVDDEE EEERDAETQQ FVGGGILIFL LMIKEEKNNK SKKIELLMTK ENP-EKEAST ATAIVEAVVL VY
GNM11805                        -AAAMSDEEK DEEIDKTEQQ FIGNGLIVIP LSIERKEDND EKMMQLLILD DTAPRKSAST CGAIIKVVVV VY
GNM12883                        -AAAMQDDEE EEELEKKTQQ FYGSAIIVLM LMVQREIKKS KIEMQLLLIK NIPDTKQSSI ATAMIKVVVV VF
GNM12886                        -AAAMQDDEQ EEETEKRDQQ FYGNAIIVLM LMIQREVKKS KMEMQLLLVR NIPGTKQNSI ATAMIKVVVV VF
GNM12892                        -AAAIQDDED EEEIEKKDQQ FYGNAIIVLM LMIQRELKKS KVEIQLLLIH NIPGIKQASI ATAMIKVVVV VL
GNM12895                        -AAASTDDED DEEIEKNEQQ YIGSGIIVIL LMVQKEKKNT KMELKLLLVQ NAPNTKQSSI ATALIVVVVV VM
GNM13060                        -AAASADDDE EEEEEEKEEE FIGGGIIIII LIIKKKKKQK KLILLLLLMN NNPERKRSSS TTVIVEVVVV VY
GNM13061                        -AAAASDDEE EEEEEKEEQE YTGGGIIVII LVRRKVKKGK KLIILLLLSN DSPKRIATSS ATAVVEVVVV VI
GNM13064                        -AAASQDDEE EDERDREEQQ YIGNGIIIIL LLINEEKSSK KLKMQLLLMN NSPPEKQSSM AMALVVVVVV VL
GNM11032                        -AAAANDDED QDERTKEEQQ YRGEGIIIIL LMLQLRRNGN NAALRLLLVG QIAGIDSASM ALAVVEAVVV VI
GNM11034                        -AAAAKDDDE EEDRKRNEQQ YTGGGIIILL LVTRE-RSRS EAQLRLLLVG EVAGMDAASM AFAVVEAVVV VV
GNM11363                        -AAAMVDDED DEEIEKNEQQ YIGGAIIVIL LMIKRQRAES KTELKLLLID NAPSERQASI ATALIVVVVV VI
GNM11375                        -AAASADDEE EEEKEKNEQT FIGGAIIVIL LMINEQTSKL KQELRLLLTK NTPSEKQADI ATAMIKVVVV VI
GNM11381                        -ASACADDDE EEETEKKEQQ FIGNAIIVIL LMINPQTSKL KMELRLLLIG NTPSKKSTTI ATAMIVVVVI VI
GNM11382                        -AAACSDDEE EEETEKKEQQ FIGNAIIVIL LMINPQSSKL KMELRLLLIK NTPSVKQTSI ATAMIAVVVV VI
GNM11799                        -AAACSDDDE EEEKEKEEQQ FIGNAIIVII LMIDEQSSKR KMEIQLLLIK NTPPAKQTDI ATAMIKVCVV VI
GNM11841                        -AAAAEDDDA EDEREEEDRQ YVGGGIVVFL LMIEEQDDDE EELIDLLDVD DQA-ERMNDT ATAMVTAVVV VL
GNM11931                        -AAAVDDDGA QDERETDERQ YVGSGIIVFL VVVEETSPDH DDKLAILDLD DTP-ESQAPT ALAMVEAVVV VV
GNM12040                        -AAAAQDDAS DDERDETERQ YVGGGIIIFL LVRATEDPDQ DERLAILAVD DTA-EQETNT ATAMIDVVVV VL
GNM12071                        -AAAAQDDED DSRRDDEERQ YVGGGIIIFL LVVEKEDPDD DAKLALLAVD DTA-EEEAPT ATAMVTAVVV VL
GNM12125                        VAAAAQDDEE EEERTKDDQQ LVGGSVIALI LAIRLEASNL KRLVALLLVG ELPVEREVSM AKAVVEAVVV VL
GNM12126                        -AAAVKDDDE EERKKEYEQQ YIGGNIIILI LVIQPEVSEK EKELEVLVLK GLPEIEETSA TGALVKVCVV VI
GNM12128                        -AAAAEDDEE DDRRIKESYY FVGGSIIVLI IISEMENKEL ESVIRFLETQ NIPEIEEASI AMAFVEVVVI VL
GNM12182                        -AAVMMDDDK EARRREQNQT IVGGGIIIII LTIEELENSS NRKIKFLLVN DTP-SEEAPA TTAAVQAKVV VI
GNM12342                        -AAAAKDDEE EEKREEEDQS YVGNGFIIFI LTIKKRETEK DEVLELLLTN DQP-EVKCST CFAMVEVVVV VW
GNM12346                        -AAAAQDDDE EEQREKYEQQ YVGKGIIIFL LMIQRKNPDK DTVIELLMVK DTAEVRTASS ATAMVMVVVV VI
GNM12351                        -AAAADDDDS EEQLDKDQQQ YVGGGIIVFL LIIEEENPDA NRIIELLLVN GSAEKREAST TTSMVAVVVV VI
GNM12356                        -AAAVKDDEE KEKKIKKDQT YVGEGMIIFI LSTKELETKK DEVIEMLLTN KQP-EENCST CLVMIEVVVV IM
GNM12357                        -AAASKDDEE EEKKITEDQS YVGGGIIIFL LATKKVETKK DEVLEMLLTN KQP-EESAST CLAMIEAVVV VL
GNM12366                        -AAAAKDDED EEKKIKEDQT YVGNGIIIFL LSTTKVDTKK DEVLEMLLSN KQP-EETVST CLAMIEAVVV VM
GNM12373                        -AAAAQDDTE EDKRNGDEQQ YVGSGVILFI LMVEPTEPNK TEGIELLLTK DVAEVYSCSS TTAIVVVVVV VY
GNM12385                        -AAAAQDDDE DEKRNGEEQQ YVGGGIILFI LMVAEEDPEK TVALELLLTR GVAEVYSTTT TTATVAVAVV VY
GNM12551                        -AAAAQDDEE DERRKSEPQQ YVGGGIIVFL LQEKEEETKR KKRIELLMAG GIPSEHETSF ALAMVEVVVV VL
GNM12554                        -AAAAEDDEA AESKNGEQQQ YVGQGIIVFI LVVEPQDPEK TAVIEMLVTR DTAEVKETPS ATAMIKVVVV IW
GNM12592                        -AAAASDDSD PEERERDEQQ YVGGGIIIIL LIVAPEKSNK EEVIELLISG GAAEMRSCSS TTAMVEVAVV VI
GNM12596                        -AAAMNDDDN AEERNSKEQQ YVGGGIIIIL LVINEKEPNA TKILELLVVN DTAKKKESST TTAMIEVVVV VI
GNM12602                        -AAAMNDDED ADERNSKEQQ YIGGGIIIIL LVVKEQEPNA KKILELLVVN DTAKNKESST TTAMIEVVVV VI
GNM12665                        -AAAMNDDEN AEERNSKEQQ YVGGGIIIIL LVVNEEEPNA TKILELLVVN DTAKKKESST TTAMIEVVVV VI
GNM12745                        -AAAAEDDDE DSEQEKKEQQ YVGGGIIVIL LMVKKEKSDR NEMLELLMTN GSAKEVSTST TLVMIEVKVV VL
GNM12749                        -AAAAEDDEE DEEKRGKPQQ WVGHGIIIFI LIVAPQDPQR KEIIELLLTK DAAEVTGTTT ATAMVAVVVV IY
GNM12758                        -AAAMKDDDE EEETEKKDQQ YIGGGIIVIL LMVRREKPNR EEVLELLMTG GNPRQKNTST TLAMIDVAVV VI
GNM12763                        -AAAMSDDEE EDEEEKEEQQ YVGGGIIVII LMIKRNKPNR DKLLELLMTN GTPKKKESST TMAMIEVVVV VL
GNM12766                        -AAAAKDDEE EERREEEDQS YVGNGFIIFI LSIKKVETKK DEVLELLLTN NQP-EENCST CFAVVEVVVV VW
GNM12841                        -AAAAEDDDE ESEREEEERQ YVGGGIVVFL LLVEEEDSDK DELIAILQV- DQA-ERQTST ATTMVTAVVV VL
GNM12849                        -AAASSDDEE EEEKEKKEQT FIGGAIIVVL LMITEQSSKL KQEIRLLLTK NTPPEKQADI ATAMIKVVVV VI
GNM12869                        -AAASSDDEE EEEKEKNEQT FIGGAIIVIL LMTAEQSSKL KQELRLLLTK NTPPEKQADI ATAMIKVVVV VI
GNM12896                        -AAAASDDEE QEETEKKDQQ FIGNAIIIIL LMIQPQASKL KMEVRLLLIK NTPQIKQASI ATAMIKVVVV VI
GNM12897                        -AAAASDDDE QEETEKKDQQ FIGNAIIVIL LMIQPQVSKL KMEIRLLLIK NTPQTKQASI ATAMIKVVVV VI
GNM12902                        -AAAMSDEDA EEQIDKTEQQ FIGKGFIVIP LSIERKDSNN EKMMQLLLLN DTASKKEATT AGAIIKVVVV VY
GNM12903                        -AVVATDDEE EEYIVEEEQQ YRGGAIAIIL LVEKRANSSK KALIQLLMQK DAP-IKEAPL TLAVIEAAVV AI
GNM12906                        -AVVATDDEE EEYVVEEEQQ FRGGTIAIIL LVEKRANSNK RALVQLLMQK DAP-IREAPA TLAMIEAAVV VL
GNM12907                        -AVAITDDEE EEYITEEEQQ YRGGALAIIL LVEKRANSSK RALVQLLMQK DAP-VKEASV TLAMIEVAVL VI
GNM12909                        -AVVMTDDEE EEYIVDEEQQ YRGGALTIIL LVEKRANNSK KSLIQLLMQK DAP-IRETSL TLAMIEVAVV VI
GNM12915                        -AAAMVDDEE EEEKEKKQQQ YVGGGIIIIL LMIKYKKSER RKVLELLLAG GTPDEKEADM ALAIITVVVV VI
GNM10046                        -AAAMTDDEE EEEKERRQQQ YIGGGIIIIL LMIKYVKSNK KKVLELLLAN NTPDEREADI TLAIITVVVV VI
GNM12918                        -AAAMIDDEE EEEKERRQQQ YIGGGIIIIL LMIKYKKSER KKVLELLLAG GTPEEKETDM AMAIITVVVV VI
GNM12931                        -AAAVQDDER EEERKKEEQQ YVGGGIIIII LVNKKRSSSL KEVLEFLLIG DVPSILSTSI TLAMIEVVII VI
GNM12938                        -AAAMVDDEK EKKRIKEQQS FVGGGIIVII LTTEEVDKNA LKKLKFLLMN NVP-EEESSV TLAMVEAKVI VL
GNM12996                        -AAAATDDEK EKRRNKEQQV IVGGGIIIII LTIEEIEKNI NKKIKFLMFN NTP-IEEASA TTATVEAKVV VI
GNM13027                        -AAVMTDDEK DQKKIKEQQS YIGGGIIVII LTTEEVEKNL IKKLKFLLIN DIP-QEEAGI TLAMVEAKVV VL
GNM13046                        -AAACSDDEE EEEIEKTEQQ FIGSAIIVIL LMINEQPSKL KQEIRLLLVK NTPPTKQAGI ATAMIQVVVV VI
GNM13053                        -AAAASDDEE EEEEDKSQQQ FIGGGIIVIL LMIAREKTDK NLEIQLLLMG DSAPERQSSI ATAIIRVVVV VM
GNM13074                        -AAAMVDDEE EEEKEKEEQQ YIGGGIIIIL LMVKYKRPEK VKALELLLVK GTPEERETDS TFAIITVVVV VI
GNM10010                        -AAAMVDDEE EEELEKEEQQ YVGGPLIILI LMVKRKRPNQ VEVLELLLVK GTPEKKETDT ALAMITVVVV VI
GNM10014                        -AAAMADDDE EDEKEKEEQQ YIGGPLIILL LMVKYEKSEK VKVLELLLIK GTPEEREADT AMAMITVVVV VI
GNM13090                        -AAAMSDDEE EEEKEREEQQ YIGGAIIILL LMVKYERSDK TQVLELLLVK NMVEEKEADS ALAIITVVAV VI
GNM13118                        -AAAVEDDEE QEEKTKKPRY YIGGGIIVII LFQRPQRSSS EDVIKLLLTG GQPEIKLSSI TLALIEVAVV VI
GNM13126                        -AAAMQDEDA EEKIDKTEQQ FVGSGFIVIP LSIERTDPNN EKMMQLLMVG DTADKKESST AGAIIKVVVV VY
GNM13128                        -AAAMQDEDA EEKIDKTEQQ FVGGGFIVIP LSIERKEPNN EKMMQLLLVS DTADKVDAAT TGAIIKVVVV VY
GNM13208                        -AVAMADDEE DEYEVDEEQQ YRGGTIVVIL LMERRAESAA KALVQLLMQK DAP-VGEATI TLAIIEAAVV VL
GNM13210                        -AIAMQDDEN EERRKKEEQQ FVGGGIIIII IVEKYDTSSA KRAYQFLLSK DVPSVFESSA TLAFIEVVVV VL
GNM12773                        -AAASQDDEE EEEKEKGGQQ FSGGGIIIIL LMINIEESQL EKILKLLLIE DSPDERDCSI TTALAEVKVV VI
GNM12768                        -AAAASDDEA EEQKDKEEQQ YVGKGIIVIL LVIKLRDPGN NRVLQLLLTA DSPPERQVSI ATATVTVVVV VL



    1    1    1    1    1    1    1    1    1    1    1    1    1    1    1
    1    1    1    1    1    1    1    1    1    1    1    1    1    1    1
    1    1    1    1    1    1    1    1    1    1    1    1    1    1    1
    1    1    1    1    1    1    1    1    1    1    1    1    1    1    1
    1    1    1    1    1    1    1    1    1    1    1    1

AAML (in paml version 4.9h, March 2018)  tmp0016.txt
Model: Empirical,  (../wag.dat) dGamma (ncatG=4) ns = 148  ls =  72


Frequencies..
                                    A      R      N      D      C      Q      E      G      H      I      L      K      M      F      P      S      T      W      Y      V
GNM13746                       0.07042 0.04225 0.04225 0.04225 0.00000 0.01408 0.15493 0.04225 0.00000 0.11268 0.09859 0.11268 0.01408 0.02817 0.01408 0.04225 0.02817 0.00000 0.01408 0.12676
GNM13538                       0.11268 0.01408 0.04225 0.07042 0.00000 0.05634 0.12676 0.02817 0.01408 0.14085 0.07042 0.05634 0.04225 0.02817 0.01408 0.04225 0.05634 0.00000 0.00000 0.08451
GNM13876                       0.11268 0.02817 0.00000 0.04225 0.00000 0.04225 0.12676 0.08451 0.00000 0.09859 0.11268 0.07042 0.04225 0.01408 0.01408 0.05634 0.02817 0.00000 0.01408 0.11268
GNM13680                       0.08451 0.01408 0.01408 0.04225 0.00000 0.08451 0.11268 0.01408 0.00000 0.11268 0.09859 0.09859 0.05634 0.01408 0.01408 0.07042 0.04225 0.00000 0.01408 0.11268
GNM14837                       0.08451 0.01408 0.02817 0.05634 0.00000 0.05634 0.12676 0.02817 0.00000 0.11268 0.08451 0.09859 0.02817 0.01408 0.01408 0.08451 0.07042 0.00000 0.00000 0.09859
GNM14249                       0.09859 0.01408 0.02817 0.04225 0.00000 0.05634 0.14085 0.02817 0.00000 0.11268 0.08451 0.09859 0.04225 0.01408 0.01408 0.08451 0.05634 0.00000 0.00000 0.08451
GNM13928                       0.09859 0.01408 0.02817 0.04225 0.00000 0.05634 0.15493 0.02817 0.00000 0.11268 0.09859 0.08451 0.02817 0.01408 0.01408 0.08451 0.05634 0.00000 0.00000 0.08451
GNM13297                       0.11268 0.01408 0.04225 0.07042 0.00000 0.05634 0.12676 0.02817 0.01408 0.14085 0.07042 0.05634 0.04225 0.02817 0.01408 0.04225 0.05634 0.00000 0.00000 0.08451
GNM14865                       0.18571 0.05714 0.00000 0.12857 0.00000 0.04286 0.12857 0.04286 0.00000 0.05714 0.07143 0.01429 0.01429 0.01429 0.02857 0.01429 0.05714 0.00000 0.01429 0.12857
GNM13455                       0.09859 0.01408 0.02817 0.05634 0.00000 0.05634 0.12676 0.02817 0.00000 0.11268 0.08451 0.11268 0.02817 0.01408 0.02817 0.05634 0.05634 0.00000 0.00000 0.09859
GNM14938                       0.15714 0.07143 0.00000 0.05714 0.00000 0.04286 0.12857 0.07143 0.00000 0.05714 0.12857 0.04286 0.01429 0.01429 0.00000 0.05714 0.02857 0.00000 0.01429 0.11429
GNM14483                       0.08451 0.07042 0.05634 0.02817 0.00000 0.05634 0.15493 0.04225 0.01408 0.08451 0.07042 0.04225 0.02817 0.01408 0.02817 0.05634 0.02817 0.00000 0.00000 0.14085
GNM14872                       0.08451 0.01408 0.02817 0.04225 0.00000 0.08451 0.11268 0.01408 0.00000 0.09859 0.08451 0.11268 0.07042 0.02817 0.02817 0.02817 0.04225 0.00000 0.01408 0.11268
GNM13855                       0.08451 0.00000 0.02817 0.05634 0.00000 0.07042 0.09859 0.02817 0.00000 0.11268 0.08451 0.14085 0.04225 0.01408 0.01408 0.02817 0.04225 0.00000 0.01408 0.14085
GNM14445                       0.08451 0.04225 0.07042 0.05634 0.00000 0.08451 0.11268 0.04225 0.00000 0.05634 0.09859 0.04225 0.02817 0.01408 0.01408 0.05634 0.02817 0.00000 0.00000 0.16901
GNM14404                       0.12676 0.00000 0.02817 0.02817 0.00000 0.04225 0.15493 0.04225 0.00000 0.14085 0.11268 0.05634 0.02817 0.01408 0.02817 0.07042 0.01408 0.00000 0.00000 0.11268
GNM14366                       0.12676 0.01408 0.04225 0.02817 0.00000 0.05634 0.11268 0.02817 0.00000 0.12676 0.09859 0.08451 0.04225 0.01408 0.04225 0.04225 0.04225 0.00000 0.00000 0.09859
GNM14252                       0.09859 0.01408 0.04225 0.04225 0.00000 0.05634 0.14085 0.02817 0.00000 0.11268 0.09859 0.09859 0.02817 0.01408 0.01408 0.07042 0.05634 0.00000 0.00000 0.08451
GNM13760                       0.11268 0.01408 0.04225 0.04225 0.00000 0.05634 0.14085 0.02817 0.00000 0.11268 0.09859 0.09859 0.02817 0.01408 0.01408 0.04225 0.07042 0.00000 0.00000 0.08451
GNM13982                       0.11268 0.01408 0.05634 0.07042 0.02817 0.07042 0.12676 0.01408 0.00000 0.12676 0.08451 0.07042 0.02817 0.01408 0.01408 0.04225 0.02817 0.00000 0.00000 0.09859
GNM13960                       0.09859 0.01408 0.02817 0.07042 0.02817 0.07042 0.12676 0.01408 0.00000 0.15493 0.05634 0.09859 0.04225 0.01408 0.04225 0.02817 0.04225 0.00000 0.00000 0.07042
GNM14633                       0.20689 0.03448 0.10345 0.10345 0.03448 0.06896 0.10345 0.03448 0.00000 0.03448 0.13793 0.03448 0.03448 0.00000 0.00000 0.00000 0.03448 0.00000 0.00000 0.03448
GNM14853                       0.11268 0.01408 0.08451 0.07042 0.01408 0.05634 0.12676 0.01408 0.00000 0.11268 0.07042 0.07042 0.04225 0.01408 0.01408 0.02817 0.04225 0.00000 0.00000 0.11268
GNM14174                       0.09859 0.01408 0.01408 0.08451 0.01408 0.07042 0.12676 0.04225 0.00000 0.11268 0.09859 0.05634 0.01408 0.01408 0.02817 0.04225 0.04225 0.00000 0.01408 0.11268
GNM14748                       0.09859 0.01408 0.04225 0.07042 0.00000 0.07042 0.11268 0.02817 0.00000 0.11268 0.09859 0.08451 0.02817 0.01408 0.01408 0.07042 0.05634 0.00000 0.00000 0.08451
GNM14246                       0.08451 0.04225 0.01408 0.08451 0.00000 0.07042 0.12676 0.05634 0.00000 0.08451 0.09859 0.05634 0.02817 0.02817 0.04225 0.01408 0.05634 0.00000 0.00000 0.11268
GNM14640                       0.08451 0.05634 0.00000 0.07042 0.00000 0.04225 0.16901 0.05634 0.00000 0.08451 0.11268 0.04225 0.01408 0.01408 0.04225 0.02817 0.05634 0.00000 0.00000 0.12676
GNM14965                       0.09859 0.01408 0.02817 0.05634 0.00000 0.08451 0.09859 0.02817 0.01408 0.14085 0.09859 0.09859 0.04225 0.01408 0.01408 0.02817 0.02817 0.00000 0.01408 0.09859
GNM13677                       0.09859 0.01408 0.00000 0.04225 0.00000 0.04225 0.12676 0.08451 0.00000 0.08451 0.14085 0.08451 0.02817 0.01408 0.01408 0.04225 0.04225 0.00000 0.01408 0.12676
GNM14339                       0.15493 0.05634 0.04225 0.02817 0.00000 0.02817 0.12676 0.07042 0.00000 0.11268 0.08451 0.04225 0.02817 0.00000 0.02817 0.04225 0.04225 0.00000 0.01408 0.09859
GNM14593                       0.09859 0.02817 0.00000 0.07042 0.00000 0.04225 0.09859 0.07042 0.00000 0.09859 0.11268 0.09859 0.04225 0.01408 0.01408 0.07042 0.00000 0.00000 0.01408 0.12676
GNM13825                       0.15714 0.07143 0.02857 0.02857 0.00000 0.04286 0.14286 0.05714 0.00000 0.07143 0.11429 0.02857 0.01429 0.00000 0.00000 0.02857 0.07143 0.00000 0.01429 0.12857
GNM14768                       0.14085 0.02817 0.01408 0.04225 0.00000 0.04225 0.11268 0.05634 0.00000 0.15493 0.12676 0.07042 0.01408 0.01408 0.00000 0.08451 0.01408 0.00000 0.00000 0.08451
GNM14776                       0.14085 0.02817 0.02817 0.04225 0.00000 0.04225 0.11268 0.05634 0.00000 0.15493 0.12676 0.07042 0.01408 0.01408 0.00000 0.07042 0.01408 0.00000 0.00000 0.08451
GNM14715                       0.08451 0.04225 0.04225 0.02817 0.00000 0.07042 0.12676 0.04225 0.01408 0.08451 0.07042 0.05634 0.04225 0.01408 0.02817 0.05634 0.04225 0.00000 0.00000 0.15493
GNM14639                       0.09859 0.01408 0.02817 0.04225 0.00000 0.05634 0.09859 0.04225 0.01408 0.09859 0.11268 0.08451 0.02817 0.00000 0.02817 0.05634 0.04225 0.00000 0.01408 0.14085
GNM13795                       0.09859 0.01408 0.02817 0.07042 0.00000 0.05634 0.11268 0.02817 0.00000 0.11268 0.09859 0.09859 0.02817 0.01408 0.01408 0.08451 0.05634 0.00000 0.00000 0.08451
GNM14166                       0.11268 0.01408 0.04225 0.04225 0.00000 0.08451 0.09859 0.01408 0.00000 0.14085 0.09859 0.08451 0.02817 0.01408 0.02817 0.04225 0.07042 0.00000 0.00000 0.08451
GNM13993                       0.07042 0.02817 0.05634 0.05634 0.00000 0.07042 0.12676 0.02817 0.00000 0.08451 0.12676 0.07042 0.05634 0.00000 0.02817 0.08451 0.00000 0.00000 0.01408 0.09859
GNM13515                       0.14085 0.01408 0.04225 0.05634 0.01408 0.05634 0.14085 0.01408 0.00000 0.11268 0.08451 0.07042 0.02817 0.01408 0.02817 0.02817 0.04225 0.00000 0.00000 0.11268
GNM13745                       0.07042 0.01408 0.04225 0.04225 0.00000 0.09859 0.15493 0.02817 0.00000 0.12676 0.12676 0.08451 0.01408 0.01408 0.04225 0.04225 0.02817 0.00000 0.00000 0.07042
GNM14030                       0.07042 0.00000 0.05634 0.04225 0.00000 0.07042 0.12676 0.02817 0.00000 0.09859 0.12676 0.09859 0.04225 0.00000 0.02817 0.08451 0.01408 0.00000 0.01408 0.09859
GNM14959                       0.08451 0.05634 0.04225 0.04225 0.01408 0.02817 0.14085 0.02817 0.00000 0.14085 0.05634 0.07042 0.02817 0.00000 0.01408 0.04225 0.07042 0.00000 0.02817 0.11268
GNM13413                       0.08451 0.07042 0.01408 0.04225 0.00000 0.05634 0.11268 0.05634 0.00000 0.07042 0.08451 0.08451 0.02817 0.05634 0.01408 0.02817 0.02817 0.00000 0.02817 0.14085
GNM14971                       0.09859 0.01408 0.02817 0.07042 0.02817 0.07042 0.12676 0.01408 0.00000 0.15493 0.05634 0.09859 0.04225 0.01408 0.04225 0.02817 0.04225 0.00000 0.00000 0.07042
GNM14990                       0.09091 0.07273 0.01818 0.07273 0.03636 0.05455 0.10909 0.00000 0.00000 0.10909 0.07273 0.12727 0.03636 0.01818 0.03636 0.05455 0.03636 0.00000 0.00000 0.05455
GNM15005                       0.09859 0.01408 0.04225 0.05634 0.02817 0.07042 0.12676 0.01408 0.00000 0.15493 0.05634 0.09859 0.04225 0.01408 0.04225 0.02817 0.04225 0.00000 0.00000 0.07042
GNM14992                       0.15556 0.02222 0.02222 0.11111 0.04444 0.08889 0.08889 0.02222 0.00000 0.11111 0.08889 0.08889 0.04444 0.02222 0.00000 0.02222 0.02222 0.00000 0.00000 0.04444
GNM15013                       0.09859 0.01408 0.02817 0.07042 0.02817 0.07042 0.12676 0.01408 0.00000 0.15493 0.05634 0.09859 0.04225 0.01408 0.04225 0.02817 0.04225 0.00000 0.00000 0.07042
GNM15014                       0.00033 0.06242 0.06242 0.00033 0.00033 0.06242 0.18660 0.00033 0.00033 0.18660 0.00033 0.12451 0.06242 0.00033 0.06242 0.00033 0.06242 0.00033 0.00033 0.12451
GNM14976                       0.09859 0.01408 0.02817 0.07042 0.02817 0.07042 0.12676 0.01408 0.00000 0.15493 0.05634 0.09859 0.04225 0.01408 0.02817 0.04225 0.04225 0.00000 0.00000 0.07042
GNM15017                       0.09859 0.00000 0.04225 0.05634 0.02817 0.07042 0.12676 0.01408 0.00000 0.15493 0.05634 0.09859 0.05634 0.01408 0.04225 0.02817 0.04225 0.00000 0.00000 0.07042
GNM14999                       0.09859 0.02817 0.04225 0.07042 0.02817 0.07042 0.12676 0.01408 0.01408 0.14085 0.05634 0.08451 0.02817 0.02817 0.02817 0.02817 0.02817 0.00000 0.00000 0.08451
GNM15025                       0.09859 0.00000 0.02817 0.05634 0.02817 0.08451 0.12676 0.01408 0.00000 0.14085 0.05634 0.09859 0.04225 0.01408 0.04225 0.05634 0.02817 0.00000 0.00000 0.08451
GNM15024                       0.09859 0.01408 0.02817 0.04225 0.00000 0.05634 0.14085 0.02817 0.00000 0.08451 0.11268 0.09859 0.02817 0.01408 0.01408 0.08451 0.07042 0.00000 0.00000 0.08451
GNM14980                       0.09859 0.01408 0.02817 0.04225 0.00000 0.05634 0.14085 0.02817 0.00000 0.08451 0.11268 0.09859 0.02817 0.01408 0.01408 0.08451 0.07042 0.00000 0.00000 0.08451
GNM15001                       0.09859 0.01408 0.02817 0.04225 0.00000 0.05634 0.14085 0.02817 0.00000 0.08451 0.11268 0.09859 0.02817 0.01408 0.01408 0.08451 0.07042 0.00000 0.00000 0.08451
GNM15028                       0.09859 0.01408 0.02817 0.07042 0.02817 0.07042 0.12676 0.01408 0.00000 0.15493 0.05634 0.09859 0.04225 0.01408 0.04225 0.02817 0.04225 0.00000 0.00000 0.07042
GNM11003                       0.10000 0.02857 0.02857 0.05714 0.00000 0.01429 0.12857 0.04286 0.00000 0.14286 0.04286 0.10000 0.05714 0.01429 0.02857 0.04286 0.05714 0.00000 0.00000 0.11429
GNM11023                       0.12676 0.07042 0.00000 0.04225 0.00000 0.02817 0.15493 0.07042 0.00000 0.05634 0.09859 0.01408 0.05634 0.01408 0.01408 0.05634 0.04225 0.00000 0.01408 0.14085
GNM11055                       0.10000 0.05714 0.04286 0.07143 0.00000 0.02857 0.18571 0.04286 0.00000 0.10000 0.10000 0.04286 0.04286 0.02857 0.01429 0.04286 0.04286 0.00000 0.00000 0.05714
GNM11146                       0.08571 0.02857 0.02857 0.10000 0.00000 0.04286 0.11429 0.02857 0.00000 0.04286 0.15714 0.05714 0.01429 0.00000 0.01429 0.07143 0.02857 0.00000 0.01429 0.17143
GNM11219                       0.11268 0.05634 0.00000 0.07042 0.00000 0.04225 0.16901 0.05634 0.00000 0.09859 0.14085 0.01408 0.02817 0.00000 0.02817 0.00000 0.05634 0.00000 0.01408 0.11268
GNM11220                       0.09859 0.04225 0.02817 0.02817 0.00000 0.02817 0.19718 0.07042 0.00000 0.04225 0.12676 0.01408 0.07042 0.01408 0.01408 0.05634 0.02817 0.00000 0.00000 0.14085
GNM11222                       0.11268 0.04225 0.01408 0.04225 0.00000 0.04225 0.14085 0.05634 0.00000 0.04225 0.15493 0.02817 0.01408 0.02817 0.05634 0.05634 0.02817 0.00000 0.00000 0.14085
GNM11223                       0.11268 0.04225 0.02817 0.04225 0.00000 0.07042 0.14085 0.04225 0.00000 0.08451 0.09859 0.02817 0.05634 0.01408 0.04225 0.02817 0.04225 0.00000 0.00000 0.12676
GNM11224                       0.11268 0.05634 0.02817 0.04225 0.00000 0.07042 0.14085 0.04225 0.00000 0.08451 0.09859 0.01408 0.04225 0.01408 0.04225 0.04225 0.02817 0.00000 0.00000 0.14085
GNM11225                       0.12857 0.04286 0.01429 0.05714 0.00000 0.08571 0.11429 0.05714 0.00000 0.08571 0.14286 0.02857 0.01429 0.01429 0.04286 0.02857 0.04286 0.00000 0.00000 0.10000
GNM11358                       0.08451 0.01408 0.02817 0.05634 0.00000 0.07042 0.09859 0.02817 0.00000 0.11268 0.09859 0.12676 0.04225 0.02817 0.01408 0.02817 0.04225 0.00000 0.00000 0.12676
GNM11360                       0.09859 0.01408 0.02817 0.05634 0.00000 0.05634 0.12676 0.02817 0.00000 0.11268 0.08451 0.11268 0.02817 0.01408 0.02817 0.05634 0.05634 0.00000 0.00000 0.09859
GNM11362                       0.12676 0.04225 0.02817 0.07042 0.00000 0.05634 0.11268 0.02817 0.00000 0.14085 0.09859 0.05634 0.02817 0.00000 0.01408 0.04225 0.02817 0.00000 0.01408 0.11268
GNM11367                       0.11268 0.01408 0.05634 0.07042 0.02817 0.07042 0.12676 0.01408 0.00000 0.12676 0.08451 0.07042 0.02817 0.01408 0.01408 0.04225 0.02817 0.00000 0.00000 0.09859
GNM11377                       0.08451 0.01408 0.02817 0.04225 0.00000 0.08451 0.11268 0.01408 0.00000 0.09859 0.08451 0.11268 0.07042 0.02817 0.02817 0.02817 0.04225 0.00000 0.01408 0.11268
GNM11380                       0.11268 0.00000 0.02817 0.04225 0.00000 0.09859 0.09859 0.01408 0.00000 0.15493 0.08451 0.11268 0.04225 0.01408 0.02817 0.02817 0.05634 0.00000 0.00000 0.08451
GNM11383                       0.11268 0.01408 0.04225 0.04225 0.01408 0.04225 0.09859 0.02817 0.00000 0.12676 0.09859 0.08451 0.04225 0.01408 0.02817 0.04225 0.07042 0.00000 0.00000 0.09859
GNM11804                       0.11429 0.01429 0.04286 0.04286 0.00000 0.02857 0.18571 0.04286 0.00000 0.07143 0.08571 0.10000 0.04286 0.02857 0.01429 0.02857 0.05714 0.00000 0.01429 0.08571
GNM11805                       0.08451 0.02817 0.02817 0.09859 0.01408 0.04225 0.11268 0.04225 0.00000 0.11268 0.07042 0.08451 0.04225 0.01408 0.02817 0.05634 0.04225 0.00000 0.01408 0.08451
GNM12883                       0.08451 0.01408 0.01408 0.04225 0.00000 0.08451 0.11268 0.01408 0.00000 0.11268 0.08451 0.11268 0.07042 0.02817 0.01408 0.05634 0.04225 0.00000 0.01408 0.09859
GNM12886                       0.08451 0.04225 0.04225 0.04225 0.00000 0.09859 0.09859 0.02817 0.00000 0.08451 0.07042 0.08451 0.08451 0.02817 0.01408 0.02817 0.04225 0.00000 0.01408 0.11268
GNM12892                       0.09859 0.01408 0.02817 0.05634 0.00000 0.08451 0.09859 0.02817 0.01408 0.15493 0.09859 0.09859 0.04225 0.01408 0.01408 0.02817 0.01408 0.00000 0.01408 0.09859
GNM12895                       0.08451 0.00000 0.05634 0.05634 0.00000 0.07042 0.09859 0.02817 0.00000 0.09859 0.09859 0.09859 0.04225 0.00000 0.01408 0.05634 0.05634 0.00000 0.01408 0.12676
GNM13060                       0.05634 0.02817 0.04225 0.04225 0.00000 0.01408 0.16901 0.04225 0.00000 0.14085 0.09859 0.12676 0.01408 0.01408 0.01408 0.05634 0.02817 0.00000 0.01408 0.09859
GNM13061                       0.09859 0.04225 0.01408 0.04225 0.00000 0.01408 0.15493 0.05634 0.00000 0.11268 0.08451 0.09859 0.00000 0.00000 0.01408 0.07042 0.04225 0.00000 0.01408 0.14085
GNM13064                       0.07042 0.02817 0.05634 0.05634 0.00000 0.07042 0.12676 0.02817 0.00000 0.08451 0.12676 0.07042 0.05634 0.00000 0.02817 0.08451 0.00000 0.00000 0.01408 0.09859
GNM11032                       0.15493 0.07042 0.05634 0.07042 0.00000 0.07042 0.08451 0.07042 0.00000 0.09859 0.12676 0.01408 0.02817 0.00000 0.00000 0.02817 0.01408 0.00000 0.01408 0.09859
GNM11034                       0.15714 0.08571 0.01429 0.07143 0.00000 0.04286 0.11429 0.07143 0.00000 0.04286 0.10000 0.02857 0.02857 0.01429 0.00000 0.04286 0.02857 0.00000 0.01429 0.14286
GNM11363                       0.12676 0.04225 0.02817 0.07042 0.00000 0.05634 0.11268 0.02817 0.00000 0.14085 0.09859 0.05634 0.02817 0.00000 0.01408 0.04225 0.02817 0.00000 0.01408 0.11268
GNM11375                       0.11268 0.01408 0.04225 0.04225 0.00000 0.05634 0.14085 0.02817 0.00000 0.11268 0.09859 0.09859 0.02817 0.01408 0.01408 0.04225 0.07042 0.00000 0.00000 0.08451
GNM11381                       0.08451 0.01408 0.04225 0.04225 0.01408 0.04225 0.09859 0.02817 0.00000 0.14085 0.09859 0.08451 0.04225 0.01408 0.02817 0.05634 0.08451 0.00000 0.00000 0.08451
GNM11382                       0.09859 0.01408 0.04225 0.02817 0.01408 0.05634 0.11268 0.01408 0.00000 0.12676 0.09859 0.08451 0.04225 0.01408 0.02817 0.07042 0.05634 0.00000 0.00000 0.09859
GNM11799                       0.09859 0.01408 0.02817 0.07042 0.02817 0.07042 0.12676 0.01408 0.00000 0.15493 0.05634 0.09859 0.04225 0.01408 0.02817 0.04225 0.04225 0.00000 0.00000 0.07042
GNM11841                       0.12857 0.04286 0.01429 0.18571 0.00000 0.04286 0.17143 0.04286 0.00000 0.04286 0.08571 0.00000 0.04286 0.01429 0.00000 0.00000 0.04286 0.00000 0.01429 0.12857
GNM11931                       0.12857 0.02857 0.00000 0.15714 0.00000 0.04286 0.10000 0.04286 0.01429 0.04286 0.07143 0.01429 0.01429 0.01429 0.04286 0.04286 0.05714 0.00000 0.01429 0.17143
GNM12040                       0.15714 0.05714 0.01429 0.15714 0.00000 0.05714 0.10000 0.04286 0.00000 0.07143 0.07143 0.00000 0.01429 0.01429 0.01429 0.01429 0.08571 0.00000 0.01429 0.11429
GNM12071                       0.17143 0.04286 0.00000 0.17143 0.00000 0.02857 0.11429 0.04286 0.00000 0.04286 0.08571 0.02857 0.01429 0.01429 0.02857 0.01429 0.05714 0.00000 0.01429 0.12857
GNM12125                       0.15278 0.05556 0.01389 0.05556 0.00000 0.04167 0.13889 0.04167 0.00000 0.04167 0.15278 0.04167 0.01389 0.00000 0.01389 0.04167 0.01389 0.00000 0.00000 0.18056
GNM12126                       0.07042 0.01408 0.01408 0.04225 0.01408 0.04225 0.18310 0.05634 0.00000 0.11268 0.09859 0.09859 0.00000 0.00000 0.02817 0.02817 0.02817 0.00000 0.02817 0.14085
GNM12128                       0.09859 0.04225 0.02817 0.05634 0.00000 0.01408 0.18310 0.02817 0.00000 0.15493 0.05634 0.02817 0.02817 0.04225 0.01408 0.07042 0.01408 0.00000 0.02817 0.11268
GNM12182                       0.11429 0.05714 0.05714 0.05714 0.00000 0.04286 0.10000 0.04286 0.00000 0.12857 0.05714 0.05714 0.02857 0.01429 0.02857 0.04286 0.07143 0.00000 0.00000 0.10000
GNM12342                       0.07143 0.02857 0.02857 0.07143 0.02857 0.02857 0.18571 0.02857 0.00000 0.05714 0.07143 0.08571 0.01429 0.04286 0.01429 0.02857 0.05714 0.01429 0.01429 0.12857
GNM12346                       0.11268 0.04225 0.01408 0.08451 0.00000 0.07042 0.09859 0.02817 0.00000 0.08451 0.05634 0.07042 0.05634 0.01408 0.01408 0.02817 0.05634 0.00000 0.02817 0.14085
GNM12351                       0.11268 0.02817 0.04225 0.09859 0.00000 0.05634 0.11268 0.05634 0.00000 0.09859 0.08451 0.02817 0.01408 0.01408 0.01408 0.05634 0.04225 0.00000 0.01408 0.12676
GNM12356                       0.04286 0.00000 0.02857 0.05714 0.02857 0.02857 0.15714 0.02857 0.00000 0.10000 0.07143 0.14286 0.05714 0.01429 0.01429 0.02857 0.07143 0.00000 0.01429 0.11429
GNM12357                       0.10000 0.00000 0.01429 0.05714 0.01429 0.02857 0.15714 0.04286 0.00000 0.07143 0.10000 0.11429 0.02857 0.01429 0.01429 0.05714 0.07143 0.00000 0.01429 0.10000
GNM12366                       0.08571 0.00000 0.02857 0.08571 0.01429 0.02857 0.12857 0.02857 0.00000 0.07143 0.08571 0.11429 0.04286 0.01429 0.01429 0.04286 0.08571 0.00000 0.01429 0.11429
GNM12373                       0.08451 0.01408 0.02817 0.07042 0.01408 0.04225 0.11268 0.05634 0.00000 0.05634 0.07042 0.04225 0.01408 0.01408 0.02817 0.05634 0.08451 0.00000 0.04225 0.16901
GNM12385                       0.14085 0.02817 0.01408 0.07042 0.00000 0.04225 0.12676 0.07042 0.00000 0.04225 0.08451 0.02817 0.01408 0.01408 0.01408 0.01408 0.11268 0.00000 0.04225 0.14085
GNM12551                       0.09859 0.05634 0.00000 0.04225 0.00000 0.05634 0.16901 0.07042 0.01408 0.05634 0.08451 0.07042 0.02817 0.02817 0.02817 0.04225 0.02817 0.00000 0.01408 0.11268
GNM12554                       0.14085 0.01408 0.01408 0.05634 0.00000 0.07042 0.12676 0.04225 0.00000 0.08451 0.02817 0.05634 0.02817 0.01408 0.04225 0.02817 0.07042 0.01408 0.01408 0.15493
GNM12592                       0.12676 0.04225 0.01408 0.05634 0.01408 0.02817 0.14085 0.07042 0.00000 0.11268 0.05634 0.02817 0.02817 0.00000 0.02817 0.09859 0.02817 0.00000 0.01408 0.11268
GNM12596                       0.09859 0.01408 0.08451 0.05634 0.00000 0.02817 0.11268 0.04225 0.00000 0.11268 0.07042 0.08451 0.02817 0.00000 0.01408 0.04225 0.07042 0.00000 0.01408 0.12676
GNM12602                       0.09859 0.01408 0.07042 0.07042 0.00000 0.04225 0.11268 0.04225 0.00000 0.11268 0.07042 0.08451 0.02817 0.00000 0.01408 0.04225 0.05634 0.00000 0.01408 0.12676
GNM12665                       0.09859 0.01408 0.08451 0.04225 0.00000 0.02817 0.14085 0.04225 0.00000 0.09859 0.07042 0.07042 0.02817 0.00000 0.01408 0.04225 0.07042 0.00000 0.01408 0.14085
GNM12745                       0.07042 0.01408 0.02817 0.07042 0.00000 0.04225 0.14085 0.05634 0.00000 0.05634 0.09859 0.09859 0.05634 0.00000 0.00000 0.07042 0.05634 0.00000 0.01408 0.12676
GNM12749                       0.14085 0.02817 0.00000 0.07042 0.00000 0.05634 0.11268 0.05634 0.01408 0.11268 0.05634 0.05634 0.01408 0.01408 0.04225 0.00000 0.08451 0.01408 0.01408 0.11268
GNM12758                       0.07042 0.05634 0.04225 0.07042 0.00000 0.04225 0.12676 0.07042 0.00000 0.08451 0.08451 0.07042 0.05634 0.00000 0.02817 0.01408 0.07042 0.00000 0.01408 0.09859
GNM12763                       0.05634 0.02817 0.04225 0.05634 0.00000 0.02817 0.15493 0.05634 0.00000 0.08451 0.08451 0.09859 0.07042 0.00000 0.02817 0.04225 0.05634 0.00000 0.01408 0.09859
GNM12766                       0.07143 0.02857 0.05714 0.05714 0.02857 0.02857 0.18571 0.02857 0.00000 0.05714 0.07143 0.07143 0.00000 0.04286 0.01429 0.04286 0.04286 0.01429 0.01429 0.14286
GNM12841                       0.11594 0.04348 0.00000 0.10145 0.00000 0.05797 0.18841 0.04348 0.00000 0.04348 0.08696 0.01449 0.01449 0.01449 0.00000 0.04348 0.07246 0.00000 0.01449 0.14493
GNM12849                       0.09859 0.01408 0.01408 0.04225 0.00000 0.05634 0.14085 0.02817 0.00000 0.11268 0.08451 0.11268 0.02817 0.01408 0.02817 0.05634 0.07042 0.00000 0.00000 0.09859
GNM12869                       0.11268 0.01408 0.02817 0.04225 0.00000 0.05634 0.14085 0.02817 0.00000 0.09859 0.09859 0.09859 0.02817 0.01408 0.02817 0.05634 0.07042 0.00000 0.00000 0.08451
GNM12896                       0.12676 0.01408 0.02817 0.04225 0.00000 0.09859 0.08451 0.01408 0.00000 0.15493 0.08451 0.09859 0.04225 0.01408 0.02817 0.04225 0.04225 0.00000 0.00000 0.08451
GNM12897                       0.11268 0.01408 0.02817 0.05634 0.00000 0.09859 0.07042 0.01408 0.00000 0.14085 0.08451 0.09859 0.04225 0.01408 0.02817 0.04225 0.05634 0.00000 0.00000 0.09859
GNM12902                       0.11268 0.01408 0.04225 0.07042 0.00000 0.05634 0.09859 0.04225 0.00000 0.09859 0.07042 0.09859 0.04225 0.02817 0.01408 0.05634 0.05634 0.00000 0.01408 0.08451
GNM12903                       0.17143 0.02857 0.01429 0.04286 0.00000 0.05714 0.14286 0.02857 0.00000 0.11429 0.10000 0.07143 0.01429 0.00000 0.02857 0.02857 0.02857 0.00000 0.02857 0.10000
GNM12906                       0.15714 0.05714 0.02857 0.04286 0.00000 0.05714 0.14286 0.02857 0.00000 0.07143 0.10000 0.04286 0.02857 0.01429 0.02857 0.01429 0.04286 0.00000 0.01429 0.12857
GNM12907                       0.14286 0.04286 0.01429 0.04286 0.00000 0.05714 0.14286 0.02857 0.00000 0.08571 0.11429 0.05714 0.02857 0.00000 0.01429 0.04286 0.04286 0.00000 0.02857 0.11429
GNM12909                       0.08571 0.04286 0.02857 0.05714 0.00000 0.05714 0.12857 0.02857 0.00000 0.10000 0.11429 0.05714 0.04286 0.00000 0.01429 0.04286 0.05714 0.00000 0.02857 0.11429
GNM12915                       0.09859 0.02817 0.00000 0.05634 0.00000 0.04225 0.14085 0.07042 0.00000 0.11268 0.09859 0.11268 0.04225 0.00000 0.01408 0.01408 0.02817 0.00000 0.02817 0.11268
GNM10046                       0.08451 0.04225 0.04225 0.05634 0.00000 0.04225 0.12676 0.04225 0.00000 0.14085 0.09859 0.08451 0.02817 0.00000 0.01408 0.01408 0.05634 0.00000 0.02817 0.09859
GNM12918                       0.08451 0.04225 0.00000 0.04225 0.00000 0.04225 0.15493 0.07042 0.00000 0.14085 0.08451 0.09859 0.05634 0.00000 0.01408 0.01408 0.04225 0.00000 0.02817 0.08451
GNM12931                       0.05634 0.04225 0.01408 0.04225 0.00000 0.04225 0.12676 0.05634 0.00000 0.16901 0.09859 0.07042 0.01408 0.01408 0.01408 0.08451 0.02817 0.00000 0.01408 0.11268
GNM12938                       0.08571 0.01429 0.04286 0.04286 0.00000 0.02857 0.12857 0.04286 0.00000 0.08571 0.10000 0.12857 0.04286 0.02857 0.01429 0.04286 0.04286 0.00000 0.00000 0.12857
GNM12996                       0.11429 0.02857 0.07143 0.02857 0.00000 0.02857 0.12857 0.04286 0.00000 0.17143 0.02857 0.11429 0.01429 0.02857 0.01429 0.01429 0.08571 0.00000 0.00000 0.08571
GNM13027                       0.07143 0.00000 0.02857 0.05714 0.00000 0.05714 0.11429 0.05714 0.00000 0.14286 0.10000 0.12857 0.02857 0.01429 0.01429 0.01429 0.05714 0.00000 0.01429 0.10000
GNM13046                       0.09859 0.01408 0.02817 0.02817 0.01408 0.08451 0.12676 0.02817 0.00000 0.14085 0.08451 0.07042 0.02817 0.01408 0.04225 0.04225 0.05634 0.00000 0.00000 0.09859
GNM13053                       0.11268 0.04225 0.01408 0.07042 0.00000 0.07042 0.12676 0.05634 0.00000 0.12676 0.08451 0.04225 0.04225 0.01408 0.01408 0.07042 0.02817 0.00000 0.00000 0.08451
GNM13074                       0.07042 0.02817 0.00000 0.04225 0.00000 0.02817 0.18310 0.05634 0.00000 0.11268 0.08451 0.09859 0.02817 0.01408 0.02817 0.01408 0.05634 0.00000 0.02817 0.12676
GNM10010                       0.07042 0.02817 0.01408 0.04225 0.00000 0.04225 0.16901 0.04225 0.00000 0.07042 0.12676 0.08451 0.04225 0.00000 0.04225 0.00000 0.05634 0.00000 0.01408 0.15493
GNM10014                       0.09859 0.01408 0.00000 0.07042 0.00000 0.02817 0.16901 0.04225 0.00000 0.08451 0.11268 0.09859 0.05634 0.00000 0.02817 0.01408 0.04225 0.00000 0.02817 0.11268
GNM13090                       0.11268 0.02817 0.01408 0.05634 0.00000 0.04225 0.18310 0.02817 0.00000 0.09859 0.11268 0.07042 0.04225 0.00000 0.00000 0.04225 0.02817 0.00000 0.02817 0.11268
GNM13118                       0.07042 0.04225 0.00000 0.04225 0.00000 0.05634 0.11268 0.07042 0.00000 0.14085 0.09859 0.07042 0.00000 0.01408 0.04225 0.07042 0.04225 0.00000 0.02817 0.09859
GNM13126                       0.09859 0.01408 0.02817 0.08451 0.00000 0.05634 0.09859 0.05634 0.00000 0.08451 0.04225 0.08451 0.05634 0.02817 0.02817 0.05634 0.05634 0.00000 0.01408 0.11268
GNM13128                       0.11268 0.01408 0.02817 0.08451 0.00000 0.05634 0.09859 0.05634 0.00000 0.08451 0.05634 0.08451 0.04225 0.02817 0.02817 0.02817 0.05634 0.00000 0.01408 0.12676
GNM13208                       0.17143 0.04286 0.00000 0.07143 0.00000 0.05714 0.14286 0.04286 0.00000 0.07143 0.10000 0.02857 0.04286 0.00000 0.01429 0.01429 0.04286 0.00000 0.02857 0.12857
GNM13210                       0.08451 0.04225 0.01408 0.05634 0.00000 0.05634 0.11268 0.04225 0.00000 0.11268 0.05634 0.07042 0.01408 0.05634 0.01408 0.08451 0.02817 0.00000 0.02817 0.12676
GNM12773                       0.07042 0.01408 0.01408 0.07042 0.01408 0.05634 0.16901 0.07042 0.00000 0.14085 0.11268 0.07042 0.01408 0.01408 0.01408 0.07042 0.02817 0.00000 0.00000 0.05634
GNM12768                       0.11268 0.04225 0.02817 0.07042 0.00000 0.07042 0.08451 0.04225 0.00000 0.07042 0.11268 0.05634 0.00000 0.00000 0.04225 0.04225 0.05634 0.00000 0.01408 0.15493

Homogeneity statistic: X2 = 30.20703 G = 28.92114 

Average                        0.10434 0.02785 0.02891 0.05938 0.00484 0.05444 0.13006 0.03868 0.00106 0.10502 0.09051 0.07552 0.03346 0.01383 0.02185 0.04429 0.04651 0.00039 0.00986 0.10918
(Ambiguity characters are used to calculate freqs.)


# constant sites:      0 (0.00%)

TREE #  1:  ((((((((44, 146), 132), (60, 96)), 97), 98), ((134, (99, 59)), (133, 135))), ((((((126, 125), 128), 127), 145), (62, 43)), 142)), (((((((((((((((((((((46, 47), 45), (49, 21)), 51), 58), 53), ((48, 50), 91)), 54), 52), (((72, 20), (23, 22)), 40)), ((((((55, 56), 57), 121), (18, 6)), (((25, 37), (7, 5)), (88, 19))), ((10, 70), 120))), 136), (((89, 75), 17), 90)), (((122, 74), 123), 38)), (((((79, 4), 78), (73, 13)), (28, 80)), (14, 69))), 81), (87, 71)), (((((39, 84), 42), 41), (15, 137)), (35, 12))), ((((1, 82), 83), (8, 2)), 36)), ((((33, 34), 31), (3, 29)), (((86, 11), 32), (30, 85)))), ((((((27, 26), (147, 24)), ((66, 67), 68)), 63), (65, 148)), (16, 64))), (((((((((((113, 111), 112), 102), 110), 101), (((109, 107), 115), 106)), ((((94, 9), 95), (92, 119)), 93)), (61, 76)), ((144, 143), (77, 124))), ((((((105, 104), 103), 118), 100), ((114, 116), 117)), 108)), ((((139, 140), 141), 138), ((131, 129), 130))));   MP score: -1
lnL(ntime:293  np:294):  -8732.635225      +0.000000
 149..150 150..151 151..152 152..153 153..154 154..155 155..156 156..44  156..146 155..132 154..157 157..60  157..96  153..97  152..98  151..158 158..159 159..134 159..160 160..99  160..59  158..161 161..133 161..135 150..162 162..163 163..164 164..165 165..166 166..167 167..126 167..125 166..128 165..127 164..145 163..168 168..62  168..43  162..142 149..169 169..170 170..171 171..172 172..173 173..174 174..175 175..176 176..177 177..178 178..179 179..180 180..181 181..182 182..183 183..184 184..185 185..186 186..187 187..188 188..189 189..46  189..47  188..45  187..190 190..49  190..21  186..51  185..58  184..53  183..191 191..192 192..48  192..50  191..91  182..54  181..52  180..193 193..194 194..195 195..72  195..20  194..196 196..23  196..22  193..40  179..197 197..198 198..199 199..200 200..201 201..202 202..55  202..56  201..57  200..121 199..203 203..18  203..6   198..204 204..205 205..206 206..25  206..37  205..207 207..7   207..5   204..208 208..88  208..19  197..209 209..210 210..10  210..70  209..120 178..136 177..211 211..212 212..213 213..89  213..75  212..17  211..90  176..214 214..215 215..216 216..122 216..74  215..123 214..38  175..217 217..218 218..219 219..220 220..221 221..79  221..4   220..78  219..222 222..73  222..13  218..223 223..28  223..80  217..224 224..14  224..69  174..81  173..225 225..87  225..71  172..226 226..227 227..228 228..229 229..230 230..39  230..84  229..42  228..41  227..231 231..15  231..137 226..232 232..35  232..12  171..233 233..234 234..235 235..236 236..1   236..82  235..83  234..237 237..8   237..2   233..36  170..238 238..239 239..240 240..241 241..33  241..34  240..31  239..242 242..3   242..29  238..243 243..244 244..245 245..86  245..11  244..32  243..246 246..30  246..85  169..247 247..248 248..249 249..250 250..251 251..252 252..27  252..26  251..253 253..147 253..24  250..254 254..255 255..66  255..67  254..68  249..63  248..256 256..65  256..148 247..257 257..16  257..64  149..258 258..259 259..260 260..261 261..262 262..263 263..264 264..265 265..266 266..267 267..268 268..113 268..111 267..112 266..102 265..110 264..101 263..269 269..270 270..271 271..109 271..107 270..115 269..106 262..272 272..273 273..274 274..275 275..94  275..9   274..95  273..276 276..92  276..119 272..93  261..277 277..61  277..76  260..278 278..279 279..144 279..143 278..280 280..77  280..124 259..281 281..282 282..283 283..284 284..285 285..286 286..105 286..104 285..103 284..118 283..100 282..287 287..288 288..114 288..116 287..117 281..108 258..289 289..290 290..291 291..292 292..139 292..140 291..141 290..138 289..293 293..294 294..131 294..129 293..130
 0.074167 0.076900 0.000000 0.000000 0.001159 0.119238 0.164434 0.247024 0.184593 0.177239 0.265833 0.317690 0.282016 0.588141 0.657369 0.310873 0.159816 0.047576 0.095503 0.185789 0.117859 0.076123 0.123091 0.107931 0.000000 0.164203 0.205222 0.018513 0.043827 0.039016 0.096994 0.034093 0.076300 0.071994 0.241751 0.031717 0.281231 0.237422 0.557444 0.081460 0.000000 0.139714 0.000000 0.230027 0.061242 0.108350 0.140521 0.002066 0.057734 0.020824 0.013596 0.088117 0.021698 0.000000 0.000000 0.000000 0.000000 0.000000 0.000000 0.000000 0.118758 0.010690 0.000000 0.000000 0.000000 0.000000 0.010681 0.000000 0.074070 0.000000 0.000000 0.000000 0.043320 0.010681 0.088352 0.000000 0.053091 0.057836 0.052138 0.000000 0.000000 0.038053 0.000000 0.000000 0.023626 0.065831 0.044151 0.000000 0.010603 0.010584 0.000000 0.000000 0.000000 0.000000 0.021569 0.000000 0.010527 0.010446 0.000000 0.000000 0.021117 0.021596 0.000000 0.000000 0.010545 0.043014 0.032227 0.000000 0.000000 0.010188 0.011042 0.000000 0.000000 0.010656 0.076347 0.030567 0.054876 0.052142 0.023053 0.023170 0.049846 0.008046 0.075564 0.010925 0.011801 0.009549 0.055837 0.041734 0.023283 0.101800 0.053480 0.068628 0.000000 0.000000 0.089573 0.072351 0.055567 0.087565 0.000000 0.000000 0.065586 0.010804 0.000000 0.059983 0.020532 0.023484 0.126547 0.105289 0.000000 0.000000 0.049732 0.007421 0.181211 0.090209 0.031473 0.000000 0.000000 0.102504 0.074502 0.116600 0.205958 0.017232 0.224078 0.141240 0.044905 0.037349 0.065004 0.116344 0.195810 0.070849 0.046417 0.157608 0.457641 0.000000 0.000000 0.141261 0.297133 0.021370 0.026473 0.266861 0.000000 0.011117 0.267576 0.251582 0.048486 0.011337 0.135880 0.143543 0.039911 0.048929 0.037708 0.038986 0.074845 0.120394 0.239088 0.102887 0.038338 0.000000 0.036204 0.146233 0.083261 0.013145 0.098577 0.082887 0.157079 0.110170 0.060015 0.069189 0.057205 0.000000 0.173650 0.313339 0.000000 0.315813 0.327157 0.140953 0.308048 0.208721 0.000000 0.072878 0.026235 0.024547 0.085000 0.022224 0.000000 0.072963 0.055747 0.282980 0.006506 0.000000 0.032143 0.071311 0.176854 0.347052 0.158925 0.309264 0.009633 0.000000 0.327368 0.181118 0.291649 0.236215 0.234323 0.000000 0.059920 0.020086 0.207559 0.068986 0.183285 0.144444 0.158820 0.062428 0.327291 0.153420 0.121265 0.184117 0.445846 0.000000 0.076735 0.048104 0.091282 0.178002 0.019886 0.038620 0.000000 0.437667 0.062188 0.136991 0.044897 0.067240 0.083009 0.128475 0.023748 0.013655 0.089663 0.087510 0.199954 0.161180 0.110806 0.430909 0.108106 0.079700 0.022986 0.049130 0.167002 0.074225 0.136749 0.086055 0.056236 0.079143 0.039746 0.056441 0.053657 1.430762
