
Printing out site pattern counts


       117        243  P

GNM13538                        --AAAAAAAA AAAAAAAAAA AAAAACDDDD DDDEEEEEEE EEEEEFFFFF FFFFGGGGGG GGGGGGGGGG GGGGHHHHII IIIIIIIIII IIIIIIIIII IKKKKKKKKK KLLLLLLLLL LLLLLLLLLL LLLLLLLNNN NNNPPPPPPP PPPPPPQQQQ QQRRRRRRRR RRRRRSSSSS SSSSSSSSSS SSSSSSSSSS TTTTTTTTTT TTTTTTTTTV VVVVVVVVVV VVVVVWWYYY YYY
GNM13876                        --AAAAAAAA AACCGGGIKL RTTTVTADDD DENEEEEEEE HHHKTFFFFL LSVVEGGGGG GGGGGGGGGK MNPVGHHHAF FFIIIILLLL RTVVVVVVVY YEKLNPRRST TAAAAFFIII ILLLLLLLLL LLRSVVYENN QRSHIPPPPP PPPPSSGIMQ QQEFHKLQQR RRRRRAAAAC DEGGIKKLLQ QSSSSSSSST AACEEFILLN STTTTVVYYA CEIIILLMRT TVVVVANEFI LYY
GNM13680                        --AAAAAAAA GVAAASSVSL RPTTACLDDD DDDEEEIKST EHKARFVYYM VAIVGCGGGG GGGGGGGGGE ENPGSFHHSA LVIIILILVV ELIIIIVVVV YWRDNRKTEL SGLQSAMIIL VLLLLLLMMV VVRGVVPKNP YQNELPPPPP PPPPAQSEQQ QREKTLRATD KKRRRASSTS SRAHIASALK MAAGRSSSST ISFDELTLVV PETTTTVITL FRPVVAIMKI IIVVVYAQIQ YYY
GNM14837                        --AADGILTV AIITALSIAL QDTTVFADDD NDDDEQENKK HEEREFTFYI IILVKG-EFG GGGGGGGGGR KGPVSNHHSR ILILLLILLL ILIIIIFLVT FENKIPQKST RCAKTATLML IAIILLTLLI LVRKIVPKNP HKNEVAPPPP PPSSKKSYQQ QSIKIKEQDE KNNRRSSSSS DKANVKSILQ QSVSKDESST IASKDLT-TV STTTTSVQEI FSLIVILMKI VIIRVYWFFY YYY
GNM14249                        --AADAIQTY AIITALSIAL EGTTVLDDDD NDDDEQEEMK HKEREFTFYI IILVKN-GYG GGGGGGGGGE KGPISNHHSK ILIILLILIL ILIIIIFIVT FEKKVQQKSS RCAKTAILML ILIILLKLLI LVKRIVPQNP HKNEVSPPPP PPSSKKSNEQ QSLKVKEKKE KKSRRSSSAA DKSNIKSFFH QSVSKEKSST IASKNLTLTV STTTTSVKEI FDIIVILMKI VIIKVYWFIF YYY
GNM13928                        --AADGIYTL ALITALSIGI QDTTVFADDD NDDNEHKNNK HENNEFTFYI IILVKG-GYG GGGGGGGGGE KGPLSNHHSR VLILLLILLL VLIIIIFLVS FENKILQKIS RCAKAAILML ILILLLCLLI LVKNLIPKNP HKNEVSAPPP PPLSKKSNKQ QSLKIKEQDE KTSRRSCSSA DKANIKSFFQ QSVSKAESST VAAKDLTITV PTTTTSVQEI FNVIVILMKI VIIEVYWFIH YYY
GNM13297                        --AAAAAAAA AAAAAAAAAA AAAAACDDDD DDDEEEEEEE EEEEEFFFFF FFFFGGGGGG GGGGGGGGGG GGGGHHHHII IIIIIIIIII IIIIIIIIII IKKKKKKKKK KLLLLLLLLL LLLLLLLLLL LLLLLLLNNN NNNPPPPPPP PPPPPPQQQQ QQRRRRRRRR RRRRRSSSSS SSSSSSSSSS SSSSSSSSSS TTTTTTTTTT TTTTTTTTTV VVVVVVVVVV VVVVVWWYYY YYY
GNM14865                        --AAAAAAAA CVVIALVVAL RRAPAGGADD DDDENERGER EAEAAFHFFF FSAIGGGGG- GGGGGGGGGE DGPFAHHHLR AKVSVLLMRV EVAPVVVMLS LTNATRETAD RLVAALLLFL LCLALLPLVL VAKTVVWENA HLNPVPSPPP PPAPPSGEQQ QSRRVRRASS RSRRRAESPV SRANIGRVLR ESTSSRGSST VSSAAVTLGV TSTTTTVRTV FSPAVVYQAA VVLVVVWDA- CYY
GNM13455                        --AAEAILTL AIITALTISL RETTAFADDD DDDDEEQNEE MEKRNFTFYI ITLVKG-KFG GGGGGGGGGK KGPISRHHCR ILILLLILLL ELIIIIFIVS FSNKILKKSI RCAKTAILML ISILLLILLI LVKNIVPNNA YNNELGPPPP PPPSGKSENQ QSLKIKEQNK KKKRRSCSAG DRANVKSILQ QSVSSEGSST IACEQLTMTA STSTTTVSEI FEVIVIIMKI VIILVFWFIF YYY
GNM14938                        --AAAAVAAV AGAASAGLAL RSVPVSLDDD DENEEEVDRE RHRKEFVAFV LYVAGGAGGG GGGGGGGGGE SGPFVHHHAL FLIVIAVLVL EAVIMVVVVY YTKDPPRREV RAAKSVTIMA LLLLLLVLLV LARCIVWRNP ENAPIPPPPP PPPPTNERMQ QRREFKEAEE RKRRRAAAPS DVGGVAEVVT QSSCESTAST VTTRGLLLIN TTTTTMIRVL ARLMVLLQRT AVVIVLMYVF LYY
GNM14483                        --AAAAAASA SVAAAVSIEL RDSTACVDDD DDDAEERPSR RHAERFFFYF VVLAGGGGGG AGGGGGGGKG KGPSSNHHTR LVILVFVLLV DLVIVIVIVR LEGAVPRVQT AVLLAALVLF VLLLLLVLVL AVRAEVLKKR TLGRPCPPPP PPPPAESEQQ QGASTRDGRR RRRRRSSSPA SDSSVAKALD QSAARSSSSA LSFKELTASV TSSTTTVSSV FVLLIVLMRI MLAVLSWYFY YYY
GNM14872                        --AAAAAAAA AVAAAASVSL RPATACLDDD DDDEEEIKSN EHQQRFMYYV VSVTGGGGGG GGGGGGGGGE ENPGSFHHSS LVIIMLILIA ELVITIVVVV YWKDNRTTEL SAMQSAVVAL ILLLLLLLLI VVRAVVPKDP YQNELAPPPP PPPPSESEQQ SRERTVRAQD KKRRRCSSPS SKAGIARLLR MAASRSASST ITFRALTLAV SETTTTVTTL FKPVVVIMKI IVVVVYAQTQ YYY
GNM13855                        --AAAVPVAA TLAIAVSLSL KQSTIAVDDD DDDEEEIKGN EHATTFIFFI VKIIGQGGGG GGGGGGGGGD NNKASFHHFR ILIIILVLII ELVILIIVVI YWNKDKKQEC RTLRTIIIII ILLLFLILVI VIKHVIPINQ YKNELCPAPP PPPPSKDEQQ QSNKIKTSYN KQRRRSSSTS SLIDISKIFK QATGKSYSST ISFNTLIINV PKTTTSLQIL FDLLVVIMNI IIVVIYYEIM LYY
GNM14445                        --ASVAAAAA ALAAGASVNL KMTTACLDDD DDDEEEITRS KNQNSFFFYL IKLVNGGDGG GGGGGGGGGE QNPASHHHNL LVICILILFA QILIIMVIVI FWKENKKKQV FVLVTALILL LLLLLLGLVI VARKVIPDNP FNSPTPPPPP PTPSSKTKQQ QKQTIQRAEE KKRRRFSSPS AEADIASILQ IAASLSASST MSCEQTLLTV PNTTTTVNKL CKLLVLIMRI VVVVVYWHIF FFY
GNM14404                        --ATAAVYAV SSVAAAGIRL AKIPVSLDDD YDNVEEIDSE KHEDEFVLFL IIITGGAGGL GAGGGGGGGD LGPSAHHHTL FLIGIIILKL ETLIVFVIIY IEKKNPSIRL SAMQPVILMI LLLLLLILML LMRKLVWNRR RRCPIPPPPP PPPPCPRTMQ QVETIKLAEE RERRRAVAPA SVANSAKIIE QSASDDTAST ACSKRLVELN TQTTTFLTVL PKLIILLQST IVVIVYMEII LYY
GNM14366                        --ATSCILEA AIATSVSIEL TVTTACLDDD DNDDEDLNNQ KGHKTFTFYI IVLVSGTELG GGGGGGGGGE KGPASNHHAA LVIIALILLV DLVIIIFIVS FSNKMPTRCQ RCLKSAILIL ILLLLLELLL IVQFLAPDNA YENEVGPPPP PPTRKKTSSQ QRRTIIEASK RKKRRSCSPA NEANANSMLK QSATTSTAST IGCKMLTILV STSTTSIIKT FEVNVILMKI IAVTTFWYSF YYY
GNM14252                        --AADAILIC AIITALSISL QKTTVYDDDD NDDDEQESNK HKKSEFTFYI IILVKG-GFG GGGGGGGGGE KGPINNHHSK ILIVLLILLL ILIIIIFIVT FENKVKQKSL RCAKSAILML ILIILLKLLI LVKKIVPKNP HKNEVAPPPP PPPSKKSYEQ QSIKIKEKDE KKNRRSCSSA DKSNVKSLLK QSVSGEKAST IASENLTLTV SATTTSVEEI FNIIIILMKI VIIKVYWFIF YYY
GNM13760                        --AANSIQTF SIITALSISL LVTCVFADDD NDDDEQEPQN HEESEFTFYI IILVKG-GFG GGGGGGGGGE KGPVSNHHSK ILIILLILLL ILIIIIFIVT FENKVLQKLS RCAKAAILML ILIILLILVI LVRKVVPKNP HKNEVGSPPP PSASKKSFEQ QSLKIKEQDE KRRRRSCSSA DKANVKSLFQ QSVSKGQAST IASKELTITV STTTTSVQEI FKLIVILMKI VIIIVYWFIY YYY
GNM14138                        --ASAASASA STAVALSIAL LEETICVEDD DNDESEENLN HKVETFLLYI LKATEMGGGK GGGGGGGSGE EGKGVHHHAL YLIGLIILLI NLLILLVIVV YERKKRENRE RAIKALLLML LMLLLLKMLI ICRTLVYNNP YFNPPTPPPP PPEKRSSYQT QEEWILEARI KNRFRASASA QEANVHELLN LSTTNSTAST ASCEEVLLLV SRTTTLLNFL AILLVLIMKI IVVVTWHWIQ LYY
GNM14748                        --AADGILTI AIITALSIGL EKTTVFDDDD NNDDEQISKK HQTKEFTIYI IILVNQ-GFG GGGGGGGGKE KGPVSNHHSK ILILVLILLL ILIIIIFLVT FENKNLQKKS KCAKTAILML ILVILLTLLI IVKKVAPRNP YKNDVGPPPP PGPSKKQEKQ QSLKKKEQDE KRERRSCSPS DKANVKSILK QSVSEAESST IASKELTLTV STTTTSVEEI FKIIVILMKI VIIIVYWFMH YYY
GNM14246                        --ASAAAASA ATAAALSIAL LVETLCAEDD DNDESEEDKN HRAVTFLLYI LKATGMGGGK GGGGGGGSGE DGPGAHHHAL FLIGLVILLI RLLILLVLVV YEKKERERRE RGAEAMLLML LLLLLLQMLI ICRILVYRNP HFNFPTPPPP PPAKRSSQQT QEEWVLDAKT KLRYRASAPV QEANVQQLLK LSTTNSAAST ASCEEVLVLV PRTTTLLEYL ASLLVIIMKI IVVVLWNWIQ LYY
GNM14640                        ----AAAASA --TAA-S-AL LV---C--DD ---E-E-DKE -R-VA--L-I ---T--GGG- -G----G--E D--GVH-H-- ---GLI-L-- -LL---V-VV Y-------HE --VE--V--- ---LL----- ---S-VY--- -FN-PT---- --EKR---Q- --E-VID-R- --R--AS-P- Q-----Q-I- ---TN-A--T AS--EV-FL- --T---L--- --LL-VIM-- ---V-W-W-- ---
GNM14965                        --AAATAVAV AAAVAASISL RRHTACLDDD DDDAEEVKSN ESKKIFLFYI IVVIGGGGGG GGGGGGGGGE ENPGSFHHSH LMIIILILLI ELVIIIVVVV YWKENKKTDL NALQTAFIIL ILLLLLLMMV IVRSVIPNNP FQNNIPSPPP PPPPGHSSQQ QKERARKAEN KRRRRSSSSA STARIASLLR QATCNASSST ITFRQLTIVV PETTTSVEII FQIIIAIMKI TTIVVYMHAY YYY
GNM13677                        --AAAAAAAA AACCGGGIRL RTTTVTADDD DENEEEEEEE HHHKTFFFFL LIVVRGGGGG GGGGGGGGGK MNPVGHHHGF FFIIIILLLL RTVVVVVVVY YEKLNPRRST RAAAAFFIII ILLLLLLLLL LLRSIVYENN QRSHIPPPPP PPPPSSGVMQ QHEFHKLQQR RRRRRAAAAC DEGGIKKLLQ QSSSDSSSST AACEEFILLN STTTTVVYYA CEIMILLMRT TVVVVANDFI LYY
GNM14339                        --AATAVAAI AAAVAVGLAL RKTPVSLDDD DDNEEELSGD RHRETFIAFL LKVTGHAGGG GGGGGGGGGR SGPFAHHHAI FLIVIIVLKL ETIVVVVIIY ISKEPPESKL RAMSSAIIMT LLLLLLVLII LLRQIIWHNP ENGPIPDPPP PPPPSREEMQ QRRVYRSART KKRRRAAAPC DIGGSAGVAQ QSSCESTSST ATCTDLLLTN SSTTTYVRYV VRLMVLLQRV TIVIVLLEVV LYY
GNM13825                        --AAAATAAV AGAASAGLAL RSVPVSLDDD DENEEEVDRE RHRKEFVAFV LRVAGGAGGG GGGGGGGGGE SGPFVHHHAL FLIVIAVLVL EAVIMVVVVY YSRDPPRREV RATKSAIIMA LLLLLLVLLV LARKIVWQNP ENAPIPPPPP PPPPTNERMQ QRREFREAEE RRRRRAAAPS DVGGVAEVVT QSSCESTAST VTTSEILVLN TTTTTMIRVL ARLMVLLQRT AVVIIILYIF LYY
GNM14768                        --AAAAVAAA GAACGAGVNL RKTPVSLDDD DENKEEVSSE RHHREFFLFM IRVVMGAGGG GAGGGGGGGE MGPSAHHHSL FLIGIIILIL SALIICVVVY YEKANPKKRM SAAISTIIML MLLLLLLLLV LMRKVVWRNP YRSPVPPPPP PPPPASEKMQ QEEILITAEE RKRRRASAPA DEASSARVLQ QSSCDSTSST ACSEQILLAN TMTTTNLRYL FRLMVLLQRT AVVIVVMDVM LYY
GNM14776                        --AAAAVAAA GAACGAGVNL RKTPVSLDDD DENKEEVSSE RHHREFFLFM IRVVMGAGGG GAGGGGGGGE MGPSAHHHSL FLIGIIILIL SALIICVVVY YEKANPKKRM RAAISTIIML MLLLLLLLLV LMRKVVWRNP YRSPVPPPPP PPPPASEKMQ QEEILITAEE RKRRRASAPA DEASSARVLQ QSSCDSTSST ACSEQILLAN TMTTTNLRYL FRLMVLLQRT AVVIVVMDVM LYY
GNM14715                        --AAAAAGAA AVAAAASIAL KASTACADDD DDDAEEVKDS RATGSFFFYF VALIRGGRGG AGGGGGGGGQ SGPSRNHHSR LVIVVLVLVV SLVIVMVVLR VEGDVPVVDT KALLAGLVLF VLLLMLSLLL AVKSELLCNR ESGAPCPPPP PPPPPEEEQQ QGDKLKEARE SRRRRSSSAA SEGGIAGVMR QSAGASSSSS ATFEALGLTV TQTTTSLSVV LTVLVMIMRI MLVVLAWRFQ YYY
GNM13795                        --AANSIFTM AIITALSIGL EKATTFDDDD NNDNEQESEK HQKNNFTIYI IILVNQ-GFG GGGGGGGGKE KGPISNHHSK ILILVLIMLL ILIIIIFLVS FENKNMQKKS KCAKTAILML ILVILLTLLI IVRKLIPRNP YKNEVGPPPP PEPSHKEYKQ QSLKKKEQDE KKERRSCSSS DKANVKSILN QSVSEAQSST ISSKKLTFTV STTTTSVEEI FKIIVILMKI VIIIVYWFMH YFY
GNM14166                        --AAVIALLA GIAASTSIGL RLLTAYLDDD DDDQESLKQE DEYGQFTFYI VFLVGGGEYG GGGGGNGGGE KGPSSYHHMT LLIIILILIL ELIIIILIVS YSNKIPKISV RALKTAILIL ILIILLKLLV IVRNVVPNNP YHNEVGPPPP PPPKKKTQEQ QSSKFKEAEE RKKRRSCSPS DKAQIKSSLK QSVSKENSST ICCRKLTITV PTTTTSVQEI FELIVIIMKI IVVIVFWFFQ LYY
GNM13993                        -SASCSICLS SNACAFGASI THHSSILDDD DDDSEKKKLE TTELYLLFFI IYITGNGNAG GGGGGNSGGD SGPSTHHHSI IIIILLILIL ELIILFLIII FSNEKNETSI KALSSIIILL LLLELLILLV IIRKLVFSKP KSNPPTSPPP QPSFSPTKQQ QETSDNQAKN KRERRSGSPS SKSNVSKTLC QSSTKSYAST CSSDKCLLTV TTSTTTLKDL IIIIIILMKI IIIMTSWDTH LYY
GNM14450                        --ASAAAAAA AATTAASIAL IENTACVDDD DDDQEEIEAK EHYDKFLFYI VIMVKGGGGG GGGGGGGGGQ QNPGSYHHSR LVIMILILFI ELVIIIVIVV FMKSNRKRDI MTLKTALILL ILLLLLQMVV VARNVIPDNP FSNPLPAPPT PPPPNSNEQQ QSEKVRNAID RKRRRCSSTS SRANIASIMR QSTSKSSAST ISCYELMLVV TNSTTTVTVL FKLIVAIMVV VIIVVYWYLY FYY
GNM13745                        -SAASSACAS SSASALVAAV LHSSSSLDDD DDDNEEQKKN ENFQSFFFFL IFITENAETG GGGGGNGGGQ SGPSSHHHSI IVIIILILLL SLIILFLIII FKNTKNTLSN TTLLSILILL ILLDLLPLLV IIRNLILLNP RSNPPTSPPP QPKSSPSKQQ QKSTDNQAIS KQIRRSSSAC SRAQIAKILR QSSTKSSAST CSSEKCLLTV PTSTTTIEYI VNLILILMRI IIIFTSWEAH LFY
GNM14030                        -SASCSFCKA STASAFSAII LHSSASLDDD DDDNENQKEN ENSEFIFFFL VLITGNGEGG GAGGGNGGGI NGPSYHHHCV LVIIILILIV QLIILFLIII FTNENNKRNI TTLLSVIILL IMLLILILLV IIRNLIXSNP R-NPPTPPPP QPDFSNSQQQ QESNDKKAIS KRNRRSGSNS SRSQIAKMLR QSSTKSQAST CSSEKCLLTV TTSTTTIEYI XDLILIVMKI XIINTSWEAK LFY
GNM14959                        --AAAAAMAA GAAVGMGIAV GETPIAADDD DDDEEEE-NE RHVVRFVLHI VKAIGGGGGL GGGGGGGGGH LGPAAHHHAL FMIGIIIMVI TALIVVVIIH VEKKNPRTEV LAMKAMVLFL LILLLLVLLL LLQRKLYKNQ FRNPPAPPPP PPPPSSEEQQ QGEVIRLAEK RIRRRASSPV GEANVAEVVR QSTVKSSSAT ASSQSVTLLV TTTTTTITYI AVLKVILMRV IVVVVWWYIV LYY
GNM13413                        --AAAAAMAA AAAGGVGLSL GRTPVCADDD DDNEEEVREK RHEKRFILHF VKLVLGGGGG GGGGGGGGGV LKHSAHHHGL FFIIVIIMLL ELVIVVVIIY IEKKNPRKMV HSMLANVIML LLLLLLALLL VLRKVFYENP HKAYPAPPPP PPPPSDKRQQ QREVHKLRES RERRRFSSPV GEAGVAKVIS QSAVRSSSST LSTELLTIFV STTTTYVEYV ADLLVILMKI IVVVVYWEII VYY
GNM15024                        --AADAILTL AIITALSIAL QETTIFDDDD NFDDEQEKKK HEKRKFTFYI IILVKS-GFG GGGGGGGGGK KGPISNHHSR ILIILLILLL ILVIIIFIVT FENKVQQKSS RCAKTAILML ILIILLKLLI IVKKIVPKNP YKNEVAPPPP PPPSKKSNEQ QSIKVNEKDD KKDRRSCSAS DKSDIKSCLQ QSVSEALSST IASKDLTLTV STTTTSVEEI FSVIVILMKI VIIKIYWFMF YYY
GNM14980                        --AADAILTL AIITALSIAL QETTIFDDDD NFDDEQEKKK HEKRKFTFYI IILVKS-GFG GGGGGGGGGK KGPISNHHSR ILIILLILLL ILVIIIFIVT FENKVQQKSS RCAKTAILML ILIILLKLLI IVKKIVPKNP YKNEVAPPPP PPPSKKSNEQ QSIKVNEKDD KKDRRSCSAS DKSDIKSCLQ QSVSEALSST IASKDLTLTV STTTTSVEEI FSVIVILMKI VIIKIYWFMF YYY
GNM15019                        --AADGILKF AIITALSIGL QETSVFADDD NDDNEQEIEK HDKNEFTFYI IILVKR-NFG GGGGGGGGKK NGPVSGHHSK ILILLLILLL ILIIIIFLVT FENKDLQKTT RCAKTALLML ILIILLILLI IVKKIVPENP HKNEVGPPPP PESSKKSYKQ QSLKKNEQDE KQERRSCSSS DKANVKSILQ QSVSKGISST IASDELTITV STTTTSVEEI FKIIVILMKI VIVVVYWFMH YYY
GNM11003                        --ASAYAAAA ALAISLGLSL TRSTLVDDDD DDDEEEIKKE RHYKMFMLHF FIVGGGGGGG GGGGGGGGTE MGKSAHHHIL -YIGITIMIV KALIIIVIMH FEKENPKIEV KAAKTIFLIL IALLLLILLL LIQELVYQNR LSNELGPPPP PPPEAKEFQE QKEVIKRKEK KRRRRSSSE- SEANNARIIR VSSSKSSSST ATCESTTIIV TQTTTTISYL GEGMVLLMRV VVIISAKEIF LYY
GNM11023                        -DAAAAAAAA AAALSVGVSA FRTTLAADDD DDDKEERGRE RSEVRFMLHM LTVGGGGGGG GGGGGGGGGE GGPGAHHHSA YFIVVLVMVL RAVIIYVIPH VSKAPPRTSV MALIAIRLLL AILLLLLLLV VLRRVLYENP EKISVAPPPP PPPPAREPQQ QAEERKSARR RRRRRASAAA GVGGVARIFR QSAVSSSAST ATSRELLLVV ATTTTTLRVI IVFMVLIMRV VVVILWMEIM LYY
GNM11055                        --AAAAAAAA GAAIALGVAV TAKPPCLDDS DDDEEEMRSR RHRVEFFLYF VNATGGGGGG GGGGGGGGGE MGPGSHHHAL FTIGIAILIV EQLIIAVIMH YENIKAKTVE ECATAAVIML LFLLMLLLLV VLAKIFFENA NNNRPAAPPP LPPTSPERQQ QREVVRKKQE KERRRASAGL SEANVANLYK QSTQSSSSSS ASSEEVTYLV TTTTTTVTRI CRMKVVLQKV IIVVVWWYVF LYY
GNM11146                        --AAAAAAAA SAAVGVGISL TDAPVAADDD DDDEEEKEKE RHYDNFVLHF FEAVGGGGGG GGGGGGGGGV SGPAAHHHVA VLIGIIIMIL DLLIVVVIIH YSRRNPKTNT LILLANILML LLLLLLILLL LLQKKFFGNP FRNHPAPPPP PPPPVSKKQQ QSETLRSARE RMRRRASAPA GTANVAKVIR QSTVASASST ASSKETTALV SLTTTTITII IKLIVLLMRI IVVVVWKSIM LYY
GNM11220                        --ASAAAYAA AVATCVGLNL KRTPVSLDDD RDNVEEEDSD KHRLEFLLFI IELTGGGGGL GGGGGGGGGN LGPVVHHHAL FLVGIIILIA EALIIVVIIY VEKSPPERVQ LAMTADLVML MLLLLLYLMT VMRKLVWEKR RRCEVPPPPP PPPPIRRQMQ QKEFLKLALR RERRRAVAPV DTGNTGKLLE QSACQDSAST ACCRDVMILN STTTTLLQVL AELFILLQRV VLVIVSMEVM LYY
GNM11222                        --ASAASAAA ATACAAGLSL RTAPVSLDDD DENEEETELS KHERKFVLFF VNVAGGGGGL GAGGGGGGGG LGPAAHHHAL YLVGIIILVL KTLIIFVVIY IERMPKKVEL RAMKATIVML ALLLLLVLLA VARKVVWENL ERAPVPPPPP PPPPTNRKMQ QKENIRLAAE RKRRRASSPA SEADFAKIIQ QSACKSASST ACTEEITVMT TLSSTTVVFL GKLMVLLQQI VIVVVIWEVM LYY
GNM11223                        --ASAAAASA ATAAALSIAL IIETICAEDD DNDESEEEKE HKTATFMLYI LEATGMGGGK GGGGGGGSGE DGPSSHHHAT YFIGIIVLIV KLLILVVIIV YEKKRSEKNE RGIKAMILML LILLLLKMLV VCRKLVYENP YFNPPTPPPP PPAKRSSQQT QREWVLEARE RLRYRASAPI QEARVKRILK MSTTSSAAST ASCDEVILLV PLTTTLLEYL VYLLVMIMKI IVVVLWHWIQ LYY
GNM11224                        --ASAAAASA ATATALSIAL LTETLCAEDD DNDESEEEKE HRTATFMLYI LEATGMGGGK GGGGGGGSGE DGPSAHHHAV YLIGIIILIV KLLILVVIIV YERRRSEKNE RGIKATILML LILLLLKMLV VCRKLVYENP YFNPPTPPPP PPAKRSSQQT QREWVLEARE RLRYRASAPI QEARVKRILK MSTTSSAAST ASCDEVTLLV PLTTTLLEYL AYLLVVIMKI IVVVLWHWIQ LYY
GNM11225                        --AS--A--- ATA--LSI-- --ETICAE-- DND-S-E-AT HKS--FL-Y- LDA-GM---K G-GGGGGSGL -GP-A-H-AL FLIGL-I-IV K-LILL-I-V -ERRQRERKE RA--AVLIML LLLL-LRMLI VCRKV--DNP HF-P--PPPP PPAK-SRQQT QG-WV--A-E RLRYR-SSPA QEANAK-ILR MSTT-AESS- ASCD-VI--V PQ-TTL-EYI AIL-V---KI IVVVVWH-IQ LYY
GNM11358                        --AAAVPAAA TLAIAISISL KQLTTAVDDD DDDEEEFNGN KHSIKFIFFL IELIGQGGGG GGGGGGGGGE TNKATHHHSR ILIIILVLLL ELVILIIVVI YWNRDKKSEC KTLMTAIIII ILLLFLLLVI VIKHLIPVNH YRNDLCPAPP PPPPSKDRQQ QSRRIKLSNN KQRRRSSSPA SLINISRIFK QSTAKSSSST ISFHKLIINV PETTTSVKTI FELLVIIMRI IIVITYFEII FYY
GNM11360                        --AAETILTL AIITALTISL RETTAFADDD DDDDEEQNEE IKKRNFTFYI ITLVKG-KFG GGGGGGGGGK KGPISRHHCR ILILLLILLL ELIIIIFIVS FSNKILKKSI RCAKTAILML ISILLLILLI LVKNIVPNNA YNNELGPPPP PPPSGKSENQ QSLKIKEQDK KKKRRSCSAG DRANVKSILQ QSVSNEGSST IACEQLTMTA STSTTTVSEI FEVIVIIMKI VIILVFWFIF YYY
GNM11362                        --AAAAAAAA AIAAAVAIAL TPSTACADDD DDDEEEVDAS EHEDSFMFYI IFLVKGGGGG GGGGGGGGGE MNPGCNHHSR IVIILLILIL ELVIVIVVVV YMNENKKVDL AALRAAVILL ILLLLLKLAI VVRKVVPENP YNNPLTPPPP PPPPSPNEQQ QKYRIKDASS RKRRRSSSAS SRANIASILR QSASRSGSST VSFRSLTLTV TSSTTTISFV FHVIVVIMII IVVVVYWYVY FYY
GNM11377                        --AAAAAAAA AVAAAASVSL RPATACLDDD DDDEEEIKSN EHQQKFLYYI VSVTGGGGGG GGGGGGGGGE ENPGSFHHSS LVIIVLILIA ELVITIVIVV YWKDNRTTEV SALQSAAVVL ILLLLLLLLI VVRAVVPKGP YQNELAPPPP PPPPSESEQQ SRERTVRAQD KKRRRCSSPS SKAGIASLFR MAASRSSSST ITFKALTLVV SDTTTTVTTL FKPVVVIMKI IVVVVYAQIQ YYY
GNM11380                        --AAVVVLLA GIAASTSIDL RLLTAYLDDD DDDQENLKHE EEYGQFTFYM VFLVGGGEYG GGGGGNGGGE KGPSSYHHMA IFILILILIL ELVIIILIVT YSNKVTKISL RALKTAILIL ILIILLKLLV TVRNVVPNNP HHNEVGPPPP PPPKKKTQEQ QSSKLKESEE RKKRRSCSPS DKAQIKALLR QSVSKGDSST VCCKRLTITV PTTTTSVQEM FELIVIIMRI IVVTVSWFVR FYY
GNM11383                        --AAATVLKT TLMTSLSIEI TASTAHANDD DNDDESQKDK Q-SEEFTFYI IALVKGGELG GGGGGGGGGS KGPSSNHHAS LLIIVLILLI DLIIIIFIIS FSNKVPRTTS RCLKAAIIIL ILLVILKLLL IVRTVVPNNP HDNDLGPPPP PP-SKKAQNQ SSIRLPEGKN KKSRRACSSF NKANIHSVLK QSASSSSSST VAYQNLTITV STTTTTIAEI YEITVILMKI VIVDMWWYSH YYY
GNM11491                        --AAGAVA-L AVAAAATMAL TDATAYLDDD DEDKE-SDKS RDA-NFTGYM VALVGGGGYG GGGGGGGGGE GGPASHHHRR ILILALILLV RLLVII-IVS IEGRKSRALG RCARSAILML ILLMLLELLV VAAREAPDRR RKCEVGPPPP PPPPDKSQAQ QSGELEGAFN RGARRSCSPS DEAGIASILG SSASRSESST AGCKHLTFTV PTSTTTVSSA YSPRVVLMRI VVVKTYWYIF YYY
GNM11804                        --AAAAPFAA GAAIAVGLSV TKKTPALDDS DDDEEEEKEK EHRIQFFIYF VKATGGGGGG GGGGGGGGGK MGPGCHHHAL ATIGIKILIV EALIIVVIMH YRKRKNERTE ECAKAAKVLL LLLLVLILLI LSMFIFFENA NNNPVAAPPP LPPTSPETQQ QREVVKVKEE KERRRASSGL SKADVAEFFM QSTSESASSS ASSEKTTLFV TTTTTTVKYI ARLKVILQKV IIVVVWWYAY LYY
GNM12883                        --ASAAAAAA VIAAAVSLCI RPTTACLDDD DDDEEEIKAN EHQTRFVFYI IRLIRGGGGG GGGGGGGGGE ENPGSFHHSA LVIIVLILLV ELVIIIVVVV YWKDNKRTEL SVLQAAIIIL ILLLLLVMLL VIRAIIPKNP HQNELPPPPP PPPAAGSEQQ QRERSLLAAD KRRRRASSSS SRARIASMVR LSASRSSSST ISFKEIRLAV PETTTTVEFL FKPIVVIMKI VIVVVYAQIQ YYY
GNM12886                        --ATAAAAAA GIAAASSISL RPTTACLDDD DDDEEEIKST KNRARFVFYL VALTGGGGGG GGGGGGGGGE VNPGSLHHSA LVIIVLILMV DLIIIIVVVV YWKNNKKTEL NALQSSMVIL VLLLLLLMKI VVRGIVPKNP YQNELPPPPP PPPPAQSEQQ QRKTTIRGAD KERRRASSTS SSARIANALK MAAGRSSSST ISFSELTLVV PETTTTVSTL FYPVVVIMKI IIVVVYAQSQ YYY
GNM12892                        --AAATAVAV AAAVAASISL RRHTACLDDD DDDAEEVKSN ESKKIFLFYI IVVIGGGGGG GGGGGGGGGE ENPGSFHHSH LMIIILILLI ELVIIIVVVV YWKENKKTDL NALQTAFIIL ILLLLLLMMV IVRSVIPNNP FQNNIPSPPP PPPPGHSSQQ QKERARKAEN KRRRRSSSPA STASIASLLR QATCNASSST ITFRQLTIVV PETTTSVEII FQIIIAIMKI TTIVVYMHAY YYY
GNM12895                        --ASAAAAAA AATTAASIAL IENTACVDDD DDDQEEIEAK EHYDKFLFYI VIMVKGGGGG GGGGGGGGGQ QNPGSYHHSR LVIMILILFI ELVIIIVIVV FMKSNRKRDI MTLKTALILL ILLLLLQMVV VARNVIPDNP FSNPLPAPPT PPPPNSNEQQ QSEKVRNAID RKRRRCSSTS SRANIASIMR QSTSKSSAST ISCYELMLVV TNSTTTVTVL FKLIVAIMVV VIIVVYWYLY FYY
GNM13062                        --AAAAAAAA AVAAAASICL SQSTACADDD DDDEEGMASE RHSEVFFMYF VVLVGGGGGG AGGGGGGGGD PGPSHNHHTQ LVILILVVVV ELAIVIVVVR AEGKVPRVNP AALQAALIVF VLLLLLRLIV AVKRELIERR RHGPPCPPPP PPPPPDVAQQ QGAAVKRARA RQRRRSSSPA SHGGIAAVLE QSAGRSSSSS LSFESLQITV TSTTTTLTDV FTLLVVIMRI MLVVLYWEYK FYY
GNM13064                        -SASCSICLS SNACAFGASI THHSSILDDD DDDSEKKKLE TTELYLLFFI IYITGNGNAG GGGGGNSGGD SGPSTHHHSI IIIILLILIL ELIILFLIII FSNEKNETSI KALSSIIILL LLLELLILLV IIRKLVFSKP KSNPPTSPPP QPSFSPTKQQ QETSDNQAKN KRERRSGSPS SKSNVSKTLC QSSTKSYAST CSSDKCLLTV TTSTTTLKDL IIIIIILMKI IIIMTSWDTH LYY
GNM13066                        -SASCSISFS STACALVANI TQSSAILDDD NDDTEKKKNE QSTENLFFFI LYITCNGKVG GGGGGDSGGI NGPCSHHHTI IIIIILILII ELIILFSIII FKNQKKVTSI KALFSLIILL LILKLLALLV VVRELVFSNP KSNPPTPPPP QPSFSPSTQQ QITSDDQANS KKERRTGSPS SKSDISKAFC QSSTKSVAST CSSVKCLLTV TTSTTTLQYL IIIIIILMQI IIIKTSWDTR LYY
GNM11032                        --AAAAVAAV AAAVAVGLAL RKAPVSLDDD DDNEEEIASE RHSETLIAFL LRVAGQAGGG GGGGGGGGGS TGPFVHHHAL FLIVIIVLRL EAIVVVVVIY ITKEPPERQV KAMDSAIIMT LLLLLLVLIV ILRRVIWRNP RNGPIPECPP PPPPTNERMQ QSRFFRSAKE RRRRRAAAPC DTADTAGLVE QSSCESTCST ATCYRLLLTN ASTTTYVRYV ARIMVLLQRT TIVIVVLTIV LYY
GNM11363                        --AAAAAAAA AIAAAVAIAL TPSTACADDD DDDEEEVDAS EHEDSFMFYI IFLVKGGGGG GGGGGGGGGE MNPGCNHHSR IVIILLILIL ELVIVIVVVV YMNENKKVDL AALRAAVILL ILLLLLKLAI VVRKVVPENP YNNPLTPPPP PPPPSPNEQQ QKYRIKDASS RKRRRSSSAS SRANIASILR QSASRSGSST VSFRSLTLTV TSSTTTISFV FHVIVVIMII IVVVVYWYVY FYY
GNM11381                        --AASIIFKT TIATSLSIEL TTSTAFLNDD DNDDEEQRAK KNSEQFTFYI ISLVQGGEFG GGGGGGGGGS TGPASNHHAG LLIIFLILLI DLMIIIFIVS FSNKIPKSHS RALKTAIILL ILLLLLKLLL IVRIVAPKNP FGNETGPPPP PPNPQKEFSQ SLNTLPEGKN KKNRRACSPA NRANVHSMLK QSASASSSST IACKSLTVTV STSTTSITEI FDLNVILMKI VIIEIYWYSH FYY
GNM11382                        --AACIVLKQ ALVTSVSIEL TTSTAHLNDD DDDDEDINDK QYHIEFTFYI IHLVGGGELG GGGGSGGGGE EGPASNHHAG LLIVLLILLL ELVIIIFIVS FTNKILRIFT RSLKTAIIIL ILLILLKLLV IVRNIVPNNA HGNEVGPPPP PP-QRKSHFQ QSKALFQAKK KKSRRSCSPA NKANVKSMLK QSVSSSDSST VACKNVTLTV SSSTTSILEL FDLNVILMKI VVVDVFWYGH FYY
GNM11931                        --AAAAAGAA AAALALAVAL RSAPLSVEDA DDDESDEGTE REEAEFFLFF FEVAGGGGG- GGGGGGGGGE TGPFAHHHLL AKVSVVLLHL DILLVIVMVE VAADNKETTT EAVETLIFHC LFVAVLDLCL VAQTVVVDYA HLCPPASPPP PPDAPSTEQQ QRNSVREAES RNQRRAAAPG SVADVRAVLQ DSSSASAAST ASCADVSADA PETTTTLTRI ATPAVVLQRI VVAVTAWDM- LYY
GNM12125                        -QATAAATAA SAAVSLGLSL GRTPVALNDD DDDAEERCRE RHEARFVLHL VIVGGGGGGG GGGGGGGGGE MGPSAHHHAR FLIGVIIAIL EAVIVFVIIH LTKERPKVKE MAAMALVLFL LLLLLLKLLL VTQKLLYENR FRNKPAPPPP PPPPAPETQQ QAEVLKWARI RKRRRASSPA GVASVAKILR QSAVKSSAST ASAREVLLVV TTTTTTVRVL FVLLVLLMRI IVVVVWWEII LYY
GNM12126                        --ASAAAKAA AAAVSFGVSI GRVPACLDDD DDDAEEECKE RHERAFLLHF VILGLGGGGG GGGGGGGGGE MGPAAHHHAY FFIGIVIMIV RALIVAVIVH VEKENPKRGV RAVKALWIFL TLLLLLKLMV LARTLLYKNR FKHPPAPPPP PPPPAKERQQ QEEVLRWAEV RKRRRSSSQL GEADSAKLER QSAVKSASST ASTERVTLLV STTTTTVAFM TELLVLLMKV IVVVVWMHVF LYY
GNM12128                        --AAAAAAAA AAAAGVGASV TRTPICGDDD DDDEEEMKRD KHYVTFILHL IRVVGGGGGG GGGRGGGGGE LGPGAHHHLM FLIGIIIAIL DMLIVYVIIH FEKENPKIDV MTAIGIILFL LLLLILILLI LLQEILIRNH YKVPPADPPP PPPPSRDIQQ QKEMRKEARE RRRRRASSPP GVANAAKVLR QSAVKSAAST ASSSEVLYTV TKTTTSIRVI IRILVILMRT IVIVIYWEII LYY
GNM12182                        --ASAAAAAG SVVIGVGLSL TSTPLVDDDS DDDEEEENQS RHYNLFMLHF FEMGGGGLGG GGGGGGGGGK QGRAAHHHII -FIGIIIMLA STLIIIVIVH YEKMNPKRVD KSSKALLLML IALLFLKLLL VMQRLVFTGP LSNPTAGPPP PPPRSKKFQQ QEKEVKEKRE RRRRRASSD- SEANGARILR MSTTESGSST ITTRTVTLLV STTTTSVYRL GEPMVLLMEV VVVIVSLEVF LYY
GNM12342                        --AAAGAMAV AAAVGFGLCI GKSPLVLDDS DDDEEEEKKE KSNIEFVLFF VIVVQGAGGL GGGGGGGGGR NGPGNYHHIL GTIGIMIMIL FTLIVVVIIY VEKKNKKKDI NALHSIFLFL LIILFLLLVV VSAKVLFLNP NNNKPAPPPP PKDTSKEKMQ QRRTIKKKEK KKRRRASAKL SVANVKKLLK QSTQESKSST RACENVTLLV SETTTTVEIL TIILVILQEI IVVIVWRWIY LYY
GNM12346                        --AAASSAAA SLAMCISIAL TPKTVSLNDS DDDEEESKDE RHSKSFFLYL VIVTGSGGGG GGGGGGGGGW SGPGSFHHAM FTIGIMILII EALIVFVIIA ITNQRRTTID MAMKAAAIFV TLLLLLLLIV LASRPVFKNI HRNPTAPPPP PAPTSPTEQQ QRETIRVGTQ SERRRASSGS SEADIKELIK QSSSNSASST RSSKITTATV STTTTSIDIM GVLHVVLQVI IIVVIFWWIY LFY
GNM12351                        --AAAAASAA AIATAAGVVL TIKSICIDDF DDDKEEIEDE SHKKEFLLYF TFAVGGGGGG GGGGGGGGGQ PGPSCHHHSL YTIGIIILII ETLILYVIIH FNDLNSKKRS KALKAADIML MLVLLLLLVI IASVIVYRNA NNNSPSAPPP PPPTKPNEQQ QSDAIRKAND KGRRRGSAPT SDADIKEIFK QSCSSSKSST ASCKTTTLLV ATSTTNVIKL CNLKVIPQRI IIVVVYWWIY LYY
GNM12356                        N-AAAYSMAV CAAVGLGIMI GKATVNLDDS DDNEEEEGSE KQFIKFILFL IYIVQGGGGG GGGGGGGGGK DGHSYYHHIM FTIGIIIMII ETLIVYVIIF VTNKNKKKDV KALKSIIMML LIILFLILIV IGSKKLFDNH YNNDPAPPPP PKDSSKQKIQ QNSEIKLKAE KNRRRPISIL STANIKEVLK QSSQNSSSSS RVCKEFTLLV SETTTTVHIL GKLLIILQEI IVVIVKNFIY LYY
GNM12357                        --AAASSMSS CAAVAIGICI GSAPMNLDDD DDNKEEIDKE KNLTKFILFF VYVVKGGIGL GGGGGGGGKK NGPSNHHHIL ATIGIIILII ETLIVIVIIF ITNKNEKIEI NAMKSFLLIL LIVLFLILII ICSVKIFNNN KDNKPAPPPP PPDTSKEKIQ QEIIVKLSKN EERRRPVSPL STANLKEILK QSSQDSSSST RVCNEFTLFV SETTTTVSII SKIIIILQEI IVVIVFFYIY LFY
GNM12366                        --AAASSMSV CAAVTLGVFI GNSPLNLDDD DDNKEESEKE KSFKGFMLFF IYVVNKGIGL GGGGGGGGKN NGPSNHHHIL LTIGIIILIL ETLIVIVIIF ITNKNEIIEI NAMRSFLLIL IIVIFLILVI KSSKKIFNNN QNNKPAPPPP PPDTSKKMIQ QKRLIKLSKE NLRRRPISNL SLGNLKEILE QSSQQSSSST KVCKDFLIFV SDTSTTVKIL FKVLIILQEI IVVVTWFYIY LFY
GNM12385                        --AAAHAGAA AAALAVSIAL SIATVSLDDV DDEKEERGAE THTKTFLLYF VAVTAGGGGL GGGGGGGGGE MGPASHHHAA QFIIVGVLLW TAVIIAVVLC YENGNPTSAP RALEAVIIAL LVLLCLRLIV VAADPVHSRP RGAPVTPPPP PPPVHPEEQQ QRASVRKAQT ERRRRASSPL STADVEAIID QSAAASASST ASCERTSA-V PRTTTLLRTA IHP-VLLQRI PVVVCWWSIH LYY
GNM12551                        --AAAAAMAA AAAVGAGLAI GEHPACLDDD DDDEEEIDKK RHEVGFELHF VEVVGGGGGG GGGGGGGGGE PGPAAHHHAA ANIGIAIMIV ELLILYVILH FENERKEREV RALKGYLILM KLLLILLLLV VASKILFRNH NRNHPAPPPP LPPPTPEEQQ QDEVIKPARE RKRRRASSPI GEADMAELAI QSAVQSASST ASCEEVTVLV TTDTTTVRYI YRLIVVLQRV IVVVCWWWVY LYY
GNM12592                        --ASAAAAAA AAAAALGLAL TVRTACVDDS DDDEEEVGDL RHHDEFLLYI VILTGGGGGG GGGGGGGGGR SGPSSHHHAL AAIGIIILIL RTLILVVIIH YENQRRIRRE LTIRAAAIFL LIVLLLELVV CLARLVYTNA HSNPPSPPPP PPPPRPTRQQ QHEEIRRARR RERRRASSPT SEARTRQFLE QSCGASASST ASSEKTTILV TESTTTTSKI AVLRVILQRV IIVVTWWWVY MYY
GNM12596                        --AAAAPAAA ATATAAGVAL TVKTAALDDS DDDKEEE-ER KHFKEFLIYF VSAVGGGGGG GGGGGGGGGA LGPGSHHHAL FTIGIIILIL SALVLYVVIH YENRNAKKHR QAMQAAFLLL MLVLLLKLLV LLKRPVYANQ HNNRPPDPPP PPPTRPIEQQ QERFIKAART KERRRASSSP SEAEFKEVFQ QSSSESASST ASCRETTILV TSTTTTVVTI GSLCVLLQRI ILVVVWWWIY LYY
GNM12602                        --AAAAPAAA ATATAAGVAL TTKTAALDDS DDDEEEK-EK RHFKEFLIYF IVAVGGGGGG GGGGGGGGGL LGPGIHHHAF FTIGIIILLI STLLLYVIIH YENRSAQKHL QAMQAAFILL MLVLLLKLLV LLKRPVYSNQ HNNRPSGPPP PPPIRPSKQQ QENSSRTAKT EERHRASSEP SEARFKEIFQ QSCSESASST ASCQDTTILV TTSTTTVYTI GSLIVLLQKI ILVVIWWWIY LYY
GNM12665                        --AAAAPAAA ATATAAGVAL TIKTAALDDS DDDKEES-EK KHSKEFLVYF IAAVGGGGGG GGGGGGGGGA LGPGKHHHVL FTIGIIILII SALLLYVVIH FENKNAERHR QAMQAAFLFL MLVLLLKLLV LLKHQVYANQ HNNRPAEPPP PPPTRPSEQQ QEQFVKAART EERRRASSGP SEAGFEEVFK QSCSESSSST ASCRETTILV TSTTTTVVTI GSLCVLLQRI ILVVVWWWIY LYY
GNM12758                        --ASATASAA AAASGAGVSI RRTTASDDDV DDDKEER-EE RHEKEFLLYI VSVTSGGGGG GGGGGGGGKE LGPAAYHHSI ATIGIIIMII RALVVYVVIH VERRRLRSTE MAMKAVILML MLVLLLILLT IASRLLYSNH ENNPPPSPPP VSPRCSREQA QEEEIPEASE RRRRRASAPA GVGNIAEILR QSARESSAST ASSTRTTLTV GMTTTVLIYI AHLLVLLQET VVVVLWWICE LYY
GNM12763                        --AAATAAAA AAAVGAGLSI RKNPPALNDS DDDEEEKEKE RHKIEFILYI ISVTKGG-GG GGGGGGGGGD LGPSAYHHSL FTIGIVIMIL DALLVYVIIY VTNKRKKTKI KAIKAILIML MLVLLLLLLT LASKLLYKNH NNNPPPTPPP IKPPAPKKQA QKEIIRHSKS RERRRSSAPA SKANIAKILS QSASESSSST ASCEKVTLLV GTTTTVVEDL GILIVFLQKI IIVVVWWYIY LYY
GNM12766                        --ASAGPMSA CACVGLGICI GKAPIALDDS DDDEEEVKKE KDYIKFMLFF VYVVQGGGGL GGGGGGGGGK NGPECYHHIL VVIGIIIMIL DTLIVVVIIY VEKKNKKTEI CALNAVILVL LIVLMLLLII VSSKVLFDNY NNNKPAPPPP PKTTSKNKMQ QSMTIKRKKE KKRRRAAAEA SVANLKEILK QSTQRSSSST RACDEVTLFV SETTTTVTIL AKIVVILQEI IVVIVWNYIY LYY
GNM12841                        --AAAAAAAA AAAIALSLAL REAPLDADDS DADEAEEGAE RDETSFTFFF VDAAGGAGG- GGGGGGGGGE AGPFGRHHLL AKVSVRILHV EVVMVLVVLD VTDATEETAT AAQPSVLLHL LFVALMELVV VARSQVYDNP RLNPVAAPPP PPEAPSASQQ QAEVVKEAAD QERRRAAAPT CEADLGEILR DATSDSASST ASTSATSQGV AETTTSVSEL ATLVVALQAI VVAVVVWQL- LYY
GNM12849                        --AADTILTL AIFAALSISL RETTVFADDD NDDDEEENEQ IEQQNFTFYI VILVKG-EFG GGGGGGGGGK KGPISRHHCK ILILLLILLL ELIIIIFIVS FSNKVLRKTN RCAKTAILML ILILLLILLI VARKIVPKNP YNNELGSPPP PPPSKNSLNQ QSLKFKEQNK KKRRRCCSSA DKADVKSMLQ QSVSSESSST VACDELTITT STSTTTVEEI FNVNVIIMKI VIILVYWFIF YYY
GNM12869                        --AADAIIIL AIITALSISI QETTIFDDDD NFDDEEEKKK HEESKFTFYI IILVKN-GFG GGGGGGGGGE KGPISNHHSR ILIILLILLL ILVIIIFIVT FENKVQQKSS RCAKTVILML ILIIVLKLLI LVKKIVPNNP HKNEVAPPPP PSPSKKSNEQ QSVKLKEKDE KKSRRSCSAA DKCDIKSFLQ QSVSGAKSST IASKDLTLSV STTTTSVEEI FNVIIILMKI VIVKVYWFMH YYY
GNM12896                        --AAIVVLLA GIVASTSISL RLLTAYLDDD DDDQEQLKYE EEYGQFTFYM VSLVGGGEYG GGGGGNGGGE KGPSSHHHMY LFILMLILIL ELIIVILIVS YSNKVPKVSL RALKTAILIL ILIILLKLLV IVRNVVPNNP HHNEVGPPPP PPPRKKTQEQ QSSKLKESED KKKRRACSPS DKAQIKSLLK QSVSRGDSST VCCRKLTVTV PTTTTSVQEI FEITVIIMKI IIVIVFWFSW LYY
GNM12897                        --AAVVILLA GIAASVSVGL RRLTAYLDDD DDDQENLKQH EQQGSFTFYM VSLVGGGDYG GGGGGNGGGE KGPYSFHHMG LFILILILIL ELIIIILIVT YSNKVPKISL RALKTATLVL ILIILLKLLV VVRHVVPNNP HHNNVGPPPP PPPKRKDHQQ QSFKLKESKE RKNRRSCSSS DRAQIKSLLK QSVSKGDSST VCCKELTVTV STTTTSVQEI FKLTVIIMKI VVVEVFFFMF MYY
GNM12903                        --ASAAAAAA GVAIAVGLSA SPTPIAADDD DDDEEEREKE EHETEFMLHF VEATGGGGGG GGGGGGGGGE MGPGAHHHAT YFIGVMIMVL KLIIIAVIVH IRKLNARTEE RAMQAVVLFL AVLLLLILLI LLQKKVYKNP FNNKLSPPPP PPPPSASEQQ QEEYIRKAKE RKRRRASAAL GRADAAEISR QSTVKSASST ASTEQVLILV STTTTTIRVL LVLIVELMRI IVAVVWWYIY LYY
GNM12906                        --ASAAAAAA GAAVALGLSA SPTPVAADDD DDDEEERDRE EHVVEFMLHF VKATGGGGGG GGGGGGGGGE MGPGAHHHAA FFIGVIIMVL ELLIVAVIVH LRKLNSKSSE LAMQAVVLFL AVLLLLILLI LLQSKLYRNP FNNKVTPPPP PPPPSAEEQQ QSEFIKKARE RRRRRASSPL GRADVAEILR QSTVKSASST ASTEEVLALV STTTTTIRIL VVLVVELMKI IVAVVWWYIY LYY
GNM12907                        --AAAAAAAA GAAVAVGLAA TSTPIAADDD DDDEEERERD EHAAEFMLHF VKATGGGGGG GGGGGGGGGE LGPGAHHHAA FFIGVMIMIL ELLIVGVVVH IRKLNAVTDV RAMRAVVLFL TILLLLLLLI VAQKKVYRNP FNNPVSPPPP PPPPPAKAQQ QGEVIRQARE RNRRRASAPL GRADVAEIAR QSTVKSASST ASTEEVLLLV STTTTTIEFL VELVVLLMKI IVVVLWWYIY VYY
GNM12909                        --ASAAAVAA GAAVAVGLAA SPTPIAADDD DDDEEEREKE EHAEEFMLHF VKATGGGGGG GGGGGGGGGE LGPGAHHHAV YFIGIMIMVL ELLIVAVIVH MRKLNAKTHV LAMQAVVLFL AILLLLVLLI LLQRKLYKNP YNNKVSPPPP PPPPSTAEQQ QSEYIRQARE RSRRRASAAL GKADVAEIYR QSTVRSASST ASTDEVLALV STTTTTIYIL IILVVALMRI IVVVIWWYIY LYY
GNM12915                        --ASASAYAA GAAVGGGIAL WKHPAAANDD DDDKEEIGKK RHHVEFLLHF VILVGGGGGG GGGGGGGGGE NGPGAFHHAL FTIGIIILIL KLVIVIVIIH IENHNPETVT KALNAALLLL LLLLFLVLLI IMRRVVFMNP NNNFPCPPPP PPPPSPGEQQ QEEVIRKKKK RLRRRASSEA GTANVAEIAA QSATESASST ASADQVTLLV TRTTTTVYIL AERLVVLQKI IIIVVWWWVY LYY
GNM10046                        --ASASAAAA AAAVGGGIAI KKNPAAADDD DDDKEEIGKE KHEEEFLLHF VILVGGGGGG GGGGGGGGGE KGPGAFHHAM FTIGIVILIL ELVIVIVIIH IENKNSETIE KALQAALVIL LLLLILLLLI LMRKVVFENP NNNFPCPPPP PPPPAPEKQQ QRETIKIKRK RLRRRASSEV GIANVAEIAI QSATESASST ASAKQVTLFV TRTTTTVYIL GARLVILQKI IIVVVWWWVY LYY
GNM12918                        --ASASAHAA AAAVGGGIAL WKHPAAADDD DDDKEEIGRE RHHIEFLLHF VILVGGGGGG GGGGGGGGGE NGPGAFHHAL FTIGIIILIL KLVIVIVIIH IENHNSETVK KTLSAALLIL LLLLFLILLV VMRRVVFHNP NNNFPCPPPP PPPPSPEEQQ QEEVIKKKKR RLRRRASSEV GTANVAEIAS QSATESASST ASAEQVTLLV TRTTTTVYVL GEKLVILQKI IIVVVWWWVY LYY
GNM12931                        --ASAAAMAA AAASGLGVAL GSTPAAANDD DDDAEERGRE RHKIKFMLHF VELVLGGGGG GGGGGGGGGE NGPGAHHHSI FFIGIIIMII KTLIVVVIIH AEKMNPKINV FAMIGNIIFF LILLLLYLLL LLRKVFYDNP YRAYPAPPPP PPPPSSEKQQ QREYIRLQRE RKRRRFSSPL GEADVAKIIR QSAVKSSSST ASTVEVTILV TMTTTYVKYI VVMLVLLMRT IVVVVYWEIM LYY
GNM12938                        --ASAYAAAA AAAIGIGLAL TSTSLVDDDD DDDEEEEQSE RHYTKFILHF FSVAKGGGGG GGGGGGGGGD LGRAAHHHLS -FIGIEIMII KSLIIIVIMH YENIKPKKST RSAKTVFLIL LLLLLLILLL LLQQVFYSNR LSNKLAPPPP PPPKSPNVQQ QEEIIRIKEE KNRRRSSSR- SEANNARVIR QSTSKSSSST KSTTLCTLIV TTTTTTVSYL FRPIVLLMET IVIIVSKKIF LYY
GNM12996                        --ASAYAAAA AAAISIGISL IIWTAVDDDD DDDEEEEGNE RHEIEFILHF FVMGGGGGGG GGGGGGGGGE SGNAAHHHIL -YIGIMIMIV KALIIIVIMH YENMNPKKSL KVAKTIFLIL LILLLLILLL LIQSVVFENR LSNEISPPPP PPPKAPKVQQ QREIIRYKEN KKRRRSSSA- SEANNAKLLR QSTSISSSST MSSERATILV TKTTTTIEFI AIPIVLLMEV VVVITAKEIF LYY
GNM13018                        --ASAFAAAA AAAISIGISL IVWTAVDDDD DDDEEEEGDE RHEIEFILHF FIMGGGGGGG GGGGGGGGGE SGNAAHHHIL -YIGIMIMIM KALIIIVIMH YENMNPKKSL KVTKTIFLIL IMLLLLILLL LIQSVVFENR LSNEIAPPPP PPPKAPKVQQ QRETIRYKEN KRRRRSSSD- SEANNARVLR QSTSKSSSST KSSERATILV TKTTTTIEFI SIPIVLLMEV IVVITAKEIF LYY
GNM13027                        --ASAYAAAA AAAISIGLSL IRTSLVDDDD DDDEEEEYKE RHFIEFIIHF FEVGKGGGGG GGGGGGGGGE SGKSAHHHIL -FIGISIMII KALIIIVIMH YENKKPKKSM KAAKTLFLIL LLLLLLILLL LLQSVVYRKR LSNSLTPPPP PPPKSPNVQQ QEEVIKRKEI RERRRSSSS- SEANEAKLLR QSTSSSSSST ASTKKATYLV TTTTTTITYL VKPLTLLMEV VVIIVTKEIF LYY
GNM13046                        --AAIVILTS ALATSLSIGL RNTTAYLNDD DNDDEALNQQ LDNEEFTFYI IILIKGAETG GGGGGGGGGK KGPSAHHHSK ILILMLILLL DLVIIILIVS YAKKIPKIST RSAKTAIIML ILVLLLKLLV IIRKVAPNNP YDNELGPPPP PPSKKKSYEQ QSSKFTEAKE KKNRRSCSPS NKANVKSMLK QSVSNSESST VGCDKLTITV STTTTSVEEI FELVVILMRI IIVRVYWYSY YYY
GNM13053                        --ATVAAAAA AAAAGISISI RQATACLDDD DDDEEEIESS KNNKSFFFFL VKVVKGGGGG GGGGGGGGGE QNPASHHHNL MVIAILILIA EMLIILVVVI FWKQNKKINV LSLLAIVIVL IMLLLLVLVV VARALIPDNP YKDPMPPPPP PPPPSNEKQQ QKQSIWLAKE RKRRRFSSAS SEAGAASIIR MAVALSSSST MSCENVLLTV TSTTTTVHIM VKLIVVIIKV VVVVVYWHLF YYY
GNM13074                        --AAAAAHAA GAAVGGGIAL WKHPAAAPDD DDDKEESGKR KHEMEFLLHF IYLVGGGGGG GGGGGGGGKV KGPGAFHHAL FTIGIVILKL KLVIVLVIIH IVNENPETRT KALQAALLIL LLLLFLRLLV IMRRVVFRNP NKNFPAPPPP PPPPSPEEQQ QEEEIRVKEE RLRRRASSEA GVANVAEIAK QSAVESASST ASCKIVTLFV TKTTTTVKIL AMKLVILQKI IIVVVWWWIY LYY
GNM10010                        --AAAAAKAA GAAVGGGIAL GRHPAAAPDD DDDKEELGKE RHKVEFLLHF VVLVGGGGGG GAGGGGGGKE NGPGAFHHIL FTIGIVILVL KLVIVLVIIH IVNENPKTVL KVLRAALLML LLLLFLKLLV LMRKVVFRRP NNNFPAPPPP PPPPAPEEQQ QEEEIRVKRE RLRRRASSPA GEANVAEIAR QSATESSSST ASSREVTILV TTTTTTVSHL ATKLVILQKI IIVVVWWWVY LYY
GNM10014                        --ASAAAMAA GAAVGGGIAL GRHPAAAPDD DDDKEELGKK RHSVEFLLHF VILVGGGGGG GGGGGGGGKE NGPGAFHHIL FTIGIVILVL KLVIVIVIIH VENENPKTKL KVLKAALLML LLLLFLKLLV IMRKVAFKNP HNNYPAPPPP PPPPSPEEQQ QEEEIRVKRE RLRRRASSPA GEANIAELAK QSATESASST ASSKDVTIFV TTTTTTVRYL VVKLVILQRI IIVVIWWWVY LYY
GNM13090                        --ASAAAAAA GAAVGGGIAL KRHPAAAPDD DDDKEELGKE RHQAEFLLHF VYLVGGGGGG GGGGGGGGKS NGPGAFHHIL FTIGIVILIL KLVIVLVIVH IVNENPKTVL KVLQAALLML LLLLFLKLMV IMRKVVFRNP HNNFPAPPPP PPPPAPEEQQ QEEEIRVKRE RLRRRASSPA GVAGVAEIAR QSATESASST ASSKDVTLLV TTTTTTVRYL AVRLVILQKV IIVVVWWWVY LYY
GNM13118                        --ASAAAAAA AFACSVGIAL LPTPVVLDDD DRSEEEARRA RHRDEFFLFI LVITNGGGGG GGGGGGGGGE SGPSAHHHAI ALIGILIAIS EALLLAVIVY IEKEPRVRNT KAMQALIVFL LLLLLLLLLI LLREVVYKNP NNAPIPPPPP PPPRTDSTQQ QSEKAREARK RKRERSSSPL GEGKTARSLE QSAGRSSSST ASVEEVMLTV TTTTTYLEYL IYLVVLLNEV ILVIAWWEYM IYY
GNM13208                        --AAAAAAAA AAAVAVGLSI SSTPVADDDD DDDEEEIDRV EHSISFFLHI VRVVGGGGGG GGGGGGGGGE QGPSAHHHAA YVIGIIIMIL KMLIVAVVIH VHRANPVKDI RAMKSLFLLM LLLLLLKLLL LLQPILFNNH HNNKPAPPPP PPPPSKAEQQ QAEAIRLARS RRRRRASAAM GVANVAEVWI QSSVKSASST ASAEEVLLLV VMTTTTIVTV IEILVALMKV VVIVVWMYVY LYY
GNM13210                        --ASAAAMAF AAASGVGLSL GRAPVSADDD DDDEEEVQSK RHSKRFMLHF VRLVLGGGGG GGGGGGGGGE SGPGVHHHST YFIVVLVMII KLVVVVVVIH IEKENPKRNV PALLANLVML LILLLLLLLL LLRKPFYENP LRAHPAPPPP PPPPADFKQQ QKEWVKAAER KKRRRFSSSL GEAGVAKVLS QSAVKSASST ASSERLTVFV SMTTTYIRFV AELLVILMRV VVVVVYWEVL LYY
GNM12773                        --ASATAASA ATAVSLSIAL FLETISASDD DNDASEEKIQ HKKEIFMLYL LIATKMGEGK GGGGGNGSGE EGPAANHHAL FLIGIIML-V HLIILIIIVV FENKKSKKID KAMKAIILML LILLLLNALV ICKKMVFQNP FFNNTTPPPP PPSKRPSNQT QKEWIIEGKK RKRYRASSPV Q-ARVNEILK LSTTKSASST ASCKKVTNLV SKSTTLLKYL AILVILIMKI IVVVIWNWIQ LYY
GNM12769                        --ASVAVSAA AHACATGISI KSSPVSLDDD PENREELEKN RHKRNFLILI VIIINGGGGL GGGGGGGGGE LGPAAHHHGL FFIGIIILIL ETLILFVIIY IEKVIPEKQT KAMRATIIML MLLLLLLLLI LTRKIVYENA ERNPTPPPPP PSKRTALKMQ QSDSIILAEN RKRRRGSASA DNANFAEIIQ QSASCDSSST ACSNLVIILN SKSTTTIESL GKLLVLLQKI IVVIIFREII IYY
GNM12768                        --ASAAVAAA AAASGAGISL RKTAVSLDDD DDNEEEISQE RHREEFLLFV ITLVGGGGGG GGGGGGGGGD LGPSAFHHSL FLIGIMILLL EALVVLVIIY LSKRPPTRTT SAMLATILML LLLLLLVLKT LMRQVVYPNP ERCPPPPPPP PPPPSSSDMQ QSESVLVSHH RERRRAAAPA NEANVVTLLE QSSATASSST ATSSSLLITN STTTTVVEQM AVLIVLLQRI TVVIVFFAVM VYY



    1    1    1    1    1    1    1    1    1    1    1    1    1    1    1
    1    1    1    1    1    1    1    1    1    1    1    1    1    2    1
    1    1    1    1    1    1    1    1    1    1    1    1    1    1    1
    1    1    1    1    1    1    1    1    1    1    1    1    1    1    1
    1    1    8    1    1    1    1    1    1    1    1    1    1    1    1
    1    1    1    1    1    1    1    1    1    1    1    1    1    1    1
    1    1    1    1    1    1    1    1    1    1    1    1    1    1    1
    1    1    1    1    1    1    1    1    1    1    1    1    1    1    1
    1    1    1    1    1    1    1    1    1    1    1    1    1    1    1
    1    1    1    1    1    1    1    1    1    1    1    1    1    1    1
    1    1    1    1    1    1    1    1    1    1    1    1    1    1    1
    1    1    1    1    1    1    1    1    1    3    1    1    1    1    1
    1    1    1    1    1    1    1    1    1    1    1    1    1    1    1
    1    1    1    1    1    1    1    1    1    1    1    1    1    1    1
    1    1    1    1    1    1    1    1    1    1    1    1    1    1    1
    1    1    1    1    1    1    1    1    1    1    1    1    1    1    1
    1    1    1

AAML (in paml version 4.9h, March 2018)  tmp0076.txt
Model: Empirical,  (../wag.dat) dGamma (ncatG=4) ns = 117  ls = 253


Frequencies..
                                    A      R      N      D      C      Q      E      G      H      I      L      K      M      F      P      S      T      W      Y      V
GNM13538                       0.09163 0.05976 0.02390 0.03187 0.00398 0.02390 0.04781 0.10757 0.01594 0.09163 0.10359 0.03984 0.00000 0.03586 0.05179 0.09960 0.07570 0.00797 0.02390 0.06375
GNM13876                       0.09562 0.05976 0.02789 0.02390 0.01992 0.03187 0.06773 0.11155 0.03187 0.06773 0.10757 0.02789 0.01195 0.04781 0.04382 0.05976 0.05976 0.00000 0.02789 0.07570
GNM13680                       0.10359 0.05976 0.01594 0.03984 0.00797 0.03187 0.05179 0.10359 0.01594 0.07968 0.08367 0.03586 0.02390 0.01594 0.05976 0.07570 0.05578 0.00398 0.03187 0.10359
GNM14837                       0.04819 0.04016 0.03614 0.05221 0.00402 0.04016 0.04819 0.08032 0.01606 0.12450 0.09639 0.08032 0.00803 0.03614 0.04016 0.08835 0.06827 0.00402 0.02811 0.06024
GNM14249                       0.04400 0.02800 0.03200 0.04400 0.00400 0.03200 0.05600 0.08000 0.02000 0.14000 0.08800 0.11200 0.01200 0.03600 0.03600 0.09200 0.05600 0.00400 0.02800 0.05600
GNM13928                       0.05600 0.02400 0.05600 0.04400 0.01200 0.03200 0.04400 0.08800 0.02400 0.12000 0.11600 0.08400 0.00800 0.03600 0.03600 0.07600 0.05200 0.00400 0.02800 0.06000
GNM13297                       0.09163 0.05976 0.02390 0.03187 0.00398 0.02390 0.04781 0.10757 0.01594 0.09163 0.10359 0.03984 0.00000 0.03586 0.05179 0.09960 0.07570 0.00797 0.02390 0.06375
GNM14865                       0.14859 0.09237 0.02008 0.03614 0.01205 0.01606 0.04819 0.11647 0.02008 0.01205 0.08835 0.00803 0.00803 0.03213 0.06024 0.08032 0.05221 0.00803 0.01205 0.12851
GNM13455                       0.05600 0.04000 0.04400 0.03600 0.01600 0.02800 0.06000 0.09200 0.00800 0.13600 0.10800 0.07600 0.01600 0.04000 0.03600 0.08000 0.06000 0.00400 0.02000 0.04400
GNM14938                       0.11952 0.08765 0.01992 0.03187 0.00797 0.01594 0.06773 0.10757 0.01594 0.03586 0.10359 0.01992 0.02390 0.02390 0.06375 0.03984 0.05578 0.00398 0.02390 0.13147
GNM14483                       0.12351 0.09163 0.00398 0.04781 0.00797 0.01992 0.03586 0.10359 0.01195 0.02789 0.11554 0.02390 0.00797 0.03586 0.05179 0.10757 0.03984 0.00398 0.02390 0.11554
GNM14872                       0.11952 0.06375 0.01594 0.03984 0.00797 0.03586 0.05179 0.09562 0.01195 0.05578 0.08765 0.03187 0.01992 0.01594 0.05578 0.08367 0.06375 0.00398 0.03187 0.10757
GNM13855                       0.04781 0.03187 0.04382 0.04781 0.00797 0.03984 0.03586 0.09163 0.01594 0.16733 0.08765 0.06773 0.00797 0.03586 0.03984 0.07171 0.05578 0.00398 0.03187 0.06773
GNM14445                       0.08765 0.03586 0.04382 0.03984 0.01594 0.04382 0.03586 0.08765 0.01594 0.07968 0.11554 0.05976 0.01594 0.04382 0.05179 0.06773 0.05976 0.00797 0.01195 0.07968
GNM14404                       0.08367 0.05976 0.01992 0.03984 0.01195 0.02390 0.05578 0.08765 0.01594 0.11155 0.12749 0.03984 0.02390 0.01992 0.06773 0.05578 0.05578 0.00398 0.02390 0.07171
GNM14366                       0.07570 0.03984 0.04382 0.03984 0.02390 0.02390 0.04382 0.08765 0.01195 0.09960 0.10757 0.05578 0.01594 0.03187 0.03984 0.08367 0.09163 0.00398 0.02390 0.05578
GNM14252                       0.04800 0.02000 0.04400 0.04400 0.01200 0.02400 0.05200 0.08400 0.01600 0.14400 0.10000 0.11600 0.00800 0.03200 0.04000 0.08400 0.04400 0.00400 0.02800 0.05600
GNM13760                       0.04800 0.03200 0.03200 0.03600 0.01200 0.04400 0.05200 0.08800 0.01600 0.13600 0.10000 0.08000 0.00800 0.04400 0.03200 0.09200 0.04800 0.00400 0.02400 0.07200
GNM14138                       0.07968 0.04781 0.05179 0.01992 0.01195 0.01594 0.08367 0.08367 0.02390 0.07570 0.16335 0.04382 0.01992 0.01594 0.03586 0.06375 0.05976 0.01195 0.03187 0.05976
GNM14748                       0.04000 0.02400 0.03600 0.04400 0.00800 0.03600 0.05600 0.08800 0.01600 0.13200 0.10000 0.11200 0.01200 0.02800 0.04000 0.07200 0.06400 0.00400 0.02400 0.06400
GNM14246                       0.10757 0.05578 0.02789 0.03187 0.01195 0.03187 0.06773 0.09163 0.01992 0.05578 0.16733 0.03984 0.01992 0.01594 0.04382 0.05179 0.05179 0.01195 0.02789 0.06773
GNM14640                       0.12000 0.04000 0.02000 0.06000 0.01000 0.03000 0.09000 0.07000 0.03000 0.05000 0.13000 0.02000 0.01000 0.02000 0.02000 0.05000 0.06000 0.02000 0.02000 0.13000
GNM14965                       0.09163 0.05578 0.03984 0.03187 0.00797 0.03187 0.04382 0.09562 0.02390 0.11952 0.07968 0.03984 0.01992 0.02789 0.04781 0.07968 0.05578 0.00398 0.02789 0.07570
GNM13677                       0.09163 0.07171 0.02789 0.03187 0.01992 0.02789 0.05976 0.11554 0.03586 0.06773 0.10757 0.02390 0.01594 0.04781 0.04382 0.05179 0.05578 0.00000 0.02789 0.07570
GNM14339                       0.09163 0.07570 0.01594 0.03984 0.01195 0.02390 0.04781 0.10757 0.02390 0.07968 0.11155 0.02789 0.01594 0.01594 0.05976 0.06773 0.06375 0.00398 0.02390 0.09163
GNM13825                       0.11952 0.09562 0.01992 0.03187 0.00398 0.01992 0.07171 0.10359 0.01594 0.05179 0.09960 0.01195 0.01992 0.02390 0.06375 0.04781 0.05578 0.00398 0.01992 0.11952
GNM14768                       0.10757 0.07171 0.02390 0.03187 0.01594 0.02390 0.05578 0.09562 0.01992 0.05976 0.11155 0.03187 0.04781 0.01992 0.05976 0.07570 0.03984 0.00398 0.02390 0.07968
GNM14776                       0.10757 0.07570 0.02390 0.03187 0.01594 0.02390 0.05578 0.09562 0.01992 0.05976 0.11155 0.03187 0.04781 0.01992 0.05976 0.07171 0.03984 0.00398 0.02390 0.07968
GNM14715                       0.13147 0.06773 0.00797 0.04382 0.01195 0.02789 0.04781 0.12351 0.00797 0.02789 0.11155 0.02390 0.02390 0.02789 0.04781 0.09562 0.03984 0.00398 0.01594 0.11155
GNM13795                       0.03600 0.02400 0.05600 0.03200 0.00800 0.03600 0.06000 0.08000 0.02000 0.13200 0.08800 0.10400 0.02400 0.04000 0.03600 0.08800 0.05600 0.00400 0.02400 0.05200
GNM14166                       0.04382 0.03586 0.02789 0.03586 0.01195 0.03984 0.05578 0.09562 0.01195 0.12749 0.10757 0.07570 0.00797 0.03187 0.05179 0.07968 0.05179 0.00398 0.03586 0.06773
GNM13993                       0.03175 0.02381 0.03968 0.04762 0.02381 0.02381 0.03571 0.07937 0.02381 0.13889 0.12302 0.06746 0.00794 0.02778 0.03968 0.14683 0.07937 0.00397 0.01984 0.01587
GNM14450                       0.08765 0.05179 0.04382 0.04382 0.01195 0.03187 0.03586 0.08765 0.01195 0.09960 0.08367 0.03984 0.03187 0.02789 0.04382 0.07968 0.05578 0.00398 0.03586 0.09163
GNM13745                       0.05952 0.03571 0.05159 0.03571 0.01587 0.04365 0.03175 0.06746 0.01984 0.12302 0.13095 0.04365 0.00397 0.03968 0.04365 0.15476 0.06349 0.00397 0.00794 0.02381
GNM14030                       0.04435 0.04032 0.07661 0.04032 0.02016 0.04032 0.04032 0.08065 0.01613 0.13306 0.10484 0.04435 0.01210 0.04032 0.03629 0.12097 0.06048 0.00403 0.01210 0.03226
GNM14959                       0.10800 0.05600 0.02000 0.02800 0.00000 0.02800 0.05600 0.11600 0.02800 0.08000 0.10000 0.03600 0.02800 0.01600 0.05600 0.04400 0.05200 0.00800 0.02000 0.12000
GNM13413                       0.07968 0.06375 0.01594 0.03187 0.00398 0.01594 0.05976 0.11155 0.03586 0.06773 0.11554 0.05179 0.02390 0.02789 0.05179 0.05976 0.03187 0.00398 0.03187 0.11554
GNM15024                       0.04800 0.02800 0.02800 0.05600 0.01200 0.03200 0.04400 0.07600 0.01200 0.14000 0.09600 0.10800 0.01200 0.04000 0.04000 0.08800 0.05600 0.00400 0.02400 0.05600
GNM14980                       0.04800 0.02800 0.02800 0.05600 0.01200 0.03200 0.04400 0.07600 0.01200 0.14000 0.09600 0.10800 0.01200 0.04000 0.04000 0.08800 0.05600 0.00400 0.02400 0.05600
GNM15019                       0.03600 0.02400 0.04000 0.04800 0.00800 0.03600 0.06000 0.08800 0.02000 0.13200 0.10400 0.09600 0.01200 0.03600 0.03200 0.08000 0.05600 0.00400 0.02400 0.06400
GNM11003                       0.07229 0.05221 0.02008 0.03213 0.00402 0.02008 0.08032 0.11245 0.02410 0.10843 0.10040 0.06827 0.02811 0.02811 0.03213 0.08032 0.05622 0.00000 0.02811 0.05221
GNM11023                       0.13492 0.10317 0.00397 0.03175 0.00000 0.01587 0.04762 0.12302 0.01984 0.05556 0.10317 0.01587 0.03175 0.01984 0.05556 0.05952 0.04365 0.00397 0.01984 0.11111
GNM11055                       0.11952 0.05976 0.03187 0.02390 0.01195 0.03187 0.06773 0.11155 0.01992 0.05578 0.08367 0.03984 0.02390 0.03187 0.03984 0.05976 0.05976 0.00797 0.02789 0.09163
GNM11146                       0.11554 0.05578 0.02789 0.03984 0.00000 0.01992 0.03586 0.11155 0.02789 0.08367 0.11554 0.04382 0.01992 0.02390 0.05578 0.06375 0.05578 0.00398 0.01594 0.08367
GNM11220                       0.07968 0.07570 0.01992 0.04382 0.01992 0.03187 0.05976 0.10359 0.01594 0.05578 0.14741 0.03187 0.03586 0.01992 0.05578 0.03586 0.04781 0.00398 0.01992 0.09562
GNM11222                       0.12351 0.05578 0.01992 0.02390 0.01195 0.02390 0.06375 0.09960 0.01594 0.05976 0.11554 0.05179 0.02789 0.02390 0.05578 0.05578 0.05179 0.00797 0.01594 0.09562
GNM11223                       0.09562 0.05179 0.01594 0.02789 0.01195 0.01992 0.07570 0.08765 0.01992 0.08765 0.11952 0.05578 0.03187 0.01195 0.04781 0.06375 0.05578 0.01195 0.03984 0.06773
GNM11224                       0.09960 0.06375 0.01594 0.02789 0.01195 0.01992 0.07570 0.08765 0.01992 0.07570 0.13147 0.04382 0.02390 0.00797 0.04781 0.05976 0.06773 0.01195 0.03984 0.06773
GNM11225                       0.10106 0.07447 0.01596 0.02660 0.01596 0.03723 0.05319 0.09574 0.02128 0.08511 0.12234 0.04255 0.02128 0.01596 0.05851 0.06383 0.04255 0.01064 0.02660 0.06915
GNM11358                       0.05578 0.05179 0.03984 0.03984 0.00797 0.02789 0.03984 0.08765 0.02789 0.15538 0.10359 0.05976 0.00797 0.03984 0.04382 0.07968 0.05578 0.00398 0.01992 0.05179
GNM11360                       0.05200 0.04000 0.04400 0.04000 0.01600 0.02800 0.05600 0.09200 0.00800 0.14000 0.10800 0.08000 0.01200 0.04000 0.03600 0.07600 0.06400 0.00400 0.02000 0.04400
GNM11362                       0.10757 0.05578 0.03586 0.04382 0.00797 0.01594 0.03984 0.09163 0.01594 0.09163 0.08367 0.03187 0.01594 0.02789 0.05578 0.09163 0.03984 0.00398 0.03586 0.10757
GNM11377                       0.11155 0.05179 0.01594 0.03984 0.00797 0.03586 0.04781 0.09960 0.01195 0.06773 0.08765 0.03984 0.00797 0.01992 0.05578 0.09163 0.05976 0.00398 0.03187 0.11155
GNM11380                       0.04382 0.04781 0.02789 0.03984 0.01195 0.03187 0.05578 0.09562 0.01992 0.09562 0.11155 0.06773 0.01594 0.02789 0.04781 0.07171 0.06375 0.00398 0.03187 0.08765
GNM11383                       0.06426 0.03213 0.04819 0.04418 0.00803 0.02410 0.03213 0.08835 0.02410 0.11647 0.09639 0.06426 0.01205 0.02008 0.04418 0.11245 0.07631 0.00803 0.02811 0.05622
GNM11491                       0.12146 0.08097 0.00810 0.04858 0.01619 0.01215 0.04453 0.13765 0.01619 0.05263 0.09717 0.02834 0.02024 0.01619 0.05263 0.08907 0.04858 0.00405 0.03644 0.06883
GNM11804                       0.10757 0.04382 0.01992 0.02789 0.00797 0.02390 0.07570 0.11155 0.01992 0.06773 0.08367 0.07570 0.01594 0.03984 0.03984 0.05976 0.06375 0.00797 0.02789 0.07968
GNM12883                       0.10359 0.07570 0.01992 0.03586 0.00797 0.03187 0.05578 0.09163 0.01594 0.10757 0.09562 0.03187 0.01195 0.02390 0.05578 0.07968 0.03586 0.00398 0.02390 0.09163
GNM12886                       0.09562 0.05179 0.03187 0.03586 0.00398 0.03187 0.03984 0.10757 0.00797 0.07968 0.09163 0.04382 0.01992 0.01594 0.05976 0.08765 0.06375 0.00398 0.03187 0.09562
GNM12892                       0.09163 0.05179 0.03984 0.03187 0.00797 0.03187 0.04382 0.09562 0.02390 0.11952 0.07968 0.03984 0.01992 0.02789 0.05179 0.07968 0.05578 0.00398 0.02789 0.07570
GNM12895                       0.08765 0.05179 0.04382 0.04382 0.01195 0.03187 0.03586 0.08765 0.01195 0.09960 0.08367 0.03984 0.03187 0.02789 0.04382 0.07968 0.05578 0.00398 0.03586 0.09163
GNM13062                       0.13147 0.07171 0.00797 0.03984 0.01195 0.03586 0.04382 0.11554 0.02390 0.04781 0.09163 0.01594 0.01594 0.02789 0.06375 0.07570 0.03984 0.00398 0.01992 0.11554
GNM13064                       0.03175 0.02381 0.03968 0.04762 0.02381 0.02381 0.03571 0.07937 0.02381 0.13889 0.12302 0.06746 0.00794 0.02778 0.03968 0.14683 0.07937 0.00397 0.01984 0.01587
GNM13066                       0.03968 0.02381 0.03968 0.04365 0.02778 0.04365 0.02381 0.07143 0.01190 0.14286 0.09921 0.06746 0.00397 0.03968 0.04365 0.13492 0.08333 0.00397 0.01587 0.03968
GNM11032                       0.11554 0.09163 0.01992 0.03586 0.01992 0.02390 0.05179 0.09562 0.01594 0.07171 0.10359 0.01594 0.01594 0.01992 0.05578 0.04781 0.06773 0.00398 0.02390 0.10359
GNM11363                       0.10757 0.05578 0.03586 0.04382 0.00797 0.01594 0.03984 0.09163 0.01594 0.09163 0.08367 0.03187 0.01594 0.02789 0.05578 0.09163 0.03984 0.00398 0.03586 0.10757
GNM11381                       0.06375 0.03187 0.05578 0.03187 0.00797 0.02390 0.03984 0.09562 0.01992 0.11155 0.10757 0.05976 0.01195 0.04781 0.05179 0.10757 0.07171 0.00398 0.01992 0.03586
GNM11382                       0.05200 0.03200 0.04800 0.04800 0.01200 0.02800 0.03600 0.09600 0.03200 0.09600 0.12000 0.06400 0.00800 0.04000 0.03600 0.09200 0.05200 0.00400 0.02000 0.08400
GNM11931                       0.17671 0.04819 0.01205 0.06426 0.01606 0.02811 0.06827 0.10040 0.02410 0.02008 0.08835 0.00803 0.00803 0.03213 0.05221 0.06426 0.06426 0.00402 0.01205 0.10843
GNM12125                       0.11905 0.07937 0.01190 0.02381 0.00397 0.02381 0.05159 0.11111 0.02381 0.05556 0.13095 0.03968 0.01587 0.02381 0.05556 0.04762 0.05159 0.01190 0.01190 0.10714
GNM12126                       0.11554 0.07171 0.00797 0.03187 0.00797 0.01992 0.06375 0.11155 0.03187 0.03984 0.10757 0.05179 0.02390 0.03586 0.05179 0.05179 0.04382 0.01195 0.01594 0.10359
GNM12128                       0.10359 0.07570 0.01195 0.04781 0.00398 0.01992 0.04781 0.11554 0.02789 0.12351 0.09562 0.03984 0.02390 0.01594 0.05578 0.04382 0.04382 0.00398 0.02789 0.07171
GNM12182                       0.06024 0.06827 0.02008 0.03614 0.00000 0.02410 0.06024 0.12851 0.02410 0.06024 0.11245 0.04418 0.03614 0.03213 0.04418 0.08434 0.06426 0.00000 0.02008 0.08032
GNM12342                       0.06375 0.03984 0.04382 0.03187 0.00797 0.02390 0.05578 0.10757 0.01195 0.09562 0.10757 0.09960 0.01594 0.03586 0.03586 0.05179 0.04781 0.00797 0.01992 0.09562
GNM12346                       0.08765 0.05179 0.01992 0.03586 0.00398 0.02789 0.03984 0.10757 0.01992 0.10757 0.07570 0.03187 0.02390 0.03586 0.04382 0.11554 0.08367 0.01195 0.01195 0.06375
GNM12351                       0.09562 0.03586 0.03984 0.05179 0.01992 0.02390 0.03187 0.10757 0.01992 0.10757 0.08367 0.06773 0.00797 0.02390 0.04781 0.08367 0.05578 0.00797 0.03187 0.05578
GNM12356                       0.04365 0.02381 0.05159 0.03968 0.00794 0.03175 0.04762 0.11508 0.01984 0.13889 0.08730 0.09127 0.02381 0.03571 0.02778 0.07540 0.03968 0.00000 0.03571 0.06349
GNM12357                       0.04382 0.02390 0.05976 0.03984 0.01594 0.01992 0.05578 0.08765 0.01195 0.16335 0.08367 0.07968 0.01195 0.04781 0.04382 0.08367 0.04781 0.00000 0.01594 0.06375
GNM12366                       0.02789 0.02789 0.07171 0.03586 0.00797 0.02789 0.04382 0.09163 0.01195 0.13944 0.10757 0.08367 0.01594 0.05578 0.03984 0.08765 0.03984 0.00398 0.01594 0.06375
GNM12385                       0.15663 0.06827 0.00803 0.03213 0.01606 0.02811 0.04819 0.10442 0.03614 0.05622 0.08835 0.01205 0.00402 0.01205 0.07229 0.06827 0.06426 0.01205 0.01606 0.09639
GNM12551                       0.11952 0.06375 0.01992 0.04382 0.01195 0.02390 0.08367 0.11952 0.03586 0.06773 0.09562 0.03187 0.01594 0.01594 0.05578 0.03187 0.03187 0.01195 0.02789 0.09163
GNM12592                       0.11554 0.10359 0.01195 0.03187 0.01195 0.02789 0.05578 0.10757 0.03187 0.07968 0.09960 0.00797 0.00398 0.01195 0.05179 0.07171 0.07171 0.01195 0.02390 0.06773
GNM12596                       0.11600 0.06000 0.02000 0.02800 0.00800 0.03600 0.05600 0.10800 0.02800 0.05600 0.10400 0.04400 0.00800 0.03200 0.05200 0.06800 0.06400 0.01200 0.02800 0.07200
GNM12602                       0.10000 0.04400 0.02000 0.02800 0.00800 0.04400 0.05200 0.11200 0.03200 0.08000 0.10800 0.04400 0.00800 0.03200 0.04800 0.07600 0.07200 0.01200 0.03200 0.04800
GNM12665                       0.11600 0.04800 0.02000 0.02400 0.01200 0.04000 0.06400 0.11600 0.03200 0.05600 0.10000 0.04400 0.00800 0.03600 0.04400 0.06800 0.06400 0.01200 0.02400 0.07200
GNM12758                       0.10800 0.08800 0.01600 0.02800 0.00800 0.01600 0.08000 0.10800 0.02400 0.07600 0.09600 0.01600 0.02400 0.00400 0.04000 0.08800 0.06400 0.00800 0.02800 0.08000
GNM12763                       0.10000 0.04000 0.03200 0.03200 0.00400 0.01600 0.04400 0.10400 0.02000 0.10400 0.10800 0.08800 0.01200 0.01200 0.05200 0.07600 0.05200 0.00800 0.03600 0.06000
GNM12766                       0.06375 0.03187 0.03984 0.03984 0.02390 0.02390 0.05179 0.10359 0.00797 0.10757 0.08765 0.09163 0.02390 0.01992 0.03586 0.05578 0.05179 0.00398 0.03586 0.09960
GNM12841                       0.19679 0.04819 0.00803 0.06024 0.00402 0.03614 0.07631 0.10040 0.01606 0.01606 0.09237 0.00803 0.00803 0.02410 0.04819 0.06827 0.06024 0.00402 0.01205 0.11245
GNM12849                       0.04800 0.04000 0.05200 0.04400 0.02000 0.03200 0.05600 0.08000 0.00800 0.11600 0.11200 0.07200 0.01200 0.04400 0.03600 0.08000 0.06000 0.00400 0.02400 0.06000
GNM12869                       0.04400 0.02400 0.03600 0.04800 0.01200 0.02800 0.05600 0.08000 0.02000 0.14000 0.08800 0.10400 0.01200 0.04000 0.03600 0.09200 0.04800 0.00400 0.02000 0.06800
GNM12896                       0.03586 0.03984 0.02390 0.03984 0.01195 0.03586 0.05179 0.09562 0.01992 0.09960 0.11554 0.07171 0.01594 0.02390 0.05179 0.08367 0.05179 0.00797 0.03586 0.08765
GNM12897                       0.03586 0.04382 0.03187 0.04382 0.01195 0.03984 0.03586 0.10359 0.02789 0.07968 0.11155 0.07171 0.01992 0.03984 0.04382 0.07968 0.05179 0.00000 0.02789 0.09960
GNM12903                       0.12351 0.05976 0.01594 0.03187 0.00000 0.02789 0.07570 0.11155 0.02390 0.07570 0.09562 0.04382 0.02390 0.01992 0.04781 0.05578 0.05179 0.00797 0.02789 0.07968
GNM12906                       0.11952 0.05976 0.01594 0.03586 0.00000 0.02390 0.06773 0.11155 0.02390 0.05578 0.11155 0.03586 0.01992 0.02789 0.05179 0.06773 0.04382 0.00797 0.01992 0.09960
GNM12907                       0.13944 0.06375 0.01992 0.03984 0.00000 0.02390 0.05976 0.11952 0.02390 0.05578 0.09960 0.02789 0.01992 0.02789 0.05578 0.03586 0.05179 0.00797 0.01992 0.10757
GNM12909                       0.13147 0.05578 0.01594 0.03586 0.00000 0.02789 0.05976 0.11155 0.02789 0.07171 0.10359 0.03187 0.02390 0.01594 0.04781 0.05179 0.04781 0.00797 0.03984 0.09163
GNM12915                       0.10757 0.04781 0.03984 0.02789 0.00398 0.02390 0.05179 0.12749 0.03187 0.08765 0.10757 0.04382 0.00797 0.02789 0.05578 0.03984 0.04781 0.01594 0.01992 0.08367
GNM10046                       0.11155 0.04382 0.03187 0.02789 0.00398 0.02789 0.06773 0.12351 0.01992 0.10757 0.09562 0.05976 0.00797 0.02789 0.05179 0.03984 0.04382 0.01195 0.01594 0.07968
GNM12918                       0.09562 0.04781 0.03187 0.02789 0.00398 0.02390 0.06375 0.12351 0.03984 0.08765 0.10359 0.04382 0.00398 0.02789 0.05179 0.05179 0.04781 0.01594 0.01594 0.09163
GNM12931                       0.09163 0.06375 0.02390 0.03187 0.00000 0.01992 0.04781 0.11952 0.02390 0.09163 0.09163 0.04382 0.03586 0.03586 0.05578 0.05578 0.03984 0.00398 0.03984 0.08367
GNM12938                       0.06827 0.05622 0.02811 0.03614 0.00402 0.02811 0.05221 0.10040 0.02410 0.10040 0.11245 0.06024 0.01205 0.03213 0.04016 0.10040 0.06827 0.00000 0.02811 0.04819
GNM12996                       0.08434 0.04418 0.03614 0.03213 0.00000 0.02008 0.07229 0.10843 0.02410 0.12851 0.09237 0.05221 0.02811 0.02811 0.04016 0.08032 0.04418 0.00402 0.02410 0.05622
GNM13018                       0.07631 0.05221 0.03213 0.04016 0.00000 0.02008 0.07229 0.10843 0.02410 0.12450 0.08434 0.05221 0.03213 0.03213 0.04016 0.08032 0.05221 0.00402 0.02008 0.05221
GNM13027                       0.06827 0.04819 0.01606 0.03213 0.00000 0.02008 0.06827 0.10040 0.02410 0.09639 0.11647 0.07631 0.01606 0.02811 0.04016 0.10040 0.06426 0.00000 0.03213 0.05221
GNM13046                       0.05578 0.03586 0.04781 0.03984 0.00797 0.01992 0.04781 0.08765 0.01195 0.10757 0.11155 0.08367 0.01594 0.01594 0.04382 0.09562 0.06375 0.00398 0.04382 0.05976
GNM13053                       0.09960 0.03586 0.03586 0.03586 0.00797 0.02789 0.03984 0.09163 0.01992 0.09163 0.09163 0.05578 0.02789 0.02789 0.05179 0.07968 0.03586 0.01195 0.01992 0.11155
GNM13074                       0.11155 0.05179 0.02390 0.02390 0.00398 0.02390 0.06375 0.11952 0.02789 0.07968 0.10359 0.06773 0.01195 0.03187 0.05976 0.03586 0.03984 0.01594 0.01594 0.08765
GNM10010                       0.10757 0.06375 0.02789 0.02390 0.00000 0.01992 0.06375 0.11952 0.02789 0.06375 0.11554 0.05179 0.00797 0.02789 0.06375 0.03984 0.04781 0.01195 0.01195 0.10359
GNM10014                       0.09960 0.05179 0.02789 0.02789 0.00000 0.01992 0.05976 0.12351 0.02789 0.07570 0.10757 0.06375 0.01195 0.02789 0.06375 0.04382 0.04382 0.01195 0.01992 0.09163
GNM13090                       0.11155 0.05976 0.02390 0.02789 0.00000 0.02789 0.05179 0.12351 0.02789 0.05976 0.11155 0.04781 0.01195 0.02789 0.06375 0.03984 0.04382 0.01195 0.01992 0.10757
GNM13118                       0.10757 0.07171 0.02390 0.02789 0.00398 0.01992 0.07570 0.10757 0.01594 0.06773 0.12749 0.02789 0.01195 0.01992 0.05976 0.07171 0.05179 0.00797 0.03187 0.06773
GNM13208                       0.13147 0.05179 0.02390 0.03984 0.00000 0.02390 0.04382 0.10359 0.03586 0.07570 0.10359 0.03187 0.03187 0.01594 0.05179 0.06375 0.02789 0.00797 0.01992 0.11554
GNM13210                       0.09163 0.06375 0.01594 0.03187 0.00000 0.01992 0.05179 0.11155 0.02789 0.03187 0.12351 0.05179 0.02390 0.03586 0.05976 0.07570 0.02390 0.00797 0.02390 0.12749
GNM12773                       0.08835 0.02811 0.04819 0.02410 0.00803 0.02410 0.04418 0.07631 0.01606 0.11245 0.11245 0.10040 0.02811 0.02811 0.04016 0.08032 0.05221 0.01205 0.02008 0.05622
GNM12769                       0.07968 0.05578 0.04382 0.02789 0.01195 0.02390 0.05578 0.10359 0.01992 0.13944 0.11952 0.05179 0.01594 0.02390 0.04382 0.07968 0.04382 0.00000 0.01594 0.04382
GNM12768                       0.09960 0.05578 0.01992 0.03187 0.00398 0.02789 0.05179 0.10359 0.01992 0.05179 0.13147 0.01195 0.02789 0.02390 0.06773 0.09562 0.06773 0.00000 0.01594 0.09163

Homogeneity statistic: X2 = 12.07138 G = 12.46588 

Average                        0.08888 0.05246 0.02934 0.03686 0.00928 0.02724 0.05356 0.10083 0.02079 0.09084 0.10441 0.05198 0.01718 0.02855 0.04841 0.07527 0.05476 0.00605 0.02453 0.07878
(Ambiguity characters are used to calculate freqs.)


# constant sites:      0 (0.00%)

TREE #  1:  ((((((((37, 114), 101), (42, 70)), 71), 72), (((103, 104), (73, 41)), (102, 105))), ((((((95, 94), 97), 96), 113), (44, 36)), 112)), ((((((((((((((((38, 39), 91), (17, 5)), (((40, (20, 30)), (6, 4)), 18)), ((9, 51), 90)), 56), 106), (((67, 55), 16), 68)), (((92, 54), 93), 31)), (((((59, 3), 58), (53, 12)), (23, 60)), (13, 50))), (61, 33)), (66, 52)), ((((((32, 63), 64), 35), 34), (14, 107)), ((29, 62), 11))), (7, 1)), (((27, 28), (2, 24)), ((10, 26), (25, 65)))), ((((((19, 22), 21), 115), ((47, 48), 49)), ((116, 46), 117)), (15, 45))), ((((((((((85, 83), 84), 76), 82), 75), 80), ((8, 89), 69)), (43, 57)), ((((((79, 78), 77), 88), 74), (86, 87)), 81)), ((((109, 110), 111), 108), ((100, 98), 99))));   MP score: -1
lnL(ntime:231  np:232): -29953.054155      +0.000000
 118..119 119..120 120..121 121..122 122..123 123..124 124..125 125..37  125..114 124..101 123..126 126..42  126..70  122..71  121..72  120..127 127..128 128..129 129..103 129..104 128..130 130..73  130..41  127..131 131..102 131..105 119..132 132..133 133..134 134..135 135..136 136..137 137..95  137..94  136..97  135..96  134..113 133..138 138..44  138..36  132..112 118..139 139..140 140..141 141..142 142..143 143..144 144..145 145..146 146..147 147..148 148..149 149..150 150..151 151..152 152..153 153..154 154..38  154..39  153..91  152..155 155..17  155..5   151..156 156..157 157..158 158..40  158..159 159..20  159..30  157..160 160..6   160..4   156..18  150..161 161..162 162..9   162..51  161..90  149..56  148..106 147..163 163..164 164..165 165..67  165..55  164..16  163..68  146..166 166..167 167..168 168..92  168..54  167..93  166..31  145..169 169..170 170..171 171..172 172..173 173..59  173..3   172..58  171..174 174..53  174..12  170..175 175..23  175..60  169..176 176..13  176..50  144..177 177..61  177..33  143..178 178..66  178..52  142..179 179..180 180..181 181..182 182..183 183..184 184..32  184..63  183..64  182..35  181..34  180..185 185..14  185..107 179..186 186..187 187..29  187..62  186..11  141..188 188..7   188..1   140..189 189..190 190..191 191..27  191..28  190..192 192..2   192..24  189..193 193..194 194..10  194..26  193..195 195..25  195..65  139..196 196..197 197..198 198..199 199..200 200..201 201..19  201..22  200..21  199..115 198..202 202..203 203..47  203..48  202..49  197..204 204..205 205..116 205..46  204..117 196..206 206..15  206..45  118..207 207..208 208..209 209..210 210..211 211..212 212..213 213..214 214..215 215..216 216..85  216..83  215..84  214..76  213..82  212..75  211..80  210..217 217..218 218..8   218..89  217..69  209..219 219..43  219..57  208..220 220..221 221..222 222..223 223..224 224..225 225..79  225..78  224..77  223..88  222..74  221..226 226..86  226..87  220..81  207..227 227..228 228..229 229..230 230..109 230..110 229..111 228..108 227..231 231..232 232..100 232..98  231..99 
 0.094021 0.000000 0.014346 0.047825 0.004213 0.123635 0.138145 0.193635 0.180986 0.126917 0.133302 0.356213 0.156747 0.343635 0.359908 0.376921 0.026811 0.150756 0.029271 0.036213 0.073271 0.394453 0.142288 0.032146 0.177002 0.108324 0.000000 0.067323 0.072124 0.104473 0.044316 0.020644 0.071484 0.101476 0.094788 0.098058 0.321928 0.042174 0.261828 0.209167 0.517767 0.088535 0.006011 0.311538 0.061148 0.094811 0.013454 0.045583 0.334732 0.097095 0.033078 0.058003 0.137394 0.072827 0.061548 0.040201 0.052241 0.000000 0.000000 0.061619 0.011589 0.076129 0.094770 0.000000 0.027185 0.055312 0.084788 0.071890 0.042092 0.077460 0.007145 0.137244 0.084408 0.120077 0.087458 0.102602 0.005392 0.011186 0.081828 0.636331 0.150602 0.145480 0.029416 0.085302 0.138861 0.178965 0.298639 0.177687 0.144608 0.042475 0.000000 0.080719 0.060713 0.158959 0.033830 0.062816 0.059413 0.104715 0.015507 0.070964 0.106518 0.055873 0.152674 0.111455 0.026389 0.034410 0.235556 0.003934 0.002752 0.373340 0.137348 0.114013 0.277569 0.000000 0.000000 0.222209 0.000000 0.000000 0.000000 0.020290 0.567390 0.056051 0.218191 0.104706 0.000000 0.000000 0.169714 0.136743 0.121351 0.180448 0.203916 0.182435 0.362431 0.056069 0.294662 0.192079 0.261503 0.613833 0.000000 0.000000 0.145995 0.035660 0.185354 0.003424 0.000000 0.472087 0.024278 0.016992 0.184574 0.137333 0.045255 0.030161 0.156122 0.153653 0.111735 0.080055 0.000000 0.571391 0.018564 0.090389 0.021079 0.150674 0.097003 0.078574 0.357961 0.000000 0.083325 0.027911 0.027179 0.145050 0.011632 0.090136 0.302506 0.271719 0.354968 0.183284 0.281396 0.296216 0.063758 0.023449 0.116488 0.024944 0.042650 0.000000 0.075412 0.053787 0.212817 0.061717 0.079350 0.039863 0.100052 0.271425 0.318614 0.402098 0.639610 0.546642 0.067581 0.426774 0.293405 0.278643 0.193453 0.131638 0.199466 0.025423 0.068882 0.317577 0.037465 0.117445 0.138965 0.176195 0.087397 0.183980 0.125119 0.152074 0.126612 0.387709 0.136156 0.314947 0.193928 0.049582 0.047603 0.019415 0.052112 0.073657 0.035806 0.106718 0.055723 0.036138 0.047445 0.053224 0.113416 0.975211
