
Printing out site pattern counts


       137         67  P

GNM13746                        ------AAAA AADDDEEEEE EEEEEFGGII IIIIIIIKKK KLLLLLLLNN PPPPRSSSST VVVVYYY
GNM13538                        --EIKRAAAE GVDEQDDDEE EEESSFGGAF IILLLLVEKQ SILLLLSVNV PPPPRGKRSL IIVVGRS
GNM13671                        --SLKKEVVE SVDNPDENEE EENESFGGEL FVILLVILRD LVLLLMKINF IPPVLGGKSI IVMVERY
GNM13876                        --SLKEVAGQ SMDEPEEEDD EEDEDFGGSY IVIALQLKRD RLLLLLSVKV ADPLVGTATT VVVVLRY
GNM13680                        --SLSKAAAE NADSEDEDEE EEDEEFGGAI IVIVVMIARN NVILLMKIKV KPPLRGNSSS VLIIGRS
GNM14837                        --ALSKKFAD NLGKDDEDEE EEDEDFGGMF LVIALLLDKD ELILLLRIEI SPPLISSSST VLMTGRS
GNM14249                        --TLSKKFAN NFGKEDEDEE EEDEEFGGTF LVIALLLEKD ELVLLLKLET APPLISNNSV VLMTGRA
GNM13928                        --TLTKKCAN NFGKEDDDEE EEDEEFGGMF LVIALLINKD ELILLLRIET APPLVSSTSV VLMTGRA
GNM13297                        --EIKRAAAE GVDEQDDDEE EEESSFGGAF IILLLLVEKQ SILLLLSVNV PPPPRGKRSL IIVVGRS
GNM14865                        --DLSEDAAE NASSPDEEAS DEDSEFGGPV VVVELELNKD DAFLVMILVV ADPLKEEAGL VVVIGRA
GNM13455                        --SLAKKFAD NLGKEDEDEE EEDEDFGGMF LVISLLLTKD ELVLLLKIEV SPPLVSSTSV VLMTGRA
GNM14938                        --ELSKESGE GYDEPENEEQ EEEEEFGGSV MVVLLELTRD RLIIVMRIEV RSPLIGARTV VVLVGRG
GNM14483                        --GLVAEAAA GIDRPEPEEE EEQQTFGGTS IVLVIMIQKE DVVLILSVSA KPPHRGTSST LYVLLRA
GNM14872                        --GISKAAAD NADSDDQDEE EEDEDFGGAI IVVVIMVAKN EVILLLRLNV KPPIRGGGSI VLIIGRA
GNM13855                        --KVNKAAAD NADMDDDEEQ EEEEEFGGSL IAIALILAKD DVILLLKLNV KPPIRGKKST VLIIGRS
GNM14445                        --NLKKKEAE GADDEEPEDV EENQGFDGAV FVIVILSTKN EIILLLKIIS NPPSRQSSSI VIMLIRS
GNM14404                        --ELKNTAAE LASIEEEDME EENEDFGGIV IVVVLILSRD EMIIVFRIEI RPPLTSSSRE VVTIGRA
GNM14366                        --AMNAKYAN NLGDDDDDEE EEDEEFGGTF LVIALLLVKN KLVLLLRIYV MPPLISSKSV VLMTGRS
GNM14252                        --TLSKKFAN NFGKEDEDEE EEDEDFGGTF LVIALLLQKN ELVLLLKLEI APPLISNTSV VLMTGRA
GNM13760                        --GLSKEFAD NLGKEDEDEE EEDEEFGGTF LVIALLLDKD ELVLLLRIEV SPPLISSTSI VLMTGRA
GNM13982                        --SLSKAFAS NLGKEDEEEE EEEEEFGGTF LVIVLLITKD DLVLLLKIEV SPPLISSESV VLMVGRS
GNM13960                        --GLSKKFAN NLGEDDKDEE EENEEFGGIF LVIALLITKD QLVLLLRIHV SPPLISDTSV VLMTGRA
GNM14633                        --SLSKAFAD -LGKED-EE- EEE-EFGGT- L-IVM-ITKD ELVLLL-IE- SPPLI--E-I -L-V--S
GNM14853                        --SLSKAFAE NLGKEDEEEE EEEEEFGGTF LVIVMLITKD ELVLLLKIEV SPPLISSESI VLMVGRS
GNM14055                        --TLNRKYAN NLGGDDDDEE EEDEDYGGIF LVIALLLTKD E-LLLLHINV SPPLISSSSV V-MTGRT
GNM14748                        --TLSKKCAD SLGKEDEDEE EEDEEFGGMF LVIALLLTKD EVVLLLRVEV SPPLISATSV VIMAGRT
GNM14246                        --SLSKKAAK MVDSEEDDSE EENETFGGII IIIKLLLSKN EVLLVFRVVI DPPLSSNKWI IVMMGRH
GNM14965                        --TIVKQAAE NAEDEDEDAD EEEEDFGGAI IVIVVIIARD QVILLLKLET KPPLRGNRSS VLIIGRL
GNM13677                        --SLKEVAGQ SMDEPEEEDD EEDEDFGGSY IVIALQLKRD RLLLLLSVKV ADPLVGTATT VVVVLRY
GNM14339                        --ELKKESAS ALDAPENGES EEDEEFGGSF VVISLELQRD NLLLLMMLEI RAPLAGSESI VVMVGRY
GNM14593                        --SLSKEVAE GMDEPDEAEE EEEEDYGGEF FIIVLVLTRD SFLLLMKINF KPPLISSKSV IVLVERY
GNM13825                        --SLSRETAE GYDAPEDEEQ EEDEEFGGSI MVVMLELARD ELLLVMRIEV RTPLVGSRTV VVLVGRA
GNM14768                        --SLGRRLAK AIDQPEEEEN KEDEDFGGPV VIIVLVLEED EALLLMSIKV IPPLIQQRTM IVSAGRA
GNM14776                        --SLGRRLAK AIDQPDEEEN KEDEDFGGPV VIIVLVLEED EALLLMSIKV IPPLIQQRTM IVSVGRA
GNM14715                        --GLLAEAAE GIDKPEPDEE EEQQTFGGTC IVLVLIVPKD HVVLILSVSS RPPHRNKSST VYVLLRA
GNM14639                        --QLKKNAAS AIDTSDKDVE EEKEDF-GIF IVIYIILTKD DVFLIFKISS EPPLRSEETI VMSYNKI
GNM13795                        --TLSKKCAD SLGKEDEDEE EEDEEFGGMF LVIALLLTKD EVVLLLRVEV SPPLISATSV VIMAGRT
GNM14166                        --GLVQKFAN GLGEDDEDEQ EEDEEYGGTF LVIAVLLTKD KSILLLRIYI SPPLRGSKSI VLLAGRA
GNM14450                        --NISNKAAN NADVEDEDEE EENEDFGGII IVVVIMLSKD DVILLLKLNT EPPLRSNRSI ILLIGRA
GNM13745                        --ALNQKAAS AAEKEEDNDE EEDQGFGGPF IILHLVIKKT DIILLLDIFI TPPGRSKASI TVVLQKS
GNM14959                        -EKLAKEAGN YLKEESEDEE EEESDFHGSI IIVKLELSRN NYLIVTSIKI EDPYVGGETV LVFYGRI
GNM13413                        --DLSSTAAN YVDEEEQEEE EEEQEFGGVV IVVRLELEKP ELLLLLSIKV APPLISQRNT VVVVGRL
GNM14971                        --GLSKKFAN NLGEDDEDEE EENEEFGGIF LVIALLITKD QLVLLLKIHV SPPLISDTSV VLMTGRA
GNM14990                        --GLSKKFAN NLGEDDKDEE EENEEFGGIF LVIALLITKD QLVLLLKIHV SPPLISDTSV VLMTGRA
GNM15005                        --GLSKKFAN NLGEDDKDEE EENEEFGGIF LVIALLITKD QLVLLLKIHV SPPLISDTSV VLMTGRA
GNM15014                        --ELSKKFAN NLGKDDEDEE EENEEFGGIF LVIALLITKD QLVLLLKINV SPPLISDTSV VLMAGRA
GNM15017                        --ALAKKYAN NLGKGDDDEE EESEEFGGII LVIILLLTKD DLVLLLRIYI LPPLISSSSI VLMAGRT
GNM15024                        --NLSKKFAN NFGKEDEDEE EEDEEFGGTF LVIALLLEKD ELVLLLKLEI APPLVSGTSV VLMTGRA
GNM15000                        --NLSKKFAN NFGKEDEDEE EEDEEFGGTF LVIALLLEKD ELVLLLKLEI APPLVSGTSV VLMTGRA
GNM15001                        --NLSKKFAN NFGKEDEDEE EEDEEFGGTF LVIALLLEKD ELVLLLKLEI APPLVSGTSV VLMTGRA
GNM11003                        --KLKSTAAE GVSKEEEDEE EEDHEFGGDA IVVALVLDKN ELALLFSIQV TPPLVSNETV VVILGRI
GNM11023                        --SLKKTAAQ NVDTEDEEEE EEKESFGGVV IVVALELDKD EALLVYKIKI EPPPVQNRSI VVVVGRL
GNM11055                        --NQIKMAAE DMDEPDEDEE QINSDFGGVV IVVLVEISRD EMILYMGIKI RPPLKEKKEV IVMIGLE
GNM11146                        --GLKKDAGN YYRKESEDEE EEEGDFYGEI IIVKLELSRD QYLIITSIKI EEPYVGQVTV LIFYDRI
GNM11220                        --ALAEAAAD AASEEDEDEQ EEGEEFGGIV IVVRLLLERD NVLLVFRIKV RPPLRGRRTV VIVFGRA
GNM11222                        --ELTAQAAE MAEAEDEETE EEEEDFGGAV IVLKLLLAKD KVVLVLKLKV EPPLSGKKRT VVVLGRA
GNM11224                        --SLSKKAAS GIDTEDEEAE EEEQDFGGIF IIVKLQLSKD DLLLVFKINI EPPLSSKKTV TVIVERS
GNM11225                        --ELGERAAE TIGREDDDAQ EEDNDFGGIL IIIKLLISKD KLLLVFKIVI EPPLSSRERV AVILGRA
GNM11358                        --SVNKAAAE NADSDDEEEQ EEEEEFGGSI IAIALILAKD NVILLLKLNV KPPMRGKVST VLIIGRS
GNM11360                        --SLAKKFAD N--KEDEDEE EEDEDFGGMF LV-SLLL--D E-VLL-KIEV SP-L-SSTSV V-M-GRA
GNM11362                        --GMKKDAAE STDADEDDTE EEDEDFAGIV IVIVLVLAKN EILILMRVNI SPPLRGSKSV ILMVGRG
GNM11367                        --SLSKAFAS NLGKEDEEEE EEEEEFGGTF LVIVLLITKD DLVLLLKIEV SPPLISSESV VLMVGRS
GNM11377                        --GINKAAAE NADKDDQDEE EEDEDFGGAI IVVVIMVAKS EVILLLRLNV KPPIRGSGSI VLIIGRA
GNM11380                        --SLSTKFAN GLGDDDDDEE EEDEEFGGTF LVIAILLTKD KSVLLLRIYI SPPLRGSKSI VLLAGRT
GNM11383                        --ELKQKFAG NLGEDDEDEE EEDEEFGGTF LVIALLLEKN ALVLLLRIFV MPPLISSNSI VLMTGRT
GNM11491                        --GLGKKFAA NVGEEDKDEE EEDEEFGGTY LVIMMLVKKD ELVLLLRLHA APPLISSGSV VLMVGRT
GNM11804                        --KAVKEAAE SMDKPDEDEE QVESEFGGVV IVVKVELSRD EYILLMKVKI KPPLKESEEV IVQLGLN
GNM11805                        --AISTEAGN DVSDPDKDED EEKQDFGGVV IVIRLRLERN VMILVLSISV SEPLQSSATV T-VLNLA
GNM12883                        --TMSKAAAD NAESEDEDEE EEDEEFGGAI IVILVMIARD KVILLLKIKV KPPLRGQTSS VLIIGRS
GNM12892                        --TIVKQAAE NAEDEDEDAD EEEEDFGGAI IVIVVIIARD QVILLLKLET RPPLRGNRSS VLIIGRL
GNM12895                        --NISNKAAN NADVEDEDEE EENEDFGGII IVVVIMLSKD DVILLLKLNT EPPLRSNRSI ILLIGRA
GNM13060                        ------AAAS AADDDEQEEE EEEEEFGGII IIIIIIIKKK NLLLLLLINN PPPPRSSSST VVVIYYY
GNM13061                        ------EAAQ GVDDNEQDEE EEEEEFGGII IIIVIIIKKK NILLLLLINN PPPPRSESST IVVVLYQ
GNM13062                        --GLLGEAAE AIDKPEPDEE EEEQSFGGTY IVVVMIIEKD GVVLILSISA RPPLRSKGST VYVMSRI
GNM13064                        --ELISNTAE AAGTEDEDPE EESEGFGGPL LVIEFIVTKN PVIVISNIFL VPPARSKLSL TLVVQNC
GNM11363                        --GMKKDAAE STDADEDDTE EEDEDFAGIV IVIVLVLAKN EILILMRVNI SPPLRGSKSV ILMVGRG
GNM11375                        --SLSKQFAD NLGKEDEDEE EEDEEFGGTF LVIALLLDKD ELILLLRIEV SPPLISSTSI VLMTGRA
GNM11381                        --ALKSKFAN NLGDDDADEE EEDEEFGGTF LVIALLLEKN KLILLLRIFV MPPLISSNSV VLMTGRT
GNM11382                        --SIKQKYAN NLGIDDDDEE EEDEDFGGTF LVIALLITKD KLVLLLRVYV LPPLISSASI VLMTGRA
GNM11841                        --GLVEDAAE SASDPDDETS EEDSEFGGPV VVVQLELEKD EAFLVMALVV ADPLKENRGV IVTIDRA
GNM11931                        --ELSSDAAD EASGPDDESS EEDSDFGGPV VVVELELDKD AAFLVMGLTV AEPLVEADGI VVVLDRA
GNM12040                        --QLSEDAAE NASEPDTEAA DEDSDFGGPV VVVQLELDKD EAFLVMGLVV ADPLKEDRGI VVVIGRS
GNM12071                        --ELSEGAAE NASDPDDEAA DEDSDFGGPV VVVQLELNKD DAFLVMNLVV ADPLKEERGI VVVIGRA
GNM12125                        --SLKKSAAE AVSEEEESEE VEDEEFGGPI IVVVLELSTN ELLLLYQINV KPPLVESKHI VVVTGRI
GNM12126                        --KLSKTLAE TVSEEEEEEE VEEEEFGGVV VVVVMELDKN ELLLLYKINV KPPLVSGNHR IVVAGRV
GNM12128                        --QIKKMAAE YVENEDEEED VEENRFSGVV IIAVIVIKRD EVIYIYRIRV EDPLVESKTE VVLLDRI
GNM12182                        --SLKVTAAE GVGKEKEDEE EEEHEFGGDA IVVAVVLEKD NMALLFSLKI TPPLVSSETT VVILGRL
GNM12342                        --ELVKRAAN EASKEEDEEE EEESEFGGPV LVIKLVITKN ELLLIMAIYI PPPKKEEKSV TVVIELA
GNM12346                        --AVAKSAAE AASEDDPEEN KENSDFGGAV IVVMLEIDRD DVWLVMSLKV PPPLSEKAGR VVTIGRA
GNM12351                        --ALVELAAE EAGDGDPEEQ EEDSDFGGVV VVIKLTLEKD IAFLVMALKV PPPLTEARGT VVLMGRA
GNM12356                        --EVTKKAAE EVSEEEDEEE EEDSEFGGPV LVVSLVVVKN AMLLVMAIYL PPPKKENKSV SVVLDLA
GNM12357                        --EVLKKTAE EASAEEEDEE EEESEFGGPA LVVKLVVTKE EIMLIMNLYL PPPKKEATSV VVLVNLA
GNM12366                        --EVLKQSAE EASTEEDDEE EEESEFGGPA LVAKLVVTKN EIMLIMNLYL PPPKKEASSI VVLIDLA
GNM12373                        --AVKRDAGG SVSKEDPDEE EEERDFGGPT IIIQLEIEKD AVFLIMSISI KPPLIDQDNV IVLLGRL
GNM12385                        --AVARKAGA EISAPDEDAE EEESEFGGPA IVIKLVLEKD AALLVMQVVI EPPRIAKATV IVSVGLA
GNM12551                        --ELKRAAAD SVSEPDDDEE EEEQDFGGAV IVVKLVIEKD ELLLLLKIKV APPYDNEASV VVALERA
GNM12554                        --DLAKAAGG EASKNDPDGE EEERDFGGPA IVVKLILERD KVLLLMNLKV APPLIEAATI IVVLGLK
GNM12592                        K-SVAKAAAE EASSDDKEGE REESDFGGTV IVVKLELERD EAFLVMSIKV EPPMKEKSGI VVVIGLA
GNM12596                        --AIVKEAAE EASENDSEEQ EEANEFGGIV IVIKLLLEKD EAFLAMAIKV PPPLKEKKYT VVAIGRA
GNM12602                        --GIVKEAAE DASENDSEEQ EEGNDFGGVV IVIKLVLEKD EAFLAMAIKV PPPLKEKKYT VVVIGRA
GNM12665                        --NIVKEAAE EASGNDSEEQ EEVNDFGGVV IVIKLLLEKD EAFLAMALKV PPPLKEKNYT VVALGRA
GNM12745                        --NITKGAGE DASADDDEEE EEESEFGGPV IIVKLTLEKD EALLAMAIIL PPPLIQATRI VVVLERA
GNM12749                        --EFKKAAGA ELSTPDDEEE EEEREFGGPA IVVVIVIEKN AALLIMNIVI TPPRIEATTV IVSIGLT
GNM12758                        --EIRQAAAE DASAGDEEEE EEENDFGGPI IVVKLTLEKD KVLLAMSIVI APPLTSGERV VVVIGRS
GNM12763                        --KLEQAAAE DADEDDKDKE DENTNFGGPV IVLKITLTRD NLLLVTSIVI KPPLTSKNRV VVLINRK
GNM12766                        --EITKKAAE EASEEEEEEE EEESEFGGPV LVVKLVVTKN ELLLIMRVYL PPPKKENKSV VVVINLA
GNM12841                        --NLSEEAAD EASEPDDDAD EEDSEFGGPV VVVQLDLQKD DAFLVMSLIV TDPLKEGRGV VVVMGRA
GNM12849                        --GLVKKFAD NLGKEDEDEE EEDEDFGGMF LVISLLLTKD DLVLLLKIEV SPPLVSSSSV VLMTGRA
GNM12869                        --SLTKKFAN NFGKEDEDEE EEDEDFGGTF LVIALLLEKD ELVLLLKLET APPLISNTSV VLMTGRA
GNM12896                        --VLSTKFAN GLGDDDEDEE EEDEEFGGTF LVIAILITKN KSVLLLRIYI SPPLRGSKSI VLLAGRV
GNM12897                        --SLSGKYAN GLGDDDEDEE EEDEEFGGTF LVIAILLTKN KSVLLLRIYV SPPLRGGQSV VLLAGRT
GNM12902                        --ELKREAGS DVDRPDEDED EESQDFGGVV IVVELKLERD SLLLVLAIKI REPLVSGKSN TVIFGLI
GNM12903                        --NLKIDAGE YLSKESEDEE EEEGEFYGAY IVVKLELDRN NALIILRVKV EEPIVGSDSV LVFYGRL
GNM12906                        --NLKIEAGE YLSKESEDEE EEDGEFYGVY IVVKLELDRN TALIVLRIKV EEPIVGSDSV LVFYGRL
GNM12907                        --NLRVDAGE YLSKESEDEE EEEGEFYGVF IVVKLELERD EALIVLRIKV EEPVVGSASV LVFYGRI
GNM12909                        --NLKVDAGE YLSKESEDEE EEESEFYGVY VVVKLELERD NALIVLRVKV EDPIVGSASV LVFYGRL
GNM12915                        --AIVKEAAE TGDEKDEDEE EADSEFGGPA IVVELELSKN EVFLVMKLVV EPPLVEEKSV VIVINRK
GNM10046                        --AILKEAAE TGDERDEDEE EADSEFGGPA IVVELELTRN EVFLIMQLVV EPPLVEEKSV VLVIERK
GNM12931                        --KLARTAAN AVDEEEEEEE EEEQNFGGIV IVVKLELEKD ELVLLLMIKV PPPLLSNKHI VVVLGRT
GNM12938                        --KLRKTAAE NVSQENEDEE EETHEYGGDA IVVSLVLEKN ELVLLFNIKI KPPLISGETI VVVLGRL
GNM12996                        --NLKSTAAE GVSNEQQDEE EEDHEFGGDA IVVYLVLDKN TLVLLFNINI NPPLVSNDTV VVILGRV
GNM13018                        --SLKSTAAE GVSNEQQDEE EEDHEFGGDA IVVYLVLDKN TLVLLFNINI NPPLVSNDTV VVILGRV
GNM13027                        --KLKGVAAE GVSNENQDEE EEDHEYGGDA IVVYLVLEKN ELILLFNIKI TPPLVSSETV VVIVGRI
GNM13046                        --SLVQKFAN NLGKDDEDEE EEDEEFGGTM LVIALMLTKD KLVLLLRIHV SPPLISSKSV VLMVGRA
GNM13053                        --SLKKKAAE GVDDEEVDDD EESQEFGGAL VVVVLITNKK ELVLLFKVIS APPSRSSSSI VLVMLRA
GNM13074                        --KIAKEAAD SGSKKDEDEE EADSEFGGPA IVVELELTKD EVFLVMRIVV EPPLVEKNSV VIVIDRA
GNM10010                        --ELVKEAAE TADEKDEDEE ELDSEFGGPA IVVELELTKN AVFLVMRLVV QPPLVEQKSV VMVVNRA
GNM10014                        --AIVKEAAD TGDERDEDEE EADSDFGGPA IVVELELTKN EVFLVMRLVV EPPLVEQKSV VLVINRI
GNM13090                        --AIVKEAAD TGDERDEDEE EADSDFGGPA IVVELELTKN EVFLVMRLVV EPPLVEQKSV VLVINRL
GNM13118                        --ALAATAAT NVDEEEQEED EEEQEFGGAV IVVYLLLDRK KAILLLQIEV EPPPLSSKTT VVVLGRI
GNM13126                        --RINKKYGN NVDSQDEDES VEKEDFGGTI IVIEIEIKKD DLILVLSVKI RDPITGSQSA TVVLGLS
GNM13128                        --ELKKKYGK NVDVEDKDEN KESEDFGGSI IVLEMEISKD SLLLILSVKV RDPTSGMESV TVVFGLV
GNM13208                        --QLRVDAGE YLSAESKDEE EEANDFYGAI IIVKLELDRN QALIVLRITI EPPLIGSESV LVFYGRI
GNM13210                        --QLSETAAN AVDEEEPEEE EENQEFGGVV IIIKLELEKP AALLLLTIKI PPPLVSSRYT VVVVGRL
GNM12773                        --KLCEIAAN MVDEEDDDTQ EEDQMFGGIV IVVKLLLEKN KIILFFQIKI IPPFTSRKRD TIVYTRQ
GNM12769                        --KLNEEVAK SADNPDNEEQ EEDESFGGVI VVVKLIVSKD RILLVFAIVI EPPLSSSQSA VIVIDRS
GNM12768                        --KLAVTAAT MADEPEKDEE EENQIYGGVI IVLKVQLEKG EILLVYKVVV QPPVTGSARI VVVIGRI



    1    1    1    1    1    1    1    1    1    1    1    1    1    1    1
    1    1    1    1    1    1    1    1    1    1    1    1    1    1    1
    1    1    1    1    1    1    1    1    1    1    1    1    1    1    1
    1    1    1    1    1    1    1    1    1    1    1    1    1    1    1
    1    1    1    1    1    1    1

AAML (in paml version 4.9h, March 2018)  tmp0061.txt
Model: Empirical,  (../wag.dat) dGamma (ncatG=4) ns = 137  ls =  67


Frequencies..
                                    A      R      N      D      C      Q      E      G      H      I      L      K      M      F      P      S      T      W      Y      V
GNM13746                       0.09836 0.01639 0.03279 0.04918 0.00000 0.00000 0.16393 0.03279 0.00000 0.14754 0.11475 0.06557 0.00000 0.01639 0.06557 0.06557 0.01639 0.00000 0.04918 0.06557
GNM13538                       0.06154 0.06154 0.01538 0.06154 0.00000 0.03077 0.13846 0.07692 0.00000 0.09231 0.13846 0.04615 0.00000 0.03077 0.06154 0.09231 0.00000 0.00000 0.00000 0.09231
GNM13671                       0.00000 0.03077 0.06154 0.04615 0.00000 0.00000 0.15385 0.06154 0.00000 0.09231 0.15385 0.06154 0.03077 0.04615 0.04615 0.06154 0.00000 0.00000 0.01538 0.13846
GNM13876                       0.06154 0.04615 0.00000 0.10769 0.00000 0.03077 0.12308 0.06154 0.00000 0.03077 0.15385 0.04615 0.01538 0.01538 0.03077 0.06154 0.04615 0.00000 0.03077 0.13846
GNM13680                       0.09231 0.04615 0.06154 0.06154 0.00000 0.00000 0.13846 0.06154 0.00000 0.12308 0.07692 0.06154 0.03077 0.01538 0.03077 0.10769 0.00000 0.00000 0.00000 0.09231
GNM14837                       0.04615 0.03077 0.01538 0.12308 0.00000 0.00000 0.12308 0.06154 0.00000 0.07692 0.18462 0.06154 0.03077 0.04615 0.03077 0.10769 0.03077 0.00000 0.00000 0.03077
GNM14249                       0.06154 0.01538 0.06154 0.06154 0.00000 0.00000 0.16923 0.06154 0.00000 0.03077 0.18462 0.07692 0.01538 0.06154 0.03077 0.04615 0.06154 0.00000 0.00000 0.06154
GNM13928                       0.06154 0.03077 0.04615 0.07692 0.01538 0.00000 0.13846 0.06154 0.00000 0.06154 0.15385 0.06154 0.03077 0.04615 0.03077 0.04615 0.07692 0.00000 0.00000 0.06154
GNM13297                       0.06154 0.06154 0.01538 0.06154 0.00000 0.03077 0.13846 0.07692 0.00000 0.09231 0.13846 0.04615 0.00000 0.03077 0.06154 0.09231 0.00000 0.00000 0.00000 0.09231
GNM14865                       0.12308 0.01538 0.03077 0.12308 0.00000 0.00000 0.15385 0.06154 0.00000 0.03077 0.10769 0.03077 0.01538 0.03077 0.04615 0.07692 0.00000 0.00000 0.00000 0.15385
GNM13455                       0.04615 0.01538 0.01538 0.09231 0.00000 0.00000 0.13846 0.06154 0.00000 0.03077 0.18462 0.07692 0.03077 0.04615 0.03077 0.09231 0.04615 0.00000 0.00000 0.09231
GNM14938                       0.01538 0.09231 0.01538 0.03077 0.00000 0.01538 0.21538 0.10769 0.00000 0.06154 0.10769 0.01538 0.03077 0.01538 0.03077 0.06154 0.03077 0.00000 0.01538 0.13846
GNM14483                       0.09231 0.04615 0.00000 0.03077 0.00000 0.04615 0.12308 0.07692 0.01538 0.07692 0.10769 0.03077 0.01538 0.01538 0.06154 0.07692 0.06154 0.00000 0.01538 0.10769
GNM14872                       0.10769 0.04615 0.04615 0.10769 0.00000 0.01538 0.09231 0.10769 0.00000 0.13846 0.07692 0.04615 0.01538 0.01538 0.03077 0.04615 0.00000 0.00000 0.00000 0.10769
GNM13855                       0.10769 0.03077 0.04615 0.10769 0.00000 0.01538 0.10769 0.06154 0.00000 0.10769 0.12308 0.10769 0.01538 0.01538 0.03077 0.04615 0.01538 0.00000 0.00000 0.06154
GNM14445                       0.04615 0.03077 0.06154 0.06154 0.00000 0.03077 0.12308 0.04615 0.00000 0.13846 0.09231 0.07692 0.01538 0.03077 0.04615 0.10769 0.01538 0.00000 0.00000 0.07692
GNM14404                       0.06154 0.07692 0.03077 0.04615 0.00000 0.00000 0.18462 0.04615 0.00000 0.13846 0.07692 0.01538 0.03077 0.03077 0.03077 0.07692 0.04615 0.00000 0.00000 0.10769
GNM14366                       0.06154 0.03077 0.06154 0.09231 0.00000 0.00000 0.09231 0.06154 0.00000 0.04615 0.16923 0.06154 0.04615 0.03077 0.03077 0.06154 0.03077 0.00000 0.03077 0.09231
GNM14252                       0.06154 0.01538 0.06154 0.06154 0.00000 0.01538 0.13846 0.06154 0.00000 0.04615 0.18462 0.07692 0.01538 0.06154 0.03077 0.04615 0.06154 0.00000 0.00000 0.06154
GNM13760                       0.04615 0.03077 0.01538 0.09231 0.00000 0.00000 0.16923 0.07692 0.00000 0.06154 0.18462 0.04615 0.01538 0.04615 0.03077 0.07692 0.04615 0.00000 0.00000 0.06154
GNM13982                       0.03077 0.01538 0.01538 0.04615 0.00000 0.00000 0.18462 0.06154 0.00000 0.06154 0.16923 0.06154 0.01538 0.04615 0.03077 0.12308 0.03077 0.00000 0.00000 0.10769
GNM13960                       0.04615 0.03077 0.04615 0.07692 0.00000 0.01538 0.10769 0.07692 0.01538 0.07692 0.16923 0.06154 0.01538 0.04615 0.03077 0.06154 0.04615 0.00000 0.00000 0.07692
GNM14633                       0.04082 0.00000 0.00000 0.06122 0.00000 0.00000 0.20408 0.06122 0.00000 0.10204 0.18367 0.06122 0.02041 0.04082 0.04082 0.08163 0.04082 0.00000 0.00000 0.06122
GNM14853                       0.03077 0.01538 0.01538 0.03077 0.00000 0.00000 0.21538 0.06154 0.00000 0.07692 0.15385 0.06154 0.03077 0.04615 0.03077 0.10769 0.03077 0.00000 0.00000 0.09231
GNM14055                       0.03175 0.03175 0.06349 0.11111 0.00000 0.00000 0.09524 0.07937 0.01587 0.06349 0.17460 0.03175 0.01587 0.01587 0.03175 0.07937 0.06349 0.00000 0.03175 0.06349
GNM14748                       0.06154 0.03077 0.00000 0.07692 0.01538 0.00000 0.15385 0.06154 0.00000 0.04615 0.15385 0.06154 0.03077 0.03077 0.03077 0.07692 0.06154 0.00000 0.00000 0.10769
GNM14246                       0.03077 0.03077 0.04615 0.06154 0.00000 0.00000 0.10769 0.04615 0.01538 0.12308 0.10769 0.09231 0.04615 0.03077 0.03077 0.10769 0.01538 0.01538 0.00000 0.09231
GNM14965                       0.09231 0.06154 0.03077 0.09231 0.00000 0.03077 0.13846 0.06154 0.00000 0.13846 0.10769 0.04615 0.00000 0.01538 0.03077 0.03077 0.03077 0.00000 0.00000 0.09231
GNM13677                       0.06154 0.04615 0.00000 0.10769 0.00000 0.03077 0.12308 0.06154 0.00000 0.03077 0.15385 0.04615 0.01538 0.01538 0.03077 0.06154 0.04615 0.00000 0.03077 0.13846
GNM14339                       0.07692 0.04615 0.03077 0.04615 0.00000 0.01538 0.16923 0.07692 0.00000 0.04615 0.15385 0.03077 0.04615 0.03077 0.03077 0.10769 0.00000 0.00000 0.01538 0.07692
GNM14593                       0.03077 0.03077 0.01538 0.06154 0.00000 0.00000 0.18462 0.04615 0.00000 0.07692 0.12308 0.06154 0.03077 0.06154 0.04615 0.09231 0.01538 0.00000 0.03077 0.09231
GNM13825                       0.06154 0.09231 0.00000 0.06154 0.00000 0.01538 0.18462 0.07692 0.00000 0.03077 0.12308 0.00000 0.04615 0.01538 0.03077 0.06154 0.04615 0.00000 0.01538 0.13846
GNM14768                       0.07692 0.06154 0.01538 0.06154 0.00000 0.04615 0.13846 0.06154 0.00000 0.10769 0.12308 0.04615 0.03077 0.01538 0.06154 0.04615 0.01538 0.00000 0.00000 0.09231
GNM14776                       0.06154 0.06154 0.01538 0.07692 0.00000 0.04615 0.12308 0.06154 0.00000 0.10769 0.12308 0.04615 0.03077 0.01538 0.06154 0.04615 0.01538 0.00000 0.00000 0.10769
GNM14715                       0.06154 0.04615 0.01538 0.04615 0.01538 0.03077 0.10769 0.06154 0.03077 0.06154 0.12308 0.04615 0.00000 0.01538 0.07692 0.07692 0.04615 0.00000 0.01538 0.12308
GNM14639                       0.04688 0.01563 0.03125 0.09375 0.00000 0.01563 0.10937 0.01563 0.00000 0.15625 0.06250 0.10937 0.01563 0.06250 0.03125 0.09375 0.04688 0.00000 0.03125 0.06250
GNM13795                       0.06154 0.03077 0.00000 0.07692 0.01538 0.00000 0.15385 0.06154 0.00000 0.04615 0.15385 0.06154 0.03077 0.03077 0.03077 0.07692 0.06154 0.00000 0.00000 0.10769
GNM14166                       0.06154 0.04615 0.01538 0.07692 0.00000 0.03077 0.10769 0.10769 0.00000 0.07692 0.16923 0.06154 0.00000 0.03077 0.03077 0.06154 0.03077 0.00000 0.03077 0.06154
GNM14450                       0.06154 0.04615 0.10769 0.09231 0.00000 0.00000 0.12308 0.04615 0.00000 0.13846 0.12308 0.04615 0.01538 0.01538 0.03077 0.06154 0.01538 0.00000 0.00000 0.07692
GNM13745                       0.09231 0.01538 0.03077 0.07692 0.00000 0.04615 0.09231 0.06154 0.01538 0.12308 0.10769 0.09231 0.00000 0.04615 0.04615 0.06154 0.04615 0.00000 0.00000 0.04615
GNM14959                       0.03030 0.03030 0.04545 0.04545 0.00000 0.00000 0.19697 0.07576 0.01515 0.10606 0.09091 0.07576 0.00000 0.03030 0.01515 0.07576 0.03030 0.00000 0.06061 0.07576
GNM13413                       0.04615 0.04615 0.03077 0.03077 0.00000 0.04615 0.20000 0.04615 0.00000 0.04615 0.15385 0.03077 0.00000 0.01538 0.04615 0.06154 0.03077 0.00000 0.01538 0.15385
GNM14971                       0.04615 0.01538 0.04615 0.07692 0.00000 0.01538 0.12308 0.07692 0.01538 0.07692 0.16923 0.06154 0.01538 0.04615 0.03077 0.06154 0.04615 0.00000 0.00000 0.07692
GNM14990                       0.04615 0.01538 0.04615 0.07692 0.00000 0.01538 0.10769 0.07692 0.01538 0.07692 0.16923 0.07692 0.01538 0.04615 0.03077 0.06154 0.04615 0.00000 0.00000 0.07692
GNM15005                       0.04615 0.01538 0.04615 0.07692 0.00000 0.01538 0.10769 0.07692 0.01538 0.07692 0.16923 0.07692 0.01538 0.04615 0.03077 0.06154 0.04615 0.00000 0.00000 0.07692
GNM15014                       0.06154 0.01538 0.06154 0.07692 0.00000 0.01538 0.12308 0.06154 0.00000 0.07692 0.16923 0.07692 0.01538 0.04615 0.03077 0.06154 0.03077 0.00000 0.00000 0.07692
GNM15017                       0.06154 0.03077 0.03077 0.07692 0.00000 0.00000 0.09231 0.07692 0.00000 0.12308 0.20000 0.06154 0.01538 0.01538 0.03077 0.07692 0.03077 0.00000 0.03077 0.04615
GNM15024                       0.06154 0.01538 0.04615 0.06154 0.00000 0.00000 0.16923 0.07692 0.00000 0.03077 0.18462 0.07692 0.01538 0.06154 0.03077 0.04615 0.04615 0.00000 0.00000 0.07692
GNM15000                       0.06154 0.01538 0.04615 0.06154 0.00000 0.00000 0.16923 0.07692 0.00000 0.03077 0.18462 0.07692 0.01538 0.06154 0.03077 0.04615 0.04615 0.00000 0.00000 0.07692
GNM15001                       0.06154 0.01538 0.04615 0.06154 0.00000 0.00000 0.16923 0.07692 0.00000 0.03077 0.18462 0.07692 0.01538 0.06154 0.03077 0.04615 0.04615 0.00000 0.00000 0.07692
GNM11003                       0.07692 0.01538 0.03077 0.06154 0.00000 0.01538 0.16923 0.06154 0.01538 0.06154 0.12308 0.06154 0.00000 0.03077 0.03077 0.06154 0.04615 0.00000 0.00000 0.13846
GNM11023                       0.06154 0.03077 0.03077 0.06154 0.00000 0.03077 0.16923 0.04615 0.00000 0.06154 0.09231 0.09231 0.00000 0.01538 0.04615 0.04615 0.03077 0.00000 0.01538 0.16923
GNM11055                       0.03077 0.03077 0.03077 0.09231 0.00000 0.03077 0.15385 0.06154 0.00000 0.13846 0.06154 0.07692 0.07692 0.01538 0.04615 0.03077 0.00000 0.00000 0.01538 0.10769
GNM11146                       0.01538 0.04615 0.01538 0.07692 0.00000 0.03077 0.16923 0.07692 0.00000 0.13846 0.07692 0.07692 0.00000 0.03077 0.01538 0.04615 0.03077 0.00000 0.09231 0.06154
GNM11220                       0.12308 0.12308 0.01538 0.06154 0.00000 0.01538 0.15385 0.07692 0.00000 0.06154 0.10769 0.01538 0.00000 0.04615 0.03077 0.01538 0.01538 0.00000 0.00000 0.13846
GNM11222                       0.12308 0.03077 0.00000 0.04615 0.00000 0.01538 0.18462 0.06154 0.00000 0.01538 0.15385 0.10769 0.01538 0.01538 0.03077 0.01538 0.04615 0.00000 0.00000 0.13846
GNM11224                       0.04615 0.01538 0.01538 0.07692 0.00000 0.03077 0.13846 0.04615 0.00000 0.10769 0.10769 0.10769 0.00000 0.04615 0.03077 0.10769 0.04615 0.00000 0.00000 0.07692
GNM11225                       0.07692 0.07692 0.01538 0.09231 0.00000 0.01538 0.12308 0.07692 0.00000 0.13846 0.13846 0.06154 0.00000 0.03077 0.03077 0.04615 0.01538 0.00000 0.00000 0.06154
GNM11358                       0.10769 0.03077 0.06154 0.06154 0.00000 0.01538 0.13846 0.06154 0.00000 0.10769 0.10769 0.07692 0.01538 0.01538 0.03077 0.07692 0.01538 0.00000 0.00000 0.07692
GNM11360                       0.05556 0.01852 0.01852 0.11111 0.00000 0.00000 0.16667 0.05556 0.00000 0.01852 0.14815 0.07407 0.03704 0.05556 0.01852 0.11111 0.01852 0.00000 0.00000 0.09259
GNM11362                       0.07692 0.04615 0.03077 0.10769 0.00000 0.00000 0.10769 0.07692 0.00000 0.10769 0.09231 0.06154 0.04615 0.01538 0.03077 0.06154 0.03077 0.00000 0.00000 0.10769
GNM11367                       0.03077 0.01538 0.01538 0.04615 0.00000 0.00000 0.18462 0.06154 0.00000 0.06154 0.16923 0.06154 0.01538 0.04615 0.03077 0.12308 0.03077 0.00000 0.00000 0.10769
GNM11377                       0.10769 0.04615 0.04615 0.09231 0.00000 0.01538 0.10769 0.09231 0.00000 0.13846 0.07692 0.06154 0.01538 0.01538 0.03077 0.04615 0.00000 0.00000 0.00000 0.10769
GNM11380                       0.04615 0.04615 0.01538 0.10769 0.00000 0.00000 0.09231 0.09231 0.00000 0.07692 0.16923 0.06154 0.00000 0.04615 0.03077 0.09231 0.06154 0.00000 0.01538 0.04615
GNM11383                       0.04615 0.03077 0.04615 0.06154 0.00000 0.01538 0.15385 0.07692 0.00000 0.06154 0.18462 0.04615 0.03077 0.06154 0.03077 0.04615 0.04615 0.00000 0.00000 0.06154
GNM11491                       0.06154 0.03077 0.01538 0.06154 0.00000 0.00000 0.13846 0.10769 0.01538 0.03077 0.15385 0.07692 0.04615 0.03077 0.03077 0.04615 0.03077 0.00000 0.01538 0.10769
GNM11804                       0.04615 0.01538 0.01538 0.06154 0.00000 0.03077 0.18462 0.04615 0.00000 0.06154 0.09231 0.12308 0.03077 0.01538 0.04615 0.06154 0.00000 0.00000 0.01538 0.15385
GNM11805                       0.06250 0.04688 0.04688 0.09375 0.00000 0.03125 0.09375 0.04688 0.00000 0.07812 0.10937 0.03125 0.01563 0.01563 0.03125 0.10937 0.04688 0.00000 0.00000 0.14062
GNM12883                       0.09231 0.04615 0.01538 0.07692 0.00000 0.01538 0.13846 0.06154 0.00000 0.12308 0.09231 0.07692 0.03077 0.01538 0.03077 0.07692 0.03077 0.00000 0.00000 0.07692
GNM12892                       0.09231 0.07692 0.03077 0.09231 0.00000 0.03077 0.13846 0.06154 0.00000 0.13846 0.10769 0.03077 0.00000 0.01538 0.03077 0.03077 0.03077 0.00000 0.00000 0.09231
GNM12895                       0.06154 0.04615 0.10769 0.09231 0.00000 0.00000 0.12308 0.04615 0.00000 0.13846 0.12308 0.04615 0.01538 0.01538 0.03077 0.06154 0.01538 0.00000 0.00000 0.07692
GNM13060                       0.08197 0.01639 0.04918 0.04918 0.00000 0.01639 0.14754 0.03279 0.00000 0.18033 0.09836 0.04918 0.00000 0.01639 0.06557 0.08197 0.01639 0.00000 0.04918 0.04918
GNM13061                       0.03279 0.01639 0.06557 0.04918 0.00000 0.04918 0.16393 0.04918 0.00000 0.18033 0.09836 0.04918 0.00000 0.01639 0.06557 0.04918 0.01639 0.00000 0.01639 0.08197
GNM13062                       0.06154 0.04615 0.00000 0.04615 0.00000 0.01538 0.13846 0.09231 0.00000 0.10769 0.07692 0.04615 0.03077 0.01538 0.06154 0.09231 0.03077 0.00000 0.03077 0.10769
GNM13064                       0.06154 0.01538 0.06154 0.03077 0.01538 0.01538 0.13846 0.06154 0.00000 0.09231 0.10769 0.03077 0.00000 0.04615 0.07692 0.07692 0.06154 0.00000 0.00000 0.10769
GNM11363                       0.07692 0.04615 0.03077 0.10769 0.00000 0.00000 0.10769 0.07692 0.00000 0.10769 0.09231 0.06154 0.04615 0.01538 0.03077 0.06154 0.03077 0.00000 0.00000 0.10769
GNM11375                       0.04615 0.03077 0.01538 0.09231 0.00000 0.01538 0.15385 0.06154 0.00000 0.07692 0.18462 0.04615 0.01538 0.04615 0.03077 0.09231 0.04615 0.00000 0.00000 0.04615
GNM11381                       0.06154 0.03077 0.06154 0.07692 0.00000 0.00000 0.10769 0.06154 0.00000 0.06154 0.18462 0.06154 0.03077 0.06154 0.03077 0.06154 0.04615 0.00000 0.00000 0.06154
GNM11382                       0.06154 0.03077 0.03077 0.10769 0.00000 0.01538 0.07692 0.06154 0.00000 0.09231 0.16923 0.06154 0.01538 0.03077 0.03077 0.06154 0.04615 0.00000 0.03077 0.07692
GNM11841                       0.10769 0.03077 0.01538 0.12308 0.00000 0.01538 0.15385 0.06154 0.00000 0.03077 0.09231 0.03077 0.01538 0.03077 0.04615 0.06154 0.03077 0.00000 0.00000 0.15385
GNM11931                       0.12308 0.01538 0.00000 0.15385 0.00000 0.00000 0.13846 0.07692 0.00000 0.01538 0.10769 0.01538 0.01538 0.03077 0.04615 0.09231 0.01538 0.00000 0.00000 0.15385
GNM12040                       0.10769 0.03077 0.01538 0.13846 0.00000 0.03077 0.12308 0.07692 0.00000 0.03077 0.09231 0.03077 0.01538 0.03077 0.04615 0.06154 0.01538 0.00000 0.00000 0.15385
GNM12071                       0.12308 0.03077 0.04615 0.13846 0.00000 0.01538 0.12308 0.07692 0.00000 0.03077 0.09231 0.03077 0.01538 0.03077 0.04615 0.04615 0.00000 0.00000 0.00000 0.15385
GNM12125                       0.04615 0.01538 0.03077 0.01538 0.00000 0.01538 0.20000 0.04615 0.01538 0.07692 0.12308 0.06154 0.00000 0.01538 0.04615 0.09231 0.03077 0.00000 0.01538 0.15385
GNM12126                       0.03077 0.03077 0.04615 0.01538 0.00000 0.00000 0.21538 0.06154 0.01538 0.03077 0.12308 0.07692 0.01538 0.01538 0.03077 0.04615 0.03077 0.00000 0.01538 0.20000
GNM12128                       0.04615 0.07692 0.03077 0.07692 0.00000 0.01538 0.18462 0.01538 0.00000 0.13846 0.04615 0.06154 0.01538 0.01538 0.01538 0.03077 0.01538 0.00000 0.04615 0.16923
GNM12182                       0.07692 0.01538 0.01538 0.04615 0.00000 0.00000 0.16923 0.07692 0.01538 0.04615 0.12308 0.07692 0.01538 0.03077 0.03077 0.06154 0.06154 0.00000 0.00000 0.13846
GNM12342                       0.07692 0.01538 0.03077 0.01538 0.00000 0.00000 0.23077 0.03077 0.00000 0.09231 0.10769 0.10769 0.01538 0.01538 0.06154 0.04615 0.03077 0.00000 0.01538 0.10769
GNM12346                       0.13846 0.04615 0.03077 0.09231 0.00000 0.00000 0.10769 0.06154 0.00000 0.04615 0.06154 0.06154 0.03077 0.01538 0.06154 0.07692 0.01538 0.01538 0.00000 0.13846
GNM12351                       0.12308 0.03077 0.00000 0.07692 0.00000 0.01538 0.13846 0.09231 0.00000 0.03077 0.12308 0.04615 0.03077 0.03077 0.06154 0.01538 0.04615 0.00000 0.00000 0.13846
GNM12356                       0.07692 0.00000 0.03077 0.04615 0.00000 0.00000 0.20000 0.03077 0.00000 0.01538 0.10769 0.09231 0.03077 0.01538 0.06154 0.07692 0.01538 0.00000 0.01538 0.18462
GNM12357                       0.09231 0.00000 0.03077 0.01538 0.00000 0.00000 0.23077 0.03077 0.00000 0.03077 0.12308 0.09231 0.03077 0.01538 0.06154 0.04615 0.04615 0.00000 0.01538 0.13846
GNM12366                       0.09231 0.00000 0.03077 0.04615 0.00000 0.01538 0.20000 0.03077 0.00000 0.06154 0.12308 0.07692 0.03077 0.01538 0.06154 0.07692 0.03077 0.00000 0.01538 0.09231
GNM12373                       0.04615 0.04615 0.01538 0.10769 0.00000 0.03077 0.12308 0.07692 0.00000 0.13846 0.09231 0.06154 0.01538 0.03077 0.06154 0.06154 0.01538 0.00000 0.00000 0.07692
GNM12385                       0.18462 0.03077 0.00000 0.04615 0.00000 0.01538 0.13846 0.06154 0.00000 0.09231 0.07692 0.06154 0.01538 0.01538 0.06154 0.04615 0.01538 0.00000 0.00000 0.13846
GNM12551                       0.12308 0.03077 0.01538 0.10769 0.00000 0.01538 0.16923 0.03077 0.00000 0.04615 0.12308 0.07692 0.00000 0.01538 0.04615 0.04615 0.00000 0.00000 0.01538 0.13846
GNM12554                       0.12308 0.03077 0.03077 0.07692 0.00000 0.00000 0.10769 0.09231 0.00000 0.07692 0.15385 0.09231 0.01538 0.01538 0.06154 0.01538 0.01538 0.00000 0.00000 0.09231
GNM12592                       0.10606 0.03030 0.00000 0.06061 0.00000 0.00000 0.16667 0.07576 0.00000 0.06061 0.06061 0.10606 0.03030 0.03030 0.03030 0.09091 0.01515 0.00000 0.00000 0.13636
GNM12596                       0.15385 0.01538 0.03077 0.03077 0.00000 0.01538 0.18462 0.04615 0.00000 0.09231 0.07692 0.10769 0.01538 0.03077 0.04615 0.03077 0.01538 0.00000 0.01538 0.09231
GNM12602                       0.10769 0.01538 0.03077 0.06154 0.00000 0.01538 0.15385 0.07692 0.00000 0.07692 0.06154 0.10769 0.01538 0.03077 0.04615 0.03077 0.01538 0.00000 0.01538 0.13846
GNM12665                       0.12308 0.01538 0.06154 0.04615 0.00000 0.01538 0.15385 0.06154 0.00000 0.04615 0.10769 0.09231 0.01538 0.03077 0.04615 0.03077 0.01538 0.00000 0.01538 0.12308
GNM12745                       0.12308 0.03077 0.01538 0.07692 0.00000 0.01538 0.16923 0.06154 0.00000 0.10769 0.10769 0.04615 0.01538 0.01538 0.06154 0.03077 0.04615 0.00000 0.00000 0.07692
GNM12749                       0.10769 0.03077 0.03077 0.03077 0.00000 0.00000 0.16923 0.06154 0.00000 0.13846 0.06154 0.04615 0.01538 0.03077 0.06154 0.03077 0.07692 0.00000 0.00000 0.10769
GNM12758                       0.10769 0.04615 0.01538 0.06154 0.00000 0.01538 0.16923 0.07692 0.00000 0.09231 0.07692 0.04615 0.01538 0.01538 0.04615 0.06154 0.03077 0.00000 0.00000 0.12308
GNM12763                       0.06154 0.04615 0.07692 0.10769 0.00000 0.01538 0.07692 0.03077 0.00000 0.07692 0.12308 0.10769 0.00000 0.01538 0.04615 0.03077 0.07692 0.00000 0.00000 0.10769
GNM12766                       0.06154 0.01538 0.04615 0.00000 0.00000 0.00000 0.24615 0.03077 0.00000 0.04615 0.10769 0.10769 0.01538 0.01538 0.06154 0.04615 0.03077 0.00000 0.01538 0.15385
GNM12841                       0.09231 0.03077 0.01538 0.15385 0.00000 0.03077 0.12308 0.07692 0.00000 0.01538 0.09231 0.03077 0.03077 0.03077 0.04615 0.06154 0.01538 0.00000 0.00000 0.15385
GNM12849                       0.03077 0.01538 0.01538 0.10769 0.00000 0.00000 0.12308 0.07692 0.00000 0.03077 0.18462 0.07692 0.03077 0.04615 0.03077 0.09231 0.03077 0.00000 0.00000 0.10769
GNM12869                       0.06154 0.01538 0.04615 0.07692 0.00000 0.00000 0.15385 0.06154 0.00000 0.03077 0.18462 0.07692 0.01538 0.06154 0.03077 0.04615 0.07692 0.00000 0.00000 0.06154
GNM12896                       0.04615 0.04615 0.03077 0.07692 0.00000 0.00000 0.10769 0.09231 0.00000 0.09231 0.15385 0.06154 0.00000 0.04615 0.03077 0.07692 0.04615 0.00000 0.01538 0.07692
GNM12897                       0.04615 0.04615 0.03077 0.07692 0.00000 0.01538 0.10769 0.12308 0.00000 0.04615 0.16923 0.04615 0.00000 0.03077 0.03077 0.07692 0.04615 0.00000 0.03077 0.07692
GNM12902                       0.03077 0.06154 0.01538 0.10769 0.00000 0.01538 0.13846 0.07692 0.00000 0.07692 0.13846 0.06154 0.00000 0.03077 0.03077 0.07692 0.01538 0.00000 0.00000 0.12308
GNM12903                       0.04615 0.04615 0.04615 0.06154 0.00000 0.00000 0.18462 0.07692 0.00000 0.07692 0.12308 0.06154 0.00000 0.03077 0.01538 0.06154 0.00000 0.00000 0.06154 0.10769
GNM12906                       0.03077 0.04615 0.03077 0.06154 0.00000 0.00000 0.18462 0.07692 0.00000 0.07692 0.12308 0.06154 0.00000 0.03077 0.01538 0.06154 0.01538 0.00000 0.06154 0.12308
GNM12907                       0.04615 0.06154 0.01538 0.04615 0.00000 0.00000 0.21538 0.07692 0.00000 0.06154 0.10769 0.04615 0.00000 0.04615 0.01538 0.06154 0.00000 0.00000 0.04615 0.15385
GNM12909                       0.04615 0.04615 0.03077 0.06154 0.00000 0.00000 0.18462 0.06154 0.00000 0.03077 0.12308 0.06154 0.00000 0.03077 0.01538 0.07692 0.00000 0.00000 0.06154 0.16923
GNM12915                       0.07692 0.01538 0.03077 0.06154 0.00000 0.00000 0.21538 0.04615 0.00000 0.06154 0.07692 0.09231 0.01538 0.03077 0.04615 0.04615 0.01538 0.00000 0.00000 0.16923
GNM10046                       0.07692 0.04615 0.01538 0.06154 0.00000 0.01538 0.23077 0.04615 0.00000 0.06154 0.10769 0.04615 0.01538 0.03077 0.04615 0.03077 0.03077 0.00000 0.00000 0.13846
GNM12931                       0.06154 0.03077 0.04615 0.03077 0.00000 0.01538 0.20000 0.04615 0.01538 0.06154 0.15385 0.07692 0.01538 0.01538 0.04615 0.01538 0.03077 0.00000 0.00000 0.13846
GNM12938                       0.04615 0.03077 0.06154 0.03077 0.00000 0.01538 0.16923 0.06154 0.01538 0.07692 0.13846 0.07692 0.00000 0.01538 0.03077 0.04615 0.04615 0.00000 0.01538 0.12308
GNM12996                       0.04615 0.01538 0.10769 0.07692 0.00000 0.03077 0.10769 0.06154 0.01538 0.06154 0.12308 0.03077 0.00000 0.03077 0.03077 0.04615 0.04615 0.00000 0.01538 0.15385
GNM13018                       0.04615 0.01538 0.09231 0.07692 0.00000 0.03077 0.10769 0.06154 0.01538 0.06154 0.12308 0.03077 0.00000 0.03077 0.03077 0.06154 0.04615 0.00000 0.01538 0.15385
GNM13027                       0.04615 0.01538 0.06154 0.04615 0.00000 0.01538 0.15385 0.07692 0.01538 0.09231 0.10769 0.06154 0.00000 0.01538 0.03077 0.04615 0.03077 0.00000 0.03077 0.15385
GNM13046                       0.04615 0.03077 0.03077 0.07692 0.00000 0.01538 0.10769 0.06154 0.01538 0.04615 0.16923 0.07692 0.04615 0.03077 0.03077 0.07692 0.03077 0.00000 0.00000 0.10769
GNM13053                       0.07692 0.03077 0.01538 0.07692 0.00000 0.01538 0.10769 0.04615 0.00000 0.04615 0.12308 0.09231 0.01538 0.03077 0.03077 0.12308 0.01538 0.00000 0.00000 0.15385
GNM13074                       0.09231 0.03077 0.01538 0.09231 0.00000 0.00000 0.16923 0.04615 0.00000 0.07692 0.06154 0.09231 0.01538 0.03077 0.04615 0.06154 0.01538 0.00000 0.00000 0.15385
GNM10010                       0.09231 0.03077 0.03077 0.06154 0.00000 0.03077 0.18462 0.03077 0.00000 0.01538 0.10769 0.06154 0.03077 0.03077 0.04615 0.03077 0.03077 0.00000 0.00000 0.18462
GNM10014                       0.07692 0.04615 0.03077 0.09231 0.00000 0.01538 0.16923 0.04615 0.00000 0.06154 0.09231 0.04615 0.01538 0.03077 0.04615 0.03077 0.03077 0.00000 0.00000 0.16923
GNM13090                       0.07692 0.04615 0.03077 0.09231 0.00000 0.01538 0.16923 0.04615 0.00000 0.04615 0.10769 0.04615 0.01538 0.03077 0.04615 0.03077 0.03077 0.00000 0.00000 0.16923
GNM13118                       0.10769 0.03077 0.01538 0.04615 0.00000 0.04615 0.16923 0.04615 0.00000 0.06154 0.13846 0.04615 0.00000 0.01538 0.04615 0.03077 0.06154 0.00000 0.01538 0.12308
GNM13126                       0.01538 0.03077 0.04615 0.10769 0.00000 0.03077 0.09231 0.07692 0.00000 0.13846 0.07692 0.09231 0.00000 0.01538 0.01538 0.09231 0.04615 0.00000 0.01538 0.10769
GNM13128                       0.00000 0.01538 0.03077 0.09231 0.00000 0.00000 0.12308 0.07692 0.00000 0.06154 0.10769 0.12308 0.03077 0.03077 0.01538 0.10769 0.03077 0.00000 0.01538 0.13846
GNM13208                       0.07692 0.06154 0.03077 0.06154 0.00000 0.03077 0.13846 0.06154 0.00000 0.12308 0.12308 0.03077 0.00000 0.03077 0.03077 0.06154 0.01538 0.00000 0.04615 0.07692
GNM13210                       0.07692 0.03077 0.03077 0.01538 0.00000 0.03077 0.18462 0.04615 0.00000 0.07692 0.13846 0.04615 0.00000 0.01538 0.07692 0.04615 0.04615 0.00000 0.01538 0.12308
GNM12773                       0.03077 0.04615 0.03077 0.09231 0.01538 0.06154 0.09231 0.03077 0.00000 0.13846 0.07692 0.09231 0.03077 0.06154 0.03077 0.01538 0.06154 0.00000 0.01538 0.07692
GNM12769                       0.06154 0.03077 0.04615 0.07692 0.00000 0.03077 0.12308 0.03077 0.00000 0.10769 0.07692 0.06154 0.00000 0.03077 0.04615 0.12308 0.00000 0.00000 0.00000 0.15385
GNM12768                       0.07692 0.03077 0.01538 0.03077 0.00000 0.04615 0.12308 0.07692 0.00000 0.10769 0.07692 0.07692 0.01538 0.00000 0.04615 0.01538 0.04615 0.00000 0.03077 0.18462

Homogeneity statistic: X2 = 34.25698 G = 31.48073 

Average                        0.06837 0.03396 0.03204 0.07164 0.00068 0.01433 0.14790 0.06329 0.00248 0.07762 0.12421 0.06329 0.01670 0.02978 0.03903 0.06318 0.03125 0.00023 0.01083 0.10921
(Ambiguity characters are used to calculate freqs.)


# constant sites:      1 (1.49%)

TREE #  1:  ((((((((42, 134), 119), (52, 84)), 85), 86), (((121, 122), (87, 51)), (120, 123))), ((((((114, 113), 116), 115), 133), (54, 41)), 130)), ((((((((((((((((((44, 45), 43), 22), 46), 47), 25), ((62, 21), (24, 23))), (((((((49, 48), 50), 109), (19, 7)), (((26, 37), (8, 6)), (77, 20))), ((11, 60), 108)), 66)), 124), (((78, 65), 18), 79)), (((110, 64), 111), 38)), ((((5, 69), (63, 14)), (28, 70)), (15, 59))), (71, 39)), (76, 61)), (((75, 40), (16, 125)), ((35, 74), 13))), ((((1, 72), 73), (9, 2)), 36)), ((((33, 34), (3, 31)), (4, 29)), ((12, 32), 30))), ((((27, 135), (57, 58)), ((136, 56), 137)), (17, 55))), (((((((((((101, 99), 100), 90), 98), 89), (((97, 95), 103), 94)), ((((82, 10), 83), (80, 107)), 81)), (53, 67)), ((132, 131), (68, 112))), ((((((93, 92), 91), 106), 88), ((102, 104), 105)), 96)), ((((127, 128), 129), 126), (117, 118))));   MP score: -1
lnL(ntime:271  np:272):  -8828.676063      +0.000000
 138..139 139..140 140..141 141..142 142..143 143..144 144..145 145..42  145..134 144..119 143..146 146..52  146..84  142..85  141..86  140..147 147..148 148..149 149..121 149..122 148..150 150..87  150..51  147..151 151..120 151..123 139..152 152..153 153..154 154..155 155..156 156..157 157..114 157..113 156..116 155..115 154..133 153..158 158..54  158..41  152..130 138..159 159..160 160..161 161..162 162..163 163..164 164..165 165..166 166..167 167..168 168..169 169..170 170..171 171..172 172..173 173..174 174..175 175..176 176..44  176..45  175..43  174..22  173..46  172..47  171..25  170..177 177..178 178..62  178..21  177..179 179..24  179..23  169..180 180..181 181..182 182..183 183..184 184..185 185..186 186..49  186..48  185..50  184..109 183..187 187..19  187..7   182..188 188..189 189..190 190..26  190..37  189..191 191..8   191..6   188..192 192..77  192..20  181..193 193..194 194..11  194..60  193..108 180..66  168..124 167..195 195..196 196..197 197..78  197..65  196..18  195..79  166..198 198..199 199..200 200..110 200..64  199..111 198..38  165..201 201..202 202..203 203..204 204..5   204..69  203..205 205..63  205..14  202..206 206..28  206..70  201..207 207..15  207..59  164..208 208..71  208..39  163..209 209..76  209..61  162..210 210..211 211..212 212..75  212..40  211..213 213..16  213..125 210..214 214..215 215..35  215..74  214..13  161..216 216..217 217..218 218..219 219..1   219..72  218..73  217..220 220..9   220..2   216..36  160..221 221..222 222..223 223..224 224..33  224..34  223..225 225..3   225..31  222..226 226..4   226..29  221..227 227..228 228..12  228..32  227..30  159..229 229..230 230..231 231..232 232..27  232..135 231..233 233..57  233..58  230..234 234..235 235..136 235..56  234..137 229..236 236..17  236..55  138..237 237..238 238..239 239..240 240..241 241..242 242..243 243..244 244..245 245..246 246..247 247..101 247..99  246..100 245..90  244..98  243..89  242..248 248..249 249..250 250..97  250..95  249..103 248..94  241..251 251..252 252..253 253..254 254..82  254..10  253..83  252..255 255..80  255..107 251..81  240..256 256..53  256..67  239..257 257..258 258..132 258..131 257..259 259..68  259..112 238..260 260..261 261..262 262..263 263..264 264..265 265..93  265..92  264..91  263..106 262..88  261..266 266..267 267..102 267..104 266..105 260..96  237..268 268..269 269..270 270..271 271..127 271..128 270..129 269..126 268..272 272..117 272..118
 0.221265 0.016178 0.047546 0.044429 0.000000 0.170183 0.125177 0.142072 0.185380 0.140373 0.006795 0.303381 0.295463 0.274461 0.712560 0.332230 0.000000 0.124914 0.000000 0.014024 0.068789 0.251936 0.028728 0.057880 0.209149 0.080542 0.059869 0.551180 0.043853 0.161519 0.090857 0.062044 0.056095 0.035161 0.052287 0.000000 0.150738 0.206532 0.173505 0.148345 0.397573 0.000000 0.126024 0.107592 0.000000 0.101213 0.178089 0.000000 0.490918 0.053630 0.032882 0.053151 0.000000 0.026336 0.000000 0.093431 0.038576 0.000000 0.000000 0.000000 0.000000 0.014514 0.014491 0.040392 0.279457 0.214162 0.188211 0.020690 0.000000 0.000000 0.038934 0.013775 0.000000 0.012044 0.028791 0.013507 0.123103 0.000000 0.048310 0.000000 0.000000 0.000000 0.000000 0.042391 0.011848 0.047044 0.027100 0.000000 0.030050 0.149623 0.000000 0.000000 0.011339 0.161413 0.115639 0.030723 0.020728 0.025559 0.089922 0.000000 0.000000 0.000000 0.059881 0.328604 0.064092 0.039349 0.062644 0.062411 0.050498 0.073712 0.096881 0.158549 0.096699 0.040371 0.000000 0.063148 0.016845 0.110588 0.110183 0.132269 0.034698 0.000000 0.109304 0.040788 0.107468 0.211102 0.052810 0.024238 0.273851 0.000000 0.014049 0.240376 0.105776 0.019871 0.210797 0.000000 0.000000 0.481863 0.000000 0.000000 0.270536 0.119121 0.374747 0.742930 0.278171 0.116247 0.322968 0.252057 0.546352 0.000000 0.088895 0.269787 0.221072 0.000000 0.252932 0.443995 0.243349 0.081303 0.000000 0.000000 0.395577 0.000000 0.000000 0.759883 0.221477 0.000000 0.082512 0.620368 0.028852 0.000000 0.171588 0.365141 0.146566 0.521109 0.000000 0.000000 0.194077 0.274051 0.249794 0.054999 0.349192 0.180252 0.000000 0.153384 0.037519 0.406623 0.549798 0.087290 0.304180 0.290133 0.000000 0.000000 0.588367 0.352065 0.676144 0.105089 0.414566 0.356713 0.097960 0.080893 0.000000 0.011834 0.130599 0.000000 0.119267 0.000000 0.132521 0.105680 0.035795 0.097391 0.029811 0.039473 0.294000 0.218965 0.344994 0.300524 0.222262 0.000000 0.453441 0.308275 0.261706 0.456440 0.301052 0.000000 0.091126 0.000000 0.122160 0.145856 0.028277 0.025418 0.191390 0.211799 0.297271 0.414822 0.177460 0.234982 0.394018 0.395699 0.265554 0.263179 0.051861 0.504561 0.197078 0.065594 0.057896 0.316407 0.038206 0.000000 0.224432 0.092951 0.058993 0.178332 0.045428 0.158469 0.123519 0.081278 0.345978 0.152861 0.455458 0.389292 0.388567 0.029498 0.059376 0.000000 0.187966 0.009437 0.006710 0.176100 0.017823 0.021246 0.102280 1.686817
