
Printing out site pattern counts


       140        164  P

GNM13746                        -----AAAAA AAACDDDDDD DDDDDEEEEE EEEEEEEFFF FFFGGGGGGG GGGGGGHHHI IIIIIIIIII IIIIIIIIIK KKKKKKKKKK KKLLLLLLLL LLLLLLLMMM NNPPPPPPQQ QQQQRRRRRR SSSSSSSSTT TTTTVVVVVV VVVVVVVVVW YYYY
GNM13538                        -----AAAAA AVVCDDDDDD EKNNPDEEEE EEEEESTFFF FFFAGGGGGG GGGGQQHHQI IIIIIIILLL LLLTVVVVVG GKKKKKLRRR TVGIIIILLL LLLLLLMFMM ANDPPPPPKQ QQSTKRRRRR ADKRSSSSGS TTTTAAIIKL VVVVVVVVVW EFYY
GNM13671                        -----AAAKM TAFTDDDDDE EDRTPSEEEE EEEKQNEAFF FFFSGGGGGG RSSSHQHHPI IIIIILVIIL LLLVAGIVVG KEKQRRMLRR IEIILVVELL LLLLLTMYMV RKKPPPPPKQ QTRKDGKKRR IDDPDGSSES TTTTAYILKV IIILVVVVVW SYYY
GNM13876                        -----AGVSI CAGTDDDDDE DDTGPDEEEE EKLEKKSFFF FFYSGGGGGG RANSNNHHPI IIIIVLILLL LLVNVVVILG KAKKKRMRRR TLIVLIVEIL LLLMVLMMMM EKAPPPPPKQ QMTRDGRRRR TDKGDGSSET ASTVSYIILV VVVLIVVVVW MYYY
GNM13680                        -----AAAAT AAACDDDDDD DRKTSEEEEE EDEAEESFFF FLFAAGGGGG GGGGQQHHAI IIILIIILLI ILVTAVIIIA HKKKKKMKRR TKTVVVIVLL LLLLMLMFTV KQNPPPPPSQ QATNKRKRRR TDDKSSSSHK MTTTVSILKI VVVAVILVVW YYYY
GNM14837                        -----AAAAT AAACDDDDDD DLEGTEDEEE EKQKDEVFFF FFFGAGGGGG GGGGSQHHAI IIILIIIDLI ILLTAVIIIG TKKKKKMKRR TKLSIIIVLL LLLLLLLFMM KQSPPPPPTQ QSENTRKRRR TDKKSSSSTK MSTTVSVLKI IVVAVVLVVW YYFY
GNM14249                        -----AAAAT AAACDDDDDD DLEGTEDEEE EKQEEEVFFF FFFGAGGGGG GGGGSQHHAI IIILIIIDLI ILLTAVIIIG TKKKKKMKRR TKLSIIIVLL LLLLLLMFMM KQSPPPPPTQ QSQNTRRRRR TDKKSSSSTK MSTTVSVLKI IVVAVVLVVW YYFY
GNM13928                        -----AAAAT AAACDDDDDD DLEGTEDEEE EKQAEEVFFF FFFGAGGGGG GGGGSQHHAI IIILIIIDLI ILLTAVIIIG TKKKKKMKRR TKLSIIIVLL LLLLLLMFMM KQSPPPPPTQ QSENTRKRRR TDKKSSSSTK MSTTVSVLKI IVVAVVLVVW YYFY
GNM13297                        -----AAAAA AVVCDDDDDD EKNNPDEEEE EEEEESTFFF FFFAGGGGGG GGGGQQHHQI IIIIIIILLL LLLTVVVVVG GKKKKKLRRR TVGIIIILLL LLLLLLMFMM ANDPPPPPKQ QQSTKRRRRR ADKRSSSSGS TTTTAAIIKL VVVVVVVVVW EFYY
GNM14865                        -----TGVKV AVAADDDERD EHDGVKEEEI SEDEGDKFFF YLYGSDGGGP NDQGNQHYPI LVVVILIHIR RTAVRVVVLN DQKQEQSKGR VAVVLVVGLI LLLLLMMGSQ PERPPPPPTQ QKDTEEEQKR TNNEDGSSRA RSVTAYILDM VVVATVVKVW DYYL
GNM13455                        -----AAAAT AAACDDDDDD DLEGAEDEEE EKQEDDVFFF FFFGAGGGGG GGGGSQHHAI IIILIIIDLI ILLTAVIIIG TKKKKKMKRR TKLSIIIVLL LLLLLLMFMM KQSPPPPPTQ QSENTRKRRR TDKKSSSSTK MSTTVSVLKI IVVAVVLVVW YYFY
GNM14483                        -----AAAAA AVVCDDDDDD DKEGPEEEEE EKEDEVEFFF FFFAAGGGGG GGGGSQHHPI IVVLIIILLL VLTTVVVIVK SAKKKKLKRR TKTVILLVLL LLLLLKMFTI EQDPPPPPSQ QETSKRRRRR TREHSSSSNT TSTTVSILLI IVVVVVVVVW FYYY
GNM14872                        -----AAAAT AAACDDDDDD DRKTSEEEEE EDEQEESFFF FLFAAGGGGG GGGGQQHHAI IIILIIILLI ILVTAVIVIS NKKKKKMKRR TKTVVVVVLL LLLLMLMFTV KQSPPPPPAQ QATNKRKRRR TDEKSSSSHK MSTTVSILKL VVVAVIIVVW YYYY
GNM13855                        -----AAAAT AAACDDDDDD DKTTSEEEEE KLEEEESFFF FLFASSGGGG GGGGQHHHAI VIILIIILLI ILLTTVIIIE NRKRKKLKRR TRIAIVVVLL LLLLMLMFTL KQSPPPPPTQ QANNKRKKRR TDEKSSSSHK MSTTVSILKV VVVAVIIIVW YYYY
GNM14445                        -----AAAAT AVVCDDDDDD DKSGKDEEEE DKEAETIFFF FFFAAGGGGG GGGGQQHHPI IIVLIIILLI ILLTVVVIVK SDKKKRQKRR RKTEIIIVLL LLLLRLLYTI KQDPPPPSTQ QQKSKRKRRR SDDRSSSSQT TSTTVSILMI VVVVVVLVVW FYYY
GNM14404                        -----AAAKI AVAMDDDDDD ELKGDDDELD EEEQEEEFFF FFFACGGGGG GSPGQQHHII IIIVVFLLLV LIIVAVIVLR MKRKTEAKRR TRFYIIVEIV FILLVLMFAA RKSPPPPPVQ QKRKIRKRRR SDESDHSSEV ITQTVYIISV VAVVVRVIVW HYYY
GNM14366                        -----AAAAT AAACDDDDDD DMEGSEDEEE EKLADEEFFF FFFGAGGGGG GGGGSQHHAI IIILIIIELI ILITAVIIIN TKKKKKMKRR TKLSIIIVLL LLLLLLLFMI KQSPPPPPTQ QSEKTRRRRR TEKKSSSSTQ MSTTVSVLRI IVVAVVIVVW TYYY
GNM14252                        -----AAAAT AAACDDDDDD DLEGTEDEEE EKQEEEVFFF FFFGAGGGGG GGGGSQHHAI IIILIIIDLI ILLTAVIIIG TKKKKKMKRR TKLSIIIVLL LLLLLLLFMM KQSPPPPPTQ QSQNTRRRRR TDKKSSSSTK MSTTVSVLKI IVVAVVLVVW YYFY
GNM13760                        -----AAAAT AAACDDDDDD DLEGTEDEEE EKQVDEVFFF FFFGAGGGGG GGGGSQHHAI IIILIIIDLI ILLTAVIIIG TKKKKKMKRR TKLSIIIVLL LLLLLLLFMM KQSPPPPPTQ QSQNTRRRRR TDKKSSSSTK MSTTVSVLKI IVVAVVLVVW YYFY
GNM13982                        -----AAATT AATCDDDDDD DLQGTEDEEE EKQKESIFFF FFFGAGGGGG GGGGSQHHPI IIILIIIELV ILITAVVIIG SAKKAKMKRR TKMSIIIVLL LLLLLLLFMM KQSPPPPPTQ QSENMRRRRR TDKKSSSSTK MSTTVSVLKI IVVAIVLVVW YYFY
GNM13960                        -----AAAAT AATCDDNDDD DLDDSDDEEE EKYQEAEFFF FFFGAGGGGG GGGGSQHHAI IIILIIIDLV LLLTAIIIIG TKKKAKMKRR TKLSIIIILL LLLLLLVFMV NQSPPPPPTQ QSTNTRRRRR TSDKSSSSTK MSTTVSVLKV LVVAIIIVVW YYFY
GNM14633                        -----AAATT AATCDDDDDD DLNGTEDEEE EKKKESVFFF FFFGAGGGGG GGGGSQHHPI IIILIIIELV ILITAVVIIG TAKKAKMKRR TKMSIIIVLL LLLLLLLFMM KQSPPPPPTQ QSENMRRRRR TDKKSSSSTK MSTTVSVLKI IVVAIVLVVW YYFY
GNM14853                        -----AAATT AATCDDDDDD DLNGTEDEEE EKKKESVFFF FFFGAGGGGG GGGGSQHHPI IIILIIIELV ILITAVVIIG TAKKAKMKRR TKMSIIIVLL LLLLLLLFMM KQSPPPPPTQ QSENMRRRRR TDKKSSSSTK MSTTVSVLKI IVVAIVLVVW YYFY
GNM14138                        -----AAGKV AIVADDDDDD ERSGNDEEDE KNEKDIEFFF FFFAGGGGGG GGGGQQHHPI IIIVILIILL VIMTVIVIVK EEKKRKAKRR TQTVIVVELL LLLLLIMLMV NEEPPPPPKQ QKEKHRKRRR TNKRDGSSTS MTATVYLIKV VIILATVVVW YYFY
GNM14055                        -----AAAAT AATCDDDDND ELDGSEDEEE EKNKDSGFFF FFFGAGGGGG GGGGSQHHAI IIILIIIPLI LLLTAVIIIG TKKNAKMKRR TKLSIIIVLL LLLLLLVFMM KQVPPPPPTQ QSTNTRRRRR TDKKSSSSTK MSTTVSVLKV IVVAVVIVVW YYFY
GNM14748                        -----AAAAT AAACDDDDDD DLEGTEDEEE EKQEEEVFFF FFFGAGGGGG GGGGMQHHAI IIILIIIDLI ILLTAVIIIG TKKKKKMKRR TKLSIIIVLL LLLLLLLFML KQSPPPPPTQ QSENTRKRRR TDKKSSSSTK MSTTVSVLKI IVVAVVLVVW YYFY
GNM14246                        -----AAGKI AVVADDDDDD DKSGPGEEEE ETEKEMEFFF FFFAGGGGGG GSGGQQHHPI IIIVILVILI LIMTVVVVVK EEKKKKAKRR TMTVIVVELL LLLLLIMFMV EEEPPPPPKQ QKIKHRRRRR TEQRDGSSSS MTATAYLLKV VIVLTVVVVW YFYY
GNM14640                        -----AAGKV AIVADDDDDD DKSGPDEEEE MAEKEMEFFF FFFAGGGGGG GGGGQQHHPI IIIVILVILL LIMTVVVVVG EEKKKTAKRR TATVIVVELL LLLLLILHMT DEEPPPPPKQ QKGKHRKRRR TEEHDGSSTS ITATVYIIGV VIVLTTVVVW YYYY
GNM14965                        -----AAAAT AAACDDDDDD DRKKSEEEEE QDEEEESFFF FLFAAGGGGG GGGGQQHHAV IIILIIITLI VLVTTVIIIA NIKRKKMKRR TKIVVVVVLL LLLLMLMFTV KQSPPPPPSQ QETNRRRKRR TDIKSSSSHR MTTTVSILKI VVVAVIIIVW YYYY
GNM13677                        -----AGVSL CAGTDDDDDE DDTGPDEEEE EKLEKKSFFF FFYSGGGGGG RANSNNHHPI IIIIVLILLL LLVNVVVILG KAKKKRMRRR TLIVLIVEIL LLLMVLLMMM EKAPPPPPKQ QMTRDGRRRR TDKGDGSSET ASTVSYIILV VVVLIVVVVW MYYY
GNM14339                        -----AAANL AVATDDDDDE DDKGTQEEEE EEEEEEACFF FFFNGGGGGP RAAGNHHHPI ILVVVFILLV KLMVIAVIIG LRKKKSSHRR LGLVLIVKLL LLLLIIMYLV KQRPPPPEKQ QYKSKGRWRR VGE-DGSSEN LTTTVFIVRV VIVLVVVVVW IFYY
GNM14593                        -----AAAKM AVFTDDDDDE DDKLPEEEEE EEEKEDEAFF FFFSGGGGGG RSSSHQHHPV IIIIILVILL LLLVAGVVIG REKKRKLLRR IEVILVVELL LLLLIVMYMI RKRPPPPHKQ QTRKIGKRRR IDEHDGSSES TTTTTYILTI IVVLIVLVVW SYYY
GNM13825                        -----AAVKV AAATDDDDDD EETGPQDEEE QQEEESECFF FFFAAGGGGP KAMGNQHHPI IVILVLILIL LLIVVVVVLG RAKPRSAARR SGIVLVVKLL LLLLVVMYIE KKRPPPTERQ QFVTRGRLRR ADE-DGSSRS LSTTVFIVQV VVVLVVVVVW IYYY
GNM14768                        -----AAVKL AVFTDDDDDD EDKGPSEEEE KKERDEEAFF FFFAGGGGGG RTSGHQHHPV IIVIILVLLL LLMVVGVVVG REKKRKMARR TEVVLVVELL LVLLIIMYMV KKRPPPPPKQ QYRKDARNRR CDDHDGSSET KSTTAYIIRI VVILVVVVVW HYYY
GNM14776                        -----AAVKL AVFTDDDDDD EDKGPSEEEE KKEKDEEAFF FFFAGGGGGG RTSGHQHHPV IIVIILVLLL LLMVVGVVVG KEKKRKMARR TEVVLVVELL LVLLIIMYMV KKRPPPPPKQ QYRKDARNRR CDDHDGSSET KSTTAYIIRI VVILVVVVVW HYYY
GNM14715                        -----AAAAA AVVCDDDDDD DREGPEEEEE EKEEELEFFF FFFAAGGGGG GGGGSQHHAI IVVLIIIVLL VLTTVVVVVK SAKKKKLKRR TRTVILIVLL LLLLLKMFMI EQDPPPPPTQ QERTRRRRRR SKDHSSSSNN TSTTVSILLI IVVVVVVVVW YYYY
GNM14639                        -----ASAAT AVACDDDDDD DQRGPDEEEE EEEEEKEFFF FFFAAGGGGG GSGGRQHHPI IVIIIIILLL VLTTVVLIIK RKKKKKLKRR SKNVVIVTLL LLLLLVLFIV KQDPPPPPIQ QMSSRRQRRR TEKRSSSSET MTTTVSIVKI VVVVVVIVVW YYYY
GNM13795                        -----AAAAT AAACDDDDDD DLEGTEDEEE EKQEEEVFFF FFFGAGGGGG GGGGMQHHAI IIILIIIDLI ILLTAVIIIG TKKKKKMKRR TKLSIIIVLL LLLLLLLFML KQSPPPPPTQ QSENTRKRRR TDKKSSSSTK MSTTVSVLKI IVVAVVLVVW YYFY
GNM14166                        -----AAAAT ATACDDDDDD DLTGSEEEEE EKREEETFFF FFFGAGGGGG GGGGSQHHAI IIILVIIDII ILLTAVIIIG EKKKKRMKRR TKLSIVIVLL LLMLLLLFMM KQKPPPAPTQ QSENTRRRRR TEKKTSSSTK MSTTVSILKI IVVAVILVVW SYYY
GNM13993                        -----AAAAT AVVCDDDEDD DNKSTDEEEE EKEEEMEFFF FFYAAGGGGG SAGGQQHHPV IIVLIIIKLI LLTTMVIIVN EKKKRKLKRR TNIILIVVLL LLILALMFTL NQLPPPPEVQ QQNQRRTRRR TDKRSSSSEN TSTTVSILKL VVILVVMLVW LYYY
GNM14450                        -----AASTT AAACDDDEDD ERKGSEEEEE TEEQEESFFF FQFAAGGGGG GSGGQQHHSV IIILIIIELI VLITTVIIIS TKKKKKMKRR TKIAVVILLL LLLLMLMFLM KNNPPPPPTQ QTNNRKRKRR TDDKSSSSER MSTTVSILTI VVVAVILVVW YYYY
GNM13515                        -----AAAAT AAACDDDDDD DLQGTEDEEE DKNADSVFFF FFFGAGGGGG GGGGSQHHPI IIILIIIDLV ILVTAVIIIG TKKNAKMKRR TKMSIIIVLL LLLLLLLFMM KQNPPPPPTQ QSENTRRKRR TGKKSSSSTK MSTTVSVLKI LVVAIVIVVW YYFY
GNM14959                        ----NGAAKI AVALDEDDDD DRKGPEREVE EREEEGEFFF FFYAGGGGGG GVGSSNHNFV ITIRVFILYV LLVVVVIVLR ESRGQWAERR TGFLIYVKIL LLLLLIMMMA ERSPPPPPRQ QRREVRRRRR VDETDGSTTL RSETVYMVLV VIVAYRVVVW TVYY
GNM13413                        -----TGAKL IAAMDEDEDD KKYGPQTEEE KNERDSRMSY YFFALGGGGG GLTHRKHHPI LVIIILLTLL GVVYVVIVMR RERQARTRNK TEVILVVPIL FLILIIMYSA KESPPTVPVQ QSEEVRDRRR VDNPDGGNKV ASTTVFVVFI AVVAVKLIVW TKYY
GNM14971                        -----AAAAT AATCDDNDDD DLDDSDDEEE EKYQEAEFFF FFFGAGGGGG GGGGSQHHAI IIILIIIDLV LLLTAIIIIG TKKKAKMKRR TKLSIIIILL LLLLLLVFMV NQSPPPPPTQ QSTNTRRRRR TSDKSSSSTK MSTTVSVLKV LVVAIIIVVW YYFY
GNM14990                        -----AAAAT AATCDDNDDD DLDDSDDEEE EKYQEAEFFF FFFGAGGGGG GGGGSQHHAI IIILIIIDLV LLLTAIIIIG TKKKAKMKRR TKLSIIIILL LLLLLLVFMV NQSPPPPPTQ QSTNTRRRRR TSNKSSSSTK MSTTVSVLKV LVVAIIIVVW YYFY
GNM15005                        -----AAAAT AATCDDNDDD DLDDSDDEEE EKYQEAEFFF FFFGAGGGGG GGGGSQHHAI IIILIIIDLV LLLTAIIIIG TKKKAKMKRR TKLSIIIILL LLLLLLVFMV NQTPPPPPTQ QSTNTRRRRR TSDKSSSSTK MSTTVSVLKV LVVAIIIVVW YYFY
GNM15017                        -----CAAAA AATCDDDDND DLDGSEDEEE EKHKESEFFF FFFGAGGGGG GWGGSQHHAN IIILIIIDTV LILYAVIIIG TEKNAKIKRK TKLSIIVVLL LLLLQLLFMV KQSPPPPPTQ QSTNTRRRRR TDTKSSISTK MSTTVSVLQV LVVAIVISVW FYFY
GNM15024                        -----AAAAT AAACDDDDDD DLEGTEDEEE EKQEEEVFFF FFFGAGGGGG GGGGSQHHAI IIILIIIDLI ILLTAVIIIG TKKKKKMKRR TKLSIIIVLL LLLLLLMFMM KQSPPPPPTQ QSQNTRRRRR TDKKSSSSTK MSTTVSVLKI IVVAVVLVVW YYFY
GNM15000                        -----AAAAT AAACDDDDDD DLEGTEDEEE EKQEEEVFFF FFFGAGGGGG GGGGSQHHAI IIILIIIDLI ILLTAVIIIG TKKKKKMKRR TKLSIIIVLL LLLLLLMFMM KQSPPPPPTQ QSQNTRRRRR TDKKSSSSTK MSTTVSVLKI IVVAVVLVVW YYFY
GNM15001                        -----AAAAT AAACDDDDDD DLEGTEDEEE EKQEEEVFFF FFFGAGGGGG GGGGSQHHAI IIILIIIDLI ILLTAVIIIG TKKKKKMKRR TKLSIIIVLL LLLLLLMFMM KQSPPPPPTQ QSQNTRRRRR TDKKSSSSTK MSTTVSVLKI IVVAVVLVVW YYFY
GNM11003                        -----TGAKM IAAMDDDDDG NYEGE-EEQT -KE-NSKFYY FFYAGGGGGG GVGGRQHHFI -VIIILLLAI -LIVIVVLLK E-R-TKGENR TQLIIVVSVL LLLLALMTAV DKEPPPPPVQ QKEELREKKR ASKSDDSSKK KSDTVFIFAI VVVLVKVVA- VTYY
GNM11023                        --SY-HGAKL LAAMDDLEDE DSRSDEREEV PKRAE-EYFV YIFSGGGGGP GPSGRLHYSV VAMRIFLERE ALVVAVVVLK EKGKDRARNR IRLYVIIPVL KLILVQMYMG DAAPPPPEEQ QYRLVGPRRR ADKSDGSNVE RSDTVLIVVI VIVVWVVVTW KGYL
GNM11055                        -----SAIAF AIAMDDDDDD EKNGDEEEEE EKEEKERFFF YLFGGGGGGG GKKGNQHFEI IIVMILILLR IIVVVVIILK EEKKKWGQSR VQEIIIVELI LLLLLHMWTR EESPPPPPVQ QAVRKRDKRR CSEEDGSSKV RTVTVFVMLL VVVATEVLIW RYYF
GNM11146                        -Q--NGAAKL AVAMTDDEDD EVKNPADEED EKEEESEFYH FFFAGGGGGG GVGSSNHHYI IVVRVFIIYV TIMVIVVIMR EKNAQRANRR TGFIVFIRIL FLVLVIVFMV DKSPPPAPKQ QRSEVRKKRR VDKSDGSSTL KNKTVFVVLV VIVAYRVVVW VVYY
GNM11219                        -----AAARV TLVADDDDDD DRTGPEEEEE EVEEDSRFFF FFFGGGGGGG GPGGHQHHPI IVIVILILFL VLLVVVIIVG EKKKKRCKRR TQVIIVVELL LLILLIMFMV EESPPPPDRQ QNVKIRRRRR SDKKDGSSTS LTATVYLIEV VVLLTKFVVW YFHY
GNM11220                        -----AAAKV AVVADDDDDD DKTGPEDEVD EEEKESEFFF FFFAGGGGGG GPEGRQHHPI IVIMILLLLL VLVVVVVIVG KAKKQKDKRR TRLVIVIRLL LLLLVLMFMA KQEPPPPPFQ QKVRVRRRKR TNKKDGSSDA LTQTAYIIVV VVVLVKVVVW YFYY
GNM11223                        -----AAGKI ALVADDNDDD DDSGPDEEEE AEEEEMEFFF FFFAGGGGGG GGGGQQHHPI IIIVILILII VLMIVVVIVK RKKKKKAKRR TSIVLVIELL LLVLLIMFMI EEGPPPPPSQ QNVKRRKRRR TDKHDGSSTT ITATVYLIKV VIILTNMAVW QFHY
GNM11224                        -----AAGKI AIVADDNDDD DESGPDEEEE AEEDEMEFFF FFFAGGGGGG GGGGQQHHPI IIIVILVLII VLMIVVVIVK RKKKKRAKRR TATVLVVELL LLVLLIMFMI EEGPPPPPSQ QNIKRRKRRR TDKHDGSSTT TTATVYLIKV VIILTNMAVW QFHY
GNM11358                        -----AAAAT AAACDDDDDD DKTTSEEEEE KLEEEESFFF FLFASSGGGG GGGGQHHHAI VIILIIILLI ILLTTVIIIE NRKRKKLKRR TRIAIVVVLL LLLLMLMFTL KQSPPPPPTQ QANNKRKKRR TDEKSSSSHK MSTTVSILKV VVVAVIIIVW YYYY
GNM11360                        -----AA-AT AAACDDDDD- D-E--EDE-E E-QED--FFF --FGAGGGGG GGGGSQHHAI II-LIIIDL- I-LT-VIIIG -KKKK-M-RR TKL-IIIVLL L-LL-L-FMM -Q--PPP-TQ Q-ENT-KRRR TDKKS-SS-K MSTTVSVLKI I-VA-VLVVW YYF-
GNM11362                        -----AAAAT AAACDDDDDD ERSNNDEEEE EDEREEVFFF FFFSAGGGGG G-GGQQHHHI IVILIIIELI VLVTAVIIVN TKKKKKMKRR TRIVVVIVLL LLLLMIMFIM KKHPPPPPVQ QARSTRKRRR TDDKSSSSEN MSTTTVILNI VVVMVIVVVW YFYY
GNM11367                        -----AAATT AATCDDDDDD DLQGTEDEEE EKQKESIFFF FFFGAGGGGG GGGGSQHHPI IIILIIIELV ILITAVVIIG SAKKAKMKRR TKMSIIIVLL LLLLLLMFMM KQSPPPPPTQ QSENMRRRRR TDKKSSSSTK MSTTVSVLKI IVVAIVLVVW YYFY
GNM11377                        -----AAAAT AAACDDDDDD DRKTSEEEEE EDEQEESFFF FLFAAGGGGG GGGGQQHHAI IIILIIILLI ILVTAVIVIS NKKKKKMKRR TKTVVVIVLL LLLLMLMFTV KQSPPPPPAQ QATNKRKRRR TDEKSSSSHK MSTTVSILKL VVVAVIIVVW YYYY
GNM11380                        -----AAAAT ATACDDDDDD DLTGSEEEEE EKREEETFFF FFFGAGGGGG GGGGSQHHAI IIILVIIDII ILLTAVIIIG EKKKKRMKRR TKLSIVIVLL LLMLLLMFMM KQKPPPAPTQ QSENTRRRRR TEKKTSSSTK MSTTVSILKI IVVAVILVVW SYYY
GNM11383                        -----AAAAT AASCDDDDDD DMEGSEDEEE EKLAEEEFFF FFFGAGGGGG GGGGSQHHAI IIILIIIELI ILITAVIIIN AKKKKKMKRR TKLSIIIVLL LLLLLLMFMM KQSPPPPPTQ QSEKTRRRRR TEKKSSSSTQ MSTTVSVLKI IVVAVVLVVW TYYY
GNM11491                        -----AAATT AAACDDDDDD DLNGTEDEEE EKQGEEVFFF FFFGAGGGGG GGGGAQHHAI IIILIIIALI ILMTAIIIIG TAKAKKMKRR TKLSIIIVLL LLLLLLVFML KQSPPPPPTQ QSENTRKRRR TDKKSSSSTK MSTTVSVLKI IVVAVVIVVW YYFY
GNM11804                        -----AGIAM AIVMDDDDDD ERNGDEEEEE EEEEKERFFF YLFGGGGGGG GKKGNQHFEI LIVMILIILR IMVVVVIVLK EKKKKWGQSR VEEVIIVELI LLLLILMWMR EENPPPPPSQ QAIKARDRRR TSEEDGSSKV KTVTVYIILL VVVATEVLVW KYYF
GNM11805                        -----AGVKF AIVAEDDDDY KLSNNEAEEI KDDKESEYFF YLYGGGGGGG GSQGNHHQHI MVVIIIFLLL NYVVAVVVFK DVKNEKSTKR VKNLVIVMLL LSLLDMMGMR SDEPPPPPEQ QIKKKRSMKR ASESDGNSEN KSQTIIIIKL VIIAVVILVW FAYL
GNM12883                        -----AAAAT AAACDDDDDD DRKTSEEEEE EDEAEESFFF FLFAAGGGGG GGGGQQHHAI IIILIIIVLI ILVTAVIIIA HKKKKKMKRR TKTVVVIVLL LLLLMLMFTV KQNPPPPPSQ QATNKRKRRR TDDKSSSSHK MTTTVSILKI VVVAVILVVW YYYY
GNM12892                        -----AAAAT AAACDDDDDD DRKKSEEEEE QDEEEESFFF FLFAAGGGGG GGGGQQHHAV IIILIIITLI VLVTTVIIIA NLKRKKMKRR TKIVVVVVLL LLLLMLMFTV KQSPPPPPSQ QETNRRRKRR TDIKSSSSHR MTTTVSILKI VVVAVIIIVW YYYY
GNM12895                        -----AASTT AAACDDDEDD ERKGSEEEEE TEEQEESFFF FQFAAGGGGG GSGGQQHHSV IIILIIIELI VLITTVIIIS TKKKKKMKRR TKIAVVILLL LLLLMLMFLM KNNPPPPPTQ QTNNRKRKRR TDDKSSSSER MSTTVSILTI VVVAVILVVW YYYY
GNM13060                        -----AAAAA AAACDDDDDD DDDDDEEEEE EEEDEEEFFF FFFGGGGGGG GGGGGGHHHI IIIIIIILII IIIIIIIIIK KKKKKKKKKK KKLLLLLLLL LLLLLLMMMI NNSPPPPPQQ QQQQKRRRRR SSSTSSSSTT TSTTVVVVFV VVVVVVVVVW YYYY
GNM13061                        -----AAASL ATACDDDDDD DDESDEEEEE EEEEAAEFFF FFFAGGGGGG GGGGGSHHHI IIILIIILII VLVIVIVIVK RKKKKKKKKK KKLLLLILLL LLLLLIMFMV NNKPPPPPQQ QEKQKRRRRR SKEKDSSSMT TTTTAVVVRV VVIAIVVVVW YYYY
GNM13064                        -----AAAAT AVVCDDDEDD DNKSTDEEEE EKEEEMEFFF FFYAAGGGGG SAGGQQHHPV IIVLIIIKLI LLTTMVIIVN EKKKRKLKRR TNIILIVVLL LLILALMFTL NQLPPPPEVQ QQNQRRTRRR TDKRSSSSEN TSTTVSILKL VVILVVMLVW LYYY
GNM13066                        -----AAAAT AVVCDDDEDD DNKSSDEEEE EKEEDIEFFF FFYAAGGGGG SAGGQQHHPV IIVLIIIILI LLTTMVIVVS EKKKRKLKRR TNIILIVVLL LLILALMFTL NQIPPPPETQ QQNQRRSRRR TNKRTSSSDN TSTTVSILKL VVIIVIMLVW LYYY
GNM11032                        -----AAASL AVATDDDDDD EESGNQEEEE AEEEASEAFF -FYNGGGGGP RSSGKQHHSV ILVIVLLLLM RLTVIVVILG RSKRKSAIRR LSLVIIVKLL LLLLIL-FMM RNRPPPPETQ Q-RSKGTWRR TDS-DGSSES STTTAVIVRV VIILVVVIVW YYYY
GNM11034                        -----AAVKV AAATDDDDDD EETGPQDEEE QREEENECFF FFFAAGGGGP KAMGNQHHPI IVILVLILIL LLVVVVVVLG RAKPRSATRR SGIVLVVRLL LLLLVQMYIE KKRPPPIEKQ QFVTRGKLRR VDE-DGSSKS LSTTVFIVQV VVVLVVVVVW IYYY
GNM11363                        -----AAAAT AAACDDDDDD ERSNNDEEEE EDEREEVFFF FFFSAGGGGG G-GGQQHHHI IVILIIIELI VLVTAVIIVN TKKKKKMKRR TRIVVVIVLL LLLLMIMFIM KKHPPPPPVQ QARSTRKRRR TDDKSSSSEN MSTTTVILNI VVVMVIVVVW YFYY
GNM11375                        -----AA-AT AAACDDDDD- D-E--EDE-E E-QAD--FFF --FGAGGGGG GGGGSQHHAI II-LIIIDL- I-LT-VI-IG -KKKK-M-RR TKL-I-IVLL L-LL-L-FMM -Q--PPP-TQ Q-QNT-RRRR TDKKS-SS-K -STTVSVLK- I-VA-VLVVW YYF-
GNM11381                        -----AAAAT AAACDDDDDD DMEGSEDEEE EKLADEEFFF FFFGAGGGGG GGGGSQHHAI IIILIIIELI ILITAVIIIN AKKKKKMKRR TKLSIIIVLL LLLLLLLFMM KQSPPPPPTQ QSEKTRRRRR TDKKSSSSTQ MSTTVSVLKI IVVAVVLVVW TYYY
GNM11382                        -----AAGAT AASCDDDDDD DMEGSEDEEE EKLAEEEFFF FFFGAGGGGG GGGGSQHHAI IIILIIIELI ILITAVIIIN TKKKKKMKRR TKLSIIIVLL LLLLLLMFMM KQSPPPPPTQ QSEKTRRRRR TEKKSSSSTQ MSTTVSVLKI IVVAVVIVVW TYYY
GNM11841                        -----TGVKV AVAADDDEKD NFDAVEEEEE EGDQGERFFF YLFGSGGGGP NDQGNQHYPI LVVVILIHIR RSAVLVVVLN EEKREQSKGR VTIVLVVELL LLLLLMMGSQ PERPPVPPTQ QKERAEERKR TEHEDGSSRA RSVTAYILQM VVIATVVKVW DYYL
GNM11931                        -----TGVKV AVAADDDERD SYDGVDEEEE ADDQGDKFFF YLFGSGGGGP NDQGNQHYPI LVVVILIHIR RGAVLVVVLN AEKQEQTKGR VGTALIVELV LLLLLMMGSQ PEEPPPPPVQ QKERSEEQKR TEHEDGSSRA RSVTAFILEM VIVATTVKVW EYYL
GNM12040                        -----TGVKV AVVADDDERD EHDAVDEEEE AQDQGDTFFF YLFGSGGGGA GDQGNQHYPV LVVVILIHIR RTAVRVVVLN DQKAEQSKGR VGIVLVVGLI LLLLLMMGSQ PERPPPPPTQ QKKTSEERKR TSLEDGSSQA RSVTAYILAM VVVATVVKVW DYYL
GNM12071                        -----TGVKV AVVADDDERD EHDAVQEEET GEDEEDKFFF YLYGSDGGGP NDQGNQHYHV LTVVILIHIR RTAVRAVVLD DQKHVQSKGR VGIVLVVGLL LLLLLMMGTQ DDKPPPPPTQ QKESAEEKKR TEHEDGSSRT RSVTAFILDM VVVATVVKVW DYYL
GNM12125                        -----SGAKV AVTMEDDEDD QLSGSKSEVV REEKEERYSR YFFAGGFGGG GPRQRKHHPV HIIIIFLTMI RLIIAVIVLR MIREQTAKSR TEFYIIVPAL ILVLVVMYMA ERSPPPPPIQ QAEEIRDRRR ADKSDGSSRI YTQTSFVVIV VVIVVVVVVW KHYY
GNM12126                        -----QGAKI IVAMDDDEDD KRTGDVNEEI EKEEKEKFNY YFFGGGGGGG GRGGTNHHPI AVIKVMIITI KLVVVVVLMK EQK-ARTENR TKTYVIVAVL MLILFRMYGS KSEPPPPPVG QRTTLRETKR ADDRDGSARE VTTSAYLFLI VVVLMRVIVD KRYY
GNM12128                        -----TGAKI IIAMEDDDDD RKDDESTEEI SEEEEKRFMT FLYACGGGGG GGNNSGHHMI IIIIILILLV SIITVVILMK RKRKVRARRR PSTYPVIPVL FLILLVMYST ENSPPPPDVQ QREKIRRRKR TNKPDGSSKR LTGTVYIVIK VVIVVQVVEW VEYY
GNM12182                        -----TGAKM IAAMDDDDDG NLEGP-QEKD -KENENRFYY FFFAGGGGGG GTGGRQHHFI RVIVILMVSV -LIMTIVLLK E-R-VNSENR TQIVIVVSVL LLFLAIMGGI NKEPPMPPTQ QKEEMREKRR TRDADESSKK RSDTVFIYML IVVLVKVITR SNYY
GNM12342                        -----AGVKL SVAMDDDDDD EEEGDEDEEE EEEEEEAFFF YFYSGGGGGG GKEARYHHHI IVVVIILLLI KLIVTIILLG KAKKKMSKRR AEVLVVLPIL LLLLIMMYMA KEEPPPPPVQ QKVKYKPKRR VDKADGSSES RTVTVYIVEL VVVTVIVIVW IYYY
GNM12346                        -----TCIRV AVAMDDDEDD ARDEDEEEES EKEEEEVFFF YLYASGGGGG GNAGNQHYVI IIIVILVLLK LLTVVIVVLN EKKKKRAKAR VNTVLIIEVI LLLLLQMAAR EEQPPPPPSQ QRTRHRERRR ADVEDGSSRT RTVTVYIMEI VIIAIEVVVW KFYL
GNM12351                        -----AGVRM AIAMDDDDDD ELEGDAEEEL DVEEEEKFFF YLFASGGGGG GNGGNQHYVI LTVVILILTR RVIVSIIVLN EKKPKKAKSR VSTMLIVGLI LLLLLLMATR GVRPPHAATQ QKIKKRDRRR IDEEDGSSKS RGVTVYIMQV VIVATEVVVW IFYL
GNM12356                        -----AGIKL LIAMDDDDDD EMDGPEDEEE EDEEEESFFF YFYAGGGGGG GRGARYHHYI IVVIIILLLL KLIVSIIMLG ANKKQMSKRR AEGIVIIPIL LLILILMGMA KEKPPQPPVQ QKIKKRPKRR CDGEDGSSTS LSVTAYIVEM IIVLTKVIVW EFYY
GNM12357                        -----AGVRL AVAMDDDDDD EMNGPEDEEE EEDEEESFFF YFYAGGGGGG GREARQHHYI LVIIIILLLI NLIVNVILLG NEKTKMSKRR AEVLIIVPIL LLLLILMGMA SEKPPNPPVQ QKEKKREKRR TDDEDGSSKS ITVTTFIVEL IVVVTKVVVW VFYY
GNM12366                        -----AGVKL AIAMDDDDDD EMDGPQDEEE EDEEEDSFFF YFYAGGGGGG GKEARHHHYI LVVIIILLLI VLIVNVILLG TVKKKMSKRR AEVLIVVPIL LLLLILMSMA NEKPPQPPVQ QKKKFREKRR TDNEDGSSTS ITVTTFIVEL IVIVTKVVVW VFYY
GNM12373                        -----AAITI AVAMDDDEDD SREGDDEEEV ETEEAENFFF YMLGCGGGGG SNSGNQHYYV ITVMILLLLK MLVVVIVILG ENKKKQAQSR AGTLIFIELV MLILLLMGSR NDEPLPPPTQ QYDKTRDRRR VGNEDGSSKD SSTTVYIISV VVVAKVLLVW RYYF
GNM12385                        -----AAITI AIAMDDDEDD SREGDEEEEQ EKEETEEFFF YLLACGGGGG GNGGNQHYPI LTVVILLTLK LLVVVIVILK EEKEKQAQSR VTTMIFVELA MLILLLMGSR EDHPLSPPAQ QYRQGRDRRR VNLEDGSSTN SSTTVYIIAI VVVAKVVLVW RYYL
GNM12551                        -----GGVKL AIVVDDDEDT EQRTD-REEE -DVEENEFYF YFFAGGGGGG GNEARRHHPI WVIVILLPLL -VVIAVVVLG S-K-AEFDRM SKDVFVVGLL LLLLLEMGLA EETPPPPPER QEREVRRRKK VELEDGSSEY KTKTVYIMVL VVVATRIVTW RYYV
GNM12554                        -----TAITI AVVMDDDEDD SREGKEEEEI EKEELEEFFF YLLGCGGGGG GNAGNQHYPV LTVVILLTLK ILIVVIVILK EEKKKQAQSR VGTMVFVELL MLILLLMGSR DDNPLAPPYQ QYKQTRDRRR VKEEDGSSTN SSTTVFIIAI VVIGKVVLVW RYYL
GNM12592                        -----AGVKF AVAMDDDEDG KDDGPLEEEE ADEEENEFFF YMFASGGGGG GNAGNQHYAI LIIVILIILR RLVIAVIVLN NRKGKRAKSR VALMIIVELV LLLLLMMGTR NDEPPTPPFQ QKIKRRDKRR VGDEDASSKA RTVTVYIMEV VVVAVEVVVW KYYY
GNM12596                        -----AGIKM VIAMDDDDDD GLEGEAEEEE EPEEQEIFFF YLFATGGGGG GNAGNQHYVI LAIVILMLIL RIVVTIVVLG ERKKKRAKGR VAYMLLIALI LLILLLMATR MNTPPTPPSQ QKTKHRDKRR MNDEDGSSKS QGVTVYIIEV VVVATEVVVW IFYL
GNM12602                        -----AGVKM VIAMDDDDDD GLEGEAEEEE EQEEQEVFFF YLFATGGGGG GNAGNQHYVV LTIVILMLIM RVVVTIIVLG EKKKKRAKGR VACMLLIALI LLILLLMATR TNTPPTPPSQ QKTKHRDKRR MKVEDGSSKS QGVTVYIIEV VVVATEVVVW VFYL
GNM12665                        -----AGIKM VIAMDDDDDD GLEGEAEEEE EPEEQEVFFF YLFATGGGGG GNAGNQHYVI LAIVILMLIL RIVVTIVVLG ERKKKRAKGR VAYMLLIALI LLILLLMATR MSTPPTPPSQ QKTKHRDKRR MNDEDGSSKS QGVTVYIIDV VVIATEVVVW YFYL
GNM12745                        -----AGTRM AVAMDNDDDD EMNDPEEEVE EEDEEKEFFF YFYAATGGGG GKGGRHHYII IIVVILIFLI KFLVVIVVLN MLKKKNMQRR ADTAVLVVVL LLLLILMGTA EENPPPPPSQ QEKKFRHKRR FEIGDGSSTN KSITVYIIML VVVATEVLIW KYFY
GNM12749                        -----TAINI AVAMDDDEDD SREGDDEEEI ETEEVEIFFF YLLACGGGGG GNSGNQHYPV LTVVILLLLR MLIVVIVILG EKKNKQAQSR VGTLVFIELL MLLLLLMGSQ TDHPLAPPHQ QYDQLRDRRR AKLESGSSES SSTTVYIISI VVVGKVVLVW RYYL
GNM12758                        -----AGAKV AIAMDDDDDD ERTEPEEEVE EEEEEEVFFF YFFAGGGGGG GKGGKHHHMI IIIVVLIFLV KLTVVVVILG ERKKKNTTRR ADKTILIPVL LLLLILMGTS EEDPPPPPRQ QYTKLRERRR FEEGDGSSKT RSATVYVIEM VVVATEVLIW KYYY
GNM12763                        -----AGVKV AIAMDDDDDN ERNEPEEEVE EEEEEQVFFF YFFAGGGGGG GKCGNHHYII IIVIILILTL KLVVVIIILK EKNKKTASRR AKKTIMIPVL LLLLLLMGTI EESPPPPPVQ QYTKKRDRRR FNEQDGSSKD TTTTVYIIEF VVVATEVIIW KYYL
GNM12766                        -----AGIKL AVAMDDDDDD EMDGPEDEEE EEEEEESFFF YFYAGGGGGG GREARHHHHI IIVIIILLLI KLIVTVILLG RKKKKRSKRR AEVLIIVPIL LLLLILMGMA KENPPPPPVQ QKVKRRPKRR IDKEDGSSTT ITVTVYIVEL IIVAVIVIVW IYYY
GNM12841                        -----TGVKV AVAADDDERD NHDAVEEEEE EEDEGDKFFF YLFGSGGGGP NDQGNQHYPI LVVVILIHIR RSAVLVVVLN DQKREQSKGR VSTVLIVELV LLLLLMMGSQ PDRPPPPPVQ QKERSEERKR TAHEDGSSRA QSVTAYILQM VVVATVVKVW DYYL
GNM12849                        -----AAAAT AAACDDDDDD DLEGAEDEEE EKQAADVFFF FFFGAGGGGG GGGGSQHHAI IIILIIIDLI ILLTAVIIIG TKKKKKMKRR TKLSIIIVLL LLLLLLLFMM KQSPPPPPTQ QSENTRRRRR TDKKSSSSTK MSTTVSVLKI IVVAVVLVVW YYFY
GNM12869                        -----AAAAT AAACDDDDDD DLEGTEDEEE EKQEEEVFFF FFFGAGGGGG GGGGSQHHAI IIILIIIDLI ILLTAVIIIG TKKKKKMKRR TKLSIIIVLL LLLLLLMFMM KQSPPPPPTQ QSQNTRRRRR TDKKSSSSTK MSTTVSVLKI IVVAVVLVVW YYFY
GNM12896                        -----AAAAT ATACDDDDDD DLTGSEEEEE EKREEETFFF FFFGAGGGGG GGGGSQHHAI IIILVIIDII ILLTAVIIIG EKKKKRMKRR TKLSIVIVLL LLMLLLMFMM KQKPPPAPTQ QSENTRRRRR TEKKTSSSTK MSTTVSILKI IVVAVILVVW SYYY
GNM12897                        -----AAAAT ATACDDDDDD DLTGSEEEEE EKREEETFFF FFFGAGGGGG GGGGSQHHAI IIILVIIDII ILLTAVIIIG EKKKKRMKRR TKLSIVIVLL LLMLLLMFMM KQKPPPAPTQ QSENTRRRRR TEKKTSSSTK MSTTVSILKI IVVAVILVVW SYYY
GNM12902                        -----AGVKF AIVAEDDDDY KLTGDTSEVV REDTNRDYFF YLYGGGGGGG GSQGNHHQHI TIVIIFFELS IYVVAVIVLK DKKRAKSNKR VKELVIVMLI LTLLNMMGMR RDEPPPPPDQ QIVRKRDEKR ANESDGNSEN KTQTVIIIKL VAVAVIIMIW YIYL
GNM12903                        ----PGGAKI MVAMLDDDDD EETGPKNEEV EDEKESEFML FFFGGGGGGG GTKTTGNHFI VAVKVYILFL KLITIVVVLK KPRASKARRR TSLVVIVAIL FLVLADPGMS ERTPPPPPRS HRVEVRRRRR ANKTDGSIEF KTRTAFIILV VVVMYVVVEW MNYY
GNM12906                        ----PGGAKV MTAMLDDEDD EETGPRNEEV EEEKENEFML FFFGGGGGGG GTKTTGNHFI IVIKVYILFL KLITTVVVLK KPRASKARRR TTLVVVIAIL FLVLADPGMS ERSPPPPPKM HRVEIRKRRR ANKTDGSIEF RTRTAFVILV VVVMYVVVEW MNYY
GNM12907                        ----PGGAKI MVAMVDDEDD EETGPRNEEV EDEKEAEFVL FFFGGGGGGG GTKTTGNHFI IVIKVYILFL ELITIVVVMR KKRKSKARRR TSLVIVVAIL FLVLADPGMS ERSPPPPPRM HKREIRKRRR ASKTDNSIEF RTRTAFVILV VVVLYVVVEW VNYY
GNM12909                        ----PGGAKI MAAMLDDEDD EETGPKNEEV EDEKESEFML FFYGGGGGGG GTKTTGNHFI IVIKVYIMFL KLITIIVVLK KPRASRAKRR TSLVVVIAIL FLILADPGMS ERTPPPPPKM HRVEIRRRRR ATKTDGSIEF RSRTAFVILV VVVMYVVVEW MNYY
GNM12915                        -----TGAKM AVAMDDDDDD PMDTDEDEET KEEEEEKFFF YFWAGGGGGG GKKGNQHHPI IAIIIFIFAI KPVIAVILLK MRRKRRSTRR TKVVVIVEVL LLLLVQMGMQ KERPPPPPLQ QKVKAREYRR VEKSDGSSTV KKVTVYLVKY VVVVVIVVVW EYYY
GNM10046                        -----NGAKI AVAMDDDDDD PMDTDEDEEY KEEEEEKFFF YFWAGGGGGG GKKGNHHHPI IVIIIFIFAI KPVIAVILLK MKRKRRSTRR TKLVIIVEVL LLLLVIMGMQ KETPPPPPLQ QKVKLREYRR VEKSDGSSTV TKMTVYLVKY VVIVVIVIAW EYYY
GNM12918                        -----TGAKM AVAMDDDDDD PMDTDEDEET KEEEEDKFFF YFWAGGGGGG GKKGNDHHPI IVIIIFIFPI KPVIAVILLK MRRKRRSTRR TKVVVIVEVL LLLLVRMGMQ KERPPPPPLQ QKVKAREYRR VEKSDGSSTV TKVTVYLVKY VVIVVIVVVW EYYY
GNM12931                        -----NGAKS AVAMDDDEDD AKTNPETEER KEEKEQRFHF YFFALGGGGG GLPQRKYHPV IVIIVLLIPL ILIYAVVVLR KERKTRTSDR TELYIIVPIL FLLLIIVFSA EEEPPPAPMQ QRERARKRRR ADKPDGANRD MSLTAYIIFI IVVVVRVVNW YKYY
GNM12938                        -----SGAKV VAAMDDDDDG NYDGSEQEQE QEENEQKFYY FFYAGGGGGG GSGARHHHFI IVIIILMIML IVIIIIILLK QARKNRGENM TQVVIVVSVL LLILAIMYTI DKEPPPPPSQ QKEERREKKR VNK-DESSRK KSDTVFILIL VVVMIKVASW TNYY
GNM12996                        -----SGAKM VVAMDDDDDS NEDGPAQEQE QEETEQRFYF YFYAGGGGGG GTGARQHHFV IVIIIILLSL KLFIIVILLK KKR-VRAQNR TQLIVVVNVI LLILAVMYTI NKNPPPPPVQ QKEEKREKRR TNKVDEASKK KSDTVYILVI VVVMIKVVLW VTYY
GNM13018                        -----SGAKM IVAMDDDDDS NEDGPTQEQE QEETEQRFYF YFYAGGGGGG GTGARQHHFV IVIIIILLSL KLFIIVILLK KKR-VRAQNR TQLIVVVNVI LLILAVMYTI NKNPPPPPVQ QKEEKREKRR TNKVDEASKK KSDTVYILVI VVVMIKVVLW VTYY
GNM13027                        -----SGAKV VAAMDDDDDG NYEGPEQEQE QEESEQKFYY FFFAGGGGGG GSGARQHHFI IVIIILIITL LLIIIVVLLK QTRKNRAENR TQLIIVVQAL LLILAIMYTI DREPPPPPIQ QKSERREKKR ADK-DESSKK KSDTVFILIM VIVMIKVVNW VNYY
GNM13046                        -----AAAAT AATCDDDDDD DLDGTEDEEE EKQAESQFFF FFFGAGGGGG GGGGSQHHAI IIILIIIDLI ILLTAVIIIG TKKKQKMKRR TKMSIIIVLL LLLLLLMFMV KQSPPPPPTQ QSENTRIRRR TDKKSSSSTK MSTTVSVLKI LVVAVVIVVW YYYY
GNM13074                        -----AGAKM AVAMDDDDDD PMDTDEDEEE KEEAEEKFYF YFWAGGGGGG GKKGNHHHPI IVIIIFIFVL KPLIAVVLLK MRKKKRATRR TKLLVIVEVL LLLLVMMGMQ KERPPPPPLQ QKVKEREYRR VDHSDGSSTV IKATVFLVEY VVIVVLVIVW KYYY
GNM10010                        -----AGAKM AVAMDDDDDD PMNTDEDEEE KEEEEGKFYF YFWAGGGGGG GKKGNHHHPV IVIIIFIFVL KPLIAVVLLK MRKKKRATRR TKLLVVVEVL LLLLVMMGMQ KERPPPPPIQ QKVKERERRR VDESDGSSKV ITATVFLVFY VVVVVLVIIW QYYY
GNM10014                        -----GGAKM AVAMDDDDDD PMNTDEEEEE KEEEEEKFYF YFWAGGGGGG GKRNNQHHPI IMIIIFIFVL KPIIAVILMN MKKKKRATRR TKLLVVVEVL LLLLVNMGMQ KERPPPPPVQ QKIKYRERRR VDESDGSSKV ITMTAFLVRY VVIVVLVVVW EYYY
GNM13090                        -----AGAKM AVAMDDDDDD PMDTDEDEEE KEEADEKFYF YFWAGGGGGG GKKGNHHHPI IVIIIFISIL KPLIAVVLLK MRKKKRATRR TKMLVIVEVL LLLLIMMGMQ KERPPPPPIQ QKVKERERRK VDESDGSSKV ITATVFLVEY VVIVVLVIIW KYYY
GNM13118                        GT--RGGSKV LAGMEPDSDD NLTGPMLEEE EEEMEEAFIT YFFAIGGGGG GDGRNNHHWV IVIKIVLRYL ILIVAVIILK QEKKEKSSRR SRLVTVVRVL FLILFNVYYV KDRPPPPPTQ QKRQVRERRR VDEEDGSSET REETAYIIVV VIVAVKVVDF SNYF
GNM13126                        -----AGVKF ATVMEDDDDY KMRGDESEEE KVDADRKYFF -LYGGGGGSG GAKGNQHQHI LVVIIFFLLM AYIVAVVIFK ESKQEKSSKR VKLVVVILLL LTLLDM-GMR DEEPPVSPDQ Q-KKRRERKR VYESDGNSED RTQTVIIIEL VAIAIVVMVW YRYL
GNM13128                        -----AGVKF ATVMEDDDDY KMSGDESEEE KKDEERKYFF YLFGGGGGSG GAKGNQHQHI LVIIIFFLLM AYIVAVIIFK EQKAEKSSKR VKIVVVILLL LTLLDMMGMR DDDPPVSPDQ QMKKKRERKR VSKSDGNSED KTQTVVIIEL VAVAIVVLVW YRYL
GNM13208                        ----PGGAKV VAAMLDDEDD EDHNPKSEEI EDHKESEFVM FFFAGGGGGG GVKTTGNHFI LAVKIFILYL KLITVVVVMK KGRKSRAKRR TSLVIVVAIL FLLLADPGMS ERSPPPPPKM HRIEVRKKRR TDKADGSIEL KTRTAFLVLS VIVIYIVIEW MNYY
GNM13210                        -----NGAKL LLAMDDDEDD KKEGPVTEED REEGGERFNY YFFALGGGGG GMGHRKYHPI GVIIVLLVPV ELFFVVIVMK RQREGRTQDR TDLIIIVPIL FLVMVLMGAA EESPPPVPYQ QNEEVRNKRR VGSPDGSNKT SSTTVYVVFV VVVAVKVIVQ HKYY
GNM12773                        -----AAGKV AVVADDDDDD DTSGPDEEED LKEKEMQFFF FFFAGGGGGG GGGGQQHHPI IIIVILILLL TLLTVVVVVK SEKKKKAKRR ISTIIVIELL LVLLMIMGIV EEEPPPPPKQ QKMKKRKRRR TNERDGSSTS ITATVYLMIV VIVLISVVVW YYYY
GNM12769                        -----AAAKE AVAMDDDDDD DKKGSEEEEE DKEKDKEFFF FFFSGGGGGG GPAGNHHHPV IVIVILIIFL VILIAVILLN EEKKKQFKRR TSVFIVVEVL LILLVIMYMV NDDPPPPPKQ QKVKFRRKRR TDDRDNSSTN ISTTIYVIEV VVILTKVVVW FFYY
GNM12768                        -----VATQI AMGLDDDDDD DKTDADEEEE EIEGAVEFFF FFYAAGGGGG GGGGQQHHPI IVIIILIILL VLLTVVVVMG KEKTRSAKRR TRTIIVIELL LLLLLVMFIA EEDPPPPPIQ QSSKTRTRRR SHERDGSSTS ITETVYVVEV VVILTQIVVW YYYF



    1    1    1    1    1    1    1    1    1    1    1    1    1    1    1
    1    1    1    1    1    1    1    1    1    1    1    1    1    1    1
    1    1    1    1    1    1    1    1    1    1    1    1    1    1    1
    1    1    2    1    1    1    1    1    1    1    1    1    1    1    1
    1    1    1    1    1    1    1    1    1    1    1    1    1    1    1
    1    1    1    1    1    1    1    1    1    1    1    1    1    1    1
    1    1    1    1    1    1    1    1    1    1    1    1    1    1    1
    1    1    1    1    1    1    1    1    1    1    1    1    1    1    1
    1    1    1    1    1    1    1    1    1    1    1    1    1    1    1
    1    1    1    1    1    1    1    1    1    1    1    1    1    1    1
    1    1    1    1    1    1    1    1    1    1    1    1    1    1

AAML (in paml version 4.9h, March 2018)  tmp0052.txt
Model: Empirical,  (../wag.dat) dGamma (ncatG=4) ns = 140  ls = 165


Frequencies..
                                    A      R      N      D      C      Q      E      G      H      I      L      K      M      F      P      S      T      W      Y      V
GNM13746                       0.05000 0.03750 0.01250 0.06875 0.00625 0.03750 0.07500 0.08750 0.01875 0.12500 0.09375 0.08125 0.01875 0.03750 0.03750 0.05000 0.03750 0.00625 0.02500 0.09375
GNM13538                       0.06875 0.05625 0.01875 0.05625 0.00625 0.03750 0.06875 0.09375 0.01250 0.08750 0.10625 0.06250 0.01875 0.05000 0.03750 0.04375 0.05000 0.00625 0.01250 0.10625
GNM13671                       0.04375 0.06250 0.00625 0.06250 0.00000 0.03125 0.08750 0.06875 0.01875 0.10625 0.10000 0.06875 0.02500 0.03750 0.05000 0.05625 0.05625 0.00625 0.03125 0.08125
GNM13876                       0.03750 0.06250 0.02500 0.06875 0.00625 0.01250 0.06250 0.08750 0.01250 0.08750 0.10625 0.06250 0.05000 0.03125 0.04375 0.05000 0.04375 0.00625 0.03125 0.11250
GNM13680                       0.09375 0.04375 0.01250 0.06250 0.00625 0.03125 0.05625 0.06250 0.02500 0.10000 0.08750 0.08750 0.02500 0.03750 0.03125 0.05000 0.06875 0.00625 0.02500 0.08750
GNM14837                       0.06875 0.03750 0.00625 0.06875 0.00625 0.03125 0.05000 0.08125 0.01250 0.10625 0.10625 0.09375 0.02500 0.05000 0.03125 0.06250 0.06875 0.00625 0.01875 0.06875
GNM14249                       0.06875 0.04375 0.00625 0.06250 0.00625 0.03750 0.05625 0.08125 0.01250 0.10625 0.10000 0.08125 0.03125 0.05000 0.03125 0.06250 0.06875 0.00625 0.01875 0.06875
GNM13928                       0.07500 0.03750 0.00625 0.06250 0.00625 0.03125 0.05625 0.08125 0.01250 0.10625 0.10000 0.08750 0.03125 0.05000 0.03125 0.06250 0.06875 0.00625 0.01875 0.06875
GNM13297                       0.06875 0.05625 0.01875 0.05625 0.00625 0.03750 0.06875 0.09375 0.01250 0.08750 0.10625 0.06250 0.01875 0.05000 0.03750 0.04375 0.05000 0.00625 0.01250 0.10625
GNM14865                       0.05000 0.05625 0.03125 0.08750 0.00000 0.05625 0.08125 0.08125 0.01875 0.04375 0.08125 0.05000 0.01875 0.01875 0.05000 0.04375 0.04375 0.00625 0.03750 0.14375
GNM13455                       0.07500 0.03750 0.00625 0.07500 0.00625 0.03125 0.05000 0.08125 0.01250 0.10625 0.10000 0.08750 0.03125 0.05000 0.03125 0.06250 0.06250 0.00625 0.01875 0.06875
GNM14483                       0.05625 0.05000 0.00625 0.05625 0.00625 0.02500 0.08125 0.06875 0.01875 0.06875 0.10625 0.06875 0.00625 0.05000 0.04375 0.06250 0.06875 0.00625 0.01875 0.13125
GNM14872                       0.08750 0.04375 0.01250 0.05625 0.00625 0.03750 0.06250 0.06250 0.01875 0.08750 0.08750 0.08750 0.02500 0.03750 0.03125 0.06250 0.06250 0.00625 0.02500 0.10000
GNM13855                       0.07500 0.05000 0.01875 0.05000 0.00625 0.02500 0.06875 0.05625 0.02500 0.10625 0.10625 0.08125 0.01875 0.03750 0.03125 0.06875 0.06875 0.00625 0.02500 0.07500
GNM14445                       0.05000 0.06250 0.00000 0.08125 0.00625 0.05000 0.04375 0.06875 0.01250 0.10000 0.09375 0.08125 0.00625 0.04375 0.03125 0.06875 0.06250 0.00625 0.02500 0.10625
GNM14404                       0.06875 0.07500 0.00000 0.07500 0.00625 0.03750 0.07500 0.05625 0.02500 0.11250 0.06250 0.05625 0.01875 0.06250 0.03750 0.04375 0.02500 0.00625 0.03125 0.12500
GNM14366                       0.07500 0.05000 0.00625 0.05625 0.00625 0.03125 0.06875 0.07500 0.01250 0.12500 0.09375 0.07500 0.02500 0.04375 0.03125 0.06875 0.06875 0.00625 0.01875 0.06250
GNM14252                       0.06875 0.04375 0.00625 0.06250 0.00625 0.03750 0.05625 0.08125 0.01250 0.10625 0.10625 0.08125 0.02500 0.05000 0.03125 0.06250 0.06875 0.00625 0.01875 0.06875
GNM13760                       0.06875 0.04375 0.00625 0.06875 0.00625 0.03750 0.04375 0.08125 0.01250 0.10625 0.10625 0.08125 0.02500 0.05000 0.03125 0.06250 0.06875 0.00625 0.01875 0.07500
GNM13982                       0.06250 0.04375 0.00625 0.05625 0.00625 0.03750 0.05000 0.08125 0.01250 0.11250 0.09375 0.07500 0.03750 0.05000 0.03750 0.07500 0.06875 0.00625 0.01875 0.06875
GNM13960                       0.07500 0.04375 0.01875 0.07500 0.00625 0.03125 0.03750 0.07500 0.01250 0.11250 0.10625 0.06250 0.01875 0.05000 0.03125 0.07500 0.07500 0.00625 0.02500 0.06250
GNM14633                       0.06250 0.04375 0.01250 0.05625 0.00625 0.02500 0.05000 0.08125 0.01250 0.10625 0.09375 0.08125 0.03750 0.05000 0.03750 0.06875 0.07500 0.00625 0.01875 0.07500
GNM14853                       0.06250 0.04375 0.01250 0.05625 0.00625 0.02500 0.05000 0.08125 0.01250 0.10625 0.09375 0.08125 0.03750 0.05000 0.03750 0.06875 0.07500 0.00625 0.01875 0.07500
GNM14138                       0.05000 0.05625 0.02500 0.06250 0.00000 0.03125 0.07500 0.08750 0.01875 0.10625 0.08125 0.08750 0.02500 0.04375 0.03750 0.02500 0.05000 0.00625 0.02500 0.10625
GNM14055                       0.06875 0.04375 0.02500 0.05625 0.00625 0.02500 0.03750 0.08750 0.01250 0.10000 0.10000 0.07500 0.02500 0.05000 0.03750 0.06875 0.07500 0.00625 0.01875 0.08125
GNM14748                       0.06875 0.03750 0.00625 0.06250 0.00625 0.03125 0.06250 0.08125 0.01250 0.10625 0.11250 0.08750 0.02500 0.05000 0.03125 0.05625 0.06875 0.00625 0.01875 0.06875
GNM14246                       0.05000 0.05000 0.00000 0.05000 0.00000 0.03125 0.09375 0.08750 0.01875 0.08125 0.08125 0.08125 0.03750 0.05000 0.04375 0.03750 0.05000 0.00625 0.02500 0.12500
GNM14640                       0.05625 0.03750 0.00000 0.06250 0.00000 0.02500 0.08750 0.10625 0.03125 0.08750 0.08125 0.06875 0.02500 0.03750 0.04375 0.02500 0.06875 0.00625 0.03125 0.11875
GNM14965                       0.07500 0.06250 0.01250 0.05625 0.00625 0.03750 0.06250 0.06250 0.01875 0.11250 0.07500 0.06875 0.02500 0.03750 0.03125 0.05625 0.06875 0.00625 0.02500 0.10000
GNM13677                       0.03750 0.06250 0.02500 0.06875 0.00625 0.01250 0.06250 0.08750 0.01250 0.08125 0.11875 0.06250 0.04375 0.03125 0.04375 0.05000 0.04375 0.00625 0.03125 0.11250
GNM14339                       0.05660 0.05660 0.02516 0.05031 0.00629 0.02516 0.08805 0.08176 0.02516 0.07547 0.11321 0.06289 0.01258 0.05031 0.03774 0.03145 0.03145 0.01258 0.02516 0.13208
GNM14593                       0.03750 0.06875 0.00000 0.06250 0.00000 0.01875 0.10000 0.06875 0.03125 0.10625 0.11875 0.06250 0.01875 0.03750 0.03750 0.05000 0.05000 0.00625 0.03125 0.09375
GNM13825                       0.07547 0.06918 0.00629 0.05660 0.00629 0.04403 0.07547 0.06918 0.01258 0.06289 0.10692 0.03774 0.01258 0.04403 0.04403 0.04403 0.03774 0.00629 0.02516 0.16352
GNM14768                       0.05000 0.07500 0.00625 0.07500 0.00625 0.01875 0.07500 0.07500 0.03125 0.06250 0.08750 0.07500 0.02500 0.03750 0.04375 0.03125 0.03750 0.00625 0.03750 0.14375
GNM14776                       0.05000 0.06250 0.00625 0.07500 0.00625 0.01875 0.07500 0.07500 0.03125 0.06250 0.08750 0.08750 0.02500 0.03750 0.04375 0.03125 0.03750 0.00625 0.03750 0.14375
GNM14715                       0.06250 0.06875 0.01250 0.05625 0.00625 0.02500 0.08125 0.06875 0.01875 0.06875 0.10000 0.05625 0.01250 0.04375 0.03750 0.05625 0.05625 0.00625 0.02500 0.13750
GNM14639                       0.04375 0.06875 0.00625 0.05625 0.00625 0.03750 0.07500 0.06250 0.01250 0.09375 0.08750 0.07500 0.01250 0.04375 0.04375 0.06250 0.05625 0.00625 0.02500 0.12500
GNM13795                       0.06875 0.03750 0.00625 0.06250 0.00625 0.03125 0.06250 0.08125 0.01250 0.10625 0.11250 0.08750 0.02500 0.05000 0.03125 0.05625 0.06875 0.00625 0.01875 0.06875
GNM14166                       0.06875 0.05625 0.00625 0.05000 0.00625 0.02500 0.07500 0.08125 0.01250 0.11250 0.09375 0.08125 0.03125 0.04375 0.02500 0.06250 0.08125 0.00625 0.01875 0.06250
GNM13993                       0.05625 0.05625 0.03750 0.05000 0.00625 0.04375 0.08125 0.05000 0.01250 0.08750 0.11875 0.06250 0.02500 0.03750 0.03125 0.05000 0.06875 0.00625 0.02500 0.09375
GNM14450                       0.05625 0.05000 0.02500 0.04375 0.00625 0.03750 0.08125 0.06250 0.01250 0.10000 0.08750 0.07500 0.03125 0.03750 0.03125 0.07500 0.08125 0.00625 0.02500 0.07500
GNM13515                       0.07500 0.03750 0.02500 0.06875 0.00625 0.03125 0.03125 0.08750 0.01250 0.10625 0.09375 0.07500 0.03125 0.05000 0.03750 0.06250 0.06875 0.00625 0.01875 0.07500
GNM14959                       0.04969 0.11801 0.01863 0.04969 0.00000 0.01863 0.09317 0.09317 0.00621 0.05590 0.08696 0.01863 0.02484 0.04969 0.03727 0.03727 0.04348 0.01242 0.04348 0.14286
GNM13413                       0.05625 0.07500 0.02500 0.05000 0.00000 0.02500 0.06875 0.07500 0.01875 0.08125 0.08125 0.06250 0.02500 0.03125 0.04375 0.03750 0.06250 0.00625 0.04375 0.13125
GNM14971                       0.07500 0.04375 0.01875 0.07500 0.00625 0.03125 0.03750 0.07500 0.01250 0.11250 0.10625 0.06250 0.01875 0.05000 0.03125 0.07500 0.07500 0.00625 0.02500 0.06250
GNM14990                       0.07500 0.04375 0.02500 0.06875 0.00625 0.03125 0.03750 0.07500 0.01250 0.11250 0.10625 0.06250 0.01875 0.05000 0.03125 0.07500 0.07500 0.00625 0.02500 0.06250
GNM15005                       0.07500 0.04375 0.01875 0.07500 0.00625 0.03125 0.03750 0.07500 0.01250 0.11250 0.10625 0.06250 0.01875 0.05000 0.03125 0.06875 0.08125 0.00625 0.02500 0.06250
GNM15017                       0.06875 0.03750 0.02500 0.06250 0.01250 0.03750 0.05000 0.07500 0.01875 0.10000 0.09375 0.06250 0.01250 0.05625 0.03125 0.07500 0.07500 0.01250 0.01875 0.07500
GNM15024                       0.06875 0.04375 0.00625 0.06250 0.00625 0.03750 0.05625 0.08125 0.01250 0.10625 0.10000 0.08125 0.03125 0.05000 0.03125 0.06250 0.06875 0.00625 0.01875 0.06875
GNM15000                       0.06875 0.04375 0.00625 0.06250 0.00625 0.03750 0.05625 0.08125 0.01250 0.10625 0.10000 0.08125 0.03125 0.05000 0.03125 0.06250 0.06875 0.00625 0.01875 0.06875
GNM15001                       0.06875 0.04375 0.00625 0.06250 0.00625 0.03750 0.05625 0.08125 0.01250 0.10625 0.10000 0.08125 0.03125 0.05000 0.03125 0.06250 0.06875 0.00625 0.01875 0.06875
GNM11003                       0.06579 0.03289 0.01974 0.05921 0.00000 0.03289 0.07237 0.09211 0.01316 0.07895 0.09868 0.09211 0.01974 0.03947 0.03289 0.04605 0.04605 0.00000 0.03947 0.11842
GNM11023                       0.06832 0.09317 0.01242 0.06211 0.00000 0.01863 0.08075 0.08696 0.01242 0.05590 0.08696 0.04969 0.02484 0.01863 0.05590 0.05590 0.01242 0.01242 0.04969 0.14286
GNM11055                       0.03750 0.06250 0.01250 0.05625 0.00625 0.03125 0.12500 0.08125 0.01250 0.10000 0.08750 0.07500 0.02500 0.05000 0.03125 0.03750 0.02500 0.01875 0.01875 0.10625
GNM11146                       0.06173 0.06790 0.03704 0.05556 0.00000 0.02469 0.06790 0.07407 0.01852 0.07407 0.03704 0.06790 0.02469 0.06173 0.03086 0.04938 0.03086 0.00617 0.03704 0.17284
GNM11219                       0.03125 0.07500 0.00625 0.06875 0.00625 0.02500 0.08125 0.08750 0.02500 0.08125 0.10000 0.05625 0.01250 0.06250 0.04375 0.03750 0.04375 0.00625 0.01875 0.13125
GNM11220                       0.06250 0.06250 0.00625 0.07500 0.00000 0.03750 0.05625 0.07500 0.01250 0.05625 0.10000 0.08750 0.01875 0.05625 0.05000 0.01875 0.03125 0.00625 0.02500 0.16250
GNM11223                       0.05625 0.05000 0.01875 0.06250 0.00000 0.03125 0.07500 0.09375 0.02500 0.11875 0.08125 0.07500 0.03125 0.05000 0.04375 0.03125 0.04375 0.00625 0.01250 0.09375
GNM11224                       0.06250 0.05625 0.01875 0.06250 0.00000 0.03125 0.07500 0.09375 0.02500 0.10625 0.07500 0.06875 0.03125 0.05000 0.04375 0.02500 0.05625 0.00625 0.01250 0.10000
GNM11358                       0.07500 0.05000 0.01875 0.05000 0.00625 0.02500 0.06875 0.05625 0.02500 0.10625 0.10625 0.08125 0.01875 0.03750 0.03125 0.06875 0.06875 0.00625 0.02500 0.07500
GNM11360                       0.07087 0.03937 0.00787 0.07874 0.00787 0.03937 0.05512 0.09449 0.01575 0.11811 0.09449 0.07874 0.03150 0.04724 0.02362 0.04724 0.06299 0.00787 0.01575 0.06299
GNM11362                       0.06289 0.06289 0.03145 0.06289 0.00629 0.02516 0.06918 0.05660 0.02516 0.10063 0.06289 0.06289 0.03774 0.05031 0.03145 0.05031 0.05660 0.00629 0.01887 0.11950
GNM11367                       0.06250 0.04375 0.00625 0.05625 0.00625 0.03750 0.05000 0.08125 0.01250 0.11250 0.08750 0.07500 0.04375 0.05000 0.03750 0.07500 0.06875 0.00625 0.01875 0.06875
GNM11377                       0.08750 0.04375 0.01250 0.05625 0.00625 0.03750 0.06250 0.06250 0.01875 0.09375 0.08750 0.08750 0.02500 0.03750 0.03125 0.06250 0.06250 0.00625 0.02500 0.09375
GNM11380                       0.06875 0.05625 0.00625 0.05000 0.00625 0.02500 0.07500 0.08125 0.01250 0.11250 0.08750 0.08125 0.03750 0.04375 0.02500 0.06250 0.08125 0.00625 0.01875 0.06250
GNM11383                       0.07500 0.04375 0.00625 0.05000 0.00625 0.03125 0.07500 0.07500 0.01250 0.11250 0.09375 0.08125 0.03750 0.04375 0.03125 0.07500 0.06250 0.00625 0.01875 0.06250
GNM11491                       0.08750 0.03750 0.01250 0.05625 0.00625 0.03125 0.05000 0.08750 0.01250 0.11875 0.09375 0.07500 0.02500 0.05000 0.03125 0.05625 0.07500 0.00625 0.01875 0.06875
GNM11804                       0.03750 0.05625 0.01875 0.05625 0.00000 0.02500 0.13125 0.08750 0.00625 0.10000 0.08750 0.07500 0.03750 0.03750 0.03125 0.03125 0.02500 0.01875 0.02500 0.11250
GNM11805                       0.05000 0.02500 0.05000 0.06250 0.00000 0.03125 0.06875 0.08125 0.01875 0.09375 0.08750 0.09375 0.03750 0.03750 0.03125 0.06875 0.01250 0.00625 0.03750 0.10625
GNM12883                       0.09375 0.04375 0.01250 0.06250 0.00625 0.03125 0.05625 0.06250 0.02500 0.10000 0.08125 0.08750 0.02500 0.03750 0.03125 0.05000 0.06875 0.00625 0.02500 0.09375
GNM12892                       0.07500 0.06250 0.01250 0.05625 0.00625 0.03750 0.06250 0.06250 0.01875 0.10625 0.08125 0.06875 0.02500 0.03750 0.03125 0.05625 0.06875 0.00625 0.02500 0.10000
GNM12895                       0.05625 0.05000 0.02500 0.04375 0.00625 0.03750 0.08125 0.06250 0.01250 0.10000 0.08750 0.07500 0.03125 0.03750 0.03125 0.07500 0.08125 0.00625 0.02500 0.07500
GNM13060                       0.05000 0.03125 0.01250 0.07500 0.00625 0.03750 0.06875 0.08750 0.01875 0.12500 0.09375 0.08750 0.01875 0.04375 0.03125 0.05625 0.03750 0.00625 0.02500 0.08750
GNM13061                       0.06250 0.04375 0.01250 0.06250 0.00625 0.02500 0.08125 0.07500 0.01875 0.10000 0.10000 0.10625 0.01875 0.04375 0.03125 0.04375 0.03750 0.00625 0.02500 0.10000
GNM13064                       0.05625 0.05625 0.03750 0.05000 0.00625 0.04375 0.08125 0.05000 0.01250 0.08750 0.11875 0.06250 0.02500 0.03750 0.03125 0.05000 0.06875 0.00625 0.02500 0.09375
GNM13066                       0.05625 0.05625 0.03750 0.05625 0.00625 0.04375 0.06875 0.05000 0.01250 0.11250 0.10625 0.05625 0.01875 0.03750 0.03125 0.06250 0.06875 0.00625 0.02500 0.08750
GNM11032                       0.06410 0.07692 0.01923 0.05128 0.00000 0.02564 0.07692 0.07051 0.01282 0.07692 0.11538 0.03205 0.01923 0.02564 0.03205 0.09615 0.05128 0.01282 0.03205 0.10897
GNM11034                       0.06289 0.06289 0.01258 0.05660 0.00629 0.04403 0.07547 0.06918 0.01258 0.06289 0.10692 0.05031 0.01258 0.04403 0.04403 0.03774 0.03774 0.00629 0.02516 0.16981
GNM11363                       0.06289 0.06289 0.03145 0.06289 0.00629 0.02516 0.06918 0.05660 0.02516 0.10063 0.06289 0.06289 0.03774 0.05031 0.03145 0.05031 0.05660 0.00629 0.01887 0.11950
GNM11375                       0.08130 0.04878 0.00813 0.08130 0.00813 0.04878 0.04065 0.09756 0.01626 0.09756 0.09756 0.07317 0.02439 0.04878 0.02439 0.04878 0.06504 0.00813 0.01626 0.06504
GNM11381                       0.08125 0.04375 0.00625 0.06250 0.00625 0.03125 0.06250 0.07500 0.01250 0.11250 0.10000 0.08125 0.03125 0.04375 0.03125 0.06875 0.06250 0.00625 0.01875 0.06250
GNM11382                       0.06250 0.04375 0.00625 0.05000 0.00625 0.03125 0.07500 0.08125 0.01250 0.11875 0.08750 0.08125 0.03750 0.04375 0.03125 0.07500 0.06875 0.00625 0.01875 0.06250
GNM11841                       0.05625 0.06875 0.02500 0.05625 0.00000 0.05000 0.11250 0.08125 0.01875 0.04375 0.09375 0.04375 0.01875 0.03125 0.04375 0.04375 0.03750 0.00625 0.03125 0.13750
GNM11931                       0.06250 0.05000 0.01875 0.06875 0.00000 0.05625 0.10625 0.09375 0.01875 0.04375 0.08750 0.04375 0.01875 0.03125 0.05000 0.04375 0.04375 0.00625 0.03125 0.12500
GNM12040                       0.06875 0.05625 0.01250 0.07500 0.00000 0.06250 0.06875 0.09375 0.01875 0.03750 0.08750 0.04375 0.01875 0.02500 0.04375 0.05000 0.05000 0.00625 0.03125 0.15000
GNM12071                       0.05000 0.05000 0.01250 0.10000 0.00000 0.05000 0.08125 0.08125 0.03750 0.03125 0.08750 0.05625 0.01875 0.02500 0.03750 0.03750 0.06250 0.00625 0.03125 0.14375
GNM12125                       0.05625 0.09375 0.00000 0.04375 0.00000 0.03750 0.07500 0.06250 0.02500 0.10625 0.04375 0.04375 0.03125 0.03750 0.05000 0.06875 0.03750 0.00625 0.04375 0.13750
GNM12126                       0.05031 0.07547 0.02516 0.06289 0.00000 0.01887 0.07547 0.10063 0.01258 0.07547 0.05660 0.08176 0.03774 0.03145 0.03774 0.02516 0.06918 0.00000 0.04403 0.11950
GNM12128                       0.02500 0.08750 0.02500 0.05625 0.00625 0.01875 0.07500 0.07500 0.01250 0.12500 0.06250 0.06875 0.03125 0.01875 0.05000 0.05625 0.05625 0.00625 0.03750 0.10625
GNM12182                       0.03871 0.07097 0.04516 0.05806 0.00000 0.03226 0.07097 0.09677 0.01290 0.08387 0.07097 0.06452 0.05161 0.04516 0.03226 0.04516 0.05161 0.00000 0.03226 0.09677
GNM12342                       0.05000 0.03750 0.00000 0.06250 0.00000 0.01250 0.11875 0.07500 0.01875 0.08750 0.09375 0.08750 0.03125 0.02500 0.04375 0.03750 0.02500 0.00625 0.05625 0.13125
GNM12346                       0.06875 0.08125 0.02500 0.05625 0.00625 0.03125 0.11875 0.05625 0.01250 0.09375 0.08750 0.05000 0.01875 0.02500 0.03125 0.03125 0.04375 0.00625 0.03125 0.12500
GNM12351                       0.06250 0.06875 0.01875 0.06875 0.00000 0.02500 0.08125 0.09375 0.01250 0.08750 0.10000 0.06250 0.03125 0.03125 0.01875 0.04375 0.04375 0.00625 0.02500 0.11875
GNM12356                       0.05000 0.04375 0.00625 0.06875 0.00625 0.02500 0.09375 0.10000 0.01250 0.13125 0.09375 0.07500 0.04375 0.03125 0.04375 0.04375 0.01875 0.00625 0.04375 0.06250
GNM12357                       0.04375 0.05000 0.03125 0.06875 0.00000 0.01875 0.11250 0.08125 0.01250 0.09375 0.10000 0.06250 0.03125 0.03750 0.03750 0.03750 0.03750 0.00625 0.03125 0.10625
GNM12366                       0.04375 0.03750 0.01875 0.07500 0.00000 0.02500 0.08750 0.07500 0.01875 0.09375 0.10000 0.07500 0.03125 0.04375 0.03750 0.03750 0.04375 0.00625 0.03125 0.11875
GNM12373                       0.05000 0.05000 0.03750 0.07500 0.00625 0.03125 0.08125 0.08750 0.00625 0.06875 0.10000 0.04375 0.03750 0.03125 0.02500 0.06250 0.05000 0.00625 0.04375 0.10625
GNM12385                       0.06250 0.05625 0.02500 0.05625 0.00625 0.04375 0.10625 0.08125 0.01250 0.07500 0.11250 0.03750 0.02500 0.02500 0.02500 0.05000 0.05625 0.00625 0.03750 0.10000
GNM12551                       0.04516 0.07742 0.01290 0.05806 0.00000 0.01290 0.12258 0.09032 0.01290 0.04516 0.10323 0.04516 0.01935 0.03871 0.04516 0.02581 0.04516 0.01290 0.03871 0.14839
GNM12554                       0.03750 0.05000 0.02500 0.05625 0.00625 0.03750 0.10000 0.08750 0.00625 0.08125 0.11250 0.06250 0.02500 0.03125 0.02500 0.04375 0.05625 0.00625 0.03750 0.11250
GNM12592                       0.08125 0.06875 0.03750 0.06875 0.00000 0.01875 0.08750 0.08750 0.00625 0.07500 0.08125 0.06250 0.03750 0.03750 0.03125 0.02500 0.02500 0.00625 0.03750 0.12500
GNM12596                       0.06875 0.05000 0.02500 0.05625 0.00000 0.03125 0.08750 0.09375 0.01250 0.09375 0.10000 0.05625 0.04375 0.03125 0.03125 0.02500 0.05000 0.00625 0.03125 0.10625
GNM12602                       0.06250 0.04375 0.01875 0.05000 0.00625 0.03750 0.08750 0.09375 0.01250 0.06875 0.09375 0.06875 0.04375 0.03125 0.02500 0.02500 0.06250 0.00625 0.02500 0.13750
GNM12665                       0.06875 0.05000 0.01875 0.06250 0.00000 0.03125 0.08125 0.09375 0.01250 0.08750 0.10000 0.05625 0.04375 0.03125 0.03125 0.03125 0.05000 0.00625 0.03750 0.10625
GNM12745                       0.05625 0.04375 0.03750 0.05625 0.00000 0.01875 0.09375 0.07500 0.01875 0.08750 0.08750 0.06875 0.04375 0.05625 0.03750 0.02500 0.04375 0.00625 0.03750 0.10625
GNM12749                       0.04375 0.05000 0.02500 0.06250 0.00625 0.04375 0.08125 0.08750 0.01875 0.07500 0.13750 0.03125 0.02500 0.02500 0.02500 0.06875 0.04375 0.00625 0.03750 0.10625
GNM12758                       0.05000 0.06250 0.00625 0.05625 0.00000 0.01250 0.12500 0.09375 0.01875 0.07500 0.08125 0.06875 0.02500 0.04375 0.04375 0.02500 0.06250 0.00625 0.03750 0.10625
GNM12763                       0.04375 0.04375 0.03125 0.05000 0.00625 0.02500 0.10625 0.07500 0.01250 0.11250 0.08125 0.08125 0.01875 0.04375 0.04375 0.02500 0.06250 0.00625 0.03750 0.09375
GNM12766                       0.05000 0.06250 0.00625 0.06250 0.00000 0.01250 0.10000 0.08125 0.02500 0.13750 0.09375 0.07500 0.02500 0.02500 0.05000 0.02500 0.03125 0.00625 0.03750 0.09375
GNM12841                       0.05625 0.06250 0.02500 0.07500 0.00000 0.05625 0.09375 0.07500 0.02500 0.03750 0.08750 0.04375 0.01875 0.02500 0.05000 0.05625 0.03125 0.00625 0.03125 0.14375
GNM12849                       0.08750 0.04375 0.00625 0.06875 0.00625 0.03125 0.04375 0.08125 0.01250 0.10625 0.10625 0.08125 0.02500 0.05000 0.03125 0.06250 0.06250 0.00625 0.01875 0.06875
GNM12869                       0.06875 0.04375 0.00625 0.06250 0.00625 0.03750 0.05625 0.08125 0.01250 0.10625 0.10000 0.08125 0.03125 0.05000 0.03125 0.06250 0.06875 0.00625 0.01875 0.06875
GNM12896                       0.06875 0.05625 0.00625 0.05000 0.00625 0.02500 0.07500 0.08125 0.01250 0.11250 0.08750 0.08125 0.03750 0.04375 0.02500 0.06250 0.08125 0.00625 0.01875 0.06250
GNM12897                       0.06875 0.05625 0.00625 0.05000 0.00625 0.02500 0.07500 0.08125 0.01250 0.11250 0.08750 0.08125 0.03750 0.04375 0.02500 0.06250 0.08125 0.00625 0.01875 0.06250
GNM12902                       0.05000 0.05625 0.04375 0.07500 0.00000 0.03125 0.05625 0.08750 0.01875 0.10625 0.06875 0.07500 0.03125 0.03125 0.03125 0.03750 0.04375 0.00625 0.04375 0.10625
GNM12903                       0.05590 0.08075 0.02484 0.04969 0.00000 0.00000 0.07453 0.09317 0.01242 0.06211 0.06832 0.06832 0.03727 0.05590 0.05590 0.03727 0.06211 0.00621 0.02484 0.13043
GNM12906                       0.04969 0.08075 0.03106 0.03727 0.00000 0.00000 0.08696 0.09317 0.01242 0.06211 0.06832 0.06832 0.04348 0.05590 0.05590 0.02484 0.07453 0.00621 0.02484 0.12422
GNM12907                       0.04969 0.09317 0.02484 0.04348 0.00000 0.00000 0.08696 0.08696 0.01242 0.07453 0.06211 0.06832 0.03106 0.05590 0.04969 0.03727 0.05590 0.00621 0.02484 0.13665
GNM12909                       0.05590 0.08075 0.01863 0.04348 0.00000 0.00000 0.08075 0.09317 0.01242 0.08696 0.06211 0.06832 0.04969 0.04969 0.05590 0.03727 0.06211 0.00621 0.03106 0.10559
GNM12915                       0.05000 0.06250 0.00625 0.06250 0.00000 0.03125 0.08125 0.07500 0.01250 0.06875 0.05625 0.10000 0.03750 0.03750 0.05000 0.02500 0.04375 0.01250 0.04375 0.14375
GNM10046                       0.04375 0.05000 0.01250 0.06250 0.00000 0.01875 0.08125 0.07500 0.01875 0.10000 0.06875 0.10000 0.03750 0.03750 0.05000 0.02500 0.04375 0.01250 0.05000 0.11250
GNM12918                       0.03750 0.06875 0.00625 0.07500 0.00000 0.01875 0.07500 0.07500 0.01250 0.07500 0.05625 0.09375 0.03750 0.03750 0.05625 0.02500 0.05000 0.01250 0.04375 0.14375
GNM12931                       0.07500 0.09375 0.02500 0.05625 0.00000 0.02500 0.08125 0.05625 0.01250 0.09375 0.08125 0.06250 0.01875 0.04375 0.06250 0.02500 0.03750 0.00625 0.05000 0.09375
GNM12938                       0.05031 0.04403 0.03774 0.05660 0.00000 0.05031 0.07547 0.08176 0.01887 0.11950 0.06289 0.07547 0.03774 0.03145 0.03145 0.05660 0.02516 0.00629 0.04403 0.09434
GNM12996                       0.05031 0.05031 0.03774 0.05031 0.00000 0.05660 0.06289 0.06918 0.01258 0.09434 0.07547 0.08805 0.02516 0.03145 0.03774 0.03145 0.04403 0.00629 0.04403 0.13208
GNM13018                       0.04403 0.05031 0.03774 0.05031 0.00000 0.05660 0.06289 0.06918 0.01258 0.10063 0.07547 0.08805 0.02516 0.03145 0.03774 0.03145 0.05031 0.00629 0.04403 0.12579
GNM13027                       0.05660 0.05031 0.03145 0.05660 0.00000 0.06289 0.07547 0.07547 0.01258 0.12579 0.07547 0.07547 0.02516 0.03774 0.03774 0.04403 0.03145 0.00629 0.03774 0.08176
GNM13046                       0.06875 0.03750 0.00625 0.06875 0.00625 0.04375 0.04375 0.08125 0.01250 0.11250 0.09375 0.07500 0.03125 0.04375 0.03125 0.06875 0.07500 0.00625 0.02500 0.06875
GNM13074                       0.05625 0.05000 0.00625 0.06875 0.00000 0.01875 0.08125 0.07500 0.02500 0.06875 0.08750 0.10000 0.04375 0.03750 0.05000 0.01875 0.03125 0.01250 0.04375 0.12500
GNM10010                       0.05000 0.05625 0.01250 0.06250 0.00000 0.02500 0.08125 0.08125 0.01875 0.06250 0.08125 0.09375 0.04375 0.04375 0.05000 0.01875 0.03125 0.01250 0.03750 0.13750
GNM10014                       0.04375 0.06250 0.03125 0.05625 0.00000 0.02500 0.09375 0.07500 0.01250 0.07500 0.06875 0.08750 0.05625 0.03750 0.05000 0.01875 0.03125 0.01250 0.04375 0.11875
GNM13090                       0.05625 0.05000 0.00625 0.07500 0.00000 0.01875 0.08125 0.07500 0.01875 0.09375 0.07500 0.10625 0.05000 0.03125 0.05000 0.02500 0.03125 0.01250 0.03750 0.10625
GNM13118                       0.03681 0.08589 0.03067 0.04908 0.00000 0.02454 0.10429 0.08589 0.01227 0.07975 0.06748 0.05521 0.01840 0.04294 0.04294 0.04908 0.04294 0.00613 0.03681 0.12883
GNM13126                       0.05096 0.06369 0.01274 0.07643 0.00000 0.03822 0.08280 0.08280 0.01274 0.07006 0.08280 0.08280 0.03822 0.03822 0.01911 0.05096 0.02548 0.00637 0.04459 0.12102
GNM13128                       0.05000 0.04375 0.01250 0.08125 0.00000 0.03750 0.07500 0.08125 0.01250 0.07500 0.08125 0.10625 0.04375 0.04375 0.01875 0.05625 0.02500 0.00625 0.03750 0.11250
GNM13208                       0.06211 0.06211 0.01863 0.05590 0.00000 0.00000 0.06832 0.08696 0.02484 0.08075 0.08075 0.09317 0.03727 0.04969 0.04969 0.04969 0.04348 0.00621 0.02484 0.10559
GNM13210                       0.03750 0.06250 0.03125 0.05625 0.00000 0.03125 0.08125 0.10625 0.01875 0.05625 0.06875 0.05625 0.03125 0.04375 0.05625 0.03125 0.03750 0.00000 0.04375 0.15000
GNM12773                       0.04375 0.04375 0.00625 0.06250 0.00000 0.03125 0.06875 0.09375 0.01250 0.10000 0.08750 0.08750 0.03125 0.03750 0.04375 0.04375 0.05000 0.00625 0.03125 0.11875
GNM12769                       0.04375 0.04375 0.03125 0.08750 0.00000 0.01875 0.07500 0.06250 0.01875 0.09375 0.06250 0.09375 0.01875 0.07500 0.04375 0.03750 0.03750 0.00625 0.02500 0.12500
GNM12768                       0.05000 0.05625 0.00000 0.06875 0.00000 0.03750 0.08750 0.08750 0.01875 0.10625 0.08750 0.03125 0.01875 0.04375 0.03750 0.04375 0.07500 0.00625 0.03125 0.11250

Homogeneity statistic: X2 = 10.48449 G = 11.06021 

Average                        0.05944 0.05532 0.01690 0.06146 0.00359 0.03075 0.07437 0.07917 0.01596 0.09212 0.08993 0.07182 0.02842 0.04178 0.03721 0.04891 0.05362 0.00686 0.02883 0.10355
(Ambiguity characters are used to calculate freqs.)


# constant sites:      3 (1.82%)

TREE #  1:  ((((((((44, 137), 123), (53, 87)), 88), 89), (((125, 126), (90, 52)), (124, 127))), ((((((117, 116), 119), 118), 136), (55, 43)), 133)), (((((((((((((((((46, 47), 45), 21), 48), 25), (((63, 20), (23, 22)), 42)), (((((((50, 49), 51), 112), (18, 7)), (((26, 38), (8, 6)), (80, 19))), ((11, 61), 111)), 67)), 128), (((81, 66), 17), 82)), (((113, 65), 114), 39)), ((((5, 70), (64, 13)), (29, 71)), (14, 60))), (72, 41)), (79, 62)), ((((40, 75), 76), 15), (36, 12))), ((((1, 73), 74), (9, 2)), 37)), ((((34, 35), (3, 32)), (4, 30)), ((78, 33), (31, 77)))), (((((((24, 28), 27), 138), (58, 59)), 56), (139, 140)), (16, 57))), (((((((((((104, 102), 103), 93), 101), 92), (((100, 98), 106), 97)), ((((85, 10), 86), (83, 110)), 84)), (54, 68)), ((135, 134), (69, 115))), ((((((96, 95), 94), 109), 91), ((105, 107), 108)), 99)), ((((130, 131), 132), 129), ((122, 120), 121))));   MP score: -1
lnL(ntime:277  np:278): -16146.478994      +0.000000
 141..142 142..143 143..144 144..145 145..146 146..147 147..148 148..44  148..137 147..123 146..149 149..53  149..87  145..88  144..89  143..150 150..151 151..152 152..125 152..126 151..153 153..90  153..52  150..154 154..124 154..127 142..155 155..156 156..157 157..158 158..159 159..160 160..117 160..116 159..119 158..118 157..136 156..161 161..55  161..43  155..133 141..162 162..163 163..164 164..165 165..166 166..167 167..168 168..169 169..170 170..171 171..172 172..173 173..174 174..175 175..176 176..177 177..178 178..46  178..47  177..45  176..21  175..48  174..25  173..179 179..180 180..181 181..63  181..20  180..182 182..23  182..22  179..42  172..183 183..184 184..185 185..186 186..187 187..188 188..189 189..50  189..49  188..51  187..112 186..190 190..18  190..7   185..191 191..192 192..193 193..26  193..38  192..194 194..8   194..6   191..195 195..80  195..19  184..196 196..197 197..11  197..61  196..111 183..67  171..128 170..198 198..199 199..200 200..81  200..66  199..17  198..82  169..201 201..202 202..203 203..113 203..65  202..114 201..39  168..204 204..205 205..206 206..207 207..5   207..70  206..208 208..64  208..13  205..209 209..29  209..71  204..210 210..14  210..60  167..211 211..72  211..41  166..212 212..79  212..62  165..213 213..214 214..215 215..216 216..40  216..75  215..76  214..15  213..217 217..36  217..12  164..218 218..219 219..220 220..221 221..1   221..73  220..74  219..222 222..9   222..2   218..37  163..223 223..224 224..225 225..226 226..34  226..35  225..227 227..3   227..32  224..228 228..4   228..30  223..229 229..230 230..78  230..33  229..231 231..31  231..77  162..232 232..233 233..234 234..235 235..236 236..237 237..238 238..24  238..28  237..27  236..138 235..239 239..58  239..59  234..56  233..240 240..139 240..140 232..241 241..16  241..57  141..242 242..243 243..244 244..245 245..246 246..247 247..248 248..249 249..250 250..251 251..252 252..104 252..102 251..103 250..93  249..101 248..92  247..253 253..254 254..255 255..100 255..98  254..106 253..97  246..256 256..257 257..258 258..259 259..85  259..10  258..86  257..260 260..83  260..110 256..84  245..261 261..54  261..68  244..262 262..263 263..135 263..134 262..264 264..69  264..115 243..265 265..266 266..267 267..268 268..269 269..270 270..96  270..95  269..94  268..109 267..91  266..271 271..272 272..105 272..107 271..108 265..99  242..273 273..274 274..275 275..276 276..130 276..131 275..132 274..129 273..277 277..278 278..122 278..120 277..121
 0.137237 0.143417 0.076541 0.056796 0.036626 0.178141 0.112660 0.263407 0.285881 0.327467 0.122575 0.807699 0.374897 0.622618 0.546070 0.346099 0.000572 0.210431 0.000000 0.011678 0.133700 0.268611 0.156672 0.061974 0.118312 0.077147 0.076369 0.135157 0.400797 0.088009 0.044882 0.000000 0.050711 0.072684 0.065981 0.073538 0.182824 0.163250 0.269880 0.242289 0.579246 0.144321 0.056105 0.164672 0.044988 0.141762 0.037552 0.000000 0.136224 0.038093 0.006927 0.011226 0.036798 0.057701 0.019406 0.087337 0.000000 0.000000 0.005915 0.005946 0.000000 0.000000 0.129506 0.050315 0.027890 0.051300 0.013093 0.005834 0.000000 0.010771 0.000000 0.000000 0.056371 0.000000 0.006167 0.000000 0.011948 0.000000 0.000000 0.000000 0.000000 0.000000 0.000000 0.000000 0.000000 0.005936 0.000000 0.000000 0.005966 0.024260 0.000000 0.000000 0.000000 0.000000 0.018063 0.015945 0.000000 0.007970 0.014131 0.016550 0.000000 0.000000 0.011581 0.076790 0.055381 0.058654 0.000000 0.011565 0.018038 0.005061 0.023836 0.010793 0.093697 0.000000 0.000000 0.000000 0.000000 0.000000 0.005817 0.065651 0.018424 0.012705 0.036351 0.000000 0.005817 0.026842 0.000000 0.005745 0.106776 0.000000 0.005759 0.138934 0.000000 0.000000 0.161218 0.000000 0.000000 0.199520 0.000000 0.000000 0.060503 0.000000 0.293258 0.025971 0.000000 0.000000 0.059298 0.171310 0.137063 0.092651 0.025656 0.000000 0.061389 0.254144 0.107905 0.032896 0.022348 0.139200 0.206101 0.000000 0.000000 0.193421 0.143334 0.020615 0.173763 0.115880 0.008412 0.003908 0.151067 0.131655 0.096974 0.376699 0.000000 0.012168 0.131023 0.274459 0.059946 0.010730 0.099887 0.172343 0.277095 0.000000 0.099626 0.050506 0.088436 0.040509 0.034086 0.007182 0.136754 0.102845 0.104402 0.161007 0.178313 0.023834 0.037433 0.246627 0.000000 0.336883 0.374423 0.072303 0.410282 0.251567 0.111043 0.062063 0.088039 0.054126 0.101338 0.000000 0.045396 0.037119 0.116967 0.192782 0.057969 0.026465 0.003597 0.027491 0.150266 0.255959 0.270156 0.388341 0.060386 0.085864 0.072872 0.117319 0.110068 0.117533 0.449252 0.002846 0.067139 0.000000 0.093918 0.080260 0.151089 0.024507 0.092177 0.027447 0.117957 0.178640 0.161426 0.033971 0.528056 0.113438 0.046300 0.080720 0.142653 0.162067 0.201929 0.000000 0.020371 0.242025 0.049250 0.103743 0.072515 0.074877 0.082432 0.172227 0.014561 0.158121 0.169527 0.116945 0.345749 0.090589 0.145040 0.810896 0.320689 0.055353 0.032176 0.022582 0.028684 0.138298 0.038349 0.006562 0.084729 0.023137 0.021281 0.024832 0.061638 1.469658
