
Printing out site pattern counts


       139        150  P

GNM13746                        ---------- AAAAAAAACC CDDDDDDDDD DEEEEEEEEE EFGGGGGGHH IIIIIIIIII IIKKKKKKKK KKKKKKLLLL LLLLLLLLLL LLLMMMNNNN NNNPPPQQQR RRRRSSSSSS SSTTTVVVVV VVVVVVVVWY YYYYYYYYYY 
GNM13876                        ---DGLLNTV AFGLPRTVLT VDDEEGGKRR SDEEGGKNPR RRGGGGMTFS CHIIILMQVV VVAEKKLLQR RRRSTVEIII LLLLLLMNVV VVYDRSDEGL NNSAPPEQRE RRRRAAADRS TTEVVCEHIL TTVVVVVWWD EFFIIKLLVY 
GNM13680                        ---ERFFLGL SFGLNKAARN SDDDEGGKKY RDETETGRVK NEAGGGMTVD ILIKLIIEII LVKDKKYYRG KKKASIEAFL ILLLLMLNAA PVLDKQGEGK NSVPPPKELE ERRTASVSMA HTATVVIHVV STIITVVVWQ RIVALKILVY 
GNM14837                        ---DDFFKTI AFGLNEAVRN IDNDKGKKEY TDESSNQEPS NVAGGHMSIE VIISIIQEII VVKKKKHYKK KKQQKKKLIR LLLLLLLEAD PIADKEEEGK NDFIPPKQLK KRRVASVTID HSGETMVHIV ITLVNIMVWD QVVILSIYVY 
GNM14249                        ---DEFFKSI AFGLNEALRN IDNDKGGNEY TDEEENQETN EIAGGEMTIQ IIMSILEDIS AVKKKKYYKE KKKKSQKLIK ILLLLLLNAE PITDKKEEEK NNVMPPQQSK KRRVASVTTE HSSIVVVHIV ITIIVVVVWD QIIILKIYVY 
GNM13928                        ---DDFFKTI SFGLNKATRN IDNDEGNKEY SDETSNEEVN QITGGQMTIS VIISIIKDIC AIKEKKHYKE EKEKKKKLII MLLLLLLEAD PIADKGQEEK NSFIPPDELK QRRVASVKIE HTGVVMIHIV ITIVVVVVWE TIVILSIYVY 
GNM14865                        ---RD--WT- AHGANDAACT IHDDADGRDH ADEDDEAELE DETGSGMTVD IEVRVVRVVA RVRRKKGD-D ASEGDFLLIV LLLLL-IDVE HVLED-TEDD NRYPPPDEY- DRRRASE-RD TTEVTV-HVL ATIVTVVVFA RALVLQLLFE 
GNM13455                        ---DDFFKTI SFGLNSALRN IDDDEGEKEY SDESPNKVVN EIVGGGMTIS VIISIIEDIT AVRKKKHYKK KKKKNQKLVI LILLLLLKAD PVADQKEDGE NNSIPPKQLK KRRVSSVSKD HTGVVVIHIV ISLVVVVVWE SIIILSIYVY 
GNM14483                        -----LLH-V SFGLHALACT LSDDEGASDY KDEKP-SRTT KKAGGSNTCP IFIYVVLTIV VVVGKKAKSR VKPVRALLFA MIILLLTRAS PVSDRRAEAD NEAPPPAERS ARRRAAYGKF KTEATVLHIY LTLITVTGWA DLQVLRLLVY 
GNM14872                        ---GKFYIGL SFGANKAARN SDDDEGKKEY IDETETRRTK NEAGGGVTIE ILIRLVLKIV VVNSKKYRRK KKQADALAFI LVLLLVLEAR PILDEQSEGK NSAPPPEEVE ERRTAAVSMA HTSTVAIHII STVVTVVVWQ KIVALEILVY 
GNM13855                        --FNNIYLEL AFGSNQAART IDEDSGINNY SDEIPDASIK SRAGGELTIS IFLKVLSEIT IVRYKKYYKE KKDADNQILS LLLLLMLQID PISDALFDSD NSCPPPEELS SRRISAVQFS HSNVVVVHII ITIINVLVWA EIIVLKIYVY 
GNM14445                        ---GELYKDI AFALNDLACS CDDNKDARLF SDEQKDDSTR REGGGGNTFN IQLIIVIEII IVKRKKAKKK KTKLESFYFL LVLLLILKAN PIFSSKKDES NSAPPPKEET DRRRASVFFS KTSITVIHLI ISVITVIGWD KIIALALYIY 
GNM14404                        ---RRLVFTK AYGANEAVCT CDDDDGGRDL SDECDYEDLD EASGGGKSLD MRIFILRVVI IVLRKKEIRI SISSSAAFVI MFLILLFDLV HVLEKDREYE NHYLPPSERS ELRRAAESLS SSEVVVVHVL ITIINIVVWS RLWFLKLLVY 
GNM14545                        ---RRLVFTK AYGANEAVCT CDDDDGGRDL SDECDYEDLD EASGGGKSLD MRIFILRVVI IVLRKKEIRI SISSSAAFVI MFLILLFDLV HVLEKDREYE NHYLPPSERS ELRRAAESLS SSEVVVVHVL ITIINIVVWS RLWFLKLLVY 
GNM14366                        ---GGFFITR AFGLNAATKN IDDDRGKIKY TDESESSKTK KIAGGGCTIK AIVVLLNKIA AVIAKKYYRK QKRKKSKVIV LVLLLLLQAK PVLDKANENK NNAIPPKQIK KRRIASVAFE HTGMVAVHVV LTIVTITVWQ KIILLALYVY 
GNM14252                        ---DEFFKSN AFGLNKALRN IDNDKGGKEY SDEEENQDAN KIAGGKVTIQ VIISIIEDIS AVNKKKYYKE KKKDSQKLIK MLLLLLLNAN PITDKKEEQE NSVIPPEQLK KRRVSSVTVD HSSVVVVHIV ITIVVIVVWD QIIILKIYVY 
GNM13760                        ---KDFFKVI AFGLNEAERN IDDDKGKKEY SDETPNHETN GIAGGEMTIE VIISIIKDII TIKKKKHYKK KKEVKRKLII LLLLLLLEAD PIADRQNDGE NSVIPPNQLK NRRVASVTID HTGNVVVHIV VTLVMVTVWE KIIILTIYVY 
GNM13982                        -N-DDFFLGN SFGLNKALKN IDDDQGKKEY QDETQTKETT KIAGGGVTIE IEFNLFLEII AVKKKKNYKN KKDQESEYVI SILLLMLKAN PVADQNIEDQ NNFPPPKELE RRRITSVEYK HTGIVVIHII ITLVAISVWV KVFILKIYVY 
GNM13960                        ---NDFFKSI SFGTNEATKN IDNDSGNLSF SDETEQEEVE EISGGGLTIE IIVVLLKDLK LVNEKKYYKK KKRKSKEYII LLLLLLLKAD PVADIKTDSK NNFIPPKQDK KRRIASVTMA HTGIVAIHII VTLVTVTVWE KIEILQVYVY 
GNM14633                        -N-EDFFVGD AFGLSSALKN IDDDSGKKEY QDETQVEETK KVAGGGVTVE VELNLLLDII VIKAKKNYRD KKNKDSKFLL KILLLMLSAD PVADKSVEEQ NNFPPPEELE ERRIQSVAQS HTGVVVIHIV ITVVTVTIWL KIFILEIYVY 
GNM14055                        -N-KELLKTV SFGLNAATKN TDDDEGGKEY SYETEAKEVS QIAGGG-TIE IKIMLIEDLI TVKKKKNMEI EKSKDSKYII TMILLIFSAK PVFDQQISNK NNFPPPNQLK IRRVMAVDVH HTAVVVVHIV TTLVTVTVWQ NFLILKIFVY 
GNM14748                        ---EDFFITE TFGLNQAVRN IDDDNGNKEY SDENSQQETE EEAGGEMTIE VIISIIKHII VVKAKKHYKK KKKKTKKFVM MILLLLLEAE PVTDKEQEEK NNFIPPEQLK KRRVSSVTIN HSGVVMVHVV ITIVVIAVWQ IILILTIYVY 
GNM14246                        ---RGLFITL ACGVAEAVRT CDNDRDGKDD KDETMESDIR EKSGGARTHE MRIVILLEVL LAWSKKWDDS RKCHHAEAIV LLLLLLLEVG MVLDKQIEGE NDCIPPGERA DRRLAADELG TSAVVVVHIL VAIVVVVLWK EVLFYTLMVF 
GNM14640                        ---RKLFITM ACAVTDAVRT CNDDRDGKDD KDERVVSDTS EKSGGG-THE MRA--LLEIL LAWSKKWDDK RKRQHAEAIV LVLLLLLEAG VVLDKHIEGK NDCVPPNEKT SRRLAADEVG TSAVVVVHIL ISIVVVVLWE EILFYGLMVF 
GNM14965                        ---TGLFEII SFGTNKAARN TDDDMGNKSY TDETKVKEVE EAAGGGTTVQ ILIRVVFQIL IIKEKKYYKK KMKLDTRALV LILLLALNIP PILDLQVEGA NSAPPPQELE DRRISAVYLS HTAIVVIHIV CTVITVVVWD RIVALKIFVY 
GNM13677                        ---DGLLHTV AFGLPRTVLT VDDEEGGKRK SEEEGEKNSR KRGGGGLTFS CHIIILEQVV VVAAKKLLQQ RRRSTVEIIL LLLLLVMNVV VVYDRSDEGL NNSAPPEQRE RRRRAAADRS TTEVVCEHIL TAVVVVVWWD EFYVIELLVY 
GNM14339                        -----LLR-I AMGLRAVVRT VEDNEGGR-K PHEGL-SGPR AIAGTGKAVE CRIVYLGRVV AVLAKKVLEA KRLGGRRGVM LALLLLVEAE FVYEKQEED- NCFVPPLQRG LRREAAAEGS STETVVVHIL VTVVTVVLWE ELLVIELLPY 
GNM14593                        ---AGLILDI AYGIPRVAIV PDDDSDCRDK PDEDNEEDLV SVGGSGWVFD ITIAILKIVI VIASKKHDEL RKRGPKKAIV LLILLLISIE FKLDKSKENV NRVVAPEQEK RRRRAASELS TSALVIVIIL FVVILVVLWE AIFLYELLPY 
GNM13825                        -----LLL-L TYGVARPART VERDEDGR-K DDETR-ERME AVGGSGRFLE VRIAVVIEIV VARSKKVIRA ARRGRIRLIL LAILLLIDAR FLYRREEQG- NNVVPPSQEA LRRVAAVERA SSEVVVPHVL VEVVVVTLWE ELLVVELLPY 
GNM14768                        ---SKLLEAL AFGLPRAAMV PDDDEDGGDK SDEDKEGRLQ SLGGSG-LFE AAI--LAA-I VVRSKKVTGA RRKGSRRLLI LAILLLIRVD FQLELDEEGE NRILAPAQER RRRIAAAECA TTSLVAVVLL FMVIAVV-WL ELLIYRVLPY 
GNM14776                        ---SKLLEAL AFGLPRAAMV PDDDEDGGDK SDEDKKGRLQ SLGGSG-LFE AAI--LAA-I VVRSKKVTGA RRKGSRRLLI LAILLLIRVD FQLEFDEEGE NRILAPAQER RRRIAAAECA TTSLVAVVLL FMVIAVV-WL ELLIYSVLPY 
GNM14715                        ---GDLLIGV AFGLNALACT ISDDEGGTKS RDETGDEATR SGAGGGGTSA VEFILALVIV LVRRKKSRSR MRPREARVLY LIILLLTASG PLAELRRASA NERPPPAESS ARRRAAYDRR KTEASVAHLY VSVITVTGWE ELLVLGILVY 
GNM14639                        ---MYFFLGT AFALNSLLCT CNDDKGGKGH PDESKDNKTK KEAGGGNTVK AIIRVISIIV VALKKKFYRK KKKSDKRFIL TILLLLLNCE PTYEVGDMKR NDHVPPKVLE DRRRSSVALQ KSGVTVLHLV LTIITVIGWE RIVILEILVY 
GNM13795                        ---ENFFMTK TFGLNQAVRN IDDDNGDKEY SDENSRKETE EETGGEMTIE VIISIIKHII VVKAKKHYKI KKKKKKKLII MVLLLLLEAE PITDKEQEEK NNFIPPEQLK KRRVSSVTKD HSGVVIVHVV ITIVVIAVWQ VIIILSIYVY 
GNM14166                        ---NGFFMTN TFGLNDAVKN IDDDKGKKKY TDESENRKVH RKAGGG-TIL VIILKILKIS IVLKKKHYKK KKKDEEKLIV LILLLMLKAS PIYDKQNEDK NSFIPPKQLK KRRISSVLIQ HSGMTAVHLV ITIVTVTIWT KIIVLSIYVY 
GNM13993                        ---EQLYRLI TYAINNLVCN IDDDSGNKYE KDEEEEKEIM KIAGGGETIE ISFSILEIII ITKEKKYSRG IKNKWKMMIS LIILLLLNIE PTCEKRNDNE NEFVPPIESK ERRRSSIHKE KTVITILHIA ITIIVVTGWT KLFFLDIYLY 
GNM14450                        ---SSFFYGM TFGLNQATRN CDDDQGCVSY NDEKDDKNLK KESGGG-TLK ILIMLVIEII LVTSKKYYKL KKKKCKKLFI LLIILMLDAF PILDKYKDAK NSASPPKELA KRRVAGVSMS HTSTVVVHII ITLINVVVWV AIIALSIYVY 
GNM13515                        ---QDFFLAI SFGLNNAVKN IDDDKGGSEY SDETEVQKVI DLAGGGMTLK IYLVLLEKII LVKKKKNYTK NKNDDNKHII KLLLLFLSAE PIADSKDDDK NNFPPPKQLE KRRILSVQSP HTGIVAIHVI ITLITVTVWT KIIILDIYVY 
GNM14959                        ---LTMEKNL AFGANGIVLS SDDDCGNRPL PDEDVLKDED KMAGTGVTLQ ILVRLLEEIV VIVRKKSTRE KKVADLLAVI FIVLLLLKIR NSLMVSVEGK NNIVPPMELT YRRRSADDWD TTLIVCIVIL VTIVTVVLWD DVVVARILIW 
GNM13413                        ---TGDFLSA AFGLGDPAAV VEDDRGGADI GDESPESGEE AAAGTGLALG IEVLLLEVVI VINSKKYLRR AKRSEAEFVV TVLLLLLRAR EVSNLSRENA NHYPPPSEIP LRRRAASPKP TSMVTVVHVL VSIITVVVWE SIYFYELLLW 
GNM14971                        ---NDFFKSI SFGTNEATKN IDNDSGNLAF SDETEQEEVE EISGGGLTIE IMIVLLKDLK LVNKKKYYKK KKRKSKEYII LLLLLLLKAD PVADIRADSK NNFVPPKQDK KRRIASVTMA HTGIVAIHII VTLVTVTVWE KIEILQVYVY 
GNM14990                        ---NDFFKSI SFGTNEATKN IDNDSGNLAF SDETEQEEVE EISGGGLTIE IMVVLLKDLK LVNKKKYYKK KKRKSKEYII LLLLLLLKAD PVADIRADSK NNFVPPKQDK KRRIASVTMA HTGIVAIHII VTLVTVTVWE KIEILQVYVY 
GNM15005                        ---NDFFKSI SFGTNEATKN IDNDSGNLAF SDETEQEEVE EISGGGLTIE IMVVLLKDLK LVNKKKYYKK KKRKSKEYII LLLLLLLKAD PVADIRADSK NNFVPPKQDK KRRIASVTMA HTGIVAIHII VTLVTVTVWE KIEILQVYVY 
GNM14992                        ---NDFFKSI SFGTNEATKN VDNDKGNLPF SDETEQKDVE EISGGG-TIE IIIVLLKELK LVNQKKYYKR KKKKSKEYII LLLLLLLKAN PVADIRTDSK NNFVPPKQER KR-IASVTMI HTGVVAVHIV VTLITVTVWE KIEILQVYVY 
GNM14994                        ---ENFFKTV TFGLNQAVRN IDDDIGKKEY SDENPNEETE EETGGEMTIQ VIISIIKDII TVKGKKHYKK MKKKEKKFVV LLLLLLLEAE PIADIKEDKK NNFIPPEQLK KRRVSSVAKG HSGVVIVHVV ITIVVIAVWE VVIILLIYVY 
GNM15022                        ---ND--KSI SFGTNEATKN IDN-SGNLAF SDETEQEEVE EISGGGLTIE -IIVLLKDLK LVNEKKYY-K KKRKSKEYII LLLLL--KAD PVADI--DSK NSFVPPKQ-- KRRIASV-M- HTGIVAIHI- VTL-TVTV-E KIEILQVYIY 
GNM14995                        ---DDFFRSL SLGMNEAVRN IDNDKGNLPY VDEAEQKNVE DIAGGG-TIQ ILVMLLEDLK LVNKKKYYKI QKKKSKEYVI LLLLLLLKAD IVADTKTDCK NSFPPPKQEE KRRIASVSKT HTGTVAVHII VTLITVTVWQ KIEILQIYVY 
GNM15017                        ---DDFFRSL QLGMNGAVKN LDNDKFNLPY VDEAEQKNVR DIAGGV-TIQ ILVMLLEDLK LVMKKKTYKI QKEKSNEYVL LLKLLLLKAD IVLITKTICK ISFPPPKQEK KRRIA-VSKT HT-TVAVHVI VTLITVTVWQ KVEILQIYVY 
GNM14999                        D--SDFFKSF SFGNNEAIKN IDNNEGNLQF SDEGEQEDVE KISGGG-TIE IKVVLLKDLK LVNTKKYYKK KKKKSKDYII LCLLLLLKAD PVADIRVDSK NNFTPPKQDR KRRIASVTKT HTGVVVVHII VTLVTVTVWE KIEILQVYVY 
GNM15025                        ---QDFFIVV AFGLNNAAKS IDDDKGGHEY TDETESREVK PLAGGGMTLK IYISIIEKII LVKKKKNYTK KKKEQNKSVI WLLLLLLVAE PITDTKNDDQ NNFPPPKQLE RRRIESVQPP HTGLVCAHII ITLITVTVWE KIIILDIYVY 
GNM15024                        ---DEFFKSI AFGLNEALRT IDNDKGGREY SDETDNQDTN EIGGGQMTIQ VIISILKDIS AIKQKKYYKE KKEKSQDLIK SILLLLLEAD PVTDKKEEEQ NNVIPPEQLT KRRVASITMD HTSVVVIHIV ITIVVVVVWE EVIILKIYVY 
GNM15000                        ---DEFFKSI AFGLNEALRT IDNDKGGREY SDETDNQDTN EIGGGQMTIQ VIISILKDIS AIKQKKYYKE KKEKSQDLIK SILLLLLEAD PVTDKKEEEQ NNVIPPEQLT KRRVASITMD HTSVVVIHIV ITIVVVVVWE EVIILKIYVY 
GNM15001                        ---DEFFKSI AFGLNEALRT IDNDKGRREY SDETGNQDTN EIGGGQMTIQ VIISILEDIS AVKQKKYYKE KKKKSQDLIK SLLLLLLEAD PITDKEEEEQ NSVIPPEQLK KRRVASITTD HTSVVVIHIV VTIVVVVVWE EVIILKIYVY 
GNM15019                        ---ENFFKTV TFGLNEAVRN IDDDIGKKEY SDENPNEETE EETGGEMTIQ VIISIIKDII TVKGKKHYKN KKKKEKKFVV LLLLLLLEAE PIADIKEDKK NNFIPPEQLK KRRVSSVAKG HSGVVIVHVV ITIVVIAVWE IVIILLIYVY 
GNM11003                        ---RNIVYTL AFGVSEPVKT IHNDIGGRDL NDETELSKDD SYSGTKTSYE IVFRILLVIV VIAAKKQLKK KRKNDWKLII FILLLLLNIE SVLEKDEENP NYCAPPRQDV RRRESAEKKS TTEVVVAIIE VAVITIPVWE SIFIYEVLIW 
GNM11023                        ---RALLLTD LGGASSPVTT IEDDGGGRPL PEESRGEAWE SEGGTFMTFR VRVLLILVVV VVVVKKWIED ASRRAQKCVV TLFLLVLDLE SEGEEARETT NNIPPPGESV ERRRAASELD TSLVTAVVVV VSVITLTLWE LALVTESLWW 
GNM11055                        ---DGMF-E- AAGLVESICT ITDDEDNMDL SDESKEESVE -RAGG-MTVE VRALILRVLL LILAKKVAEA SEEDDHKYIL -ILLLILEAE HVLEREGEEE NNYLPPGEED ARRRRAEEVS STEVTA-HVL VSIITVVAWE EMLILEVLLW 
GNM11146                        ---QSLISFI IFKASDYRRV HNVDVGG-EL PDENKYEGKS KYLGSNMTVD VLIKILIQVI TTFAKKNISD CKGNDLSYLE LVTILLLGLC ESVD-HENGD NDRIAPRQKG KLRESSEGLV STVLSVVILY ITAVFVVLWE DVLMAEAYVW 
GNM11219                        ---RGLWMTL AHGLSEAVRS CDDDEDGRDD RDETLGEELE RRAGGGLTHL MEIIVLLRVV VVGRKKSWEG ARRASLEAVL LMLLLLLEAA HVLERMVEDG NAHPPPGEMA ERREAAEQWD TTEVVVGHVP ITVVTVVAWE SLFFYELLVY 
GNM11220                        ---RGLYLSK AHGLGDSVCT CDDDGDGKDL PDEDKEKGTE RRSGGDVTYE ARLFVLAVVV VAHKKKVEKE RKKKRLEFLL LLLLLLVSCP HVLEAEVEGE NHCVPPAEQQ ERRRAADQLS TTMLVVVHLL FVVVSVVVWK EVFYIKVLAY 
GNM11222                        ---RKSIKCF AY-L-ETVC- P-NNRDGKDR SDEK-R-KLA EA--AN---G AF-----E-I VALE-KQRKK GK-VKTK-LL MLLLLLLE-P VYLE-EREFK NEHT-PDEAE EKRR-AEEAK -SWA-IPPFL --AIMVV-WK -I-FFK-LLY 
GNM11223                        ---RDIYLTI SCGLGDAVRT CEDDRDGRDD KDEDDDSGTG SRSGGGQTIE MRIVILMEIL LAWSKKCEEK RKRGHLEAVV LILLLLLEVG VVLEKDVEGE NYCFPPRERA ERRVAAVEKG TTVVVVIHVL VSLTVVVVWE EALFFAVLLY 
GNM11224                        ---RDTYLTI ACGLGDAVRT CEDDRDGRDD MDENKESKTE RKSGGGRTVE IRIIILIEVL LAWSKKCEEQ KKRKHSEAVV LILLLLLGIE VVLEKNIEGE NHCFPPSERA ERRVAAVEKG TTAVVVIHVL VSITVVVVWE EVLFFEVLLY 
GNM11225                        ---RKLYITM ACGVGDAVRT CSDDRDLKDH DDESHESELS QKSGGGRTVA IRIIILLEII LARSKKYRDK AKSSSIEAVV IILLLLLEVE VVLDKDIEGD NDLPPPNEMS ERRIAAEELG STAAVVVHIL VSIVVVVIWE KILLYRVLVY 
GNM11358                        --ISGLFLNL AFGSNQAART IDEDTGSSSY SDELPVSSIK LKAGGEMSIS IFVKILIELI MVSFKKYYKD KKISDNEVLL FLLLLMLQIQ PISDLLNDTP NSSPPPEELN KRRISAVQLP HAVSVAVHII ITIIIILVWL KIIVLKIYVY 
GNM11360                        ---YDFFKTI SFGLNSALRN IDDDEGEKEY SDESPNKVVN EIVGGGMTIS VIISIIEDIT AVRKKKHYKK KKKKNQKLVI LILLLLLKAD PVADQKEDGE NNSIPPKQLK KRRVSSVSKD HTGVVVIHIV ISLVVVVVWE SIIILSIYVY 
GNM11362                        ---ESFFVT- AFGLNDAART IDDDSGGRAY SDEDRDDDVK DRAGGGMTLE IIVRIVIEIA LVKTKKYYED KKKRDRKMIV LFLLLLLDAE PITDRRHDSM NSVAPPQELQ ERRVASVVLA HTQVVAIHLI VTIISVVAWD EIVVLDIYVY 
GNM11367                        -N-DDFFLGN SFGLNKALKN IDDDQGKKEY QDETQTKETT KIAGGGMTIE IEFNLFLEII AVKKKKNYKN KKDQESEYVI SILLLMLKAN PVADQNIEDQ NNFPPPKELE RRRITSVEYK HTGIVVIHII ITLVAISVWV KVFILKIYVY 
GNM11377                        ---GKFYMGL SFGANKAARN SDDDEGKKEY IDETETRRTK SEAGGGVTIE IIIRLVIKII VINSKKYRRK KKQADALAFI LVLLLVLEAQ PILDEQSEGK NSAPPPEEVE ERRSAAVSMA HSSTVVIHII STVVTVVVWQ RIVALEILVY 
GNM11380                        ---NGFFKVI AFGLNSAVKN TDDDKGNRKY ADETDNEKVH KQAGGG-TMS AIIMKVLKIS LVLKKKYYKK KKKDEQKLIV LILLLMLKAK PIYDKRKETK NSFIPPKQLK KRRISSVLMQ HSGTTSVHLV ITIVTITVWS RIVILSIYVY 
GNM11383                        ---DHFFLTV SFGLNKAIKN IDNDKGKLQY TDESPNQKTV KISGGG-TIN IILMILKKII IVIAKKYYKE KKKKSRKFII LTLLLLLNAQ PIEDKAKENK NNRPPPKQLN KRRISSVALD HTGIVAPHVV ITIVAITVWQ QIIILPLYVY 
GNM11491                        ---GGFFRIL AL-LTEAVR- IDDDEGGREY NDET-S-AT- PA--GG---E AVM----S-S LVRR-KHYRT AK-KGID-IF -LLLLLLGAE PTAD-GEEDC NSII-PEQID RRRI-SVRRS -TGT-IVHLV --LVTIA-WE EIAILRIYVY 
GNM11804                        ---DGIY-V- AHGLNESACT ISDDEDGLEH SDETVEKDLE -YAGG--TVE IVLMILIVII VVREKKVDKK CDE-KKVYIL --ILLIIDAE HYLERDKENE NRHPPPKEED KKRRRAESTS STEVTV-HVL VTFITVVAWE ELIILEVLLW 
GNM11805                        ---------- ALGLNDSFDI IGH-SGGR-M PDQSK-ANVD -ICGSP-TCN VETMILMQII IVKRKKWE-R VHK-KRKIVS --SLL-LKAE HVYEN--ES- NNFIPESVLK DRERNAEDYS TDDVSVCHVH ITV-EIIC-E DRIIYRLMLY 
GNM12883                        ---GRFFLGL SFGLNKAARN SDDDGGQRKY DDETDTKQVK RQAGGGFTVE IQVRLVLEIV VVRTKKYYKG KKRGDTEAFV TLLLLILGAY PVFDKQVEGK NSAPPPGELE ERRTASVSMA HTSTVAIHVI STIVTVVVWQ SIIALKILVY 
GNM12892                        ---TGLFEII SFGTNKAARN TDDDMGKKSY TDETKVEEVE EAAGGGTTVQ ILIRVVFQIM IIKEKKYYKK KRKIDTRALV LILLLALNIP PILDLQIEGA NSAPPPQELE DRRISAVYLS HTAIVVIHIV CTVITVVVWD RIVALKIFVY 
GNM12895                        ---SSFFYGM TFGLNQATRN CDDDQGCVSY NDEKDDKNLK KESGGG-TLK ILIMLVIEII LVTSKKYYKL KKKKCKKLFI LLIILMLDAF PILDKYKDAK NSASPPKELA KRRVAGVSMS HTSTVVVHII ITLINVVVWV AIIALSIYVY 
GNM13061                        -----RIL-- ATAALRAAVC CDDNEDGCDN PEESRERGEQ SFGGG-ETFD TAVVIIAVIA AIVRKKSRRE KRSKRKIAML IFLLLLLALL LVLMAKEEFG NHAPAPMQEG RRRRAASNLS RTMITTVIII ATVVAVVAWQ EYYVYYYYYY 
GNM13064                        ---EQLYRLI TYAINNLVCN IDDDSGNKYE EDEEEEKEIM KIAGGGETIE ISFSILEIII ITKEKKYSRE IKNKWKMMIS LIILLLLNIE PTCEKRNDNE NEFVPPIESK ERRRSSIHKE KTVITILHIA ITIIVVTGWT KLFFLDIYLY 
GNM11034                        -----LLL-L TYGVARPARS VERDEDGR-K GDETR-ERME AVGGSGKFLE VRVAVVIEIV VARSKKVLRA ARRGRIRLIL LAILLLIEAR FLYRREEEG- NSVKPPSQEA KRRVAAVERR SSEVVVPHIL VEVVTVTLWE ELLVIELLPY 
GNM11363                        ---ESFFVT- AFGLNDAART IDDDSGGRAY SDEDRDDDVK DRAGGGMTLE IIVRIVIEIA LVKTKKYYED KKKRDRKMIV LFLLLLLDAE PITDRRHDSM NSVAPPQELQ ERRVASVVLA HTQVVAIHLI VTIISVVAWD EIVVLDIYVY 
GNM11381                        ---GSFFMTA SFGLNKAIKN IDNDKGKLEY TDESPSQKVA KITGGG-TVS ILLMLLKKII VVIAKKYYKR KKEKSNKLII LVLLLLLSAQ PIEDKAKENK NNFPPPKQVR KRRVASAATD HTGIVAVHVV VTVVAITVWQ QIVILPLYVY 
GNM11382                        ---DSFFLTI SFGLNKAIKN VDDDKGNLEY SDETTKDSTK KISGGG-TIA VIL--LRKIQ AVTAKKHYRR KKSKKKKYII LILLLFLNAK PIADDASENK NNRIPPKQMK KRRIASVALG HTATTAIHIV VTIVTISMWQ QIIVLPLYVY 
GNM11799                        ---NDFFKSI SFGTNEATKN VDNDKGNLSF SDETEQKDVE EISGGG-TIE IIIMLLKELK LVNQKKYYKR KKKKSKEYII LLLLLLLKAN PVADIRTDSE NSFVPPRQET KRRIASVTTT HTGVVAVHVI VTLVTVTVWE KIEILQVYVY 
GNM11931                        ---RG---S- AHGVNDAACT IHDDEAGRDR SDESDDTDVR GATGSGMTVD IHARVLRTVA AVARKKSE-D AAGADGQLIV -FLLL-TAVP HILEA-TEDA NAYPPPDEY- ARRRDSE-AD TTDVTV-HVV ATLVTVVAYA DALVLTLLLD 
GNM12040                        ---RD--WS- AHGVNEAACT IHDDADNRDY SDES-ETELH DETGSGSTVD IWTRLAHEVI LVKSKSSE-T AHEGDHR-IV -LLLL-TDIA HLLES-IENE NHWPPPEEA- EYRRDSE-GP TTEVTV-HIL ATIITVVAFE DAIVLCLLFE 
GNM12071                        ---RD--WT- AHGVNDAACT IHDDADGRDR SDEDDDDDLA DETGSGITVE IHIRVLLTVA AAERKTSE-E ANAGDERYIV -LLLI-MDID HVLEE-TEDA NHYPPPEEY- ARRRASD-RD STEVTV-HLI ATVVTVVAFS DARVLRLLFE 
GNM12125                        ---RRILLSR ALGLSELACT ITVDRGGTDP PDETRQRIYS GLGGTDGAFD VLTLLLRIII VIILKKSLRK GPSTELKLVR LLVVLLLLVA EVAELSCENA NNFPPPREVE ERRRAAERFS SSELAIVHVL LVIITVVVWK WLLVWEILFW 
GNM12126                        ---ECSFLGE LYGLTDVLAV YSQREGG-EF CDEPKDKDMG GIAGGGMASD ALLFILETII LVCEKKQKEE KKKKKLECVR IIVLLFSEVK DSLMMECSGK NRVLPPQCE- EKQRSAE-KQ TDETSVTVI- VTIASYVLWR DLVLVAVMVY 
GNM12128                        ---RQIILTY ALGVSDAART CDNDNSGRDI SDENPEQDED KMAGSGKSVE IEISILIEIV VIIRKKLEKH RLKLEELIII LLLILLLLVL EITNYLTESS NDISPPKEIQ ERRISADPVS STEITVLHIL TSIIAVVGWE KLYFYNLLTW 
GNM12182                        ---RSIIYSL AFGVSEPVKT VHDDIGGLDL NDESELQKDE RYSGT-MTYE IELIILLVIV VIIAKKQKKK EELNDWKLIN LLILLLLNVD SYAERDPENE NHCPPPKELV RRRESAEDKD TTEVVVAVLP VTVVVVTVWE TIFVYDVLVW 
GNM12342                        ---MDIEISE S-GLTESVCT CDDDKDGRDL KDEDKDDGF- EKSGG-MTVE IFIRILVIIV IILEKKCELK KKKDD-EII- LILLILTDVP HVLERTVENE NNYVPPKEKD ERRRRADFYE TTQIVI-HLY ITIVTVVAWN EIAIVEILLY 
GNM12346                        ---RN--LSP A-GLNDAAAT IDDDEDGKDL SDETTEADLE QRAGG-MTVT VYVKIVLVLI LAESKKVV-R GNREDMEFIL -VLLL-SGIA HVLE--SEDE NSYPPPAEAL CRRRDAEFRE STEVTI-HLY VTIVTVVAFM AAIVVKVLLW 
GNM12351                        ---RD--LTV SCGVTDAVTT IYDDADDRDH SDEMNGEQME ERSGS-MTME VRLIILLDLI VAEFKKVS-S RKRCDWNYIV -VLLL-SSID HVLEH-SEGE NAYAPPLEG- DRRRQADLVG TTEVTVAHII VSIFTVVGWD DCLIMELLIY 
GNM12356                        ---MD--ESY SS-LTSSVC- CDDDNDKGDL SDEANSNPFD KLN-G---YI IYI--NNI-I IVKR-KIEKK EKKKDNKYIL PLLLIMLNVS HVLESLVENI NNYP-PNED- ERRRKADFYN -TEI-T-HLY LEVVTVV-WD QCIIVEILLY 
GNM12357                        ---MD--VSG SN-L-DSVA- C-ESEDNKDY NDED-E-SFE SK--GD---E IY-----L-L VVNN-KVLEE KM-QDRE-II -ILLILLNVS HVLE-INEEI NNFP-PSED- ERRR-ADFYE -SEI-I-HLY --LVCVI-WK -LMIVN-LLY 
GNM12366                        ---MN--NST SNGLTPSCLT CNDSKDNKDL SDESKEESFE LFSGGVMTNL IFIRILNRII VIKNKKVEEN KKKEDNSVII LLLLIMLNVE HVLEKLNEED NNFVPPLED- IRRRFADFCE TTEIVI-HLY VTIVCVIAWD EIIIVDILLY 
GNM12373                        ---SG--TS- TFGWKDAVCT IDDDEDGTDY SDEEPADEVD YRAGGAMTVE IALMILLVII LVRAKKID-D AQDPDAAYIA -FLLL-SRVK HVLEM-SESD NRYRPPSEYD RRRRRAEAKE TTEVCI-GVI VTFLTIIGWS TATVFELLLY 
GNM12385                        ---RQ--LT- THGWTDAACT IRDDEDNLDL PDESADREVE PRAGGPMTVD IEVMTLEIIV VVAVKKID-E RHAEDELHVL -FLLL-SDVE HVLER-SEDC NRLVPPPEYV RRRREAEERD TTECTV-HVL ISFITVVGWE DATVLKLLLY 
GNM12551                        ---RQLYWAE ARGLNHAALT CHNDEGGLDL PDESDQDELE EECGSSMTVA VYVKILAEII LVARKKGSRR ADEEDVKFVV LVVLLVLDAP HVYE-EDEGE NHIRPPEQDA RKRRRAEELS TTEAVV-HVE VTFVVVVAWE KFVIYRLLMY 
GNM12554                        ---RD--FT- TFGMTDAALT CHDDDDGKDL EDESTERNTE PAAGGSMTVV IEVMCLEEII RIRVKKID-D RQDVDQRHLV -FLML-SDAQ HVLER-SEGP NRFPPPAEYG LRRRAAEERS STDCTM-HIA ATFITVVGWV DAIVFAILLY 
GNM12592                        ---RE--ICE ACGLNDAALT INDDSDGLDH SDESRE-SME ERSGG-MTVE IKVRILLVLI VAREKKVN-E ARGEDLEFIL -IILL-LSIA HLLE--GEDP NHHPPPAEDI IRRRPAEEEG TTEVTAAHIP VTIITVVAWE DALIFRLLFY 
GNM12596                        ---RD--LSI ACGVNEAAAT IHNDEDGRDY SDETKKKDME EKSGS-MTIE VRILILLELV AANRKKAP-S LKKPDWEWIF RLILL-IGIE HLLEK-SEGE NYFAPPKES- DRRREAEPID TTETTVTHLV VSILTVVGWE ESLILKLLIY 
GNM12602                        ---RD--IAI ACGVNEAEVT IHNDEDGKDY SDESKVRKME EKSGS-MTVE IRILILFELI IARRKKVP-Q LKKEDWKWIF RLLLL-IQIE HVLEK-SEGE NYFIPPAEL- HRRREAEPID TTETTVAHLV VSIITIVGWE EAMILMLLIY 
GNM12665                        ---RD--ISL ACGINEALAT IYNDEDGRDY SDETKEKKME GKSGS-MTVE VRVLILLELI AANRKKAP-E LKKSDWEWVF RLILL-IGIE HLLER-SEGE NYFAPPKES- DRRREAEPID TTETTVTHIV VSILTVVGWE DSLILKLLIY 
GNM12745                        ---RG--IYR SYGMNIAACT CSEDKGNLDD PDETKVNDTE KKTGGGMTLD LIIMILIIIV VVKIKKSD-P EIKNDTDAVY IVLLL-LDLE QVTEK-IENE NNQPPPSEDT IRRRKAEFMG TSSVTV-HFY VTIITVVIYE SILVLKILYW 
GNM12749                        ---RD--VT- AHGWTETACT TYDDVDGMDL SDEDPDKEDD PKAGGDMSVA IETMILEILI IIQVKKAS-S RKRTDIKVIF -FLLL-LDVE HVLER-IEHP NHYIPPKESD KRRRQAEGRI TTECTI-HVC VSIVTILAWE DITILDALLY 
GNM12758                        ---RG--MYE AHGAGESALT CSDDGDGRDL PDESEIEEIE ERAGGG-TVH IHIMILIVIV LALCKKVE-S ARGQSIELVF -LLLL-SDIE HVTER-GEGP NHHPPPGEWG IRRRRAELMG TTEVVVCHVL LTVVTVVCFE EALILGLLCY 
GNM12763                        ---RN-YISA AHGLNKSCLT CNDDSGGLDL NDELKKKYLS KKSGGGMTVN IEIKILLHLI VVMCKKHSEK KKKNDIEAIL LILLLSLNVK HVTEKNKENE NHHPPPKEDR LRRRAAEVFE TTEVVV-HVF VTIITVVFFD EALILKILCY 
GNM12766                        ---MDFQLSD S-GLTDSVCT CDDDKDGRDL KDEDKEEGF- GKSGG-ITHE IFIKILKTIV VIMRKKAEEE KMKDD-EFI- LLLLVLTDVQ HVLEKLIEGE NNYVPPEEK- ERRRAADFYE TTEIVI-HLY ITIVTVVAWD EIVVVKILLY 
GNM12841                        ---RD---S- AHGVNDAACT VHDDADGADH PDESDETELA GQTGSGMTVS IAIRVVAIVA AAAEKKSD-A ASEADEVLIV -LLLL-TEIA HVLEA-TEEE NRYPPPDEH- ARRREAE-RE TTEVTV-HIL ATLVTVVAFA EARVLELLVE 
GNM12849                        ---EDFFKTI AFGLNVATRN IDDDKGEKEY SDESQDKVTN KIAGGGMTIL VILSIIEDIT TVKKKKHYKK EKNNKQKLVI LILLLLLDAD PIADRKDEAR NNFVPPKQLK KRRVASVAKD HTGVVIIHIV ITLVVVVVWE NIIILSIYVY 
GNM12869                        ---DEFFKSI VFGLNEALRT IDNDKGGGEY SDEKENQDTN EIGGGQMTIQ VIVSILEDIS AVRKKKYYKV KKKRNQDLII LLLLLLLEAD PVTDKKEEGE NNVVPPEQLK KRRVASITRE HTSVVVVHIV ITIVVVVVWE EIIILQIYVY 
GNM12896                        ---NGFFKTI TFGLNNAAKS TDDDKGRRRY SDETENEKVH KQSGGG-TMS VIVMKILKIS LVLKKKYYKK KKKDEEKLIV LILLLMLKAG PIYDKQKEDK NSFIPPRQMK KRRISSVLVQ HSGTTSVHLI ITIVTVTIWD RIIILRIYVY 
GNM12897                        ---DGFFQVA TFGLNQALKN IDDNKDKRKY SDETEIRTTR RQAGGG-TIS VIIMKILKIS TVLKKKYYRK KKRDQKKLVI MILLLMLKVS PIYDKKTENK NNFIPPAQVK KRRVASVLLQ HSGTTVVHLV ITIITVTIWS KIVILSIYAY 
GNM12903                        ---DTIFVYV AWGAGDVFKT VSDDKDGRPL PDERKLAGLE SFCGT-PTCE LRIKALKVII VVLVKKIDEK GERHERKTIR LVLLLFLELL EVLKFLVDRE NAAPPPRQYE LRREAADEVG TTWTVVPHIS HTIVVVVLWE EILIVAVLVW 
GNM12906                        ---DTIFAYV AWGAGEIFKT VTDDKDKRPL PDETKLAPMS LYCGT-PTCD IVVKALKVII VVLKKKVDSE KWRHDRKVIS LVLLLFLELT EVYEYLEDHE NAVPPPDQYR IRREAADEVD TTWTVIPHVA QTVVVVALWE EIAVIKALSW 
GNM12907                        ---DTIFLYL AWGAGEVSKT VSDDRDGRPL PDESELPGME PYCGT-PTCE LYIRVLRVIV VVVKKKVDDR KKKKDRATIR LVLLLFLALT EVYALLEERH NAFPPPKQYR LRREAAEEVS TTWTVVVHLA QTVVVVVFWE EIAFVALLVW 
GNM12909                        ---DTIFAYT AW-AGEVFK- V-DDKDGRPV PDES-L-HLE KF--T----E LV-----V-V VVVK-KTDEE GR-YERL-IS -VLLLFLELL EIYS-LRDLE NAFP-PNQYK VRRE-ADEIE -TWT-VPHIS --IVVVV-WE EILIVKMLSW 
GNM12915                        ---DGLYEEL AHGLRDSVAT INDDEDGKRL SEETEVEEID KGAGG-MTYE IFVLILLIII VVGAKKIRPY ENKEDERYVI LVVLIISEAK HALEKIIENE NHIPPPEEV- ERRRAADDLE TTEIVV-HLY ITVVTVVAWE DLFVLELLMY 
GNM10046                        ---GDLYEEF AHGLRDSVAT INDDDDGKEL SEETKKEEVD KAAGG-MTYE IFVIILKTII VVGAKKIKPY ENREDEKCVL LVVLIITNAK HVLEKIIEGV NHIPPPEEV- ERRRAADELK TTEVVV-HLY VTVVTVVAWE DLFILELLMY 
GNM12918                        ---NDLYEEL AHGLKDSVAT VSDDEDGKRL DEESEVKEIE RGAGG-MTYE IFVLILLLII VVGAKKIKPY ENKEDERYVI LIVLIISEAR HALEKIIENR NHIPPPEEV- ERRRAADDLE TTEVVV-HLY VTVVTVVAWD DLFVLELLMY 
GNM12931                        ---HLEYLSV AFGVSEPVTT VDDDRSGKDI PDETVMKDEN EEAGTGRAHE IKVVVLLIII VIRVKKSIRK KKRLERRAII ILLLLILEVW EIVNRMRENS NNFPPPKELP EKRRSADKYS TSMVTVVHIL ITIITVVIWK RIYFYEVLLW 
GNM12938                        ---RQIVYSI AFGVSDPLRT ILNDLGNRDL NDETNIEDEE KHAGTGMAFS ILLIILAIVI LIAFKKAFKE KKKEDAKLII LILLLLLEIE SVEEKDQEGD NDCIPPKSDI KRKESAEKKD TTEITIAIIE VTVINVVIWQ SIFVYELLVW 
GNM12996                        ---RQIIISI AFGVSDPLKT ISDEIGGMDL ADESNLEDEE KYSGTKMTYE IELIILKSVV VIAKKKQFKE KKKEDAKLVR LLLLLLLNVD SVSEADPEEE NNCTPPGEDV KRRESAEKLV TTEIVVAIIT AVVITVVIWQ QIFVYNLLVW 
GNM13018                        ---RQIIISI AFGVSDPLKT ISDEIGGMDL ADESNLEDEE KYSGTKMTYE IELIILKSVV VIAKKKQFKE KKKEDAKLVR LLLLLLLNVD SVSEADPEEE NNCTPPGEDV KRRESAEKLV TTEIVVAIIT AVVITVVIWQ QIFVYNLLVW 
GNM13027                        ---RQIVFSI AFGASEPVKT IHNDLGGKDL GDEKELK-EE SYVGTGMTKE ILLIILLVII VIAFKKGRKQ KNDDDYKFIK LILLLLLELE SVSEKDNENE NDCPPPREII QRRESAEEKN STMVSVAIIE ITVVVVIIWE SIFIYTVLIW 
GNM13046                        ---DEFFKTI SFGLNKATKN IDDDKGKKEY SDESKNKNIK NIAGGGMTIP VILAIISKII VVAKKKYYKN KKKKKKKYII LLLLLLLKAA PVADIKKVSK NNYVPPKQLK ARRIGSVSKT HTGIVAVHVV VTIVTISIWK QIIVLPIYVY 
GNM13074                        ---GDLYEEL AHGLKDSVLT CDDDEDGKEL SEETMKEEID KGAGG-MSYE IFVIILLIVI VVSAKKVKPY ENKEDTKYVI LIVLIVTEAR HVLEKIIEGI NHIPPPEEV- ERRRAADEQQ TTEVVV-HLY VTVVTIVAWQ KLFILELLMY 
GNM10010                        ---GDLYDEF ANGLRDSVAT ISDDEDGKEF SEETEKEEVE RGSGG-MTYE INVIILLLVV VVGTKKVRPY ENKEDETYVL LFVLIVSNAR HVLEKIVEGM NHIPPPEEV- ERRRAADDLE TTEVVV-HVY VTVVTVVAWE DLYVLELLLY 
GNM10014                        ---ENLYDEF ANGLRDSVAT INDDEDGKEF GDETEKEEVE RASGG-MTYE IAVIILLLVL VIGRKKVKPE ENKGDEKYVL LFVLIVSEAR HVLEKLIEGM NNIPPPEEV- ERRRAADDLE TTEVVV-HAY ITVVTVVAWE DLYILELLLY 
GNM13090                        ---SDLYEEF ANGLKDSVAT ISDDKDGKEF SDESEVEEVE EASGG-MSYE IVVIILLLVL VIAAKKVRQR ERKRDEKYVL LVVLIVSEAK HVLERVIEGR NHLPPPAEE- ERRRSADDVE TTEVAV-HLY VTVVTIVSWE ELLILEVLVY 
GNM13118                        ---LQ--IAL AFGVASVVLT VDDNRDGKDC PDESKESRTK EKAGTGMTYG VLVAVLSEII VVARKKIL-A SKQETWEKVV LLLLL-LNAN ESLDT-NAGP NNFVPPAENY IRRRAADYHE TTEIVVVHVF VSVVTVVLWE KVLIIKVLVY 
GNM13126                        -------D-N SLGLNDALAI IER-EDG--L SDQDT-DNVE SRCGAPKSCN IRVLILLAII LVDSKKAS-D CRNRNRMYIL -MSLL--SAP HTYEL--E-- NDFLPEDR-- DRERNAA-I- SADATVCHV- ITI-NIIC-V ARLIYQGMLY 
GNM13128                        -------D-R SLGLNESAAP FEY-ESG--L SDQNN-ENVE EICGSPKTCD IKKIALKDII IVQEKKYN-E CRSASRRYLL -LSLL--KAE HIYEY--E-- NDFIPLAT-- RRERRTC-T- SGETAVCHI- VTI-NIIC-E EMLFYDGMLY 
GNM13208                        ---QTLLEYL AWGAANLVKT IEDDKDGRPL PDERRSEDIE TYCGT-MTCD ILIRVLGVII VLLRKKVDER RQRQERAALK LLLLLFLELI EYLRAVDDYT NRIPPPRQYE LRREAADNRE TTWTVIVHII ITIVVVLLWQ SVLFVEVLLW 
GNM13210                        ---RKNFITV AFGVSEPLLV VDDNEGGKDI GDESESRNED SEAGTGKAAG VKIAILEEIV IINAKKVFRS AKRRDALTLL LVLLLLLDAR ETSNVDREGA NNYVPPEEQA ERRRAADPKE SSMVTVVHII LTVIVVVVWE KILVYKLLIW 
GNM12773                        ---RQLYITV SLSMTEAVRT CNDDNDELDS RAETFKDSEC EKAGGETSYD IKIVILKEIL LIWRKKIIQK KKQKTKEALL LILLLLLNAN AVLERDKEGE NNCVPPKEMT WKRFKSDEKK TTEVVIVHIL ITIIIVILWE SIFFYNLMVF 
GNM12769                        ---RNFLECI VFGINDAACT CDDDRGGLDQ SDESPKKKFN EECGGDKTFL IEILIVFVII IAASKKNNLK TKRLKYRIIF LVLLLIMTAE VVLDRKVEKK NDYPPPKQKE KRRRKADIIE TTMVVAIHLI TVIIAVVLWK QILFYNLLVY 



    1    1    1    1    1    1    1    1    1    1    1    1    1    1    1
    1    1    1    1    1    1    1    1    1    1    1    1    1    1    1
    1    1    1    1    1    1    1    1    1    1    1    1    1    2    1
    1    1    1    1    1    1    1    1    1    1    1    1    1    1    1
    1    1    1    1    1    1    1    1    1    1    1    1    1    1    1
    1    1    1    1    1    1    1    1    1    1    1    1    1    1    1
    1    1    1    1    1    1    1    1    1    1    1    1    1    1    1
    1    1    1    1    1    1    1    1    1    1    1    1    1    1    1
    1    1    1    1    1    1    1    1    1    1    1    1    1    1    1
    1    1    1    1    1    1    1    1    1    1    1    1    1    1    1


AAML (in paml version 4.9h, March 2018)  tmp0053.txt
Model: Empirical,  (../wag.dat) dGamma (ncatG=4) ns = 139  ls = 151


Frequencies..
                                    A      R      N      D      C      Q      E      G      H      I      L      K      M      F      P      S      T      W      Y      V
GNM13746                       0.05674 0.03546 0.04965 0.07092 0.02128 0.02128 0.07092 0.04965 0.01418 0.08511 0.12057 0.09929 0.02128 0.00709 0.02128 0.05674 0.02128 0.00709 0.07801 0.09220
GNM13876                       0.04054 0.11486 0.03378 0.05405 0.01351 0.02027 0.08108 0.08108 0.01351 0.06081 0.11486 0.03378 0.02027 0.02703 0.02703 0.04054 0.06081 0.01351 0.01351 0.13514
GNM13680                       0.07432 0.05405 0.03378 0.04730 0.00000 0.01351 0.07432 0.08108 0.01351 0.08784 0.10811 0.10135 0.02027 0.02703 0.02703 0.04730 0.05405 0.00676 0.02703 0.10135
GNM14837                       0.04054 0.02703 0.04730 0.06757 0.00000 0.04054 0.07432 0.04730 0.02703 0.12162 0.08108 0.13514 0.02027 0.02703 0.02703 0.05405 0.03378 0.00676 0.02703 0.09459
GNM14249                       0.04054 0.02027 0.06081 0.04730 0.00000 0.04054 0.10811 0.04054 0.01351 0.13514 0.07432 0.12838 0.02027 0.02027 0.02027 0.05405 0.04730 0.00676 0.03378 0.08784
GNM13928                       0.03378 0.02027 0.04730 0.06081 0.00676 0.02703 0.10135 0.04730 0.02027 0.14865 0.06757 0.11486 0.02027 0.02703 0.02027 0.05405 0.05405 0.00676 0.02703 0.09459
GNM14865                       0.09353 0.09353 0.01439 0.15108 0.00719 0.00719 0.10072 0.05036 0.03597 0.03597 0.10072 0.01439 0.00719 0.02158 0.02158 0.02158 0.07194 0.00719 0.01439 0.12950
GNM13455                       0.02703 0.02703 0.04730 0.07432 0.00000 0.02027 0.06081 0.05405 0.02027 0.12838 0.08108 0.12838 0.00676 0.02027 0.02703 0.08784 0.02703 0.00676 0.02703 0.12838
GNM14483                       0.11806 0.07639 0.01389 0.04861 0.01389 0.00694 0.04167 0.05556 0.02083 0.04861 0.12500 0.06944 0.00694 0.02778 0.04861 0.06250 0.07639 0.00694 0.03472 0.09722
GNM14872                       0.09459 0.06081 0.03378 0.04054 0.00000 0.02027 0.09459 0.06081 0.01351 0.08784 0.08784 0.08784 0.00676 0.02027 0.02703 0.05405 0.06081 0.00676 0.02703 0.11486
GNM13855                       0.06040 0.03356 0.06040 0.06711 0.00671 0.02685 0.06040 0.03356 0.01342 0.14094 0.10738 0.05369 0.00671 0.03356 0.03356 0.10738 0.02685 0.00671 0.04698 0.07383
GNM14445                       0.06757 0.04730 0.04054 0.07432 0.01351 0.01351 0.05405 0.04730 0.00676 0.12838 0.10135 0.11486 0.00000 0.05405 0.02703 0.08108 0.04730 0.00676 0.02703 0.04730
GNM14404                       0.05405 0.08108 0.02027 0.08108 0.02027 0.00000 0.08108 0.04730 0.02027 0.08784 0.12838 0.04054 0.01351 0.04054 0.01351 0.09459 0.02027 0.01351 0.03378 0.10811
GNM14545                       0.05405 0.08108 0.02027 0.08108 0.02027 0.00000 0.08108 0.04730 0.02027 0.08784 0.12838 0.04054 0.01351 0.04054 0.01351 0.09459 0.02027 0.01351 0.03378 0.10811
GNM14366                       0.10135 0.04054 0.04730 0.03378 0.00676 0.02703 0.02703 0.06081 0.01351 0.10811 0.09459 0.14865 0.00676 0.02703 0.02027 0.03378 0.06081 0.00676 0.03378 0.10135
GNM14252                       0.04054 0.02027 0.06757 0.06757 0.00000 0.04054 0.07432 0.04054 0.01351 0.12838 0.07432 0.13514 0.00676 0.02027 0.02027 0.06757 0.02703 0.00676 0.03378 0.11486
GNM13760                       0.04054 0.03378 0.06081 0.06757 0.00000 0.01351 0.07432 0.05405 0.02703 0.14189 0.08108 0.12162 0.01351 0.02027 0.02703 0.02703 0.06081 0.00676 0.02703 0.10135
GNM13982                       0.04027 0.02013 0.07383 0.06040 0.00000 0.04027 0.08054 0.05369 0.01342 0.12081 0.08054 0.12081 0.00671 0.04698 0.02685 0.03356 0.05369 0.00671 0.04027 0.08054
GNM13960                       0.04054 0.02027 0.05405 0.06081 0.00000 0.02027 0.08108 0.04730 0.01351 0.11486 0.10135 0.12838 0.00676 0.03378 0.02027 0.06081 0.06757 0.00676 0.03378 0.08784
GNM14633                       0.04698 0.02013 0.04698 0.07383 0.00000 0.03356 0.09396 0.05369 0.01342 0.08725 0.10067 0.10067 0.00671 0.04027 0.02685 0.05369 0.04698 0.00671 0.02685 0.12081
GNM14055                       0.04730 0.01351 0.06081 0.04730 0.00000 0.03378 0.06757 0.04730 0.02027 0.10811 0.07432 0.11486 0.02703 0.04054 0.02703 0.04730 0.08108 0.00676 0.02703 0.10811
GNM14748                       0.03378 0.02027 0.05405 0.04054 0.00000 0.04054 0.10811 0.04054 0.02703 0.12838 0.06081 0.11486 0.02703 0.03378 0.02027 0.04054 0.06081 0.00676 0.02703 0.11486
GNM14246                       0.08108 0.06757 0.01351 0.08784 0.02703 0.00676 0.08784 0.06757 0.02703 0.06081 0.13514 0.05405 0.02703 0.02027 0.01351 0.03378 0.04054 0.02027 0.00676 0.12162
GNM14640                       0.07586 0.06207 0.02069 0.08966 0.02069 0.00690 0.07586 0.06207 0.02759 0.05517 0.11724 0.07586 0.02069 0.02069 0.01379 0.04828 0.04828 0.02069 0.00690 0.13103
GNM14965                       0.07432 0.04054 0.03378 0.05405 0.00676 0.02703 0.06081 0.05405 0.01351 0.11486 0.10135 0.08108 0.01351 0.02703 0.03378 0.03378 0.07432 0.00676 0.03378 0.11486
GNM13677                       0.05405 0.09459 0.02703 0.04730 0.01351 0.02703 0.10135 0.07432 0.02027 0.04730 0.12162 0.04054 0.00676 0.02027 0.02027 0.04730 0.05405 0.01351 0.02027 0.14865
GNM14339                       0.09155 0.09155 0.01408 0.01408 0.01408 0.01408 0.11268 0.09859 0.01408 0.03521 0.14789 0.04225 0.01408 0.01408 0.03521 0.02113 0.04225 0.00704 0.02113 0.15493
GNM14593                       0.07432 0.06081 0.02027 0.08108 0.00676 0.00676 0.07432 0.04730 0.00676 0.12838 0.12838 0.07432 0.00000 0.02703 0.04054 0.06081 0.01351 0.01351 0.02027 0.11486
GNM13825                       0.09155 0.14085 0.01408 0.03521 0.00000 0.01408 0.11268 0.05634 0.00704 0.05634 0.13380 0.02113 0.00704 0.01408 0.03521 0.03521 0.02817 0.00704 0.02113 0.16901
GNM14768                       0.12587 0.09790 0.00699 0.06294 0.00699 0.02098 0.08392 0.07692 0.00000 0.06294 0.16783 0.04196 0.01399 0.02797 0.02797 0.04895 0.02098 0.00699 0.01399 0.08392
GNM14776                       0.12587 0.09091 0.00699 0.06294 0.00699 0.02098 0.07692 0.07692 0.00000 0.06294 0.16084 0.04895 0.01399 0.03497 0.02797 0.05594 0.02098 0.00699 0.01399 0.08392
GNM14715                       0.12162 0.11486 0.01351 0.04054 0.00676 0.00000 0.07432 0.10135 0.00676 0.05405 0.12838 0.02703 0.00676 0.01351 0.03378 0.08108 0.06081 0.00676 0.02703 0.08108
GNM14639                       0.04054 0.05405 0.04054 0.05405 0.02027 0.00676 0.04730 0.07432 0.02027 0.08784 0.12162 0.12162 0.01351 0.03378 0.02703 0.04730 0.06081 0.00676 0.02703 0.09459
GNM13795                       0.02703 0.02703 0.04730 0.04730 0.00000 0.02703 0.10135 0.04054 0.02703 0.14189 0.06081 0.13514 0.02027 0.02703 0.02027 0.04730 0.05405 0.00676 0.02703 0.11486
GNM14166                       0.02721 0.02721 0.04762 0.05442 0.00000 0.02041 0.03401 0.05442 0.02721 0.12925 0.10204 0.17007 0.02041 0.02721 0.02041 0.05442 0.06122 0.00680 0.03401 0.08163
GNM13993                       0.02027 0.04054 0.06081 0.04054 0.01351 0.00676 0.12162 0.04730 0.01351 0.17568 0.08784 0.10135 0.02027 0.02703 0.02027 0.05405 0.06081 0.01351 0.04054 0.03378
GNM14450                       0.05442 0.02041 0.04082 0.06122 0.02041 0.01361 0.02721 0.05442 0.01361 0.10884 0.10884 0.12925 0.02721 0.03401 0.02041 0.07483 0.04762 0.00680 0.04762 0.08844
GNM13515                       0.04054 0.01351 0.06081 0.08784 0.00000 0.02703 0.04054 0.05405 0.02027 0.12838 0.11486 0.12162 0.00676 0.03378 0.03378 0.04730 0.05405 0.00676 0.03378 0.07432
GNM14959                       0.04730 0.06081 0.04054 0.08784 0.01351 0.00676 0.05405 0.04730 0.00000 0.09459 0.14189 0.06081 0.02703 0.01351 0.02703 0.04054 0.06081 0.02027 0.00676 0.14865
GNM13413                       0.10135 0.06757 0.02703 0.04054 0.00000 0.00000 0.09459 0.07432 0.01351 0.05405 0.12838 0.02703 0.00676 0.02703 0.05405 0.08108 0.04054 0.01351 0.02703 0.12162
GNM14971                       0.05405 0.02703 0.05405 0.06081 0.00000 0.02027 0.07432 0.04730 0.01351 0.10811 0.10135 0.12838 0.01351 0.03378 0.02027 0.05405 0.06081 0.00676 0.03378 0.08784
GNM14990                       0.05405 0.02703 0.05405 0.06081 0.00000 0.02027 0.07432 0.04730 0.01351 0.10135 0.10135 0.12838 0.01351 0.03378 0.02027 0.05405 0.06081 0.00676 0.03378 0.09459
GNM15005                       0.05405 0.02703 0.05405 0.06081 0.00000 0.02027 0.07432 0.04730 0.01351 0.10135 0.10135 0.12838 0.01351 0.03378 0.02027 0.05405 0.06081 0.00676 0.03378 0.09459
GNM14992                       0.03425 0.02740 0.06164 0.04795 0.00000 0.02740 0.07534 0.04795 0.01370 0.10274 0.09589 0.13014 0.00685 0.03425 0.02740 0.04795 0.06849 0.00685 0.03425 0.10959
GNM14994                       0.03378 0.02027 0.04730 0.04730 0.00000 0.02027 0.10135 0.05405 0.02027 0.12838 0.07432 0.13514 0.01351 0.03378 0.02703 0.03378 0.04730 0.00676 0.02703 0.12838
GNM15022                       0.04545 0.02273 0.05303 0.05303 0.00000 0.02273 0.09091 0.05303 0.01515 0.12121 0.09848 0.12121 0.00758 0.02273 0.02273 0.06818 0.06061 0.00000 0.03788 0.08333
GNM14995                       0.04762 0.02721 0.04762 0.06803 0.00680 0.04082 0.06122 0.04762 0.01361 0.09524 0.11565 0.12245 0.01361 0.02041 0.02721 0.04082 0.06122 0.00680 0.04082 0.09524
GNM15017                       0.04138 0.02759 0.04138 0.05517 0.00690 0.04828 0.04828 0.03448 0.01379 0.08966 0.13103 0.13103 0.02069 0.02759 0.02759 0.02759 0.06897 0.00690 0.03448 0.11724
GNM14999                       0.02703 0.02703 0.06081 0.07432 0.00676 0.02703 0.06081 0.05405 0.01351 0.08784 0.08784 0.14189 0.00000 0.04054 0.02027 0.05405 0.06081 0.00676 0.03378 0.11486
GNM15025                       0.04054 0.02703 0.04730 0.06081 0.00676 0.03378 0.06757 0.05405 0.02027 0.12838 0.09459 0.11486 0.00676 0.02703 0.04730 0.03378 0.06757 0.01351 0.03378 0.07432
GNM15024                       0.03378 0.02703 0.04054 0.07432 0.00000 0.04730 0.09459 0.04730 0.01351 0.13514 0.07432 0.10135 0.01351 0.02027 0.02027 0.05405 0.06081 0.00676 0.03378 0.10135
GNM15000                       0.03378 0.02703 0.04054 0.07432 0.00000 0.04730 0.09459 0.04730 0.01351 0.13514 0.07432 0.10135 0.01351 0.02027 0.02027 0.05405 0.06081 0.00676 0.03378 0.10135
GNM15001                       0.03378 0.03378 0.03378 0.06757 0.00000 0.04730 0.10135 0.04730 0.01351 0.12162 0.08108 0.10135 0.00676 0.02027 0.02027 0.06081 0.06081 0.00676 0.03378 0.10811
GNM15019                       0.03378 0.02027 0.05405 0.04730 0.00000 0.01351 0.10811 0.05405 0.02027 0.13514 0.07432 0.13514 0.00676 0.03378 0.02703 0.03378 0.04730 0.00676 0.02703 0.12162
GNM11003                       0.04730 0.05405 0.04730 0.05405 0.00676 0.01351 0.09459 0.03378 0.00676 0.12162 0.09459 0.08784 0.00000 0.02703 0.03378 0.06081 0.05405 0.02027 0.03378 0.10811
GNM11023                       0.06757 0.07432 0.01351 0.04054 0.00676 0.00676 0.11486 0.07432 0.00000 0.03378 0.13514 0.02027 0.00676 0.02027 0.04054 0.07432 0.08784 0.03378 0.00000 0.14865
GNM11055                       0.08451 0.05634 0.02113 0.06338 0.00704 0.00000 0.18310 0.04930 0.02113 0.07042 0.14085 0.02817 0.02817 0.00704 0.01408 0.05634 0.04225 0.01408 0.01408 0.09859
GNM11146                       0.04110 0.03425 0.04795 0.06849 0.01370 0.02055 0.06849 0.06849 0.01370 0.08219 0.12329 0.06849 0.01370 0.02740 0.01370 0.08219 0.04110 0.01370 0.04110 0.11644
GNM11219                       0.08784 0.08784 0.00676 0.06081 0.00676 0.00676 0.12838 0.08784 0.03378 0.02027 0.14189 0.01351 0.03378 0.01351 0.02703 0.03378 0.04730 0.02703 0.01351 0.12162
GNM11220                       0.06081 0.06081 0.00676 0.06757 0.02703 0.02027 0.09459 0.06757 0.03378 0.00676 0.14189 0.08784 0.00676 0.02703 0.02703 0.04054 0.03378 0.00676 0.02703 0.15541
GNM11222                       0.09565 0.06957 0.03478 0.03478 0.01739 0.00870 0.13043 0.02609 0.00870 0.04348 0.13043 0.13913 0.01739 0.05217 0.04348 0.02609 0.02609 0.01739 0.02609 0.05217
GNM11223                       0.05405 0.08108 0.00676 0.08108 0.02703 0.00676 0.10811 0.08784 0.01351 0.05405 0.12162 0.04730 0.01351 0.02027 0.01351 0.04054 0.04730 0.01351 0.02027 0.14189
GNM11224                       0.05405 0.07432 0.02027 0.05405 0.02703 0.00676 0.12838 0.06757 0.02027 0.07432 0.10811 0.06757 0.00676 0.02027 0.01351 0.04054 0.05405 0.01351 0.01351 0.13514
GNM11225                       0.06757 0.06757 0.01351 0.08108 0.01351 0.00676 0.08784 0.05405 0.02027 0.10811 0.12162 0.06081 0.01351 0.00000 0.02027 0.08108 0.02703 0.00676 0.02703 0.12162
GNM11358                       0.04698 0.02013 0.04027 0.04698 0.00000 0.02685 0.04698 0.04027 0.01342 0.14765 0.14094 0.07383 0.02013 0.03356 0.04698 0.11409 0.02685 0.00671 0.03356 0.07383
GNM11360                       0.02703 0.02703 0.04730 0.06757 0.00000 0.02027 0.06081 0.05405 0.02027 0.12838 0.08108 0.12838 0.00676 0.02027 0.02703 0.08784 0.02703 0.00676 0.03378 0.12838
GNM11362                       0.08163 0.07483 0.01361 0.11565 0.00000 0.02041 0.06122 0.04762 0.02041 0.09524 0.08844 0.05442 0.02041 0.02721 0.02041 0.04762 0.04762 0.00680 0.03401 0.12245
GNM11367                       0.04027 0.02013 0.07383 0.06040 0.00000 0.04027 0.08054 0.05369 0.01342 0.12081 0.08054 0.12081 0.01342 0.04698 0.02685 0.03356 0.05369 0.00671 0.04027 0.07383
GNM11377                       0.08784 0.06081 0.02703 0.04054 0.00000 0.02703 0.09459 0.06081 0.01351 0.10811 0.07432 0.08108 0.01351 0.02027 0.02703 0.07432 0.04730 0.00676 0.02703 0.10811
GNM11380                       0.04082 0.03401 0.04082 0.04762 0.00000 0.02721 0.02721 0.05442 0.02041 0.10204 0.09524 0.17007 0.02721 0.02721 0.02041 0.06803 0.06122 0.00680 0.04082 0.08844
GNM11383                       0.04762 0.02721 0.06803 0.04082 0.00000 0.04082 0.02721 0.04762 0.02041 0.14966 0.10204 0.14286 0.00680 0.02721 0.04762 0.04082 0.05442 0.00680 0.03401 0.06803
GNM11491                       0.08333 0.10000 0.01667 0.06667 0.00833 0.00833 0.09167 0.08333 0.01667 0.10833 0.10833 0.02500 0.00833 0.02500 0.02500 0.05000 0.06667 0.00833 0.03333 0.06667
GNM11804                       0.04317 0.04317 0.02158 0.07914 0.01439 0.00000 0.14388 0.04317 0.03597 0.10072 0.10072 0.07914 0.00719 0.00719 0.02158 0.04317 0.05755 0.01439 0.02878 0.11511
GNM11805                       0.03175 0.06349 0.05556 0.07143 0.03175 0.01587 0.07937 0.04762 0.03968 0.11111 0.07143 0.07143 0.03175 0.01587 0.02381 0.07937 0.03175 0.00794 0.03175 0.08730
GNM12883                       0.06757 0.06081 0.02027 0.05405 0.00000 0.04054 0.05405 0.09459 0.01351 0.06081 0.08784 0.08108 0.00676 0.04054 0.02703 0.05405 0.07432 0.00676 0.03378 0.12162
GNM12892                       0.07432 0.04730 0.02703 0.05405 0.00676 0.02703 0.06757 0.05405 0.01351 0.12838 0.08784 0.08108 0.01351 0.02703 0.03378 0.03378 0.07432 0.00676 0.03378 0.10811
GNM12895                       0.05442 0.02041 0.04082 0.06122 0.02041 0.01361 0.02721 0.05442 0.01361 0.10884 0.10884 0.12925 0.02721 0.03401 0.02041 0.07483 0.04762 0.00680 0.04762 0.08844
GNM13061                       0.13287 0.09790 0.02797 0.03497 0.02098 0.02098 0.07692 0.05594 0.00699 0.07692 0.09091 0.04196 0.02797 0.02797 0.02098 0.04196 0.04895 0.00699 0.05594 0.08392
GNM13064                       0.02027 0.04054 0.06081 0.04054 0.01351 0.00676 0.13514 0.04054 0.01351 0.17568 0.08784 0.09459 0.02027 0.02703 0.02027 0.05405 0.06081 0.01351 0.04054 0.03378
GNM11034                       0.08451 0.14085 0.00704 0.02113 0.00000 0.00704 0.12676 0.06338 0.00704 0.05634 0.13380 0.04225 0.00704 0.01408 0.03521 0.04930 0.02817 0.00704 0.02113 0.14789
GNM11363                       0.08163 0.07483 0.01361 0.11565 0.00000 0.02041 0.06122 0.04762 0.02041 0.09524 0.08844 0.05442 0.02041 0.02721 0.02041 0.04762 0.04762 0.00680 0.03401 0.12245
GNM11381                       0.07483 0.02721 0.04762 0.03401 0.00000 0.03401 0.03401 0.05442 0.01361 0.09524 0.10204 0.13605 0.01361 0.02721 0.04082 0.05442 0.05442 0.00680 0.03401 0.11565
GNM11382                       0.07586 0.04138 0.04828 0.05517 0.00000 0.02759 0.02069 0.04828 0.02069 0.12414 0.08966 0.13793 0.01379 0.02759 0.02759 0.06207 0.07586 0.00690 0.03448 0.06207
GNM11799                       0.03401 0.03401 0.05442 0.04762 0.00000 0.02721 0.08163 0.04762 0.01361 0.08844 0.09524 0.11565 0.00680 0.03401 0.02041 0.06122 0.08844 0.00680 0.03401 0.10884
GNM11931                       0.16058 0.07299 0.01460 0.13139 0.00730 0.00730 0.05109 0.06569 0.03650 0.02920 0.08759 0.01460 0.00730 0.00730 0.02920 0.04380 0.09489 0.00000 0.02190 0.11679
GNM12040                       0.08088 0.04412 0.02941 0.08824 0.01471 0.00000 0.13235 0.04412 0.06618 0.07353 0.09559 0.01471 0.00000 0.01471 0.02941 0.07353 0.08824 0.02206 0.01471 0.07353
GNM12071                       0.11594 0.08696 0.02174 0.14493 0.00725 0.00000 0.10145 0.04348 0.04348 0.05797 0.07971 0.00725 0.00725 0.01449 0.02174 0.04348 0.07971 0.00725 0.02174 0.09420
GNM12125                       0.06081 0.09459 0.02027 0.03378 0.01351 0.00676 0.08108 0.06081 0.00676 0.08108 0.18243 0.03378 0.00000 0.02703 0.04054 0.06081 0.05405 0.02703 0.00676 0.10811
GNM12126                       0.04861 0.03472 0.00694 0.05556 0.04167 0.03472 0.11111 0.07639 0.00000 0.05556 0.11111 0.09722 0.03472 0.02778 0.02083 0.06250 0.04167 0.00694 0.02778 0.10417
GNM12128                       0.04054 0.04730 0.04054 0.06081 0.00676 0.02027 0.10135 0.04054 0.01351 0.14865 0.14189 0.05405 0.00676 0.00676 0.02703 0.08784 0.05405 0.01351 0.02703 0.06081
GNM12182                       0.03401 0.04082 0.04082 0.07483 0.00680 0.01361 0.10884 0.03401 0.01361 0.08163 0.12245 0.06803 0.00680 0.01361 0.04082 0.04762 0.05442 0.02041 0.03401 0.14286
GNM12342                       0.02113 0.04930 0.02817 0.10563 0.02113 0.00704 0.11972 0.04225 0.01408 0.14085 0.09155 0.08451 0.01408 0.02113 0.02113 0.02817 0.06338 0.00704 0.02817 0.09155
GNM12346                       0.10145 0.05797 0.02899 0.07971 0.00725 0.00725 0.10145 0.05072 0.01449 0.05797 0.11594 0.03623 0.02174 0.02174 0.02899 0.05072 0.06522 0.00725 0.02174 0.12319
GNM12351                       0.05000 0.06429 0.02143 0.10714 0.02143 0.01429 0.08571 0.05714 0.02857 0.07857 0.10000 0.02143 0.03571 0.01429 0.01429 0.07143 0.06429 0.01429 0.02857 0.10714
GNM12356                       0.01550 0.03101 0.10078 0.09302 0.02326 0.00775 0.08527 0.01550 0.01550 0.10853 0.10853 0.08527 0.01550 0.01550 0.03101 0.06977 0.03101 0.00775 0.06202 0.07752
GNM12357                       0.01786 0.03571 0.08929 0.08929 0.01786 0.00893 0.14286 0.01786 0.01786 0.09821 0.12500 0.04464 0.02679 0.02679 0.01786 0.08036 0.00000 0.00893 0.04464 0.08929
GNM12366                       0.01389 0.03472 0.09722 0.06944 0.02778 0.00000 0.10417 0.02778 0.01389 0.12500 0.11806 0.06944 0.02083 0.04167 0.02083 0.06250 0.04861 0.00694 0.01389 0.08333
GNM12373                       0.09286 0.07143 0.00714 0.10714 0.01429 0.00714 0.08571 0.05714 0.00714 0.07857 0.08571 0.03571 0.02143 0.02857 0.02857 0.05714 0.07857 0.01429 0.04286 0.07857
GNM12385                       0.05714 0.08571 0.01429 0.10000 0.02143 0.00714 0.12857 0.03571 0.03571 0.05000 0.11429 0.02143 0.01429 0.01429 0.04286 0.02857 0.07857 0.01429 0.01429 0.12143
GNM12551                       0.08904 0.07534 0.02055 0.06849 0.01370 0.02055 0.13699 0.04795 0.03425 0.03425 0.10274 0.04110 0.01370 0.02055 0.02740 0.03425 0.03425 0.01370 0.03425 0.13699
GNM12554                       0.08571 0.08571 0.01429 0.10714 0.02143 0.02143 0.08571 0.05714 0.02857 0.06429 0.07143 0.02143 0.03571 0.04286 0.03571 0.04286 0.07857 0.00714 0.01429 0.07857
GNM12592                       0.08633 0.07194 0.02878 0.07194 0.01439 0.00000 0.13669 0.05755 0.03597 0.10791 0.11511 0.02158 0.01439 0.02158 0.04317 0.04317 0.05036 0.00719 0.00719 0.06475
GNM12596                       0.06383 0.05674 0.02837 0.06383 0.00709 0.00000 0.12766 0.04965 0.02128 0.09220 0.12057 0.07801 0.01418 0.01418 0.03546 0.06383 0.06383 0.02128 0.02128 0.05674
GNM12602                       0.05674 0.06383 0.02128 0.04965 0.00709 0.01418 0.13475 0.04255 0.02837 0.12766 0.09929 0.07092 0.02837 0.02128 0.02837 0.04255 0.04965 0.02128 0.02128 0.07092
GNM12665                       0.05674 0.06383 0.02837 0.06383 0.00709 0.00000 0.12766 0.05674 0.01418 0.09220 0.12057 0.07092 0.01418 0.01418 0.02837 0.06383 0.06383 0.02128 0.02837 0.06383
GNM12745                       0.02817 0.03521 0.04930 0.07746 0.01408 0.01408 0.07746 0.05634 0.00704 0.12676 0.08451 0.07746 0.02817 0.01408 0.03521 0.04930 0.08451 0.00704 0.04225 0.09155
GNM12749                       0.05714 0.05714 0.00714 0.11429 0.02143 0.01429 0.08571 0.04286 0.03571 0.11429 0.08571 0.05714 0.02143 0.01429 0.03571 0.04286 0.08571 0.01429 0.02143 0.07143
GNM12758                       0.05674 0.06383 0.00709 0.04255 0.03546 0.00709 0.12766 0.11348 0.04965 0.07801 0.12057 0.01418 0.02128 0.01418 0.03546 0.04255 0.04965 0.00709 0.01418 0.09929
GNM12763                       0.04110 0.03425 0.06849 0.04795 0.02740 0.00000 0.08219 0.04795 0.04795 0.08219 0.13014 0.12329 0.01370 0.02740 0.02055 0.04795 0.04795 0.00000 0.02055 0.08904
GNM12766                       0.02837 0.03546 0.01418 0.10638 0.01418 0.01418 0.12057 0.05674 0.02128 0.09929 0.09929 0.09220 0.02128 0.03546 0.01418 0.02837 0.06383 0.00709 0.02837 0.09929
GNM12841                       0.16788 0.05839 0.01460 0.08029 0.00730 0.00730 0.13869 0.04380 0.04380 0.04380 0.08759 0.01460 0.00730 0.00730 0.02920 0.04380 0.08029 0.00000 0.00730 0.11679
GNM12849                       0.05405 0.03378 0.05405 0.08108 0.00000 0.02027 0.05405 0.04730 0.02027 0.12838 0.08784 0.12838 0.00676 0.02703 0.02027 0.03378 0.05405 0.00676 0.02703 0.11486
GNM12869                       0.02703 0.04054 0.04730 0.06081 0.00000 0.04054 0.10135 0.06081 0.01351 0.11486 0.08784 0.09459 0.00676 0.02027 0.02027 0.04054 0.04730 0.00676 0.03378 0.13514
GNM12896                       0.02041 0.05442 0.03401 0.05442 0.00000 0.02721 0.04082 0.06122 0.02041 0.11565 0.08844 0.14966 0.02721 0.02721 0.02041 0.06803 0.06803 0.00680 0.04082 0.07483
GNM12897                       0.04082 0.05442 0.04082 0.04762 0.00000 0.04082 0.02041 0.04762 0.01361 0.12245 0.08844 0.14286 0.02041 0.02721 0.02041 0.05442 0.08163 0.00680 0.04082 0.08844
GNM12903                       0.06122 0.06803 0.00680 0.06122 0.01361 0.00680 0.09524 0.05442 0.02041 0.06803 0.12925 0.06803 0.00000 0.03401 0.04762 0.02041 0.06122 0.02721 0.01361 0.14286
GNM12906                       0.08163 0.04082 0.00680 0.08163 0.01361 0.01361 0.08163 0.02721 0.02041 0.06803 0.09524 0.08163 0.00680 0.02041 0.05442 0.02721 0.07483 0.03401 0.03401 0.13605
GNM12907                       0.07483 0.07483 0.00680 0.05442 0.01361 0.01361 0.08844 0.04082 0.01361 0.03401 0.12245 0.06122 0.00680 0.03401 0.05442 0.02721 0.06803 0.02721 0.03401 0.14966
GNM12909                       0.04237 0.05085 0.01695 0.06780 0.00000 0.00847 0.12712 0.02542 0.01695 0.06780 0.11864 0.05932 0.00847 0.04237 0.04237 0.04237 0.05085 0.03390 0.03390 0.14407
GNM12915                       0.06207 0.04828 0.02759 0.06897 0.00000 0.00000 0.15862 0.05517 0.02759 0.11034 0.11034 0.04828 0.01379 0.01379 0.02759 0.02069 0.04828 0.00690 0.04138 0.11034
GNM10046                       0.06207 0.03448 0.02759 0.06897 0.00690 0.00000 0.13793 0.05517 0.02759 0.08966 0.09655 0.08276 0.01379 0.02069 0.02759 0.01379 0.06207 0.00690 0.03448 0.13103
GNM12918                       0.06207 0.05517 0.02759 0.07586 0.00000 0.00000 0.14483 0.04828 0.02759 0.08966 0.11724 0.05517 0.01379 0.01379 0.02759 0.02759 0.04138 0.00690 0.04138 0.12414
GNM12931                       0.03378 0.08108 0.03378 0.04730 0.00000 0.00000 0.09459 0.03378 0.02027 0.12162 0.09459 0.08108 0.02027 0.02027 0.04054 0.05405 0.05405 0.02027 0.02703 0.12162
GNM12938                       0.06081 0.02703 0.04054 0.07432 0.00676 0.02027 0.10811 0.04054 0.00676 0.15541 0.11486 0.09459 0.00676 0.03378 0.02027 0.04730 0.04730 0.01351 0.01351 0.06757
GNM12996                       0.05405 0.02703 0.03378 0.06081 0.00676 0.02703 0.11486 0.04054 0.00000 0.10811 0.10811 0.09459 0.01351 0.02027 0.02703 0.06081 0.05405 0.01351 0.02027 0.11486
GNM13018                       0.05405 0.02703 0.03378 0.06081 0.00676 0.02703 0.11486 0.04054 0.00000 0.10811 0.10811 0.09459 0.01351 0.02027 0.02703 0.06081 0.05405 0.01351 0.02027 0.11486
GNM13027                       0.03401 0.03401 0.04082 0.05442 0.00680 0.02041 0.11565 0.05442 0.00680 0.14286 0.10204 0.08844 0.01361 0.03401 0.02721 0.06122 0.04082 0.01361 0.02041 0.08844
GNM13046                       0.06081 0.01351 0.05405 0.04054 0.00000 0.01351 0.02027 0.05405 0.01351 0.14189 0.07432 0.19595 0.00676 0.02027 0.03378 0.05405 0.04730 0.00676 0.04730 0.10135
GNM13074                       0.04828 0.02759 0.01379 0.06207 0.00690 0.02069 0.13793 0.05517 0.02759 0.10345 0.10345 0.07586 0.02069 0.01379 0.02759 0.02759 0.05517 0.00690 0.04138 0.12414
GNM10010                       0.04138 0.04828 0.03448 0.06897 0.00000 0.00000 0.15172 0.06207 0.02069 0.04828 0.10345 0.04138 0.01379 0.02069 0.02759 0.03448 0.06207 0.00690 0.04828 0.16552
GNM10014                       0.06207 0.04828 0.04138 0.06897 0.00000 0.00000 0.15862 0.06207 0.01379 0.06897 0.11724 0.05517 0.01379 0.02069 0.02759 0.02069 0.04828 0.00690 0.04138 0.12414
GNM13090                       0.06207 0.06207 0.01379 0.06207 0.00000 0.00690 0.15862 0.04138 0.02069 0.06207 0.11034 0.05517 0.00690 0.01379 0.02069 0.06897 0.03448 0.00690 0.03448 0.15862
GNM13118                       0.08392 0.04196 0.04895 0.04895 0.00699 0.01399 0.07692 0.04895 0.01399 0.05594 0.11189 0.06993 0.00699 0.02098 0.02797 0.04895 0.06294 0.01399 0.02797 0.16783
GNM13126                       0.08871 0.08065 0.07258 0.09677 0.04032 0.01613 0.05645 0.04032 0.01613 0.10484 0.12097 0.02419 0.02419 0.00806 0.02419 0.07258 0.03226 0.00000 0.03226 0.04839
GNM13128                       0.05645 0.06452 0.05645 0.04839 0.04839 0.01613 0.12097 0.04839 0.01613 0.09677 0.09677 0.05645 0.01613 0.02419 0.02419 0.07258 0.04839 0.00000 0.05645 0.03226
GNM13208                       0.05442 0.10204 0.02041 0.06803 0.01361 0.03401 0.08844 0.03401 0.00680 0.08844 0.16327 0.03401 0.00680 0.01361 0.03401 0.01361 0.06803 0.02721 0.03401 0.09524
GNM13210                       0.08784 0.06757 0.04730 0.06081 0.00000 0.00676 0.10135 0.06081 0.00676 0.08108 0.10811 0.06757 0.00676 0.02027 0.02703 0.05405 0.04054 0.01351 0.01351 0.12838
GNM12773                       0.04054 0.04054 0.04730 0.05405 0.02027 0.02027 0.10135 0.02703 0.00676 0.11486 0.12162 0.11486 0.02027 0.03378 0.01351 0.04730 0.06757 0.02027 0.02027 0.06757
GNM12769                       0.05405 0.05405 0.04730 0.06757 0.02703 0.02027 0.06081 0.04054 0.00676 0.12162 0.10811 0.11486 0.01351 0.04730 0.02703 0.02027 0.04730 0.00676 0.02703 0.08784

Homogeneity statistic: X2 = 23.05732 G = 23.88084 

Average                        0.05933 0.05135 0.03615 0.06511 0.00907 0.01770 0.08944 0.05300 0.01795 0.09652 0.10574 0.08281 0.01411 0.02498 0.02732 0.05160 0.05389 0.01037 0.02941 0.10415
(Ambiguity characters are used to calculate freqs.)


# constant sites:      0 (0.00%)

TREE #  1:  ((((((((40, 137), 123), (56, 88)), 89), 90), (((125, 126), (91, 55)), (124, 127))), ((((((117, 116), 119), 118), 136), (58, 39)), 133)), ((((((((((((((((((((42, 43), 41), (46, 19)), 49), (44, 84)), 50), (48, 47)), 21), (((68, 18), 20), 38)), (((((((52, 51), 53), 113), (16, 5)), ((((54, 45), (22, 34)), (6, 4)), 17)), ((8, 66), 112)), 72)), 128), (((82, 71), 15), 83)), (((114, 70), 115), 35)), ((((3, 75), (69, 10)), (25, 76)), (11, 65))), (77, 37)), (81, 67)), (((36, 79), 12), (32, 9))), ((1, 78), 33)), ((((30, 31), 28), (2, 26)), ((80, 29), 27))), ((((((24, 23), 138), ((62, 63), 64)), 59), (139, 61)), ((14, 13), 60))), (((((((((((105, 103), 104), 94), 102), 93), (((101, 99), 107), 98)), ((((86, 7), 87), 111), 85)), (57, 73)), ((135, 134), 74)), ((((((97, 96), 95), 110), 92), ((106, 108), 109)), 100)), ((((130, 131), 132), 129), ((122, 120), 121))));   MP score: -1
lnL(ntime:275  np:276): -24738.031563      +0.000000
 140..141 141..142 142..143 143..144 144..145 145..146 146..147 147..40  147..137 146..123 145..148 148..56  148..88  144..89  143..90  142..149 149..150 150..151 151..125 151..126 150..152 152..91  152..55  149..153 153..124 153..127 141..154 154..155 155..156 156..157 157..158 158..159 159..117 159..116 158..119 157..118 156..136 155..160 160..58  160..39  154..133 140..161 161..162 162..163 163..164 164..165 165..166 166..167 167..168 168..169 169..170 170..171 171..172 172..173 173..174 174..175 175..176 176..177 177..178 178..179 179..180 180..42  180..43  179..41  178..181 181..46  181..19  177..49  176..182 182..44  182..84  175..50  174..183 183..48  183..47  173..21  172..184 184..185 185..186 186..68  186..18  185..20  184..38  171..187 187..188 188..189 189..190 190..191 191..192 192..193 193..52  193..51  192..53  191..113 190..194 194..16  194..5   189..195 195..196 196..197 197..198 198..54  198..45  197..199 199..22  199..34  196..200 200..6   200..4   195..17  188..201 201..202 202..8   202..66  201..112 187..72  170..128 169..203 203..204 204..205 205..82  205..71  204..15  203..83  168..206 206..207 207..208 208..114 208..70  207..115 206..35  167..209 209..210 210..211 211..212 212..3   212..75  211..213 213..69  213..10  210..214 214..25  214..76  209..215 215..11  215..65  166..216 216..77  216..37  165..217 217..81  217..67  164..218 218..219 219..220 220..36  220..79  219..12  218..221 221..32  221..9   163..222 222..223 223..1   223..78  222..33  162..224 224..225 225..226 226..227 227..30  227..31  226..28  225..228 228..2   228..26  224..229 229..230 230..80  230..29  229..27  161..231 231..232 232..233 233..234 234..235 235..236 236..24  236..23  235..138 234..237 237..238 238..62  238..63  237..64  233..59  232..239 239..139 239..61  231..240 240..241 241..14  241..13  240..60  140..242 242..243 243..244 244..245 245..246 246..247 247..248 248..249 249..250 250..251 251..252 252..105 252..103 251..104 250..94  249..102 248..93  247..253 253..254 254..255 255..101 255..99  254..107 253..98  246..256 256..257 257..258 258..259 259..86  259..7   258..87  257..111 256..85  245..260 260..57  260..73  244..261 261..262 262..135 262..134 261..74  243..263 263..264 264..265 265..266 266..267 267..268 268..97  268..96  267..95  266..110 265..92  264..269 269..270 270..106 270..108 269..109 263..100 242..271 271..272 272..273 273..274 274..130 274..131 273..132 272..129 271..275 275..276 276..122 276..120 275..121
 0.136740 0.085942 0.000000 0.020654 0.086465 0.122457 0.161894 0.301017 0.340298 0.257008 0.063950 0.756421 0.584384 1.459681 0.648999 0.259987 0.067647 0.236560 0.000000 0.000000 0.068064 0.186508 0.168201 0.021909 0.190238 0.239590 0.123080 0.090916 0.272885 0.181834 0.073652 0.000000 0.237843 0.121201 0.188764 0.200826 0.290689 0.170085 1.092011 0.561044 0.516522 0.000000 0.000000 0.267341 0.000000 0.152541 0.115649 0.000000 0.193858 0.066943 0.000000 0.045773 0.065518 0.004611 0.122659 0.000000 0.093993 0.011435 0.036776 0.010688 0.004808 0.000000 0.000000 0.000000 0.005040 0.010974 0.018408 0.105221 0.029706 0.018292 0.039072 0.428146 0.136892 0.113863 0.003057 0.382298 0.092159 0.167412 0.133778 0.000000 0.004810 0.194536 0.225418 0.063803 0.033944 0.019968 0.114097 0.040861 0.027109 0.033447 0.000000 0.000000 0.027509 0.081747 0.023870 0.085250 0.068212 0.014082 0.000000 0.120504 0.087596 0.012788 0.006749 0.064777 0.073552 0.027705 0.020427 0.162056 0.143088 0.157643 0.074927 0.102751 0.000000 0.004788 0.097442 0.516832 0.181071 0.149140 0.013753 0.079788 0.132304 0.057050 0.258031 0.187550 0.171161 0.000000 0.042717 0.071655 0.078388 0.198850 0.088266 0.028991 0.109923 0.092128 0.036187 0.109484 0.177649 0.164258 0.029405 0.025750 0.327523 0.021278 0.009660 0.379534 0.169291 0.195564 0.305512 0.000000 0.000000 0.299706 0.000000 0.000000 0.079770 0.038787 0.694593 0.009468 0.000000 0.471915 0.466415 0.300111 0.393199 0.044989 0.650352 0.332850 0.458733 0.539224 0.377011 0.000000 0.256430 0.267147 0.000000 0.016691 0.409408 0.469608 0.027827 0.060641 0.109870 0.328054 0.036469 0.046409 0.403034 0.062953 0.033599 0.098468 0.223133 0.095968 0.052470 0.083393 0.142489 0.570460 0.033634 0.166303 0.127458 0.070723 0.211295 0.429564 0.227688 0.437122 0.722905 0.040069 0.535307 0.000000 0.000000 0.475978 0.090779 0.055679 0.028407 0.000000 0.103599 0.000000 0.086386 0.022909 0.151431 0.109003 0.077470 0.060549 0.039862 0.119790 0.334407 0.257060 0.358176 0.157959 0.079793 0.000970 0.346541 0.178737 0.459684 0.382808 0.320620 0.003685 0.032353 0.000000 0.297381 0.155474 0.219000 0.197009 0.238828 0.103739 0.261070 0.219617 0.569974 0.144202 0.381046 0.271494 0.336210 0.021508 0.054474 0.300081 0.031737 0.092595 0.095668 0.163108 0.238096 0.340057 0.118559 0.108594 0.108315 0.079485 0.482294 0.309551 0.283499 0.583686 0.411493 0.016174 0.078922 0.030715 0.048895 0.081609 0.213432 0.104773 0.000000 0.071789 0.072081 0.029219 0.070986 1.222286
