
Printing out site pattern counts


       128         73  P

GNM13746                        ---------A AACCCCDDDD EEEEEEEFGG GIIIKKKKKK LLLLLLLLLM NNNPPPPRRR RRTVVVVVVV WYY
GNM13538                        ----GGIKPA KLCCCDDDEP DDEEKPRVAK SIKNDEFKSS EFILLLLLML ELSPPPPGNR RVTIIIKLLV WVY
GNM13876                        ---RQVE-TA RVCCCCDDDP DLESKGRIGQ GIAEESFKEG HWVLLLMVMM KLDPPPPGRR RKEEIMRILV WYY
GNM13680                        -EKNHGWLPA KLCCCDDDDP DREENTVVGD QVKSKDFKKK KWILLMLLML LIDPPPPSKR RKEFIIQIII YVY
GNM14837                        ---NHAWLPA KLCCCDDDEP EQEEKTIIGE KVSNTDFKKK KNILLMLLMM MLDPPPPSNR RTEFIIKIII FAY
GNM14249                        ---NHAWLPA KLCCCDDDEP EQEEKSIIGE KVSDTDFKKK KFILLMLLMM MLDPPPPSKR RKEFIIKIII FAY
GNM13928                        ---NHAWLPA KLCCCDDNEP EQEEKLIIGE KVSDTEFKKK KFILLMLIMM MLDPPPPSKR RQEFIIKIII FAF
GNM13297                        ----GGIKPA KLCCCDDDEP DDEEKPRVAK SIKNDEFKSS EFILLLLLML ELSPPPPGNR RVTIIIKLLV WVY
GNM14865                        ---------C D-DGTDPDD- --DE-TN-G- -II----K-V --ELL-MLLM --DPPPPG-E R-GIIL-I-I VRY
GNM13455                        ---NHAWLPA KLCCCDDDEP EQEEEPIIGD KVSQTEFKTK KNILLMLLMI MLNPPPPSNR RKEFIIMIII FAY
GNM14483                        ---KSGWLPA KLCCCDDDEP DDNEKSVVGE GIVGHAFKEE KWVLLLLLML LLSPPPPGKR RRELIIGIVI YVY
GNM14872                        ---NHGWLPA KLCCCDDDEP DREEETVIGE QVRVRGFKRK KWMLLMLLML MINPPPPGKR RKEAIIQILI YVY
GNM13855                        ---KTLWLPV KLCCCDDDEP DKEEKKILGN KVEDIEFKKS EWTLLLLLIL IIDPPPPQKR RSELIFSILI FLY
GNM14445                        ---QHGVLPA SLCCCDDDDP DEEDKSVVGK MIIKYAFKSK EWILLLLIML LLKPPPPNKR REELIISIVI YVY
GNM14404                        ---KPGYLPA RLCCCDDEDP DEQERWEIAR KIKDEAFKEK EWKLLLLIMM TIDPPPPRKR RRGIIIEYLV YIY
GNM14545                        ---KPGYLPA RLCCCDDEDP DEQERWEIAR KIKDEAFKEK EWKLLLLIMM TIDPPPPRKR RRGIIIEYLV YIY
GNM14366                        ---KHAWLPA KLCCCDDDEP DQEENAIIGQ KVVNKAFKEN KHILLMLLML ILDPPPPEKR RSEYIIDIII FSY
GNM14252                        ---NHAWLPA KLCCCDDDEP EQEEKSIIGE RVSDTEFKKK KFILLMLLMI ILDPPPPSNR RKEFIIKIII FVY
GNM13760                        ---NHGWLPA KLCCCDDDEP EQEEKKIIGE KISETDFKKK KYILLMLLMM ILDPPPPSNR REGFIIQIII FAY
GNM13982                        ---KHGWLPA KLCCCCDDEP EQEEKDVIGE KIVDKEFKQT KNILLLLIML NLDLPPPEKR RSEYIMQIII YAF
GNM13960                        ---LHAWLPA KLCCCDDEDP DQEEKKIIGE TITKTEFKKK KNILLLLLML ILDPPPPSRR RKEYIIQIII FAF
GNM14633                        ---KHGWLPA KLCCCCDDEP EQEEKTVIGE KIQDKEFKQG KNILLLLIML NLDLPPPEKR RSEYIMQIII YAF
GNM14853                        ---KHGWLPA KLCCCCDDEP EQEEKTVIGE KIQDKEFKQG KNILLLLIML NLDLPPPEKR RSEYIMQIII YAF
GNM14174                        ---KSGFLPA ELCCCDDEDP DEEENPEIGE KVVASPFKKK KWRLL-LIMM LVKPPPPLKR RKEVIIEIVI WLY
GNM14138                        ---KNGFIPA EMCCCDDDDP EDEEKPEIGK KIAQTPFKKK QWRLL-LIMM LFNPPPPSKR RKEIIIEILI WLY
GNM14055                        ---LHAWLPA KLCCCDDEDP DRDEKKIIGQ VIVKKEFKQK KYILLILLML LLDPPPPSTR RQEYIIEIVI FVF
GNM14748                        ---NHAWLPA KLCCCDDEEP EHDEKPIIGE KVIDTEFKNK KNMLLMLIMM MLDPPPPTKR RNEFIIKIII FAY
GNM14246                        ---KNGFLPA ELCCCDDDDP EDEEKPEIGQ RIVEEPFKRK RWRLL-LIMM LIEPPPPLKR RKEIIIEILI WVY
GNM14640                        ---KNGFIPA ELCCCDDEDP EDEEKPEIGK KIVKSPFKRK KWRLLLLIMM MFEPPPPLKR RKEIIIEILI WVY
GNM14965                        ---NHGWLPA RLCCCDDDDP ESEEQGVVGD RIINKDFKQK KWVLLMLLML IIEPPPPLKR RKEFIITIII FIF
GNM13677                        ---REIG-NA RVCCCCDDEP DLESKGRIGQ GIAQESFKEG RWVLLLMVMM KLDPPPPGKR RKEEIMSILV WYY
GNM14339                        ---------A RICCCCDDDP ERNDKPIVGP SITGKEFRNK DWILL-LLMM SIDAPPPGKR RKETIMMILI WLY
GNM14593                        ---KSGFLPA KLCCCCDDEP DEHDNERIAE KIKNTEFKAE KWELLLLIMM LTNPPPPGRR RKEIIIELLV WLY
GNM13825                        -------V-A RVCCCCDDDP EKDDRRVVAA RIVDEEFKER SWILL-LLMM RVDPPPPGRR RRETVMQLRV WLY
GNM14768                        ---KSGFLPA QLCCCCDDDP DDDDNERIGE RIISRRFRAS EWELLLLLMM LIDPPPPRAR RREFIIKLLI WLY
GNM14776                        ---KSGFLPA QLCCCCDDNP DDDDNERIGE RIISRRFRAS EWELLLLLMM LVDPPPPCAR RREFIIKLLI WLY
GNM14715                        ---KNGWLPA RLCCCDDDDP DESDKSVVGE GVVSHGFKEQ SWVLLLLLML ILNPPPPGRR RRELIIGIVI YVY
GNM14639                        ---KHGHLPA ALCCCCDDDP DDEWEGVVGD EIKKKNFKKK DFSLLLMIMM IIKPPPPGMR RKDVIINILI WIY
GNM13795                        ---NHAWLPA KLCCCDDEEP EHDEKPIIGE KVIDTEFKNK KNMLLMLIMM ILDPPPPSKR RNEFIIKIII FVY
GNM14166                        ---FHGWLPA KLCCCDDEEP DQEDNSIIGD KVSNSEFKNK KYILLLLIMI ILDPPPPSKR RTEFIIKIVI YVY
GNM13993                        ---LNSFIPV FLCCCDDDNP EHNSIIIIGD IVKDSNFKTK DWILVLQLMT SINPPPPIQR RKGYISNIKI YLY
GNM14450                        ---ENGWLPA KLCCCDDNDP ENENTSIIGR KIIENKFKEK KWILLMLLMI ILNLPPPLQR REEFIIEIVI FAY
GNM13515                        ---LHGWLPA KMCCCCDDEP DQENKTIIGE KIVDAEFKKS KNILLMLLML ILDPPPPSNR RLEFIMHITI FVY
GNM13745                        ---LNSFIPA QLCCCDDKDP EQHSSGIIGD KIVNYNFKIE EWILLLLFLH TLNPPPPTKR RKGRIIQFII FVY
GNM14030                        ---MKSFIPI FLCCCDDSEP EFISLDIIGD YIQDSTFKSQ XWILLLQLMK SINPPPPMKR RESYIFNVKI YLY
GNM14959                        ---KNGVLPA KLCCCDDDDG DEEDEPIIGN KVVDKAFKDK KVKLL-LLLM KLNPPPPGRR RQEYIYEVLI WIY
GNM13413                        ---KNGVLPV PLCCCCDDNP DRNTEPYIGG KIRDEEFKRN RFKLLGRLML RINPTVVGMR RRGYVHHVLI WVY
GNM14990                        ---LHAWLPA KLCCCDDEDP DQEEKKIIGE TIAKTEFKKK KNILLLLLML ILDPPPPSRR RKEYIIQIII FAF
GNM15005                        ---LHAWLPA KLCCCDDEDP DQEEKKIIGE TIAKTEFKKK KNILLLLLML ILDPPPPSRR RKEYIIQIII FAF
GNM15013                        ---LHAWLPA KLCCCDDEDP DQEEKKIIGE TITKTEFKKK KNILLLLLML ILDPPPPSRR RKEYIIQIII FAF
GNM14976                        ---LHAWLPA KLCCCDDEDP DQEEKKIIGE TITKTEFKKK KNILLLLLML ILDPPPPSRR RKEYIIQIII FAF
GNM14995                        ---------A --CCCD-DE- ---E-E--G- -ID----K-K --IL-M-L-L ---P--PS-R ---Y-I-I-I FAF
GNM15017                        ---LHAWLPA KLCCCDDDDP DQEEKEIIGE IIDKKEFKKK KNILLMLLML ILDPPPPSRR RQEYIIQIVI FAF
GNM15018                        ---NHAWLPA KLCCCDDDEP EQEEKPIIGE KISDTEFKEK KFILLMLLMI ILDPPPPSNR RKEFIIKIII FAY
GNM15025                        ---SHAWLPA KLCCCDDEDP EQEEKQIIGD IIAKKEFKKK KNVLLMLLML VLDPPPPSRR REEYIIRILI FAF
GNM15024                        ---NHAWLPA KLCCCDDDEP EQEEKPIIGE KISDTEFKEK KFILLMLLMI ILDPPPPSNR RKEFIIKIII FAY
GNM14980                        ---NHAWLPA KLCCCDDDEP EQEEKPIIGE KISDTEFKEK KFILLMLLMI ILDPPPPSNR RKEFIIKIII FAY
GNM15000                        ---NHAWLPA KLCCCDDDEP EQEEKPIIGE KISDTEFKEK KFILLMLLMI ILDPPPPSNR RKEFIIKIII FAY
GNM15001                        ---NHAWLPA KLCCCDDDEP EQEEKPIIGE KVSDTQFKEK KFILLMLLMI ILDPPPPSNR RKEFIIKIII FAY
GNM11003                        ---VNGFLPA KLCCCCDDDP DEKEEPRIGS KIEDEKFKEE YNILLLLLMM LIKPPPPKKR RKEYIMNIII WVY
GNM11023                        K--APVVLPA PACCCCDEEP DRKEEPVVGE AIEGREIRSA WLVLMHYLMI RVDPDPPGRR RHGVIEAMLI WVY
GNM11146                        ---T-A---A KLCCCDDDDA DEENKPIIGS KVVDKEFKDT KFKLLLLLLM DINPPPPGKR RKEYIYQILI WIY
GNM11220                        ---KNGILPA LLCCCDDDDP DEEERPEVGE RIVDRKFKRR KWRLL-LIMM LINPPPPLKR RKEVIIDILI FLY
GNM11224                        ---KNGFLPA ELCCCDDDEP DDEEKPEIGE RIVDLPFKEK KWRLLLLIMM LIDPPPPLKR RKEVIIEILI WLY
GNM11225                        ---KNGFLP- EL----D-DP EDE-K-EI-E R--ERQF-R- RWP-L-L-M- LIE-PP--K- RKP-I-E-LV ---
GNM11358                        ---KTLWIPV KLCCCDDDEP DKEEKRILGK NVEEKEFKKT DWTLLLLLIL LIDPPPPLTR RAELIFNILI FLY
GNM11360                        ---NHAWLPA KLCCCDDDEP EQEEEPIIGD KVSQTEFKTK KNILLMLLMI MLNPPPPSNR RKEFIIMIII FAY
GNM11362                        ---------V KYCCCDDDKV EVEESSV-G- KIMD-EFKNR -WILLLLLLL QLDPPPPKRR RRGIII-I-I LVY
GNM11367                        ---KHGWLPA KLCCCCDDEP EQEEKDVIGE KIVDKEFKQT KNILLLLIML NLDLPPPEKR RSEYIMQIII YAF
GNM11377                        ---NHGWLPQ KLCCCDDDEP DREEEAVIGE QIRARGFRQK KWMLLMLLML VINPPPPGRR RKEAIIQILI YVY
GNM11380                        ---AHGWLPA KLCCCDDEEP DQEENSIIGE KISTTEFKNK KYILLLLIMM ILDPPPPSKR RTEFIIKIII YTY
GNM11383                        ---NHAWLPV KLCCCDDDEP DQEEKSIIGQ NVLKKAFKEK KNILLMLLMM ILDPPPPSKR RTEFIIDMII FAY
GNM11491                        ---SHAWLPA KLCCCDDEDP EEEEETVVGE RVLEGEFKKE KNILLMLLMV MLDPPPPSKR RSEYIMSITI FAY
GNM11804                        ---------A K-CCCCPDE- --EELDN-G- -VL----K-N --ELLLLLLL --DPPPPN-E R-GIIV-I-I RFY
GNM11805                        ---KNGFIPA ELCCCCDDNP DKTNKNIVGD KMKSNEFRTT IYIILLYLLI MLDPPHPGKR RDSLIMNLII WIY
GNM12883                        ---NHGWLPA KLCCCDDDEP DKEEQTVVGE QIKEKEFKQK KWKLLMLLML IIEPPPPNKR RKEFIIQIII FVY
GNM12895                        ---ENGWLPA KLCCCDDKDP ENENTSIIGR KIIENKFKEK KWILLMLLMI ILNLPPPLQR REEFIIEIVI FAY
GNM13060                        ---------A LACCCCDDDD EEEEKEEFGG GIIIKEKKKK FLILL-LLLM DNDPPPPHKR RKTVVVGVII WYY
GNM13061                        ---L----PA AACCCCDDDK DRDEKEEIGG GVEMEEFRSK FHILLLLLLL VVDPPPPGAR RQEYIMRVLI WAY
GNM13064                        ---LNSFIPV FLCCCDDDNP EHNSIIIIGD IVKDSNFKTK DWILVLQLMT SINPPPPIQR RKGYISNIKI YLY
GNM13066                        ---MNSFIPI LLCCCDDNNP EYNSITIIGE TVNNSNFKSK KWILV-QLMM SINPPPPIKR RKGYIFNIKI YIY
GNM11032                        ---LNGFLPA SLCCCCDDDP ERNDKRIVGE AIISKEFRRK EWILLLMLMV LVSPPPPMKR RREVIIAILV WLY
GNM11363                        ---------V KYCCCDDDKV EVEESSV-G- KIMD-EFKNR -WILLLLLLL QLDPPPPKRR RRGIII-I-I LVY
GNM11375                        ---NHGWLPA KLCCCDDDEP EQEEKKIIGE KVSETNFKQK KYILLMLLMM ILDPPPPSNR RRGFIIQIII FAY
GNM11381                        ---NHAWLPV KLCCCDDDEP DQEEKSIIGQ KIIQKDFKEK KNILLMLLMM ILDPPPPAKR RSEFIIDMII FAY
GNM11382                        ---KHAWVPV KLCCCDDDEP DQEEKNIIGE QVVKKEFKDK KNILLMLLMM MLDPPPPSKR RKEYIIHIII FAY
GNM11799                        ---LHAWLPA KLCCCDDEDP DQEEKQIIGE IITKTEFKKQ KNILLLLLML ILDPPPPSKR RGEYIIQIVI FAF
GNM11841                        ---------C E-CCCDPED- APDSATN-G- -IL----K-E --EILLMLLM --DPPPPS-E R-GTIL-I-I TEF
GNM11931                        ---------C D-CCCDPDD- SEDAATN-G- -VM--SAK-D --EVLLMLLL A-DPPPPG-E R-GTIL-I-I TTY
GNM12040                        ---------C E-DGTDPDD- --DE-KN-G- -II----K-E --ELLLMLLM --EPPPPG-E R-GIIL-I-I VRY
GNM12071                        ---------C E-CCCDPDD- AMDTATN-G- -IL----K-E --EILLMLLM --EPPPPG-E R-GTIL-V-I ITY
GNM12125                        ---KNGWLPA KLCCCCDDDP DENTDPRIGE QVVDKRFKRN KYIALFLLMM LLRPPPPGKR RREYIVHLVI WIY
GNM12126                        ---KGGWIPA KLCCCCDDDP DEETEPHVGE KVVDSKFKRK EYILLTLLML LLNPPPPGKR RLGVIY-VLI WVF
GNM12182                        ---LNGFLPA RLCCCCDDDP ESKEEPRVGQ KVVSEEFKEA KYILLLLLMM LIKPPPPNKR RKEVIMSILI WLY
GNM12346                        ---------C --CCCCPND- --EE-KN-G- -VI----K-Q --QLLLLLLM ---PPPPN-E R-GYIV-I-I STY
GNM12351                        ---------A --CCCCPDD- --ES-SN-G- -II----K-K --TLLLLLMM --EPPPPN-E R-GYII-I-I YTF
GNM12357                        ---------E --CCCCEDD- ---G-KV-N- --L----K-K --KLLL-LLI ---LDPPN-K --KHIK-L-I NKY
GNM12366                        ---------K --CCCCEDN- -----KV-K- -------G-V --ELLL-IFK ---KELPK-K --NTII-I-V NKY
GNM12373                        ---------C --CCCCEDS- --DE-TN-G- -IM----K-A --SILIQLLL ---PPAPK-R R-GTIV-I-I VLY
GNM12385                        ---------C D-CCCCQEE- --TE-AN-G- -VL----K-A --SLLLALLM --EPPPPS-V C-GRIV-I-I DTY
GNM12554                        ---------C --CCCCPDG- --SE-AD-G- -IL----K-A --TLLLTLLM ---PPPPS-A R-GHIV-I-I DNY
GNM12592                        ---------V R-CCCCPEE- --ETRRN-G- -IL----R-S --ELLLLLMM --EPPPPG-E R-GTIV-I-I VRY
GNM12596                        ---------A --CCCCPDE- --DS-PN-G- -VI----K-V --DLLLLLLM --NPPPPK-E R-GYIV-I-I HTY
GNM12602                        ---------A --CCCCPDE- --DS-PN-G- -VI----K-I --DLL-LLLM --NPPPPK-E R-GYIV-I-V HTY
GNM12665                        ---------A --CCCCADE- --DS-PN-G- -VI----K-V --DLL-LLLM --NPPPPK-E R-GYIV-I-I HTY
GNM12749                        ---------C --CCCCQDD- --NT-HN-G- -II----K-A --ELLLILLY ---PPPPS-V --GIIV-I-I TSY
GNM12766                        ---------Q --CCCCKND- --MK-KI-N- --E----G-S --VLLYKLLL ---DKPPK-K K-GIIY-I-I TQF
GNM12841                        ---------C E-CCCDPDD- AADEAEN-G- -IL----K-E --ELLLMLLL --DPPPPG-E R-GLIL-I-I ERY
GNM12849                        ---NHAWLPA KLCCCDDDEP EQEEEPIIGE KVSKTEFKTK KNILLMLLMM ILNPPPPSNR RNEFIIMIII FAY
GNM12869                        ---KHAWLPA KLCCCDDDEP EQEEKPIIGE KVSDTEFKEK KFILLMLLMT MLDPPPPTNR RKEFIIKIII FVY
GNM12896                        ---IHGWLPA KLCCCDDEEP DQEENSIIGD RISNVEFKNK KHILLLLIMM ILDPPPPSKR RIEFIIKIII YIY
GNM12897                        ---LHGWLPA KLCCCDDNEP DQEENSVIGD KIATAEFKNK KYLLLLLIMM ILEPPPPSKR RIEFIIKIII YIY
GNM12903                        ---KNGFLPA ELCCCDDDEA EEETKPRIGD AIEEQQFKEN KVILLLLIMM LLNPPPPGSR RDEYIYQVLI WVY
GNM12906                        ---RNGFLPA ELCCCDDDEA EEETKPRIGE SIEEQQFKES KIILLLLIMM LLNPPPPGSR RQEYIYEVLI WVY
GNM12907                        ---KNGFLPA ELCCCDDDEA EEEAKPRIGE AIEEQEFKRT KVILLLLIMM LLNPPPPGSR RDEYIYQVLI WVY
GNM12909                        ---KAGFLPA ELCCCDDDEA EEETKPRIGD AIEEYAFKQT KIILLLLIMM LLNPPPPGNR RDEYIYQVLI WVY
GNM12931                        ---LNGYLPR KLCCCCDDNP DSNEEPYIGK KIKDYEFKKK EWKILGKLLL ILRPRVLKKR RRGYIHEFVI WVY
GNM12938                        ---LNGFLPA KLCCCCDDDP EEKDEPRIAT KIVDEDFKKN NYILLLLLML IIKPPPPKRR RKEYIIELVV WLY
GNM13018                        ---VRGFLPA ELCCCCDDDP DDKEEERIGK KIEDTKFKES SYILLLLLMM IIKPPPPNKR RKEYIMNLLI WMY
GNM13027                        ---VNGFLPA KMCCCCDDDP DEKDDPRIGK KIVNESFKKN EYILLLLLML LIRPPPPKKR RSEYIIELLI WLY
GNM13046                        ---SHAWLPA KLCCCDDNEP DQEEKTIIGE QVVEKDFKND KNILLMLLMM ILDPPPPSNR RKEYIIQIII FAY
GNM13053                        ---KHGNLPA RLCCCDDDNP DEDEESVVGE SIAEYEFKRK QWILLLLLML LLRPPPPQRR RKELIIEIVI FAY
GNM13118                        ---KGGFLPA KLCCCDDDDP DEDTEPVVGE KVADKKFKEE KVKLL-MLIM LVNPPPPGSR RKEYIY-LLI WVW
GNM13208                        ---KRGFLPA ELCCCDDDEA EEETKPRIGK KIEAYEFKKA KIILLLLMMM VLNPPPPGSR REEYIYEVLI WVY
GNM13210                        ---LNGYLPR PLCCCCDDDP DNNTEPYIGG RIKDERFKQN VFRILGRLLM KLKPAVVNTR RKGYIHKFVV WVY
GNM12773                        ---KRGFLPA ELCCCDDDDP DEEESSEIGQ KIEDFPFKKK NWRLLLLIMM MFKPPPPLKR RHEVIIEIVI WLY
GNM12769                        ---KNGFLPA KVCCCDDEEP DEDEEPRVGS KIIEYDFKKK DWILLLLIMM LISPPPPKKR RKDIIIKILI YLY
GNM12768                        ---RNGFAPA GLCCCCDEEP DDEEKTYVGH KVVARPFKKQ EWILLLLIMM LFDPPPPHKR RHEVIIEMLI WVY



    1    1    1    1    1    1    1    1    1    1    1    1    1    1    1
    1    1    1    1    1    1    1    1    1    1    1    1    1    1    1
    1    1    1    1    1    1    1    1    1    1    1    1    1    1    1
    1    1    1    1    1    1    1    1    1    1    1    1    1    1    1
    1    1    1    1    1    1    1    1    1    1    1    1    1

AAML (in paml version 4.9h, March 2018)  tmp0070.txt
Model: Empirical,  (../wag.dat) dGamma (ncatG=4) ns = 128  ls =  73


Frequencies..
                                    A      R      N      D      C      Q      E      G      H      I      L      K      M      F      P      S      T      W      Y      V
GNM13746                       0.04688 0.07812 0.04688 0.06250 0.06250 0.00000 0.10937 0.04688 0.00000 0.04688 0.14062 0.09375 0.01563 0.01563 0.06250 0.00000 0.01563 0.01563 0.03125 0.10937
GNM13538                       0.02899 0.04348 0.02899 0.08696 0.04348 0.00000 0.08696 0.04348 0.00000 0.08696 0.14493 0.10145 0.01449 0.02899 0.10145 0.05797 0.01449 0.01449 0.01449 0.05797
GNM13876                       0.02899 0.10145 0.00000 0.07246 0.05797 0.02899 0.10145 0.07246 0.01449 0.05797 0.08696 0.05797 0.05797 0.01449 0.07246 0.02899 0.01449 0.02899 0.02899 0.07246
GNM13680                       0.01389 0.04167 0.02778 0.11111 0.04167 0.02778 0.05556 0.02778 0.01389 0.09722 0.11111 0.13889 0.02778 0.02778 0.08333 0.02778 0.01389 0.02778 0.02778 0.05556
GNM14837                       0.04286 0.02857 0.05714 0.07143 0.04286 0.01429 0.08571 0.01429 0.01429 0.11429 0.10000 0.11429 0.05714 0.04286 0.08571 0.02857 0.04286 0.01429 0.01429 0.01429
GNM14249                       0.04286 0.02857 0.01429 0.08571 0.04286 0.01429 0.08571 0.01429 0.01429 0.11429 0.10000 0.14286 0.05714 0.05714 0.08571 0.04286 0.01429 0.01429 0.01429 0.01429
GNM13928                       0.04286 0.02857 0.02857 0.05714 0.04286 0.02857 0.10000 0.01429 0.01429 0.12857 0.10000 0.12857 0.05714 0.07143 0.08571 0.02857 0.01429 0.01429 0.00000 0.01429
GNM13297                       0.02899 0.04348 0.02899 0.08696 0.04348 0.00000 0.08696 0.04348 0.00000 0.08696 0.14493 0.10145 0.01449 0.02899 0.10145 0.05797 0.01449 0.01449 0.01449 0.05797
GNM14865                       0.00000 0.04762 0.02381 0.16667 0.02381 0.00000 0.07143 0.09524 0.00000 0.14286 0.11905 0.02381 0.04762 0.00000 0.11905 0.00000 0.04762 0.00000 0.02381 0.04762
GNM13455                       0.04286 0.02857 0.05714 0.05714 0.04286 0.02857 0.10000 0.01429 0.01429 0.12857 0.10000 0.08571 0.05714 0.04286 0.10000 0.02857 0.02857 0.01429 0.01429 0.01429
GNM14483                       0.02857 0.04286 0.01429 0.07143 0.04286 0.00000 0.08571 0.08571 0.01429 0.07143 0.15714 0.08571 0.01429 0.01429 0.08571 0.04286 0.00000 0.02857 0.02857 0.08571
GNM14872                       0.02857 0.08571 0.02857 0.05714 0.04286 0.02857 0.08571 0.05714 0.01429 0.08571 0.11429 0.08571 0.05714 0.01429 0.08571 0.00000 0.01429 0.02857 0.02857 0.05714
GNM13855                       0.00000 0.02857 0.01429 0.08571 0.04286 0.01429 0.10000 0.01429 0.00000 0.11429 0.18571 0.12857 0.00000 0.04286 0.08571 0.04286 0.02857 0.02857 0.01429 0.02857
GNM14445                       0.02857 0.02857 0.01429 0.08571 0.04286 0.01429 0.07143 0.02857 0.01429 0.11429 0.14286 0.10000 0.02857 0.01429 0.08571 0.05714 0.00000 0.01429 0.04286 0.07143
GNM14404                       0.04286 0.10000 0.00000 0.08571 0.04286 0.01429 0.11429 0.02857 0.00000 0.11429 0.10000 0.10000 0.02857 0.01429 0.10000 0.00000 0.01429 0.02857 0.05714 0.01429
GNM14545                       0.04286 0.10000 0.00000 0.08571 0.04286 0.01429 0.11429 0.02857 0.00000 0.11429 0.10000 0.10000 0.02857 0.01429 0.10000 0.00000 0.01429 0.02857 0.05714 0.01429
GNM14366                       0.05714 0.02857 0.04286 0.08571 0.04286 0.02857 0.08571 0.01429 0.02857 0.12857 0.11429 0.10000 0.02857 0.02857 0.08571 0.02857 0.00000 0.01429 0.02857 0.02857
GNM14252                       0.02857 0.04286 0.02857 0.07143 0.04286 0.01429 0.10000 0.01429 0.01429 0.14286 0.10000 0.11429 0.02857 0.05714 0.08571 0.04286 0.01429 0.01429 0.01429 0.02857
GNM13760                       0.02857 0.02857 0.02857 0.07143 0.04286 0.02857 0.10000 0.04286 0.01429 0.14286 0.10000 0.11429 0.04286 0.04286 0.08571 0.02857 0.01429 0.01429 0.02857 0.00000
GNM13982                       0.02857 0.02857 0.02857 0.07143 0.05714 0.04286 0.11429 0.02857 0.01429 0.11429 0.12857 0.11429 0.02857 0.02857 0.07143 0.01429 0.01429 0.01429 0.02857 0.02857
GNM13960                       0.04286 0.04286 0.01429 0.07143 0.04286 0.02857 0.08571 0.01429 0.01429 0.14286 0.14286 0.12857 0.01429 0.04286 0.08571 0.01429 0.04286 0.01429 0.01429 0.00000
GNM14633                       0.02857 0.02857 0.02857 0.05714 0.05714 0.05714 0.11429 0.04286 0.01429 0.11429 0.12857 0.11429 0.02857 0.02857 0.07143 0.01429 0.01429 0.01429 0.02857 0.01429
GNM14853                       0.02857 0.02857 0.02857 0.05714 0.05714 0.05714 0.11429 0.04286 0.01429 0.11429 0.12857 0.11429 0.02857 0.02857 0.07143 0.01429 0.01429 0.01429 0.02857 0.01429
GNM14174                       0.02899 0.04348 0.01449 0.05797 0.04348 0.00000 0.13043 0.02899 0.00000 0.08696 0.11594 0.13043 0.02899 0.02899 0.11594 0.02899 0.00000 0.02899 0.01449 0.07246
GNM14138                       0.02899 0.04348 0.02899 0.07246 0.04348 0.02899 0.10145 0.02899 0.00000 0.13043 0.08696 0.13043 0.04348 0.04348 0.11594 0.01449 0.01449 0.02899 0.01449 0.00000
GNM14055                       0.02857 0.04286 0.00000 0.08571 0.04286 0.04286 0.07143 0.01429 0.01429 0.12857 0.14286 0.11429 0.01429 0.04286 0.08571 0.01429 0.01429 0.01429 0.02857 0.05714
GNM14748                       0.04286 0.02857 0.05714 0.07143 0.04286 0.00000 0.10000 0.01429 0.02857 0.12857 0.08571 0.11429 0.07143 0.04286 0.10000 0.00000 0.02857 0.01429 0.01429 0.01429
GNM14246                       0.01449 0.08696 0.01449 0.07246 0.04348 0.01449 0.14493 0.02899 0.00000 0.13043 0.11594 0.08696 0.02899 0.02899 0.11594 0.00000 0.00000 0.02899 0.01449 0.02899
GNM14640                       0.01429 0.05714 0.01429 0.05714 0.04286 0.00000 0.12857 0.02857 0.00000 0.12857 0.10000 0.14286 0.04286 0.04286 0.11429 0.01429 0.00000 0.02857 0.01429 0.02857
GNM14965                       0.01429 0.05714 0.02857 0.08571 0.04286 0.02857 0.07143 0.04286 0.01429 0.14286 0.11429 0.08571 0.02857 0.05714 0.08571 0.01429 0.01429 0.02857 0.00000 0.04286
GNM13677                       0.02899 0.08696 0.01449 0.05797 0.05797 0.02899 0.10145 0.08696 0.00000 0.07246 0.08696 0.07246 0.05797 0.01449 0.07246 0.04348 0.00000 0.02899 0.02899 0.05797
GNM14339                       0.03175 0.07937 0.03175 0.09524 0.06349 0.00000 0.04762 0.04762 0.00000 0.12698 0.09524 0.07937 0.06349 0.01587 0.09524 0.03175 0.03175 0.03175 0.01587 0.01587
GNM14593                       0.04286 0.05714 0.04286 0.05714 0.05714 0.00000 0.12857 0.02857 0.01429 0.08571 0.14286 0.10000 0.02857 0.02857 0.08571 0.01429 0.02857 0.02857 0.01429 0.01429
GNM13825                       0.04688 0.17187 0.00000 0.10937 0.06250 0.01563 0.07812 0.01563 0.00000 0.03125 0.09375 0.03125 0.04688 0.01563 0.07812 0.01563 0.01563 0.03125 0.01563 0.12500
GNM14768                       0.04286 0.12857 0.01429 0.11429 0.05714 0.01429 0.07143 0.02857 0.00000 0.10000 0.15714 0.02857 0.02857 0.04286 0.08571 0.04286 0.00000 0.02857 0.01429 0.00000
GNM14776                       0.04286 0.11429 0.02857 0.10000 0.07143 0.01429 0.07143 0.02857 0.00000 0.08571 0.15714 0.02857 0.02857 0.04286 0.08571 0.04286 0.00000 0.02857 0.01429 0.01429
GNM14715                       0.01429 0.07143 0.02857 0.08571 0.04286 0.01429 0.05714 0.08571 0.01429 0.07143 0.14286 0.04286 0.01429 0.01429 0.08571 0.05714 0.00000 0.02857 0.02857 0.10000
GNM14639                       0.02857 0.02857 0.02857 0.11429 0.05714 0.00000 0.04286 0.05714 0.02857 0.12857 0.08571 0.12857 0.05714 0.02857 0.08571 0.01429 0.00000 0.02857 0.01429 0.04286
GNM13795                       0.02857 0.02857 0.05714 0.07143 0.04286 0.00000 0.10000 0.01429 0.02857 0.14286 0.08571 0.11429 0.05714 0.04286 0.10000 0.01429 0.01429 0.01429 0.01429 0.02857
GNM14166                       0.01429 0.02857 0.04286 0.08571 0.04286 0.01429 0.07143 0.02857 0.01429 0.14286 0.10000 0.10000 0.01429 0.04286 0.08571 0.05714 0.01429 0.01429 0.04286 0.04286
GNM13993                       0.00000 0.02857 0.08571 0.08571 0.04286 0.02857 0.01429 0.02857 0.01429 0.17143 0.08571 0.07143 0.01429 0.04286 0.08571 0.07143 0.02857 0.01429 0.04286 0.04286
GNM14450                       0.02857 0.04286 0.08571 0.04286 0.04286 0.01429 0.11429 0.02857 0.00000 0.15714 0.12857 0.08571 0.02857 0.04286 0.07143 0.01429 0.01429 0.02857 0.01429 0.01429
GNM13515                       0.02857 0.02857 0.04286 0.07143 0.05714 0.01429 0.07143 0.02857 0.02857 0.11429 0.12857 0.08571 0.05714 0.04286 0.08571 0.02857 0.02857 0.01429 0.01429 0.02857
GNM13745                       0.01429 0.04286 0.05714 0.05714 0.04286 0.04286 0.04286 0.04286 0.02857 0.14286 0.11429 0.07143 0.00000 0.07143 0.08571 0.04286 0.02857 0.01429 0.02857 0.02857
GNM14030                       0.00000 0.02899 0.02899 0.07246 0.04348 0.04348 0.04348 0.01449 0.00000 0.14493 0.10145 0.07246 0.04348 0.07246 0.08696 0.10145 0.01449 0.01449 0.05797 0.01449
GNM14959                       0.02899 0.04348 0.04348 0.11594 0.04348 0.01449 0.07246 0.05797 0.00000 0.07246 0.13043 0.13043 0.01449 0.01449 0.08696 0.00000 0.00000 0.01449 0.04348 0.07246
GNM13413                       0.00000 0.12857 0.07143 0.05714 0.05714 0.00000 0.04286 0.08571 0.02857 0.05714 0.10000 0.05714 0.02857 0.02857 0.07143 0.00000 0.02857 0.01429 0.04286 0.10000
GNM14990                       0.05714 0.04286 0.01429 0.07143 0.04286 0.02857 0.08571 0.01429 0.01429 0.14286 0.14286 0.12857 0.01429 0.04286 0.08571 0.01429 0.02857 0.01429 0.01429 0.00000
GNM15005                       0.05714 0.04286 0.01429 0.07143 0.04286 0.02857 0.08571 0.01429 0.01429 0.14286 0.14286 0.12857 0.01429 0.04286 0.08571 0.01429 0.02857 0.01429 0.01429 0.00000
GNM15013                       0.04286 0.04286 0.01429 0.07143 0.04286 0.02857 0.08571 0.01429 0.01429 0.14286 0.14286 0.12857 0.01429 0.04286 0.08571 0.01429 0.04286 0.01429 0.01429 0.00000
GNM14976                       0.04286 0.04286 0.01429 0.07143 0.04286 0.02857 0.08571 0.01429 0.01429 0.14286 0.14286 0.12857 0.01429 0.04286 0.08571 0.01429 0.04286 0.01429 0.01429 0.00000
GNM14995                       0.06667 0.03333 0.00000 0.10000 0.10000 0.00000 0.10000 0.03333 0.00000 0.16666 0.10000 0.06667 0.03333 0.06667 0.06667 0.03333 0.00000 0.00000 0.03333 0.00000
GNM15017                       0.04286 0.04286 0.01429 0.10000 0.04286 0.04286 0.08571 0.01429 0.01429 0.14286 0.12857 0.11429 0.02857 0.04286 0.08571 0.01429 0.00000 0.01429 0.01429 0.01429
GNM15018                       0.04286 0.02857 0.02857 0.07143 0.04286 0.01429 0.11429 0.01429 0.01429 0.15714 0.10000 0.11429 0.02857 0.05714 0.10000 0.02857 0.01429 0.01429 0.01429 0.00000
GNM15025                       0.05714 0.05714 0.01429 0.07143 0.04286 0.02857 0.10000 0.01429 0.01429 0.11429 0.12857 0.11429 0.02857 0.04286 0.08571 0.02857 0.00000 0.01429 0.01429 0.02857
GNM15024                       0.04286 0.02857 0.02857 0.07143 0.04286 0.01429 0.11429 0.01429 0.01429 0.15714 0.10000 0.11429 0.02857 0.05714 0.10000 0.02857 0.01429 0.01429 0.01429 0.00000
GNM14980                       0.04286 0.02857 0.02857 0.07143 0.04286 0.01429 0.11429 0.01429 0.01429 0.15714 0.10000 0.11429 0.02857 0.05714 0.10000 0.02857 0.01429 0.01429 0.01429 0.00000
GNM15000                       0.04286 0.02857 0.02857 0.07143 0.04286 0.01429 0.11429 0.01429 0.01429 0.15714 0.10000 0.11429 0.02857 0.05714 0.10000 0.02857 0.01429 0.01429 0.01429 0.00000
GNM15001                       0.04286 0.02857 0.02857 0.07143 0.04286 0.02857 0.10000 0.01429 0.01429 0.14286 0.10000 0.11429 0.02857 0.05714 0.10000 0.02857 0.01429 0.01429 0.01429 0.01429
GNM11003                       0.01429 0.04286 0.04286 0.07143 0.05714 0.00000 0.11429 0.02857 0.00000 0.11429 0.11429 0.12857 0.04286 0.02857 0.10000 0.01429 0.00000 0.01429 0.04286 0.02857
GNM11023                       0.08451 0.09859 0.00000 0.05634 0.05634 0.00000 0.11268 0.05634 0.02817 0.07042 0.07042 0.02817 0.04225 0.00000 0.11268 0.01408 0.00000 0.02817 0.02817 0.11268
GNM11146                       0.04545 0.03030 0.03030 0.12121 0.04545 0.01515 0.06061 0.03030 0.00000 0.10606 0.12121 0.13636 0.01515 0.03030 0.07576 0.01515 0.03030 0.01515 0.04545 0.03030
GNM11220                       0.01449 0.11594 0.02899 0.10145 0.04348 0.00000 0.08696 0.02899 0.00000 0.11594 0.14493 0.08696 0.02899 0.02899 0.10145 0.00000 0.00000 0.01449 0.01449 0.04348
GNM11224                       0.01429 0.05714 0.01429 0.10000 0.04286 0.00000 0.12857 0.02857 0.00000 0.11429 0.15714 0.10000 0.02857 0.02857 0.11429 0.00000 0.00000 0.02857 0.01429 0.02857
GNM11225                       0.00000 0.11628 0.02326 0.06977 0.00000 0.02326 0.18605 0.02326 0.00000 0.06977 0.13953 0.09302 0.02326 0.04651 0.13953 0.00000 0.00000 0.02326 0.00000 0.02326
GNM11358                       0.01429 0.04286 0.02857 0.08571 0.04286 0.00000 0.10000 0.01429 0.00000 0.10000 0.20000 0.11429 0.00000 0.04286 0.08571 0.00000 0.05714 0.02857 0.01429 0.02857
GNM11360                       0.04286 0.02857 0.05714 0.05714 0.04286 0.02857 0.10000 0.01429 0.01429 0.12857 0.10000 0.08571 0.05714 0.04286 0.10000 0.02857 0.02857 0.01429 0.01429 0.01429
GNM11362                       0.00000 0.08621 0.01724 0.08621 0.05172 0.01724 0.06897 0.03448 0.00000 0.12069 0.15517 0.08621 0.01724 0.01724 0.06897 0.03448 0.00000 0.01724 0.03448 0.08621
GNM11367                       0.02857 0.02857 0.02857 0.07143 0.05714 0.04286 0.11429 0.02857 0.01429 0.11429 0.12857 0.11429 0.02857 0.02857 0.07143 0.01429 0.01429 0.01429 0.02857 0.02857
GNM11377                       0.04286 0.10000 0.02857 0.05714 0.04286 0.05714 0.08571 0.05714 0.01429 0.10000 0.11429 0.05714 0.04286 0.01429 0.08571 0.00000 0.00000 0.02857 0.02857 0.04286
GNM11380                       0.02857 0.02857 0.02857 0.05714 0.04286 0.01429 0.10000 0.02857 0.01429 0.15714 0.10000 0.10000 0.02857 0.02857 0.08571 0.04286 0.05714 0.01429 0.04286 0.00000
GNM11383                       0.04286 0.02857 0.04286 0.08571 0.04286 0.02857 0.07143 0.01429 0.01429 0.11429 0.11429 0.11429 0.05714 0.04286 0.08571 0.02857 0.01429 0.01429 0.01429 0.02857
GNM11491                       0.04286 0.04286 0.01429 0.05714 0.04286 0.00000 0.15714 0.02857 0.01429 0.05714 0.11429 0.07143 0.05714 0.02857 0.08571 0.05714 0.02857 0.01429 0.02857 0.05714
GNM11804                       0.02273 0.04545 0.06818 0.06818 0.09091 0.00000 0.11364 0.04545 0.00000 0.09091 0.20455 0.04545 0.00000 0.02273 0.11364 0.00000 0.00000 0.00000 0.02273 0.04545
GNM11805                       0.01429 0.04286 0.08571 0.08571 0.05714 0.00000 0.02857 0.04286 0.01429 0.14286 0.11429 0.08571 0.04286 0.02857 0.07143 0.02857 0.04286 0.01429 0.04286 0.01429
GNM12883                       0.01429 0.02857 0.02857 0.05714 0.04286 0.05714 0.11429 0.02857 0.01429 0.11429 0.10000 0.14286 0.02857 0.04286 0.08571 0.00000 0.01429 0.02857 0.01429 0.04286
GNM12895                       0.02857 0.04286 0.07143 0.04286 0.04286 0.01429 0.11429 0.02857 0.00000 0.15714 0.12857 0.10000 0.02857 0.04286 0.07143 0.01429 0.01429 0.02857 0.01429 0.01429
GNM13060                       0.03175 0.03175 0.01587 0.09524 0.06349 0.00000 0.11111 0.06349 0.01587 0.09524 0.11111 0.12698 0.01587 0.03175 0.06349 0.00000 0.01587 0.01587 0.03175 0.06349
GNM13061                       0.07576 0.07576 0.00000 0.09091 0.06061 0.01515 0.10606 0.06061 0.01515 0.06061 0.13636 0.04545 0.03030 0.03030 0.07576 0.01515 0.00000 0.01515 0.03030 0.06061
GNM13064                       0.00000 0.02857 0.08571 0.08571 0.04286 0.02857 0.01429 0.02857 0.01429 0.17143 0.08571 0.07143 0.01429 0.04286 0.08571 0.07143 0.02857 0.01429 0.04286 0.04286
GNM13066                       0.00000 0.02899 0.13043 0.02899 0.04348 0.01449 0.02899 0.02899 0.00000 0.17391 0.05797 0.08696 0.04348 0.04348 0.08696 0.07246 0.02899 0.01449 0.05797 0.02899
GNM11032                       0.04286 0.10000 0.02857 0.05714 0.05714 0.00000 0.07143 0.02857 0.00000 0.10000 0.14286 0.05714 0.04286 0.02857 0.08571 0.04286 0.00000 0.02857 0.01429 0.07143
GNM11363                       0.00000 0.08621 0.01724 0.08621 0.05172 0.01724 0.06897 0.03448 0.00000 0.12069 0.15517 0.08621 0.01724 0.01724 0.06897 0.03448 0.00000 0.01724 0.03448 0.08621
GNM11375                       0.02857 0.04286 0.04286 0.05714 0.04286 0.04286 0.08571 0.04286 0.01429 0.12857 0.10000 0.10000 0.04286 0.04286 0.08571 0.02857 0.01429 0.01429 0.02857 0.01429
GNM11381                       0.04286 0.02857 0.02857 0.10000 0.04286 0.04286 0.07143 0.01429 0.01429 0.14286 0.10000 0.11429 0.05714 0.04286 0.08571 0.02857 0.00000 0.01429 0.01429 0.01429
GNM11382                       0.02857 0.02857 0.02857 0.08571 0.04286 0.02857 0.08571 0.01429 0.02857 0.11429 0.08571 0.14286 0.05714 0.02857 0.08571 0.01429 0.00000 0.01429 0.02857 0.05714
GNM11799                       0.04286 0.02857 0.01429 0.07143 0.04286 0.05714 0.08571 0.02857 0.01429 0.14286 0.14286 0.10000 0.01429 0.04286 0.08571 0.01429 0.02857 0.01429 0.01429 0.01429
GNM11841                       0.04348 0.02174 0.02174 0.08696 0.08696 0.00000 0.13043 0.04348 0.00000 0.10870 0.13043 0.02174 0.04348 0.02174 0.13043 0.04348 0.06522 0.00000 0.00000 0.00000
GNM11931                       0.08163 0.02041 0.02041 0.14286 0.08163 0.00000 0.06122 0.06122 0.00000 0.06122 0.12245 0.02041 0.04082 0.00000 0.10204 0.04082 0.08163 0.00000 0.02041 0.04082
GNM12040                       0.00000 0.04651 0.02326 0.11628 0.02326 0.00000 0.13953 0.09302 0.00000 0.13953 0.13953 0.04651 0.04651 0.00000 0.11628 0.00000 0.02326 0.00000 0.02326 0.02326
GNM12071                       0.04348 0.02174 0.02174 0.08696 0.08696 0.00000 0.10870 0.06522 0.00000 0.10870 0.13043 0.02174 0.06522 0.00000 0.10870 0.00000 0.08696 0.00000 0.02174 0.02174
GNM12125                       0.02857 0.10000 0.04286 0.08571 0.05714 0.01429 0.04286 0.04286 0.01429 0.07143 0.11429 0.08571 0.02857 0.02857 0.10000 0.00000 0.01429 0.02857 0.04286 0.05714
GNM12126                       0.01449 0.04348 0.01449 0.07246 0.05797 0.00000 0.07246 0.07246 0.01449 0.05797 0.14493 0.10145 0.01449 0.02899 0.10145 0.01449 0.02899 0.02899 0.02899 0.08696
GNM12182                       0.02857 0.05714 0.02857 0.04286 0.05714 0.01429 0.10000 0.02857 0.00000 0.07143 0.15714 0.10000 0.04286 0.02857 0.10000 0.04286 0.00000 0.01429 0.02857 0.05714
GNM12346                       0.00000 0.02439 0.07317 0.02439 0.12195 0.04878 0.07317 0.04878 0.00000 0.09756 0.14634 0.04878 0.02439 0.00000 0.12195 0.02439 0.02439 0.00000 0.04878 0.04878
GNM12351                       0.02381 0.02381 0.04762 0.04762 0.09524 0.00000 0.07143 0.04762 0.00000 0.14286 0.11905 0.04762 0.04762 0.02381 0.11905 0.04762 0.04762 0.00000 0.04762 0.00000
GNM12357                       0.00000 0.00000 0.08108 0.08108 0.10811 0.00000 0.05405 0.02703 0.02703 0.08108 0.21622 0.21622 0.00000 0.00000 0.05405 0.00000 0.00000 0.00000 0.02703 0.02703
GNM12366                       0.00000 0.00000 0.08571 0.02857 0.11429 0.00000 0.08571 0.02857 0.00000 0.11429 0.11429 0.22857 0.00000 0.02857 0.02857 0.00000 0.02857 0.00000 0.02857 0.08571
GNM12373                       0.04878 0.04878 0.02439 0.04878 0.12195 0.02439 0.04878 0.04878 0.00000 0.14634 0.12195 0.04878 0.02439 0.00000 0.07317 0.04878 0.04878 0.00000 0.02439 0.04878
GNM12385                       0.06977 0.02326 0.02326 0.04651 0.13953 0.02326 0.09302 0.04651 0.00000 0.06977 0.13953 0.02326 0.02326 0.00000 0.09302 0.04651 0.04651 0.00000 0.02326 0.06977
GNM12554                       0.07317 0.02439 0.02439 0.07317 0.12195 0.00000 0.02439 0.07317 0.02439 0.09756 0.14634 0.02439 0.02439 0.00000 0.12195 0.04878 0.04878 0.00000 0.02439 0.02439
GNM12592                       0.00000 0.13636 0.02273 0.00000 0.09091 0.00000 0.13636 0.06818 0.00000 0.09091 0.13636 0.00000 0.04545 0.00000 0.11364 0.02273 0.04545 0.00000 0.02273 0.06818
GNM12596                       0.02381 0.02381 0.04762 0.07143 0.09524 0.00000 0.04762 0.04762 0.02381 0.09524 0.14286 0.04762 0.02381 0.00000 0.14286 0.02381 0.02381 0.00000 0.04762 0.07143
GNM12602                       0.02439 0.02439 0.04878 0.07317 0.09756 0.00000 0.04878 0.04878 0.02439 0.09756 0.12195 0.04878 0.02439 0.00000 0.14634 0.02439 0.02439 0.00000 0.04878 0.07317
GNM12665                       0.04878 0.02439 0.04878 0.07317 0.09756 0.00000 0.04878 0.04878 0.02439 0.09756 0.12195 0.04878 0.02439 0.00000 0.12195 0.02439 0.02439 0.00000 0.04878 0.07317
GNM12749                       0.02500 0.00000 0.05000 0.05000 0.12500 0.02500 0.02500 0.05000 0.02500 0.17500 0.12500 0.02500 0.00000 0.00000 0.10000 0.05000 0.05000 0.00000 0.05000 0.05000
GNM12766                       0.00000 0.00000 0.05000 0.05000 0.10000 0.05000 0.02500 0.05000 0.00000 0.12500 0.12500 0.20000 0.02500 0.02500 0.05000 0.02500 0.02500 0.00000 0.05000 0.02500
GNM12841                       0.06522 0.04348 0.02174 0.10870 0.08696 0.00000 0.15217 0.06522 0.00000 0.08696 0.19565 0.02174 0.02174 0.00000 0.10870 0.00000 0.00000 0.00000 0.02174 0.00000
GNM12849                       0.04286 0.02857 0.07143 0.04286 0.04286 0.01429 0.11429 0.01429 0.01429 0.12857 0.10000 0.08571 0.05714 0.04286 0.10000 0.02857 0.02857 0.01429 0.01429 0.01429
GNM12869                       0.02857 0.02857 0.01429 0.07143 0.04286 0.01429 0.11429 0.01429 0.01429 0.11429 0.10000 0.12857 0.04286 0.05714 0.10000 0.01429 0.04286 0.01429 0.01429 0.02857
GNM12896                       0.01429 0.04286 0.04286 0.07143 0.04286 0.01429 0.08571 0.02857 0.02857 0.20000 0.10000 0.08571 0.02857 0.02857 0.08571 0.04286 0.00000 0.01429 0.02857 0.01429
GNM12897                       0.04286 0.02857 0.04286 0.05714 0.04286 0.01429 0.08571 0.02857 0.01429 0.15714 0.12857 0.10000 0.02857 0.02857 0.08571 0.02857 0.01429 0.01429 0.04286 0.01429
GNM12903                       0.04286 0.04286 0.04286 0.07143 0.04286 0.04286 0.12857 0.04286 0.00000 0.08571 0.12857 0.05714 0.02857 0.02857 0.08571 0.01429 0.01429 0.01429 0.04286 0.04286
GNM12906                       0.02857 0.05714 0.02857 0.04286 0.04286 0.04286 0.15714 0.04286 0.00000 0.10000 0.12857 0.04286 0.02857 0.02857 0.08571 0.04286 0.01429 0.01429 0.04286 0.02857
GNM12907                       0.05714 0.05714 0.02857 0.05714 0.04286 0.02857 0.14286 0.04286 0.00000 0.08571 0.12857 0.05714 0.02857 0.02857 0.08571 0.01429 0.01429 0.01429 0.04286 0.04286
GNM12909                       0.07143 0.04286 0.02857 0.07143 0.04286 0.02857 0.11429 0.04286 0.00000 0.10000 0.12857 0.05714 0.02857 0.02857 0.08571 0.00000 0.02857 0.01429 0.05714 0.02857
GNM12931                       0.00000 0.08571 0.04286 0.05714 0.05714 0.00000 0.07143 0.05714 0.01429 0.08571 0.12857 0.15714 0.00000 0.02857 0.05714 0.01429 0.00000 0.02857 0.07143 0.04286
GNM12938                       0.02857 0.05714 0.04286 0.08571 0.05714 0.00000 0.08571 0.01429 0.00000 0.10000 0.15714 0.11429 0.01429 0.02857 0.10000 0.00000 0.01429 0.01429 0.04286 0.04286
GNM13018                       0.01429 0.05714 0.02857 0.08571 0.05714 0.00000 0.10000 0.02857 0.00000 0.10000 0.12857 0.11429 0.05714 0.02857 0.08571 0.02857 0.01429 0.01429 0.04286 0.01429
GNM13027                       0.01429 0.05714 0.04286 0.08571 0.05714 0.00000 0.07143 0.02857 0.00000 0.10000 0.15714 0.11429 0.02857 0.02857 0.10000 0.02857 0.00000 0.01429 0.04286 0.02857
GNM13046                       0.04286 0.02857 0.05714 0.08571 0.04286 0.04286 0.08571 0.01429 0.01429 0.12857 0.10000 0.08571 0.04286 0.02857 0.08571 0.02857 0.01429 0.01429 0.02857 0.02857
GNM13053                       0.04286 0.08571 0.02857 0.07143 0.04286 0.02857 0.11429 0.02857 0.01429 0.08571 0.15714 0.05714 0.01429 0.02857 0.08571 0.02857 0.00000 0.01429 0.02857 0.04286
GNM13118                       0.02941 0.02941 0.01471 0.10294 0.04412 0.00000 0.08824 0.05882 0.00000 0.04412 0.11765 0.13235 0.02941 0.02941 0.10294 0.01471 0.01471 0.02941 0.02941 0.08824
GNM13208                       0.05714 0.05714 0.01429 0.04286 0.04286 0.00000 0.14286 0.04286 0.00000 0.08571 0.11429 0.10000 0.04286 0.02857 0.08571 0.01429 0.01429 0.01429 0.05714 0.04286
GNM13210                       0.01429 0.10000 0.07143 0.07143 0.05714 0.01429 0.02857 0.07143 0.01429 0.05714 0.10000 0.08571 0.01429 0.04286 0.07143 0.00000 0.02857 0.01429 0.05714 0.08571
GNM12773                       0.01429 0.05714 0.01429 0.08571 0.04286 0.01429 0.11429 0.02857 0.01429 0.10000 0.11429 0.10000 0.04286 0.05714 0.10000 0.02857 0.00000 0.02857 0.01429 0.02857
GNM12769                       0.01429 0.04286 0.01429 0.10000 0.04286 0.00000 0.08571 0.02857 0.00000 0.14286 0.11429 0.14286 0.02857 0.02857 0.10000 0.02857 0.00000 0.01429 0.04286 0.02857
GNM12768                       0.04286 0.05714 0.01429 0.05714 0.05714 0.01429 0.10000 0.04286 0.04286 0.07143 0.10000 0.07143 0.04286 0.04286 0.10000 0.00000 0.01429 0.02857 0.02857 0.07143

Homogeneity statistic: X2 = 29.31861 G = 32.14398 

Average                        0.03133 0.04995 0.03254 0.07463 0.05225 0.01778 0.09035 0.03495 0.01028 0.11321 0.12143 0.09422 0.03181 0.03241 0.09035 0.02431 0.01754 0.01705 0.02721 0.03641
(Ambiguity characters are used to calculate freqs.)


# constant sites:      0 (0.00%)

TREE #  1:  (((((((47, 125), 117), (61, 92)), 93), ((119, (94, 60)), (118, 120))), ((((((114, 113), 116), 115), 124), (62, 46)), 123)), (((((((((((((((((((48, 49), (50, 21)), 51), 87), 55), (53, 52)), 26), (((69, 20), (23, 22)), 43)), (((((((((58, 56), 57), 54), 59), 110), (18, 6)), (((27, 39), (7, 5)), (84, 19))), ((10, 67), 109)), 73)), 121), (((85, 72), 17), 86)), (((111, 71), 112), 40)), ((((4, 76), (70, 12)), 30), (13, 66))), (77, 42)), (83, 68)), ((((((41, 80), 81), 45), 44), (14, 122)), (37, 11))), ((((1, 78), 79), (8, 2)), 38)), ((((35, 36), 33), (3, 31)), (34, (32, 82)))), ((((((25, 29), 28), (126, 24)), (64, 65)), (127, 128)), ((16, 15), 63))), ((((((((((105, 103), 104), 96), 102), 95), (((101, 100), 106), 99)), ((((90, 9), 91), (88, 108)), 89)), 74), 75), ((98, 97), 107)));   MP score: -1
lnL(ntime:253  np:254):  -6898.685537      +0.000000
 129..130 130..131 131..132 132..133 133..134 134..135 135..47  135..125 134..117 133..136 136..61  136..92  132..93  131..137 137..138 138..119 138..139 139..94  139..60  137..140 140..118 140..120 130..141 141..142 142..143 143..144 144..145 145..146 146..114 146..113 145..116 144..115 143..124 142..147 147..62  147..46  141..123 129..148 148..149 149..150 150..151 151..152 152..153 153..154 154..155 155..156 156..157 157..158 158..159 159..160 160..161 161..162 162..163 163..164 164..165 165..166 166..48  166..49  165..167 167..50  167..21  164..51  163..87  162..55  161..168 168..53  168..52  160..26  159..169 169..170 170..171 171..69  171..20  170..172 172..23  172..22  169..43  158..173 173..174 174..175 175..176 176..177 177..178 178..179 179..180 180..181 181..58  181..56  180..57  179..54  178..59  177..110 176..182 182..18  182..6   175..183 183..184 184..185 185..27  185..39  184..186 186..7   186..5   183..187 187..84  187..19  174..188 188..189 189..10  189..67  188..109 173..73  157..121 156..190 190..191 191..192 192..85  192..72  191..17  190..86  155..193 193..194 194..195 195..111 195..71  194..112 193..40  154..196 196..197 197..198 198..199 199..4   199..76  198..200 200..70  200..12  197..30  196..201 201..13  201..66  153..202 202..77  202..42  152..203 203..83  203..68  151..204 204..205 205..206 206..207 207..208 208..209 209..41  209..80  208..81  207..45  206..44  205..210 210..14  210..122 204..211 211..37  211..11  150..212 212..213 213..214 214..215 215..1   215..78  214..79  213..216 216..8   216..2   212..38  149..217 217..218 218..219 219..220 220..35  220..36  219..33  218..221 221..3   221..31  217..222 222..34  222..223 223..32  223..82  148..224 224..225 225..226 226..227 227..228 228..229 229..25  229..29  228..28  227..230 230..126 230..24  226..231 231..64  231..65  225..232 232..127 232..128 224..233 233..234 234..16  234..15  233..63  129..235 235..236 236..237 237..238 238..239 239..240 240..241 241..242 242..243 243..244 244..105 244..103 243..104 242..96  241..102 240..95  239..245 245..246 246..247 247..101 247..100 246..106 245..99  238..248 248..249 249..250 250..251 251..90  251..9   250..91  249..252 252..88  252..108 248..89  237..74  236..75  235..253 253..254 254..98  254..97  253..107
 0.077682 0.042818 0.089656 0.051577 0.501170 0.094870 0.319321 0.208817 0.277762 0.000000 1.379426 0.163380 0.280111 0.149511 0.064467 0.165087 0.000000 0.217310 0.106748 0.087979 0.145247 0.102239 0.068556 0.021876 0.236690 0.034055 0.008948 0.028562 0.082588 0.018281 0.086457 0.030819 0.147038 0.133200 0.101126 0.156521 0.249191 0.000000 0.000000 0.000000 0.126489 0.000000 0.084724 0.047582 0.003918 0.077024 0.000000 0.000000 0.037142 0.133412 0.006784 0.000000 0.043246 0.040602 0.000000 0.012592 0.000000 0.000000 0.000000 0.000000 0.000000 0.000000 0.043052 0.122150 0.040374 0.000000 0.035939 0.177905 0.068814 0.176066 0.016778 0.000000 0.000000 0.025675 0.000000 0.000000 0.155214 0.046800 0.082745 0.000000 0.014821 0.019402 0.019320 0.012484 0.000000 0.000000 0.000000 0.000000 0.000000 0.000000 0.012395 0.050943 0.011823 0.049912 0.025684 0.000000 0.000000 0.125341 0.010107 0.027059 0.000000 0.095429 0.049736 0.115946 0.032670 0.024368 0.067674 0.029813 0.000000 0.000000 0.032476 0.255369 0.103270 0.047360 0.060996 0.053682 0.056127 0.038327 0.131592 0.082146 0.237566 0.000000 0.000000 0.061014 0.058241 0.109385 0.091579 0.041717 0.094575 0.020112 0.000000 0.123992 0.058690 0.199673 0.073633 0.041883 0.245933 0.436778 0.032535 0.164370 0.349308 0.012315 0.000000 0.457774 0.000000 0.000000 0.083442 0.000000 0.413814 0.441336 0.054694 0.171053 0.000000 0.000000 0.059396 0.272593 0.223675 0.110260 0.257438 0.188949 0.205311 0.136153 0.092680 0.022848 0.000000 0.380593 0.363003 0.199929 0.024550 0.390197 0.674405 0.000000 0.000000 0.490301 0.053688 0.054747 0.138645 0.246315 0.000000 0.041112 0.183593 0.729241 0.000000 0.135083 0.121800 0.397103 0.106264 0.212581 0.243122 0.166624 0.000000 0.036496 0.016617 0.088691 0.073928 0.132380 0.037756 0.031872 0.101122 0.158211 0.061524 0.000000 0.052957 0.194208 0.125963 0.265185 0.316785 0.022810 0.489216 0.000000 0.000000 0.144288 0.052231 0.000000 0.609314 0.182768 0.000000 0.082407 0.179055 0.000000 0.352591 0.000000 0.031147 0.000000 0.062713 0.169267 0.601545 0.142676 0.154245 0.106315 0.306781 0.263117 0.239639 0.227874 0.802240 0.427967 0.000000 0.022817 0.263948 0.054985 0.070130 0.158065 0.000000 0.207578 0.201883 0.279479 0.258564 0.728101 1.377029 0.000000 1.122594 0.574376 1.673675 1.238772
