
Printing out site pattern counts


       142        156  P

GNM13746                        -AAAAAAAAA AAAAADDDDD DDDEEEEEEE EEEFFFFFGG GGGGHHIIII IIIIIIIIKK KKKKKKKKKK KKKKKLLLLL LLLLLLLLMM MNNNNNNNNN NPPPPPQQQQ QQRRRRRRRR SSSSSSSSSS TTTTTVVVVV VVVVVVVVVW WYYYYY
GNM13538                        -AAAAAAAAA AADLVDDDDD DKNDDEEEEE EETFFFFFAG GGGPHHIIII IIILLMVVAG KKKKKKKKKK QQRSTFLLLL LLLLLLMVIM VNNNNNNNNQ SGPPPPEHQQ QTKKRRRRRR AAAGSSSSSS ENTTTILVVV VVVVVVVVVF WFIYYY
GNM13876                        -AAAAAAAAA SSALADDDDD SRGEWDEEEE EESFFGLNAA GGGRFHAFII LLVEIIILRG KKKKQRRRRR KQRRLLIKLL LLLLLLLVIM VAEKLNNNNQ MTPPPPQSEE LIKRRRRRRR ANSGAASSSS ETTTVVVAAI IKLVVVVVVF WFVHYY
GNM13680                        -AAAAAAAAA SSKMADDDDD DRHKEEEEEE EEAFLFFFSG GGGPHVIIII ILVPIIIVSG KKKRKEKKKQ KERQNLIQLL LLLLLLLVIM INNNNNNNNL KTPPPPEAAE QNKRRRRRRR MTTGASASTV ESTTTILVVV VVVIIVVVVY WHIHYY
GNM14837                        -AAAAAAAIS ASNQHDDDDD DRREDEEEEE EQAFFYFFAA GGGPHYTLII ILVPMIIVSG KKKKKKKKKK QDRKKLLLLL LLLLMTLVIM INSNNFNNNI KPPPPPDTEE LNKRKRRRRR LTTGASAATV ENTTTVIIVT VVVIVVVVVF WPLAYY
GNM14249                        -AAAAAAAIS ASNQHDDDDD DRRETEEEEE EHAFFFFFAA GGGPHYTLII ILVPIIIVSG KKKKKKKKRK KDRKKLLLLL LLLLMTLVIM INENNNNNNI KPPPPPDTEE LNKRRRRRRR VTTGASAATV ENTTTVVIVT VVVIVVVVVF WPLEYY
GNM13928                        -AAAAAAAIS ASNQHDDDDD DRREDEEEEE EQAFFYFFAA GGGPHYTLII ILVPMIIVSG KKKKKKKKKK QDRKKLLLLL LLLLMTLVIM INANNFNNNI KPPPPPDTEE LHKRKRRRRR LTTGASAATV ENTTTVVIVT VVVIIVVVVF WPLAYY
GNM14865                        -AAAAAAAIA AAQEADDDDE DRGQEAEEEE EQSFFMFFGG GGGTPHIAII LSIPIVAVKE HKSKVRKQKT EERKTLLLEE LLLMLLGVIM VKDYRNNNSQ RTAPPPQQEQ KESQKRRRRR TDSSAAATTK ETTVTYVTVI VQIMVISVVY WYINVY
GNM13455                        -AAAAAAAIS ASNQHDDDDD DRREEEEEEE EQAFFYFFAS GGGPHYTMII ILVPIIIVSG KKKKRKKKKK QERKKLLLLM LLLLMVLVIM INANNNNNNI KPPPPPDTEE LHKRKRRRRR VLTGASAATV ENTTTIIIVT VVVIIVVVVF WPLAYY
GNM14938                        -AAAAAAAAA AAGLADDDDD DRHDHDEEEE EEAFFGLWAG GGGVFHALLV VLVPIIIVRG KKKKQRKKKK ERRRRLIKLL LLVLLLALIM ILSNRNNNNQ MTPPPPEQEQ QNKRRRRRRR ANSGAASSST ENTTTVVAVI IKVVIVTVVF WYLHYY
GNM14483                        -AAAAAAAVS AAAMVDDDDD DKNDIEEEEE EETWFGFFSG GGGSHHILII LMVQIIVVGN KKQKRKKKKR QKRKELIPLL LLLLLMQIIT VNAGNNNNNV HSPPPPEQEQ QNKKRRRRRR ATAGSSSSSS ESTTTIQVVV IQVVIVVVVF WHVEYY
GNM14872                        -AAAAAAAAA SSKMADDDDD ERNKDEEEEE EEAFLFFFSG GGGPHNMIII ILVPIIIVGG KKKRKEKKRQ KDRQNLITLL LLLLLMLVIM INNNNNNNNL KTPPPPEAEE QNKRRRRRRR ATTGASASTV ENTTTILVVV VVVIIVVVVY WHLHYY
GNM13855                        -AAAAASSVA SAKMVDDDDD DRNKEEEEEE EEAFLFLFAG GGGPHIVMII IMIEIIMVSG KKKRKEKKKQ KERQELILLL LLLLLLLVIM INENNNNNNL KTPPPPEAEE QNKRRRRRRR VTTGASSSTV ESTTTILVVV VVVIIIVVVY WYISYY
GNM14545                        -AAAAAAAVA AAGACDDDSD ERGDDDEEEE EEAFFGFWAG GGGPFYIIII VIIPIIIIKG KKKKKRRRKK RDRRRLLKLL LLLLLLLLLM IREGCNNNPM QTPPPPEIEE LDQKRKRRRR ANASVASSTV ENTTVVVAVI IKVILVVVVW WYIYYY
GNM14366                        -AAAAAAAAS SSNQYDDDDD DRREEEEEEE EHTFFFFFSG GGGPHLTLII IIVPIIMVSG KKKRKKKKKK KERKNLLLLL LLLLLLAVIM INSNNHNNNL KSPPPPDTEE LNKRRRRRRR AASGASSATV ENTTTIVVVT VVVVIVAVVF WPMHYY
GNM14252                        -AAAAAAAIS ASNQHDDDDD DRRETEEEEE EQAFFFFFAA GGGPHYTLII ILVPIIIVSG KKKKKKKKRK KDRKKLLLLL LLLLMTMVIM INDNNNNNNI KPPPPPDTEE LNKRRRRRRR ITTGASAATV ENTTTVVIVT VVVIVVVVVF WPLEYY
GNM13760                        -AAAAAASIS ASNQHDDDDD DRREDEEEEE EQAFFYFFAA GGGPHYTLII ILVPMIIVSG KKKKKKKKKK QDRKKLILLL LLLLMTLVIM INVNNFNNNI KPPPPPDTEE LNKRKRRRRR LTTGASAATV ENTTTIVIVT VVVIIVVVVF WPLAYY
GNM13982                        -AAAAAAAAS ASNQYDDDDD DRREDEEEEE EHGFFYFFAA GGGPHIILII ILVLIIIVSG KKQHKKKKKK QDRKKLLLLL LLLLILLVIM VNNNNNNNHI KPPPPPDQEE LNKRRRRRRR SLTGASAADV ENTTTIVIVT VVVIVVVIVF WPYNYY
GNM13960                        -AAAASAAVS ASNQYDDDDD DRREEEEEEE EHAFFFFFAG GGGPHMVLII IFVVIIIISG KKKHKKKKKK KDRKQLLLHL LLLLLMLVIM INNNNNNNNI KAPPPPDFEE LNKRRRRRRR TTTGASAASV ENTTTIIVVT VVVIVVVVVF WPLHYY
GNM14633                        -AAAAAAAAS ASNQYDDDDD DRREDEEEEE EHGFFFFFAA GGGPHIIPII ILVLIIIVSG KKQHKKKKEK QDRKKLLLLL LLLLILLVIM VKNNNNNNHI KPPPPPDQEE LNKRRRRRRR SVTGASAADV ENTTTIVIVT VVVIVVVIVF WPYHYY
GNM14853                        -AAAAAAAAS ASNQYDDDDD DRREDEEEEE EHGFFFFFAA GGGPHIIPII ILVLIIIVSG KKQHKKKKEK QDRKKLLLLL LLLLILLVIM VKNNNNNNHI KPPPPPDQEE LNKRRRRRRR SVTGASAADV ENTTTIVIVT VVVIVVVIVF WPYHYY
GNM14055                        -AAAAAAAVS ASNQYDDDDD DRREEEEEEE EHAFFFFFAG GGGPHIVMII IFVPIIIISE KKKHRKRKKK KDRRKLLLLL LLLLLLLVIM INNNNNNNNI KPPPPPDVEE LNKRRRRRRR STTGASASDV ENTTTIVVVT VVVIVVVVVF WPLYYY
GNM14748                        -AAAAAAAIS ASNQHDDDDD DRREEEEEEE EQAFFYFFAA GGGPHYTLII IIVPMIIVSG KKKKKKKKKK QDRKKLLLLL LLLLMTLVIM INSNNYNNNI KPPPPPDAEE LHKRKRRRRR LTTGASAATV ENTTTVVIVT VVVIVVVVVF WPLEYY
GNM14246                        -AAAAAAAIA ASRRCDDDDD SRGEEEEEEE EEAFFMFFAG GGGPHQMILI IIVLIILVGG KKKRKRRKRR QERGKLLKLL LLLLLLLVIM VNNRCNNNNQ DPPPPPEAEE MHSRRRRRRR ANSGSASSSS ENTTTVVAVV ILVILVVVVF WHVHYY
GNM14640                        -AAAGASAIA ASRQCDDDDD SREEEEEEEE EEAFFLFFAG GGGPHHVILI IIVPIVLIGG KKKRKRRKKR EERKKLLRLL LLLLLLLVIM INNNCNNNNL NSPPPPEVEA MNQRRRRRRR ANSGSASSTS ENTTTVIAVV IMVVVVAVVF WYVQYY
GNM14965                        -AAAAAAAAA AAKMSDDDDD VSNKDDEEEE EEAFFSLFSG GGGPHSVIII ILILVIIVSG KKQKKQKKRQ KDRQKLILLL LLLLLMSVIM ITTNNNNNNL KTPPPPEAQE QNKRRRRRRR MTSGASASTV ENTTTILVVV VVVIIVVIVH WHIHYY
GNM13677                        -AAAAAAAAA SSALADDDDD SRGEWDEEEE EESFFGLNAA GGGRFHAFII LLVEIIILRG KKKKQRKRRR KQRRLLIKLL LLLLLLLVIM VAEKLNNNNQ MTPPPPQSEE LIKRRRRRRR ANSGAASSSS ETTTVVVAAI IKLVVVVVVF WFLHYY
GNM14339                        -AAAAAAAAA ASGLADDDDD IRDNREEEEE EEAPFGLWAA GGGPFHIMLI VIIQIVTLRR QKKRERKKLL EERRRLLRLL LLILLFLLIM VQSNRNNNHQ MTPPPPEYTQ QNKRRRRRRR GNSGAAASST ETTTVIVAII IKVLIITVVF WYIQYY
GNM14593                        -AAAAAAAAA AAGYTDDDDD SRGEEEEEEE EEAFFGLYAG GGGKLHIFII LLIPIIVIRG KKKKKRKKRR RERRRLIKLL LLILLFLLIM MKENRNNNNQ MKPPPPQTEE LVRRRKRRRR ANAGSASSSI ESTTVIVAVI IKVILVLVVF WYIHYY
GNM13825                        -AAAAAAAAA AAGLADDDDD DRHDHDEEEE EEAFFGLWAG GGGVFHALLV VLIPIIIIRG KKRKQRKKLR EKRRRLIRLL LLLLLLALIM IRSNRNNNNQ MTPPPPEQEQ QVKRRRRRRR ANSGAASSST ENTTTVVAVI IKVVIVTVVF WYLQYY
GNM14768                        -AAAAAAAAA AAGLADDDDD RRGDEEEEEE EEAFFGLWAA GGGRFHIFMV LLIPIIPVRG KKKKKRKKRK EERRRLILAL LLLLLLALIM IKQNRNNNNQ MTPPPPESEQ LNRRRRRRRR ANSGGASSSS ESTTVVVVVI IKVVIVVVVF WHVHYY
GNM14776                        -AAAAAAAAA AAGLADDDDD RRGDEEEEEE EEAFFGLWAA GGGRFHIFMV LLIPIIPVRG KKKKKRKKRK EERRRLILAL LLLLLLALIM IKQNRNNNNQ MTPPPPESEQ LNRRRRRRRR ANSGGASSSS ESTTVVVVVI IKVVIVVVVF WHVHYY
GNM14715                        -AAAAAASVA ASGMVDDDDD DKEDAEEEEE EETWFGFFSG GGGVHHVLIV LMVPIIVVNG KKQKRRKKKK QRRKELILLL LLLLLMQVIM VNSGNNNNNV ETPPPPEQKQ QNKKRRRRRR AAAGSSSSSS ESTTTVQVVV IQVVIVVVVF WYIEYY
GNM14639                        -AAAAASAAA AAALADDDDD SRGEEEEEEE EESFFFFFAG GGGMHHILIV ILIIIIVING KKKHKKKKRI MKRQNLLLLL LLLLLLLLIM IKNNNNNNNQ DTPPPPEYKQ QNKKRRRRRR ASTGSASSSM EKTTTVVVVV IVVVLVVVVF WYLQYY
GNM13795                        -AAAAAAAIS ASNQHDDDDD DKREEEEEEE EQGFFFFFAS GGGPHYTMII IIVPIIIVSG KKKKKKKKRK QERKVLLLLM LLLLLSLVIM INNNTFNNNI KPPPPPDAEQ LHKRKRRRRR LTTGASASTV ENTTTVVVVT VVVIVVTVVF WPLEYY
GNM14166                        -AAAAAAAIS ASNMNDDDDD DRREEEEEEE EHSFFFFFAG GGGPHLTLII IIVPIIVVSG KKKRKKKKKK KERKKLLLLL LLLLLLLVIS INANNHNNNL KAPPPPEVDE LNKRRRRRRR AASGASAASV ENTTTIVVTT VVVIVIVVVF WPMHYY
GNM14450                        -AAAASAAAA AASMADDDND DKRDEEEEEE EEAFFFFFSG GGGPHMILVV IIIPIIVISG KKQRKKRKKK ENRKNLILLL LLLLLLLIIM VNQNNNNNNL KTPPPPEAQS QNKRRRRRRR STTGTSSSSV ENTTTVIVVT VVVIIVVVVF WFIHYY
GNM13515                        -AAAASAAAS ASNQYDDDDD DRREEEEEEE EHAFFFFFAG GGGPHLVLII ILIIIIIVSG KKKHKKKKKK KERKNLLLLL LLLLLLLVIM VNNNNNNNNI KPPPPPDTVE LNKRRRRRRR STTGASASDV ENTTTIVVVT VVVIVVVVVF WPINYY
GNM13745                        -AAAAASAIS AAAMIDDDDD DRRLQEEEEE EESFFFFFAA GGGQHTILII IMIFIIAISN KKKKKEKKKK SRRKNLLLLL LLLLLLLVIM MNKNNNNNNQ NSPPPPLQEE QFKRRTRRRR SSSGSSSSSA ETTTTVQVVV IVVVIVRVVF WFIEYY
GNM14030                        -AAAAASACS ATAMIDDDDD NRRNEEEEEE EESFFFFFSA GGGNHIILII IIILIIAISN KKKKKEKKKK SNRKVLILLL LLLLLLLVIM MNRNNNNNNQ NSPPPPLSEE QFKRRTRRRR STSGSSSSSA EITTTIQVVV IIVVIVRVVF WYVHYY
GNM14959                        -AAAAASAMA AAGACDDDDE TDGDEEEEEE EEAFFSFWAG GGGPPHIIIA VYIPIIIING KKRKKKKKKK QKRRRFIKLL ILLLLLALMM INQNRNNNPL QPPPPPEHIQ MDRKRRRRRR ARSGTSSSTV VNTTIVVAII VVIVIVAVVF WYLHYY
GNM13413                        -AAAAASAIA AAGLADDDDE SRNEDEEEEE EETFFGFHAG GGGPHHIILI IYIPVIIIHG KKKLKKKKKI EHRRRLIKIL LLLLLVLIIM INSNRNNNPL KPPPPPEHEQ IEQRRRRRRR AKASTSASTM ESTTTVVAVI VVVIIVTVVF WYLHYY
GNM15005                        -AAAASAAVS ASNQYDDDDD DRREEEEEEE EHAFFFFFAG GGGPHMVLII IFVVIIIISG KKKHKKKKKK KDRKQLLLQL LLLLLMLVIM INNNNNNNNI KPPPPPDFEE LNKRRRRRRR TTTGASAASV ENTTTIIVVT VVVIVVVVVF WPVHYY
GNM14992                        -AAAASAAVS ASNQYDDDDD DRREEEEEEE EYAFFFFFAG GGGPHMVFII IYVVIIIISG KKKHKKKKKK KDRKKLLLQL LLLLLMMVIM INNNNNNNNI KAPPPPDIEE LNKRRRRRRR ATTGASPASV ENTTTIIVVT VVVIVVVVVF WPFYYY
GNM14976                        -AAAASAAVS ASNQYDDDDD DRREEEEEEE EHAFFFFFAG GGGPHMVLII IFIVIIIISG KKKHKKKKKK KDRKQLLLQL LLLLLMLVIM INNNNNNNNI KAPPPPDSEE LNKRRRRRRR TTTGASAASV ENTTTIIVVT VVVIVVVVVF WPLHYY
GNM14995                        -AAAASAAVS ASNQYDDDDD DRREEEEEEE EHAFFYFFAG GGGPHMILII IYVPIIIVST KKKHKQKKKK KDRKKLLLLL LLLLLMLVIM INNNNKNNNI KPPPPPDIEE LNKRRRRRRR ITTGASASDV ENTTTIIVVT VVVIIVVVVF WPFNYY
GNM15017                        SAAANSAIVS ASNQYDDDDD D-RENEEEEE EHAFFYNFAG GGGPHMILMI IYVPIAISSG KKKHKKKKKK RDRKK-LLRL LLLLLMIVLM INNNNNNSNI KPPPPSDIEP LNKRRRRRRR ITTGASASDV KNSTTICVVT VVVIR-VVVF WPFNYY
GNM14999                        --AAAS-AVS ASN-FDDDDD DRREEE-EEE NHAFFFFFAG GGGPHMVVII IYVPIIIISG KKKHKKKKKK KD-KKLLLQL LLLLLMLVIM -NNNNNNNNI KAPPPPDIEE WMKRRRRRRR GATGASSADV ENTTTIIVVT VVVIVVVAVF WPFYYY
GNM15018                        -AAAAAAAIS ASNQHDDDDD DRRETEEEEE EQAFFFFFAA GGGPHYTLII ILVPIIIVSG KKKKKKKKRK KDRKKLLLLL LLLLMTLVIM INDNNNNNNI KPPPPPDTEE LNKRRRRRRR VTTGASAATV ENTTTVVIVT VVVIVVVVVF WPLEYY
GNM15024                        -AAAAAAAIS ASNQHDDDDD DRRETEEEEE EQAFFFFFAA GGGPHYTLII ILVPIIIVSG KKKKKKKKRK KDRKKLLLLL LLLLMTLVIM INDNNNNNNI KPPPPPDTEE LNKRRRRRRR VTTGASAATV ENTTTVVIVT VVVIVVVVVF WPLEYY
GNM14980                        -AAAAAAAIS ASNQHDDDDD DRRETEEEEE EQAFFFFFAA GGGPHYTLII ILVPIIIVSG KKKKKKKKRK KDRKKLLLLL LLLLMTLVIM INDNNNNNNI KPPPPPDTEE LNKRRRRRRR VTTGASAATV ENTTTVVIVT VVVIVVVVVF WPLEYY
GNM15000                        -AAAAAAAIS ASNQHDDDDD DRRETEEEEE EQAFFFFFAA GGGPHYTLII ILVPIIIVSG KKKKKKKKRK KDRKKLLLLL LLLLMTLVIM INDNNNNNNI KPPPPPDTEE LNKRRRRRRR VTTGASAATV ENTTTVVIVT VVVIVVVVVF WPLEYY
GNM15026                        -AAAASAAVS ASNQFDDDDD DRREEEEEEE EHAFFFFFAG GGGPHMVIII IYVIIIMVSG KKKHKKKRKK KDRRKLLLLL LLLLLLLVIM INNNNNNNNI KAPPPPDIEE LNKRRRRRRR STTGASASTV ENTTTIVVVT VVVIVIVVVF WPVNYY
GNM15019                        -AAAAAAAIS ASNQHDDDDD DKREEEEEEE EQAFFFFFAS GGGPHYTLII IVVPIIIVSG KKKKKKRKKK QERKVLLLLM LLLLLSLVIM INNNTFNHNL KPPPPPDTKQ LHKRKRRRRR LTTGASASTV ENTTTVVVVT VVVVIVTVVF WPLEYY
GNM15028                        -AAAASAAVS ASNQYDDDDD DRREEEEEEE EHAFFFFFAG GGGPHMVLII IFVVIIIISG KKKHKKKKKK KDRKQLLLQL LLLLLMLVIM INNNNNNNNI KAPPPPDSEE LNKRRRRRRR TTTGASAASV ENTTTIIVVT VVVIVIAVVF WPVHYY
GNM15003                        -AAAASAAVS ASNQYDDDDD DRREEEEEEE EHAFFFFFAG GGGPHMVLII IFVVIIIISG KKKHKKKKKK KDRKQLLLQL LLLLLMLVIM INNNNNNNNI KAPPPPDSEE LNKRRRRRRR TTTGASAASV ENTTTIIVVT VVVIVIAVVF WPVHYY
GNM11003                        -AAAAASAIA SSGLADDDDE DRGEEDEEEE EESFFGFYAG GGGPYHIILI IYIPIIIING KKKLKRKKRK QRRRRLIRAL LLILLLAVIM INSNRNNNPQ QPPPPPEFEQ TERRRRRRRR AASSVASSTM ENTTVIVAVI VVVVIVVVVF WYLAYY
GNM11023                        -AAAAASAMA ASGLCDDDDD SKGEDEEEEE EEAFFGFFAG GGGPRHIIII IYIPIIIING KKKLKEKQKK EERRRLLRFQ LLLLLLLVIM INRGRNNNPQ KPPPPPDHEQ IERRKKRRRR ATASASASTT ENTTTVVAVI VVVVIVTVVF WYLYYY
GNM11055                        -AAAAASAIA AAAKCDDDEE DDGDEAEEEQ EEQFFHFNGG GGGKPHILII LYVPIIIIKK KKELKKKKKR KKRVSLILKI LLVLLVAVIM VNNNRNNNFS KSPPSPEIQQ VEAPRRRRRR AEAAAASSNK ISTVVIVAVI TKVVIVAVVF YFVEVY
GNM11146                        -AAAAATAMA AVGACDDDDE NDGNDEEEEE EEAFFEFWAG GGGPPHIIII VYLPIIIVNG KKRKKARRKR KMRRRFILVL IMLLLLALIM VKNNRNNNPT QPPPPPEQVQ MDRKRRKRRR ATSGASGSTI VNTTIIVAII VVIVVVALVF WYLYYY
GNM11219                        --------I- --R----D-- S-G-----E- --AFFA---- -GG--H-P-I ---L------ EKQ-E----- -E-RR--K-- -LLL-L---M ------N-N- S-P----AT- ---R--R--R ---G----S- -----V--V- --LV------ W-L---
GNM11220                        -AAAAAAAAA AAALCDDDSD SRGDEDEEEE EEAFFGFYAG GGGPHRIILI VLIPIIILSG LKKKRKRRRR ENRRKLIKLL LLLLLLKLIM INEGCNNNPS QTAPPPEVEQ LDQPRRRRRR ANASVASSTA ENTTVVVAVI VRVVVVVIVF WYYHYY
GNM11223                        -AAAAAHAIA AAHLCDDDDD SRGEEEEEEE EESFFMFFAG GGGPHHVILI IIIIIILIGG KKKRKRRKRR KKRSKLLRLL LLLLLLLVIM MNNKCNNNNQ NTPPPPESEE MNQRRRRRRR ANSGTASSSS ENTTTVVAVI IQVIVVIVVF WHVHYY
GNM11224                        -AAAAAHAVA ATHLCDDDDD SRGEEEEEEE EESFFMFFAG GGGPHHVILI IIVMIILIGG KKKRKRRKRR RKRSKLLKLL LLLLLLLVIM MNNRCNNNNQ NTPPPPEAEE MNQRRRRRRR ANSGTASSSG ENTTTVVAVI IQVIIVVVVF WHIHYY
GNM11358                        -AAAAASAVA SAKMVDDDDD DRNREEEEEE EEAFLFLFAG GGGPHVVMVI IMIEMIMVSG KKKKKEKKKQ KERQVLILIL LLLLLLLVIM INENNNNNNL KAPPPPETEE QNKRRRRRRR VTTGASSSTV ESTTTILVIV VVVIIIVVVY WYISYY
GNM11360                        -AAAAAAAIS ASNQHDDDDD DRREEEEEEE EQAFFYFFAS GGGPHYTMII ILVPIIIVSG KKKKRKKKKK QERKKLLLLM LLLLMVLVIM INANNNNNNI KPPPPPDTEE LHKRKRRRRR VLTGASAATV ENTTTIVIVT VVVIIVVVVF WPLAYY
GNM11362                        -AAAAAATVA ATGMADDDDD DKNDDEEEEE EEAFFFLFSG GGGPHTILII IIIPIIIISG KKQRKRKKKK QDRKTLIMLL LLLLLILVIM INNNNNNNNL STPPPPEAKA QNKRRRRRRR ATTGASSSSI ENTTTVVAVV VVVVVVVVVY WFVHYY
GNM11367                        -AAAAAAAAS ASNQYDDDDD DRREDEEEEE EHGFFYFFAA GGGPHIILII ILVLIIIVSG KKQHKKKKKK QDRKKLLLLL LLLLILLVIM VNNNNNNNHI KPPPPPDQEE LNKRRRRRRR SLTGASAADV ENTTTIVIVT VVVIVVVIVF WPYNYY
GNM11377                        -AAAAAAAAA SSKMADDDDD ERNKDEEEEE EEAFLFFFSG GGGPHNMIII ILVPIIIVGG KKKRKEKKRQ KDRQNLITLL LLLLLMLVIM INNNNNNNNL KTPPPPEAEE QNKRRRRRRR ATTGASASTV ENTTTILVVV VVVIIVVVVY WHLYYY
GNM11380                        -AAAAAAAIS SSNMNDDDDD DRREDEEEEE EHAFFFFFAG GGGPHLTLII IIVPIIVVSG KKKRKKKKKK KERKKLLLLL LLLLLLLVIS INANNYNNNL KAPPPPEIDE LNKRRRRRRR AASGASAASV ENTTTVVVAT VVVIVIVVVF WPMHYY
GNM11383                        -AAAAAAAAS ASNQYDDDDD DRREEEEEEE EHAFFFFFSG GGGPHHTLII IMVPIIMISG KKKRKKKKKK KERKKLLLLL LLLLLLAVIM VNANNHNNNL KSPPPPDAEE LNKKRRSRRR TASGSSSATV ENTTTIIVVT VVVIIVAVVF WPYHYY
GNM11491                        -AAAAAAAAS ASNQFDDDTD DRREEEEEEE EHAFFYFFAG GGGPHYTLII IIVPIILVRG KKKGKKKKKK RDRKVLLLLL LLLLLMLVIM INNNNNNNNL KSPPPPDMEE LNKRRRRRRR STAGASSATV EKTTTVVVVT VVAIVVVVVF WPLNYY
GNM11804                        -AAAAASAIA AAGKADDDEE DDGDEAEEEQ EEQFFHFNGG GGGKPHILII LYIPIIILKK KKKLKRKKKK KKREKLILKV LLVLLVALIM VNNNRNNNFL KSPPSPEIEQ VEAPRRRRRR AEAAAASSTK VSTVVVVAVI TKVVLVAVVF YYVEVY
GNM11805                        -AAAAASALA ASGACDDDDE DSNNDQEEED EERMSGFNAG GGGKPDVQIT LYIQLIIVKK KKASKKKKSI QNRYKLILTE LLILLLLLIM VKRNRNNNNS NHLPPPRYQQ IESLRRRRRR AQSGASSSTK EHTTVIIAII VKVIIVAMVF YFNAVY
GNM12886                        -AAAAAASAA SSKMADDDDD DRHKEEEEEE EEAFLFFFSG GGGPHVIIII ILVPIIIVSG KKKRKEKKKQ KERKNLIQLL LLLLLMLVIM INNNNNNNNL KAPPPPEAAE QNKRRRRRRR MTTGASASTV ESTTTILVVV VVVIIVVVVY WHIHYY
GNM12895                        -AAAASAAAA AASMADDDND DKRDEEEEEE EEAFFFFFSG GGGPHMILVV IIIPIIVISG KKQRKKRKKK ENRKNLILLL LLLLLLLIIM VNQNNNNNNL KTPPPPEAQS QNKRRRRRRR STTGTSSSSV ENTTTVIVVT VVVIIVVVVF WFIHYY
GNM13061                        -AAAAAAAAA AAGEADDDDD SDDEDEEEEE EEEFFFFFGG GGGGHHIVII IIIIMIIIKK KKQKKRKKRK KRKKSLLLLL LLLLLMALIM MNSNNNNNNN NPPPPPQWKQ LERRRRRRRR AASSSSSSSS ITTTTVVAVV VVVVVVVVVW WYVYYY
GNM13064                        -AAAAASACS ATAMVDDDDD NRRNEEEEEE EESFFFFFSA GGGKHTILII IIIPIIAISG KKKKKQKKKK SRRKVLILLL LLLLLLMVIM MNRNNNNNNQ NSPPPPLYEE QFKKRTRRRR STSGSSSSSA ETTTTIQVVV IVVVIVRVVF WFMSYY
GNM11034                        -AAAAAAAAA AAGLADDDDD DRHDHDEEEE EEAFFGLWAG GGGVFHALLI VLIPIIIVRG KKRKQRKKRK ERRRRLIKLL LLVLLLALIM ILSNRNNNNQ MTPPPPEQEQ QNKRRRRRRR ANSGAASSST ESTTTVVAVI IKVVIVTVVF WYLHYY
GNM11363                        -AAAAAATVA ATGMADDDDD DKNDDEEEEE EEAFFFLFSG GGGPHTILII IIIPIIIISG KKQRKRKKKK QDRKTLIMLL LLLLLILVIM INNNNNNNNL STPPPPEAKA QNKRRRRRRR ATTGASSSSI ENTTTVVAVV VVVVVVVVVY WFVHYY
GNM11375                        -AAAAAASIS ASNQHDDDDD DRREDEEEEE EQAFFYFFAA GGGPHYTLII ILVPMIIVSG KKKKKKKKKK QDRKKLILLL LLLLMTLVIM INVNNFNNNI KPPPPPDTEE LNKRKRRRRR LTTGASAATV ENTTTIVIVT VVVIIVVVVF WPLSYY
GNM11381                        -AAAAAAAAS ASNQYDDDDD DRREEEEEEE EHAFFFFFSG GGGPHHTLII IMVPIIMISG KKKRKKKKKK KDRKKLLLLL LLLLLLAVIM VNANNHNNNL KSPPPPDAEE LNKKRRSRRR TASGSSSATV ENTTTIVVVT VVVVIVAVVF WPYHYY
GNM11382                        -AAAAAAAAS SSNQYDDDDD DRRDDEEEEE EHLFFFFFSG GGGPHLTLII IIVPIIMVSG KKKRKKKKKR KERKKLLLLL LLLLLLAVIM INTNNYNNNL KSPPPPDAEE LNKRRRRRRR TATGASSATV ENTTTIVVVT VVVIVVAVVF WPMHYY
GNM11799                        -AAAASAAVS ASNQYDDDDD DRREEEEEEE EYAFFFFFAG GGGPHMVLII IYIVIIIVSG KKKHKKKKKK KDRKKLLLQL LLLLLMIVIM INNNNNNNNL KAPPPPDIEE LNKRRRRRRR ATTGASPADV ENTTTIIVVT VVVIVVVIVF WPLYYY
GNM11841                        -AAAAAAAIA ASKAADDDDE DSGQEAEEEE EQSFFMFFAG GGGTPHIALI LTVPIVAIKD KKELERKQTT EERKSLLKEQ LLLTLLGVLM VSNDRNNNSQ RTAPPPEQEQ KENQKRRRRR AESSAAATTK ETTVTYVVVI VKIIVVSVVF WYIHVY
GNM11931                        -AAAAAAAAA AAKAADDDNE DSGNDAEEEE EQSFFMFFAG GGGPPHIALI LLIPAVAIKD KKRQKRKQRT EERKELLKEQ LLLTLLGVIM VKDYRNNNSQ RDAPPPDQHQ KKGQKRRRRR ADSSAAATTK ETTVTYVAVI TQIIVVSVVF WYVHVY
GNM12040                        -AAAGAAAIA AAEESDDDDE DRGQDAEEED EVSFFMFFAG GGGAPHIAIV LMVPIIAVKE HKQKERKQEQ EKRKELIKNQ LLLTLLGVTM VNNYRNNNSQ RSAPPPDQEQ SEGQKRRRRR TDSSAAASTK ESTVTYVTVI VQIIVVSVVY WYIHVY
GNM12071                        -AAAAAAAIS AAKAADDDDE DTDNDAEEEE EESFFMFFAG GGGTPHIAIL LTIPIIAVKE KKKQVRKQRT EERKELLQEQ LMLTLLTVIM VRDYRNNNSQ RSAPPPDQAQ RESQLRRRRR ADTSSAASTK ESTVTYIVVI VKIIVVSVVY WYIHVY
GNM12125                        -AAAAASAIA AAGLCDDDDD SRGEEEEEEE EEAFFGFHAG GGGPFHIILI IYIPIIIING KKKLKRKKKK EERRRLIKLV LLLLLLAVIM INQGRNNNPQ KSPPPPEHEQ IERRKRRHRR AQASTASSTM ENTTVIVAVI VVVVIVTVVF WYLYYY
GNM12126                        -AAAAASAIA ASGLTDDDDE DRGEDEEEEE EEAFFAFFAG GGGQHYVPLI IYIPVILLKG KKKKKMKKEK QERRRLIKLL LLLLLLAVLM ISNDRNNNPQ KPPPPPEAEQ IEQRRRRRRR LRASTASSTM ESTTTIVAVI VVVVIVVVVF WYTYYY
GNM12128                        -AAAAASAIA AAGLCDDDDE SRGDDEEEEE EEAFFAFHAG GGGAHHIIII IYIPIIILRK KKKLKKKRKK ETRKIFIKIL LLLLLLAVLM INAYRNNNPM RPPPPPEHVQ IEQRRRRRRR ALSSTAASTM ESTTTVVAVI IVVVIVVVVF WYVYYY
GNM12182                        -AAVAASTIA ASGLADDDDE DRGDEEEEEE EEAFFGFNAG GGGPYHIILI IYIPIIILNG KKKLKRKKKK QRRRRLLRAI LLILLLAVLM INNGRNNNSQ EPPPPPDIDQ MERRRRRRRR AAASVASSSM ENTTVIVAVI VVVVIVVVVF WFLNYY
GNM12342                        -AAAAASAVA AAEQADDDDD SDGEEEEEEE EEAFFAFNGG GGGKLHIIII ILVPIIIIKK KKRKRRKKEK QKRRKLIKKV LLVLLVAIIM VKRGRNNNNL KPPPSPLLVQ TERQRRRRRR ANAGASSSTS ESTTTVVAVI CQMVIVVVVH WYVEYY
GNM12346                        -AAAAAASIS SAKKADDDDE DDGDEEEEES EEAFFGFFGG GGGKPHILII LYVPIIIVKK EKKKKRKKRK QDRRKLLLTQ LLLILLAVIM VGKGRNNNPM KSPPPPATQQ KDGQMRKRRR CDSSCSASTK ESTVTIVAVI TKMVIVNVVF YYVAVY
GNM12351                        -AAAAAAAVS SANKCDDDDE DEGSDAEEEE GESFFSFNGG GGGKPHIYII LLIAIVAVKK KKKIKKKRDR KDRQALLKSH LLLILVAVIM VRNRRNNNTQ NSPPPPIQEQ KDNQRRKRRR AEAGSAACTK SSTVVVVSVI TKIVVVSVVF WFVNVY
GNM12356                        -AAAAASAVA SGEQCDDDDE DENDEAEEEQ EEAFFSFNGG GGGKLHIIII ILVPMIAVKN QKRVKRKKEK EKRRKLIKKT LLLLLLFLIM VSKARNNNNS NSPPPPIQVK KERMRRRRRR TEASASSSTS ENTTTVVTVI VQMILVAVVH WFVEFY
GNM12357                        -AAAAASAAA SSDQCDDDDE DDGDAAEEEQ EEAFFALNGG GGGKLHIIII ILVPIIVVKK KKKEKRKKEK EKRKKLIKNT FLLLLLFLIM VAKARNNNNS KTPPPPLHTQ KERSRRRRRR TEASASSSTS ENTTTVVAVI VQMVLVAVVH WFVEFY
GNM12366                        -AAAAASAAA SSDQCDDDDE DDGDTAEEEQ EENFFALNGG GGGKLHIIIV ILVPVVIIKK KKKEKRKKEK EKRKKVLKNT FLLLLLALIM VSKARNNNHS KSPPPPLNTQ KEKMRRRRRR VEASSSSSTS ESTTTVVAVI VQMVLVAIVH WFIEFY
GNM12373                        -AAAAASAIS AATKVDNDDE DDNDDYEEEL EESFFCFYGA GGGKPSMIII LTVAIIALKK KKVMKKKKMK QERQKLLLKT LLLMLLMVVM IKKGRNNNAI RPPPPPLMVQ VEGQRRRRRR CDSGASACSK ATTVTVVTVI SKMVVVNVVH WFVNVY
GNM12385                        -AAAAAAAIA ATNKADDDDE DDNDESEEEE EESFFCFFGG GGGKPHIQII LIVPIVVVKK KKALRKKKRK KNRQHLLLKT LLLLLMGVIM IRNGRNNNLQ KSPPPPAEEQ RESQRRKRRR TDSSTSASSK AKTVTIVVVI TKMVVVNVVH WYVNVY
GNM12551                        -AAAAAAAIS AAAECDDDDE DQGEDEEEEE EEAFFGFLAG GGGPHHIMII IYIPIIIIRG KKKLKRKRKK EERKRLIKEI LLVLLVALIM INRYRNNNPQ RPPPPPEHEQ IERRRTRRRR ARAGTASCTI ENTTTVVAVI SEVVLVSVVF WHLHYY
GNM12554                        -AAAAASAIS STNKIDDDDE DENDESEEEA EEAFFCFFGA GGGKPHIAII LIVPIIAIKK KKVLKKKKRK RNRQTLLLKS ILLLLLAVLM IGKGRNNNML RPPPPPEQKE KEGEGRKRRR ADSSASACSK GSTVTVVVVI TKMVIVNVVR WYINVY
GNM12592                        -AAAAAAAIA AAKKCDDDDE DRGDDQEEEN SESFFGFLGG GGGRPHIMIV LYVLIIILKK QKKIKRKRER EERQPLIKST LLVVLMAVIM VRNYRNNNHQ KSLPPPKQES IDSQMRRRRR AESSAAASTK SSTVVIVAVI TKLVIVTVVF WFVHVY
GNM12596                        -AAAAAAAAS AANKCDDDDE DDGTDAEEEE AESFFSFYGG GGGKPHAYII LLILIVVIKK KKKVKKKRER QERQKLLKKT LLIILLGVIM VRNRRNNNSQ NSPPPPMQEQ KDNQRRKRRR TEAGSAASSK ASTVVVVTVI TKIVIVSVVF WFVNVY
GNM12602                        -AAAAAAAAA AANKCDDDDE DDGTDAEEEE AESFFSFYGG GGGKPHAMII LLILIVVIKK KKKKKKKRER QERQRLLKKT LLIILLGVIM VRNRRNNNSQ NSPPPPMQEQ KDNQRRKRRR TEAGSAASSK ASTVVVVTVI TKIVIVSVVF WFVSVY
GNM12665                        -AAAAAAAAS AANKCDDDDE DDGTDAEEEE AESFFSFYGG GGGKPHAYII LLILIIVIKQ KKKVKKKRER QERQRLLKRT LLIILLGVIM VRNRRNNNSQ NSPPPPMQEQ KDNQRRKRRR TEAGSAASSK ASTVVVITVI TKIVIVSVVF WFVNVY
GNM12745                        -AASAASAMA STARCDDDDE DKDDEAEEEQ EESFFMLFAG GGGKQHIFII IYVMLIAVKK KKQKKKKKEK QKRRELIKNL LLLLLILVIM VSDERNNNSQ KSPPPPKNTQ KEQQGRRRRR ADAGTAASTK ENTTTVVAVI IIVVVVGVVF WFVNYY
GNM12749                        -AAAAASAIS AAHKADNDDE DDNEEAEEEN EEAFFCFLGG GGGKPHIRII LIVPIVVIKK KKALRKRKRK KNRQRLLLQT VLLILLAVIM VRNGRNNNLM QPPPPPAQTE REAEGRRRRR ADSGASACSK AKTVTIVVVI TKMVVCNVVH WYVHVY
GNM12758                        -AASAASAIA ATARCDDDDE EKDNEEEEEE EESFFMFFSG GGGKQHISII IYIMMIIVKK KKAKKRKKQK EKRRELILRL LLVLLVLVIM IKEYRNNNSQ KSPPPPRNKQ KEQQGRRRRR AEAGTASSTK ENTTTVIAVI IVVVVVGVVF WFVNYY
GNM12763                        -AAAAASAIA ASGRCDDDDE DDEDEEEEEE EEAYFMFFAG GGGKQHIMII VYVMIIIIKK KKAKRRKKKK KERKRLIFKL LLLLLMLLIM INNNRNNNPQ KSPPPPKNKQ KEQRMRRRRR AKSGAAASTK ESTTTVVAVI VVVVIVAVVF WFVEYY
GNM12766                        -AAAAASAAA AADQCDDDDE DDGEEAEEEE EEAFFAFNGG GGGKLHIIII ILVPIIIIKK KKRKKRKKEK QKRKRLIKKI LLILLIALIM VKKGRNNNSS KSPPPPLLVQ TERQRRRRRR AESSASSSTS ENTTTVVAVI SQMVLVTVVH WFVEYY
GNM12841                        -AAAAAAAIP AAKAADDDDE ETGHDEEEEE EQSFFMFFGG GGGTPHIAII LTVPIVVVKD KKRQERKQRT EERKDLLQEL LLLTLLGVIM VKNYRNNNSQ RPAPPPEQEQ QESQKRRRRR AESSAAAATK ETTVTYVTVI VKIIVVSVVF WYIAVY
GNM12849                        -AAAAAAACS ASNQHDDDDD DRREDEEEEE EQAFFFFFAS GGGPHYTFII ILVPIIIVSG KKKKKKKKKK KERKQLLLLM LLLLMVLVIM INANNNNNNI KPPPPPDTEE LHKRKRRRRR VVTGASAATV ENTTTIVIVT VVVIIVVVVY WPLAYY
GNM12869                        -AAAAAAAIS ASNQHDDDDD DRRETEEEEE EQAFFFFFAA GGGPHYTLII ILVPIIIVSG KKKKKKKKRK KDRKKLLLLL LLLLMTLVIM INENNNNNNI KPPPPPDTEE LNKRRRRRRR VTTGASAATV ENTTTVVIVT VVVIVVVVVF WPLEYY
GNM12896                        -AAAAAAAIS SSNMNDDDDD DRREDEEEEE EHAFFFFFAG GGGPHLTLII IIVPIIVVSG KKKRKKKKKK KERKKLLLLL LLLLLLLVIS INANNYNNNL KAPPPPEIDE LNKRRRRRRR AASGASAASV ENTTTVVVAT VVVIVIVVVF WPMHYY
GNM12897                        -AAAAAAAVS SSNMNDDDDD DRREDEEEEE EHAFFFFFAG GGGPHMTLII IIVPIIVVSG KKKRKKKKKK KERKKLLLLL LLLLLLLVIS INANNNNNNL KAPPPPEIDE LNKRRRRRRR AASGASAASV ENTTTIVVAT VVIIVIVVVF WPMYYY
GNM12902                        -AAAAASALA SSGACDDDDE DNGNEEEEEE EERMAGFNAG GGGKPHVRIT LYVMIVIVKK KKASKKKKKV QNRYHLILQE LLILLLLLIM VRRNRNNNNS KPLPPPIYQQ IESSRRRRRR AESGCSSSTK ESTTVIVAII VKVIIIALVF YYNEVY
GNM12903                        -AAAAAAAIA ATGACDDDDE SDGDDEEEEE EEAFFEFWAG GGGPSHIIII IYVPIIILNG KKRKKKRKKK KRRTRFILYL LLLLLMALLM INANRNNNPQ LPPPPPEHVQ LERRRRRRRR ARSGTSSSTI INTTIVVAVI VVIVIIAVVF WYLYYM
GNM12906                        -AAAAAAAIA ATGACDDDDE SDGDDEEEEE EEAFFEFWAG GGGPAHIVII IYVPVVILNG KKRKKKRKKK KRRKRFLLYL LLLLLMALLM INANRNNNPQ LPPPPPEHVQ LERRRRRRRR ARSGASSSTI INTTVIVAVI VVIVIIAVVF WYLYYM
GNM12907                        -AASAAAAVA ATGACDDDDE SDGDEEEEEE EEAFFEFWAG GGGPSHIIII IYVPMIIING KKRKKKRKKK RHRRRFILYL LLLLLLALIM INANRNNNPQ LPPPPPEHVQ LERRRRRRRR ARSGTSSSTI INTTIVVAVI VVIVIIAVVF WYLYYM
GNM12909                        -AAAAAAAIA AVGACDDDDE SDGDDEEEEE EEAFFEFWAG GGGPTHIVII IYVPIIIING KKRKKKRKKK QRRHKLILYL LLLLLMALIM INSNRNNNPQ LPPPPPEHVQ LERRRRRRRR ARSGTSSSTI INTTVVVAVI VVIVIVAVVF WYLYYM
GNM12915                        -AAAAASAIA AAGEADDDDD SWGEKAEEEE EEAMFHFNAG GGSKHHVIII VYYPIIFIRG KKKKRRKKKM KNRKRLIKKV LLVLLILLIM IENKRNNNHM KSPPPPLVEQ ILSHRSRRRR AECSAASSTM ETTTTVVAVI IVVVIVRVVY WYLEYF
GNM10046                        -AAAAASAIA AAGEADDDDD SWGEKAEEEE EEAMFHFNAG GGSKHHVIII VYYPIIFIRG KKKKRRKKKM KNRKRLIKQV LLVLLILLIM IENKRNNNHM KSPPPPLVEQ ILSHRSRRRR AECSAASSTM ENTTTVVAVI IVVVIVRVVY WYLEYF
GNM12918                        -AAAAASAIA AAGEADDDDD SWGEKAEEEE EEAMFHFNAG GGSKHHVIII VYYPIIFIRG KKKRRRKKKM KNRKKLIKKV LLVLLVLLIM IENKRNNNHL KSPPPPLVEQ ILSHRSRRRR AECSAASSTM ETTTTVVAVI IVVVIVRVVY WYLEYF
GNM12931                        -AAAAASAIA AAGLADDDDE SRGEDEEEEE EEAFFGFHAG GGGPHHIILI IYIPIIIING KKKLKKKKKL EERRRLIKLL LLLLLILILM INNNRYNNPQ KPPPPPDHIQ IEQRKRRRRR AKSGTAASTM ENTTTVVAVI IVVIIVVVVF WYLYYY
GNM12938                        -AAAAASTIA AAGLADDDDE DRGEDEEEEE EESFFGFHAG GGGPYHIVLI IYIPIIIING KKKLKKKKKK QRRRRLIKVL LLVLLLAVIM INNNRNNNPQ NPPPPPTMEQ IERRRRRRRR ATSSVAASTM ENTTVVVAVI VVIVIVVVVF WVLAYY
GNM12996                        -AAAAASAIA ASGLVDDDDE DRSEDEEEEE EEAFFGFHAG GGGPYHIIII IYIPIIIING KKKLKKKRKK QKRRRLIKLL LLVLLIAIIM INNNRNNNPQ QPPPPPTHEQ IEKRRRRRRR ALSSAAASTM ENTTVIVAVI VVVVIVVVVF WFLYYY
GNM13018                        -AAAAASAIA ASGLVDDDDE DRGEDEEEEE EEAFFGFHAG GGGPYHIIII IYIPIIIING KKKLKKKRKK QKRRRLIKLL LLVLLIAIIM INNNRNNNPQ QPPPPPTHEQ IEKRRRRRRR ALSSAASSTM ENTTVIVAVI VVVVIVVVVF WFLYYY
GNM13027                        -AAAAASAIA ASGLADDDDE DKGEDEEEEE EEAFFGFHAG GGGPYHILLI IYIPIIIING KKKLKKKKKK QKRRRLIKLL LLVLLVAVIM INSNRNNNPQ NPPPPPMMEQ IERRRRRRRR ATSSVAASTM ENTTVIVAVI VVLVIVVVVF WFLAYY
GNM13046                        -AAAASAAVS SSNQFDDDDD DRREEEEEEE EHAFFFFFAG GGGPHMTLII IIILIIIVSG KKKRKKKKKK KERKQLLLLM LLLLLLSVIM VNENNNNNNI KAPPPPETEE LHKRRRRRRR STAGASAATV ENTTTIVVVT VVVIVVVVVF WPIHYY
GNM13053                        --AAAA-ST- AAQ-VDDD-D NKREEE-EEE -EAFFMLFSG GGGPHIIMII II-QIMIVSG KKKRKK--ER EQ-QALLLLL LLLLLMLVIM -NS-NNNNNL NSPPPPEAEK ---RRRRRRR VTSGSSA-SA ESTTTVIVVV IVVVIVVVVF W-MHYY
GNM13074                        -AAAAASAIA AAGQADDDDD SRGEEAEEEE EEAFFHFNAG GGSKHHVLII VYYPIIYIRK KKKKKRKKKM QNRKNLIKKV LLVLLVALIM IENKRNNNHL KSPPPPLMVQ IESPRTRRRR AECSAASSTM ENTTTVVAVI IVVVIIRVVY WYLEYF
GNM10010                        -AAAAASAIA ASGQADDDDD SRGEMAEEEQ EEAFFHFNAG GGSKHHVLII IYYPIIYIRK KKRKRRKKKT QQRKNLIKRV LLVLLVALIM IENRRNNNHL KTPPPPLMTQ IESPKTRRRR AECSAASSSA ENTTTVVAVI VMVVIIRVVY WFLEYF
GNM10014                        -AAAAASAIA ASGQADDDDD SKGEMAEEEQ EEAMFHFNAG GGSKHHVVII IYYPIIYIRK KKKKRRKKKT QNRKELIKRI LLVLLVALIM IENKRNNNHL KTPPPPLMTQ IESPKTRRRR AECSASSSSA ENTTTVVAVI VMVVIVRVVY WFLEYF
GNM13090                        -AAAAASAIA ASGQADDDDD SRGEMAEEEQ EEAMFHFNAG GGGKHHVLII IYYPIIYIRK KKRKRRKKKT QQRKNFIKRI LLVLLVALIM IENKRNNNHL KSPPPPLMVQ IESPKTRRRR AECSAASSSA ENTTTVVAVI VMVVIIRVVY WFLEYF
GNM13118                        -AAAAAAAAA AAALCDDDDE SWDDEEEEEE EEAFFEFFSG GGGPHHIIII VLLPVIIING KKKLRKKKKK KRRKRLIKLL LLVLLLAVIM VNYGRNNNSQ NPPPPPEMEQ VERRRRRRRR ARAGTSSSSI ENTTTIVAVI VVVVIVLVVF WYVEYY
GNM13126                        -AAAAASAIA AAGQCDDDDE DNNDQVEEEN EEIFAGFNGG GGGKPHI-IV LYIPMIILKK KKVSKKKKEK QNRYHLIMEE LLLMLLAVIM VKRNRNNNNS KSLPPPTYEQ IESYRRRRRR AESGASSSTK ESTTVIIAVI VKMVIIATVF YFNAVY
GNM13128                        -AAAAASAIA AAGQCDDDDE DNDDDVEEEN EEIFAGFNGG GGGKPHI-IV LYIPMIILKK KKVSKKKKKK QNRYHLIMDE LLLMLLLVIM VKKNRNNNNS KSLPPPTYEQ IESYRRRRRR ADSGASSSTK ESTTVVIAVI VKMVIIATVF YFNAVY
GNM13208                        -AAAAAAAIA AAGACDDDDE TDGDDEEEEE EETFFEFWAG GGGPSHIIII IYIPIIILNK KKRKKKKHKK RQRRKYILYL LLLLLMALIM LNSNRNNNPQ LPPPPPEHVQ LDRRHRRRRR ARSGASSSTI INTTIVVAVI VVIIIIAVVF WYLYYM
GNM13210                        -AAAAASAMA SAGLADDDDE TRGEEEEEEE EEAFFSFHAG GGGPHHIVLI IYIPIIILNG KKKLKKKKKI QERRRLIKLL LLLLLLAILM INNNRNNNPM KTPPPPDHEQ IEQRRRRRRR AKASTSSSTM ENTTTVVAVI IVVIIVSVVF WYLYYY
GNM12773                        -AAAAASAIG YSRQTDDDDD SEQDEQEEEE EESFFMLFAG GGGPHHMIII ITIRIIIING KKKKKRRKRR RKRKKVLLLL LLLLLFLLIM INKKANNNNQ GTPPPPEAEE INSRRRRRRR AQSGTSASSG ENTTTTVAIV LQVVIVVVVS WYLNYY
GNM12769                        -AATAASAIA ASKLCDDDDD KKGDEDEEEE EESFFGLNAG GGGPPHMILI VIIPIVILSK KKKKKKKKKK KTRQQLILLL LLLLLMAVIM IGNRCNNNNQ NTPPPPDTEE TDKKRRRRRR ANTGSSASSS ENTTVVVAVV VIIIIIVVVF WHIHYY



    1    1    1    1    1    1    1    1    1    1    1    1    1    1    1
    1    1    1    1    1    1    1    1    1    1    1    1    1    1    1
    1    1    1    1    1    1    1    1    1    1    2    1    1    1    1
    1    1    1    1    1    1    1    1    1    1    1    1    1    1    1
    1    2    1    1    1    1    1    1    1    1    1    1    1    1    1
    1    1    1    1    1    1    1    1    1    1    1    1    1    1    1
    1    1    1    1    1    1    1    1    1    1    1    1    1    1    1
    1    1    1    1    1    1    1    1    1    1    1    1    1    1    1
    1    1    1    1    1    1    1    1    1    1    1    1    1    1    1
    1    1    1    1    1    1    1    1    1    1    1    1    1    1    1
    1    1    1    1    1    1

AAML (in paml version 4.9h, March 2018)  tmp0039.txt
Model: Empirical,  (../wag.dat) dGamma (ncatG=4) ns = 142  ls = 158


Frequencies..
                                    A      R      N      D      C      Q      E      G      H      I      L      K      M      F      P      S      T      W      Y      V
GNM13746                       0.08917 0.05096 0.06369 0.05096 0.00000 0.03822 0.06369 0.04459 0.01274 0.07643 0.08280 0.11465 0.01911 0.03185 0.03185 0.06369 0.03185 0.01274 0.03185 0.08917
GNM13538                       0.10191 0.04459 0.06369 0.05732 0.00000 0.03822 0.05732 0.05096 0.01911 0.06369 0.08917 0.08917 0.01911 0.05096 0.03185 0.05096 0.03822 0.00637 0.01911 0.10828
GNM13876                       0.12739 0.10828 0.03822 0.03822 0.00000 0.02548 0.07643 0.05096 0.01274 0.06369 0.12102 0.06369 0.01274 0.03822 0.02548 0.06369 0.02548 0.01274 0.01274 0.08280
GNM13680                       0.09554 0.06369 0.06369 0.03822 0.00000 0.02548 0.08280 0.04459 0.02548 0.09554 0.08917 0.08280 0.01911 0.02548 0.03822 0.04459 0.04459 0.00637 0.01911 0.09554
GNM14837                       0.09554 0.05732 0.05732 0.05732 0.00000 0.01911 0.06369 0.03822 0.01274 0.07643 0.09554 0.10191 0.01911 0.03822 0.05096 0.03185 0.06369 0.00637 0.02548 0.08917
GNM14249                       0.08917 0.07006 0.06369 0.05096 0.00000 0.00637 0.07643 0.03822 0.01911 0.07643 0.08917 0.09554 0.01274 0.03822 0.05096 0.02548 0.07006 0.00637 0.01911 0.10191
GNM13928                       0.10191 0.05732 0.05096 0.05732 0.00000 0.01911 0.06369 0.03822 0.01911 0.07643 0.09554 0.10191 0.01911 0.03822 0.05096 0.02548 0.06369 0.00637 0.02548 0.08917
GNM14865                       0.11465 0.06369 0.02548 0.04459 0.00000 0.06369 0.10191 0.05096 0.01274 0.07006 0.05732 0.07006 0.02548 0.02548 0.03185 0.05096 0.07006 0.00637 0.03185 0.08280
GNM13455                       0.09554 0.06369 0.05732 0.04459 0.00000 0.01911 0.07643 0.03822 0.01911 0.09554 0.08280 0.09554 0.02548 0.03185 0.05096 0.03185 0.05096 0.00637 0.02548 0.08917
GNM14938                       0.12739 0.09554 0.05096 0.05096 0.00000 0.03185 0.06369 0.05732 0.02548 0.05732 0.10191 0.07643 0.01274 0.02548 0.03185 0.03185 0.03822 0.01274 0.01911 0.08917
GNM14483                       0.08280 0.05732 0.05732 0.04459 0.00000 0.05732 0.07643 0.05732 0.02548 0.07643 0.06369 0.08280 0.01911 0.02548 0.03185 0.07006 0.03822 0.01274 0.01274 0.10828
GNM14872                       0.09554 0.07006 0.08280 0.04459 0.00000 0.01911 0.08280 0.05096 0.01911 0.08280 0.08917 0.07643 0.02548 0.02548 0.03822 0.03185 0.05096 0.00637 0.01911 0.08917
GNM13855                       0.07006 0.06369 0.05732 0.03822 0.00000 0.01911 0.10828 0.04459 0.00637 0.09554 0.09554 0.08280 0.03185 0.01911 0.03185 0.05732 0.04459 0.00637 0.02548 0.10191
GNM14545                       0.10828 0.08917 0.03185 0.05732 0.01274 0.01274 0.07643 0.06369 0.00000 0.10191 0.09554 0.08280 0.01274 0.02548 0.04459 0.02548 0.02548 0.01911 0.03185 0.08280
GNM14366                       0.08917 0.07006 0.06369 0.04459 0.00000 0.00637 0.07643 0.04459 0.02548 0.06369 0.09554 0.08917 0.01911 0.03822 0.04459 0.06369 0.05096 0.00637 0.01911 0.08917
GNM14252                       0.08917 0.07006 0.06369 0.05732 0.00000 0.01274 0.07006 0.03822 0.01274 0.08280 0.08280 0.09554 0.01911 0.03822 0.05096 0.02548 0.07006 0.00637 0.01911 0.09554
GNM13760                       0.08917 0.05732 0.05732 0.05732 0.00000 0.01911 0.06369 0.03822 0.01274 0.08917 0.08917 0.10191 0.01911 0.03822 0.05096 0.03185 0.06369 0.00637 0.02548 0.08917
GNM13982                       0.08917 0.06369 0.07006 0.06369 0.00000 0.02548 0.06369 0.04459 0.02548 0.09554 0.10191 0.08280 0.00637 0.03185 0.04459 0.03185 0.03185 0.00637 0.03185 0.08917
GNM13960                       0.08280 0.06369 0.07006 0.05096 0.00000 0.01274 0.07006 0.04459 0.03185 0.08280 0.08280 0.08917 0.01911 0.05096 0.03822 0.03822 0.04459 0.00637 0.01911 0.10191
GNM14633                       0.08917 0.06369 0.05732 0.06369 0.00000 0.02548 0.07006 0.04459 0.03185 0.09554 0.08917 0.08280 0.00637 0.03822 0.05096 0.03185 0.03185 0.00637 0.02548 0.09554
GNM14853                       0.08917 0.06369 0.05732 0.06369 0.00000 0.02548 0.07006 0.04459 0.03185 0.09554 0.08917 0.08280 0.00637 0.03822 0.05096 0.03185 0.03185 0.00637 0.02548 0.09554
GNM14055                       0.07643 0.08280 0.07006 0.05732 0.00000 0.00637 0.07643 0.03822 0.01911 0.08280 0.08917 0.07643 0.01274 0.04459 0.05096 0.03822 0.03822 0.00637 0.02548 0.10828
GNM14748                       0.09554 0.05732 0.05096 0.05096 0.00000 0.01911 0.07643 0.03822 0.01911 0.07643 0.08917 0.10191 0.01911 0.03185 0.05096 0.03185 0.05732 0.00637 0.03185 0.09554
GNM14246                       0.09554 0.10828 0.05096 0.03822 0.01274 0.01911 0.08917 0.06369 0.02548 0.06369 0.10191 0.05096 0.02548 0.03185 0.03822 0.05732 0.01911 0.00637 0.01274 0.08917
GNM14640                       0.08917 0.09554 0.07006 0.03185 0.01274 0.01911 0.09554 0.05732 0.01274 0.07006 0.09554 0.05732 0.01911 0.03185 0.03822 0.05732 0.02548 0.00637 0.01911 0.09554
GNM14965                       0.09554 0.05732 0.05732 0.05096 0.00000 0.03822 0.05732 0.04459 0.02548 0.09554 0.08917 0.08280 0.02548 0.01911 0.03185 0.06369 0.05096 0.00637 0.01274 0.09554
GNM13677                       0.12739 0.10191 0.03822 0.03822 0.00000 0.02548 0.07643 0.05096 0.01274 0.06369 0.12739 0.07006 0.01274 0.03822 0.02548 0.06369 0.02548 0.01274 0.01274 0.07643
GNM14339                       0.11465 0.11465 0.04459 0.03822 0.00000 0.04459 0.07643 0.05096 0.01274 0.09554 0.10828 0.04459 0.01911 0.02548 0.03822 0.03185 0.05096 0.01274 0.02548 0.05096
GNM14593                       0.10828 0.10828 0.03822 0.03185 0.00000 0.01274 0.08917 0.06369 0.01274 0.10191 0.10191 0.08917 0.01911 0.03185 0.03185 0.03822 0.02548 0.00637 0.03185 0.05732
GNM13825                       0.12739 0.11465 0.04459 0.05096 0.00000 0.03822 0.06369 0.05732 0.01911 0.07006 0.10828 0.05732 0.01274 0.02548 0.03185 0.03185 0.03822 0.01274 0.01911 0.07643
GNM14768                       0.12102 0.11465 0.04459 0.03822 0.00000 0.01911 0.08280 0.06369 0.01911 0.06369 0.09554 0.07006 0.01911 0.03185 0.03822 0.04459 0.01911 0.01274 0.01274 0.08917
GNM14776                       0.12102 0.11465 0.04459 0.03822 0.00000 0.01911 0.08280 0.06369 0.01911 0.06369 0.09554 0.07006 0.01911 0.03185 0.03822 0.04459 0.01911 0.01274 0.01274 0.08917
GNM14715                       0.07643 0.06369 0.05096 0.04459 0.00000 0.05096 0.08280 0.06369 0.01274 0.05096 0.07006 0.08280 0.02548 0.02548 0.03185 0.07006 0.03185 0.01274 0.01911 0.13376
GNM14639                       0.09554 0.05732 0.06369 0.03822 0.00000 0.03185 0.07006 0.05096 0.01911 0.07643 0.11465 0.08917 0.02548 0.03822 0.02548 0.05096 0.03185 0.00637 0.02548 0.08917
GNM13795                       0.07643 0.05732 0.05096 0.04459 0.00000 0.02548 0.07643 0.04459 0.01911 0.07643 0.08280 0.09554 0.01911 0.04459 0.05096 0.04459 0.06369 0.00637 0.01911 0.10191
GNM14166                       0.10191 0.07006 0.06369 0.04459 0.00000 0.00000 0.07643 0.04459 0.02548 0.07643 0.10191 0.09554 0.01274 0.03822 0.04459 0.05096 0.03822 0.00637 0.01274 0.09554
GNM14450                       0.08280 0.07006 0.07643 0.03822 0.00000 0.02548 0.07006 0.04459 0.01274 0.08917 0.08280 0.07643 0.01911 0.04459 0.03822 0.06369 0.05096 0.00637 0.01274 0.09554
GNM13515                       0.07643 0.06369 0.08280 0.05096 0.00000 0.00637 0.07006 0.04459 0.01911 0.08280 0.10191 0.08917 0.00637 0.03822 0.04459 0.04459 0.04459 0.00637 0.01911 0.10828
GNM13745                       0.08280 0.07006 0.06369 0.03822 0.00000 0.03822 0.07643 0.03185 0.00637 0.08917 0.09554 0.08280 0.02548 0.05732 0.02548 0.08917 0.03822 0.00637 0.01274 0.07006
GNM14030                       0.07006 0.07006 0.08280 0.03185 0.00637 0.01911 0.07643 0.03185 0.01274 0.11465 0.08917 0.07643 0.01911 0.04459 0.02548 0.09554 0.03822 0.00637 0.01911 0.07006
GNM14959                       0.10828 0.08280 0.04459 0.04459 0.00637 0.02548 0.06369 0.05732 0.01911 0.10828 0.06369 0.08280 0.02548 0.03185 0.05732 0.03822 0.03185 0.01274 0.02548 0.07006
GNM13413                       0.09554 0.07643 0.03822 0.03185 0.00000 0.01274 0.08917 0.05096 0.04459 0.12102 0.08280 0.07643 0.01274 0.02548 0.05096 0.04459 0.04459 0.00637 0.02548 0.07006
GNM15005                       0.07643 0.06369 0.07006 0.05096 0.00000 0.01911 0.07006 0.04459 0.02548 0.08280 0.07643 0.08917 0.01911 0.05096 0.04459 0.03822 0.04459 0.00637 0.01911 0.10828
GNM14992                       0.08280 0.06369 0.07006 0.05096 0.00000 0.01274 0.07006 0.04459 0.01274 0.08917 0.06369 0.09554 0.02548 0.05096 0.04459 0.03822 0.03822 0.00637 0.03822 0.10191
GNM14976                       0.08280 0.06369 0.07006 0.05096 0.00000 0.01911 0.07006 0.04459 0.02548 0.08917 0.08280 0.08917 0.01911 0.04459 0.03822 0.04459 0.04459 0.00637 0.01911 0.09554
GNM14995                       0.07006 0.06369 0.07006 0.05732 0.00000 0.01274 0.07006 0.03822 0.01911 0.10191 0.08280 0.09554 0.01911 0.03822 0.05096 0.03822 0.04459 0.00637 0.03185 0.08917
GNM15017                       0.06452 0.07742 0.09032 0.05806 0.00645 0.00645 0.05161 0.04516 0.01935 0.08387 0.07097 0.09677 0.02581 0.03226 0.05161 0.07097 0.03226 0.00645 0.03226 0.07742
GNM14999                       0.07947 0.05960 0.07285 0.05960 0.00000 0.00662 0.05960 0.05298 0.01987 0.08609 0.06623 0.09934 0.02649 0.05298 0.04636 0.03974 0.03311 0.01325 0.02649 0.09934
GNM15018                       0.08917 0.07006 0.06369 0.05732 0.00000 0.01274 0.07006 0.03822 0.01274 0.07643 0.08917 0.09554 0.01274 0.03822 0.05096 0.02548 0.07006 0.00637 0.01911 0.10191
GNM15024                       0.08917 0.07006 0.06369 0.05732 0.00000 0.01274 0.07006 0.03822 0.01274 0.07643 0.08917 0.09554 0.01274 0.03822 0.05096 0.02548 0.07006 0.00637 0.01911 0.10191
GNM14980                       0.08917 0.07006 0.06369 0.05732 0.00000 0.01274 0.07006 0.03822 0.01274 0.07643 0.08917 0.09554 0.01274 0.03822 0.05096 0.02548 0.07006 0.00637 0.01911 0.10191
GNM15000                       0.08917 0.07006 0.06369 0.05732 0.00000 0.01274 0.07006 0.03822 0.01274 0.07643 0.08917 0.09554 0.01274 0.03822 0.05096 0.02548 0.07006 0.00637 0.01911 0.10191
GNM15026                       0.07643 0.07643 0.07643 0.05096 0.00000 0.00637 0.07006 0.04459 0.01911 0.08917 0.08280 0.08280 0.01911 0.04459 0.03822 0.04459 0.04459 0.00637 0.01911 0.10828
GNM15019                       0.07643 0.05732 0.04459 0.04459 0.00000 0.02548 0.07006 0.03822 0.02548 0.06369 0.09554 0.10191 0.01274 0.04459 0.05096 0.04459 0.07006 0.00637 0.01911 0.10828
GNM15028                       0.08917 0.06369 0.07006 0.05096 0.00000 0.01911 0.07006 0.04459 0.02548 0.08917 0.07643 0.08917 0.01911 0.04459 0.03822 0.04459 0.04459 0.00637 0.01911 0.09554
GNM15003                       0.08917 0.06369 0.07006 0.05096 0.00000 0.01911 0.07006 0.04459 0.02548 0.08917 0.07643 0.08917 0.01911 0.04459 0.03822 0.04459 0.04459 0.00637 0.01911 0.09554
GNM11003                       0.10191 0.10828 0.04459 0.03822 0.00000 0.02548 0.08280 0.05732 0.00637 0.10828 0.07006 0.05096 0.01274 0.03185 0.05096 0.05732 0.02548 0.00637 0.03822 0.08280
GNM11023                       0.09554 0.08280 0.03822 0.04459 0.00637 0.02548 0.08917 0.06369 0.01274 0.09554 0.07643 0.07643 0.01274 0.03822 0.05096 0.03822 0.04459 0.00637 0.03185 0.07006
GNM11055                       0.12739 0.05732 0.05096 0.03822 0.00637 0.02548 0.08280 0.04459 0.01274 0.10191 0.05732 0.11465 0.00637 0.03822 0.03822 0.05096 0.01274 0.00000 0.01911 0.11465
GNM11146                       0.10828 0.08917 0.05732 0.04459 0.00637 0.01911 0.06369 0.06369 0.00637 0.10191 0.06369 0.06369 0.03185 0.03185 0.05732 0.01911 0.03822 0.01274 0.03185 0.08917
GNM11219                       0.06382 0.12759 0.04256 0.02130 0.00004 0.02130 0.08508 0.08508 0.02130 0.04256 0.14885 0.06382 0.02130 0.04256 0.04256 0.06382 0.02130 0.02130 0.00004 0.06382
GNM11220                       0.12739 0.10191 0.04459 0.04459 0.01274 0.01911 0.07643 0.05732 0.01274 0.07643 0.10191 0.05096 0.00637 0.02548 0.04459 0.04459 0.02548 0.00637 0.03185 0.08917
GNM11223                       0.08280 0.09554 0.06369 0.03185 0.01274 0.01911 0.08280 0.05732 0.03822 0.09554 0.08917 0.06369 0.02548 0.03185 0.03185 0.05732 0.03185 0.00637 0.01274 0.07006
GNM11224                       0.08280 0.10191 0.06369 0.03185 0.01274 0.01911 0.08280 0.06369 0.03822 0.08280 0.08917 0.05732 0.03185 0.03185 0.03185 0.04459 0.03822 0.00637 0.01274 0.07643
GNM11358                       0.07643 0.06369 0.05732 0.03822 0.00000 0.01911 0.10191 0.04459 0.00637 0.08917 0.08917 0.08280 0.03822 0.01911 0.03185 0.05096 0.04459 0.00637 0.02548 0.11465
GNM11360                       0.09554 0.06369 0.05732 0.04459 0.00000 0.01911 0.07643 0.03822 0.01911 0.08917 0.08280 0.09554 0.02548 0.03185 0.05096 0.03185 0.05096 0.00637 0.02548 0.09554
GNM11362                       0.09554 0.06369 0.07006 0.05732 0.00000 0.01911 0.05732 0.05096 0.01274 0.09554 0.07643 0.07643 0.01911 0.03185 0.03822 0.04459 0.06369 0.00637 0.01911 0.10191
GNM11367                       0.08917 0.06369 0.07006 0.06369 0.00000 0.02548 0.06369 0.04459 0.02548 0.09554 0.10191 0.08280 0.00637 0.03185 0.04459 0.03185 0.03185 0.00637 0.03185 0.08917
GNM11377                       0.09554 0.07006 0.08280 0.04459 0.00000 0.01911 0.08280 0.05096 0.01274 0.08280 0.08917 0.07643 0.02548 0.02548 0.03822 0.03185 0.05096 0.00637 0.02548 0.08917
GNM11380                       0.10828 0.07006 0.06369 0.05096 0.00000 0.00000 0.07006 0.04459 0.01911 0.07643 0.10191 0.09554 0.01274 0.03822 0.04459 0.05096 0.03185 0.00637 0.01911 0.09554
GNM11383                       0.10191 0.05732 0.05732 0.04459 0.00000 0.00637 0.07643 0.04459 0.03185 0.07006 0.08917 0.10191 0.01911 0.03822 0.04459 0.06369 0.04459 0.00637 0.02548 0.07643
GNM11491                       0.09554 0.07643 0.07006 0.04459 0.00000 0.00637 0.07006 0.05096 0.01274 0.05732 0.10191 0.08917 0.01911 0.03822 0.04459 0.03822 0.05096 0.00637 0.02548 0.10191
GNM11804                       0.12739 0.05732 0.04459 0.03822 0.00000 0.01911 0.08917 0.05096 0.01274 0.07643 0.08280 0.12739 0.00637 0.03185 0.03822 0.03822 0.01911 0.00000 0.02548 0.11465
GNM11805                       0.10191 0.07006 0.07006 0.05096 0.00637 0.04459 0.05732 0.05096 0.01274 0.09554 0.08917 0.08917 0.01911 0.01911 0.02548 0.07643 0.03185 0.00000 0.03185 0.05732
GNM12886                       0.09554 0.06369 0.06369 0.03822 0.00000 0.01911 0.08280 0.04459 0.02548 0.09554 0.08280 0.08917 0.02548 0.02548 0.03822 0.05096 0.03822 0.00637 0.01911 0.09554
GNM12895                       0.08280 0.07006 0.07643 0.03822 0.00000 0.02548 0.07006 0.04459 0.01274 0.08917 0.08280 0.07643 0.01911 0.04459 0.03822 0.06369 0.05096 0.00637 0.01274 0.09554
GNM13061                       0.10191 0.07006 0.05732 0.05096 0.00000 0.01911 0.07006 0.05096 0.01274 0.07643 0.07643 0.08917 0.02548 0.03185 0.03185 0.07006 0.02548 0.01911 0.02548 0.09554
GNM13064                       0.07006 0.07006 0.06369 0.03185 0.00637 0.02548 0.07006 0.03822 0.00637 0.08917 0.07643 0.08917 0.03185 0.05096 0.03185 0.09554 0.05096 0.00637 0.01911 0.07643
GNM11034                       0.12739 0.10828 0.04459 0.05096 0.00000 0.03185 0.06369 0.05732 0.02548 0.07006 0.10191 0.06369 0.01274 0.02548 0.03185 0.03822 0.03822 0.01274 0.01911 0.07643
GNM11363                       0.09554 0.06369 0.07006 0.05732 0.00000 0.01911 0.05732 0.05096 0.01274 0.09554 0.07643 0.07643 0.01911 0.03185 0.03822 0.04459 0.06369 0.00637 0.01911 0.10191
GNM11375                       0.08280 0.05732 0.05732 0.05732 0.00000 0.01911 0.06369 0.03822 0.01274 0.08917 0.08917 0.10191 0.01911 0.03822 0.05096 0.03822 0.06369 0.00637 0.02548 0.08917
GNM11381                       0.10191 0.05732 0.05732 0.05096 0.00000 0.00637 0.07006 0.04459 0.03185 0.05732 0.08917 0.10191 0.01911 0.03822 0.04459 0.06369 0.04459 0.00637 0.02548 0.08917
GNM11382                       0.08917 0.07643 0.05732 0.05732 0.00000 0.00637 0.06369 0.04459 0.01911 0.06369 0.10191 0.08917 0.01911 0.03822 0.04459 0.05096 0.05732 0.00637 0.02548 0.08917
GNM11799                       0.08280 0.06369 0.07006 0.05732 0.00000 0.01274 0.07006 0.04459 0.01274 0.09554 0.08280 0.09554 0.01911 0.03822 0.04459 0.03185 0.03822 0.00637 0.03822 0.09554
GNM11841                       0.12739 0.05732 0.03185 0.04459 0.00000 0.05096 0.10828 0.04459 0.01274 0.05732 0.07006 0.07643 0.01274 0.03185 0.03185 0.05732 0.07006 0.00637 0.01911 0.08917
GNM11931                       0.15287 0.07006 0.03185 0.06369 0.00000 0.05732 0.07006 0.05096 0.01911 0.05096 0.06369 0.08917 0.01274 0.03185 0.03822 0.03822 0.05096 0.00637 0.02548 0.07643
GNM12040                       0.11465 0.06369 0.03822 0.05732 0.00000 0.06369 0.09554 0.05732 0.01911 0.06369 0.04459 0.06369 0.01911 0.02548 0.03185 0.06369 0.04459 0.00637 0.03185 0.09554
GNM12071                       0.12739 0.07643 0.02548 0.06369 0.00000 0.05096 0.08917 0.03185 0.01274 0.07643 0.05732 0.06369 0.01911 0.02548 0.03185 0.06369 0.06369 0.00637 0.03185 0.08280
GNM12125                       0.10191 0.07643 0.03822 0.03185 0.00637 0.02548 0.09554 0.06369 0.02548 0.10828 0.07643 0.07643 0.01274 0.03185 0.04459 0.03822 0.03185 0.00637 0.03185 0.07643
GNM12126                       0.10191 0.08280 0.02548 0.04459 0.00000 0.03185 0.09554 0.05096 0.00637 0.07006 0.09554 0.07643 0.01911 0.03185 0.05096 0.04459 0.04459 0.00637 0.03822 0.08280
GNM12128                       0.12102 0.08280 0.02548 0.03822 0.00637 0.01274 0.07643 0.04459 0.02548 0.11465 0.07643 0.07643 0.01911 0.03185 0.04459 0.03822 0.03822 0.00637 0.03822 0.08280
GNM12182                       0.10191 0.10191 0.05732 0.05096 0.00000 0.01911 0.07643 0.06369 0.00637 0.10191 0.08280 0.05732 0.01911 0.03185 0.04459 0.04459 0.01911 0.00637 0.02548 0.08917
GNM12342                       0.10828 0.08917 0.03822 0.03822 0.00637 0.03185 0.08917 0.05732 0.01274 0.08917 0.06369 0.10191 0.01274 0.01911 0.03185 0.05096 0.03185 0.00637 0.01911 0.10191
GNM12346                       0.08917 0.05732 0.02548 0.06369 0.01274 0.03185 0.06369 0.07006 0.00637 0.07643 0.06369 0.12739 0.02548 0.03185 0.04459 0.06369 0.03822 0.00000 0.02548 0.08280
GNM12351                       0.10828 0.07006 0.05732 0.05732 0.01274 0.03185 0.05732 0.05732 0.01274 0.07006 0.05096 0.10828 0.00637 0.03185 0.03185 0.07643 0.02548 0.00637 0.01274 0.11465
GNM12356                       0.08917 0.07643 0.05732 0.03822 0.00637 0.03185 0.09554 0.04459 0.01274 0.07006 0.07006 0.09554 0.02548 0.03822 0.03185 0.07006 0.04459 0.00637 0.00637 0.08917
GNM12357                       0.11465 0.06369 0.04459 0.05096 0.00637 0.02548 0.08280 0.04459 0.01911 0.06369 0.07643 0.11465 0.01274 0.03822 0.03185 0.06369 0.05096 0.00637 0.00637 0.08280
GNM12366                       0.09554 0.05732 0.04459 0.05096 0.00637 0.02548 0.08280 0.04459 0.01911 0.06369 0.07643 0.12102 0.01911 0.03185 0.03185 0.08280 0.04459 0.00637 0.00637 0.08917
GNM12373                       0.09554 0.05732 0.04459 0.05096 0.01911 0.02548 0.05096 0.05096 0.00637 0.05732 0.07643 0.11465 0.05096 0.02548 0.03822 0.05096 0.04459 0.00637 0.01911 0.11465
GNM12385                       0.08917 0.07006 0.05732 0.05096 0.00637 0.03185 0.07006 0.05096 0.01911 0.06369 0.07006 0.11465 0.01911 0.02548 0.03822 0.05732 0.04459 0.00637 0.01274 0.10191
GNM12551                       0.10828 0.10191 0.03185 0.03822 0.01274 0.01911 0.11465 0.05732 0.03185 0.10828 0.06369 0.06369 0.01274 0.02548 0.05096 0.02548 0.03822 0.00637 0.02548 0.06369
GNM12554                       0.09554 0.06369 0.05096 0.04459 0.01274 0.01274 0.07643 0.06369 0.00637 0.08917 0.07643 0.12102 0.01911 0.02548 0.04459 0.06369 0.03185 0.00637 0.01274 0.08280
GNM12592                       0.10191 0.08280 0.03185 0.05096 0.00637 0.03822 0.06369 0.05096 0.01911 0.08280 0.06369 0.08917 0.02548 0.03185 0.03185 0.07006 0.03185 0.00637 0.01911 0.10191
GNM12596                       0.10828 0.07006 0.05096 0.05096 0.00637 0.03822 0.06369 0.05732 0.00637 0.07006 0.05732 0.11465 0.01274 0.03185 0.03185 0.06369 0.03822 0.00637 0.01911 0.10191
GNM12602                       0.11465 0.07643 0.04459 0.05096 0.00637 0.03822 0.06369 0.05732 0.00637 0.07006 0.05732 0.11465 0.01911 0.03185 0.03185 0.06369 0.03822 0.00637 0.01274 0.09554
GNM12665                       0.10828 0.08280 0.05096 0.05096 0.00637 0.04459 0.06369 0.05732 0.00637 0.08280 0.05732 0.09554 0.01274 0.03185 0.03185 0.06369 0.03822 0.00637 0.01911 0.08917
GNM12745                       0.09554 0.05732 0.04459 0.05732 0.00637 0.05096 0.07643 0.05096 0.00637 0.07006 0.06369 0.12102 0.02548 0.03822 0.02548 0.05096 0.04459 0.00637 0.01911 0.08917
GNM12749                       0.12102 0.08917 0.05732 0.03822 0.01911 0.02548 0.07006 0.05732 0.02548 0.07006 0.07006 0.08917 0.01911 0.01911 0.04459 0.03185 0.03185 0.00637 0.01274 0.10191
GNM12758                       0.08280 0.07643 0.04459 0.03185 0.00637 0.03822 0.10191 0.05096 0.00637 0.08917 0.05096 0.11465 0.02548 0.03822 0.02548 0.05732 0.03822 0.00637 0.02548 0.08917
GNM12763                       0.10828 0.07643 0.04459 0.04459 0.00637 0.02548 0.08917 0.04459 0.00637 0.08280 0.05732 0.12739 0.03822 0.03822 0.03185 0.03822 0.02548 0.00637 0.02548 0.08280
GNM12766                       0.10828 0.07643 0.03185 0.04459 0.00637 0.03185 0.08917 0.05096 0.01274 0.09554 0.07006 0.11465 0.01274 0.02548 0.03185 0.07006 0.03822 0.00637 0.01274 0.07006
GNM12841                       0.12102 0.07006 0.02548 0.04459 0.00000 0.05732 0.10828 0.05096 0.01274 0.06369 0.05732 0.07006 0.01274 0.03185 0.04459 0.03822 0.06369 0.00637 0.02548 0.09554
GNM12849                       0.09554 0.05732 0.05732 0.05096 0.00637 0.01911 0.07006 0.03822 0.01911 0.08280 0.07643 0.10191 0.01911 0.03822 0.05096 0.03185 0.05096 0.00637 0.02548 0.10191
GNM12869                       0.08917 0.07006 0.06369 0.05096 0.00000 0.01274 0.07643 0.03822 0.01274 0.07643 0.08917 0.09554 0.01274 0.03822 0.05096 0.02548 0.07006 0.00637 0.01911 0.10191
GNM12896                       0.10828 0.07006 0.06369 0.05096 0.00000 0.00000 0.07006 0.04459 0.01911 0.07643 0.10191 0.09554 0.01274 0.03822 0.04459 0.05096 0.03185 0.00637 0.01911 0.09554
GNM12897                       0.10828 0.07006 0.07006 0.05096 0.00000 0.00000 0.07006 0.04459 0.01274 0.08280 0.09554 0.09554 0.01911 0.03822 0.04459 0.05096 0.03185 0.00637 0.01911 0.08917
GNM12902                       0.08917 0.07643 0.06369 0.03185 0.01274 0.02548 0.08917 0.05732 0.01274 0.08917 0.08280 0.08917 0.01911 0.01274 0.03185 0.07643 0.02548 0.00000 0.03822 0.07643
GNM12903                       0.10828 0.09554 0.04459 0.04459 0.00637 0.01274 0.07006 0.05732 0.01274 0.11465 0.08280 0.06369 0.01911 0.03185 0.05096 0.03822 0.03822 0.01274 0.03185 0.06369
GNM12906                       0.12102 0.09554 0.04459 0.04459 0.00637 0.01274 0.07006 0.05732 0.01274 0.08917 0.08917 0.07006 0.01911 0.03185 0.05096 0.03185 0.02548 0.01274 0.03185 0.08280
GNM12907                       0.10191 0.10191 0.04459 0.03822 0.00637 0.01274 0.07643 0.05732 0.01911 0.11465 0.07643 0.05732 0.01911 0.03185 0.05096 0.04459 0.03185 0.01274 0.03185 0.07006
GNM12909                       0.10191 0.08917 0.04459 0.04459 0.00637 0.01911 0.07006 0.05732 0.01911 0.10828 0.07643 0.06369 0.01911 0.02548 0.05096 0.03822 0.03185 0.01274 0.03185 0.08917
GNM12915                       0.10828 0.07643 0.03822 0.03185 0.00637 0.00637 0.08280 0.04459 0.03185 0.09554 0.06369 0.10191 0.03185 0.02548 0.03185 0.05732 0.03185 0.01274 0.03185 0.08917
GNM10046                       0.10828 0.07643 0.04459 0.03185 0.00637 0.01274 0.08280 0.04459 0.03185 0.09554 0.06369 0.09554 0.03185 0.02548 0.03185 0.05732 0.02548 0.01274 0.03185 0.08917
GNM12918                       0.10828 0.07643 0.03822 0.03185 0.00637 0.00637 0.08280 0.04459 0.03185 0.08917 0.07006 0.10191 0.02548 0.02548 0.03185 0.05732 0.03185 0.01274 0.03185 0.09554
GNM12931                       0.10191 0.07006 0.04459 0.03822 0.00000 0.01911 0.08280 0.06369 0.02548 0.12739 0.09554 0.08280 0.01274 0.02548 0.05096 0.02548 0.03185 0.00637 0.03822 0.05732
GNM12938                       0.10191 0.08917 0.05732 0.03822 0.00000 0.01911 0.07643 0.05732 0.01274 0.10191 0.07006 0.07006 0.01911 0.02548 0.05096 0.03185 0.03822 0.00637 0.02548 0.10828
GNM12996                       0.10191 0.08280 0.05096 0.03822 0.00000 0.02548 0.07643 0.05096 0.01911 0.12739 0.07006 0.07643 0.01274 0.03185 0.05096 0.03822 0.02548 0.00637 0.03185 0.08280
GNM13018                       0.09554 0.08280 0.05096 0.03822 0.00000 0.02548 0.07643 0.05732 0.01911 0.12739 0.07006 0.07643 0.01274 0.03185 0.05096 0.03822 0.02548 0.00637 0.03185 0.08280
GNM13027                       0.10828 0.07643 0.05096 0.03822 0.00000 0.01911 0.07643 0.05732 0.01274 0.10191 0.08280 0.08280 0.02548 0.03185 0.05096 0.03822 0.02548 0.00637 0.02548 0.08917
GNM13046                       0.08280 0.07006 0.05732 0.03822 0.00000 0.01274 0.08917 0.04459 0.02548 0.08280 0.08280 0.08917 0.01911 0.04459 0.03822 0.05096 0.05096 0.00637 0.01274 0.10191
GNM13053                       0.07914 0.07194 0.05755 0.02878 0.00000 0.02878 0.08633 0.05036 0.01439 0.08633 0.09353 0.05755 0.04317 0.02878 0.03597 0.07194 0.03597 0.00719 0.01439 0.10791
GNM13074                       0.11465 0.07006 0.05096 0.03185 0.00637 0.01911 0.08280 0.03822 0.02548 0.08917 0.06369 0.10191 0.02548 0.02548 0.03822 0.05096 0.03185 0.00637 0.03822 0.08917
GNM10010                       0.11465 0.08917 0.04459 0.03185 0.00637 0.03185 0.07006 0.03822 0.02548 0.08917 0.06369 0.08280 0.02548 0.03185 0.03822 0.05732 0.04459 0.00637 0.03185 0.07643
GNM10014                       0.10828 0.07006 0.04459 0.03185 0.00637 0.02548 0.07643 0.03822 0.02548 0.08917 0.05732 0.10191 0.03185 0.02548 0.03822 0.06369 0.04459 0.00637 0.03185 0.08280
GNM13090                       0.11465 0.08280 0.04459 0.03185 0.00637 0.03185 0.07006 0.04459 0.02548 0.09554 0.05732 0.08917 0.03185 0.03185 0.03822 0.05732 0.03185 0.00637 0.03185 0.07643
GNM13118                       0.10828 0.08917 0.04459 0.03822 0.00637 0.01274 0.09554 0.05096 0.01274 0.08280 0.08280 0.07643 0.01274 0.03185 0.04459 0.04459 0.02548 0.01274 0.02548 0.10191
GNM13126                       0.10256 0.05769 0.07051 0.03846 0.00641 0.02564 0.08333 0.05769 0.01282 0.09615 0.05769 0.09615 0.03205 0.02564 0.03205 0.06410 0.03205 0.00000 0.03846 0.07051
GNM13128                       0.09615 0.05128 0.06410 0.06410 0.00641 0.01923 0.06410 0.05769 0.01282 0.08974 0.06410 0.10897 0.03205 0.02564 0.03205 0.06410 0.03205 0.00000 0.03846 0.07692
GNM13208                       0.10828 0.08280 0.04459 0.05096 0.00637 0.01911 0.06369 0.05096 0.02548 0.12739 0.08280 0.07006 0.01911 0.02548 0.05096 0.03822 0.03185 0.01274 0.03822 0.05096
GNM13210                       0.09554 0.07643 0.05096 0.03185 0.00000 0.01911 0.08917 0.05096 0.02548 0.10191 0.09554 0.07643 0.02548 0.02548 0.04459 0.05096 0.04459 0.00637 0.03185 0.05732
GNM12773                       0.07643 0.09554 0.05732 0.03822 0.00000 0.03822 0.07643 0.06369 0.01274 0.09554 0.08917 0.07643 0.01911 0.02548 0.03185 0.06369 0.05096 0.00637 0.02548 0.05732
GNM12769                       0.07643 0.05096 0.05732 0.05732 0.01274 0.01911 0.06369 0.05732 0.01911 0.10191 0.08280 0.11465 0.01911 0.01911 0.04459 0.05732 0.05096 0.00637 0.01274 0.07643

Homogeneity statistic: X2 = 9.16741 G = 9.21904 

Average                        0.09844 0.07443 0.05439 0.04604 0.00311 0.02306 0.07592 0.04938 0.01769 0.08521 0.08169 0.08729 0.01954 0.03317 0.04071 0.04847 0.04125 0.00731 0.02352 0.08937
(Ambiguity characters are used to calculate freqs.)


# constant sites:      7 (4.43%)

TREE #  1:  ((((((((42, 140), 125), (58, 89)), 90), 91), (((127, 128), (92, 57)), (126, 129))), ((((((119, 118), 121), 120), 139), (60, 41)), 136)), ((((((((((((((((((((43, 19), 45), (55, 56)), 48), (44, 84)), 53), (47, 46)), 22), (((68, 18), (21, 20)), 38)), ((((((((52, 50), 51), 49), 114), (16, 6)), (((54, (23, 35)), (7, 5)), (81, 17))), ((9, 66), 113)), 72)), 130), (((82, 71), 15), 83)), (((115, 70), 116), 36)), ((((75, 4), (69, 12)), 26), (13, 65))), (76, 37)), (80, 67)), ((((78, 40), 39), 131), (33, 11))), (((1, 77), 2), 34)), ((((31, 32), 29), (3, 27)), (((79, 10), 30), 28))), ((((((25, 24), 141), (63, 64)), 61), 142), (14, 62))), (((((((((((106, 104), 105), 95), 103), 94), (((102, 100), 108), 99)), ((((87, 8), 88), (85, 112)), 86)), (59, 73)), ((138, 137), (74, 117))), ((((((98, 97), 96), 111), 93), ((107, 109), 110)), 101)), ((((133, 134), 135), 132), ((124, 122), 123))));   MP score: -1
lnL(ntime:281  np:282): -13133.686825      +0.000000
 143..144 144..145 145..146 146..147 147..148 148..149 149..150 150..42  150..140 149..125 148..151 151..58  151..89  147..90  146..91  145..152 152..153 153..154 154..127 154..128 153..155 155..92  155..57  152..156 156..126 156..129 144..157 157..158 158..159 159..160 160..161 161..162 162..119 162..118 161..121 160..120 159..139 158..163 163..60  163..41  157..136 143..164 164..165 165..166 166..167 167..168 168..169 169..170 170..171 171..172 172..173 173..174 174..175 175..176 176..177 177..178 178..179 179..180 180..181 181..182 182..183 183..43  183..19  182..45  181..184 184..55  184..56  180..48  179..185 185..44  185..84  178..53  177..186 186..47  186..46  176..22  175..187 187..188 188..189 189..68  189..18  188..190 190..21  190..20  187..38  174..191 191..192 192..193 193..194 194..195 195..196 196..197 197..198 198..52  198..50  197..51  196..49  195..114 194..199 199..16  199..6   193..200 200..201 201..202 202..54  202..203 203..23  203..35  201..204 204..7   204..5   200..205 205..81  205..17  192..206 206..207 207..9   207..66  206..113 191..72  173..130 172..208 208..209 209..210 210..82  210..71  209..15  208..83  171..211 211..212 212..213 213..115 213..70  212..116 211..36  170..214 214..215 215..216 216..217 217..75  217..4   216..218 218..69  218..12  215..26  214..219 219..13  219..65  169..220 220..76  220..37  168..221 221..80  221..67  167..222 222..223 223..224 224..225 225..78  225..40  224..39  223..131 222..226 226..33  226..11  166..227 227..228 228..229 229..1   229..77  228..2   227..34  165..230 230..231 231..232 232..233 233..31  233..32  232..29  231..234 234..3   234..27  230..235 235..236 236..237 237..79  237..10  236..30  235..28  164..238 238..239 239..240 240..241 241..242 242..243 243..25  243..24  242..141 241..244 244..63  244..64  240..61  239..142 238..245 245..14  245..62  143..246 246..247 247..248 248..249 249..250 250..251 251..252 252..253 253..254 254..255 255..256 256..106 256..104 255..105 254..95  253..103 252..94  251..257 257..258 258..259 259..102 259..100 258..108 257..99  250..260 260..261 261..262 262..263 263..87  263..8   262..88  261..264 264..85  264..112 260..86  249..265 265..59  265..73  248..266 266..267 267..138 267..137 266..268 268..74  268..117 247..269 269..270 270..271 271..272 272..273 273..274 274..98  274..97  273..96  272..111 271..93  270..275 275..276 276..107 276..109 275..110 269..101 246..277 277..278 278..279 279..280 280..133 280..134 279..135 278..132 277..281 281..282 282..124 282..122 281..123
 0.028346 0.039747 0.016161 0.012700 0.000000 0.043926 0.017510 0.094592 0.081032 0.062954 0.048567 0.148224 0.054126 0.190129 0.174745 0.077114 0.000000 0.054447 0.012168 0.000000 0.064960 0.116527 0.055361 0.039299 0.052971 0.035486 0.029478 0.104504 0.081145 0.027160 0.000000 0.025018 0.056792 0.003288 0.060976 0.043493 0.087756 0.049417 0.190315 0.062690 0.228590 0.116805 0.021263 0.107515 0.054182 0.062963 0.015228 0.057863 0.128329 0.015194 0.017080 0.038346 0.028807 0.010527 0.025081 0.012371 0.033251 0.000000 0.041600 0.000000 0.005968 0.011762 0.006285 0.006239 0.017554 0.000000 0.000000 0.067592 0.020065 0.016376 0.034088 0.063858 0.023357 0.132925 0.026669 0.059567 0.024721 0.103573 0.008357 0.000000 0.000000 0.029476 0.000000 0.000000 0.045978 0.011483 0.083207 0.007231 0.028301 0.000000 0.000000 0.000000 0.000000 0.000000 0.000000 0.000000 0.000000 0.006097 0.000000 0.012195 0.012226 0.041388 0.000000 0.027080 0.142590 0.006281 0.007795 0.114615 0.000000 0.016687 0.007876 0.030791 0.006072 0.000000 0.057912 0.028820 0.005974 0.000000 0.031200 0.118987 0.080901 0.076464 0.013301 0.068337 0.010929 0.007141 0.026945 0.040654 0.080389 0.008041 0.016212 0.000000 0.000000 0.020651 0.032540 0.083198 0.025948 0.017967 0.026540 0.017954 0.005427 0.057787 0.005849 0.000000 0.167823 0.109244 0.007642 0.058337 0.129695 0.000000 0.000000 0.133066 0.000000 0.000000 0.025722 0.011653 0.182327 0.044777 0.049064 0.049036 0.069140 0.218240 0.198301 0.076906 0.102170 0.029376 0.025438 0.174271 0.023522 0.139628 0.185345 0.191655 0.086060 0.061529 0.000000 0.105562 0.000000 0.000000 0.171950 0.242122 0.009552 0.002734 0.061889 0.080235 0.028193 0.010106 0.020803 0.033962 0.271420 0.025764 0.075392 0.041268 0.048707 0.013343 0.017234 0.138178 0.087002 0.289058 0.066312 0.047296 0.027943 0.267579 0.280612 0.156760 0.157000 0.151913 0.097645 0.029305 0.098828 0.042072 0.152882 0.020484 0.000000 0.108068 0.147067 0.062488 0.000000 0.023923 0.005218 0.024626 0.124675 0.204690 0.228524 0.169151 0.036149 0.031046 0.218264 0.093518 0.144471 0.290995 0.309086 0.030615 0.015949 0.055990 0.149354 0.099185 0.137627 0.013358 0.096078 0.092199 0.100526 0.148002 0.083857 0.032196 0.238451 0.090428 0.034041 0.016558 0.133984 0.131635 0.078211 0.000000 0.000000 0.208270 0.035735 0.135993 0.044917 0.112862 0.020599 0.113495 0.022753 0.124495 0.138119 0.167619 0.131034 0.082373 0.077287 0.275661 0.230352 0.039767 0.104642 0.010971 0.015821 0.045201 0.015185 0.000000 0.084361 0.006267 0.023995 0.000000 0.005612 1.014713
