
Printing out site pattern counts


       157        118  P

GNM13746                        ---AAAADDD EEEEEEEEEE EEFFFFGGGG GGHHHHIIII IIIIIIKKKK KKKKKKKKKK KLLLLLLLLL MMMMMNNPPP PPPQRRRRRR RRRSSSSSST TTTTVVVVVV VVYYYYYY
GNM13538                        ---AQSSDEK AEEEEEEEPQ QSFFIVGGGG GGHHHNIIII KLLVVVEKKK KKKKLNQRRR TLLLLLLMVV LLMMMENPPP PPPPKRRRRR RRRFNSSSTG MTTTIIVVVV VVYYYYYY
GNM13671                        ---AAASDDK AEEEEEEEPQ QEFYLIGGGG GGHHHLIILV KLLIVVHKKK QQRRLEQKKR TIILLLLLIV IMMMMQKAPP PPTSLRRRRR RRTENGPTSY MRTTLNKVVV VVFRSYYY
GNM13876                        --YAAASDDK CDEEEEELPA QKLFLIGGGG GGHHHIIIII RLLIFVHKKK QRKTLKKKRR TLMLLLLLIV IMMMMTKAPP PPTSSRRRRR RRTENSSTSA MRTTVNITVV VVYRYHYY
GNM13680                        ---AQASDER AEEEEENEQN QLFFRIGGGG GGHHHIIIIV KLLIIVHKKR KRKKLDQKKR TLLLLLLLVL LILMMSPPNP PPTSRKKRRR RRKDNSSSSA MATTHNQAVV VVYYYHFY
GNM14837                        ---AQVSDEK VDEEEEAEPK ESFFIVGGGG GGHHHIIVIV KLLIIVNKKK KRKTVTDEKK TLLLLLLFIL FLLMMSLPNP PSTSRRRRRR RRLYSSSSSA LAPTKNSRVV VVYYYFYI
GNM14249                        ---AQVADEK VEEEEETEPK EAFFIVDGGG GGHHHIIIIV KLLIIVNKKK KKKRVTEEKK TLLLLLLFIL FLMMMNQPNP PTTSRRRRRR RRAYSSSSSA LAPTKNSRVV VVYYYFYI
GNM13928                        ---AQVSDEK VEEEEEAEPK ESFFIVGGGG GGHHHILVIV KLLIIVNKKK KRKTVTEEKK TLLLLLLFIL FLLMMNLPNP PTTSRRRRRR RRLYSSSSSA LAPTKNSQVV VVYYYFYI
GNM13297                        ---AQSSDEK AEEEEEEEPQ QSFFIVGGGG GGHHHNIIII KLLVVVEKKK KKKKLNQRRR TLLLLLLMVV LLMMMENPPP PPPPKRRRRR RRRFNSSSTG MTTTIIVVVV VVYYYYYY
GNM14865                        ---AQQADDT LDEEEEQARE EDFFLFGGGG GGHHHLIIII KLLIPTAKQR HSSQLTQKQG TLKILLLLAV ALMFMEEAPP PPTEERRRRR RRTETSSTTK MQTTLREEVV VVFYFYYY
GNM13455                        ---AQVSDEK LEEEEELEPK ESFFIVGGGG GGHHHILIIV KLLIIVNKKK KRKKVTDEKK TLLLILLFIL FLMMMNQPNP PSTSRRRRRR RRLYSSSSSA LAPTKNSTIV VVYYYFYL
GNM14938                        ---AQASDDK AEEEEEEEPE QKFFLIGGGG GGHHHIIIIV KLLIVVAKKR QRKVTKQKRR TLMLLLLLVF IMMMMQKPPP PPTSRRRKRR RRTENSSTSY MRTTLNVVVV VVFRYHYY
GNM14483                        ---SAVSDEK AEEEEEEEPA EAFFLIGGGG GGHHRIVVII KILIILGKKK KKKKLNSDRK TLLLLLLLAL LTMMMSEPPP PPTSRRRRRR RRRSNSSSSI MTSTINAVVV VVFYYHYR
GNM14872                        ---AQAADER IEEEEEAEAN QLFFRIGGGG GGHHHIIIIV KLLVIVNKKR KRKRLDQKKR TLLLLLLLIL LILMMSPPNP PPTSRKKRRR RRKDNSSSSA MATTPNQAVI VVYYYHFY
GNM13855                        ---SQASDER LDEEEETEST QLFFRVGGGG GGHHHIVILV KFLVIYLKKK KRKRLDQDKR TLLLLILLLL MILMMKPPNP PPTSRKKRRR RRKDNSSSSA MASTGNQVVI VVYYYHFY
GNM14445                        ---AQVSDEK IEEEEQEAAQ QQFFLIGGGG GGHHHIVIII KLLVILHKKR KKKKLNNERQ TLLLLLLMLF LIMLMAQPPP PPTSRRRRRR RRKYNSSSSA VTNTINVIVV VVYYYHYY
GNM14404                        ---AQVSDDI CSEEKKTEPE QLFFLIGGGG GGHHHPIIIV KLLIVVHKHK QPKTLTRRNR TLMLLILLIF ISMMMEKPPP PETSVRRRRR RRVKDSGSSA MATTWNKVVV VVFYYYYY
GNM14545                        ---AQVSDDI CSEEKKTEPE QLFFLIGGGG GGHHHPIIIV KLLIVVHKHK QPKTLTRRNR TLMLLILLIF ISMMMEKPPP PETSVRRRRR RRVKDSGSSA MATTWNKVVV VVFYYYYY
GNM14366                        ---AAVADEK IDEEEPTEPK QLFFIVGGGG GGHHHRIIIV KLLIVVNKKK KRKTVTQEKK TLLLILLFIL FLMMMNEPPP PPTSRRRRRR RRDYSSSSSD LAPTLNQVVV VVYFYFYI
GNM14252                        ---AQVADEK VEEEEELEPK EAFFIVDGGG GGHHHIIIIV KLLIIVNKKK KKKRVTEEKK TLLLLLLFIL FLMMMNQPNP PTTSRRRRRR RRSYSSSSSA LAPTKNSKVV VVYYYFYI
GNM13760                        ---AQVSDEK VEEEEENEPK EAFFIVGGGG GGHHHIIVIV KLLIIVNKKK KRKTVTDEKK TLLLLLLFIL FLMMMSLPNP PTTSRRRRRR RRLYSSSSSA LAPTKNSRVV VVYYYFYI
GNM13982                        -N-AQASDDK QEEVEEGAPE EEVFIIGGGG GGHHHIIIIV KLIVIINKKK KRKGTKQEKK TLLLLLLLIL FNLMMKAPNP PATPKKRRRR RRSYDSSSSA LATTTNNKVI VVYYYFFK
GNM13960                        ---AAVADEK LKEQEETEPK EAFFIVGGGG GGHHHIIVIV KLLVLVNKKN KRKTVTEEKK TLLLLLLFIL LLLMMEKPPP PTTPRRRRRR RRTYSSSSST LASTQNSVVV VVYYYFYL
GNM14633                        ---AQASDEK QEEVEEGQPE EDFFIIGGGG GGHHHIIIIV KLIVIINKKK KRKGLKQEKK TLLLLLLLIL FNIMMKTPNP PATSKKRRRR RRSYDSSSSA LASTTNNRVI VVYYYFFK
GNM14853                        ---AQASDEK QEEVEEGQPE EDFFIIGGGG GGHHHIIIIV KLIVIINKKK KRKGLKQEKK TLLLLLLLIL FNIMMKTPNP PATSKKRRRR RRSYDSSSSA LASTTNNRVI VVYYYFFK
GNM14174                        ---AQASDDQ VSEEEEQEPE SKFFLIGGGG GGHHHIIIII ILLIIVSKKK QPKKAQQKRK TLMLLLLLMF IMMMMGNPPP PPTSRRRRRR RRMENSSSSA MTDTLNRVVV VVFYYHYH
GNM14138                        ---AQASDDK AEEEEEEEPE ERFFLLGGGG GGHHHIIIVI TLLVIVLKKK QPKAVMQNRK NLMLLLLLIF IMMMMGKPPP PPTSRRRRRR RRSENSSSTS MSSTMNRTII VVFYYHYH
GNM14055                        ---SAVADEK IKEEEQNKPK ETFFIVGGGG GGHHHIIVIV KLLIIVNKKK KRKTVTNEKK TLLLVLLFIL LLLMMGAPPP PTTSRNRRRR RRAFSSSSSA LASTENNMVV VVYYYFYL
GNM14748                        ---AQVSDEK LEEEEETEPK EAFFIVDGGG GGHHHIIIIV KLLVIVNKKK KKKTVTDEKK TLLLLLLFIL FLTMMNLPNP PTTSRRRRRR RRQYSSSSSA LATTKNQRVV VVYYYFYL
GNM14246                        ---AQASDDK TKEEDEEESE EKFFLIGGGG GGHHHIIIII VLLIVVLKKR QPKTVLQSRK TLMLLLLLIF IMMMMSRPPP PPTSRRRRRR RRMENSSSSA MTTTLNKTAV VVFYYHYY
GNM14640                        ---AQASDDR ADEEEEEEAE EMFFLVGGGG GGHHHIIIVI VLLIVVLKKK QPKTVQQNRK TLMLLLLLIF IMIMMSRPPP PPTSRRRRRR RRTENSSSSA MSTTINKTVV VVFYYHYH
GNM14965                        ---AVAADER VEEEEENEAA QLFFRVGGGG GGHHHIIILV KLLIIVKKKK KRRKLDQEKR SLLLLLLLIL IILMMTPPNP PATSRKKRRR RRKDNSSSSA MASTPNQFVI VVYYYHFY
GNM13677                        --YAAASDDK CDEEEEELPA QKLFLIGGGG GGHHHIIIII KLLIFVHKKK QRKTLKKKRR TLMLLLLLIV IMMMMTKAPP PPTSSRRRRR RRTENSSTSA MRTTINITVV VVYRYHYY
GNM14339                        ---AQSSEDK AQEEEEQIPR QKFFLIGGGG GGHHHIIIIV KLLIVVHKKR QRKTLKLKRR TLMLLLLLIL ITMMMENPPP PPTPRRRKRR RRTENSSTSY MRTTLNQIVV VVFRYHYY
GNM14593                        ---AAASDDK ADEEEEEEPQ QEFFLIGGGG GGHHHIIILV KLLIVVHRKK QQKRLEQKKR TLLLLLVLIV IMMMMQKAPD PPTSLRRRRR RRTENSTTSY MRTTLCKIVV EVFRYYYY
GNM13825                        ---AQASDDR AEEEEEEAPE QKFFLIGGGG GGHHHIIIIV ALLIVVAKKR QRKVMRQKRR TLMLLLLLVF IMMMMQKPPP PPTSKRRKRR RRTENSSTSY MRTTLNVVVV VVFRYHYY
GNM14768                        ----Q-SDDN AE-E---E-Q EEF-LIG--- -G-H---II- RL--V-H--K Q---LMRKRR TL-LLL-LVF IMMM-QK-P- P--SLRR-RR RRTE----SA M-TTL---VV -----YYY
GNM14776                        ---AQASDDN AEEEEEEEPQ EEFFLIGGGG GGHHHLIIIV RLLIVVHKKK QQKKLMRKRR TLMLLLLLVF IMMMMQKAPP PPTSLRRRRR RRTENSSTSA MKTTLCKIVV VVFRYYYY
GNM14715                        ---AAVSDEK AEEEEEEEPA EAFFLIGGGG GGHHRIIIII KLLIILAKRK KKKKLNNDRK TLLLLLLLAL LTMMMSEPPP PPTSRRRRRR RRRTNSSSST MTTTINVVVV VVYYYHYK
GNM14639                        ---AMASDEK AEEEEEEEPT QKFFLIGGGG GGHHHIIILI KLLIIVHKKR KKKKLNQDRK TLLLLLLLVF IYMMMTSPPP PPTSMRRRRR RRKVNSSSSL MTTTLNVVVV VVFYYHYY
GNM13795                        ---AQVSDEK LEEEEENEPK EAFFIVGGGG GGHHRIIIIV KLLVIVNKKK KKKTVTDEKK TLLLLLLFIL FLTMMNLPNP PTTSRRRRRR RRQYSSSSSA LATTKNQRVV VVYYYFYL
GNM14166                        ---AAVSDEN LEEEEEVEPN EAYFLIGGGG GGHHHLIVIV KLLVIVHKKK KRKRITKEKK TLLLLLLLVL FLMFMAKPPP PPTSRRRRRR RRKYSSSSSA VAQTINVKVT VVFYYYYL
GNM13993                        ---AQASDEI SKEEESESPE EDFFLIGGGG GGHHHIVLII KILIIVHKKR KKKKLSQQDK TLLLLLLVVF LLMMMSKPPP PPTSKRRKRR RRKKTSSSSL LTSTMNQVVL VVYYYYYH
GNM14450                        ---SQVADDN LQEEDEEEPS ENFFIIGGGG SGHHHMIIIV KLLIIFHKKK KRKKVSQEKK TLLLVLLFIL LLMMMASPPP PQTSRRRRRR RRNYNSSSSV LTSTLNVTVV VVYYYHYH
GNM13515                        ---SQVSDDK QEEKEETGPK EAFFVLGGGG GGHHHILVIV KLIIIVHKKK KRKTVKQEKK TLLLILLLIL FNIMMKEPNP PTTPKRRRRR RRDYSSSSST IASTLNSTVV VVYYYFYM
GNM13745                        ---AQASDDQ SDEEEAELPE QDFFLIGGGG GGHHHIVLII KLLIIVHKKR KKKKLSQEKK TLLLLLLFLL LLMMMKKPPP PPTSKRRKRR RRKNNSSSSA LTSTMNSIVL VVYYYYYH
GNM14030                        ---AQASDEK SEEEETEDAE DEFFLIGGGG GGHHHIILII KLLIIVHKKR KKKKLSQENK TLLLXLLXIF XXXMMKKPPP PPTSKRRKRR RRKNTSSSSA LTSTMNQKVL VVYYYYYY
GNM14959                        ---AQAADEK AEEGTWTEPE EKFYLIGGGK GGHHHIIILL KFLIIVAKIK HIKSLMSKRK TLLLLISLVF IMMMHKKPPA PPTSRRRRRR RRRENTSTSA METTFSQLVV IVFYHYYF
GNM13413                        ---AQSADDA VEEKEEKAPD ERFFLIGGGK GGHHHPIVIL KLLIVVAKKK QKKSLKLKRR TLRLLLMLIL VMMMMNVPPA PPTSIRRRRR RRKENSATSI METTLTTVVV VVFYFYYK
GNM15005                        ---AAVADEK LKEQEETEPK EAFFIVGGGG GGHHHIIVIV KLLVLVNKKN KRKTVTEEKK TLLLLLLFIL LLVMMEKPPP PTTPRRRRRR RRTYSSSSST LASTQNSVVV VVYYYFYL
GNM14992                        ---AAVADEK LKEQEETEPK EAFFILGGGG SGHHHIIVIV KLLVLVNKKN KRKTVTEEKK TLLLLLLFIL LLLMMEKPPP PTTPRRRRRR RRTYSSSSST LASTQNSVVV VVYYYFYL
GNM14994                        ---AQVSDEK LAEEEENEPK DSFFIVGGGG GGHHRIIVIV KLLIIVNKKK KKKTVTDEKK TLLLLLLFIL FLTMMNLPNP PTTSRRRRRR RRNYSSSSSA LASTKNQRVV VVYYYFYL
GNM15013                        N--ATVADEK LKE-EETEPK EA-FIVGGGG GGHHTII-IV KLLILVNKKN KRKTVTEEK- TFLLLLLFIL LLLMMEKPPP PTTSRVRRRR RR-YSSSSST LATTQNSVVV VVYIYF-Y
GNM15014                        ---AAVADDK LKEQEETEPK ETFFIVGGGG GGHHHIIVIV KLLILVNKKN KRKTVTEEKK TLLLLLLFIL FLLMMEKPTP PTTPRRRRRR RRTYSSSSST LASTQNSVVV VVYYYYYL
GNM14976                        ---AAVADEK LKEQEETEPK EAFFIVGGGG GGHHHIIVIV KLLVLVNKKN KRKTVTEEKK TLLLLLLFIL LLVMMEKPPP PTTPRRRRRR RRTYSSSSST LASTQNSVVV VVYYYYYL
GNM14995                        ----A-ADE- LE-----E-K ED--M-G--- -G-H---II- KL--I----K K----TAEK- -L-FLL-FML FNIM-NK-T- P--PRHR-RR RRMY----S- V-STK----V ------YL
GNM15017                        ---AVVADE- LEEEEQTEPK EDFFMVGGGG GGHHHIIIIV KLLVIIHKKK KRKTVTAEKK TLLLLLLFML FNIMMNKPTP PLTPRHRRRR RRTYSSSSS- VASTKNNVIV VVYYYFYL
GNM14999                        ---AIVADDK LKEEEETGPK EAFFIVGGGG SGHHHIIIIV KLLVIVNKKN KRKTTTEEKR TLLLLLLFIL LLLMMEKPPP PSTPRRRRRR RRTYSSSSST LAPTQNSVVV VVYYYYYL
GNM15018                        ---AQVADEK VEEEEETEPK EAFFIVDGGG GGHHHIIIIV KLLIIVNKKK KKKRVTEEKK TLLLLLLFIL FLMMMNQPNP PTTSRRRRRR RRSYSSSSSA LAPTKNQRVV VVYYYFYI
GNM15025                        ---AAVADEK LKEEEENDSN EAFFIVGGGG GGHHHIIIIV KLIIIVNKKK KRKTATEEKK TLLLLLLFIL LLLMMSKPPP PPTSRRRRRR RRTYSSSSSS LASTNNTVLI VVYYYFYL
GNM14980                        ---AQVADEK VEEEEETEPK EAFFIVDGGG GGHHHIIIIV KLLIIVNKKK KKKRVTEEKK TLLLLLLFIL FLMMMNQPNP PTTSRRRRRR RRSYSSSSSA LAPTKNQRVV VVYYYFYI
GNM15000                        ---AQVADEK VEEEEETEPK EAFFIVDGGG GGHHHIIIIV KLLIIVNKKK KKKRVTEEKK TLLLLLLFIL FLMMMNQPNP PTTSRRRRRR RRSYSSSSSA LAPTKNQRVV VVYYYFYI
GNM15026                        ---AAVADEK LKEEEETEPD EMFFIIGGGG SGHHHIIIIV KLLILVNKKK KRKTVTEEKK TLLLLLLFIM LLLMMNKPPP PTTSRRRRRR RRTYSSSSSA LAETKNSTVV VVYYYFYL
GNM15001                        ---AQVADEK VEEEEETEPK EAFFIVDGGG GGHHHIIIIV KLLIIVNKKK KKKRVTEEKK TLLLLLLFIL FLMMMNQPNP PTTSRRRRRR RRSYSSSSSA LAPTKNQRVV VVYYYFYI
GNM15027                        ---AIVSDER AEEEEETEPS QAFFLIGGGG GGHHHIIIII KLLIPLHKKK KKKKLNQERR TLLLLLLLVL LFMMMNMPPP PPTSRRRRRR RRKYNSSSSA MTTTLNVVVV VVFYYHYY
GNM11003                        ---AQASDDR VDEKEEQEEE EKFFLFGGGK GGHHHIVIIL RLLIVFGKKK QKKVLTIKRQ KLLLLLMLIF VMMMMNKPPA PPTPRRRRRR RRKENSSTSM LESTLTEVVV LVFYFYYK
GNM11023                        ---AQSADER VEEKEEKLPE EKFFLIGGGK GGHHHPIIIL KLLIVVAKKR QIRVLLLKRK TLLLLLSFVL AIMMMKRPPA PPTDQRRRRR RRRENSSTSI METTLTQIVV VVFYHYYR
GNM11055                        ---AEAADE- CEEDEEERRE EKFFLVGGSG GGHHHLIVAV KLLIVVFKKR EFRKKKQKRR VLKILLLLLL ALMMMKKPPP PPTPERRRRR RRKENSSTKK MGTTLRKVVV VEFRYHYY
GNM11146                        ---AQAADNK CDENTWPEPE EKFYLIGGGK GGHHHIIIVL QLLIIVFKIR HIKSLKMKRK TLLLLLALIF IMMMHKKPPA PPTPRRRKRR RRKENTSTTA METTFTQIVV IVFYHYYF
GNM11220                        ---AAASDDI CEEETEKEPH EKFFLIGGGG GGHHHYIIII VLLIVVGKKK QRKTLLRKRR TLMLLLLLVF IIMMMKSPPP PPTPSRRRNR RRRENSSSSA MSTTLNITVV VVFRYYYY
GNM11222                        ---AAASDDK CPEVEEKEPE EEFFLLGGGG GGHHRIIIII KLLVIVGKKR HRKAVLERRK TLMLLLLLIF VMMMMKKPPP PLTPRRRRKR RRTENSSSKV MAPTFCMIVV VVFRYHYI
GNM11223                        ---AQAADDK VEEEDEEEPE QRFFLIGGGG GGHHHIIIII KLLIIVMKKK QPKKVRQKRR VLMLILLLIF IMIMMNDPPP PPTSRMRRRR RRRENSSSSV MTTTLNKVVV VVFYYHYY
GNM11224                        ---AQAADDK AEE-DEEEPE RR-FLIGGGG GGHHHIIIII KLLIIVMKKK QPKKTRQNR- VLMLLLLLVF IMIMMSEPPP PPTSRMRRRR RR-ENSSSSA MTTTLNKVVV VVFYYH-Y
GNM11225                        ---AQASDDK AEEEEENEPE EMFFLIGGGG GGHHRIIIII KLLIIVHKKK QPKRMLRRRR TLMLLLLLIF IMVMMNEPPP PPTSRRRRRR RRMENSSSSA MTTTVNKVVI VVFYYHYY
GNM11358                        ---SQASDER LEEEEEVEST QLFFRVGGGG GGHHHIIILV KFLVIYLKKK KRKKLDQDKR TLLLLILLLL MILMMKPPNP PPTSRKKRRR RRKDNSSSSA MASTGNQVVI VVYYYHFY
GNM11360                        ---AQVSDEK LEEEEELEPK ESFFIVGGGG GGHHHILIIV KLLIIVNKKK KRKKVTDEKK TLLLILLFIL FLMMMNQPNP PSTSRRRRRR RRLYSSSSSA LAPTKNSTIV VVYYYFYL
GNM11362                        ---AIASDEK LQEEEEERPE EAFFLIGGGG GGHHHIIIVI KLLIPVHKKK RPKKLKQEKK TLLLILLLLL IMMMMENPPP PPTSLRRRRR RRRNNSSSTA MTTTLNKVIV VVYYYAYR
GNM11367                        -N-AQASDDK QEEVEEGAPE EEVFIIGGGG GGHHHIIIIV KLIVIINKKK KRKGTKQEKK TLLLLLLLIL FNLMMKAPNP PATPKKRRRR RRSYDSSSSA LATTTNNKVI VVYYYFFK
GNM11377                        ---AQAADER IEEEEEAEAN QLFFRIGGGG GGHHHIIIIV KLLVIVNKKR KRKRLDQKKR TLLLLLLLIL LILMMSPPNP PPTSRKKRRR RRKDNSSSSA MATTPNQAVI VVYYYHFY
GNM11380                        ---AAVSDEK LEEEEETEPK ESYFLIGGGG GGHHHRIIIV KLLVIVHKKK KRKRLTQEKK TLLLLMLLVL FLLFMGEPPP PQTSRRRRRR RRKYSSSSSA VAATLNILVV VVFYYYYL
GNM11383                        ---AAVADEK IDEEEQTEPK QLFFIVGGGG GGHHHRIVIV KLVIIVNKKK KRKTVTQEKK TLLLILLFIL FLMMMNEPPP PPTSRRRRRR RRDYSSSSSE LAPTLNVIVV VVYYYFYI
GNM11491                        ---AQVSDDR LEEKEEERPS EDFFIVGGGG GGHHHIIVIV KLLIIVNKKK KRKTVTEEKK TLLLLLLFIL FLMMMSRPNP PTTPRRRRRR RRESSSSSSA LAPTANSRVT VVYYYFYK
GNM11804                        ---AEAADE- CEEEEEEKRQ EKFFLVGGSG GGHHHQIIAV KLLIVVYKKR EFKKKKQKRR VLKLLLLLLI ALMMMKEPPP PPTTERRRRR RRRENSSTKK MGTTLRKVVV VEFRYHYY
GNM11805                        ---AVAADPK VEEESEEDKE EGFYFIGGSG GGHHHPIILV KLLIIFEKTK QEKKKNEDLR KLKYLLLFLL LLMFMQEPPP PPTEQRRRRR RRSQNSSTSD VGTTIRKLLV LVFYFYYK
GNM12883                        ---AQASDER VEEEEENEQN QLFFRIGGGG GGHHHIIILV KLLIIVHKKR KRKKLDQKKR TLLLLLLLVL LILMMTPPNP PPTSRKKRRR RRKDNSSSSA MATTPNQFVV VVYYYHFY
GNM12886                        ---A-A-D-R C-E-EEIEQ- -L-FRIGGGG G-HHHIIILV KLLIIVHKKR KRKKL--KK- TLL---L-V- ---MM--P-P PPT-R--R-- -R-DNSSS-A MA-T-NQAVV VVYYYH--
GNM12895                        ---SQVADDN LQEEDEEEPS ENFFIIGGGG SGHHHMIIIV KLLIIFHKKK KRKKVSQEKK TLLLVLLFIL LLMMMASPPP PQTSRRRRRR RRNYNSSSSV LTSTLNVTVV VVYYYHYH
GNM13060                        ---AAAADDD EEEEEEEEEE EEFFFFGGGG GGHHHHIIII IIIIIIKKKK KKKKRKKKKK KILLLLLLLL MMMMMNNPPP PPTQRRRRRR RRRSNSSSSN TTTTIVVVVV VVYYYYYY
GNM13061                        ---AAAADEK EEEEEEEETE EEFFIIGGGG GGHHHHIIII VFLIIVMKKK KKKKKMNKRK KLLLLLLLLL FYLMMRNPPP PPPSRRRRRR RRRNSSSSSG ITTTLVVVVV VVYYYYYY
GNM13062                        ---AAVSDEK ADEEEEEEPA EAFFLIGGGG GGHHRIVIII KLLIILSKRK KKKKLNNDRK TLLLLLLLAL LTMMMSEPPP PATSRRRRRR RRKTNSSSSK MTSTLNVVVV VVYYYHYK
GNM13064                        ---AQASDEI SKEEESESPE EDFFLIGGGG GGHHHIVLII KILIIVHKKR KKKKLSQQDK TLLLLLLVVF LLMMMSKPPP PPTSKRRKRR RRKKTSSSSL LTSTMNQVVL VVYYYYYH
GNM13066                        ---AQASDDN SKEEESEEPE ENFFLIGGGG GGHHHIVLII KILIIVHKKR KKKKLTQQDK TLLLLLLVIF LLMMMSKPPP PPTSKRRKRR RRKKTSSSSL LTSTMNQVVL VVYYYYYY
GNM11032                        ---AQASDDR AQEEEEELPQ QKFFLIGGGG GGHHHIIIIV KLLIIVWKKR QRKVLRTKRR TLMLLLLLIL IMMMMEKPPP PPTPRRRKRR RRTENSSTSY MRTTLNVVVI VVFRYHYY
GNM11034                        ---AQASDDK ADEEEEEEPE QKFFLIGGGG GGHHHIIIIV KLLIVVAKKR QRKVMKLKRR TLMLLLLLVF IMMMMQKPPP PPTSRRRKRR RRTENSSTSY MRTTLNVVVV VVFRYHYY
GNM11363                        ---AIASDEK LQEEEEERPE EAFFLIGGGG GGHHHIIIVI KLLIPVHKKK RPKKLKQEKK TLLLILLLLL IMMMMENPPP PPTSLRRRRR RRRNNSSSTA MTTTLNKVIV VVYYYAYR
GNM11375                        ---AQVSDEK VEEEEENEPK ESFFIVGGGG GGHHHIIIIV KLLIIVNKKK KRKTVTDEKK TLLLLLLFIL FLLMMSLPNP PTTSRRRRRR RRLYSSSSSA LAPTKNSRVV VVYYYFYI
GNM11381                        ---AAVADEK IDEEEQTEPK QAFFIVGGGG GGHHHRIVIV KLIIIVNKKK KRKTVTQEKK TLLLLLLFIL FLMMMNEPPP PPTSRRRRRR RRDYSSSSSD LAPTLNVVVV VVYFYFYI
GNM11382                        ---ASVADEK IAEEEPTEPK ELFFIIGGGG GGHHHRIVIV KLIIIVSKKK KRKTVTQEKK TLLLILLFIL FLMMMNEPPP PTTSRRRRRR RRDYSSSSSD LAPTLNVVVV VVYHYFYI
GNM11841                        ---AQQADEG LDEENEKERE EEFFLFGGGG GGHHHLVVII KLLLPVAKQR KSSELVQKRG TVKILLLLAV ALMMMEEAPP PPTEHRRRRR RRSEDSSTSA MQTTLREEVV VVFYFHFH
GNM11931                        ---AQQADEG LDEEEEEARD EEFFLFGGGG GGHHHLVVII KVLIPVAKQR HSSQLTQERG TLKILLLLAV ALMFMEEAPP PPTSHRRRRR RRTETSSTTS MQDTLREEVV VVFYFYYH
GNM12040                        ---AQQADED LDEESERERD EDFFRIEGGG GGHHHLIIII KLLIPVAKQR QSTEKEQTRG TLKILLLLVI TLMFMAAAPP PPTSQRRRRR RRTSNSSTTA MQTTLREEVV VVFYFYYH
GNM12071                        ---AQHADDD LDEESEQERE ESFFLFGGGG GGHHHLVIII KLLIPVSKHR QTSEVVQKRK TLKILLLLVV AVMFMEEAPP PPTDQRRRRR RRAENSSTSR MQSTLREEVV VVFFFYYH
GNM12125                        ---AQSADDR VEEKEEKWPQ EKFFLIGGGK GGHHHPIIVL RLLIIVAKKK QQKTLLLKRK TLLLLLLLIF IMMMMAKPPA PPTPRRRRRR RRRENTSTSA METTLCQIVV VVFYHYYY
GNM12126                        ---AQSADDR VEEKEEKEPD EKFFLIGGGK GGHHHHIIIL RLLIVVEKKR QVAVLKLKLK TLLLLLALVF ILMMMEEPPA PPTPRRRRRR RRRINSSTSA METTLTKVVV VVFYFYYK
GNM12128                        ---AAASDDR VEEKEEREPE EEFYLIGGGK GGHHHIIIIL RLLIIVAKKK HQKVLMLKIK TLLLLLLLIL VMMMMEKPPA PPTSRRRRRR RRRINTSTTA METTFTKIVV VVFYFFYK
GNM12182                        ---AQSASDR VEEKQEQEED EKFFIFGGGK GGHHHIVIIL TLLIVFAKKK EKQVLRLKRK KLLLLLMLIF IMMMMNKPPA PPPPRRKRRR RRRENSSTSI LESTLIEVVV MVFYFYYK
GNM12342                        ---AQSADRR CEEEEEKMEE EKFFAFGGGG GGHHHLVIIM KLLIVVGKKR QPKTLLQKKI TTMLLLILIF ALMMMQKPPP PPTPKRRRRR RRRDNSSTTA FATTLRQVVV VVFYFYYY
GNM12346                        ---AQAADNE LAEEEEENAQ EAFWLFGGGG GGHHHLTIII KLLVIVEKKK HSHTVKKAKE TLKILMLLVV AMLMMKAAPP PPTDQRRRRR RRTENSGTKG MSTTIRSKIV VVFYYHYL
GNM12351                        ---AESANEK FAEEEEEQKD QDYFLLGGGG GGHHHPIIVV GVFIIIEKKR QRNMKRQQRG NFKILLLLFF AFMMMEEAPP PPTSKRRRKR RRTENSSTSG MSTTVRSVVI VVYRFYFK
GNM12356                        ---AQAADKR CGEEEEKMEK EKFFVFGGGG GGHHRPLIIM KLLIVVGKKR QVKVLKQKKV PTMMILIVIF MIMMAEEPPP PESPRKKRRR RRKENSGTSA FSTTLRQIII VVFFFYYF
GNM12357                        ---AQASDKR CEEEEEKMEK EKFFVFGGGG GGHHRPLIIM KLLVVIGKKR QVAVLAQKKV TTMMILIVIF MIMMTEEPPP PETPRKRRRR RRKENSGTTA FSTTLRQKII VVMFFYYF
GNM12366                        ---AQAADKR CPEEQEKMEK EKFFVIGGGG GGHHRPLIIM KLLLVISKKR QIGVLSQKKV TTMMILIVIF IIMMTEEPPP PETPRKRRRR RRKETSGTTA FSTTLRQKII VVMFFYYF
GNM12373                        ---AAASSD- SEEEEEEANE QEYFRVGGGG FGHHHLIIVI DVFVIVAKKR EKKPKLKKAE NLKVILLMIL LMMMGAAAPP PVTSEHRKGR RRTESSSTKG MSNTIRTIIV VVFYYYYY
GNM12385                        ---AAAADSD LAEEEEEAKE DSFFLIGGGG FGHHHLIIII KLLVIVEKKR HRRQRDQDRE SMKFLLLMLL LLMMAQPAPP PPTAERRRRR RRTENSSTKG MSSTVRAQIV VVFYYHYY
GNM12551                        ---AQAADER CGEEEEKREE ERFFLIGGGG GGHHHKIIII KLLIIVAKKR HTKELKMKRV TLLLLLLLVF IIMMMKE-PP PPTPKRRRRR RRRENSSTSA M-TTLREKVV VVFYFYYY
GNM12554                        ---AAAAESD LDEEEEEEKE EGFFLIGGGG FGHHHLFVII TLLVIVEKKR ERKQKNKKRE SMKFLLLMIL ILMMSAPAPP PPTGERRRRR RRTENSGTKG MSKTIRTLII VVFYYYYY
GNM12592                        ---AQASDE- LSEETEEARE EAFFMVGGGG GGHHHLIVAV KFLIIVEKKK HRAIKRAKRE VLKLLLLLLI ALMMMKEAPP PPTRRRRRRR RRTENSSTTR AARTVRIQIV VVYYFHYY
GNM12596                        ---AEASDE- HSEEGEDHSE EEYFLIGGGG GGHHHPLIIV KVFVIVEKKR QRSQKKQEKG TLKLLLLLFF ALLMMEEAPP PPTSKRRRRR RRTENSSTSG MSTTVRSVII VVFRFHYK
GNM12602                        ---AEASDE- HSEEGEDHSE EEYFLIGGGG GGHHHPLIVV KVFIIVEKKR QRSQQKQEKG TLKILLLLFF ALLMMEEAPP PPTSKRRRRR RRTENSSTSG LSTTVRSVII VVFRFHYK
GNM12665                        ---AEASDE- HSEEEEEHNE EEYFLIGGGG GGHHHPLIIV KVFIIVEKKR QRSQIKQEKG ALKILLLLFF ALLMMEEAPP PPTSKRRRRR RRTENSSTSG MSTTVRNVVI VVFRFHYK
GNM12745                        ---AQASDDK CEEIEETDEE EKFFLFGGGG GGHHCQIVIM KVFIIVGKQK QRGQYKQKEK TLMLLLLLMV ILMMMEEPPP PPTSERRRRR RRKNNSSTSV MDTTLRQVIV VVFYFYFY
GNM12749                        ---AAASDEG QDEEEEESRD ESFFLIGGGG FGHHHLLIII KLLVIVEKKR ERRQRLRDRE ELKVVLLMIL LLMMSAPAPP PPTSEHRRRR RRTENSSTKN MSKTIRTIII VVFYFYYY
GNM12758                        ---AQASDDK CEEEEEKEED EKFFLFGGGG GGHHCPIVIM KVFIIVGKKR QKKQMKQKRK TLMLLLLFIV ILMMMEKPPP PPTPKRRRRR RRRENSFTSI MDTTLREVIV VVFYFHYY
GNM12763                        ---AQASDDK CEEEEEKEKK EKFFLFGGGG GGHHHPIIIM KVLIIVGKKK HKKKLKQKRR TLMLLLLFIV ILMMMKKPPP PPTPKRRRRR RRMENSSTSY LDKTLREVVV VVFYFYYY
GNM12766                        ---AQSADKR CEEEEEKMEE EKFFAFGGGG GGHHHLVIIM KLLIIVGKKR QPKTLLQKKG TTMMLLILIF ILMMMQKPPP PETPRRRRRR RRRDNSSTSA FSTTLRQVVV VVFYFYYY
GNM12841                        ---AQQADDG LDEESEEDRE EEFFLFGGGG GGHHHLVIII KLLIPVAKQR QSTELKQERG TLKILLLLAV ALMFMEEAPP PPTEERRRRR RRTRNSSTTA MQTTLREEVV VVFYFYYH
GNM12849                        ---AQVSDEK SEEEEELEPK DSFFIVGGGG GGHHHIIIIV KLLIIVNKKK KRKKVTDEKK TLLLILLFIL FLMMMNLPNP PTTSRRRRRR RRLYSSSSSA LAPTKNQTIV VVYYYFYL
GNM12869                        ---AQVADEK VEEEEETEPK EAFFIVDGGG GGHHHIIIIV KLLIIVNKKK KKRRVTDEKK TLLLLLLFIL FLMMMNQPNP PTTSRRRRRR RRAYSSSSSA LAPTKNSRVV VVYYYFYI
GNM12896                        ---AAVSDEK LEEEEETEPK ESYFLIGGGG GGHHHRIIIV KLLVIVHKKK KRKRLTQEKK TLLLLILLVL FLLFMGEPPP PQTSRRRRRR RRKYSSSSSV VAATLNILVV VVFYYYYL
GNM12897                        ---AAVSDEK LEEEEETEPK ESYFLIGGGG GGHHHRIIIV KLLVIVHKKK KRKRLRQEKK TLLLLILLIL FLLFMNEPPP PQTSRRRRRR RRKYSSSSSA VAQTLNVLVV VVFYYYYL
GNM12902                        ---AAAADNK VEEESEEEKE EGFYYIGGSG GGHHHLIVIV KLLIIFEKNK QEKKKSQKLK TLKYLLLLLL LLMFMNPPPP PPTEERRRRR RRSQNSSTSD LGSTLRKILV LVFYFYYH
GNM12903                        ---AQAADDK CEETTWFEPE EKFYLIGGGK GGHHHLIIIL KLLIIVHKIR HIKSLKLKRA TLLLLLALIF IMMMHNKPPA PPTSRRRRRR RRRENSSTSA METTLTQIVV IVFYHYYK
GNM12906                        ---AQAADDK CEETTWYEPE EKFYLIGGGK GGHHHLIIIL KLLIIVQKIK HIKSLKLKRA TLLLLLALIF IMMMHNKPPA PPTPRRRRRR RRRENSSTSA METTLTQIVV IVFYHYYK
GNM12907                        ---AQAADDK CEESTWFEPE EKFYLIGGGK GGHHHLIIIL KLLIIVHKIK HIRSLKLKRG TLLLLLALIF IMMMHNKPPA PPTPRRRRRR RRRENSSTSA METTLTQIVV IVFYHYYK
GNM12909                        ---AQAADDK CEETTWFEPE EKFYLIGGGK GGHHHIIIIL KLLIIVHKIK HIKSLKLKRS TLLLLLALIF IMMMHNKPPA PPTPRRRRRR RRRENSSTSA METTLTQIVV IVFYHYYK
GNM12915                        ---AQAADEK CEEEEEERPE QLFFLIGGGG GGHHHPIVII KLLIIVYKKR QRKKLKMKRK TLMLLLVLIL ALMMMNKPPA PPTSKRRRRR RRRENSSTSA MATTLRQVVV VVFYFHYY
GNM10046                        ---AQAADEK CEEEEEERPE QLFFLIGGGG GGHHHPIIIV KLLIIVYKKR QKKKLKMKRK TLMLLLVFIL ALMMMNRPPA PPTSKRRRRR RRRENSSTSA MATTLREVVV VVFYFHYY
GNM12918                        ---AQAADEK CEEEEEERPE QLFFLIGGGG GGHHHPIIII KLLIIVYKKR QRKKLRMKRK TLMLLLVLIL ALMMMNRPPA PPTSKRRRRR RRRENSSTSA MATTLRQVVV VVFYFHYY
GNM12931                        ---AQSADDR VEEKEERAPE EKFFLIGGGK GGHHHPIIIL KLLIIVAKKK QRKVLKLKRK TLMLLLLLIF IMMMMNGPPS PPTPVRRRRR RRRENSSTSV METTLTQIVI IVFYFYYK
GNM12938                        ---AQSSNDS VEEKEEQEEE DKFFLFGGGK GGHHRIVIIL RLLIVFAKKK QKKVLKLKRK RLLLLLMLIF IMMMMNKPPA PPTPRRRKRR RRRENSSTSI MESTLTEVVV LVYYFYYK
GNM12996                        ---AQSSNDR VDENEETEEE EKFFLMGGGK GGHHHIVIIL HLLIVFAKKK QKKTLKLKRK KLLLLLMLIF IMMLMNKPPA PPTPRRRRRR RRKENSSTSY LESTITEVVI LVYYFYYK
GNM13018                        ---AQSSNDR VDENEETEEE EKFFLMGGGK GGHHHIVIIL HLLIVFAKKK QKKTLKLKRK KLLLLLMLVF IMMLMNKPPA PPTPRRRRRR RRKENSSTSY LESTITEVVI LVYYFYYK
GNM13027                        ---AQSSDDV VDEKEEQEEE EKFFLFGGGK GGHHHIVIIL RLLIIFAKKK QKKVLKLKRK KLLLLLMLIF IMMMMNKPPA PPTPRRKRRR RRRENSSTSY MESTLTEVVV LVFYFYYK
GNM13046                        ---AAVADEK LTEKEENEAK ELFFIVGGGG SGHHHIIIVV KLLIIVNKKR KRKSVTEEKK QLLLLLLFIL FMMMMKQPPP PPTPRQRRRR RRDYSSSSSA LADTLNSVVV VVYYYFYI
GNM13053                        ---AQSSDEA AEEEEPEKAQ QLFFLIGGGG GGHHHIIIII KLLVVVHKKR KKKKLNKESQ TLLLLLLLVF MTMMMGRPPP PPTSRRRRRR RRKNNSSSSA MTTTANVSIV VVYYYHYF
GNM13074                        ---AQAADDK CEEEEEERPK ELFFLIGGGG GGHHHLIIIV KLLIVVYKKR QRKKIKLKRK TLMLLLIFIV ALMMMNEPPA PPTPKRRRRR RRRENSSTSA MSTTLRQVVV VVFYFHYY
GNM10010                        ---AQAADEK SDEEEEERPE ELFFLIGGGG GGHHHLIVIV KLLIIIHKKR QIKKIKLKRK TLMLLLVLIF ALMMMNKPPA PPTSKRRRRR RRRENSSTSA MSTTLRQVVV VVFYFHYY
GNM10014                        ---AQASDEK SDEEEEERPE ELFFLIGGGG GGHHHMIVIV KLLIIVHKKR QVKKMKLKRK TLMLLLVLIF ALMMMNKPPA PETSKRRRRR RRRENSSTSA MSTTLRQVVV VVFYFYYY
GNM13090                        ---AQAADEK SEEEEEERPD ELFFLIGGGG GGHHHLIIIV KLLIVVHKKR QIKKMKLKRK TLMLLLILIF ALMMMNKPPA PETSKRRRRR RRRENSSTSA MSTTFRQVVV VVFYFYYY
GNM13118                        ---AQAADEA LEEKEEEEPK ERFFLIGGGK GGHHHLIIIL KLLIIVHKKK HKKTLLRKRS TLMLILLMIL AIMMKQEPPA PPTPLRRRRR RRTENSSTSA FETTLTEVVV VVFYFHYY
GNM13126                        ---AAVADEE VEEESEEEKE DSFYMVGGSG GGHHHMIIVV KLLIIFEKNK QEKKKLQKEK ILKLILLLLL IMMYMKKPPP PPTSKKRRRR RRTNNSSTTD VGSTLRKFVV MVFYFYYY
GNM13128                        ---AAVADEY VEEESEEEKE QGFYVVGGSG GGHHHMIIIV KLLIIFEKNK QEKKKSQKEK ILKLILLLLL ILMYMEKPPP PPTSKKRRRR RRSSNSSTSD VGTTLRKSVV MVFYFYYY
GNM13208                        ---AQAADDK CDESTWFEPD EKFWLIGGGK GGHHHVIIIL RLLIIVQKIK HPKSLRLKRI TLLLLIALIF IMMMHSKPPA PPTSRRRKRR RRRENSSTSA METTLAQIVV IVFYHYYK
GNM13210                        ---AQSADDR VEEKEEKAPD EKFFLIGGGK GGHHHIIIVL RLLIIVAAKK QKKSLKLRRR TLRLLLLLIL IMMMMNNPPA PPTPIRRRRR RRRENSSTSV METTLTTVVI VVFYFYYY
GNM12773                        ---AQASDDK VDEEEQDEPE SKFFLLGGGG GGHHHIIIVI ILLIIVFKKK QPKKIQMKRK KLMLLLLLIF IMLMMSNPPP PPTSRRRRRR RRVENSSSSA VTSTLNRVVV VVFYYHYY
GNM12769                        ---AQGADDK CEEEEQEEPE QKFFFIGGGG GGHHHIVIII EFLIIVLKKK QKKKLQKEKK TLMLLLLLLF IMIMMNLPPP PPTSRRRRRR RRAENSSSSY MTTTINSVII VVFYYHYH
GNM12768                        ---A-A-A-N S-E-KNYKP- -K-FLIGGGL G-RWHPIVFK SLLVTVA-NK ER-THR-KA- TTLV----I- ---FM--S-- PET-D-KD-- RR-ENKKASL SH-T--FIVV GLFKSH--



    1    1    1    1    1    1    1    1    1    1    1    1    1    1    1
    1    1    1    1    1    1    1    1    1    1    1    1    3    1    1
    1    1    1    1    1    1    1    1    1    1    1    1    1    1    1
    1    1    1    1    1    1    1    1    1    1    1    1    1    1    1
    1    1    1    1    1    1    1    1    1    1    1    1    1    1    1
    1    1    1    1    1    1    1    1    1    1    1    1    1    1    1
    1    1    1    1    1    1    1    1    1    1    1    1    1    1    1
    1    1    1    1    1    1    1    1    1    1    1    1    1

AAML (in paml version 4.9h, March 2018)  tmp0008.txt
Model: Empirical,  (../wag.dat) dGamma (ncatG=4) ns = 157  ls = 120


Frequencies..
                                    A      R      N      D      C      Q      E      G      H      I      L      K      M      F      P      S      T      W      Y      V
GNM13746                       0.03419 0.07692 0.01709 0.02564 0.00000 0.00855 0.10256 0.06838 0.03419 0.08547 0.07692 0.12821 0.04274 0.03419 0.05128 0.05128 0.04274 0.00000 0.05128 0.06838
GNM13538                       0.01709 0.09402 0.03419 0.00855 0.00000 0.03419 0.08547 0.07692 0.02564 0.05983 0.09402 0.08547 0.04274 0.02564 0.06838 0.05128 0.04274 0.00000 0.05128 0.10256
GNM13671                       0.04274 0.10256 0.01709 0.01709 0.00000 0.05128 0.08547 0.07692 0.03419 0.06838 0.11111 0.07692 0.04274 0.01709 0.05128 0.03419 0.05128 0.00000 0.04274 0.07692
GNM13876                       0.05085 0.11017 0.01695 0.02542 0.00847 0.01695 0.05085 0.06780 0.04237 0.08475 0.10169 0.08475 0.05085 0.01695 0.04237 0.05085 0.07627 0.00000 0.04237 0.05932
GNM13680                       0.05128 0.09402 0.04274 0.02564 0.00000 0.04274 0.05983 0.06838 0.05128 0.06838 0.11966 0.09402 0.02564 0.02564 0.04274 0.05983 0.03419 0.00000 0.03419 0.05983
GNM14837                       0.03419 0.08547 0.02564 0.02564 0.00000 0.00855 0.06838 0.06838 0.02564 0.06838 0.11966 0.09402 0.01709 0.04274 0.04274 0.09402 0.04274 0.00000 0.04274 0.09402
GNM14249                       0.05128 0.08547 0.03419 0.01709 0.00000 0.01709 0.08547 0.05983 0.02564 0.07692 0.09402 0.10256 0.02564 0.04274 0.04274 0.05983 0.05128 0.00000 0.04274 0.08547
GNM13928                       0.03419 0.07692 0.03419 0.00855 0.00000 0.01709 0.08547 0.06838 0.02564 0.05983 0.12821 0.09402 0.01709 0.04274 0.04274 0.07692 0.05128 0.00000 0.04274 0.09402
GNM13297                       0.01709 0.09402 0.03419 0.00855 0.00000 0.03419 0.08547 0.07692 0.02564 0.05983 0.09402 0.08547 0.04274 0.02564 0.06838 0.05128 0.04274 0.00000 0.05128 0.10256
GNM14865                       0.05983 0.08547 0.00000 0.03419 0.00000 0.06838 0.11111 0.07692 0.03419 0.05128 0.11111 0.04274 0.02564 0.05128 0.04274 0.03419 0.09402 0.00000 0.03419 0.04274
GNM13455                       0.02564 0.07692 0.03419 0.01709 0.00000 0.01709 0.07692 0.06838 0.02564 0.07692 0.12821 0.10256 0.02564 0.04274 0.04274 0.08547 0.04274 0.00000 0.04274 0.06838
GNM14938                       0.03419 0.11111 0.01709 0.01709 0.00000 0.04274 0.07692 0.06838 0.03419 0.05983 0.08547 0.08547 0.05128 0.03419 0.05128 0.04274 0.05983 0.00000 0.03419 0.09402
GNM14483                       0.05128 0.10256 0.02564 0.01709 0.00000 0.00000 0.08547 0.07692 0.02564 0.07692 0.11111 0.08547 0.03419 0.02564 0.05128 0.09402 0.04274 0.00000 0.02564 0.06838
GNM14872                       0.06838 0.10256 0.04274 0.02564 0.00000 0.03419 0.05983 0.06838 0.03419 0.08547 0.11966 0.08547 0.02564 0.02564 0.05128 0.05128 0.03419 0.00000 0.03419 0.05128
GNM13855                       0.02564 0.09402 0.02564 0.04274 0.00000 0.03419 0.05128 0.07692 0.03419 0.05128 0.12821 0.09402 0.03419 0.03419 0.04274 0.07692 0.04274 0.00000 0.04274 0.06838
GNM14445                       0.04274 0.08547 0.04274 0.00855 0.00000 0.05983 0.05983 0.06838 0.04274 0.08547 0.11966 0.07692 0.02564 0.02564 0.04274 0.05128 0.03419 0.00000 0.05128 0.07692
GNM14404                       0.02564 0.08547 0.01709 0.02564 0.00855 0.02564 0.05128 0.07692 0.04274 0.07692 0.08547 0.07692 0.04274 0.03419 0.05983 0.05983 0.05983 0.00855 0.04274 0.09402
GNM14545                       0.02564 0.08547 0.01709 0.02564 0.00855 0.02564 0.05128 0.07692 0.04274 0.07692 0.08547 0.07692 0.04274 0.03419 0.05983 0.05983 0.05983 0.00855 0.04274 0.09402
GNM14366                       0.03419 0.08547 0.02564 0.03419 0.00000 0.02564 0.05983 0.06838 0.02564 0.07692 0.10256 0.08547 0.02564 0.05128 0.06838 0.05128 0.05128 0.00000 0.03419 0.09402
GNM14252                       0.04274 0.07692 0.03419 0.01709 0.00000 0.01709 0.08547 0.05983 0.02564 0.07692 0.10256 0.11111 0.02564 0.04274 0.04274 0.06838 0.04274 0.00000 0.04274 0.08547
GNM13760                       0.03419 0.08547 0.03419 0.01709 0.00000 0.00855 0.07692 0.06838 0.02564 0.06838 0.11111 0.09402 0.02564 0.04274 0.04274 0.07692 0.05128 0.00000 0.04274 0.09402
GNM13982                       0.05932 0.05932 0.05085 0.02542 0.00000 0.02542 0.06780 0.08475 0.02542 0.09322 0.09322 0.12712 0.01695 0.03390 0.04237 0.05085 0.05085 0.00000 0.03390 0.05932
GNM13960                       0.04274 0.07692 0.02564 0.00855 0.00000 0.01709 0.07692 0.06838 0.02564 0.04274 0.13675 0.09402 0.01709 0.03419 0.05128 0.05983 0.07692 0.00000 0.04274 0.10256
GNM14633                       0.04274 0.06838 0.04274 0.02564 0.00000 0.03419 0.06838 0.08547 0.02564 0.10256 0.09402 0.11966 0.01709 0.04274 0.03419 0.06838 0.04274 0.00000 0.03419 0.05128
GNM14853                       0.04274 0.06838 0.04274 0.02564 0.00000 0.03419 0.06838 0.08547 0.02564 0.10256 0.09402 0.11966 0.01709 0.04274 0.03419 0.06838 0.04274 0.00000 0.03419 0.05128
GNM14174                       0.03419 0.08547 0.02564 0.02564 0.00000 0.05128 0.05983 0.07692 0.04274 0.08547 0.08547 0.06838 0.06838 0.03419 0.05983 0.07692 0.03419 0.00000 0.02564 0.05983
GNM14138                       0.03419 0.09402 0.03419 0.01709 0.00000 0.02564 0.08547 0.07692 0.04274 0.07692 0.09402 0.05983 0.06838 0.03419 0.05983 0.07692 0.04274 0.00000 0.02564 0.05128
GNM14055                       0.05128 0.06838 0.05128 0.00855 0.00000 0.00855 0.05983 0.07692 0.02564 0.06838 0.11111 0.10256 0.02564 0.04274 0.04274 0.06838 0.05983 0.00000 0.03419 0.09402
GNM14748                       0.03419 0.07692 0.03419 0.02564 0.00000 0.02564 0.07692 0.05983 0.02564 0.05983 0.11966 0.10256 0.01709 0.04274 0.03419 0.05983 0.07692 0.00000 0.04274 0.08547
GNM14246                       0.03419 0.09402 0.01709 0.02564 0.00000 0.02564 0.06838 0.06838 0.03419 0.07692 0.10256 0.06838 0.05983 0.03419 0.05128 0.07692 0.06838 0.00000 0.03419 0.05983
GNM14640                       0.04274 0.09402 0.02564 0.02564 0.00000 0.03419 0.07692 0.06838 0.04274 0.07692 0.08547 0.05128 0.05128 0.03419 0.05128 0.06838 0.05983 0.00000 0.02564 0.08547
GNM14965                       0.06838 0.09402 0.03419 0.02564 0.00000 0.02564 0.06838 0.06838 0.03419 0.07692 0.11966 0.09402 0.02564 0.03419 0.04274 0.05983 0.02564 0.00000 0.03419 0.06838
GNM13677                       0.05085 0.10169 0.01695 0.02542 0.00847 0.01695 0.05085 0.06780 0.04237 0.09322 0.10169 0.09322 0.05085 0.01695 0.04237 0.05085 0.07627 0.00000 0.04237 0.05085
GNM14339                       0.01709 0.11966 0.02564 0.00855 0.00000 0.05128 0.05983 0.06838 0.04274 0.08547 0.11111 0.07692 0.04274 0.02564 0.05983 0.04274 0.06838 0.00000 0.03419 0.05983
GNM14593                       0.04274 0.10256 0.00855 0.03419 0.00855 0.05128 0.08547 0.06838 0.03419 0.06838 0.11111 0.07692 0.04274 0.02564 0.03419 0.03419 0.05983 0.00000 0.04274 0.06838
GNM13825                       0.05128 0.11966 0.01709 0.01709 0.00000 0.04274 0.06838 0.06838 0.03419 0.05983 0.08547 0.06838 0.05983 0.03419 0.05128 0.04274 0.05128 0.00000 0.03419 0.09402
GNM14768                       0.02899 0.14493 0.01449 0.02899 0.00000 0.05797 0.08696 0.02899 0.02899 0.05797 0.14493 0.04348 0.07246 0.02899 0.02899 0.04348 0.05797 0.00000 0.04348 0.05797
GNM14776                       0.04274 0.10256 0.01709 0.01709 0.00855 0.04274 0.08547 0.06838 0.03419 0.05983 0.11111 0.07692 0.05983 0.03419 0.04274 0.04274 0.05128 0.00000 0.03419 0.06838
GNM14715                       0.05983 0.10256 0.03419 0.01709 0.00000 0.00000 0.08547 0.06838 0.02564 0.07692 0.11966 0.08547 0.03419 0.01709 0.05128 0.05983 0.06838 0.00000 0.03419 0.05983
GNM14639                       0.02564 0.07692 0.02564 0.01709 0.00000 0.01709 0.06838 0.06838 0.04274 0.06838 0.11966 0.09402 0.05128 0.03419 0.05128 0.05983 0.05983 0.00000 0.04274 0.07692
GNM13795                       0.03419 0.08547 0.04274 0.01709 0.00000 0.02564 0.07692 0.06838 0.01709 0.05983 0.11966 0.10256 0.01709 0.04274 0.03419 0.05983 0.06838 0.00000 0.04274 0.08547
GNM14166                       0.05128 0.08547 0.02564 0.00855 0.00000 0.00855 0.07692 0.06838 0.03419 0.05128 0.12821 0.10256 0.01709 0.03419 0.05128 0.05983 0.04274 0.00000 0.05128 0.10256
GNM13993                       0.01709 0.05983 0.00855 0.02564 0.00000 0.03419 0.05983 0.06838 0.04274 0.06838 0.12821 0.11966 0.03419 0.02564 0.05128 0.10256 0.04274 0.00000 0.04274 0.06838
GNM14450                       0.01709 0.07692 0.04274 0.02564 0.00000 0.03419 0.05983 0.05983 0.05128 0.06838 0.11111 0.07692 0.03419 0.03419 0.04274 0.09402 0.04274 0.00000 0.04274 0.08547
GNM13515                       0.01709 0.06838 0.02564 0.02564 0.00000 0.02564 0.05983 0.07692 0.03419 0.07692 0.09402 0.11966 0.02564 0.03419 0.04274 0.07692 0.06838 0.00000 0.04274 0.08547
GNM13745                       0.03419 0.05983 0.02564 0.03419 0.00000 0.03419 0.05128 0.06838 0.04274 0.05983 0.15385 0.11966 0.03419 0.02564 0.05128 0.08547 0.03419 0.00000 0.04274 0.04274
GNM14030                       0.03571 0.06250 0.02679 0.02679 0.00000 0.02679 0.08036 0.07143 0.03571 0.07143 0.10714 0.13393 0.02679 0.02679 0.04464 0.08036 0.05357 0.00000 0.05357 0.03571
GNM14959                       0.05983 0.08547 0.00855 0.00855 0.00000 0.01709 0.06838 0.06838 0.05128 0.09402 0.09402 0.09402 0.04274 0.05128 0.04274 0.05983 0.06838 0.00855 0.03419 0.04274
GNM13413                       0.05983 0.09402 0.01709 0.02564 0.00000 0.01709 0.05983 0.05983 0.02564 0.05983 0.11111 0.11111 0.05128 0.03419 0.05128 0.04274 0.05983 0.00000 0.02564 0.09402
GNM15005                       0.04274 0.07692 0.02564 0.00855 0.00000 0.01709 0.07692 0.06838 0.02564 0.04274 0.12821 0.09402 0.01709 0.03419 0.05128 0.05983 0.07692 0.00000 0.04274 0.11111
GNM14992                       0.04274 0.07692 0.02564 0.00855 0.00000 0.01709 0.07692 0.05983 0.02564 0.04274 0.14530 0.09402 0.01709 0.03419 0.05128 0.06838 0.07692 0.00000 0.04274 0.09402
GNM14994                       0.03419 0.08547 0.05128 0.02564 0.00000 0.01709 0.05983 0.06838 0.01709 0.05983 0.11966 0.10256 0.01709 0.04274 0.03419 0.07692 0.05983 0.00000 0.04274 0.08547
GNM15013                       0.03571 0.07143 0.03571 0.00893 0.00000 0.00893 0.08036 0.07143 0.01786 0.06250 0.12500 0.08929 0.01786 0.03571 0.04464 0.06250 0.09821 0.00000 0.03571 0.09821
GNM15014                       0.03419 0.07692 0.02564 0.01709 0.00000 0.01709 0.06838 0.06838 0.02564 0.05128 0.12821 0.09402 0.01709 0.03419 0.04274 0.05983 0.09402 0.00000 0.05128 0.09402
GNM14976                       0.04274 0.07692 0.02564 0.00855 0.00000 0.01709 0.07692 0.06838 0.02564 0.04274 0.12821 0.09402 0.01709 0.02564 0.05128 0.05983 0.07692 0.00000 0.05128 0.11111
GNM14995                       0.05172 0.10345 0.03448 0.03448 0.00000 0.00000 0.08621 0.03448 0.03448 0.06897 0.12069 0.12069 0.06897 0.05172 0.03448 0.03448 0.05172 0.00000 0.03448 0.03448
GNM15017                       0.03478 0.06957 0.03478 0.01739 0.00000 0.00870 0.06957 0.06957 0.04348 0.06957 0.10435 0.09565 0.03478 0.04348 0.04348 0.05217 0.06957 0.00000 0.04348 0.09565
GNM14999                       0.03419 0.08547 0.02564 0.01709 0.00000 0.00855 0.06838 0.06838 0.02564 0.06838 0.12821 0.08547 0.01709 0.02564 0.05983 0.06838 0.07692 0.00000 0.05128 0.08547
GNM15018                       0.04274 0.08547 0.03419 0.01709 0.00000 0.02564 0.08547 0.05983 0.02564 0.07692 0.09402 0.10256 0.02564 0.04274 0.04274 0.05983 0.05128 0.00000 0.04274 0.08547
GNM15025                       0.05128 0.07692 0.04274 0.01709 0.00000 0.00000 0.06838 0.06838 0.02564 0.08547 0.12821 0.09402 0.01709 0.03419 0.04274 0.08547 0.05983 0.00000 0.04274 0.05983
GNM14980                       0.04274 0.08547 0.03419 0.01709 0.00000 0.02564 0.08547 0.05983 0.02564 0.07692 0.09402 0.10256 0.02564 0.04274 0.04274 0.05983 0.05128 0.00000 0.04274 0.08547
GNM15000                       0.04274 0.08547 0.03419 0.01709 0.00000 0.02564 0.08547 0.05983 0.02564 0.07692 0.09402 0.10256 0.02564 0.04274 0.04274 0.05983 0.05128 0.00000 0.04274 0.08547
GNM15026                       0.04274 0.07692 0.02564 0.01709 0.00000 0.00000 0.08547 0.05983 0.02564 0.06838 0.12821 0.10256 0.03419 0.03419 0.04274 0.06838 0.07692 0.00000 0.04274 0.06838
GNM15001                       0.04274 0.08547 0.03419 0.01709 0.00000 0.02564 0.08547 0.05983 0.02564 0.07692 0.09402 0.10256 0.02564 0.04274 0.04274 0.05983 0.05128 0.00000 0.04274 0.08547
GNM15027                       0.03419 0.09402 0.03419 0.00855 0.00000 0.01709 0.06838 0.06838 0.04274 0.06838 0.12821 0.07692 0.04274 0.03419 0.05983 0.05983 0.05128 0.00000 0.04274 0.06838
GNM11003                       0.02564 0.09402 0.01709 0.02564 0.00000 0.03419 0.08547 0.06838 0.02564 0.05128 0.11966 0.11111 0.05128 0.05983 0.04274 0.04274 0.04274 0.00000 0.02564 0.07692
GNM11023                       0.04274 0.11966 0.00855 0.01709 0.00000 0.03419 0.07692 0.05983 0.03419 0.07692 0.12821 0.08547 0.03419 0.03419 0.05128 0.04274 0.05128 0.00000 0.02564 0.07692
GNM11055                       0.04310 0.12931 0.00862 0.01724 0.00862 0.00862 0.11207 0.06897 0.03448 0.02586 0.11207 0.12931 0.03448 0.04310 0.05172 0.02586 0.03448 0.00000 0.02586 0.08621
GNM11146                       0.05128 0.07692 0.02564 0.01709 0.00855 0.02564 0.05128 0.05983 0.05128 0.10256 0.09402 0.10256 0.04274 0.05128 0.05983 0.01709 0.07692 0.00855 0.03419 0.04274
GNM11220                       0.03419 0.10256 0.02564 0.01709 0.00855 0.00855 0.05983 0.07692 0.03419 0.08547 0.10256 0.06838 0.04274 0.03419 0.05983 0.06838 0.05983 0.00000 0.04274 0.06838
GNM11222                       0.04274 0.11111 0.00855 0.01709 0.01709 0.00000 0.07692 0.07692 0.03419 0.07692 0.10256 0.09402 0.05983 0.04274 0.06838 0.03419 0.03419 0.00000 0.01709 0.08547
GNM11223                       0.02564 0.10256 0.02564 0.03419 0.00000 0.03419 0.06838 0.06838 0.03419 0.10256 0.07692 0.07692 0.05983 0.03419 0.05983 0.04274 0.03419 0.00000 0.03419 0.08547
GNM11224                       0.04464 0.09821 0.02679 0.02679 0.00000 0.02679 0.07143 0.07143 0.03571 0.08929 0.08929 0.07143 0.06250 0.02679 0.06250 0.05357 0.04464 0.00000 0.02679 0.07143
GNM11225                       0.03419 0.11966 0.03419 0.01709 0.00000 0.01709 0.08547 0.06838 0.03419 0.09402 0.08547 0.05983 0.06838 0.03419 0.05983 0.05128 0.04274 0.00000 0.03419 0.05983
GNM11358                       0.02564 0.08547 0.02564 0.03419 0.00000 0.03419 0.05983 0.07692 0.03419 0.05983 0.12821 0.10256 0.03419 0.03419 0.04274 0.07692 0.03419 0.00000 0.04274 0.06838
GNM11360                       0.02564 0.07692 0.03419 0.01709 0.00000 0.01709 0.07692 0.06838 0.02564 0.07692 0.12821 0.10256 0.02564 0.04274 0.04274 0.08547 0.04274 0.00000 0.04274 0.06838
GNM11362                       0.04274 0.09402 0.03419 0.00855 0.00000 0.01709 0.08547 0.06838 0.03419 0.08547 0.12821 0.09402 0.04274 0.01709 0.06838 0.04274 0.05128 0.00000 0.03419 0.05128
GNM11367                       0.05932 0.05932 0.05085 0.02542 0.00000 0.02542 0.06780 0.08475 0.02542 0.09322 0.09322 0.12712 0.01695 0.03390 0.04237 0.05085 0.05085 0.00000 0.03390 0.05932
GNM11377                       0.06838 0.10256 0.04274 0.02564 0.00000 0.03419 0.05983 0.06838 0.03419 0.08547 0.11966 0.08547 0.02564 0.02564 0.05128 0.05128 0.03419 0.00000 0.03419 0.05128
GNM11380                       0.04274 0.09402 0.00855 0.00855 0.00000 0.01709 0.08547 0.07692 0.03419 0.05128 0.14530 0.09402 0.01709 0.03419 0.04274 0.06838 0.04274 0.00000 0.05128 0.08547
GNM11383                       0.03419 0.08547 0.02564 0.02564 0.00000 0.02564 0.06838 0.06838 0.02564 0.08547 0.09402 0.08547 0.02564 0.04274 0.05983 0.05128 0.05128 0.00000 0.04274 0.10256
GNM11491                       0.03419 0.11111 0.02564 0.02564 0.00000 0.00855 0.07692 0.06838 0.02564 0.05983 0.10256 0.08547 0.02564 0.04274 0.05128 0.08547 0.05983 0.00000 0.03419 0.07692
GNM11804                       0.04310 0.12069 0.00862 0.00862 0.00862 0.02586 0.12069 0.06897 0.03448 0.03448 0.10345 0.12931 0.03448 0.03448 0.04310 0.02586 0.04310 0.00000 0.03448 0.07759
GNM11805                       0.02564 0.07692 0.01709 0.03419 0.00000 0.03419 0.10256 0.07692 0.02564 0.05128 0.12821 0.10256 0.01709 0.05983 0.05983 0.05128 0.04274 0.00000 0.04274 0.05128
GNM12883                       0.03419 0.09402 0.04274 0.02564 0.00000 0.04274 0.05983 0.06838 0.04274 0.05983 0.12821 0.09402 0.02564 0.03419 0.05128 0.05128 0.04274 0.00000 0.03419 0.06838
GNM12886                       0.06098 0.08537 0.02439 0.02439 0.01220 0.02439 0.04878 0.08537 0.06098 0.08537 0.09756 0.09756 0.03659 0.01220 0.04878 0.03659 0.03659 0.00000 0.03659 0.08537
GNM12895                       0.01709 0.07692 0.04274 0.02564 0.00000 0.03419 0.05983 0.05983 0.05128 0.06838 0.11111 0.07692 0.03419 0.03419 0.04274 0.09402 0.04274 0.00000 0.04274 0.08547
GNM13060                       0.03419 0.08547 0.03419 0.02564 0.00000 0.00855 0.10256 0.06838 0.03419 0.10256 0.06838 0.11966 0.04274 0.03419 0.04274 0.04274 0.04274 0.00000 0.05128 0.05983
GNM13061                       0.03419 0.09402 0.02564 0.00855 0.00000 0.00000 0.10256 0.07692 0.03419 0.07692 0.10256 0.10256 0.03419 0.03419 0.05128 0.05128 0.03419 0.00000 0.05983 0.07692
GNM13062                       0.05983 0.09402 0.03419 0.02564 0.00000 0.00000 0.07692 0.06838 0.02564 0.05983 0.12821 0.10256 0.03419 0.01709 0.04274 0.07692 0.05128 0.00000 0.03419 0.06838
GNM13064                       0.01709 0.05983 0.00855 0.02564 0.00000 0.03419 0.05983 0.06838 0.04274 0.06838 0.12821 0.11966 0.03419 0.02564 0.05128 0.10256 0.04274 0.00000 0.04274 0.06838
GNM13066                       0.01709 0.05983 0.02564 0.02564 0.00000 0.03419 0.05983 0.06838 0.03419 0.06838 0.12821 0.11966 0.03419 0.02564 0.05128 0.08547 0.05128 0.00000 0.05128 0.05983
GNM11032                       0.02564 0.12821 0.01709 0.01709 0.00000 0.04274 0.05983 0.06838 0.03419 0.08547 0.11111 0.06838 0.05128 0.02564 0.05983 0.03419 0.05983 0.00855 0.03419 0.06838
GNM11034                       0.03419 0.11111 0.01709 0.02564 0.00000 0.03419 0.06838 0.06838 0.03419 0.05983 0.09402 0.08547 0.05983 0.03419 0.05128 0.04274 0.05128 0.00000 0.03419 0.09402
GNM11363                       0.04274 0.09402 0.03419 0.00855 0.00000 0.01709 0.08547 0.06838 0.03419 0.08547 0.12821 0.09402 0.04274 0.01709 0.06838 0.04274 0.05128 0.00000 0.03419 0.05128
GNM11375                       0.02564 0.08547 0.03419 0.01709 0.00000 0.00855 0.07692 0.06838 0.02564 0.07692 0.11966 0.09402 0.01709 0.04274 0.04274 0.08547 0.05128 0.00000 0.04274 0.08547
GNM11381                       0.04274 0.08547 0.02564 0.03419 0.00000 0.02564 0.05983 0.06838 0.02564 0.07692 0.09402 0.08547 0.02564 0.05128 0.05983 0.05128 0.05128 0.00000 0.03419 0.10256
GNM11382                       0.03419 0.08547 0.01709 0.02564 0.00000 0.00855 0.06838 0.06838 0.03419 0.09402 0.09402 0.08547 0.02564 0.04274 0.05983 0.06838 0.05983 0.00000 0.03419 0.09402
GNM11841                       0.05983 0.09402 0.00855 0.02564 0.00000 0.04274 0.12821 0.08547 0.05128 0.02564 0.11111 0.05128 0.03419 0.05128 0.04274 0.05128 0.04274 0.00000 0.00855 0.08547
GNM11931                       0.05983 0.09402 0.00000 0.03419 0.00000 0.05128 0.11966 0.08547 0.05128 0.03419 0.10256 0.02564 0.02564 0.05128 0.04274 0.05128 0.06838 0.00000 0.02564 0.07692
GNM12040                       0.05983 0.11111 0.00855 0.04274 0.00000 0.05983 0.09402 0.06838 0.03419 0.06838 0.09402 0.03419 0.02564 0.04274 0.04274 0.05128 0.08547 0.00000 0.02564 0.05128
GNM12071                       0.04274 0.10256 0.00855 0.04274 0.00000 0.05128 0.10256 0.06838 0.05128 0.04274 0.09402 0.04274 0.02564 0.05983 0.04274 0.06838 0.04274 0.00000 0.01709 0.09402
GNM12125                       0.05128 0.10256 0.00855 0.01709 0.00855 0.04274 0.05983 0.05983 0.03419 0.06838 0.12821 0.09402 0.04274 0.03419 0.05983 0.02564 0.05983 0.00855 0.03419 0.05983
GNM12126                       0.05128 0.10256 0.00855 0.02564 0.00000 0.01709 0.08547 0.05983 0.03419 0.05983 0.12821 0.09402 0.03419 0.04274 0.05128 0.03419 0.05128 0.00000 0.02564 0.09402
GNM12128                       0.05128 0.10256 0.00855 0.01709 0.00000 0.00855 0.08547 0.05983 0.03419 0.09402 0.11966 0.09402 0.05128 0.04274 0.04274 0.02564 0.06838 0.00000 0.02564 0.06838
GNM12182                       0.03419 0.09402 0.01709 0.01709 0.00000 0.03419 0.08547 0.05983 0.02564 0.07692 0.11111 0.11111 0.05128 0.05983 0.05128 0.05128 0.02564 0.00000 0.02564 0.06838
GNM12342                       0.05128 0.10256 0.00855 0.01709 0.00855 0.04274 0.06838 0.07692 0.02564 0.05128 0.09402 0.08547 0.05128 0.05983 0.05983 0.02564 0.06838 0.00000 0.03419 0.06838
GNM12346                       0.08547 0.06838 0.02564 0.01709 0.00000 0.02564 0.08547 0.08547 0.05128 0.05983 0.09402 0.09402 0.04274 0.02564 0.03419 0.03419 0.06838 0.00855 0.02564 0.06838
GNM12351                       0.04274 0.10256 0.03419 0.01709 0.00000 0.04274 0.09402 0.09402 0.02564 0.05983 0.05128 0.07692 0.04274 0.07692 0.04274 0.05983 0.04274 0.00000 0.02564 0.06838
GNM12356                       0.04274 0.08547 0.00855 0.00855 0.00855 0.03419 0.08547 0.09402 0.01709 0.08547 0.05128 0.11966 0.05983 0.07692 0.05983 0.03419 0.03419 0.00000 0.01709 0.07692
GNM12357                       0.04274 0.09402 0.00855 0.00855 0.00855 0.03419 0.09402 0.08547 0.01709 0.07692 0.05128 0.10256 0.06838 0.06838 0.05128 0.02564 0.06838 0.00000 0.01709 0.07692
GNM12366                       0.03419 0.09402 0.00000 0.00855 0.00855 0.04274 0.07692 0.08547 0.01709 0.10256 0.05983 0.10256 0.05983 0.05983 0.05983 0.03419 0.07692 0.00000 0.01709 0.05983
GNM12373                       0.07759 0.06034 0.02586 0.01724 0.00000 0.00862 0.10345 0.08621 0.03448 0.07759 0.06034 0.08621 0.04310 0.03448 0.03448 0.06897 0.04310 0.00000 0.05172 0.08621
GNM12385                       0.08547 0.11111 0.00855 0.04274 0.00000 0.03419 0.08547 0.06838 0.04274 0.05983 0.10256 0.05128 0.04274 0.04274 0.04274 0.05983 0.03419 0.00000 0.03419 0.05128
GNM12551                       0.04348 0.12174 0.00870 0.00870 0.00870 0.00870 0.10435 0.07826 0.03478 0.07826 0.10435 0.09565 0.04348 0.04348 0.04348 0.02609 0.05217 0.00000 0.03478 0.06087
GNM12554                       0.05128 0.09402 0.01709 0.01709 0.00000 0.00855 0.11966 0.09402 0.02564 0.07692 0.09402 0.08547 0.04274 0.05128 0.04274 0.04274 0.05128 0.00000 0.04274 0.04274
GNM12592                       0.09483 0.13793 0.00862 0.00862 0.00000 0.01724 0.09483 0.06897 0.04310 0.06034 0.09483 0.06897 0.03448 0.03448 0.03448 0.03448 0.05172 0.00000 0.03448 0.07759
GNM12596                       0.03448 0.09483 0.00862 0.01724 0.00000 0.02586 0.11207 0.09483 0.05172 0.05172 0.08621 0.07759 0.02586 0.05172 0.04310 0.08621 0.05172 0.00000 0.01724 0.06897
GNM12602                       0.03448 0.09483 0.00862 0.01724 0.00000 0.03448 0.11207 0.09483 0.05172 0.06034 0.08621 0.06897 0.01724 0.05172 0.04310 0.08621 0.05172 0.00000 0.01724 0.06897
GNM12665                       0.04310 0.09483 0.02586 0.00862 0.00000 0.02586 0.12931 0.08621 0.05172 0.06897 0.07759 0.06897 0.02586 0.05172 0.04310 0.06897 0.04310 0.00000 0.01724 0.06897
GNM12745                       0.01709 0.07692 0.01709 0.03419 0.01709 0.05983 0.09402 0.08547 0.01709 0.05983 0.07692 0.07692 0.05983 0.05983 0.04274 0.04274 0.05128 0.00000 0.03419 0.07692
GNM12749                       0.04274 0.11966 0.01709 0.03419 0.00000 0.01709 0.11111 0.06838 0.03419 0.08547 0.10256 0.05128 0.03419 0.04274 0.04274 0.06838 0.04274 0.00000 0.03419 0.05128
GNM12758                       0.01709 0.09402 0.00855 0.03419 0.01709 0.03419 0.09402 0.07692 0.02564 0.06838 0.06838 0.11111 0.05983 0.06838 0.05983 0.02564 0.04274 0.00000 0.02564 0.06838
GNM12763                       0.01709 0.08547 0.00855 0.02564 0.00855 0.01709 0.07692 0.07692 0.03419 0.05983 0.09402 0.15385 0.05128 0.05128 0.05983 0.03419 0.03419 0.00000 0.04274 0.06838
GNM12766                       0.03419 0.10256 0.00855 0.01709 0.00855 0.04274 0.07692 0.08547 0.02564 0.05983 0.08547 0.08547 0.05983 0.05983 0.05128 0.04274 0.05983 0.00000 0.03419 0.05983
GNM12841                       0.05983 0.10256 0.00855 0.03419 0.00000 0.05128 0.12821 0.08547 0.03419 0.04274 0.11111 0.03419 0.02564 0.05128 0.04274 0.03419 0.06838 0.00000 0.02564 0.05983
GNM12849                       0.02564 0.07692 0.03419 0.02564 0.00000 0.01709 0.06838 0.06838 0.02564 0.08547 0.11966 0.10256 0.02564 0.04274 0.04274 0.07692 0.05128 0.00000 0.04274 0.06838
GNM12869                       0.05128 0.09402 0.03419 0.02564 0.00000 0.01709 0.07692 0.05983 0.02564 0.07692 0.09402 0.09402 0.02564 0.04274 0.04274 0.05983 0.05128 0.00000 0.04274 0.08547
GNM12896                       0.03419 0.09402 0.00855 0.00855 0.00000 0.01709 0.08547 0.07692 0.03419 0.05983 0.14530 0.09402 0.00855 0.03419 0.04274 0.06838 0.04274 0.00000 0.05128 0.09402
GNM12897                       0.03419 0.10256 0.01709 0.00855 0.00000 0.02564 0.08547 0.06838 0.03419 0.05983 0.14530 0.09402 0.00855 0.03419 0.04274 0.06838 0.03419 0.00000 0.05128 0.08547
GNM12902                       0.03419 0.06838 0.03419 0.01709 0.00000 0.02564 0.10256 0.07692 0.03419 0.05128 0.14530 0.10256 0.01709 0.04274 0.05128 0.06838 0.03419 0.00000 0.05128 0.04274
GNM12903                       0.05983 0.09402 0.01709 0.01709 0.00855 0.01709 0.05983 0.05983 0.05983 0.10256 0.11966 0.08547 0.03419 0.03419 0.04274 0.04274 0.06838 0.00855 0.03419 0.03419
GNM12906                       0.05983 0.08547 0.01709 0.01709 0.00855 0.02564 0.05983 0.05983 0.05128 0.10256 0.11966 0.09402 0.03419 0.02564 0.05128 0.03419 0.06838 0.00855 0.04274 0.03419
GNM12907                       0.05128 0.09402 0.01709 0.01709 0.00855 0.01709 0.05983 0.06838 0.05983 0.10256 0.11966 0.08547 0.03419 0.03419 0.05128 0.04274 0.05983 0.00855 0.03419 0.03419
GNM12909                       0.05128 0.08547 0.01709 0.01709 0.00855 0.01709 0.05983 0.05983 0.05983 0.11111 0.11111 0.09402 0.03419 0.03419 0.05128 0.04274 0.06838 0.00855 0.03419 0.03419
GNM12915                       0.05983 0.11111 0.01709 0.00855 0.00855 0.03419 0.07692 0.06838 0.03419 0.05983 0.11111 0.09402 0.05128 0.03419 0.05128 0.03419 0.04274 0.00000 0.03419 0.06838
GNM10046                       0.05983 0.11111 0.01709 0.00855 0.00855 0.02564 0.08547 0.06838 0.03419 0.05983 0.10256 0.09402 0.05128 0.04274 0.05128 0.03419 0.04274 0.00000 0.03419 0.06838
GNM12918                       0.05983 0.12821 0.01709 0.00855 0.00855 0.03419 0.07692 0.06838 0.03419 0.06838 0.11111 0.07692 0.05128 0.03419 0.05128 0.03419 0.04274 0.00000 0.03419 0.05983
GNM12931                       0.03419 0.10256 0.01709 0.01709 0.00000 0.02564 0.06838 0.06838 0.02564 0.09402 0.11111 0.10256 0.05128 0.04274 0.05983 0.04274 0.05128 0.00000 0.02564 0.05983
GNM12938                       0.02564 0.10256 0.02564 0.01709 0.00000 0.02564 0.08547 0.05983 0.01709 0.05983 0.11966 0.11966 0.05128 0.05128 0.04274 0.05983 0.03419 0.00000 0.03419 0.06838
GNM12996                       0.02564 0.08547 0.03419 0.01709 0.00000 0.01709 0.08547 0.05983 0.03419 0.06838 0.12821 0.11966 0.04274 0.04274 0.04274 0.05128 0.05128 0.00000 0.04274 0.05128
GNM13018                       0.02564 0.08547 0.03419 0.01709 0.00000 0.01709 0.08547 0.05983 0.03419 0.05983 0.12821 0.11966 0.04274 0.04274 0.04274 0.05128 0.05128 0.00000 0.04274 0.05983
GNM13027                       0.02564 0.08547 0.01709 0.02564 0.00000 0.02564 0.08547 0.05983 0.02564 0.05983 0.11966 0.12821 0.05128 0.05983 0.04274 0.05128 0.03419 0.00000 0.03419 0.06838
GNM13046                       0.05128 0.07692 0.02564 0.02564 0.00000 0.02564 0.06838 0.05983 0.02564 0.06838 0.11111 0.09402 0.03419 0.04274 0.05128 0.06838 0.03419 0.00000 0.04274 0.09402
GNM13053                       0.05128 0.08547 0.03419 0.00855 0.00000 0.03419 0.05983 0.07692 0.04274 0.05983 0.10256 0.08547 0.04274 0.03419 0.05128 0.07692 0.05128 0.00000 0.03419 0.06838
GNM13074                       0.05128 0.11111 0.01709 0.01709 0.00855 0.02564 0.07692 0.06838 0.03419 0.06838 0.10256 0.09402 0.04274 0.04274 0.05128 0.03419 0.04274 0.00000 0.03419 0.07692
GNM10010                       0.05128 0.10256 0.01709 0.01709 0.00000 0.02564 0.07692 0.06838 0.04274 0.07692 0.11111 0.09402 0.04274 0.04274 0.04274 0.05128 0.04274 0.00000 0.02564 0.06838
GNM10014                       0.04274 0.10256 0.01709 0.01709 0.00000 0.02564 0.08547 0.06838 0.03419 0.05128 0.10256 0.09402 0.05983 0.04274 0.03419 0.05983 0.04274 0.00000 0.03419 0.08547
GNM13090                       0.05128 0.10256 0.01709 0.01709 0.00000 0.02564 0.08547 0.06838 0.03419 0.06838 0.10256 0.09402 0.05128 0.05128 0.03419 0.05128 0.04274 0.00000 0.03419 0.06838
GNM13118                       0.05983 0.08547 0.00855 0.00855 0.00000 0.01709 0.10256 0.05983 0.05128 0.07692 0.12821 0.09402 0.03419 0.04274 0.05128 0.03419 0.06838 0.00000 0.02564 0.05128
GNM13126                       0.02564 0.05983 0.02564 0.02564 0.00000 0.01709 0.10256 0.06838 0.02564 0.05983 0.09402 0.12821 0.05128 0.04274 0.04274 0.05983 0.04274 0.00000 0.05128 0.07692
GNM13128                       0.02564 0.05983 0.01709 0.01709 0.00000 0.02564 0.10256 0.07692 0.02564 0.06838 0.09402 0.11966 0.03419 0.03419 0.04274 0.08547 0.03419 0.00000 0.05983 0.07692
GNM13208                       0.05983 0.09402 0.00855 0.03419 0.00855 0.02564 0.04274 0.05983 0.05128 0.11111 0.10256 0.08547 0.03419 0.03419 0.05128 0.05983 0.05128 0.01709 0.02564 0.04274
GNM13210                       0.05128 0.11966 0.02564 0.02564 0.00000 0.01709 0.05983 0.05983 0.02564 0.08547 0.11966 0.07692 0.04274 0.03419 0.05128 0.04274 0.05983 0.00000 0.03419 0.06838
GNM12773                       0.02564 0.08547 0.02564 0.03419 0.00000 0.03419 0.05128 0.06838 0.03419 0.08547 0.10256 0.08547 0.04274 0.04274 0.05983 0.07692 0.02564 0.00000 0.03419 0.08547
GNM12769                       0.02564 0.06838 0.02564 0.01709 0.00855 0.04274 0.08547 0.07692 0.04274 0.10256 0.09402 0.09402 0.04274 0.05128 0.05128 0.05128 0.04274 0.00000 0.03419 0.04274
GNM12768                       0.07317 0.06098 0.04878 0.02439 0.00000 0.00000 0.04878 0.08537 0.04878 0.04878 0.08537 0.12195 0.01220 0.06098 0.03659 0.07317 0.07317 0.01220 0.01220 0.07317

Homogeneity statistic: X2 = 14.18664 G = 13.42961 

Average                        0.04155 0.09097 0.02367 0.02031 0.00193 0.02565 0.07832 0.07056 0.03396 0.07116 0.10732 0.09218 0.03665 0.03908 0.04832 0.05658 0.05212 0.00077 0.03676 0.07215
(Ambiguity characters are used to calculate freqs.)


# constant sites:      3 (2.50%)

TREE #  1:  ((((((((49, 154), 139), (67, 103)), 104), 105), (((141, 142), (106, 66)), (140, 143))), ((((((133, 132), 135), 134), 153), (69, 48)), 150)), (((((((((((((((((((50, (53, 23)), 55), 58), (51, 54)), (60, 63)), (57, 56)), 28), (((78, 22), (25, 24)), 45)), ((((((((62, 61), 59), 64), 128), (20, 7)), (((52, (29, 41)), (8, 6)), (96, 21))), ((11, 76), 127)), 82)), 144), (((97, 81), 19), 98)), (((129, 80), 130), 42)), (((((86, 5), 85), (79, 14)), 32), (15, 75))), (87, 44)), (95, 77)), ((((((43, 91), 92), 47), 46), (16, 145)), (((39, 90), 13), 65))), ((((1, 88), 89), (9, 2)), 40)), ((((37, 38), (3, 35)), (4, 33)), (((94, 12), 36), (34, 93)))), ((((((27, 31), 30), (155, 26)), ((72, 73), 74)), ((156, 71), 157)), ((18, 17), 70))), (((((((((((120, 118), 119), 109), 117), 108), (((116, 114), 122), 113)), ((((101, 10), 102), (99, 126)), 100)), (68, 83)), ((152, 151), (84, 131))), ((((((112, 111), 110), 125), 107), ((121, 123), 124)), 115)), ((((147, 148), 149), 146), ((138, 136), 137))));   MP score: -1
lnL(ntime:311  np:312): -10738.435224      +0.000000
 158..159 159..160 160..161 161..162 162..163 163..164 164..165 165..49  165..154 164..139 163..166 166..67  166..103 162..104 161..105 160..167 167..168 168..169 169..141 169..142 168..170 170..106 170..66  167..171 171..140 171..143 159..172 172..173 173..174 174..175 175..176 176..177 177..133 177..132 176..135 175..134 174..153 173..178 178..69  178..48  172..150 158..179 179..180 180..181 181..182 182..183 183..184 184..185 185..186 186..187 187..188 188..189 189..190 190..191 191..192 192..193 193..194 194..195 195..196 196..197 197..50  197..198 198..53  198..23  196..55  195..58  194..199 199..51  199..54  193..200 200..60  200..63  192..201 201..57  201..56  191..28  190..202 202..203 203..204 204..78  204..22  203..205 205..25  205..24  202..45  189..206 206..207 207..208 208..209 209..210 210..211 211..212 212..213 213..62  213..61  212..59  211..64  210..128 209..214 214..20  214..7   208..215 215..216 216..217 217..52  217..218 218..29  218..41  216..219 219..8   219..6   215..220 220..96  220..21  207..221 221..222 222..11  222..76  221..127 206..82  188..144 187..223 223..224 224..225 225..97  225..81  224..19  223..98  186..226 226..227 227..228 228..129 228..80  227..130 226..42  185..229 229..230 230..231 231..232 232..233 233..86  233..5   232..85  231..234 234..79  234..14  230..32  229..235 235..15  235..75  184..236 236..87  236..44  183..237 237..95  237..77  182..238 238..239 239..240 240..241 241..242 242..243 243..43  243..91  242..92  241..47  240..46  239..244 244..16  244..145 238..245 245..246 246..247 247..39  247..90  246..13  245..65  181..248 248..249 249..250 250..251 251..1   251..88  250..89  249..252 252..9   252..2   248..40  180..253 253..254 254..255 255..256 256..37  256..38  255..257 257..3   257..35  254..258 258..4   258..33  253..259 259..260 260..261 261..94  261..12  260..36  259..262 262..34  262..93  179..263 263..264 264..265 265..266 266..267 267..268 268..27  268..31  267..30  266..269 269..155 269..26  265..270 270..271 271..72  271..73  270..74  264..272 272..273 273..156 273..71  272..157 263..274 274..275 275..18  275..17  274..70  158..276 276..277 277..278 278..279 279..280 280..281 281..282 282..283 283..284 284..285 285..286 286..120 286..118 285..119 284..109 283..117 282..108 281..287 287..288 288..289 289..116 289..114 288..122 287..113 280..290 290..291 291..292 292..293 293..101 293..10  292..102 291..294 294..99  294..126 290..100 279..295 295..68  295..83  278..296 296..297 297..152 297..151 296..298 298..84  298..131 277..299 299..300 300..301 301..302 302..303 303..304 304..112 304..111 303..110 302..125 301..107 300..305 305..306 306..121 306..123 305..124 299..115 276..307 307..308 308..309 309..310 310..147 310..148 309..149 308..146 307..311 311..312 312..138 312..136 311..137
 0.086916 0.077325 0.000000 0.010556 0.000000 0.039457 0.065571 0.104039 0.052265 0.056365 0.032982 0.174196 0.070631 0.140229 0.176301 0.119316 0.010282 0.094392 0.000000 0.007382 0.000000 0.113711 0.062171 0.000000 0.063983 0.028705 0.007882 0.120638 0.026233 0.000000 0.008057 0.015290 0.015358 0.015443 0.000000 0.023308 0.117924 0.039883 0.082704 0.124548 0.230175 0.047857 0.021410 0.077550 0.015539 0.036401 0.037791 0.009212 0.094216 0.087942 0.016774 0.026211 0.002892 0.060161 0.000000 0.000000 0.071165 0.000000 0.000000 0.000000 0.007489 0.000000 0.076096 0.000000 0.015018 0.099116 0.000000 0.015055 0.045974 0.000000 0.103624 0.065547 0.169374 0.011249 0.027034 0.146467 0.141855 0.193087 0.059528 0.000000 0.000000 0.020817 0.000000 0.000000 0.109132 0.033692 0.011016 0.007803 0.046168 0.000000 0.014756 0.000000 0.000000 0.000000 0.000000 0.000000 0.000000 0.014587 0.000000 0.022462 0.000000 0.024034 0.000000 0.063565 0.033836 0.019588 0.022357 0.000000 0.022897 0.023062 0.022344 0.007234 0.009756 0.012581 0.056369 0.014714 0.000000 0.000000 0.031591 0.138663 0.134340 0.091130 0.011002 0.009803 0.019666 0.026285 0.032673 0.049735 0.075419 0.049762 0.029949 0.007735 0.007829 0.009699 0.102269 0.219758 0.000835 0.039417 0.024474 0.000000 0.024920 0.026105 0.011781 0.058724 0.000000 0.000000 0.087241 0.132772 0.026462 0.004594 0.231997 0.000000 0.000000 0.201954 0.000000 0.000000 0.000000 0.015432 0.149269 0.030654 0.087410 0.031396 0.000000 0.000000 0.023216 0.045094 0.086287 0.061574 0.141622 0.133058 0.038898 0.132406 0.014635 0.000000 0.060454 0.086539 0.078174 0.000000 0.086642 0.160507 0.140973 0.000000 0.044227 0.072752 0.160027 0.000000 0.000000 0.115113 0.060395 0.011082 0.064890 0.064269 0.000000 0.000000 0.062201 0.067431 0.055676 0.142782 0.014775 0.000000 0.036359 0.025386 0.000000 0.014841 0.007361 0.037473 0.050297 0.090374 0.050811 0.007881 0.000000 0.033473 0.023654 0.046213 0.041032 0.137020 0.054369 0.066343 0.044866 0.093966 0.068643 0.019753 0.072572 0.032512 0.040697 0.092676 0.000000 0.000000 0.200656 0.320786 1.289373 0.076628 0.263520 0.000000 0.000000 0.180942 0.054374 0.017123 0.058346 0.012572 0.110254 0.031061 0.006990 0.000000 0.173942 0.075060 0.000000 0.053470 0.016708 0.023932 0.196990 0.306697 0.337909 0.229391 0.000000 0.070579 0.093345 0.143984 0.120577 0.310404 0.232334 0.026336 0.026039 0.001860 0.153358 0.103401 0.140954 0.000000 0.114686 0.051081 0.083938 0.204412 0.071918 0.029121 0.241389 0.104171 0.034447 0.080133 0.087042 0.156554 0.049834 0.044211 0.019907 0.149552 0.026568 0.238797 0.053268 0.077956 0.011184 0.043737 0.006523 0.048087 0.080701 0.059438 0.176122 0.029935 0.077697 0.156025 0.062112 0.004367 0.029793 0.018492 0.019113 0.034548 0.038801 0.074295 0.056484 0.005658 0.008935 0.014092 0.026590 0.989352
