
Printing out site pattern counts


       139        193  P

GNM13671                        --AAAAAAAA AAAAAAACDD DDDDDDDDEE EEEEEEEEEE EEFFFFFGGG GGGGGGGGGG GHHHHIIIII IIIIIIIIII IIIIKKKKKK KKKKKKLLLL LLLLLLLLLL LLLMMMMNNN NPPPPPPPPP PQQRRRRRRR RRRRRSSSSS SSSSSSSSSS STTTTTTTTV VVVVVVVVVV VVVWWWYYYY YYY
GNM13876                        --AAAAAACC FHLLPTVAAD DDDDEESSAE EEEEEEMQQQ QTFFILVDEG GGGGGGGGGG SHHHHAEFII IKKLLMMRRV VVVVDEKKKQ RRRSTVAAFL LLLLLLLLMP PVVARVVNRT WPPPPPRRSS TMRAGGKKLR RSSTYAAADE IKLRSSSSSS VDGLRSTTVA AAAEIIIITV VVVVWWHHTY YYY
GNM13680                        -LCGIMNPLT LNALPT-A-- DDSSDSEKRD EEEGKNAAEG QDFLFLFE-A AGGGGGGQST SAHHQM-ILV YKN-L-GIT- FIKLKI-KKE DKRESRASLA IIILLSTVIL S-QL-MVNGS WLPPPVGTCS -KDEAI-N-K PKRDK-QYDE EKIK-AGSSY LKANTSSTC- AIVQIILMTI LLVYFGHTHF LYY
GNM14249                        -LAAAIAPMA LAAVPLLI-D DDDTDPKKKE EEEQKKLEKK HEFFFLFENC GGGGGGGGGT TTHHNLDLIL FKNALVSVQL FLCLNIMEKQ SQRESACDLL LVVLLGTLIQ KHQL-LVNKN WLDPPATASP PQKNSTENAK LSEQKGQYDK EKSDYAGASH VKTTTDPTCA AVRELVFMTI ILIFFWHTIY HFY
GNM13928                        -LAAAIAPLA LTAVPL-I-- DDDTQPKKKE EEESTKLKQQ HTFFFLFE-C GGGGGGGGGT TTHHNL-MIL YKN-L-AEK- FISLRI-DKQ SQKKSACDLL LVVLLGTLIE K-QF-LVNVN WLDPPANSSP -QKDST-S-K LSEQK-QYDS EKSD-AGASK VKTTKAPTC- AVSKLIFMTI ILVFFWHTAF HFY
GNM14865                        -PALAAAPEL NQGIAAGA-D DNDDEGDEDE EERRTEGEED RPFFFLVDHG G-GGGGGGTG SHHHDAAFMV HVEV-VR-RI VVLV-RMRDR RAGETAANLL LFLILLTLIV DVQA-VINAS WVPPPAGPFA SEEEGGIERR AAPDRSQVDA ERSASA-GSC VRAEDEATAA AVADAVLITV LLVYF-WTLW LYY
GNM13455                        -LAAAIAPMA LAAVPLLV-D DDDTQPKKKE EEKNKELKEQ HDFFFLFDNC GGGGGGGGGT TTHHNLDLIL FKNAMVSVWL FISLGIMDKQ LQKKSACFLL LVILLGTLIE KYQI-LVNKN WLPPPATDSP PQKDSTESRK LDVQKGQYDS EKAEYAGASH VKVTKAPTCA AISNVVFMTI IIIFFWHTTY HFY
GNM14938                        --AALAAAVA SVRAAARLSD DGEDWARAAE EELAEEGERA EEYVFLVGLG GGGGGGGGDG GHHHHIAVII YVLIVLDVRI IVLFKCMRKA GRREQRAGMA LLVFLLTVLS TMIAPLINTT RAPPPCSPAP GDSETGRARR NSGQRSAASE ETLRSSGSSM CARTRSTTVS AVAELVLVTV FMVWWWYFTY VYY
GNM14483                        -LGAAMAPLS ITASPSVADD DDQSEADKKE EEDAREAMQE QEFFFLFGTG SGGGGGGGGT SFHHHLTLLL SKTALVAISI YIILKRAKKE GRRSSSASLA LLILLATLML KTLL-MVNNT WLAPPVGETP LMKESTTKSK AQADKSYYDE ERVGSGGASD LKSTKSSTAA AIVKQIVLTI LVVYFWYTYI IAY
GNM14872                        -LCGIMAPLT LAVVPSIA-D DDRSDSEKRD EEERKTAGEG QDFIFLFGTA AGGGGGGGST SAHHHMQILL YKNALVGITL FVKLKVDKKE AKKESRAGLA VIILLATVIL PVQL-MVNAS WLPPPVATCS LKDEKIFGSK PSRDKGQYDD EKVKSAGSSL LKANTSATCA AMAATVLMTV LLIYFAHTHL LFY
GNM13855                        -SCAIMNPIT LNRTPCVASD EDCSDVDERS EEESSETRTK QNFIFLFNTG ASGGGGGKSN SSHHEIKKIF YNNSLIAITL LIIFKLKEKE KRLESSATLA LLLMLFTYIL SSQF-MINES WLPPPVKKFS QKESSTYLTK PSKNKSEYNK ERFSSGGSSY IKNNTSATSA AVDEIIIMTL IIIYFKYTDV LLY
GNM14445                        -FCSAMAPVS TAATSA-MK- DDTSSKNERE EEKESEANTT QVFFFLFR-G GGGGGGGGSN SAHHEL-ILL HKA-I-AIK- YIILKI-KKE NRSESKISIV LLVLLATITL Q-HL-IINES WLPPPVQEFP -KQESV-D-R PESGQ-HYDE KHVS-A-SSY VKQTSSTMA- PVTSIILMPI IIVYFWYTYF MFY
GNM14404                        -VVAACAATM LVSANALIDD DDDTISRRRR EERENEAYDS KEFVFLFNSG GNGGGGGPRS SHHHDYMILF IKKAIVVRKV IIVFDISSGC SMRRIELEAA LLILLLLIYL LIMARMMNST WIPPPVSSPP PRKSSSIAKR PDRSAGEVDE IRIGSSSASA VNMTR-ATVV AVVEIIFATV VCVYLWHTYY VFY
GNM14545                        -VVAACAATM LVSANALIDD DDDTISRRRR EERENEAYDS KEFVFLFNSG GNGGGGGPRS SHHHDYMILF IKKAIVVRKV IIVFDISSGC SMRRIELEAA LLILLLLIYL LIMARMMNST WIPPPVSSPP PRKSSSIAKR PDRSAGEVDE IRIGSSSASA VNMTR-ATVV AVVEIIFATV VCVYLWHTYY VFY
GNM14366                        -LAAAIAPLA IAATPILI-D DDDTQKKRKQ EEESSKLQSK HDFIFLFKNC GGGGGGGGGT TTHHQLKMLV FKRALVAEWL FISLAVMKKQ SRRKSACHLL LVVMIGTLIE QYQL-LVNAN WLEPPAVESP PKKHAIENEK LTEQKGQYDS EKTDYAGASH IKSTTAPTCA AVSDLVFMTI ILIFFWHTAY LFY
GNM14252                        -LAAAIAPIA LAAVPLLI-D DDDTDPKKKE EEEHKKLDKE HEFFFLFENC GGGGGGGGGT TTHHNLDLIL FKNALVAVRL FLCLNIMEKQ SQRESACDLL LVVLLGTLIQ KHQL-LVNKN WLDPPATTSP PQKDSTEQAK LSEQKGQYDK EKTDYAGASH VKTTKASTCA AVRELIFMTI ILIFFWHTFY HFY
GNM13760                        -LAAAIAPMA LAAVPLLI-D DDDTQSKKKE EEAHRKLKSQ HEFFFLFDNC GGGGGGGGGT TTHHDLDLIL FKNALIAQKL FISLKVMDKQ SQKESACDLL LVILLGTLIE KHQL-LVNEN WLDPPATSSP PKKNSTESQK LTEQKGQYDL EKSDYAGASH VKTTTAPTCA AVSELVFMTI ILIFFWHTAY HFY
GNM13982                        -LAAAIAPLA LAATSLLM-D DNDTEKKLTE EEPSKQLETE HEFFFLFDNC GSGGGGGGGT TTHHQLNIIL HKNALVATWL FISLKIMKKE EQKSSACNLL LLLLIGTLIE KHQL-LVNKN WLAPPANESP AKKFNTDQKK LTEQKGQYDQ DKSDFAGASY VKTTEHPTCA AVSDIVFMTI ILVFFWHTAY LFY
GNM13960                        -LGAAIAPMA IAAVPILI-D DDDTQKKKKE EEQNNKLNKD HDFFFLFGNC GGGGGGGGGT TTHHNMKILL FKYAMISVWL YISLNVMNKQ SRRESACHLL LVIIIGTLIE NHQI-LVNSN WLSPPANENP PQKHSTENQK LRVQKGEYDQ EKAEYSGASH IKNTTAPTCA AVSSLIFITI ILIFFWHTTY VFY
GNM14633                        -LAAAIATYA LAATSLLM-D DNDTERKSSE EEPSKQLNAD HEFFFLFDNC GSGGGGGGGT TTHHYLNIIL FKNALVGTWL FISLKIMKKE EQKSSACNLL LILMIGTLIE KHQF-LVNRN WLNPPANESP PQKFDTDSKK LTEQKGQYDK EKSDFAGASY VKNTKHPTCA AVSQLVFMTI ILVFFWHTAY VFY
GNM14853                        -LAAAIATYA LAATSLLM-D DNDTERKSSE EEPSKQLNAD HEFFFLFDNC GSGGGGGGGT TTHHHLNIIL FKNALVGTWL FISLKIMKKE EQKSSACNLL LILMIGTLIE KHQF-LVNRN WLNPPANESP PQKFDTDSKK LTEQKGQYDK EKSDFAGASY VKNTKHPTCA AVSQLVFMTI ILVFFWHTAY VFY
GNM14138                        -LAVVCAAVT LAAANSLI-D DNRSEEQKKI EEAEDEAKEA QEFIFLFDNG GGGGGGGGTP SHHHHAKIML QSKAIIAISF FLIFKILKKK KREEKSACIL MVIILLSFYI KMMANMINST WLPPPVETAP ILKSSSNKTK PDVKKGQADD PRATSSGSSA AKQTD-ATVA CVVEIVIIPV LAVFLWYSSI FFY
GNM14055                        -LAGAIASMA IAATSILI-D DDDTQKKKKE EEQNERLDEQ HTFFFLFKNC GGGGGGGGGT TTHHNMDILL FKHAMVAVWL YISLTIMNKQ SRRESACSLL LVIIIGTLIE NGQL-LVNLN WLEPPVNDNP PQNHSTDNAK LGVHKGEYDQ PKTEFSGASY VKNTTSPTCA AVSSLVFMTI ILIFFWHTTY VFY
GNM14748                        -LAAAIAPFA LAAVSLLI-D DDDTQTKKKE EEEETKLKSQ HDFFFLFENC GGGGGGGGGT TTHHNLDIIL FKNALIAVQL FILLRIMHKQ SQRKSACDLL LVILLGTLIE KYQL-LVNRN WLDPPANTSP PQNESTESRK LSVQKGQYDK QKTEYAGASH VKTTKGPTCA AVSELVFMTI ILIFFWHTFF HFY
GNM14246                        -LAVACAAIT LSAANAIV-D DDQSQVPKRV EEAEDEAREA QVFMFLFDNG GGGGGGGGSP SHHHDTRVML QVIAIVAIAL LLLFKIMKKR RRKDSSASIF MVLLILSIYI EMMASMINDT WIPPPVKETP VLQSGSIKTK PELGRGQADH LRTVSSGSSP ARETE-STVA CVAEVVIVPV LAVYLWYSST MLY
GNM14640                        -LAAVCAAVT LAAANSLI-D DDQSKAQKRE EEAEDDAREA QEFIFLFDNG GGGGGGGGTP SHHHDAEVML KVIVIVAISI LLLFKIMRKK ERRDSSASIL MVLLILSIYI EMMARIINDT WIAPPVEATP LLQSASIKTK PKMGKGQTDH PKTSSSGSSP VKETE-STVA CVAEIIIIPV LAAYLWYSST MYY
GNM14965                        -LCAVMNPIT LNAVPSTA-D DDITDSEIRQ EEKSKNSTIK QGFLFLFGTA AGGGGGGRST SAHHELEILV YKNALVGIVI FIILKIYKKE DKRGKRSYLI ILILLATIIL PMQL-MVNQS WLPPPVTMCA VKNEGVYNKK PSKNKSQYDE EEVESGGSSY IKANTSASCA SVVDMILMTV ILIYYWHTHY LYY
GNM13677                        --AAAAAACC FHLLPAAAAD DDDDEESGTE EEEEEEMQQQ QSFFILVDEG GGGGGGGGGG SHHHHIEFII IKKLLMMRRV VVVVDARKKQ RRKSTVAAFL LLLLLLLLMP LVVARVVNKT WPPPPPRRSS TIRTGGKKLR RNTTYAAADE IKLRSSSSSS VDELRSTTVA AAAETIIITV VVVVWWHYTY HYY
GNM14339                        --AAAATACA ESRAAAVLCD DGDPWQEELE EEVGPEATDE EDYVFLVGLG GGGGGGGGDG GHHHYRAILI HIRIVLDTKI IIVFKHKRKK GKRHSRAGIL LLVYLLTVLL NMIAQLINAT RAPPPCTPAP KNKRTGSRRR KQEGRSAADE LALDSSGSSL CTSTSSTTTS VVAELVLVTV FMVWWWYYVY IMY
GNM14593                        --AAAASAAA LAGTAAVCED DTDSDNDEEE EELETEEEEK QDFFFFVDSG GGGGGGGGGG GHHHNQVVII VVRIIILVWI VIVVKARKKQ KRREKRILLL LLLLLLLLLI SMLMTQMNET IPPPPPVPPP DKDETRRRRR QSRKRSKSSA FSISSSSSSS SSTTRTTTTV VVVEVIIVVV VVILWWYYIY LYY
GNM13825                        --AAVAAAVA AARVAARLSD DGEDWASREE EELAMEGEAE EEYVFLVGLG GGGGGGGGGG GHHHHAAVIL YVLIILDVRI VVLFKSMRKA PRREQRAGIA LLAFLLTVLL RMIAPLVNTT RAPPPCAPAP GDRETGRARR NSERRSAASE ETLASSGSSM CAAVRSTTVS VVADIVLVTV FMVWWRYHAF VYY
GNM14768                        --AAAAVACA LAGAAALCDD DDEPSQEGLE EERESEADEA QEFFFLVELG GGGGGGGGEG GHHHDIAFII LILVLVSVRI QVLFKPMRKT EKRRARVIMF LLLLLLLVLL LMLARLMNGT AAPPPPPPPP PQRAGGKRER RDQEYSEADR SSTSSSGSSS CSATRTTTTT VVAALVIVVI AAIWWWYALY MVY
GNM14776                        --AAAAVACA LAGAAALCDD DDEPSQEGLE EERESEADEA QEFFFLVELG GGGGGGGGEG GHHHDIAFII LILVLVSVRI QVLFKPMRKT EKRRARVIMF LLLLLLLILL LMLARLMNGT AAPPPPPPPP PQRAGGKKKR RDQEYSEADR SSTLSSGSSS CSATRTTTTT VVAALVIVVI AAIWWWYALY MVY
GNM14715                        -LAAAMAPLS LASSSAVADD DDQSEPDEKG EEDRQEAGQE QDFFFLFGTG SGGGGGGRET SYHHHLTLLL AKAALLAIWI YLVMKRAKKE GKRKSSAGLV LLILLATVML KQLL-MVNNT WLGPPVGETP LMSESTTKTK AQAEKSQYDE ERVGSGGASD LKATRSATAA AVVRVILLTI LLVYFWYTYM MFY
GNM14639                        -IAFALAPLS KAATAAIVND DNDDRKDKES EEQEEELNKI EEFFFLVNNG GGGGGGGGEG SHHHKFKFFI NIEAIIAIFF LVIIKYRYKH FKQDETGWLF LILFVLTLLY KLMYPHMNES WLAPPKTPPP PLEKLSVRNL SKKNTSRYDE IKLSSASSAN LANSPETTAA VIKEIILITV IIVPLKYTRI YYY
GNM13795                        -LAAAIAPFA LAAVSLLI-D DDDTQTKKKE EEEETQLKKQ HEFFFLFENC GGGGGGGGGT TTHHNLDIIL FKNALIAVQL FISLRIMHKQ SQRKSACDLL LVILLGTLIE KYQL-LVNYN WLDPPATTSP PQNESTESRK LSVQKGQYDN QKTEYAGASH VKTTKAPTCA AVSEIVFMTI ILIFFWHTYF HFY
GNM14166                        -LAATVAPMA LAAEPILI-D DDDTDKDKKE EEKESKLEEK HDFFFLFKNC GGGGGGGGGT TTHHNMSVLV FKFALVATWL YISLSIMKKQ DRRNSACHLI LVIMIGTLIE ISQF-LVNSN WLPPPATSSP PKSKGTQKQK LSKQKGEYDK EKTDYAGSSH VKRNKAPTCA AVSNVVFMTI ILIFFWHTFF LFY
GNM13993                        -IVGAMAPVT FYLSST-IN- DNDDEKEERQ EEEDSEIMEN QEFLFLYGTG TGGGGGGKTP SGHHDL-IIL KKE-I-AKN- FIRIKA-ERK KKMETVAEML LIVMIRTILL PMML-IYNNC WLGPPVKKFS -NENSS-R-K PEEKK-QYDR LRCE-AGSSC IKKTKNTIS- AVIDLVLMLI ILIYPKHTYY IYY
GNM14450                        -LCGVMTPIT ISATPTLAND DNSTQKDKRE EEKSTDARSD QSFLFLFDNG ASGGGGGGST SSHHEILIFM YKRALVTISL YIILKYLDKE EKKSRKVSLV ILLMMYTFIM TYQL-MVNHT WLPPPVNSTS PKHSSVPNKK PTQNKGQYDD ERTSSAGSSY VKTTESVTCA AVVVNLIMTL ILIYFWHTCY IMY
GNM13515                        -LSAAIAPLA IAATSILM-D DDDTQKEKRE EEENKQLTEK HIFFFLFDNC GGGGGGGGGT TTHHHFELIL FKNALVATSL FISLTIMNKQ LKKTSACNLL LIILIGTLIE KYQI-LVNSN WLPPPANESP PKKNDTEEKK LTIQKGQYDK EKTDYAGASH IKNSNAPTCA AISSVIFMTI IVIFFWHTTF LFY
GNM14959                        -EHAAAAPLM IVFFLVGI-D STQSEEEKLR EERESRGRSE KAFIDFFDES GADGGGGPGL SHHHTVVVTV LIRFIVDRCI LISIKLMRKT VMNNNAWHTL LIVYFETYIL ERITDMANAM WVPPPPLTVP VRESGHYRKR PESKTSEFIY ERVESSSMSN VMENVIATTV ALLDAIIVTC Q-VFWWYTKA DLY
GNM13413                        -IGAIMAPLS LAALPASMGD ESSTEEPGLE EEMRSENTHR KEFIHYVEGG GGGGGGGGEG SHHHHYRVVV YKKYTACVKL YIAYKVMEKE DRGSASHLLA LLVLIETVYL ARATRTINRS WLPPPPRRHA PRLSGSKVVR KNEVWGELDE LRLESGQSSS VKLTSSATVA AVVDEILITV IAVYFKYTIV AYY
GNM14990                        -LGAAIAPMA IAAVPILI-D DDDTQKKKKE EEQNNKLNKD HDFFFLFENC GGGGGGGGGT TTHHNMKILL FKYAMVSVWL YISLNVMNKQ SRRESACYLL LVIIIGTLIE NHQI-LVNSN WLRPPANENP PQKHSTENQK LRVQKGEYDQ EKAEYSGASH IKNTTAPTCA AISSLIFITI ILIFFWHTTY VFY
GNM15005                        -LGAAIAPMA IAAVPILI-D DDDTQKKKKE EEQNNKLNKD HNFFFLFGNC GGGGGGGGGT TTHHNMKILL FKYAMVSVWL YISLNVMNKQ SRRESACHLL LVIIIGTLIE NYQI-LVNSN WLSPPANENP PQKHSTENQK LRVQKGEYDQ EKAEYSGASH IKNTTAPTCA AVSSLIFITI ILIFFWHTTY VFY
GNM15013                        -LGAAIAPMA IAAVPILI-D DDDTQKKKKE EEQNNKLNKD HDFFFLFGNC GSGGGGGGGT TTHHNMKILL FKYAMVSVWL YISLNVMNKQ SRRESACHLL LVIIIGTLVE NHQI-LVNSN WLSPPANENP PQKHSTENQK LRVQKGEYDQ EKAEYSGASH IKNTTAPTCA AVSSLIFITI ILIFFWHTTY VFY
GNM15014                        -LGAAIAPMA IAAVPILI-D DDDTQKKKKE EEQNNQLNKD HDFFFLFVNC GGGGGGGGGT TTHHNMKILL FKNAMVSVWL YISLNIMNKQ SRRESACYLL LVIIIGTLIE NHQI-LVNSN WLSPPANENP PKKHSTENQK LRVQKGEYDQ EKAEYSGASH IKNTTAPTCA AVSSLIFITI ILIFFWHTAY VFY
GNM15022                        -LGAAIAPMA IAAVPILI-D DDDTQKKKKE EEQNNKLNKD HDFFFLFGNC GSGGGGGGGT TTHHNMKILL FKYAMISVWL YISLNVMNKQ SRRESACHLL LVIIIGTLIE NHQI-LVNSN WLSPPANENP PQKHSTENQK LRVQKGEYDQ EKAEYSGASH IKNTTAPTCA AVSSLIFITI ILIFFWYTTY VFY
GNM15017                        ------AP-A --A------- --D-P----E -E---Q---- -D---LF--- -----GGG-- ---H------ F-N----V-- Y-S--I---Q --R-SA-Y-- -V--IGT-L- D-QL---NI- -LK-----N- --K-ST---- L---K--I-- -K---S-ASH ------P-C- S----V-MTV ---HF----- -F-
GNM15018                        -LAAAIAPMA LAAVPLLV-D DDDTDPKKKE EEEHKKLNKE HEFFFLFENC GGGGGGGGGT TTHHNLDIIL FKKALVAVKL FLCLNIMEKQ SQRESACDLL LVVLLGTLIQ KHQL-LVNKN WLDPPATTSP PQKDSTENAK LSEQKGQYDK EKADYAGASH VKTTTDPTCA AVRELVFMTI ILIFFWHTFY HFY
GNM15025                        -LAAAIAPMA IAAVSILV-D DDDTQKEKKE EEKNSQLNEQ HDFFFLFGNC GGGGGGGNGT TTHHNMKLLL FKYAMVSVWL YISLKIMSKQ LRRESACHFL LVIIIGTLIE NYQL-LVNSN WLSPPANDNP PQKHSTENEK LEVKKGEYDK EKADYSGASH IKDTTAPTCA AVSNLVFMTI ILIFFWYTVH VFY
GNM15024                        -LAAAIAPMA LAAVPLLV-D DDDTDPKKKE EEEHKKLNKE HEFFFLFENC GGGGGGGGGT TTHHNLDIIL FKKALVAVKL FLCLNIMEKQ SQRESACDLL LVVLLGTLIQ KHQL-LVNKN WLDPPATTSP PQKDSTENAK LSEQKGQYDK EKADYAGASH VKTTTDPTCA AVRELVFMTI ILIFFWHTFY HFY
GNM14980                        -LAAAIAPMA LAAVPLLV-D DDDTDPKKKE EEEHKKLNKE HEFFFLFENC GGGGGGGGGT TTHHNLDIIL FKKALVAVKL FLCLNIMEKQ SQRESACDLL LVVLLGTLIQ KHQL-LVNKN WLDPPATTSP PQKDSTENAK LSEQKGQYDK EKADYAGASH VKTTTDPTCA AVRELVFMTI ILIFFWHTFY HFY
GNM15000                        -LAAAIAPMA LAAVPLLV-D DDDTDPKKKE EEEHKKLNKE HEFFFLFENC GGGGGGGGGT TTHHNLDIIL FKKALVAVKL FLCLNIMEKQ SQRESACDLL LVVLLGTLIQ KHQL-LVNKN WLDPPATTSP PQKDSTENAK LSEQKGQYDK EKADYAGASH VKTTTDPTCA AVRELVFMTI ILIFFWHTFY HFY
GNM15026                        -LAAAIASMA IAAVSILV-D DDDTQKEKKE EEKNSQLSEE HDFFFLFGNC GGGGGGGNGT TTHHNMEILL FKNAMVSVWL YISLKIMTKQ SRRESACYFL LVIMIGTLIE NHQL-LVNSN WLSPPANDNP PQKKSTENQK LEVQKGEYDQ EKTAYSGASH IKSTTAPTCA AVSKLVFMTI ILIFFWYTIY VFY
GNM15027                        -LAGAMAPIC VL-ASS-AE- DTKRQTEEKE EELEK-ALSS SDFFFLFG-G GGGGGGGGST SAHHEF-VML -KR-L-AIW- YV-LKI-QKE KKRDTSASLV LPIL-ATILL S-LL-TVNSC WLPPPVSSFS -K-ESV-R-K PELQK-QYDD VRCT-SSSSF LKATRSTMA- PVVELIV-PI ILVYLWHSYY WYY
GNM15019                        -LAAAISPFA LAAVSLLI-D DDDTQSKEKK EEEVTQLKAH HEFFFLFENC GGGGGGGGGT TTHHNFDIIL FKNALVAVQL FISLRVMCKQ SQRESACNLL LVILLGTLIE KHQL-LVNVN WLSPPATSSP PQKQSTESRK LSVQKGQYDK EKTTYAGASH VKTTKAPTCA AVSQVVFMTI ILIFFWHTFY HFY
GNM15003                        -LGAAIAPMA IAAVPILI-D DDDTQKKKKE EEQNNKLNKD HDFFFLFGNC GGGGGGGGGT TTHHNMKILL FKYAMISVWL YISLNVMNKQ SRRESACHLL LVIIIGTLIE NHQI-LVNSN WLSPPANENP PQKHSTENQK LRVQKGEYDQ EKAEYSGASH IKNTTAPTCA AVSSLIFITI ILIFFWYTTH AFY
GNM11003                        -QVIIAKPIS -YRGAAKI-D DNDSDKKEKS EESKT-LKER QNFFVLVNTA S-GGGGGKMP SHHHTLVLIF LVEILICISV IL-I-INKKK QKNNAEVRII ILIY-ATLFL TKILNIINST WIAPPINHHS ARK-GVIKNR PSEETGYIND ERVSSGQSCF VNESDYATVV ALNNLVIVPK VAAIISHTTS LMY
GNM11023                        -PAAAANPIS LAGAVAAIED ETSTEPGEME EEAESRGKLE NDFFHLVSGG GSGGGGGGST SHHHQAGIVV AKRYLACRAV VAAIKVRRRE KKMESRWAFS LLVLLATLLL SRALKVTNAS WLPPPARPHP PIRETTLLTR KEPRKGDLNL EKVESASASY VKSTRTATVA ALTEEILAPV LQAYPKYTVY ELY
GNM11055                        -IAAIAAPII LTKAAALF-D DTETEATEIK EEAESTAEKD KTFVQFFENG GSGGGGGGTT SHHHVASVAI NKKCVVTRRV IVLFKKMEKS VLYEDSAQFA LLVVLETIMI DQMTNFNNNS WAPPPAKPVA TLDTGTKEEK KVRKKGEYDE ERSESASSSS MRATEEPTVA VVVENLLISF IMYFVEYSYF LFY
GNM11146                        -VAAGAVPLL IIWLTLGVND HTDTSEENMK EEPEDGARED MDFILIFGGS GSDGGGGPGL SHHHSEVVVI MKKVLIDKYL LVKVKIKNKQ KRGSNEQRKL AVSFLLTILH EILVDIMNNN WLPPPPRTTP ERSNTTIKRR PNPVTSELDS SRVKSAAMSE V-EVR-STFA ALFTELIIPV IIVYWWYFIY FLY
GNM11219                        -FAAAMAAVC LALGCAGC-D DDETAREKRK EEEEREAEEE QEFFFLIGTG GGGGSGGGAG SHHHHGSVFL ITRLMTAKRI YLRFRRAEKE QRRASAARLW LLIFLYTIL- LAMPKLINST WAPPPVRPAP QLPEGSVATR PWERRGQVDA ERMESQGSYA IRRTEGVTVV ALHGEVILSV I-AYF-YTLM LYY
GNM11220                        -LAAACEAVT LSAANALV-D DDSTKKDRES EEPENSAEEA NAFLFLFGNA AGGGGGGREP SHHHLRSVMI KLLFVVAMNL VLMPKIMSKK RRYRSAGNLL MVLLLLSVYL TLMAPLINAT WLPPPVGPVS KREWGSKEER SNPSKSEANE ERSRSSGSSP AKKTC-ATVA AVVSIVLIPV IGVFLWYSMI MYY
GNM11222                        -LAAAAAPVT LAVSAALFQD DDESKEGENE EERRKSARHA QKFFHLFGNG GGGGGGGLGG SHHHVLKFWI NKKALAVQSI VVLVKYVKKQ VKLESEGQLL LLLLLATVLV DLMRQLINLT WAPPPCTPVP PEEEFSFERR AGWRKAQADE LRVSSAGSSW LKVSSGATVA AVAELAIIPV ITVFLWYTVY WHY
GNM11223                        -LAAICAAA- LA-ANA-I-- -D-SE-DV-- EELKD-AFEA HPFIF--D-G G-GGG-G-GL SHH----VVL -VI---A-A- -L-F-I-KKK KRR---ASV- LV-L---VYL K-MA-VI-ET W-PPPVRR-P -K-TGS-K-- --L-K-QADE E-T--S---P AKETE-AT-- CVAE--L--V LAVYM-YSKI MMY
GNM11224                        -LAAVCAAAT LAAANALI-D DDRSESETRE EELKDTALEA HPFIFLFNNG GGGGGGGGGL SHHHDNEIIL HVIAIVAIAI LLLFKIMKKK RRRNSKASVL LVLLLLSVYM KVMARVINDT WVPPPVRRVP IKSAGSIKKK PELAKAQADE TRTESSGSSP AKETE-ATVA CVAWMILIPV LAVYIWYSKI MMY
GNM11225                        -LAVACAAAT LASANGLI-D DDGSDAEDIE EEEEMEAREA QEFIFLFRNG GGGGGGGGTP SHHHDMKIML QMIAIVARRM LIIFKIMSKA RRRDSKASIL MVLLMLSVYK HLMAKVINET WLPPPVRSTP ELRTGSIDKR PEARKSQADR PRAASSGSSP AKATD-STVA CVARLILIPV LAVYLWYSRV LLY
GNM11358                        -SCAIMKPIA LNLTPCTATD DNNSDSNERK EENKSNTSEQ QDFLFLFKTG AGGGGGGKSN SSHHELKWLI YNATMIAIFI LIKFKINNKE NKFRSAASLL LIIMLVTYIL SFQF-MINES WLAPPVNQFS IKNSSTFESK PTKNKSEYND EKISSGGSSY LKNNTSASSA SVMELILMTL IIIYFKHTSV ILY
GNM11360                        -LAAAIAPMA LAAVPLLV-D DDDTQPKKKE EEDNKELKEQ HDFFFLFDNC GGGGGGGGGT TTHHNLDLIL FKNAMVSVWL FISLGIMNKQ LQKKSACFLL LVILLGTLIE KYQI-LVNKN WLPPPATDSP PQKDSTESRK LDVQKGQYDS EKAEYAGASH VKVTKAPTCA AISDVVFMTI IIIFFWHTTY HFY
GNM11362                        -LCGIMAPIT INASPSLA-D DDDSDSDRRK EEESATASAS QHFLFLFNNA AGGGGGGNST SSHHELDILL YKNALIAKYL YIILKYYNKE RKRNSRISLA LLIMLCTIIL VMQL-MVNCS WLAPPVSESS ILSDSVPDRK PSMDKAEYDE ERVNSAGSSY LKNTRSTTCC ATVLVILMTI ILIYFWHTYI LMY
GNM11367                        -LAAAIAPLA LAATSLLM-D DNDTEKKLTE EEPSKQLETE HEFFFLFDNC GSGGGGGGGT TTHHQLNIIL HKNALVATWL FISLKIMKKE EQKSSACNLL LLLLIGTLIE KHQL-LVNKN WLAPPANESP AKKFNTDQKK LTEQKGQYDQ DKSDFAGASY VKTTEHPTCA AVSDIVFMTI ILVFFWHTAY LFY
GNM11377                        -LCAIMAPLT LASVPSIA-D DDRSDSEKRD EEEKKSANEA QDFIFLFGTA AGGGGGGGST SAHHHLQILL YKNALVGITL FVRLKVDKKE AKKESRASLA IMILLATVIL PVQL-MVNAS WLPPPVATCS LKDEAIFGSK PNRDKGQYDD EKVRSAGSSL LKANTSATCA AMAAMVLMTV LLVYFAHTHF LFY
GNM11380                        -LAAAIAPMA LGAEPILI-D DDDTDKDKKE EESETKLEKK HDFFFLFNNC GGGGGGGGGT TTHHSMSLIV FKNALVATWL YISLSIMKKQ DRRNSACHLI LVIMIGTLIE MSQL-LVNSN WLAPPAADSP PKSEGTELEK LSKQKGEYDK EKAEYAGSSH VKRNKAPTCA AVNKVVFMTI ILIFFWHTFL LFY
GNM11383                        -LAAAIAPLA IAAVPLLI-D DDDTQPKKKQ EEDGSSLQSQ HGFFFLFDNC GGGGGGGGGT TTHHHLQIIL FKNALVAEYL FISLGIMEKQ SQRKSACNLL LIVIIGTLIE QYQL-LVNSN WLEPPATESP PQKHSIESEK LTEQKGQYDN EKTDYAGASH VKKTTAPTCA AVSELVFMTI ILIFFWHTTH LFY
GNM11491                        -LAVVIAPAA LAATPLLV-D DDDTDPEKRE EEDGDELEEE HEFVFLFGNC GGGGGGGGGT TTHHEMGLIV YKSALVAKSL YIALGIMDKE SRRESGCGLL LVIMLGTLIV QSQF-MVNRN WLDPPANESP PRRKATDGGK LGKRRGQYDE ERSNHAGASY VKRTAGPTCA AVAKLVFMTI VLVFFERTAY RFY
GNM11804                        -IGAIAAPVI LTKAAALF-D DTETEKTEKK EEPEKTA-EE KRFVQLFGNS GSGGGGGGTT SHHHVAKFLI FKKFVVTREV MIFFKKMEKS VLYQDSGDFA LLIVIETVLI DQLTNFINNS WAAKPAKPFA PLNEESKEKK KREEKSEYNR ERSSSAASSS IRNTEEPTAA AVAEFILITF IVVFLEYSFV IYY
GNM11805                        -MAYFAAPVS FVAGAA-I-- DSETERDNMK EEEAEEINLE NKFVLLFHEG GGGGGGGDNG THHHVI-VYM RKL-T-NIK- VVLIHP-SKV EKNDASALHA IIILLKTLFY EMMGKEINAT WLDPPCKPPP -RSSRT-G-K KKEDG-ESQR EKAR-VGSSD IKYSK-STV- AMLDTVIMII IFIFFAYYGI MLY
GNM12883                        -LCGVMNPLT LNVVPV-A-D DDASDNESRD EEPSKDAASS QDFLFLFRTA AGGGGGGKST SAHHQMQILV CKNALMGIV- YIRLKI-KKE DRRNSKASLA LIMLLATIIL PRQL-MVNRS WLPPPVSTCS LQREAT-NGK PKEEKGEYDN EKIKSAGSSY LKANTSSSCA AIAEMILMTI LLVYFSHTKL LYY
GNM12886                        -LCGIMNPIT LNTVPT-A-- DDGSDSEKRD EEERKDAAEG QDFFFLFETA AGGGGGGQST SAHHQM-ILV YKN-L-GIT- FIKLKI-RKE HKKDSRASLA IIILLSTVIL PMQL-MVNGS WLAPPVSSCS -KDEAT-N-K PKRDK-QYDE EKVK-AGSSY LKANTSSTC- SIVQMIMMTV LLVYFSHTHF LYY
GNM12892                        -LCAVMNPIT LNAVPSTA-D DDITDSEIRQ EEKSKNSTIK QGFLFLFGTG AGGGGGGRST SAHHELEILV YKNALVGIVI FIILKIYKKE DKRGKRSYLI ILILLATIIL PMQL-MVNQS WLPPPVTMCA VKNEGVYNKK PSRNKSQYDE EEVESGGSSY IKANTSASCA SVVDMILMTV ILIYYWHTHY LYY
GNM12895                        -LCGVMTPIT ISATPTLAND DNSTQKDKRE EEKSTDARSD QSFLFLFDNG ASGGGGGGST SSHHEILIFM YKRALVTISL YIILKYLDKE EKKSRKVSLV ILLMMYTFIM TYQL-MVNHT WLPPPVNSTS PKHSSVPNKK PTQNKGQYDD ERTSSAGSSY VKTTESVTCA AVVVNLIMTL ILIYFWHTCY IMY
GNM13062                        -LGAAMAPLS IAASPAVAAD DDQSEPDKKE EEEAQEAKQE QEFFFLFETG AGGGGGGGGT SFHHYLTILL AKGALLAIVI YITFKRAKKE GRRKSSASLV LLILLATAML KRLL-MVNNS WLGPPVGETP LIDESTTRTK AQKEKSYYDR ERVSSSGASD LKSTRAATAA AVVRVIVLTI LLVYFWYTYM MFY
GNM13064                        -IVGAMAPVT FYLSST-IN- DNDDEKEERQ EEEESEIMEN QEFLFLYGTG TGGGGGGKTP SGHHDL-IIL KKE-I-AKN- FIRIKA-ERK KKMETVAEML LIVMIRTILL PMML-IYNNC WLGPPVKKFS -NENSS-R-K PEEKK-QYDR LRCE-AGSSC IKKTKNTIS- AVIDLVLMLI ILIYPKHTYY IYY
GNM13066                        -IIGAMAPIT IYLSSSTIND DNDEEKEKRQ EEQESKAKEN QEFLFLFNTG AGGGGGGKTP SGHHEIKIII RKELIVAKYL FIKIKAKERQ EKMQSVAEML LIVMLRTILL PMML-IYNNC WLKPPIQKFS PIKNSSSNRR PEEKKSQYDK IRCESAGSSC VKNTNSTTSA AVIELVLMLI ILIYPKHTYY IYY
GNM11034                        --AALAPAVA SARAAARLSD DGEDWALAVE EELAEEGERA EDYVFLVGLG GGGGGGGGNG GHHHYVAVVI YVLIVLDVRI IVVFKAMRKA ARRDQRAGMA LLVFLLTVLS SMIAPLINTT RAPPPCSPAP SDSETGRVRR NSGQRSAASE ETLRSSGSSM CAKTRSTTVS AVAQLVLVTV FMVWWWYFTH IYY
GNM11363                        -LCGIMAPIT INASPSLA-D DDDSDSDRRK EEESATASAS QHFLFLFNNA AGGGGGGNST SSHHELDILL YKNALIAKYL YIILKYYNKE RKRNSRISLA LLIMLCTIIL VMQL-MVNCS WLAPPVSESS ILSDSVPDRK PSMDKAEYDE ERVNSAGSSY LKNTRSTTCC ATVLVILMTI ILIYFWHTYI LMY
GNM11375                        -LAAAIAPMA LAAVPLLI-D DDDTQSKKKE EESHKKLKSD HEFFFLFDNC GGGGGGGGGT TTHHDLDLIL FKNALIAQKL FISLKVMDKQ SQRESACDLL LVVLLGTLIE KHQL-LVNAN WLDPPATSSP PKKDSTESQK LTEQKGQYDA EKSDYAGASH VKTTTAPTCA AVSELVFMTI ILIFFWHTAH NFY
GNM11381                        -LAAAIAPMA IAATPLLM-D DDDTQPAKKQ EEDNSKLQSE HTFFFLFDNC GGSGGGGGGT TTHHHLQMIL FKNALVAEHL FISLAIMEKQ SQRSSACHLL LVVMLGTLIE QHQL-LVNAN WLEPPAAESP PQKHSIESEK LTEQKGQYDK EKTDYAGASH VKKTKAPTCA AVSELVFMTV IMIFFWHTTH LFY
GNM11382                        -LAAAIAPLA IAATPLLI-D DDDTQSKKKQ EEENNKLKDQ HAFFFLFENC GGGGGGGGGT TTHHHLQLIL FKNALVAEWL FISLGVMKKQ SRRRSACHLI LVVLIGTLIE QHQL-LVNSN WLNPPATESP PQKEDTESEK LDEQKGQYDN EKADYAGASH VKTTKAPTCA AVSSIVFMTI ILIFFWHTTH LFY
GNM11841                        -VALAAAPAL RSGLAAGA-D ERDAEGDPDE EEDEGSARRD RVFVFLFDHG G-GGGGGDTG SHHHDAAFMM HVEV-VA-QI LLRV-RMRNQ DAGETAAGLI LFLVLLTLMV EMHA-VINAS WADPPAEPHA ASEEGGLDHR ESPPKSQVDR EKSASA-GSC IRAEDAATAA CAATTVLITV VVVYF-WTYW LHY
GNM11931                        -VAVAMAPRL ASWLTAGA-D EHDSDGDAED EERRGEGSTD AAFFALVEHV G-GGGGGGTG SHHHDTAFMV QAAV-VP-RI VVRV-PMRDS DARRTSANLI LVLVLMSLMI ETHA-VVNAS WVDPPAQPYA GDADGAIARR PDDPHSEVDR PRSESA-GSC VRSTASATAA CVAGTVVITV LLVYF-WTHW RYY
GNM12071                        -TAVAAAPRL RAGLAAAG-D ENEDDGEPDE EERRSDAAAD QPFFFLFGHG G-GGGGGGTG SHHHETAFLI HVEV-VA-AI LVLV-RMRDT ERDETSAGLV LLLVLFTVII PEEA-VVNRS WVPPPATPVA SEEEGGIDRK EAAPKSQVDR ERSASA-GSA VRATNDATAA CVADEAIITV LVVYF-WTVW LYY
GNM12125                        -LAAVAAPMS LVAFPTAFPD ATESQRGRL- EELNEETRER QEFIHLVEGG S-DGGGGGRT SHHHVFRLVL IKKYVICKRL YIRY-PMRKS EKWE-SQRLA YLALIGTVLN PSATPLINGT WLPPPVVIHS PRREGTLDAK PKRQAGELRE ERISSASGSW VKTTDEATVA AMAERVLTTV IVIFPKHTTY IYY
GNM12126                        --AAAMAPEA LAAWSATA-D EDDVDEEERE EEEEDRNAES QEFVAFVGGW GSGGGGGRGP SHHHLAGVVV AKEYLVCVNV FVEFKVKKKR RRKEKSHSLL MLVLLATYYR KKALKLINSS WLPPPPEKHP PREEGTVAPR KDPLCADLDK KRLKYGSSSY VRATESATVA ALVDVILATV ICAYFKYTRA ALY
GNM12128                        -IATIVNPIS FVATAG-IGD ESKTEDSSIQ EEDDREVKEK KRFFFLVRGG G-GGGGGGYP SHHHAVNVSI RVRYIVCLKM IVRY-L-KNE KLWRSSQIIA ILILLSTVYR DAMFREMNLA WLPPPVKPPP VKKEWS-IVK PSERWGEFNR EKLESSSSSN IINTDSSTTA VMIMTIIMTI IAVFPKYTRE MFY
GNM12182                        -IVTASSAIA -YKGSASI-D DSDDESSETS EESGP-LREK QKFYAFMNTI S-GGGGGRQP SHHHKIKITL LKKIIICTTV IL-I-IDTKS VRESTEVRIL MLLF-STVIV AQLLPVINSN WIPPPPNKHS PRR-GIVKSR PSEETGMINE PRISSARSCN VLSSREATIV ALKNTVIVPK IAVIPSHTTD LMY
GNM12342                        -LAAALNAIS LAATASLVED DSDSDDKKRI EEEEKEAKSE QDFFFLFENG GGGGSGGNDG SYHHDFKIVI HANACIYKYL YIKFKPKKKE NKKEAKGVSF IVYLIYTLFL TKNLRVLNLM WLPPPVIPTP LKNETSFENK PNKRTSELLK EKTESCGSSD VKNTDGCVVA VIIDIILIPV IAVFLWYTKY LFY
GNM12351                        -LAGVAAPRL LQKVASVF-D DDDSDDDVRA EEVDDKAEES KSYFQLFGNG GAGGGGGGSG SHHHELVVVC HVYCMVSRAI LILFKMSENE RRGDDKGFLA MLILLLTYML DQLASMNNCS WAPPPAVAFP PREGGSIDVK REQKRSELDR EKSESSSSSA IRNSDDATAA SVIDNIFITV IVAFPRYSLI LFY
GNM12356                        -LAVILNAIT LARTAALITD DSDSDEKKRV EEEEDKAKQD QDFFFLFGNA GGGGAGGENG SYHHDFKIVF NVNNIIFKNF YIEVKCKKKE QMEDSRGIKF IVYLLYTLFL SINLNVINIQ WLIPPFAPTP KVNSTSYESK PKDKTGELIN EKSESCSSSD IRNTDDCIVA AMIKIILISV ISVFLWYTYC IHY
GNM12357                        -LTIVMNPLT LAKTSSLTED DSESDEEEKE EEEEK-AKSD QDFIFLFGNG GGGGGGGKEG SYHHDFTIAI HANSLIYKNF YIQIKPDKKE NKEDSAAIKF MIYLVMTGFL SQNFYILNLQ WLSPPFQPTP PQKKTSYDKK PEDRTSQMIN EKSESSGSSN LKNTDDCLVA VIINVILIPV IAVFLWHTFY IRY
GNM12366                        -LTIVLNPIT LAKTSALTKD DSSSEEEMIE EEEEN-AKTD QDFLFLFGNG GGGGGGGKNG SYHHDFKIAI HANSLIHKDL YIEVKHNKKE NKEESRAVKF IIYLLLTTFL SQNFYILNLQ WLPPPFQPTP PQRKTSYDKK PKNKTSQLIN EKSESCGSSN LKNTDDCLVA VIINIVLIPV IAVFLWHTFY IHY
GNM12373                        -FALAMAPRV LDRAASDM-D DSDTRQKKHV EEKIPEAEAY QIFFQLVGNG GAGGGGGPTT SHHHEISIFI AVNNLLAVAI IIDFKLIATE SKRANSCAVL HLILILTHYI GRMWSMMNSS WVDPPVNVPH PQAEGSIADI PEPSKGEIDK ERFGSGKSSS VRNTFDTTVA IAAEEIVIAV VGVYFRRTAG LLY
GNM12385                        -LALGMAPEA LQKAASAV-D DDDTRDRTRV EEPRSTAAEA TGFFQLFGNG GSGGGGGPST SHHHDMQQLI HTENLIATAL ILQFKPRETR RAGGHAGAIL LLILLLTYYI DVMWTLMNAS WIPPPAAVVP VGNSESIAQA PDPGHGEIDE ARSRSAKSSA IRNTVAATVG VVAVELLITV IAVYYRRTAG LLY
GNM12551                        RPAVIVAPVS LAAAAAVVPD DLDDDGKERR EEREGEARDA EEFYHLFDNG GNGGGGGKNG SHHHILDVFV SAKWLLAKKI IVTYRTRDDE RKLRTEGAVV LVLLLVTIYA KKMGDQINAT WAPPPATPVP PLESTCVEPV PDEEKSRADR ERCDNCSSSD IAETRDATVA VCADEVFIPV IAIYPDYREL LFY
GNM12554                        -LALAMAPDV LLRAAAAA-D DDNTRGRKRV EERRSQARVG AAFIELFGTG GAGGGGGPST SHHHDIDVFI HHSHVIAVAL VIEFKPKAST QQRDNSGAQL LLILILTYYI ECMMLLINAS WLPPPAVPAS VRRSGSVVRV PEPSQGETDE ERSASAPSSA VRATVGATVA VVAESIVITV IAVYFRRTAG LLY
GNM12592                        -LALVAGPEW LQALVAVF-D DNRCRDPQRK EEVAREARDE KEFIQLFTNG GSGGGG-ARG SHHHEISALL RT-CFIAVQI ILLFKREEKE KL-AEIGYAA LLLLLLGYAL SSLARAMVKS WA-PPAIQFS PMSSRSVASR PSPRKSHLDR ERSESSSSSA IRATSDPTGA AVAEEIIITL IIAFVGYVGV LFY
GNM12596                        -LAAAAAPSS LQKVAATFND DDETDAAGRK EEEENAPRET QEYFQLFDNG GSGGGGGETG SHHHDIPVLF HVHCMISVKI IVLFKVKGKE RKKEERGPLL MLILLLTYLL RQMAKLNNSS WAPPPAEMCP LMKESTIVAR KKPKKSQIER EKSQSASSSS IRETEESTVA VVIASIIITV ILAYSRYTFI LLY
GNM12602                        -LAAAAVPSS FKKVAATFDD DDSTDEGVKK EEEESNAREA QDYFQLFKNG GSGGGGGETG SHHHEIPILF QVCCMISIKI IVLFKVKKKS RKKEERGALL MLILLLTYLL RQMAKLNNSS WAPPPAKMCP LVTESTIEAR SNPKKSQIDK EKSKSASSSS IRETDESTVA VAVASIIITV ILAYPRYTFI LLY
GNM12665                        -LAAAAAPSS LQKVASTFGD DDSTDEKKKK EEEESNAKEA QEYFQLFKNG GSGGGGGETG SHHHDIPVIF HVHCMISIKI IVLFKVKGKE RKKEERGALL MLILLLTYLL RQMAKLNNSS WAPPPAEMCP LSNESTIDAR NKPKKSQIDK EKSESASSSS IRGTEESTVA VAVASIVITV ILAYPRYTFI LLY
GNM12749                        -IALIIATLV KDHAAALM-D DTDTEKRKME EEDRPSAISD DSFFQLFGLG GSGGGGGPTT SHHHELKICI ELRSMIGRIL IAYFKPTETT QSNDRAAGIA LLIILRTYYI DSMLSLINAT WLPPPANQVP PNELGMTIRE PKRRHGELDQ ERSGSTGSSA VRRTFDATVA AVAATLFITV LTIYFGRTAG LYY
GNM12766                        -LAIAMNPIT LAKTASLVED DSESDDGRRE EEDEN-AKND QDFFFLFING GGGGGGGG-G SYHHDFKIVF CANSLIYKFL YIEVKPENKE EKEESRGISL IIYLIATAFL SQNLRVINLQ WLKPPFVPTP LRNNTSYEKK PEKRTSELIK EKAKSCGSSD IRNTDDCVVA VIIRIILIPV IAVFLWYSYY VFY
GNM12841                        -VAVAAAPRL TSGLASAA-D DSDGDGDDED EERAGSGTQS KPFFFLFDHG G-GGGGGGTG SHHHDVAFLV KCGV-VG-EI LVRV-RMRDS AAGETSANLI FLLRLLTLIV EELA-VVNAS WADSPTQPAA EDRDGGLERR PDSPSSQVDR PRSASA-GSA IRADETATAA CVAAEVIITV LLVYF-WSFW LYY
GNM12849                        -LAAAIAPMA LAAVPL-V-- DDDTQPKKKE EEENSQLKSQ EEFFFLFD-C GGGGGGGGGT TTHHNL-LIL FKN-M-SAW- FISLGV-NKQ SKKKSACFLL LIILLGTLIE K-QI-LVNTN WLDPPATDSP -QNEST-T-K LTVQK-QYDT EKTE-AGASH VKTTTAPTC- AVSNLIFMTI ILIFFWHTTY HFY
GNM12869                        -LAAAIAPMA LAAVPFLI-D DDDTDPKKKE EEEHKKLDKE HEFFFLFENC GGGGGGGGGT TTHHNLDLIL FKKALVAVRL FICLNIMEKQ SQRESACDLL LVVLLGTLIQ KHQL-LVNKN WLDPPATTSP PQKDSTENVK LSEQKGQYDK EKSDYAGASH VKTTKDPTCA AVRELVFMTI ILIFFWHTFY HFY
GNM12896                        -LAAAIAPMA LGAEPVLV-D DDDTDKDRKE EESENKLEEK HDFFFLFKNC GGGGGGGGGT TTHHSMSVLV FKFALVADWL YISLSIMKKQ DRRSSACYLI LVIMLGTLIE MFQR-LVNSN WLAPPAARSP PKTEGTDVEK LTTQKGEYDK EKTEYAGASH VKRNKAPTCA AVNDVVFMTI ILIFFWHTFF LFY
GNM12897                        -LSAAIAPMA IGATPVLI-D DDDTDSKKKE EESEGKLEKN HDFFFLFKNC GGGGGGGGGT TTHHNMSLLV FKFALIATWL YISLNIMKKQ DRRNSACHLI LVIMIGTLIE MYQI-LINSN WLPPPANSSP PKYEGIEQEK LSKQKGEYDE EKSDYAGASH VKKNKAPTCA AVDEVVFMTI ILIFFWHTLL VFY
GNM12902                        --AGISAPNS FVAKASLI-D DKDSNRDELS EEDEKDIEEE EKFIILFGLG GGGGGGGGNG THHHLAMIYI KNYASINVKI LIIIKLMDKK INNDASLYSA ITALITTLFY EMMEPQINST WLDRPCHPSP ERENRTDKRR KKDSSSDSNR GRSDSVSSSA VKSSSTSTVA AMINLIIMII IFIYYWYYFI ILY
GNM12903                        -SATTI-PLL LILAVAVV-D FTKTEPEAES EETGLPAKKE N-FIIFFPTA GNDGAG-PGL SHHHILGLTI -V-LIVDRCL AMHLKVMDKD EK-RNEVRNL LVIFLYTIFS -RALKIVSAH WI-SPIRTTP PRERPAYRLR PAKTSSELDQ ERAESSNMSN L-ASKTATVV ALVNIIVFPC VVIFWRYNKF E-Y
GNM12906                        -ALAAA-PLI LVLVTAIV-D FTKTEPEREA EEPGHDANRE T-FIVFFPAV GNDGTG-PKL SHHHAMALTL LI-VVIDRCI AMGIKVMEKD EK-RNEVHEL LVILMHTIYS -RALKAVSAH WI-SPIGTTP PRERPAYKLR PDRGSSEVDE DRAQSSNMSN L-AKKTSTVV ALTALVVFPC VAVFWRYNRV E-Y
GNM12907                        -SQTAA-PVF LVLATAVV-D FTKTDPDAEA EELGAPAKEE R-FIVLFPTV GNDGPG-PGL SHHHTFGYTL VV-LVVDKCL AMGVKVMDKD RK-KNEVREL LVVYTWTIIL -RVLKVIASH WI-SPINTTP PRDKPAYRMR PARSSSELSA ERAESSNMSN L-AGRTSTVV ALLDVIVFPC VVLFWRYNRI E-Y
GNM12909                        -SAAAA-PLL LVLVVAVI-D FSKTTPENEA EELEYPAKLE N-FIVFFPIA GNDGTG-PGL SHHHAFNYTL VI-AVVDRCI AMALKIMDKD QK-KNEVPDL LVIFIYTIFP -RTLKVVSSH WI-SPIKTTP PRDKPAYKLR PSRSSSEIDQ ERAESSNMSN V-TTETSTVV ALTQIIVFPC VVVYWKYNRL E-Y
GNM12915                        -LAAIAAPLA LAMVATVL-D DSESTEDELK EEREEEAENY KEFIQLFGNG GGGGGGGKSG SHHHTLVIFV KVKTSMALNI ILIFKIMKKS LREQQSGSQA MFALLITYYR MMMAKVINLF WADPPVVPVP KLQNGCKRKR PEDQKSEANE ERSSTAGSSI IKKTEEATTA AIIDKAIITV IAIWWWYSAL VYY
GNM10046                        -LAAIAAPLS LARVATVL-D DKESTEDELA EEKEEEAESY RKFIQLFGNG SGGGGGGKSG SHHHTLILLV KVKTSMALHI ILIFKIMKKS LRENKSGSQA MFALLVTYYV MMMARVINLS WADPPVVPVP KLEEGCKRKR PEDQKSEANE ERSETAGSSF IKKTEEATTA AIIEKVIITV IAIWWWYSAL MYY
GNM12918                        -LAAIAAPLA LAMVATVL-D DSESTEDELK EEREEEAENY KKFIQLFGNG GGGGGGGKGG SHHHTLVLFV KVKTSMALSI ILIFKVMKKS IREQQSGSQA MFALLITYYR MMMARVINLF WADPPVIPVP KLNEGCKRKR PEDQKSESNE ERSSTAGSSI IKKTEEATTA AIIDKAMITV IAIWWWYTAL IYY
GNM12931                        -VAVIMAPLS FAAFPAGMPD ESSTEENDIA EEPERKNIVK EEFVHYVEGG GGGGGGGKKG SHHHHYKINV YKRYTVCVSI YTIYKIIKKT EKRLKSHILV LLILIRTIYM PFSVRIINKS WLPPPPKRHA PIEEGSYVVR CNPRHGELDL IRLQSSRSSN VKNTQDATVA AVIEEILMTV IAIYFKYTRY IYY
GNM12938                        -QVIVTQPIA -YKAASSI-D DKDDQSKTKS EEDKK-IKES QSFFFLIPTG G-GGGGGKEP SHHHVVRVVF LVEVVVCTNI IV-I-VNKKK IKEKSQVRLL ILVF-ATVLL VELLPTINAC WFPPPVGPYS PRK-STIKTR PDEDTGYINE PKIHSGLSSF TYESDYATVV ALSTMVIIPK VGVVPSYTTV LLY
GNM12996                        -QVIVAEPIS -YKGSSKI-D DDEDEKETRK EEDRN-IKAK QEFFFLIDTG G-GGGGGSDP SHHHQASIII LVEYLVCIKL IS-I-IDKKK INKKAEVRVL ILIL-ATVML VLLLNVVNSS WFPPPITKYS PRK-STIRTR PSEETGYIND KRVASGLSSY TLETNYATVV ALTKIVIIPK IAVIPSHTKS LMY
GNM13018                        -QVIVTEPIS -YKSSSKI-D DDENEKETRK EEDKN-IKTR QEFFFLINTG G-GGGGGGDP SHHHQSLIII LVEYLVCIKL IS-I-IDKKK INKKAEVRIL ILIL-ATVML IVLLNVVNSS WFPPPITRYS PRK-STITTK PKDETGYIND ERVASGSSSY TLETNYATVV ALAKIVIIPK VAVIPSHTKS IMY
GNM13027                        -QIIVTKPIS -YKGTARI-D DSDSEKKEKS EENKH-LKNR QDFFFLVDTG G-GGGGGKET SHHHILQVIF LIEYVICIRI IV-V-IDLKK LNKASEVSLL ILIY-VTMIL TKLLNVINST WFPPPIEPYS ARE-IAIEIR PTKETGYINE KRINSGSSSF TYESDYATVV ALTEVVIIPK IAVIPNYTTS LMY
GNM13046                        -LAAAIAPMA IAAIPILI-D DDDTQQKKKE EEENNQLQDE HEFFFLFENC GGGGGGGGGT TTHHNMDLIL FKNALVAVWL FISLEIMKKQ SRRNSACHLL LVVLIGTLIE KHQI-LVNSN WLNPPANDSP PQKHSTQIRK LNSQKGQYDK EKSDYAGASH VKKTKDPTCA AISELVFMTI ILIFFWHTTF VFY
GNM13053                        -LCAAMAPIT VAATSALADD DNESKNSERE EEQEPEAQSK QDFFFLFENG GGGGGGGQST SAHHDLRKLI RTNSVVAIEL YVILKYKQKE NRRESRVSLA LLILLATVTL SRHL-IINTS WLPPPINEFP PKQESVLVNR PEPHRSRYDE ERVSSG-SSY VKNTTSTTAA PVTPIIIMPI IVVYFWYTCY VYY
GNM13074                        -VAAISSPIT LAKVATIA-D DSESMEEKLK EERENEAEEY KKFIQLFGNG SGGGGGGKSG SHHHTLIILV KVRTSMALSI IIIFKIMKKS LRNEQSGTHA MLALLLTYYV MAMAKMINLT WADPPVVPVA LLQSGCKRKR PEDQKSEANE ERSSTAGSSQ IKKTEEATTA ALIERILITV IAIWWWYSAL MYY
GNM10010                        -LAAIAAPLA LAKVATVL-D DDESTEEEKK EEEENEAEEH KKFIQLFGNG GGGGGGGKGG SHHHMLVILV KVKSTMAMNV ILVFKIMKKS TRREAAGTQA LLALLLTYYR MMMAKMINLT WADPPVVPVP LLEEGCKRKR PKDRKSEANE ERSDTAGSSH IKKTEEATTA ALIARVLITV IAIWWWYSVL VYY
GNM10014                        -LAAIAAPLA LARVATVA-D DSESTEDEMK EEKEDEAEEY KGFIQLFGNG GGGGGGGKTG SHHHTVVIFV KVKTSMALNV IVIFKIMKKS LREEQSGSHA MLALLITYYR LMMAKLINLT WADPPVVPVP LLEQGCKRKR PEDQKSEANE ERSATAGSSQ IKKTDEATTA AVIERALITV IAIWWWYSAL IYY
GNM13090                        -LAAIAAPLA LVMVATVA-D DKESIEDEMK EEKDNEAEEY KNFIQLFNNG SGGGGGGKTG SHHHTLTILV KVKTSMALNI IIVFKIMKKS LREEQSGSHA MLALLITYYR MMMAKLINLT WADPPVVPIP LLEEGCKRKR PEDQKSEANE ERSATAGSSQ IKKTDEATTA ALIEKVIITI IAIWWWYSAL TYY
GNM13126                        -FVFFAAPDS RDLPASLIPD DEDTENSNMA EEPSDEAEKN MSYVILVRRG GGGGGGGDNG THHHVYSVYM YIKATVNVMI LVTIKIMEKT DRRDASLRHA MIVLLYTIFY DVMVREINGT WLPPPCNPPS PRDEGTHERR KEPESSETDD ERNKSNGSSC VKRKK-STAA ATTWKVIMTV IFVFFRHIGV MLY
GNM13128                        -FVFFAAPDS RDLPAAVIPD DEETQRENMA EEEKDDAEEN DKYVILVKQA GGGGGGGDNG THHHVISVYV YLRATINILL AVEIKVMEKT KKKDASKKHS MIVLLYTLFY DMMYRQINGT WLPPPCTPPS PRSRGTKDKR KDDDSSETDD ERNSSNSSSC VKQLK-STAA AATWKVIMTV IFVFFRHIGI ILY
GNM13208                        -ESIVA-APM LVALSIII-D FTGTEPLREA EERKI-PLNE Q-FVVLVEGS GSDGEG-PGL SHHHIKRFTF IVVAVINRCA IM-VKVGQKS AKPKRELEAL LLIFLHTILM -RKLKLI-WH WPPSPPNMTH PRRD-AERSR PEENTAELDW ERAELSSMSY L-ETETATAV ALGDIVVVPC IAIF-KDNRA G-Y
GNM13210                        -LAVIMAPLS LAALPSGIND ESESEENELE EEYFSDNESK KHFVHYVEGG GGGGGGGKEG SHHHHYNIVV VKKYTACVSL YIRYKIMDKE DRGSASHKLA LLILLITIYL QDSVRIINLS WLPPPISRHP PRRKGSYLIR KRTSWGEIDS MRIDSGVSSS IKATKSSTVA AIIEEILITV IAVYFKYTEV IYY



    1    1    1    1    1    1    1    1    1    1    1    1    1    1    1
    1    1    1    1    1    1    1    1    1    1    1    1    1    1    1
    1    1    1    1    1    1    1    1    1    1    1    1    1    1    1
    1    1    1    1    1    1    1    1    2    1    1    2    1    1    1
    1    1    3    2    1    1    1    1    1    1    1    1    1    1    1
    1    1    1    1    1    1    1    1    1    1    1    1    1    1    1
    1    1    1    1    1    1    1    1    1    1    1    1    1    1    1
    1    1    1    1    1    1    1    1    1    1    1    1    1    1    1
    1    1    1    1    1    1    1    1    1    1    1    1    1    1    1
    1    1    1    1    1    1    1    1    1    1    1    1    1    1    1
    1    1    1    1    1    1    1    1    1    1    1    1    1    1    1
    1    1    1    1    1    1    1    1    1    1    1    1    1    1    1
    1    1    1    1    1    1    1    1    1    1    1    1    1

AAML (in paml version 4.9h, March 2018)  tmp0046.txt
Model: Empirical,  (../wag.dat) dGamma (ncatG=4) ns = 139  ls = 198


Frequencies..
                                    A      R      N      D      C      Q      E      G      H      I      L      K      M      F      P      S      T      W      Y      V
GNM13671                       0.07653 0.06122 0.02041 0.05102 0.00510 0.01020 0.07143 0.08163 0.03571 0.09694 0.08673 0.06122 0.02041 0.02551 0.05102 0.08163 0.04082 0.01531 0.03571 0.07143
GNM13876                       0.10714 0.07143 0.00510 0.04592 0.01020 0.02551 0.07143 0.08163 0.05102 0.04592 0.08673 0.04082 0.02551 0.02551 0.04082 0.07653 0.05102 0.01531 0.02551 0.09694
GNM13680                       0.07222 0.02222 0.03889 0.05000 0.01667 0.03333 0.06111 0.08889 0.03889 0.08333 0.11111 0.08333 0.02222 0.03333 0.03333 0.08333 0.05556 0.00556 0.03333 0.03333
GNM14249                       0.08205 0.01026 0.04103 0.05641 0.02051 0.04615 0.06667 0.07179 0.05128 0.04615 0.12821 0.08718 0.01538 0.05128 0.04103 0.04103 0.06667 0.01026 0.02051 0.04615
GNM13928                       0.07778 0.00556 0.02778 0.05000 0.01667 0.05000 0.05000 0.07222 0.04444 0.05000 0.11667 0.10556 0.01111 0.06111 0.03889 0.07222 0.07778 0.01111 0.01667 0.04444
GNM14865                       0.14815 0.07407 0.02116 0.07937 0.00529 0.01587 0.09524 0.10582 0.04233 0.03704 0.08466 0.00000 0.01058 0.03704 0.04233 0.03704 0.03704 0.01587 0.01587 0.09524
GNM13455                       0.08205 0.00513 0.03590 0.06154 0.01538 0.04103 0.04615 0.07692 0.04615 0.06154 0.10769 0.09231 0.02051 0.05641 0.04615 0.04615 0.06154 0.01538 0.02564 0.05641
GNM14938                       0.13776 0.08673 0.01020 0.03061 0.01531 0.01020 0.07143 0.11224 0.03571 0.04082 0.08673 0.01020 0.02551 0.02551 0.03061 0.07143 0.05612 0.02041 0.03061 0.09184
GNM14483                       0.11224 0.02551 0.01020 0.04592 0.00000 0.02551 0.06122 0.09184 0.03061 0.05612 0.11735 0.07143 0.02551 0.03061 0.02551 0.10204 0.07653 0.01020 0.03571 0.04592
GNM14872                       0.11282 0.02564 0.01538 0.05641 0.01538 0.02051 0.04615 0.09231 0.04103 0.05128 0.11795 0.08205 0.02564 0.03590 0.03590 0.07179 0.06154 0.00513 0.02051 0.06667
GNM13855                       0.04592 0.02551 0.06122 0.03061 0.01531 0.01531 0.07653 0.05102 0.02551 0.09184 0.09184 0.08673 0.02041 0.05102 0.03061 0.13776 0.07143 0.00510 0.04082 0.02551
GNM14445                       0.06667 0.02222 0.02778 0.02222 0.00556 0.03333 0.07778 0.06667 0.05000 0.08889 0.07222 0.06667 0.02778 0.05000 0.04444 0.11111 0.06111 0.01111 0.03889 0.05556
GNM14404                       0.09184 0.07653 0.03061 0.05102 0.01531 0.00000 0.05102 0.06122 0.03571 0.09184 0.07143 0.03061 0.03571 0.03571 0.04082 0.10204 0.03571 0.01020 0.03571 0.09694
GNM14545                       0.09184 0.07653 0.03061 0.05102 0.01531 0.00000 0.05102 0.06122 0.03571 0.09184 0.07143 0.03061 0.03571 0.03571 0.04082 0.10204 0.03571 0.01020 0.03571 0.09694
GNM14366                       0.10256 0.02051 0.02051 0.04103 0.01538 0.04615 0.05641 0.07179 0.05128 0.06667 0.10769 0.08718 0.02051 0.04615 0.03590 0.05641 0.06667 0.01538 0.02564 0.04615
GNM14252                       0.08718 0.01538 0.03077 0.06154 0.02051 0.04103 0.06667 0.07179 0.05641 0.05128 0.12821 0.08718 0.01026 0.05641 0.03590 0.03590 0.07179 0.01026 0.02051 0.04103
GNM13760                       0.09231 0.00513 0.02564 0.06154 0.01538 0.04615 0.05641 0.07179 0.05641 0.05128 0.12821 0.08718 0.01538 0.05128 0.03590 0.06154 0.07179 0.01026 0.02051 0.03590
GNM13982                       0.09231 0.00000 0.04615 0.04615 0.01538 0.04103 0.06667 0.06667 0.05128 0.05128 0.13333 0.08718 0.01538 0.05641 0.03077 0.05128 0.08205 0.01538 0.02051 0.03077
GNM13960                       0.07179 0.01538 0.07179 0.03590 0.01538 0.04103 0.05128 0.08205 0.05641 0.09231 0.08718 0.07179 0.02051 0.04615 0.03590 0.05641 0.06154 0.01538 0.03077 0.04103
GNM14633                       0.08205 0.01026 0.05641 0.04615 0.01538 0.03590 0.05641 0.07179 0.04615 0.05128 0.10769 0.08205 0.02051 0.06667 0.03077 0.06667 0.07179 0.01538 0.03077 0.03590
GNM14853                       0.08205 0.01026 0.05641 0.04615 0.01538 0.03590 0.05641 0.07179 0.05128 0.05128 0.10769 0.08205 0.02051 0.06667 0.03077 0.06667 0.07179 0.01538 0.02564 0.03590
GNM14138                       0.11282 0.01538 0.03077 0.04103 0.01538 0.02564 0.06154 0.06667 0.03590 0.09744 0.07179 0.09231 0.02564 0.05128 0.04103 0.08718 0.04103 0.01026 0.01538 0.06154
GNM14055                       0.06667 0.01538 0.06154 0.04615 0.01538 0.03590 0.05128 0.08718 0.05128 0.07179 0.09744 0.05641 0.02564 0.05128 0.03077 0.06154 0.08205 0.01538 0.02564 0.05128
GNM14748                       0.07692 0.02051 0.03590 0.04615 0.01538 0.05128 0.05641 0.07692 0.05128 0.06154 0.12308 0.07692 0.01026 0.06667 0.03077 0.05128 0.07692 0.01026 0.02051 0.04103
GNM14246                       0.10256 0.04615 0.01538 0.04615 0.01026 0.03077 0.05641 0.07692 0.03590 0.07179 0.08718 0.04103 0.04103 0.02564 0.04615 0.09231 0.04615 0.01026 0.02051 0.09744
GNM14640                       0.11282 0.03077 0.01538 0.05128 0.01026 0.02564 0.06667 0.07179 0.03590 0.09744 0.08205 0.06154 0.03590 0.02051 0.04103 0.09231 0.05128 0.01026 0.02564 0.06154
GNM14965                       0.06154 0.02051 0.04615 0.03590 0.01538 0.02564 0.05641 0.07692 0.03590 0.09744 0.09231 0.07692 0.03077 0.02051 0.03590 0.08205 0.05641 0.01026 0.05641 0.06667
GNM13677                       0.10714 0.06633 0.01020 0.04592 0.01020 0.02551 0.07143 0.08163 0.05102 0.05102 0.09184 0.04592 0.02041 0.02551 0.03571 0.06633 0.06122 0.01531 0.02551 0.09184
GNM14339                       0.10204 0.06122 0.01531 0.04592 0.02041 0.01531 0.06122 0.10714 0.04592 0.05612 0.09694 0.04592 0.01531 0.01531 0.03571 0.06122 0.06633 0.02041 0.03571 0.07653
GNM14593                       0.06122 0.06633 0.01531 0.04592 0.00510 0.02551 0.07653 0.07653 0.03061 0.07653 0.09184 0.04592 0.01531 0.02551 0.04082 0.09184 0.06122 0.01531 0.02551 0.10714
GNM13825                       0.15816 0.09184 0.01020 0.03061 0.01020 0.00510 0.07653 0.10714 0.04082 0.03571 0.08673 0.01020 0.02551 0.02551 0.03571 0.06122 0.04082 0.01531 0.02551 0.10714
GNM14768                       0.12755 0.06633 0.00510 0.04082 0.01531 0.02551 0.07653 0.09694 0.03061 0.04592 0.11735 0.02041 0.02551 0.03061 0.05612 0.06633 0.04592 0.01531 0.02041 0.07143
GNM14776                       0.12755 0.06122 0.00510 0.04082 0.01531 0.02551 0.07143 0.09694 0.03061 0.05102 0.12245 0.03061 0.02551 0.03061 0.05612 0.06122 0.04592 0.01531 0.02041 0.06633
GNM14715                       0.11735 0.03571 0.01020 0.04592 0.00000 0.03571 0.06633 0.09694 0.03061 0.02551 0.13265 0.06122 0.03571 0.03061 0.02551 0.07653 0.06633 0.01531 0.03571 0.05612
GNM14639                       0.07614 0.02538 0.05584 0.03553 0.00000 0.01015 0.08122 0.06599 0.04061 0.09645 0.10152 0.08629 0.01015 0.06091 0.05076 0.06091 0.04569 0.01015 0.04569 0.04061
GNM13795                       0.08205 0.01538 0.03590 0.04103 0.01538 0.05641 0.06154 0.07179 0.05128 0.06667 0.11282 0.07179 0.01026 0.06154 0.03077 0.05128 0.08205 0.01026 0.03077 0.04103
GNM14166                       0.07179 0.01538 0.03590 0.05128 0.01538 0.02564 0.05128 0.07692 0.04615 0.06154 0.08718 0.10256 0.02564 0.06667 0.04103 0.07179 0.06667 0.01538 0.02051 0.05128
GNM13993                       0.03825 0.03825 0.04918 0.03825 0.01639 0.01639 0.09290 0.07650 0.03279 0.10383 0.08743 0.09836 0.04372 0.02732 0.03825 0.05464 0.05464 0.00546 0.04918 0.03825
GNM14450                       0.04082 0.02551 0.04082 0.04592 0.01531 0.02551 0.04082 0.06122 0.04082 0.06633 0.08673 0.07143 0.04082 0.03061 0.04082 0.10714 0.09694 0.01020 0.05102 0.06122
GNM13515                       0.07692 0.00513 0.05641 0.04103 0.01538 0.03077 0.06154 0.07179 0.04615 0.09744 0.10256 0.08718 0.01538 0.06154 0.03590 0.05641 0.08718 0.01026 0.02051 0.02051
GNM14959                       0.06667 0.06154 0.03077 0.04103 0.01026 0.01026 0.08718 0.05641 0.04615 0.07692 0.07179 0.03590 0.03590 0.04615 0.04103 0.07179 0.06667 0.02051 0.03077 0.09231
GNM13413                       0.08629 0.06091 0.01523 0.02030 0.00508 0.00508 0.09137 0.10152 0.05584 0.05076 0.09137 0.05076 0.02030 0.01015 0.04061 0.08629 0.05076 0.01015 0.05584 0.09137
GNM14990                       0.07179 0.02051 0.07179 0.03590 0.01538 0.04103 0.05641 0.07692 0.05128 0.09231 0.08718 0.07179 0.02051 0.04615 0.03590 0.05128 0.06154 0.01538 0.03590 0.04103
GNM15005                       0.07179 0.01538 0.07692 0.03077 0.01538 0.04103 0.05128 0.08205 0.05128 0.08718 0.08718 0.07179 0.02051 0.04615 0.03590 0.05641 0.06154 0.01538 0.03590 0.04615
GNM15013                       0.07179 0.01538 0.07179 0.03590 0.01538 0.04103 0.05128 0.07692 0.05641 0.08205 0.08718 0.07179 0.02051 0.04615 0.03590 0.06154 0.06154 0.01538 0.03077 0.05128
GNM15014                       0.07692 0.01538 0.07692 0.03590 0.01538 0.04103 0.05128 0.07692 0.05128 0.09231 0.08718 0.07179 0.02051 0.04615 0.03590 0.05641 0.05641 0.01538 0.03077 0.04615
GNM15022                       0.07179 0.01538 0.07179 0.03590 0.01538 0.04103 0.05128 0.07692 0.05128 0.09231 0.08718 0.07179 0.02051 0.04615 0.03590 0.06154 0.06154 0.01538 0.03590 0.04103
GNM15017                       0.07935 0.01589 0.04762 0.04762 0.01589 0.04762 0.03175 0.07935 0.06349 0.06349 0.07935 0.06349 0.01589 0.06349 0.04762 0.09522 0.04762 0.00002 0.03175 0.06349
GNM15018                       0.08718 0.01026 0.03590 0.06154 0.02051 0.03590 0.06667 0.07179 0.05641 0.04103 0.12308 0.09231 0.01538 0.05641 0.04103 0.03077 0.07179 0.01026 0.02051 0.05128
GNM15025                       0.07692 0.01026 0.06154 0.04615 0.01538 0.03077 0.06154 0.07179 0.05128 0.06667 0.09744 0.07692 0.02564 0.05128 0.03077 0.06154 0.05641 0.01538 0.03590 0.05641
GNM15024                       0.08718 0.01026 0.03590 0.06154 0.02051 0.03590 0.06667 0.07179 0.05641 0.04103 0.12308 0.09231 0.01538 0.05641 0.04103 0.03077 0.07179 0.01026 0.02051 0.05128
GNM14980                       0.08718 0.01026 0.03590 0.06154 0.02051 0.03590 0.06667 0.07179 0.05641 0.04103 0.12308 0.09231 0.01538 0.05641 0.04103 0.03077 0.07179 0.01026 0.02051 0.05128
GNM15000                       0.08718 0.01026 0.03590 0.06154 0.02051 0.03590 0.06667 0.07179 0.05641 0.04103 0.12308 0.09231 0.01538 0.05641 0.04103 0.03077 0.07179 0.01026 0.02051 0.05128
GNM15026                       0.07692 0.01026 0.05641 0.03590 0.01538 0.04103 0.06667 0.07179 0.04103 0.07179 0.08718 0.07179 0.03077 0.05128 0.02564 0.07692 0.06667 0.01538 0.03590 0.05128
GNM15027                       0.06897 0.03448 0.00575 0.02874 0.01724 0.02299 0.06897 0.07471 0.03448 0.04598 0.12069 0.06897 0.01724 0.04023 0.04598 0.12069 0.05172 0.02299 0.04023 0.06897
GNM15019                       0.08205 0.01538 0.03077 0.03077 0.02051 0.05641 0.05128 0.07179 0.05641 0.05128 0.10769 0.07179 0.01026 0.06667 0.03077 0.07179 0.07692 0.01026 0.02051 0.06667
GNM15003                       0.07692 0.01538 0.07179 0.03590 0.01538 0.04103 0.05128 0.08205 0.05641 0.09231 0.08718 0.07179 0.02051 0.04615 0.03590 0.05641 0.06154 0.01538 0.03077 0.03590
GNM11003                       0.06349 0.03175 0.07407 0.03175 0.01058 0.02116 0.05291 0.05820 0.04762 0.13228 0.07407 0.08466 0.01058 0.02646 0.03175 0.08466 0.05291 0.00529 0.02646 0.07937
GNM11023                       0.13706 0.06599 0.02030 0.01523 0.00508 0.01015 0.09137 0.08122 0.04061 0.03046 0.10660 0.05584 0.01015 0.01523 0.06091 0.07614 0.06599 0.01015 0.03046 0.07107
GNM11055                       0.10204 0.02551 0.03571 0.03571 0.00510 0.01531 0.10714 0.06122 0.03061 0.05612 0.05612 0.07653 0.02551 0.05612 0.03061 0.07653 0.08163 0.00510 0.03061 0.08673
GNM11146                       0.04615 0.04615 0.04615 0.04615 0.00000 0.01026 0.07179 0.07179 0.04103 0.08205 0.09744 0.06154 0.02564 0.03590 0.05641 0.07179 0.05641 0.02051 0.02564 0.08718
GNM11219                       0.11917 0.09326 0.00518 0.02073 0.01554 0.02591 0.09845 0.10363 0.04145 0.04663 0.09326 0.02591 0.02591 0.04145 0.04145 0.04663 0.05181 0.01554 0.03627 0.05181
GNM11220                       0.10769 0.05128 0.04615 0.02051 0.01026 0.00000 0.07179 0.07179 0.03077 0.03590 0.11282 0.05641 0.04103 0.02564 0.05641 0.10769 0.03077 0.01538 0.02564 0.08205
GNM11222                       0.11675 0.04061 0.02030 0.02538 0.00508 0.03553 0.07107 0.09137 0.04569 0.03046 0.12183 0.06091 0.00508 0.04061 0.04061 0.06599 0.03553 0.03046 0.02030 0.09645
GNM11223                       0.14729 0.03101 0.00775 0.03876 0.01550 0.00775 0.07752 0.07752 0.03876 0.05426 0.09302 0.08527 0.03101 0.03101 0.04651 0.04651 0.03876 0.00775 0.03101 0.09302
GNM11224                       0.12821 0.04615 0.03077 0.03590 0.01026 0.00513 0.06154 0.07179 0.04103 0.08205 0.10256 0.07179 0.03077 0.02051 0.04103 0.06667 0.04103 0.01538 0.02051 0.07692
GNM11225                       0.12308 0.07692 0.01538 0.05128 0.01026 0.01538 0.06154 0.07692 0.03590 0.07179 0.09744 0.04615 0.04615 0.02051 0.04615 0.08205 0.03590 0.01026 0.02051 0.05641
GNM11358                       0.05612 0.01020 0.09184 0.02551 0.01020 0.02041 0.05612 0.05612 0.03061 0.09694 0.09184 0.08673 0.03061 0.05612 0.02551 0.13265 0.06122 0.01020 0.03061 0.02041
GNM11360                       0.08205 0.00513 0.03590 0.06667 0.01538 0.04103 0.04615 0.07692 0.04615 0.06154 0.10769 0.08718 0.02051 0.05641 0.04615 0.04615 0.06154 0.01538 0.02564 0.05641
GNM11362                       0.07692 0.04103 0.05128 0.05641 0.02564 0.01026 0.04615 0.05128 0.03590 0.08718 0.11795 0.04615 0.03590 0.02051 0.03077 0.11795 0.05128 0.01026 0.05128 0.03590
GNM11367                       0.09231 0.00000 0.04615 0.04615 0.01538 0.04103 0.06667 0.06667 0.05128 0.05128 0.13333 0.08718 0.01538 0.05641 0.03077 0.05128 0.08205 0.01538 0.02051 0.03077
GNM11377                       0.12821 0.03077 0.02564 0.05641 0.01538 0.02051 0.04615 0.07179 0.04103 0.04615 0.11795 0.07179 0.03077 0.04103 0.03590 0.08205 0.05128 0.00513 0.02051 0.06154
GNM11380                       0.08718 0.01538 0.04103 0.05128 0.01538 0.01538 0.06667 0.08205 0.04615 0.06667 0.10256 0.09231 0.03077 0.05128 0.03590 0.06667 0.05641 0.01538 0.02051 0.04103
GNM11383                       0.08205 0.00513 0.03077 0.04103 0.01538 0.06154 0.06154 0.08718 0.05641 0.07692 0.11282 0.06154 0.01026 0.05128 0.04103 0.06154 0.07179 0.01026 0.02564 0.03590
GNM11491                       0.09231 0.06154 0.02564 0.05641 0.01538 0.01538 0.08205 0.12308 0.03590 0.03590 0.09744 0.04615 0.02564 0.04103 0.04103 0.04103 0.05641 0.00513 0.03077 0.07179
GNM11804                       0.09744 0.03077 0.03590 0.02564 0.00000 0.01538 0.11282 0.06154 0.03077 0.07179 0.06154 0.09744 0.01026 0.07692 0.03077 0.07692 0.06667 0.00513 0.02564 0.06667
GNM11805                       0.07692 0.03297 0.03846 0.04396 0.00549 0.00549 0.08242 0.09341 0.04945 0.08791 0.06593 0.08242 0.04396 0.04396 0.03846 0.06044 0.04396 0.00549 0.03846 0.06044
GNM12883                       0.08901 0.04188 0.04712 0.04712 0.02094 0.02618 0.05236 0.06806 0.03141 0.05759 0.11518 0.07330 0.03665 0.02094 0.04188 0.09948 0.04712 0.00524 0.03141 0.04712
GNM12886                       0.06593 0.02747 0.03297 0.05495 0.01648 0.03297 0.05495 0.07692 0.04396 0.06593 0.08791 0.08242 0.03846 0.03846 0.03297 0.09341 0.06593 0.00549 0.03297 0.04945
GNM12892                       0.05641 0.02564 0.04615 0.03590 0.01538 0.02564 0.05641 0.08205 0.03590 0.09744 0.09231 0.07179 0.03077 0.02051 0.03590 0.08205 0.05641 0.01026 0.05641 0.06667
GNM12895                       0.04082 0.02551 0.04082 0.04592 0.01531 0.02551 0.04082 0.06122 0.04082 0.06633 0.08673 0.07143 0.04082 0.03061 0.04082 0.10714 0.09694 0.01020 0.05102 0.06122
GNM13062                       0.12755 0.04592 0.01020 0.03571 0.00000 0.02551 0.07143 0.08673 0.02551 0.04592 0.11224 0.06633 0.02551 0.04082 0.03061 0.07653 0.06633 0.01020 0.04082 0.05612
GNM13064                       0.03825 0.03825 0.04918 0.03279 0.01639 0.01639 0.09836 0.07650 0.03279 0.10383 0.08743 0.09836 0.04372 0.02732 0.03825 0.05464 0.05464 0.00546 0.04918 0.03825
GNM13066                       0.05102 0.03571 0.05102 0.02041 0.01531 0.03571 0.08673 0.06122 0.03061 0.11735 0.08163 0.10204 0.03571 0.02551 0.04082 0.08163 0.04592 0.00510 0.04592 0.03061
GNM11034                       0.13776 0.07653 0.01531 0.03571 0.01020 0.01531 0.05612 0.10204 0.03571 0.03571 0.08673 0.01531 0.02551 0.02551 0.03571 0.08163 0.05102 0.02041 0.03061 0.10714
GNM11363                       0.07692 0.04103 0.05128 0.05641 0.02564 0.01026 0.04615 0.05128 0.03590 0.08718 0.11795 0.04615 0.03590 0.02051 0.03077 0.11795 0.05128 0.01026 0.05128 0.03590
GNM11375                       0.09744 0.00513 0.02564 0.07179 0.01538 0.04103 0.05128 0.07179 0.05641 0.04615 0.12308 0.08718 0.01538 0.05128 0.03590 0.06667 0.07179 0.01026 0.01538 0.04103
GNM11381                       0.10256 0.00513 0.02564 0.04103 0.01538 0.05641 0.06667 0.06667 0.07179 0.04615 0.10769 0.06667 0.03590 0.05128 0.04103 0.06154 0.07179 0.01026 0.01538 0.04103
GNM11382                       0.09231 0.01538 0.04103 0.04615 0.01538 0.05128 0.06154 0.07692 0.06154 0.06154 0.11282 0.07179 0.01026 0.05128 0.03590 0.05128 0.07179 0.01538 0.01538 0.04103
GNM11841                       0.16402 0.05820 0.01058 0.07407 0.01058 0.01587 0.07937 0.10053 0.06349 0.02646 0.07937 0.01058 0.02646 0.03175 0.03704 0.05291 0.04233 0.01587 0.01587 0.08466
GNM11931                       0.14815 0.07407 0.01058 0.07937 0.01058 0.01058 0.04762 0.09524 0.05820 0.02646 0.05291 0.00000 0.02646 0.02116 0.04762 0.07407 0.05820 0.02116 0.02116 0.11640
GNM12071                       0.15344 0.06349 0.01587 0.06349 0.00529 0.01058 0.09524 0.10053 0.04233 0.03704 0.06878 0.01058 0.00529 0.03704 0.04762 0.04762 0.05820 0.01587 0.01587 0.10582
GNM12125                       0.08808 0.08290 0.01554 0.02073 0.00518 0.02073 0.08290 0.07772 0.04663 0.05699 0.08808 0.04663 0.01554 0.02591 0.06218 0.06218 0.07772 0.01554 0.03627 0.07254
GNM12126                       0.12821 0.06154 0.01538 0.04615 0.01538 0.00513 0.09744 0.07179 0.04103 0.01538 0.08718 0.08205 0.01026 0.02564 0.05128 0.06154 0.03590 0.01538 0.04103 0.09231
GNM12128                       0.04688 0.06250 0.03646 0.03125 0.00521 0.01042 0.07292 0.07292 0.03125 0.10417 0.05208 0.06771 0.03646 0.04167 0.05208 0.09375 0.05208 0.02083 0.03125 0.07812
GNM12182                       0.05291 0.05291 0.03704 0.03175 0.01058 0.01587 0.05820 0.05820 0.04233 0.12169 0.06349 0.06349 0.02116 0.01587 0.06349 0.12698 0.07407 0.00529 0.01587 0.06878
GNM12342                       0.06599 0.01523 0.05584 0.05584 0.01523 0.00508 0.07614 0.06599 0.03046 0.07614 0.09645 0.11168 0.00508 0.05584 0.04061 0.06599 0.04569 0.01015 0.04569 0.06091
GNM12351                       0.09184 0.05612 0.03061 0.08673 0.01531 0.02041 0.06122 0.08673 0.03571 0.05102 0.08673 0.04082 0.02551 0.04592 0.03571 0.10714 0.01531 0.00510 0.02551 0.07653
GNM12356                       0.05584 0.02030 0.06599 0.06599 0.02030 0.02030 0.06599 0.06091 0.03046 0.11168 0.07107 0.08629 0.01015 0.06091 0.02538 0.07614 0.04569 0.01015 0.04061 0.05584
GNM12357                       0.04082 0.01020 0.05612 0.06122 0.00510 0.03571 0.08163 0.07143 0.03571 0.08673 0.07653 0.08673 0.02041 0.05612 0.04592 0.08673 0.05612 0.01020 0.04082 0.03571
GNM12366                       0.04082 0.01020 0.07143 0.04592 0.01020 0.03061 0.07143 0.06633 0.05102 0.08673 0.10204 0.09184 0.00510 0.05102 0.04592 0.07143 0.06122 0.01020 0.03571 0.04082
GNM12373                       0.10714 0.04592 0.03571 0.05102 0.00510 0.02041 0.06122 0.08673 0.05102 0.09184 0.06122 0.04082 0.02551 0.04082 0.04592 0.07653 0.04592 0.01020 0.02041 0.07653
GNM12385                       0.13776 0.06122 0.02551 0.04592 0.00000 0.03061 0.05102 0.10204 0.04592 0.06122 0.09694 0.01531 0.02041 0.02041 0.05102 0.06122 0.07143 0.01020 0.02551 0.06633
GNM12551                       0.11111 0.07071 0.02525 0.09091 0.02020 0.00505 0.08586 0.07071 0.03535 0.05051 0.07071 0.04545 0.00505 0.02525 0.06566 0.04040 0.04545 0.01010 0.03030 0.09596
GNM12554                       0.14286 0.07653 0.01531 0.04082 0.00510 0.02551 0.05102 0.08673 0.04592 0.06122 0.08163 0.01531 0.01531 0.02551 0.05102 0.08163 0.05102 0.00510 0.02041 0.10204
GNM12592                       0.12565 0.07853 0.01047 0.03141 0.01047 0.02618 0.07853 0.07330 0.03665 0.06806 0.10995 0.03665 0.01047 0.04188 0.04188 0.10471 0.02618 0.01047 0.02094 0.05759
GNM12596                       0.09137 0.04569 0.02538 0.03046 0.01015 0.03046 0.09137 0.06599 0.04061 0.07107 0.09137 0.07614 0.02538 0.03046 0.04569 0.09137 0.05076 0.00508 0.02538 0.05584
GNM12602                       0.09137 0.03553 0.02538 0.04061 0.01523 0.02538 0.07614 0.06091 0.03046 0.07614 0.08629 0.09645 0.02030 0.03553 0.04061 0.10660 0.05076 0.00508 0.02538 0.05584
GNM12665                       0.09137 0.03046 0.03046 0.03553 0.01015 0.02538 0.08629 0.07107 0.04061 0.07107 0.08629 0.09645 0.02030 0.03046 0.04061 0.10660 0.04569 0.00508 0.02538 0.05076
GNM12749                       0.09694 0.06633 0.02041 0.05612 0.00510 0.02041 0.05612 0.09184 0.04082 0.08673 0.09694 0.03061 0.02551 0.03571 0.04592 0.06633 0.09184 0.00510 0.03061 0.03061
GNM12766                       0.05641 0.04103 0.05641 0.05641 0.01538 0.01538 0.08205 0.07692 0.02564 0.09744 0.08205 0.07179 0.00513 0.05641 0.04103 0.07179 0.03590 0.01026 0.04615 0.05641
GNM12841                       0.13757 0.06349 0.01058 0.08466 0.01058 0.01587 0.05820 0.11640 0.03704 0.03175 0.08466 0.01058 0.00529 0.04233 0.03704 0.08995 0.04762 0.01587 0.01587 0.08466
GNM12849                       0.07778 0.00000 0.04444 0.03889 0.01667 0.04444 0.05556 0.07778 0.04444 0.06111 0.11111 0.07778 0.01667 0.06111 0.03889 0.05556 0.10556 0.01667 0.01667 0.03889
GNM12869                       0.07692 0.01538 0.03077 0.06667 0.02051 0.03590 0.06667 0.07179 0.05641 0.04615 0.11795 0.09231 0.01538 0.06154 0.04103 0.03590 0.06667 0.01026 0.02051 0.05128
GNM12896                       0.08718 0.03077 0.03077 0.06154 0.01538 0.01538 0.06667 0.08205 0.04103 0.04615 0.09231 0.07692 0.03077 0.06667 0.03590 0.05128 0.06667 0.01538 0.02564 0.06154
GNM12897                       0.07179 0.01026 0.04615 0.05128 0.01538 0.02051 0.06667 0.08718 0.04615 0.08205 0.09231 0.08718 0.03077 0.05128 0.04103 0.06154 0.05128 0.01538 0.03077 0.04103
GNM12902                       0.06154 0.04103 0.05641 0.06667 0.00513 0.00513 0.06154 0.07692 0.03590 0.12821 0.06667 0.06667 0.03077 0.03077 0.02564 0.11795 0.04103 0.01026 0.04615 0.02564
GNM12903                       0.08649 0.05946 0.04324 0.03243 0.01081 0.00541 0.07027 0.03784 0.04324 0.08108 0.10270 0.05405 0.01622 0.04865 0.05946 0.06486 0.07027 0.01081 0.02162 0.08108
GNM12906                       0.10753 0.06452 0.03226 0.04301 0.01075 0.00538 0.07527 0.04301 0.05376 0.05914 0.08602 0.04839 0.02688 0.03226 0.05914 0.05376 0.06452 0.01075 0.02151 0.10215
GNM12907                       0.08602 0.06452 0.03226 0.04839 0.01075 0.00538 0.05914 0.04839 0.03763 0.04301 0.09140 0.04839 0.02151 0.03763 0.06452 0.06452 0.06989 0.01613 0.02688 0.12366
GNM12909                       0.08065 0.03763 0.04301 0.04301 0.01075 0.01613 0.06452 0.02688 0.03763 0.07527 0.08065 0.05914 0.01613 0.04301 0.06989 0.07527 0.06989 0.01075 0.03763 0.10215
GNM12915                       0.10714 0.03061 0.03061 0.03061 0.00510 0.03061 0.08673 0.07653 0.03061 0.08673 0.07653 0.08163 0.03571 0.03061 0.03061 0.07143 0.05102 0.02041 0.03061 0.05612
GNM10046                       0.10204 0.03571 0.02041 0.02551 0.00510 0.01531 0.10204 0.07143 0.03571 0.07653 0.08673 0.08673 0.03571 0.02551 0.03061 0.08163 0.05102 0.02041 0.03061 0.06122
GNM12918                       0.10204 0.03571 0.02551 0.03061 0.00510 0.02551 0.08673 0.08163 0.03061 0.08673 0.07653 0.08163 0.04082 0.03061 0.03061 0.07143 0.05612 0.02041 0.03061 0.05102
GNM12931                       0.05584 0.05584 0.03553 0.02030 0.01015 0.01015 0.07614 0.07614 0.05584 0.10660 0.05584 0.07614 0.02030 0.02538 0.05584 0.06599 0.04569 0.00508 0.06599 0.08122
GNM12938                       0.03704 0.02116 0.02116 0.04233 0.01058 0.02646 0.05291 0.06878 0.03704 0.08466 0.06878 0.08995 0.00529 0.03704 0.06878 0.08466 0.07407 0.00529 0.03704 0.12698
GNM12996                       0.04762 0.03704 0.03175 0.04762 0.00529 0.01587 0.06349 0.06349 0.03704 0.12169 0.07937 0.09524 0.01058 0.02116 0.04762 0.08995 0.06349 0.00529 0.03704 0.07937
GNM13018                       0.03704 0.03175 0.04233 0.04233 0.00529 0.01587 0.06349 0.06349 0.03704 0.13228 0.06878 0.09524 0.01058 0.02116 0.04762 0.08995 0.07407 0.00529 0.03704 0.07937
GNM13027                       0.03704 0.03175 0.04233 0.03704 0.00529 0.01587 0.07407 0.06349 0.03704 0.13757 0.07407 0.07937 0.01058 0.03175 0.04233 0.07937 0.07407 0.00529 0.04762 0.07407
GNM13046                       0.07692 0.01538 0.05641 0.05128 0.01538 0.05128 0.05641 0.07179 0.05641 0.08205 0.09744 0.07692 0.02051 0.05641 0.03590 0.05128 0.05641 0.01538 0.01538 0.04103
GNM13053                       0.07179 0.05641 0.04615 0.03077 0.01026 0.03077 0.08205 0.05641 0.03590 0.06667 0.08205 0.04103 0.01026 0.03077 0.06154 0.09231 0.06667 0.01026 0.04615 0.07179
GNM13074                       0.10204 0.03571 0.02551 0.02041 0.00510 0.02551 0.08673 0.07143 0.03571 0.09184 0.08673 0.08163 0.04082 0.01531 0.02551 0.09184 0.06122 0.02041 0.03061 0.04592
GNM10010                       0.11224 0.04082 0.02551 0.03061 0.00510 0.01020 0.09694 0.08163 0.04082 0.05612 0.09694 0.09184 0.04082 0.01531 0.03061 0.04592 0.06122 0.02041 0.02551 0.07143
GNM10014                       0.11735 0.03571 0.02041 0.03571 0.00510 0.02551 0.09184 0.08163 0.03571 0.07143 0.08163 0.07653 0.03061 0.02041 0.03061 0.06122 0.06122 0.02041 0.03061 0.06633
GNM13090                       0.10714 0.02551 0.03571 0.03571 0.00510 0.02041 0.09184 0.06633 0.03571 0.09184 0.08673 0.08673 0.04082 0.01531 0.03061 0.06122 0.06633 0.02041 0.03061 0.04592
GNM13126                       0.05612 0.06633 0.04592 0.06633 0.01020 0.00000 0.07143 0.07653 0.04592 0.06122 0.04592 0.05102 0.04592 0.03571 0.05612 0.07143 0.06633 0.01020 0.03571 0.08163
GNM13128                       0.07143 0.04592 0.03571 0.08163 0.01020 0.02041 0.06122 0.06633 0.04082 0.06633 0.05612 0.08163 0.03061 0.03571 0.04592 0.07143 0.06122 0.01020 0.03571 0.07143
GNM13208                       0.08696 0.06522 0.02717 0.03261 0.01087 0.01087 0.09783 0.05435 0.04891 0.08152 0.09783 0.04891 0.02717 0.03261 0.06522 0.05978 0.04891 0.01630 0.01087 0.07609
GNM13210                       0.05584 0.04569 0.02538 0.03553 0.00508 0.00508 0.08122 0.08629 0.05584 0.10660 0.08122 0.06599 0.01523 0.01523 0.03553 0.11168 0.03553 0.01015 0.06091 0.06599

Homogeneity statistic: X2 = 16.23627 G = 16.99020 

Average                        0.08840 0.03665 0.03516 0.04485 0.01209 0.02471 0.06803 0.07578 0.04291 0.07013 0.09349 0.06706 0.02310 0.03946 0.04081 0.07278 0.05934 0.01221 0.03036 0.06268
(Ambiguity characters are used to calculate freqs.)


# constant sites:      1 (0.51%)

TREE #  1:  ((((((((42, 139), 125), (59, 93)), 94), 95), (((127, 128), (96, 58)), (126, 129))), (((((119, 118), 121), 120), 138), (61, 41))), (((((((((((((((((((43, 44), ((45, 47), 19)), 57), 46), (50, 54)), 48), 23), (((71, 18), (21, 20)), 40)), ((((((((53, 51), 52), 49), 114), (16, 4)), (((56, (24, 36)), 5), (87, 17))), ((7, 69), 113)), 75)), 130), (((88, 74), 15), 89)), (((115, 73), 116), 37)), (((((79, 3), 78), (72, 10)), (27, 80)), (11, 68))), (81, 39)), (86, 70)), ((((38, 83), 84), (12, 131)), (((34, 82), 9), 55))), 35), ((((32, 33), (1, 30)), (2, 28)), (((85, 8), 31), 29))), ((((((22, 26), 25), ((65, 66), 67)), 62), 64), ((14, 13), 63))), ((((((((((109, 107), 108), 98), 106), (((105, 103), 110), 102)), (((6, 92), (90, 112)), 91)), (60, 76)), ((137, 136), (77, 117))), (((((101, 100), 99), 111), 97), 104)), ((((133, 134), 135), 132), ((124, 122), 123))));   MP score: -1
lnL(ntime:275  np:276): -28082.209461      +0.000000
 140..141 141..142 142..143 143..144 144..145 145..146 146..147 147..42  147..139 146..125 145..148 148..59  148..93  144..94  143..95  142..149 149..150 150..151 151..127 151..128 150..152 152..96  152..58  149..153 153..126 153..129 141..154 154..155 155..156 156..157 157..158 158..119 158..118 157..121 156..120 155..138 154..159 159..61  159..41  140..160 160..161 161..162 162..163 163..164 164..165 165..166 166..167 167..168 168..169 169..170 170..171 171..172 172..173 173..174 174..175 175..176 176..177 177..178 178..43  178..44  177..179 179..180 180..45  180..47  179..19  176..57  175..46  174..181 181..50  181..54  173..48  172..23  171..182 182..183 183..184 184..71  184..18  183..185 185..21  185..20  182..40  170..186 186..187 187..188 188..189 189..190 190..191 191..192 192..193 193..53  193..51  192..52  191..49  190..114 189..194 194..16  194..4   188..195 195..196 196..197 197..56  197..198 198..24  198..36  196..5   195..199 199..87  199..17  187..200 200..201 201..7   201..69  200..113 186..75  169..130 168..202 202..203 203..204 204..88  204..74  203..15  202..89  167..205 205..206 206..207 207..115 207..73  206..116 205..37  166..208 208..209 209..210 210..211 211..212 212..79  212..3   211..78  210..213 213..72  213..10  209..214 214..27  214..80  208..215 215..11  215..68  165..216 216..81  216..39  164..217 217..86  217..70  163..218 218..219 219..220 220..221 221..38  221..83  220..84  219..222 222..12  222..131 218..223 223..224 224..225 225..34  225..82  224..9   223..55  162..35  161..226 226..227 227..228 228..229 229..32  229..33  228..230 230..1   230..30  227..231 231..2   231..28  226..232 232..233 233..234 234..85  234..8   233..31  232..29  160..235 235..236 236..237 237..238 238..239 239..240 240..22  240..26  239..25  238..241 241..242 242..65  242..66  241..67  237..62  236..64  235..243 243..244 244..14  244..13  243..63  140..245 245..246 246..247 247..248 248..249 249..250 250..251 251..252 252..253 253..254 254..109 254..107 253..108 252..98  251..106 250..255 255..256 256..257 257..105 257..103 256..110 255..102 249..258 258..259 259..260 260..6   260..92  259..261 261..90  261..112 258..91  248..262 262..60  262..76  247..263 263..264 264..137 264..136 263..265 265..77  265..117 246..266 266..267 267..268 268..269 269..270 270..101 270..100 269..99  268..111 267..97  266..104 245..271 271..272 272..273 273..274 274..133 274..134 273..135 272..132 271..275 275..276 276..124 276..122 275..123
 0.127194 0.088445 0.028834 0.132822 0.036175 0.270632 0.101004 0.215393 0.239706 0.270596 0.084974 0.522525 0.614530 0.519755 0.607200 0.697080 0.043868 0.207852 0.040084 0.068374 0.137624 0.435024 0.158751 0.000000 0.297228 0.183157 0.539979 0.305443 0.284544 0.065634 0.024270 0.246845 0.172349 0.165903 0.166864 0.545622 0.000000 0.644663 0.553367 0.019706 0.040620 0.101807 0.172502 0.182923 0.000000 0.000000 0.501112 0.097227 0.016156 0.010523 0.017770 0.099658 0.013669 0.012308 0.048827 0.019056 0.000000 0.004189 0.017251 0.008540 0.000000 0.004234 0.008454 0.004228 0.000000 0.012731 0.015273 0.049104 0.056512 0.044556 0.161699 0.116229 0.064012 0.150858 0.090708 0.000000 0.000000 0.046187 0.000000 0.004343 0.150300 0.045677 0.036266 0.042512 0.080611 0.004737 0.026945 0.000000 0.000000 0.000000 0.000000 0.000000 0.000000 0.014170 0.000000 0.027822 0.041441 0.000000 0.022605 0.058156 0.080287 0.036985 0.029255 0.016880 0.096707 0.067554 0.027029 0.019735 0.065000 0.058638 0.009823 0.004789 0.077078 0.389778 0.081874 0.069907 0.031415 0.028901 0.066548 0.048528 0.124067 0.071416 0.117066 0.019098 0.023548 0.085171 0.046255 0.119814 0.050743 0.124002 0.097729 0.158121 0.026684 0.005009 0.071444 0.039100 0.214430 0.151143 0.040478 0.041938 0.172142 0.008623 0.000000 0.272345 0.206762 0.192807 0.372991 0.000000 0.000000 0.272065 0.000000 0.000000 0.000000 0.000000 0.552117 0.158516 0.004501 0.000000 0.040146 0.138552 0.222679 0.185575 0.073662 0.335406 0.029554 0.106367 0.101413 0.108782 0.380195 0.823067 0.325157 0.060975 0.097059 0.343495 0.007194 0.011359 0.207698 0.202110 0.227550 0.611253 0.057134 0.032893 0.327770 0.193531 0.079130 0.082929 0.012203 0.118933 0.243164 0.056740 0.019607 0.004629 0.271547 0.055392 0.017525 0.257495 0.097546 0.144249 0.042421 0.188459 0.068217 0.033796 0.238754 0.722338 0.674786 0.000000 0.642669 0.000000 0.000000 0.588663 0.053258 0.000000 0.000000 0.192066 0.000000 0.033884 0.044495 0.083533 0.261501 0.000070 0.042850 0.097775 0.088480 0.353017 0.607753 0.375782 0.047553 0.059353 0.258780 0.294154 0.611327 0.376775 0.654804 0.015936 0.070471 0.197324 0.235167 0.034263 0.247103 0.258405 0.305296 0.432858 0.186794 0.181560 0.550829 0.294892 0.153225 0.141708 0.165797 0.254887 0.418196 0.142956 0.420467 0.081804 0.055136 0.148210 0.069334 0.110095 0.243592 0.124397 0.133829 0.683894 0.528647 0.010530 0.015774 0.010002 0.144326 0.052674 0.066845 0.112836 0.054865 0.040657 0.048590 0.013276 0.070521 1.129553
