
Printing out site pattern counts


       141        131  P

GNM13746                        --AAAAAAAA ACCCDDDDDD DDEEEEEEEE EEEEFFFFFG GGGGGHIIII IIIIIIIIIK KKKKKKKKKK KKKKLLLLLL LLLLLNNNPP PQQQQRRRRR RRRRRSSTTT TTTVVVVVVW WWWYYYYYYY Y
GNM13538                        --AAAAAAAD SCCCDDDDEN RVDDEEEEEE EGKQDFFFYG GGGGSHAIII IIIILLMQRE EIKKKKKKKN RRRRILLLLL LLLLLGNNPP QEQQQAKKKN QRRRRQSRST TTTAKVVVVF WWWFLRYYYY Y
GNM13876                        --ALLMNSVQ SCCCDDEREG RHEEDEEEEL TEKRLFFMRG GGSYGNVEII VVVVLLMEKE EDDDKKKRSK KRRTLAALLL LLLLLKAKKK PTEQQQIRVT RGRRVASMSG TTTVKIILVW HNWNLYAFHY Y
GNM13680                        --AAVAAAAE TCCCDDDDED KVEEEDEEED NGTRFFFFFG GKGGATAIII IIIVILVTKD EIKKHKRKEE KKRKLILLLL LLLLMGDNEP PAQKQQKRKN RRRRRKSQSK NTTVKVVVVH WYWFLVYYYY Y
GNM14837                        --ASASAAAD TCCCDDEDED KVDDEEDEED SGKSMFFFFG GQGGSSTIII IIILILLKKE KMRRQKRKNE KKRKYILLLL LLLTLNDNEP VNERERKRKN RRRRRQSQAT NTTVKVVVVH WKWFGVYYYY Y
GNM13928                        --ASASAAAD TCCCDDEDED KVDDEEDEED SGKQMFFFFG GQGGSSTIII IIILILLKKE KMRRQKRKNE KKRKYILLLL LLLELNDNEP VNERERKRKN RRRRRQSQAT NTTVKVVVVH WKWFGVYYYY Y
GNM13297                        --AAAAAAAD SCCCDDDDEN RVDDEEEEEE EGKQDFFFYG GGGGSHAIII IIIILLMQRE EIKKKKKKKN RRRRILLLLL LLLLLGNNPP QEQQQAKKKN QRRRRQSRST TTTAKVVVVF WWWFLRYYYY Y
GNM14865                        --AAVEAAAE SCSTDDEITE YVEPESDEEE EEDEGFFFLE GGRYDHFRIL ALLMLPMRQD DDDEERRRRE PRASMLLLLL LLPLLAENEP QEEHNYMTNE LARRREEENE PLTARTVIVL WRWYHFGYFY Y
GNM13455                        --ASASAAAD TCCCDDEDED KVEDEEDEED SGKSMFFFFG GGGGSSTIII IIILILLKKE KMRRQKRKNE KKRKYILFLL LLLTLSDNEP VDERERKRKS RRRRRQSQYT NTTVKVVVVH WKWFGVYYYY Y
GNM14938                        --AVIVAAAQ TCCCDDDREE VGDEEPEMYF TERDFFFVRG AGGYSNLVII VILRLLVQKD QQEDKKKYSR RKRNVVLKLL LMMVLGEKKP RTQHQTVRLG RAIRVAEQQD KLSVRIVLVW REWLHLAFHF Y
GNM14483                        --AAAAAAAE TCCCDDDDDN RVEPEEDEEE TGERFFFFFG GGGGSHAVII IVIVLLMDKN DTKKRKNRDQ RKRRLILLLL LLLLLHKKPP PDQQQRRKRT RRRRRQSQTT TTTAKVVTVY WWWFNRYYYY Y
GNM14872                        --AAVAAASE TCCCDDDDED KVEEEDEEED NGTRFFFFFG GKGGATAIII IIIVILVTKD EIKKHKRKDE KKRKLILLLL LLLLLGDNEP PTQKHQKRKN RRRRRKSQSK NTTVKVVVVH WYWFLVYYYH Y
GNM13855                        --AASAAAAE TCCCDDDDED KVEDEDEEED NGTRFFFFFG GKGGASAIII IIIHLLISKE DIKRQKRKED QKRKLILLLL LLLLLEENEP PYQKHRKRKN RKRRRNLQSK NTTVKVVVIH WYWFLIYYYY Y
GNM14445                        --AAAASAAE TCCCDDDDEN KVEEEEEEEE EGDIFFFFFG GTGGSHAVVI IAIIMLIIKD EAKKQKKREN RKRRLILLLL LLLLLKQNLP TEQQQRKRKG RRRRRKSQTT KTTTKVVVVS WWWFVLYYYF Y
GNM14404                        -EALRQIAIQ SCCCGVETDP RYDREDEEES KKRENFFFYE GGGTANLIIM AIIVILMEKK GDQRRVRSEN KKRYLILMLL LIELLAESGK IEEHRKKILQ KKRRREFEST NTTAKQLVIV VKWSVYGYYF Y
GNM14545                        -EALRQIAIQ SCCCGVETDP RYDREDEEES KKRENFFFYE GGGTANLIIM AIIVILMEKK GDQRRVRSEN KKRYLILMLL LIELLAESGK IEEHRKKILQ KKRRREFEST NTTAKQLVIV VKWSVYGYYF Y
GNM14366                        --AAASAAAQ TCCCDDDDED KVEDEEDEED RGNEFFFFFG GGGGASSIII IIILILLRKE KMRRQKRKNE KKRKLILLLL VLLALQTNEP VTEREKKRKN RRRRRQSQST NTTVKVVVVH WSWFMIYYYY Y
GNM14252                        --ASASAAAD TCCCDDEDED KVEDEEDEED SGKQMFFFFG GGGGSSTIII IIILILLKKE KMRRQKRKNE KKRKYILLLL LLLELNDNEP VDERERKRKN RRRRRQSQAT NTTVKVVVVH WKWFGVYYYY Y
GNM13760                        --ASASAAAD TCCCDDEDED KVDDEEDEED SGKSMFFFFG GGGGSSTIII IIILILLKKE KMRRQKRKNE KKRKYILLLL LLLELNDNEP VSERERKRKN RRRRRQSQAT NTTVKVVVVH WKWFGVYYYY Y
GNM13982                        --SSASSAAD TCCCDDDDED KVEDEEDEED SGGSFFFFFG GGGGGSSVII IIILILLKKD KMRRQKRKNE KRRKFILLLL LLLLLQDNEP VNQRERKRKN RRRRRKSQST NTTVKVVVVH WKWFLEYYYY Y
GNM13960                        --ASASAAAQ TCCCDDDDED KVDDEEDEEE SGKAFFFFFG GGGGASSVII IIILMLLKKE KMRRQQRKNE KKRKFILLLL LLLSLGDNEK VEKRERKRKN RRRRRHSQST NTTVKVVVVH WKWFEMYYYY Y
GNM14633                        --ASASHAAD TCCCDDDDED KVEDEEDEED SGGTFFFFFG GGGGGSSVII IIILILLRKD KMRRQKRKNE KRRKFILLLL LLLLLQDNEP VDQRERKRKN RRRRRKSQST NTTVKVVVVH WKWFLAYYYY Y
GNM14853                        --ASASHAAD TCCCDDDDED KVEDEEDEED SGGTFFFFFG GGGGGSSVII IIILILLRKD KMRRQKRKNE KRRKFILLLL LLLLLQDNEP VDQRERKRKN RRRRRKSQST NTTVKVVVVH WKWFLAYYYY Y
GNM14748                        --ASASAAAD TCCCDDEDED KVEDEEDEED SGKSMFFFFG GQGGSSTIII IIILILLKKE KMRRQKRKNE KKRKYILFLL LLLELDDNEP VDERERKRKN RRRRRQSQAT NTTVKVVVVH WKWFGVYYYY Y
GNM14640                        --AVTQAAID ACCCDDDKEE RSEEQERDEE TDKTVFFFFY GNGLSHLRVL VVIVLLMRRE NFNREKRREL RKKTLILLLL LIKLLKENQP PEQQQPKRHN HDRRRIAQNP TTTIRIILVY WKWYLIAFYY Y
GNM14965                        --AGAAAAAE TCCCDDDDED KVEEEDEEED IGARFFFFFG GKGGASAIII IIILLLVTKD EIKRQKRKED KKRKLILLLL LLLLMGENET PSQKQQKRKN RRRRRISQSK NTTVKVVVIH WYWFLVYYYY Y
GNM13677                        --ALLMNSVQ SCCCDDEREG RHEEDEEEEL TEKRLFFMRG GGSYGNVEII VVVVLLMERE EDEDKKKRSK KRRTLAALLL LLLLLKAKKK PAEQQQIRVT RGRRVASLSG TTTVKIILVW HNWNLYAFHY Y
GNM14339                        --ALMAIAAQ ACCCDEEQEG KVDAEDKDYL SEKDFFFLRG NGQYSNLDLV VILEILLNKE RREDRKKVEK EKRLVVLKLL LMLALGAKKP REEQQQLRLT RKLRMMSQTI NLRLRVLVVW KEWNKYAFHH Y
GNM14593                        --AFILASVQ YCCCEDEKNG RADEEEEEEH TERELFFFRG GRHYGHIDII LILEVLMKKD REDDEKKRKL KKRTLIILLL LLLLLKNKKP PEESQQMYST KRRRLEQNNP TTTIKIIAVW HEWNHLGFHY Y
GNM13825                        --ALVMAAAQ TCCCDDDREE VSDEESDMYF TERDFFFVRG AGQYSNIVII VIIRLLVQKE EQEDKKKYSR RKRNVVLKLL LMMVLGEKKP QSQHQTVRLG RAIRVMEQQD KLSVRVVLVW REWLHLAFHF Y
GNM14768                        --ALVKAAMQ YCCCDDEKDG QAEDQDREEA VSKRLFFFRG EKNYGNVEIV LIIAILMEKE EEKDLRRREI KKRTLIILLL MMIKLKERKP PQEQQEMYIS KRKRLEKNSL TLVLKIVAVW HRWNHLAFHA Y
GNM14776                        --ALVKAAMQ YCCCDDEKDG QAEDQDREEA VSKRLFFFRG GKNYGNVEIV LIIAILIEKE EEKDLRRREI KKRTLIILLL MMIKLKERKP SQEQQEMYIS KRKRLEKNSL TLVLKIVAVW HRWNHLAFHA Y
GNM14715                        --AAAAAAAE TCCCDDDDDN KVEPEEEEEE VGENFFFFFG GGGGSHAVII IVIVLLMEKN DTKKRKTREQ RKRRLILLLL LLLLLKKKPP SDQQQRRKRT RRRRRQSQMT TTTAKVVTVH WWWFNRYYYY Y
GNM14639                        --AAAAAAAE SCCCDDDDEN RVEEEIEEEE VGERLFFFFG GGGGSNAVII IIIIILMEKE EIKKKKKREE RRKKLILLLL LLLLLKNNPP TEQRQRKQHS RRRRRQSQNT TTTVKVVTVH WWWFNMYYYY Y
GNM13795                        --ASASAAAD TCCCDDEDED KVEDEEDEED SGKSMFFFFG GQGGSSTIII IIILILLKKE KMRRQKRKNE KKRKYILFLL LLLELNDNEP VDERERKRKN RRRRRQSQAT NTTVKVVVVH WKWFGVYYYY Y
GNM14166                        --ASASAAAD TCCCDDDDED KVDDEEDEED TGDQSFFFFG GGGGAAAIII IIILLLLRKE KIKRQKKKNE KKRKLILVLL VLLVLKDNEP LKQRERKRKN RRRRRHSQST NTTVKVVVVH WVWFLLYYYY Y
GNM13993                        --ASTSAAAE TCCCDDDDDN SVEEENEEEE VGNESFFFFG GGEGSNAIII IAIVILMQMT SIKKTKKRSE NKRRLVLLLL LLLILQNNNE AKEQQRKKRT RRRRRQEQEN NTTAKVVVVH WMWFVYYYYY Y
GNM13515                        --SSASHASE TCCCDDDDED KVDDEEDEED SGSTFFFFFG GGGGGSSIII IIILLLLKKE KMRRQKRKNE KKRKFILLLL LLLTLKDNEP VDHRERKRKN RRRRRQSQST NTTVKVVVVH WKWFLIYYYY Y
GNM13745                        --AASLAAAE TCCCDDDDEN KVQPEDNEEE VGTDAFFFFG GNEGSNATII IAIMILVTKT KIKKKKKRFE IKRRLVLLLL LLSALLKNLQ TSEQQHKKRR RKRRRQEQVT NTTSKVVVVH WFWFVYYYYY Y
GNM14030                        --ATAFAAAE TCCCDDDDDH KVEEEADEEE VGSDSFFFFR GGDGSNAIII IAIIILINIE KIKKTKKRDE NKRRLVLFLL LLLVLQRNVQ AKQQQRKKRN RKRRRQEQDP NTTTKVVVVH WWWFVYYYYF Y
GNM14959                        --VTIIFALT GCCDTDDVLA NEEETDNELE RRGADFLLYP RDGLGTIVIA VVLVLLYRKT TEQSMVGSSI KRKYLLLMLL LISVMTKTDP EENNFKIFAQ KKRRRHLHRT TLPINEIIII -NWHYYAYHT Y
GNM13413                        --AFVDVTLI VCCDTEPKPY RLVELDSEEL SEAQDFLVVP -GGPNNLGIS VALLIMYDIE REDKASRRAL KRKGLVILLL LILRMESNGP VERNGKLREM IRRRKARRGT RTAIKLLLGE -EWSNYGHQF Y
GNM14971                        --ASASAAAQ TCCCDDDDED KVDDEEDEEE SGKAFFFFFG GGGGASSVII IIILMLLKKE KMRRQQRKNE KKRKFILLLL LLLSLGDNEK VDKRERKRKN RRRRRQSQST NTTVKVVVVH WKWFEMYYYY Y
GNM14990                        ---------- T---D-DD-- KV-------- -G------F- G--GA-SV-- II-------D -MR-N--K-E -KNK-IL-FL ---SL---E- ---RERKRKN L-DRRK-Q-- ---VKV-VG- W-WF---YY- -
GNM15005                        --ASASAAAQ TCCCDDDDED KVDDEEDEEE SGKAFFFFFG GGGGASSVII IIILMLLKKE KMRRQQRKNE KKRKFILLLL LLLSLGDNEP VDKRERKRKN RRRRRHSQST NTTVKVVVVH WKWFEVYYYY Y
GNM14992                        --ASSSAAAQ TMCCDDDDED KVEDEEDEEE SGKAIFFFFG GGGGASSVII IIILILLR-E KMRRQQRKNE KKRKFILLLL LLLSLGDNEP VDKRERKRKN RRRRRQSQST NTTVKVVVVH WKWFVVYYYY Y
GNM15013                        --ASASAAAQ TCCCDDDDED KVDDEEDEEE SGKAFFFFFG GGGGASSVII IIILMLLKKE KMRRQQRKNE KKRKFILLLL LLLSLGDNEK VEKRERKRKN RRRRRQSQST NTTVKVVVVH WKWFEMYYYY Y
GNM15014                        --ASASAAAQ TCCCDDDDED KVEDEEDEEE SGKTFFFFFG GGGGASSVII IIILILLRKQ KMRRQQRKNE KKRKFILLLL LLLGLGDNEP VDKRERKRKN RRRRRQSQST NTTVKVVVVH WKWFEVYYYY Y
GNM14976                        --ASASAAAQ TCCCDDDDED TVDDEEDEEE SGKAFFFFFG GGGGASSVII IIILMLLKKD KMRRQQRKNE KKRKFILLLL LLLSLGDNEP VDKRERKRKK RRRRRQSQST NTTVKVVVVH WKWFEVYYYY Y
GNM14995                        --ASASGAAQ TMCCDDEDED KVDDEEDEED SGKTFFFFFG GGGGSSSIVI IIILILLGQG KMRRQKRKNQ KKRKFILLLL LLLKLDDNEP VNERERKRKN RRRRRESQST NTTVKVVVVH WKWFQVYYYY Y
GNM14999                        --ASASAAAQ TCCCDDDDED KVEDEEDEEE SGKAFFFFFG GSGGASSVVI IIILILLRKE KMRRQQRKNE KKRKFILLLL LLLSLGDNEP VDKRER-RKN RRRRRHSQST NTTVKVVVVH WKWFSLYYYY Y
GNM15025                        --ASAYAAAQ TCCCDDDDED KVEDEEDEED SGKSSFFFFG GGGGASSIII IIILILLKKD KMRRQKRKNE KKRKFILLLL LLLSLDDNEP INERERKRKN RRRRRQSQST NTTVKVVVVH WKWFEQYYYY Y
GNM15024                        --ASASAAAD TCCCDDEDED KVEDEEDEED SGKQMFFFFG GGGGSSTIII IIILILLKKE KMRRQKRKNE KKRKYILLLL LLLELNDNEP VNERERKRKN RRRRRQSQAT NTTVKVVVVH WKWFGVYYYY Y
GNM14980                        --ASASAAAD TCCCDDEDED KVEDEEDEED SGKQMFFFFG GGGGSSTIII IIILILLKKE KMRRQKRKNE KKRKYILLLL LLLELNDNEP VNERERKRKN RRRRRQSQAT NTTVKVVVVH WKWFGVYYYY Y
GNM15001                        --ASASAAAD TCCCDDEDED KVEDEEDEED SGKQMFFFFG GGGGSSTIII IIILILLKKE KMRRQKRKNE KKRKYILLLL LLLELNDNEP VNERERKRKN RRRRRQSQAT NTTVKVVVVH WKWFGVYYYY Y
GNM15003                        W-AMLKSALA ES-DDEKKQI EENEEKQNED TNKEGFYFYS KGDYGYVTVI VLIELLLNIK QGEKKEKRSR EKKKLYFINL LVAILKHNEP PEANRRKHIK FGQRKDEFEK KLSSIIVLA- WDWHNFTYYV E
GNM11003                        --AFMEVALE SCCCDDEAEE RSEEEDEDEE KDEEEFFFYP GGGYGNVRIV VIITLLFQKE QEDKKKKRSL EKKTLLLLLL LILLLSNNKP QEENQTKKQN YERRKANRNT ELTKEILIIM WKWANYYYYY Y
GNM11023                        --ALILREFS VCCCHDDLNG KGTADDADDE RDERDFFYTP EGGSRNIRIQ IVLILIFRTE EDRKVTKRSL KRKKLLIELL LYYLLEDSPP VEADTSKRKT FHKRKVSLGS RTSIKRIIIT ARWGLYGYRH Y
GNM11055                        --ALFEKSFI DCCCDDDAVE EREEQNEDEI REEENFYYMP GGGYGTIVVI ATLLIGMETK EEEEREKRTK IKKTILLILL LIIALARNDP MDRNKYLRIR YSKRRELESS NLTAKELAII WEWYLVGYFA Y
GNM11146                        --ATMIVTFP SCCDNDEALA GEMKKDQDLM LNKGDYEIIP GRGVRTIVEA AVLVLLLKKD TDANGVRFTI ARKALLLMVL LYLLLTAIEP PDRKDDISMN SNLREVSLNS KVTIGEIIVI RAWYYYAQQQ Y
GNM11220                        --ACMEAAIE TCCCDDDRED QFEGEERDE- REGKSFFFFP GGGVSHVQIP VILLLLVGMN EVKKMKRREE KKRTLLILLL LLVLFAKNES PREQQLRRNN KERRRELQTP KLRIRYIVVS WSWAQVGFYY Y
GNM11222                        --AEANAAVD TCCCDEDTVR RVEEDEEDEE SKAEMFFFMV GGKPSHLEIL IVLVLLMQRG REGKKKRQRR KKKSLIILLL MINLLGANKP PEKRQKKRFT YSRRVEKQNT DTTTKILLLI WDWQHYAFFY Y
GNM11223                        ---LMK-VV- A---DEDKDE KT-EE--D-- -D------F- G-ELS-LR-L V-IV-L---- -SKK---R-M KK-T-IL--L -IL-L--NK- ---QQPKRHN HN-RR-SR-- -TTI-IIFV- W-WY--AFY- -
GNM11224                        --ALMKFVVD ACCCDEDKDE RTEEEEEDEE RDREIFFFFG GGGLSHLRVL VIIVLLIQRE KSSKKKRRMM KKKTLILLLL LIMLLEENKP PEEQQPKRHN HERRRASRNP NTTIQVIFVH WKWYLVAFYY Y
GNM11225                        --AAIKFVVD GCCCDDDKDE KTEDEENEEE EDTSVFFFFG GDDLSHLRIL VIIILLTRRE ETKKEKRRKI KKKTLLLLLL LIELLKENDP PEQQQPKRHN HERRREAQSP TTTIRIIIVY WKWYYIAFYY Y
GNM11358                        --AASAAAAE TCCCDDDDED KVEEEDEEED NGTRFFFFFG GKGGASAIII IIIHLLISKE DIKRQKRKED HKRKLILLLL LLLLLEENEP PYQKNRKRKN RKRRRNIQSK NTTVKVVVIY WYWFLIYYYY Y
GNM11360                        --ASASAAAD TCCCDDEDED KVEDEEDEED SGKSMFFFFG GGGGSSTIII IIILILLKKE KMRRQKRKNE KKRKYILFLL LLLTLSDNEP VDERERKRKS RRRRRQSQYT NTTVKVVVVH WKWFGVYYYY Y
GNM11362                        --AATAAAAQ ICCCDDDDDD RVDEEDQEEE SSSIFFFFFG GKGGANVIII IIIVLLVSRD QTKKRKRRED RKRKIILLLL LLLLLANNEP PQEKNRKRKG RRRRRISQST NTTVKVVVVH WAWFALYYYY Y
GNM11367                        --SSASSAAD TCCCDDDDED KVEDEEDEED SGGSFFFFFG GGGGGSSVII IIILILLKKD KMRRQKRKNE KRRKFILLLL LLLLLQDNEP VNQRERKRKN RRRRRKSQST NTTVKVVVVH WKWFLEYYYY Y
GNM11377                        --AAVAAASE TCCCDDDDED KVEEEDEEED NGTRFFFFFG GKGGATAIII IIIVILVTKD EIKKHKRKDE KKRKLILLLL LLLLLGDNEP PTQKHQKRKN RRRRRKSQSK NTTVKVVVVH WYWFLVYYYH Y
GNM11380                        --ASASAAAD TCCCDDDDED KVDDEEDEED TGDQSFFFFG GGGGAAAIII IIILLLLRKE KIKRQKKKNE KKRKLILVLL VLLVLKDNEP LKQREKKRKN RRRRRQSQST NTTVKVVVVH WGWFLLYYYY Y
GNM11383                        --AAASAAAQ TCCCDDDDED KVEDEEDEED RGNEFFFFFG GGGGASSIVI IIILILLRKE KMRRQKRKNE KKRKLILLLL VLLSLGTNEP VTEREKKRKN RRRRRQSQST NTTVKVVVVH WSWFQIYYYY Y
GNM11491                        --ASASAAAE SCCCDDEDED KVEDEEDEED SGKGMFFFFG GGGGSSSVII IIILILLKKG KMRRQKRKNE KKRKFILLLL LLLMLKDNEP VGERERKRKN RRRRRQSQST NTTVKVVVVH WKWFEIYYYY Y
GNM11804                        --AMFEAAYV SCCCDDDAIE TVEEQEKEEL KEKKNFYYIK GGGYGSLRLI ATILLGMEMR EEDEEEKKDL VKNTILLLLL LVLKLGENDP MEHNKYLKIR FSKRRENEQS NLTAKEIEVL WKWYYVGYFE Y
GNM12883                        --ASVAAAAE TCCCDDDDED KVEEEDEEED NGTRFFFFFG GKGGATAIII IIIVLLVTKD EIKKHKRKEE KKRKAILLLL LLLLMGDNEP PAQKQQKRKN RRRRRKSQSK NTTVKVVVVH WYWFLVYYYY Y
GNM12892                        --AGAAAAAE TCCCDDDDED KVEEEDEEED IGARFFFFFG GKGGASAIII IIILLLVTKD EIKRQKRKED KKRKLILLLL LLLLMGENET PSQKQQKRKN RRRRRISQSK NTTIKVVVIH WYWFLLYYYY Y
GNM12895                        --SAAAAAAE TCCCDDDDED KAEEEEQEED NGRKFFFFFD GKGGATAVII IIILILVYKD QIKRKKKKEE KKRKLILLLL LLLLTGENEP LQQKQRKRKN RRRRRNSQST NTTVKVVVVH WQWFMVYYYY Y
GNM13060                        --AAAAAAAA ACCCDDDDDD EDEEEEDEEE EEEEFFFFFG GGGGGHIIII IIIIIIIIVK KKKKQKKKKK KKKKLLLLLL LLLLLNNNPP PEQSQRRRRR RRRRRSSTST TTTVIVVVVW WWWYHYYYYY Y
GNM13061                        --AAAAAAAE ICCCDDEDDD EDEEEEEEEE EEEEFFFFYG GGGGGHVIII VIIVILIIVS SKKKNKKKKK RKKKLLLLLL LLLLLNKNEP PEQQNERRKR KRRRKESIST TTTVTVVAVW WWWFHYYYYY Y
GNM13064                        --ASTSAAAE TCCCDDDDDN SVEEENEEEE VGNESFFFFG GGEGSNAIII IAIVILMQMT SIKKTKKRSE NKRRLVLLLL LLLILQNNTE VKEQQRKKRT RRRRRQEQEN NTTAKVVVVH WMWFVYYYYY Y
GNM13066                        --ASTFAAAE TCCCDDDDDN SVENENNEEE VGNEGFFFFG GEEGSNAIII IVIVILIQKT ALKKTKKRSK RKRRLVLLLL LLLILQHNTE PKDQQRKKRT RKRRRQEQEV NTTCKVVVVH WLWFVYYYYY Y
GNM11034                        --AVIVAAAQ TCCCDDDREE VGDEEPEMYF TEREFFFVRG AGGYSNLVVI VILRLLVQKD QQEDKKKYSR RKRNVVLKLL LMMILGEKKP RTQHQTVRLG RAIRVAEQQD KLSVRIVLVW REWLHLAFHF Y
GNM11363                        --AATAAAAQ ICCCDDDDDD RVDEEDQEEE SSSIFFFFFG GKGGANVIII IIIVLLVSRD QTKKRKRRED RKRKIILLLL LLLLLANNEP PQEKNRKRKG RRRRRISQST NTTVKVVVVH WAWFALYYYY Y
GNM11375                        --ASASAAAD TCCCDDEDED KVDDEEDEED SGKSMFFFFG GGGGSSTIII IIILILLKKE KMRRQKRKNE KKRKYILLLL LLLELNDNEP VSERERKRKN RRRRRQSQAT NTTVKVVVVH WKWFGVYYYY Y
GNM11381                        --AAASAAAQ TCCCDDDDED KVEDEEDEED RGNEFFFFFG GNGGASSIII IIILILLRKE KMRRQKRKNE KKRKLILLLL VLLALGTNEP VTDREKKRKN RRRRRQSQST NTTVKVVVVH WSWFQIYYYY Y
GNM11382                        --AAASSAAQ TCCCDDDDED KVEDEEDEED RGNEFFFFFG GGGGASSIII IIILILLRKE KMRRQKRKNE KKRKLILLLL VLLSLSTNEP VTDREKKRKN RRRRRQSQST NTTVKVVVVH WSWFMIYYYY Y
GNM11799                        --ASASAAAQ TCCCDDDDED KVEDEEDEEE SGKAFFFFFG GGGGASSVII IIILILLRKE KMRRQQRKNQ KKRKFILLLL LLLGLGDNEP IDKRERKRKN RRRRRQSQST NTTVKVVVVH WKWFEVYYYY Y
GNM11841                        --AAVEAAAE TCCCDDEIKE HLEPEGEEEE EEDEGFFFLE GGGYDNFRLL ALLMLPMRED TDDEERRRRQ PRGSMLLRLL VLPLLNENEP QEEQKYMTNE LARRREEEEE HLTARTVIVL WNWYFFGYFY Y
GNM11931                        --AAVRAAAE TCCCDDEIKE DVDPEGEEEE EESDGFFFLE GGGYDNFRIL ALLMLPMREE DDDEVRRRLR PRASMLLRLL VLPLLSENEP AERQNYMTNE LARRRDEEEE VLTARTVVVL WDWYLFGYFY Y
GNM12040                        --AAVEAAAE TCSTDDEITE YVEPESEEEE EESEGFFFLE GGGYDHFRIL ALLMLPMQQD NDDEERRRRQ PRASMLLLLL LLPLLADNEP PESHNYMTNS LARRREEESE PLTARTVIVL WRWYLFGYFY Y
GNM12071                        --AAVEAAAE TCCCDDDITE YVDPEGEEEE EENGGFFFLE GGGYDHFRVL ALLMLPMRED EDDEERRRRE PRASMLLELL VLPLLSENEP PEKHNYMTNE LARRREEETE VLTARTVIVL WQWYFFGYFY Y
GNM12125                        --AALKIAFH VCCCHEESDE RQDSDEEAEE REDKEFFYLP NGGYGVIRIL VAIRLLLEIE QVQKRYRKEE KRKKLILLLL LLYHMSKNPP MEMNGYKRKS YELRRTTRST RTSAAVVLVV KQWAHYAFNK Y
GNM12126                        --AEITLTFY RCCCNEEKDD KIGEQEEEEE RREEDFYFYP GGGNGQVYVP VVLVLLMETE KDNKKIQREL RRKDLLLLLL LMMLLEKNEP PERDTRKYYK YKRRKREIDS ALSASIVLV- TKWEYFGYYS Y
GNM12128                        --ARKEHAMA SCCCKDSENG KTEEEEEEEI SKTLNFFFYP RGNYGETIIV VILRLLFQRR SDDKQLRTKI KRISLIFLLL LMLILGRNGL EERDMKIYYQ YERRREQRST NLSIENISVL WEWANYGFYY Y
GNM12182                        --AFLKFALE SCCCDDDADE RTEEEEEEEE KEEEEFFFYP GGNYGNARIV VIMIILFEKN EEEKKKKRTL DKKTLLLLLL LVLLLVKNKP QEENQVKKHS YSRRRANRNT ELTKEVVIVI WRWANYVYYY Y
GNM12342                        --AVTEDAIM DCCCDEEKKE NWDEEEEEEE GDEEGFFFYP NGGYRNPKIL VLIFLLMKSK KVDKEQRKKK EKDTLVLLLL LVLILNKNEP MEFTKLILAK TDKRRKKKNT NLTLESVLVF WEWYYFGYYF F
GNM12346                        --AKVIAAVE MCCDDDDIEE REEDQDEEES VEKRNFFFLQ GEGYHNLRIL ALVMLMMKVK QLDNERRRSR AKKSLLLLLL LIIILTDNKP PYDDNLAKNN LERRRRQE-L ESTTKTVSVI WNWYTIGYYF Y
GNM12351                        --ANVAKAIV VCCCDDSIEE KEKEQKNEES AEAREFFFLP GGGCNSLRLL AIIILMSEMK KISMERRRVV ERNSLLLYLL MVPTMEDNSP DEADDLKQNK LERRRIEEDE ESTTRTMIVT WDWNCFGYFF Y
GNM12356                        --AAVQMSLL DCCCDDTKNE EEDIEDEDEE QDEKGFFFYP NNDYRTANIL VLIFILIERI LTEKKQKKEK NKDTIVLLLL LLTLLGKNES VEITKFMRAK TEQRRERRNS RLTLQSVLVY WNWYYYGYYV F
GNM12357                        --AVVQLSLM DCCCDDEKVE KEDVEEEDEE QEDKGFFFYS NGDYRNPNIL VVIFLLMERN SNEKKQKKEA DRGTLVLLLL MVILLGNNEP MDYSKLMKAK TSQRRERKTT DLTINTVVIF WEWYSFGYYM F
GNM12366                        --AVVQTSLM DCCCDDEKVE KEDVEESDEE QEDKGFFFYM NGEYRGPNIL VIIFILMERD ANEKKQKKEV DRETIVLLLL LVILLGANEP VDYSKLMKAK TNQRRKRKNT GLTINTVLIY WEWYMFGYYT F
GNM12373                        --ARRLAALD ECCCNDDNEE EITEENREDA QETKNFFFLK GGGYRNMRLL AAILMWMQSG TSENARTKER EHKTLLLLLL LISALTANNP MNKRHMMLHN LRRRRGEEAT NTSTVTLMVQ WKWYTTGYYY Y
GNM12385                        --ARHMAALD ECCCNDDTEE RLNEETAEES NEERNFFFLR GEGYRNLRIL AALIIFAKEE VTENDRVKEE EHHTLLLLLL LVPLLEDNTP MDRRRLVHRE LRRRRAEQKT NTSTDTLVVM WKWYWYGYYY Y
GNM12551                        --AVAEEAVP TCCCRDRKVE REEEEESEDE KEVEEFFMPG RGGFGHLRAP VEIKLIMKRE REEDELRRML RKEYLCVLVL LVLLLEEREP VEENELRRRE SDARKREESS NLIVRVTVVH YRWHHMAYYN F
GNM12554                        --ARHSAALD ECCCNDDTEE EIGDDTREET NEKRNFFFLK GGGYRNLHIL AVLIMFMKTS KSENERIKER NHKTLILALL LIPLLQENNP PVIRLIMQKE LERRRRADET DTSTTTLLVI WAWYGYGYYF Y
GNM12592                        --AAVIVAVV ICCCDDELEE RKEEHEREEA FEAENFFFLV GQGYRHIRIL ALLLLMSSTN ETESNRRRKE RKKSILLLLL LIPILGKNPP SEECSPVKHA LERRRAEEDV NTTSKTILVA WEWYNFGYYY Y
GNM12596                        --AEVKAAIV ICCCDDSIEE KEEEEDEEEV MESKEFFFLP GGGCKNLRVL ALILLMTSLR STNLKRRREM RRNSLLFLLL LVPLLEDNSP DEADDFKHNR LERRRTAENL QTTTKTMVVV WKWYTLGYFF Y
GNM12602                        --AKVKVAIV ICCCDDSIDE KEEEEDEEEA MESREFFFLP GGECKNLRVL ALILLMTSLR DTNLKRRREM QRNSLLFLLL LVPLLEDNSP DEADDFKRNK LERRRTAENL QTTTKTMIVM WKWNTLGYFF Y
GNM12665                        --AQVKVAIV ICCCDDSIDN KEEDEDEEEA MESKEFFFLP GGGVKHLVVL ALILLMTSLR GTNLKRRREM KRNSLLFLLL LVPLLEENSP DEADDFKHNR LERRRTAENL QTTTRTMIVV WKWYTLGYFF Y
GNM12745                        --ACVADALM NCCCDDRKTE NKEDQDEEEN RDIKQFFFFP QNGYGNFTEL AHINYLTKIQ HFEKKLRKEE KKETLLMIIL LIFNFESNPP KEADKSYRVK YDSRREEQNP NTTIHTIAVV WKWYFYSYYY F
GNM12749                        --ARYVAAIA KCCCNDDTEE EIDDESKEEN EEEQQFFFLP GEKYRNLRIL AILIIFMEVE NSENRRTKSS ENKTLVLYLL MIPLLNANNQ KDRENLLEHK LRRRRKEDET NTSTITLMVN WKWYSIGYYY Y
GNM12758                        --ACVKESLM SCCCDDEREK SSEEEDEEEN EDNKNFFFYV QGQYGNFKLL AIIIYLTETR QIEKRERKEK PRKTIIVLLL MLMVLSSNPP KELEKPHKAR TEARREEKNT NTTIETVVVV WDWYEFAYYF F
GNM12763                        --ACTNEAII SCCCDDEMNL ESEKEEEEEN KDNENFFFYE QNDYGNFRIL VIILYLMRHR NKKKEKRKKK LKSTIIILLL LIEVLSNNPP KEFEKPHKRR SKTRRKEKNT NITIKRILVE WRWYYCSYYF F
GNM12766                        --AVAKSALM DCCCDDEKEE NEEEEDEDEE RENKGFFFYP NDNYRNPRIL VIIFFLMERD KLDKKQRKEK EKDTLVLLLL LLLLIGANEP IEFTKIVKAK TDRRRKRRNV ELTLHTILVY WEWYTFGYYF F
GNM12841                        --AAVEAAAE SCCCDDEITE HLEPEDQEEE EEDEGFFFLG GGGYDNFRIL ALLMLPMREE NDDEEHRRSE PRASMLLRLL LLPLLGENEP REAQNYMTNE LARRRNEEEE ELTARTVIVL WQWYFFGYFY Y
GNM12849                        --ASASAAAD TCCCDDEDED KVEDEEDEED SGKSMFFFFG GGGGSSTIII IIILILLKKE KMRRQKRKNE KKRKYILFLL LLLTLNDNEP VDERERKRKS RRRRRQSQYT NTTVKVVVVH WKWFGVYYYY Y
GNM12869                        --ASASAAAD TCCCDDEDED KVEDEEDEED SGKQMFFFFG GGGGSSTIII IIILILLKKE KMRRQKRKNE KKRKYILLLL LLLELNDNEP VDERERKRKN RRRRRQSQAT NTTVKVVVVH WKWFGVYYYY Y
GNM12896                        --ASASAAAD TCCCDDDDED KVDDEEDEED TGDQSFFFFG GGGGAAAIII IIILLLLRKE KIKRQKKKNE KKRKLILMLL VLLVLKDNEP LKQREKKRKN RRRRRQSQST NTTVKVVVVH WGWFLLYYYY Y
GNM12897                        --ASASAAAD TCCCDDDDED KVDDEEDEED TGDQSFFFFG GGGGAAAIII IIILLLLRKE KIKRQKKKNE KKRKLILLLL VLLVLKDNEP LKQREKKRKN RRRRRQSQST NTTVKVVVVH WGWFLLYYYY Y
GNM12903                        --AMLLKAAS GCCCTDEYLD RRNRRDRDLL VRKTGGLYIP RGNVNGVKLT VAIRLLVEVE NEDSSVRTTG KRKYLILIIL LIYRLAQAEP EEKDIDAYLG TELRKMIRES NLTITEVITI -KWMKYAYQA Y
GNM12906                        --ALLLKAVA GCCCTDEYLD RKNRRDRDLL IKKTGGLYIP RGNVNGVRFT IVIRLLVETE NEDSSIRTTS KRKYLILILL LIYRLTEAEP QEKDIDAYLS AELRKMIRES SLTIVEIITI -KWMWYAYQS Y
GNM12907                        --VLLLKAVA GCCCTDEYLE KRERREKDLI IKKTGGVFIP RGNVNEVKFT VVIRLLMDVE NEDSSVRSTK KRKYLVLIIL LIYRLSEAEP HEKNVDAYQY TEMRKLIREP NLTIVETITV -KWMRYAYQA Y
GNM12909                        --ALLFKAVA GCCCTDEYLD KRNRRDRDLI VKKTGGLYIP RGNVNGVKYT VAVRVLIDVE NEDSSVRTTK KRKYLIMIIL LIYKLTEAEP QEEDIDAYQN TELRKSIRET TLSIVEVITI -KWMYYAYQS Y
GNM12915                        --AAAIEAVV DCCCDDKAEE LIEDEDQEEE IDIKGFFYYG GGGFKELKIV AELVLLFETE ETERKRKKTR EKRTLILLLL LIELLEENEP IEEERTKHEA YKMRRKERST NTTIRYILVH WKWYYLAYYE Y
GNM10046                        --AAALEAVT TCCCDDKAEE LVEDEDQEEE IDIKGFFYYG GGGFKEIRIV AELVLLFEQE ETERKRKRTR EKKTLILLLL LVELLEENDP IEEDRTKRAT YKMRRQERST TTTIQYVLVH WKWYYLAYYE Y
GNM12918                        --AAAIEAIV DCCCDDKAEE MVEDEDQEEE IDIKGFFYYG GGGFKEIRIV AELVLLFEVE ETERKRKKTR EKKTLILLLL LIELLEENDP IEEERTKHAA YKMRRKERST NTTIQYILVH WKWYYLAYYE Y
GNM12931                        --AHVDIGLT RCCDVEDQKI KGEETDNEEE YDDEDFFF-P TGGYANLKIS LTLKIIFTLE REDKLKRRKI KKKKLLILLL LMIRLEKNGP QEENQILIEA LLRRTIKRNT LIAIKLVIAK -EWANYAHQY L
GNM12938                        --AYIEFALL TCCCDDNLEE RTEDEDEEEE KDEEEFFFYP NGNYGGVRIP VIILILIEKE SEDKRKKKKL GKKSLLLYLL LTILLTKNKL SDQNQVKKHS YKRRKNKRDS QLTYLILIVF LQWSNYAYYQ Y
GNM12996                        --AVMQFALT SCCCDDDLDE RTEDEEEEEE KEEEEFFFFP GGNYGNPRIV VIIIILFEKD SDDKKKRRKL DKKSLLFLLL LILLLSRNKL QEQNQIKKQN YRRRKSNRNS QLTKLIVIVI WQWENYVYNY F
GNM13018                        --AIMQFALT SCCCDDDLDE RTEDEEEEEE KEEEEFFFFP GGNYGNPRIV VIIIILFEKD SDDKKKRRKL DKKSLLFLLL LILLLSRNKL QEQNQIKKQN YRRRKTNRNS QLTKLIVIVI WQWENYVYNY F
GNM13027                        --AFMEFALL TCCCDDDLDE RTEEDDEDEE KENEEFFYFP GGNYGSVRIV IVITILLEKE KEEKKKQRKL EKKTLLFYLL LVLLLSKNKP PEQNQIKKQN YKRRKAKRDN QLTKLILIIY LYWSNYAYYQ Y
GNM13046                        --ASASAAAD TCCCDDDDED KVEDEEDEED SGKAFFFFFG GGGGASSIII IIILILLKKE KMKRQKRKNE KKRKFILSLL LLLSLLDNEP VNQRERKRKG RRRRRQSQST NTTVKVVVVH WYWFLVYYYY Y
GNM13053                        --AAAAAAAE TCCCDDDDEN RVEEEETEEE EGERFFFFFG GNGGSNAVII ITIIMLIIKD ETKKKKKRDF RRRRFILLLL LLLLLEENLP TEQQQRKRKT RRRRRRSQAT KTTTKVVVVS WWWFIYYYYF Y
GNM13074                        --AAAMEAII ECCCDDRAEE MTEEEDEEEE IDKKEFFYYG GGGFQELRIV AELVLLLEQK ETERKRKRTR EKKTLILLLL LIELLAENKP MEQERTKHHA YKMRRQERST TTTIQYILVH WKWYYLAYYE Y
GNM10010                        --AAASDAVI DCCCDDRTED MIEEEDEEEE IDLKEFFYYG GGGFGELKII AELVLLMEQK ETERRRRRSR EKKTLILLLL LIALLEENKP IEEDRLKNMA YKMRRKERGT NTTVEYILVW WRWYYLAYYE Y
GNM10014                        --AAAAEAVI DCCCDDKMEE MIEEEDEEEE IDIKEFFYYG GGGFGELKIV AELVLLMEQK ETERKRKRTR ERKTLILLLL LIELLKENPP MEEEKTKRES YKMRREERST TTTIAYVLVW WRWNYLAYYE Y
GNM13090                        --AASMEAII ECCCDDKMEE MIEEEDEEEE IDIKEFFYYG GGGFGELKIV AELVLLMEQK ETERKRKRTR EKRTLILLLL LIELLNENKP MEEERTKRQS YKMRREEKST TTTVAYVLVH WRWYYLAYYE Y
GNM13118                        --AVVDKAME KCCCDDEDNE RANDDDSEEW VENKNYVTYP GGKYRSIRIP VTLKLLEGTS EENDEARRES KKIILLLLLL LMALLEEPEE VELTPDKRAD YMVRRKKRNT KLSLLKVILV WRWFNYAYNL Y
GNM13208                        --EMLLKAIA GCCCTDTFLQ ESAKRDRDLY IKKTNGLYTP RKNVNGVVIT IVVRLLLEQS NEDSSIRTTK KRKYILMILL LIYSLVEAPP QEKDVDIYNK SELRKMIRES NMSILEIIAV -EWSYYAYQG Y
GNM13210                        --AYVDLTFI VCCETEVKIY KLLETENEEK NEEEDFFI-P TGGPANLGIS IALLLMYDKE SEDKEKRKRL QRKSLVILLL LILRMAKNEV DEENARLVEN IDRRKAKRDS VTAVKLLLGE -SWSNYAHQY Y
GNM12768                        --AAAESGVD QCCCDDDKDE KVEAQEEDEE VNATAFFFFY GGECSHLNIL VIIVLLMEKK ADTKKKSREK KKITLIILLL LIKLLSRNEP SEQQQLKSHT RMRRGTAQEI TTTIRIIVVY WNWYYLAFFH Y



    1    1    1    1    1    1    1    1    1    1    1    1    1    1    1
    1    1    1    1    1    1    1    1    1    1    1    1    1    1    1
    1    1    1    1    1    1    1    1    1    1    1    1    1    1    1
    1    1    1    1    1    1    1    1    1    1    1    1    1    1    1
    1    1    1    1    1    1    1    1    1    1    1    1    1    1    1
    1    1    1    1    1    1    1    1    1    1    1    1    1    1    1
    1    1    1    1    1    1    1    1    1    1    1    1    1    1    1
    1    1    1    1    1    1    1    1    1    1    1    1    1    1    1
    1    1    1    1    1    1    1    1    1    1    1

AAML (in paml version 4.9h, March 2018)  tmp0042.txt
Model: Empirical,  (../wag.dat) dGamma (ncatG=4) ns = 141  ls = 131


Frequencies..
                                    A      R      N      D      C      Q      E      G      H      I      L      K      M      F      P      S      T      W      Y      V
GNM13746                       0.06977 0.07752 0.02326 0.06202 0.02326 0.03101 0.09302 0.04651 0.00775 0.10078 0.08527 0.11628 0.00000 0.03876 0.02326 0.01550 0.04651 0.03101 0.06202 0.04651
GNM13538                       0.07752 0.09302 0.03876 0.06202 0.02326 0.06202 0.08527 0.05426 0.00775 0.06977 0.10078 0.09302 0.00775 0.03876 0.01550 0.03101 0.03101 0.02326 0.04651 0.03876
GNM13876                       0.04651 0.08527 0.03101 0.04651 0.02326 0.03101 0.10853 0.05426 0.02326 0.03876 0.13178 0.09302 0.03101 0.02326 0.00775 0.04651 0.05426 0.01550 0.03101 0.07752
GNM13680                       0.06977 0.06977 0.03101 0.06977 0.02326 0.03101 0.09302 0.04651 0.01550 0.06977 0.08527 0.12403 0.00775 0.04651 0.01550 0.01550 0.04651 0.01550 0.04651 0.07752
GNM14837                       0.04651 0.09302 0.04651 0.07752 0.02326 0.03101 0.08527 0.04651 0.00775 0.06202 0.08527 0.10853 0.01550 0.03876 0.00775 0.05426 0.04651 0.01550 0.04651 0.06202
GNM13928                       0.04651 0.09302 0.04651 0.07752 0.02326 0.03876 0.09302 0.04651 0.00775 0.06202 0.08527 0.10853 0.01550 0.03876 0.00775 0.04651 0.03876 0.01550 0.04651 0.06202
GNM13297                       0.07752 0.09302 0.03876 0.06202 0.02326 0.06202 0.08527 0.05426 0.00775 0.06977 0.10078 0.09302 0.00775 0.03876 0.01550 0.03101 0.03101 0.02326 0.04651 0.03876
GNM14865                       0.07752 0.10078 0.03101 0.06977 0.00775 0.01550 0.19380 0.03101 0.02326 0.02326 0.13178 0.00000 0.03101 0.04651 0.04651 0.03101 0.03876 0.01550 0.05426 0.03101
GNM13455                       0.03876 0.09302 0.02326 0.07752 0.02326 0.02326 0.09302 0.05426 0.00775 0.06202 0.07752 0.10853 0.01550 0.04651 0.00775 0.06977 0.04651 0.01550 0.05426 0.06202
GNM14938                       0.06202 0.10078 0.01550 0.06202 0.02326 0.06202 0.07752 0.04651 0.02326 0.04651 0.10853 0.06977 0.02326 0.04651 0.01550 0.02326 0.03101 0.01550 0.03101 0.11628
GNM14483                       0.06977 0.12403 0.03101 0.07752 0.02326 0.04651 0.06202 0.04651 0.01550 0.03876 0.09302 0.06977 0.00775 0.04651 0.03101 0.01550 0.07752 0.02326 0.04651 0.05426
GNM14872                       0.05426 0.06977 0.03101 0.07752 0.02326 0.02326 0.08527 0.04651 0.03101 0.06977 0.09302 0.12403 0.00000 0.04651 0.01550 0.02326 0.05426 0.01550 0.03876 0.07752
GNM13855                       0.06202 0.07752 0.03876 0.07752 0.02326 0.03101 0.09302 0.03876 0.02326 0.08527 0.10853 0.10853 0.00000 0.04651 0.01550 0.03101 0.03101 0.01550 0.05426 0.03876
GNM14445                       0.06977 0.08527 0.02326 0.04651 0.02326 0.04651 0.10853 0.04651 0.00775 0.06202 0.10078 0.10078 0.00775 0.05426 0.00775 0.03101 0.06202 0.02326 0.03101 0.06202
GNM14404                       0.04615 0.09231 0.03077 0.03077 0.02308 0.03846 0.12308 0.05385 0.00769 0.09231 0.09231 0.10000 0.02308 0.03846 0.00769 0.04615 0.03846 0.00769 0.05385 0.05385
GNM14545                       0.04615 0.09231 0.03077 0.03077 0.02308 0.03846 0.12308 0.05385 0.00769 0.09231 0.09231 0.10000 0.02308 0.03846 0.00769 0.04615 0.03846 0.00769 0.05385 0.05385
GNM14366                       0.06202 0.10078 0.03876 0.06202 0.02326 0.03876 0.09302 0.04651 0.00775 0.06977 0.08527 0.09302 0.01550 0.04651 0.00775 0.04651 0.04651 0.01550 0.03876 0.06202
GNM14252                       0.04651 0.09302 0.03876 0.07752 0.02326 0.03101 0.10078 0.05426 0.00775 0.06202 0.08527 0.10853 0.01550 0.03876 0.00775 0.04651 0.03876 0.01550 0.04651 0.06202
GNM13760                       0.04651 0.09302 0.03876 0.07752 0.02326 0.02326 0.09302 0.05426 0.00775 0.06202 0.08527 0.10853 0.01550 0.03876 0.00775 0.06202 0.03876 0.01550 0.04651 0.06202
GNM13982                       0.02326 0.10078 0.03876 0.08527 0.02326 0.03101 0.07752 0.06202 0.00775 0.05426 0.10078 0.10078 0.00775 0.05426 0.00775 0.07752 0.03101 0.01550 0.03876 0.06202
GNM13960                       0.05426 0.09302 0.03101 0.06977 0.02326 0.03101 0.09302 0.05426 0.01550 0.04651 0.08527 0.11628 0.02326 0.05426 0.00000 0.06202 0.03101 0.01550 0.03876 0.06202
GNM14633                       0.03876 0.10853 0.03101 0.09302 0.02326 0.03101 0.06977 0.06202 0.01550 0.05426 0.10078 0.09302 0.00775 0.05426 0.00775 0.05426 0.03876 0.01550 0.03876 0.06202
GNM14853                       0.03876 0.10853 0.03101 0.09302 0.02326 0.03101 0.06977 0.06202 0.01550 0.05426 0.10078 0.09302 0.00775 0.05426 0.00775 0.05426 0.03876 0.01550 0.03876 0.06202
GNM14748                       0.04651 0.09302 0.03101 0.08527 0.02326 0.03101 0.10078 0.04651 0.00775 0.06202 0.07752 0.10853 0.01550 0.04651 0.00775 0.05426 0.03876 0.01550 0.04651 0.06202
GNM14640                       0.04651 0.10853 0.04651 0.05426 0.02326 0.05426 0.09302 0.01550 0.02326 0.06977 0.12403 0.06977 0.00775 0.04651 0.03101 0.01550 0.05426 0.01550 0.04651 0.05426
GNM14965                       0.06977 0.07752 0.02326 0.06977 0.02326 0.03876 0.09302 0.05426 0.00775 0.08527 0.10078 0.10853 0.00775 0.04651 0.00775 0.03101 0.03876 0.01550 0.04651 0.05426
GNM13677                       0.05426 0.09302 0.03101 0.03876 0.02326 0.03101 0.11628 0.05426 0.02326 0.03876 0.13953 0.08527 0.02326 0.02326 0.00775 0.04651 0.04651 0.01550 0.03101 0.07752
GNM14339                       0.06977 0.08527 0.03876 0.05426 0.02326 0.05426 0.10078 0.03101 0.01550 0.03101 0.16279 0.10853 0.03101 0.03101 0.00775 0.02326 0.01550 0.01550 0.03101 0.06977
GNM14593                       0.03101 0.07752 0.03876 0.04651 0.02326 0.03101 0.13178 0.03876 0.04651 0.07752 0.13178 0.10078 0.01550 0.03876 0.02326 0.02326 0.04651 0.01550 0.03876 0.02326
GNM13825                       0.05426 0.09302 0.01550 0.06202 0.02326 0.06977 0.08527 0.03101 0.02326 0.04651 0.10078 0.06977 0.03876 0.04651 0.00775 0.04651 0.02326 0.01550 0.03101 0.11628
GNM14768                       0.06977 0.08527 0.03101 0.04651 0.02326 0.04651 0.11628 0.02326 0.02326 0.07752 0.11628 0.11628 0.03876 0.03101 0.01550 0.02326 0.01550 0.01550 0.03101 0.05426
GNM14776                       0.06977 0.08527 0.03101 0.04651 0.02326 0.04651 0.10853 0.03101 0.02326 0.08527 0.11628 0.11628 0.03101 0.03101 0.00775 0.03101 0.01550 0.01550 0.03101 0.05426
GNM14715                       0.06977 0.10853 0.03101 0.05426 0.02326 0.04651 0.08527 0.04651 0.01550 0.03876 0.09302 0.08527 0.01550 0.04651 0.02326 0.02326 0.06977 0.02326 0.03876 0.06202
GNM14639                       0.06202 0.09302 0.04651 0.03101 0.02326 0.03876 0.12403 0.04651 0.01550 0.07752 0.09302 0.08527 0.01550 0.03876 0.01550 0.03101 0.04651 0.02326 0.03876 0.05426
GNM13795                       0.04651 0.09302 0.03876 0.07752 0.02326 0.03101 0.10078 0.04651 0.00775 0.06202 0.07752 0.10853 0.01550 0.04651 0.00775 0.05426 0.03876 0.01550 0.04651 0.06202
GNM14166                       0.06202 0.08527 0.03101 0.09302 0.02326 0.03101 0.06977 0.04651 0.01550 0.06202 0.10853 0.11628 0.00000 0.03876 0.00775 0.03876 0.03876 0.01550 0.03876 0.07752
GNM13993                       0.06202 0.07752 0.07752 0.03876 0.02326 0.04651 0.11628 0.03876 0.00775 0.06202 0.07752 0.06977 0.02326 0.03876 0.00000 0.05426 0.05426 0.01550 0.04651 0.06977
GNM13515                       0.01550 0.09302 0.03101 0.08527 0.02326 0.02326 0.07752 0.05426 0.02326 0.06202 0.10078 0.10853 0.00775 0.05426 0.00775 0.07752 0.04651 0.01550 0.03876 0.05426
GNM13745                       0.06977 0.06977 0.04651 0.04651 0.02326 0.04651 0.07752 0.03101 0.01550 0.05426 0.09302 0.10853 0.00775 0.05426 0.00775 0.03876 0.06977 0.01550 0.04651 0.07752
GNM14030                       0.06977 0.08527 0.04651 0.07752 0.02326 0.05426 0.07752 0.03101 0.01550 0.07752 0.06977 0.09302 0.00000 0.06202 0.00775 0.02326 0.04651 0.02326 0.03876 0.07752
GNM14959                       0.04688 0.07031 0.04688 0.05469 0.01563 0.01563 0.07031 0.03906 0.03125 0.09375 0.13281 0.05469 0.02344 0.03125 0.02344 0.03125 0.09375 0.00781 0.05469 0.06250
GNM13413                       0.05512 0.11024 0.03937 0.04724 0.01575 0.01575 0.09449 0.07087 0.00787 0.06299 0.14961 0.05512 0.02362 0.02362 0.03937 0.04724 0.03150 0.00787 0.03150 0.07087
GNM14971                       0.05426 0.09302 0.03101 0.07752 0.02326 0.03876 0.08527 0.05426 0.00775 0.04651 0.08527 0.11628 0.02326 0.05426 0.00000 0.06202 0.03101 0.01550 0.03876 0.06202
GNM14990                       0.01852 0.11111 0.05556 0.09259 0.00000 0.01852 0.05556 0.07407 0.00000 0.05556 0.07407 0.14815 0.01852 0.05556 0.00000 0.03704 0.01852 0.03704 0.03704 0.09259
GNM15005                       0.05426 0.09302 0.03101 0.07752 0.02326 0.03101 0.08527 0.05426 0.01550 0.04651 0.08527 0.10853 0.01550 0.05426 0.00775 0.06202 0.03101 0.01550 0.03876 0.06977
GNM14992                       0.04688 0.10156 0.03125 0.07031 0.01563 0.03906 0.08594 0.05469 0.00781 0.06250 0.08594 0.09375 0.01563 0.04688 0.00781 0.07031 0.03125 0.01563 0.03906 0.07812
GNM15013                       0.05426 0.09302 0.03101 0.06977 0.02326 0.03876 0.09302 0.05426 0.00775 0.04651 0.08527 0.11628 0.02326 0.05426 0.00000 0.06202 0.03101 0.01550 0.03876 0.06202
GNM15014                       0.04651 0.10078 0.03101 0.06977 0.02326 0.04651 0.08527 0.06202 0.00775 0.05426 0.08527 0.10078 0.00775 0.05426 0.00775 0.05426 0.03876 0.01550 0.03876 0.06977
GNM14976                       0.05426 0.09302 0.02326 0.08527 0.02326 0.03876 0.07752 0.05426 0.00775 0.04651 0.08527 0.10853 0.01550 0.05426 0.00775 0.06202 0.03876 0.01550 0.03876 0.06977
GNM14995                       0.03101 0.09302 0.03876 0.07752 0.01550 0.04651 0.07752 0.06977 0.00775 0.05426 0.08527 0.10078 0.01550 0.05426 0.00775 0.06202 0.03876 0.01550 0.03876 0.06977
GNM14999                       0.05469 0.10156 0.03125 0.07031 0.02344 0.03125 0.08594 0.04688 0.01563 0.04688 0.09375 0.09375 0.00781 0.05469 0.00781 0.07812 0.03125 0.01563 0.03906 0.07031
GNM15025                       0.04651 0.09302 0.03876 0.08527 0.02326 0.03876 0.08527 0.04651 0.00775 0.06977 0.08527 0.10853 0.00775 0.04651 0.00775 0.06977 0.03101 0.01550 0.04651 0.04651
GNM15024                       0.04651 0.09302 0.04651 0.06977 0.02326 0.03101 0.10078 0.05426 0.00775 0.06202 0.08527 0.10853 0.01550 0.03876 0.00775 0.04651 0.03876 0.01550 0.04651 0.06202
GNM14980                       0.04651 0.09302 0.04651 0.06977 0.02326 0.03101 0.10078 0.05426 0.00775 0.06202 0.08527 0.10853 0.01550 0.03876 0.00775 0.04651 0.03876 0.01550 0.04651 0.06202
GNM15001                       0.04651 0.09302 0.04651 0.06977 0.02326 0.03101 0.10078 0.05426 0.00775 0.06202 0.08527 0.10853 0.01550 0.03876 0.00775 0.04651 0.03876 0.01550 0.04651 0.06202
GNM15003                       0.04688 0.03906 0.06250 0.04688 0.00000 0.03125 0.13281 0.03906 0.02344 0.07031 0.09375 0.14844 0.00781 0.04688 0.01563 0.04688 0.02344 0.02344 0.05469 0.04688
GNM11003                       0.03876 0.04651 0.06202 0.04651 0.02326 0.03876 0.17054 0.03101 0.00000 0.05426 0.12403 0.10853 0.01550 0.03876 0.01550 0.03101 0.03876 0.01550 0.06977 0.03101
GNM11023                       0.03876 0.11628 0.01550 0.08527 0.02326 0.00775 0.06977 0.05426 0.02326 0.08527 0.11628 0.08527 0.00000 0.03876 0.02326 0.06202 0.06202 0.00775 0.04651 0.03876
GNM11055                       0.06202 0.07752 0.03876 0.05426 0.02326 0.00775 0.15504 0.04651 0.00000 0.10078 0.10853 0.06977 0.02326 0.03101 0.01550 0.03101 0.04651 0.01550 0.06202 0.03101
GNM11146                       0.08527 0.05426 0.04651 0.07752 0.01550 0.03101 0.05426 0.04651 0.00000 0.08527 0.13178 0.06202 0.03876 0.01550 0.03101 0.03876 0.05426 0.00775 0.04651 0.07752
GNM11220                       0.03906 0.10937 0.03125 0.03906 0.03125 0.04688 0.11719 0.05469 0.00781 0.04688 0.11719 0.07031 0.02344 0.05469 0.03125 0.03906 0.02344 0.01563 0.03125 0.07031
GNM11222                       0.05426 0.08527 0.03101 0.05426 0.02326 0.03876 0.10078 0.03876 0.01550 0.05426 0.10853 0.10853 0.03101 0.04651 0.02326 0.03101 0.05426 0.01550 0.03101 0.05426
GNM11223                       0.02778 0.08333 0.04167 0.06944 0.00000 0.02778 0.06944 0.01389 0.02778 0.08333 0.12500 0.12500 0.02778 0.04167 0.01389 0.04167 0.05556 0.02778 0.02778 0.06944
GNM11224                       0.03101 0.09302 0.03101 0.04651 0.02326 0.03101 0.12403 0.03101 0.03101 0.06202 0.11628 0.09302 0.03101 0.05426 0.03101 0.03101 0.03101 0.01550 0.03101 0.06202
GNM11225                       0.03101 0.07752 0.02326 0.07752 0.02326 0.03101 0.12403 0.02326 0.02326 0.09302 0.10853 0.10078 0.00000 0.04651 0.03101 0.02326 0.06202 0.01550 0.04651 0.03876
GNM11358                       0.06202 0.07752 0.04651 0.06977 0.02326 0.02326 0.10078 0.03876 0.01550 0.09302 0.10078 0.10853 0.00000 0.04651 0.01550 0.03101 0.03101 0.01550 0.06202 0.03876
GNM11360                       0.03876 0.09302 0.02326 0.07752 0.02326 0.02326 0.09302 0.05426 0.00775 0.06202 0.07752 0.10853 0.01550 0.04651 0.00775 0.06977 0.04651 0.01550 0.05426 0.06202
GNM11362                       0.07752 0.10853 0.03876 0.07752 0.02326 0.03876 0.06202 0.03876 0.00775 0.08527 0.09302 0.07752 0.00000 0.04651 0.01550 0.04651 0.03876 0.01550 0.03876 0.06977
GNM11367                       0.02326 0.10078 0.03876 0.08527 0.02326 0.03101 0.07752 0.06202 0.00775 0.05426 0.10078 0.10078 0.00775 0.05426 0.00775 0.07752 0.03101 0.01550 0.03876 0.06202
GNM11377                       0.05426 0.06977 0.03101 0.07752 0.02326 0.02326 0.08527 0.04651 0.03101 0.06977 0.09302 0.12403 0.00000 0.04651 0.01550 0.02326 0.05426 0.01550 0.03876 0.07752
GNM11380                       0.06202 0.07752 0.03101 0.09302 0.02326 0.03876 0.06977 0.05426 0.00775 0.06202 0.10853 0.12403 0.00000 0.03876 0.00775 0.03876 0.03876 0.01550 0.03876 0.06977
GNM11383                       0.05426 0.10078 0.03876 0.06202 0.02326 0.03876 0.09302 0.05426 0.00775 0.06202 0.08527 0.09302 0.00775 0.04651 0.00775 0.05426 0.04651 0.01550 0.03876 0.06977
GNM11491                       0.03876 0.09302 0.03101 0.06202 0.02326 0.02326 0.10078 0.06977 0.00775 0.06202 0.08527 0.11628 0.02326 0.04651 0.00775 0.06977 0.02326 0.01550 0.03876 0.06202
GNM11804                       0.04651 0.03876 0.04651 0.04651 0.02326 0.01550 0.16279 0.05426 0.00775 0.05426 0.13178 0.10853 0.03101 0.03101 0.00775 0.03101 0.03101 0.01550 0.06977 0.04651
GNM12883                       0.06977 0.06977 0.03101 0.06977 0.02326 0.03101 0.09302 0.04651 0.01550 0.06202 0.08527 0.12403 0.00775 0.04651 0.01550 0.02326 0.04651 0.01550 0.04651 0.07752
GNM12892                       0.06977 0.07752 0.02326 0.06977 0.02326 0.03876 0.09302 0.05426 0.00775 0.09302 0.10853 0.10853 0.00775 0.04651 0.00775 0.03101 0.03876 0.01550 0.04651 0.03876
GNM12895                       0.06977 0.07752 0.03876 0.06202 0.02326 0.05426 0.09302 0.03876 0.00775 0.06202 0.09302 0.12403 0.00775 0.04651 0.00775 0.02326 0.04651 0.01550 0.04651 0.06202
GNM13060                       0.06977 0.07752 0.02326 0.06202 0.02326 0.02326 0.10078 0.04651 0.01550 0.10078 0.08527 0.10853 0.00000 0.03876 0.02326 0.03101 0.03876 0.03101 0.05426 0.04651
GNM13061                       0.06202 0.05426 0.03101 0.04651 0.02326 0.01550 0.14729 0.04651 0.01550 0.07752 0.09302 0.11628 0.00000 0.03876 0.01550 0.03101 0.03876 0.03101 0.05426 0.06202
GNM13064                       0.05426 0.07752 0.06977 0.03876 0.02326 0.04651 0.11628 0.03876 0.00775 0.06202 0.07752 0.06977 0.02326 0.03876 0.00000 0.05426 0.06202 0.01550 0.04651 0.07752
GNM13066                       0.04651 0.07752 0.06202 0.04651 0.03101 0.04651 0.09302 0.03876 0.01550 0.06202 0.09302 0.09302 0.00000 0.04651 0.00775 0.03101 0.06202 0.01550 0.04651 0.08527
GNM11034                       0.06202 0.10078 0.01550 0.05426 0.02326 0.06202 0.08527 0.04651 0.02326 0.04651 0.10853 0.06977 0.02326 0.04651 0.01550 0.02326 0.03101 0.01550 0.03101 0.11628
GNM11363                       0.07752 0.10853 0.03876 0.07752 0.02326 0.03876 0.06202 0.03876 0.00775 0.08527 0.09302 0.07752 0.00000 0.04651 0.01550 0.04651 0.03876 0.01550 0.03876 0.06977
GNM11375                       0.04651 0.09302 0.03876 0.07752 0.02326 0.02326 0.09302 0.05426 0.00775 0.06202 0.08527 0.10853 0.01550 0.03876 0.00775 0.06202 0.03876 0.01550 0.04651 0.06202
GNM11381                       0.06202 0.10078 0.04651 0.06977 0.02326 0.03876 0.08527 0.04651 0.00775 0.06977 0.08527 0.09302 0.00775 0.04651 0.00775 0.04651 0.04651 0.01550 0.03876 0.06202
GNM11382                       0.04651 0.10078 0.03876 0.06977 0.02326 0.03101 0.08527 0.04651 0.00775 0.06977 0.08527 0.09302 0.01550 0.04651 0.00775 0.06977 0.04651 0.01550 0.03876 0.06202
GNM11799                       0.05426 0.10078 0.03101 0.06977 0.02326 0.04651 0.08527 0.06202 0.00775 0.06202 0.08527 0.10078 0.00775 0.05426 0.00775 0.05426 0.03101 0.01550 0.03876 0.06202
GNM11841                       0.06202 0.09302 0.03876 0.05426 0.02326 0.02326 0.20930 0.05426 0.01550 0.01550 0.13178 0.01550 0.03101 0.05426 0.03876 0.00775 0.03876 0.01550 0.04651 0.03101
GNM11931                       0.07752 0.10853 0.03101 0.08527 0.02326 0.00775 0.17054 0.04651 0.00000 0.01550 0.13178 0.00775 0.03101 0.04651 0.03876 0.02326 0.03101 0.01550 0.04651 0.06202
GNM12040                       0.07752 0.08527 0.03101 0.05426 0.00775 0.02326 0.17054 0.03876 0.01550 0.02326 0.13953 0.00000 0.03101 0.04651 0.05426 0.05426 0.04651 0.01550 0.05426 0.03101
GNM12071                       0.06977 0.08527 0.03101 0.06202 0.02326 0.00775 0.19380 0.05426 0.01550 0.01550 0.11628 0.00775 0.03101 0.05426 0.04651 0.01550 0.04651 0.01550 0.05426 0.05426
GNM12125                       0.06977 0.09302 0.03101 0.03101 0.02326 0.03101 0.11628 0.03101 0.03101 0.04651 0.11628 0.09302 0.02326 0.03101 0.02326 0.04651 0.03101 0.00775 0.06202 0.06202
GNM12126                       0.02344 0.08594 0.03125 0.05469 0.02344 0.02344 0.14844 0.04688 0.00000 0.03906 0.12500 0.09375 0.02344 0.03125 0.03125 0.03125 0.03906 0.00781 0.08594 0.05469
GNM12128                       0.03101 0.10078 0.05426 0.03101 0.02326 0.03101 0.12403 0.04651 0.00775 0.08527 0.11628 0.06202 0.02326 0.04651 0.00775 0.06202 0.03876 0.01550 0.06977 0.02326
GNM12182                       0.04651 0.06202 0.06202 0.03876 0.02326 0.01550 0.17054 0.02326 0.00775 0.04651 0.11628 0.10853 0.00775 0.04651 0.01550 0.02326 0.03876 0.01550 0.06202 0.06977
GNM12342                       0.02326 0.03101 0.05426 0.06202 0.02326 0.00775 0.14729 0.03876 0.00000 0.03876 0.13178 0.13953 0.02326 0.06977 0.02326 0.01550 0.04651 0.02326 0.04651 0.05426
GNM12346                       0.04688 0.08594 0.06250 0.07812 0.01563 0.03125 0.10937 0.02344 0.00781 0.06250 0.13281 0.07031 0.03125 0.03125 0.01563 0.03906 0.03906 0.01563 0.04688 0.05469
GNM12351                       0.05426 0.07752 0.05426 0.06202 0.03876 0.01550 0.13953 0.03101 0.00000 0.06202 0.09302 0.06202 0.04651 0.04651 0.02326 0.06202 0.03876 0.01550 0.02326 0.05426
GNM12356                       0.03101 0.06202 0.06202 0.06977 0.02326 0.03876 0.11628 0.02326 0.00000 0.06202 0.13178 0.08527 0.01550 0.04651 0.00775 0.03101 0.06202 0.01550 0.06202 0.05426
GNM12357                       0.02326 0.04651 0.06202 0.07752 0.02326 0.03101 0.11628 0.03876 0.00000 0.03876 0.10853 0.08527 0.04651 0.05426 0.01550 0.04651 0.04651 0.01550 0.04651 0.07752
GNM12366                       0.03101 0.04651 0.05426 0.06977 0.02326 0.03101 0.11628 0.04651 0.00000 0.06202 0.10078 0.09302 0.03876 0.04651 0.01550 0.02326 0.05426 0.01550 0.05426 0.07752
GNM12373                       0.07752 0.09302 0.08527 0.03101 0.02326 0.02326 0.10078 0.04651 0.02326 0.02326 0.13178 0.04651 0.05426 0.02326 0.00775 0.03101 0.09302 0.02326 0.04651 0.01550
GNM12385                       0.06202 0.11628 0.06202 0.05426 0.02326 0.00775 0.14729 0.02326 0.03101 0.02326 0.13953 0.03101 0.02326 0.03101 0.01550 0.01550 0.06977 0.02326 0.05426 0.04651
GNM12551                       0.04651 0.13953 0.02326 0.03101 0.03101 0.00000 0.21705 0.03101 0.03101 0.02326 0.10078 0.04651 0.03101 0.03101 0.03101 0.03101 0.01550 0.00775 0.03101 0.10078
GNM12554                       0.05426 0.08527 0.06202 0.05426 0.02326 0.01550 0.10853 0.04651 0.02326 0.06977 0.12403 0.05426 0.02326 0.03876 0.02326 0.03101 0.07752 0.01550 0.04651 0.02326
GNM12592                       0.06977 0.08527 0.04651 0.02326 0.03101 0.00775 0.14729 0.03101 0.02326 0.06202 0.12403 0.05426 0.00775 0.03876 0.03101 0.05426 0.03876 0.01550 0.04651 0.06202
GNM12596                       0.04651 0.08527 0.04651 0.05426 0.03101 0.00775 0.13178 0.03101 0.00775 0.03101 0.14729 0.06202 0.03101 0.05426 0.02326 0.04651 0.06202 0.01550 0.02326 0.06202
GNM12602                       0.04651 0.08527 0.05426 0.06977 0.03101 0.01550 0.12403 0.02326 0.00000 0.03876 0.14729 0.06977 0.03876 0.05426 0.02326 0.03876 0.06202 0.01550 0.01550 0.04651
GNM12665                       0.04651 0.07752 0.04651 0.06202 0.02326 0.01550 0.10853 0.03876 0.01550 0.03876 0.14729 0.06202 0.03101 0.05426 0.02326 0.03876 0.06202 0.01550 0.02326 0.06977
GNM12745                       0.04651 0.04651 0.07752 0.06202 0.03101 0.03876 0.10853 0.01550 0.02326 0.06202 0.06202 0.10078 0.01550 0.07752 0.03101 0.03101 0.05426 0.01550 0.06977 0.03101
GNM12749                       0.04651 0.07752 0.09302 0.04651 0.02326 0.02326 0.13953 0.01550 0.00775 0.06977 0.10853 0.06977 0.02326 0.03101 0.01550 0.04651 0.05426 0.01550 0.06202 0.03101
GNM12758                       0.03876 0.06202 0.05426 0.03876 0.03101 0.02326 0.16279 0.01550 0.00775 0.05426 0.07752 0.09302 0.02326 0.05426 0.03101 0.04651 0.06202 0.01550 0.04651 0.06202
GNM12763                       0.01550 0.07752 0.09302 0.03101 0.03876 0.00775 0.13178 0.00775 0.01550 0.09302 0.08527 0.13178 0.01550 0.05426 0.02326 0.04651 0.03876 0.01550 0.05426 0.02326
GNM12766                       0.03876 0.07752 0.05426 0.07752 0.02326 0.00775 0.13953 0.02326 0.00775 0.05426 0.12403 0.10078 0.01550 0.06977 0.02326 0.00775 0.04651 0.01550 0.04651 0.04651
GNM12841                       0.07752 0.08527 0.04651 0.05426 0.02326 0.02326 0.20155 0.05426 0.01550 0.02326 0.13178 0.00000 0.03101 0.05426 0.03876 0.02326 0.03101 0.01550 0.04651 0.02326
GNM12849                       0.03876 0.09302 0.03101 0.07752 0.02326 0.02326 0.09302 0.05426 0.00775 0.06202 0.07752 0.10853 0.01550 0.04651 0.00775 0.06202 0.04651 0.01550 0.05426 0.06202
GNM12869                       0.04651 0.09302 0.03876 0.07752 0.02326 0.03101 0.10078 0.05426 0.00775 0.06202 0.08527 0.10853 0.01550 0.03876 0.00775 0.04651 0.03876 0.01550 0.04651 0.06202
GNM12896                       0.06202 0.07752 0.03101 0.09302 0.02326 0.03876 0.06977 0.05426 0.00775 0.06202 0.10853 0.12403 0.00775 0.03876 0.00775 0.03876 0.03876 0.01550 0.03876 0.06202
GNM12897                       0.06202 0.07752 0.03101 0.09302 0.02326 0.03876 0.06977 0.05426 0.00775 0.06202 0.11628 0.12403 0.00000 0.03876 0.00775 0.03876 0.03876 0.01550 0.03876 0.06202
GNM12903                       0.07031 0.10156 0.03906 0.05469 0.02344 0.01563 0.07812 0.05469 0.00000 0.08594 0.13281 0.07031 0.02344 0.00000 0.01563 0.03125 0.07031 0.00781 0.06250 0.06250
GNM12906                       0.05469 0.09375 0.03125 0.05469 0.02344 0.01563 0.07812 0.03906 0.00000 0.10937 0.14062 0.07031 0.01563 0.00781 0.01563 0.05469 0.07031 0.01563 0.06250 0.04688
GNM12907                       0.04688 0.08594 0.03906 0.03906 0.02344 0.01563 0.10156 0.03125 0.00781 0.07812 0.10937 0.09375 0.02344 0.01563 0.02344 0.03125 0.06250 0.00781 0.06250 0.10156
GNM12909                       0.05469 0.07812 0.03906 0.06250 0.02344 0.02344 0.07812 0.03906 0.00000 0.09375 0.09375 0.08594 0.01563 0.00781 0.01563 0.03906 0.07812 0.00781 0.07812 0.08594
GNM12915                       0.06202 0.06977 0.01550 0.04651 0.02326 0.00775 0.19380 0.03876 0.01550 0.07752 0.11628 0.09302 0.00775 0.03101 0.00775 0.00775 0.06202 0.01550 0.06977 0.03876
GNM10046                       0.06202 0.07752 0.00775 0.05426 0.02326 0.03101 0.17054 0.03876 0.00775 0.05426 0.11628 0.07752 0.00775 0.03101 0.00775 0.00775 0.08527 0.01550 0.06977 0.05426
GNM12918                       0.06977 0.06202 0.01550 0.05426 0.02326 0.01550 0.17829 0.03876 0.01550 0.08527 0.10078 0.09302 0.01550 0.03101 0.00775 0.00775 0.05426 0.01550 0.06977 0.04651
GNM12931                       0.05512 0.06299 0.04724 0.06299 0.01575 0.03150 0.11024 0.03937 0.01575 0.11024 0.14961 0.11811 0.00787 0.03150 0.01575 0.00787 0.05512 0.00787 0.03150 0.02362
GNM12938                       0.02326 0.04651 0.05426 0.06202 0.02326 0.03876 0.11628 0.03101 0.00775 0.06977 0.14729 0.12403 0.00000 0.03876 0.01550 0.04651 0.03876 0.00775 0.07752 0.03101
GNM12996                       0.01550 0.06977 0.06977 0.06977 0.02326 0.05426 0.11628 0.02326 0.00000 0.07752 0.12403 0.10078 0.00775 0.06202 0.01550 0.04651 0.02326 0.01550 0.03876 0.04651
GNM13018                       0.01550 0.06977 0.06977 0.06977 0.02326 0.05426 0.11628 0.02326 0.00000 0.08527 0.12403 0.10078 0.00775 0.06202 0.01550 0.03876 0.03101 0.01550 0.03876 0.03876
GNM13027                       0.03101 0.04651 0.05426 0.06202 0.02326 0.04651 0.12403 0.02326 0.00000 0.06202 0.13953 0.13178 0.00775 0.04651 0.02326 0.02326 0.03876 0.00775 0.07752 0.03101
GNM13046                       0.05426 0.08527 0.03101 0.07752 0.02326 0.03101 0.07752 0.05426 0.00775 0.06202 0.09302 0.10853 0.00775 0.05426 0.00775 0.06977 0.03101 0.01550 0.04651 0.06202
GNM13053                       0.06977 0.11628 0.03101 0.04651 0.02326 0.03101 0.11628 0.03876 0.00000 0.06977 0.08527 0.07752 0.00775 0.06977 0.00775 0.02326 0.07752 0.02326 0.03876 0.04651
GNM13074                       0.06977 0.07752 0.00775 0.03101 0.02326 0.03876 0.18605 0.03101 0.02326 0.06202 0.11628 0.08527 0.03101 0.02326 0.00775 0.00775 0.06977 0.01550 0.06977 0.02326
GNM10010                       0.06202 0.09302 0.02326 0.06202 0.02326 0.00775 0.17054 0.04651 0.00000 0.06977 0.12403 0.06977 0.03101 0.02326 0.00775 0.01550 0.04651 0.02326 0.06977 0.03101
GNM10014                       0.06202 0.07752 0.01550 0.03876 0.02326 0.00775 0.20155 0.03876 0.00000 0.06202 0.10853 0.08527 0.03876 0.02326 0.01550 0.01550 0.06202 0.02326 0.06202 0.03876
GNM13090                       0.04651 0.07752 0.01550 0.03101 0.02326 0.01550 0.20155 0.03876 0.00775 0.06202 0.10853 0.08527 0.04651 0.02326 0.00775 0.02326 0.06202 0.01550 0.06977 0.03876
GNM13118                       0.05426 0.07752 0.06202 0.07752 0.02326 0.00000 0.12403 0.02326 0.00000 0.03876 0.13953 0.09302 0.02326 0.00775 0.03101 0.03876 0.03876 0.02326 0.05426 0.06977
GNM13208                       0.04688 0.06250 0.04688 0.04688 0.02344 0.03125 0.07812 0.03125 0.00000 0.10156 0.11719 0.08594 0.03125 0.00781 0.02344 0.07031 0.05469 0.00781 0.07031 0.06250
GNM13210                       0.06299 0.06299 0.05512 0.05512 0.01575 0.01575 0.13386 0.03150 0.00787 0.06299 0.14173 0.09449 0.01575 0.02362 0.01575 0.04724 0.03937 0.00787 0.04724 0.06299
GNM12768                       0.06977 0.04651 0.03101 0.05426 0.03101 0.04651 0.10078 0.03101 0.02326 0.08527 0.10078 0.09302 0.01550 0.04651 0.00775 0.04651 0.06202 0.01550 0.03876 0.05426

Homogeneity statistic: X2 = 15.54683 G = 16.65222 

Average                        0.05266 0.08481 0.03963 0.06225 0.02300 0.03076 0.11069 0.04307 0.01181 0.06264 0.10609 0.09179 0.01729 0.04240 0.01519 0.03996 0.04506 0.01585 0.04700 0.05803
(Ambiguity characters are used to calculate freqs.)


# constant sites:      3 (2.29%)

TREE #  1:  ((((((((42, 140), 127), (58, 92)), 93), 94), (((129, 130), (95, 57)), (128, 131))), ((((((121, 120), 123), 122), 139), (60, 41)), 138)), (((((((((((((((((((((44, 45), 43), (47, 21)), 49), 56), 51), ((46, 48), 87)), 52), 50), (((69, 20), (23, 22)), 38)), (((((((53, 54), 55), 117), 18), (((24, 35), (6, 5)), (84, 19))), ((9, 67), 116)), 73)), 132), (((85, 72), 17), 86)), (((118, 71), 119), 36)), ((((4, 75), (70, 12)), (26, 76)), (13, 66))), 77), (83, 68)), ((((((37, 80), 81), 40), 39), (14, 133)), (33, 11))), ((((1, 78), 79), (7, 2)), 34)), ((((31, 32), 29), (3, 27)), (((82, 10), 30), 28))), (((25, ((63, 64), 65)), (62, 141)), ((16, 15), 61))), ((((((((((109, 107), 108), 98), 106), 97), (((105, 103), 111), 102)), ((((90, 8), 91), (88, 115)), 89)), (59, 74)), ((((((101, 100), 99), 114), 96), ((110, 112), 113)), 104)), ((((135, 136), 137), 134), ((126, 124), 125))));   MP score: -1
lnL(ntime:279  np:280): -15960.781058      +0.000000
 142..143 143..144 144..145 145..146 146..147 147..148 148..149 149..42  149..140 148..127 147..150 150..58  150..92  146..93  145..94  144..151 151..152 152..153 153..129 153..130 152..154 154..95  154..57  151..155 155..128 155..131 143..156 156..157 157..158 158..159 159..160 160..161 161..121 161..120 160..123 159..122 158..139 157..162 162..60  162..41  156..138 142..163 163..164 164..165 165..166 166..167 167..168 168..169 169..170 170..171 171..172 172..173 173..174 174..175 175..176 176..177 177..178 178..179 179..180 180..181 181..182 182..183 183..44  183..45  182..43  181..184 184..47  184..21  180..49  179..56  178..51  177..185 185..186 186..46  186..48  185..87  176..52  175..50  174..187 187..188 188..189 189..69  189..20  188..190 190..23  190..22  187..38  173..191 191..192 192..193 193..194 194..195 195..196 196..197 197..53  197..54  196..55  195..117 194..18  193..198 198..199 199..200 200..24  200..35  199..201 201..6   201..5   198..202 202..84  202..19  192..203 203..204 204..9   204..67  203..116 191..73  172..132 171..205 205..206 206..207 207..85  207..72  206..17  205..86  170..208 208..209 209..210 210..118 210..71  209..119 208..36  169..211 211..212 212..213 213..214 214..4   214..75  213..215 215..70  215..12  212..216 216..26  216..76  211..217 217..13  217..66  168..77  167..218 218..83  218..68  166..219 219..220 220..221 221..222 222..223 223..224 224..37  224..80  223..81  222..40  221..39  220..225 225..14  225..133 219..226 226..33  226..11  165..227 227..228 228..229 229..230 230..1   230..78  229..79  228..231 231..7   231..2   227..34  164..232 232..233 233..234 234..235 235..31  235..32  234..29  233..236 236..3   236..27  232..237 237..238 238..239 239..82  239..10  238..30  237..28  163..240 240..241 241..242 242..25  242..243 243..244 244..63  244..64  243..65  241..245 245..62  245..141 240..246 246..247 247..16  247..15  246..61  142..248 248..249 249..250 250..251 251..252 252..253 253..254 254..255 255..256 256..257 257..109 257..107 256..108 255..98  254..106 253..97  252..258 258..259 259..260 260..105 260..103 259..111 258..102 251..261 261..262 262..263 263..264 264..90  264..8   263..91  262..265 265..88  265..115 261..89  250..266 266..59  266..74  249..267 267..268 268..269 269..270 270..271 271..272 272..101 272..100 271..99  270..114 269..96  268..273 273..274 274..110 274..112 273..113 267..104 248..275 275..276 276..277 277..278 278..135 278..136 277..137 276..134 275..279 279..280 280..126 280..124 279..125
 0.100927 0.054834 0.068484 0.073735 0.105008 0.458375 0.291714 0.275708 0.226217 0.312555 0.174057 0.777866 0.524644 0.580503 0.730793 0.184736 0.017773 0.165088 0.007393 0.005984 0.045322 0.122088 0.152347 0.114348 0.218286 0.138920 0.084830 0.625172 0.568652 0.146308 0.016114 0.040361 0.080208 0.112454 0.107845 0.164545 0.233562 0.112226 0.744349 0.483968 0.775640 0.128131 0.120756 0.273319 0.006500 0.165784 0.081614 0.007898 0.171770 0.043052 0.033936 0.017645 0.000000 0.023497 0.000000 0.054279 0.000000 0.020522 0.000000 0.013803 0.000000 0.000000 0.154991 0.020636 0.000000 0.006711 0.000000 0.006733 0.020676 2.050909 0.035241 0.000000 0.000000 0.027952 0.020685 0.020573 0.037798 0.102249 0.038092 0.056572 0.025867 0.000000 0.000000 0.017133 0.000000 0.000000 0.060037 0.037831 0.037841 0.008919 0.006803 0.000000 0.006705 0.000000 0.000000 0.000000 0.000000 0.000000 0.000000 0.000000 0.006797 0.006668 0.006672 0.000000 0.013309 0.006716 0.006725 0.013512 0.000000 0.000000 0.021865 0.006768 0.000000 0.000000 0.000000 0.057805 0.035616 0.086530 0.000000 0.013262 0.019454 0.007526 0.008625 0.019013 0.094976 0.011816 0.000000 0.006921 0.000000 0.006924 0.009728 0.035886 0.025043 0.062751 0.000000 0.000000 0.020955 0.042155 0.000000 0.000000 0.051732 0.000000 0.014063 0.104336 0.010238 0.024755 0.121734 0.211175 0.000000 0.000000 0.041371 0.057546 0.220026 0.045545 0.113623 0.042123 0.006795 0.006072 0.105406 0.124320 0.205117 0.081051 0.105229 0.075578 0.150296 0.038245 0.044399 0.000000 0.066114 0.217691 0.060139 0.040340 0.024419 0.142315 0.186122 0.000000 0.000000 0.112258 0.257482 0.021151 0.168168 0.341939 0.006851 0.013373 0.230632 0.258298 0.012339 0.015661 0.298994 0.388013 0.094781 0.021139 0.000000 0.016818 0.365288 0.022718 0.085129 0.124751 0.176471 0.052153 0.162228 0.049724 0.048533 0.169091 0.070050 0.548235 0.300649 0.056033 0.825522 0.000000 0.000000 0.532638 0.044247 0.055710 0.118171 0.093147 0.112621 0.125717 0.045359 0.301208 0.109954 0.044059 0.068058 0.039152 0.018029 0.346983 0.438919 0.332129 0.365818 0.008890 0.046224 0.281840 0.261975 0.351596 0.292032 0.481048 0.000000 0.044338 0.078997 0.061915 0.040868 0.068461 0.017311 0.061658 0.107844 0.128673 0.494304 0.366368 0.152641 0.058638 0.152155 0.195003 0.074396 0.149841 0.135447 0.091813 0.100473 0.296114 0.149612 0.213062 0.250400 0.059314 0.524834 0.211710 0.340264 0.809038 0.525921 0.000000 0.064398 0.025050 0.181590 0.045527 0.035704 0.057843 0.097339 0.046407 0.000000 0.070769 0.061008 2.056707
