
Printing out site pattern counts


       154        157  P

GNM13746                        -----AAAAA AAAACDDDDD EEEEEEEEEE EEEEEFFFFG GGGGGGGGGG GHHHHIIIII IIIIIIIIII IIIIIKKKKK KKKKKKKKKK KKLLLLLLLL LLLMMNNNNN PPPPQQQQRR RRRRRRRRRR RRSSSSSSST TTVVVVVVVV VVVVYYY
GNM13538                        ----VAAAAA ESSTADDDDG DDEEEEEEEG KKQQSFFFFA GGGGGGGGGG HHHNQIIIII IIIIILLMMS TVVVVAEIIK KKKKKKPQRR RSLLLLLLLM VVVIMDENNR APPPEKKQKK KKRRRRRRRR RSLSSSSSTS TTFILPVVVV VVVVFMY
GNM13671                        ----EAAAAS SASTADDDGE ERAEEEEEEG NRIQMFFFIS GGGGGGGGGG GHHNHCIIII IILLVILFTI VFIIVRNKKK KKKRRRPRKK REILLLLVVM ILRMMNKNNK PPPPEKQQKR RRKLQRRRRR RKHEHNSSES TTFVAPEIII VVVVFRY
GNM13876                        -----AAAAA VSGVRDDDGE DEAEEEEEEN GKVSSFFFIA GGGGGGGGGG GHHNQCIIII IILLIILMTT VFIPVRAKMK RRVKKRPRAK AQLLLLLLVM VFERLNEESR PPPPEERQKK KRKRRRRRRR YKMSHSESQS TTIVGLVIVV LVVVLYY
GNM13680                        ----EAAAGA SSSTKDDDDD DAEDEEEEEG AQVNEFFLFG GGGGGGGGGG GHHNHIIIIV VVIIIILYTN VFAIISDGKK KKKHRKPKPR SKLIILLLIM VIIVMNEHNS PPPPLKKQKK RKKRRKRRRR RKYSVSAAQN TTFVVDVIIV VIVVFYY
GNM14837                        ----EAAAGA TSSSHDDGDE KEDEAEENQG TKANQWYFLG DGGGGGGGGG GHRNHMIIVK LQIIIIIFVS VLAIIKDNKK KKSKGIPKDR SRLILLVLLL VFIAMDTSNS PPPSDKKKKK RKEITRGRRR KRFKTSSAKS TTFVLPVVII AIVVLYY
GNM14249                        ----EAAAGA TSSSHDDGDE QDDEEEEDSG SKANQWYFLG GGGGGGGGGG GHRNHMIIVK LQIIIIIFVS VLAIIKDNKK KKNKGIPKDR SRLILLILLL IYKAMETSNS PPPPEKKKRK RKEIVRGRRR KSFRTASAKT TTFVLPVVII VVVVLYY
GNM13928                        ----EAAAGA TSSSHDDGDE QDDEAEENQG TKTNQWYFLG DGGGGGGGGG GHRNHMIIVK LYIIIIIFVS VLAIIKDNKK KKSNGIPKDR SQLILLILLL VFVAMDTSNS PPPPEKKKKK RKAVTRGRRR KRFKTSSAKK ATFVLPLVII VIVVLYY
GNM13297                        ----VAAAAA ESSTADDDDG DDEEEEEEEG KKQQSFFFFA GGGGGGGGGG HHHNQIIIII IIIIILLMMS TVVVVAEIIK KKKKKKPQRR RSLLLLLLLM VVVIMDENNR APPPEKKQKK KKRRRRRRRR RSLSSSSSTS TTFILPVVVV VVVVFMY
GNM14865                        ----TAASGA VGGTRDEDDE EARDEEEAQG SEREEFFFYG SDGGGGGGGG PHRHHMFVVV ISITIVIFQT VFIPMSDISK EGVEGKPRTT DELLLLLLVL VFVKMDEHNR PPPSEEEQDR RDRRERRQRT KQTSNSVRST ATFVAEVIVV AVVVIYY
GNM13455                        ----EAAAGA TSSSHDDGEE QDDEEEEIQG NKADHWYFLG GGGGGGGGGG GHRNHMIIVK LQVIIIIFVS VLAIIKDNKK KKNKGVPKDR SKLILLVLLL IFRAMDTSNS PPPSDKKKKQ RKEIVRGRRR KSFRTSCAKS TTFVLPLVII VVVVLYY
GNM14938                        ----EAAAAA SAATRDDDGE EEAEEEEEEG SKIEMFFFIL GGCGGGGGGR PHHIHCLIVI IILLIVLFTM VFILPREKRK KKRKKRPRER RALLFLLVVF VFIMMDNNNR PPPPEERQKK RRKRERRKRR IRYEHSSSRT TTFVAPVIVV AVVVVFY
GNM14483                        ----KAGAGS ESSTRDENDG EQEEGEEEAG AKQPQFYFLG GGGGGGGGGG GHHNHIIIIM VIIIIIVFIS VLVIVTDRKK KKKKGRPRSK SKLILIVLVM VVASMDVNSK PPPPEKEQQK RIKLKRSRRR RRRSLCSAES STFVLPLIVV VVIVFYY
GNM14872                        ----QAAAGA VSSTKDDDDD DAEDEEEEEG SQINEFYIFG GGGGGGGGGG GHHNHIIIII VVIIIILYTN VFAIIREGRK KKKHRKPKER SKLMILLLIM VLIMMNESNA PPPPTKKHKQ RRKRKKRRRR RKFSVSAAET TTFAVSVVIV AIVVFYY
GNM13855                        ----QAAAGS KSSTNDDDDS DQDENEEEDG SKVNEFYFFG GGGGGGGGGG GHHNHIIIII IVIIIILFTC VFAIIPSGKK KRKHRKPKDR -KLVILLLIM VITMMNENNQ PPPPMKRKNK REKRKRRRRR RKNSASSSST STFAIPVIIV AAVVFYY
GNM14445                        ----NAAAGA ESSTSDEDET DEEEDEEETG KNSNDFYFFG NKGGGGGGGG GHHNHIIIII IVIIIILLVI IVLIVKKKSK KKTRGRPRNR KKIILLLLLM VCVTMDE-NK PPPPQQKHSK RIRKIRRKRR RRTSVSSSTS TTFIL-VVIV VVVVFTY
GNM14404                        ----AAAASA GSST-DDDDI ERAEEEEEEG EKIKEFFFIC GGGGGGGGGG GHYHHSIIII IILLTILFTC VFIPI-SKKK KKKRGKPRKK -MLLLLLIVM VFVMMNENNK PPPPEEKAKR RRRRK-NKRR -NYSHSCDET TTFVAPVIVV CVVVMYY
GNM14545                        ----AAAASA GSST-DDDDI ERAEEEEEEG EKIKEFFFIC GGGGGGGGGG GHYHHSIIII IILLTILFTC VFIPI-SKKK KKKRGKPRKK -MLLLLLIVM VFVMMNENNK PPPPEEKAKR RRRRK-NKRR -NYSHSCDET TTFVAPVIVV CVVVMYY
GNM14366                        ----EAAAGA TSSTHDDEDE EQEEQEEEQN KKANSWFFLG GGGGGGGGGG GHRNHMIIVQ LQIIIIIFIA VLAIIKEDAK KKRKDVPKDR SKLILLVLLL IVKAMDENNR PPPSDRKKKK RTTRTRSRRR RSFRTSCARS TTFVLTVVIA VVVVLFY
GNM14252                        ----EAAAGA TSSSHDDGDE QDDEEEEDSG SKANQWYFLG GGGGGGGGGG GHRNHMIIVK LQIIIIIFVS VLAIIKDNKK KKNKGIPKDR SRLILLILLL VYKAMETSNS PPPPEKKKRK RKEIVRGRRR KSFRTSSAKT TTFVLPVVII VVVVLYY
GNM13760                        ----EAAAGA TSSSHDDGDE QDDEEEENQG KKSNQWYFLG GGGGGGGGGG GHRNHMIIVK LQIIIIIFVS VLAIIKNAKK KKNKGIPKDR SKLILLILLL VYKAMDSPNT PPPSDKKKKK RKEIVRGRRR KSFKTSSAKS TTFVLVVVII VIVVLYY
GNM13982                        ----EAAAGA ASSSHDDNDD DADEEEEEKN HKDNEWYFLG GGGGGGGGGG GHRNHMIIIK LIIIIIIFIT VLAIIKNPKK KKPLGIPKDR SKLVLLVLLL VVQAMDSNNR PPPVGKKKKK REKKTRSRRR KSMRRSNAKT ATFALVLVVV AVVVLFY
GNM13960                        ----EAGAGA ASSTSDDEDA NKEDEEEEKG NKANQWFFLG GGGGGGGGGG GHRNHMIIVI LQIIIIIFIS VLTIIKNNKK KKKKGIPKDK NKLILLVLLL VLTAMDKNNS PPPPVKKKKK RKKRT-NRRR KKEKSANAET STFVLLVVIV IIVVLFY
GNM14633                        ----EGAAGA TSSSHDDDDE DADEEEEEKG HKENQWYFLG GGGGGGGGGG GHRNHMIIVK LHIIIIIFIS VLAIIKESKK KRPLGIPRER SKLVLLVLLL VIKAMDNNNR PPPVGKKRKK REKKTRSRRR KSMRRSNAKT PTFVLVLVVI AIVVLFY
GNM14853                        ----EGAAGA TSSSHDDDDE DADEEEEEKG HKENQWYFLG GGGGGGGGGG GHRNHMIIVK LHIIIIIFIS VLAIIKESKK KRPLGIPRER SKLVLLVLLL VIKAMDNNNR PPPVGKKRKK REKKTRSRRR KSMRRSNAKT PTFVLVLVVI AIVVLFY
GNM14174                        ----AAAAAS NASTQDEDDD EIEEDEEEDG KKKREFFFFN GGGGGGGGGG GHRNHLIILI IIVIIILLVC VFVPLKEQSK KKPKKKSLSK RSLLLLLVVM IFIVMEEQNR PAPPKKKQKK RKKLKRRRRR RRQSSSVKQS TTFVVPIIVV CVVVVHY
GNM14138                        ----EAAAAA GSSTSDDDEE DLAEAEEQED DERRQFFFHS GDGGGGGGGG GHRNHMIIII IILIIILFTS TFIPLREAKK KKTKDQSRKK HVLLFLILVM IFQLMSENNK PPPPKKRQTK RIKQKRRRRR RKQYSNSTDT TTFVASVIVV CVVVIFY
GNM14055                        ----NAAAGA TSSSHDDNDN QDDNTEEEKG NKSNEWFFLG GGGGGGGGGG GHRNHMIIVI LQIIIIIFVS VLAIIKENKK KKKTKIPQNK SRLILLILLL IFIAMNANNS PPPPQTKEAK RKKKKRNRRR KNERSSNNES STFVLTVIVV VVVVIYY
GNM14748                        ----EAAAGA TSSSHDDGEE QDDEVEEDQG SKTNQWYFLG GGGGGGGGGG GHRNHMIIVK LQIIIIIYVS VLAIIKNNKK KKNNGIPKDR SKLILLILLL IYIAMDTSNS PPPPEKKKRK RKEIARSRRR KSFRTASAKT TTFVLPIVII VVVVLYY
GNM14246                        ----GAAAAG STSTADEDDE ELEEEEEEEG SRKRQFLFYS GGGGGGGGGG GHRNHMIMII IILIIILFTC VFIPLKEKTK KKSKGKPLKR RTLLLLLLVM IFKLMTENNR PPPPEKKQKK RKKLKRRRRR HDYEARCSDT TTFVAPVIVV CVVVIYY
GNM14640                        ----EAAAAA DSSTADEDDE ELEEDEEEED DQKRQFFFYS GEGGGGGGGG GHRNHIIIIM IILIIILFTS TFIPLKERSK KKANKKPLKK HVLLFLLLVM IFKLMVENNR PPPPKKKQTK RKKLKRRRRR RKHDACCSDT TTLVTLVIVV CVVVIYY
GNM14965                        ----QAAAAA TSSTVDDDDG DQEDQEEEDG GRVNEFFMFG DGGGGGGGGG GHHNHILIII VVIIIILFTS VFGIIHDGKK KRKHRKPTAR -KLLMLLLVM ILLMMNE-NI PPPPEKQQRK RRNRQKTRRR RNFSASTRKT STFAT-VIIV AIVVFYY
GNM13677                        -----AAAAA VSGVRDDDGE DDAEEEEEEN GKVSSFFFIA GGGGGGGGGG GHHNQCIIIV IILLIILMTT VFIPVREKAK RRLKKRPKAK AQLLFLLLVM VFERLNEESR PPPPEERQKK KRKRRRRRRR YKMSHSESQS TTIVALVIVV LVVVLYY
GNM14339                        ----AGAAAG SAGTKDEDGS EEVEEEEEEG RKIDMFFFIS GQGGGGGGGG SHRNHSFIII VILLIILFTI VFIILRKKRK RKRKGKPRRK RVLLLLLLVM IFELMDVNNR PPPPQEQQKR RRKRKRRRRR LQYEHNSSKT TTFTAPVIVV AVVVVVY
GNM14593                        ----EAAAAA SASTADDDGE EEPEREEEEG KKILMFFFIS GGGGGGGGGG GHHNHCIIII IILLVILFTI VFIIVREKKK KKKKRRPRRK RAILFLLVVM VLRMMDENNR PPPPEREQKR RKKLKRRKRR RKREHNSSKT TTFIAPVVVV VVVVFRY
GNM13825                        ----TAAAAA SAATRDDDGE EEAEEEEEEG GKIEQFFFIS GGGGGGGGGG PHHNHCMIII VILLIVLFTI VFILPREKRK KKKKKRPRKR RVLLFLLIVF VFVMMDNNNR PPPPEERQKK RRKRRRRKRR IRYEHNSSST TTFVAPVIVV AVVVVLY
GNM14768                        ----EAAAAA SSSTADDDGE EEPEEEQEEG GRLEMFFFIC GGAGGGGGGG PHYNHSIIIM IILLIILFTC VFIIVRQKGK KRKKKKPRRK RAILLLLLVM IFVRMDRNGR PPPPESRQKK RRKRRRRKRR RRQSHSERST TTFVAPIIIV VVVVMLY
GNM14776                        ----EAAAAA SSSTADDDGE EEPEEEQEEG GRLEMFFFIC GGAGGGGGGG PHYNHSIIIM IILLIILFTC VFIIVRQKRK KRKKKKPRRK RAILLLLLVM IFVRMDRNGR PPPPESRQKK RRKRRRRKRR RRQSHSERST TTFVAPIIIV VVVVMLY
GNM14715                        ----KTGAGA ESSTRDENDG DQEEAEEEAG SNQPQFYFLG GGGGGGGGGG GHHNHIIIIM VVIIIIVFIS VLVIVTGRRK RKRRGRPRGK NKLILIVLVM VIAVMDTHSR PPPPEKGQKK REKRKRGRRT RRQSLSASDT STFVLPLVVV VIVVFYY
GNM14639                        ----MAAAGA ESSSCDEDDH EKEDDEEEEG SELNQFFFFG GNGGGGGGGG GHRNHIIIII VILIIIIFIC VVVIVPKYKK KKKKKKAKRK RKLVLLLLLL VVIKMDENNF PPPPKRKQAK RRKRKRRRMT RKESKSKSEN TTFVLPVVVV VIVVMYY
GNM13795                        ----EAAAGA TSSSHDDGEE QDDEAEEDQG SKTNQWYFLG GGGGGGGGGG GHRNHMIIVK LQIIIIIYVS VLAIIKDNKK KKNNGIPKDR SKLILLILLL IYIAMDTSNS PPPPEKKKKK RKDITRSRRR KSFRTSSAKT TTFVLPIVII VVVVLYY
GNM14166                        ----EAAAGA TSSSHDDDDA EADDVEEEQG TKTNHWFFLG GGGGGGGGGG GHRNHMIIVK IYVIIIIFVS VLAIIKESRK KKAKDKPKPR SKLIFIILLM VLIAMDQPNS PPPPQKKQVK RKAITRNRRR KSFSSSSART TTFILPVVII VIVVLFY
GNM13993                        ----NAAAGA ESSCRDEDES ENEEEESEQD RTTLELFFWG GGGGGGGGNG GHQNQIIIVI LYLIIVIFTS VTIVVPEYKK KKQKKQPDIK QKILLLLLIM VFAKIDINNK IPPPLKKQRK KQKQKRGRRT VITRSSVSES STFILPVVVV VVLTAYY
GNM14450                        ----K-AAAA ESSTIDDDDG EIEEEEEEDG KKSNEFFFFG GQGGGGGGGG GHHNHIIIII IIIIIIILIS ATVIIPELKK KKKARRPRRK TTLILLLLIM IVIMMNENNR PPPPEKKQKK RNDRRRRRRR SRFSVSSSDT NTFVLIVIIV VIVVLYY
GNM13515                        ----EAAAGA ASSSHDDNDE NDDDEEEEKG TKSRQWYFLG GGGGGGGGNG GHRNHMIIVK LQIIIIIFIT VLAIIKNNKK KKPLSIPKDK SKLIFLVLLL VLKAMDSNNR PPPSDKKKKK REKKTRSRRR KKEKNSNAKT ATIVLIVIIV VVVVLFY
GNM14959                        ----VAAAGA AASTADMNDE AKEEWEEEAM EKYDEWFFWG GGGGGGGNGG GHRNQIIIIM IIVIVILLTA VFVIVRNLRK KKKRRKPRKR RALLLLLLAL IVVAMDKHNR PPPPEQLQKK RVKRQRRKRR RDWSVSSHES STFVTPVVVV VTVVFLY
GNM13413                        ----LAAAAA ESDTMDHDDA LLEEEEDPEG RQPDEFLIFG GGSGGGGGGG PHKNHIMIIM IIIIVILFVA TFVPVRERRK RKKKGKKLKK RMLLFLLIVM IVHVMDENNY PPPPEARQKK RKKRKRRKRR RRYSTSASQS TTFVVPVVVV AIVVLYY
GNM15005                        ----EAGAGA ASSTSDDEDA NKEDEEEEKG NKANQWFFLG GGGGGGGGGG GHRNHMIIVI LLIIIIIFIS VLTIIKNNKK KKKKGIPKDK NKLILLVLLL VLIAMDKNNS PPPPVKKKQK RKKRT-NRRR KKEKSANAEA STFVLLVVIV IIVVLFY
GNM14992                        ----EAGAGT ASSTRDDEDA NKEDEEEEEG NKPNQWFFLG EGGGGGGGGG GYRNHMIIVI LQIIILIFIS VLAIIKNNKK KKKKGTPKDR SKLILLVLLL ILTAMDK-NS PPPPEKKKKK RKKRTRNRRR RKERSANTET ATIVL-VIIV VVVVLFY
GNM14994                        ----EAAAGA SSSSHDDGEE QDDEAEEDQG SKTNQWYFLG GGGGGGGGGG GHRNHMIIVK LQIIIIIFVS VLAIIKDNKK KKSNGIPKDR SKIILFVLLL VYVAMDTSNS PPPPEKKKKK RKEITRSRRR KHFKTSSAKT ATVVLPLVII VIVVFYY
GNM15013                        ----EAGAGA ASSTSDDED- NKEDEEEEKG NKANQWFFLG GGGGGGGGGG GHR-HMIIVI -QIIIIIFIS -LT-IKNNK- KKKKGIP-DN NKLILLVL-L VLTA-DK-N- PPPPVKKKKK R-KRT-NRRR KKEKSANAET STFVL-VVIV II-VLFY
GNM15014                        ----EAGAGA SSSTRDDEDA NKEDEEEEKG NKENQWFFLG EGGGGGGGGG GHRNHMIIVI LQIIIIIFIS VLAIIKNNKK KKKKDIPKDR SKLILLVLLL VLTAMDE-NS PPPPEKKKKK RKKRTRNRRR RKEKSANTET ATFVL-VVIV IIVVLFY
GNM14976                        -----AGAG- ASSTSDDEDA --E-EEEEKG KKANQW-FLG E-GGGGGGGG GHRNSMIIV- LHIIIII-IS VLTI-KNKKK KK-KGIPKDK NKLILLVLLL -FTAMD-NNS PPPPVKKKKK RKK---NRRR KKEKSANA-- ATF-LLVVIV IIVV-FY
GNM14995                        ----EAAAGA VSSTHDDGDN QKDEAEEENE TKKNQWFFLG GGGGGGGGKG GHRNHIIIVI LQIIIIIFVS VLAIIKKNKK KKKLGIPKDK SKLLLLILLL TVTMMDANNS PPPPGKKGAK RKKKIRNRRR KREKSSNAET ATFVLIVIIV IVVIMFY
GNM14999                        ----KAGAGA ASSTHDDED- DKDDEEEEKG NKASQWFFLG GGGGGGGGNG GHR-HMIIVI -QIIIIIFVS -LT-IKDNK- KKKKGTP-DK SKLILLVL-L IFTA-DQ-N- PPPPVKKKKK R-KRTRSRRR KRERSANAET ATFVL-VVIV VA-VYFY
GNM15018                        ----EAAAGA TSSSHDDGDE QDDEAEEDSG SKANQWYFLG GGGGGGGGGG GHRNHMIIIK LQIIIIIFVS VLAIIKDNKK KKNRGIPKDR SKLIFLILLL VYKAMETSNS PPPPEKKKRK RKEIVRGRRR KSFRTASAKT TTFVLPVVII VVVVLYY
GNM15025                        ----EAAAGA VSSTHDDNDN QEQNQEEEKG NKQNQWFFLG GGGGGGGGGG GHRSHIIIVI LQIIIIIFVS ILAIVKNAKK KKKSGTPKDK SKLILLVLLL TFTAMDKNNY APHSLKKGAK RKKRSRNRRR KREKSSNAKT TTFVLLTIIV VVVIIFY
GNM14980                        ----EAAAGA TSSSHDDGDE QDDEAEEDSG SKANQWYFLG GGGGGGGGGG GHRNHMIIIK LQIIIIIFVS VLAIIKDNKK KKNRGIPKDR SKLIFLILLL VYKAMETSNS PPPPEKKKRK RKEIVRGRRR KSFRTASAKT TTFVLPVVII VVVVLYY
GNM15000                        ----EAAAGA TSSSHDDGDE QDDEAEEDSG SKANQWYFLG GGGGGGGGGG GHRNHMIIIK LQIIIIIFVS VLAIIKDNKK KKNRGIPKDR SKLIFLILLL VYKAMETSNS PPPPEKKKRK RKEIVRGRRR KSFRTASAKT TTFVLPVVII VVVVLYY
GNM15026                        -----AAAG- -SSI-DD-DN --E-SEEE-K -KSNQW-F-G G-G---GGGG -HRN-MIIV- LQ-I-II-V- VLAI--NQ-K KK-SGTPKDK -KLILLI-L- -FTAM--NNH -P-VNKKGAK -KK----RRR --ER-TN--- STL-LIV--- V-VI--I
GNM15001                        ----EAAAGA TSSSHDDGDE QDDEAEEDSG SKANQWYFLG GGGGGGGGGG GHRNHMIIIK LQIIIIIFVS VLAIIKDNKK KKNRGIPKDR SKLIFLILLL VYKAMETSNS PPPPEKKKRK RKEIVRGRRR KSFRTASAKT TTFVLPVVII VVVVLYY
GNM15027                        ----NAAAGA TSSFADDNDE EEEEEEEQEG AKVEEFFFFG GGGGGGGGGG GHRNHIIIII IILIIILFVS VAVLVPEKRK KRKKGRPRKK RSLLLLLIVM VVIVMKENSK PPPPEKKQMR RRKRKRRKRR RKNSFSSSSK TTFVLPVVVV VAVVMYY
GNM11003                        ----TGAAGA ESSTKDIDEA EKEEEEQEEG RKYDEFFFFG GGGGGGGGGG PHRNHIIIVI IIVVVILLTA TFLIITQRKK KKKAGKLRKR KYLLLLLLVM VVIKMDVNNK PPPPEEKAHK RRKRTRRKRT RRYETSVAES STFIVPLIVI VIVVLYY
GNM11023                        ----LAAAAT QSSTRDLDAV EVEENEEQRG RKFEEFLFLS GGGGGGGGGG PHRNHIIIVM IIVIIILFVA TFVPVREKRK KKREGRNRKR RALLLLLIVM FVLMMDTSNR PPPPEQKQEK RRRRNRRRRR QHHSTSVGQT TTIVAPIIIV VIVVLHY
GNM11055                        -----AAAGT KASVKGDDND EREDKEEKDE SKIEEFWFFG GGGGGGGGGG AHRNHILIII LIVIIILLVC VFLVVKEYTK DKKAGKARKD RYLHLLLLIM VFLKMDINYV RPPPEEKQSK REMRERRKRT RK-KSSAAST TTIVAPVIVV IVVVLYY
GNM11146                        ----VAAAGT ASSTANLDDW EREEWEEEAG DTYAEFFFFG GGGGGGGGGG GHRNHMVIII IILIIILLSA AFVIVRNLKS RHRRRKPRER RAMLLLLLVF IVVLMDRHNF PPPPSQLRKR RRKRQRRKRR RD-ETSSADS STFVAPIVVV LVVVFFY
GNM11219                        ----RAAAAA EASTADDDAG EEEESEEEEG GRIEEFFFIC GGGGGGGGKG GHRNHILIIA IIVIIILFVI VFIPVKERRK EKRRGKPLRR RVLLLLLIVM VFEMMDENNR PPPPERRQRR RERRRRRRRR KKNRNSSART TTFVALVIVV CVVVIYY
GNM11220                        ----SAAAAA ESSTKDDDDA EAEEESEEEG RKMESFFFIC GGGGGGGGGG GHHNHVLIII IILLIILLTC TFIPLRAKKK RKKKGKPLKK RMLLLLLVVM VFMKMDENNR PPPPERQVKK RKRRKRRRRC WKYSTSCSET TTFVAPPIVV AVVVVYY
GNM11222                        -----AAAAA ESSTADEDDG DCDENEEEHG RKVEQFFFVS GGGGGGGGGG GHRNQILIII IILIIILMVC AFIPLAERGK KKRRGSPTKK KMLLLLLLVM LFLLVDENNK PPPPERQQKR KKKKRRRKRR KKHSTSTSET TTLVAPVVVI CVVVLYY
GNM11223                        ----KAAAAS ESSTADEDDE ELEEEEEEEG SKREEFFFTS GGGGGGGGGG GHRNHIIIII IILIIILFTC VFIPLRGKSK TKRKGKPLRK RSLLFLLMVM VFELMKENNR PPPPEKKQKR RKKLQRRRRR RKLRSSCSET TTFVAPVVVI CVVVVYY
GNM11224                        ----RAAAAS EASTVDEDDE ELEEEEEEEG SRREEFFFIS GGGGGGGGGG GHRNHVITII IILIIILFTC VFIPLKGRSK RKRKGKPLRK RSLLFLLMVM VFEVMKENNK PPPPEKKQKR KRKLQRRRRR RKLRSSCSET TTFVAPVIVV CVVVVYY
GNM11358                        ----HAAAGS TSSTNDDDDS DEDENEEEDG NTVNEFFFFG GGGGGGGGGG GHHNHIIIII VVIIIILFTC VFAIIPTGKK KKKHRKPKDR -KLVMLLLIM VITMMNENNH PPPPSKRKNK REKKKRRRRR RKNSASSSAT STFVIPVIIV AAVVFYY
GNM11360                        ----EAAAGA TSSSHDDGEE QDDEEEEIQG NKADHWYFLG GGGGGGGGGG GHRNHMIIVK LQVIIIIFVS VLAIIKDNKK KKNKGVPKDR SKLILLVLLL IFRAMDT-NS PPPSDKKKKQ RKEIVRGRRR KSFRTSCAKS TTFVL-LVII VVVVLYY
GNM11362                        -----AAAAA ESSTMDDDDG QEEEQEEEEG ETVDEFFFIA GGGGGGGGGG GHHNQAIIII IILIIILLVC VVIIIPDTKK KKKKKKPRKR KKLILLLLIM VVLIMKENNR PPPPEKKHKK RRKRKRRRRR IKYSASASAS TTFVLVVIVV VIVVFYY
GNM11367                        ----EAAAGA ASSSHDDNDD DADEEEEEKN HKDNEWYFLG GGGGGGGGGG GHRNHMIIIK LIIIIIIFIT VLAIIKNPKK KKPLGIPKDR SKLVLLVLLL VVQAMDSNNR PPPVGKKKKK REKKTRSRRR KSMRRSNAKT ATFALVLVVV AVVVLFY
GNM11377                        ----QAAAGA ISSTKDDDDD EAEDEEEEEG SQINEFYIFG GGGGGGGGGG GHHNHIIIII VVIIIILFTN VFAIIRQGKK KKKHRKPKER SKLMILLLIM VLIMMNESNA PPPPTKKHKQ RRKRRKRRRR RKFSVSAAET TTFAVSVVIV AIVVFYY
GNM11380                        ----EAAAGA TSSSHDDDDA EAEEAEEEQG TQPNHWFFLG GGGGGGGGGG GHHNHMIIVK VQDIIIIFVS VLAIIKEYKK KKSKNKPKPR SKLIFILLLL VLIAMDQSNS PPPPKKKQRK RKAITRNRRR KSFSSSSART TTFILPVVII VIVVLFY
GNM11383                        ----EAAAGA TSSSHDDEDE EEEEAEEEQG TKANQWFFLG GGGGGGGGGG GHRNHMIIVQ LQIIIIIFIA VLAIIKEDHK KKRKGVPKDR SKLILLILLM IVEAMDSNNR PPPSNKKKKK RAGRTRSRRR RSFRTSCART TTFVLVVVIA VIIVLFY
GNM11491                        ----EAAAGA SSSSHDDDDE TDNEAEEEGG SKGDEFFFLG GGGGGGGGGG GHRNHMIIVK LQIIIIIFIC VLAIIKEDRK KHAGGVPRDR SKLVFAILLL IFGAMDEGNT PPPPGQRKRK RKERVRGRRR KRFRTSCART TTFVLDVVIV AMVVVYY
GNM11804                        -----AAAGT KSSTCGDQND EEEDEEEKDG KTSEEFFFFG GGGGGGGGGG GHRNHIIIII IIMIIILLVC VFLVVREYRK EKKQGKPRKK RLLQLLLLIL VFLKMDENEL RPPPEEKQKK REKRKRRKRT RK-RVQTSST TTIVAPVVVV ACVVLYY
GNM11805                        ---ANAAAGT KYATADDDDD EQEEKDLTDG SKIKLFFFFG GNGGGGGNGG PYRNIIFIII IIITIILFMA VFVIIPDSRK KKKTKKNRDE RTILFLLLIM IAYKMDQNNA GKPPEAKHKK RKKGERRRRT ISQYISVKES TTFAAPVILI AIVVLYY
GNM12883                        ----EAAAGA SSSTKDDDDD EDEEEEEEDG HHVGEFFLFG GGGGGGGGGG GHHNHIIIIA VIIIIILFTN VFAIISAGKK KKRHRKPKPR SKLVLLMLIM VIIIMNKNNK PPPPLKKQKK RKKRTRRRRR RKYSTSAAQN TTFAVTVIIV AVVVFYY
GNM12886                        ----EAAAGA SSSTKDDDDD DEEDEEEEDG TQVNEFFLFG GGGGGGGGGG GHHNHIIIII VVIIIILYTN VFAIISDGKK KKKHRKPKLR SKLIALLLIM VITVMNG-NN PPPPLKKQKK RKKRKKRRRR RKYSVSAAQN TTFVV-VIIV AVVVFYY
GNM12895                        ----K-AAAA ESSTIDDDDG EIEEEEEEDG KKSNEFFFFG GQGGGGGGGG GHHNHIIIII IIIIIIILIS ATVIIPELKK KKKARRPRRK TTLILLLLIM IVIMMNENNR PPPPEKKQKK RNDRRRRRRR SRFSVSSSDT NTFVLIVIIV VIVVLYY
GNM13060                        -----AAAAA AAATCDDDDD EEEEEEEEED EEEKEFFFFG GGGGGGGGGG GHHHQIIIII IIIIIIIIII IIVIVKKKKK KKKKKKKKKK KKLLLLLLLL LLLMMNNNNY PPPPKQQQRR RRKRRRRRRR RKYSNSSSST TTIVVSVVVV VVVVYYY
GNM13061                        -----AAAAA AAAAADDDDD EEDEEEEEEG SEEEEFFFFS GEGGGGGGGG GHHHHIIIII IIVIIILMVM VTVIIRAEKK KKRRKKKKKR KKLLLLLLLM FLIMMNNNNY PPPPKQKQSR RRKRKRRRRR RSSTSSVAGS TTVVVSVVVV VVVVYYY
GNM13062                        ----NTGAGA ESSTRDENDG EQEEAEEEAG GTQSQFYFLG GGGGGGGGGG GHHNHIIIIM VVIIIIVFIS VLVIVADRKK RKKRGRPREK GKLILIVLVM IVAVMDTNSR PPPPDKGQKM RKRRRRSRRT RKRSLSTSDS STFVLPLVVV VIVVFFY
GNM13064                        ----NAAAGA ESSCRDEDES ENEEEESEQD RTTLELFFWG GGGGGGGGNG GHQNQIIIVI LYLIIVIFTS VTIVVPEYKK KKQKKQPDIK QKILLLLLIM VFAKIDINNK IPPPLKKQRK KQKQKRGRRT VITRSSVSES STFILPVVVV VVLTAYY
GNM13066                        ----NAAAGA ESSCRDEDEC ETEDDESERD RTTLEFFFWG GGGGGGGGNG GHQNQIIIII LYLIIVILTA VTIVVPQYKK KKPKKQPNIK QKIILLLLIM VFEKIDISNK TPPPSKKQRK KQKQKRGRRT ITTRSSVGES STFVLQVVVV VVITAYY
GNM11032                        ----VAAAAG TAGTKDEDGS EKAEEEEEEG RKIEQFYFIA GGGGGGGGGG SHRNHSFIII IILLIVLLTI VFIIVRKRKK RKRKGKPRKR RALLLLLLVM IFQMMDT-NR PPPPEQQQKK RRKRKRRKRR LRFSSSSAET TTFVA-IIVV VVVVAEY
GNM11034                        ----EAAAAA AAATRDDDGE EEAEEEEEEG SKIEMFFFIS GGGGGGGGGG SHHNHCMIII IILLIVLFTI VFILPREKRK RKRKKRPRRR RVLLFLLVVF VFIMMDNNNR PPPPEEKQKK RRKRKRRKRR IRHEHSSSRT TTFVAPVIVV AVVVVIY
GNM11363                        -----AAAAA ESSTMDDDDG QEEEQEEEEG ETVDEFFFIA GGGGGGGGGG GHHNQAIIII IILIIILLVC VVIIIPDTKK KKKKKKPRKR KKLILLLLIM VVLIMKENNR PPPPEKKHKK RRKRKRRRRR IKYSASASAS TTFVLVVIVV VIVVFYY
GNM11375                        ----EAAAGA TSSSHDDGDE QDDEEEENQG KKSNQWYFLG GGGGGGGGGG GHRNHMIIVK LQIIIIIFVS VLAIIKNAKK KKNKGIPKDR SKLILLILLL VYKAMDSPNS PPPSDKKKKK RKEIVRGRRR KSFKTSSAKN TTFVLVVVII VIVVLYY
GNM11381                        ----EAAAGA TSSSHDDEDE EEDEIEEEQG EKSNQWFFLG GGGGGGGGGG GHRNHMIIVQ LQIIIIIFIA VLAIIKEDHK KKRKDIPKDR SKLILLILLM IVTAMDTNNR PPPSDKKKRK RTGRTRSRRR RSFRTSCARS TTFVLAVVIV VIVVLFY
GNM11382                        ----EAAAGA VSSSHDDEDE DEDEKEEEQG HKADSWFFLG GGGGGGGGGG GHRNHMIIVK LQIIIIIFIA VLAIIKEDKK KKSRGTPKDR SKLIILVLLL FVGAMDASNR PPPSDKQKKK RKGRSRGRRR RSFRTSCARS TTFVLIVVIA VVVVLFY
GNM11841                        ----TAAAGA VSGTADEDEE AARDEEDASG KMRDEFFFYG SDGGGGGDGG PHRHHMFIIV IVITIVIYQT VFIPLSEKTK EKPEDNPRMT DELLLLLLVL VFEKMDEHNR PPPPGHQQDE RERRERRGRT KSTSNQVRSN TTFVAEIIVV AVVVIYY
GNM11931                        ----NAAAGA TSGTGDDDEE ESVDDEDQNG NQRNAFFFYG SDGGGGGGGG PHRHHMFILV IEITIIIFQT VFIPLTDKSK EKSEDNPRTR DELLLLLLVM VVVKMDEHNR PPPTEQEQTQ RESRVRRPRT QQTRNQVRSN PTFVAEVIVV AVVVLYY
GNM12040                        ----EAAAGA TSGAADTDQE SQRDSEDAQG RTREEFFFYA STGGGGGGGG PHRHHMFIAV LAITIVIFQT VFIPLSATSK ETPEGNPRDK DELLLLLLVL IFQKMDDHNQ PPPAQEEQEE RERRERRSRT KPTRNQVQST ATFVAEVIVV AVVVIYY
GNM12071                        ----NAASGA VSGTADDDEE EAEDADDAND KQRDEFFFYG SDGGGGGGGG PHRHHMFIIT LIITIVIFQT VFIPMTETSK EKAEGDPRDT DEILLLLIVL VLHKMDEHNY PPPSEQDQEK RERRERRART KSTSTQVATT TTFVAEVIVV VTVVLYY
GNM12125                        ----LAAAAA ESSTADLDDV ELEEEEEQEG RKVEMFLFFG GGGGGGGGGG PHRNHIIIIM IIIIVILFVA TFVPVREKRK RKKKGKPLKR RILLLLLIVM IVIMMDSNNR PPPPEEKQKK RKKRHRRRRR RRFSTQASET TTFVVPVVVI AIVVLYY
GNM12126                        ----EAAAAS EGSTADQDQA EVEEEEEERG RRKEEFFFFA GGGGGGGGGG PHRNHIIIIM LIVIIILFTI TFLPVRQKRK RKKRGKNLRK RYLLLLLIVM IVVMMDKQNR PPPPEEKQNR RKKRARRRRR RKFSTSVSKT TTFVAPLIVV VLVVLYY
GNM12128                        ----LAAAAS ESATCDLDEA ELEEEEQDDG RKLAQFFFFS GGTGGGGGKG PHSNHILIII IIILIILYVS TFLPVRARMK RKRKGKLLKK RALLLLLIIM VIHVMDRNNR CPPPEGRQRK RIKRERRKRR RSTRTNSSIS TTFIAPVIVI AVVVMYY
GNM12182                        ----NAAAGA ESSTQDVDEA EKEEEEAQEG SKYKEFFFFG GGGGGGGDGG PHRNVIIIVM IIVVIILFTA TFLVVKEKDK RKKADKPRKR KYVLLLLFVL IVEMMDTNNR PPPPEEKAQK RNKRTRRKRT RRHSTSVSER STFVVPLIVV VIVVLFY
GNM12342                        ----TAGAGA ESSTCDDDSE EEDEEELTMG RKRDEFFFFG GGGGGGGGKG PHRNHFFIII INIIIILFQC VFVPLRKRRK KKRHGKPLKN KAILFLLLVM VFEKMDKNNR PPPPEEKQQK RKQRERRPRT RKYYTSIAKT TTFVAPVIVV LVVVIFY
GNM12346                        ----NAAAGS EASTQDDDGE DAKDNEENEG GKRDKFYFYN GGGGGGGGGG PHKHHMFIII ILITIIIYMI TFIPLQDVSK EKKEGNSFAT KEMLLLLVVM VFDKMDENNR PPPPEEKQMK RTRKSRRPRT IKNSSRVQKT TTFVAIVIIV CVVVVYY
GNM12351                        ----KAAAGT NSSTADDDAE ESQDGEEVNG STRITFFFFG GAGGGGGTGG PHKHHMYIII VLITIVIYMT VFIPIKEYTK RKKEGDPRAT RELLLLLVVM VVEKMDENNK PPPVEEEQGK RNRKKRRPRS IKFSVQVRDT TTFVSPVIVI CVVVFYY
GNM12356                        ----IAAAGA ESSTKDDDAE ENDEEELLSG KKRKEFYFYG NGGGGGGNKG PHRNHMFIII INVIIIIYQC TFVPVRKLAK KKKPGTPSKD KEVLFLLFVM VFEKMDKQNR PPPPSEKQKK KKQLERSPRT ANRYTSVATS TTFIAPVIVI LVVIIYY
GNM12357                        ----KAGAGA DSATKDDDAQ DEDEEELTSG KSRQEYYFYG GDGGGGGGKG PHRNHFFIII INVIIVLFQC TFVPVRKLKK KKKPGIPKNN KAILFLLFVM VFEKMDEENR APPPEEKQKK KKQLQRRPRT LHVSTSVSTT TTFTAPVIVV LVIVIYY
GNM12366                        ----KAGAGA ESATKDDDAQ EEDEEELTTG KARKTFYFYG GGGGGGGGKG PHRNHFFIII INVIIVLFQC TFVPVRKLAK KKKPGIPKNN KAILFLLFVM VFEKMDEENR PPPPEEEQKK KKQLERRPRT LHVSTSVSKK TTFAAPVIVI LVVVIYY
GNM12373                        --K-TAAAGS EGATQDDDAA EKEEDEQVKG KKRADFFFYG GGGGGGGGGG NHRHLMFIIM VLITIILFQI VFIPVQKYSK ARREGNPQKM KEMLLLLIVM VFMKMDETNF KPPPAEEANK KTNHTRRPRS IKTRVQIKEA TTFIADVITI CAVAVTY
GNM12385                        ----NAAAGA ESSTEDDDAD EAEEKEAVTG DKRRQFFFYG GRGGGGGGGG PHRHQMFIII IQITIIIYMN VFLIVREIAK SKKERKPKNT SEVLLILLVM VVEKMDETNY KPPPKETQDK YDRKCRRPRT VKTSVQVREN TTFVAAVLIV CVVVMAY
GNM12551                        ----EAAAGG ECSTCDADSG EVDEEEQQEG RKYEEFFFFG GDGGGGGGGG PHRNHILIII VNIIILLFVA TFLPLRERRK EKKERKPRQW RYLLLLLLVM VVIKMDENNR PEPPQEDQER RKQRERRPRT RPFSTQVRET TDFVTPVVVI VVVVMFY
GNM12554                        ----EAAAGA ESSTQDDDAD EAEDDEAVQK KTRKTFFFFG GSGGGGGNGG PHRHQMFIII IQITIIIYMN VFIVVKKVEK SKKEGKPRPT REMLLILLVM VFEKMDE-NH NPPPKEKQNK RDMRKRRPRS MKSSVQIKKK TTFVS-VLII CVVVLIY
GNM12592                        ----RAAAGA MASTADDDAG DEQEEEEVEG STREEFFFFG GGGGGGGGRG PHKHHIFIIV ILITIIIFMA VFIPVRRRNK KKREGNPLAT RELLFLLLVM VFERNDR-NR APPPSEEQTK REKKQRRPRS VKNSSQIRKK TTFVAMVLVV TVVVVYY
GNM12596                        ----SAAAGA KSSTADDDAE DAQDEEEVNG GERSNFFFFG GGGGGGGSNG PHKHHMFIII VLITVIIYMT IFIPVAQFAK RKVEGNPRKT RELLLLLLVM VVQKMDE-NI PPPVREEQDK RTRRNRRPRC IKFSVQVRET TTFVA-VIIV CVVVLEY
GNM12602                        ----SAAAGS KSSTADDDAE EAQDQEEVNG NERSNFFFFG GGGGGGGSNG PHKHHMFIII VLITVIIYMT IFIPVTQFTK KKLEGDPRRT RELLLLLIVM VVQKMDENNV PPPVREEQEK RTRRNRRPRC IKLSVQVRDT TTFVAVVIIV CVVVLEY
GNM12665                        ----SAAAGA KSSTADDDAE DAQDEEEVNG DERSTFFFFG GGGGGGGSNG PHKHHMFIII VLITVIIYMT IFIPVTQFTK RKVEGNPRRT RELLFLLLVM VVQKMDENNM PPPVKEGQEK RTRRNRRPRC IKLAVQVRET TTFVSPVIIV CVVVLEY
GNM12745                        ----NAASAS QSGVRDDDEA EEEEKEQTDD AKRKTFYFFG GNGGGGGGKG PHRNQIIIIM INIIIILFVS TILPVPEYQK KKKRGRPQKM REILLILFIM IVDKMDTNNF PPPPEESQKK KKVRKRRPRT LKESTQVKET TTFVVVVLIV CVAVMHY
GNM12749                        ----RAAASA KSATQDDDAD ELDDKEAVKG KTRKEFFFFG GNGGGGGGGG PHRHQMYIIK VLVTIIIYQT VFIVVQEVLK SKVEGNPRAT HEILILLLVL VFERNDENNA NPPPSEENRK RSQLKRRPRS IKQRVAVKDT TTFVSPVLIV CVVVLVY
GNM12758                        ----KAASAA ESGSQDDNEF EEEEKEQAEG KKREEFFMFG GQGGGGGGKG PHRNHIIIII INIIIIMFMS TVLVVREHQK KKRDGRPERM RELLLLLFLM IVEKMDKNNR PPPPEEKQRK KEVRKRRPRT IKYSTQVRES TTFVFPVVIL CVVVMHY
GNM12763                        ----KAAAGT ESSTQDDDDE EKEDKEQLDG KKRDKFFMFS GNGGGGGGGG PYRNHILIIM INIIIILFMA TILIIRKYKK KKREGKPRKM KELLLILFLM IVEKMDKNNR PPPPEEKQKK RKVKERRPRT IKLSTQARDT TTFVFPVVIL CIAVLYY
GNM12766                        ----HAGAGA ESATKDDDAE EEDEEELTMG RKREEFFFYG GGGGGGGGKG PHRNHFFIII INIIIIIFQC VFVPVRKLKK KKKHGKPLKN KAMLFLLLVM VFEKMDENNR PPPPEEKQKK RKQRERRPRT VRYSTSIAKT TTFVAPVIVV LVVVIYY
GNM12841                        ----NAAAGA VSGVVDEDDE ETEDEEDAQE NQREEFFFYG SDGGGGGEGG PHRHHMFIVV VIITIVIFQT VFIPLSETSK EQAEGQPRDT DELLLLLLVL VFEKMDEHNT PPPPEREQEE REKRERRQRT KSTKNQVRST TTFVAEVIVV TVVALYY
GNM12849                        ----EAAAGA TSSSHDDGEE QDDEDEEVQG SKANHWYFLG GGGGGGGGGG GHRNHMIIVK LQVIIIIFVS VLAIIKQEKK KKSKGVPKDR SKLILLVLLL IFRAMDTSNT PPPSDKKKKQ RKETVRGRRR KSFKTSSAKK TTFVLPLVII VVVVLYY
GNM12869                        ----EAAAGA TSSSHDDGDE QDDEAEEESG SKANQWYFLG GGGGGGGGGG GHRNHMIIVK LQIIIIIFVS VLAIIKDNKK KKSRGIPKDR SSLILLILLL VYKAMETSNS PPPPEKKKRK RKEIVRGRRR KSFRTASAKT TTFVLPVVII VVVVLYY
GNM12896                        ----EAAAGA TSSSHDDDDA EAEEQEEEQG TQPNHWFFLG GGGGGGGGGG GHHNHMIIVK IQDIIIIFVA VLAIIKEYRK KKSKNKPKPR SKLIFIVLLL VLIAMDQSNS PPPPKKKQRK RKAITRSRRR KSFSSSSART TTFILPVVII VIVVLFY
GNM12897                        ----EAAAGA TSSSHDDDDS EAEEQEEEQG TQPDHWFFLG GGGGGGGGGG GHHNHMIIVK IQDIIIIFVA VLAIIKEYRK KRARNKPKPR SKLLFIVLLL VLIAMDQSNS PPPPKKKQRK RKAVTRSRRR KSFSSSSART TTFILPVIII VIVVLFY
GNM12902                        ---RNAAAGT RYATKDDDDD EKEESDLNDH KKFKLFYFFG GNGGGGGNGG PYRNMIFIII IVITIILFMA VFVIIKDSKK KKKSKRNRDE RALLFLLFVM IALKMDKNNV GKPPEAKHKK RERRQRRRRT IHNYVSAMES TTFVASVIII VIVVLYY
GNM12903                        ----VAAAGA ACSTRDLDDE EEEENEEEAG RERDEFFFWG GGGGGGGGGG GHRNQILIII IIVIIILLVC VFLIVRDRKK KKKKRKPQQR RALLLLLLVM VVVAMDQHNY PPPPKAMAGK KRKLQRRKRR RKRTKSSSKT STFVAPVVVV VVVVFLY
GNM12906                        ----VAAAGA ACGTRDLDDE EEEENEEEAG KERDEFFFWG GGGGGGGGGG GHRNQILIIV IIVIIILLVC VFLIVRDRKK KKRKRKPQQR RALLLLLLVM VVVMMDQHNF PPPPKTMAEK KRRLQRRKRR RKRTKSSSKT STFVAPVVVV VVVVFLY
GNM12907                        ----VAAAGA ACGTRDMDDE EEEEEEEEAG GELEEFFFWG GGGGGGGGGG GHRNQILIIV IIVIIILLVC VFLVVRDRKK KKRKRKPKKR RALLLLLLVM VVVAMDQHNY PPPPRTMANK KRRLQRRKRR RKRSRSSSKT STFVAPVVVV VVVVFLY
GNM12909                        ----VAAAGA ACGTRDLDDE EEEEEEEEAG REKNEFFFWG GGGGGGGGGG GHKNQILIII IIVIIILLVC VFLIVRDRKK KKRKRKPQKR RALLLLLLVM VVVAMDQHNF PPPPKTMASK KRRLQRRKRR RKRSKSSGKT TTFVAPVVVV VVVVFLY
GNM12915                        ----EAAAAG ECSTKDNDDE EVEEEEETEG RKRERFYFFG GGGGGGGGGG PHRNHIIIIM INIIIILFVC TMMPLRPKTK EKKDGKPRKR KELLLLLLIM IVYKMDEHNR PPPPEEKQIR RKKKMRRRRR RKHSTSIAET TTFVLPVIVV VVVVMFY
GNM10046                        ----EAAAAG ECSTKDNDDE EVEEEEETEG RKREQFYFFG GGGGGGGGGG PHRNHIIIIM INIIIILFVC TLMPLRPKTK EKKEGKPRKR KELLLLLLIM IVYKMDEHNR PPPPQEKQIR RRKKMRRRRR RKHSTSIAET TTFVLPVIVV VVVVMFY
GNM12918                        ----EAAAAG ECSTKDNDDQ ELEEEEETEG RKRERFYFFG GGGGGGGGGG PHRNHIIIIM INIIIILFVC TMMPLRPKTK EKKEGKPRKR KELLLLLLIM IVYKMDEHNR PPPPQEKQIR RRKKMRRRRR RRHSTSIAET TTFVLPVIVV VVVVMFY
GNM12931                        -K--EAAAAA ESATCDMDDA ELEEAEESEG RKPDEFYFFS GGTGGGGGGG PHRNHIIIIM LIIIVILFVA TFVPVRERRK KKRKRKNYKR KMLLLLLIVM IVVKMDENNR PPPPEAKQQK RKRRHRRKRR RHNSTSVKKS TTFVVPVIVV AIVVLYY
GNM12938                        ----NAAGGA VSSTKDLDED ENEEEEAQEG RKYNEFFFFG GNGGGGGGGG PHRNHIIIVI LIIVIILFTA TFLVVKQKRK RRKARKPRAK KYVLLLLLVM IVVKMDTNNV PPPPQEKVQK RRKRKRRRRT RSYSTSVAET STFVVVVITV VIVAMYY
GNM12996                        ----NAASGA ESSTKDIDEA EEDEGEQQEG RKYEEFFFFG GNGGGGGGGG PHRNHILIIM LIIVIILFAA TFLVVKTIRK RKKAGKERQK RYLLLLLLVM LVEKMDQNNK APPPQERAQK RKKRRRRRRT RRYSTSVTNT TTFVVPLIII VIVVLYY
GNM13018                        ----NAASGA ESSTKDIDES EEDEEEQQEG RKYDEFFFFG GNGGGGGGGG PHRNHILIIM LIIVIILFAA TFLVVKAIKK RKKAGKERQK RYLLLLLLVM LVEKMDQNNK APPPQERAQK RKKRRRRRRT RKYSTSVANT TTFVVPLIII VIVVLYY
GNM13027                        T---NAAAGA VSATKDLDEE EEEEEEAQEG RKYEEFFFFG GNGGGGGGGG PHRNHIIIVM LIIVIILFTA TFLLVKKIKK RKKAGKPRKK RYLLLLLLVM IVEKMDTNNR PPPPQENVQK RKRRKRRRRT RHYSTSVAQS TTFVVPVIVV VIVVLFY
GNM13046                        ----EAGAGA TSSSHDDDDE DEDESEEEKG SKGNQWFFLG GGGGGGGGGG GHRNHMIIVK LQIIIIIFVA VLAIIKNNKK KKALGIPKDR SKLILLSLLL MVTAMDKNNR PPPSDKKKKK REAKTRNRRR KKFSSSCART TTFALKVIIV VVVVLFY
GNM13053                        ----EAAAGA ESSTADEDNA EEDEDEEDDG KESRDFFFFG GKGGGGGGGG GHHNQIIIIA VVIIIVLLMS VTLIVTQVHK KKPHGRPRRR RKLVLLLLLM ICVSMDENNK PPPPKKKSRK RNQQKRRKRR RKTSVATSNT TTFVLPVIVV AVIVFYY
GNM13074                        ----EAAAAG ECSVKDNDDA EVEEEEETEG RKREQFFFFG GGGGGGGGGG PHRNHIIIIM INIIIILFVC TMMPLRKRTK EKKDGKPRKR RELLLLLLIM IVYKMDEHNR PPPPQGKQTR RRKKQRRRRR RKHSTSITET TTFVLPVIVV VVVVMFY
GNM10010                        ----EAAAAG ECSVQDNDDA EVEEEEETEG RKREQFFFFG GKGGGGGGGG PHRNHIIIII INIIIILFVC TMMPLRKRTK EKKQGKPRKR KELLLLLLIM VFYKMDNHNR PPPPEEDQKR RRQKIRRRRR RKHGTNIRET TTFVLPVIVV VVLVAFY
GNM10014                        ----EAAAAG ECSVQDNDDA EVEEQEETEG KKREQFFFFG GKGGGGGGGG PHRNHIIIII INIIIILLVC TMMPLRERTK EKKQGKPRKR KELLLLLLIM VFYKMDKHNR PPPPEEDQTR RKQKMRRRRR RKHSTNIRET TTFALPVIVV VVVVAFY
GNM13090                        ----EAAAAG ECSVQDNDDA EVEEEEETEG RKREQFFFFG GNGGGGGGGG PHRNHIIIII INIIIILFVC TMMPLRKHNK EKKDGKPRKR KELLLLLLIM VFEKMDQHNR PPPPEERQTR RKQKMRRKRR RKHSTNIKET TTFVLPVIVV VVVVAFY
GNM13118                        ----IAAAGT EAGTKDLDEG ETEENEEMEG RKLREFFFFG GGGGGGGGGG PHKNHIIIVI IVVIIVLLVI VFLVVKEPAK KKKKGKNRKK RALLLLLMVF VVIMMDQHNF PPPPEEKQKK RRKRERRRRR RKHKASSSKT TTIVAPVVVV VIVVLYY
GNM13126                        ---RNAAAGA RYATGDDDDD EDDEEDLTDG SKNKMFFFFG GKGGGGGNRG PYRNIIFIIQ IIITIILFMA VFVVVSKLNK KKKSKKPEDK RALLFLLFVM VAMKMDTNNI GKPAEQQHKK REKRQRRRRT ITHYVSTKKR STFVAPVIIV VIVVLYY
GNM13128                        ---RNAAAGA KYATGDDDDD DEDENDLTDG SKQKMFFFFG GKGGGGGNRG PYRNIIFIIV IVITIILFMA VFVIIKDLSK KKKSKKPQDK KALLLLLLVM VAVKMDSNNI GKPPEQNHKK REKRERRRRT ITHYVSTKKK STFVAQVIIV VIVVLYY
GNM13208                        ----VAAAAA ACGTRDLDEE QEEEQEEEAG GTLEEWFFWG GGGGGGGNGG GHKNQIIIVI IIVIVILLVC VFLIVRDRKK KKKKRKPQKK RRLLLLLLVM VVVAMDQHNF PPPPEEAQGR KRRLQRRKRR RKRSKSSSKT STFVAPVVVV VVVVFLY
GNM13210                        -K--EAAAAA ESETCDHDDS LVDEEEEPEG RKPDEFFVFG GGTGGGGNGG PHRNHIMIIM IIIIVILFVA TFVPVRARRK RKKKGKNLRK KLLLFLLIVM IVRIMDENNR PPPPEARAKK RKKRKRRKRR RRYSTYVKNN TTFVVPVVIV AIVVLYY
GNM12773                        ----IAAASS NSSTHDEDDE DASDDEEETG KKKKDFFFFN GEGGGGGGGG GHRNHLIIII IIVIILLLVC VFVPLKQKNK KKPKKNPLAK RFLLLLLIVM IFIVMDEQNR PVPPLKKQNQ RKKLKRRRRR KHQSSSATQS TTFVVPVIVI CVIVINY
GNM12769                        ----NAAAAA KSSSRDDDDE KGEEDEEEEN NKTEQFFFIS GGGGGGGGGG GHRNHMIIII IILIIILFTI IFVIIKDQSK KKKKKRPRNK KKLLLLLLIM IFILMVSNNQ RPPVAKKQKK RENLQKRKRR ISFSTRCSKS TTFTAPVVVV CVVVIYY
GNM12768                        ----TMAAGG TTAS-DVDNS EPKLEEMDAG GHVGAFFVHG EPPGKRGSGG -QRNHVFILM LIEMIII-VT VFEPL-AR-K DKRKGSPERR -VLLILLTLL IYWAHDRNNR EPKPAEDQEA AAKAG-DSRT --RKVSV-QL ATFVFVL-VI AFIVRDY



    1    1    1    1    1    1    1    1    1    1    1    1    1    1    1
    1    1    1    1    1    1    1    1    1    1    1    1    1    1    1
    1    1    1    1    1    1    1    1    1    1    1    1    1    1    1
    1    2    1    1    1    1    1    1    1    1    1    1    1    1    1
    1    1    1    1    1    1    1    1    1    1    1    1    1    1    1
    1    1    1    1    1    1    1    1    1    1    1    1    1    1    1
    1    1    1    1    1    1    1    1    1    1    1    1    1    1    1
    1    1    1    1    1    1    1    1    1    1    1    1    1    1    1
    1    1    1    1    1    1    1    1    1    1    1    1    1    1    1
    1    1    1    1    1    1    1    1    1    1    1    1    1    1    1
    1    1    1    1    1    1    1

AAML (in paml version 4.9h, March 2018)  tmp0005.txt
Model: Empirical,  (../wag.dat) dGamma (ncatG=4) ns = 154  ls = 158


Frequencies..
                                    A      R      N      D      C      Q      E      G      H      I      L      K      M      F      P      S      T      W      Y      V
GNM13746                       0.05882 0.09150 0.03268 0.03268 0.00654 0.02614 0.09804 0.08497 0.02614 0.13072 0.07190 0.11111 0.01307 0.02614 0.02614 0.04575 0.01961 0.00000 0.01961 0.07843
GNM13538                       0.05844 0.08442 0.01948 0.04545 0.00000 0.03247 0.07143 0.08442 0.01948 0.09091 0.07143 0.09740 0.03247 0.03896 0.03247 0.07792 0.03247 0.00000 0.00649 0.10390
GNM13671                       0.05195 0.12338 0.04545 0.01948 0.00649 0.02597 0.09091 0.09091 0.03247 0.11039 0.05844 0.09091 0.02597 0.04545 0.03896 0.04545 0.02597 0.00000 0.00649 0.06494
GNM13876                       0.06536 0.11111 0.01961 0.02614 0.00654 0.02614 0.09150 0.10458 0.01961 0.07843 0.08497 0.07190 0.02614 0.03268 0.03922 0.05229 0.02614 0.00000 0.01961 0.09804
GNM13680                       0.05844 0.06494 0.03896 0.05844 0.00000 0.01948 0.05844 0.10390 0.03247 0.11688 0.04545 0.11039 0.01299 0.03896 0.03896 0.05195 0.02597 0.00000 0.02597 0.09740
GNM14837                       0.06494 0.05844 0.03247 0.05844 0.00000 0.01948 0.04545 0.11039 0.01948 0.10390 0.07143 0.12338 0.01299 0.03247 0.03247 0.07792 0.04545 0.00649 0.01948 0.06494
GNM14249                       0.05844 0.06494 0.03247 0.05195 0.00000 0.01948 0.05844 0.11688 0.01948 0.10390 0.07143 0.11039 0.01299 0.02597 0.03896 0.07143 0.03896 0.00649 0.02597 0.07143
GNM13928                       0.06494 0.05195 0.03896 0.05844 0.00000 0.02597 0.03896 0.11039 0.01948 0.09740 0.07792 0.11688 0.01299 0.03247 0.03896 0.06494 0.04545 0.00649 0.02597 0.07143
GNM13297                       0.05844 0.08442 0.01948 0.04545 0.00000 0.03247 0.07143 0.08442 0.01948 0.09091 0.07143 0.09740 0.03247 0.03896 0.03247 0.07792 0.03247 0.00000 0.00649 0.10390
GNM14865                       0.05195 0.09091 0.01299 0.06494 0.00000 0.03247 0.11688 0.10390 0.02597 0.05195 0.04545 0.02597 0.01948 0.05195 0.03896 0.06494 0.06494 0.00000 0.01948 0.11688
GNM13455                       0.05195 0.05844 0.03247 0.05844 0.00649 0.02597 0.05195 0.11688 0.02597 0.09091 0.07792 0.11039 0.01299 0.03247 0.03247 0.07143 0.03247 0.00649 0.01948 0.08442
GNM14938                       0.07143 0.12987 0.01948 0.02597 0.01299 0.00649 0.11039 0.07143 0.02597 0.07792 0.06494 0.07143 0.02597 0.06494 0.05195 0.03247 0.03247 0.00000 0.01299 0.09091
GNM14483                       0.03896 0.07792 0.01948 0.02597 0.00649 0.03247 0.07143 0.12338 0.01948 0.10390 0.05844 0.09740 0.01948 0.03247 0.04545 0.08442 0.01948 0.00000 0.01948 0.10390
GNM14872                       0.07143 0.07792 0.03247 0.04545 0.00000 0.01948 0.07143 0.10390 0.03247 0.11688 0.03896 0.09740 0.02597 0.03896 0.03247 0.05195 0.03896 0.00000 0.02597 0.07792
GNM13855                       0.05229 0.07843 0.05882 0.05229 0.00654 0.01961 0.04575 0.10458 0.02614 0.11765 0.03268 0.09804 0.02614 0.04575 0.04575 0.07843 0.03268 0.00000 0.01961 0.05882
GNM14445                       0.02632 0.07895 0.04605 0.03947 0.00658 0.01316 0.06579 0.09211 0.02632 0.12500 0.05921 0.09868 0.01316 0.03289 0.03289 0.07237 0.06579 0.00000 0.01316 0.09211
GNM14404                       0.05369 0.06711 0.03356 0.03356 0.02685 0.00000 0.08725 0.10067 0.02685 0.09396 0.05369 0.10738 0.03356 0.04698 0.04698 0.04698 0.04027 0.00000 0.02685 0.07383
GNM14545                       0.05369 0.06711 0.03356 0.03356 0.02685 0.00000 0.08725 0.10067 0.02685 0.09396 0.05369 0.10738 0.03356 0.04698 0.04698 0.04698 0.04027 0.00000 0.02685 0.07383
GNM14366                       0.07143 0.09091 0.03247 0.05195 0.00649 0.03247 0.07143 0.09091 0.01948 0.08442 0.07143 0.09091 0.01299 0.03896 0.02597 0.05844 0.05844 0.00649 0.00649 0.07792
GNM14252                       0.05195 0.06494 0.03247 0.05195 0.00000 0.01948 0.05844 0.11688 0.01948 0.09740 0.07143 0.11039 0.01299 0.02597 0.03896 0.07792 0.03896 0.00649 0.02597 0.07792
GNM13760                       0.05195 0.04545 0.03896 0.05195 0.00000 0.02597 0.04545 0.11688 0.01948 0.10390 0.07143 0.13636 0.01299 0.02597 0.03247 0.07792 0.03247 0.00649 0.02597 0.07792
GNM13982                       0.07792 0.06494 0.05195 0.05844 0.00000 0.00649 0.05195 0.10390 0.02597 0.08442 0.08442 0.12338 0.01948 0.02597 0.03896 0.05195 0.02597 0.00649 0.01299 0.08442
GNM13960                       0.05882 0.03922 0.07190 0.03922 0.00000 0.01307 0.05882 0.11111 0.01307 0.10458 0.08497 0.15686 0.01307 0.03268 0.03268 0.04575 0.03922 0.00654 0.00654 0.07190
GNM14633                       0.05195 0.08442 0.03896 0.04545 0.00000 0.00649 0.07143 0.11688 0.03247 0.09091 0.08442 0.11039 0.01948 0.02597 0.03896 0.05844 0.02597 0.00649 0.01299 0.07792
GNM14853                       0.05195 0.08442 0.03896 0.04545 0.00000 0.00649 0.07143 0.11688 0.03247 0.09091 0.08442 0.11039 0.01948 0.02597 0.03896 0.05844 0.02597 0.00649 0.01299 0.07792
GNM14174                       0.04545 0.07792 0.02597 0.03896 0.01299 0.03896 0.07143 0.08442 0.01948 0.08442 0.07792 0.12987 0.01299 0.04545 0.03896 0.06494 0.01948 0.00000 0.00649 0.10390
GNM14138                       0.05844 0.08442 0.02597 0.05844 0.00649 0.04545 0.06494 0.07792 0.02597 0.09740 0.05844 0.09091 0.01948 0.05844 0.03247 0.06494 0.05844 0.00000 0.01299 0.05844
GNM14055                       0.05195 0.05195 0.10390 0.03247 0.00000 0.02597 0.05195 0.09740 0.01948 0.11039 0.06494 0.11039 0.01299 0.03247 0.03247 0.07143 0.03896 0.00649 0.01299 0.07143
GNM14748                       0.05844 0.05844 0.04545 0.04545 0.00000 0.02597 0.05195 0.11039 0.01948 0.11688 0.07143 0.10390 0.01299 0.01948 0.03896 0.07143 0.04545 0.00649 0.03247 0.06494
GNM14246                       0.04545 0.08442 0.01948 0.03247 0.01948 0.01299 0.09091 0.10390 0.01948 0.07792 0.09091 0.11039 0.02597 0.03896 0.04545 0.03896 0.05844 0.00000 0.02597 0.05844
GNM14640                       0.05195 0.07143 0.02597 0.05844 0.01948 0.01948 0.08442 0.07143 0.02597 0.08442 0.09091 0.11688 0.01948 0.04545 0.03896 0.03896 0.05195 0.00000 0.01948 0.06494
GNM14965                       0.05960 0.08609 0.03974 0.05960 0.00000 0.03974 0.04636 0.11258 0.03311 0.09934 0.05960 0.06623 0.03311 0.05298 0.03311 0.03974 0.05960 0.00000 0.01325 0.06623
GNM13677                       0.07190 0.10458 0.01961 0.03268 0.00654 0.02614 0.09150 0.09804 0.01961 0.07190 0.08497 0.07843 0.01961 0.03922 0.03922 0.05229 0.02614 0.00000 0.01961 0.09804
GNM14339                       0.04545 0.12338 0.02597 0.02597 0.00000 0.03247 0.07792 0.10390 0.01948 0.08442 0.07792 0.08442 0.01948 0.05195 0.03896 0.04545 0.03896 0.00000 0.01299 0.09091
GNM14593                       0.05844 0.12338 0.02597 0.02597 0.00649 0.00649 0.09091 0.09091 0.02597 0.09091 0.05844 0.11039 0.02597 0.05195 0.04545 0.03247 0.03247 0.00000 0.00649 0.09091
GNM13825                       0.06494 0.11688 0.03247 0.02597 0.00649 0.01299 0.09091 0.09091 0.02597 0.07792 0.05844 0.08442 0.01948 0.05844 0.05195 0.03247 0.03896 0.00000 0.01299 0.09740
GNM14768                       0.05844 0.13636 0.01299 0.02597 0.01299 0.02597 0.07792 0.09740 0.01948 0.09740 0.06494 0.07792 0.03247 0.04545 0.05195 0.05195 0.03247 0.00000 0.01299 0.06494
GNM14776                       0.05844 0.14286 0.01299 0.02597 0.01299 0.02597 0.07792 0.09091 0.01948 0.09740 0.06494 0.07792 0.03247 0.04545 0.05195 0.05195 0.03247 0.00000 0.01299 0.06494
GNM14715                       0.03896 0.10390 0.02597 0.03247 0.00000 0.03247 0.05844 0.14286 0.02597 0.09091 0.05195 0.06494 0.01948 0.03247 0.04545 0.05844 0.04545 0.00000 0.01948 0.11039
GNM14639                       0.03896 0.07143 0.03896 0.03896 0.01299 0.01299 0.07792 0.09091 0.01948 0.09091 0.06494 0.14286 0.02597 0.04545 0.03896 0.04545 0.01948 0.00000 0.01948 0.10390
GNM13795                       0.05195 0.05195 0.03896 0.05844 0.00000 0.02597 0.04545 0.11039 0.01948 0.11688 0.07143 0.11039 0.01299 0.01948 0.03896 0.07792 0.05195 0.00649 0.03247 0.05844
GNM14166                       0.07143 0.05844 0.02597 0.05195 0.00000 0.02597 0.03896 0.09740 0.02597 0.11688 0.05195 0.09740 0.01948 0.04545 0.05195 0.07792 0.04545 0.00649 0.01299 0.07792
GNM13993                       0.03896 0.04545 0.03896 0.03247 0.00649 0.05844 0.07792 0.09091 0.00649 0.10390 0.07792 0.10390 0.00649 0.03247 0.03896 0.06494 0.05195 0.00649 0.02597 0.09091
GNM14450                       0.03922 0.09150 0.04575 0.04575 0.00000 0.01307 0.07843 0.09150 0.01961 0.16340 0.05882 0.08497 0.01961 0.03922 0.03922 0.05882 0.03922 0.00000 0.01307 0.05882
GNM13515                       0.05844 0.05195 0.06494 0.05844 0.00000 0.01299 0.05195 0.09091 0.01948 0.10390 0.07792 0.14935 0.01299 0.02597 0.03247 0.06494 0.03247 0.00649 0.01299 0.07143
GNM14959                       0.08442 0.10390 0.03247 0.03247 0.00000 0.02597 0.06494 0.08442 0.01948 0.06494 0.07792 0.08442 0.02597 0.03247 0.03896 0.03896 0.03247 0.02597 0.01299 0.11688
GNM13413                       0.06494 0.09740 0.01948 0.04545 0.00000 0.01948 0.06494 0.08442 0.02597 0.07792 0.07143 0.09740 0.03896 0.03896 0.05844 0.03896 0.03247 0.00000 0.02597 0.09740
GNM15005                       0.06536 0.03922 0.07190 0.03922 0.00000 0.01307 0.05882 0.11111 0.01307 0.11111 0.09150 0.15033 0.01307 0.03268 0.03268 0.04575 0.02614 0.00654 0.00654 0.07190
GNM14992                       0.05263 0.07237 0.05921 0.03947 0.00000 0.01316 0.07895 0.10526 0.00658 0.09868 0.08553 0.13158 0.01316 0.02632 0.03947 0.03947 0.05263 0.00658 0.01316 0.06579
GNM14994                       0.05844 0.04545 0.03247 0.05195 0.00000 0.02597 0.05195 0.11039 0.02597 0.10390 0.05844 0.11688 0.01299 0.03247 0.03896 0.08442 0.03896 0.00649 0.02597 0.07792
GNM15013                       0.05755 0.04317 0.07194 0.04317 0.00000 0.01439 0.06475 0.12230 0.01439 0.10791 0.07194 0.14388 0.00719 0.03597 0.03597 0.04317 0.04317 0.00719 0.00719 0.06475
GNM15014                       0.05263 0.06579 0.05921 0.04605 0.00000 0.01316 0.08553 0.09868 0.01316 0.10526 0.07895 0.13816 0.01316 0.03289 0.03289 0.04605 0.03947 0.00658 0.00658 0.06579
GNM14976                       0.06716 0.03731 0.05970 0.03731 0.00000 0.00746 0.05970 0.11194 0.01493 0.10448 0.08209 0.17164 0.01493 0.02985 0.03731 0.05224 0.02985 0.00746 0.00746 0.06716
GNM14995                       0.06494 0.04545 0.05844 0.03896 0.00000 0.01948 0.05195 0.11039 0.01948 0.12338 0.07792 0.14286 0.01948 0.03247 0.03247 0.04545 0.03896 0.00649 0.00649 0.06494
GNM14999                       0.07143 0.06429 0.03571 0.06429 0.00000 0.02143 0.05000 0.11429 0.02143 0.08571 0.05714 0.13571 0.00714 0.04286 0.03571 0.05000 0.05000 0.00714 0.01429 0.07143
GNM15018                       0.06494 0.06494 0.03247 0.05195 0.00000 0.01948 0.05195 0.11688 0.01948 0.10390 0.06494 0.11039 0.01299 0.03247 0.03896 0.07143 0.03896 0.00649 0.02597 0.07143
GNM15025                       0.06494 0.05195 0.06494 0.03247 0.00000 0.03896 0.03896 0.11039 0.02597 0.10390 0.07792 0.12987 0.00649 0.03896 0.01299 0.06494 0.05195 0.00649 0.01299 0.06494
GNM14980                       0.06494 0.06494 0.03247 0.05195 0.00000 0.01948 0.05195 0.11688 0.01948 0.10390 0.06494 0.11039 0.01299 0.03247 0.03896 0.07143 0.03896 0.00649 0.02597 0.07143
GNM15000                       0.06494 0.06494 0.03247 0.05195 0.00000 0.01948 0.05195 0.11688 0.01948 0.10390 0.06494 0.11039 0.01299 0.03247 0.03896 0.07143 0.03896 0.00649 0.02597 0.07143
GNM15026                       0.05941 0.04950 0.07921 0.03960 0.00000 0.02970 0.04950 0.10891 0.01980 0.11881 0.07921 0.12871 0.01980 0.01980 0.01980 0.05941 0.03960 0.00990 0.00000 0.06931
GNM15001                       0.06494 0.06494 0.03247 0.05195 0.00000 0.01948 0.05195 0.11688 0.01948 0.10390 0.06494 0.11039 0.01299 0.03247 0.03896 0.07143 0.03896 0.00649 0.02597 0.07143
GNM15027                       0.05195 0.09740 0.03247 0.01948 0.00000 0.01299 0.09091 0.10390 0.01299 0.07792 0.05844 0.11039 0.02597 0.05195 0.04545 0.06494 0.01948 0.00000 0.01299 0.11039
GNM11003                       0.05195 0.08442 0.01948 0.02597 0.00000 0.01299 0.09091 0.10390 0.01948 0.09740 0.07792 0.11039 0.01299 0.03896 0.03896 0.03247 0.05844 0.00000 0.03247 0.09091
GNM11023                       0.05195 0.13636 0.03247 0.01948 0.00000 0.03896 0.07143 0.09091 0.03247 0.09091 0.07792 0.05195 0.02597 0.03896 0.04545 0.03896 0.05195 0.00000 0.00649 0.09740
GNM11055                       0.06579 0.07237 0.01974 0.05263 0.00658 0.00658 0.07895 0.09868 0.01974 0.09211 0.07895 0.11184 0.01974 0.03289 0.02632 0.03947 0.03947 0.00658 0.03289 0.09868
GNM11146                       0.07843 0.13725 0.02614 0.03922 0.00000 0.01307 0.05882 0.09804 0.02614 0.07190 0.08497 0.03268 0.01961 0.06536 0.03922 0.05882 0.03268 0.01307 0.01307 0.09150
GNM11219                       0.07143 0.16883 0.03247 0.02597 0.01299 0.00649 0.11039 0.09740 0.01299 0.09740 0.05844 0.04545 0.01948 0.04545 0.03896 0.02597 0.02597 0.00000 0.01299 0.09091
GNM11220                       0.06494 0.08442 0.01948 0.03247 0.02597 0.00649 0.07792 0.09091 0.01948 0.06494 0.07792 0.11039 0.03247 0.03896 0.05195 0.05195 0.04545 0.00649 0.01948 0.07792
GNM11222                       0.05882 0.07843 0.02614 0.03922 0.01961 0.02614 0.07190 0.10458 0.01961 0.07190 0.09804 0.10458 0.01961 0.03268 0.04575 0.04575 0.04575 0.00000 0.01307 0.07843
GNM11223                       0.03896 0.10390 0.01948 0.01948 0.01948 0.01299 0.11039 0.09740 0.01299 0.07792 0.07792 0.09740 0.01948 0.05195 0.04545 0.06494 0.04545 0.00000 0.01299 0.07143
GNM11224                       0.03896 0.11688 0.01948 0.01948 0.01948 0.01299 0.11039 0.09740 0.01299 0.07143 0.07143 0.09091 0.01948 0.05195 0.04545 0.05844 0.03896 0.00000 0.01299 0.09091
GNM11358                       0.05229 0.06536 0.06536 0.05229 0.00654 0.00000 0.05229 0.10458 0.03922 0.10458 0.03268 0.09804 0.02614 0.05229 0.04575 0.06536 0.05229 0.00000 0.01307 0.07190
GNM11360                       0.05263 0.05921 0.03289 0.05921 0.00658 0.02632 0.05263 0.11842 0.02632 0.09211 0.07895 0.11184 0.01316 0.03289 0.02632 0.06579 0.03289 0.00658 0.01974 0.08553
GNM11362                       0.06536 0.07190 0.01961 0.03922 0.00654 0.01961 0.07843 0.09150 0.01961 0.12418 0.06536 0.12418 0.01961 0.03268 0.03922 0.03922 0.03268 0.00000 0.01961 0.09150
GNM11367                       0.07792 0.06494 0.05195 0.05844 0.00000 0.00649 0.05195 0.10390 0.02597 0.08442 0.08442 0.12338 0.01948 0.02597 0.03896 0.05195 0.02597 0.00649 0.01299 0.08442
GNM11377                       0.07143 0.07792 0.03247 0.03896 0.00000 0.02597 0.07143 0.10390 0.03247 0.12338 0.03896 0.09740 0.02597 0.04545 0.03247 0.05195 0.03896 0.00000 0.01948 0.07143
GNM11380                       0.07143 0.05195 0.03247 0.03896 0.00000 0.03247 0.05195 0.09740 0.03247 0.10390 0.06494 0.10390 0.01299 0.04545 0.05195 0.08442 0.03896 0.00649 0.01299 0.06494
GNM11383                       0.07792 0.08442 0.03247 0.03896 0.00649 0.02597 0.07792 0.11039 0.02597 0.10390 0.06494 0.08442 0.01948 0.03896 0.02597 0.05844 0.04545 0.00649 0.00649 0.06494
GNM11491                       0.07143 0.09740 0.01948 0.06494 0.01299 0.01299 0.06494 0.14935 0.02597 0.08442 0.05195 0.06494 0.01948 0.05195 0.03247 0.04545 0.03896 0.00000 0.01299 0.07792
GNM11804                       0.03289 0.08553 0.01974 0.03289 0.01974 0.03289 0.09868 0.11184 0.01316 0.07895 0.08553 0.11184 0.01316 0.03947 0.03289 0.03289 0.05263 0.00000 0.01974 0.08553
GNM11805                       0.08387 0.05806 0.04516 0.06452 0.00000 0.01935 0.04516 0.09032 0.00645 0.13548 0.05806 0.11613 0.01935 0.05806 0.03226 0.03226 0.05806 0.00000 0.03871 0.03871
GNM12883                       0.07143 0.07143 0.03896 0.04545 0.00000 0.01299 0.05844 0.11039 0.03896 0.11039 0.04545 0.11039 0.01948 0.04545 0.03896 0.04545 0.04545 0.00000 0.01948 0.07143
GNM12886                       0.05921 0.05921 0.04605 0.05921 0.00000 0.01974 0.05263 0.11184 0.02632 0.10526 0.05263 0.11842 0.01316 0.03947 0.03289 0.04605 0.03947 0.00000 0.02632 0.09211
GNM12895                       0.03922 0.09150 0.04575 0.04575 0.00000 0.01307 0.07843 0.09150 0.01961 0.16340 0.05882 0.08497 0.01961 0.03922 0.03922 0.05882 0.03922 0.00000 0.01307 0.05882
GNM13060                       0.05229 0.07843 0.03268 0.03922 0.00654 0.02614 0.08497 0.08497 0.01961 0.12418 0.07190 0.13725 0.01307 0.02614 0.02614 0.03922 0.02614 0.00000 0.03268 0.07843
GNM13061                       0.07843 0.09150 0.02614 0.03922 0.00000 0.01307 0.09150 0.08497 0.02614 0.08497 0.05882 0.09804 0.03268 0.03268 0.02614 0.05882 0.02614 0.00000 0.02614 0.10458
GNM13062                       0.03896 0.10390 0.02597 0.03896 0.00000 0.02597 0.05844 0.13636 0.01948 0.09091 0.05195 0.06494 0.02597 0.03896 0.03896 0.07143 0.04545 0.00000 0.01299 0.11039
GNM13064                       0.03896 0.04545 0.03896 0.03247 0.00649 0.05844 0.07792 0.09091 0.00649 0.10390 0.07792 0.10390 0.00649 0.03247 0.03896 0.06494 0.05195 0.00649 0.02597 0.09091
GNM13066                       0.03896 0.05195 0.03247 0.03896 0.01299 0.05844 0.06494 0.09740 0.00649 0.11039 0.05844 0.10390 0.00649 0.03247 0.03896 0.05844 0.07143 0.00649 0.02597 0.08442
GNM11032                       0.07237 0.11842 0.01316 0.01974 0.00000 0.03289 0.07895 0.10526 0.01316 0.09211 0.07237 0.09868 0.01974 0.04605 0.03289 0.04605 0.04605 0.00000 0.01316 0.07895
GNM11034                       0.07143 0.12987 0.02597 0.02597 0.00649 0.00649 0.09740 0.08442 0.03247 0.09091 0.05195 0.07792 0.02597 0.05844 0.04545 0.03896 0.03247 0.00000 0.00649 0.09091
GNM11363                       0.06536 0.07190 0.01961 0.03922 0.00654 0.01961 0.07843 0.09150 0.01961 0.12418 0.06536 0.12418 0.01961 0.03268 0.03922 0.03922 0.03268 0.00000 0.01961 0.09150
GNM11375                       0.05195 0.04545 0.04545 0.05195 0.00000 0.02597 0.04545 0.11688 0.01948 0.10390 0.07143 0.13636 0.01299 0.02597 0.03247 0.07792 0.02597 0.00649 0.02597 0.07792
GNM11381                       0.05844 0.09091 0.02597 0.05844 0.00649 0.02597 0.07143 0.10390 0.02597 0.11039 0.06494 0.07792 0.01948 0.03896 0.02597 0.06494 0.05195 0.00649 0.00649 0.06494
GNM11382                       0.07143 0.08442 0.01299 0.06494 0.00649 0.01948 0.05844 0.12338 0.02597 0.09091 0.06494 0.09740 0.01299 0.04545 0.02597 0.07792 0.02597 0.00649 0.00649 0.07792
GNM11841                       0.06494 0.07792 0.02597 0.07143 0.00000 0.02597 0.10390 0.09091 0.03247 0.06494 0.05195 0.03896 0.02597 0.04545 0.05195 0.04545 0.06494 0.00000 0.02597 0.09091
GNM11931                       0.04545 0.07792 0.05195 0.07143 0.00000 0.05844 0.08442 0.09091 0.02597 0.05195 0.05844 0.02597 0.01948 0.04545 0.05195 0.04545 0.07143 0.00000 0.01948 0.10390
GNM12040                       0.09740 0.07792 0.01948 0.05195 0.00000 0.06494 0.09740 0.08442 0.02597 0.05195 0.05844 0.02597 0.01299 0.05195 0.05195 0.05195 0.07792 0.00000 0.01948 0.07792
GNM12071                       0.07143 0.05844 0.01948 0.09091 0.00000 0.03247 0.09740 0.08442 0.03247 0.06494 0.05195 0.03896 0.01948 0.04545 0.03896 0.04545 0.09740 0.00000 0.02597 0.08442
GNM12125                       0.05844 0.11039 0.01948 0.02597 0.00000 0.01948 0.08442 0.09091 0.01948 0.09740 0.07792 0.08442 0.03247 0.04545 0.05195 0.03247 0.03896 0.00000 0.01299 0.09740
GNM12126                       0.05844 0.12987 0.02597 0.01948 0.00000 0.03247 0.08442 0.09091 0.01299 0.07792 0.07792 0.08442 0.02597 0.05195 0.04545 0.03247 0.04545 0.00000 0.01948 0.08442
GNM12128                       0.07143 0.11688 0.02597 0.03247 0.01299 0.01948 0.05844 0.07792 0.01948 0.11039 0.09740 0.07143 0.02597 0.03896 0.03896 0.05844 0.04545 0.00000 0.01948 0.05844
GNM12182                       0.05844 0.08442 0.03247 0.03896 0.00000 0.01948 0.09091 0.08442 0.01299 0.06494 0.05844 0.09740 0.01948 0.05844 0.04545 0.04545 0.05195 0.00000 0.01948 0.11688
GNM12342                       0.03896 0.09091 0.03247 0.03896 0.01299 0.02597 0.07792 0.09740 0.01948 0.07792 0.05844 0.10390 0.01948 0.07792 0.05844 0.02597 0.05195 0.00000 0.01948 0.07143
GNM12346                       0.04545 0.05195 0.05195 0.05844 0.00649 0.02597 0.07143 0.10390 0.01948 0.09091 0.03896 0.09091 0.03896 0.04545 0.04545 0.04545 0.05844 0.00000 0.03247 0.07792
GNM12351                       0.04545 0.06494 0.03247 0.04545 0.00649 0.01948 0.07792 0.09740 0.01948 0.07792 0.03896 0.07792 0.02597 0.05195 0.05195 0.04545 0.07792 0.00000 0.03247 0.11039
GNM12356                       0.05844 0.04545 0.04545 0.03896 0.00649 0.02597 0.07143 0.07792 0.01299 0.09091 0.05195 0.12338 0.01948 0.05195 0.06494 0.05195 0.05195 0.00000 0.03896 0.07143
GNM12357                       0.05195 0.04545 0.03247 0.05195 0.00649 0.03896 0.06494 0.09091 0.01948 0.07143 0.05844 0.11688 0.01299 0.05844 0.05844 0.03896 0.06494 0.00000 0.03247 0.08442
GNM12366                       0.06494 0.04545 0.03247 0.03247 0.00649 0.02597 0.08442 0.09740 0.01948 0.07143 0.05844 0.12338 0.01299 0.06494 0.06494 0.02597 0.05844 0.00000 0.02597 0.08442
GNM12373                       0.09032 0.05161 0.03226 0.04516 0.00645 0.03871 0.07097 0.10323 0.01935 0.08387 0.04516 0.09677 0.04516 0.05806 0.03871 0.01935 0.07097 0.00000 0.01935 0.06452
GNM12385                       0.07143 0.07143 0.03247 0.05195 0.01299 0.03247 0.08442 0.08442 0.01299 0.07792 0.03896 0.08442 0.03247 0.03896 0.03896 0.03247 0.06494 0.00000 0.03247 0.10390
GNM12551                       0.03247 0.11039 0.02597 0.04545 0.01299 0.04545 0.11688 0.09740 0.01299 0.05844 0.07143 0.04545 0.01948 0.05844 0.05844 0.01948 0.04545 0.00649 0.01948 0.09740
GNM12554                       0.04605 0.05921 0.03289 0.05263 0.00658 0.03947 0.07237 0.07895 0.01974 0.09211 0.03947 0.11842 0.04605 0.05263 0.04605 0.05263 0.04605 0.00000 0.01316 0.08553
GNM12592                       0.07190 0.10458 0.03268 0.03268 0.00000 0.02614 0.09150 0.09804 0.01961 0.06536 0.05229 0.06536 0.02614 0.06536 0.04575 0.03922 0.05229 0.00000 0.01307 0.09804
GNM12596                       0.06579 0.07895 0.03947 0.04605 0.01316 0.03289 0.07895 0.09211 0.01974 0.07895 0.05263 0.05263 0.02632 0.05921 0.04605 0.03947 0.05263 0.00000 0.01316 0.11184
GNM12602                       0.04545 0.07792 0.04545 0.04545 0.01299 0.03896 0.07792 0.08442 0.01948 0.07792 0.05844 0.05195 0.02597 0.05195 0.04545 0.04545 0.06494 0.00000 0.01299 0.11688
GNM12665                       0.05195 0.07792 0.03896 0.04545 0.01299 0.03247 0.07792 0.09091 0.01948 0.07143 0.05195 0.05195 0.03247 0.05844 0.05195 0.03896 0.07143 0.00000 0.01299 0.11039
GNM12745                       0.03896 0.06494 0.03896 0.04545 0.00649 0.04545 0.07792 0.07792 0.01299 0.09740 0.04545 0.11039 0.03247 0.04545 0.05844 0.03896 0.05844 0.00000 0.01948 0.08442
GNM12749                       0.06494 0.07143 0.04545 0.05195 0.00649 0.03896 0.06494 0.08442 0.01948 0.06494 0.07143 0.07792 0.00649 0.04545 0.04545 0.04545 0.05195 0.00000 0.01948 0.12338
GNM12758                       0.03247 0.09091 0.03247 0.02597 0.00649 0.03896 0.11688 0.08442 0.02597 0.08442 0.05195 0.09740 0.04545 0.05195 0.05195 0.03896 0.03247 0.00000 0.01299 0.07792
GNM12763                       0.03896 0.07143 0.03247 0.05844 0.00649 0.02597 0.07143 0.08442 0.00649 0.10390 0.07792 0.14286 0.03896 0.04545 0.05195 0.02597 0.05195 0.00000 0.02597 0.03896
GNM12766                       0.05195 0.07143 0.03247 0.03247 0.00649 0.01948 0.09091 0.09740 0.02597 0.07792 0.05195 0.11688 0.02597 0.06494 0.05844 0.01948 0.04545 0.00000 0.02597 0.08442
GNM12841                       0.05195 0.06494 0.02597 0.05844 0.00000 0.05195 0.14935 0.07792 0.02597 0.04545 0.05844 0.03247 0.01299 0.05195 0.04545 0.03896 0.07792 0.00000 0.01948 0.11039
GNM12849                       0.05195 0.05195 0.01948 0.05195 0.00000 0.03247 0.05195 0.11688 0.02597 0.07792 0.07792 0.12338 0.01299 0.03247 0.03247 0.07792 0.04545 0.00649 0.01948 0.09091
GNM12869                       0.06494 0.06494 0.02597 0.04545 0.00000 0.01948 0.05844 0.11688 0.01948 0.09740 0.07143 0.10390 0.01299 0.02597 0.03896 0.08442 0.03896 0.00649 0.02597 0.07792
GNM12896                       0.07143 0.05844 0.02597 0.03896 0.00000 0.03896 0.05195 0.09740 0.03247 0.11039 0.05844 0.09740 0.01299 0.04545 0.05195 0.08442 0.03896 0.00649 0.01299 0.06494
GNM12897                       0.07143 0.07143 0.01948 0.04545 0.00000 0.03896 0.05195 0.09740 0.03247 0.10390 0.06494 0.08442 0.01299 0.04545 0.05195 0.08442 0.03896 0.00649 0.01299 0.06494
GNM12902                       0.06452 0.08387 0.05806 0.06452 0.00000 0.00645 0.04516 0.07742 0.01935 0.10323 0.05806 0.11613 0.03226 0.06452 0.01935 0.03871 0.03871 0.00000 0.03871 0.07097
GNM12903                       0.07143 0.10390 0.01948 0.03896 0.01299 0.03247 0.06494 0.10390 0.01299 0.06494 0.08442 0.09740 0.01948 0.03896 0.03896 0.03247 0.02597 0.00649 0.01299 0.11688
GNM12906                       0.05844 0.11039 0.01948 0.03896 0.01299 0.03247 0.07143 0.10390 0.01299 0.05844 0.08442 0.09091 0.02597 0.04545 0.03896 0.02597 0.03247 0.00649 0.00649 0.12338
GNM12907                       0.06494 0.11688 0.01948 0.03247 0.01299 0.01948 0.07792 0.11039 0.01299 0.05195 0.08442 0.08442 0.02597 0.03896 0.03896 0.03247 0.02597 0.00649 0.01299 0.12987
GNM12909                       0.06494 0.10390 0.01948 0.03247 0.01299 0.02597 0.07143 0.11039 0.01299 0.06494 0.08442 0.10390 0.01948 0.04545 0.03896 0.02597 0.03247 0.00649 0.00649 0.11688
GNM12915                       0.03247 0.10390 0.02597 0.03247 0.01299 0.00649 0.11039 0.09740 0.02597 0.09091 0.05844 0.09740 0.04545 0.03896 0.05844 0.01948 0.05195 0.00000 0.01948 0.07143
GNM10046                       0.03247 0.10390 0.02597 0.02597 0.01299 0.01948 0.11039 0.09740 0.02597 0.09091 0.06494 0.09091 0.03896 0.03896 0.05844 0.01948 0.05195 0.00000 0.01948 0.07143
GNM12918                       0.03247 0.11688 0.02597 0.02597 0.01299 0.01948 0.10390 0.09740 0.02597 0.09091 0.06494 0.08442 0.04545 0.03896 0.05844 0.01948 0.05195 0.00000 0.01948 0.06494
GNM12931                       0.07097 0.10968 0.03226 0.03226 0.00645 0.01290 0.07742 0.07097 0.02581 0.07742 0.05806 0.10323 0.03226 0.03871 0.05161 0.03871 0.03871 0.00000 0.02581 0.09677
GNM12938                       0.05844 0.09740 0.04545 0.02597 0.00000 0.02597 0.06494 0.09091 0.01299 0.07143 0.05844 0.09091 0.01948 0.04545 0.03896 0.03896 0.05844 0.00000 0.03247 0.12338
GNM12996                       0.05844 0.10390 0.03896 0.02597 0.00000 0.03896 0.07792 0.09740 0.01299 0.08442 0.08442 0.08442 0.01948 0.04545 0.03247 0.03247 0.05844 0.00000 0.03247 0.07143
GNM13018                       0.06494 0.09091 0.03896 0.03247 0.00000 0.03896 0.07792 0.09091 0.01299 0.08442 0.08442 0.09740 0.01948 0.04545 0.03247 0.03896 0.04545 0.00000 0.03247 0.07143
GNM13027                       0.05806 0.09032 0.03871 0.01935 0.00000 0.02581 0.08387 0.09032 0.01935 0.07097 0.07742 0.09677 0.01935 0.05161 0.04516 0.02581 0.05806 0.00000 0.02581 0.10323
GNM13046                       0.06494 0.05844 0.04545 0.05844 0.00649 0.01299 0.05195 0.11688 0.01948 0.08442 0.07792 0.12987 0.01948 0.03896 0.02597 0.07143 0.03896 0.00649 0.00649 0.06494
GNM13053                       0.05844 0.08442 0.03896 0.05195 0.00649 0.02597 0.06494 0.09740 0.02597 0.07143 0.06494 0.09091 0.01948 0.03896 0.04545 0.05195 0.05195 0.00000 0.01299 0.09740
GNM13074                       0.03247 0.11688 0.02597 0.03247 0.01299 0.02597 0.09091 0.10390 0.02597 0.08442 0.05844 0.08442 0.03896 0.04545 0.05195 0.01948 0.05844 0.00000 0.01299 0.07792
GNM10010                       0.03896 0.11688 0.03896 0.03247 0.01299 0.03247 0.09740 0.09740 0.02597 0.09091 0.06494 0.08442 0.02597 0.05195 0.05195 0.00649 0.04545 0.00000 0.01299 0.07143
GNM10014                       0.04545 0.10390 0.03247 0.03247 0.01299 0.03896 0.09740 0.09091 0.02597 0.08442 0.06494 0.09091 0.03247 0.04545 0.05195 0.01299 0.05195 0.00000 0.01299 0.07143
GNM13090                       0.03896 0.09740 0.04545 0.03247 0.01299 0.03247 0.10390 0.09091 0.03247 0.08442 0.05844 0.09091 0.03247 0.05195 0.05195 0.01299 0.04545 0.00000 0.00649 0.07792
GNM13118                       0.05195 0.08442 0.02597 0.01948 0.00000 0.01299 0.08442 0.11039 0.02597 0.07792 0.07143 0.12338 0.02597 0.04545 0.04545 0.01948 0.03896 0.00000 0.01299 0.12338
GNM13126                       0.06452 0.07742 0.04516 0.07097 0.00000 0.02581 0.03871 0.08387 0.01290 0.09032 0.05161 0.11613 0.03226 0.06452 0.02581 0.03226 0.05161 0.00000 0.03226 0.08387
GNM13128                       0.05806 0.05806 0.04516 0.07742 0.00000 0.02581 0.03226 0.08387 0.01290 0.09677 0.06452 0.13548 0.02581 0.05161 0.02581 0.03871 0.04516 0.00000 0.03226 0.09032
GNM13208                       0.06494 0.09740 0.01948 0.02597 0.01299 0.04545 0.07792 0.10390 0.01299 0.05844 0.08442 0.09740 0.01299 0.03896 0.03896 0.03247 0.02597 0.01299 0.00649 0.12987
GNM13210                       0.06452 0.11613 0.04516 0.03871 0.00645 0.00000 0.07097 0.07742 0.01935 0.08387 0.05806 0.10323 0.02581 0.04516 0.05806 0.01935 0.03871 0.00000 0.02581 0.10323
GNM12773                       0.03896 0.05844 0.05195 0.05195 0.01299 0.03896 0.04545 0.07792 0.02597 0.10390 0.08442 0.11688 0.01299 0.05195 0.04545 0.05844 0.03247 0.00000 0.00649 0.08442
GNM12769                       0.04545 0.06494 0.05195 0.03896 0.01299 0.03247 0.05844 0.08442 0.01299 0.12338 0.06494 0.12987 0.01948 0.05195 0.02597 0.06494 0.03896 0.00000 0.01299 0.06494
GNM12768                       0.09790 0.07692 0.02797 0.05594 0.00000 0.02098 0.06993 0.09091 0.02797 0.06294 0.08392 0.05594 0.02797 0.04895 0.04895 0.04196 0.04895 0.00699 0.01399 0.09091

Homogeneity statistic: X2 = 14.16854 G = 14.42920 

Average                        0.05776 0.08144 0.03459 0.04261 0.00543 0.02462 0.07300 0.09889 0.02126 0.09176 0.06646 0.09902 0.02143 0.04257 0.04113 0.04953 0.04371 0.00259 0.01825 0.08395
(Ambiguity characters are used to calculate freqs.)


# constant sites:      2 (1.27%)

TREE #  1:  ((((((((47, 151), 136), (64, 100)), 101), 102), (((138, 139), (103, 63)), (137, 140))), ((((((130, 129), 132), 131), 150), (66, 46)), 147)), (((((((((((((((((((48, (51, 23)), 53), 55), (49, 52)), (57, 60)), 54), 28), (((75, 22), (25, 24)), 45)), ((((((((59, 58), 56), 61), 125), (20, 7)), (((50, (29, 41)), (8, 6)), (93, 21))), ((11, 73), 124)), 79)), 141), (((94, 78), 19), 95)), (((126, 77), 127), 42)), (((((83, 5), 82), (76, 14)), 32), (15, 72))), (84, 44)), (92, 74)), ((((43, 88), 89), (16, 142)), (((39, 87), 13), 62))), ((((1, 85), 86), (9, 2)), 40)), ((((37, 38), (3, 35)), (4, 33)), (((91, 12), 36), (34, 90)))), (((((((27, 31), 30), (152, 26)), (70, 71)), 67), ((153, 69), 154)), ((18, 17), 68))), (((((((((((117, 115), 116), 106), 114), 105), (((113, 111), 119), 110)), ((((98, 10), 99), (96, 123)), 97)), (65, 80)), ((149, 148), (81, 128))), ((((((109, 108), 107), 122), 104), ((118, 120), 121)), 112)), ((((144, 145), 146), 143), ((135, 133), 134))));   MP score: -1
lnL(ntime:305  np:306): -18247.154738      +0.000000
 155..156 156..157 157..158 158..159 159..160 160..161 161..162 162..47  162..151 161..136 160..163 163..64  163..100 159..101 158..102 157..164 164..165 165..166 166..138 166..139 165..167 167..103 167..63  164..168 168..137 168..140 156..169 169..170 170..171 171..172 172..173 173..174 174..130 174..129 173..132 172..131 171..150 170..175 175..66  175..46  169..147 155..176 176..177 177..178 178..179 179..180 180..181 181..182 182..183 183..184 184..185 185..186 186..187 187..188 188..189 189..190 190..191 191..192 192..193 193..194 194..48  194..195 195..51  195..23  193..53  192..55  191..196 196..49  196..52  190..197 197..57  197..60  189..54  188..28  187..198 198..199 199..200 200..75  200..22  199..201 201..25  201..24  198..45  186..202 202..203 203..204 204..205 205..206 206..207 207..208 208..209 209..59  209..58  208..56  207..61  206..125 205..210 210..20  210..7   204..211 211..212 212..213 213..50  213..214 214..29  214..41  212..215 215..8   215..6   211..216 216..93  216..21  203..217 217..218 218..11  218..73  217..124 202..79  185..141 184..219 219..220 220..221 221..94  221..78  220..19  219..95  183..222 222..223 223..224 224..126 224..77  223..127 222..42  182..225 225..226 226..227 227..228 228..229 229..83  229..5   228..82  227..230 230..76  230..14  226..32  225..231 231..15  231..72  181..232 232..84  232..44  180..233 233..92  233..74  179..234 234..235 235..236 236..237 237..43  237..88  236..89  235..238 238..16  238..142 234..239 239..240 240..241 241..39  241..87  240..13  239..62  178..242 242..243 243..244 244..245 245..1   245..85  244..86  243..246 246..9   246..2   242..40  177..247 247..248 248..249 249..250 250..37  250..38  249..251 251..3   251..35  248..252 252..4   252..33  247..253 253..254 254..255 255..91  255..12  254..36  253..256 256..34  256..90  176..257 257..258 258..259 259..260 260..261 261..262 262..263 263..27  263..31  262..30  261..264 264..152 264..26  260..265 265..70  265..71  259..67  258..266 266..267 267..153 267..69  266..154 257..268 268..269 269..18  269..17  268..68  155..270 270..271 271..272 272..273 273..274 274..275 275..276 276..277 277..278 278..279 279..280 280..117 280..115 279..116 278..106 277..114 276..105 275..281 281..282 282..283 283..113 283..111 282..119 281..110 274..284 284..285 285..286 286..287 287..98  287..10  286..99  285..288 288..96  288..123 284..97  273..289 289..65  289..80  272..290 290..291 291..149 291..148 290..292 292..81  292..128 271..293 293..294 294..295 295..296 296..297 297..298 298..109 298..108 297..107 296..122 295..104 294..299 299..300 300..118 300..120 299..121 293..112 270..301 301..302 302..303 303..304 304..144 304..145 303..146 302..143 301..305 305..306 306..135 306..133 305..134
 0.012023 0.065040 0.051318 0.000000 0.037570 0.097994 0.086187 0.102954 0.112159 0.136760 0.039201 0.302535 0.088738 0.219466 0.463466 0.193263 0.020613 0.144061 0.024715 0.022015 0.071878 0.144467 0.178801 0.030089 0.152388 0.072127 0.099345 0.136220 0.093008 0.041185 0.015973 0.028176 0.026473 0.038567 0.037627 0.057940 0.111605 0.153328 0.263447 0.169943 0.242942 0.069054 0.031833 0.110867 0.005898 0.063965 0.029975 0.085672 0.340232 0.098363 0.000000 0.040333 0.102213 0.066165 0.026372 0.015834 0.107188 0.014594 0.030015 0.013834 0.025778 0.000000 0.007014 0.000000 0.040479 0.108540 0.046079 0.063349 0.040667 0.071831 0.137116 0.120555 0.167168 0.193376 0.096057 0.132987 0.065131 0.000000 0.000000 0.101631 0.000000 0.000000 0.082615 0.050326 0.063996 0.026354 0.023639 0.019923 0.013255 0.000000 0.000000 0.000000 0.000000 0.000000 0.000000 0.019785 0.006271 0.000000 0.012993 0.013120 0.032852 0.022669 0.074338 0.029161 0.032907 0.006198 0.047185 0.054909 0.061274 0.075114 0.001888 0.011025 0.077594 0.017725 0.000000 0.000000 0.068618 0.295887 0.141669 0.102780 0.030679 0.033191 0.054607 0.060120 0.090020 0.133296 0.147891 0.065834 0.001681 0.000000 0.039969 0.051538 0.067658 0.096343 0.067426 0.053596 0.070650 0.022241 0.043134 0.053228 0.151213 0.119186 0.023947 0.014905 0.272750 0.148397 0.054374 0.049244 0.246056 0.000000 0.000000 0.198384 0.000000 0.000000 0.053866 0.022537 0.606008 0.065002 0.000000 0.000000 0.099173 0.194531 0.259609 0.261558 0.033469 0.292976 0.093821 0.094787 0.101546 0.093080 0.201618 0.024241 0.017710 0.252490 0.086110 0.054760 0.042729 0.173072 0.273662 0.000000 0.000000 0.341027 0.107751 0.000000 0.014878 0.237961 0.006676 0.000000 0.129473 0.130241 0.083213 0.377184 0.018749 0.036333 0.098387 0.111141 0.000000 0.038776 0.077642 0.080498 0.132887 0.130073 0.160109 0.049785 0.032402 0.032517 0.066983 0.050253 0.051578 0.113559 0.268233 0.075160 0.118276 0.265809 0.232046 0.066280 0.090812 0.037554 0.078799 0.324660 0.000000 0.013209 0.436161 0.324785 1.705198 0.064598 0.222025 0.000000 0.000000 0.178742 0.038145 0.042633 0.018295 0.026794 0.192036 0.059754 0.024641 0.000000 0.113320 0.164376 0.006562 0.052650 0.041854 0.065511 0.176337 0.349222 0.337920 0.086727 0.069942 0.066614 0.138744 0.273786 0.306137 0.489282 0.234675 0.048149 0.006877 0.048871 0.225682 0.167811 0.184762 0.003321 0.158820 0.125003 0.234293 0.236531 0.279250 0.101818 0.457369 0.117752 0.065923 0.107003 0.078956 0.142285 0.145658 0.040910 0.001528 0.212421 0.062289 0.139684 0.070252 0.041057 0.079668 0.210534 0.011262 0.062947 0.220784 0.090679 0.271222 0.117171 0.178490 0.322421 0.258925 0.025877 0.085506 0.024765 0.036974 0.039582 0.045658 0.021319 0.031552 0.006776 0.020546 0.020022 0.006872 1.244127
