
Printing out site pattern counts


       149        195  P

GNM13746                        ---------- --AAAAAAAA AAAAAAAADD DDDEEEEEEE EEEEEFFFFG GGGGGGGGGG HHIIIIIIII IIIIKKKKKK KKKKKKKKKK KKKKLLLLLL LLLLLLLLLL LLLLLLLLMM MMMMMNNNNN NNNNNPPPPP PPQQQQQQRR RRRRRRRRSS SSSSSSSSSS TTTTTVVVVV VVVVVVVVYY YYYYY
GNM13538                        ---------- --AAAAAAAA DIIMRSVVAE GMNDEEEEIN PRSSTFFFYG GGGGGGGGGG KSFIIIILLL MMVVEEEKKK KKNQRRRRRT VVYYIILLLL LLLLLLLLLL LMPRSVVYAA ELMMTADEGH LNNSTPPPPP TVEEEKRSDK KRRRRRRSAA DFHKLRSSSS NQRVYCGIIL LMPVVVVVAF GYYYY
GNM13876                        ---------- -AAAAAAGVY EIVDESAVRE GANEAEESEN EQERSITYFF GGGGGGGGGS KSFIVVVILL MWIMEEKKKK KKRKKPRRYK HKIRIIIIIL LLLLLLLRVV VKPPEMMYAV DMTVTRESVT KKVQTPPPPP LPAENKSEEK LRRRRRTAAG DKRFTTESSV FELVTVGIIL PLTKVVVVLY VEFLP
GNM13680                        ---------- --AAACSAAA EIILNAVVAE GKNTEEEQEN QK-TSFFFYG GGGGGGGGGG KHFIIIV-IL MWIMDQE-KK KKQQKKRRHA VK--IILLV- LLLLLTVLIL LLPRNTVYMV E-MLMADEGT TNNQSPPPPP IAEED-STNK TRRRRRRAAG A-HKT-ESTQ MTRVAVGIIL PT-VLVVVIF -DM-S
GNM14837                        ----EEEIKM R-AAGCTTAA EIVHESVVRE HKAEDDESQN PDKQAFFFFG GGGGGGGGGG KHFIIIIVLL MWLMEKEKAK KRRTKNRRSA TRYNIMLLII IKLLLTVIVL MMVRNTLHMA LMMLTASEGA SKKSSPPPPP HKEEDNSDRR DRRRRRRAAD EMAKTDAAGQ MERVTVSIIF PTSIIIVVLY VHIAR
GNM14249                        ----EEEMKM K-AANCTTAA EIVHESVVRE HKSDDDESQN PDKQAFFFFG GGGGGGGGGG KHFIIIIVLL MWLMEKEKAK KKRTKKRRSA TRYNIMLLII INLLLTTIVL MMVRNTLHMA LMMLTADEGA SKKSSPPPPP HKEEENSEKR ARRRRRRAAD EMAKTDAAGQ MERVTVSIIF PTSIIIVVLY VHISR
GNM13928                        ----AEKLEM K-AAGCTTAA EIVHESVVRE HKADDDESQN PDKQAFFFFG GGGGGGGGGG KHFIIIIVLL MWLMEKEKAK KRRSKKRRSA TRYNIMLLII IQLLLTVIVL MMIRNTLHMA LMMLTAAEGA SKKSSPPPPP HREEDNSEKR DRRRRRRAAD EMAKTDAAGQ MERVTVSIIL PTSIIIVVLY VHIAR
GNM13297                        ---------- --AAAAAAAA DIIMRSVVAE GMNDEEEEIN PRSSTFFFYG GGGGGGGGGG KSFIIIILLL MMVVEEEKKK KKNQRRRRRT VVYYIILLLL LLLLLLLLLL LMPRSVVYAA ELMMTADEGH LNNSTPPPPP TVEEEKRSDK KRRRRRRSAA DFHKLRSSSS NQRVYCGIIL LMPVVVVVAF GYYYY
GNM14865                        ----ESDVAD AAAAAATGAI DIIADSAVAD GENRAEEAED DRERGFVFYG GGGGGGGGNG GVFIIVIFLV MTLVEDEHKG KETEKPKRRE VHLGLLIVVI LVFLTMMMIL VLPKDEIKSM QMLITYKDNV KDENDAKPPP PREERQSDDR DKQRRRTAAG GRRKTNENGQ HEKVTAGIIL PWAQVVAVLF EEIDP
GNM13455                        ----EEEMKM K-AANCTTAA EIVHESVVRE HKSDDDESQN PDKQAFFFFG GGGGGGGGGG KHFIIIIVLL MWLMVKEKAK KKRTKNRRSA TRYNIMLLII IELLLTTIVL LMVRNTLHMA LMMLTAEEGA SKKASPPPPP HKEEDNSDKR DRRRRRRAAD EMAKTDAAGQ MERVTVSIIY PTSIIIVVLY VHIAR
GNM14938                        ---------- -EAAAAAAIY EIVAEASVRE KMNAAEETEN ERNRVLSWIF GGGGGGGGKG RHFIIVILLL MWIMNEQKPK K-KQKPRSQQ VKRAIIVLLL LQILILILVF -RPPKMLYAI EDALQREDRT KRRQVPPPPP YPIEDLSEEK RRTRRRTAAG EKRTTRESSQ FKTVTAGIVL LVSVVVVVMF TFYAP
GNM14483                        ---------- --AAAASAAA EIIINSVVED GKNDDEEQEN SMTNTFGFYG GGGGGGGGKG RDFIIIIIVL MWVMKAQKKK KKKTKKRRRE SKRSVILLVL LLFLLLILLL FAPRAAVYAL EQLVTADEGK TNNQAAPPPP TASEDSAEDK TRTRRRRAAA DFHKSTASSQ QEKVIVGIIL PTTTVVVAAF VEYSL
GNM14872                        ---------- --AAQCASAA EIILSAVVRE GKNAEEEQEN QKKTSFFFYG GGGGGGGGGG KSFIIIVVIL MWVMSPQKKK KVQQKKRRNE TKYTIIILIM LLLLLTVLIF MLPRNTVFMV EMMLMADEGT TNNQSPPPPP VEEEDRSTDK QRRRRRRAAG ANHKTNESTQ MTRVAVGIIL PTSVLVVVIF VDMAS
GNM13855                        ---------- --AAACTAAA EIILNAVVRE GKNSEEEQEN PKKTTFFFFG GGGGGGGGGG KHFIIIVVLL KWLMATEKKK KLRVKKRRKE TKYNILLLIL LLLLITLLLL LLPRNTIYSA EMMVTADDGT SNVQSPPPPP MAEEDRSEDR KRRRRRRAAG DNHKSNESSQ LEKVTVGIIT PTNILVVVIF INMAI
GNM14445                        ----PKKIKK Q-ASACAAAA EIINGAVVKE GNYEEEELEN HKGSSIHFYG GGGGGGGGKG RDFIIIIVIL MWLMNQEKKA KKKTKKRRQE SKAFVILLIM LLLLLLVIII IMPRNTVFAV EMMLTASDGT TNVHSPLPPP TAREDRSEDR RRRRRRRAAA DNHKTHESSQ LEKVTAGIII PTSTVIVVVY IEYAI
GNM14404                        ---------- -AAAAAAAAI EIIASAVVKK GMDKEEDLEN DKDRVITFFG GGGGGGGGGG GSFIIIIILL MWLMDEERKK KKKEAPRRYY KKIDIIILII LLLLILLMVL LLPRCMLYAV SVPLSKMSNT QNKAAPPPPP PEEEDKSPEM KRRQRRTAAA EKRTTEESSQ YTSVTVGIIF VINSVVVVMF VDYSP
GNM14545                        ---------- -AAAAAAAAI EIIASAVVKK GMDKEEDLEN DKDRVITFFG GGGGGGGGGG GSFIIIIILL MWLMDEERKK KKKEAPRRYY KKIDIIILII LLLLILLMVL LLPRCMLYAV SVPLSKMSNT QNKAAPPPPP PEEEDKSPEM KRRQRRTAAA EKRTTEESSQ YTSVTVGIIF VINSVVVVMF VDYSP
GNM14366                        ----AIELEI K-AAACSTAA EIVLNSVVRE HKTEDDESQN PDKQTFFFFG GGGGGGGGGG KHFIIIIVLL MWLMSKEKPK KKRKKKRRSA TRYNVLLLII IPLLYTTIVL LMIRNTLHMV LMMLTADEGV TQQSAAPPPP QKEEENSARR DRRRRRRAAD DMSKTDEAGQ MERVTVSIIY PTSIIIVVIY VHISK
GNM14252                        ----EEELKM K-AANCTTAA EIVHESVVRE HKSDDDESQN PDKQAFFFFG GGGGGGGGGG KHFIIIIVLL MWLMEKEKAK KKRTKKRRSA TRYNIMLLII INLLLTTIVL MMVRNTLHMA LMMLTADEGA SKKSSPPPPP HKEEENSEKR ARRRRRRAAD EMAKTDAAGQ MERVTVSIIF PTSIIIVVLY VHISR
GNM13760                        ----EEELKM K-AANCTTAA EIVHESVVRE HKADDDESQN PDKQAFFFFG GGGGGGGGGG KHFIIIIVLL MWLMEKEKAK KKRSKKRRSA TRYNIMLLII IKLLLTVIVL MMVRNTLHMA LMMLTAAEGA SKKASPPPPP HKEEDNSEKR ARRRRRRAAD AMAKTDAAGQ MERVTVSIIL PTSIIIVVLY VHIAN
GNM13982                        ----EEEIKM K-AAGCTTAA EIVHESVVRE NKSEDDESEN PDKQAFFFFG GGGGGGGGGG KHFIIVIVLL MWLMSKEKPK KKRSKKRREK TRYNIMLLVI IELLLTTIVL MMIRNTLHVA LMMITADEGV TQKSAPPPPP HKEEDNSTKK SRRRRRRAAD EMAKTDEAGQ MERVTVSIIL PTSIIIVVLY VHIAK
GNM13960                        ----GEEIKM K-AAACTTAA EIVHESVVRE KKSEDDESQD PDKQVFFFFG GGGGGGGGGG KHFIIIIVVL MWLMEKKKKK KERSKKRRNE TRYNIMLLVI IKLLLTSIIF MLVRNTLYMV LMMMTAQEGT SNKASPPAPP YKEEENSQNK TRKRRRRAAD EMAKTDEAGQ MERVTVHIII PTTIIIVVIF LDIQN
GNM14633                        ----EEKLEI K-AAGCTTAA EIVHESVVRE NKSEDDESEN PDKQAFFFFG GGGGGGGGGG KHYIIVIVLL MWLMEKEKPK KRRSKKRREK TRYNIMLLVI IELLLTTIVL LMVRNTLHMV LMMITAEEGV TQKSAPPPPP HREEDNSTKK ARRRRRRAAD EMAKTDEAGQ MERVTTEIIF PTSIIIVVLY VHIAR
GNM14853                        ----EEKLEI K-AAGCTTAA EIVHESVVRE NKSEDDESEN PDKQAFFFFG GGGGGGGGGG KHYIIVIVLL MWLMEKEKPK KRRSKKRREK TRYNIMLLVI IELLLTTIVL LMVRNTLHMV LMMITAEEGV TQKSAPPPPP HREEDNSTKK ARRRRRRAAD EMAKTDEAGQ MERVTTEIIF PTSIIIVVLY VHIAR
GNM14174                        ----EPELKT TAAAAAAGAM EVVAEAAVQK GINIEEESEN DETQAIFFYG GGGGGGGGNG GHFIIVIFLL MWIIKAQKKE KTREKPRRFK VRISIVILLI LQLFILLIVL VLPRSMFYTV EMPLAHDDTV ENVSSAPPPP AQQERKSEDK KRHRRRRAAA DKRKTEECTQ FKKMTAGIIF PVSEVIVVLF VDIIP
GNM14055                        ----EEEIKI K-AASCTTVA EIVHESVVRE KRSSDDEAQN PDKQAFFFFG GGGGGGGGQG KHFIIIILLL MWLMKKEKPK KNRTKKRRNE TRYNIMLLVI IELLLTTIIL LMIRNTLYMV LMMLTAEEGT TQKAAPPPPP HKQEENSKNK EKRRRRRAAD ELAKTDEAGQ MERVTVSIII PTTIIIVVIF VHIQQ
GNM14748                        ----EEEIKM K-AASCTTAA DIVHESVVRE HKSEDDESQN PDKQAFFFFG GGGGGGGGGG KHFIIIIVLL MWLMNKEKAK KIRTKKRRSA TRYNIMLLII IELLLTTIVL LMIRNTLHMA LMMMTADEGA SKKSSSPPPP HKEEDNSEKR DRRRRRRAAD EMAKTDAAGQ MERVTVSIIV PTSIIIVVLY VHIAN
GNM14246                        ---------- -AAAAAAGAM EVVAEAAVRQ GVNREEETEN DRSQLVFFYG GGGGGGGGHG GNFIIVIFLL MWVIRPKRKE KVKEKPRRYE IKVSIVILII FQLLTLLLIL ILPRAMLYTV EVPLTHEGTV ENVSSAPPPP PIKEKKSEDK RRHRRRRATA ERRKTEESTQ FKRMTAGIIF PISEVIVILF VEYVP
GNM14640                        ---------- -AAAAAAGAM EVVAEAAVRQ GVNKDEETEN DKDQLVYYYG GGGGGGGGQG GQFIIVIFLL MWLVNSQKKE KVKEKPRRYE IKVSIVILII FQLLSLLLVL ILPRSMMYAV ELPLAHEGTV ENISSAPPPP PKKEKKSEDR KRHRRRRPTT EKRKTEESTQ YKRITAGIIF PVSEVIVVLF VDLAP
GNM14965                        ----PKRLDT Q-AAACSAAA EIILNAVVAE DKNTEEEQEN QKKTTFFFYG GGGGGGGGGG KSFIIIVVLL MWLMSTEKKK KSQEKKRRKT SKYNIILLVM LLLLLTILIL FLPRNTMYLV ELMMTADEGT TNVQSPPPPP LEEEDRASDK RRRRRRRAAG GNHKTNESSQ MIRVTVGIIL PTSILVVVIY VHMAL
GNM13677                        ---------- -AAAAAAGVY EIVDEAAVRE GANEAEESEN EQERSITYFF GGGGGGGGGS KSFIVVVILL MWIMEEKKKK KRRKKPRRYK HKIRIIIIIL LLLLLLLRVV VKPPEMMYAV DMTVTRESVT KKVQTPPPPP LPAENKSEEK LRRRRRTAAG DKRFTTESSV FELVTVGIIL PLTKVVVVLY VEFLP
GNM14339                        ---------- -AAAAAAAVY EIVADSCVKQ DENEAEETEN ERQRAVSWIL GGGGGGGGGG RHFIIVIMVL MWIMNESTAK KTKRKPRSER VKINIILLIL IQILILIIIL VTPTQMMYGI EVTLQRSSTI RRVQSPPPPP FPAEDKSEVK KKNRRRTVAG NRRTSKESSQ FVKVTAGIIL VVTIVIIVVF VEYTP
GNM14593                        ---------- -AAAAAAAVY EIVADAAVRE GTNEAEEIEN EKERAITHFG GGGGGGGGGG RSFIVVILLL MWIMEEKRKK KDKNKPRRYK EKKRIIIIIL LLLLILIRVI LRPPQMMYAV ELTLSREDTT KRVQTPPPPP YPEEDKSEEK KHRRRRTAVG DKRFTKMSSN FVKVTVGIIL PISKVIVVLY VDFAP
GNM13825                        ---------- -EAAAAAAIY EIVAEASVRE RMNSAEETEN ERNRALSWIF GGGGGGGGKG RHFIIVILLL MWIMNEQKPR KKKQKPRSQQ VKRAIIVLVL LQILILILVF VRPPRMVYAI EDALQREDRT KRRQVPPPPP YPVEDLSEEK RRTRRRTAAG EKRTTKESSQ FKIATAGIIL LVSVVVVVMF TYYTP
GNM14768                        ---------- -AAAAAAAVY EIVAEHAVAE GENEAEETEN ERSRAITHFG GGGGGGGGGG RTFIVIIILL MWIMEEKKKK KVKKKPRRQK EKIKIIIIIL LLLLILMRVV VRPPYMMYAV EMPLTREDTT RRVQTPPPPP PPEEDKSEHR KRRRRRTAAG DKRFTSESSN FVKITVGIIM PVSKVIIVMY VDYAP
GNM14776                        ---------- -AAAAAAAVY EIVAEHAVAE GENEAEETEN ERSRAITHFG GGGGGGGGGG RTFIVIIILL MWIMEERKKK KVKKKPRRQK EKIKIIIIIL LLLLILMRVV VRPPYMMYAV EMPLTREDTT RRVQTPPPPP PPEEDKSEHR KRRRRRTAAG DKRFTSESSN FVKITVGIIM PVSKVIIVMY IDYAP
GNM14715                        ---------- --AAAATAAA EIIISSVVED GKNDDEEQEN PRTNTFGFYG GGGGGGGGAG RDFIIIIIVL MWVMKPQKKR KKKAKRRRRE SKMSVILLVL LLFLLMMLLL LAPRAAVYAL DRLVTADEGK TNSQAAPPPP TASEDSAEDK DRTRRRRAAA DYHKSSASSQ QQKVTVGIIL ATTTVVVAVF VDYTL
GNM14639                        ---------- --AAACAATA EIVSNAVVEE GKNDEEESEN PKNQRYYFYG GGGGGGGGNG KSFIIVIILI MWIIEDVKKK KKKSKKRKRS VKLQIILLIL LLLLLLLLLL LFIRETVYAV NRALTPEEGT MNVSSPPPPP VKEQDMSEDK LRRRRRRSAA EFHEGKSSSQ VKKVVAGIIV VTSTVIVVMF VEFPL
GNM13795                        ----AEEIKM K-AASCTTAA DIVHESVVKE HKSEDDESQN PDKQAFFFFG GGGGGGGGGG KHFIIIIVLL MWLMIKEKAK KIRTKKRRSA TRYNIMLLII IELLLTTIVL LMIRNTLHMA LMMMTADEGA SKKSSSPPPP HKEEDNSEKR DRRRRRRAAD EMAKTDAAGQ MERVTVSIIV PTSIIIVVLY VHIAN
GNM14166                        ----EEKLEI L-AAACTVAA EIVHESVVRE EVEADDEQQN PDNTAFFFFG GGGGGGGGGG KHFIIVIVLL MWLMEKEKKK KKRKKKRRSA TRYSTMLLII IQLLLTTIVL LMIRNTLHMV LMMMTADDGG SQKQSPPPPP ARAEEKSVKR SRRRRRRASD ELSKTDEAGQ MERVTVSIIF PTSIIIVVLY VHISR
GNM13993                        ---------- --AANATAAA EIISNAVVKE AANEDDEVEN SKAMCFFIYG GGGGGGGGDG REFIIIIVLM MWLMATKKKQ KLKTKPRRQQ QKSNVLLLIL LLLLLLVLLI HRIRSNVFTV ATVMTPSDGN SRISSAPPPP TKQEESAKNR DKTRRRRAAA DLSKTKEASQ NVFVTVSIIH PQSSVVSVVF IFIML
GNM14450                        ---------- --AAGATAMA EIVQSSIVAE GKNQEEEQEN LRKTAFFFYG GGGGGGGGSG KHFIIIIVML MWLMKSEQKV KTKTKKRKRE TKYYIALLVM LTLLRMVLIL LLPRNTLYMV EMMLTADDGT ANVYSPPPPP IATEDRSEDR KRRRRRRAAS DNRKTNESSQ FEKVTAGIII VTSIIIVVIF IDCAY
GNM13515                        ----AEPQNI E-AANCTTAA EIVHESVVRE NLSDDDESQN PKKQVFFFFG GGGGGGGGGG KHFIVIIVLL MWLMEKEKAK KKRKKKRRNK TRYNIMILII IELLLTTIVL LMIRNTLYMV LLMMTAEEGT TQKSAPPPPP HKEEDNSQNK SRRRRRRAAD EAAKNDEAGQ MERVTTSIIL PTSIIIVVLF VHISR
GNM13745                        ---------- --AAAAAAAA EIITSAVVSD STNMDDEIEN SRDIVFCIYG GGGGGGGGKG REFIIIIIIM MWIMQPTQNM KNKKKPRRHE TKSNVLLLVL LLLLLLVLLL LRNRSNVFTV ESVTTPNDGN SRVQSAPPPP TKSEDSAKDQ VKSKRRRASA QLRKTKESSQ NSCVTVSIIN PSNSVVSVIF VFVML
GNM14030                        ---------- --AAAANAAA EIISNAVVRE SSNEDDETEN STDMIFYIYG GGGGGGGGKG REFIIIIVIM MWIMNSKKKX KKKTKPRRAS SKSHVLLLIL LLLLLLVLLL HRVRSNVFSV ETVMTPXXGN ARVSSAPPPP TKNEDRAKDR DKNRRRRAAS EINNTKEASQ NTSVTVSIIY PTTSVVSVVF IFVML
GNM14959                        ---------- --AQGAAGAT EIIADSAVNE DLNEEEPLEN DKQQGFFFYG GGGGGGGGEN KQLIIIVILL MIVIYEQKKA KKEKKPRKKR TKIKIIILVL LLLLLLLRIV IKSRNEIYWS MIPITKEDII VRNWDPYPPP DRTEKKSQKK QRRRRRTSAF IERKTDSNSI MRRVTAVIVF PVPVVIVIMF YFYVP
GNM13413                        ---------- -IAAAAMIVV DVVADAAIAH DINTEEPYEN DRNRAVYFYG EGGGGGGGGG GKFIVVIFLL MYIVHDESKK KKETKPRKRY IKLGVIILLL FLLLILTRVL VVPRFEVHLV MPPLSPKEVV SKDRTAYPPP PKEEDKSVDK DYRRRRRVVA NKTRTYQAGN MRVVYAAIIL VIRVVVALLF KEFVK
GNM15005                        ----GEEIKM K-AASCTTAA EIVHESVVRE KKSEDDEAQD PDKQVFFFFG GGGGGGGGGG KHFIIIIVVL MWLMEKKKKK KERSKKRRNE TRYNIMLLVI IKLLLTSIIF MLVRNTLYMV LMMMTAQEGT SNKASPPAPP YKEEENSQNK SRRRRRRAAD EMAKTDEAGQ MERVTVHIII PTTIIIVVIF LDIQN
GNM14992                        ----EEEIKM K-AAACTTAA EIVHESVVRE KRSEDDESQN PDKQAFFFFG GGGGGGGGGG KHFIIIIIVL MWLMNKKKPK KKKSKKRRNE TRYNILLLVI IKLLLTTIIF LMVRNTLHMV LMMMTAQEGT ANKASPPAPP YKEEENSPDK SRKRRRRAAD EMAKTDEAGQ MVRVTVHIIV PITVIITVIF VNIQR
GNM14994                        ----AEEIKM K-AAGCTTAA DIVHESVVRE HKSEDDESQS PDKQAFFFFG GGGGGGGGGG KHFIIVIVLL MWLMKKEKAK KIRKKKRRNQ TRYNIMLLII IKLLLTTIVL LMIRTTLHMA LMMMTAEEGA SKKSSPPPPP HKEEDNSEKR DRRRRRRAAD EMAKTDEAGQ MERVTVSIIL PTSIIIVVLY VHIAI
GNM15013                        ---------- --AAACTTA- EIVHESVVR- KKSEDDESQD -DKQV-FFFG G-DGGGGGGG KHFII-IVVL MWLMEK-KRK K--SK-RRNE TRYNIMLLVI IKLL-TSIIF -M-RNTLYMV LMWMTAQEGT SNKASPPAPP Y-EEENSQNK SRKRRRRAAD -MAKTDEAGQ ME-VTVH-I- PTTI-IVVIF LD-Q-
GNM15014                        ----EEEIKM K-ASACTTAA EIVHESVVRE KKSEDDESQN HDKQTFFFFG GGGGGGGGGG KHFIIIIVVL MWLMEKKKQK KKKSKKRRSE TRYNILLLVI IKLLLTSIIF LMIRNTLYMV LMMLTALEGT ANKASPPAPP YNEEENSPNK SRKRRRRAAD EMAKTDEAGQ MERVTVHIIV PTAVIITVIF LNIQK
GNM14976                        ----GEEIKM K-AAACTTAA EIVHESVVRE EKSEDDESQD PDKNVFFFFG GGGGGGGGGG KHFIIIIVVL MWLMEKEKKK KERSKKRRSE TRYNIMLLVI IKLLLTSIIF LMVRNTLYMV LMMMTAQKGT SNKSSPPAPP YKEEENSQNK SRKRRRRAAD EMAKTDEAGQ MERVTVHIII PTTIIIVVIF LNIQN
GNM14995                        ----CS-V-- --A-GCTTA- EIVHDS-V-- --S-D-E-QN ---Q--FF-- G-----GG-- ----I-I--L MW-M-K---- K---K-RRS- T---VM---- ---L-----L -M--N----- ---L-A---- -QKSAP-P-- --EE--SA-- ---RRRR-G- --A-----GQ M----V---- PT---I--I- -----
GNM14999                        ----EEEIKM K-ASGCTTAA EIVHESVVRE KKSEDDESQN PDKQTFFFFG GGGGGGGGGG KHFIIIIAIL MWLMEKQKPR KNKSKKRRSE TRYNVMLLII IKLLLTTIIF LMIRNTLYMV LMMLTAQEGA SNKASPPAPP YKEEENSQNK SRKRRRRAAD EMAKTDEAGQ MERVTVHIIL PTTIIITVIF VNIQT
GNM15018                        ----EEEMKM K-AANCTTAA EIVHESVVRE HKSDDDESQN PDKQAFFFFG GGGGGGGGGG KHFIIIIVLL MWLMDKEKAK KKRTKKRRSA TRYNIMLLII INLLLTTIVL MMVRNTLHMA LMMLTAEEGA SKKSSPPPPP HKEEENSEKR ARRRRRRAAD EMAKTDAAGQ MERVTVSIIF PTSIIIVVLY VHISR
GNM15025                        ----EEGLKI K-AASCTTAA EVVHNSVVRE HKSDDDESQN PDKQAFFFFG GGGGGGGGGG KHFIIIIILL MWLMKKKQPK KKRSKKRRNE TRYNVMLLVI IQLLLTVIVL LMIRNTLYMV LMMLTAAVNT GQIAAPPPPP HNEEDNSTNK NKKRRRRAAD EMAKTDEAGQ MERVTVSIIV PTTIIIVVLY VHIQK
GNM14980                        ----EEEMKM K-AANCTTAA EIVHESVVRE HKSDDDESQN PDKQAFFFFG GGGGGGGGGG KHFIIIIVLL MWLMDKEKAK KKRTKKRRSA TRYNIMLLII INLLLTTIVL MMVRNTLHMA LMMLTAEEGA SKKSSPPPPP HKEEENSEKR ARRRRRRAAD EMAKTDAAGQ MERVTVSIIF PTSIIIVVLY VHISR
GNM15000                        ----EEEMKM K-AANCTTAA EIVHESVVRE HKSDDDESQN PDKQAFFFFG GGGGGGGGGG KHFIIIIVLL MWLMDKEKAK KKRTKKRRSA TRYNIMLLII INLLLTTIVL MMVRNTLHMA LMMLTAEEGA SKKSSPPPPP HKEEENSEKR ARRRRRRAAD EMAKTDAAGQ MERVTVSIIF PTSIIIVVLY VHISR
GNM15026                        ---------- --AANCTTAA EIVHSSVVRE KKSDDDESQN PDKQAFFFFG GGGGGGGGGG KHFIIIILLL MWLMKKEKPK KKRSKKRRSE TRYNVMLLII IELLLTLIVL LMIRNTLFMV LMMLTAPENT SQVGSPPPPP YKEEENSSNK SKKRRRRAAD EIAKTDAAGQ MERVTVSIII PTTIIIVVIY LHIQR
GNM15001                        ----EEEMKM K-AANCTTAA EIVHESVVRE HKSDDDESQN PDKQAFFFFG GGGGGGGGGG KHFIIIIVLL MWLMDKEKAK KKRTKKRRSA TRYNIMLLII INLLLTTIVL MMVRNTLHMA LMMLTAEEGA SKKSSPPPPP HKEEENSEKR ARRRRRRAAD EMAKTDAAGQ MERVTVSIIF PTSIIIVVLY VHISR
GNM11003                        ---------- --AAAATAAA EIVANAAVAK GVNQEENIEN DFQRAIYFYE GGGGGGGGNA GIFIIVVFFI MIIMKESQKY KKEKKPRKRQ VKMSVLLLIL FTLLILMMIL FLVKFGVYVV MVPIAHQDTI KRNVTAYPPP SREENTSDDK DRRRRRTLAA LKKKTKETSQ FRIITAAIIP PYNVIVAILY KNYIK
GNM11023                        ---------- --AANAAAVV MIVSSAAVAH RVDEEEQVEN DVNRAVFFYG GGGGGGGGGA RYFIIVIFFL MAIQQPRKPY KKDTKPRRRN TKLGIIILVL FRLLVLLLIL ILGRFEVWTV KTKIQHRKTT ANNRRAYPPS KKEEELSEDR DRNRRRTVAA GRRQTQQSSR FRIVTVSIIP PIKSVPAIIW VHIVK
GNM11055                        ---------- -VAAAAFGAI EILAEAVVKE GKNEEEELEN DDQRDFTFFG GGGGGGGGGG GIFIVVIFLL MRLMDEERKR KKSKKPRRQE EHLRILVLIV VIIFVKLLVI VKPKSEIFLV MMLLTYADRT RYKRSAVPPP PTEESKSEKK QRQLRRVAAG DKRRTE-TSQ YKRVTCGIIL PWAFVVAVLW EDLVP
GNM11146                        ---------- -AVNAAAAAL ELLAESAVNR DINDEEQQEN DKDQIFFFYR GSGGGGGNNN KPFIIVVILL QIIVIDEKKT KKRSKPRKRA IKKNIIILII LLLYILLRIL VQSRLEVIWS MLPLARAIQV QRHDDAIPKT DKAERKSPKK QKRRRRTAAA DKRRTDKATV IERVTAVVVL VIPVVEVIMY YQFMP
GNM11219                        ---------- -AAAAAAVAV EIVAESTVAK GRNEDEETEN DEKRILFYYG GGGGGGGGGG RHVIIIIVLL MWLMEAEKKD KGTRKPRRRE IKISVVIALI FKLLVLMRIV MMPKSMIYMI KMRLSHATST QRVSTPPPPP PEEEHEKEDK RRQRRRRAAA ERRKTDEASQ FRKVTCGIIF PVSTVMVVLL IEYAP
GNM11220                        ---------- -VAAAAAAAL EIIARAAVMK GENKEEDSEN DKKRYIYFYG GGGGGGGGNG GHFIIIVFLL MWIMNPERKR KKKEKPRRYR KKMAIILLII LLLLILLLIV LLPRSLLFTA RMPLSHAEIT TEVLAPPPPP PEQEDDSSDK KRRRRRTAAA GKRRTQQSSQ FSTVTAGIIF PISVVILVMF VDYTP
GNM11222                        ----AKDVAG AYAAAAACAV EIIANAAVSY GTNREEEAEN DRASAVYFYG GGGGGGGGGG GYFIIIIILL MWIMRFKKKS KVQEKPRRYE IKKNIVVLLL LLLLLLLIVL ILPRSVLYAV SMPLAHRDNT ENVSAPPPPP PTEERRSPDK RRRKRRTVAA DRRKTEEVTQ YRTVTCGIIS PVSVVVTVLF VDFAP
GNM11223                        ---------- -AAAAAAAAM EIVAEAVVRQ GINREEETEN DKEQAVTFYG GGGGGGGGKG GHFIIVIFLL MWVMRPEKKD KLKEKPRRQE TKISIIILII FQLLTLLIIV ILPRLMMYSV EMPLAHADTV ERVSSAPPPP PERERKSEDK RRHRRRRAAG GKRRTDECTQ YKSVTVGIIL PVSVVIVILF IDFSP
GNM11224                        ---------- -VAAAAAAAM EIVAEAVVRQ GINREEETEN DYEQAVTFYG GGGGGGGGKG GHFIIVIFLL MWVMSPEKKD KLKEKPRRQE TKISIIILII FQLLTLLIIV ILPRSMMYNV EMPLAHGDTV ERVSSAPPPP PESERKSEDK RRHRRRRAAG GKRRTDECTQ YKSVTVGIIL PVSVVIVILF IDFSP
GNM11358                        ---------- --AAACTAAA EIILNAVVKE GKNSEEEQEN PKKTTFFFFG GGGGGGGGGG KHFIIIVVLL KWLMETEKKK KIRVKKRRKE TKYNILLLIL LLLLITLLLL LLPRNTIYTA EMMVTADDGT SNVQSPPPPP MAEEDRSEDR RRRRRRRAAG NNHKSNESSQ LEKVTVGIIT PTNILVVVIF INMAI
GNM11360                        ----EEEMKM K-AANCTTAA EIVHESVVRE HKSDDDESQN PDKQAFFFFG GGGGGGGGGG KHFIIIIVLL MWLMVKEKAK KKRTKNRRSA TRYNIMLLII IELLLTTIVL LMVRNTLHMA LMMLTAEEGA SKKASPPPPP HKEEDNSDKR DRRRRRRAAD EMAKTDAAGQ MERVTVSIIY PTSIIIVVLY VHIAR
GNM11362                        -----E-V-- --AAAAAAAA EIIMDAVVEE GKNSEEEQEN AEKTAFFFYG GGGGGGGGGG KHFIIIVILL MWVIKEEKKA KRHKKKRKRE VKFFIVLLIM LLLLLLLLIL LMPRNTLYSA EYMLTAEEGT FNVQSPPPPP PASEHRSEDK KRRRRRRAAA DNSKTNESSQ LEKVTAGIIL PTSVIIVIIF TEYSY
GNM11367                        ----EEEIKM K-AAGCTTAA EIVHESVVRE NKSEDDESEN PDKQAFFFFG GGGGGGGGGG KHFIIVIVLL MWLMSKEKPK KKRSKKRREK TRYNIMLLVI IELLLTTIVL MMIRNTLHVA LMMITADEGV TQKSAPPPPP HKEEDNSTKK SRRRRRRAAD EMAKTDEAGQ MERVTVSIIL PTSIIIVVLY VHIAK
GNM11377                        ---------- --AAQCASAA EIILSAVVRE GKNAEEEQEN QKKTSFFFYG GGGGGGGGGG KSFIIIVVIL MWVMSPQKKK KVQQKKRRNE TKYTIIILIM LLLLLTVLIF MLPRNTVFMV EMMLMADEGT TNNQSPPPPP VEEEDRSTDK QRRRRRRAAG SNHKTNESTQ MTRVAVGIIL PTSVLVVVIF VDMAS
GNM11380                        ----EEKLEI L-AAACTVAA EIVHESVVRE EVEKDDEQQN PDNTVFFFFG GGGGGGGGGG KHFIIVIVLL MWLMEKEKKK KKRTKKRRSA TRYSTMLLII IQLLLTTIVL LMIRNTLHMV LMMMTADDGG SQKQSPPPPP QRAEEKSTKR SRRRRRRASD ELSKTDEAGQ MERVTVSIIF PTSIIIVVLY VHISR
GNM11383                        ----QDELEI K-AAACTTAA EIVLNSVVKE HKTEDDESQS PDKQAFFFFG GGGGGGGGGG KHFIIVIVLL MWLMEKEKAK KKRKKKRRNA TRYNVVLLII IPLLYTTIVL LMVRNTLHMV LMMLTAEEGV TQQQASPPPP HREEENSTKR DRRRRRRAAA EMSKTDEAGQ MERVTVSIIY PTSTIIIVIY VHIAR
GNM11491                        ---KEEEIKM A-ASKCTTAA EIVHESVVRD GRYEDEEEQS KDRQVFFFFG GGGGGGGDDG KHFIVIIVLL MWLMEKEKPK KKRKKRRRGN TRYNIMLLVI IKLLLTRIIL MMRRNTLHMV KMMITAEEGT VQTSDPPPPP YKEEDNSERR LRKRRRRAAD DMAKNEEAGQ MDRVTVSIIF PTTVIIVVIF VHIAR
GNM11804                        ---------- -AAAAAFGAI EILAEAVVVE GKNEEEEVEN DEERDFTFFG GGGGGGGGGG GIFIIVIFLL MRLMEDVRKR KKRKKPKRQE EHVKILVLII VIIFVKLLVL VKPRSEIFLL MMLLTYADRT RYKRSAIPPP PEEENKSDKK RRQLRRTAAG DKRRTD-TSQ YERVTCGIIL PWAFVIAVLW EDYVP
GNM11805                        ---------- -YAAQSTGAL DIVSDAVVQE GINSEEEKLS DKSRSITYFG GGGGGGGHGG HVYIIIIFLI ITLISESKKD KNYTKQKKQE RYINIIVMMV NMLLALFLIL IRPRKNIYLM L-TLTNADKT SRNLEPKAPP PHEQSKGETK IRNKRRSAAG DKRRTDESGQ NTRVTVGLIL PW-YVVAVLY EEI-R
GNM12883                        ---------- --AANCSAAA EIILNAVVAE GKNAEEEQEN EKKTTFFFYG GGGGGGGGGG KHFIIIVVLL MWVMAQEKKK KKQQKRRRDA TKYNIILLVV LLLLLTVLIL LLPRNTVFMV EMMLMADEGT TNNQSPPPPP ISEEDRAMNK RRRRRRRAAG ENHKTNESTQ MTKVAVGIII PTSILVVVIF VDMAS
GNM12886                        ---------- --AAACSAAA EIILNAVVAE GKNTEEEQEN QKKTSFFFYG GGGGGGGGGG KHFIIIVVIL MWVMTQEKKK KKQQKRRRHA VKFNIILLVI LLLLLTVLIL LLPRNTVYMV EMMLMADEGT INNQSPPPPP IAEEDRSTNK TRRRRRRAAG ANHKTNESTQ MTRVAVGIIL PTSVLVVVIF VDMAS
GNM13060                        ---------- --AAAAAAAA AAAAAAAADE DDDEEEEEEE EEEEEFFFFG GGGGGGGGGG HHIIIIILII MQIIKKKKKK KKKKKKKKKK KKKKLLLLLL LLLLLLLLLL LLLLLLILMM MMMMMNNNNN IDNNNPPPPP PPQQQQQARR RRRRRRRRAA STSSNASSSS TSTSTIVVVI VVVVVVVVYY YYYYY
GNM13061                        ---------- --AAAAAIAA AAAAAAAADE EQNDEEEEED NEEDEMFFFG GGGGGGGGGG HHVIIVIYII INIIAKKHKK KKKTKRRKKS KKKLYLLLIL LLLLMLILLY LLLPVLVYAM IMLMGVDNYN KSNNNPPPPP PDKQQRQQYK SRRRRRRRSA GNSKTNASSL QSTTTIVVVF VAAVVVVVLL HYYTY
GNM13062                        ---------- --AAAASAAA EIIINSVVED GKNDDEEQEN PKTNTFGFYG GGGGGGGGGG RDFIIIIIVL MWVMKPAKKR KKKAKKRRRE SKRSVILLVL LLFLLMVLLF LAPRAAVYAL ERLVTADEGK TNNQAAPPPP TASEDSAEDK SRTRRRRAAA DYHKSTTSSQ QEKVTVGIIL ATTTVVVAVF VDYTL
GNM11032                        ---------- -AAAAAAAVY EIVADACVKH DENEAEENEN ERQRAVSWVI GGGGGGGGNG RHFIIVIIVL MWIMEEYRPR KAKRKPRGEK TKQNIILLIL VQIVILILIL VVPTQMIYAV EVTLQRAVTT RRVQSPPPPP YPSEDSSEIK KKTRRRIAAG TRRTSKESSQ FVKVTAGIIL VVTIVIIVIF VEFTP
GNM11363                        -----E-V-- --AAAAAAAA EIIMDAVVEE GKNSEEEQEN AEKTAFFFYG GGGGGGGGGG KHFIIIVILL MWVIKEEKKA KRHKKKRKRE VKFFIVLLIM LLLLLLLLIL LMPRNTLYSA EYMLTAEEGT FNVQSPPPPP PASEHRSEDK KRRRRRRAAA DNSKTNESSQ LEKVTAGIIL PTSVIIVIIF TEYSY
GNM11375                        ----EEELKM K-AANCTTAA EIVHESVVRE HKADDDESQN PDKQAFFFFG GGGGGGGGGG KHFIIIIVLL MWLMEKEKAK KKRSKKRRSA TRYNIMLLII IKLLLTVIVL MMVRNTLHMA LMMLTAAEGA SKKASPPPPP HKEEDNSEKR ARRRRRRAAD AMAKTDAAGQ MERVTVSIIL PTSIIIVVLY VHIAN
GNM11381                        ----QDELEI K-AAACTTAA EIVLNSVVRE HTTEDDESQS PRKQTFFFFG GGGGGGGGGG KPFIIVIVLL MWLMSKEKPK KKRKKKRRSA TRYNVLLLII IPLLYTTIVL LMIRNTLHMV LMMLTAEEGV TQQQAAPPPP SREEENSSKR DRRRRRRAAD EMSKTDEAGQ MERVTVSIIY PTSTIIIVIY VHISR
GNM11382                        ----AIEIEI K-AAACTTAA EIVLNSVVRE HKTEDDESQS PDKQTFFFFG GGGGGGGGGG KHFIIVIVLL MWLMEKEKAK KKRKKKRRSA TRYNLVLLII IPLLYTTIVL LMIRNTLHMV LMMLTADEGV SQQSASPPPP QRQEENSSKR DRRRRRRAAD DMSKTDEAGQ MERVTVSIIF PTTIIIIVIY VHIAK
GNM11841                        ----EDDLAA VAAASATGAI DIIAESAVAD GENTAEEAED DRERGFVFYG GGGGGGGGNG GVFIVVIFLV MTLVEDEQKG KYRDKPKRRE VHLGLLIIVI LVFLTMMMIL ILPKDEVKTM QMLITYKDNV KDENDAKPPP PEEERQSDDR DKQRRRTAAG NRRKTDENGQ HSKVTAGIIL PWAVVVAVLF EEIDP
GNM11931                        ----ADDAAA AAAASATGAI DIIAEGAVAD GQNTNEEAED DRERGFVFYG GGGGGGGGDG GVFIIVIFLV MTLVEEELKA KQNEKPKRQE VHLGLLIILI LVFLTMMMIL ILPKDEIKSM QMLITYKENV KDENDAKPPP PEEERQSEDR DKQRRRTAAG NRRPTQENGQ HHKVMAGIIL PWAKVVAVLF EEIDP
GNM12040                        ----AGDVVD DAAASATGAI DIIAESAVAD GENRAEEAED DRERGFVFYG GGGGGGGGNG GVFIIVIFLV ITLVDDEHKG KHTDKPKRRE VHLGLLIVVI LVFLTMMMIL ILPKDEIKSM QMLITYKDNV KDENDAKPPP PEEERQSDDR DKQRRRTAAG GRRKTNENGQ HEKVTAGIIL PWAQVVAVLF EEIDP
GNM12071                        ----AGDVVD DAAAAATGAI DIIADSAVAD GENTAEEAED DRERGFVFYG GGGGGGGGDG GVFIIVIFLV MTLVDDDHKG KRNDKPKRQE VHLGLLIIVI LVFLTMMMIM ILPKDEIKSM QMLITYKDNV KDENDAKPPP PQEERRSDNR DKQRRRTAAG GRRKTDENGQ HHKVTAGIIL PWAQVVAVLF EEIDP
GNM12125                        ---------- --AAAAMAVV DVVLNAAVAY GINAEERIQN DEKRMVYYYG GGGGGGGGGA RHFIIIIFFL LVIVKSRRKY KKEHKPRRRR VTMAIIILII FTLLVLLMVL IISRSEVYTV QVPAAYQQTI ERNVTAYPPP QKEERVSEDR DRRRRRRVAA AQRQFKETTQ NRMVTVAIIP PALVVVVILY KHLIK
GNM12126                        --E------- -EAVAATAAS EIVAGAAVAE KVDKEEKQQN DWERAVFFYG GGGGGGGGGG RHFIVVVFLL MTIMYPRKKH KKEEKKRRRK KKLAVLVILL FLLLVLMAVI IIDRFEVYVV KKVLTHQETI QRENTAYPSP QRQESTSEDK DRRRRRRVAA SQRKTQESGQ YRITTASIIP PFNIVVVILY KNEIK
GNM12128                        ---------- --AAAAAGAT DVIAAAAVAH GVNLEEEIEN DLERAVYFYG GGGGGGGGGG RHFIIIIFIL MIIVSEENKW KVEKKPRRRK VKIGIIVILI FLLLMLLLVI IIARFAVYVV AVPLQHTDTI QRNLTAYPPP QLEERKSEDR DRRNRRVSAA GKRRTQESAQ FRLVTCAILT PINVVAVILY KEYIR
GNM12182                        ---------- --AAAATAAT EIVTNAAVAK GINQEEQSEN DYQRAIFFYE GGGGGGGGNA DIFIIVVFLI MMIMKESKKY KKEKKPRKRE IKMSVLVLIL YTLLILMIVL LLIKFGVYVS MVMIAHRETT KRKVTAYPPP NREENTSEDK DRRRRRTLAA LRKKTKETSQ FRVVTAAIIT PYDIVPAILF KNYIK
GNM12342                        ---------- -VAAAAAGVM DVVSNAAVKE HTDEEEPRIK DEKRAITFYG GGGGGGGGGG RIFIIVVFLL MTIVKEIRKS KKTKKPRRQE IHVNIVILIV LKFLVTIFIV IKPRQEMYLC L-PVTHEDRI SRNQDAKPPP PLEEKKSEDR DKKKRRTAAG DRRKTEACGQ HKKVTVSIIL PLMRVVAVLY EEIIR
GNM12346                        ---------- -AAASATGAM EIMADKAVLQ GENKAEENEN DRQRAIRFYG GGGGGGGGKG ARFIIVVFML MSLMEDTKKE KEKMKPKRQK IHFGILVYIV LKFLIKMMIM IMPKTEIKAM MMLLTYREST KQKNDAKPPP PVEERKAKDR DKQRRRTVAG EKRRTEDCGQ QVRVTCGIIL PWAYVVAILY EKIIP
GNM12351                        ----AEEAVA EAAAAATGAI EVMSNSAAAS GDNRSEENEN DLQAAYVFYG GGGGGGGGDG ATYIICIFVL MNVMKDRKKS KKKRKPKRQQ VHYGILMLIV LVFLTKMMIL LLPKSEIYAM SMLMTYKDVT KRRSDAKPPP PVEERVSKDR DKQRRRTVAG DKRRTDDAGQ HDRVTCGIIL PWAFVVAVIY EKLVH
GNM12356                        ---------- -IAAQAAAVM DVVSASAVKE HTDEEEQKVK DKKRKITFYG GGGGGGGGGG KIYIIVVFIL MSVVNNVRKP KKTTKPRRGK IHVNVIVLVI LKLLVLIFIV IKPRQEMFTM L-LITHEDMT KRSSEAKPPP PTEERMSEDK DKRKRRTSAC EERKTEACGQ HQKVTVSIVL PMMHVIAVLY EEVIP
GNM12357                        ---------- -VAASGAATM DVISGSAVKE HTDEEEQKSN DEGRQITFYG GGGGGGGGAG KLYIIVIFLL MSVVTKTRKV KLTKKPRRAK IHVNVIILLV LKFLVLIFIV IKPRHEMFTI L-LITHEDMT KRNSEPKPPP PTEERSSEDK NKRKRRSAAS DERKTEACGQ HKKVTVSIVL PMMHVVAVLY EEVIK
GNM12366                        ---------- -VAAAGAATM DVISASAVKE HTDDEEPKAN DVARQITFYG GGGGGGGGKG KLYIIVIFLL MSVVGEIRKV KLTEKPKKAK IHVNIIILLI LKFLILIFIV IKPRHEMFTL L-LVTHEEMT KRTAEPKPPP PSEERSSEDK IKRKRRSAAS DERKTETCGQ HKKVTVSIVL PMMHVLAVLY EEVIR
GNM12373                        ---------- -AAASAVGAV NVIADAAVNQ GDNTAQQVES DVARAFVFYG GGGGGGGGGG GTYIVVVFLL MSIMKEEKKK KRQTKPKRQE IHVGILVLIV LILLIKVIVI ILPKEEIFVM RMLITYQDLT KRNNEAKPPP PKEQRRAAER EKQRRRTSAG GKRRTDSSGQ TKKVTCGIVL PWTYVVAVLY EEIIP
GNM12385                        ---------- -AAASATGAV NIIAESAVTA GDNQSKQAES DDTRAFTFYG GGGGGGGGDG GLYIVVVFLL MSIMKEDKKK KLQTKPKRQE IHVGVLVLII LILFTKLIVI VLPKEEIFVM RMLITYQDQT KRNNEAKPPP PREQRRAQER EKQRRRTSAG DNRRTDACGQ SKKVTCGIVL PWAYVVAVLF EEIIP
GNM12551                        -L-------- -VAAAAAAAM EIVANAVVEE GENEAEEQMR DRQRVLTFYG GGGAGGGGPA RQFIIVIFVL MGAVEGEKKG KRTEKPRRRE IYMGLLLVLV LVLLATNIIL IKPRREVYTM EVPLEHRRNI RRSSEPKPPP PEEERLSPDR IRKRRRIGAG DKRRVYQCGS YERMTAGIIL VIPYVLAALY HEIVP
GNM12554                        ---------- -AAASAIGAV SVIADAAVTH GDNQAKQAES DNARAFTFFG GGGGGGGGGG GIYIIVVFLL MSIMKEARKK KIQQKAKRQE VHAGILVLII LILFVKLIVV ILPKEEIFAM RMLMTYQDLT KRNNEAKPPP PKEQRRAQEH EKQRRRTSAG DKRRTEACGQ SKKVTCGIVM PWAYVVAVLY EEIVP
GNM12592                        ---------- -AAASAMGAV DVVSDSAVAD GDNRPEDNEN DRQRAFVFYG GGGGGGGGRG GVFIICIFLL MSVVKDQKKD KNQRKPKHRE VHFGILVLMV LVLLAKMMIL ILPKNEIYAM LMLLTYKVLT KRKSDAKSPP PVEERTSGDR DKQRRRTAAG GKRRTEESGQ QTRVTCGIIL PWAYVVAVLY EKIVP
GNM12596                        ----ARPAAP AVAAAATGAI EVMSNSSAAS GDNRAEENEN DKNAAYVFYG GGGGGGGGSG AVYIICVFVL MNIMEEKKKS KRKNKPKRQQ VHYGILMLLV LVFLTKMMIL VLPKSEIYAM SMLLTYKEVV KRRADAKPPP PVEERVSKDR DKQRRRTVAG GKRRTDASGQ HERVTCGIIL PWAFVVAVIY ENLIQ
GNM12602                        ----PKKAAP TVAAAATGAI EVMSNSSAAS GDNRAEENEN DRNAAYVFYG GGGGGGGGNG AVYIICVFVL MNIMEETRKN KTKAKPKRQQ VHFGILMLLV LIFLTKMMIL TLPKSEIYAM SMLLTYKEVV KRKADAKPPP PVEERVSKDR DKQRRRTVAG GKRRTDASGQ HERVTCGIIL PWAFVVAVIY ENLIQ
GNM12665                        ----AKPAAP AVAAAATGAI EVMSNSSAAS GDNRAEENEN DKNAAYVFYG GGGGGGGGNG AVYIICVFVL MNIMEEKKKN KRKTKPKRQQ VHYGILMLLV LIFLTKMMIL VLPKSEIYAM SMLITYKEVI KRKADAKPPP PVEERVSKDR DKQRRRTVAG GKRRTDASGQ HERVTCGIIL PWAFVVAVIY EHLIQ
GNM12745                        ----ESELIE SVAAAAIAVM EIIMSSAVEN GTNKSEEQEN DNKRAICFYG GGGGGGGGDG GTFIVIVFLI MSVMTEEKKE KSYNKPRRRK TKLGIVIIIV LQLLVLVMVL IQPRHEIYTM R-PITQADTI KRVAEPKPPP PTQARKSDDR KKMKRRRSVG ERAVTEKCGQ YERVTVGIVL PMMFVVVVLY EELIP
GNM12749                        ---------- -AAASATGAI NIIADGAVGH GDNQARQIES DTARAFVFYG GGGGGGGGGG GVYIIVVFLL MSIMHEERKK KTQTKPKRQE VHVGILVLLV LILLVKLIVV VLPKEEIFVM RMLLTYTDVT KRNSEAKPPP PQEQRRSDER DKQRRRTVAG GKRRTDASGQ SKRVTCGLVL PWAYVVAVLH EDIVP
GNM12758                        ----DELIVE EVAAAATAVM EIIMASAVEK GKNQAEEQEN DKVRAVTFYG GGGGGGGGDG GTFIVVVFLI MTVMKEEKKE KEYNKPRRKE TKLGIIIIVV LQLLVLMMVL IQPRHEIYTM R-PMTHADTV KRVAEPKPPP PVQARRSDDR RRMKRRRSAG DRAVTEKCGQ YERVTVGIVL PMMFVVVVLY EELIP
GNM12763                        ---------- -VAAAATAVM EIIMAAAVEE GINNAEEQEN DRARAISFYG GGGGGGGGGG GTFIIVIFLI MGIMKDKKKE KKHKKPRRKE TKLSIIILII LQLLVLLLIL IQPRHEIYAM E-PLTHRDTT RRVSEPKPPP PKEVRKSEDR KRMRRRRAAG GRTLTERCGQ YTKVTAGIVL PMMFVVAVLF EELIP
GNM12766                        ---------- -IAAAAAAVM NVVSNAAVKE HTDEEEPRVK DTERKVTFYG GGGGGGGGKG KLYIIVVFLL MAIVKNIRKA KKTKKPRRET IHISIIILIV LKFLVLIFIV IKPRQEMYMM L-LVTHEERT KRDTEPKPPP PVEEKKSEDK RKKKRRTSAA DERKTEECGQ HKKVTVSIVL PMMFVIAVLY EDIIP
GNM12841                        ----AGDVEE PAAASATGAI DIIAESAVSD GTNTAEEAED DEHRGFVFYG GGGGGGGGGG GTFIVVIFLV MTLVEEEHKS KYQEKPKRQE IHLGLLIIVI LVFLTMMMIL VLPKDEIKTM QMLITYKENV KDENDAKPPP PEEERQSDDR DKQRRRTAAG ERRKTDENGQ HSKVTAGIIL PWAVVVAVLF EEIDP
GNM12849                        ----EEEIKM K-AANCTTAA EIVHDSVVRE HKSDDDESQN PDKQAFFFFG GGGGGGGGKG KHFIIIIVLL MWLMVKEKAK KKRTKNRRSA TRYNIMLLII IKLLLTMIVL LMVRNTLHMA LMMLTAEEGA SKKSSPPPPP HKEEDNSAKR DRRRRRRAAD EMAKTDAAGQ MERVTVSIIF PTSIIIVVLY VHIAI
GNM12869                        ----EEEIKM K-AANCTTAA EIVHESVVRE HKSDDDESQN PDKQAFFFFG GGGGGGGGGG KHFIIIIVLL MWLMDKEKAK KKRTKKRRSA TRYNIMLLII IGLLLTTIVL MMVRNTLHMA LMMLTADEGA SKKSSPPPPP HKEEENSEKR ARRRRRRAAD EMAKTDAAGQ MERVTVSIIF PTSIIIVVLY VHISR
GNM12896                        ----EEKLEI L-AAACTVAA EIVHESVVRE GVEKDDEQQN PDNTVFFFFG GGGGGGGGGG KHFIIVIVLL MWLMEKEKKK KKRTKKRRSA TRYSTMLLII IPLLLTTIVL LMIRNTLHMV LMMMTADDGG SQKQSPPPPP QRAEEKSTKR SRRRRRRASD ELSKTDEAGQ MERVTVSIIF PTSIIIVVLY VHISR
GNM12897                        ----EEKIEI L-AAACTVAA EIVHESVVRE EVEKDDEQQN PDNTAFFFFG GGGGGGGGGG KHFIIVIVLL MWLMEKEKKK KKRTKKRKSA TRYSTMLLII IQLLLTTIVL FMVRNTLHMV LMMMTADDGG SQKQSPPPPP QRAEEKSVKR SRRRRRRASD ELSKTDEAGQ MERVTVSIIF PTSIIIVVLY VHISR
GNM12902                        ---------- -YAALSSGAL DMISDAVVRD GTNEEEEKLS DRNKSIAYFG GGGGGGGNAG HEFIIVIFLI ITLAKEEKKD KKSKKSKKQE RYINIIVMMV NKLLILYLII IPPRKNIYLM L-TLTNEEKT TRTLEPKPPP PREQNKGNSK ERNKRRSAAG NRRRTDESGQ NYRVTVGIIL PW-FVVAVLY EEI-K
GNM12903                        ---------- -LAYAAAMVA ELVAEAAVEE DIFNEEKLEN DK-QVYFFYG GGGGGGGGGS KHLIIII-LL MVIVYEK-KS KKETKARKKR VK--VIIII- LLLMILLRIV IKSRYELY-S M-PISREEIV ARANDPYPPP DQAEK-SEKK RRRRRRSAAA T-RKT-TITQ FRRVTFIIVY PV-VVIVIMF -YY-P
GNM12906                        ---------- -LAYAAAMVA ELVAEAAVEE DIFNEEKLEN DKEQVYFFYG GGGGGGGGGS KHLIIIIILL TAIVYEKKKS KKETKARKKR VKKNVIIVIL LLLMILLRIV IKSRYELYWS MLPISREEIV ARANDPYPPP DQAEKKSEKK RRRRRRSAAA SKRKTEAITQ FRRVTFIIVY PVPVVIVIMF YYYVP
GNM12907                        ---------- -LAYAAAMVT ELVAEAAVEE DIFSEEKLEN DKEQVYFFYG GGGGGGGGGS KHLIIIIILL MVIVYEKKKA KKENKARRKR VKKNVIIVIL LLLLILLRIV IKSRYELYWS MLPVSREEIV ARANDPYPPP DRAEKKSEKK RRRRRRSAAA TKKKTEAITQ FRRVTFIIVY PVPVVIVIMF YYYVP
GNM12909                        ---------- -LAYAAAMVA ELVAEAAVEE DIFNEEKLEN DKEQVYFFYG GGGGGGGGGS KHLIIIIILL MVIIYEKKKS KKENKARKKK VKKNVIIIIL LLLMILLRIV IKSKYELYWS MLPVSREEIV VRANDPYPPP DQAEKKSEKK RRRRRRSAAA SKRKTEVITQ FRRVTFIIVY PVPVVIVIMF YYYVP
GNM12915                        ---------- -AAANAAAAM YIVASAAVEE GINREEEKEN DQRAAISFYG GGGGGGGGGG GQFIIVIFLL MAIQKEERKR KIKRRPRRKE RKVAIIILII LLLLVLLYVL IRPRVALFML LMLMTHEDRI RRNQDAAPPP PREVRKSKDR SNKRRRTAAG DEKKTEEVGQ YKAVTVGIIL PIAYVIAVLF ENIIP
GNM10046                        ---------- -AAANAAAAM YIVANAAVEE GINREEEKEN DQRAAISFYG GGGGGGGGGG GQFIIVIFLL MAIQKEERKR KIKKRPRRKE RKVALLILII LLLLVLLYVL IRPRVALFML LMLLTHEDRI RRNQEAAPPP PREIRRSKDR SNKRRRTAAG GEKKTEEVGQ YKAVTVGIIL PIAYVIAVLF ENIIP
GNM12918                        ---------- -AAANAAAAM YIVANAAVEE GINREEEKEN DQRAAISFYG GGGGGGGGGG GQFIIVIFLL MSIQKEERKR KVKRRPRRKE RKVALIILII LLLLVLLYVL IRPRVALFML LMLMTHEDRI RRNQDAAPPP PREVRKSKDR SNKRRRTAAG DEKKTEEVGQ YKAVTVGIIL PIAYVIAVLF ENIIP
GNM12931                        ---------- -LAAAAMAVV DVIAEAAVAY GINTEEPYEN DHDRGVYYYG EGGGGGGGGG GKFIIVIFML MAIVNEESKK KKETKPRKRY IKLSIILLLI FLLLVLTRVL IVPRFEIYVM MPRLMPKEIV SRDRTAYPPP MKEEDKSPDR DYRRRRRVVA HKRKTYQASN MRVVYAAIIP VIRVVVAILF KDYVR
GNM12938                        ---------- --AASATAAT EIVASAAVAK GVNQEEAVEN DFQRGIYFYE GGGGGGGGGP GIFIIVVFLL MIIMKEERKY KKEKKPRKRQ IKAAVLVLIL FMLLVLILVL LVIKFGVYVV MVPIAHQETI KRNITAYPPP QREENISEDK DRRRRRTLAA TKKKTKESSQ FRVITAAIIS PYLIVAAILY KQYIK
GNM12996                        ---------- --AAAASAAT EIVANAAIAK GINQEENLEN DV-RAIYFYE GGGGGGGGGS GIFIIVI-FL MIIMKES-KY KKEKKPRKRQ IK--ILILV- YMLLILIMVL LLERFGVYVV K-PMAHQENI RRNITAYPPP QKEENMSEDK DRRRRRTLAA LKRKT-ESTQ FRVITAAIII PY-IVVAILY -QF-K
GNM13018                        ---------- --AAAASAAT EIVANAAIAK GINQEENLEN DVERAIYFYE GGGGGGGGGS GIFIIVIFFL MIIMKENRKY KKEKKPRKRQ IKISILILVL YMLLILIMVL LLERFGVYVV KPPMAHQENI RRNITAYPPP QKEENVSEDK DRRRRRTLAA LKRKTKESTQ FRVITAAIII PYNIVVAILY KQFIK
GNM13027                        ---------- --AAAATAAT EIVANAAVAK GMNQEESVEN DYQRAIYFYE GGGGGGGGGA GIFIIVVFLL MIIMKDEKKY KRERKPRKRQ IKMSILVLIL FMLLVLILVL LLVKFGVYVV MVPIAHQETI KRNITAYPPP FKEENTSEDK DRRRRRTLAA MKKKTRESSQ FRLVTAAIIS PYLVIVAILY KAYVK
GNM13046                        ----AEKLAI K-AANCTTAA EIVHESVVRE DVSEDDESQN PKKQAFFFFG GGGGGGGGGG KHFIIIIVLL MWLMEKEKPK KKRTKKRRNK TRYNILLLIL IKLLLTVIIL FMIRNTLHMV LMMLTAEEGA SQKSSPPPPP HKEEDNSAKR ARRRRRRAAD EMAKTDGAGQ MERVTVSIIL PTSIIIVVIY VHIAI
GNM13053                        ----PKEVVT A-AAACTAAA EIVLGAVVRE GQDEEEEQEN PKKSQVHFYG GGGGGGGGEG RDFIVVIIIL MWIMSQERKG KKKKKKRRQQ SKAFIILLVM ILLLLLVLIL IMPRNTVFAA EMMMTAAEGT VNVHSPPPPP TASEDRSEDR RRRKRRRAAA DNHKTNESSQ LEKVTAGIII PTSKVIVVVF VEYAI
GNM13074                        ---------- -AAANAAAAM YIVARAAVEE GINREEEKEN DQRAAISFYG GGGGGGGGGG GQFIIVIFLL MAIQKEERKR KIKRRPRRKE RKVALLILII LLLLVLLYVL IRPRVALFML LMLITHEDRI RRNQEAAPPP PREIRKSKDR SNKRRRTAAG EEKKTEEVGQ YKAVTVGIIL PVAYVIAVLY ENIIP
GNM10010                        ---------- -AAANAAAAM YIVARAAVEE GINREEEKEN DQKAAISFYG GGGGGGGGGG GQFIIVIFLL MSIQKEERKR KKKRRPRRKE RKVGLLILII LLLLVLLYVL VRPRVALFMI LMLITHEDRI RRNQEAAPPP PREVRKSKDR SSKRRRTAAG DEKKTEEVGQ YKAVTVGIIL PIAYVIAVLY ENIIP
GNM10014                        ---------- -AAANAAAAM YIVARAAVEE GINREEEKEN DQKAAISFYG GGGGGGGGGG GQFIIVIFLL MSIQKEERKR KKKKRPRRKE RKVGLLILII LQLLVLLYVL IRPRVALFML LMLITHEDRT RRNQEAAPPP PKEVRKSKDR SNKRRRTAAG DEKKTEEVGQ YRSVTVGIIL PIAYVIAVLF ENIIP
GNM13090                        ---------- -AAANAAAAM YIVARAAVEE GINREEEKEN DQKAAISFYG GGGGGGGGGG GQFIIVIFLL MAIQKEERKR KIKRRPRRKE RKVGILILII LLLLVLLYVL VRPRVALFMI LMLITHEDRI RRNQEAAPPP PKEVRRSKDR SNKRRRTAAG DEKKTEEVGQ YKSVTVGIIL PVAYVIAVLY ENIIP
GNM13118                        ---------- --AAAAAAAM DIIAAHAVQT HVNEQEEFEN DE-RVITFYN GGGGGGGGGG KHFIIVI-LL MVVMREL-KV KKKRKPRRKQ VK--IVLIF- LLLLMLILVI IRPRYGVYMA M-LLARAQNI ANNRDAPQPP PKVER-SPNK DVKRRRTGAA A-RKT-ESSQ LERVTAVIIM PV-IVVVVLY -EY-K
GNM13126                        ---------- -YAAAASGAL DTVSQAVVVV NTNDEEDKLT DKNRSFYYFG GGGGGGGGGG RTYIIVIFLI ITLIKESRKE KETKKPKKSE KYVAIIVMMI TKVLILFLII IKPRKNVYLM L-VLTSQVKT SNDLEPKPPP PKEQNKSKCQ IRNKRRSGAG ERRRTEESGQ NTKMTVGIVL PW-FVVAVLY EEL-N
GNM13128                        ---------- -YAAAASGAL DTVSDAVVVV KTNEEEDKLT DKNRSFYYFG GGGGGGGGAG RTYIIVIFLI ITLIKESRKE KSTKKPKKSE KYVAIIVMMV TKLLILFLII IRPRKNVYLM L-VLTSQSKT SKDLEPKPPP PKEQNKSKYQ LRNKRRSGAG ERRRTEESGQ NVKMTVGIVL PW-FVVAVLY EEL-N
GNM13208                        ---------- -AALAAAAVA EVVAEAAVED YIFQEEKLEN DKQQVFFFYG GGGGGGGGGS KHMIIILILL TVIIYDKKKA KKRAKARKKK VKVNIIILVL LLLMILLRIV IRAKYEVYWS MLPVSREEVV ARVNDPYPPP DKAERKSDKK RRRRRRSSAA NRKKTDSSTQ FRAVTFIIVF PIAAIVVIMF YNYVP
GNM13210                        ---------- -IAAAAMMVV DIVADAAVAH GINTEEPFEN DRSRAVYFYG EGGGGGGGGG GRFIIVIFLL MGIVNEESKK KKETKPRKRY IKLGIIILVL FLLLILTRVL IVPRFEIYLV MPPLTPKEVV SKDRTAYPPP PKEEDKSMDK DYRRRRRVVA GKTRTYQAGN MRLIHAAIIL VIRVVVALLF KEYVK
GNM12773                        ----PSEIEK KVAAAAAGAM EVVADAAVQK GTNVEEESEN DNTQVIFFYG GGGGGGGGKG GHFIIVIFLL MWIVKPNRKE KIRQKSRRFK VRIAIVILII LQLFILLLIL ILPRSMFYTV EMPLAHEDTV ENVSSAPPPP PQQERKSEDK KRHRRRRAAA DKRKTEECTQ YKKMTVGIIF PISEVIVVLF VDLIP
GNM12769                        ---------- -VAAAAAAAL EIIADGAVSK KKDSEEAMEN DKKRVPSFYG GGGGGGGGGG RSFIIVVFLL MWIMQESKKQ KKK-KPRKKE IKSGIIILLI LQLFILLMVV LLPRSALFTL KMPITHGENV ENITSPPPPP ADQERNSEDR KKRQRRTVTA DKRKTDEVTQ YITLTVSIIF PISVVVVVLF HDLIP
GNM12768                        A--------- -IAAMAAMAF EGLQRATVR- DEDDEKEEKE -LESA-SFIA RGGK-GGGGG RTTIIIIFLL MRVVSK-KTA R-KQSGRQQR KLKLCIILIP LALIATGVV- -K-KNGVFEV LLYLRSKHET AQRHNAPPPP T-RQHESKRD DRTNIRGLAA EDRRKLA-GG KYWVVISIV- VIGTVIAVLY VHIIK



    1    1    2    1    1    1    1    1    1    1    1    1    1    1    1
    1    1    1    1    1    1    1    1    1    1    1    1    1    1    1
    1    1    1    1    1    1    1    1    1    1    1    1    1    1    1
    1    1    1    1    1    1    1    1    1    1    2    2    1    1    1
    1    1    1    1    1    1    1    1    1    1    1    1    1    1    1
    1    1    1    1    1    1    1    1    1    1    1    1    1    1    1
    1    1    1    1    1    1    1    1    1    1    1    1    1    1    1
    1    1    1    1    1    1    1    1    1    1    1    1    1    1    1
    1    1    1    1    1    1    1    1    1    1    1    1    1    1    1
    1    1    1    1    1    1    1    1    1    1    1    1    1    1    1
    1    1    1    1    1    1    1    1    1    1    1    1    1    1    1
    1    1    1    1    1    1    1    1    1    1    1    1    1    1    1
    1    1    1    1    1    1    1    1    1    1    1    1    1    1    1


AAML (in paml version 4.9h, March 2018)  tmp0023.txt
Model: Empirical,  (../wag.dat) dGamma (ncatG=4) ns = 149  ls = 198


Frequencies..
                                    A      R      N      D      C      Q      E      G      H      I      L      K      M      F      P      S      T      W      Y      V
GNM13746                       0.08649 0.05405 0.05405 0.02703 0.00000 0.03243 0.06486 0.07027 0.01081 0.06486 0.12973 0.10811 0.03784 0.02162 0.03784 0.06486 0.02703 0.00000 0.03784 0.07027
GNM13538                       0.08108 0.09189 0.03243 0.02703 0.00541 0.01081 0.07027 0.09189 0.01081 0.05946 0.12432 0.05405 0.04324 0.03243 0.04324 0.06486 0.02703 0.00000 0.04865 0.08108
GNM13876                       0.06989 0.07527 0.01613 0.01613 0.00000 0.01075 0.10215 0.08065 0.00538 0.06989 0.09140 0.09677 0.02688 0.03226 0.05914 0.04839 0.05376 0.00538 0.02688 0.11290
GNM13680                       0.08721 0.05814 0.04070 0.02326 0.00581 0.04070 0.06977 0.09884 0.01744 0.08140 0.09302 0.06977 0.04070 0.02907 0.04070 0.03488 0.06977 0.00581 0.01163 0.08140
GNM14837                       0.08854 0.09375 0.02604 0.04167 0.00521 0.01563 0.07812 0.08333 0.03125 0.08854 0.06771 0.07292 0.05729 0.03125 0.03646 0.05208 0.05208 0.00521 0.01042 0.06250
GNM14249                       0.08333 0.07812 0.03125 0.03646 0.00521 0.01563 0.08333 0.07812 0.03125 0.08333 0.06771 0.08854 0.06250 0.03125 0.03646 0.05729 0.05729 0.00521 0.01042 0.05729
GNM13928                       0.09896 0.08854 0.02083 0.04167 0.00521 0.02083 0.07292 0.08333 0.03125 0.08854 0.07812 0.07812 0.05729 0.02604 0.03646 0.05208 0.04688 0.00521 0.01042 0.05729
GNM13297                       0.08108 0.09189 0.03243 0.02703 0.00541 0.01081 0.07027 0.09189 0.01081 0.05946 0.12432 0.05405 0.04324 0.03243 0.04324 0.06486 0.02703 0.00000 0.04865 0.08108
GNM14865                       0.09845 0.06736 0.03109 0.08290 0.00000 0.02591 0.09845 0.11399 0.01554 0.07254 0.06218 0.06218 0.03109 0.03109 0.04145 0.02073 0.04145 0.00518 0.01036 0.08808
GNM13455                       0.08854 0.07812 0.03125 0.04688 0.00521 0.01563 0.07812 0.07812 0.03125 0.08333 0.07292 0.08333 0.05729 0.02604 0.03646 0.04688 0.05729 0.00521 0.01563 0.06250
GNM14938                       0.09239 0.09783 0.02174 0.01630 0.00000 0.04348 0.08696 0.07065 0.00543 0.08152 0.08696 0.07065 0.02717 0.03261 0.05978 0.03804 0.04891 0.01087 0.02174 0.08696
GNM14483                       0.12432 0.05946 0.03243 0.04324 0.00000 0.03243 0.06486 0.08649 0.00541 0.07027 0.08649 0.08649 0.01622 0.03784 0.03243 0.05946 0.06486 0.00541 0.01622 0.07568
GNM14872                       0.07027 0.06486 0.04324 0.02162 0.00541 0.04865 0.07027 0.09189 0.00541 0.07568 0.07027 0.07027 0.05405 0.03784 0.04324 0.05405 0.06486 0.00541 0.01081 0.09189
GNM13855                       0.07568 0.07027 0.05405 0.02703 0.00541 0.01622 0.07568 0.09189 0.01081 0.08108 0.11351 0.08649 0.02703 0.03243 0.04324 0.04324 0.06486 0.00541 0.01081 0.06486
GNM14445                       0.08854 0.07292 0.03646 0.02604 0.00521 0.02083 0.07812 0.08854 0.02604 0.10937 0.07292 0.08854 0.03125 0.02083 0.03646 0.05208 0.05208 0.00521 0.02083 0.06771
GNM14404                       0.09140 0.05376 0.02151 0.04301 0.00538 0.01613 0.07527 0.08602 0.00000 0.10215 0.08602 0.08602 0.04301 0.02688 0.05914 0.05914 0.03763 0.00538 0.02688 0.07527
GNM14545                       0.09140 0.05376 0.02151 0.04301 0.00538 0.01613 0.07527 0.08602 0.00000 0.10215 0.08602 0.08602 0.04301 0.02688 0.05914 0.05914 0.03763 0.00538 0.02688 0.07527
GNM14366                       0.07292 0.07812 0.02604 0.04167 0.00521 0.03125 0.06771 0.07812 0.02083 0.09896 0.07812 0.07812 0.04167 0.02604 0.04167 0.05729 0.06250 0.00521 0.02083 0.06771
GNM14252                       0.08333 0.07812 0.03125 0.03646 0.00521 0.01563 0.08333 0.07812 0.03125 0.08333 0.07292 0.08854 0.05729 0.03125 0.03646 0.05729 0.05729 0.00521 0.01042 0.05729
GNM13760                       0.10937 0.07292 0.03125 0.03646 0.00521 0.01563 0.07292 0.07812 0.03125 0.08333 0.07812 0.09375 0.05729 0.02604 0.03646 0.04688 0.04688 0.00521 0.01042 0.06250
GNM13982                       0.06771 0.06771 0.02604 0.03646 0.00521 0.01563 0.09375 0.08333 0.02604 0.08854 0.06771 0.09896 0.05208 0.02604 0.04167 0.05208 0.06250 0.00521 0.01042 0.07292
GNM13960                       0.06250 0.06250 0.03646 0.03646 0.00521 0.03125 0.08854 0.08333 0.01563 0.09896 0.05729 0.10417 0.05729 0.03646 0.03125 0.04167 0.06250 0.00521 0.01563 0.06771
GNM14633                       0.06771 0.08333 0.02604 0.03125 0.00521 0.01563 0.10937 0.08333 0.02604 0.08333 0.07292 0.08333 0.04688 0.02604 0.04167 0.03646 0.06771 0.00521 0.01563 0.07292
GNM14853                       0.06771 0.08333 0.02604 0.03125 0.00521 0.01563 0.10937 0.08333 0.02604 0.08333 0.07292 0.08333 0.04688 0.02604 0.04167 0.03646 0.06771 0.00521 0.01563 0.07292
GNM14174                       0.09845 0.06218 0.02073 0.03109 0.00518 0.03627 0.09326 0.08290 0.01554 0.09845 0.06736 0.07772 0.02591 0.05181 0.05181 0.03627 0.04663 0.00518 0.01036 0.08290
GNM14055                       0.06250 0.06771 0.03646 0.02604 0.00521 0.04167 0.09375 0.07292 0.02083 0.10937 0.07812 0.09375 0.04167 0.03125 0.04167 0.03125 0.07292 0.00521 0.01042 0.05729
GNM14748                       0.08333 0.07292 0.03125 0.04688 0.00521 0.01563 0.07812 0.07812 0.03125 0.09896 0.06771 0.08333 0.05729 0.02604 0.03125 0.06250 0.05729 0.00521 0.01042 0.05729
GNM14246                       0.08065 0.09140 0.02151 0.01075 0.00000 0.02151 0.10215 0.09140 0.01613 0.09140 0.07527 0.06452 0.02151 0.04301 0.05914 0.03763 0.04839 0.00538 0.02151 0.09677
GNM14640                       0.08065 0.06452 0.02151 0.02688 0.00000 0.03763 0.09140 0.09140 0.01075 0.07527 0.08602 0.08602 0.02151 0.02688 0.05914 0.04839 0.03763 0.00538 0.03226 0.09677
GNM14965                       0.06771 0.06771 0.04167 0.02604 0.00521 0.03125 0.07292 0.08854 0.01042 0.07292 0.10937 0.07812 0.04167 0.02604 0.04167 0.05208 0.07292 0.00521 0.02083 0.06771
GNM13677                       0.07527 0.08065 0.01613 0.01613 0.00000 0.01075 0.10215 0.08065 0.00538 0.06989 0.09140 0.09140 0.02688 0.03226 0.05914 0.04301 0.05376 0.00538 0.02688 0.11290
GNM14339                       0.07527 0.07527 0.03226 0.01613 0.00538 0.03763 0.07527 0.08065 0.00538 0.12366 0.05376 0.06452 0.02688 0.02151 0.04839 0.05914 0.06452 0.01075 0.01613 0.10753
GNM14593                       0.08065 0.08602 0.02151 0.03226 0.00000 0.01075 0.09140 0.08602 0.01075 0.09677 0.07527 0.09677 0.02688 0.02688 0.05914 0.03226 0.04839 0.00538 0.02688 0.08602
GNM13825                       0.09140 0.10753 0.02151 0.01613 0.00000 0.04301 0.08602 0.06989 0.00538 0.08602 0.07527 0.06452 0.02688 0.02688 0.05914 0.04301 0.04839 0.01075 0.02688 0.09140
GNM14768                       0.08602 0.09140 0.01613 0.02151 0.00000 0.01075 0.09677 0.08602 0.01613 0.10215 0.04839 0.08602 0.04301 0.02151 0.06989 0.03226 0.05376 0.00538 0.02688 0.08602
GNM14776                       0.08602 0.09677 0.01613 0.02151 0.00000 0.01075 0.09677 0.08602 0.01613 0.10753 0.04839 0.08065 0.04301 0.02151 0.06989 0.03226 0.05376 0.00538 0.02688 0.08065
GNM14715                       0.12973 0.07568 0.02162 0.05946 0.00000 0.03243 0.04865 0.08649 0.00541 0.05946 0.08649 0.07027 0.02703 0.02703 0.03784 0.05946 0.06486 0.00541 0.02162 0.08108
GNM14639                       0.06486 0.05946 0.03784 0.02162 0.00541 0.02162 0.08649 0.08649 0.00541 0.08108 0.10270 0.09730 0.02162 0.03243 0.04324 0.07027 0.03243 0.00541 0.02162 0.10270
GNM13795                       0.08854 0.06771 0.02604 0.04688 0.00521 0.01563 0.07292 0.07812 0.03125 0.10417 0.06771 0.08854 0.05729 0.02604 0.03125 0.06250 0.05729 0.00521 0.01042 0.05729
GNM14166                       0.06771 0.08333 0.01563 0.03646 0.00521 0.03125 0.08333 0.08333 0.02083 0.08333 0.08333 0.07812 0.04688 0.03125 0.03646 0.06250 0.05729 0.00521 0.01042 0.07812
GNM13993                       0.09730 0.05946 0.04865 0.03243 0.00541 0.03784 0.04865 0.07027 0.01081 0.08108 0.09189 0.07568 0.03243 0.03784 0.03784 0.08108 0.05405 0.00541 0.00541 0.08649
GNM14450                       0.08108 0.07568 0.03243 0.03243 0.00541 0.02703 0.07027 0.08649 0.00541 0.09189 0.07568 0.07568 0.04865 0.03243 0.03243 0.05405 0.07027 0.00541 0.03243 0.06486
GNM13515                       0.06771 0.07292 0.05208 0.03125 0.00521 0.03125 0.08333 0.07812 0.02083 0.09375 0.07812 0.08333 0.04167 0.03125 0.04167 0.04688 0.06250 0.00521 0.01042 0.06250
GNM13745                       0.07027 0.05946 0.06486 0.03784 0.01081 0.03243 0.04324 0.07027 0.00541 0.08108 0.08649 0.06486 0.03243 0.02703 0.04324 0.10811 0.05405 0.00541 0.00541 0.09730
GNM14030                       0.08242 0.07143 0.06593 0.03297 0.00000 0.00549 0.05495 0.07143 0.01099 0.08242 0.07692 0.07143 0.03297 0.02747 0.03846 0.09890 0.06044 0.00549 0.01648 0.09341
GNM14959                       0.04865 0.07568 0.03784 0.03784 0.00000 0.03784 0.07027 0.07568 0.00000 0.12973 0.07568 0.10270 0.02162 0.03784 0.05405 0.03784 0.03784 0.01081 0.03243 0.07568
GNM13413                       0.08065 0.08065 0.02688 0.04839 0.00000 0.00538 0.05914 0.08065 0.01613 0.07527 0.08602 0.08602 0.02151 0.03763 0.05376 0.02151 0.03226 0.00000 0.04839 0.13978
GNM15005                       0.06250 0.06771 0.03646 0.03646 0.00521 0.03125 0.08854 0.08333 0.01563 0.09896 0.05729 0.09896 0.05729 0.03646 0.03125 0.04688 0.05729 0.00521 0.01563 0.06771
GNM14992                       0.07292 0.06771 0.04167 0.03125 0.00521 0.02604 0.07812 0.07812 0.02083 0.09896 0.05729 0.10417 0.05208 0.03646 0.04167 0.03646 0.06250 0.00521 0.01042 0.07292
GNM14994                       0.07812 0.07292 0.01563 0.04167 0.00521 0.02083 0.07812 0.08333 0.03125 0.09896 0.07292 0.09896 0.05729 0.02604 0.03646 0.05208 0.05729 0.00521 0.01042 0.05729
GNM15013                       0.06707 0.06707 0.03659 0.04878 0.00610 0.03659 0.07317 0.07927 0.01829 0.07927 0.05488 0.08537 0.05488 0.03659 0.03049 0.05488 0.06707 0.01220 0.01829 0.07317
GNM15014                       0.06771 0.05729 0.04167 0.02604 0.00521 0.02604 0.08854 0.07812 0.02083 0.09375 0.07292 0.10937 0.04688 0.03646 0.03125 0.05208 0.06250 0.00521 0.01563 0.06250
GNM14976                       0.05729 0.06250 0.04167 0.03125 0.00521 0.02604 0.09375 0.08333 0.01563 0.09896 0.05729 0.09896 0.05729 0.03646 0.03125 0.05729 0.05729 0.00521 0.01563 0.06771
GNM14995                       0.08219 0.08219 0.02740 0.02740 0.02740 0.05479 0.05479 0.09589 0.01370 0.06849 0.05479 0.05479 0.06849 0.02740 0.04110 0.08219 0.05479 0.01370 0.00001 0.06849
GNM14999                       0.06250 0.06250 0.04167 0.02604 0.00521 0.03646 0.08854 0.08333 0.01563 0.10417 0.06250 0.09375 0.05208 0.03646 0.03646 0.05208 0.07292 0.00521 0.01563 0.04688
GNM15018                       0.08333 0.07812 0.03125 0.03646 0.00521 0.01563 0.08333 0.07812 0.03125 0.08333 0.06771 0.08854 0.06250 0.03125 0.03646 0.05729 0.05729 0.00521 0.01042 0.05729
GNM15025                       0.06771 0.05729 0.05208 0.03646 0.00521 0.03646 0.05729 0.08333 0.02604 0.08854 0.07812 0.09375 0.04688 0.02604 0.04167 0.03646 0.06250 0.00521 0.01563 0.08333
GNM14980                       0.08333 0.07812 0.03125 0.03646 0.00521 0.01563 0.08333 0.07812 0.03125 0.08333 0.06771 0.08854 0.06250 0.03125 0.03646 0.05729 0.05729 0.00521 0.01042 0.05729
GNM15000                       0.08333 0.07812 0.03125 0.03646 0.00521 0.01563 0.08333 0.07812 0.03125 0.08333 0.06771 0.08854 0.06250 0.03125 0.03646 0.05729 0.05729 0.00521 0.01042 0.05729
GNM15026                       0.05946 0.06486 0.03784 0.03243 0.00541 0.02703 0.06486 0.08108 0.01622 0.10270 0.08649 0.09189 0.04324 0.03243 0.04865 0.06486 0.05946 0.00541 0.01622 0.05946
GNM15001                       0.08333 0.07812 0.03125 0.03646 0.00521 0.01563 0.08333 0.07812 0.03125 0.08333 0.06771 0.08854 0.06250 0.03125 0.03646 0.05729 0.05729 0.00521 0.01042 0.05729
GNM11003                       0.10811 0.05946 0.04865 0.02703 0.00000 0.03243 0.05405 0.07027 0.00541 0.11351 0.06486 0.09730 0.03243 0.04865 0.03784 0.02703 0.04865 0.00000 0.04324 0.08108
GNM11023                       0.08649 0.11351 0.03784 0.02703 0.00000 0.03784 0.04865 0.08108 0.01622 0.09730 0.06486 0.06486 0.01081 0.04324 0.04324 0.04324 0.04865 0.01081 0.02162 0.10270
GNM11055                       0.07027 0.08649 0.01081 0.03784 0.00541 0.02703 0.09730 0.09730 0.00541 0.07027 0.09189 0.08649 0.02162 0.04865 0.04324 0.03243 0.03784 0.01081 0.01622 0.10270
GNM11146                       0.09677 0.09140 0.04301 0.05376 0.00000 0.04839 0.05376 0.04301 0.00538 0.11828 0.08602 0.09677 0.01613 0.02688 0.03763 0.03226 0.03226 0.00538 0.02151 0.09140
GNM11219                       0.09140 0.10215 0.01075 0.02688 0.00538 0.01613 0.09677 0.08602 0.01613 0.08602 0.05914 0.07527 0.04839 0.02151 0.05376 0.04301 0.04839 0.00538 0.02151 0.08602
GNM11220                       0.09677 0.08602 0.02151 0.03226 0.00000 0.02151 0.05914 0.08602 0.01075 0.09677 0.10215 0.07527 0.03226 0.03763 0.06452 0.04839 0.04301 0.00538 0.02688 0.05376
GNM11222                       0.10881 0.08808 0.03109 0.03109 0.01036 0.01036 0.06218 0.08808 0.00518 0.07254 0.08808 0.05699 0.01554 0.02591 0.06218 0.04663 0.04663 0.00518 0.04145 0.10363
GNM11223                       0.08602 0.09140 0.01075 0.03226 0.00538 0.02688 0.08602 0.09140 0.01613 0.10215 0.06989 0.06452 0.03226 0.03226 0.05914 0.04301 0.04301 0.00538 0.01613 0.08602
GNM11224                       0.07527 0.08065 0.01613 0.03226 0.00538 0.02688 0.08602 0.09677 0.01613 0.10215 0.06452 0.05914 0.03226 0.03226 0.05914 0.05376 0.04301 0.00538 0.02151 0.09140
GNM11358                       0.07027 0.07027 0.05946 0.02162 0.00541 0.01622 0.08108 0.09189 0.01081 0.08649 0.10811 0.08649 0.02703 0.03243 0.04324 0.03784 0.07027 0.00541 0.01081 0.06486
GNM11360                       0.08854 0.07812 0.03125 0.04688 0.00521 0.01563 0.07812 0.07812 0.03125 0.08333 0.07292 0.08333 0.05729 0.02604 0.03646 0.04688 0.05729 0.00521 0.01563 0.06250
GNM11362                       0.10160 0.05882 0.03209 0.01604 0.00000 0.01604 0.10695 0.08556 0.01604 0.08556 0.09626 0.08556 0.02674 0.04278 0.04278 0.05348 0.04278 0.00535 0.02674 0.05882
GNM11367                       0.06771 0.06771 0.02604 0.03646 0.00521 0.01563 0.09375 0.08333 0.02604 0.08854 0.06771 0.09896 0.05208 0.02604 0.04167 0.05208 0.06250 0.00521 0.01042 0.07292
GNM11377                       0.06486 0.06486 0.04324 0.02162 0.00541 0.04865 0.07027 0.09189 0.00541 0.07568 0.07027 0.07027 0.05405 0.03784 0.04324 0.05946 0.06486 0.00541 0.01081 0.09189
GNM11380                       0.05208 0.08333 0.01563 0.03646 0.00521 0.03646 0.08333 0.08333 0.02083 0.08333 0.08333 0.07812 0.04688 0.03125 0.03646 0.06250 0.06771 0.00521 0.01042 0.07812
GNM11383                       0.07812 0.07812 0.02604 0.03125 0.00521 0.03646 0.08333 0.07812 0.02604 0.08333 0.07292 0.07812 0.04167 0.02604 0.03646 0.04167 0.07292 0.00521 0.02083 0.07812
GNM11491                       0.05181 0.10363 0.02591 0.05181 0.00518 0.02073 0.09326 0.07772 0.02073 0.08808 0.05699 0.08808 0.05699 0.03627 0.03627 0.03109 0.05699 0.00518 0.01554 0.07772
GNM11804                       0.07568 0.09189 0.01622 0.04324 0.00541 0.01622 0.10270 0.09730 0.00541 0.08649 0.08649 0.08108 0.02162 0.04865 0.04324 0.02162 0.03784 0.01081 0.02162 0.08649
GNM11805                       0.05464 0.06557 0.04918 0.03825 0.00000 0.03279 0.06557 0.09836 0.01639 0.10383 0.08743 0.08197 0.02186 0.01639 0.03279 0.06557 0.06011 0.00546 0.04372 0.06011
GNM12883                       0.08649 0.06486 0.05946 0.02162 0.00541 0.03243 0.07568 0.09189 0.01081 0.07568 0.08649 0.07568 0.04865 0.03243 0.03784 0.03243 0.05946 0.00541 0.01081 0.08649
GNM12886                       0.08649 0.06486 0.05405 0.01622 0.00541 0.03784 0.06486 0.09189 0.01622 0.08108 0.08649 0.07027 0.04324 0.03243 0.03784 0.03784 0.06486 0.00541 0.01081 0.09189
GNM13060                       0.10811 0.05405 0.04865 0.02703 0.00000 0.03243 0.07027 0.07027 0.01081 0.07027 0.12973 0.10811 0.04324 0.02162 0.03784 0.04865 0.02162 0.00000 0.03784 0.05946
GNM13061                       0.11351 0.05405 0.05405 0.03243 0.00000 0.03243 0.05405 0.08108 0.02162 0.07027 0.10811 0.09189 0.02703 0.02162 0.03784 0.04324 0.03243 0.00000 0.04865 0.07568
GNM13062                       0.12432 0.07027 0.03243 0.04865 0.00000 0.02162 0.05946 0.09189 0.00541 0.05946 0.08108 0.08108 0.01622 0.03243 0.03784 0.05405 0.07027 0.00541 0.02162 0.08649
GNM11032                       0.09140 0.08065 0.02688 0.01613 0.00538 0.03763 0.08065 0.07527 0.01075 0.12366 0.04839 0.05914 0.01613 0.02151 0.05376 0.04301 0.05914 0.01075 0.02151 0.11828
GNM11363                       0.10160 0.05882 0.03209 0.01604 0.00000 0.01604 0.10695 0.08556 0.01604 0.08556 0.09626 0.08556 0.02674 0.04278 0.04278 0.05348 0.04278 0.00535 0.02674 0.05882
GNM11375                       0.10937 0.07292 0.03125 0.03646 0.00521 0.01563 0.07292 0.07812 0.03125 0.08333 0.07812 0.09375 0.05729 0.02604 0.03646 0.04688 0.04688 0.00521 0.01042 0.06250
GNM11381                       0.06250 0.08854 0.02083 0.03125 0.00521 0.03646 0.07812 0.07812 0.01563 0.08854 0.07812 0.06771 0.04167 0.02604 0.04688 0.06250 0.07812 0.00521 0.02083 0.06771
GNM11382                       0.07292 0.07812 0.02083 0.04167 0.00521 0.03646 0.06771 0.07812 0.02083 0.10417 0.07292 0.07812 0.04167 0.03125 0.03646 0.05729 0.06771 0.00521 0.01563 0.06771
GNM11841                       0.09326 0.06218 0.03109 0.08808 0.00000 0.02591 0.09326 0.10881 0.01036 0.07254 0.06736 0.06218 0.03109 0.03109 0.04145 0.02073 0.04663 0.00518 0.01554 0.09326
GNM11931                       0.10881 0.05181 0.03627 0.06736 0.00000 0.04145 0.10363 0.10881 0.01554 0.08290 0.07254 0.06218 0.03627 0.03109 0.04663 0.01554 0.03627 0.00518 0.01036 0.06736
GNM12040                       0.08808 0.06218 0.03109 0.09326 0.00000 0.02591 0.08808 0.11917 0.02073 0.08290 0.06218 0.06218 0.02591 0.03109 0.04145 0.02073 0.04145 0.00518 0.01036 0.08808
GNM12071                       0.09326 0.06218 0.03109 0.10881 0.00000 0.03109 0.06736 0.11917 0.02073 0.08290 0.05699 0.06218 0.03627 0.03109 0.04145 0.01554 0.04145 0.00518 0.01036 0.08290
GNM12125                       0.10270 0.11351 0.02703 0.02162 0.00000 0.04324 0.05405 0.07027 0.01622 0.10270 0.06486 0.05405 0.02703 0.02703 0.03784 0.02162 0.04324 0.00000 0.04865 0.12432
GNM12126                       0.08511 0.09043 0.02128 0.02660 0.00000 0.04787 0.09043 0.07979 0.01596 0.07447 0.06383 0.09574 0.01596 0.03723 0.02660 0.03723 0.04787 0.00532 0.03191 0.10638
GNM12128                       0.11351 0.09189 0.03243 0.02703 0.00541 0.02703 0.07027 0.09189 0.01622 0.11892 0.08649 0.04865 0.01081 0.03243 0.03243 0.02162 0.03784 0.00541 0.03243 0.09730
GNM12182                       0.09730 0.07027 0.03784 0.02703 0.00000 0.02162 0.07027 0.06486 0.00541 0.10270 0.07027 0.10270 0.03784 0.03784 0.03243 0.03243 0.07027 0.00000 0.04324 0.07568
GNM12342                       0.07027 0.08649 0.01622 0.04324 0.01081 0.02162 0.08108 0.08649 0.02162 0.10270 0.05946 0.10811 0.02162 0.02703 0.04865 0.02703 0.04865 0.00000 0.01622 0.10270
GNM12346                       0.08602 0.07527 0.02151 0.03763 0.01075 0.03763 0.08065 0.09677 0.00538 0.08602 0.05376 0.11828 0.06989 0.02688 0.04301 0.01613 0.04301 0.00538 0.02688 0.05914
GNM12351                       0.10881 0.07254 0.02591 0.06218 0.01036 0.02591 0.05699 0.09326 0.01554 0.05699 0.06218 0.08808 0.04663 0.02073 0.03627 0.04663 0.04145 0.00518 0.03627 0.08808
GNM12356                       0.05946 0.05946 0.01622 0.03243 0.01081 0.02703 0.08108 0.08108 0.02703 0.08649 0.05405 0.11351 0.04324 0.02162 0.04865 0.04324 0.05946 0.00000 0.01622 0.11892
GNM12357                       0.05946 0.05946 0.02162 0.03243 0.00541 0.01622 0.08108 0.08649 0.03243 0.08108 0.07027 0.10811 0.03243 0.02703 0.04324 0.05946 0.06486 0.00000 0.01622 0.10270
GNM12366                       0.07568 0.05405 0.01081 0.03243 0.00541 0.01081 0.08649 0.08108 0.03243 0.09730 0.08108 0.10811 0.03243 0.02703 0.04865 0.04865 0.05946 0.00000 0.01622 0.09189
GNM12373                       0.08602 0.06989 0.02688 0.02688 0.00538 0.04839 0.06452 0.11290 0.00538 0.08602 0.06452 0.08602 0.02151 0.02151 0.04301 0.03226 0.05376 0.00538 0.02688 0.11290
GNM12385                       0.08602 0.06989 0.02688 0.04301 0.01075 0.05376 0.06452 0.10215 0.00538 0.08065 0.06989 0.08065 0.02151 0.03226 0.04301 0.03763 0.05914 0.00538 0.02151 0.08602
GNM12551                       0.09626 0.12299 0.02139 0.01604 0.00535 0.02139 0.10695 0.10160 0.01070 0.08021 0.08556 0.04278 0.03209 0.01604 0.06417 0.02139 0.02674 0.00000 0.03743 0.09091
GNM12554                       0.11828 0.06452 0.02151 0.02688 0.01075 0.05376 0.06452 0.10753 0.01613 0.08602 0.05914 0.08602 0.03226 0.03226 0.03763 0.03226 0.03763 0.00538 0.02151 0.08602
GNM12592                       0.08065 0.08065 0.02688 0.05914 0.01075 0.03226 0.04839 0.11290 0.01075 0.05376 0.08065 0.08065 0.03763 0.02688 0.04301 0.04301 0.03763 0.00538 0.02688 0.10215
GNM12596                       0.11399 0.07254 0.04145 0.03109 0.01036 0.02591 0.06218 0.09845 0.01036 0.05699 0.06218 0.08290 0.04145 0.02073 0.04663 0.05181 0.03109 0.00518 0.03627 0.09845
GNM12602                       0.10881 0.06736 0.04663 0.03109 0.01036 0.02591 0.06218 0.09845 0.01036 0.06218 0.06218 0.08290 0.04145 0.02591 0.04663 0.04145 0.05181 0.00518 0.03109 0.08808
GNM12665                       0.11399 0.06218 0.04145 0.03109 0.01036 0.02591 0.06218 0.09845 0.01554 0.07254 0.05699 0.09326 0.04145 0.02073 0.04663 0.04145 0.03627 0.00518 0.03627 0.08808
GNM12745                       0.05729 0.07292 0.02604 0.02604 0.01042 0.03125 0.09375 0.09375 0.00521 0.09375 0.05729 0.07812 0.04688 0.02083 0.05208 0.04688 0.05208 0.00000 0.02604 0.10937
GNM12749                       0.08065 0.08065 0.01613 0.04301 0.00538 0.04301 0.05376 0.12366 0.02151 0.06452 0.08065 0.06452 0.02151 0.02151 0.04301 0.03763 0.05376 0.00538 0.02151 0.11828
GNM12758                       0.07292 0.08333 0.01563 0.03646 0.00521 0.03125 0.09896 0.09375 0.01042 0.06771 0.05729 0.07292 0.05729 0.02083 0.05208 0.01563 0.05208 0.00000 0.02604 0.13021
GNM12763                       0.08649 0.09189 0.01622 0.02162 0.00541 0.02162 0.08649 0.10811 0.01622 0.10270 0.08108 0.08108 0.04324 0.02703 0.05405 0.02162 0.05405 0.00000 0.01622 0.06486
GNM12766                       0.07027 0.06486 0.01622 0.03243 0.00541 0.01081 0.09189 0.07027 0.02162 0.09730 0.05946 0.12973 0.03784 0.02703 0.05405 0.02703 0.05946 0.00000 0.02162 0.10270
GNM12841                       0.08290 0.04663 0.02073 0.06736 0.00000 0.03109 0.11399 0.11399 0.02073 0.07772 0.06218 0.06218 0.03109 0.03109 0.04663 0.03109 0.05699 0.00518 0.01554 0.08290
GNM12849                       0.08854 0.07292 0.03125 0.04688 0.00521 0.01563 0.06771 0.07292 0.03125 0.09375 0.07292 0.09375 0.05729 0.03125 0.03646 0.05208 0.05208 0.00521 0.01042 0.06250
GNM12869                       0.08333 0.07812 0.02604 0.04167 0.00521 0.01563 0.07812 0.08333 0.03125 0.08854 0.06771 0.08854 0.05729 0.03125 0.03646 0.05729 0.05729 0.00521 0.01042 0.05729
GNM12896                       0.05208 0.08333 0.01563 0.03646 0.00521 0.03125 0.07812 0.08854 0.02083 0.08333 0.08333 0.07812 0.04688 0.03125 0.04167 0.06250 0.06771 0.00521 0.01042 0.07812
GNM12897                       0.05729 0.07812 0.01563 0.03646 0.00521 0.03646 0.08333 0.08333 0.02083 0.08333 0.07292 0.08333 0.04688 0.03646 0.03646 0.06250 0.06250 0.00521 0.01042 0.08333
GNM12902                       0.05464 0.07104 0.06557 0.03279 0.00000 0.01639 0.08743 0.09290 0.00546 0.09836 0.08197 0.10383 0.02186 0.02186 0.04372 0.05464 0.04918 0.00546 0.03825 0.05464
GNM12903                       0.08721 0.08721 0.01744 0.02326 0.00000 0.01744 0.08140 0.06977 0.00581 0.11628 0.06977 0.09302 0.02907 0.03488 0.04070 0.04070 0.03488 0.00000 0.05814 0.09302
GNM12906                       0.09140 0.08065 0.02151 0.02151 0.00000 0.01613 0.08602 0.06452 0.00538 0.10753 0.07527 0.10753 0.02151 0.03226 0.04301 0.04301 0.02688 0.00538 0.05914 0.09140
GNM12907                       0.08602 0.08602 0.02151 0.02151 0.00000 0.01075 0.08602 0.06452 0.00538 0.10215 0.08065 0.10753 0.02151 0.03226 0.04301 0.03763 0.02688 0.00538 0.05914 0.10215
GNM12909                       0.07527 0.06989 0.02688 0.02151 0.00000 0.01613 0.08602 0.06452 0.00538 0.11290 0.07527 0.11828 0.02688 0.03226 0.04301 0.04301 0.01613 0.00538 0.05914 0.10215
GNM12915                       0.11828 0.10753 0.03226 0.02688 0.00000 0.02688 0.08065 0.09677 0.00538 0.11290 0.08602 0.06989 0.02688 0.02688 0.04301 0.02151 0.02151 0.00000 0.02688 0.06989
GNM10046                       0.11828 0.10753 0.03763 0.01613 0.00000 0.02688 0.08602 0.10215 0.00538 0.10753 0.10215 0.06989 0.02151 0.02688 0.04301 0.01613 0.02151 0.00000 0.02688 0.06452
GNM12918                       0.11290 0.10753 0.03763 0.02688 0.00000 0.02688 0.08065 0.09677 0.00538 0.10215 0.09140 0.06989 0.02688 0.02688 0.04301 0.02151 0.02151 0.00000 0.02688 0.07527
GNM12931                       0.08602 0.09677 0.02151 0.04301 0.00000 0.00538 0.06452 0.08065 0.01075 0.09140 0.06989 0.07527 0.04301 0.02688 0.05376 0.02688 0.02688 0.00000 0.06452 0.11290
GNM12938                       0.10811 0.06486 0.02162 0.01622 0.00000 0.03784 0.07027 0.08108 0.00541 0.11351 0.07568 0.09730 0.02162 0.03784 0.03784 0.03243 0.04324 0.00000 0.04324 0.09189
GNM12996                       0.10345 0.07471 0.04023 0.01724 0.00000 0.03448 0.07471 0.08046 0.00575 0.13218 0.07471 0.08621 0.03448 0.03448 0.03448 0.02874 0.03448 0.00000 0.04598 0.06322
GNM13018                       0.09730 0.07568 0.04865 0.01622 0.00000 0.03243 0.07568 0.07568 0.00541 0.13514 0.07568 0.09189 0.02703 0.03784 0.03784 0.02703 0.03243 0.00000 0.04324 0.06486
GNM13027                       0.10811 0.07027 0.02703 0.02162 0.00000 0.02703 0.06486 0.07568 0.00541 0.09730 0.08649 0.09189 0.03784 0.03784 0.03243 0.03243 0.04324 0.00000 0.04865 0.09189
GNM13046                       0.08333 0.07292 0.03125 0.03125 0.00521 0.02083 0.07292 0.08333 0.02604 0.10417 0.08333 0.09375 0.04167 0.03125 0.04167 0.04688 0.05208 0.00521 0.01042 0.06250
GNM13053                       0.09896 0.07292 0.02604 0.02604 0.00521 0.03646 0.08854 0.08854 0.01563 0.08333 0.06250 0.07812 0.03646 0.02604 0.04688 0.04688 0.04688 0.00521 0.01042 0.09896
GNM13074                       0.11828 0.11290 0.03226 0.01613 0.00000 0.02688 0.09140 0.09677 0.00538 0.10753 0.09677 0.06989 0.02151 0.02151 0.04301 0.01613 0.02151 0.00000 0.03226 0.06989
GNM10010                       0.10753 0.10753 0.02688 0.02151 0.00000 0.02688 0.08602 0.10215 0.00538 0.10215 0.09140 0.08065 0.02151 0.02151 0.04301 0.02688 0.02151 0.00000 0.03226 0.07527
GNM10014                       0.10215 0.10215 0.03226 0.02151 0.00000 0.03226 0.08602 0.10215 0.00538 0.09677 0.09140 0.08602 0.02151 0.02688 0.04301 0.02688 0.02688 0.00000 0.02688 0.06989
GNM13090                       0.10753 0.10753 0.03226 0.02151 0.00000 0.02688 0.08602 0.10215 0.00538 0.10753 0.08602 0.07527 0.02151 0.02151 0.04301 0.02151 0.02151 0.00000 0.03226 0.08065
GNM13118                       0.11047 0.08721 0.04070 0.02326 0.00000 0.03488 0.05814 0.08140 0.01744 0.08721 0.08140 0.07558 0.04070 0.02326 0.04651 0.01744 0.02907 0.00000 0.02907 0.11628
GNM13126                       0.04918 0.05464 0.04918 0.02732 0.00546 0.02732 0.07104 0.09836 0.00000 0.08197 0.07650 0.10929 0.02186 0.02732 0.04372 0.05464 0.06557 0.00546 0.03825 0.09290
GNM13128                       0.05464 0.06011 0.03825 0.02732 0.00000 0.02186 0.07104 0.09290 0.00000 0.07104 0.08743 0.11475 0.02186 0.02732 0.04372 0.06557 0.06011 0.00546 0.04372 0.09290
GNM13208                       0.11290 0.08065 0.02688 0.03763 0.00000 0.02151 0.05376 0.06452 0.00538 0.09677 0.06989 0.10753 0.02151 0.04301 0.03763 0.04301 0.02151 0.00538 0.04301 0.10753
GNM13210                       0.08065 0.08602 0.02151 0.03763 0.00000 0.00538 0.06452 0.09677 0.01075 0.09677 0.08602 0.08065 0.03226 0.03763 0.05376 0.02151 0.03763 0.00000 0.04301 0.10753
GNM12773                       0.07772 0.06736 0.02591 0.03109 0.00518 0.03627 0.08290 0.08290 0.01554 0.10363 0.06736 0.08290 0.02591 0.04663 0.05699 0.04145 0.03627 0.00518 0.01554 0.09326
GNM12769                       0.07027 0.05405 0.02162 0.04324 0.00000 0.03243 0.05946 0.08649 0.01081 0.09730 0.08649 0.10270 0.02703 0.03784 0.05946 0.05946 0.04865 0.00541 0.01081 0.08649
GNM12768                       0.10286 0.09143 0.01714 0.03429 0.00571 0.03429 0.06286 0.09714 0.02286 0.09714 0.08571 0.08571 0.01714 0.02286 0.02857 0.04000 0.05143 0.00571 0.01714 0.08000

Homogeneity statistic: X2 = 11.39691 G = 11.50048 

Average                        0.08499 0.07630 0.03062 0.03385 0.00385 0.02631 0.07816 0.08618 0.01513 0.08959 0.07680 0.08417 0.03730 0.03022 0.04330 0.04413 0.04967 0.00449 0.02329 0.08165
(Ambiguity characters are used to calculate freqs.)


# constant sites:      3 (1.52%)

TREE #  1:  ((((((((47, 146), 131), (63, 95)), 96), 97), (((133, 134), (98, 62)), (132, 135))), ((((((125, 124), 127), 126), 145), (65, 46)), 142)), (((((((((((((((((((48, (51, 22)), 53), 55), (49, 52)), (57, 60)), 54), 26), (((74, 21), (24, 23)), 43)), ((((((((59, 58), 56), 61), 120), (19, 6)), (((50, (27, 39)), (7, 5)), (88, 20))), ((10, 72), 119)), 78)), 136), (((89, 77), 18), 90)), (((121, 76), 122), 40)), (((((82, 4), 81), (75, 13)), 30), (14, 71))), 42), (87, 73)), ((((41, 45), 44), (15, 137)), ((37, 85), 12))), ((((1, 83), 84), (8, 2)), 38)), ((((35, 36), 33), (3, 31)), ((11, 34), (32, 86)))), ((((((29, 28), (147, 25)), (69, 70)), 66), ((148, 68), 149)), ((17, 16), 67))), (((((((((((112, 110), 111), 101), 109), 100), (((108, 106), 114), 105)), ((((93, 9), 94), (91, 118)), 92)), (64, 79)), ((144, 143), (80, 123))), ((((((104, 103), 102), 117), 99), ((113, 115), 116)), 107)), ((((139, 140), 141), 138), ((130, 128), 129))));   MP score: -1
lnL(ntime:295  np:296): -20498.231940      +0.000000
 150..151 151..152 152..153 153..154 154..155 155..156 156..157 157..47  157..146 156..131 155..158 158..63  158..95  154..96  153..97  152..159 159..160 160..161 161..133 161..134 160..162 162..98  162..62  159..163 163..132 163..135 151..164 164..165 165..166 166..167 167..168 168..169 169..125 169..124 168..127 167..126 166..145 165..170 170..65  170..46  164..142 150..171 171..172 172..173 173..174 174..175 175..176 176..177 177..178 178..179 179..180 180..181 181..182 182..183 183..184 184..185 185..186 186..187 187..188 188..189 189..48  189..190 190..51  190..22  188..53  187..55  186..191 191..49  191..52  185..192 192..57  192..60  184..54  183..26  182..193 193..194 194..195 195..74  195..21  194..196 196..24  196..23  193..43  181..197 197..198 198..199 199..200 200..201 201..202 202..203 203..204 204..59  204..58  203..56  202..61  201..120 200..205 205..19  205..6   199..206 206..207 207..208 208..50  208..209 209..27  209..39  207..210 210..7   210..5   206..211 211..88  211..20  198..212 212..213 213..10  213..72  212..119 197..78  180..136 179..214 214..215 215..216 216..89  216..77  215..18  214..90  178..217 217..218 218..219 219..121 219..76  218..122 217..40  177..220 220..221 221..222 222..223 223..224 224..82  224..4   223..81  222..225 225..75  225..13  221..30  220..226 226..14  226..71  176..42  175..227 227..87  227..73  174..228 228..229 229..230 230..231 231..41  231..45  230..44  229..232 232..15  232..137 228..233 233..234 234..37  234..85  233..12  173..235 235..236 236..237 237..238 238..1   238..83  237..84  236..239 239..8   239..2   235..38  172..240 240..241 241..242 242..243 243..35  243..36  242..33  241..244 244..3   244..31  240..245 245..246 246..11  246..34  245..247 247..32  247..86  171..248 248..249 249..250 250..251 251..252 252..253 253..29  253..28  252..254 254..147 254..25  251..255 255..69  255..70  250..66  249..256 256..257 257..148 257..68  256..149 248..258 258..259 259..17  259..16  258..67  150..260 260..261 261..262 262..263 263..264 264..265 265..266 266..267 267..268 268..269 269..270 270..112 270..110 269..111 268..101 267..109 266..100 265..271 271..272 272..273 273..108 273..106 272..114 271..105 264..274 274..275 275..276 276..277 277..93  277..9   276..94  275..278 278..91  278..118 274..92  263..279 279..64  279..79  262..280 280..281 281..144 281..143 280..282 282..80  282..123 261..283 283..284 284..285 285..286 286..287 287..288 288..104 288..103 287..102 286..117 285..99  284..289 289..290 290..113 290..115 289..116 283..107 260..291 291..292 292..293 293..294 294..139 294..140 293..141 292..138 291..295 295..296 296..130 296..128 295..129
 0.062667 0.214225 0.005569 0.017739 0.045796 0.342282 0.083714 0.078588 0.046507 0.100824 0.087232 0.394912 0.248501 0.351164 0.260731 0.223825 0.020506 0.133392 0.000000 0.010738 0.048292 0.122251 0.066998 0.015793 0.076738 0.070197 0.068236 0.278428 0.127671 0.116329 0.008833 0.009538 0.015876 0.008857 0.026519 0.033370 0.143143 0.021345 0.446451 0.236571 0.363000 0.105635 0.039111 0.240085 0.014805 0.022244 0.073237 0.047629 0.343099 0.036970 0.041300 0.000000 0.033584 0.054384 0.000000 0.007246 0.085667 0.000000 0.049929 0.013058 0.015475 0.000000 0.017772 0.007010 0.022437 0.058869 0.024186 0.047474 0.043068 0.044161 0.087254 0.063988 0.158219 0.076961 0.009121 0.035834 0.035880 0.000000 0.000000 0.044526 0.000000 0.000000 0.113873 0.009761 0.044842 0.002064 0.020755 0.004254 0.004254 0.000000 0.000000 0.000000 0.000000 0.000000 0.000000 0.008675 0.000000 0.004261 0.000000 0.017820 0.014775 0.046768 0.044599 0.024007 0.000000 0.012767 0.000000 0.036031 0.031301 0.023871 0.000000 0.000000 0.016078 0.018420 0.000000 0.000000 0.024334 0.213839 0.083866 0.102799 0.016465 0.036247 0.025887 0.044729 0.037922 0.032627 0.095254 0.000000 0.008705 0.008757 0.000000 0.017258 0.013416 0.041917 0.072220 0.074161 0.019074 0.028855 0.012528 0.011396 0.072359 0.098972 0.004602 0.000000 0.099738 0.121583 0.018474 0.010386 0.209137 0.162965 0.000000 0.000000 0.073239 0.023383 0.430686 0.051260 0.169810 0.085015 0.203860 0.078328 0.115825 0.117153 0.279120 0.035375 0.058447 0.018846 0.048267 0.074173 0.097121 0.597342 0.157015 0.034809 0.051624 0.242390 0.271356 0.000000 0.000000 0.322009 0.146496 0.100230 0.000000 0.118990 0.000000 0.009463 0.090948 0.215795 0.006048 0.003581 0.125107 0.222782 0.044864 0.025672 0.167105 0.076226 0.130595 0.076198 0.020779 0.047992 0.104874 0.061153 0.076987 0.112534 0.093269 0.103985 0.067752 0.087463 0.139978 0.006407 0.028638 0.397911 0.077158 0.000000 0.337199 0.284051 1.697721 0.101335 0.251684 0.000000 0.000000 0.220054 0.123302 0.032130 0.070079 0.106655 0.129542 0.000000 0.071875 0.045949 0.154932 0.112412 0.007233 0.015073 0.025836 0.041091 0.061853 0.140362 0.224274 0.244815 0.000000 0.053197 0.086417 0.094871 0.134669 0.092027 0.296567 0.000000 0.029483 0.030625 0.009034 0.048640 0.041087 0.029482 0.033589 0.084318 0.078716 0.281574 0.087222 0.064751 0.346376 0.208566 0.021251 0.047311 0.051380 0.144732 0.125853 0.021028 0.026411 0.220851 0.081435 0.104733 0.118745 0.111665 0.032224 0.090611 0.088617 0.092939 0.207693 0.164303 0.125777 0.050363 0.095884 0.509758 0.283473 0.011433 0.020687 0.011023 0.007861 0.040763 0.023321 0.011576 0.004309 0.014299 0.009467 0.009569 0.020349 1.434702
