
Printing out site pattern counts


       151         75  P

GNM13746                        AAAAAAAAAA DDDEEEEEEF GGGGIIIIII KKKKKKKKKK KKKKLLLLLM NNNNNQRSST TVVVVVVVVV VVYYY
GNM13538                        AAAAAEPSTV DETEEEKMQF EGGIIIIILY AKKKKKKKKK KRTVFILLLM NNRSTSTSSD VFIKRTVVVV VVLYY
GNM13671                        AAAAAEISTT DETEQRKIEF GGGRIIIVLV PDKKKKKKKK KKLILLILLL NNKSTDKISS TVVEIAIIVV VVIYY
GNM13876                        AAAAAEIKTV DETEQNKDEF NGGRIIVVLY SDKKKKKKKK SKRILLLLLL NNHSDTKVSL TVVQITIVVV VVIFY
GNM13680                        AAAAAEPKTA ADTQEEKTEF EGGAIIILLY IKEIIKKKKK KERVFLLLTQ NNKNSERTRE TFIIRTLVAA VVIFY
GNM14837                        AAAAAEPETC EDTKEEKIEF KGGKIVIILY IKKAIKKKKS NKYIFLIIAM NSPANEQTRI TFVTRTMVEV VVIFY
GNM14249                        AAAAAEPETC DDTNEDKTEF KGGKIVIILY IKNAIKKKKS NKYIFLIIAM NSPASEQTRR TFVTRTMVEV VVIFY
GNM13928                        AAAAAEPETC EDTKEEKKEF KGGKIVIILY IKKSIKKKKS NNYIFLIIAM NSSANEQTRI TFVTRTMVEV VVIFY
GNM13297                        AAAAAEPSTV DETEEEKMQF EGGIIIIILY AKKKKKKKKK KRTVFILLLM NNRSTSTSSD VFIKRTVVVV VVLYY
GNM14865                        AAAESDPSTQ HETEESREDF DGGHVMIIVL MKKKEKKKKD FTKVLRLIQQ NNSNTDRSQI TMVSVAVVVV VVITY
GNM13455                        AAAAAEPETC DDTDEQKIEF NGGKIVIILY IKSILKKKKS NKYIFLIIAM NSPASDQTRR TFVARTMVQA VVIFY
GNM14483                        AAAAAEPLTC DETEERKAEF EGGRIILLLY VRAARKKKKK KKKVLLLLEQ NNPDSQRTAD TFFTRTLVVV VVLFY
GNM14872                        AAAAAEPKTS ANTREEKSEF EGGAIIIILY IKEILKKKKH KEQVFLLLAQ NNHNSQKTRE TFMIRTLVTA IVMFY
GNM13855                        AAASAEPRTS HQTKEKNSEF EGGEIIIILY IKEVLKKKKK KDRVFILLFI NNGNTQKTRN TFMINTLVAI MVIIY
GNM14445                        AAAAAEPSTV EDTEEDKAQF DGGRIIIVLY LRSRLKKKKG RDSVLLILAL NNRDRKRSTD TFVMKTLVVV VVMYY
GNM14404                        AAAAAEPAST GDTEEKREEF SGGYIVIILI HKDRLKKKTN RKKTLLILIL RNMTSDRISM TMVIIAMVVV VVAYY
GNM14545                        AAAAAEPAST GDTEEKREEF SGGYIVIILI HKDRLKKKTN RKKTLLILIL RNMTSDRISM TMVIIAMVVV VVAYY
GNM14366                        AAAASEPETC DDTKEEKIDF EGGRIIIILY IKDKIKKKRE KDSIFLIIAL NANANMKTRT TFITRTMIEA VVIFY
GNM14252                        AAAAAEPETC DDTNEDKTEF KGGKIVIILY IKNAIKKKKS SKYIFLIIAM NSPASEQTRR TFVTRTMVEV VVIFY
GNM13760                        AAAAAEPETC EDTKEEKTEF NGGKIVIILY IKNALKKKKS NNYIFLIIAM NSPASEQTRR TFVARTMVQV VVIFY
GNM13982                        AAAAAEPTTC EDTQEEKLEF NGGRIVIILY VKKALKKKKE NGYILLIIAL DSPATQKNRK TYVTRTMVEV VVLFY
GNM13960                        AAAASEPETC EDTNEDKIEF EGGNIVIILY IKTKLKKKKT TKYIFLIIAL NKLETAETRK TFITRTMVQA VVIFY
GNM14633                        AAAAAEPNTC EDTKEEKVEF NGGRIVIILY IKTKLKKKKE NDYVFLIVAL DQPATEKNRK TFVTRTMIEA VVLFY
GNM14853                        AAAAAEPNTC EDTKEEKVEF NGGRIVIILY IKTKLKKKKE NDYVFLIVAL DQPATEKNRK TFVTRTMIEA VVLFY
GNM14174                        AAAAAEPKTI NDTEEKKDEF EGGYVVIVVL PARKFKKKKK KEQMLLLLLM TNSLGDKISV VSVQIAIIVV VVIFY
GNM14055                        AAAASEPETC TDTEEEKTDF HGGNIVIILY LKSSLKKKKK NKYIFLIIAL NAIETMQTRN TFITRTMVEA VVIFY
GNM14748                        AAAAAEPETC EDTNEEKIEF KGGKIIIILY IKKAVKKKKS NKYIFLIIAM NNPAKEQTRL TFVTRTMVEV VVIFY
GNM14246                        AAAAAEPHTV NDTEEQKEEF EGGYILIVVV SLKRLKKKKI NRKMLLLLAM NNKRTDKIVA VSVEIAIIVV VVIFY
GNM14640                        AAAAAEPHTV DDTEERKDEF EGGYVLITVV PVKKLKKKKR TVRMLLLLTI NNARTDKIVV ISVEITVVVV VVVFY
GNM14965                        AAAAAEPATI DDSKEASQQF EGGKIIIILY IKDKIKKKMQ GERIFLILLL NNKNTHKTRH TFLSRALVVV VVIIY
GNM13677                        AAAAAEVKTV DETEQNKDEF NGGRIIVVLY SDKKKKKKKK SKRILLLLLL NNHSDMKVSL TVVQITIVVV VVIFY
GNM14339                        AAAAAELATT DDTEQQRDEF EGGRIIIVIV PDRKKKKKKN RKRVLILLLL NNRATDKTSI TVVSIAVVVV VVIYY
GNM14593                        AAAAAEVATT DETEQRKVEF GGGKVIIVLV PKKKKKKKKR KKLILLILMM NNDSTDKISL TVVEIAIVVV VVIYY
GNM13825                        AAAAAEIRTT RDTEQRKEEF GGGAVIIVLV PDKKVKKKKE RKRRLLLLLL NNASTDKVTL TIVQIAIVVV VVIYY
GNM14768                        AAAAAEISTT DDTEQREEEF GGGRVIIVLV PDKKKKKKKR KKRILLLLML NNASTDKVAL TVVEIAIVVV VVIYY
GNM14776                        AAAAAEISTT DDTEQREEEF GGGRVIIVLV PDKKKKKKKR KKRILLLLML NNASTDKVAL TVVEIAIVVV VVIYY
GNM14715                        AAAAVEPTTC EETQESKDEF EGGRIILILY TRSAKKKKKR RERVLLLMSQ NNTDTQRTAD TFVARTLVVV VVVFY
GNM14639                        AAAAASPSTT NDCEEEKDSF NGGYIIIILH KKKKKKKKTK RKEVLLLILL NNRMNKRSTS ISVTITIVVV VVIYY
GNM13795                        AAAAAEPETC EDTNEEKIEF KGGKIIIILY IKKAVKKKKS NKYIFLIIAM NNPAKEQTRL TFVTRTMVQV VVIFY
GNM14166                        AAAAAEPQTC KDTTEEKVQF KGGKIVIILY IKGVLKKKRE NDYIFLIICL NSPATKKTRE IFILRTMVEP VVLFY
GNM13993                        AAAAAEPDTV SDTSEQKKEF EGGRIIIILY INAKIKKKKD KKQVFLLLTR NNNDTTTTLE TFLIQTVVVV VVIFY
GNM14450                        AAAAAEPKTV HDTKEEKDEF NGGNILILLY IKTKMKKKKN KNYMFLMLAI NNYADSKTRN TLVIRTLVVV VVIFY
GNM13515                        AAAASEPDTV DDTKEEKIEF NGGRIVVILY IKQIIKKKKE NNYIFLIIAL EQPASRKTRK TFITRTMVEA VVLFY
GNM13745                        AAAAAEPSTV KDTSEQKKNF EGGKIIIILY IKSKLKKKKD KKQILLLLAS NNNDNTTNLD TFLIRSVIVV VVIYY
GNM14030                        AAAAAEPETV KDTXEQKKEF EGGXIIVVLY IHSKXKKKKE KKQVFLLLSS NNNDNTTTLP TFLINTVIVV VVIFY
GNM14959                        AALYAEFATT PDTEEDREEI NGGRIAIMLV MKKRVKKKKN RKTLLTILLL NNKRSEKSYR TLVKISLVVV VVIYY
GNM13413                        AAAAADPAST DDTEERQEQF NGGRVIIVIV AKEKIKKKTD KKRQLLLLLL RNTSSEKSSI TLVEIALVVV VVIYF
GNM15005                        AAAASEPETC EDTNEDKIEF EGGNIVIILY IKAKLKKKKT TKYIFLIIAL NKLETAETRK TFITRTMVQA VVIFY
GNM14994                        AAAAAEPETC EDTKEEKIEF NGGKIIIILY IKKAVKKKKS SKYIFLIIAM NNPAKEQTRL TFVTRTMVQV VVIFY
GNM15013                        AAAAA--E-- EDTN-DKI-- EGG-I---L- I-AK-KKK-T -KY-FL-IS- N-L-TAETRK T-ITR-MVQA VV-FY
GNM15014                        AAAAAEPETC ENTNENKIEF EGGNIVIILY IKAKLKKKKT TKYIFLIIAL NKLESTETRK TFITRTMVEA VVIFY
GNM14976                        AAAAAEPETC EDTNEDKIEF EGGNIVIILY IKTKLKKKKT TKYIFLIISL NKLETAETRR TFITRTMVQA VVIFY
GNM15017                        AAAAAEPKTC DDTKEEKIQF NGGNIVIILF IKDKLKKKKT ANYIFLILAL NKPEKEQSRK TFIVRTVVQV AVIFY
GNM14999                        AAAAAEPETC EDTNEDKIEF EGGNIVIILY IKGKLKKKKT TKYIFLIIAL NRLESAETRK TFITRTMVQV VVIFY
GNM15018                        AAAAAEPETC DDTNEDKTEF KGGKIVIILY IKNAIKKKKS NKYIFLIIAM NSPASEQTRR TFVTRTMVEV VVIFY
GNM15025                        AAAAAEPETC EDTKEENIQF EGGNIVIILY VKSKLKKKRT TKYIFLIIAL NKTESAETRK TFITRTMVKP IVIFY
GNM14980                        AAAAAEPETC DDTNEDKTEF KGGKIVIILY IKNAIKKKKS NKYIFLIIAM NSPASEQTRR TFVTRTMVEV VVIFY
GNM15000                        AAAAAEPETC DDTNEDKTEF KGGKIVIILY IKNAIKKKKS NKYIFLIIAM NSPASEQTRR TFVTRTMVEV VVIFY
GNM15026                        AAAAAEPETC EDTKEEKVQF EGGNIVIILY IKNKLKKKRM TKYIFLIIAL NKSESSETRK TFITRTMVEP IVIFY
GNM15001                        AAAAAEPETC DDTNEDKTEF KGGKIVIILY IKNAIKKKKS NKYIFLIIAM NSPASEQTRR TFVTRTMVEV VVIFY
GNM11003                        AAAETDVSTV DDTEEKKVEI NGGEIIIKVL PKKKKKKKTN SKTALAILLL NNSKTEKQSR TTIKIALVVV VVIYL
GNM11023                        AAAAAEVATT RDTEERKEEF GGGRVLIVVY PKKKIKKKTE EKRVLLLLLM RNNRTDKTLR TTVQITAVVV VVIYF
GNM11055                        AALEAEFKTT DETEEKKE-A NGGCILILIL PKRKKKKKVR KEKVLLLLLE NNEARHKSEM TVIKISVVVV IVIYF
GNM11146                        AALYVEFSTT PETEEDNIEI KGGRIAIILV MKDKTKKKTS KKELLALLLL RNKRNVRTIR TIVKIALVVV VVVYY
GNM11220                        AAAAAEPKTT DDTEERRAQF EGGYIILIIL PKEKLKKKKK TKDMLLLLLL KNGSSDKVSL TVFKIAIVVV IVIYF
GNM11222                        AAAAAEPKTT DDTEERREEF KGGHVILIIL SKKEKKKRKR KKKILILLVV NNHGSDKISK VVFEITIVVV IVIVY
GNM11223                        AAAAAE-HTV DDTEERREEF GGG-IL--V- RVKK-KKKKR TRNMLLLLLL NNIRKDKIVR TSVEITIVVV VVIFY
GNM11224                        AAAAAEPHTV DDTEERREEF RGGYILIVVL RVKKLKKKKR TRDMLLILLL NNNRKDKIVR TSVEITIVVV VVIFY
GNM11225                        AAAAAEPETV HDTEERRREF GGGYILIVVL SAKKIKKKKK KKRMLLLLML NNKRTDKITI TSVEITIVVV VTIFY
GNM11358                        AAASAEPKTS HQTKEKNSEF EGGEIIIILY IKEILKKKKK KDRVFILLFI NNGNTQKTRN TFMINTLVAI MVIIY
GNM11360                        AAAAAEPETC DDTDEQKIEF NGGKIVIILY IKSILKKKKS NKYIFLIIAM NSPASDQTRR TFVARTMVQA VVIFY
GNM11362                        AAAAADPKTA HDTKEEKVEF NGGRIMIILY IKDKIKKKIK KDYIFLLLAK NDQTDSKTRD TYIIRILVVA VVIYY
GNM11367                        AAAAAEPTTC EDTQEEKLEF NGGRIVIILY VKKALKKKKE NGYILLIIAL DSPATQKNRK TYVTRTMVEV VVLFY
GNM11377                        AAAAAEPKTS ANTREEKSEF EGGAIIIILY IKEILKKKKQ KEQVFLLLAQ NNHNSQKTRD TFMIRTLVTV VVMFY
GNM11380                        AAAAAEPQTC RDTKEEKIQF KGGKIVIILY VKGMLKKKRE NDYIFLIICL NSPATKKTRE IFILRTMLEP VVLFY
GNM11383                        AAAAAEPETC DDTKEEKIDF EGGRIIVILY IKDKLKKKRD KNSVFLIIAL NQASSSKTRR TFITRTMIEA VVIFY
GNM11491                        AAAAAEPGTC RDTSEEKTEF GGGRIVIMLH IKGAIKKKKT RKYVFMVIAM NSPASEQTRN TFIIRTMVEA VVIFY
GNM11804                        AALDAEFKTT DETEEKKE-A GGGCILIKLL PKRKKKKKIR KEKILLVLLL NNKSNEKSEI TVFKISVVVV IVIYF
GNM11805                        AAGEGEPSTT DETEEKRIEF DGGSIMVYIV KKGKIKKKKR KKKVLRLILM NNKLRDKGER ITIEITILVV AVIIF
GNM12883                        AAAAAEPKTA SDTREEKDEF EGGAIIILLY IKEIIKKKKK KERVFLLLAQ NNKTSKRTRE TFIIRTLVSI AVIFY
GNM12886                        AAAAAEPKTA AETQEEKTEF EGGAIIILLY IKEMIKKKKR KERVFLLLAQ NNKNGERTRE TFIIRTLVVA VVIFY
GNM12895                        AAAAAEPKTV HDTKEEKDEF NGGNILILLY IKTKMKKKKN KNYMFLMLAI NNYADSKTRN TLVIRTLVVV VVIFY
GNM13060                        AAAAATAKTA DDDEEEEDEF GGGGIIIILV KKKKKKKKKK KKKKLLLLLL NNNNNQKSSY TVIMIVVVVV VVYYY
GNM13061                        AAAAATVKTA SDTEEEKEEF GGGGIMIILH PKSKVKKKKG KKQRLLILLM NNANNQKNIE TVVYIVVVVV VVIYF
GNM13062                        AAAAVEPSTC EETEENKDEF EGGRIILILY IRAAKKKKKR RKKVLLLLAQ NNTDSQRTAD TFVARTLVVV VVIFY
GNM13064                        AAAAAEPDTV SDTSEQKKEF EGGRIIIILY INAKIKKKKD KKQVFLLLTR NNNDTTTTLE TFLIQTVVVV VVIFY
GNM13066                        AAAASEPGTV SDTSEQKKEF EGGRIIIILY INAKIKKKKD KNQVFLLLTR NNNDTTTTLN TFLIQTVIVV VVIFY
GNM11032                        AAAAAEISTT DETEQNRAEF GGGVVVIVVV PDKKKKKKKN RKSVLLLLLL NNRSTDKTSL TVVAIAIVVV VVIYY
GNM11034                        AAAAAEVKTT RETEQRKEEF GGGAVIIVLV PKKKIKKKKE RKRRLLLLVL NNDSTDKITL TVVKIAVVVV VVVYY
GNM11363                        AAAAADPKTA HDTKEEKVEF NGGRIMIILY IKDKIKKKIK KDYIFLLLAK NDQTDSKTRD TYIIRILVVA VVIYY
GNM11375                        AAAAAEPETC EDTKEEKTEF NGGKIVIILY IKNALKKKKS NNYIFLIIAM NSPASEQTRR TFVSRTMVQV VVIFY
GNM11381                        AAAAAEPETC DDTKEEKIDF EGGRIIIILY IKDKLKKKRD KNSVFLIIAL NNASSTKTRK TFIIRTMVEA VVIFY
GNM11382                        AAAAAEPETC DDTKEEKLDF EGGRIIIILH IKDKIKKKRD KNSIFLIIAL NNKADTKTRA TFIIKTMVEA VVIFY
GNM11841                        AAAAADPSTQ DETEEDREQF DGGHVMIVVH MKQAKKKKKR FTDVLQLIQD NNGNSERSQD TMVENAVVVV VVAVY
GNM11931                        AAAVADPSTQ DDTEEDRVQF DAGYIMIIVL PKDRDKKKKD FTEVLELIQE NNPDAEKSQI TMVSIAVVVV VVITY
GNM12040                        AAAEADPSTQ DDTEENRIDF EAGYIMILIL PKDEEKKKKD FTRVLRLIQE KNDDTERSQT TMISIAVTII VVITY
GNM12071                        AAAEADPSTL DETQEERVKF DGGHVMIIII PQDREKKKKD FSQVLRLIQE NNPNTETSTI TMVDVAVVVV VVLIY
GNM12125                        AAAAAEPAST DDTEERRVQF GGGRIIIIVV PKKKIKKKTK EKRQLALLLL NNHKTDKAAR TLVEIALVVV VVIYF
GNM12126                        AAAAAEPSTT RDTEEYREYF NNGRIMIIIL PKKKIKKKTD KKKHLLLILL NNPMTEKSTR TLVKIALVVV VVIYY
GNM12128                        AALLAEFATI VDDEEQRLQL NGSSIAVIIV RKKKIKKKYN RRDTLQIACL NNKINQKELR TYIKIARVVV VVKYY
GNM12182                        AAAEDESATV DETEESKENL GGGEILIMII PKKKKKKKTE SKRSLALLVL NNARNTKQSR VVVKISIVVV VVVYF
GNM12342                        AAAAAEPKTV DKTKERSEEF DGGAIIIVIV PKKKKKKKKR EEKVLLLLLM NNQRTDKASR TVMEITIVVV VVYYF
GNM12346                        AAAAADPSTQ DETEEKRVNF NGGYILIIIF AKKKKKKKTR KKRILMLLQS TNPLTQTSEM TTIEIAVVVV VVMVY
GNM12351                        AAADADPNTQ DETVENRKEF GGGYVMIAIF MKSERKKKKR -TKIFMLIML CNTMNQTTHT TMVKTALVFV VVVLY
GNM12356                        AAAAAEPKSV DETKENNKEF DGGMVIIVVI PKDKKKKKKK EEKILLLLLL NNTKTDKAGK TMVEITILVV IIYYF
GNM12357                        AAAAAEPKSV EETKEASAEF DGGTIIIVVI PKDRKKKKRK EEKVLLLLSL NNAKTDTAGR TMIEITIIAV IVYYF
GNM12366                        AAAAAEPKSV EETKEESAEF NGGTIIIVVI PKEKKKKKRK EEKVLLLLNL NNEKTDKAGR TMIQITIVAV IVYYF
GNM12373                        AALAAEPETS EETEEAQVSF GGGHILLTIL SKSKAKKKQE NKKVFNLLML NNAVGSTSEK TMMKMAIIKI IVIVF
GNM12385                        AALEAEPATQ QETEERRAEF EGGHILLIIF MKNKKKKKKD GEKVFALLMM RSQMTDTSER TTLSMAIVQV VVIIF
GNM12551                        AAAAAEPKTT RDTEEKDEEF DGGYIMLVVV PKKKLKKKKD AETALLLLLL NNPRNLKVER TMVEIAIVVV VVIYF
GNM12554                        AALEAEPETQ DESEERRKEF DGGHILLTIF MKSKKKKKKK NKHVFALLLL HSQVTDSSER TMIKMAIVQV VVLVF
GNM12592                        AAAEADPAPE DETEEKRVDF DGGCIIIILY PKDKKKKKTR KERVLLILMM RNPNTQRTNL TTLDIVLIVV VVIVY
GNM12596                        AAADSDPETQ DETEEERKEF GGGYILISIF MKSLNKKKKR -KKVFMLIML RNKMNQATHT TMVKTALVFV LVIVY
GNM12602                        AAADSDPETQ DETEEERKEF GGGYILISIF MKSVNKKKKR -KKVFLLIML RNKMNQTTHT TMVKTALVFV LVIIY
GNM12665                        AAADSDPETQ DETEEERKEF GGGYILISIF MKAVNKKKKR -KKVFLLIML RNKMNQATHT TMVKTALVFV LVIVY
GNM12745                        AAAAAYPEST RDTQEERVEF DGGKIIIVIQ PKGKIKVKKS DKRLLLILHQ NNRNNVEVER TMFDITVVTV IVVTY
GNM12749                        AALAAEPSTQ DENEEVRTDF DGGYIVLIIY NKRKKKKKQK RPRAFMLLLI RGGMSQSSER TSIKMAIVQV VVIMF
GNM12758                        AAAASDPATA MDTEERKENF AGGKVIIVIH PKRRMKIKEK QKRVLLLLQL NNKNTDKVER TMFEVSVVVV IVVYF
GNM12763                        AAAASDPATV NDNEEAKENF SGGRIILIIH PKRKIKIKEK NKKVLLLLHL NNPDNKKMER TMFEITIVVV IVVYF
GNM12766                        AAAAAEPKSV HETKERNEEF NGGMIIIVVV PKKKKKKKKK EEKILLLLML NNERTDKASR TMMEITIVVV VVYYF
GNM12841                        AAAAADPSTQ HEREEARDEF DGGHIMITVL MKSAKKKKKE FEDVLQLIQD NNGNTDESQP TMVSVAVIVV VCVIF
GNM12849                        AAAAAEPETC EDTNEEKTEF NGGKIVIILY IKQILKKKKS NKYIFLIIAM NSPASQQTRR TFVARTMVQA VVIFY
GNM12869                        AAAAAEPETC EDTNEEKLEF NGGKIVIILY IKNSLKKKKS NKYIFLIIAM NSPASEQTRR TFVTRTMVEV VVIFY
GNM12896                        AAAAAEPQTC RDTKEEKIEF KGGKIVIILY VKGILKKKRE NDYIFLIICL NSPATKKTRE VFILRTMLEP VVLFY
GNM12897                        AAAAAEPQTC RDTKEEKVEF KGGKIVIILY VKGILKKKRE NDYIFLIICL NSPATKKTRE VFILRTMLEP VVLFY
GNM12902                        AAGEAEPATT NEAEENRAEF NGGSIMIYVI KKKKIKKKKK KKNVLRIMMM NNELTATGER MTVAITIVVV VVLIF
GNM12903                        AALEAEITTT DDTEEEKEEL NGGRIAIMLV PKKAKKKKKG KKRVLLILLL NNKRTQKSMR TLVRIAVVVV VVIYY
GNM12906                        AALEAEIATT DDTAEDRDEI NGGRIAVILL PKKARKKKKT KKQILLILVL NNKRTQKSMR TLVRITVVVV VVIYY
GNM12907                        AALEAEFATT EDTQEDKEEI NGGRIAIMLV PKKAKKKKKT RKRILLILLL NNKRTQKTMR TLVRIAVVVV VVIYY
GNM12909                        AALEAEFATT EDTQEDREEV NGGRIAIMLV PKKAKKKKKW KKRILLILLL NNKRTQKSMR TIIRITVVVV VVVYY
GNM12915                        AAAAAEPKTT DETEDRREEF NGGRIIIVIV PKKKIKKKKR KKKILILLLL NNQSTDKASR TIIEIALVVV VVIYF
GNM10046                        AAAAAEPKTT DETEERREEF NGGRIIIVVV PKKKIKKKKR KKRVLILLLL NNQSTDKASR TIVEIALVVV VVIYF
GNM12918                        AAAAAEPKTT DETEEKREEF NGGRIIIVIV PKKKIKKKKR KKKVLILLLL NNTSTDKASR TIIEIALVVV VVIYF
GNM12931                        AAAAADPAST DETEEDQLEF GGGRIIIIIV SKKKIKKKTN KKRHLVLLLL RNKNSDKSSR TLVLIALVVV VVIYF
GNM12938                        AAAETEFKTT NDTEENKEQI SGGEIIIIVL PKKKKKKKTN SKKALLLLLL NNKKTDKHSR TVVKIAMIVV VVIYF
GNM12996                        AAASDEAATT DDTEEKRVYL SGGMIIIMIL PKKKQKKRTS SKQALLLLVL NNDKTDKHSK VLVRIAIVVV VVIYF
GNM13018                        AAASDEAATT DDTEEKKVYL NGGMIIIMIL PKKKQKKKTS SKQALLLLVL NNDKTDKHSK VLVRIAIVVV VVIYF
GNM13027                        AAAEAEFKTT NDTEERRDQV NGGEIIIIIL IKKKKKKKTE SKRTLMLLLL NNAKTDKHSK TIIKIAIVVV VVIYF
GNM13046                        AAAAAEPETC ADTKEQKLEF NGGKIVIILY VKDVLKKKKD NTYIFLIIAM NQPAAKKTRA TFVTKTMVEV VVIFY
GNM13053                        AAAAAEPETV ADTEEDKAQF DGGRIIVVLY MRSKIKKKKT KDIVLLLLAM KNRDDARSTA TFVTNTLVVV VVIYY
GNM13074                        AAAAAEPKTT DETEERREEF NGGRIIIVIV MKKKIKKKKR KKKVLILILL NNQSTDKASR TVVEIALVVV VVIYY
GNM10010                        AAAAAEPRTT DETEERREEF NGGRIIIVIL MKKKIKKKKK KKKVLMLLLL NNQSTDKASR TVVEIALVVV VVIYF
GNM10014                        AAAAAEPKTT DETEERRAEF NGGRIIIVIL MKKKIKKKKR RKKVLMLLLL NNQSTDKASR TVVEVALVVV VVIYF
GNM13090                        AAAAAEPKTT DETEERREEF DGGRIIIVIV MKKKIKKKKR NKRVLMLILM NNQATDKASR TVVAIALVVV VVIYF
GNM13118                        AAAAAEPSTV DDTEERRATF NGGKIMIIVY PKKKVKKKTR EKELLLLILL NNPRSEKSAR TLVAITLVVV VVIYY
GNM13126                        AAAEAEPATT RETEEKREEL GGGSIAIIIL KKGKIKKRKD KKKSLRLIMM NNELNMKEER VAVEITVIVV VVMIF
GNM13128                        AAAEAEPATT DETEERREEL SGGSIAIVIV KKGKLKKKKK KKKSLRLILL NNELTDKEER IAVSITVIVV VVIIF
GNM13208                        AALQAEFATT DDTEEEREEI GGGRIAIVLV SKKKRKKKKS KKRLLLILLL NNGMTVKSFR TLVKIALVVV VVIIY
GNM13210                        AAAAADPAST DDTEEKQEQF NGGRVIIIVV PKKKVKKKTN KKKQLLLILM RNQGTDKASI ILVTVALVVV VVIYF
GNM12773                        AAAAAEPQTI NDTEERKQDF DGGYIVIIVL PSKKYKKKKK MKQMLLLLLM TNNLHDKISL LSVEIALVVV VVIFY
GNM12768                        AIEAAGPHTA HVQEED-VRF DK-KIYVAFV RKRKIKKKER VRAVLLY-SA RRRATQTGET TSIEQS-VVV VVRYF



    1    1    1    1    1    1    1    1    1    1    1    1    1    1    1
    1    1    1    1    1    1    1    1    1    1    1    1    1    1    1
    1    1    1    1    1    1    1    1    1    1    1    1    1    1    1
    1    1    1    1    1    1    1    1    1    1    1    1    1    1    1
    1    1    1    1    1    1    1    1    1    1    1    1    1    1    1


AAML (in paml version 4.9h, March 2018)  tmp0015.txt
Model: Empirical,  (../wag.dat) dGamma (ncatG=4) ns = 151  ls =  75


Frequencies..
                                    A      R      N      D      C      Q      E      G      H      I      L      K      M      F      P      S      T      W      Y      V
GNM13746                       0.13333 0.01333 0.06667 0.04000 0.00000 0.01333 0.08000 0.05333 0.00000 0.08000 0.06667 0.18667 0.01333 0.01333 0.00000 0.02667 0.02667 0.00000 0.04000 0.14667
GNM13538                       0.08000 0.04000 0.02667 0.02667 0.00000 0.01333 0.08000 0.02667 0.00000 0.09333 0.06667 0.16000 0.02667 0.04000 0.01333 0.06667 0.08000 0.00000 0.04000 0.12000
GNM13671                       0.08000 0.02667 0.02667 0.04000 0.00000 0.01333 0.06667 0.04000 0.00000 0.16000 0.09333 0.17333 0.00000 0.01333 0.01333 0.05333 0.06667 0.00000 0.02667 0.10667
GNM13876                       0.06667 0.02667 0.05333 0.05333 0.00000 0.02667 0.05333 0.02667 0.01333 0.09333 0.10667 0.16000 0.00000 0.02667 0.00000 0.05333 0.06667 0.00000 0.02667 0.14667
GNM13680                       0.13333 0.05333 0.04000 0.01333 0.00000 0.02667 0.12000 0.02667 0.00000 0.12000 0.08000 0.13333 0.00000 0.05333 0.01333 0.01333 0.09333 0.00000 0.02667 0.05333
GNM14837                       0.10667 0.02667 0.04000 0.01333 0.01333 0.01333 0.10667 0.02667 0.00000 0.14667 0.02667 0.14667 0.02667 0.05333 0.02667 0.02667 0.08000 0.00000 0.04000 0.08000
GNM14249                       0.10667 0.04000 0.05333 0.04000 0.01333 0.01333 0.08000 0.02667 0.00000 0.12000 0.02667 0.12000 0.02667 0.05333 0.02667 0.04000 0.09333 0.00000 0.04000 0.08000
GNM13928                       0.09333 0.02667 0.05333 0.01333 0.01333 0.01333 0.10667 0.02667 0.00000 0.13333 0.02667 0.14667 0.02667 0.05333 0.01333 0.05333 0.08000 0.00000 0.04000 0.08000
GNM13297                       0.08000 0.04000 0.02667 0.02667 0.00000 0.01333 0.08000 0.02667 0.00000 0.09333 0.06667 0.16000 0.02667 0.04000 0.01333 0.06667 0.08000 0.00000 0.04000 0.12000
GNM14865                       0.05333 0.04000 0.04000 0.06667 0.00000 0.05333 0.08000 0.02667 0.02667 0.06667 0.04000 0.10667 0.04000 0.02667 0.01333 0.08000 0.08000 0.00000 0.01333 0.14667
GNM13455                       0.12000 0.04000 0.04000 0.05333 0.01333 0.04000 0.05333 0.02667 0.00000 0.13333 0.04000 0.10667 0.02667 0.05333 0.02667 0.05333 0.06667 0.00000 0.04000 0.06667
GNM14483                       0.12000 0.08000 0.02667 0.04000 0.01333 0.02667 0.09333 0.02667 0.00000 0.02667 0.13333 0.12000 0.00000 0.05333 0.02667 0.01333 0.08000 0.00000 0.02667 0.09333
GNM14872                       0.12000 0.04000 0.05333 0.00000 0.00000 0.04000 0.10667 0.02667 0.02667 0.10667 0.08000 0.12000 0.02667 0.05333 0.01333 0.04000 0.08000 0.00000 0.02667 0.04000
GNM13855                       0.06667 0.04000 0.08000 0.01333 0.00000 0.02667 0.08000 0.04000 0.01333 0.14667 0.06667 0.13333 0.02667 0.05333 0.01333 0.04000 0.08000 0.00000 0.02667 0.05333
GNM14445                       0.09333 0.09333 0.02667 0.08000 0.00000 0.01333 0.05333 0.04000 0.00000 0.05333 0.10667 0.09333 0.02667 0.02667 0.01333 0.05333 0.06667 0.00000 0.04000 0.12000
GNM14404                       0.10667 0.06667 0.02667 0.04000 0.00000 0.00000 0.06667 0.04000 0.01333 0.12000 0.08000 0.09333 0.05333 0.01333 0.01333 0.05333 0.08000 0.00000 0.04000 0.09333
GNM14545                       0.10667 0.06667 0.02667 0.04000 0.00000 0.00000 0.06667 0.04000 0.01333 0.12000 0.08000 0.09333 0.05333 0.01333 0.01333 0.05333 0.08000 0.00000 0.04000 0.09333
GNM14366                       0.10667 0.05333 0.04000 0.06667 0.01333 0.00000 0.09333 0.02667 0.00000 0.17333 0.04000 0.12000 0.02667 0.05333 0.01333 0.02667 0.09333 0.00000 0.02667 0.02667
GNM14252                       0.10667 0.04000 0.04000 0.04000 0.01333 0.01333 0.08000 0.02667 0.00000 0.12000 0.02667 0.12000 0.02667 0.05333 0.02667 0.05333 0.09333 0.00000 0.04000 0.08000
GNM13760                       0.12000 0.04000 0.06667 0.01333 0.01333 0.02667 0.09333 0.02667 0.00000 0.10667 0.04000 0.10667 0.02667 0.05333 0.02667 0.04000 0.08000 0.00000 0.04000 0.08000
GNM13982                       0.10667 0.04000 0.04000 0.02667 0.01333 0.02667 0.09333 0.04000 0.00000 0.08000 0.09333 0.12000 0.01333 0.02667 0.02667 0.01333 0.09333 0.00000 0.05333 0.09333
GNM13960                       0.09333 0.02667 0.04000 0.02667 0.01333 0.01333 0.10667 0.02667 0.00000 0.13333 0.06667 0.13333 0.01333 0.05333 0.01333 0.01333 0.13333 0.00000 0.04000 0.05333
GNM14633                       0.10667 0.04000 0.05333 0.04000 0.01333 0.01333 0.10667 0.02667 0.00000 0.08000 0.06667 0.13333 0.01333 0.05333 0.02667 0.00000 0.09333 0.00000 0.04000 0.09333
GNM14853                       0.10667 0.04000 0.05333 0.04000 0.01333 0.01333 0.10667 0.02667 0.00000 0.08000 0.06667 0.13333 0.01333 0.05333 0.02667 0.00000 0.09333 0.00000 0.04000 0.09333
GNM14174                       0.09333 0.01333 0.02667 0.04000 0.00000 0.02667 0.08000 0.04000 0.00000 0.09333 0.09333 0.14667 0.02667 0.04000 0.02667 0.04000 0.04000 0.00000 0.02667 0.14667
GNM14055                       0.09333 0.02667 0.05333 0.02667 0.01333 0.01333 0.09333 0.02667 0.01333 0.12000 0.06667 0.10667 0.02667 0.05333 0.01333 0.04000 0.12000 0.00000 0.04000 0.05333
GNM14748                       0.10667 0.02667 0.05333 0.01333 0.01333 0.01333 0.10667 0.02667 0.00000 0.13333 0.04000 0.14667 0.02667 0.05333 0.02667 0.01333 0.08000 0.00000 0.04000 0.08000
GNM14246                       0.10667 0.04000 0.05333 0.02667 0.00000 0.01333 0.09333 0.02667 0.01333 0.10667 0.09333 0.12000 0.02667 0.02667 0.01333 0.02667 0.04000 0.00000 0.02667 0.14667
GNM14640                       0.08000 0.05333 0.02667 0.05333 0.00000 0.00000 0.08000 0.02667 0.01333 0.06667 0.08000 0.10667 0.01333 0.02667 0.02667 0.01333 0.09333 0.00000 0.02667 0.21333
GNM14965                       0.10667 0.04000 0.04000 0.04000 0.00000 0.04000 0.05333 0.04000 0.02667 0.14667 0.09333 0.12000 0.01333 0.04000 0.01333 0.04000 0.05333 0.00000 0.02667 0.06667
GNM13677                       0.06667 0.02667 0.05333 0.05333 0.00000 0.02667 0.05333 0.02667 0.01333 0.08000 0.10667 0.16000 0.01333 0.02667 0.00000 0.05333 0.05333 0.00000 0.02667 0.16000
GNM14339                       0.10667 0.08000 0.04000 0.06667 0.00000 0.02667 0.05333 0.02667 0.00000 0.10667 0.08000 0.10667 0.00000 0.01333 0.01333 0.02667 0.08000 0.00000 0.02667 0.14667
GNM14593                       0.09333 0.02667 0.02667 0.04000 0.00000 0.01333 0.06667 0.04000 0.00000 0.10667 0.08000 0.17333 0.02667 0.01333 0.01333 0.02667 0.06667 0.00000 0.02667 0.16000
GNM13825                       0.10667 0.08000 0.02667 0.04000 0.00000 0.02667 0.06667 0.04000 0.00000 0.09333 0.10667 0.12000 0.00000 0.01333 0.01333 0.01333 0.08000 0.00000 0.02667 0.14667
GNM14768                       0.10667 0.05333 0.02667 0.05333 0.00000 0.01333 0.08000 0.04000 0.00000 0.09333 0.09333 0.13333 0.01333 0.01333 0.01333 0.02667 0.06667 0.00000 0.02667 0.14667
GNM14776                       0.10667 0.05333 0.02667 0.05333 0.00000 0.01333 0.08000 0.04000 0.00000 0.09333 0.09333 0.13333 0.01333 0.01333 0.01333 0.02667 0.06667 0.00000 0.02667 0.14667
GNM14715                       0.09333 0.09333 0.02667 0.04000 0.01333 0.04000 0.09333 0.02667 0.00000 0.04000 0.08000 0.08000 0.01333 0.04000 0.01333 0.04000 0.12000 0.00000 0.02667 0.12000
GNM14639                       0.06667 0.04000 0.06667 0.02667 0.01333 0.00000 0.05333 0.02667 0.01333 0.12000 0.08000 0.16000 0.01333 0.01333 0.01333 0.08000 0.08000 0.00000 0.04000 0.09333
GNM13795                       0.10667 0.02667 0.05333 0.01333 0.01333 0.02667 0.09333 0.02667 0.00000 0.13333 0.04000 0.14667 0.02667 0.05333 0.02667 0.01333 0.08000 0.00000 0.04000 0.08000
GNM14166                       0.08000 0.04000 0.02667 0.02667 0.02667 0.02667 0.08000 0.04000 0.00000 0.12000 0.08000 0.13333 0.01333 0.05333 0.04000 0.01333 0.08000 0.00000 0.04000 0.08000
GNM13993                       0.08000 0.02667 0.05333 0.05333 0.00000 0.04000 0.06667 0.02667 0.00000 0.10667 0.08000 0.12000 0.00000 0.05333 0.01333 0.02667 0.12000 0.00000 0.02667 0.10667
GNM14450                       0.09333 0.02667 0.09333 0.04000 0.00000 0.00000 0.05333 0.02667 0.01333 0.08000 0.09333 0.14667 0.04000 0.04000 0.01333 0.01333 0.08000 0.00000 0.05333 0.09333
GNM13515                       0.09333 0.05333 0.04000 0.04000 0.00000 0.02667 0.09333 0.02667 0.00000 0.13333 0.05333 0.12000 0.01333 0.05333 0.02667 0.02667 0.08000 0.00000 0.04000 0.08000
GNM13745                       0.08000 0.01333 0.08000 0.05333 0.00000 0.02667 0.04000 0.02667 0.00000 0.12000 0.10667 0.16000 0.00000 0.02667 0.01333 0.06667 0.06667 0.00000 0.04000 0.08000
GNM14030                       0.06944 0.00000 0.06944 0.02778 0.00000 0.02778 0.08333 0.02778 0.01389 0.08333 0.08333 0.13889 0.00000 0.05556 0.02778 0.04167 0.09722 0.00000 0.02778 0.12500
GNM14959                       0.06667 0.08000 0.05333 0.02667 0.00000 0.00000 0.08000 0.02667 0.00000 0.08000 0.12000 0.13333 0.02667 0.01333 0.01333 0.04000 0.08000 0.00000 0.05333 0.10667
GNM13413                       0.10667 0.05333 0.02667 0.05333 0.00000 0.04000 0.08000 0.02667 0.00000 0.09333 0.10667 0.10667 0.00000 0.02667 0.01333 0.06667 0.06667 0.00000 0.01333 0.12000
GNM15005                       0.10667 0.02667 0.04000 0.02667 0.01333 0.01333 0.10667 0.02667 0.00000 0.13333 0.06667 0.13333 0.01333 0.05333 0.01333 0.01333 0.12000 0.00000 0.04000 0.05333
GNM14994                       0.10667 0.02667 0.04000 0.01333 0.01333 0.02667 0.09333 0.02667 0.00000 0.13333 0.04000 0.14667 0.02667 0.05333 0.02667 0.02667 0.08000 0.00000 0.04000 0.08000
GNM15013                       0.15686 0.03922 0.03922 0.03922 0.00000 0.01961 0.07843 0.03922 0.00000 0.09804 0.05882 0.13725 0.01961 0.03922 0.00000 0.01961 0.11765 0.00000 0.03922 0.05882
GNM15014                       0.10667 0.02667 0.06667 0.00000 0.01333 0.00000 0.12000 0.02667 0.00000 0.13333 0.06667 0.13333 0.01333 0.05333 0.01333 0.01333 0.12000 0.00000 0.04000 0.05333
GNM14976                       0.09333 0.04000 0.04000 0.02667 0.01333 0.01333 0.10667 0.02667 0.00000 0.13333 0.06667 0.12000 0.01333 0.05333 0.01333 0.01333 0.13333 0.00000 0.04000 0.05333
GNM15017                       0.10667 0.02667 0.05333 0.04000 0.01333 0.04000 0.06667 0.02667 0.00000 0.12000 0.06667 0.16000 0.00000 0.06667 0.02667 0.01333 0.06667 0.00000 0.02667 0.08000
GNM14999                       0.09333 0.04000 0.04000 0.02667 0.01333 0.01333 0.10667 0.04000 0.00000 0.13333 0.06667 0.12000 0.01333 0.05333 0.01333 0.01333 0.10667 0.00000 0.04000 0.06667
GNM15018                       0.10667 0.04000 0.05333 0.04000 0.01333 0.01333 0.08000 0.02667 0.00000 0.12000 0.02667 0.12000 0.02667 0.05333 0.02667 0.04000 0.09333 0.00000 0.04000 0.08000
GNM15025                       0.09333 0.04000 0.04000 0.01333 0.01333 0.01333 0.10667 0.02667 0.00000 0.13333 0.05333 0.13333 0.01333 0.05333 0.02667 0.02667 0.12000 0.00000 0.04000 0.05333
GNM14980                       0.10667 0.04000 0.05333 0.04000 0.01333 0.01333 0.08000 0.02667 0.00000 0.12000 0.02667 0.12000 0.02667 0.05333 0.02667 0.04000 0.09333 0.00000 0.04000 0.08000
GNM15000                       0.10667 0.04000 0.05333 0.04000 0.01333 0.01333 0.08000 0.02667 0.00000 0.12000 0.02667 0.12000 0.02667 0.05333 0.02667 0.04000 0.09333 0.00000 0.04000 0.08000
GNM15026                       0.08000 0.04000 0.04000 0.01333 0.01333 0.01333 0.12000 0.02667 0.00000 0.13333 0.05333 0.13333 0.02667 0.05333 0.02667 0.04000 0.09333 0.00000 0.04000 0.05333
GNM15001                       0.10667 0.04000 0.05333 0.04000 0.01333 0.01333 0.08000 0.02667 0.00000 0.12000 0.02667 0.12000 0.02667 0.05333 0.02667 0.04000 0.09333 0.00000 0.04000 0.08000
GNM11003                       0.08000 0.01333 0.05333 0.04000 0.00000 0.01333 0.08000 0.02667 0.00000 0.10667 0.09333 0.18667 0.00000 0.00000 0.01333 0.05333 0.10667 0.00000 0.01333 0.12000
GNM11023                       0.09333 0.09333 0.02667 0.02667 0.00000 0.01333 0.09333 0.04000 0.00000 0.05333 0.09333 0.12000 0.01333 0.02667 0.01333 0.00000 0.12000 0.00000 0.02667 0.14667
GNM11055                       0.06757 0.04054 0.04054 0.01351 0.01351 0.00000 0.13514 0.02703 0.01351 0.09459 0.12162 0.17568 0.01351 0.02703 0.01351 0.02703 0.05405 0.00000 0.01351 0.10811
GNM11146                       0.06667 0.06667 0.04000 0.02667 0.00000 0.00000 0.08000 0.02667 0.00000 0.10667 0.12000 0.13333 0.01333 0.01333 0.01333 0.02667 0.09333 0.00000 0.04000 0.13333
GNM11220                       0.09333 0.02667 0.01333 0.05333 0.00000 0.01333 0.06667 0.04000 0.00000 0.10667 0.13333 0.16000 0.01333 0.04000 0.02667 0.04000 0.06667 0.00000 0.02667 0.08000
GNM11222                       0.06667 0.05333 0.02667 0.04000 0.00000 0.00000 0.09333 0.04000 0.02667 0.13333 0.06667 0.17333 0.00000 0.02667 0.01333 0.04000 0.05333 0.00000 0.01333 0.13333
GNM11223                       0.07246 0.10145 0.04348 0.04348 0.00000 0.00000 0.08696 0.04348 0.01449 0.08696 0.10145 0.11594 0.01449 0.02899 0.00000 0.01449 0.07246 0.00000 0.01449 0.14493
GNM11224                       0.06667 0.10667 0.04000 0.05333 0.00000 0.00000 0.08000 0.02667 0.01333 0.09333 0.10667 0.10667 0.01333 0.02667 0.01333 0.01333 0.06667 0.00000 0.02667 0.14667
GNM11225                       0.08000 0.06667 0.02667 0.02667 0.00000 0.00000 0.08000 0.04000 0.01333 0.10667 0.09333 0.14667 0.02667 0.02667 0.01333 0.02667 0.09333 0.00000 0.02667 0.10667
GNM11358                       0.06667 0.02667 0.08000 0.01333 0.00000 0.02667 0.08000 0.04000 0.01333 0.16000 0.06667 0.14667 0.02667 0.05333 0.01333 0.04000 0.08000 0.00000 0.02667 0.04000
GNM11360                       0.12000 0.04000 0.04000 0.05333 0.01333 0.04000 0.05333 0.02667 0.00000 0.13333 0.04000 0.10667 0.02667 0.05333 0.02667 0.05333 0.06667 0.00000 0.04000 0.06667
GNM11362                       0.10667 0.04000 0.02667 0.09333 0.00000 0.01333 0.04000 0.02667 0.01333 0.14667 0.06667 0.16000 0.01333 0.02667 0.01333 0.01333 0.06667 0.00000 0.06667 0.06667
GNM11367                       0.10667 0.04000 0.04000 0.02667 0.01333 0.02667 0.09333 0.04000 0.00000 0.08000 0.09333 0.12000 0.01333 0.02667 0.02667 0.01333 0.09333 0.00000 0.05333 0.09333
GNM11377                       0.10667 0.04000 0.05333 0.01333 0.00000 0.05333 0.09333 0.02667 0.01333 0.09333 0.08000 0.12000 0.02667 0.05333 0.01333 0.04000 0.08000 0.00000 0.02667 0.06667
GNM11380                       0.08000 0.05333 0.02667 0.02667 0.02667 0.02667 0.08000 0.04000 0.00000 0.12000 0.09333 0.13333 0.02667 0.05333 0.04000 0.01333 0.06667 0.00000 0.04000 0.05333
GNM11383                       0.10667 0.06667 0.02667 0.06667 0.01333 0.01333 0.08000 0.02667 0.00000 0.13333 0.05333 0.12000 0.01333 0.05333 0.01333 0.05333 0.08000 0.00000 0.02667 0.05333
GNM11491                       0.12000 0.06667 0.02667 0.01333 0.01333 0.01333 0.08000 0.06667 0.01333 0.10667 0.01333 0.09333 0.05333 0.05333 0.02667 0.04000 0.09333 0.00000 0.02667 0.08000
GNM11804                       0.05405 0.02703 0.04054 0.02703 0.01351 0.00000 0.10811 0.04054 0.00000 0.10811 0.12162 0.20270 0.00000 0.04054 0.01351 0.04054 0.05405 0.00000 0.01351 0.09459
GNM11805                       0.04000 0.06667 0.02667 0.04000 0.00000 0.00000 0.10667 0.08000 0.00000 0.14667 0.06667 0.17333 0.02667 0.02667 0.01333 0.02667 0.06667 0.00000 0.01333 0.08000
GNM12883                       0.12000 0.06667 0.02667 0.02667 0.00000 0.01333 0.10667 0.02667 0.00000 0.13333 0.08000 0.14667 0.00000 0.05333 0.01333 0.04000 0.08000 0.00000 0.02667 0.04000
GNM12886                       0.13333 0.06667 0.04000 0.00000 0.00000 0.02667 0.13333 0.04000 0.00000 0.10667 0.08000 0.12000 0.01333 0.05333 0.01333 0.00000 0.08000 0.00000 0.02667 0.06667
GNM12895                       0.09333 0.02667 0.09333 0.04000 0.00000 0.00000 0.05333 0.02667 0.01333 0.08000 0.09333 0.14667 0.04000 0.04000 0.01333 0.01333 0.08000 0.00000 0.05333 0.09333
GNM13060                       0.09333 0.00000 0.06667 0.05333 0.00000 0.01333 0.06667 0.05333 0.00000 0.08000 0.09333 0.21333 0.01333 0.01333 0.00000 0.02667 0.04000 0.00000 0.05333 0.12000
GNM13061                       0.09333 0.01333 0.06667 0.01333 0.00000 0.02667 0.08000 0.06667 0.01333 0.09333 0.06667 0.14667 0.02667 0.02667 0.01333 0.02667 0.05333 0.00000 0.02667 0.14667
GNM13062                       0.12000 0.08000 0.04000 0.04000 0.01333 0.02667 0.09333 0.02667 0.00000 0.06667 0.09333 0.10667 0.00000 0.04000 0.01333 0.02667 0.08000 0.00000 0.02667 0.10667
GNM13064                       0.08000 0.02667 0.05333 0.05333 0.00000 0.04000 0.06667 0.02667 0.00000 0.10667 0.08000 0.12000 0.00000 0.05333 0.01333 0.02667 0.12000 0.00000 0.02667 0.10667
GNM13066                       0.06667 0.02667 0.08000 0.04000 0.00000 0.04000 0.05333 0.04000 0.00000 0.12000 0.08000 0.10667 0.00000 0.05333 0.01333 0.04000 0.12000 0.00000 0.02667 0.09333
GNM11032                       0.10667 0.04000 0.05333 0.04000 0.00000 0.01333 0.05333 0.04000 0.00000 0.06667 0.09333 0.12000 0.00000 0.01333 0.01333 0.05333 0.08000 0.00000 0.02667 0.18667
GNM11034                       0.09333 0.06667 0.02667 0.02667 0.00000 0.01333 0.08000 0.04000 0.00000 0.06667 0.09333 0.16000 0.00000 0.01333 0.01333 0.01333 0.08000 0.00000 0.02667 0.18667
GNM11363                       0.10667 0.04000 0.02667 0.09333 0.00000 0.01333 0.04000 0.02667 0.01333 0.14667 0.06667 0.16000 0.01333 0.02667 0.01333 0.01333 0.06667 0.00000 0.06667 0.06667
GNM11375                       0.10667 0.04000 0.06667 0.01333 0.01333 0.02667 0.09333 0.02667 0.00000 0.10667 0.04000 0.10667 0.02667 0.05333 0.02667 0.05333 0.08000 0.00000 0.04000 0.08000
GNM11381                       0.10667 0.05333 0.04000 0.06667 0.01333 0.00000 0.08000 0.02667 0.00000 0.14667 0.05333 0.13333 0.01333 0.05333 0.01333 0.04000 0.08000 0.00000 0.02667 0.05333
GNM11382                       0.12000 0.04000 0.04000 0.08000 0.01333 0.00000 0.08000 0.02667 0.01333 0.16000 0.05333 0.14667 0.01333 0.05333 0.01333 0.01333 0.08000 0.00000 0.01333 0.04000
GNM11841                       0.10667 0.04000 0.05333 0.09333 0.00000 0.08000 0.08000 0.04000 0.02667 0.02667 0.02667 0.08000 0.04000 0.02667 0.01333 0.04000 0.05333 0.00000 0.01333 0.16000
GNM11931                       0.09333 0.02667 0.02667 0.12000 0.00000 0.05333 0.08000 0.01333 0.00000 0.09333 0.04000 0.08000 0.02667 0.02667 0.04000 0.04000 0.06667 0.00000 0.02667 0.14667
GNM12040                       0.08000 0.05333 0.02667 0.10667 0.00000 0.04000 0.10667 0.01333 0.00000 0.13333 0.05333 0.08000 0.02667 0.02667 0.02667 0.04000 0.10667 0.00000 0.02667 0.05333
GNM12071                       0.06667 0.04000 0.04000 0.08000 0.00000 0.05333 0.09333 0.02667 0.01333 0.09333 0.05333 0.06667 0.02667 0.02667 0.04000 0.04000 0.08000 0.00000 0.01333 0.14667
GNM12125                       0.13333 0.06667 0.02667 0.04000 0.00000 0.02667 0.06667 0.04000 0.01333 0.09333 0.09333 0.13333 0.00000 0.02667 0.02667 0.01333 0.06667 0.00000 0.01333 0.12000
GNM12126                       0.08000 0.05333 0.05333 0.02667 0.00000 0.00000 0.06667 0.01333 0.01333 0.10667 0.10667 0.14667 0.02667 0.01333 0.04000 0.02667 0.09333 0.00000 0.05333 0.08000
GNM12128                       0.09333 0.08000 0.06667 0.04000 0.01333 0.05333 0.05333 0.01333 0.00000 0.12000 0.09333 0.13333 0.00000 0.01333 0.00000 0.02667 0.04000 0.00000 0.05333 0.10667
GNM12182                       0.08000 0.04000 0.05333 0.02667 0.00000 0.01333 0.10667 0.04000 0.00000 0.08000 0.08000 0.14667 0.01333 0.01333 0.01333 0.08000 0.05333 0.00000 0.01333 0.14667
GNM12342                       0.09333 0.05333 0.02667 0.04000 0.00000 0.01333 0.09333 0.02667 0.00000 0.08000 0.06667 0.17333 0.02667 0.02667 0.02667 0.02667 0.06667 0.00000 0.02667 0.13333
GNM12346                       0.09333 0.04000 0.04000 0.02667 0.00000 0.04000 0.06667 0.02667 0.00000 0.09333 0.06667 0.13333 0.04000 0.02667 0.02667 0.04000 0.10667 0.00000 0.02667 0.10667
GNM12351                       0.08108 0.04054 0.05405 0.04054 0.01351 0.02703 0.05405 0.04054 0.01351 0.05405 0.05405 0.10811 0.08108 0.05405 0.01351 0.01351 0.12162 0.00000 0.02703 0.10811
GNM12356                       0.08000 0.00000 0.05333 0.05333 0.00000 0.00000 0.09333 0.04000 0.00000 0.10667 0.09333 0.20000 0.02667 0.02667 0.02667 0.01333 0.06667 0.00000 0.02667 0.09333
GNM12357                       0.13333 0.04000 0.02667 0.04000 0.00000 0.00000 0.10667 0.04000 0.00000 0.12000 0.06667 0.13333 0.01333 0.02667 0.02667 0.04000 0.08000 0.00000 0.02667 0.08000
GNM12366                       0.10667 0.02667 0.05333 0.01333 0.00000 0.01333 0.13333 0.04000 0.00000 0.10667 0.06667 0.16000 0.01333 0.02667 0.02667 0.02667 0.06667 0.00000 0.02667 0.09333
GNM12373                       0.10667 0.00000 0.05333 0.00000 0.00000 0.02667 0.10667 0.05333 0.01333 0.09333 0.09333 0.13333 0.05333 0.04000 0.01333 0.08000 0.06667 0.00000 0.00000 0.06667
GNM12385                       0.09333 0.05333 0.01333 0.02667 0.00000 0.05333 0.12000 0.04000 0.01333 0.08000 0.08000 0.10667 0.06667 0.05333 0.01333 0.04000 0.08000 0.00000 0.00000 0.06667
GNM12551                       0.10667 0.04000 0.04000 0.05333 0.00000 0.00000 0.10667 0.02667 0.00000 0.05333 0.12000 0.13333 0.02667 0.02667 0.04000 0.00000 0.06667 0.00000 0.02667 0.13333
GNM12554                       0.06667 0.04000 0.01333 0.04000 0.00000 0.04000 0.10667 0.02667 0.04000 0.05333 0.10667 0.14667 0.04000 0.05333 0.01333 0.06667 0.05333 0.00000 0.00000 0.09333
GNM12592                       0.06667 0.06667 0.04000 0.08000 0.01333 0.01333 0.08000 0.02667 0.00000 0.10667 0.09333 0.10667 0.02667 0.01333 0.05333 0.00000 0.08000 0.00000 0.02667 0.10667
GNM12596                       0.06757 0.04054 0.04054 0.04054 0.00000 0.02703 0.08108 0.04054 0.01351 0.06757 0.08108 0.13514 0.06757 0.05405 0.01351 0.04054 0.08108 0.00000 0.02703 0.08108
GNM12602                       0.05405 0.04054 0.04054 0.04054 0.00000 0.02703 0.08108 0.04054 0.01351 0.08108 0.08108 0.13514 0.05405 0.05405 0.01351 0.04054 0.09459 0.00000 0.02703 0.08108
GNM12665                       0.08108 0.04054 0.04054 0.04054 0.00000 0.02703 0.08108 0.04054 0.01351 0.06757 0.08108 0.13514 0.05405 0.05405 0.01351 0.02703 0.08108 0.00000 0.02703 0.09459
GNM12745                       0.06667 0.06667 0.05333 0.05333 0.00000 0.04000 0.08000 0.04000 0.01333 0.10667 0.05333 0.09333 0.01333 0.02667 0.02667 0.02667 0.08000 0.00000 0.02667 0.13333
GNM12749                       0.08000 0.08000 0.02667 0.04000 0.00000 0.05333 0.06667 0.05333 0.00000 0.09333 0.06667 0.10667 0.05333 0.04000 0.02667 0.06667 0.04000 0.00000 0.02667 0.08000
GNM12758                       0.09333 0.06667 0.05333 0.04000 0.00000 0.02667 0.08000 0.02667 0.01333 0.06667 0.06667 0.12000 0.04000 0.04000 0.02667 0.02667 0.05333 0.00000 0.01333 0.14667
GNM12763                       0.08000 0.04000 0.09333 0.04000 0.00000 0.00000 0.08000 0.02667 0.02667 0.12000 0.08000 0.13333 0.02667 0.04000 0.04000 0.02667 0.04000 0.00000 0.01333 0.09333
GNM12766                       0.08000 0.04000 0.05333 0.01333 0.00000 0.00000 0.12000 0.02667 0.01333 0.08000 0.06667 0.17333 0.05333 0.02667 0.02667 0.02667 0.05333 0.00000 0.02667 0.12000
GNM12841                       0.10667 0.02667 0.04000 0.08000 0.01333 0.05333 0.09333 0.04000 0.02667 0.06667 0.04000 0.08000 0.04000 0.04000 0.02667 0.05333 0.05333 0.00000 0.00000 0.12000
GNM12849                       0.12000 0.04000 0.05333 0.01333 0.01333 0.05333 0.08000 0.02667 0.00000 0.12000 0.04000 0.10667 0.02667 0.05333 0.02667 0.04000 0.08000 0.00000 0.04000 0.06667
GNM12869                       0.09333 0.04000 0.06667 0.01333 0.01333 0.01333 0.10667 0.02667 0.00000 0.10667 0.05333 0.10667 0.02667 0.05333 0.02667 0.05333 0.08000 0.00000 0.04000 0.08000
GNM12896                       0.08000 0.05333 0.02667 0.02667 0.02667 0.01333 0.09333 0.04000 0.00000 0.12000 0.09333 0.13333 0.01333 0.05333 0.04000 0.01333 0.06667 0.00000 0.04000 0.06667
GNM12897                       0.08000 0.05333 0.02667 0.02667 0.02667 0.01333 0.09333 0.04000 0.00000 0.10667 0.09333 0.13333 0.01333 0.05333 0.04000 0.01333 0.06667 0.00000 0.04000 0.08000
GNM12902                       0.10667 0.04000 0.08000 0.00000 0.00000 0.00000 0.10667 0.05333 0.00000 0.10667 0.04000 0.14667 0.06667 0.02667 0.01333 0.01333 0.08000 0.00000 0.01333 0.10667
GNM12903                       0.08000 0.06667 0.04000 0.02667 0.00000 0.01333 0.09333 0.04000 0.00000 0.08000 0.12000 0.16000 0.02667 0.00000 0.01333 0.01333 0.08000 0.00000 0.02667 0.12000
GNM12906                       0.09333 0.08000 0.04000 0.05333 0.00000 0.02667 0.05333 0.02667 0.00000 0.10667 0.10667 0.13333 0.01333 0.00000 0.01333 0.01333 0.09333 0.00000 0.02667 0.12000
GNM12907                       0.09333 0.08000 0.04000 0.02667 0.00000 0.02667 0.08000 0.02667 0.00000 0.09333 0.10667 0.14667 0.02667 0.01333 0.01333 0.00000 0.09333 0.00000 0.02667 0.10667
GNM12909                       0.08000 0.08000 0.04000 0.02667 0.00000 0.02667 0.08000 0.02667 0.00000 0.09333 0.09333 0.14667 0.02667 0.01333 0.01333 0.01333 0.08000 0.01333 0.02667 0.12000
GNM12915                       0.09333 0.06667 0.04000 0.04000 0.00000 0.01333 0.08000 0.02667 0.00000 0.14667 0.08000 0.16000 0.00000 0.02667 0.02667 0.02667 0.06667 0.00000 0.01333 0.09333
GNM10046                       0.09333 0.08000 0.04000 0.02667 0.00000 0.01333 0.09333 0.02667 0.00000 0.10667 0.08000 0.14667 0.00000 0.02667 0.02667 0.02667 0.06667 0.00000 0.01333 0.13333
GNM12918                       0.09333 0.05333 0.04000 0.02667 0.00000 0.00000 0.09333 0.02667 0.00000 0.13333 0.08000 0.17333 0.00000 0.02667 0.02667 0.02667 0.08000 0.00000 0.01333 0.10667
GNM12931                       0.09333 0.05333 0.04000 0.05333 0.00000 0.01333 0.05333 0.04000 0.01333 0.10667 0.12000 0.13333 0.00000 0.02667 0.01333 0.06667 0.05333 0.00000 0.01333 0.10667
GNM12938                       0.06667 0.01333 0.06667 0.02667 0.00000 0.01333 0.08000 0.02667 0.01333 0.10667 0.09333 0.20000 0.01333 0.02667 0.01333 0.04000 0.09333 0.00000 0.01333 0.09333
GNM12996                       0.09333 0.04000 0.02667 0.06667 0.00000 0.02667 0.04000 0.02667 0.01333 0.09333 0.10667 0.13333 0.02667 0.01333 0.01333 0.06667 0.06667 0.00000 0.02667 0.12000
GNM13018                       0.09333 0.01333 0.04000 0.06667 0.00000 0.02667 0.04000 0.02667 0.01333 0.09333 0.10667 0.16000 0.02667 0.01333 0.01333 0.05333 0.06667 0.00000 0.02667 0.12000
GNM13027                       0.08000 0.04000 0.05333 0.04000 0.00000 0.01333 0.08000 0.02667 0.01333 0.14667 0.08000 0.17333 0.01333 0.02667 0.00000 0.02667 0.09333 0.00000 0.01333 0.08000
GNM13046                       0.13333 0.01333 0.04000 0.04000 0.01333 0.02667 0.06667 0.02667 0.00000 0.09333 0.05333 0.14667 0.02667 0.05333 0.02667 0.00000 0.09333 0.00000 0.04000 0.10667
GNM13053                       0.13333 0.05333 0.02667 0.08000 0.00000 0.01333 0.05333 0.02667 0.00000 0.06667 0.08000 0.10667 0.02667 0.02667 0.01333 0.02667 0.09333 0.00000 0.04000 0.13333
GNM13074                       0.09333 0.06667 0.04000 0.02667 0.00000 0.01333 0.09333 0.02667 0.00000 0.12000 0.06667 0.16000 0.01333 0.01333 0.01333 0.02667 0.06667 0.00000 0.02667 0.13333
GNM10010                       0.09333 0.06667 0.04000 0.02667 0.00000 0.01333 0.09333 0.02667 0.00000 0.09333 0.09333 0.16000 0.02667 0.02667 0.01333 0.02667 0.06667 0.00000 0.01333 0.12000
GNM10014                       0.10667 0.08000 0.04000 0.02667 0.00000 0.01333 0.08000 0.02667 0.00000 0.08000 0.09333 0.14667 0.02667 0.02667 0.01333 0.02667 0.06667 0.00000 0.01333 0.13333
GNM13090                       0.12000 0.08000 0.04000 0.04000 0.00000 0.01333 0.08000 0.02667 0.00000 0.10667 0.05333 0.13333 0.04000 0.02667 0.01333 0.01333 0.06667 0.00000 0.01333 0.13333
GNM13118                       0.10667 0.06667 0.04000 0.02667 0.00000 0.00000 0.08000 0.02667 0.00000 0.08000 0.10667 0.12000 0.01333 0.01333 0.04000 0.04000 0.08000 0.00000 0.04000 0.12000
GNM13126                       0.09333 0.06667 0.04000 0.01333 0.00000 0.00000 0.14667 0.05333 0.00000 0.12000 0.06667 0.14667 0.05333 0.01333 0.01333 0.02667 0.05333 0.00000 0.00000 0.09333
GNM13128                       0.09333 0.05333 0.02667 0.02667 0.00000 0.00000 0.13333 0.04000 0.00000 0.12000 0.09333 0.16000 0.00000 0.01333 0.01333 0.05333 0.06667 0.00000 0.00000 0.10667
GNM13208                       0.08000 0.06667 0.02667 0.02667 0.00000 0.01333 0.08000 0.05333 0.00000 0.09333 0.13333 0.14667 0.01333 0.02667 0.00000 0.04000 0.06667 0.00000 0.01333 0.12000
GNM13210                       0.10667 0.02667 0.04000 0.05333 0.00000 0.05333 0.04000 0.04000 0.00000 0.09333 0.08000 0.14667 0.01333 0.02667 0.02667 0.02667 0.06667 0.00000 0.01333 0.14667
GNM12773                       0.08000 0.01333 0.04000 0.05333 0.00000 0.04000 0.05333 0.02667 0.01333 0.09333 0.13333 0.13333 0.04000 0.02667 0.02667 0.04000 0.04000 0.00000 0.04000 0.10667
GNM12768                       0.11268 0.12676 0.00000 0.02817 0.00000 0.04225 0.08451 0.02817 0.02817 0.05634 0.02817 0.09859 0.00000 0.04225 0.01408 0.04225 0.07042 0.00000 0.04225 0.15493

Homogeneity statistic: X2 = 25.51584 G = 25.06865 

Average                        0.09449 0.04645 0.04317 0.03820 0.00479 0.01985 0.08350 0.03262 0.00532 0.10397 0.07632 0.13428 0.02127 0.03545 0.01888 0.03244 0.07853 0.00009 0.02934 0.10105
(Ambiguity characters are used to calculate freqs.)


# constant sites:      2 (2.67%)

TREE #  1:  ((((((((47, 149), 134), (62, 98)), 99), 100), (((136, 137), (101, 61)), (135, 138))), ((((((128, 127), 130), 129), 148), (64, 46)), 145)), (((((((((((((((((((48, (50, 22)), 52), 54), 51), (56, 59)), 53), 26), (((73, 21), (24, 23)), 43)), ((((((((58, 57), 55), 60), 123), (19, 7)), (((49, (27, 39)), (8, 6)), (91, 20))), ((11, 71), 122)), 77)), 139), (((92, 76), 18), 93)), (((124, 75), 125), 40)), (((((81, 5), 80), (74, 13)), 30), (14, 70))), (82, 42)), (90, 72)), ((((((41, 86), 87), 45), 44), (15, 140)), ((37, 85), 12))), ((((1, 83), 84), (9, 2)), 38)), ((((35, 36), (3, 33)), (4, 31)), ((89, 34), (32, 88)))), (((((29, 28), (150, 25)), ((67, 68), 69)), (66, 151)), ((17, 16), 65))), (((((((((((115, 113), 114), 104), 112), 103), (((111, 109), 117), 108)), ((((96, 10), 97), (94, 121)), 95)), (63, 78)), ((147, 146), (79, 126))), ((((((107, 106), 105), 120), 102), ((116, 118), 119)), 110)), ((((142, 143), 144), 141), ((133, 131), 132))));   MP score: -1
lnL(ntime:299  np:300):  -9079.440013      +0.000000
 152..153 153..154 154..155 155..156 156..157 157..158 158..159 159..47  159..149 158..134 157..160 160..62  160..98  156..99  155..100 154..161 161..162 162..163 163..136 163..137 162..164 164..101 164..61  161..165 165..135 165..138 153..166 166..167 167..168 168..169 169..170 170..171 171..128 171..127 170..130 169..129 168..148 167..172 172..64  172..46  166..145 152..173 173..174 174..175 175..176 176..177 177..178 178..179 179..180 180..181 181..182 182..183 183..184 184..185 185..186 186..187 187..188 188..189 189..190 190..191 191..48  191..192 192..50  192..22  190..52  189..54  188..51  187..193 193..56  193..59  186..53  185..26  184..194 194..195 195..196 196..73  196..21  195..197 197..24  197..23  194..43  183..198 198..199 199..200 200..201 201..202 202..203 203..204 204..205 205..58  205..57  204..55  203..60  202..123 201..206 206..19  206..7   200..207 207..208 208..209 209..49  209..210 210..27  210..39  208..211 211..8   211..6   207..212 212..91  212..20  199..213 213..214 214..11  214..71  213..122 198..77  182..139 181..215 215..216 216..217 217..92  217..76  216..18  215..93  180..218 218..219 219..220 220..124 220..75  219..125 218..40  179..221 221..222 222..223 223..224 224..225 225..81  225..5   224..80  223..226 226..74  226..13  222..30  221..227 227..14  227..70  178..228 228..82  228..42  177..229 229..90  229..72  176..230 230..231 231..232 232..233 233..234 234..235 235..41  235..86  234..87  233..45  232..44  231..236 236..15  236..140 230..237 237..238 238..37  238..85  237..12  175..239 239..240 240..241 241..242 242..1   242..83  241..84  240..243 243..9   243..2   239..38  174..244 244..245 245..246 246..247 247..35  247..36  246..248 248..3   248..33  245..249 249..4   249..31  244..250 250..251 251..89  251..34  250..252 252..32  252..88  173..253 253..254 254..255 255..256 256..257 257..29  257..28  256..258 258..150 258..25  255..259 259..260 260..67  260..68  259..69  254..261 261..66  261..151 253..262 262..263 263..17  263..16  262..65  152..264 264..265 265..266 266..267 267..268 268..269 269..270 270..271 271..272 272..273 273..274 274..115 274..113 273..114 272..104 271..112 270..103 269..275 275..276 276..277 277..111 277..109 276..117 275..108 268..278 278..279 279..280 280..281 281..96  281..10  280..97  279..282 282..94  282..121 278..95  267..283 283..63  283..78  266..284 284..285 285..147 285..146 284..286 286..79  286..126 265..287 287..288 288..289 289..290 290..291 291..292 292..107 292..106 291..105 290..120 289..102 288..293 293..294 294..116 294..118 293..119 287..110 264..295 295..296 296..297 297..298 298..142 298..143 297..144 296..141 295..299 299..300 300..133 300..131 299..132
 0.096728 0.040292 0.000000 0.000000 0.032920 0.053496 0.031859 0.085691 0.144193 0.143377 0.062766 0.307019 0.065349 0.206158 0.669716 0.194578 0.052400 0.180118 0.032753 0.000000 0.047276 0.245732 0.203373 0.037227 0.093177 0.138589 0.000000 0.198623 0.009442 0.105347 0.000000 0.018879 0.111934 0.079006 0.080184 0.044204 0.135439 0.090985 0.324241 0.063144 0.274258 0.029308 0.058920 0.197133 0.155939 0.198161 0.005965 0.005021 0.243194 0.000000 0.051722 0.000000 0.000000 0.072643 0.010255 0.058874 0.043984 0.012956 0.010659 0.011341 0.000000 0.000000 0.032347 0.011055 0.033827 0.033866 0.032498 0.056445 0.048561 0.041038 0.186508 0.207972 0.044724 0.066140 0.138775 0.000000 0.000000 0.067095 0.000000 0.000000 0.111331 0.126655 0.014577 0.016050 0.036305 0.000000 0.000000 0.000000 0.000000 0.000000 0.000000 0.000000 0.000000 0.068283 0.000000 0.010713 0.000000 0.008138 0.059328 0.066502 0.021786 0.010992 0.010757 0.000000 0.000000 0.043731 0.000000 0.041890 0.000000 0.010576 0.055489 0.064329 0.000000 0.000000 0.013697 0.212108 0.182457 0.119460 0.000000 0.039526 0.000000 0.067626 0.121055 0.072392 0.241819 0.045408 0.011777 0.000000 0.035603 0.000000 0.039773 0.137918 0.000000 0.074827 0.074195 0.036041 0.053405 0.012821 0.075871 0.084171 0.000000 0.042204 0.385330 0.239752 0.021356 0.000000 0.222970 0.000000 0.000000 0.212854 0.000000 0.000000 0.040919 0.000000 0.241704 0.071233 0.082012 0.015637 0.000000 0.000000 0.043613 0.081673 0.061646 0.167140 0.125900 0.161860 0.200378 0.065309 0.128960 0.000000 0.138206 0.000000 0.000000 0.163268 0.089184 0.100641 0.045766 0.233408 0.303206 0.000000 0.000000 0.296183 0.102701 0.000000 0.000000 0.065434 0.000000 0.000000 0.066005 0.038508 0.110616 0.245606 0.000000 0.021841 0.015389 0.150257 0.141848 0.009893 0.090836 0.139903 0.096936 0.060196 0.000000 0.176927 0.050800 0.048009 0.173760 0.131185 0.156912 0.142085 0.120174 0.029793 0.116650 0.011070 0.039425 0.131555 0.000000 0.309849 1.494872 0.020726 0.439242 0.000000 0.000000 0.212210 0.059552 0.036907 0.053737 0.099278 0.179750 0.070598 0.000000 0.014308 0.336562 0.084899 0.017651 0.012383 0.020978 0.005974 0.144311 0.356167 0.187184 0.219567 0.000000 0.083178 0.135815 0.148913 0.329729 0.429455 0.339561 0.004972 0.009083 0.031783 0.215944 0.147174 0.191129 0.209009 0.138314 0.187248 0.131539 0.247754 0.040107 0.159592 0.172362 0.106239 0.043890 0.159999 0.050990 0.135431 0.209245 0.007728 0.017405 0.130867 0.074457 0.089339 0.116952 0.024266 0.080453 0.112138 0.022702 0.057000 0.318725 0.000000 0.478774 0.166852 0.163998 0.311315 0.027897 0.018813 0.010927 0.013542 0.021809 0.033558 0.076281 0.019127 0.006662 0.010988 0.022672 0.021933 0.022075 1.059608
