
Printing out site pattern counts


       148        120  P

GNM13746                        AAAAAAAAAD DDEEEEEEEE EFFFGGGGGI IIIIIIIIII IIIIIKKKKK KKKKKKKKLL LLLLLLLLLL MMMNNNNNNP PPPQQQQRRR SSSSSSSSTT TVVVVVVVVV VVVVVYYYYY 
GNM13671                        AAAAAEGLMA ESDEEEEGII PILYGGGGVA EFIIIIIKLL RTVVVKKKKK KLRRRRVYAE HIIIIIPRVV EIIADEHISL PPQDPQSKNR ADNQRSSTAP TFIIIIMSTV VVVVVFQTYY 
GNM13876                        AAAAIEGVAN TSEEEEEGIL SVLYGGGGVL EFFIILVLLL RLVVVKKKKK RDKKRRVVKE HALLVVLNIV EILSEEHASP PQSQPQARRR SDTQRAAVAP TFFIIVMPTI TVVVVFAIAY 
GNM13680                        AAAPAKAAEG DDDEEEEDVM EVFFGGGSGI SIMVVVVFIL QLIVVKKRRY REKKKRVKLQ YAILIQLGTL VMFADKHVTK PQGDPQNRQR SNVARGVESP TYVIVVTITI TIIIVFYVRY 
GNM14249                        AAMSAKAAEG DDDEEEEDVT EIFLGGGGGS SVFVVVIFLL QVTIVKKRRP KMKTKRVKLE YALLVLLRTL VMLGDKHVTL PQGNPQAKER SNVEKGATAS TYAIIVVLTI TIIVVFYWQY 
GNM13928                        AAMSAKAAEG DDDEEEEDVT DIFLGGGGGS SVFVVVIFLL QVTIVKKRRV KLKTKRIKLE YALLVLLRTL VMLGDKHVTL PQGDPQTKER SNVEKGAQAS TYAIIVVLTI TIIVVFYWQY 
GNM14865                        AAATGPAVEE EREEEEQGVD TIFIGRSGAL EMLVVVVMIL LLIAVTTKRE KRKRRPSKY- FVIIVMLDQI EELADAHETV PPHDPQA-DR ADTEQG-GAP TVAVLVIVTI TVVIVFQAHY 
GNM13455                        AAMSAKAAEG DDDEEEEDVT DIFLGGGGGS SVLVVVIFLL QVTIVKKRRV KMKTKRVKLE YALLVLLRTL VMLGDKHVTL PQGDPQGKER SNIEKGAQAS TYAIIVVLTI TIIVIFYLQY 
GNM14938                        AGAAVEGVSD EPEEEEEGIL IVFLGGGGAM EFLIILVVFL KVIVVKRRKK REKKRRVTLE HLIIVMLNTV EFLADSHESP PPKMPYARKR ANNRRSGVSP TYIVVVTATV TLVLVFQVHF 
GNM14483                        PAAAGTAIEG DDDEEEEGVM AVFIGGGGGV ALLIVVFYML KIVVVKKKRQ KEKKKKVRIA FSVLVFLTST VMWAEQHETL PAKDPQNRQR SSTQRSNETS VFAIIITITI TVVFVFYAYY 
GNM14872                        AAAPAKAAEG DDDEEEEDVT EVFFGGGGGA TIMVVVVFIL QLIVVKKRRY KEKKKRIKLY YGLLIMLDTL VMFADKHITK PQGDPQNKQR SNMARGTESP TYVIVVTITI TIIIVFYVRY 
GNM13855                        VAAPAKAAEG DDDEEEEDVV EVFFGGGSGS TILVVVVFIL QLIIIKKRRY KEKKKRIKLH YALLVMLSTL VMFADKHVTK PQGDPQTRQR SNMHSGTESP TYLLIVTIAI VVIIVFYFYY 
GNM14445                        AAAPATAVEG DDDEEEEGLI VIFIGGGGGI TFLVVVLFLL QIVVVKKKKP REKNKKVQLA FSVLIFLTTL IMMAEPHETI PQKDPQDRKR SDTAKSTEAS TYAIIVKVAV TVIFVFYVYY 
GNM14404                        AAAPAAAVLG EYDEEEEGIS DVFIGGGGVV ELVIIVVMML RITAVKKKRK REKRRKKKLS YVLLIMLEIV EMLGNEHETK PTSDPQSKGS AENQEGNLTP TYVAIMMVTI VVIVIYYYKY 
GNM14545                        AAAPAAAVLG EYDEEEEGIS DVFIGGGGVV ELVIIVVMML RITAVKKKRK REKRRKKKLS YVLLIMLEIV EMLGNEHETK PTSDPQSKGS AENQEGNLTP TYVAIMMVTI VVIVIYYYKY 
GNM14366                        AALPSTAAEG DDDEEEEDAT DVFLGGGGGS PVLVVVIFLL QLIIVKKRRN KDKTKRVKLQ YALIILLNTL IMLGDKHVTI PQGNPQAKQR SNVQKGNQAS TYIIIVVLTL TVVIVFYLLY 
GNM14252                        AAMSAKAAEG DDDEEEEDVT EIFLGGGGGS SVFVVVIFLL QVTIVKKRRS KMKTKRVKLE YALLVLLRTL VMLGDKHVTL PQGNPQAKER SNVEKGATAS TYAIIVVLTI TIIVVFYWQY 
GNM13760                        AAMSAKAAEG DDDEEEEDVT DIFLGGGGGS SVLVVVIFLL QVTIVKKRRV KMKTKRIKLE YALLVLLRTL VMLGDKHVTL PQGNPQAKER SNVEKGAQAS TYAIIVVLTI TIIVVFYLQY 
GNM13982                        AALPAKAAEG EDDEEEEDVT DVFLGGGGGV SVLVVVIFLL QTIVVKKRKH KMKTKRIKLE YALLVQLRTL IMLGDSHVTP PQNGPQAKER SNVQKGAEAS TYMIVVTLTV TLILVFYIQY 
GNM13960                        AAMTAKAADG EDDEEEEEVT EVFLGGGGGV SVVVVVVYLL QIIVVKKRRQ KDKTKRIKLE YALLVLLRTL IMLGDNHVTL PQKKPQARER SNIQKGAEAS TYIIIVTLTI TVIIVFYLQY 
GNM14633                        AALPAKAAEG EDDEEEEDVT DVFLGGGGGV SVLVVVIFLL QTIVVKKRKH KMKTKRVKLE YALLVQLRTL VMLGDSHVTP PQSGPQAKER SNVQKGAEAS TYMIVVTLTV TLILVFYIQY 
GNM14853                        AALPAKAAEG EDDEEEEDVT DVFLGGGGGV SVLVVVIFLL QTIVVKKRKH KMKTKRVKLE YALLVQLRTL VMLGDSHVTP PQSGPQAKER SNVQKGAEAS TYMIVVTLTV TLILVFYIQY 
GNM14138                        AAATAVAVEG EHEEEEDNIV AVFVGGGGAV EFLIILIFLI RIVVVKKRRK KKKKKKVRLE YAILVLLNTV EMLGDQHETL PTRDPQDKER ADNTKSAKAP TFVVVVLVTV TVIVVFYVKY 
GNM14055                        AAMPAKAADG EDDEEEEDVT EVFLGGGGGV TVLVVVVYLL QIIIVKKRRQ KNKTKRIKLE YALLVLLRKL IMLGDNHVTK PQKNPQSKER SNIQKGTEAS VYMIIVTLTV TVVIVFHLQY 
GNM14748                        AAMSAKAAEG DDDEEEEDVT DIFLGGGGGS SVLVVVIFLL QVTIVKKRRA KMKTKRVKLE YALLVLLRTL VMLGDKHVTL PQGNPQAKER SNVEKGATAS TYAIIVVLTI TIIVIFYLQY 
GNM14246                        AAATAIAVEG EHEEEEEEIV TVFIGGGGAV EFLIILIFLI RIVVVKKRRR KEKKKKVRLA YAILVLLETV EMLGDSHVTL PTRDPQDRER ADNSKSAEAP TFVVIVLVTI TVIIVFYVKY 
GNM14640                        AAATAVAVEG EHEEEEEDIV TVFVGGGGAI EFLIILIFLI RIVVVKKRRR KKKKKKVRLA YAILILLDTV EMLGDPHETL PTRDPQDRER ADNAKSAEAP TFVVIVIVTI TVIIVFYVKY 
GNM14965                        AAAPAKAAEG DDDEEEEDVV EVFFGGGAGV SILVIVVFIL QLIVVKKRRY KEKKKRVKLQ YAILIILNTL VMFGDKHVTK PQGDPQNRQR SNIANGNDSP TYIIIVTITI IIIVVFYIHY 
GNM13677                        AAAAIEGVAN TSEEEEEGIL SVLYGGGGVI EFFIILVLLL RLVVVKKKKK RDKKRRVVKE HALLVVLNIV EILSEEHASP PQSQPQARRR SDTQRAAVAP TFFIIVMPTI TVVVVFAIAY 
GNM14339                        AGATAEGVRG EPEEEESGVV QILIGGGGVV EFFIIIIILI RTIVVRRRKK KIKKRMVTTS HLLIVLLRLL EVLADDHESP PPQEPQSRNR SRNQKSNTSP TYVLVVMPTI TMVMVFHISY 
GNM14593                        AAATAEGVSG EPDEEEEGII PILFGGGGVT EFIIIIVFLL RVVVVRKKKK KLRKRRIYVE HLLIIIPRVV EIISDEHVSM PPQDPQSRNR SDNQRAGMAP TFVIIIVPTV VVVIVFQIHY 
GNM13825                        AGASVEGVSD EPEEEEEGIL MVFLGGGGAM EFVIILVVFL RVIVVRRRKR REKKRRVTLE HLIIVMLVTV EFLADSHESP PPKMPHSRKR ANNRRSGTSP TYIVVVTATV TIVVVFQVHF 
GNM14768                        VAVAAEGVVG EPDEEEEGIT PILFGGGGAI EFIIIIVKIL GVIVVKKKKK KVQKRKVSAE HLLLIIPRIV EIISDEHVSV PVIDPQSRNR SDNQRTSMAP TFIIIVVSTV VVIIVFQIYY 
GNM14776                        VAAAAEGVVG EPDEEEEGIT PILFGGGGAI EFIIIIVKIL GVIVVKKKKK KVQKRKVSAE HLLLIIPRIV EIISDEHVSV PVIDPQSRNR SDNQRTSMAP TFIIIVISTV VVIIVFQIYY 
GNM14715                        PAAAATAIEG DDDEEEEEVM EVFIGGGGGV ALLIVVFYML KIVVVKKKRK KEKKKKVRLA FSVLVFLTSA AMWAESHNTL PAKDPQNRQR SATQRSNETS TFAIIITITI TVIFIFYAYY 
GNM14639                        AAAPAKAVDG DDDDEEEGIA TIFFGGGGGT AIILIVILLL LIVIVKKRKL KEKKKKIRLY LAIFLFLDTL MMQMDEHITP PPKETQTNMK CSNSDEKEAP TYAFIVVVTI TVIVVFYHYY 
GNM13795                        AAMSAKAAEG DDDEEEEDVT DIFLGGGGGS SVLVVVIFLL QVTIVKKRRA KMKTKRVKLE YALLVLLRTL VMLGDKHVTL PQGNPQEKER SNVEKGATAS TYAIIVILTI TIIVIFYLQY 
GNM14166                        AAMPAKAAEG DDDEEEEDVT DVFFGGGGGS SVLVVVVFLL QLIIVKKRRQ KDKTKRVKLE YALLVLLGTL IMLGDKHVTP PQGQPQVRER SNVQKGNEAS TYIIIVVLTI TVVIVFYLQY 
GNM14450                        VVIPAKAAEG DDDEEEEDVT EVFFGGGGGV TVLVIVIFLL QLIIVKKRRY KEKKKRIKLE FVLLILLKTL IMLGDKHITL PQGDPQSRHR SNVTQGNEAP TYIIIVTITV TIIIVFYVNY 
GNM13515                        GALPAKAAEG EDDEEEEDVT DVFLGGGGGV SVLVIVVFLL QIIVVKKRKH KNKTKKVKLE YALLVLLRTL IMLGDSHVTP PQNGPQAQER SNVQKGAEAS TYMIIVTLTI TVVVVFYLQY 
GNM13745                        AAATVTAVQG DDDEEEENII SLFFGGGNGI AFVVIIFYLL LITVVKRKKQ RDKKKKVKLG FAVLVFLKTL MSLSETHITI PQKDPQSRSK SDNSKNTEAS TYLIVVIITI TVIFVFHVYY 
GNM14959                        AGASI-GVVG ENDEEEQG-V QIFVENGGGI -FVIILVVML MAIYVKKRRR RDKKRKARLK SLLIVMLFVV EYLVDDHVIK PTSDPQNRGD ARNTYGAESP YSTIIVVVVV ALVIVYGVTF 
GNM13413                        AVATGPALED EPEEEEMGIV NVFIGGGGVM EFIIIVLYIL GVTVVKKKKR KRKKKRKRLS LVILVIIFTV NMIRDEYVTK PTKDPRDRNG SDDSLAMEAP TFVLIIIRTV TVIIVYYIRY 
GNM14990                        AAMSAKAADG EDDEEEEEVV EVFLGGGGGI SVVVVVVYLL QIIVVKKRRK KDKTKRIKLE YALLVLLRTL IMLADDHITL PQKNPQARER SNIQKGAEAS TYIIIVTLTI TVIIVFYLQY 
GNM15005                        AAMSAKAADG EDDEEEEEVV EVFLGGGGGI SVVVVVVYLL QIIVVKKRRK KDKTKRIKLE YALLVLLRTL IMLGDNHITL PQKNPQARER SNIQKGAEAS TYIIIVTLTI TVIIVFYLQY 
GNM14992                        -S-AAKAADG EDDE-EEEVT ELF-G-GG-S SV-V-VVYLL QIII-KK-RV KDKTKRIKL- YA-LV-L-TT VMLGENHVTI PQKNP-A-ER -N-Q-G-QAS TY-IIVTL-- --IIV-Y--Y 
GNM15013                        AAMTAKAADG EDDEEEEEVT EVFLGGGGGV SVVVVVVYLL QIIVVKKRRQ KDKTKRIKLE YALLVLLRTL IMLGDNHVTL PQKKPQARER SNIQKGAEAS TYIIIVTLTI TVIIVFYLQY 
GNM15014                        -SMAAKAADG EDDE-EEEVT ELF-G-GG-V SVLVIVVYLL QIIV-KK-RQ KDKTKRIKLE YALLVLLRTL IMLAENHVTL PQKNP-ARER SN-Q-GAEAS TYIIIVTL-I --IIV-YLQY 
GNM14976                        AAMTAKAADG EDDEEEEEVT EVFLGGGGGV SVVVVVIYLL QIIVVKKRRK KDKTKRIKLE YALLVLLRTL IMLGDNHVTL PQKKPQARER SNIQKGAEAS TYIIIVTLTI TVIIVFYLQY 
GNM15022                        AAMTAKAADG EDDEEEEEVT EVFLGGGGGV SVVVVVVYLL QIIVVKKRRQ KDKTKRIKLE YALLVLLRTL IMLGDNHVTL PQKKPQARER SNIQKGAEAS TYIIIVTLTI TVIIVFYLQY 
GNM15018                        AAMSAKAAEG DDDEEEEDVT DIFLGGGGGS SVFVVVIFLL QVTIVKKRRS KMKTKRVKLE YALLVLLRTL VMLGDKHVTL PQGNPQEKER SNVEKGATAS TYAIIVVLTI TIIVVFYWQY 
GNM15025                        -A-SAKAAEG EDDE-EEEVT EVF-G-GG-I SVLVIVVYLL QVIV-KK-RH KNKTKRVKLE YGLLVTLRTL IMLGDNHVTL PQKNP-ARER SN-Q-GAEAS TYLIIVTL-V --VIV-YLQY 
GNM15024                        AAMSAKAAEG DDDEEEEDVT DIFLGGGGGS SVFVVVIFLL QVTIVKKRRS KMKTKRVKLE YALLVLLRTL VMLGDKHVTL PQGNPQEKER SNVEKGATAS TYAIIVVLTI TIIVVFYWQY 
GNM14980                        AAMSAKAAEG DDDEEEEDVT DIFLGGGGGS SVFVVVIFLL QVTIVKKRRS KMKTKRVKLE YALLVLLRTL VMLGDKHVTL PQGNPQEKER SNVEKGATAS TYAIIVVLTI TIIVVFYWQY 
GNM15000                        AAMSAKAAEG DDDEEEEDVT DIFLGGGGGS SVFVVVIFLL QVTIVKKRRS KMKTKRVKLE YALLVLLRTL VMLGDKHVTL PQGNPQEKER SNVEKGATAS TYAIIVVLTI TIIVVFYWQY 
GNM15026                        -AMSAKAADG EDDEEEEEVT EIF-G-GG-I SVLVVVVYLL QVIVVKK-RH KNKTKRIKLE YALLIMLRTL VMLGDNHVTL PQKNP-ARER SNIQKGAEAS TYIIIVTL-V --VLV-YLQY 
GNM15027                        AAAPASAAEG DDDEEEENIV ALFFGGGGGV ALLVIIFFLL TVVVVKKKKV REKRKKVKLY FTALVHLNDL VMMAESHVTL PQRDPQSIGR SNNMRSTETP TYLIIVIVTI TVIFVFYVYY 
GNM15019                        AAMSAKAAEG DDDEEEEDVT DIFLGGGGGS SVFVVVVFLL QVTIVKKRRV KLKTKRIKLE YALLVLLRTL VMLADEHVTL PQGSPQAKER SNVEKGATAS TYAIIVVLTI TIIVVFYWQY 
GNM15003                        AAMSAKAADG EDDEEEEEVT EVFLGGGGGV SVVVVVVYLL QIIVVKKRRK KDKTKRIKLE YALLVLLRTL IMLGDNHVTL PQKKPQARER SNIQKGAEAS TYIIIITLTI TVIIVFYLQY 
GNM11003                        AAGAVKAVIG DPEEEEEGGT GVFYGGGGGV PIIVILVKLV IIVVVKKKRE KLRQKRSQLE MLLIVMILVV NMLSTDHETP PPKDQQKRGK SDSAVGETSV VFAIVILATI VVVIVYQVYY 
GNM11023                        AAALIPAVMG EPEEEEQGIE SVFFGGGGSV PIIAIVLFAV RTVVVKELKQ KDKRRRKKLA LAILVILTIV SMIANEHPTP ARKQTAKRGD SDNRVREAPV TFAVIIVRTI VIVLVYEVRY 
GNM11055                        AAAVAPAIEG EKEEEEEGAA AVFFGNGGAI EILVIVVFIL VIVVVKKKKE KKKIRPTMLD FAMIILLNKV EELSDSHETV PPHDPQRANR SDVRRGMQAK TVAIIVKVTV TVVLVFHAYY 
GNM11146                        GTAAIRAVMG EPDEEETN-- KVFFEGGGAI -YVVILLLII LSIYVQERRE NDRKRKKKFR MLIVVILAVI LFVTDTQITV PNKDPQQRND SKNTYGTKTI KTLLILVMIV VVVIVISVPQ 
GNM11219                        AAASATAVDG EHEEEEEGIA AIFLGGGGVV EILIIIVSLL RIVVVRRKRE KEKRRREQLA YLLLIMLMVV EMLADEHETE PTHAPQRRER ADNRRGDGAP TFAVVVIVTI VVIMVYYAAY 
GNM11220                        AALAAVAVDG EYEEEEEGIV QVFIGGGSVI ELMIVIVPFL RIIVVKKKKR KERRRRVKLE YLLLIMLEVL EMLGDSHVTK PPRDPQQRSA AEQQKGRSSP TSVVVIMVTI TVVLVYYWKY 
GNM11222                        VAAAAVAVEG DNEEEEEEVV VVLVGGGGSV EFMIVLVPML RSVVVKKKKK KDKKRKLKLY YAILVLLNVV EMLGDAHVTL PTRDPQNRNK ADNSAQMEAP TVALVVVLTI TVIIVYYVYY 
GNM11224                        -AASAIAVEG EHEE-EEGIV AVF-G-GG-V EFLIIIVFLV RIVVMKK-RR KEKRKKVRLA YAILILLNTV EMLGESHTTL PTRDP-DRER AD-A-SNEAP TFVVIVIV-I --IIV-YVKY 
GNM11225                        AASTAVAVEG EHEEEEESIV AIFIGGGGVV EFLIIIIFLV RITVVKKRRR KEKKKRVRLA YAILILLNTV EMLGDSHVTV PTKDPQDREA SDNSRSGEAP TFAIVVLVTI TVIIVFYVRY 
GNM11358                        VAAPAKAAEG DDDEEEEDVV EVFFGGGSGS TILVVVVFIL QLIIIKKRRY KEKKKRIKLQ YALLVMLSML VMFADKHITK PQGDPQIRQR SNMHSGSESP TYLLIVTIAI VVIIVFYFYY 
GNM11360                        AAMSAKAAEG DDDEEEEDVT DIFLGGGGGS SVLVVVIFLL QVTIVKKRRV KMKTKRVKLE YALLVLLRTL VMLGDKHVTL PQGDPQGKER SNIEKGAQAS TYAIIVVLTI TIIVIFYLQY 
GNM11362                        IAAQTKAAEG DDDEEEEDVA DVFFGGGGGL SILVVVIFLL QLIVVKKRRY KEKRKKIKLE MAILILLRTL VMMGDKHVTL PQGDPQARQR SNTSHGNEAP RYIIIIVLTI TIILVFYVLY 
GNM11367                        AALPAKAAEG EDDEEEEDVT DVFLGGGGGV SVLVVVIFLL QTIVVKKRKH KMKTKRIKLE YALLVQLRTL IMLGDSHVTP PQNGPQAKER SNVQKGAEAS TYMIVVTLTV TLILVFYIQY 
GNM11377                        AAAPAKAAEG DDDEEEEDVT EVFFGGGGGA TIMVVVVFIL QLIVVKKRRY KEKKKRVKLY YGLLIMLDTL VMFADKHITK PQGDPQSKQR SNMARGTESP TYVIVVTITI TIIIVFYVRY 
GNM11380                        AAMPAKAAEG DDDEEEEDVT DVFFGGGGGS SVLVVVVFLL QLIIVKKRRH KDKTKRVKLE YALLVLLGTL IMLGDKHVTP PQGQPQVRER SNVQKGNEAS TYIIIVVLTI TVVIVFYLQY 
GNM11383                        AAMPSTAAEG DDDEEEEDAT DVFLGGGGGS TVLVVVVFLL QLIIVKKRRN KDKTKRVKLQ YALFILLNTL IMLGDKHATL PQGNPQAKQR SNVQKGNQAS TYIIIVILTI TVVIVFYLYY 
GNM11491                        -AMSAKAAEG DDDE-EEDVT EIF-G-GG-S TVFVVVVFLL QTTIVKK-KH KQKSQRVKLE YALLVILNTL VMLGDKHKTV PQGQP-EKER SNMD-GASAS TYAIIVTL-I --IVV-YVQY 
GNM11804                        VAAVAPAIEG EKEEEEEGAA AVFFGNGGAV EILIIVVFIL LIIVVKRKKE RKKVRPTLIS FSMIVMLNKV EELSDNHETV PSHYPQKVNR SDLRRGMQAK TVAIIVTVTV TVVVVFHAYY 
GNM11805                        ITAMAPAVES EKEEEEEGVA AIFIGGGGIL TFMVVVIIIL FSVFIKKKRA KVKKRRTRIS YLLLFDLITI QEIEDSGMTN PPKSPKEHEA AEDKLGNGSP TVAIIVLVTV CAIIVKASMY 
GNM12883                        AAAPAKAAEG DDDEEEEEVV EVFFGGGAGV SIMVIVVFIL QLIVVKKRRY KEKKKRVKLQ YALLILLSTL VMFADKHITK PQGDPQNRQR SNVSRGTESP TYVIVVTITI TIIIVFYVRY 
GNM12886                        AAAPAKAAES DDDEEEEDVV EVFFGGGSGV SIMVVVVFIL QLIVVKKRRY KEKKKRVKLQ YAILIQLGML VMFADKHVTK PQGDPQSRQR SNVARGVESP TYVIVVTITI TIIIVFYVRY 
GNM12892                        AAAPAKAAEG DDDEEEEDVV EVFFGGGAGV SILVIVVFIL QLIVVKKRRY KEKKKRVKLQ YAILIILNTL VMFGDKHVTK PQGDPQNRQR SNIANGNDSP TYIIIVIITI IIIVVFYIIY 
GNM12895                        VVIPAKAAEG DDDEEEEDVT EVFFGGGGGV TVLVIVIFLL QLIIVKKRRY KEKKKRIKLE FVLLILLKTL IMLGDKHITL PQGDPQSRHR SNVTQGNEAP TYIIIVTITV TIIIVFYVNY 
GNM13061                        AAAPAPAAKD DDDEEEEDEQ EFFFGGGGGS ILLVIILLII MIVVVKAKRK KQKKKKSKIQ MLLFVLLQLL VMMNDQNATA PQSQQQNKHR SSAMKQATTK QVIIVILVAV TVVVVYYVYY 
GNM13062                        ---AA-AI-- -DD---E--- EV-------V ---I-V--L- ---------K K--KK--RL- ------L-SV SM--E---TI -A--P---QR -S------T- TF---I---- --I---Y--- 
GNM13064                        AAAPVTAVEG DDDEEEENVI GVFFGGGNGV SFVVIIFYLL MITVVKRKKA RDKKRKVRLG FAVVVFLKTI MMLSEEHVTI PQKDPQSRSR SNNSQNNEAS TYLIIVVITI TVIFVFGVRY 
GNM13066                        AAAPVTAVEG DDDEEEENVI GVFFGGGNGV SFVVIIFYLL MITVVKRKKA RDKKRKVKLG FAVIVFLKSI MMLSEEHITI PQKDPQSRSR SNNSRNNEAS TYLIIIIITI TVIFVFGVRY 
GNM11032                        AAATATGVKG EPEEEESGIA QILIGGGGVV EFFIIIVLLL RVIVVRRRKK KMRRRPVTLS HIILVMLRLL EVLSDDHESP PPSEPQKRDR SRNQKSNTSP TYVLVVLPTI TVVLVYXISY 
GNM11363                        IAAQTKAAEG DDDEEEEDVA DVFFGGGGGL SILVVVIFLL QLIVVKKRRY KEKRKKIKLE MAILILLRTL VMMGDKHVTL PQGDPQARQR SNTSHGNEAP RYIIIIVLTI TIILVFYVLY 
GNM11375                        AAMSAKAAEG DDDEEEEDVT DIFLGGGGGS SVLVVVIFLL QVTIVKKRRV KMKTKRIKLE YALLVLLRTL VMLGDKHVTL PQGNPQAKER SNVEKGAQAS TYAIIVVLTI TIIVVFYLQY 
GNM11381                        AAMPSTAAEG DDDEEEEDAT DVFLGGGGGS PVLVVVVFLL QLIIVKKRRN KNKTKRVKLQ YSLIILLNTL IMLGDKHVTI PQGNPQAKQR SNVQKGSTAS TYIIIVVLTL TIVIVFYLYY 
GNM11382                        AAMPSTAAEG DDDEEEEDAS EVFLGGGGGS AVLVVVIFLL QLIIVKRRRN KDKTKRVKLQ YALLVLLNTL IMLGDKHITI PQGNPQAKQR SNVQKGNQAT TYIIIVVLTV TVVIVFYLLY 
GNM11841                        AAATGPAVEE EREEEEQGVD GIFIGSSGAL EMLVAVVMIL VLIAVTKKNE KRKQRPSKY- FIIIVMLDQI EELADAHETV PPHDPQA-DR ADTDRG-GAP TVIVLVIVTI TVVIVYQAHY 
GNM11931                        AAATGPAVEE EREEEEQNVD GIFVGSSGAL EMLVVVVIIL LMIAVTKKRE KRKQRPSKY- FTIIVMLSQI EELADSHETV PPHDPQA-DR ADTDQS-GAP TVAVLVIVTI TVVIVFQAHY 
GNM12040                        ASATGPAVEE EREEEEQGVD TIFIGSSGAL EMLVVVVIIL LLIAVTTKRE KRKRRPSKY- FVIIVMLDQI EELADAHETV PPHDPQA-DR ADTERG-GAP TVAVLVIVTI TVVIVFQAHY 
GNM12071                        SAATGPAVEE EREEEEQGVD GIFIGRSGAL EMIVVVVFIL VLIAVTTKRE KRKRRPSKY- FILIVMLDQI EELADSHETV PPHDPQA-DR ADTDRG-GAP TVAVLVIITI TVVIVFQAQY 
GNM12125                        ATAEGPGVEG DPEEEEEGIV SVFLGGGGAS EIIIILVYLL VIIAVKKRKP KNRQRRKKLE LAMLVIVLVV NMISSEYPTP PPRDQRKRNR ADDQIGQTVA VYAVIVIVVI TVVIVYSVYY 
GNM12126                        PSAAAPALLG EPEEEEEGII EKFFGGGGSV EIIIVLVLLI GVVVVKVRRP KEKRRKKKVE MAIVVLILEV SVIAIEYVTP VPKDQRERNA SDDRIGETAP VYAVLVIPVV TVVIVFYVKF 
GNM12128                        ATASVPAVEG DPEEEEEGIL TIFFGGGGAS EVLIILLWLI KIVVVKRRKK RERKRKKKLE LAIIIMVLII NMLADEHVTP PPAETQQRNA SDNRTGVLAS SYALVVETTI TIILVFYSYY 
GNM12182                        ASAAVKAVMG DPEEEEEGGT DYFFGGGGGV PIIVILVKLV VIVVVKKKRA RFRQRRSQLE MILIVMIIMI NMLSNDHTTP PPKDQQKRGS SDSAIGESSQ VFIIVIMATV VVVIVYQVYY 
GNM12342                        AAAAVPAVEG EPNEEEEGII HVFIGGGGVV ELLIILVIIL IIIVIKKRRK KEKKKPTREA LLMIVLLGIV EELADERKTI PPPDPQERER SENKKGSNAK TVAIILVVMV TVVMVFGAYY 
GNM12346                        ASAMGPAIQN EREEEEEGVT AIFIGNGGAL TLLVVVVIIL VITAVKKKKE KDKRRPAKSA FCIIVLLNKV EELADTHETV PPHDPQSVER SDSKRAMGAP TVTVLVIVTI TVVIVFIVRY 
GNM12351                        VSAVGPAIET ERDEEEEGVT GVFIGNGGAL TLIIIVLIIL VITAVKKKRE HQKRRPTKFA FALIVMLAKV EELSDAHETI PPHAPQVVER SDSQRTQGAP TVAIVIIVTI TVVVIFTARY 
GNM12356                        AAAAIPAIEK EGDEEEEGII HVFIGGGGTI ELLIILVVIL IIVVVKTRKK KDKRKFTRMA LLLIIFLEIV EELADDKKTI PPHDPQDKER SENRLGATAK TVALLVTVTI TIVTVYQAYY 
GNM12357                        AAAAVPAIDK EGDEEEEGII HVFIGGGGTV ELLIILIVIL IVVVVKTRKK KDKRKFTRIA LLLIISLETV EELGDSKKTI PPHDPQDKER SENRKGSHAK TVALLVIVTV TVVSVFQAFY 
GNM12366                        AAAAVPAIDK EGDEEEEGII NVFIGGGGNV ELLIILVVIL IVVVVKTRKK KEKRKFTRIA LLLIIALETV EELGDNKKTI PPHDPQDKER SENRKGTNAK TVALLVVVTV TVVSVFQAFY 
GNM12373                        ISAIGPAIKS EREEEEEGVA TVFYGKGGSI SFVIVVVLIL VVIAVKKKRH KEKVRAVKYR FLIIVNLDKV EEIADEHETV PPHTPHDAER ADTERIEGSP TVIILIILTV TLVIVYNVTY 
GNM12385                        ASAMGPAIEL EREEEEEGVV GIFIGKGGAV SLMIVVVLIL VVIAVKKKRT KQKVRPVKYE FLIIVNLDKV EELADSHETV PPHTPQTVER ADTERAKGSP TVSVIVIVTV TIVIVYSVMY 
GNM12551                        AVAPMPAIED EKEEEEEGAE SVFLGGGGAL VIIVVVIFIF IILTTRKRRE RDKRRPAKLV YLLIVMLDVL EELSDEDETL PPHDPRSRRS ADAHEGMEAP TVAIIVVVQL VVVLVYAAKY 
GNM12554                        ATAVGPAIGM EREEEEEGVV AVFIGKGGSV SLIIIVVLIL VVIAVQKKRS KQKVRAIKYL FLIIVNLDKV EELADAHETV PPHTPQDAER SDTERAKGSP TVIVLVIATV TIVIVFNVTY 
GNM12592                        VAAMGPAIEG EREEEEEGVA AVFIGNGGAL VLLIIVVFIL VIIAVKKKRI KQKRRPTMFA FAVIVLLNKV EELSDAHETV PPHAPQSVER ADAQRSQGAP TVAILVIITI TVVVVYHVRY 
GNM12596                        VAAVGPAIET ERDEEEEGVI GVFIGNGGAL TLLIIVVIIL LITAVKKKRE HLKRRPKKFA FALIVALMKV EELSDAHETI PPHAPQKIER ADSQRARGAP TVAIVIIVTI TIVIIFTARY 
GNM12602                        VAAVGPAIET ERDEEEEGVT GVFIGNGGAL TLLIIVVIIL LITAVKKKRE HLKRRPKKFA FALIVALTKV EELSDAHETI PPHAPQKVER ADSQRARGAP TVSIVIIVTI TIVIIFTARY 
GNM12665                        VAAVGPAIET ERDEEEEGVV GVFIGNGGAL TLLIIVVIIL LITAVKKKRE HLKRRPKKFA FALIVTLMKV EELSDSHETI PPHAPQKVER ADSQRARGAP TVAIVIIVTI TIVIIFTARY 
GNM12745                        ASAAGPAVKK EKEEEEDGIS AIFFGGGDII VFLVILVFIL LATLVKDRRE KHKKRPSKIA FPLIILLSVI EEMSDDNKTL PPSSPQESER ADNLKGQNAQ VVVLLVIVLI VMVVVYQSSY 
GNM12749                        ATAVGPAIGH EREEEEEGVA SVFIGRGGNI SLIIVVVLIL VMIAVKKKRA KEKVRPIKYD YLIIVNLDKV EELNDESETV PPHTPADAER SDSERTKGSP TLVVLVILTV TVVVVFHVMY 
GNM12758                        ASAAGPAVKR EKEEEEEGII SIFIGGGGVI SLLVILVFIL VAILVREKRE RNKKRPKRIA FPLIIMLRII EELSDEHKTI PPRSPQKKER ADNIKGRSAP VVVVLVIVSI TLVVVYQVNY 
GNM12763                        ASAAAPAVER EKEEEEEGVI SVFIGGGGAV TLLVILVFIL IIILVKEKRE KNKKRPKRIT FPLIIMLRIV EELADKHRTI PPKSPQKKER ADNFKGKSAP VVVILVIVSI TLVMVYQVSY 
GNM12766                        AAAAVPAIEG ENQEEEEGVL HVFIGGGGAV ELLIIIVIIL IVVVVKRRKK KEKRKFTREA LLLIIMLEIV EELADDKKTI PPHDPQEKER SENRKGSDAK TVALLVLVTV TVVAVFHAYY 
GNM12841                        SAATGPAVED EREEEEQGVD GIFIGSSGAL EMLVTVVFIL LLIAVTKKRE KRKQRPSKY- FALIVMLDQI EELADSHETV PPHDPQA-DR ADTERT-GAP TVIVLVIVTI TVVIVYQAHY 
GNM12849                        AAMSAKAAEG DDDEEEEDVT DIFLGGGGGS SVLVVVIFLL QVTIVKKRRV KMKTKRVKLE YALLVLLRTL VMLGDKHVTL PQGNPQTKER SNVEKGAQAS TYAIIVILTI TIIIVFYLQY 
GNM12869                        AAMSAKAAEG DDDEEEEDVT DIFLGGGGGS SVFVVVIFLL QVTIVKKRRS KMKTKRVKLE YALLVLLRTL VMLGDKHVTL PQGNPQAKER SNVEKGATAS TYAIIVVLTI TIIVVFYWQY 
GNM12896                        AAMPAKAAEG DDDEEEEDVT DVFFGGGGGS SVLVVVVFLL QLIIVKKRRH KDKTKRVKLE YALLVLLGTL IMLGDKHVTP PQGQPQVRER SNVQKGNEAS TYIIIVVLTI TVVIVFYLQY 
GNM12897                        AAMPAKAAEG DDDEEEEDVT DVFFGGGGGS SVLVVVVFLL QLIIVKKRRH KDKTKRVKLE YALLVLLGTL IMLGDKHVTP PQGQPQVRER SNVQKGNEAS TYIIIVVLTI TVVIVFYLQY 
GNM12902                        ITAMAPAVET EKEEEEEGVA SIFIGGGGIL SFMVIVIMIL IAVFTKKKKA KYKKRRTRTS YLLLIDLVMI QEIGDDNLTP PPHDPKSKES SEDRLGAGSP TVAIIVLITI CAILVVSSLY 
GNM12903                        TGVAIPAVMG EKDEEEINVP EVLVDRGGSV VYVLIVIVML VVVVVFTSKK KRKRKKRRLK IALIMVLITV ESSADEHVDL VPRDPQDRGY SSNYYGLESK RFAVILEMVV VVVVVYEVYV 
GNM12906                        TGVAIPGVMG EKDEEEINMP EVLVDRGGAV VFVLIVVVML VVVVVFASKK KRKRKKKRLK IALLMTLITV ESSADEHVDL VPKDPQDRGY SSNYYGMESR RFVVILEMVV VIVVVYEVYV 
GNM12907                        TGVAIPAVMG EKDEEEINTP EVLVDRGGSV VFVLIVIVML VVTVIFPSKR KRKRKKKRLK VALILLLMTV ESSADEHVDL VPRDPQDRGF ATNYYGMESK RFVVILEMVI VVVVVFEVYV 
GNM12909                        SGVAIPGVLG ERDEEEINAP EVLVDRGGSV VFVLIVIVMV IIIIIFTSKR KRKRKKRRLK VALILVLITV ESPADEHIDL VPRDPQDRGF SNNYYGMESK RFIVILEMVI AVVVVYEVYI 
GNM12915                        AAAIGEAIEG ERGEEEEGVA SVFIGGGGQI SFLVIVIFIL VIIATKKRRE KEKKRREKIY FAILILLRVV EEVSDSHPTL PPHDPQEKDR AENREGSGAP VVVILVILTI VVVIVFYAYY 
GNM10046                        AAAIGEAVEG EKDEEEEGVA SIFIGGGGHI SFLVIVVFIL VIIATKKRRE KEKKRREKIY FAILILFKVV QQVADKHPTL PPHDPQEKDK ADTREGSGAP VVVIVILLTI VVVIVFYAYY 
GNM12918                        AAAIGEAIEG ERGEEEEGVA SVFIGGGGQI SFLVIVIFIL VIIATKKRRE KEKKRREKIY FAILILLRVV EEVSDSHPTL PPHDPQEKDR AENREGSGAP VVVILVILTI VVVIVFYAYY 
GNM12931                        ATAAGPAVGE EPEEEEMGIV NIFFGGGGMS EFFIVLLLVV GIVVVRKRKR KRRQKKKKLE LLIIVVILIV SMVRDDYETP PNRDPRKRNS ADDSISSMAP VFIVIVIQTV TIVLVYYVKY 
GNM12938                        VAASLKAVTG DPEEEEEGLA TVFYGGGGGV PIVVVLLKVV VSIVVKSRKS KLRQKRSQLE FILVVIILVV NMISEEHETP PPKDQQKRNR SENSIGEASV VYIVVVLATI VLVIVYQVFY 
GNM12996                        AAAALKAVLG EPEEEEEGGI AVFYGGGGGS PVIVILLRLV LIIAVKKKRE KPRQKRSQLE ILLVVMILVI NTLSEDNPTV PPKDQQKRGR ADNAIGETST VFIVVVVAVI VVVIVYQVYY 
GNM13018                        AAAALRAVLG EPEEEEEGGV AVFYGGGGGS PVIVILLRLV LIIAVKKKRE KPRQKRSQLE ILLVVMILII NTLSEDNPTV PPKDQQKRGR ADNAIGETST VFIIVVVAVI VIVIVYQVYY 
GNM13027                        AAASIKAVIG DPEEEEEGAI AIFYGGGGGV PIIVILLKLI FSTVVKTRRS KLRQKRSQLE FVIYVMILVV NMVSDDHVTP PPKDQQKRNR SDNQIGEAST VFIIVVMATV VVVIVYQVYY 
GNM13046                        AALPAKAAEG DDDEEEEDVT DVFLGGGGGS SVLVVVLFLL QIIIVKKRRH KNKTKRVKLQ YALLVLLNTL IMLGDKHVTL PQGKPQARER SNVQKGNEAS TYVIIVVLTI TIVVVFYLQY 
GNM13053                        AAAPATAVEG DDDEEEENII VIFIGGGGGI TFLVIVVFLL QIIVVKKKKP REKRKKVQLA FSILVFLNTL IMMAEQHVTI PQKDPQNRKR SDSSKSNEAS TYAIVVKITV TVIVVFYVYY 
GNM13074                        AAAIGEAIEG ERGEEEEGVA AVFIGGGGVI SFLVIVIFIL TIIATKKRRE KEKKRREKIY FAVFILLRIV EEVADSHPTL PPHDPQEKDR AETREGSGAP VVAILVILTI VVVIVFYTYY 
GNM10010                        TAAIGEAIEG ERGEEEEGVA SVFIGGGGVI SFLVIVVFIL TIIATKKRRE KEKKRREKIY FAIFILLKVV EEVSDEHPTL PPHDPQEKDR AETKEGSGAP VVVILVILTV VVVIVFYAYY 
GNM10014                        TAAVGEAIEG ERSEEEEGVA SVFIGGGGVI SFLVIVIFIL VIIATKKSKE KEKKRREKVY FAIFILLNVV EEVADSHPTL PPHDPQEKDR AETRTRSGSP VVAILVILTL VVVIVFYSYY 
GNM13090                        TAAIGEAIEG ERGEEEEGVA AVFIGGGGVI SFLVIVVFIL TIIATKKRKE KEKKRREKIY FAIFILLKVV EEVADEHPTL PPHDPQEKDR AETKEGSGSP VVIILVILTV VVVIVFYAYY 
GNM13118                        ASAVAPGVEG ENEEEEEGVL SIFFGGGGSI DFLVIVVLLL VAIVVKKRRK RRTRKKKRAY LLLLVLLQVI EMLRDQHVTV PVGDPQNRNG SDNYYGRQAP KFAMIIFVTV VLILVYDVYM 
GNM13126                        ATAMAPAVAD EKEEEEEGVA VIFIGGGGVL SFMVIVVLIL MAVYVKKKKS KYKKRRTKVN YLLLIDLIII QEIEDEGLTQ PPHSPSERES AEQRVGNGSP TVAILVLVTV TLIIVVSAYY 
GNM13128                        ATAMAPAVAD EKEEEEEGVA VIFIGGGGVL SFMVIVVLIL MAVYVKKKKS KYKKRRTKVN YLLLIDLTII QEIEDEGLTL PPHSPSEKES AEQKVGNGSP TVAILVLVTV TLIIVVSAFY 
GNM13208                        SATPAPGVIG ERDEEETNAP EVLIDRGGGV IFLLIVMIMI VTLVVFKSKR RRKRKKERLK YVLIILLMVV ESPADEHVDV VPKDPQERGS SSNYYGLDTK RFSIILELVV VVVVVYEVYV 
GNM13210                        AVAASPALEE EPEEEEMGVV NIFIGGGGMV EFVIIVFPII SAIVVRKRKR KRRQKKMKLA LLIIVVILTV NMVRDEYVSQ PAKDPRSRNG SDDSLARSAP TFALIIVRTI TVVVVFYISY 
GNM12773                        VAATSRAVEG EHEEEEEELV SIFIGGGGTV EFLILLIFLL RITVVKKKRK KQKKKRIRLT YAILVLLRTV EMLGDAHETL PTRDPQFKGR ADNARSTNAP TFVIIVVITI TVIVVFYVKY 



    1    1    1    1    1    1    1    1    1    1    1    1    1    1    1
    1    1    1    1    1    1    1    1    1    1    1    1    1    1    1
    1    1    1    1    1    1    1    1    1    1    1    1    1    1    1
    1    1    1    1    1    1    1    1    1    1    1    1    1    1    1
    1    1    1    1    1    1    1    1    1    1    1    1    1    1    1
    1    1    1    1    1    1    1    1    1    1    1    1    1    1    1
    1    1    1    1    1    1    1    1    1    1    1    1    1    1    1
    1    1    1    1    1    1    1    1    1    1    1    1    1    1    1


AAML (in paml version 4.9h, March 2018)  tmp0020.txt
Model: Empirical,  (../wag.dat) dGamma (ncatG=4) ns = 148  ls = 120


Frequencies..
                                    A      R      N      D      C      Q      E      G      H      I      L      K      M      F      P      S      T      W      Y      V
GNM13746                       0.07500 0.02500 0.05000 0.02500 0.00000 0.03333 0.07500 0.04167 0.00000 0.13333 0.10000 0.10833 0.02500 0.02500 0.03333 0.06667 0.02500 0.00000 0.04167 0.11667
GNM13671                       0.09167 0.06667 0.01667 0.03333 0.00000 0.03333 0.08333 0.05000 0.01667 0.16667 0.05000 0.06667 0.01667 0.02500 0.05000 0.05000 0.04167 0.00000 0.03333 0.10833
GNM13876                       0.10833 0.06667 0.01667 0.01667 0.00000 0.03333 0.09167 0.05000 0.01667 0.08333 0.10000 0.06667 0.00833 0.04167 0.04167 0.05000 0.04167 0.00000 0.01667 0.15000
GNM13680                       0.07500 0.06667 0.01667 0.05000 0.00000 0.05000 0.06667 0.06667 0.00833 0.10000 0.05000 0.07500 0.02500 0.04167 0.03333 0.03333 0.05000 0.00000 0.04167 0.15000
GNM14249                       0.08333 0.04167 0.01667 0.04167 0.00000 0.03333 0.07500 0.07500 0.00833 0.06667 0.10000 0.08333 0.02500 0.03333 0.02500 0.04167 0.07500 0.00833 0.03333 0.13333
GNM13928                       0.07500 0.04167 0.00833 0.05833 0.00000 0.04167 0.06667 0.07500 0.00833 0.07500 0.10833 0.08333 0.01667 0.03333 0.01667 0.04167 0.07500 0.00833 0.03333 0.13333
GNM14865                       0.11111 0.05983 0.00000 0.05128 0.00000 0.04274 0.11111 0.05128 0.02564 0.08547 0.06838 0.03419 0.02564 0.02564 0.05128 0.01709 0.07692 0.00000 0.01709 0.14530
GNM13455                       0.07500 0.04167 0.00833 0.05833 0.00000 0.04167 0.06667 0.08333 0.00833 0.08333 0.11667 0.08333 0.02500 0.02500 0.01667 0.04167 0.06667 0.00000 0.03333 0.12500
GNM14938                       0.06667 0.07500 0.02500 0.01667 0.00000 0.00833 0.10000 0.06667 0.02500 0.06667 0.09167 0.06667 0.02500 0.05000 0.05000 0.04167 0.05000 0.00000 0.01667 0.15833
GNM14483                       0.09167 0.04167 0.01667 0.03333 0.00000 0.04167 0.07500 0.06667 0.00833 0.08333 0.05000 0.08333 0.02500 0.05833 0.02500 0.05000 0.07500 0.00833 0.03333 0.13333
GNM14872                       0.07500 0.05000 0.01667 0.05833 0.00000 0.03333 0.06667 0.07500 0.00833 0.10000 0.05833 0.09167 0.03333 0.04167 0.03333 0.01667 0.07500 0.00000 0.05000 0.11667
GNM13855                       0.06667 0.04167 0.00833 0.05000 0.00000 0.03333 0.06667 0.05833 0.02500 0.09167 0.08333 0.08333 0.02500 0.05000 0.03333 0.05000 0.05833 0.00000 0.05000 0.12500
GNM14445                       0.09167 0.02500 0.00833 0.05000 0.00000 0.03333 0.07500 0.05833 0.00833 0.09167 0.07500 0.09167 0.01667 0.05833 0.04167 0.03333 0.07500 0.00000 0.03333 0.13333
GNM14404                       0.07500 0.04167 0.02500 0.02500 0.00000 0.01667 0.10833 0.07500 0.00833 0.09167 0.07500 0.09167 0.05000 0.00833 0.03333 0.04167 0.05000 0.00000 0.05833 0.12500
GNM14545                       0.07500 0.04167 0.02500 0.02500 0.00000 0.01667 0.10833 0.07500 0.00833 0.09167 0.07500 0.09167 0.05000 0.00833 0.03333 0.04167 0.05000 0.00000 0.05833 0.12500
GNM14366                       0.06667 0.03333 0.04167 0.05833 0.00000 0.05833 0.04167 0.07500 0.00833 0.09167 0.13333 0.07500 0.00833 0.02500 0.03333 0.03333 0.06667 0.00000 0.03333 0.11667
GNM14252                       0.08333 0.04167 0.01667 0.04167 0.00000 0.03333 0.07500 0.07500 0.00833 0.06667 0.10000 0.08333 0.02500 0.03333 0.01667 0.05000 0.07500 0.00833 0.03333 0.13333
GNM13760                       0.08333 0.04167 0.01667 0.05000 0.00000 0.04167 0.06667 0.07500 0.00833 0.07500 0.11667 0.08333 0.02500 0.02500 0.01667 0.04167 0.06667 0.00000 0.03333 0.13333
GNM13982                       0.07500 0.03333 0.01667 0.04167 0.00000 0.05000 0.07500 0.07500 0.01667 0.05833 0.11667 0.08333 0.02500 0.02500 0.03333 0.03333 0.07500 0.00000 0.03333 0.13333
GNM13960                       0.07500 0.05000 0.01667 0.04167 0.00000 0.05000 0.08333 0.06667 0.00833 0.09167 0.10833 0.08333 0.01667 0.01667 0.01667 0.02500 0.07500 0.00000 0.04167 0.13333
GNM14633                       0.07500 0.03333 0.00833 0.04167 0.00000 0.05000 0.07500 0.07500 0.01667 0.04167 0.11667 0.08333 0.02500 0.02500 0.03333 0.04167 0.07500 0.00000 0.03333 0.15000
GNM14853                       0.07500 0.03333 0.00833 0.04167 0.00000 0.05000 0.07500 0.07500 0.01667 0.04167 0.11667 0.08333 0.02500 0.02500 0.03333 0.04167 0.07500 0.00000 0.03333 0.15000
GNM14138                       0.09167 0.05000 0.02500 0.04167 0.00000 0.01667 0.09167 0.05000 0.01667 0.06667 0.08333 0.10833 0.00833 0.04167 0.02500 0.00833 0.06667 0.00000 0.02500 0.18333
GNM14055                       0.05833 0.04167 0.03333 0.04167 0.00000 0.05000 0.07500 0.06667 0.01667 0.07500 0.10833 0.10000 0.02500 0.01667 0.02500 0.02500 0.06667 0.00000 0.03333 0.14167
GNM14748                       0.09167 0.04167 0.01667 0.05000 0.00000 0.03333 0.06667 0.07500 0.00833 0.07500 0.11667 0.08333 0.02500 0.02500 0.01667 0.04167 0.07500 0.00000 0.03333 0.12500
GNM14246                       0.09167 0.06667 0.00833 0.03333 0.00000 0.00833 0.11667 0.05000 0.01667 0.10833 0.08333 0.07500 0.00833 0.04167 0.02500 0.02500 0.06667 0.00000 0.02500 0.15000
GNM14640                       0.10000 0.06667 0.00833 0.05000 0.00000 0.00833 0.10000 0.05000 0.01667 0.11667 0.07500 0.08333 0.00833 0.04167 0.03333 0.00833 0.06667 0.00000 0.02500 0.14167
GNM14965                       0.07500 0.04167 0.04167 0.05833 0.00000 0.04167 0.05833 0.06667 0.01667 0.14167 0.05833 0.08333 0.00833 0.04167 0.03333 0.02500 0.04167 0.00000 0.04167 0.12500
GNM13677                       0.10833 0.06667 0.01667 0.01667 0.00000 0.03333 0.09167 0.05000 0.01667 0.09167 0.09167 0.06667 0.00833 0.04167 0.04167 0.05000 0.04167 0.00000 0.01667 0.15000
GNM14339                       0.03333 0.08333 0.02500 0.01667 0.00000 0.03333 0.08333 0.06667 0.02500 0.10833 0.08333 0.05000 0.03333 0.02500 0.05833 0.06667 0.06667 0.00000 0.01667 0.12500
GNM14593                       0.05000 0.07500 0.01667 0.03333 0.00000 0.03333 0.08333 0.06667 0.02500 0.15000 0.05000 0.05000 0.01667 0.04167 0.06667 0.04167 0.03333 0.00000 0.01667 0.15000
GNM13825                       0.05000 0.10000 0.01667 0.01667 0.00000 0.00833 0.10000 0.06667 0.03333 0.06667 0.06667 0.04167 0.03333 0.05000 0.05000 0.05833 0.05833 0.00000 0.00833 0.17500
GNM14768                       0.05000 0.04167 0.01667 0.03333 0.00000 0.03333 0.08333 0.06667 0.01667 0.17500 0.04167 0.07500 0.00833 0.03333 0.05000 0.05833 0.03333 0.00000 0.01667 0.16667
GNM14776                       0.05833 0.04167 0.01667 0.03333 0.00000 0.03333 0.08333 0.06667 0.01667 0.18333 0.04167 0.07500 0.00833 0.03333 0.05000 0.05833 0.03333 0.00000 0.01667 0.15000
GNM14715                       0.11667 0.04167 0.02500 0.03333 0.00000 0.02500 0.08333 0.05000 0.00833 0.09167 0.05833 0.09167 0.02500 0.05833 0.02500 0.05000 0.07500 0.00833 0.03333 0.10000
GNM14639                       0.08333 0.01667 0.01667 0.06667 0.00833 0.01667 0.06667 0.05833 0.01667 0.11667 0.09167 0.10000 0.03333 0.05000 0.04167 0.01667 0.07500 0.00000 0.04167 0.08333
GNM13795                       0.08333 0.04167 0.01667 0.05000 0.00000 0.03333 0.07500 0.07500 0.00833 0.08333 0.11667 0.08333 0.02500 0.02500 0.01667 0.04167 0.07500 0.00000 0.03333 0.11667
GNM14166                       0.05833 0.04167 0.01667 0.05833 0.00000 0.05833 0.06667 0.08333 0.00833 0.06667 0.10833 0.07500 0.01667 0.03333 0.03333 0.03333 0.05833 0.00000 0.03333 0.15000
GNM14450                       0.03333 0.04167 0.02500 0.05000 0.00000 0.03333 0.07500 0.07500 0.01667 0.13333 0.10000 0.08333 0.00833 0.04167 0.03333 0.01667 0.07500 0.00000 0.03333 0.12500
GNM13515                       0.06667 0.02500 0.02500 0.04167 0.00000 0.05000 0.07500 0.08333 0.01667 0.05833 0.11667 0.08333 0.01667 0.02500 0.03333 0.03333 0.06667 0.00000 0.03333 0.15000
GNM13745                       0.05833 0.02500 0.03333 0.05000 0.00000 0.03333 0.05000 0.05000 0.01667 0.10833 0.08333 0.10000 0.00833 0.06667 0.01667 0.06667 0.08333 0.00000 0.03333 0.11667
GNM14959                       0.05983 0.06838 0.03419 0.05128 0.00000 0.02564 0.05983 0.08547 0.00855 0.09402 0.06838 0.05983 0.02564 0.03419 0.02564 0.04274 0.03419 0.00000 0.04274 0.17949
GNM13413                       0.04167 0.07500 0.02500 0.05000 0.00000 0.00000 0.07500 0.06667 0.00000 0.13333 0.06667 0.09167 0.03333 0.03333 0.04167 0.02500 0.06667 0.00000 0.04167 0.13333
GNM14990                       0.08333 0.05000 0.01667 0.05000 0.00000 0.04167 0.08333 0.05833 0.00833 0.10833 0.10833 0.08333 0.01667 0.01667 0.01667 0.03333 0.05833 0.00000 0.04167 0.12500
GNM15005                       0.07500 0.05000 0.02500 0.04167 0.00000 0.04167 0.08333 0.06667 0.00833 0.10833 0.10833 0.08333 0.01667 0.01667 0.01667 0.03333 0.05833 0.00000 0.04167 0.12500
GNM14992                       0.07609 0.03261 0.03261 0.04348 0.00000 0.04348 0.08696 0.06522 0.01087 0.09783 0.08696 0.08696 0.01087 0.01087 0.02174 0.04348 0.07609 0.00000 0.05435 0.11957
GNM15013                       0.07500 0.05000 0.01667 0.04167 0.00000 0.05000 0.08333 0.06667 0.00833 0.09167 0.10833 0.08333 0.01667 0.01667 0.01667 0.02500 0.07500 0.00000 0.04167 0.13333
GNM15014                       0.08491 0.04717 0.02830 0.03774 0.00000 0.04717 0.09434 0.04717 0.00943 0.10377 0.13208 0.07547 0.01887 0.00943 0.01887 0.03774 0.05660 0.00000 0.04717 0.10377
GNM14976                       0.07500 0.05000 0.01667 0.04167 0.00000 0.04167 0.08333 0.06667 0.00833 0.10000 0.10833 0.09167 0.01667 0.01667 0.01667 0.02500 0.07500 0.00000 0.04167 0.12500
GNM15022                       0.07500 0.05000 0.01667 0.04167 0.00000 0.05000 0.08333 0.06667 0.00833 0.09167 0.10833 0.08333 0.01667 0.01667 0.01667 0.02500 0.07500 0.00000 0.04167 0.13333
GNM15018                       0.07500 0.04167 0.01667 0.05000 0.00000 0.03333 0.07500 0.07500 0.00833 0.06667 0.10000 0.08333 0.02500 0.03333 0.01667 0.05000 0.07500 0.00833 0.03333 0.13333
GNM15025                       0.06667 0.04762 0.03810 0.02857 0.00000 0.03810 0.09524 0.06667 0.01905 0.06667 0.12381 0.07619 0.00952 0.00952 0.01905 0.03810 0.06667 0.00000 0.04762 0.14286
GNM15024                       0.07500 0.04167 0.01667 0.05000 0.00000 0.03333 0.07500 0.07500 0.00833 0.06667 0.10000 0.08333 0.02500 0.03333 0.01667 0.05000 0.07500 0.00833 0.03333 0.13333
GNM14980                       0.07500 0.04167 0.01667 0.05000 0.00000 0.03333 0.07500 0.07500 0.00833 0.06667 0.10000 0.08333 0.02500 0.03333 0.01667 0.05000 0.07500 0.00833 0.03333 0.13333
GNM15000                       0.07500 0.04167 0.01667 0.05000 0.00000 0.03333 0.07500 0.07500 0.00833 0.06667 0.10000 0.08333 0.02500 0.03333 0.01667 0.05000 0.07500 0.00833 0.03333 0.13333
GNM15026                       0.07273 0.04545 0.03636 0.03636 0.00000 0.03636 0.09091 0.05455 0.01818 0.08182 0.11818 0.08182 0.02727 0.00909 0.01818 0.03636 0.05455 0.00000 0.04545 0.13636
GNM15027                       0.08333 0.04167 0.03333 0.04167 0.00000 0.01667 0.06667 0.05833 0.01667 0.07500 0.09167 0.06667 0.02500 0.05833 0.03333 0.04167 0.06667 0.00000 0.04167 0.14167
GNM15019                       0.09167 0.04167 0.00833 0.05000 0.00000 0.03333 0.07500 0.06667 0.00833 0.06667 0.10833 0.07500 0.01667 0.03333 0.01667 0.05000 0.07500 0.00833 0.03333 0.14167
GNM15003                       0.07500 0.05000 0.01667 0.04167 0.00000 0.04167 0.08333 0.06667 0.00833 0.10000 0.10833 0.09167 0.01667 0.01667 0.01667 0.03333 0.06667 0.00000 0.04167 0.12500
GNM11003                       0.05833 0.03333 0.00833 0.03333 0.00000 0.04167 0.07500 0.10000 0.00833 0.10000 0.07500 0.08333 0.02500 0.01667 0.04167 0.04167 0.04167 0.00000 0.03333 0.18333
GNM11023                       0.10833 0.08333 0.01667 0.02500 0.00000 0.02500 0.08333 0.05833 0.00833 0.10833 0.06667 0.06667 0.01667 0.03333 0.05000 0.03333 0.05000 0.00000 0.01667 0.15000
GNM11055                       0.11667 0.04167 0.02500 0.03333 0.00000 0.01667 0.10000 0.05000 0.02500 0.09167 0.05833 0.09167 0.02500 0.04167 0.04167 0.02500 0.04167 0.00000 0.01667 0.15833
GNM11146                       0.04274 0.05983 0.04274 0.04274 0.00000 0.04274 0.05983 0.05128 0.00000 0.12821 0.08547 0.07692 0.02564 0.03419 0.03419 0.02564 0.07692 0.00000 0.02564 0.14530
GNM11219                       0.12500 0.10000 0.00833 0.03333 0.00000 0.01667 0.12500 0.06667 0.02500 0.09167 0.08333 0.02500 0.03333 0.01667 0.02500 0.01667 0.04167 0.00000 0.03333 0.13333
GNM11220                       0.05833 0.07500 0.00000 0.02500 0.00000 0.04167 0.10000 0.05833 0.00833 0.08333 0.09167 0.07500 0.03333 0.01667 0.04167 0.05000 0.03333 0.00833 0.04167 0.15833
GNM11222                       0.09167 0.03333 0.04167 0.04167 0.00000 0.01667 0.08333 0.05000 0.00833 0.04167 0.10000 0.09167 0.03333 0.00833 0.03333 0.02500 0.04167 0.00000 0.05000 0.20833
GNM11224                       0.09346 0.07477 0.01869 0.02804 0.00000 0.00000 0.11215 0.05607 0.01869 0.12150 0.07477 0.06542 0.01869 0.03738 0.02804 0.02804 0.04673 0.00000 0.02804 0.14953
GNM11225                       0.08333 0.07500 0.01667 0.03333 0.00000 0.00833 0.10000 0.05833 0.01667 0.11667 0.06667 0.05833 0.00833 0.04167 0.02500 0.05000 0.06667 0.00000 0.02500 0.15000
GNM11358                       0.06667 0.04167 0.00833 0.05000 0.00000 0.04167 0.06667 0.05833 0.01667 0.10833 0.08333 0.08333 0.03333 0.05000 0.03333 0.05833 0.03333 0.00000 0.05000 0.11667
GNM11360                       0.07500 0.04167 0.00833 0.05833 0.00000 0.04167 0.06667 0.08333 0.00833 0.08333 0.11667 0.08333 0.02500 0.02500 0.01667 0.04167 0.06667 0.00000 0.03333 0.12500
GNM11362                       0.06667 0.05833 0.01667 0.05833 0.00000 0.04167 0.06667 0.07500 0.01667 0.11667 0.11667 0.07500 0.02500 0.03333 0.02500 0.02500 0.05000 0.00000 0.03333 0.10000
GNM11367                       0.07500 0.03333 0.01667 0.04167 0.00000 0.05000 0.07500 0.07500 0.01667 0.05833 0.11667 0.08333 0.02500 0.02500 0.03333 0.03333 0.07500 0.00000 0.03333 0.13333
GNM11377                       0.07500 0.05000 0.00833 0.05833 0.00000 0.03333 0.06667 0.07500 0.00833 0.09167 0.05833 0.09167 0.03333 0.04167 0.03333 0.02500 0.07500 0.00000 0.05000 0.12500
GNM11380                       0.05833 0.04167 0.01667 0.05833 0.00000 0.05000 0.06667 0.08333 0.01667 0.06667 0.10833 0.07500 0.01667 0.03333 0.03333 0.03333 0.05833 0.00000 0.03333 0.15000
GNM11383                       0.07500 0.03333 0.04167 0.05833 0.00000 0.05833 0.04167 0.07500 0.00833 0.08333 0.11667 0.07500 0.01667 0.03333 0.02500 0.03333 0.07500 0.00000 0.04167 0.10833
GNM11491                       0.07407 0.01852 0.01852 0.05556 0.00000 0.05556 0.07407 0.06481 0.01852 0.06481 0.08333 0.09259 0.02778 0.02778 0.01852 0.05556 0.07407 0.00000 0.03704 0.13889
GNM11804                       0.09167 0.05000 0.03333 0.01667 0.00000 0.01667 0.10000 0.05000 0.02500 0.09167 0.05833 0.07500 0.02500 0.04167 0.03333 0.04167 0.05000 0.00000 0.02500 0.17500
GNM11805                       0.09167 0.03333 0.01667 0.02500 0.00833 0.00833 0.10000 0.06667 0.00833 0.13333 0.06667 0.09167 0.03333 0.04167 0.04167 0.05833 0.05833 0.00000 0.01667 0.10000
GNM12883                       0.07500 0.05833 0.01667 0.04167 0.00000 0.04167 0.07500 0.05833 0.00833 0.10000 0.06667 0.08333 0.01667 0.04167 0.03333 0.04167 0.05833 0.00000 0.04167 0.14167
GNM12886                       0.07500 0.05833 0.00833 0.05000 0.00000 0.05000 0.06667 0.05833 0.00833 0.09167 0.05000 0.08333 0.02500 0.04167 0.03333 0.05000 0.04167 0.00000 0.04167 0.16667
GNM12892                       0.07500 0.04167 0.04167 0.05833 0.00000 0.04167 0.05833 0.06667 0.00833 0.15833 0.05833 0.08333 0.00833 0.04167 0.03333 0.02500 0.03333 0.00000 0.04167 0.12500
GNM12895                       0.03333 0.04167 0.02500 0.05000 0.00000 0.03333 0.07500 0.07500 0.01667 0.13333 0.10000 0.08333 0.00833 0.04167 0.03333 0.01667 0.07500 0.00000 0.03333 0.12500
GNM13061                       0.10000 0.01667 0.02500 0.05000 0.00000 0.09167 0.05000 0.04167 0.00833 0.08333 0.09167 0.10833 0.04167 0.03333 0.02500 0.04167 0.03333 0.00000 0.03333 0.12500
GNM13062                       0.10524 0.05263 0.00002 0.05263 0.00002 0.02633 0.07893 0.00002 0.00002 0.13154 0.07893 0.10524 0.02633 0.02633 0.02633 0.07893 0.07893 0.00002 0.02633 0.10524
GNM13064                       0.05833 0.05833 0.05000 0.04167 0.00000 0.02500 0.06667 0.06667 0.00833 0.09167 0.05000 0.06667 0.02500 0.06667 0.02500 0.05833 0.05833 0.00000 0.02500 0.15833
GNM13066                       0.05833 0.05833 0.05000 0.04167 0.00000 0.01667 0.06667 0.06667 0.00833 0.12500 0.05000 0.07500 0.02500 0.06667 0.02500 0.06667 0.05000 0.00000 0.02500 0.12500
GNM11032                       0.04202 0.09244 0.01681 0.02521 0.00000 0.02521 0.07563 0.05882 0.01681 0.09244 0.10924 0.05042 0.01681 0.01681 0.06723 0.07563 0.05882 0.00000 0.02521 0.13445
GNM11363                       0.06667 0.05833 0.01667 0.05833 0.00000 0.04167 0.06667 0.07500 0.01667 0.11667 0.11667 0.07500 0.02500 0.03333 0.02500 0.02500 0.05000 0.00000 0.03333 0.10000
GNM11375                       0.08333 0.04167 0.01667 0.05000 0.00000 0.04167 0.06667 0.07500 0.00833 0.07500 0.11667 0.08333 0.02500 0.02500 0.01667 0.04167 0.06667 0.00000 0.03333 0.13333
GNM11381                       0.05833 0.03333 0.04167 0.05000 0.00000 0.05000 0.04167 0.07500 0.00833 0.09167 0.11667 0.07500 0.01667 0.02500 0.03333 0.05000 0.07500 0.00000 0.04167 0.11667
GNM11382                       0.07500 0.04167 0.04167 0.05000 0.00000 0.05833 0.05000 0.07500 0.00833 0.08333 0.12500 0.06667 0.01667 0.02500 0.02500 0.03333 0.06667 0.00000 0.03333 0.12500
GNM11841                       0.11111 0.04274 0.00855 0.05983 0.00000 0.04274 0.10256 0.05983 0.02564 0.10256 0.05983 0.04274 0.02564 0.01709 0.05128 0.02564 0.05983 0.00000 0.02564 0.13675
GNM11931                       0.10256 0.04274 0.00855 0.05128 0.00000 0.05128 0.10256 0.04274 0.02564 0.08547 0.05983 0.04274 0.02564 0.02564 0.05128 0.05128 0.06838 0.00000 0.01709 0.14530
GNM12040                       0.10256 0.05983 0.00000 0.05128 0.00000 0.03419 0.11111 0.05128 0.02564 0.09402 0.06838 0.03419 0.01709 0.02564 0.05128 0.03419 0.07692 0.00000 0.01709 0.14530
GNM12071                       0.09402 0.06838 0.00000 0.05983 0.00000 0.04274 0.10256 0.05983 0.01709 0.10256 0.05983 0.03419 0.01709 0.03419 0.05128 0.03419 0.06838 0.00000 0.01709 0.13675
GNM12125                       0.06667 0.06667 0.02500 0.03333 0.00000 0.03333 0.08333 0.07500 0.00000 0.11667 0.06667 0.05833 0.01667 0.00833 0.05833 0.04167 0.03333 0.00000 0.05000 0.16667
GNM12126                       0.07500 0.05833 0.00833 0.02500 0.00000 0.00833 0.11667 0.06667 0.00000 0.10833 0.06667 0.07500 0.00833 0.03333 0.06667 0.03333 0.02500 0.00000 0.02500 0.20000
GNM12128                       0.08333 0.05833 0.02500 0.02500 0.00000 0.01667 0.10000 0.05833 0.00833 0.11667 0.10000 0.06667 0.01667 0.02500 0.04167 0.05000 0.06667 0.00833 0.03333 0.10000
GNM12182                       0.05833 0.05000 0.01667 0.04167 0.00000 0.05000 0.05833 0.08333 0.00833 0.11667 0.04167 0.05833 0.05000 0.03333 0.04167 0.06667 0.03333 0.00000 0.03333 0.15833
GNM12342                       0.08333 0.05000 0.02500 0.01667 0.00000 0.00833 0.12500 0.07500 0.00833 0.13333 0.08333 0.09167 0.02500 0.01667 0.05833 0.01667 0.03333 0.00000 0.01667 0.13333
GNM12346                       0.09167 0.05000 0.02500 0.03333 0.00833 0.01667 0.09167 0.05000 0.01667 0.10000 0.06667 0.07500 0.01667 0.02500 0.05000 0.04167 0.07500 0.00000 0.00833 0.15833
GNM12351                       0.10000 0.05833 0.00833 0.02500 0.00000 0.03333 0.09167 0.05833 0.02500 0.12500 0.05833 0.05000 0.00833 0.03333 0.05000 0.03333 0.09167 0.00000 0.00833 0.14167
GNM12356                       0.09167 0.04167 0.00833 0.05000 0.00000 0.01667 0.10000 0.05833 0.01667 0.14167 0.10000 0.09167 0.00833 0.02500 0.03333 0.00833 0.08333 0.00000 0.02500 0.10000
GNM12357                       0.07500 0.04167 0.00833 0.05000 0.00000 0.01667 0.09167 0.06667 0.02500 0.11667 0.09167 0.10000 0.00000 0.03333 0.03333 0.04167 0.06667 0.00000 0.00833 0.13333
GNM12366                       0.08333 0.04167 0.04167 0.04167 0.00000 0.01667 0.10000 0.06667 0.00833 0.10000 0.09167 0.10000 0.00000 0.03333 0.03333 0.01667 0.06667 0.00000 0.00833 0.15000
GNM12373                       0.06667 0.05000 0.01667 0.03333 0.00000 0.00000 0.11667 0.05000 0.03333 0.13333 0.05833 0.07500 0.00000 0.02500 0.04167 0.04167 0.06667 0.00000 0.03333 0.15833
GNM12385                       0.06667 0.04167 0.00833 0.02500 0.00000 0.01667 0.10833 0.05833 0.01667 0.10000 0.05833 0.07500 0.02500 0.01667 0.05000 0.05000 0.06667 0.00000 0.02500 0.19167
GNM12551                       0.10000 0.07500 0.00000 0.05833 0.00000 0.00833 0.12500 0.05000 0.01667 0.08333 0.10000 0.04167 0.02500 0.02500 0.05833 0.03333 0.03333 0.00000 0.02500 0.14167
GNM12554                       0.09167 0.04167 0.01667 0.03333 0.00000 0.02500 0.09167 0.05833 0.01667 0.11667 0.06667 0.06667 0.00833 0.02500 0.04167 0.04167 0.06667 0.00000 0.01667 0.17500
GNM12592                       0.12500 0.05833 0.01667 0.01667 0.00000 0.03333 0.09167 0.05833 0.02500 0.10833 0.06667 0.05000 0.01667 0.03333 0.05000 0.02500 0.04167 0.00000 0.01667 0.16667
GNM12596                       0.12500 0.06667 0.00833 0.02500 0.00000 0.01667 0.09167 0.05833 0.02500 0.15000 0.07500 0.06667 0.00833 0.03333 0.05000 0.01667 0.06667 0.00000 0.00833 0.10833
GNM12602                       0.11667 0.06667 0.00833 0.02500 0.00000 0.01667 0.09167 0.05833 0.02500 0.13333 0.07500 0.06667 0.00000 0.03333 0.05000 0.02500 0.08333 0.00000 0.00833 0.11667
GNM12665                       0.10833 0.06667 0.00833 0.02500 0.00000 0.01667 0.09167 0.05833 0.02500 0.13333 0.07500 0.06667 0.00833 0.03333 0.05000 0.02500 0.07500 0.00000 0.00833 0.12500
GNM12745                       0.07500 0.03333 0.02500 0.05000 0.00000 0.03333 0.08333 0.05000 0.00833 0.10000 0.10833 0.08333 0.01667 0.04167 0.05000 0.08333 0.01667 0.00000 0.01667 0.12500
GNM12749                       0.06667 0.05000 0.02500 0.04167 0.00000 0.00000 0.10833 0.05833 0.02500 0.09167 0.07500 0.06667 0.01667 0.01667 0.05000 0.05000 0.05833 0.00000 0.02500 0.17500
GNM12758                       0.06667 0.08333 0.02500 0.01667 0.00000 0.01667 0.10000 0.05833 0.00833 0.14167 0.08333 0.08333 0.00833 0.02500 0.05833 0.05833 0.01667 0.00000 0.01667 0.13333
GNM12763                       0.07500 0.05833 0.01667 0.01667 0.00000 0.01667 0.10000 0.05000 0.00833 0.12500 0.08333 0.10833 0.01667 0.03333 0.05833 0.05000 0.03333 0.00000 0.01667 0.13333
GNM12766                       0.10000 0.05000 0.01667 0.03333 0.00000 0.01667 0.12500 0.05833 0.02500 0.10000 0.10000 0.09167 0.00833 0.02500 0.03333 0.01667 0.04167 0.00000 0.01667 0.14167
GNM12841                       0.09402 0.05128 0.00000 0.05983 0.00000 0.04274 0.10256 0.05128 0.02564 0.08547 0.07692 0.04274 0.01709 0.02564 0.05128 0.04274 0.07692 0.00000 0.02564 0.12821
GNM12849                       0.07500 0.04167 0.01667 0.05000 0.00000 0.04167 0.06667 0.07500 0.00833 0.08333 0.11667 0.08333 0.02500 0.02500 0.01667 0.04167 0.07500 0.00000 0.03333 0.12500
GNM12869                       0.08333 0.04167 0.01667 0.05000 0.00000 0.03333 0.06667 0.07500 0.00833 0.06667 0.10000 0.08333 0.02500 0.03333 0.01667 0.05000 0.07500 0.00833 0.03333 0.13333
GNM12896                       0.05833 0.04167 0.01667 0.05833 0.00000 0.05000 0.06667 0.08333 0.01667 0.06667 0.10833 0.07500 0.01667 0.03333 0.03333 0.03333 0.05833 0.00000 0.03333 0.15000
GNM12897                       0.05833 0.04167 0.01667 0.05833 0.00000 0.05000 0.06667 0.08333 0.01667 0.06667 0.10833 0.07500 0.01667 0.03333 0.03333 0.03333 0.05833 0.00000 0.03333 0.15000
GNM12902                       0.07500 0.03333 0.00833 0.04167 0.00833 0.00833 0.08333 0.06667 0.00833 0.13333 0.09167 0.08333 0.03333 0.02500 0.05000 0.07500 0.06667 0.00000 0.02500 0.08333
GNM12903                       0.04167 0.06667 0.01667 0.05000 0.00000 0.00833 0.08333 0.05000 0.00833 0.06667 0.07500 0.07500 0.03333 0.01667 0.03333 0.05833 0.02500 0.00000 0.05000 0.24167
GNM12906                       0.04167 0.05833 0.01667 0.05000 0.00000 0.00833 0.08333 0.05833 0.00833 0.05833 0.07500 0.08333 0.05000 0.02500 0.03333 0.05000 0.02500 0.00000 0.04167 0.23333
GNM12907                       0.04167 0.06667 0.01667 0.05000 0.00000 0.00833 0.08333 0.05000 0.00833 0.06667 0.08333 0.07500 0.04167 0.04167 0.04167 0.04167 0.04167 0.00000 0.02500 0.21667
GNM12909                       0.04167 0.08333 0.02500 0.05000 0.00000 0.00833 0.08333 0.05833 0.00833 0.13333 0.07500 0.05833 0.02500 0.03333 0.04167 0.05000 0.01667 0.00000 0.03333 0.17500
GNM12915                       0.08333 0.06667 0.00833 0.02500 0.00000 0.01667 0.12500 0.08333 0.01667 0.13333 0.06667 0.05833 0.00000 0.04167 0.04167 0.04167 0.02500 0.00000 0.03333 0.13333
GNM10046                       0.09167 0.04167 0.00000 0.04167 0.00000 0.02500 0.10000 0.07500 0.02500 0.12500 0.05833 0.09167 0.00000 0.05000 0.04167 0.02500 0.03333 0.00000 0.03333 0.14167
GNM12918                       0.08333 0.06667 0.00833 0.02500 0.00000 0.01667 0.12500 0.08333 0.01667 0.13333 0.06667 0.05833 0.00000 0.04167 0.04167 0.04167 0.02500 0.00000 0.03333 0.13333
GNM12931                       0.05000 0.07500 0.02500 0.04167 0.00000 0.01667 0.07500 0.06667 0.00000 0.10833 0.06667 0.07500 0.03333 0.04167 0.05000 0.05000 0.03333 0.00000 0.03333 0.15833
GNM12938                       0.05000 0.04167 0.02500 0.01667 0.00000 0.04167 0.09167 0.06667 0.00833 0.08333 0.08333 0.06667 0.00833 0.02500 0.04167 0.07500 0.03333 0.00000 0.03333 0.20833
GNM12996                       0.08333 0.05000 0.02500 0.02500 0.00000 0.04167 0.08333 0.08333 0.00000 0.10000 0.09167 0.06667 0.00833 0.01667 0.05000 0.03333 0.03333 0.00000 0.03333 0.17500
GNM13018                       0.08333 0.05833 0.02500 0.02500 0.00000 0.04167 0.08333 0.08333 0.00000 0.11667 0.09167 0.05833 0.00833 0.01667 0.05000 0.03333 0.03333 0.00000 0.03333 0.15833
GNM13027                       0.06667 0.05000 0.02500 0.04167 0.00000 0.05000 0.05833 0.06667 0.00833 0.11667 0.05000 0.05833 0.02500 0.03333 0.04167 0.05833 0.04167 0.00000 0.04167 0.16667
GNM13046                       0.06667 0.04167 0.03333 0.05000 0.00000 0.05000 0.05833 0.07500 0.01667 0.06667 0.13333 0.08333 0.00833 0.02500 0.02500 0.03333 0.05833 0.00000 0.03333 0.14167
GNM13053                       0.07500 0.03333 0.03333 0.04167 0.00000 0.04167 0.06667 0.05000 0.00833 0.11667 0.05833 0.09167 0.01667 0.05000 0.03333 0.05000 0.05833 0.00000 0.03333 0.14167
GNM13074                       0.10000 0.06667 0.00000 0.02500 0.00000 0.00833 0.12500 0.08333 0.01667 0.13333 0.05833 0.05833 0.00000 0.05000 0.04167 0.02500 0.05000 0.00000 0.03333 0.12500
GNM10010                       0.07500 0.05000 0.00000 0.02500 0.00000 0.00833 0.13333 0.08333 0.01667 0.11667 0.05833 0.07500 0.00000 0.05000 0.04167 0.03333 0.05000 0.00000 0.03333 0.15000
GNM10014                       0.07500 0.05000 0.00833 0.02500 0.00000 0.00833 0.11667 0.06667 0.01667 0.10833 0.06667 0.06667 0.00000 0.05000 0.04167 0.06667 0.05000 0.00000 0.03333 0.15000
GNM13090                       0.08333 0.04167 0.00000 0.02500 0.00000 0.00833 0.13333 0.08333 0.01667 0.12500 0.05833 0.08333 0.00000 0.05000 0.04167 0.02500 0.05000 0.00000 0.03333 0.14167
GNM13118                       0.05833 0.07500 0.03333 0.04167 0.00000 0.03333 0.06667 0.08333 0.00833 0.06667 0.11667 0.05833 0.02500 0.04167 0.03333 0.03333 0.02500 0.00000 0.04167 0.15833
GNM13126                       0.08333 0.03333 0.01667 0.02500 0.00000 0.02500 0.10000 0.06667 0.00833 0.10000 0.09167 0.07500 0.02500 0.01667 0.04167 0.05833 0.05000 0.00000 0.04167 0.14167
GNM13128                       0.08333 0.01667 0.01667 0.02500 0.00000 0.01667 0.10000 0.06667 0.00833 0.09167 0.10000 0.09167 0.02500 0.02500 0.04167 0.05833 0.05833 0.00000 0.03333 0.14167
GNM13208                       0.03333 0.07500 0.01667 0.05000 0.00000 0.00833 0.09167 0.05833 0.00833 0.08333 0.09167 0.06667 0.02500 0.02500 0.05000 0.05833 0.03333 0.00000 0.04167 0.18333
GNM13210                       0.08333 0.08333 0.02500 0.03333 0.00000 0.01667 0.07500 0.05000 0.00000 0.11667 0.05833 0.05833 0.03333 0.04167 0.05000 0.06667 0.03333 0.00000 0.02500 0.15000
GNM12773                       0.06667 0.07500 0.01667 0.02500 0.00000 0.01667 0.09167 0.05833 0.01667 0.10000 0.10000 0.08333 0.00833 0.05000 0.02500 0.02500 0.09167 0.00000 0.02500 0.12500

Homogeneity statistic: X2 = 15.92557 G = 15.24031 

Average                        0.07676 0.05091 0.01896 0.04043 0.00023 0.03075 0.08433 0.06543 0.01321 0.09908 0.08582 0.07602 0.01970 0.03200 0.03553 0.04026 0.05700 0.00074 0.03138 0.14145
(Ambiguity characters are used to calculate freqs.)


# constant sites:      0 (0.00%)

TREE #  1:  ((((((((43, 147), 132), (61, 96)), 97), 98), (((134, 135), (99, 60)), (133, 136))), ((((((126, 125), 128), 127), 146), (63, 42)), 143)), (((((((((((((((((((44, 45), ((47, 50), 20)), 49), 59), (46, 48)), (52, 56)), 24), (((72, 19), (22, 21)), 40)), ((((((((55, 53), 54), 51), 121), (17, 5)), (((58, (25, 37)), 6), (89, 18))), ((8, 70), 120)), 76)), 137), (((90, 75), 16), 91)), (((122, 74), 123), 38)), (((((80, 4), 79), (73, 11)), (28, 81)), (12, 69))), (82, 39)), (88, 71)), ((((85, 86), 41), (13, 138)), (((35, 84), 10), 57))), ((1, 83), 36)), ((((33, 34), (2, 31)), (3, 29)), ((9, 32), (30, 87)))), (((((((23, 27), 26), 148), (67, 68)), 64), 66), ((15, 14), 65))), (((((((((((113, 111), 112), 102), 110), 101), (((109, 107), 115), 106)), ((((94, 7), 95), (92, 119)), 93)), (62, 77)), ((145, 144), (78, 124))), ((((((105, 104), 103), 118), 100), ((114, 116), 117)), 108)), ((((140, 141), 142), 139), ((131, 129), 130))));   MP score: -1
lnL(ntime:293  np:294): -12754.620400      +0.000000
 149..150 150..151 151..152 152..153 153..154 154..155 155..156 156..43  156..147 155..132 154..157 157..61  157..96  153..97  152..98  151..158 158..159 159..160 160..134 160..135 159..161 161..99  161..60  158..162 162..133 162..136 150..163 163..164 164..165 165..166 166..167 167..168 168..126 168..125 167..128 166..127 165..146 164..169 169..63  169..42  163..143 149..170 170..171 171..172 172..173 173..174 174..175 175..176 176..177 177..178 178..179 179..180 180..181 181..182 182..183 183..184 184..185 185..186 186..187 187..188 188..44  188..45  187..189 189..190 190..47  190..50  189..20  186..49  185..59  184..191 191..46  191..48  183..192 192..52  192..56  182..24  181..193 193..194 194..195 195..72  195..19  194..196 196..22  196..21  193..40  180..197 197..198 198..199 199..200 200..201 201..202 202..203 203..204 204..55  204..53  203..54  202..51  201..121 200..205 205..17  205..5   199..206 206..207 207..208 208..58  208..209 209..25  209..37  207..6   206..210 210..89  210..18  198..211 211..212 212..8   212..70  211..120 197..76  179..137 178..213 213..214 214..215 215..90  215..75  214..16  213..91  177..216 216..217 217..218 218..122 218..74  217..123 216..38  176..219 219..220 220..221 221..222 222..223 223..80  223..4   222..79  221..224 224..73  224..11  220..225 225..28  225..81  219..226 226..12  226..69  175..227 227..82  227..39  174..228 228..88  228..71  173..229 229..230 230..231 231..232 232..85  232..86  231..41  230..233 233..13  233..138 229..234 234..235 235..236 236..35  236..84  235..10  234..57  172..237 237..238 238..1   238..83  237..36  171..239 239..240 240..241 241..242 242..33  242..34  241..243 243..2   243..31  240..244 244..3   244..29  239..245 245..246 246..9   246..32  245..247 247..30  247..87  170..248 248..249 249..250 250..251 251..252 252..253 253..254 254..23  254..27  253..26  252..148 251..255 255..67  255..68  250..64  249..66  248..256 256..257 257..15  257..14  256..65  149..258 258..259 259..260 260..261 261..262 262..263 263..264 264..265 265..266 266..267 267..268 268..113 268..111 267..112 266..102 265..110 264..101 263..269 269..270 270..271 271..109 271..107 270..115 269..106 262..272 272..273 273..274 274..275 275..94  275..7   274..95  273..276 276..92  276..119 272..93  261..277 277..62  277..77  260..278 278..279 279..145 279..144 278..280 280..78  280..124 259..281 281..282 282..283 283..284 284..285 285..286 286..105 286..104 285..103 284..118 283..100 282..287 287..288 288..114 288..116 287..117 281..108 258..289 289..290 290..291 291..292 292..140 292..141 291..142 290..139 289..293 293..294 294..131 294..129 293..130
 0.006728 0.205542 0.049093 0.073226 0.000000 0.264648 0.174483 0.222877 0.160053 0.210218 0.033082 0.593375 0.252362 0.384326 0.389625 0.335456 0.061767 0.178323 0.007488 0.031363 0.069243 0.157098 0.065754 0.052808 0.214104 0.085433 0.239026 0.191152 0.499906 0.240913 0.011833 0.055882 0.074035 0.038197 0.118923 0.069460 0.119281 0.166313 0.687792 0.291371 0.316167 0.065788 0.000000 0.251127 0.021452 0.178166 0.037640 0.006339 0.188760 0.010026 0.027874 0.023894 0.064847 0.056644 0.028964 0.022991 0.021772 0.004930 0.000000 0.035630 0.014885 0.000000 0.009720 0.000000 0.000000 0.000000 0.000000 0.009788 0.007797 0.043580 0.077110 0.010153 0.029431 0.051143 0.034934 0.079167 0.049331 0.084836 0.005240 0.000000 0.000000 0.017652 0.000000 0.000000 0.034691 0.088562 0.020257 0.000000 0.032254 0.000000 0.007583 0.000000 0.000000 0.000000 0.000000 0.000000 0.000000 0.000000 0.007540 0.000000 0.007598 0.007540 0.000000 0.007713 0.054825 0.022877 0.000000 0.015216 0.038717 0.000000 0.000000 0.000000 0.000000 0.030666 0.000000 0.000000 0.022827 0.182565 0.039453 0.095494 0.024426 0.014394 0.041016 0.046396 0.009503 0.049192 0.040610 0.000000 0.000000 0.000000 0.000000 0.000000 0.007748 0.106479 0.000000 0.053618 0.000000 0.044088 0.023254 0.022648 0.035677 0.081522 0.008174 0.007132 0.077925 0.000000 0.015430 0.190001 0.011729 0.027109 0.141413 0.000000 0.000000 0.171984 0.000000 0.000000 0.129847 0.023914 0.179946 0.082932 0.034273 0.019399 0.099126 0.144117 0.126262 0.034469 0.020784 0.291955 0.039572 0.018108 0.110037 0.048674 0.216869 0.099008 0.504647 0.317427 0.239804 0.380103 0.259912 0.025507 0.157616 0.153903 0.014522 0.000000 0.042013 0.172992 0.086999 0.346343 0.007421 0.000000 0.132863 0.340180 0.069849 0.027784 0.178747 0.097526 0.130894 0.116569 0.000000 0.017259 0.133922 0.057815 0.014246 0.041203 0.110326 0.023755 0.027340 0.263080 0.000000 0.059230 0.136594 0.313985 0.368431 0.165493 0.322408 0.000000 0.000000 0.249960 0.216499 0.044497 0.010074 0.102522 0.114635 0.049208 0.018790 0.064118 0.140355 0.063534 0.014697 0.020594 0.010324 0.007957 0.053048 0.090680 0.160132 0.280068 0.000000 0.034051 0.075966 0.137527 0.180062 0.208621 0.246198 0.000000 0.017180 0.030002 0.013111 0.018762 0.066618 0.025966 0.034835 0.066085 0.068272 0.184450 0.065458 0.115665 0.548096 0.075087 0.031190 0.006926 0.140753 0.178034 0.147544 0.000000 0.075840 0.167718 0.087456 0.088008 0.056908 0.039854 0.030283 0.097863 0.057673 0.143487 0.270401 0.128420 0.337615 0.031289 0.021627 0.549221 0.314556 0.028596 0.045465 0.000000 0.010590 0.131215 0.030720 0.042140 0.000000 0.015265 0.000000 0.000000 0.132879 1.879049
