
Printing out site pattern counts


       142        232  P

GNM13746                        -AAAAAAAAA AAAAAAAAAA AACDDDDDDD DDDEEEEEEE EEEEEEEEEE EEEFFFFFFF FFFFFFFFFG GGGGGGGGGG GGGHHHHHHI IIIIIIIIII IIIIIIIIII IKKKKKKKKK KKKKKKKKKK LLLLLLLLLL LLLLLLMMMN NNNNNNNNNP PPPQQQQQRR RRRRRSSSSS SSSSSSSSST TTTTTTTTTT TVVVVVVVVV VVVVVVVVVV WWYYYYYYYY YY
GNM13538                        -AAAAAAAAA AAAAAAAKLS SSCDDDEMNQ SSSADDDEEE EEEEEGGKKP QSVFFFFFII IKLNTVWYYA GGGGGGGGGK NSSHHHHHPI IIIIIIIIIK KLLLMTVVVV VDDGHHIIKK KMPQRRRRRS EIIIILLLLL LLRVVVAMNA DKKNNNNNTP PPRLNQQQKR RRRSVAEEEH PRRSSSSTYL PRSTTTTTTT VACIILLVVV VVVVVVVVVV WWESYYYYYY YY
GNM13671                        -AAAAAAAAA GIPRRSVGAS TVCDDGDYSS EKQRGLTEEE ELQSVGGLNM TDTAFFIYII TLAKEVEFLG AGGGGGGGRG GKSCHHHHPI IIIIIIIIVG LIKVLIIIIL LEKTKTERDE KVREKKNRRR VIILVILLLL LRRILLTINP DSVNNNNVHP PPGENIKQKK PRRPRADEQS PPSCDSVSRA PTGISTTTTT CVCIVNVIIL NTVVVVVVVV WYSRFLYYYY YY
GNM13876                        -AAAAAAAAA GLPKRIVSAF SIADDKQKEA KRKRGKQEEE EQQEVGGTRV ESAAFVLYIP VMAQTVETDG CGGGGGGNNG GLHMHHHHPI IIIILVVVVF LLRILVIITI LADIATTRDM KANEKKNKRE VFLLVILLLL LRFVVVTLNA DSVDGNNVHP PPTNEVNQFA PRRRRADKEA PMRSTSKARA PEGITSTTTT CKCIVWAVVL NTIIVVVVVV WSSYFLFYYY YY
GNM13680                        -AAAAAAAAA GIARGAARAD AVCDDAEHEA EEKQNGQEEE SSEEIGGKKT AEDAFLIFIP AQVQNVALYG GGGGGGNSGR NHGHHHHHPI IIIIIITVVQ RLNILVIIMV LESESTKQSE KSSSRRRKRR TIFIVLILLL LRLVKVSLNA DTTNNNNAEP PPRMELNQKR IGREQADEEK LAKSDSSAAA PTTICTTTTT VVVILTLAIL TTHVIIPVVV WWSFFYFYYY YY
GNM14837                        -AAAAAAAAA GIAQVVARAD AVCDDNDQNA EEKANADEEE NEEEIGGKKT EEDAFFIFIP AEVGTTFFYG AGGGGGGETK GNGQHHHHPC IIIIIIAVIG KLAILVIIML VNNEMKQKKE KKTSKSNSNK VLYIMLLLLL LRIVKVSLNT NSTNNNNASC PPRREIKQKK RARDQAQDDE LGQSDSSASA PNMTCTTTTT VVVIFNVVIL TTRVIIPAVV WWSRFYFYYY YY
GNM14249                        -AAAAAAAAA GIAQVVARAD AVCDDDEQNA EEKANAEEEE ELEEVGGKQT EEDAFYIFIP AEVKTTFFYG AGGGGGGETK GNGQHHHHPC IIIIIITVIG RIAILVIIML VNNEMKQKKE KKTSKSNKSK VLYIMLILLL LRIVKVSLNA NTTNNNNASC PPRREIKQKK RARDQADDDS LGQSDSSASG PTMTCTTTTT VVVIFNVIIL TTRVIVPAVV WWSMFYFYYY YY
GNM13928                        -AAAAAAAAA GIAQVVARAD AVCDDGEQNA EEKANADEEE EEEEIGGKQT EEDAFFIFIP AEVKITFFYG AGGGGGGETK GNGQHHHHPC IIIIIIAVIG KLAIMVIIML VNNEMKQKKE KKTSKSNKNK VLFIMLLLLL LRIVKVSLNT DSTNNNNASC PPRREIRQKK RARDQAQDDE LGKSDSSASA PNMTCTTTTT VVVIFNVIIL TTRVIIPAVV WWSMCYFYYY YY
GNM13297                        -AAAAAAAAA AAAAAAAKLS SSCDDDEMNQ SSSADDDEEE EEEEEGGKKP QSVFFFFFII IKLNTVWYYA GGGGGGGGGK NSSHHHHHPI IIIIIIIIIK KLLLMTVVVV VDDGHHIIKK KMPQRRRRRS EIIIILLLLL LLRVVVAMNA DKKNNNNNTP PPRLNQQQKR RRRSVAEEEH PRRSSSSTYL PRSTTTTTTT VACIILLVVV VVVVVVVVVV WWESYYYYYY YY
GNM14865                        -AAAAAALST GIPAESVASD AVADDAEREG ETHLDDEEEE EHEEEGGQS- EEKAFYIFIR TRAGEEKELG DDGGGGGG-G ADGHDHHHPI IIIVVVIVKT RFIVLVIRMM HADGEREEED CVDGTDKQEE AVLALVLLLL LLRLPASLNA DTVNGNNADC PPDLEIKQRE MSREQADDD- AEGSSTNGRA PTLLDSSTTT YVVLIVVVIL DTTNVVVVVV WRGYYYYAVW YY
GNM13455                        --AAAAAAAA GIAQIVARTD AVCDDSEQNA EEKANGEEEE EEEEIGGKKT EEDAFYIFIP AQVKTTFYQG AGGGGGGESK GNGQHHHHPC IIIIIIAVIG IISILVIIML VNNEMKR-KE KKKSKSNSKK VLYIMLLLLL LR-VRVSLNV NTTNNNNATC PPRREIKQKK KAREQAKDEE LGQSDSSAAA PNMTCTTTTT VIVIFSVIIL TTRVIVPAVV WWSNF-FYYY YY
GNM14938                        -AAAAAAAAA GIPEAVVEAT AVADSEEKHG ERRSDEEEEE EWSTVGGRDT REAAFYIYIP VRVGEAVRLG GGGGGGGGGG GNLEHHHHPV IIVVIIIVVA RFILVIIVVL AEDYEGVAES KTRQRRRRAE VLLLLIVLLL LRRVVVSLNA ESTDGNNAKV PPDLQLAQSR PRRKRASREV LGSGPSDARA PWGLATTTTT CVCVVSVVIV NTRVIVVVVV WLRMTFFSYY HY
GNM14483                        --AAATT-AA AAPNA-VRAD T-CDDKERDS E-REDGDEEE EFYLV-GRPL RREFFFAFID TEVSVEYMFG GG-GGGEGSH GSSHQHHHPI IIIIV-IIVA EYIAFAILTL YAGQ-SE-A- KMRTKEKEE- VFVVILLLLL L--VKVTLNR DGEDGGNTDP PPRREVRQKK PSRERASERG PLRGNSVA-A TDTLTATSTT LLTIMAIAIA VTVVVTLVVV WWGFR-FYFY YY
GNM14872                        -AAAAAAAAA GIARGAARAD AVCDDAEHEA EQKQGAQEEE NKEEIGGKKT TEDAFYIFIP AQAQTTVIYG AGGGGGNGGK GHGHHHHHPI IIIIIIAVVM RLNVLVIVMV LESEDGKKAE KSTSKRKKRK TILIVLILLL LRLIKVSLNA DTMNTNNAEP PPRMELSQKR MGREQADEDK LSRSDSSAAA PNTICTTTTT SVVILTLAIL TTRVVIPVVV WWSMYYFYYY YY
GNM13855                        -AAAAAAAAA GIAKGTAKID AVCDDKEREA EIKQNSDEEE NSENIGLKKT LEEAFLFFIP SEVLYTIYYG GGGGGGNNTK GNGHHHHHPI IIVILIIIVL ILNIFVIIIV LENENTKRDE KRNSKKKKRR TLDIILLLLL LRTVKISLNH NTTNNNNVQP PPRNEIEQKR VSRDQADLDN LQHSDSSSSS PSTISTTTTT SIVIVIVAII ITYIIIIVVV WWSNFYFYYY YY
GNM14445                        -AAAAAAAAA GAAMKVSQAD ATCDDGERDG EKSSDNGEEE NMSDVDGRGL EEEFFFMFIL ANLEVVLEYG GGGGGGDGGK GKGHHHHHPI IIIIIIVIVD KYIILTIVKL LATDMEQKKG THESRKKNGK VLSIITLLLL LRILTVTLNR NSTNGNNATL PPRLKLMQKK YARDQADDDQ PVRSNSSSAT PTTISTTTTT SNCIIVVVII MTIIIIPVVV WWGWRQFCYY YY
GNM14545                        DAAAAAAVAA SISGAAVASS AICDDSDFSR DSKAGDDEEE SEQEIGERGV EHESFFLFVL VTANYISIFG GGGGGGNRGK GGSHHHHHPV IIIILIIVVI RVLILVIILL LKGPDREKNS KRREKKYKNR VVILVICLLL LLVILVTLNP DRVDGNNVSP PPTREIRQRK LRRDRANNES EKDCDSHAAA PLSLCTGTTT PVCLIQVMIM NTVVIVIVVV WYSRFYFYYF YY
GNM14366                        -AAAAAAAAA GVAQAAAKTD AVCDDSEREA EEKANKEEEE NSEELGGNKT EEEAFCIFIP SEVKITFHYG GGGGGNGGRK GNGQHHHHPC IIIIIIAIVL KIVILVIMML LTNELKSKKE KKKSKSNKNK TLYIMLLLLL LRVVKVSLNE NTVNKNNAEC PPRRELRQKK CGRDQANEES LIQSDSSASA PTMTSTTTTT AVVIFVIVIV TTRIIIPVVV WWSYYYFYYY FY
GNM14252                        -AAAAAAAAA GIAQVVARAD AVCDDDEQNA EEKANAEEEE ESEEVGGKQT EEDAFYIFVP AEVKTTFFYG AGGGGGGETK GNGQHHHHPC IIIIIITVIG KIAIMVIIML VNNEIKQKKE KKTSKSNKNK VLYIMLILLL LRIVKVSLNA NTTNNNNASC PPRREIKQKK RARDQADDDS LGQSDSSASG PTMTCTTTTT VVVIFNVIIL TTRVIVPAVV WWSMFYFYYY YY
GNM13760                        -AAAAAAAAA GIAQVVARAD AVCDDSDQNA EEKANGEEEE QEEEIGGKQT EEDAFYIFIP AEVKTTFFYG AGGGGGGETK GNGQHHHHPC IIIIIIAVIG KIAILVIIML VNDEMKQKKE KKTSKSNKEK VLYIMLILLL LRLVKVSLNV NSTNNNNASC PPRREIRQKK RARDQAQDDE LGQSDSTAAA PLMTCTTTTT VVVIFNVIIL TTRVIIPAVV WWSRFYFYYY HY
GNM13982                        -AAAAAAAAA GIAQGVARGD AVCDDGEHEA EEKANKEEEE SHEEVGGKKT SEDAFLIFVP SEVKTTFYYG AGGGGGGGDK GNGQHHHHPC IIIIIITVVL KLAIMVVIML VNNENKQKKE KKKSISNKNK ILYIMLLLLL LRIVKVSLNT DTTNENNAQC PPRREIEQKK RAREQADNDG LTESNSSAGA PNMTCTTTTT VVVIFAVMIL TTHIIVPAVV WWSLFYFYFY YY
GNM13960                        -AAAAAAAAA GIAKAVARAD AVCDDSEKNS QEKANEDEEE DYQEVGGKKA NEDAFFIFVP SEVKTKFFYG AGGGGGGGSK GSGQHHHHAC IIIIIITVVL IIAILVVMML LATENMQKKE KSNSKSNKNK VLAIMLLLLL LRIVKVSLNS NTTNDNNAVC PPRRELKQKK TARDQANEDK LSDSDTSAGA PTMTNTTTTT VVVIFSIIIL TTRVIIPAVV WWKMFYFYYY YY
GNM14633                        -AAAAAAAAA GIAEGVARGD AVCDDSEHEA EEKGNNEEEE NYEEVGGKKT SEDAFLIFVP SEVKTTFYYG AGGGGGGGDK GNGQHHHHPC IIIIIITVVL RLAIMVVIML VNNENKQKKE KKKSISNKNK VLYIMLLLLL LRIVRVSLNV DTTNENNAQC PPRREIEQKK RAREQAEDDG LTDSNSSAGA PNLTCTTTTT VVVIFAVMIL TTHIIVPAVV WWSLFYFYFY YY
GNM14853                        -AAAAAAA-A GI-EGVARGD AVCD-SEHEA EEKG-NEEEE NYEEVGGKKT SEDAFLIFV- SEVKTTFYYG AGGGGGGGDK GNGQH-HHPC IIIIIITVVL RLAIMVVIML VNN-NKQKKE KKKSISNKNK VLYIMLLLLL LRIVRVSLNV DTTNENNAQC PPRREIEQKK RAREQAEDDG LTDSNSSAGA PNLTC-TTTT VVVIFAVMIL TTHIIVPAVV WWSLFYF-FY YY
GNM14748                        -AAAAAAAAA GIAQVVARAD AVCDDKEQNA KEKANGEEEE EEEEVGGKKT EEDAFFIFIP AEVKTTFFYG AGGGGGGETK GNGQHHHHPC IIIIIITVIG RIAILVIIML VSSEMKQKKE KKTSKSNKNK VLYIMLILLL LRVVKVSLNS DTTNNNNSTC PPRREIKQKK RARDQAQNDE LGQSDSSAAA PSMTCTTTTT VVVIFNVIIL TTRVIVPAVV WWSLFYFYYY YY
GNM14246                        -AAAGATAAA AISKAVVSTA TVCDDSDMSS REFSQKEEEE AKQEVGGSQL EERAFCLFFP VLVKVIRHFG GGGGGGGRNR GSGHHHHHPV IIIIIIVVIV RLSLLVLVII IRDPEEHREE KMKKKERSNK LLLVIIFFLL LRQLKTTLNP DPTDGNNAEP PPQKEVRQKR PRRERANDDA ESASNSKAAA PMTLCTTTTT CVCIVLVLIL LTEVVVIAVV WKAHFYFYYY FY
GNM14640                        -AAAGAAAAA AISKAAISTS TVCDDSDISS KESSQKGEEE EKQEIGRSKV EERAFFLFFP MLVKTTKYFG GGGGGGGRNK GSGHHHHHPV IIIIVIVVIV RLALLVLVIL IRDPEKHLEE KMKLKEKSNK LIIIVVFFLL LRQLKTTLNP DPVNGNNAEP PPPREVQQKR PRRERAENEA EGDSNSKARA PVTLCTTTTT CVCVVSVLIL VTEVVVLVVV WKSRFYFYYY YY
GNM14965                        -AAAAAAAAA GIAKGAAAVD AVCDDARHEA SEIQNNEEEE NSEEIGFKKT MDEAFFIFIP SEVTYVVQYG GGGGGGERRR GNGQHHHHPV IIIILIVVVQ RINIFVIIVI VENERVKREE KTSSKKKRKK TIFIVLILLL LRQVRISLNA DTTNNNNAQP PPRMELIQKK ISRDRADNEK IAKSDSSSSA PSTTCTTTTT TVVILTLAIL TTYVVIPVVV WWNHFYFYYY YY
GNM13677                        -AAAAAAAAA GLPKRVVSAF SVADDKQKEA KRKRGKQEEE EKQEVGGTRV ESAAFVLYIP VMAQTVETDG CGGGGGGNNG GLHMHHHHPI IIIILVVVVF LLRILVIITI LADPATTRDA KANEKRNKRE VFLLVILLLL LRFVVVTLNA DSVDGNNVHP PPTNEVSQFA PRRRRADKEA PMRSTSKARA PEGITSTTTT CKCIVWAVVL NTIIVVVVVV WSSYFLFYYY YY
GNM14339                        -AAAATAAAA AAPAKAIGVS TVCDDAAFNG ESRASRKEEE DWYEVGGRKL ESEAFCIYIA VRIREVLEMG AGGGGGGGGG GSSEHHHHPI IIIIIIILVP RLLLAVIILL SNDTETDQER KVEEKGRRVS LILLLIVLLL LLRVVVSLNG DRTDCNNAHP PPILRIDQSR PSRARVDKGR LYRGRSDSAA PYGLDTTTTT CVCIVRVLVL NTVVLVVVVV WIAYSLFFYY YY
GNM14593                        -AAAAAAAAA GIAKKAIAAS TVCDEEDHPS ERPREMAEEE RIQNIGGKRT KEVAFFLYII VSAKKTEMFG GGGGGGGRRG GNLSHHHHPI IIIIIIIIVA RIRILIIVII IEDSKREEDE KVKEKKDRNR VILLLILLLL LRMILLTMNP NSTNGNNVHP PPELYIEQKR PRRSRADDEI TLDCDSISRA PTNVSTTTTT CVCIISVVIV NTVIVVVVVV WSSMFLYYYY YY
GNM13825                        -AAAAAAAAA GVPEAVVEAS AVADSEEKHG EKRADEEEEE EWSTVGGRDT RAAAFYVYVP VRLGEVQRLG GGGGGGGGGG GSIEHHHHPV IIVILIVVVA RFIIVVIVAL AEDYETLAES KARQRRRRSE VLLLLIVLLL LRRVLVSMNA DSADGNNAKV PPDLEVAQSR PRRRRARRER LASGPSEARA PWGLATTTTT CVCVISVIIV NTKTIVVVVV WLSYTFFSYY LY
GNM14768                        -AAAAAAAAA GASERAVLAS AACDDEEQSQ ERPRGRGEEE EEQEVAGSKT VERAFFIYIP VILREVEYLG AGGGGGGGRG GLASHHHHPV IIIILIIVVA RIRILAIVAV VEDPESEQSE KAEEKRGRRR VVILVIVLLL LRRITVTINA DLTNGNNSHP PPEEEIMQKR PRRPRARQEM APRGAAPARV PFNIATTTTT CVCVIEVMVM KTVVLVVAVV WISLFLFYYN YY
GNM14776                        -AAAAAAAAA GASERAILAS AACDDEEQSQ ERPRGRGEEE EAQEVAGSKT IERAFFIYIP VILREVEYLG AGGGGGGGKG GLASHHHHPV IIIILIIVVA RIRILAIVAI VEDPESEQSE KAEEKRGKRR VVILVIVLLL LRRITVTINA DLTNGNNSHP PPEEGITQKR PRRPRARQEM APRGAAPARV PFNIATTSTT CVCVVEVMVM KTVVLVVAVV WISLFLFYYN YY
GNM14715                        -SASATTTAA AAPSAVVRAD TVSDVRARDA EEREGEDEEK DLHDVGGKSL REEFFFAFID AELKVEYMYG GGGGGGDGDK GSGHHHHHPI IVIIVIIVVA EYIIFVILAL YADQVAEKSS KVRTKAKAEK PFLVIVILLL LKRAKVTLNK DAENGGNTEL PPRREVSQKR PSRERATDNG PLRGNSAASS TDTLTATSTT LLTVMVVAIA ITVVVTLVVV WWGFRYFYFY YY
GNM14639                        -AAAAAAAAA AAAQAICRAD AVCDDKEREK ESSSNNDEEE LLYDIGNNTD EDEFFYLFII LRLEIIFTFG GGGAGGGNNK GTDHHHHHPI IIIIIIILKA KFLVLLVVKV FLKEDLHREK KMYSKQKKKK EILILLLLLL LLIIQVSINT NTSNGNNNKP PPRLIVNQKL ISRDYAKESK ADSCSSKTAV PLTTTTTTTT SLVLVIVVIL RTKIVVVVVV WWNRRYFDYY YY
GNM13795                        -AAAAAAAAA GIAQVVARAD AVCDDNEQNA EEKANGEEEE EEEEIGGKKT EEDAFFIFIP AEVKTTFFYG AGGGGGGETK GNGQHHHHPC IIIIIIAVIG RIAILVIIML VSSEMKQKKE KKTSKSNKNK VLYIMLILLL LRVVKVSLNT DTTNNNNATC PPRREIKQKK RARDQAQNDE LGQSDSSAAA PIMTCTTTTT VVVIFNVIIL TTRVIVPAVV WWSMFYFYYY YY
GNM14166                        -AAAAAAAAA GVAQAAAKAD AVCDDKERES EEKANREEEE QFENIGGNKT SEDAFGIFVP SEVRTTFAYG GGGGGGGETK GNGQHHHHPC IIIIIIVVVS ELVILVVIIL LENENKQNSE KSNSIANKKK TLEIMLLLLL LRIVKISLNV NTTNTNNAEC PPRKELKQKR RSRDQAEDDP LFQSESTASA PKMTCTTTTT VVVIFILIII TTRVIIPVVV WWSMFYFYYY HY
GNM14450                        -AAAAAAAAA GAAKGAAKAD AVCDDNSHNS EENHNQAEEE NREEVGGKKT FEDAFFIFIP AMFEIIIYYG AGGGGNDGNK GSGHHHHHPI IIIILIVAVS RILILVIIIV LENEDKNKED KENSKKKKRK VILIVLILLL LRQIKVSLNA NMTNNNNTQP PPRRELAQKK FARDQADDDK LSKSNSTVAA PTTVCTTTTT VVCIVALVVL TTYIVIPVVV WWSTFYYYYY HY
GNM13515                        -AAAAAAAAA GIAKGTARVD AVXDDNEHEA EEKANNEEEE EXEEVGGKKT TEDAFCIFVP SEVKTTFYYG AGGGGGGGDK GNGQHHHHPC IIIIIITVVL KXAIMVVIML VNNENKQXKE KKKSLSNKNK VLYIMLLLLL LRIVKVSLNV NTTNNNNAQC PPRRQLRQKK RAREQADDDG LHQSNSSTGA PNLTCTTTTT VTVIFAVIIL TTHIIVPAVV WWSSFYFYFY HY
GNM13745                        -AGAAATTAA AAGAAFVKAS SVCDEDQRDV EKSSFYEEEE KEETVGGRTL KDTFFFTFIL SMLEVIYTYG AGGGGGRNNK GTGHHHHHPI IIVIIIVIIA RYIVFVIINV VEDEEHLKKD KMESKKNATN TLTIIILLLL LRVFIVSLNH DTTNGGNTHP PPRLEINQKK IMRDRANDYK PEKSNSRAAV PTTLSSTTTT ATCLIIIVIT KTVIIDPAVV WWAYRFYYYF FY
GNM14030                        -SGAAATAAA GAGSAFVKAD SVCDDDQRDV EKSEFNEEEE XESTIGGKKV TSEFFFTFIL SMLEIIYKYG AGGGGGKGNK GNGHHHHXPI ITVIIIVILS RYIVFTIVSV VENEYKLKKD KMNSKRNSSX ILNIIILLLL LRIMVVSLNN DTTNGGNTNP PPXLEIEQKK VMRNRANEQN PEKSNSKAAA PTTLCSTTTT VTCLILIVIT KTVVIEPAVV WWSFRFYYYF YY
GNM14959                        -LAAAVAAAA GIAGHAVAAA TACDDNEYDG KDTKGEREEE NKEEVGGKP- KDSVFFIFII LRSKIQYYFG AGGGGGGKGD GGGHDHHHPV IIIIIIIVIA RLYLVVIYSV VADTYKKRQN KMRLKLGVEA ALLLQILLLL LLEVKVSLNP DPANGNNSEP PPDSMIDQPK LHRKKANTS- PQSSNSKARA PTPVTTTTTV AIVIFFVMIL VTDPIVIAVV WIAFIYYYYY YY
GNM13413                        -AAAAAAAAS GIPGRAVRAS AVADDGEHEE QVKRGEDEEE NREEVGDAR- RHEFFFIFIP ARAEIILKFG GGGGGGGGGG GSGHHHHHPV IIIVVIIVVV RLVVVTIYFI LRSPEKEREE KMESNERKEW VLLIVILLLL LRKLLVSLNP DSTNPNNSGP PPKLQVEQKK LSRDQVTEE- EGSGNSRSRA PTTTSTTTTT VVVIFKVVIY VSSVVVVVVV WFSRRLYYYY YY
GNM14971                        -AAAAAAAAA GIAKAVARAD AVCDDSEKNA QEKANEDEEE DYQEVGGKKA NEDAFFIFVP SEVKTKFFYG AGGGGGGGSK GSGQHHHHAC IIIIIITVVL IIVILVVMML LATENMQKKE KSNSKSNKNK VLAIMLLLLL LRIVKVSLNS NTTNDNNAVC PPRRELKQKK TARDQANEDK LSDSDTSAGA PTMTNTTTTT VVVIFSIIIL TTRVIIPAVV WWKMFYFYYY YY
GNM14990                        -AAAAAAAAA GIAKAVARAD AVCDDSEKNA QEKANEDEEE DYQEVGGKKA NEDAFFIFVP SEVKTKFFYG AGGGGGGGSK GSGQHHHHAC IIIIIITVVL IIVILVVMML LATENMQKKE KSNSKSNKNK VLAIMLLLLL LRIVKVSLNS NTTNDNNAVC PPRRELKQKK TARDQANEDK LSDSDTSAGA PTMTNTTTTT VVVIFSIIIL TTRVIIPAVV WWKMFYFYYY YY
GNM15005                        -AAAAAAAAA GIAKAVARTD AVCDDSEKNA QEKANEDEEE DYQEVGGKKA NEDAFFIFVP SEVKTKFFYG AGGGGGGGSK GSGQHHHHAC IIIIIITVVL IITILVVMML LATENMQKKE KSNSKSNKNK VLAIMLLLLL LRIVKVSLNS NTTNDNNAVC PPRRELKQKK TARDQANEDK LSDSDTSAGA PTMTNTTTTT VVVIFSIIIL TTRVIIPAVV WWKMFYFYYY YY
GNM14976                        -AAAAAAAAA GIAKAVARAD AVCDDSEKNA QEKANEDEEE DYQEVGGKKA NEDAFFIFVP SEVKTKFFYG AGGGGGGGSK GSGQHHHHAC IIIIIITVVL IIIILVVMML LATENMQKKE KSNSKSNKNK VLAIMLLLLL LRIVKVSLNS NTTNDNNAVC PPRRELKQKK TARDQANEDK LSDSDTSAGA PTMTNTTTTT VVVIFSIIIL TTRVIIPAVV WWKMFYFYYY YY
GNM15024                        -AAAAAAAAA GIAQVVARAD AVCDDDEQNA EEKANAEEEE EWEEVGGKQT EEDAFYIFIP AEVKTTFFYG AGGGGGGETK GNGQHHHHPC IIIIIITVIG KIAILVIIML VNNEMKQKKE KKTSKSNKNK VLYIMLILLL LRIVKVSLNA NTTNNNNASC PPRREIKQKK RARDQAEDDS LGQSDSSASG PTMTCTTTTT VVVIFNVIIL TTRVIVPAVV WWSLFYFYYY YY
GNM14980                        -AAAAAAAAA GIAQVVARAD AVCDDDEQNA EEKANAEEEE EWEEVGGKQT EEDAFYIFIP AEVKTTFFYG AGGGGGGETK GNGQHHHHPC IIIIIITVIG KIAILVIIML VNNEMKQKKE KKTSKSNKNK VLYIMLILLL LRIVKVSLNA NTTNNNNASC PPRREIKQKK RARDQAEDDS LGQSDSSASG PTMTCTTTTT VVVIFNVIIL TTRVIVPAVV WWSLFYFYYY YY
GNM15000                        -AAAAAAAAA GIAQVVARAD AVCDDDEQNA EEKANAEEEE EWEEVGGKQT EEDAFYIFIP AEVKTTFFYG AGGGGGGETK GNGQHHHHPC IIIIIITVIG KIAILVIIML VNNEMKQKKE KKTSKSNKNK VLYIMLILLL LRIVKVSLNA NTTNNNNASC PPRREIKQKK RARDQAEDDS LGQSDSSASG PTMTCTTTTT VVVIFNVIIL TTRVIVPAVV WWSLFYFYYY YY
GNM15026                        -AAAAAAAAA GIAKAIARTD AVCDDSEHNA KEKANQEEEE TYQVIGGKKT DEDAFFIFVP SEVKTKFYYG AGGGGGGGTK GNGQHHHHAC IIIIIITVVL VLVILVVMML LSTENMKKKE KSNSKSNKNK VLEIMLLLLL LRLVKASLNV NTTNNNNAEC PPRRELMQKK TARDQANEDK LIDSDTSAGA PTMTNTTTTT VVVIFVVIIA TTRIIIPAVV WWKMFYYYFY YY
GNM15019                        -AAAAAAAAA GIAQIVARAD AICDDNEQNA EEKANGEEEE EEEEIGGKTT EEDAFFIFIP AEVKTTFFYG AGGGGGGETK GNGQHHHHPC IIIIIIAVIG IIAILVIIML VNTEMKQKKE KKSSKSNKNK VLYIMLILLL LRVVRVSLNT NTTNNNNATC PPRREIKQKK RARDQAQDDG LGQSDSSAAA PMMTCTTTTT VVVIFNVIIL TTRVIIPVVV WWSKFYFYYY YY
GNM11003                        -VAAASAAAA GIPGIGTKAA SACDDKDNES KESRGNREEE KAEEEGEKK- EYDFFYYFII LMAFIVEVLG AGGGGGGKGK GRGQHHHHPI IIIIIILVIF ILAVFVVVNV VADVARDKED KVRLSSKRRK VILLIIALLL LRMLVVGLNP DKVNGNNSNP PPFRKIQQVK MSRERADDQ- ERMSDFSSAA PGTIVSTTTT TACLVKVFIL ETIVIVVAVV WNGNFIYYYY YY
GNM11023                        -AAAAAAAAA GVPGAATRAS TACDDERHEA RERKRRDEEE ELEEVGGLS- ESDAFFYFIL FKAVVAMHLG AGGGGGGGGG GGGAHHHHPI IIIVVIIVIR RLAVIVIYVV CAGGYREESE KAQTKKRKKR AVRIMIYLLL LRLLLVSLNP ESADGNNSMP PPRLVLRQKK LARGRANRR- PSRSGSGSAG VLTVDTTTTT IVCLFTVLVL TTRVVVAAVV WAYRYLYYFY YY
GNM11055                        -AAAAAALAA GIPGVAVKAD AAADDNEREA DQSVNELEEE EFEEDGGEG- ESEWFFIFIK VRAKTAKELG APGGGGGGGG GSRHHHHHPI IIIIVIIVTV ILVVIVIYVV IAGKETKEEN KVDGKEKRNK VVLNMLLLLL LVILPVTLNA DKANGNNAMP PYPLKIEQRR LSREPANKT- KENSGSNSKA PETTDTMTTT AVALLLVVIL LTGIIVVAVV WESYYLYFVY YY
GNM11146                        -AAAAVAIAA GIAGSTVAAS TVCDDGEYDG QKERGRSEEE RMDNVGGRP- TNRFFFIFII LEALEIIYFG AGGGGGGNNG GGAHDHHHNI IIIIIIIVMR RLALAVVYTV INDKHSKQDK KMKLKDNRND VVLLLILLLL LLRLKITLNA DSTNGNNAEP PPTSWVSQNK FMRPRANNS- PMSDNSKAHA PTQLYTSTTA VTAIVLVAVL RTTPIVVAVV WSSFFYYYYY YY
GNM11220                        -AAAAVAAAA AAAGAAVRAS TACDDDEREG EGNRGRAEEE FRLEVGGLGT EDEAFLLFVP VYMEIVLKLG GGGGGGGGGK GSAQEHHHRV IIPILIVVKR RFMLLVIVTV VRDKFKEKRR KVEEKKRKKE VLFLLVCLLL LRLVLVSLNP DSTNHNNARP PPYMEIMQKG LRRERAEKTS EFSCDSSSRA PTGLVTTTST CKCVIIVVVL NTVEVVVVVV WWSYFFYYYY YY
GNM11224                        -AAAAAAAAA AISGAMVLVS AVCDDSEMNS KKSSDKGEEE SRQEVGGGPY GDRSFFVFFP ILVKSEIFFG GGGGGGGGNR GSSHHHHHPV IIIIIIVIVA VLYVLALVIV IMDPEKERSE KMRQKKRSNE LIIIVVLFLL LRRLKATLNP DPFNGNNSEP PPRLEIRQKR LRRERAEKEP ERSSDVKAAA PETLCTTTTT AVCIVAVIVL LTKLIVVVVV WEARFYFYYY YY
GNM11225                        -AAAAAAAAA AISEAMVSTS AVCDDDEMEA KKLSGEGEEE NEQEVGGSRT IEESFFYFLP IAVKVRRYFG GGGGGGGGRR GSGQHHHHPI IIIVIIVVVE RLCILVLVLV IAEPREQERD KMNQKRRGNL LVIIIILFLL LREIKATMNP DKANGNNSEP PPTLQIEQRR WRRERARRER KESSNSKVSA PDTLCTTTTT PVCIVMVLVL LTKVIVIVVV WRSRFYFYYY YY
GNM11358                        -AAAAAAAAA GIAKGAAKID AVCDDSERES EQKQDDEEEE NSEDIGMKKT LEEAFLFFIP SEVQHIVYYG GGGGGGANTK GNGHHHHHPI IIVILIIIVL NLNIFVIIIV LENENTKREE KRNSKKKKRH TLYITLLLLL LRIIKISLNS NTTNNNNAQP PPRRELEQKK VSRDQADVDK LQYSDSSSAS PLTISTTSTT SIVIVVVAII VTYIIIIVVV WWSNFYFYYY YY
GNM11360                        -AAAAAAAAA GIAQIVARTD AVCDDSEQNA EEKANGEEEE EEEEIGGKKT EEDAFFIFIP AQVKTTFYQG AGGGGGGESK GNGQHHHHPC IIIIIIAVIG IISILVIIML VNNEMKRKKE KKKSKSNSKK VLYIMLLLLL LRIVRVSLNV NTTNNNNATC PPRREIKQKK KAREQAKDEE LGQSDSSAAA PNMTCTTTTT VIVIFSVIIL TTRVIVPAVV WWSNFYFYYY YY
GNM11362                        -AAAAAAAAA GIARGMVRAD AVCDDEDRNA MEKQNRAEEE TEEEVGGKDT HEDAFLVFIP AMVEVVLMYG GGGGGGGNGK GNGHHHHHPI IIIVLIVVVS RLVIFVIIVV LEEEHKEKAE KRRSKRKKRK VILIIIILLL LRIIKASLNA NTTNGNNAEP PPRKELTQKR YSRDKADDSG LISSNSSAAA PTTICTTTTT TVCIIVLAIL TTYVVVPVVV WWGYFYYYYY SY
GNM11367                        -AAAAAAAAA GIAQGVARGD AVCDDGEHEA EEKANKEEEE SHEEVGGKKT SEDAFLIFVP SEVKTTFYYG AGGGGGGGDK GNGQHHHHPC IIIIIITVVL KLAIMVVIML VNNENKQKKE KKKSISNKNK ILYIMLLLLL LRIVKVSLNT DTTNENNAQC PPRREIEQKK RAREQADNDG LTESNSSAGA PNMTCTTTTT VVVIFAVMIL TTHIIVPAVV WWSLFYFYFY YY
GNM11377                        -AAAAAAAAA GIARGAARAD AVCDDAEHEA EQKQGAQEEE NKEEIGGKKT TEDAFYIFIP AQAQTTVIYG AGGGGGNGGK GHGHHHHHPI IIIIIIAVVM RLNVLVIVMV LESEDGKKAE KSTSKRKKRK TILIVLILLL LRLIKVSLNA DTMNTNNAEP PPRMELSQKR MGREQADEDK LSRSDSSAAA PNTICTTTTT SVVILTLAIL TTRVVIPVVV WWSMYYFYYY YY
GNM11380                        -AAAAAAAAA GTAEAAAKAD AVCDDKEREA EEKANKEEEE QSENIGNNKT SEDAFGIFVP SEVKLAFFYG GGGGGGGETK GNGQHHHHPC IIIIIIVVVS TFVIMVVIIL LENENKQHSE KSNSISNKKK ALEIMLLLLL LRIVRISLNV NTTNTNNAEC PPRKELKQKR RSRDQAEDDP LFQSESTAAA PQMTCTTTTT AVVIFVLIII TTRVIIPVVV WWSMFYFYYY YY
GNM11383                        -AAAAAAAAA GIAQAAARTD AVCDDSERDA EEKANKEEEE DTQEIGGNKT EEDAFLIFIP SEVKVTFYYG GGGGGNGGSK GNGQHHHHPC IIIIIIAVNL KLIILVIMML LANELMDKNE KKKSKSNKNK TLYIMLLLLL LRIVKVSLNE NTTNKNNAEC PPRRELKQKK RGRSQAKDAS LIQSDSSASA PTTTSTTSTT AVVIFVIVIV TTRIIVPVVV WWSYFYFYYY YY
GNM11491                        -AAAAAAAAA GIAEAAARAD AVCDDGEREA DEKAGKDEEE EEEDVGGKRT DEDAFCIFIP SEVKTAFYYG AGGGGGGGGK GNGQHHHHPC IIIIIITVVL RLAIMVIIML VGDEMKEKRE KRGSKANGNA VLSIMLLLLL LRVVRISLNE NTVNSNNADC PPRREIRQKK RARERADNDG LGRSDSTAAA PRMTNTTTTT VVVIFAVIIL TTRVIVPAVV WWRHFYYYYY FY
GNM11804                        -AAAAAALAA GVPGIVVRAD AVADDNERES EKSINKLEEE EFEEDGGES- ESEAFFVFIK TRVERVKELG APGGGGGGGK GSRHHHHHPI IIIVIIIITV RLIVIFIYVL LRGKEKKKEE KVEGKEKRKE VILAIFLLLL LRELPVTLNA DKTNGNNATP PYQLEIEQKE LSREPADKE- KDESGTKSRA PETIDTTTTT AVCIVLVVIL VTAIVVVAVV W-SFYHYCIY YY
GNM11805                        -ASAASAGAS GIPSHAVEAD AAADDQDSSG GDNKGNNEEE KKGEEGETQ- DNRSFFMFIE IFAVIEMIVG AEGGGGLKGK GSGMHHHHPI IIMILILIKI RVYV-AIYIL FSDYYTDLDE KANGNKNSNK ILYLIIILAL LLIVIAGLNP DLVNDNNTKP PPPKRI-QGR MIRTRATES- EDSSGFKARA PLTTETNTTT IIVVIDVLI- DSHVVVVAII WYYRFYYYIY YF
GNM12883                        -AAAAAAAAA GIAKGAAKAD AVCDDAEHEA EERQHGQEEE NSEEIGGKKT AEDAFFIFIP AQVENMVVYG GGGGGGSGGK KHGHHHHHPI IIIIIIAVVQ RLNILVIIMV LETENTKQNE KSSSRRKKRR TIFIVLVLLL LRQLKVSLNA DTTNNNNAEP PPRMELEQKR KGREQADEER LAKSDSSVSA PSTICTTTTT VVVILSLSIL TTYVIIPVVV WWSFYYFYYY YY
GNM12886                        -AAAAAAAAA GIAKGAARAD AVCDDAEHEA DQKQNGKEEE TSEEIGVKKT TEDAFFIFIP AQVQNVVLYG GGGGGGNGGR NRGHHHHHPI IIIIMITVVQ RLNILVIIMV LESEGVKQSE KSGSRRRKRK TIFIVLILLL LRLVKVSLNA DTTNNNNAEP PPRMELNQKR IGREQADEEK LSKSDSSAAA PTTICTTTTT VVVILTLAIL TTHVVIPVVV WWSFFYFYYY YY
GNM12892                        -AAAAAAAAA GIAKGAAAVD AVCDDARHES SEKQNNEEEE NSEEIGFKKT MDEAFFIFIP SEVTYVVQYG GGGGGGDRGR GNGQHHHHPV IIIILIVVVQ RINIFVIIVI VENERVKREE KTSSKKKRKK TIFIVLILLL LRQVRISLNA DTTNNNNAQP PPRMELIQKK ISRDRADDEK IAKSDSSSSA PSTTCTTTTT TVVILTLAIL TTYVVIPVVV WWNHFYFYYY YY
GNM12895                        -AAAAAAAAA GAAKGAAKAD AVCDDNSHNS EENHNQAEEE NREEVGGKKT FEDAFFIFIP AMFEIIIYYG AGGGGNDGNK GSGHHHHHPI IIIILIVAVS RILILVIIIV LENEDKNKED KENSKKKKRK VILIVLILLL LRQIKVSLNA NMTNNNNTQP PPRRELAQKK FARDQADDDK LSKSNSTVAA PTTVCTTTTT VVCIVALVVL TTYIVIPVVV WWSTFYYYYY HY
GNM13060                        -AAAAAAAAS AAAAASASAA AACDDEEEDD EEEEEEDEEE EEEEEGEEEE EEDFFFYFFF FFFYIYFFFG GGGGGGGGGG GGGHHHHHHI IIIIIIIIII IIVILIVIAI VNNKKKKKKK KKKKKKKKKK LLLLLLLLLL LLLLVLMMMP HKTNNNNNSP PPPKYQNQKR RRRKHASSSS SSNSSSSSST TTTTTTTTTT TVVVVIVIII VVIVVVLVVV WWYYYYYYYF YY
GNM13061                        -AAAASAAAA SAAGAGASAA AVCDDEEQDS SEPEDDEEEE EEEEEGAKVD ANEFFYYFFP FMLVIFFWLG AGGGGGGGEG GSGSHHHHNV IILIIILVLK RVVILLVIIV VRDSQKERKK KARRKARRNR LLLLLLLLLL LLLLELMLMH DSTNGNNNKP PPPRRQGQPR TRRHRASTRT TGSTSSSSAL PKTTSTTTTT TVVLVPVVIL VVIIVVVAVV WYHMYYYYYF FF
GNM13062                        -SASATTVAA AAPNAAVRAD TVCDDRDRDA EEREGEDEEK EFHDVGGKPL RQEFFFAFID TELRVVYRLG GGGGGGEGGR GSAHHHHHPI IVVIVIIVVA EYVVFVILTL FADQLAEAAP KARTKSKAER WFIVIVVLLL LKKLKVTLNK DKENGGNTDL PPRRRVAQKR PSRERANENG PLRGNSAARA TDSLTATTTT LLTVMVVAIA MTVVVTLVVV WWGFRYFYFY YY
GNM13064                        -AGAAATAAA GAGQAFVRAA SVCDDGQRDV ETSSFNEEEE DESDVGGKKV ASDFFFTFIL SMLEIVHKYG AGGGGGKNDK GNGHHHHHPI ITVIIIVILS RFILFIIVAV VNNEHELEKE KMDSIKNATK TLTVIILLLL LRIVVVSLND DTTNGGNTNP PPRLEIEQKK TMRDRADKQK PEKSDSRAAA PTTLCSTTTT ATCLITIVII KTVIIDPAVV WWSFRFYYYF YY
GNM13066                        -AGAAATAAA GAGQAFVKAA SVCDDSQRDV ETSSFNEEEE DESEVGGKKV TSNFFFTFIL SMLEVVHKYG AGGGGGKNDK GNGHHHHHPI ITVIIIVILS RYIVFTIVIV VNNEHDLTRE KMDSIKNASK ILNVIILLLL LRVMVVSLND DTTNGGNTNP PPRLEIEQKK TMRDRADKQK PEKSDSKAAA PTTLCSTTTT ATCLIIIVIT KTVIIDPAVV WWSFRFYYYF YY
GNM11034                        -AAAAAAAAA GIPEAVVEAT AVADSEEKHG ERRSDEEEEE EWSTVSGRDT REAAFYVYIP VRVGEAVRLG GGGGGGGGGG GSLEHHHHPV IIVIIIIVVA RFILLVIVTL AEDYEGVAES KVRQRRRRAE VLLLLIVLLL LRRVVVSLNA DSTNGNNAKV PPDLEVAQSR PRRRRASRER LGSGPSEAKA PWGLATTTTT CVCVVSVVIV NTRVVVVVVV WLRMTLFSYY LY
GNM11363                        -AAAAAAAAA GIARGMVRAD AVCDDEDRNA MEKQNRAEEE TEEEVGGKDT HEDAFLVFIP AMVEVVLMYG GGGGGGGNGK GNGHHHHHPI IIIVLIVVVS RLVIFVIIVV LEEEHKEKAE KRRSKRKKRK VILIIIILLL LRIIKASLNA NTTNGNNAEP PPRKELTQKR YSRDKADDSG LISSNSSAAA PTTICTTTTT TVCIIVLAIL TTYVVVPVVV WWGYFYYYYY SY
GNM11375                        -AAAAAAAAA GIAQVVARAD AVCDDSDQNA EEKANGEEEE QEEEIGGKQT EEDAFYIFIP AEVKTTFFYG AGGGGGGETK GNGQHHHHPC IIIIIIAVVG KIAILVIIML VNDEMKQKKE KKTSKSNKEK VLYIMLILLL LRLVKVSLNV NSTNNNNASC PPRREIRQKK RARDQAQDDE LGQSDSSAAA PLMTCTTTTT VVVIFNVIIL TTRVIIPAVV WWSRFYFYYY HY
GNM11381                        -AAAAAAAAA GVAQAAAKTD AVCDDSEREA AEKANKEEEE DTQEIGSNKT EEEAFLIFIP SEVKITFFYG GGGGGNGSSK GNGQHHHHPC IIIIIIAVNL QIIILVIMML LATELMEKSE KKKSKANKNK TLYIMLLLLL LRIVKVSLNE NTTNKNNAEC PPRRELKQKK RGRSQAKDAS LIQSDSSASA PTTTSTTSTT AVVIFVIVIV TTRVIVPVVV WWSYFYFYYY YY
GNM11382                        -AAAAAAAAA GVAQAATRTD AVCDDNEREA PERANKEEEE ESEELGGNKT EEDAFLIFIP SEVKIMFYYG GGGGGGGETK GNGQHHHHPC IIIIIITIIL RIVILVIIML LNTEFKRKSE KKKSISNKNK VLYIMLLLLL LRIVKVSLNE NTTNKNNAEC PPKRELKQKK RGRDQAKDDA LMQSDSSASS PTMTSTTSTT AVVIFVIVIL TTRVIVPVVV WWSNFYFYYY YY
GNM11799                        -AAAAAAAAA AIAKAVARAD AVCDDSEKNA QEKANQDEEE NYQEIGGKKT NEDAFLIFVP SEVKTKFYYG AGGGGGGGSK GNGQHHHHAC IIIIIITVVL IIVILVVMML LATENMQKKE KSNSKSNKNK VLAIMLLLLL LRVVKVSLNV NTTNNNNAEC PPRRELKQKK TARDQANEDK LSDSDTSAGA PTMTNTTTTT VVVIFAVIIL TTRVIIPVVV WWKMFYFYFY YY
GNM11841                        -AAAAAALAT GIPAQAVAAE AVADDDEHEG EQDVDDGEEE DWEQEGGQA- EEQKFYIFIR VKAKEAKQLG GSGGGGGG-D GDGHHHHHPI IILVIIIVKR RLIVVVIRVM HADEEEKEED NVEGNDRQEE VILQLLLLLL LRRVPATLNP DSVDGNNPDP PPELEIQQGG YAREHADED- AEGSSNRSAA PTTTDTTTTT CAVLVEVAVL ETQVVVIVVV WTGYYCFAVW WY
GNM11931                        -AAAAAALST GVPEAAVAAD AVADDEERES ETQVDADEEE EFQSEGGAA- EEADFYIFLA TRVEEEKDLG GGGGGGGG-D GDGHHHHHPI IIIVLIIVKT RLIVLTVRMM HADGEEEEES CADGNDDRQD VVLAIMVLLL LLVVPATLNP DTVNGNNADP PPSLEVQQGE LEREVATDP- AEASSTSGTS PTGVDAATTT CVVLLVVVIL DTTVVVVVVV W-GYFYYAVF HY
GNM12040                        -AAAAAALST GIPEDAVTAE AVADDSEHEG EQELDDGEEE DFEKEGGRT- EETAFYIFVA TRAGEEKQLG DSGGGGGG-G ADGHHHHHPI IIIVVVIIKR RLIVVVVRIL HADGEREKED CTDGTEKQEQ VCLALVLLLL LLRLPASLNP DTVNGNNADC PPDLEVQQRA LSRDQATQP- TTGSSNHSQA PTTIDTATTT CVALVEVIIL DTSVVVIVVV WTSYYYYAVW YY
GNM12071                        -AAAAAALST GIPAAAAQAE AAADDDEKEG DEELDEEEEE EWEEEGGAT- MPVAFYLFVR VFAGEAKEHG AGGGGGGD-N DDGHHHHHPI IIIVIVIVKR RLAVAVVREM HADSEREEEN CRDGTDDQAA VVLAVVRLLL LMRVPTSLNP DTVDGNNAQL PPSQEVQQGG LERERADDP- AEGSTTGSVA PTDTDTATTT VVVLLQVAIL DTGIVVVVVV W-GYFYFAVY YY
GNM12125                        -AAAAAAAAA GIPGKAVKAS TVCDDNETEK DQKADEAEEE KWEEIGGME- EHDFFFLFVL FRGQVTVELS GGGGGGGRDG GRGHHHHHPI IIIVVIIIVA RLFFITIITV VKDTESEEEE KLTSKKKRRR AVLVLILLLL LLLLEVGLNP DSISSNNVHP PPPLRVNQNK ISRERANEA- ERSGTSKARA PRTIDTTTTT ELCIVSVVIL RTEIVIIVVV WKSYFYYYYY YY
GNM12126                        -SAAAAAVAS GIPGAGATAG SACDDDETEA ERSSEEAEEE EESEEGGIK- EYAWFFFFIP VLGGVTYVLG DGGGGGGRKG SKGHHHHHPI IIIIIALVIA RLVILIIVRI VREVRRERKE KAVGKEKKRE LLLVLLLLLL LLMLVVGLNP RSTGGNNVRP PPRLKVDQPR ESREPADEE- PKRSKSPARA PTTTLSSSTT VSCLIRVAIV LTVVVIVAVV WNSKF-FYYY RY
GNM12128                        -AAAAAAAAA GIPGRAAGAS TVADDKDINE DIRVNEDEEE SHENIGGED- EEEYFYVFVP FKAYVVYALG GGGGGGGRNG GGTHHHHHPI IIIIVIIIVI VYLIFIIFIV LKRLEKEREK KASSKKRRDR VIIVLLLLLL LRILSLSLNR DRINGNNVRP PPNLKVKQPG IARSRADNI- IHSSNYYACA PDTISTTTTT EVVIIKVVIY VTELVVIVVV WYSYRYYYYY YY
GNM12182                        -AAAATAAAA GIPGVGTRAA SACDDKDHEA ERSRGKREEE KTEEEGGRK- DHDFFFYFII LAAKLVEELG AGGGGGGKGG GRGHHHHHPI IIIIIILVLG ILAVYVVVNI VSKVMKETED KVKLKSKKRE AIILIILLLL LRKLIVGLNM EKTNGNNANP PPKAKIKQQK MSRERADEE- ERGSDFSSSA PDTLYSTTTT TACLVRVFIL ETVVIVVAVV WDSYFVYYYY YY
GNM12342                        -AAAAAAAAT GIPGRALKAD AVADDNEYDG EKNSNYHEEE KFQEIGGAN- DEEAFYLFML IRAEEIMVLG GGGGGGPNDS GEGHHHHHPI IIIIIIIVKF RVCVLIIVEV LTNKEEKEEE KVEVKKPRNK MLLLIMFLLL LRIIIVSLNP DKVNGNNSDP PPKLEIKQRN IKRDRVDDK- EDSSSSAGSA PTYTDTTTTT VVCLILVIIL ETKIVIIAVV WSGYYIYYVY YY
GNM12351                        -AAAAAALAV GIPGVAIAAD AVADDQETDS DTNAGYGDEE EFEDEGGAT- ADETFFIFII TRALKVKELG GPGGGGGG-G GGGHHHHHPI ITIILIIVKA ILIVVIIRIV LADLETKQES KTDGKDKKQE ILLAIVVLLL LRMIPVTLNN DTTNGNNSDP PPHLERKQKK LQREQADKS- RDGSTSGSSA PTTTDTSTTT CVCLVIVIIL LTAVIVVVVV W-AHYYFAFY YY
GNM12356                        -AAAAAAHAS GIPGRGIKAD AVADDNDYDG EINSGKGDEE KHKEIDKSK- DDEAFYYFMY VRAEEIQILG GGGGGGPGNG GGGHHHHHPI ITIIIIIVIH KFCVLKVVEI LTDYENKKEE KAEVKNANNE MVYLIMYLLL LMKIIVSLNP DKVNGNNSDI PPPLEIKQRE MKREQVDGK- EDSSSCASKA PGYIDTGTTT IVCLIIIVIL DTIIVTIVVV WEGYHLYYVY YY
GNM12357                        -AGAAAAAAS GIPGRALKAD SVADDNDYDG EQNSGNHEEE QFQEIGGAK- DNACFYLFMY VRAGEIQDLG AGGGGGGHEG GEGHHHHHPI ITIIIIIIVF RMVVLVIVEI LTNSEEKEEK KAEVKKAMNK ILYLIMYLLL LKILVVSLNP DKVNGNNSDV PPSLELNQRV MKREQVDRS- EDSSSSRSSA PTYTDSTTTT VKCLVLVIIL STVVVTISVV DEGYHIFYVY FY
GNM12366                        -AGAAAAIAS GIPGRAVKAD SVADDNDYDG EKNSGNHEEE QFQEIGGSK- DDESFYVFMF VRANEIQELG GGGGGGPQNG GNGHHHHHPI IVIIIIIVVF RMIVIVIVEV LTNYEEKKES KNEVKKAINE MLYLIMYLLL LRILVVSLNP DKVNGNNSDI PPSLELNQRV IKREQVTKS- EDSSSSKASA PTYTDTTTTT VKCLILVIIL STVIVTIAVV DEGYHIFYVY FY
GNM12373                        -ASAAAAAAH GIASVCVAAD AVFDEDDFEV ANVIDDADEL EMEDCGGQP- ANEFFYIFIP VEASLVLKLG VGGGGGEEGG GPAHHHHHHI IIIIAIIVSS SLNIIVITVL MADSKTEESH KVEAKNHRER VIALILVLLL LLILLVTLNP DGTNDNNSMP PPNARLKQAA FQRERATKA- RSSSGSGSKA PTGTDTTTTT ACPLVVIVVM SSHVISVTVV W-SFMYYDIY YY
GNM12385                        -AAAAAAAAG GIASVGATAD SVVDDNDHEP EKVAGEDDEE REQEAGGNA- AEEAFYIFLP TMALEIKTLG AKGGGGGGGG GPAHHHHHPI IVIVALVVHS TVIMIMIVAL LAEMREEEER KAAGRGRRPA VLLLILQLLL LLRLPTTLNP DPANGNNSML PPAERFRQRR FKRRRATEG- RAESGMASRA PTGTDTTTTT CVLVMIVVIL DTTVVMVIVV W-GHRYYDFY YF
GNM12551                        -AAAAGAVAA GCPEVAVRAD AVADDEEKPA EREIDEEEEE EYGEVGGLST EEEWFFVFVP CCVERADRFG AGGGGGGGGG GNGHHHHHPV IVIVIVLLVE RVAINIIDTI LARSRREEDR KDEQKEKKDK VILLIIVLLL LLQVVLTLNP NRVNGNGAMP PPPQRLLQNR PSRPPADHEE RRDSDSNAKA PTSLSTATTT CAVVVRLIIL NTKVVEVAVV WYRRRFFYLW AY
GNM12554                        -AAAAAAAAR GIASISAAAE SIVDDAEHEG AVTAGEGDEE RSEEDGGST- EEEHFYIFIP ARADIVRKLG ADGGGGGGGG GPKQHHHHPI IVIIVLVVAS RLILATIIIV FADAETDSER KGKGRRHREK VLLQILQLLL LLILPVTLNP DSENGNNSTL PPESRLAQKK LSRKQATEA- RLSSGTASSA PTGTDTTTTT CLLLLIIVIM ITGVIVVVVV W-GRRYYDFY YY
GNM12592                        -AAAAAALAT GIPAVAVRAE AVADDNGHDT EDSSNDSEEE TYEDEGGAP- AREAFFIFIP TTAEEARELG GEGGGGGG-G GEAHHHHHPI IIIVIIIVWS RLAVLVVRLM LASKKEDTEG KVSGKEKRRR VILAILLLLL LLRVPVTLNP DSADGNNSDP PPRMRRAQRG IGRERANSP- REGSSTSSAA PTGIDTATTT CVCLVTVVIL NTSIVVVVIV WECFFYFYIF YY
GNM12596                        -AAAAAALAD GIPGSAVAAD AVADDKEHDS RISTGASEEE EFEEEGGAS- EQEAFLIFIA TKAREALQLG GNGGGGGG-G GAGHHHHHPI ITIIVIIVVT ILIVVVVKLM LADKEHKEET KNEGKDRKER VLLAILLLLL LRRLPVTINP DSRNGNNSDP PPKLERNQKK LSRNHANKS- KDSSSPKSKA PTETDTSTTT CVCLVIVMIL ETHVVVIVVV W-GYYYYALY YY
GNM12602                        -AAAAAALAD GIPGSAVAAD AVADDNQHDS QTSLGASEEE EFEEEGGAN- EQEAFLIFLI TRAREAAQLG GDGGGGGG-G GAGHHHHHPI ITVIVIIVLV ILIVVVVRLM LADKERKEEA KNNGNDRKER ILLAILLLLL LRRIPVTINP DTSNGNNADP PPKLERNQKK LSRKQADKS- KDSSSSRAKA PTETDTSTTT CKCLIIVAIL ETHIVVVVVV W-GYYYYALY YY
GNM12665                        -AAAAAALAD GIPGSAVTAD AVADDNEHDS HISMGASEEE EFEEEGGAS- DQEAFLIFIA TKAKEALQLG GNGGGSGG-G GAGHHHHHPI ITIIAIIVIT ILIVVIVKLM LADKERKEEA KNEGSDRRER VLLAILILLL LRRLPVTINP DSSNGNNSDP PPKLERNQKK LSRKQANKP- KDSSSSRSKA PTETDTSTTT CVCLVIVIIL ETHVVVIVVV W-GYYYYALY YY
GNM12745                        -ASAASAAAA GMSGKAHYAD AVVDDSDYDP KKTVSEEEEE NWQEIGGSP- CQETFYIFIP LEAGCELYVG AGGGGGGDGR GTIEHHHHNV IIIIIIVVKV KLSLLVIYII VNDAENNKSK KMKSNSCSNK VLILILFLFL LREILITINE DKTNGNNSDL PPNTSIHQRK MSRYQANNH- RADSESRASA PEYTITTTTT CICIILVIVL NTNVVAVAVV HGNLLYYYIN YY
GNM12749                        -AAAAAAAAK GIPSVGVTAD AIADDNERDS GKAADDDDEE EFAEAGADR- AETAFFIFLP ISAGIIFELG FGGGGGGGGG GPGHHHHHPI IIIVIAIVST LVIVICVIAM LADSEKEQDC KAHGLANHSA VLLLILQLML RLMIPVTLNP DSENGNNSMI PPREILKQRR YSRKQATQP- RLSSGNISKA PTGTDTTTTT CCVLMQVVVL CSHVLVVVVV H-GRRYFDLY YY
GNM12758                        -AAAAATVAS GISAKAVRAD AVVDDDEYDP EKESGEEEEE EYENVGGSP- EEEWFMIFIP VRARTVLKVG GGGGGGGGGR GSMHHHHHHI IIIVIIVVRV ILALVIIITL INDPEHDKER KLESNSHQEK VLILIMFLLL LRLILVTMNA DPTNGNNADP PPEERVRQRR MRRDRADGH- QQSSGSRASA PEAIPTTTTT CMCLVLVIIL ITTVVVVAVV WRGHYYFYLW FY
GNM12763                        -AAAAGTAAS GIPSKAVEAD AVADDNDYDP KKESNEDEEE KFEEIEAPP- SEKAFFLFIC IEAKVVYHVG AGGGGGGDGR GSKHHHHHHI IIIIVIIVKV ELILVTIVTL INDPKNEKKK KMNSKNRREK VILLIIFLLL LRKILITMND DKTNGNNADP PPDMEVRQRR WRRPRADRK- EKKSESRSSA PETLLSTTTT CICIVLVIIL VTVVVVVVVV WKGFYFFYVW FY
GNM12766                        -AAAAAAVAS GIPGRALRAD AVADDNDYDS EKNSNEYEEE KFEEIGGAS- DNEAFYLFMH VRAEEIMKLG GGGGGGPNNG GNGHHHHHPI IIIIIIIVVF KVCVLIIVEV LTNCENKEEE KVEVKKPMEK MLYLIMFLLL LRIVIVSLNP DKVNGNNADP PPSLEITQKN MKRERVDKN- EDSSSSTTSA PTYVDTTTTT VKCLVIVIIL VTKVVTIAVV WEGYYIYYVY YY
GNM12841                        -AAAAAALAT GIPCEAVAAE AVADDEDHEG EQHVDEGEEE EYEEEGGKA- EEEKFYLFIP TRAEEEKQLG GEGGGGGG-N GDGHHHHHPI IILVIIIVKG RLVVAVIRVM HADAEDEEEE NVSGNDKQEE VILQILLLLL LRRVPASLNP DSVDGNNSDP PPELAIQQAE LAREHADEA- REGSSNRSAA PTTTDTTTTT CAVLVEVVIL ETSVVVVVVV WVGYFHYAVW WY
GNM12849                        -AAAAAAAAA GIAKIAARAD AVCDDSEQNA DEKANSGEEE EEEEIGGKKT EEDAFFIFIP AQVKTTFYQG AGGGGGGESK GNGQHHHHPC IIIIIITVIG KIAILVIIML VNNEMKQKKE KKKSKSNNKK VLYIMLLLLL LRIVRISLNV NTTNDNNATC PPRREIKQKK KAREQADDTE LGQSDSSAAA PNMTCTTTTT VIVIFNLIIL TTRIIVPAVV WWSTFYFYYY YY
GNM12869                        -AAAAAAAAA GIAQVVARAD AVCDDDEQNA EEKANAEEEE EWEEVGGKQT EEDAFYIFIP AEVKTTFYYG AGGGGGGETK GNGQHHHHPC IIIIIITVIG RIAILVIIML VNDEMKQKKE KKTSKSNKNK VLYIMLILLL LRIVKVSLNA NTTNNNNASC PPRREIKQKK RARDQAEDDS LGQSDSSASG PTMTCTTTTT VVVIFNIIIL TTRVIVPAVV WWSMFYFYYY YY
GNM12896                        -AAAAAAAAA GTAESAAKAD AVCDDKERES AEKANREEEE KSENIGSNRT SEDAFGIFVP SEVKLTFFYG GGGGGGGGTK GKGQHHHHPC IIIIIIVVVS SLVIMVVIIL LENENKLNSE KSNSISNKNK TLEIMLLLLL LRIVKISLNV NTTNTNNAEC PPRKELKQKR RSRDQADDDP LYQSDSTASA PQMTCTTTTT VVVIFVLIII TTRVIIPVVV WWSMFYFYYY YY
GNM12897                        -AAAAAAAAA GTAQAAAKAD AVCDDKERES AEKANKEEEE QSENIGGNKT SDDAFGIFVP SEVKLTFFYG GGGGGGGNTK GNGQHHHHPC IIIIIIVVVS NLIIMVVIIL LENENKQNDE KSNSISNKKK TLEIMLLLLL LRIVKISLNV NTTNTNNAEC PPRKELKQKR RSRDQAEDDP LFQSDSTASA PQMTCTTTTT VVVIFVLIII TTRVIIPVVV WWSMFYFYYY HY
GNM12902                        -ASAASAGAS GIPSHAVNAD AAADDADSNA SMEKNNNEEE KKAEEGEEM- ENNAFFMFIE LFALITMEVG AEGGGGGNGR GKGMHHHHPV IIMVIILVKI RVYV-TIYML FNDYYNDQDD KADGNKNNNK ILYLIIVLIL LLLIITGLNP DLTNDNNTKP PPTNRI-QRR YIRTRATES- EDSSGFESKA PLTTETNTTT IIVVIEVII- DSHVIVVAII WYYYFYYYIY YF
GNM12903                        -VAAAVAVAA GIAGRAVEAG TACDDAEQDG EKKYGEEEEE AREEVDEAG- SEQFFLYFIR AFAKIVYILG AGGGGGGKTG DSGQDHHHEI IIIIIVVVVE RFVLLVIYAL VSNKYKKQAK KMRKSNGKED IVLLIVLLLL LLRLHVTLNP DPVNGNNADP PPMNKVHQRK FRRKRANDN- PNSSGVRANA PGPLTTATTV VQVIVAVAVI LTVPRVVAVV WSWFALYYYY YY
GNM12906                        -VAAAVAVAA GIAGKAVEAG TACDDAEHDG EKKFGEEEEE AKEEVDEAR- SNQFFFYFIR ALVKVAYIVG AGGGGGGGSG DSGQDHHHEI IIIIVVVVVE RFVLLVIYAV VSNKYKKLAK KTKKTAGKED VVLLLILLLL LLRLSVTLNP EPANGNNADP PPMNRIPQRK FRRKRANDS- PNSSGVKAHA PGPLVTATTA VQVIIAVAII LTVPRVVAVV WNWYALYYYY YY
GNM12907                        -VAAAVAVAA GAAGRAVEAG TACDDEEHDG EKRYREEEEE AKEEVGGLR- GEQFFFYFIR AFVKVAQVFG AGGGGGGRSG GSGHDHHHEI IIIIVVVIVE RFVLFVVYLV VAEKYKKHAK KVRKRSGKED VVLLLILLLL LLRIHVTLNP DPVNGNNADP PPMNRIQQRK YRRKRANDE- PSGSGVKAHA PGPLATASTA AVVIVLVAVI ITVPRVIAVV WGWYVLFYYF YY
GNM12909                        -IAAAVAVAA GIAGRAVEAG SACDDAEHDG EKRYNEEEEE AKEEVDGNG- KEQFFFYFIR AFVRITYILG MGGGGGGKTG GSRQDHHHEI IIIIIIVVIE RFIIIVVYAI VSDKYKKQAK KTKKNGGRED VILLLILLLL LLRLYVTLNP DPTNGNNADP PPMNKIYQRK FRRKRANNS- PNSSSVRAYA PAPLATASTA AEVIVAVIII ITAPRVVAVV WSWFALYYYY YY
GNM12915                        -AAAAAAAAA GIPGIAVRAD AVADDGEYEG KKEVGEEEEE RKEEIGSSP- EEEFFFIFLK IRAKIAQKVG AGGGGGGNGG GRVHHHHHPI IIIIIILVRA ILALLVIIVY LSDYEREEEE KVDKNSKKEK VILLIIYLLL LRILIISLNA DSENGNNADP PPDLRLFQAR LMRERATAD- YDKSGSRTKA PETTRTTTTT VMVIIVLAIL KTIVIVVVVV WKKRYLYYFY YY
GNM10046                        -AAAAAAAAA GIPGIAVKAD AVADDKEYEG KKEVGNEEEE RSEEIGSAP- EEEFFFIFLK IMAKIAQKVG GGGGGGGNGG GRVHHHHHPI IIIIIILVKA MLALLVIIVY LADYKREKEE KMNKKSGKEE VVLLIIYLLL LRMIIISLNA DLENGNNADP PPDLKIFQVR IMRERAIAD- YEKSGSRAKA PETTRTTTTT VMVIIVLAIL KTIVIVVVVV WKKRYLYYFY FY
GNM12918                        -AAAAAAAAA GIPGIAVKAD AVADDSEYEG KKEVGEEEEE RKEEVGSSP- EEEFFFIFLK VRAKTAQKVG GGGGGGGGGG GRVHHHHHPI IIIIIILVRA VLALLVIIVY LSDYEREEEE KVNKNSKREK VLLLIIYLLL LRILVISLNA DSENGNNADP PPDLKLFQAR MMRERATAD- YEKSGSRTKA PETTRTTTTT VMAIIVLAIL KTIVIVVVVV WKKRYLYYFY YY
GNM12931                        -AASAAAAAA GIPGRAVKAA CVADDREYEA GKRRDEDEEE SYEEVGDHP- METFFYIFIV VRAEIVLKFG GGGGGGGGNR GGGHHHHHPI IIIIIILVIV RYVLLVIYIV LKKVETEKEE KMESKERKEE ILFILILLLL LRLIKVSLNP DKTNENNSGP PPRLRIKQRG LSRDRANDE- ESSSNSPSKA PHTTATTTTT VLVIFTLVIF LTRVIVIVVV WWNYRLYYYY YY
GNM12938                        -AAAATAAAA GIPGAGTRAA SACDDKDRES KKDRNQREEE ETEDEGRKK- EVEFFFLFII IIAKEHYSLG AGGGGGGKNG GKGHHHHHPI IIIIIILVLE ELAVFVIVTV VADIFKERED KVRLKRNRKK VIILIIILVL LRRLIVGLNN NKTNGNNSSP PPLERIKQNR ISRERADTD- EKSSDFNASA PLMISSTTTT VVCLVKVIIL ETIVIVVAVV WYGYVLYYYY YY
GNM12996                        -ASAASAAAA GIPGIVVRAA SACDDSDREG GKSRNEREEE TEEEENSKK- TSEFFYIFII VIAFIVEFLG AGGGGGGKGG KKGHHHHHPI IIIIIIIILG LLAILTIVNV VANVERDLED KAKLKANKHK LLLLIILLLL LRLLVVGLNA DKMNDNNSSP PPPNKIEQNR VSRERADDQ- ERASDFNSAA PKYSSSTTTT ILCLVKVFIL ETVVIIVAVV WYGQFLYYYY YY
GNM13018                        -ASAASAAAA GIPGIVVRAA SACDDSDREG GKSRNEREEE TEEEESSKK- TSEFFYIFII IIAFIVEFLG AGGGGGGKGG KKGHHHHHPI IIIIIIIIIG ILAILIIVNV VADTERDLED KAKLKTNKRK LLLLIILLLL LRLLVVGLNA DKVNDNNSSP PPPNKIEQNK VSRERADDQ- ERASDFNSAA PKYSSSTTTT ILCLVKVFII ETVVIIVAVV WYGQFLYYYY FY
GNM13027                        -AAAATAAAA GIPGVGTKAA NACDDKDREA RKDRDNREEE KTEEEGGRK- DSEFFFLFII LIAKENEQLG AGGGGGGKGG GRGHHHHHPI IIIIIILVIE ILAIFVVINV VADLYKEKED KAKLKANRKK TIYLIIILLL LRRLVVGLNP DKINGNNANP PPLEKIRQNK LSRERANAQ- EKISDFTSAA PTMIVSTTTT AACLVKVFIL ETIIIIVAVV WYGHALYYYY YY
GNM13046                        -AAAAAAAAA GVAQAVARAD AVCDDNDHEA EEKANQAEEE TEEEVGGKKT DEDAFFIFVP SEVKTTFYYG AGGGGGGGTK GNGQHHHHPC IIIIIITVVM LLVILVIIIL LNTENKQKKE KIKSKSNKNK VLEIILLLLL LRIVKVSLNI NTTNDNNAVL PPRRELKQKK RARDQAKEDE LSQSDSSSAA PTMTCTTTTT VIVIFGIIIQ TTRVIIPAVV WWSLFYFYYY YY
GNM13074                        -AAAAAAAAS GIPGIVVKAD AVADDKEYES KQKVGEQEEE KFEELGGAP- EEEFFFIFIK IRAKKVQYVG GGGGGGGGGG GRVHHHHHPI IIIIIILVKA VVAILVIIVY LNDYERRKEK KVEVNSSKNE VLYLVIFLLL LRIIIVSLNA DSTNGNNAEP PPNLRLIQRR LMRERATND- YDGSGSRSKA PETIRTTTTT AMCVVVLVIL KTIVIIVVVV WKNYFLFYLY YY
GNM10010                        -AAAAAAAAA GIPGVVVKAD AVADDKDYES KKMVGEEEEE RFEEIGGVP- EEDFFFIFVR VRAKHAQHVA GGGGGGGGGG GRVHHHHHPI IIIIIILFRA VLAILVIVTY LNDYEREKEE KTEKNAKKEE VLYLIIYLLL LKLIVVSLNA DKTNGNNADP PPDLRLRQRR MMRERATMD- YEGSGSRARA PETTRTTTTT AMCLVVLVIL KTIIVIVVVV WKRRYLFYFY YY
GNM10014                        -AAAAAAAAA GIPGVVVRAD AVADDRDYEA KQMVGEEEEE KFEEIGGAP- EEDFFFIFVK IRAKYAQHVA GGGGGGGGGG GRVHHHHHPI IIIIIILFRA VLAILVVVTY LNEYEREKEK KAEKNAKKNE VIYLIVYLLL LKIIVVSLNA DKTNGNNADP PPDLRIRQRR MMRERATMD- YEGSGSRARA PETTRTTTTT AMCLVLLVIL KTIIVIVVVV WKRKYLFYFY YY
GNM13090                        -AAAAAAAAA GIPGVVVKAD AVADDRDYES KQKVGEEEEE RFEEIGGVP- EEEFFFIFIK IRAKYAQHVG GGGGGGGGGG GRVHHHHHPI IIIIIILFRA ILAIVLIIVY LNEYERTKEK KTEKNKNREE IIYLIIYLLL LKIIIVSLNA DKTNGNNADP PPDLRIRQRR LMRERATMD- YDGSGSRARA PEGTRTTTTT AVCVVLLIIL KTIIVIVVVV WKNYYLFYIY YY
GNM13118                        -AAAAAAAAA GIPGAAVKAS AAADDEEYDH QETENKEEEE KREEVGSSG- EQDFFYIFVS AFALKVQAQG AGGGGGRGGK GGSHDHHHPV IIIILVLVVV RVRIVVIVAV LSDSLRLRSK KVGKKLKEED SVILAIVLLL LLKVKVTLNP DPANGNNAEP PPVRFIDQRK LRRKRANER- ERKSSSSSRA PDGIVTCTTV AAVIFVLLVL NTIPVRVVVV WWYYFLYYYY YY
GNM13126                        -AAAASAGAA GIPAHGARAD AAADDKDYES NKSRNNEEEE RAANDGESQ- QNEFFFIFII VFALIRMIVG ASGGGGMGGK GNGHHHHHPI IVMVIILVKI KLEV-IIYLV LADAISDEDE KAEGKENANR KFLLIVILLL LLLLIMGLNP DRVNDNNAHP PPPERI-QKR FMRTRATES- EDSSGFRAKA PLKTETTTTT VIVVMDVVI- DSHVIVVAII WYNYFYYYIY YF
GNM13128                        -AAAASAGAA GIPTHAAGAD AAADDKDSSP NESRGDEEEE KAAEDGESP- ENEAFFLFIS VFAKIRMVVG ATGGGGMNGR GNGHHHHHPI IVMVIILLRI ILEV-IIYLV LADALGDEEE KTDGKSRSNR RFLLIVLLLL LLIVLMGLNP DKVNDNNTHP PPPQRI-QKR LIRTRATES- EDSSGFASRA PLTTETTTTT IIVVIDVVI- DSHVIIVAII WYNFFYYYIY YF
GNM13208                        -VAAAVAVAA GIAGGAVDAS TACDDQEYDG EKRYAKEEEE SKEEVDGDK- NSQFFYLFIR AYATIVLKLG AGGGGGGGGG GGGHDHHHEI IIIIIIVVIK RFSLYVVYAV VRDTYKRNDK KMSRKENSND LILLFILLLL LLIIDVTLNP DPVGGNNSDP PPMAYINQKR LKRKRANDD- PGSGGVRSHA PTMLSTATTA AIVIFNVLII NTIPIVIAVV WYWFVYYYYY YY
GNM13210                        -AAAAAAAAA GIPGKAVRAS AVADDRDTDA DRKKNESEEE GYEEVGENS- KEEFFFIFIP AMAFVVLQFG GGGGGGGSNN GDLHHHHHPV IIIIIIILVA RYLVLTIFVV LRKVEREKEE KADSKEKREE VIVIVILLLL LRLLVLSLNP DRTNQNNAGP PPGLRVRQRK VARDAVNDE- EGSGNSQSRA PLTSCTTTTT VVIIFKVFVY TTKVVVVVVV WYSYRLYYYY YY
GNM12773                        -SAAATTLAA AISKALVEAS SSCDDSDSNG KNSSKQGEEE KKEEINGSPL EEKAFFIFIP TLVERIRYFG GGGGGGGKKK GSHHHHHHPI IIVIIIVIIA KLIILFIITL IADPERSLED KMKSREKNKK IMIIIVLLLL LRRITATMNS DLTNGNNAQP PPNKQVKQKH IRRERAENIP EFNSNSKAKG PETLCTTTTT CVCIVTVIII LTEVLVIVVV WDSRFFFYFY YY
GNM12769                        -AAAAATAAC AIPKEVVHAS TVCDNNEINP EKKRNREEEE NEEEVGGSQY DEDAFYIFIG IMAKEIIHFG GGGGGGGHGR GSNHHHHHHI IIIIIIIIVS LLCVLIIINV INDLATLKKK KKKKKEISEQ ILLLIIYLLL LRRIKITMNP SKNNGNNAEL PPEMEIKQKK PKRDRADREV TSRGNVKASA PNTLPTTTTT CICIVNVIIL STKVLVVVVV WRSHFYFFFF YY
GNM12768                        -AAAAAAAAA GISTKAAQAA SVCDDDETGA EETWHKKEEE QTKEVGGNDL QEQAFFLFLP TRLKVTQWLG GGGGGGNEDK GKIHHHHHPV IIIIIIVVVA RLSILTIVTL IQRPSEFKRK KTKQKRPAER VLLLILYLLL LRKIKVTMSP DPTNGNNVEL PPAKEVEQKR VRRRRVSDEP HGRCKSKASA PTYTSSTTTT CVCILHVIVL LTRVVVVVVV WQTYCYFYFH YY



    1    1    1    1    1    1    1    1    1    1    1    1    1    1    1
    1    1    1    1    1    1    1    1    2    1    1    1    1    1    1
    1    1    1    1    1    1    1    1    2    1    1    1    1    1    1
    1    1    1    1    1    1    1    1    1    2    1    1    1    1    1
    1    1    1    1    1    1    1    1    1    1    1    1    1    1    3
    1    1    1    1    1    1    1    1    1    1    1    1    1    1    1
    1    1    1    1    1    1    1    1    1    1    1    1    1    1    1
    1    1    1    1    1    1    1    1    1    1    1    1    1    1    1
    1    1    1    1    1    1    1    1    1    1    1    1    1    1    1
    1    1    1    1    1    1    1    1    1    1    1    1    1    1    1
    1    1    1    1    1    1    1    1    1    1    3    1    1    1    1
    1    1    1    1    1    1    1    1    1    1    1    1    1    1    1
    1    1    1    1    1    1    1    1    1    1    1    1    1    1    1
    1    1    1    1    1    1    1    1    1    1    1    1    1    1    1
    1    1    1    1    1    1    1    1    1    1    1    1    1    1    1
    1    1    1    1    1    1    1

AAML (in paml version 4.9h, March 2018)  tmp0047.txt
Model: Empirical,  (../wag.dat) dGamma (ncatG=4) ns = 142  ls = 239


Frequencies..
                                    A      R      N      D      C      Q      E      G      H      I      L      K      M      F      P      S      T      W      Y      V
GNM13746                       0.08824 0.02941 0.04202 0.04622 0.00420 0.02101 0.08824 0.06723 0.02521 0.09244 0.06723 0.07983 0.01261 0.07143 0.02521 0.05882 0.05042 0.00840 0.04202 0.07983
GNM13538                       0.09244 0.05882 0.04202 0.04202 0.00840 0.02521 0.06303 0.05882 0.03361 0.08824 0.06723 0.05462 0.01681 0.02521 0.04202 0.07143 0.04622 0.01261 0.04622 0.10504
GNM13671                       0.06303 0.06723 0.04202 0.03782 0.02101 0.01681 0.05882 0.08824 0.02101 0.11765 0.07983 0.05042 0.00420 0.02101 0.05462 0.05462 0.06303 0.00420 0.03782 0.09664
GNM13876                       0.10504 0.05882 0.04202 0.03782 0.01261 0.02521 0.05882 0.07143 0.02521 0.07563 0.07563 0.05462 0.01681 0.03782 0.04622 0.03782 0.06303 0.00840 0.02941 0.11765
GNM13680                       0.11765 0.05462 0.04622 0.03361 0.00840 0.03361 0.07983 0.07143 0.03361 0.09664 0.07143 0.04202 0.00840 0.02941 0.03782 0.05882 0.06723 0.00840 0.02941 0.07143
GNM14837                       0.11345 0.03361 0.07143 0.04622 0.01681 0.03361 0.07143 0.07143 0.01681 0.08824 0.05462 0.06723 0.01681 0.03782 0.03361 0.04622 0.06303 0.00840 0.03361 0.07563
GNM14249                       0.10924 0.03361 0.05462 0.04622 0.01681 0.03361 0.07563 0.07143 0.01681 0.09244 0.05042 0.06723 0.02101 0.03361 0.03361 0.04622 0.07143 0.00840 0.03782 0.07983
GNM13928                       0.11345 0.03361 0.05882 0.04622 0.02101 0.03361 0.07983 0.07143 0.01681 0.09664 0.05042 0.07143 0.02521 0.03782 0.03361 0.04202 0.05882 0.00840 0.02941 0.07143
GNM13297                       0.09244 0.05882 0.04202 0.04202 0.00840 0.02521 0.06303 0.05882 0.03361 0.08824 0.06723 0.05462 0.01681 0.02521 0.04202 0.07143 0.04622 0.01261 0.04622 0.10504
GNM14865                       0.10213 0.04681 0.02553 0.09362 0.00851 0.01702 0.11915 0.09362 0.02979 0.05532 0.08085 0.02128 0.01277 0.01702 0.03404 0.04255 0.05532 0.00851 0.03404 0.10213
GNM13455                       0.10256 0.03419 0.05983 0.02991 0.01709 0.03419 0.08974 0.07265 0.01709 0.10256 0.05128 0.07692 0.01709 0.02991 0.03419 0.05128 0.06410 0.00855 0.03419 0.07265
GNM14938                       0.11345 0.09244 0.02101 0.03361 0.00840 0.01261 0.08824 0.10084 0.02521 0.05882 0.07563 0.01681 0.00420 0.02101 0.04202 0.05042 0.05042 0.01261 0.02521 0.14706
GNM14483                       0.09910 0.07207 0.01802 0.05405 0.00450 0.01351 0.09459 0.08559 0.02252 0.06306 0.07207 0.03153 0.01351 0.05405 0.04505 0.04505 0.07658 0.00901 0.03604 0.09009
GNM14872                       0.12605 0.04622 0.03361 0.04202 0.00840 0.02941 0.07143 0.07983 0.02941 0.08824 0.06723 0.06303 0.02521 0.01681 0.03782 0.04622 0.07143 0.00840 0.03782 0.07143
GNM13855                       0.06723 0.03782 0.07983 0.04622 0.00420 0.02101 0.06723 0.05882 0.02941 0.13866 0.07563 0.06303 0.00000 0.02941 0.03361 0.06723 0.06723 0.00840 0.04202 0.06303
GNM14445                       0.07983 0.03782 0.04622 0.06303 0.01261 0.02521 0.05462 0.09664 0.02521 0.10084 0.07563 0.05882 0.02521 0.02521 0.03361 0.05462 0.07563 0.01261 0.02941 0.06723
GNM14545                       0.07531 0.06695 0.04184 0.05858 0.02092 0.01255 0.05858 0.07950 0.02929 0.09623 0.08368 0.04184 0.00837 0.03766 0.04184 0.07113 0.03347 0.00418 0.03347 0.10460
GNM14366                       0.09664 0.03361 0.05882 0.02521 0.02101 0.02101 0.09244 0.06723 0.02101 0.08824 0.06723 0.08403 0.01681 0.02941 0.03361 0.05882 0.06303 0.00840 0.03782 0.07563
GNM14252                       0.10924 0.02941 0.05882 0.04622 0.01681 0.03361 0.07563 0.07143 0.01681 0.09244 0.04202 0.07143 0.02101 0.03361 0.03361 0.04622 0.07143 0.00840 0.03782 0.08403
GNM13760                       0.11345 0.03782 0.05042 0.04622 0.01681 0.04202 0.07983 0.07143 0.02101 0.09664 0.05462 0.06723 0.01681 0.03361 0.03361 0.03782 0.06303 0.00840 0.03361 0.07563
GNM13982                       0.10084 0.02521 0.05882 0.03782 0.01681 0.02521 0.08403 0.08403 0.02941 0.07983 0.06303 0.07563 0.02101 0.03361 0.03361 0.04202 0.06723 0.00840 0.03361 0.07983
GNM13960                       0.11765 0.02521 0.05882 0.05042 0.01261 0.02521 0.05882 0.06723 0.01681 0.07983 0.06303 0.08403 0.02521 0.03782 0.02941 0.05882 0.06723 0.00840 0.03361 0.07983
GNM14633                       0.09664 0.03361 0.06303 0.04202 0.01681 0.02101 0.08824 0.08403 0.02521 0.07563 0.06723 0.06303 0.01681 0.03361 0.03361 0.04202 0.06303 0.00840 0.03782 0.08824
GNM14853                       0.09170 0.03493 0.06114 0.03930 0.01747 0.02183 0.08734 0.08734 0.02183 0.07860 0.06987 0.06550 0.01747 0.03493 0.03057 0.04367 0.06114 0.00873 0.03493 0.09170
GNM14748                       0.10504 0.03361 0.05042 0.03782 0.01681 0.03361 0.07983 0.07143 0.01681 0.08824 0.05042 0.07983 0.01681 0.03782 0.03361 0.05042 0.07143 0.00840 0.03361 0.08403
GNM14246                       0.08824 0.06303 0.02941 0.03782 0.02101 0.02521 0.07983 0.06723 0.03361 0.07143 0.08403 0.05882 0.01261 0.04622 0.05042 0.05462 0.05462 0.00420 0.02101 0.09664
GNM14640                       0.07563 0.05462 0.03361 0.02941 0.01681 0.02101 0.08403 0.07143 0.02521 0.06723 0.07983 0.07563 0.00840 0.04202 0.05462 0.06303 0.05462 0.00420 0.02941 0.10924
GNM14965                       0.09664 0.05462 0.05462 0.03782 0.00840 0.02941 0.07563 0.05882 0.02521 0.10504 0.04622 0.05882 0.00840 0.03782 0.03782 0.05462 0.07143 0.00840 0.03782 0.09244
GNM13677                       0.10924 0.06303 0.03782 0.03782 0.01261 0.02101 0.05882 0.07143 0.02521 0.06303 0.07563 0.05462 0.01261 0.03782 0.05042 0.04202 0.06303 0.00840 0.02941 0.12605
GNM14339                       0.10084 0.07983 0.02521 0.05042 0.02101 0.00840 0.06303 0.09244 0.02101 0.08403 0.10504 0.02521 0.00420 0.02101 0.04202 0.05882 0.04622 0.00840 0.03782 0.10504
GNM14593                       0.07983 0.07143 0.04202 0.04202 0.01681 0.00840 0.07563 0.06723 0.02521 0.13445 0.06723 0.05042 0.02101 0.02101 0.04622 0.05462 0.05462 0.00420 0.03361 0.08403
GNM13825                       0.13025 0.09244 0.01681 0.03361 0.00840 0.01261 0.08824 0.09244 0.02101 0.05462 0.07983 0.02101 0.00420 0.02101 0.04202 0.05882 0.04622 0.01261 0.02941 0.13445
GNM14768                       0.12605 0.09244 0.02521 0.02101 0.01261 0.02521 0.10504 0.07983 0.02101 0.08403 0.06303 0.02101 0.01681 0.02521 0.05882 0.03782 0.04202 0.00420 0.02521 0.11345
GNM14776                       0.13025 0.08403 0.02521 0.02101 0.01261 0.02521 0.09664 0.08403 0.02101 0.09244 0.06303 0.02941 0.01261 0.02521 0.05882 0.04202 0.04202 0.00420 0.02521 0.10504
GNM14715                       0.10924 0.05882 0.02101 0.05882 0.00000 0.00840 0.07563 0.08403 0.02521 0.05882 0.07143 0.05462 0.00840 0.04202 0.03782 0.05882 0.07143 0.00840 0.03782 0.10924
GNM14639                       0.08403 0.03782 0.05882 0.05462 0.01261 0.01681 0.05882 0.05042 0.02521 0.10084 0.10924 0.08403 0.00420 0.03782 0.02941 0.05042 0.06303 0.00840 0.03782 0.07563
GNM13795                       0.11345 0.03361 0.05462 0.03782 0.01681 0.03361 0.08403 0.07143 0.01681 0.09664 0.04622 0.07143 0.02101 0.03782 0.03361 0.03782 0.07143 0.00840 0.03361 0.07983
GNM14166                       0.09664 0.03782 0.05882 0.03361 0.01681 0.02941 0.09244 0.06723 0.02101 0.09244 0.06303 0.06303 0.01261 0.03782 0.03782 0.05462 0.07143 0.00840 0.02521 0.07983
GNM14450                       0.11345 0.02941 0.07143 0.05042 0.01261 0.02101 0.06303 0.05882 0.03361 0.09664 0.06303 0.07563 0.00840 0.03361 0.03782 0.04202 0.05882 0.00840 0.03782 0.08403
GNM13515                       0.09829 0.02991 0.07265 0.03846 0.01709 0.02991 0.07265 0.07692 0.03419 0.07265 0.06410 0.07265 0.01282 0.03419 0.03419 0.03846 0.07692 0.00855 0.02991 0.08547
GNM13745                       0.08403 0.04202 0.04622 0.04622 0.00840 0.00840 0.06723 0.06723 0.03361 0.10504 0.05882 0.06303 0.01261 0.05042 0.03782 0.04622 0.09664 0.00840 0.04202 0.07563
GNM14030                       0.06410 0.02991 0.06838 0.03419 0.01282 0.01282 0.07265 0.07692 0.01709 0.09402 0.06410 0.07265 0.01709 0.04701 0.03846 0.07265 0.07692 0.00855 0.03846 0.08120
GNM14959                       0.10593 0.02966 0.03814 0.05508 0.00424 0.02119 0.04661 0.08898 0.02542 0.09746 0.07627 0.06780 0.01271 0.03390 0.05932 0.04237 0.04661 0.00424 0.05508 0.08898
GNM13413                       0.06780 0.07203 0.02966 0.02966 0.00000 0.01695 0.09746 0.09746 0.02966 0.06780 0.06780 0.04237 0.00424 0.03814 0.05085 0.06780 0.04661 0.00847 0.03390 0.13136
GNM14971                       0.11765 0.02521 0.05882 0.05042 0.01261 0.02521 0.05882 0.06723 0.01681 0.07983 0.06303 0.08403 0.02521 0.03782 0.02941 0.05462 0.06723 0.00840 0.03361 0.08403
GNM14990                       0.11765 0.02521 0.05882 0.05042 0.01261 0.02521 0.05882 0.06723 0.01681 0.07983 0.06303 0.08403 0.02521 0.03782 0.02941 0.05462 0.06723 0.00840 0.03361 0.08403
GNM15005                       0.11345 0.02521 0.05882 0.05042 0.01261 0.02521 0.05882 0.06723 0.01681 0.07983 0.06303 0.08403 0.02521 0.03782 0.02941 0.05462 0.07563 0.00840 0.03361 0.07983
GNM14976                       0.11765 0.02521 0.05882 0.05042 0.01261 0.02521 0.05882 0.06723 0.01681 0.08403 0.06303 0.08403 0.02521 0.03782 0.02941 0.05462 0.06723 0.00840 0.03361 0.07983
GNM15024                       0.10924 0.02941 0.05882 0.04202 0.01681 0.03361 0.07983 0.07143 0.01681 0.09244 0.05042 0.07143 0.01681 0.03361 0.03361 0.04202 0.07143 0.01261 0.03782 0.07983
GNM14980                       0.10924 0.02941 0.05882 0.04202 0.01681 0.03361 0.07983 0.07143 0.01681 0.09244 0.05042 0.07143 0.01681 0.03361 0.03361 0.04202 0.07143 0.01261 0.03782 0.07983
GNM15000                       0.10924 0.02941 0.05882 0.04202 0.01681 0.03361 0.07983 0.07143 0.01681 0.09244 0.05042 0.07143 0.01681 0.03361 0.03361 0.04202 0.07143 0.01261 0.03782 0.07983
GNM15026                       0.10924 0.02521 0.06303 0.04202 0.01261 0.02101 0.06303 0.06723 0.02101 0.07983 0.06723 0.08403 0.02941 0.03361 0.02941 0.03782 0.08403 0.00840 0.03782 0.08403
GNM15019                       0.10924 0.03361 0.05882 0.03782 0.01681 0.03361 0.07983 0.07563 0.01681 0.10924 0.04622 0.06723 0.02101 0.03782 0.03361 0.03361 0.07563 0.00840 0.03361 0.07143
GNM11003                       0.09322 0.05085 0.04237 0.05085 0.00847 0.01695 0.06780 0.08898 0.01695 0.09746 0.06356 0.06780 0.01695 0.04661 0.03814 0.05085 0.03390 0.00424 0.03814 0.10593
GNM11023                       0.12712 0.09322 0.01695 0.02966 0.01271 0.00847 0.06356 0.11017 0.02542 0.05508 0.08898 0.03814 0.01271 0.02966 0.03814 0.04661 0.05085 0.00424 0.04661 0.10169
GNM11055                       0.11017 0.02966 0.05085 0.03814 0.00000 0.00847 0.09746 0.09322 0.02119 0.08051 0.08898 0.06356 0.01271 0.02542 0.04661 0.03390 0.05085 0.00847 0.03390 0.10593
GNM11146                       0.10169 0.05085 0.06780 0.05085 0.00424 0.01695 0.03814 0.08475 0.02542 0.08475 0.08051 0.04237 0.02119 0.03814 0.04237 0.05508 0.05932 0.00847 0.04661 0.08051
GNM11220                       0.08824 0.07563 0.02521 0.03361 0.02101 0.00840 0.08824 0.09244 0.01681 0.03782 0.09244 0.05882 0.01681 0.04202 0.03782 0.04622 0.04622 0.00840 0.03782 0.12605
GNM11224                       0.09244 0.06723 0.02941 0.03361 0.01261 0.01261 0.07983 0.07983 0.02101 0.07983 0.07563 0.05462 0.01681 0.04622 0.05462 0.06723 0.03361 0.00420 0.03361 0.10504
GNM11225                       0.07983 0.08824 0.03361 0.02941 0.01681 0.02521 0.09244 0.07983 0.01681 0.08403 0.07143 0.04202 0.02101 0.03361 0.04622 0.05462 0.04622 0.00840 0.03361 0.09664
GNM11358                       0.07983 0.03361 0.06303 0.04622 0.00420 0.02941 0.07563 0.05882 0.02941 0.12185 0.07143 0.06723 0.00420 0.02941 0.03361 0.07143 0.05462 0.00840 0.04622 0.07143
GNM11360                       0.10504 0.03361 0.05882 0.02941 0.01681 0.03361 0.08824 0.07143 0.01681 0.10504 0.05042 0.07983 0.01681 0.03361 0.03361 0.05042 0.06303 0.00840 0.03361 0.07143
GNM11362                       0.10504 0.05462 0.04202 0.04202 0.01261 0.00840 0.07563 0.08403 0.02941 0.09244 0.06303 0.05882 0.01681 0.02101 0.03782 0.04202 0.06303 0.00840 0.04202 0.10084
GNM11367                       0.10084 0.02521 0.05882 0.03782 0.01681 0.02521 0.08403 0.08403 0.02941 0.07983 0.06303 0.07563 0.02101 0.03361 0.03361 0.04202 0.06723 0.00840 0.03361 0.07983
GNM11377                       0.12605 0.04622 0.03361 0.04202 0.00840 0.02941 0.07143 0.07983 0.02941 0.08824 0.06723 0.06303 0.02521 0.01681 0.03782 0.04622 0.07143 0.00840 0.03782 0.07143
GNM11380                       0.10924 0.03361 0.05882 0.03361 0.01681 0.02941 0.09244 0.06303 0.02101 0.08824 0.05882 0.06303 0.01681 0.04202 0.03782 0.05462 0.06723 0.00840 0.02941 0.07563
GNM11383                       0.10504 0.03361 0.05882 0.04202 0.01261 0.02521 0.07143 0.06723 0.01681 0.08824 0.07143 0.07983 0.01681 0.02941 0.03361 0.06303 0.06723 0.00840 0.04202 0.06723
GNM11491                       0.13025 0.07563 0.04202 0.05882 0.01681 0.00840 0.07983 0.09664 0.02101 0.07983 0.05462 0.04622 0.02101 0.02941 0.03361 0.02941 0.05462 0.00840 0.03361 0.07983
GNM11804                       0.08936 0.04681 0.02553 0.03830 0.00851 0.00851 0.12340 0.08085 0.02553 0.09362 0.07660 0.07660 0.00000 0.03404 0.04255 0.03830 0.05532 0.00426 0.02979 0.10213
GNM11805                       0.08584 0.03433 0.05579 0.06438 0.00000 0.01288 0.06438 0.09013 0.02575 0.12446 0.06438 0.05150 0.02146 0.03863 0.04292 0.06009 0.04721 0.00429 0.05150 0.06009
GNM12883                       0.10504 0.04622 0.04202 0.03361 0.00840 0.03361 0.08824 0.07563 0.03361 0.08824 0.06303 0.05882 0.01261 0.02941 0.03782 0.05882 0.05882 0.00840 0.03782 0.07983
GNM12886                       0.10504 0.05042 0.04622 0.03782 0.00840 0.03361 0.07143 0.07983 0.02941 0.08824 0.06723 0.05462 0.01261 0.03361 0.03782 0.04622 0.07143 0.00840 0.02941 0.08824
GNM12892                       0.09244 0.05042 0.05042 0.04622 0.00840 0.02941 0.07143 0.06303 0.02521 0.10084 0.04622 0.06303 0.00840 0.03782 0.03782 0.05882 0.07143 0.00840 0.03782 0.09244
GNM12895                       0.11345 0.02941 0.07143 0.05042 0.01261 0.02101 0.06303 0.05882 0.03361 0.09664 0.06303 0.07563 0.00840 0.03361 0.03782 0.04202 0.05882 0.00840 0.03782 0.08403
GNM13060                       0.08403 0.01681 0.03782 0.02941 0.00420 0.00840 0.10084 0.07143 0.03361 0.09664 0.07143 0.08824 0.01261 0.05882 0.02941 0.06723 0.05462 0.00840 0.05462 0.07143
GNM13061                       0.09664 0.06303 0.02941 0.03782 0.00420 0.01681 0.07563 0.07983 0.02941 0.05042 0.10924 0.03782 0.01681 0.04622 0.04622 0.06723 0.05882 0.00840 0.03361 0.09244
GNM13062                       0.11345 0.07983 0.02941 0.05462 0.00420 0.01261 0.07143 0.08403 0.02521 0.04202 0.07563 0.04622 0.00840 0.05042 0.04202 0.02941 0.07143 0.01261 0.02941 0.11765
GNM13064                       0.08824 0.03782 0.04202 0.06303 0.01261 0.01681 0.06303 0.07563 0.02941 0.09244 0.06303 0.06303 0.01261 0.05042 0.03782 0.05462 0.08403 0.00840 0.02521 0.07983
GNM13066                       0.07983 0.03361 0.05042 0.05882 0.01261 0.01681 0.05882 0.07143 0.02941 0.08824 0.05882 0.06723 0.01681 0.04622 0.03782 0.06303 0.08403 0.00840 0.02941 0.08824
GNM11034                       0.11345 0.09664 0.02101 0.02941 0.00840 0.00840 0.09244 0.09664 0.02101 0.05042 0.08403 0.01681 0.00420 0.01681 0.04202 0.05882 0.05042 0.01261 0.02521 0.15126
GNM11363                       0.10504 0.05462 0.04202 0.04202 0.01261 0.00840 0.07563 0.08403 0.02941 0.09244 0.06303 0.05882 0.01681 0.02101 0.03782 0.04202 0.06303 0.00840 0.04202 0.10084
GNM11375                       0.11345 0.03782 0.05042 0.04622 0.01681 0.04202 0.07983 0.07143 0.02101 0.09244 0.05462 0.06723 0.01681 0.03361 0.03361 0.04202 0.05882 0.00840 0.03361 0.07983
GNM11381                       0.11345 0.02941 0.05042 0.02941 0.01261 0.02941 0.07983 0.05882 0.01681 0.08824 0.06723 0.07983 0.01681 0.03361 0.03361 0.07143 0.07143 0.00840 0.03782 0.07143
GNM11382                       0.08824 0.04202 0.05462 0.03782 0.01261 0.02101 0.08403 0.06723 0.01681 0.09244 0.07143 0.07563 0.02101 0.03361 0.03782 0.05882 0.06723 0.00840 0.03782 0.07143
GNM11799                       0.11765 0.02521 0.07143 0.04202 0.01261 0.02941 0.05882 0.06303 0.01681 0.07563 0.06723 0.08403 0.02521 0.03361 0.02941 0.04202 0.07143 0.00840 0.03361 0.09244
GNM11841                       0.11064 0.03830 0.02553 0.08085 0.00851 0.04681 0.11915 0.09787 0.03404 0.05957 0.06809 0.02553 0.00426 0.01702 0.04681 0.02128 0.05106 0.01702 0.02128 0.10638
GNM11931                       0.11966 0.02564 0.02137 0.08547 0.00855 0.02137 0.11111 0.09829 0.02991 0.04274 0.07692 0.00855 0.01282 0.02564 0.04701 0.03846 0.06838 0.00427 0.02137 0.13248
GNM12040                       0.10213 0.03830 0.02128 0.07660 0.01702 0.03830 0.09787 0.08936 0.03404 0.05957 0.08085 0.02128 0.00000 0.01702 0.04255 0.04255 0.08085 0.00851 0.02979 0.10213
GNM12071                       0.13675 0.04274 0.02137 0.08547 0.00427 0.02991 0.11111 0.09829 0.02991 0.03846 0.06410 0.01282 0.01282 0.02564 0.04701 0.02564 0.05983 0.00855 0.02564 0.11966
GNM12125                       0.08051 0.05932 0.02966 0.04237 0.00847 0.01271 0.09746 0.08051 0.02966 0.08898 0.08051 0.05508 0.00424 0.03814 0.04237 0.05085 0.06356 0.00847 0.03390 0.09322
GNM12126                       0.08936 0.07660 0.01702 0.02979 0.00851 0.00426 0.09787 0.09787 0.02128 0.07234 0.09362 0.05106 0.00426 0.02979 0.05957 0.06809 0.04255 0.00851 0.02553 0.10213
GNM12128                       0.08475 0.06356 0.04661 0.04661 0.00424 0.00424 0.06780 0.08475 0.02966 0.12288 0.06780 0.04661 0.00000 0.02542 0.04237 0.04661 0.03814 0.00424 0.07203 0.10169
GNM12182                       0.09746 0.05085 0.02542 0.04661 0.00847 0.00847 0.08475 0.09746 0.02966 0.08475 0.07627 0.08051 0.01271 0.03390 0.03390 0.04661 0.05085 0.00424 0.04237 0.08475
GNM12342                       0.07627 0.03390 0.05085 0.05932 0.00847 0.00847 0.09322 0.08051 0.02542 0.11441 0.07627 0.06780 0.01695 0.02542 0.04661 0.04237 0.04237 0.00424 0.04661 0.08051
GNM12351                       0.10256 0.02564 0.02564 0.07265 0.00855 0.02564 0.05983 0.10256 0.02991 0.09829 0.08120 0.05128 0.00427 0.02991 0.04274 0.03846 0.08547 0.00427 0.02564 0.08547
GNM12356                       0.06780 0.01695 0.04661 0.07203 0.01271 0.01271 0.08051 0.10593 0.03814 0.12288 0.05508 0.07627 0.02119 0.01695 0.04237 0.03814 0.03390 0.00424 0.05932 0.07627
GNM12357                       0.07203 0.02966 0.04661 0.05932 0.00847 0.02542 0.08051 0.09322 0.03390 0.08475 0.07627 0.05085 0.02119 0.02966 0.03390 0.07203 0.04237 0.00000 0.04237 0.09746
GNM12366                       0.05932 0.02542 0.05932 0.05508 0.00424 0.02542 0.08051 0.08898 0.02966 0.10593 0.06356 0.05508 0.01695 0.03390 0.03814 0.06780 0.04661 0.00000 0.04237 0.10169
GNM12373                       0.11489 0.02553 0.03830 0.05957 0.01277 0.01277 0.06383 0.07660 0.04255 0.08511 0.07660 0.02979 0.02128 0.03404 0.04681 0.07660 0.05532 0.00426 0.02553 0.09787
GNM12385                       0.13191 0.07234 0.02553 0.04681 0.00426 0.01277 0.08085 0.10638 0.03404 0.05532 0.08511 0.02128 0.03404 0.02979 0.05532 0.02553 0.06809 0.00426 0.02128 0.08511
GNM12551                       0.10084 0.07983 0.03782 0.05462 0.01681 0.01681 0.10504 0.08824 0.02521 0.05462 0.07983 0.03361 0.00420 0.02941 0.06303 0.02941 0.03782 0.01261 0.01681 0.11345
GNM12554                       0.11489 0.05957 0.01702 0.05106 0.00426 0.02128 0.07660 0.10638 0.02979 0.08936 0.09362 0.03404 0.00426 0.02128 0.04255 0.06383 0.06809 0.00426 0.02553 0.07234
GNM12592                       0.11489 0.06809 0.02979 0.05106 0.01277 0.00426 0.08511 0.09787 0.02553 0.07660 0.07234 0.02128 0.00851 0.03404 0.05532 0.05957 0.06383 0.00851 0.02128 0.08936
GNM12596                       0.10256 0.03846 0.03846 0.05128 0.00855 0.01282 0.08547 0.08974 0.03846 0.07265 0.08974 0.06410 0.00855 0.01709 0.04701 0.05983 0.05556 0.00427 0.02991 0.08547
GNM12602                       0.11966 0.04701 0.04274 0.05983 0.00855 0.02564 0.07692 0.08974 0.02991 0.07692 0.09402 0.05128 0.00427 0.01709 0.04274 0.05128 0.05128 0.00427 0.02991 0.07692
GNM12665                       0.10684 0.03846 0.03846 0.05556 0.00855 0.01709 0.08120 0.08547 0.03419 0.08974 0.08547 0.05556 0.00855 0.01709 0.04701 0.07265 0.05128 0.00427 0.02991 0.07265
GNM12745                       0.08051 0.02542 0.07627 0.04661 0.02119 0.01695 0.06780 0.07627 0.03390 0.10593 0.07203 0.05085 0.01271 0.02119 0.03390 0.07203 0.05508 0.00424 0.05085 0.07627
GNM12749                       0.11489 0.04255 0.02979 0.06383 0.02128 0.02553 0.05106 0.10213 0.03830 0.08511 0.08085 0.02979 0.02128 0.03404 0.05106 0.05532 0.05106 0.00000 0.02128 0.08085
GNM12758                       0.08051 0.06780 0.02966 0.05085 0.00847 0.01695 0.08898 0.08898 0.04237 0.08898 0.07203 0.02542 0.02542 0.02542 0.05085 0.04661 0.05085 0.01271 0.02542 0.10169
GNM12763                       0.07203 0.05085 0.04237 0.05932 0.01271 0.00424 0.08051 0.06356 0.02966 0.09746 0.06356 0.08898 0.01271 0.04237 0.05085 0.04661 0.04661 0.01271 0.02119 0.10169
GNM12766                       0.07203 0.02542 0.06356 0.05085 0.01271 0.00424 0.09322 0.07627 0.02542 0.09322 0.06356 0.06356 0.02542 0.02542 0.04661 0.04661 0.05085 0.00424 0.05085 0.10593
GNM12841                       0.11489 0.03404 0.02979 0.05957 0.00851 0.02553 0.14894 0.09362 0.04255 0.05532 0.07234 0.02128 0.00426 0.01702 0.04681 0.03404 0.04681 0.01277 0.02128 0.11064
GNM12849                       0.11345 0.02941 0.05882 0.04202 0.01681 0.03361 0.07563 0.07143 0.01681 0.10924 0.05462 0.08403 0.01681 0.03361 0.03361 0.04202 0.07143 0.00840 0.03361 0.05462
GNM12869                       0.10924 0.03361 0.05462 0.04622 0.01681 0.03361 0.07983 0.07143 0.01681 0.09664 0.04622 0.06723 0.02101 0.02941 0.03361 0.04202 0.07143 0.01261 0.04202 0.07563
GNM12896                       0.08824 0.03782 0.05882 0.04202 0.01681 0.02101 0.07563 0.06723 0.01681 0.08824 0.06723 0.06303 0.01681 0.03361 0.03782 0.07563 0.07143 0.00840 0.03361 0.07983
GNM12897                       0.09244 0.02941 0.06723 0.04622 0.01681 0.03361 0.07143 0.06723 0.02101 0.09244 0.06303 0.06723 0.01681 0.03782 0.03782 0.05882 0.07143 0.00840 0.02521 0.07563
GNM12902                       0.08584 0.03004 0.08584 0.06009 0.00000 0.00858 0.07725 0.07296 0.02575 0.11159 0.06009 0.04292 0.03004 0.03863 0.03863 0.04721 0.06009 0.00429 0.06009 0.06009
GNM12903                       0.11441 0.05085 0.04661 0.04661 0.00424 0.02542 0.06780 0.08898 0.02119 0.06356 0.07627 0.05932 0.00847 0.03390 0.04661 0.02966 0.03390 0.00847 0.04661 0.12712
GNM12906                       0.12712 0.04237 0.04237 0.04237 0.00424 0.01695 0.06780 0.08898 0.02119 0.06356 0.07627 0.06780 0.00424 0.03390 0.05085 0.03390 0.03390 0.00847 0.04661 0.12712
GNM12907                       0.11441 0.06780 0.02542 0.03814 0.00424 0.01695 0.07627 0.10593 0.03390 0.05932 0.06780 0.05508 0.00424 0.04661 0.04661 0.02542 0.02119 0.00847 0.04237 0.13983
GNM12909                       0.11864 0.05932 0.04661 0.04237 0.00424 0.01695 0.06780 0.08475 0.01695 0.10593 0.05932 0.05932 0.00847 0.03814 0.04661 0.03814 0.03390 0.00847 0.05932 0.08475
GNM12915                       0.10593 0.05932 0.02542 0.04661 0.00000 0.00847 0.09746 0.08475 0.02119 0.11441 0.08475 0.06780 0.00847 0.02966 0.03814 0.03390 0.04237 0.00424 0.04661 0.08051
GNM10046                       0.11017 0.04237 0.02966 0.03814 0.00000 0.00847 0.09322 0.08898 0.02119 0.11864 0.07627 0.08475 0.02542 0.03390 0.03814 0.02542 0.03390 0.00424 0.04237 0.08475
GNM12918                       0.10593 0.05508 0.02542 0.03814 0.00000 0.00847 0.10169 0.08898 0.02119 0.08898 0.08475 0.07203 0.01271 0.02966 0.03814 0.03814 0.04661 0.00424 0.04661 0.09322
GNM12931                       0.07203 0.06780 0.03390 0.03814 0.00424 0.00424 0.09322 0.08475 0.02966 0.09746 0.08475 0.05508 0.00847 0.03390 0.04661 0.04661 0.05085 0.00847 0.05085 0.08898
GNM12938                       0.08475 0.06356 0.04661 0.04661 0.00847 0.00847 0.08051 0.08051 0.02542 0.11441 0.07203 0.07203 0.00424 0.03390 0.03390 0.04661 0.04661 0.00424 0.03814 0.08898
GNM12996                       0.09322 0.04237 0.05085 0.04661 0.00847 0.01271 0.07627 0.08051 0.02542 0.10593 0.09746 0.06356 0.00424 0.03814 0.03814 0.06356 0.03390 0.00424 0.03814 0.07627
GNM13018                       0.08898 0.04237 0.04237 0.05085 0.00847 0.01271 0.07627 0.08051 0.02119 0.12712 0.08475 0.06780 0.00000 0.04237 0.03814 0.06780 0.03814 0.00424 0.03390 0.07203
GNM13027                       0.11441 0.05085 0.05085 0.04661 0.00847 0.01271 0.07627 0.08898 0.02542 0.11864 0.08051 0.08051 0.00424 0.03390 0.03814 0.02119 0.04661 0.00424 0.03814 0.05932
GNM13046                       0.10504 0.02941 0.05042 0.04622 0.01261 0.03361 0.07563 0.06723 0.02101 0.09664 0.07143 0.07563 0.00840 0.03361 0.03361 0.04202 0.07563 0.00840 0.03361 0.07983
GNM13074                       0.08475 0.05085 0.04237 0.03390 0.00424 0.01695 0.08051 0.09322 0.02119 0.10593 0.07627 0.06780 0.00847 0.03814 0.03814 0.03814 0.03814 0.00424 0.04661 0.11017
GNM10010                       0.10169 0.07203 0.02542 0.04661 0.00424 0.00847 0.08898 0.08898 0.02966 0.08051 0.07627 0.05932 0.02119 0.03814 0.03814 0.01695 0.05085 0.00424 0.04661 0.10169
GNM10014                       0.11441 0.06780 0.02966 0.04237 0.00424 0.01271 0.08475 0.08898 0.02542 0.08898 0.06780 0.06356 0.02119 0.03814 0.03814 0.01271 0.04661 0.00424 0.05085 0.09746
GNM13090                       0.09322 0.06780 0.03390 0.04237 0.00424 0.01271 0.08475 0.09746 0.02542 0.12712 0.06780 0.05932 0.00847 0.03390 0.03814 0.01695 0.04661 0.00424 0.05508 0.08051
GNM13118                       0.11441 0.06356 0.02966 0.04661 0.00424 0.02119 0.07203 0.08051 0.02119 0.05932 0.08051 0.06356 0.00000 0.03390 0.04661 0.05932 0.02542 0.00847 0.04237 0.12712
GNM13126                       0.11159 0.04721 0.05579 0.06009 0.00000 0.01288 0.07296 0.07725 0.03433 0.10300 0.06867 0.04721 0.02575 0.04721 0.04292 0.04292 0.03433 0.00429 0.03863 0.07296
GNM13128                       0.10300 0.05150 0.04292 0.06438 0.00000 0.00858 0.07296 0.08155 0.03433 0.10300 0.08155 0.03004 0.01717 0.04292 0.05150 0.05579 0.05579 0.00429 0.03004 0.06867
GNM13208                       0.09322 0.04237 0.04661 0.06780 0.00424 0.01271 0.04661 0.10593 0.02119 0.09746 0.07203 0.05508 0.01271 0.03390 0.04237 0.04237 0.03814 0.00847 0.06780 0.08898
GNM13210                       0.09322 0.06356 0.04237 0.04661 0.00424 0.01695 0.08051 0.08051 0.02119 0.06780 0.07627 0.05085 0.00424 0.04237 0.04237 0.04661 0.04661 0.00424 0.04661 0.12288
GNM12773                       0.06303 0.04202 0.05042 0.03361 0.01681 0.01681 0.07563 0.06723 0.02941 0.12605 0.07143 0.08403 0.01261 0.04622 0.04622 0.07143 0.06303 0.00420 0.02101 0.05882
GNM12769                       0.06723 0.04202 0.06723 0.02941 0.02101 0.01261 0.07983 0.07143 0.04202 0.13025 0.06723 0.08403 0.01261 0.03782 0.04202 0.04202 0.05042 0.00420 0.02521 0.07143
GNM12768                       0.08403 0.05882 0.02101 0.03361 0.02101 0.03782 0.06723 0.06723 0.03782 0.06303 0.08403 0.07563 0.00420 0.02941 0.05042 0.04202 0.07983 0.01261 0.02941 0.10084

Homogeneity statistic: X2 = 9.77382 G = 10.15079 

Average                        0.10032 0.04713 0.04460 0.04606 0.01083 0.02038 0.07881 0.08009 0.02553 0.08813 0.07036 0.05903 0.01395 0.03350 0.04040 0.04894 0.05778 0.00750 0.03633 0.09033
(Ambiguity characters are used to calculate freqs.)


# constant sites:     17 (7.11%)

TREE #  1:  ((((((((44, 139), 125), (55, 90)), 91), 92), (((127, 128), (93, 54)), (126, 129))), ((((((119, 118), 121), 120), 138), (57, 43)), 135)), ((((((((((((((((((46, 47), 45), 22), 48), 85), 52), (((64, 21), (24, 23)), 40)), (((((((51, 49), 50), 114), (19, 7)), (((53, (25, 37)), (8, 6)), (82, 20))), ((11, 62), 113)), 68)), 130), (((83, 67), 18), 84)), (((115, 66), 116), 38)), (((((72, 5), 71), (65, 14)), (28, 73)), (15, 61))), (74, 39)), (81, 63)), (((((78, 79), 42), 41), 16), ((35, 77), 13))), ((((1, 75), 76), (9, 2)), 36)), ((((33, 34), (3, 31)), (4, 29)), (((80, 12), 32), 30))), (((((27, 26), 140), (59, 60)), (141, 142)), (17, 58))), ((((((((((106, 104), 105), 95), 103), (((102, 100), 108), 99)), ((((88, 10), 89), (86, 112)), 87)), (56, 69)), ((137, 136), (70, 117))), ((((((98, 97), 96), 111), 94), ((107, 109), 110)), 101)), ((((132, 133), 134), 131), ((124, 122), 123))));   MP score: -1
lnL(ntime:281  np:282): -29581.863418      +0.000000
 143..144 144..145 145..146 146..147 147..148 148..149 149..150 150..44  150..139 149..125 148..151 151..55  151..90  147..91  146..92  145..152 152..153 153..154 154..127 154..128 153..155 155..93  155..54  152..156 156..126 156..129 144..157 157..158 158..159 159..160 160..161 161..162 162..119 162..118 161..121 160..120 159..138 158..163 163..57  163..43  157..135 143..164 164..165 165..166 166..167 167..168 168..169 169..170 170..171 171..172 172..173 173..174 174..175 175..176 176..177 177..178 178..179 179..180 180..181 181..46  181..47  180..45  179..22  178..48  177..85  176..52  175..182 182..183 183..184 184..64  184..21  183..185 185..24  185..23  182..40  174..186 186..187 187..188 188..189 189..190 190..191 191..192 192..51  192..49  191..50  190..114 189..193 193..19  193..7   188..194 194..195 195..196 196..53  196..197 197..25  197..37  195..198 198..8   198..6   194..199 199..82  199..20  187..200 200..201 201..11  201..62  200..113 186..68  173..130 172..202 202..203 203..204 204..83  204..67  203..18  202..84  171..205 205..206 206..207 207..115 207..66  206..116 205..38  170..208 208..209 209..210 210..211 211..212 212..72  212..5   211..71  210..213 213..65  213..14  209..214 214..28  214..73  208..215 215..15  215..61  169..216 216..74  216..39  168..217 217..81  217..63  167..218 218..219 219..220 220..221 221..222 222..78  222..79  221..42  220..41  219..16  218..223 223..224 224..35  224..77  223..13  166..225 225..226 226..227 227..228 228..1   228..75  227..76  226..229 229..9   229..2   225..36  165..230 230..231 231..232 232..233 233..33  233..34  232..234 234..3   234..31  231..235 235..4   235..29  230..236 236..237 237..238 238..80  238..12  237..32  236..30  164..239 239..240 240..241 241..242 242..243 243..27  243..26  242..140 241..244 244..59  244..60  240..245 245..141 245..142 239..246 246..17  246..58  143..247 247..248 248..249 249..250 250..251 251..252 252..253 253..254 254..255 255..256 256..106 256..104 255..105 254..95  253..103 252..257 257..258 258..259 259..102 259..100 258..108 257..99  251..260 260..261 261..262 262..263 263..88  263..10  262..89  261..264 264..86  264..112 260..87  250..265 265..56  265..69  249..266 266..267 267..137 267..136 266..268 268..70  268..117 248..269 269..270 270..271 271..272 272..273 273..274 274..98  274..97  273..96  272..111 271..94  270..275 275..276 276..107 276..109 275..110 269..101 247..277 277..278 278..279 279..280 280..132 280..133 279..134 278..131 277..281 281..282 282..124 282..122 281..123
 0.009971 0.033270 0.053163 0.000000 0.000000 0.129886 0.034008 0.162179 0.175520 0.169291 0.051349 0.473252 0.277832 0.507316 0.391236 0.277435 0.000000 0.192765 0.026635 0.013467 0.059376 0.132506 0.117585 0.059574 0.137197 0.090314 0.150901 0.108439 0.125563 0.139387 0.036927 0.033050 0.073609 0.059855 0.108573 0.113760 0.168449 0.047618 0.288164 0.244109 0.371708 0.054828 0.010105 0.112837 0.030113 0.089253 0.036919 0.043468 0.131436 0.028351 0.033929 0.009192 0.015614 0.085977 0.016953 0.034933 0.000000 0.000000 0.000000 0.000000 0.005593 0.000000 0.005581 0.002784 0.011576 0.049098 0.055019 0.030515 0.019506 0.000000 0.000000 0.022447 0.000000 0.000000 0.041299 0.018666 0.036036 0.010801 0.028488 0.004434 0.002854 0.000000 0.000000 0.000000 0.000000 0.011201 0.000000 0.010105 0.007959 0.010170 0.003037 0.010136 0.031225 0.016362 0.022912 0.000000 0.019014 0.025026 0.018574 0.037216 0.002799 0.002841 0.042637 0.026479 0.002828 0.000000 0.030572 0.158463 0.074666 0.056455 0.036028 0.036231 0.028520 0.017394 0.055370 0.051725 0.091421 0.010593 0.006935 0.034029 0.032165 0.015435 0.027663 0.039332 0.041383 0.062434 0.015815 0.020521 0.037700 0.017347 0.069429 0.101542 0.000000 0.000000 0.136962 0.013049 0.001018 0.146708 0.075864 0.033691 0.148299 0.000000 0.000000 0.126479 0.000000 0.000000 0.093392 0.029899 0.232327 0.039413 0.064455 0.049410 0.016115 0.049977 0.120841 0.280746 0.444360 0.056896 0.090095 0.081932 0.107699 0.111659 0.099024 0.189034 0.104979 0.081957 0.063498 0.284700 0.302210 0.000000 0.000000 0.390539 0.100546 0.045766 0.032498 0.257552 0.000000 0.030095 0.094251 0.142191 0.186436 0.324704 0.021043 0.000000 0.151835 0.221524 0.031492 0.020551 0.039370 0.066864 0.302697 0.032064 0.075661 0.110767 0.044364 0.083103 0.087254 0.097097 0.265444 0.041443 0.158211 0.210332 0.043725 0.260274 0.366239 0.067019 0.406814 0.346254 0.093252 0.028112 0.041099 0.069889 0.076170 0.002901 0.019267 0.095294 0.097494 0.035598 0.035099 0.036367 0.057167 0.192337 0.266493 0.186054 0.056654 0.092913 0.211590 0.228649 0.248062 0.344033 0.146021 0.029854 0.048729 0.036023 0.127689 0.118606 0.252842 0.090656 0.093197 0.068664 0.192498 0.124205 0.139883 0.111156 0.419048 0.042065 0.096766 0.083818 0.165181 0.108560 0.089689 0.000000 0.048275 0.254720 0.042393 0.056567 0.072876 0.057390 0.072962 0.182351 0.067918 0.044942 0.152429 0.049778 0.369833 0.148401 0.187537 0.548495 0.203464 0.031094 0.044197 0.041586 0.033413 0.029985 0.044652 0.089086 0.084134 0.025927 0.034570 0.014950 0.056382 0.859894
