
Printing out site pattern counts


       142         59  P

GNM13746                        -AACCCDEEE EEFFGGGGGH IIIIIIKKKK KLLLLLMNPP PRRRRRSSSS TTTTVVVVY
GNM13538                        -NTCCCDEEE IQFYGGGRSH EILLVYKKLP SLLLPVTKPP PKKRRVAASS RTTVMTTVK
GNM13671                        -SACCCGQRS VKFFGGGGVH KIQVVIKQLE ELLLLIHLNP PHREQTAGDS KKTIYTVVP
GNM13876                        -KACCCENNA KKFFGGGGVS KIIEVIKTII ELLLPVNLNP PTQRQIAGDS SKSILAVVK
GNM13680                        -AACCCDKKE VKFFGGGGSH EINLVVLQSN KLLMPLEYEP RARGATTGSS KTSILAIVN
GNM14837                        -KACCCENLN IKFYGGSGSH QIQSVIKNKQ EIQEPTENNP ASSGQTAGSS KSTVASVVA
GNM14249                        -KACCCENLN IKFYGGSGSH EIKSIIKNKQ EIQEPTENNP ASSGQTAGSS KSTIAAIVA
GNM13928                        -KACCCENLN IKFYGGSGSH EIQSVIKNKQ EIQEPTENNP PSSGQTAGSS KSTIASIIA
GNM13297                        -NTCCCDEEE IQFYGGGRSH EILLVYKKLP SLLLPVTKPP PKKRRVAASS RTTVMTTVK
GNM14865                        -NACCCEAET VEFFEGGGVK TFEVV-NAKV DLY--TNHSM PTAEQSAGGG -STVVAVVN
GNM13455                        -KACCCENLN IKFYGGSGSH EIKSVIKNKA EIQEPNENNP PSSGQQAGSS KTTVAAVVV
GNM14938                        -RACCCTLRE VKFFGGGQVH LIKEVVKSLV SLLLPPNLQP PVRAQIAGDS QKRVLAVVK
GNM14483                        -ESCCCGRER LTFFNGGGGN EVVVVIKKLD DLLPPKELPM SRRKRKSASS KARILAVLG
GNM14872                        -NACCCDSRE VKFFGGSGGH TIRIVVKQSE KLILPTAAEP STRGASTGSS KTSVLAIIK
GNM13855                        -NACCCDPVS INFYKGGNSY VIKLVIQEKA SLVMPENTEP NTREKKSGTS KTTVLLVLL
GNM14445                        -TACCCDKEA FAFYEGGDIM EIKIVIKQLN KILSPINHQP KRRRQNTGSS QNTILAIIL
GNM14404                        -RGCCCPREH IEFYGGGEIK EIKLVIKKRK GLLLPINLPP PYREQIPAES KARILAVIT
GNM14545                        -RGCCCPREH IEFYGGGEIK EIKLVIKKRK GLLLPINLPP PYREQIPAES KARILAVIT
GNM14366                        -KACCCEKEN VTFYSGSGSH EIKLVVVQKS EIQLPIAHKP PIKGNTVGSS KTTVLAVLT
GNM14252                        -KACCCENLN IKFYGGSGSH EIKSVIKNKQ EIQEPTENNP ASSGQTAGSS KSTIAAIVA
GNM13760                        -KACCCENLN VKFYGGSGSH EIKSVIKNKQ ELQEPAENDP ASSGQTAGSS KSTVAAVVA
GNM13982                        -KACCCENEN VKFYEGSGSH KIQLVVIKKQ ELNLPVSNHP AASEQTSGSS ESTIASVVI
GNM13960                        -KACCCEKEN IKFYEGSGSH EIQSIIKNKS EILLPVKIKP PTNGNTAGSS ESTIVSVVT
GNM14633                        -KACCCENEN IKFYEGSGSH KIQLVVIKKQ ELNLPVENHP ATNDQTSGSS ESTITSVVI
GNM14853                        -KACCCENEN IKFYEGSGSH KIQLVVIKKQ ELNLPVENHP ATNDQTSGSS ESTITSVVI
GNM14174                        -KACCCENEE IEFFGGGNVN EIKLVIRKRK KLLLPTNKLP PARIQNAGSS KVTLFAVLV
GNM14748                        -KACCCENLN VKFYGGSGSH EIKSVVKNKN EIQGPTENDP PSSGQTAGSS KSTIASIVA
GNM14246                        -KACCCDNEA VEFFGGGGIH EITVVIKKRT DVLLPTNKPP PTRAQSAGSS RTSILAVVR
GNM14640                        -KVCCCDNEA IEFFGGGGVN EVAIVIKKRP DLLVPKNKPP PIRAQNAGSS KTTILAVVH
GNM14965                        -NACCCDKKQ VKFFGGAGSH KINLVIKQSD ELILPPELTP KINNRTTGTS KTAILAIIN
GNM13677                        -KACCCENNA KKFFGGGGVS KIIEVIKTIV ELLLPVNLNP PTQRQIAGDS TKSILAVVK
GNM14339                        -RACCCENKE VRFPGGGGVT LFKEVIKTLR QLLLPPNLLP PVRKQMAGDS KKTILAVFV
GNM14593                        -SACCCGNRA VKFFGGGGVH KIEVVIKQVE ELLLPLHLNP PRRDQIAGDS KKKTYAVVF
GNM13825                        -RACCCTLRE VKFFGGGQVH LIKEVVKSLV SLLLPPNLQP PVRAQIAGDS SKRVLAVVK
GNM14768                        -RACCCTQRA IRFFGGGSVH TIRLVIKQLE ELLLPPHLNP PVREQMAGDS KKKILAVVK
GNM14776                        -RACCCTQKA VRFFGGGSVH MIRLVIKQLE ELLLPPHLNP PVREQIAGDS KKKILAVVK
GNM14715                        -SSCCCGRER VTFFGGGGGN EVVVVIKKLD DLLPPKELPT SRRKRKSATS KAKILAILG
GNM14639                        -AACCCDPQS INFFKGGNSH EIIIVLKELN NLYLPIAKSP SRKKKISGSS KTTILCIIK
GNM13795                        -KACCCENLN VKFYGGSGSH EIKSVVKNKI EIQGPTENEP PSSGQTAGSS KSTIASIIA
GNM14166                        -KACCCDKEN IKFYGGSGAH ETKLVIIQRI ELQWPTENKP PSGGSSVGSS KSTVAAVVT
GNM14450                        -NACCCDKEA GEFFSGSNSH ELKIVIRKSD QILLPIKFKP RIRENITSSS ETTILAIVK
GNM13515                        -KACCC-NEN IKFYDGSGSH EIKSIIKKKH EIQLPTEKGP PSSGQTSGSS TTTIASVVK
GNM13745                        -SACCCDKET VTFFGGGDNT EIIIVIKQSK KILPPLNHKS NRRKRLSGSS NTTIVAIIK
GNM14959                        -RGCCCYLEN TAFFGGSGVR EIRVVVKRRV NLLLPVNVNP PARVQMPGDS RATVVIVVR
GNM13413                        -RACCCAKET KDFFGGGGVH QIRAVIKIKP VLYLPQALKP PIRENFAKSS ASTVVVAVR
GNM14971                        -KACCCEKEN IKFYEGSGSH EIRLIIKSKS EILLPVKIKP PTNGNTAGSS ETAIVSVVT
GNM15005                        -KACCCEKEN IKFYEGSGSH EIRLIIKSKS EILLPVKIKP PTNGNTAGSS ETAIVSVVT
GNM15013                        -KACCCEKEN IKFYEGSGSH EIRLIIKSKS EILLPVKIKP PTNGNTAGSS ESAIVSVVT
GNM14976                        -KACCCEKEN IKFYEGSGSH EIRLIIKSKS EILLPVKIKP PTNGNTAGSS ESAIVSVVT
GNM14995                        -KACCCEKEN IKFYEGAGSH TIRSVSKNKT EILLPVEIKP PTNGNSAGSS ESTIASVVT
GNM15017                        -KACCCEKEN IKFYEGAGSH TIRSVSKNKT EILLPVEIKP PTNGNSAGSS ESTIASVVT
GNM14999                        -K-CHL-AKV --FF---VSH ----VI-NKH E-LLPME-KP --N-EQM-IS EQ-I--LLL
GNM15025                        -KACCCKKEN IKFYNGSGSH KIQSVIKNKH EILLPTELKP PTNENTAGSS ESTILAVVT
GNM15024                        -KACCCENLN VKFYGGSGSH EIKSVIKNKQ EIQEPTENNP ASSGQTAGSS KSTIAAIVA
GNM14980                        -KACCCENLN VKFYGGSGSH EIKSVIKNKQ EIQEPTENNP ASSGQTAGSS KSTIAAIVA
GNM15026                        -KVCCCKKEN IKFYEGSGSH KIESVIKNKV EILLPVEIKP PTNENTAGSS ESTILGIVT
GNM15001                        -KACCCENLN VKFYGGSGSH EIKSVIKNKQ EIQEPTENNP ASSGQTAGSS KSTIAAIVA
GNM11003                        -KACCCGLET TEFFGGGGAH YIKIVIKKRP NLILPQNVTP PEKKQFAGSG ETTVLAVIR
GNM11023                        -RACCCGLRE IKFFGGGGNH EIREVIKTLR KLLLPVNLPP PIRRQFSGSS RTTVYVAVR
GNM11055                        -RGCCCDIER IEFFEGGGIH EINIV-KKKI DVV--THKPM PYHEQTPADS -STVVAVIK
GNM11146                        -RACCCDLEN VTFFGGGGVH RVEVVIRRRE QLILPLNLNP PVKRQVAGDS ATTILAVIR
GNM11219                        -KACCCGDEE VVFFQGGGNH KIEVVIKRRV GLLLPVSHRP PESKKRAGSS RSTMLAVIR
GNM11220                        -VGCCCSHEE IEFFGGGGIH EFRLVIKKRV SLLLPAYKPP PVREQTPCSS QATVLVVVK
GNM11222                        -NVCCCGSEA VEFFGGGGVR ELLVVIKRKN DIIAPVHRPP ARRENRAGDS KSTVLAVVS
GNM11223                        -AACCCESEA VEFFGGGGVH EIEVVIKKNV DLLLPVNKPP PVKEQTAGSS KTSIFAVLR
GNM11224                        -VACCCENEA VEFFGGGGVH EIKVVIRKNV DLLLPVNKPP PIRGQTAGSS KASMFAVLR
GNM11225                        -VACCCENEA IEFFGGGGIH EVRVVIKKQI DLLVPTNKPP PVRRQSAGSS EATTLAVIH
GNM11358                        -HACCCDPIA INFYKGGNSF IIELVIQEKP SLVMPENLDP NTREKKSGTS KTTVLLILS
GNM11360                        -KACCCENLN IKFYGGSGSH EIKSVIKNKA EIQEPNENNP PSSGQQAGSS KTTVAAVVV
GNM11362                        -AACCCARES EVFYNGGNQH RIIVVIKRLS NLILPLAYSP NRRNRMSGSS KSTVFVIVR
GNM11367                        -KACCCENEN VKFYEGSGSH KIQLVVIKKQ ELNLPVSNHP AASEQTSGSS ESTIASVVI
GNM11377                        -NACCCDSRE VKFFGGSGGH TIVIVVKQSE KLILPIASEP STRGTSTGSS KTSVLAIIK
GNM11380                        -KACCCDKEN IKFYGGSGAH ETKLVIIQRI ELQWPTENKP PSGGSSVGSS KSTVAAVVT
GNM11383                        -KACCCEKEN VTFYSGSGSH EIKLVVIQKT EIQLPVAHKP PIKGNTVGSS KTTILAVLT
GNM11804                        -KGCCCGLER VEFFEGGGIR EIKLV-KKRV DLL-MTNKPT PVREQTPADS ESTVLAVIK
GNM11805                        -NLCCCKNES LEFYGGSGIK KTAVILTKKV DILKKTNSKV PKGEQSVGSN ESTIIAVIV
GNM12886                        -AACCCDKKE TKFFGGSGSH EINLVILQSN KLLMPLEKEP RARGTTTGSS KTSVLAIIN
GNM12895                        -NACCCDKEA GEFFSGSNSH ELKIVIRKSD QILLPIKFKP RIRENITSSS ETTILAIVK
GNM13061                        -AACCCDEEE IKFFGGGGNH KIVVVIKQVE KLLLIVTYPP PRRRKRTGSS QTTILTILK
GNM13062                        -ASCCCGRER FTFFGGGGGN EVIVVIKKLD DLIPPKELPT SRRKRKSASS KARVLAILG
GNM13066                        -SACCCDEST NTFFGGGNKA EIKAIILQSK ELIHPLTHPP NRRSRSSGSS ESTVVLIVN
GNM11034                        -RACCCTLKE VKFFGGGQVH LIKEVVKGLV SLLLPPNLQP PVRAQIAGDS QKRVLAVVK
GNM11363                        -AACCCARES EVFYNGGNQH RIIVVIKRLS NLILPLAYSP NRRNRMSGSS KSTVFVIVR
GNM11375                        -KACCCENLN VKFYGGSGSH EIKSVIKNKQ ELQEPAENDP ASSGQTAGSS KSTVAAVVA
GNM11381                        -KACCCEKEN VTFYSGSGSH EIKLVVVQKT EIQLPVAHKP PIKGNTVGSS KTTVLAVLT
GNM11382                        -KACCCEKEN VTFYSGSGSH EIKLVIVQKV EIQAPTAFKP PSKGNTVGSS KTTVLAVLT
GNM11799                        -KACCCEKEN IKFYEGSGSH EIRLIIKSKH EILLPVKIKP PTNGNTAGSS ETRIVAVVT
GNM11841                        -SACCCEAEH VEFFEGGGVK RIDTV-KETE DII--TNEPM PVAAQSAGEG -ATSVAVLS
GNM11931                        -GACCCEAET VEFFEGGGVK RLDIV-EENE DLY--TNLPM PTSEQTAGGG -STTVAVVA
GNM12040                        -NACCCEAET VEFFNGGGVK TFEIL-DQQV DLY--TNNPM PTAEQTAGGG -STVVAVIN
GNM12071                        -SACCCEAET IEFFEGGGVK TFEVV-EARV DLH--TNHGM PTAEQSAGGG -STVVAVVS
GNM12125                        -RACCCGLEA VQFFGGGGVH EIKVVVKRLP VLLLPQNLPP PVRRQFAGSS QTTVLVAIR
GNM12126                        -KACCCDLET IEFFHGGGMH RIEVVTKRKP TLLLPPNLPP PIRRQYAGSS ETRILVAVT
GNM12128                        NRACCCGLET IEFFGGGGVH ALKVVIKKRP VIILPVNINP PIKRQFAADS ETTTLVVLR
GNM12182                        -HACCCGLET EEFFNGGGAH YIKLVIKKRP NLVLPQNVTP PQARQFSGSS ETRVLVAIR
GNM12342                        -KGCCCGLEK IKFFNGGGTS EVKLVIKQRV ELLLPVNKPP PIREQTPAGT QARILVVVK
GNM12346                        -RACCCETER IQFFSGGGVS EVILVMKKKK DLL-DTNKNP PVREQSASGS ASRILAVID
GNM12351                        -RSCCCELER IHFFSGGGVS EITLVMKKRK DLL-TTNTNP SVKEQRATGS NSTVLAVIN
GNM12356                        -RGCCCEITK IKFFSASGTC KILLVIKQKD DLLLPVSKPP PVRGQTPAGS KARTLAVIV
GNM12357                        -RGCCCQAEK IKFFNASGGC EIALVIKQKE DILLSINKTP PVKEQTPAGS KSKVLAVIK
GNM12366                        -RGCCCQTEK IKFFSASGSC EIALVIKQKE DILLSINKTP PVKEQTPAGS KAKVLAVIK
GNM12373                        -KACCCETER IDFFEGGGVK ELAVVSKKKV DLLARINKPT PTRAQSAAES ETTLFAVVE
GNM12385                        -TACCCETER IEFFEGGGVR EIDMVNKKRV DLLVRINKPN PVRAQTAAES ESHVLAVVE
GNM12551                        -RACCCEHER IKFFGGGGIN KIKKVVKERE DLLLPTNLVP PVREQTATGS QSTILAVIK
GNM12554                        -SACCCKVER IEFFDGGGVK TLNIVAKKKT DLLERDNKPN PERSQTAASS ASTTFAVVK
GNM12592                        -KACCCELVR IEFFEGGGVR EIDLV-KKRV DLL--TNKNS PVLEQTATSS MARVLAVIK
GNM12596                        -RSCCCEVER IHFFEGGGVS EITLVTKKRK DLLYQTNTNP PVKEQRATGS RSTILAIIT
GNM12602                        -RSCCCEVER IHFFEGGGVS EITLVIKKRK DLLYQTNTNP PVKEQRATGS RSTILAIIT
GNM12665                        -RSCCCEVER IHFFEGGGVS EITLVTKKRK DLLYQTNTNP PVKEQRATGS RSTILAIIT
GNM12745                        -NSCCCDVHK IQFFEGGGIH EIKVVMRKKT DLL-PTNCGQ PVQEQSAADS KAKILVVIK
GNM12749                        -KACCCEIES IEFFEGGGVR TIQIVTKKKP DLVLRNNKPN PARTQTAADS ECTTFAVID
GNM12758                        -NSCCCDIQK IQFFGGGGIR EIKLVFKKRY DLLIYTNKLT PVKEQSAADG NATVLVVVQ
GNM12763                        -RACCCDLQK VKFFGGGGVR KIKII-KKKV DLI-MVNLLP PTQEQSAADS RSQIVVVTR
GNM12766                        -KGCCCGLEK IKFFNASGVC EILLVIKQKV ELLLPVNKPP PVREQTPAGS TSRVLAVIK
GNM12841                        -DACCCEAES VDFFEGGGVK TLDVV-EHRT DLI--TNHDM PVADQNAGGG -ATVVAVLN
GNM12849                        -KACCCENLN IKFYGGSGSH EIKSVIKNKV EIQEPNENNP PSSGQQAGSS KSTVAAVVV
GNM12869                        -KACCCENLN VKFYGGSGSH EIKSVIKNKQ EIQEPAENNP ASSGQTAGSS KSTIAAVVA
GNM12896                        -KACCCDKEN VKFYGGSGAH EVKLVIIQRV ELQWPTENKP PSGGSSVGSS KSTVTAVVT
GNM12902                        -HLCCCKNES LDFFGGGGIR KAAVIILKKQ NIVKRTNARV PGNGQSIGAD HSTLGAVVT
GNM12903                        -KACCCELER VHFFGGGGVH ILKVTIKRKV DLILPVNAPP PVKKQMAGSS QATILAVTR
GNM12906                        -KACCCELER IHFFGGGGVH QFKVIIKRKV DLVLPVNAPP PIRKQMAGSS QATVLAVTR
GNM12907                        -RACCCELER VHFFGGGGVH QFIVLIKRRV DLVLPVNAPP PVRKQMAGSS QATVLAVTR
GNM12909                        -KACCCELER VHFFGGGGVH ELRVVIKRKV DLILPVNAPP PIRKQMAGSS QATVLAVVR
GNM12915                        -RGCCCENEA IKFFGGGGVH EIILVIKKRR DLLVPTNRIP PVREQTPASS MATILVVVR
GNM10046                        -RGCCCELEA IKFFGGGGIH EVILVIKKRK DLLIPTNKIP PVREQTPASS MATILVVVR
GNM12931                        -RACCCAKET RDFFGGGGVH KIYAVIKIKP VLLLPVALKP PIRENFARSS QTTVVVVVR
GNM12938                        -KACCCGLEA TDFFNGGGSN IIKVVIKKRP QIILPQNERP PIKRQFAGSS ETKVLVVIR
GNM12996                        -RACCCGLET VEFFGGGGSH YIKVIIKKRP NLLLPENVPP SIKRQFSGSS ETVTMVVIR
GNM13018                        -RACCCGLET VEFFGGGGSH YIKVVIKKRP NLLLPENVPP SIKRQFAGSS ETMTMVVIR
GNM13046                        -KACCCEKEN IEFYDGAGSH ELTSVIVKKS EIQLPVEHKP PSSGNTAGSS KSSIAAVVT
GNM13053                        -SVCCCDKET IIFYEGGEIM EINLV-KKVA KIL-PQNQPP NRRRQSSGSS KNSVLAVVN
GNM13074                        -RGCCCELEA IKFFGGGGVN EIILVIKKRK DLLLPTNKIP PVREQTPASS MATILVVVR
GNM10010                        -RGCCCELEA IKFFGGGGVH EIVLVIKKRK DLLLPTNKIP PVREQTPASS MATILVVVR
GNM10014                        -RGCCCELEA VKFFGGGGVH EIILVIKKRP DLLLPTNKIP PVREQTPASS MATILVVVR
GNM13090                        -RGCCCELEA IKFFGGGGVN EIVLVIKKRT DLLLPTNKIP PVREQTPASS MATILVVVR
GNM13118                        -KACCC-PIK IEFYGGGGKH EILLIIKRKK DLLLPINIPP PVRELTAASS QSTVLVVTK
GNM13126                        -HLCCC-NVA VEFFGGGGIR KTAVIPIKKT DIVKKTNSRI PVNEQSPGAG NSTVLAVVT
GNM13128                        -HLCCC-NVA VEFFGGGGIR KTEIIPVKKV DILKKTNSKV PSSEQSPGAG NSTVLAVVT
GNM13208                        -KACCCDLER INFFGGGGVH QIQLVIKRRV DLLLPVNQPP PVRKQMAGSS QSTVLVVVR
GNM13210                        -RACCCAKET KDFFGGGGVH KVLSVIRIKP TLYLPQALKP PIRENFAKSS QSTVVVTVR
GNM12773                        -KACCCDNEE IEFFNGGGVN EIKVVIRRRK KLWLPTNKLP PVRAQNVASS KTTILAIIN
GNM12769                        -VGCCCETEE IEFFGGGDIR EIKIIIKKKI KLLLPVNKLP PTKQQSGGQS RSSTLVIVQ



    1    1    1    2    1    1    1    1    1    1    1    1    1    1    1
    1    1    1    1    1    1    1    1    1    1    1    1    1    1    1
    1    1    1    1    1    1    1    1    1    1    1    1    1    1    1
    1    1    1    1    1    1    1    1    1    1    1    1    1    1

AAML (in paml version 4.9h, March 2018)  tmp0043.txt
Model: Empirical,  (../wag.dat) dGamma (ncatG=4) ns = 142  ls =  60


Frequencies..
                                    A      R      N      D      C      Q      E      G      H      I      L      K      M      F      P      S      T      W      Y      V
GNM13746                       0.03390 0.08475 0.01695 0.01695 0.06780 0.00000 0.08475 0.08475 0.01695 0.10169 0.08475 0.08475 0.01695 0.03390 0.05085 0.06780 0.06780 0.00000 0.01695 0.06780
GNM13538                       0.03390 0.06780 0.01695 0.01695 0.06780 0.01695 0.06780 0.05085 0.01695 0.03390 0.10169 0.10169 0.01695 0.01695 0.08475 0.06780 0.10169 0.00000 0.03390 0.08475
GNM13671                       0.03390 0.03390 0.01695 0.01695 0.06780 0.06780 0.05085 0.10169 0.05085 0.06780 0.10169 0.08475 0.00000 0.03390 0.05085 0.05085 0.05085 0.00000 0.01695 0.10169
GNM13876                       0.06780 0.01695 0.06780 0.01695 0.06780 0.03390 0.05085 0.08475 0.00000 0.11864 0.08475 0.11864 0.00000 0.03390 0.05085 0.06780 0.03390 0.00000 0.00000 0.08475
GNM13680                       0.08475 0.03390 0.05085 0.01695 0.06780 0.01695 0.06780 0.10169 0.01695 0.05085 0.10169 0.08475 0.01695 0.03390 0.03390 0.08475 0.05085 0.00000 0.01695 0.06780
GNM14837                       0.08475 0.00000 0.08475 0.00000 0.06780 0.08475 0.06780 0.08475 0.01695 0.06780 0.01695 0.08475 0.00000 0.01695 0.03390 0.15254 0.05085 0.00000 0.01695 0.06780
GNM14249                       0.10169 0.00000 0.08475 0.00000 0.06780 0.05085 0.08475 0.08475 0.01695 0.11864 0.01695 0.10169 0.00000 0.01695 0.03390 0.13559 0.05085 0.00000 0.01695 0.01695
GNM13928                       0.06780 0.00000 0.08475 0.00000 0.06780 0.06780 0.08475 0.08475 0.01695 0.11864 0.01695 0.08475 0.00000 0.01695 0.05085 0.15254 0.05085 0.00000 0.01695 0.01695
GNM13297                       0.03390 0.06780 0.01695 0.01695 0.06780 0.01695 0.06780 0.05085 0.01695 0.03390 0.10169 0.10169 0.01695 0.01695 0.08475 0.06780 0.10169 0.00000 0.03390 0.08475
GNM14865                       0.10909 0.00000 0.07273 0.01818 0.07273 0.01818 0.10909 0.10909 0.01818 0.00000 0.01818 0.03636 0.01818 0.05455 0.01818 0.05455 0.09091 0.00000 0.01818 0.16364
GNM13455                       0.08475 0.00000 0.10169 0.00000 0.06780 0.05085 0.08475 0.08475 0.01695 0.06780 0.01695 0.10169 0.00000 0.01695 0.05085 0.11864 0.03390 0.00000 0.01695 0.08475
GNM14938                       0.06780 0.06780 0.01695 0.01695 0.06780 0.06780 0.03390 0.06780 0.01695 0.03390 0.13559 0.08475 0.00000 0.03390 0.06780 0.05085 0.01695 0.00000 0.00000 0.15254
GNM14483                       0.05085 0.10169 0.03390 0.03390 0.06780 0.00000 0.06780 0.10169 0.00000 0.03390 0.11864 0.10169 0.01695 0.03390 0.05085 0.08475 0.01695 0.00000 0.00000 0.08475
GNM14872                       0.08475 0.05085 0.01695 0.01695 0.06780 0.01695 0.05085 0.10169 0.01695 0.08475 0.05085 0.08475 0.00000 0.03390 0.03390 0.13559 0.08475 0.00000 0.00000 0.06780
GNM13855                       0.03390 0.01695 0.08475 0.01695 0.06780 0.01695 0.06780 0.05085 0.00000 0.05085 0.10169 0.10169 0.01695 0.01695 0.05085 0.08475 0.08475 0.00000 0.03390 0.10169
GNM14445                       0.06780 0.05085 0.06780 0.03390 0.06780 0.06780 0.05085 0.05085 0.01695 0.15254 0.06780 0.08475 0.01695 0.03390 0.03390 0.05085 0.05085 0.00000 0.01695 0.01695
GNM14404                       0.05085 0.08475 0.01695 0.00000 0.06780 0.01695 0.10169 0.08475 0.01695 0.13559 0.10169 0.10169 0.00000 0.01695 0.10169 0.01695 0.01695 0.00000 0.03390 0.03390
GNM14545                       0.05085 0.08475 0.01695 0.00000 0.06780 0.01695 0.10169 0.08475 0.01695 0.13559 0.10169 0.10169 0.00000 0.01695 0.10169 0.01695 0.01695 0.00000 0.03390 0.03390
GNM14366                       0.05085 0.00000 0.03390 0.00000 0.06780 0.03390 0.06780 0.06780 0.03390 0.06780 0.06780 0.11864 0.00000 0.01695 0.05085 0.10169 0.08475 0.00000 0.01695 0.11864
GNM14252                       0.10169 0.00000 0.08475 0.00000 0.06780 0.05085 0.08475 0.08475 0.01695 0.10169 0.01695 0.10169 0.00000 0.01695 0.03390 0.13559 0.05085 0.00000 0.01695 0.03390
GNM13760                       0.11864 0.00000 0.06780 0.01695 0.06780 0.05085 0.08475 0.08475 0.01695 0.03390 0.03390 0.10169 0.00000 0.01695 0.03390 0.13559 0.03390 0.00000 0.01695 0.08475
GNM13982                       0.06780 0.00000 0.06780 0.00000 0.06780 0.05085 0.10169 0.05085 0.03390 0.06780 0.05085 0.08475 0.00000 0.01695 0.03390 0.15254 0.03390 0.00000 0.01695 0.10169
GNM13960                       0.03390 0.00000 0.06780 0.00000 0.06780 0.01695 0.10169 0.06780 0.01695 0.11864 0.03390 0.11864 0.00000 0.01695 0.05085 0.13559 0.06780 0.00000 0.01695 0.06780
GNM14633                       0.03390 0.00000 0.08475 0.01695 0.06780 0.05085 0.10169 0.05085 0.03390 0.08475 0.05085 0.08475 0.00000 0.01695 0.03390 0.11864 0.06780 0.00000 0.01695 0.08475
GNM14853                       0.03390 0.00000 0.08475 0.01695 0.06780 0.05085 0.10169 0.05085 0.03390 0.08475 0.05085 0.08475 0.00000 0.01695 0.03390 0.11864 0.06780 0.00000 0.01695 0.08475
GNM14174                       0.06780 0.05085 0.08475 0.00000 0.06780 0.01695 0.08475 0.06780 0.00000 0.06780 0.11864 0.11864 0.00000 0.05085 0.05085 0.03390 0.03390 0.00000 0.00000 0.08475
GNM14748                       0.06780 0.00000 0.08475 0.01695 0.06780 0.03390 0.06780 0.10169 0.01695 0.06780 0.01695 0.10169 0.00000 0.01695 0.05085 0.15254 0.05085 0.00000 0.01695 0.06780
GNM14246                       0.08475 0.06780 0.03390 0.03390 0.06780 0.01695 0.05085 0.08475 0.01695 0.06780 0.05085 0.06780 0.00000 0.03390 0.06780 0.06780 0.08475 0.00000 0.00000 0.10169
GNM14640                       0.08475 0.03390 0.06780 0.03390 0.06780 0.01695 0.05085 0.08475 0.01695 0.08475 0.05085 0.10169 0.00000 0.03390 0.08475 0.03390 0.03390 0.00000 0.00000 0.11864
GNM14965                       0.06780 0.01695 0.08475 0.03390 0.06780 0.03390 0.03390 0.06780 0.01695 0.11864 0.08475 0.11864 0.00000 0.03390 0.05085 0.05085 0.08475 0.00000 0.00000 0.03390
GNM13677                       0.06780 0.01695 0.06780 0.01695 0.06780 0.03390 0.05085 0.08475 0.00000 0.10169 0.08475 0.11864 0.00000 0.03390 0.05085 0.05085 0.05085 0.00000 0.00000 0.10169
GNM14339                       0.05085 0.06780 0.03390 0.01695 0.06780 0.03390 0.05085 0.08475 0.00000 0.03390 0.13559 0.10169 0.01695 0.05085 0.08475 0.01695 0.05085 0.00000 0.00000 0.10169
GNM14593                       0.06780 0.05085 0.03390 0.03390 0.06780 0.03390 0.05085 0.10169 0.03390 0.05085 0.08475 0.10169 0.00000 0.05085 0.05085 0.03390 0.01695 0.00000 0.01695 0.11864
GNM13825                       0.06780 0.06780 0.01695 0.01695 0.06780 0.05085 0.03390 0.06780 0.01695 0.03390 0.13559 0.08475 0.00000 0.03390 0.06780 0.06780 0.01695 0.00000 0.00000 0.15254
GNM14768                       0.06780 0.08475 0.01695 0.01695 0.06780 0.05085 0.05085 0.06780 0.03390 0.06780 0.11864 0.08475 0.01695 0.03390 0.06780 0.03390 0.03390 0.00000 0.00000 0.08475
GNM14776                       0.06780 0.06780 0.01695 0.01695 0.06780 0.05085 0.05085 0.06780 0.03390 0.06780 0.11864 0.10169 0.01695 0.03390 0.06780 0.03390 0.01695 0.00000 0.00000 0.10169
GNM14715                       0.05085 0.08475 0.01695 0.03390 0.06780 0.00000 0.05085 0.11864 0.00000 0.05085 0.10169 0.11864 0.00000 0.03390 0.05085 0.08475 0.05085 0.00000 0.00000 0.08475
GNM14639                       0.05085 0.01695 0.06780 0.01695 0.08475 0.01695 0.03390 0.05085 0.01695 0.15254 0.08475 0.13559 0.00000 0.03390 0.05085 0.11864 0.03390 0.00000 0.01695 0.01695
GNM13795                       0.06780 0.00000 0.06780 0.00000 0.06780 0.03390 0.08475 0.10169 0.01695 0.10169 0.01695 0.10169 0.00000 0.01695 0.05085 0.15254 0.05085 0.00000 0.01695 0.05085
GNM14166                       0.06780 0.01695 0.03390 0.01695 0.06780 0.03390 0.06780 0.10169 0.01695 0.06780 0.03390 0.10169 0.00000 0.01695 0.05085 0.11864 0.06780 0.01695 0.01695 0.08475
GNM14450                       0.05085 0.05085 0.05085 0.03390 0.06780 0.01695 0.08475 0.03390 0.01695 0.13559 0.06780 0.10169 0.00000 0.05085 0.03390 0.11864 0.05085 0.00000 0.00000 0.03390
GNM13515                       0.03448 0.00000 0.03448 0.01724 0.06897 0.03448 0.06897 0.08621 0.03448 0.10345 0.01724 0.13793 0.00000 0.01724 0.05172 0.15517 0.08621 0.00000 0.01724 0.03448
GNM13745                       0.03390 0.05085 0.06780 0.03390 0.06780 0.01695 0.03390 0.06780 0.01695 0.13559 0.05085 0.11864 0.00000 0.03390 0.03390 0.10169 0.08475 0.00000 0.00000 0.05085
GNM14959                       0.05085 0.13559 0.06780 0.01695 0.06780 0.01695 0.03390 0.08475 0.00000 0.03390 0.06780 0.01695 0.01695 0.03390 0.06780 0.03390 0.03390 0.00000 0.01695 0.20339
GNM13413                       0.11864 0.06780 0.01695 0.01695 0.06780 0.03390 0.03390 0.06780 0.01695 0.06780 0.05085 0.10169 0.00000 0.05085 0.06780 0.05085 0.03390 0.00000 0.01695 0.11864
GNM14971                       0.05085 0.01695 0.05085 0.00000 0.06780 0.00000 0.10169 0.06780 0.01695 0.11864 0.05085 0.11864 0.00000 0.01695 0.05085 0.11864 0.06780 0.00000 0.01695 0.06780
GNM15005                       0.05085 0.01695 0.05085 0.00000 0.06780 0.00000 0.10169 0.06780 0.01695 0.11864 0.05085 0.11864 0.00000 0.01695 0.05085 0.11864 0.06780 0.00000 0.01695 0.06780
GNM15013                       0.05085 0.01695 0.05085 0.00000 0.06780 0.00000 0.10169 0.06780 0.01695 0.11864 0.05085 0.11864 0.00000 0.01695 0.05085 0.13559 0.05085 0.00000 0.01695 0.06780
GNM14976                       0.05085 0.01695 0.05085 0.00000 0.06780 0.00000 0.10169 0.06780 0.01695 0.11864 0.05085 0.11864 0.00000 0.01695 0.05085 0.13559 0.05085 0.00000 0.01695 0.06780
GNM14995                       0.06780 0.01695 0.06780 0.00000 0.06780 0.00000 0.10169 0.06780 0.01695 0.08475 0.03390 0.10169 0.00000 0.01695 0.05085 0.13559 0.08475 0.00000 0.01695 0.06780
GNM15017                       0.06780 0.01695 0.06780 0.00000 0.06780 0.00000 0.10169 0.06780 0.01695 0.08475 0.03390 0.10169 0.00000 0.01695 0.05085 0.13559 0.08475 0.00000 0.01695 0.06780
GNM14999                       0.02632 0.00000 0.05263 0.00000 0.05263 0.05263 0.10526 0.00000 0.07895 0.07895 0.15789 0.10526 0.05263 0.05263 0.05263 0.05263 0.00000 0.00000 0.00000 0.07895
GNM15025                       0.05085 0.00000 0.08475 0.00000 0.06780 0.01695 0.08475 0.05085 0.03390 0.08475 0.06780 0.13559 0.00000 0.01695 0.05085 0.10169 0.08475 0.00000 0.01695 0.05085
GNM15024                       0.10169 0.00000 0.08475 0.00000 0.06780 0.05085 0.08475 0.08475 0.01695 0.08475 0.01695 0.10169 0.00000 0.01695 0.03390 0.13559 0.05085 0.00000 0.01695 0.05085
GNM14980                       0.10169 0.00000 0.08475 0.00000 0.06780 0.05085 0.08475 0.08475 0.01695 0.08475 0.01695 0.10169 0.00000 0.01695 0.03390 0.13559 0.05085 0.00000 0.01695 0.05085
GNM15026                       0.01695 0.00000 0.06780 0.00000 0.06780 0.00000 0.11864 0.06780 0.01695 0.11864 0.05085 0.13559 0.00000 0.01695 0.05085 0.10169 0.06780 0.00000 0.01695 0.08475
GNM15001                       0.10169 0.00000 0.08475 0.00000 0.06780 0.05085 0.08475 0.08475 0.01695 0.08475 0.01695 0.10169 0.00000 0.01695 0.03390 0.13559 0.05085 0.00000 0.01695 0.05085
GNM11003                       0.06780 0.03390 0.03390 0.00000 0.06780 0.03390 0.06780 0.11864 0.01695 0.08475 0.06780 0.10169 0.00000 0.05085 0.06780 0.01695 0.08475 0.00000 0.01695 0.06780
GNM11023                       0.03390 0.13559 0.03390 0.00000 0.06780 0.01695 0.05085 0.10169 0.01695 0.06780 0.10169 0.05085 0.00000 0.05085 0.06780 0.05085 0.05085 0.00000 0.01695 0.08475
GNM11055                       0.03636 0.03636 0.01818 0.05455 0.07273 0.01818 0.09091 0.07273 0.05455 0.12727 0.00000 0.09091 0.01818 0.03636 0.05455 0.03636 0.05455 0.00000 0.01818 0.10909
GNM11146                       0.06780 0.11864 0.05085 0.03390 0.06780 0.03390 0.05085 0.08475 0.01695 0.06780 0.10169 0.01695 0.00000 0.03390 0.05085 0.01695 0.05085 0.00000 0.00000 0.13559
GNM11219                       0.05085 0.10169 0.01695 0.01695 0.06780 0.01695 0.06780 0.10169 0.03390 0.05085 0.06780 0.08475 0.01695 0.03390 0.05085 0.08475 0.01695 0.00000 0.00000 0.11864
GNM11220                       0.03390 0.05085 0.00000 0.00000 0.08475 0.03390 0.08475 0.08475 0.03390 0.05085 0.08475 0.06780 0.00000 0.05085 0.08475 0.06780 0.03390 0.00000 0.01695 0.13559
GNM11222                       0.08475 0.10169 0.05085 0.03390 0.06780 0.00000 0.06780 0.10169 0.01695 0.05085 0.05085 0.05085 0.00000 0.03390 0.05085 0.06780 0.01695 0.00000 0.00000 0.15254
GNM11223                       0.08475 0.01695 0.03390 0.01695 0.06780 0.01695 0.10169 0.08475 0.01695 0.05085 0.06780 0.08475 0.00000 0.05085 0.06780 0.06780 0.03390 0.00000 0.00000 0.13559
GNM11224                       0.08475 0.05085 0.05085 0.01695 0.06780 0.01695 0.06780 0.10169 0.01695 0.05085 0.06780 0.06780 0.01695 0.05085 0.06780 0.05085 0.01695 0.00000 0.00000 0.13559
GNM11225                       0.08475 0.05085 0.03390 0.01695 0.06780 0.03390 0.08475 0.08475 0.03390 0.08475 0.05085 0.05085 0.00000 0.03390 0.06780 0.05085 0.05085 0.00000 0.00000 0.11864
GNM11358                       0.03390 0.01695 0.06780 0.03390 0.06780 0.01695 0.06780 0.05085 0.01695 0.10169 0.10169 0.08475 0.01695 0.03390 0.06780 0.08475 0.06780 0.00000 0.01695 0.05085
GNM11360                       0.08475 0.00000 0.10169 0.00000 0.06780 0.05085 0.08475 0.08475 0.01695 0.06780 0.01695 0.10169 0.00000 0.01695 0.05085 0.11864 0.03390 0.00000 0.01695 0.08475
GNM11362                       0.06780 0.11864 0.08475 0.00000 0.06780 0.01695 0.03390 0.05085 0.01695 0.08475 0.06780 0.03390 0.01695 0.03390 0.03390 0.11864 0.01695 0.00000 0.03390 0.10169
GNM11367                       0.06780 0.00000 0.06780 0.00000 0.06780 0.05085 0.10169 0.05085 0.03390 0.06780 0.05085 0.08475 0.00000 0.01695 0.03390 0.15254 0.03390 0.00000 0.01695 0.10169
GNM11377                       0.05085 0.03390 0.01695 0.01695 0.06780 0.01695 0.05085 0.10169 0.01695 0.10169 0.05085 0.08475 0.00000 0.03390 0.03390 0.15254 0.08475 0.00000 0.00000 0.08475
GNM11380                       0.06780 0.01695 0.03390 0.01695 0.06780 0.03390 0.06780 0.10169 0.01695 0.06780 0.03390 0.10169 0.00000 0.01695 0.05085 0.11864 0.06780 0.01695 0.01695 0.08475
GNM11383                       0.05085 0.00000 0.03390 0.00000 0.06780 0.03390 0.06780 0.06780 0.03390 0.08475 0.06780 0.11864 0.00000 0.01695 0.05085 0.08475 0.10169 0.00000 0.01695 0.10169
GNM11804                       0.03509 0.07018 0.01754 0.03509 0.07018 0.01754 0.10526 0.08772 0.00000 0.05263 0.08772 0.10526 0.01754 0.03509 0.05263 0.03509 0.07018 0.00000 0.00000 0.10526
GNM11805                       0.03390 0.00000 0.06780 0.01695 0.06780 0.01695 0.06780 0.08475 0.00000 0.10169 0.06780 0.15254 0.00000 0.01695 0.01695 0.10169 0.06780 0.00000 0.01695 0.10169
GNM12886                       0.06780 0.03390 0.05085 0.01695 0.06780 0.01695 0.06780 0.08475 0.01695 0.06780 0.10169 0.10169 0.01695 0.03390 0.03390 0.10169 0.08475 0.00000 0.00000 0.03390
GNM12895                       0.05085 0.05085 0.05085 0.03390 0.06780 0.01695 0.08475 0.03390 0.01695 0.13559 0.06780 0.10169 0.00000 0.05085 0.03390 0.11864 0.05085 0.00000 0.00000 0.03390
GNM13061                       0.03390 0.06780 0.01695 0.01695 0.06780 0.03390 0.06780 0.08475 0.01695 0.10169 0.08475 0.10169 0.00000 0.03390 0.05085 0.03390 0.08475 0.00000 0.01695 0.08475
GNM13062                       0.06780 0.10169 0.01695 0.03390 0.06780 0.00000 0.05085 0.11864 0.00000 0.06780 0.08475 0.10169 0.00000 0.05085 0.05085 0.08475 0.03390 0.00000 0.00000 0.06780
GNM13066                       0.05085 0.05085 0.06780 0.01695 0.06780 0.01695 0.06780 0.06780 0.03390 0.08475 0.06780 0.05085 0.00000 0.03390 0.05085 0.15254 0.06780 0.00000 0.00000 0.05085
GNM11034                       0.06780 0.05085 0.01695 0.01695 0.06780 0.06780 0.03390 0.08475 0.01695 0.03390 0.13559 0.10169 0.00000 0.03390 0.06780 0.03390 0.01695 0.00000 0.00000 0.15254
GNM11363                       0.06780 0.11864 0.08475 0.00000 0.06780 0.01695 0.03390 0.05085 0.01695 0.08475 0.06780 0.03390 0.01695 0.03390 0.03390 0.11864 0.01695 0.00000 0.03390 0.10169
GNM11375                       0.11864 0.00000 0.06780 0.01695 0.06780 0.05085 0.08475 0.08475 0.01695 0.03390 0.03390 0.10169 0.00000 0.01695 0.03390 0.13559 0.03390 0.00000 0.01695 0.08475
GNM11381                       0.05085 0.00000 0.03390 0.00000 0.06780 0.03390 0.06780 0.06780 0.03390 0.05085 0.06780 0.11864 0.00000 0.01695 0.05085 0.08475 0.10169 0.00000 0.01695 0.13559
GNM11382                       0.06780 0.00000 0.03390 0.00000 0.06780 0.03390 0.06780 0.06780 0.01695 0.05085 0.05085 0.11864 0.00000 0.03390 0.05085 0.10169 0.10169 0.00000 0.01695 0.11864
GNM11799                       0.05085 0.03390 0.05085 0.00000 0.06780 0.00000 0.10169 0.06780 0.03390 0.11864 0.05085 0.11864 0.00000 0.01695 0.05085 0.08475 0.06780 0.00000 0.01695 0.06780
GNM11841                       0.12727 0.01818 0.01818 0.03636 0.07273 0.01818 0.14545 0.09091 0.01818 0.05455 0.01818 0.03636 0.01818 0.03636 0.03636 0.07273 0.07273 0.00000 0.00000 0.10909
GNM11931                       0.09091 0.01818 0.03636 0.03636 0.07273 0.01818 0.14545 0.12727 0.00000 0.01818 0.05455 0.01818 0.01818 0.03636 0.03636 0.03636 0.10909 0.00000 0.01818 0.10909
GNM12040                       0.09091 0.00000 0.09091 0.03636 0.07273 0.05455 0.09091 0.10909 0.00000 0.03636 0.03636 0.01818 0.01818 0.05455 0.03636 0.01818 0.10909 0.00000 0.01818 0.10909
GNM12071                       0.10909 0.01818 0.01818 0.01818 0.07273 0.01818 0.12727 0.12727 0.03636 0.01818 0.01818 0.01818 0.01818 0.05455 0.01818 0.07273 0.09091 0.00000 0.00000 0.14545
GNM12125                       0.06780 0.08475 0.01695 0.00000 0.06780 0.06780 0.03390 0.10169 0.01695 0.03390 0.11864 0.03390 0.00000 0.05085 0.08475 0.03390 0.03390 0.00000 0.00000 0.15254
GNM12126                       0.05085 0.08475 0.01695 0.01695 0.06780 0.01695 0.06780 0.06780 0.03390 0.06780 0.10169 0.05085 0.01695 0.03390 0.10169 0.03390 0.08475 0.00000 0.01695 0.06780
GNM12128                       0.06667 0.06667 0.05000 0.01667 0.06667 0.01667 0.05000 0.08333 0.01667 0.10000 0.08333 0.06667 0.00000 0.05000 0.06667 0.01667 0.06667 0.00000 0.00000 0.11667
GNM12182                       0.06780 0.06780 0.05085 0.00000 0.06780 0.05085 0.06780 0.08475 0.03390 0.05085 0.08475 0.05085 0.00000 0.05085 0.06780 0.05085 0.05085 0.00000 0.01695 0.08475
GNM12342                       0.03390 0.05085 0.03390 0.00000 0.06780 0.05085 0.06780 0.10169 0.00000 0.06780 0.10169 0.11864 0.00000 0.03390 0.08475 0.01695 0.05085 0.00000 0.00000 0.11864
GNM12346                       0.06897 0.06897 0.03448 0.05172 0.06897 0.03448 0.06897 0.06897 0.00000 0.06897 0.06897 0.08621 0.01724 0.03448 0.03448 0.10345 0.03448 0.00000 0.00000 0.08621
GNM12351                       0.03448 0.06897 0.06897 0.01724 0.06897 0.01724 0.06897 0.06897 0.01724 0.05172 0.08621 0.06897 0.01724 0.03448 0.01724 0.10345 0.10345 0.00000 0.00000 0.08621
GNM12356                       0.06780 0.05085 0.00000 0.03390 0.08475 0.03390 0.01695 0.06780 0.00000 0.08475 0.10169 0.11864 0.00000 0.03390 0.08475 0.06780 0.06780 0.00000 0.00000 0.08475
GNM12357                       0.08475 0.01695 0.03390 0.01695 0.08475 0.05085 0.06780 0.06780 0.00000 0.10169 0.06780 0.15254 0.00000 0.03390 0.05085 0.06780 0.03390 0.00000 0.00000 0.06780
GNM12366                       0.08475 0.01695 0.01695 0.01695 0.08475 0.05085 0.06780 0.05085 0.00000 0.10169 0.06780 0.15254 0.00000 0.03390 0.05085 0.08475 0.05085 0.00000 0.00000 0.06780
GNM12373                       0.11864 0.05085 0.01695 0.03390 0.06780 0.01695 0.11864 0.05085 0.00000 0.03390 0.06780 0.10169 0.00000 0.05085 0.03390 0.05085 0.08475 0.00000 0.00000 0.10169
GNM12385                       0.08475 0.08475 0.05085 0.03390 0.06780 0.01695 0.13559 0.05085 0.01695 0.05085 0.05085 0.05085 0.01695 0.03390 0.03390 0.03390 0.05085 0.00000 0.00000 0.13559
GNM12551                       0.05085 0.06780 0.03390 0.01695 0.06780 0.03390 0.08475 0.08475 0.01695 0.08475 0.08475 0.10169 0.00000 0.03390 0.05085 0.03390 0.06780 0.00000 0.00000 0.08475
GNM12554                       0.10169 0.05085 0.05085 0.05085 0.06780 0.01695 0.06780 0.05085 0.00000 0.03390 0.05085 0.11864 0.00000 0.05085 0.03390 0.08475 0.08475 0.00000 0.00000 0.08475
GNM12592                       0.07143 0.07143 0.03571 0.03571 0.07143 0.01786 0.08929 0.05357 0.00000 0.05357 0.10714 0.08929 0.01786 0.03571 0.01786 0.05357 0.05357 0.00000 0.00000 0.12500
GNM12596                       0.03390 0.08475 0.03390 0.01695 0.06780 0.03390 0.08475 0.06780 0.01695 0.08475 0.06780 0.06780 0.00000 0.03390 0.03390 0.06780 0.11864 0.00000 0.01695 0.06780
GNM12602                       0.03390 0.08475 0.03390 0.01695 0.06780 0.03390 0.08475 0.06780 0.01695 0.10169 0.06780 0.06780 0.00000 0.03390 0.03390 0.06780 0.10169 0.00000 0.01695 0.06780
GNM12665                       0.03390 0.08475 0.03390 0.01695 0.06780 0.03390 0.08475 0.06780 0.01695 0.08475 0.06780 0.06780 0.00000 0.03390 0.03390 0.06780 0.11864 0.00000 0.01695 0.06780
GNM12745                       0.05172 0.01724 0.03448 0.05172 0.08621 0.06897 0.05172 0.06897 0.03448 0.08621 0.05172 0.12069 0.01724 0.03448 0.03448 0.05172 0.03448 0.00000 0.00000 0.10345
GNM12749                       0.08475 0.05085 0.05085 0.05085 0.08475 0.03390 0.08475 0.05085 0.00000 0.08475 0.03390 0.08475 0.00000 0.05085 0.05085 0.03390 0.10169 0.00000 0.00000 0.06780
GNM12758                       0.05085 0.03390 0.05085 0.05085 0.06780 0.06780 0.03390 0.08475 0.00000 0.08475 0.08475 0.10169 0.00000 0.05085 0.01695 0.03390 0.05085 0.00000 0.03390 0.10169
GNM12763                       0.05263 0.07018 0.01754 0.05263 0.07018 0.07018 0.01754 0.07018 0.00000 0.08772 0.07018 0.12281 0.01754 0.03509 0.03509 0.05263 0.03509 0.00000 0.00000 0.12281
GNM12766                       0.05085 0.03390 0.03390 0.00000 0.08475 0.03390 0.06780 0.06780 0.00000 0.06780 0.11864 0.11864 0.00000 0.03390 0.08475 0.05085 0.03390 0.00000 0.00000 0.11864
GNM12841                       0.10909 0.01818 0.05455 0.10909 0.07273 0.01818 0.07273 0.10909 0.03636 0.01818 0.05455 0.01818 0.01818 0.03636 0.01818 0.01818 0.07273 0.00000 0.00000 0.14545
GNM12849                       0.06780 0.00000 0.10169 0.00000 0.06780 0.05085 0.08475 0.08475 0.01695 0.06780 0.01695 0.10169 0.00000 0.01695 0.05085 0.13559 0.01695 0.00000 0.01695 0.10169
GNM12869                       0.11864 0.00000 0.08475 0.00000 0.06780 0.05085 0.08475 0.08475 0.01695 0.06780 0.01695 0.10169 0.00000 0.01695 0.03390 0.13559 0.03390 0.00000 0.01695 0.06780
GNM12896                       0.05085 0.01695 0.03390 0.01695 0.06780 0.03390 0.06780 0.10169 0.01695 0.03390 0.03390 0.10169 0.00000 0.01695 0.05085 0.11864 0.06780 0.01695 0.01695 0.13559
GNM12902                       0.08475 0.05085 0.06780 0.03390 0.06780 0.03390 0.01695 0.13559 0.03390 0.08475 0.06780 0.08475 0.00000 0.03390 0.01695 0.05085 0.05085 0.00000 0.00000 0.08475
GNM12903                       0.08475 0.05085 0.01695 0.01695 0.06780 0.03390 0.03390 0.08475 0.03390 0.06780 0.08475 0.10169 0.01695 0.03390 0.06780 0.03390 0.05085 0.00000 0.00000 0.11864
GNM12906                       0.08475 0.06780 0.01695 0.01695 0.06780 0.05085 0.03390 0.08475 0.03390 0.06780 0.06780 0.08475 0.01695 0.05085 0.06780 0.03390 0.03390 0.00000 0.00000 0.11864
GNM12907                       0.08475 0.10169 0.01695 0.01695 0.06780 0.05085 0.03390 0.08475 0.03390 0.03390 0.08475 0.03390 0.01695 0.05085 0.06780 0.03390 0.03390 0.00000 0.00000 0.15254
GNM12909                       0.08475 0.08475 0.01695 0.01695 0.06780 0.03390 0.05085 0.08475 0.03390 0.05085 0.08475 0.06780 0.01695 0.03390 0.06780 0.03390 0.01695 0.00000 0.00000 0.15254
GNM12915                       0.05085 0.10169 0.03390 0.01695 0.06780 0.01695 0.06780 0.08475 0.01695 0.10169 0.06780 0.05085 0.01695 0.03390 0.06780 0.03390 0.05085 0.00000 0.00000 0.11864
GNM10046                       0.05085 0.06780 0.01695 0.01695 0.06780 0.01695 0.06780 0.08475 0.01695 0.11864 0.08475 0.08475 0.01695 0.03390 0.06780 0.03390 0.05085 0.00000 0.00000 0.10169
GNM12931                       0.08475 0.08475 0.01695 0.01695 0.06780 0.01695 0.03390 0.06780 0.01695 0.06780 0.06780 0.08475 0.00000 0.05085 0.06780 0.03390 0.05085 0.00000 0.01695 0.15254
GNM12938                       0.05085 0.06780 0.05085 0.01695 0.06780 0.05085 0.05085 0.08475 0.00000 0.11864 0.05085 0.10169 0.00000 0.05085 0.06780 0.05085 0.03390 0.00000 0.00000 0.08475
GNM12996                       0.01695 0.06780 0.03390 0.00000 0.06780 0.01695 0.06780 0.10169 0.01695 0.08475 0.06780 0.06780 0.01695 0.05085 0.06780 0.08475 0.05085 0.00000 0.01695 0.10169
GNM13018                       0.03390 0.06780 0.03390 0.00000 0.06780 0.01695 0.06780 0.10169 0.01695 0.06780 0.06780 0.06780 0.03390 0.05085 0.06780 0.06780 0.05085 0.00000 0.01695 0.10169
GNM13046                       0.08475 0.00000 0.03390 0.01695 0.06780 0.01695 0.10169 0.06780 0.03390 0.06780 0.03390 0.10169 0.00000 0.01695 0.05085 0.15254 0.05085 0.00000 0.01695 0.08475
GNM13053                       0.03509 0.05263 0.08772 0.01754 0.07018 0.05263 0.07018 0.05263 0.00000 0.08772 0.05263 0.08772 0.01754 0.01754 0.05263 0.10526 0.01754 0.00000 0.01754 0.10526
GNM13074                       0.05085 0.06780 0.03390 0.01695 0.06780 0.01695 0.06780 0.08475 0.00000 0.10169 0.10169 0.08475 0.01695 0.03390 0.06780 0.03390 0.05085 0.00000 0.00000 0.10169
GNM10010                       0.05085 0.06780 0.01695 0.01695 0.06780 0.01695 0.06780 0.08475 0.01695 0.08475 0.10169 0.08475 0.01695 0.03390 0.06780 0.03390 0.05085 0.00000 0.00000 0.11864
GNM10014                       0.05085 0.06780 0.01695 0.01695 0.06780 0.01695 0.06780 0.08475 0.01695 0.08475 0.10169 0.06780 0.01695 0.03390 0.08475 0.03390 0.05085 0.00000 0.00000 0.11864
GNM13090                       0.05085 0.06780 0.03390 0.01695 0.06780 0.01695 0.06780 0.08475 0.00000 0.08475 0.10169 0.06780 0.01695 0.03390 0.06780 0.03390 0.06780 0.00000 0.00000 0.11864
GNM13118                       0.05172 0.03448 0.01724 0.01724 0.06897 0.01724 0.05172 0.06897 0.01724 0.12069 0.12069 0.12069 0.00000 0.01724 0.08621 0.05172 0.05172 0.00000 0.01724 0.06897
GNM13126                       0.06897 0.03448 0.06897 0.01724 0.06897 0.01724 0.03448 0.10345 0.01724 0.08621 0.03448 0.08621 0.00000 0.03448 0.05172 0.05172 0.08621 0.00000 0.00000 0.13793
GNM13128                       0.05172 0.01724 0.05172 0.01724 0.06897 0.01724 0.05172 0.10345 0.01724 0.06897 0.05172 0.10345 0.00000 0.03448 0.05172 0.08621 0.06897 0.00000 0.00000 0.13793
GNM13208                       0.03390 0.08475 0.03390 0.03390 0.06780 0.08475 0.01695 0.08475 0.01695 0.05085 0.10169 0.05085 0.01695 0.03390 0.06780 0.05085 0.01695 0.00000 0.00000 0.15254
GNM13210                       0.06780 0.06780 0.01695 0.01695 0.06780 0.03390 0.03390 0.06780 0.01695 0.05085 0.06780 0.10169 0.00000 0.05085 0.06780 0.06780 0.06780 0.00000 0.01695 0.11864
GNM12773                       0.06780 0.06780 0.10169 0.01695 0.06780 0.01695 0.06780 0.05085 0.00000 0.10169 0.06780 0.10169 0.00000 0.03390 0.05085 0.03390 0.05085 0.01695 0.00000 0.08475
GNM12769                       0.00000 0.03390 0.01695 0.01695 0.06780 0.06780 0.08475 0.10169 0.00000 0.13559 0.08475 0.11864 0.00000 0.03390 0.05085 0.06780 0.05085 0.00000 0.00000 0.06780

Homogeneity statistic: X2 = 33.88773 G = 35.26996 

Average                        0.06351 0.04390 0.04595 0.01708 0.06904 0.03067 0.07024 0.07902 0.01744 0.07746 0.06772 0.09069 0.00589 0.03223 0.05244 0.07770 0.05581 0.00048 0.00998 0.09274
(Ambiguity characters are used to calculate freqs.)


# constant sites:      3 (5.00%)

TREE #  1:  ((((((((45, 140), 126), (59, 92)), 93), 94), (((128, 129), (95, 58)), 127)), ((((((121, 120), 123), 122), 139), (61, 44)), 136)), (((((((((((((((((((47, 46), (48, 23)), 49), 52), 87), (53, 56)), (51, 50)), (((71, 22), (25, 24)), 42)), ((((((54, 55), 57), 117), (20, 7)), (((27, 39), (8, 6)), (84, 21))), ((11, 69), 116))), 130), (((85, 74), 19), 86)), ((118, 73), 40)), ((((77, 5), (72, 14)), 30), (15, 68))), (78, 41)), (83, 70)), (((81, 43), (16, 131)), ((37, 80), 13))), (((1, 79), (9, 2)), 38)), ((((35, 36), (3, 33)), (4, 31)), (((82, 12), 34), 32))), ((((((29, 28), (141, 26)), ((65, 66), 67)), 62), (142, 64)), ((18, 17), 63))), (((((((((((109, 107), 108), 98), 106), 97), (((105, 103), 111), 102)), ((((90, 10), 91), (88, 115)), 89)), (60, 75)), ((138, 137), (76, 119))), ((((((101, 100), 99), 114), 96), ((110, 112), 113)), 104)), ((((133, 134), 135), 132), (124, 125))));   MP score: -1
lnL(ntime:281  np:282):  -7216.710858      +0.000000
 143..144 144..145 145..146 146..147 147..148 148..149 149..150 150..45  150..140 149..126 148..151 151..59  151..92  147..93  146..94  145..152 152..153 153..154 154..128 154..129 153..155 155..95  155..58  152..127 144..156 156..157 157..158 158..159 159..160 160..161 161..121 161..120 160..123 159..122 158..139 157..162 162..61  162..44  156..136 143..163 163..164 164..165 165..166 166..167 167..168 168..169 169..170 170..171 171..172 172..173 173..174 174..175 175..176 176..177 177..178 178..179 179..180 180..181 181..47  181..46  180..182 182..48  182..23  179..49  178..52  177..87  176..183 183..53  183..56  175..184 184..51  184..50  174..185 185..186 186..187 187..71  187..22  186..188 188..25  188..24  185..42  173..189 189..190 190..191 191..192 192..193 193..194 194..54  194..55  193..57  192..117 191..195 195..20  195..7   190..196 196..197 197..198 198..27  198..39  197..199 199..8   199..6   196..200 200..84  200..21  189..201 201..202 202..11  202..69  201..116 172..130 171..203 203..204 204..205 205..85  205..74  204..19  203..86  170..206 206..207 207..118 207..73  206..40  169..208 208..209 209..210 210..211 211..77  211..5   210..212 212..72  212..14  209..30  208..213 213..15  213..68  168..214 214..78  214..41  167..215 215..83  215..70  166..216 216..217 217..218 218..81  218..43  217..219 219..16  219..131 216..220 220..221 221..37  221..80  220..13  165..222 222..223 223..224 224..1   224..79  223..225 225..9   225..2   222..38  164..226 226..227 227..228 228..229 229..35  229..36  228..230 230..3   230..33  227..231 231..4   231..31  226..232 232..233 233..234 234..82  234..12  233..34  232..32  163..235 235..236 236..237 237..238 238..239 239..240 240..29  240..28  239..241 241..141 241..26  238..242 242..243 243..65  243..66  242..67  237..62  236..244 244..142 244..64  235..245 245..246 246..18  246..17  245..63  143..247 247..248 248..249 249..250 250..251 251..252 252..253 253..254 254..255 255..256 256..257 257..109 257..107 256..108 255..98  254..106 253..97  252..258 258..259 259..260 260..105 260..103 259..111 258..102 251..261 261..262 262..263 263..264 264..90  264..10  263..91  262..265 265..88  265..115 261..89  250..266 266..60  266..75  249..267 267..268 268..138 268..137 267..269 269..76  269..119 248..270 270..271 271..272 272..273 273..274 274..275 275..101 275..100 274..99  273..114 272..96  271..276 276..277 277..110 277..112 276..113 270..104 247..278 278..279 279..280 280..281 281..133 281..134 280..135 279..132 278..282 282..124 282..125
 0.082339 0.155304 0.016559 0.038650 0.000000 0.315373 0.070663 0.031360 0.091540 0.043274 0.038672 0.257651 0.085982 0.301899 0.218210 0.146571 0.000000 0.109799 0.044509 0.000000 0.070499 0.159328 0.069471 0.201537 0.000000 0.020942 0.067393 0.133751 0.030364 0.000000 0.045807 0.089650 0.067968 0.057086 0.059604 0.094222 0.342189 0.303206 0.335843 0.062394 0.065517 0.335522 0.046776 0.000000 0.244378 0.014362 0.356720 0.035102 0.094519 0.069354 0.026147 0.124636 0.000000 0.082196 0.000000 0.021942 0.000000 0.013230 0.000000 0.000000 0.000000 0.000000 0.054825 0.000000 0.741507 0.036983 0.077565 0.049353 0.068292 0.077112 0.000000 0.000000 0.031074 0.221640 0.043284 0.000000 0.000000 0.036164 0.000000 0.000000 0.110983 0.105297 0.016493 0.012070 0.012537 0.000000 0.000000 0.000000 0.000000 0.000000 0.025483 0.000000 0.000000 0.012493 0.000000 0.015190 0.069309 0.000000 0.039559 0.012823 0.013531 0.049896 0.088888 0.000000 0.000000 0.067361 0.019287 0.000000 0.000000 0.006417 0.087108 0.112806 0.033399 0.000000 0.000000 0.027221 0.027258 0.055597 0.189689 0.000000 0.055905 0.000000 0.000000 0.000000 0.088948 0.023243 0.106906 0.038356 0.069756 0.253939 0.006449 0.051333 0.265453 0.777451 0.029178 0.140942 0.372177 0.000000 0.000000 0.525803 0.000000 0.000000 0.059163 0.117796 0.068029 0.437579 0.073098 0.177375 0.186712 0.255347 0.461735 0.000000 0.048047 0.067878 0.076207 0.000000 0.080485 0.091066 0.388954 0.152319 0.412097 0.000000 0.000000 0.343416 0.222885 0.024114 0.111908 0.099003 0.042685 0.016740 0.125869 0.121931 0.100684 0.224141 0.027138 0.000000 0.037991 0.198995 0.000000 0.029287 0.000000 0.014766 0.213869 0.000000 0.000000 0.000000 0.025800 0.096755 0.003287 0.155724 0.136603 0.113221 0.104798 0.168643 0.027081 0.081660 0.064699 0.074672 0.218024 0.431135 0.033378 0.433067 0.495030 0.140821 0.353633 0.000000 0.000000 0.199199 0.064004 0.048256 0.097146 0.027410 0.000000 0.000000 0.083570 0.000000 0.182311 0.074797 0.013501 0.000000 0.000000 0.000000 0.071496 0.147261 0.266021 0.209786 0.007262 0.000000 0.328700 0.121260 0.250831 0.196019 0.479381 0.000000 0.060207 0.021834 0.136727 0.035434 0.074848 0.100375 0.281052 0.119841 0.185015 0.105773 0.245890 0.047050 0.717579 0.126003 0.067492 0.070668 0.000000 0.218539 0.280569 0.000000 0.000000 0.180287 0.122981 0.129666 0.159318 0.000000 0.055752 0.133304 0.014944 0.093044 0.138735 0.140303 0.225134 0.170839 0.292244 0.228386 0.164644 0.000000 0.000000 0.000000 0.014158 0.029454 0.043489 0.014203 0.008110 0.058322 0.036878 1.635517
