
Printing out site pattern counts


       141        109  P

GNM13746                        ---------- ---------- ---------- -------AAA AAAADDEEEE FFGGGGGIII IIIIKKKKKL LLLLLMMMMP PPPPPQQQQR RRRSSSTTTV VVVVYYYYY
GNM13538                        ---------- --------AA EEGKKKKPPP PRRSSTVAAA AALPNTEEER ILGGGGLIII IKLLAEKQRA LLLSVILQYP PPPPPEPQSR RRRPSSHTTG ILLVDFPRY
GNM13671                        ---------- ---------- ---------- -------AAA AGRPDDEERK ILGGGYVIII IELLNEGEKV LLRIVILQLF PPPPRTEVDR RRRKASPRTD YLVVEYPIY
GNM13876                        ---------- ---------- ---------- -------AAA AGRNDDEELK ILGGGAVIII IKLLKEGEKV LLRILILQLF FPPPQSEVDR RRRRRSRKTA TFIVEYPKY
GNM13680                        -AAAAHKKKK KKSSSTTTAK -GADKRR-AE TSVKSSVAAA SSESDNEEPV ILGGGGVIII ILLLDDKKRA LMLSILLQLP PPPPPVKQMR RRRPASWITV IITIWFERY
GNM14837                        -ADELDEIKR STEITKNYLE EPERKKKITE ERVEEIVAAS AAESNNEEPM LFGGGGIIII ITILDERKRV LFLTIILQLP PPPPPDPQDR RRRPQSTVTI ILMIYFKKY
GNM14249                        -ADELDKLKR STNIVKTYLD EPSRKKKITE ERVEEIIAAS AAESNNEEPM LFGGGGIIII ITILDERKRV LFLTIILQLP PPPPPDPQDR RRRPQSTVTI ILMIYFKKY
GNM13928                        -ADDLDELKR PTKIIKNYLE EPERKKKITE ERVEEIVAAS AAESNNEEPM LFGGGGIIII ITILDERKKV LFLTIILQLP PPPPPDPQDR RRRPQSRVTI ILMIYFKKY
GNM13297                        ---------- --------AA EEGKKKKPPP PRRSSTVAAA AALPNTEEER ILGGGGLIII IKLLAEKQRA LLLSVILQYP PPPPPEPQSR RRRPSSHTTG ILLVDFPRY
GNM14865                        ---------- ---------- ---------- -------AAA AAEP--EEQA IL-GG-S-FI V-LY-DG-RV V-GT-ILQYP K-PVM-D-LK RRREASREN- -YLV-YQK-
GNM13455                        -ADELDELKR STNIAKNYLE EPARKKKITE ERVEEIVAAA AAESNNEEPM LFGGGGIIII ITILDERKRV LFLTIILQLP PPPTPDPQDR RRRPQSTVTI ILMIYFKKY
GNM14938                        ---------- ---------- ---------- -------ATA AGKMDDEERV FLGGGTPIII ILLLQKG-KV LLYVLILQVF PPPPQSKETR KRREASRRTV ALIVDYPEY
GNM14483                        ---------- ---------- ----K-R--- -K-Q-A-AAA SAAPDDEEPT IFGGGGTIII IKLLKEDERA ILLSITLQMP PPPSPTSQER RRREEAKSTV ILVIAFGKH
GNM14872                        -AS--RKV-- KKT-FSKTAK -DADK-R-EE TSVKANVAAA AALSDNEEPM ILGGGG-III ILLLDEKKRA LMLSILLQLP PPPPLMKQAR RRRPKSWVTI IVTIWFDRY
GNM13855                        ---EIRK-S- K-KGT---LN KSKYNEETEK DDYSVVTAAA SAYTDNEENR ILGGGGIIII IILLEEKERT LTLSIILQLP PPPIPLKQMR RRRPKSRITI ILTTWFSKF
GNM14445                        ---------- --------KK -K--KKK-T- -E-SGK-AAA SALPDNEEPL IFDGGGVILV ISLLDEHSRA LLLSILLQLP PPPSPVHQSR RRRPKARSTI IIIIAFSRY
GNM14404                        ---------- ---------- T-SY---Y-E E-Y---IAAA AVYPDDEEPL FLGGGGLIII IILLKEGGKV ILLTLILQMP PPPIPSKQSR RRRPKARKTK ILVIWYPKF
GNM14545                        ---------- ---------- T-SY---Y-E E-Y---IAAA AVYPDDEEPL FLGGGGLIII IILLKEGGKV ILLTLILQMP PPPIPSKQSR RRRPKARKTK ILVIWYPKF
GNM14366                        -ANEIDEIKR SAEFPDEYLK EEQRKEKMTE DKIDDIIAAA AAKSNNEEPL LFGGGGIIII IAILDERKRA LFLVIILQQP PPPPPDSQDR RRRPDSTRTI ILLIYFPKY
GNM14252                        -ADELDKLKR STNIAKNYLE EPTRKKKITE ERVEEIVAAS AAESNNEEPM LFGGGGIIII ITILDERKRV LFLTIILQLP PPPPPDPQDR RRRPQSTVTI ILMIYFKKY
GNM13760                        -ADELDELKR STKIVKNYLE EPNRKKKISE ERVEEIVAAA AAESNNEEPM LFGGGGIIII ITILDERKRV LFLTIILQLP PPPPPDPQDR RRRPQSTVTI ILMIYFKKF
GNM13982                        -ADEIEEIKR SNEKPKEYLQ REQRKKEITE DEIEDCIAAS AAKSNNEEPM LFGGGGIIII ILILFERKRV LFLTLILQLP PPPPPDDQDR RRRPESTVTI MLMIDFVKY
GNM13960                        -AEEVETIKR SLKRSKEFLV RDNRKKEITE TEIDECIAAA AAESHNEEPM LFGGGGILII IVILDKRQRV LFLVIILQLP PPPVPDEQEK RRRPQSTTTI TLMIQFKRY
GNM14633                        -AEEIEEIKK SNEKPKEYLG REQRKKEITE DQIEECIAAS AAKSNNEEPM LFGGGGIIII ILILFERKRV LFLTLILQLP PPPPPDDQDR RRRPESTVTI MLMIDFVKY
GNM14853                        -AEEIEEIKK SNEKPKEYLG REQRKKEITE DQIEECIAAS AAKSNNEEPM LFGGGGIIII ILILFERKRV LFLTLILQLP PPPPPDDQDR RRRPESTVTI MLMIDFVKY
GNM14138                        ---------- ---------- ---------- -------AAA AALPDNEE-V IIEGG-VIII I-LMKEG-RI ILLTLILQMP PPPI-SEQDR RRRTSA-TT- -LVIWFERY
GNM14748                        -ADELSELKR STEIPKNYLE EPERDKKISE EKVEEIVAAS AAESNNEEPM LFGGGGIIII ITILDEKKRV LFLTIILQLP PPPPPDTQDR RRRPQSTVTI ILMIYFKQY
GNM14246                        ---------- ---------- ---------- -------A-A AAKPDD-E-L ILGGS-PII- I-L-KEG--I ILLTLILQMP PPPI-TEQDR -RRSSA-A-- -LVVW-E-Y
GNM14640                        ---------- ---------- ---------- -------AAA AAQPDDEEPL ILEGGGPIII ILLLKEGKRI ILLTLILQMP PPPIPTEQDR RRRPSAKTTI ILVVWFKRY
GNM14965                        -VTVTHNPKK KASASDRLAH -DEDKER-TE TSVKLSVAAA SAASDNEEAT IFGGGGVIII ILLIDYKQRA LLLSILLQMP PPPAPVRQSR RRRTASRVTV VLTIWFQKY
GNM13677                        ---------- ---------- ---------- -------AAA AGRNDDEELK ILGGGAVIII IKLLKEGEKV LLRILILQLF FPPPQSEVDR RRRRRSRKTA TFIVEYPKY
GNM14339                        ---------- ---------- ---------- -------ATA AGRADDEEKQ FLGGGLPIII V-LLKAG-KV LALILILQLF PPPPQTEITR KRRRLSRVT- TLIVEYPIY
GNM14593                        ---------- ---------- ---------- -------AAA AGRPDDEERK ILGGGYVIII IDLLKEGEKV LLKILILQLF PPPPRTEVDR RRRKASPRTE LLIVQYPKY
GNM13825                        ---------- ---------- ---------- -------ATA AGKIDDEERV FLGGGTPVII ILLLQKG-KV LLYVLILQVF PLPPQTKETR RRREASRRTV ALIVDYPEY
GNM14768                        ---------- ---------- ---------- -------AAA AGRPDDEERR ILGAGKVIII IPLLKEGERV LLKILILQLF PPPPSSPVER RRRKAAPRTD YFIVDYPKH
GNM14776                        ---------- ---------- ---------- -------AAA AGRPNDEERR ILGAGKVIII IPLLKEGERV LLKILILQLF PPPPSSPVEK RRRKAAPRTD YFIVDYPKY
GNM14639                        ---------- ---------- ---------- -------AAA AIQADDEEKE LLGGGFILII ISLLKNGDRV LLFSIVLQLP PPPPPSPIKR RRRELNRTTF KLIIEFERY
GNM13795                        -ADELSELKR STEIAKNYLE EPERNKKITE ERVEDIVAAS AAESNNEEPM LFGGGGIIII ITILDEKKRV LFLTIILQLP PPPPPDEQDR RRRPKSTVTI ILMIYFKQY
GNM14166                        -PEPVEEVEE DEEKPAEELK DEARREKISE DLIEARIAAA AAASNNEEPY LFGGGGIIII IMILDERKRV LFLTILLQLP PPPPPDPQDR RRRPKSTVTI ILLILFKKF
GNM13993                        ---------- ---------- ---------- -------AAA ASFPNDEEET IFGGGGAILI IEMLSDTKRV LLYTLLLQLP PPPTPTKQLR KRRLKSSTTV ILIVSFKRY
GNM14450                        -NVEVNPTKT KTSAKKEVLE NPTHTIRVEE ESIEISIAAA AAESDNEESE ILVGGGSIII LVLLKMNKRS LLLSIILQLP PPPSSNTQTR RRRSESRITI VLIIWFQKY
GNM13515                        -ADEIENIKR STKKIKVYLK RESREKEITP EXVDECIAAA AAESNNEEPM LFGGGGIXII ILILFDRKRV LFNTLILQLP PPPPPDDQDR RRRPQSTVTI MLMINFQKF
GNM13745                        ---------- ---------- ----K----- -E-N---AAA SSKPNNEESI IFGGGGIILI IEVLEAGKRS ILYSIVLQLP PPPAPKKQHR KRRPASKATI VLIIKFKRS
GNM14030                        ---------- ---------- ---------- -------AAA ASKPNDEESI IFGGGGVVLI IELLEDXKXA LLYTLLLQFP PPPPPTKQKR KRRPASXSTV ILIIAFSRS
GNM14959                        ---------- --------AN LQKE-S-ISD A-L-N-TAAA AAEPRNEEPM ILGAGYPIFI ILLIKRGGKL LLLILIKQMQ PKPPPKNVDV RRRQRARTTK TVVIDYELH
GNM13413                        ---------- ---------- ---------- -------AAA AAKPLDEEKI VVGGGFVVMV IELMGLGYRL LLVSIILQMP RPPPSRDEYR RRRSTSR-TE VVVIRFSVG
GNM14971                        ---------- ---------- R-NRKKEI-K TEVDECTAAA AAESHNEEPM LFGGGGILII IVILDKRQRV LFLVIILQLP PPPVPDEQEK RRRPQSTVTI TLMIKFKRY
GNM14990                        -SEEIETIKR SLKRSKEFLV RDNRKKEITK TEIDECTAAA AAESHNEEPM LFGGGGILII IVILDKRQRV LFLVIILQLP PPPVPDKQEK RRRPQSTVTI TLMIKFKRY
GNM15005                        -AEEIETIKR SLKRSKEFLV RDNRKKEITK TEIDECTAAA AAESHNEEPM LFGGGGILII IVILDKRQRV LFLVIILQLP PPPVPDEQEK RRRPQSTTTI TLMIIFKRY
GNM14992                        -AEIIKEIKK PQVRSNEYLE RDNRKKEITE DEIDECIAAA AAESNNEEPM LFGGGGIIII IVILDKRQRV LFLVLILQLP PPPVPDEQEK RRRPQSITTI ILMIKFKKY
GNM15014                        -AEEIKEIKR PQASSKEFLE RDNRKKEITQ TKIDECIAAA AAESNNEEPM LFGGGGIIII IVILDKRQRI LFLVLILQLP PSPVPDEQEK RRRPQSMTTI ILMIKFKKY
GNM14976                        -AEEVETIKR SLKRSKEFLV RDNRKKEITK TEIDECIAAA AAESHNEEPM LFGGGGIIII IVILDKRQRV LFLVIILQLP PPPVPDEQEK RRRPQSTTTI TLMIQFKRY
GNM15022                        -AEEVETIKR SLKRSKEFIV RDNRKKEITK TEIDECIAAA AAESHNEEPM LFGGGGILII IVILDKRQRV LFLVIILQLP PPPVPDEQEK RRRPQSTTTI TLMIQFKRY
GNM14995                        ---GI---KK ---H---YEM KLKRRKEIGQ TAIDSIIAAA ASESNNEEPM LFGGGGFIII ITILDHKTRV LFLVIILQLP PPPPPDDQER RRRSQSTTTI TLMIQFKKY
GNM15018                        -ADELDKLKR STNIAKNYLE EPSRKKKITE EKVEEIIAAS AAESNNEEPM LFGGGGIIII ITILDERKRV LFLTIILQLP PPPPPDPQDR RRRPQSTVTI ILMIYFKKY
GNM15000                        -ADELDKLKR STNIAKNYLE EPSRKKKITE EKVEEIIAAS AAESNNEEPM LFGGGGIIII ITILDERKRV LFLTIILQLP PPPPPDPQDR RRRPQSTVTI ILMIYFKKY
GNM15028                        -ATEVKEIKR SLTRSDDYLK RENRKKEITE TEIDECVAAA AAESNNEEPM LFGGGGIIII IVILDKRLRV LFLVIILQLP PPPIPDEQEK RRRPQSTTTI TLMIQFEKY
GNM11003                        ---------- ---------- ---------- -------AAA AAESLNEEKE ILGSGWIIII IELLKKGYIV LIFTVILQMV PSPPKKDESR RRRSRARRTI SLVIEYGIV
GNM11023                        -RT-I--YRP -S---EAY-- ---------- -------AAA AVYPSGEEPR LLGGGGPLVI IKLLSDGDKI LLLSLIFQIP PSPPPGDQDY RRRENSYYTV IVIVRYRRG
GNM11055                        ---------- ---------- ---------- -------AAA AAEPW-EEFL LL-GGFTLII VVIYYNGIRV ILRTRILQMP NEPVPEEVER RRRDRAERTK KFIIDFKKF
GNM11146                        ---------- --------MT -G------S- D-I-T--AAA TVEPENEEPF VLGAGYPYFI ILLIKKGGKL LLLILIRQDP PTPPPKNVAI KRRKRMRRTK PLIVEYEFR
GNM11219                        ---------- ---------- ---------- -------AAA AAMSDDEEPL ILGGGGVIII IRLLTEGERV ILLTLILQLP PPPVPSEQDR RRRSASKTTI ILVIAFEKY
GNM11220                        -AD----V-- -----IR--- ---------- -------AAA AAYPDDEEPV ILGGGGLIII VLLLREGRKV ILLTLILQMP PPPVPTKQER RRRPKSRRTI ILVIWYERY
GNM11222                        ---------- ---------- ---------- -------AAA AALPDDEEPK ILGGGGTIII IILLQEGKRF ILLTIILQLP PAPIPSEVDR RRRPKSRKTT TLIIDFEKY
GNM11223                        V--------- ---------- T-GVL-RV-P NSLH-SIAAA AARPDDEEPL ILGGGGPIIV IWLLREGKRV ILLTLILQMP PPPIPTEQDR RRRPSAKTTI ILVIWFKRY
GNM11358                        ---DIRK-K- K-KGA---LD INVYKESVQK DEYKSSTAAA SAYTDNEEVK ILGGGGIIII ILLLEEKERT LTLSIILQLP PPPIPLKQMR RRRPKSRITI ILTTWFPKY
GNM11360                        -ADELDELKR STNIAKNYLE EPARKKKITE ERVEEIVAAA AAESNNEEPM LFGGGGIIII ITILDERKRV LFLTIILQLP PPPTPDPQDR RRRPQSTVTI ILMIYFKKY
GNM11362                        -AKDVKKGDH SQKKSDDEVK QDEQQQQQQS GQKDAASAAA AAYPDDEEAE ILGGGGIIII ILLLASKKRA LLLSIILQLP PPPPPHQQSR RRRPSSRITV ILVIWFKKY
GNM11367                        -ADEI--IKR -N-K-KEYLQ REQRKKEITE DEIEDCIAAS AAKSNNEEPM LFGGGGIIII ILILFERKRV LFLTLILQLP PPPPPDDQDR RRRPESTVTI MLMIDFVKY
GNM11377                        -AS--RKV-- KKT-FSKTAK -GADK-R-EE TSVKENVAAA AALSDNEEPM ILGGGG-III ILLLDEKKRA LMLSILLQLP PPPPLMKQAR RRRPKSWITI IVTIWFDRY
GNM11380                        -PEPAEEAEE DEENPAEELK DEARREKISE DLIEARIAAA AAASNNEEPY LFGGGGIIII IMILDERKRV LFLTILLQLP PPPPPDPQDR RRRPKSTVTI ILLILFKKF
GNM11383                        -ANEIDEIKK SAEFPDEYLK EETRKDKMTE DKIDDIVAAA AAKSNNEEPL LFGGGGIVII IAILDEFKRA LFLVIILQQP PPPPPDAQDK RRRPESNRTI ILLIYFSKY
GNM11491                        -AEELDDLRR SSNAAKSYLN QEERVEKITD ERIEEIVAAA AAGSNNEEPM LFGGGGIIII ILILSERKRI LFLVIILQLP PPPPPDEQDR RRRPKSVVTI ILMIYFAKY
GNM11804                        ---------- ---------- ---------- -------AAA AAEPW-EEFK LL-GGFTLII VKIYYEG-RV ILRTRILQMP SQPVPAEVEK RRRDRAERTK LFIIDFKKF
GNM11805                        ---------- ---------- ---------- -------AAA AAFP--EEMI II-GGIV-II I-IL-DG-KV I--T-ILQMP --PVS-D-DR RRRSNAMKT- -FIL-FPK-
GNM12883                        -PDSSHKTKK KKIGSIKTAK -PVDKQR-KE TSVKALVAAA SSQSDNEEPV ILGGGGVIII ILLLDEKKRA LMLSTLLQLP PPPPPKKQVR RRRPKSWITV IITIWFQRY
GNM12892                        -VTVIHNPKK KASASDRLAH -DEDKER-TE TSVKLSVAAA SAASDNEEAT IFGGGGVIII ILLIDYKQRA LLLSILLQMP PPPAPVRQSR RRRPASRVTV VLTIWFQKY
GNM13061                        ---------- ---------- ----I-R--- -L-N-F-AAA AAEEDNEEPE FFGGGGPIII IKLLSRREKL LLLIVILMMP PPPPPDEQQR RRRSNSRTTV ILIVRYKHY
GNM13064                        ---------- ---------- ---------- -------AAA ASFPNDEEET IFGGGGAILI IEMLSDTKRV LLYTLLLQLP PPPTPTKQLR KRRSKSSTTV ILIVSFKRY
GNM11032                        ---------- ---------- ---------- -------ATA AGRADGEEKK FLGGGLPIVI V-LLREG-KV LILILILQLF PSPPHGEVDR KRRRLSRHT- WLIVEYPIY
GNM11363                        -AKDVKKGDH SQKKSDDEVK QDEQQQQQQS GQKDAASAAA AAYPDDEEAE ILGGGGIIII ILLLASKKRA LLLSIILQLP PPPPPHQQSR RRRPSSRITV ILVIWFKKY
GNM11375                        -ADELDELKR STKIVKNYLE EPSRKKKISE ERVEEIVAAA AAESNNEEPM LFGGGGIIII ITILDERKRV LFLTIILQLP PPPPPDPQDR RRRPQSTVTI ILMIYFKKF
GNM11381                        -ANEIDEIKK SAEFPDEYLK EETRKDKMTE DKIDDIIAAA AAKSNNEEPL LFGGGGIIII IAILDDYKRA LFLVIILQQP PPPPPDEQDK RRRPDSNRTI ILLIYFAKY
GNM11382                        -AAEIDEVKK SAEFPDEYLK EEQRKDKMTE DKVDDVIAAA AAKSNNEEPL LFGGGGIIII IAILDERKRV LFLVIILQLP PPPPPDTQDR RRRPDSTKTI ILLIFFAKY
GNM11799                        -AEEVKEIKR PQDRSTEYIK RENRKKEITE TEIDECIAAA TAESNNEEPM LFGGGGIIII IVILDKRQRM LFLVLILQLP PPPVPDEQEK RRRPQSMTTI ILMIKFKKY
GNM11841                        ---------- ---------- ---------- -------AAA AAEP--EEAA IL-GG-T-FK V-LE-DG-RV L-DT-ILQHP --PVN-E-LN RRREAAQSS- -YLI-YHK-
GNM11931                        ---------- ---------- ---------- -------AAA AAEP--EEQA IL-GGDT-FI V-LF-DD-RA V-GT-ILQYP T-PVS-D-LR RRRDAAHES- SYIV-YQK-
GNM12040                        ---------- ---------- ---------- -------AAA AAEP--EEPA IL-GGTT-FI VTLY-DGSRV I-DT-VLQYP S-PVQ-D-LK RQREASTENQ HYLV-YQK-
GNM12071                        ---------- ---------- ---------- -------AAA AAEP--EEQA IL-GGST-FI V-LY-DG-RA V-ST-VLQYP N-PVE-D-LR RRRDASREN- -YLI-YQK-
GNM12125                        ---------- ---------- ---------- -------AAA AVKPPREEPK VLGGGGVIMV IKLLKEGRRV ILTTLILQMP RPPVPDDQLV RRREISWYTI ILIIWFKRV
GNM12126                        ---------- ---------- ---------- -------AAA AVEALSEEPR LLGGGGIVII VELLDRGKKL LLTTLILQIP QPPPPKDVIK VRRSRSHRTI LLVICFKRE
GNM12128                        ---------- ---------- ---------- -------AAA AARPLNEEKE VLGAGGIIII IVLLKLGEKV LLKLLILQMP PPPPPEDQIK RRRSLARETI ILVIIYSKY
GNM12182                        ---------- ---------- ---------- -------AAA AAESLNEENE ILGSGWVIII VELLMRNYSL LIFSVILQMS PSPPRKDERR RRRSSARRTV SFIIKYSRV
GNM12342                        ---------- ---------- ---------- -------AAA SAES--EE-Y LT-GG-T-LI P-VL-KG-KK I-VK-ILQSY K-PA--E-KI RRRKQSKPT- -ILI-FCI-
GNM12346                        ---------- ---------- ---------- -------AAA AALP-SEEDL ILAGGIN-II VKVY-EGTRL I-NT-VLQMP K-PVK-K-ER RKRPQSRITS ELIA-YKR-
GNM12351                        ---------- ---------- ---------- -------AAA SALA--EEET LL-GGSD-II VQIY-EG-RV I-LT-LLQMP R-PIN-E-YK RRR-KAKNT- LFII-Y-R-
GNM12356                        ---------- ---------- ---------- -------AAA ASNS-EEE-M GTQGG-S-LL V-LY-KG-KK I-LK-ILQDF K-PA-DEIVK RKREQSKPT- -FLV-FEKN
GNM12357                        ---------- ---------- ---------- -------AAA SADS-KEE-E LTQGG-S-LL V-LL-KG-KK I-AC-LLQDP K-PL--E-NK RKRDQSKQT- -VVI-FKT-
GNM12366                        ---------- ---------- ---------- -------AAA SAES--EE-E LT-GG-S-LL V-IL-KG-KK I-LC-LLQDP K-PL--E-NK RKRDQSKPT- -VVV-FKT-
GNM12373                        ---------- ---------- ---------- -------AAA AAEP-TEE-L LLCGG-T-II V-VY-DD-RR I-FT-ILQMP G-PV--K-DK RRRVASTQT- -FVV-YKR-
GNM12385                        ---------- ---------- ---------- -------AAA AAEP--EEEL LL-GG-T-II V-IY-DD-RM I--T-ILQMP --PV--K-EK RRRPQSSKT- -YIV-YKR-
GNM12551                        ---------- ---------- ---------- -------SAA AARP--EEEK LL-GG-V-VI V-VL-DG-RV I--V-ILQMP --PV--E-EI RRREEADRT- -FVV-FGI-
GNM12554                        ---------- ---------- ---------- -------AAA AAEP--EEQI LL-GGPT-II V-IY-ND-RI I--T-ILQMP --PLT-S-EK RRRSASVRT- -FII-YRR-
GNM12592                        ---------- ---------- ---------- -------AAA AAEP--EEEL LL-GGKT-II V-IY-RG-RV I-RT-ILQMP K-PVG-R-EK RRRDLFKDT- -MVI-FSR-
GNM12596                        ---------- ---------- ---------- -------AAA AAAP--EEEI LL-GGVD-II V-IY-KE-RI I-KT-VLQMP S-PVK-D-GK RRRDAAKKT- -LVV-FGR-
GNM12602                        ---------- ---------- ---------- -------AAA AAKP--EEEI LL-GGVD-II V-IY-KG-RV I-TT-LLQMP N-PVK-E-NK RRRDAAKKT- -LIV-FGR-
GNM12665                        -IGKV--ISR -T-F-SFH-- ---------- -------AAA AAEP--EEEI LL-GGVD-II VLIY-KGGRV I-KT-VLQMP S-PVK-E-GK RRRDAANKTD LLVV-FGR-
GNM12745                        ---------- ---------- ---------- -------AAA ASKPD-EERI IL-GGQF-LL A-IN-EG-RV I-DD-ILQMN --PPSEEVKV RVRTESNKT- -YIV-FPRY
GNM12749                        ---------- ---------- ---------- -------AAA AAEP--EEQM LL-GG-T-II V-IY-DE-RV I--T-ILQMP --PI--A-EK RRRSRSTRT- -FVI-YSK-
GNM12758                        ---------- ---------- ---------- -------AAA AAKP--EEKR VL-GGAI-LL VHML-EK-RV I-KD-ILQMR --PPS-E-DR RRRKKSKDT- MLIV-FER-
GNM12763                        ---------- ---------- ---------- -------ADA ASLP--EEKI VL-GG-T-LL V-IL-KD-RV L-SK-ILQMK D-PPS-K-DV RRRDKAKNT- -LLV-FKK-
GNM12766                        ---------- ---------- ---------- -------AAA AAET-GEE-M LTSGG-T-LM V-VL-KG-KT I-KR-IMQEP I-PI-EE-EK RRRDKSKPT- -ILI-FKVE
GNM12841                        ---------- ---------- ---------- -------AAA AAEP--EERA IL-GG-T-FI V-LT-DD-RA V-ET-VLQYP K-PV--E-LH RRRDASGGN- -YLI-YQK-
GNM12849                        -ADELDELKR STNISKNYLE EPSRKKKITE ERVEEIVAAS AAESNNEEPM LFGGGGIIII ITILEEKKRV LFLTIILQLP PPPPPDPQDR RRRPQSTVTI ILMIYFKKY
GNM12869                        -ADELDNLKR STNIAKNYLE EPSRKKKITE EKVEEIIAAS AAESNNEEPM LFGGGGIIII ITILDERKRV LFLTIILQLP PPPPPDPQDR RRRPQSTVTV ILMIYFKKY
GNM12896                        -PEPVEESEE DEEKPSEELK DEARREKISE DLIEARIAAA AAASNNEEPY LFGGGGIIII IMILDERKRV LFLTILLQLP PPPPPDPQDR RRRPKSTVTI ILLILFKKF
GNM12897                        -PEPVEEVEE DEEKPTEELK DEARREKISE DLIEAQIAAA AAASNNEEPY LFGGGGVIII IMILDERKRV LFLTILLQLP PPPPPDSQDR RRRPKSTVTI ILLILFKKF
GNM12902                        ---------- ---------- ---------- -------AAA AAIP--EEMM II-GGII-II I-IL-EN-KV I-QT-ILQMP --PVF-D-DK RRRSNAINT- -FII-FPK-
GNM12903                        ---------- ---------- -----S--T- N-I-T--AAA AAEPRDEEPM VLGGGYIIFI IELLKRGKKL LLMILILQMQ PRDPPKDMLV RRRQRARETR FLIVEYETT
GNM12906                        ---------- --------VE -A---A--S- E-I-T--AAA AAEPRDEEPM VLGGGYPIFV VDLLKRGKKL LLYILIIQMQ PRDPPKDVIV RRRQRARETR FFVVEYEIS
GNM12907                        ---------- --------LE -T---T--S- N-I-T--AAA AAEPRDEEPM VLGGGYVVFI IELLKRGKKL LLLILITQMQ PTDPPRDILV RRRRQARETR LLIVEYQIA
GNM12909                        ---------- --------LE -T---S--S- N-I-T--AAA AAEPKDEEPL VKGGGYIIFI IDLLRRGKKL LLFILILQMQ PRDPPKDILV RRRRRARETR FFIIEYEIA
GNM12915                        ---------- ---------- ---------- -------AAA AAMP--EEFI LL-GG-V-II V-IY-EG-RV I-ST-ALQMP --PV--D-EI RRRPKAKPT- -FII-FEK-
GNM10046                        ---------- ---------- ---------- -------AAA AALP--EEFI LL-GG-V-II V-IY-EG-RV I-ST-ALQMP --PV--D-EI RRRPKSKPT- -FII-FPK-
GNM12938                        ---------- ---------- ---------- -------AAA AAEVLNEENE ILGSGWTIII IELLRKGFKV LIYTVILQML PSPPKQDESR RRRSRSKITK NLIIKYNIV
GNM12996                        ---------- ---------- ---------- -------AAA AAEVLNEENE ILGSGWILIV ISLLRKGFRV LSLTLILQMP PSPAQKDISR RRRNRAKRTV LFIIKYNII
GNM13018                        ---------- ---------- ---------- -------AAA AAEVLNEENE ILGSGWILIV ISLLRRGFRV LSLTLILQMP PSPAQKDISR RRRNRARRTI LFIIKYNII
GNM13027                        ---------- ---------- ---------- -------AAA AAEVLNEENE ILGSGWTVII VELLKKGFKV LVYTVILQMS PSPPKKDESR RRRNRARVTE SLIIKYNII
GNM13046                        -ATQIEEIKR SAAKVDDYLE EENRQKKISE EEIDECIAAA AAESNNEEPL LFGGGGIIII IMILDERKRA LFLIIILQLP PPPPPDEQDR RRRPQSTKTI ILMIYFKKF
GNM13053                        ---------- ---------- ---------- -------AAA SAKPDNEEPI IFKGGGIIII IKLLHEKVRA LLLSILLQLP PPPPPDPQTR RRRPSARMTV IIIIYFVKY
GNM13074                        ---------- ---------- ---------- -------AAA AALP--EEFI LL-GG-V-II V-IY-EG-RI I-ST-ALQMP --PV--D-DI RRRPKAKPT- -FII-FEK-
GNM10010                        ---------- ---------- ---------- -------AAA AAIP--EEFI LL-GG-V-II V-IY-EG-RI I-ST-ALQLP --PV--D-QI RRRPKARPT- -FIV-FEK-
GNM10014                        ---------- ---------- ---------- -------AAA AALP--EEFL LL-GG-V-II V-IY-EG-RV I-ST-ALQMP --PV--D-QI RRRPKARPT- -FII-FEK-
GNM13090                        ---------- ---------- ---------- -------AAA AALP--EEFL LL-GG-V-LI V-IY-EG-RI I-ST-ALQMP --PI--D-DI RRRPKAKPT- -FVI-FER-
GNM13118                        ---------- ---------- ---------- -------AAA AIKPEEEEPE ILGGGGVIII VKLLKEG-RL ILTIIILQLP PPPVPKQQTV RRRSLSWWT- ILIIYFERI
GNM13126                        ---------- ---------- ---------- -------AAA AALP--EE-M VI-GG-V-II I-IY-EN-KV I-ST-ILQMP K-PV--D-DK RKRPNAKAT- -FII-FKK-
GNM13128                        ---------- ---------- ---------- -------AAA AAIP--EE-T VI-GG-I-II I-IY-EN-KV I-ST-ILQMP K-PV--D-DK RRRPNAKVT- -FII-FKK-
GNM13208                        ---------- --------LT -R---P--S- E-I-T--AAA AAEPKDEEPI VLGAGYILFV ITLLKKGDRK LLLSLIIQME PQNPPKDIIV RRRSQSRETR LFIINFTVT
GNM13210                        ---------- ---------- ---------- -------AAA AAYPLDEESI VLGGGFVIMI IELLGLTYRS LLISVVLQLP EPPTAKDEAR RRRAKSRRTS VLIIKFSLY
GNM12773                        ---------- ---------- ---------- -------AAA SAKPDEEEPL ILGGGGAIII IFLVKER-RI ILLTLILQMP PPPIPTAQDR RRRSASKTTM IFVIWFEKY
GNM12768                        ---------- ---------- ---------- -------AAA AAQADDEEPI VLGGGGVIII ILLLQEG-RV ILLTVLLQMP PPPLPTEQDR RRRPASKRTM ILAIWFERY



    1    1    1    1    1    1    1    1    1    1    1    1    1    1    1
    1    1    1    1    1    1    1    1    1    1    1    1    1    1    1
    1    1    1    1    1    1    1    1    1    1    1    1    1    1    1
    1    1    1    1    1    1    1    1    1    1    1    1    1    1    1
    1    1    1    1    1    1    1    1    1    1    1    1    1    1    1
    1    1    1    1    1    1    1    1    1    1    1    1    1    1    1
    1    1    1    1    1    1    1    1    1    1    1    1    1    1    1
    1    1    1    1

AAML (in paml version 4.9h, March 2018)  tmp0056.txt
Model: Empirical,  (../wag.dat) dGamma (ncatG=4) ns = 141  ls = 109


Frequencies..
                                    A      R      N      D      C      Q      E      G      H      I      L      K      M      F      P      S      T      W      Y      V
GNM13746                       0.09722 0.05556 0.00000 0.02778 0.00000 0.05556 0.05556 0.06944 0.00000 0.09722 0.08333 0.06944 0.05556 0.02778 0.08333 0.04167 0.04167 0.00000 0.06944 0.06944
GNM13538                       0.09890 0.09890 0.01099 0.01099 0.00000 0.03297 0.07692 0.06593 0.01099 0.07692 0.12088 0.06593 0.00000 0.01099 0.15385 0.06593 0.04396 0.00000 0.02198 0.03297
GNM13671                       0.06944 0.12500 0.01389 0.05556 0.00000 0.01389 0.09722 0.06944 0.00000 0.11111 0.11111 0.04167 0.00000 0.01389 0.09722 0.01389 0.02778 0.00000 0.05556 0.08333
GNM13876                       0.08333 0.12500 0.01389 0.04167 0.00000 0.02778 0.08333 0.06944 0.00000 0.11111 0.12500 0.08333 0.00000 0.04167 0.05556 0.02778 0.02778 0.00000 0.02778 0.05556
GNM13680                       0.11321 0.07547 0.00943 0.03774 0.00000 0.01887 0.04717 0.04717 0.00943 0.09434 0.08491 0.11321 0.01887 0.00943 0.07547 0.10377 0.05660 0.01887 0.00943 0.05660
GNM14837                       0.04630 0.08333 0.02778 0.04630 0.00000 0.02778 0.12963 0.03704 0.00000 0.13889 0.08333 0.07407 0.01852 0.02778 0.09259 0.03704 0.06481 0.00000 0.02778 0.03704
GNM14249                       0.04630 0.08333 0.02778 0.05556 0.00000 0.02778 0.09259 0.03704 0.00000 0.13889 0.09259 0.08333 0.01852 0.02778 0.09259 0.04630 0.06481 0.00000 0.02778 0.03704
GNM13928                       0.04630 0.08333 0.02778 0.05556 0.00000 0.02778 0.11111 0.03704 0.00000 0.13889 0.09259 0.09259 0.01852 0.02778 0.10185 0.02778 0.04630 0.00000 0.02778 0.03704
GNM13297                       0.09890 0.09890 0.01099 0.01099 0.00000 0.03297 0.07692 0.06593 0.01099 0.07692 0.12088 0.06593 0.00000 0.01099 0.15385 0.06593 0.04396 0.00000 0.02198 0.03297
GNM14865                       0.12727 0.09091 0.01818 0.03636 0.00000 0.05455 0.09091 0.07273 0.00000 0.05455 0.09091 0.05455 0.01818 0.01818 0.05455 0.03636 0.01818 0.00000 0.07273 0.09091
GNM13455                       0.07407 0.08333 0.03704 0.04630 0.00000 0.02778 0.11111 0.03704 0.00000 0.12963 0.09259 0.07407 0.01852 0.02778 0.08333 0.02778 0.06481 0.00000 0.02778 0.03704
GNM14938                       0.07042 0.08451 0.00000 0.04225 0.00000 0.04225 0.07042 0.07042 0.00000 0.08451 0.12676 0.07042 0.01408 0.02817 0.08451 0.02817 0.05634 0.00000 0.04225 0.08451
GNM14483                       0.11688 0.07792 0.00000 0.03896 0.00000 0.03896 0.09091 0.06494 0.01299 0.11688 0.07792 0.07792 0.01299 0.02597 0.09091 0.06494 0.06494 0.00000 0.00000 0.02597
GNM14872                       0.11111 0.08081 0.02020 0.05051 0.00000 0.02020 0.05051 0.04040 0.00000 0.09091 0.11111 0.11111 0.03030 0.02020 0.07071 0.06061 0.05051 0.02020 0.01010 0.05051
GNM13855                       0.04000 0.08000 0.04000 0.03000 0.00000 0.02000 0.09000 0.05000 0.00000 0.14000 0.10000 0.10000 0.01000 0.02000 0.06000 0.07000 0.09000 0.01000 0.03000 0.02000
GNM14445                       0.08434 0.08434 0.01205 0.03614 0.00000 0.02410 0.04819 0.04819 0.02410 0.10843 0.13253 0.09639 0.00000 0.02410 0.09639 0.10843 0.02410 0.00000 0.01205 0.03614
GNM14404                       0.06250 0.06250 0.00000 0.02500 0.00000 0.02500 0.06250 0.07500 0.00000 0.13750 0.12500 0.08750 0.01250 0.02500 0.11250 0.03750 0.03750 0.01250 0.06250 0.03750
GNM14545                       0.06250 0.06250 0.00000 0.02500 0.00000 0.02500 0.06250 0.07500 0.00000 0.13750 0.12500 0.08750 0.01250 0.02500 0.11250 0.03750 0.03750 0.01250 0.06250 0.03750
GNM14366                       0.08333 0.08333 0.02778 0.08333 0.00000 0.03704 0.10185 0.03704 0.00000 0.14815 0.08333 0.07407 0.00926 0.03704 0.09259 0.03704 0.02778 0.00000 0.02778 0.00926
GNM14252                       0.05556 0.08333 0.03704 0.04630 0.00000 0.02778 0.10185 0.03704 0.00000 0.12963 0.09259 0.08333 0.01852 0.02778 0.09259 0.03704 0.06481 0.00000 0.02778 0.03704
GNM13760                       0.05556 0.08333 0.03704 0.04630 0.00000 0.02778 0.11111 0.03704 0.00000 0.12963 0.09259 0.08333 0.01852 0.03704 0.09259 0.03704 0.04630 0.00000 0.01852 0.04630
GNM13982                       0.04630 0.08333 0.02778 0.06481 0.00926 0.03704 0.12963 0.03704 0.00000 0.12963 0.09259 0.07407 0.02778 0.03704 0.08333 0.03704 0.03704 0.00000 0.01852 0.02778
GNM13960                       0.05556 0.09259 0.01852 0.03704 0.00926 0.04630 0.12037 0.03704 0.00926 0.12037 0.09259 0.07407 0.01852 0.03704 0.06481 0.03704 0.06481 0.00000 0.00926 0.05556
GNM14633                       0.04630 0.07407 0.02778 0.04630 0.00926 0.03704 0.13889 0.04630 0.00000 0.12963 0.09259 0.08333 0.02778 0.03704 0.08333 0.03704 0.03704 0.00000 0.01852 0.02778
GNM14853                       0.04630 0.07407 0.02778 0.04630 0.00926 0.03704 0.13889 0.04630 0.00000 0.12963 0.09259 0.08333 0.02778 0.03704 0.08333 0.03704 0.03704 0.00000 0.01852 0.02778
GNM14138                       0.09375 0.09375 0.01563 0.03125 0.00000 0.03125 0.09375 0.04688 0.00000 0.17187 0.10937 0.01563 0.03125 0.01563 0.07812 0.03125 0.06250 0.01563 0.01563 0.04688
GNM14748                       0.04630 0.06481 0.02778 0.04630 0.00000 0.03704 0.12963 0.03704 0.00000 0.12963 0.09259 0.07407 0.01852 0.02778 0.09259 0.05556 0.05556 0.00000 0.02778 0.03704
GNM14246                       0.10909 0.05455 0.00000 0.05455 0.00000 0.03636 0.07273 0.05455 0.00000 0.14545 0.14545 0.03636 0.01818 0.00000 0.10909 0.05455 0.03636 0.01818 0.01818 0.03636
GNM14640                       0.08333 0.08333 0.00000 0.04167 0.00000 0.04167 0.06944 0.05556 0.00000 0.15278 0.13889 0.05556 0.01389 0.01389 0.12500 0.01389 0.05556 0.01389 0.01389 0.02778
GNM14965                       0.11321 0.08491 0.01887 0.04717 0.00000 0.03774 0.04717 0.03774 0.01887 0.07547 0.09434 0.06604 0.00943 0.01887 0.05660 0.08491 0.07547 0.00943 0.01887 0.08491
GNM13677                       0.08333 0.12500 0.01389 0.04167 0.00000 0.02778 0.08333 0.06944 0.00000 0.11111 0.12500 0.08333 0.00000 0.04167 0.05556 0.02778 0.02778 0.00000 0.02778 0.05556
GNM14339                       0.08696 0.08696 0.00000 0.02899 0.00000 0.04348 0.05797 0.07246 0.00000 0.11594 0.15942 0.05797 0.00000 0.02899 0.08696 0.01449 0.07246 0.00000 0.02899 0.05797
GNM14593                       0.06944 0.11111 0.00000 0.05556 0.00000 0.02778 0.08333 0.06944 0.00000 0.11111 0.13889 0.08333 0.00000 0.01389 0.09722 0.01389 0.02778 0.00000 0.04167 0.05556
GNM13825                       0.07042 0.09859 0.00000 0.04225 0.00000 0.04225 0.07042 0.07042 0.00000 0.08451 0.14085 0.05634 0.00000 0.02817 0.07042 0.01408 0.07042 0.00000 0.04225 0.09859
GNM14768                       0.09722 0.12500 0.00000 0.05556 0.00000 0.01389 0.06944 0.05556 0.01389 0.11111 0.11111 0.06944 0.00000 0.02778 0.12500 0.02778 0.01389 0.00000 0.02778 0.05556
GNM14776                       0.09722 0.11111 0.01389 0.04167 0.00000 0.01389 0.06944 0.05556 0.00000 0.11111 0.11111 0.08333 0.00000 0.02778 0.12500 0.02778 0.01389 0.00000 0.04167 0.05556
GNM14639                       0.06944 0.09722 0.02778 0.04167 0.00000 0.02778 0.08333 0.05556 0.00000 0.12500 0.15278 0.05556 0.00000 0.05556 0.09722 0.04167 0.02778 0.00000 0.01389 0.02778
GNM13795                       0.05556 0.07407 0.03704 0.04630 0.00000 0.02778 0.12963 0.03704 0.00000 0.12963 0.09259 0.07407 0.01852 0.02778 0.08333 0.04630 0.05556 0.00000 0.02778 0.03704
GNM14166                       0.08333 0.08333 0.01852 0.05556 0.00000 0.01852 0.14815 0.03704 0.00000 0.12037 0.11111 0.06481 0.00926 0.03704 0.11111 0.02778 0.02778 0.00000 0.00926 0.03704
GNM13993                       0.06944 0.06944 0.01389 0.02778 0.00000 0.02778 0.05556 0.05556 0.00000 0.08333 0.15278 0.06944 0.01389 0.04167 0.08333 0.06944 0.09722 0.00000 0.02778 0.04167
GNM14450                       0.05556 0.06481 0.05556 0.00926 0.00000 0.02778 0.11111 0.02778 0.00926 0.12963 0.10185 0.06481 0.00926 0.00926 0.05556 0.11111 0.07407 0.00926 0.00926 0.06481
GNM13515                       0.05660 0.08491 0.04717 0.05660 0.00943 0.03774 0.09434 0.03774 0.00000 0.12264 0.08491 0.07547 0.02830 0.04717 0.08491 0.03774 0.04717 0.00000 0.00943 0.03774
GNM13745                       0.09333 0.06667 0.04000 0.00000 0.00000 0.02667 0.06667 0.06667 0.01333 0.14667 0.08000 0.12000 0.00000 0.02667 0.09333 0.09333 0.01333 0.00000 0.01333 0.04000
GNM14030                       0.10145 0.05797 0.01449 0.02899 0.00000 0.02899 0.05797 0.05797 0.00000 0.10145 0.13043 0.07246 0.00000 0.04348 0.11594 0.08696 0.04348 0.00000 0.01449 0.04348
GNM14959                       0.10465 0.08140 0.04651 0.03488 0.00000 0.04651 0.05814 0.04651 0.01163 0.10465 0.12791 0.08140 0.02326 0.01163 0.08140 0.02326 0.04651 0.00000 0.02326 0.04651
GNM13413                       0.07042 0.12676 0.00000 0.02817 0.00000 0.01408 0.07042 0.08451 0.00000 0.07042 0.09859 0.02817 0.04225 0.02817 0.07042 0.07042 0.02817 0.00000 0.02817 0.14085
GNM14971                       0.05747 0.09195 0.02299 0.03448 0.01149 0.04598 0.09195 0.04598 0.01149 0.11494 0.09195 0.08046 0.02299 0.03448 0.08046 0.02299 0.05747 0.00000 0.01149 0.06897
GNM14990                       0.04630 0.09259 0.01852 0.03704 0.00926 0.03704 0.10185 0.03704 0.00926 0.12037 0.09259 0.10185 0.01852 0.03704 0.06481 0.04630 0.06481 0.00000 0.00926 0.05556
GNM15005                       0.05556 0.09259 0.01852 0.03704 0.00926 0.03704 0.11111 0.03704 0.00926 0.12963 0.09259 0.08333 0.01852 0.03704 0.06481 0.03704 0.07407 0.00000 0.00926 0.04630
GNM14992                       0.05556 0.07407 0.03704 0.04630 0.00926 0.04630 0.12037 0.03704 0.00000 0.15741 0.08333 0.09259 0.01852 0.02778 0.07407 0.02778 0.02778 0.00000 0.01852 0.04630
GNM15014                       0.06481 0.07407 0.02778 0.03704 0.00926 0.05556 0.11111 0.03704 0.00000 0.14815 0.08333 0.10185 0.02778 0.03704 0.06481 0.04630 0.03704 0.00000 0.00926 0.02778
GNM14976                       0.05556 0.09259 0.01852 0.03704 0.00926 0.04630 0.11111 0.03704 0.00926 0.12963 0.08333 0.08333 0.01852 0.03704 0.06481 0.03704 0.06481 0.00000 0.00926 0.05556
GNM15022                       0.05556 0.09259 0.01852 0.03704 0.00926 0.04630 0.11111 0.03704 0.00926 0.12963 0.08333 0.08333 0.01852 0.03704 0.06481 0.03704 0.06481 0.00000 0.00926 0.05556
GNM14995                       0.05155 0.07216 0.02062 0.04124 0.00000 0.05155 0.06186 0.06186 0.02062 0.14433 0.08247 0.08247 0.03093 0.04124 0.07216 0.05155 0.07216 0.00000 0.02062 0.02062
GNM15018                       0.05556 0.07407 0.03704 0.04630 0.00000 0.02778 0.10185 0.03704 0.00000 0.13889 0.09259 0.09259 0.01852 0.02778 0.09259 0.04630 0.05556 0.00000 0.02778 0.02778
GNM15000                       0.05556 0.07407 0.03704 0.04630 0.00000 0.02778 0.10185 0.03704 0.00000 0.13889 0.09259 0.09259 0.01852 0.02778 0.09259 0.04630 0.05556 0.00000 0.02778 0.02778
GNM15028                       0.05556 0.08333 0.02778 0.04630 0.00926 0.03704 0.12037 0.03704 0.00000 0.12963 0.09259 0.07407 0.01852 0.02778 0.06481 0.03704 0.07407 0.00000 0.01852 0.04630
GNM11003                       0.08333 0.09722 0.01389 0.01389 0.00000 0.01389 0.09722 0.05556 0.00000 0.16667 0.09722 0.06944 0.01389 0.01389 0.04167 0.08333 0.02778 0.01389 0.02778 0.06944
GNM11023                       0.06098 0.10976 0.01220 0.04878 0.00000 0.02439 0.04878 0.09756 0.00000 0.09756 0.10976 0.02439 0.00000 0.01220 0.10976 0.07317 0.02439 0.00000 0.08537 0.06098
GNM11055                       0.08571 0.12857 0.02857 0.02857 0.00000 0.01429 0.11429 0.04286 0.00000 0.11429 0.08571 0.05714 0.01429 0.07143 0.05714 0.00000 0.04286 0.01429 0.02857 0.07143
GNM11146                       0.06329 0.08861 0.02532 0.02532 0.00000 0.01266 0.07595 0.06329 0.00000 0.10127 0.11392 0.08861 0.02532 0.03797 0.11392 0.01266 0.06329 0.00000 0.03797 0.05063
GNM11219                       0.09722 0.08333 0.00000 0.04167 0.00000 0.02778 0.08333 0.06944 0.00000 0.13889 0.13889 0.02778 0.01389 0.01389 0.08333 0.05556 0.05556 0.00000 0.01389 0.05556
GNM11220                       0.07792 0.12987 0.00000 0.03896 0.00000 0.02597 0.06494 0.06494 0.00000 0.12987 0.12987 0.03896 0.01299 0.00000 0.10390 0.01299 0.03896 0.01299 0.03896 0.07792
GNM11222                       0.08333 0.08333 0.00000 0.05556 0.00000 0.02778 0.06944 0.06944 0.00000 0.16667 0.12500 0.06944 0.00000 0.02778 0.09722 0.02778 0.06944 0.00000 0.01389 0.01389
GNM11223                       0.06977 0.10465 0.01163 0.03488 0.00000 0.02326 0.04651 0.06977 0.01163 0.12791 0.12791 0.03488 0.01163 0.01163 0.11628 0.03488 0.05814 0.02326 0.01163 0.06977
GNM11358                       0.05000 0.07000 0.02000 0.04000 0.00000 0.03000 0.07000 0.05000 0.00000 0.14000 0.11000 0.12000 0.01000 0.01000 0.07000 0.06000 0.07000 0.01000 0.04000 0.03000
GNM11360                       0.07407 0.08333 0.03704 0.04630 0.00000 0.02778 0.11111 0.03704 0.00000 0.12963 0.09259 0.07407 0.01852 0.02778 0.08333 0.02778 0.06481 0.00000 0.02778 0.03704
GNM11362                       0.10185 0.05556 0.00000 0.07407 0.00000 0.11111 0.04630 0.05556 0.01852 0.10185 0.09259 0.10185 0.00000 0.00926 0.07407 0.08333 0.00926 0.00926 0.01852 0.03704
GNM11367                       0.04854 0.08738 0.02913 0.06796 0.00971 0.03883 0.10680 0.03883 0.00000 0.13592 0.09709 0.07767 0.02913 0.03883 0.07767 0.02913 0.03883 0.00000 0.01942 0.02913
GNM11377                       0.10101 0.08081 0.02020 0.04040 0.00000 0.02020 0.06061 0.05051 0.00000 0.10101 0.11111 0.11111 0.03030 0.02020 0.07071 0.06061 0.05051 0.02020 0.01010 0.04040
GNM11380                       0.10185 0.08333 0.02778 0.05556 0.00000 0.01852 0.14815 0.03704 0.00000 0.12037 0.11111 0.05556 0.00926 0.03704 0.11111 0.02778 0.02778 0.00000 0.00926 0.01852
GNM11383                       0.09259 0.05556 0.03704 0.08333 0.00000 0.02778 0.10185 0.03704 0.00000 0.12963 0.08333 0.09259 0.00926 0.04630 0.08333 0.03704 0.02778 0.00000 0.02778 0.02778
GNM11491                       0.08333 0.09259 0.03704 0.04630 0.00000 0.02778 0.11111 0.04630 0.00000 0.13889 0.10185 0.04630 0.01852 0.02778 0.07407 0.05556 0.01852 0.00000 0.02778 0.04630
GNM11804                       0.10145 0.11594 0.00000 0.02899 0.00000 0.02899 0.10145 0.04348 0.00000 0.10145 0.08696 0.08696 0.01449 0.07246 0.05797 0.01449 0.04348 0.01449 0.02899 0.05797
GNM11805                       0.11111 0.07407 0.01852 0.05556 0.00000 0.01852 0.03704 0.05556 0.00000 0.20370 0.05556 0.05556 0.05556 0.05556 0.07407 0.03704 0.03704 0.00000 0.00000 0.05556
GNM12883                       0.05660 0.06604 0.00943 0.03774 0.00000 0.04717 0.03774 0.04717 0.00943 0.10377 0.09434 0.14151 0.00943 0.00943 0.09434 0.08491 0.05660 0.01887 0.00943 0.06604
GNM12892                       0.11321 0.08491 0.01887 0.04717 0.00000 0.03774 0.04717 0.03774 0.01887 0.08491 0.09434 0.06604 0.00943 0.01887 0.06604 0.08491 0.05660 0.00943 0.01887 0.08491
GNM13061                       0.06494 0.11688 0.03896 0.02597 0.00000 0.02597 0.09091 0.05195 0.01299 0.11688 0.11688 0.03896 0.02597 0.03896 0.10390 0.03896 0.02597 0.00000 0.02597 0.03896
GNM13064                       0.06944 0.06944 0.01389 0.02778 0.00000 0.02778 0.05556 0.05556 0.00000 0.08333 0.13889 0.06944 0.01389 0.04167 0.08333 0.08333 0.09722 0.00000 0.02778 0.04167
GNM11032                       0.05797 0.10145 0.00000 0.02899 0.00000 0.01449 0.07246 0.10145 0.02899 0.10145 0.15942 0.05797 0.00000 0.02899 0.07246 0.02899 0.02899 0.01449 0.02899 0.07246
GNM11363                       0.10185 0.05556 0.00000 0.07407 0.00000 0.11111 0.04630 0.05556 0.01852 0.10185 0.09259 0.10185 0.00000 0.00926 0.07407 0.08333 0.00926 0.00926 0.01852 0.03704
GNM11375                       0.05556 0.08333 0.02778 0.04630 0.00000 0.02778 0.11111 0.03704 0.00000 0.12963 0.09259 0.08333 0.01852 0.03704 0.09259 0.04630 0.04630 0.00000 0.01852 0.04630
GNM11381                       0.09259 0.05556 0.03704 0.10185 0.00000 0.02778 0.09259 0.03704 0.00000 0.14815 0.08333 0.09259 0.00926 0.03704 0.08333 0.02778 0.02778 0.00000 0.03704 0.00926
GNM11382                       0.09259 0.06481 0.01852 0.09259 0.00000 0.02778 0.09259 0.03704 0.00000 0.12037 0.09259 0.09259 0.00926 0.04630 0.08333 0.02778 0.03704 0.00000 0.01852 0.04630
GNM11799                       0.04630 0.08333 0.02778 0.03704 0.00926 0.04630 0.12963 0.03704 0.00000 0.13889 0.07407 0.09259 0.03704 0.02778 0.07407 0.02778 0.05556 0.00000 0.01852 0.03704
GNM11841                       0.16667 0.07407 0.03704 0.03704 0.00000 0.03704 0.11111 0.05556 0.03704 0.05556 0.11111 0.03704 0.00000 0.01852 0.05556 0.03704 0.03704 0.00000 0.03704 0.05556
GNM11931                       0.15789 0.08772 0.00000 0.08772 0.00000 0.05263 0.07018 0.05263 0.01754 0.07018 0.07018 0.01754 0.00000 0.03509 0.05263 0.05263 0.05263 0.00000 0.05263 0.07018
GNM12040                       0.11667 0.05000 0.01667 0.05000 0.00000 0.08333 0.08333 0.05000 0.01667 0.05000 0.08333 0.03333 0.00000 0.01667 0.06667 0.05000 0.08333 0.00000 0.06667 0.08333
GNM12071                       0.14286 0.10714 0.03571 0.05357 0.00000 0.05357 0.08929 0.05357 0.00000 0.05357 0.08929 0.01786 0.00000 0.01786 0.05357 0.05357 0.03571 0.00000 0.07143 0.07143
GNM12125                       0.05556 0.11111 0.00000 0.02778 0.00000 0.02778 0.05556 0.06944 0.00000 0.12500 0.11111 0.06944 0.02778 0.01389 0.09722 0.01389 0.04167 0.02778 0.01389 0.11111
GNM12126                       0.06944 0.09722 0.00000 0.02778 0.01389 0.02778 0.06944 0.06944 0.01389 0.11111 0.16667 0.06944 0.00000 0.01389 0.08333 0.04167 0.04167 0.00000 0.00000 0.08333
GNM12128                       0.09722 0.06944 0.01389 0.01389 0.00000 0.02778 0.08333 0.05556 0.00000 0.15278 0.16667 0.08333 0.01389 0.00000 0.09722 0.02778 0.01389 0.00000 0.02778 0.05556
GNM12182                       0.08333 0.13889 0.04167 0.01389 0.00000 0.01389 0.08333 0.02778 0.00000 0.11111 0.09722 0.02778 0.02778 0.02778 0.04167 0.13889 0.01389 0.01389 0.02778 0.06944
GNM12342                       0.09434 0.05660 0.00000 0.00000 0.01887 0.03774 0.07547 0.05660 0.00000 0.13208 0.09434 0.15094 0.00000 0.01887 0.05660 0.07547 0.05660 0.00000 0.03774 0.03774
GNM12346                       0.11290 0.09677 0.03226 0.01613 0.00000 0.03226 0.08065 0.04839 0.00000 0.11290 0.09677 0.09677 0.01613 0.00000 0.06452 0.04839 0.04839 0.00000 0.03226 0.06452
GNM12351                       0.10714 0.10714 0.03571 0.01786 0.00000 0.03571 0.08929 0.05357 0.00000 0.12500 0.12500 0.05357 0.01786 0.01786 0.03571 0.03571 0.05357 0.00000 0.05357 0.03571
GNM12356                       0.08621 0.03448 0.03448 0.03448 0.00000 0.05172 0.10345 0.06897 0.00000 0.05172 0.10345 0.15517 0.01724 0.05172 0.03448 0.06897 0.03448 0.00000 0.01724 0.05172
GNM12357                       0.09091 0.03636 0.01818 0.05455 0.01818 0.07273 0.07273 0.05455 0.00000 0.03636 0.14545 0.16364 0.00000 0.01818 0.03636 0.07273 0.05455 0.00000 0.00000 0.05455
GNM12366                       0.07547 0.03774 0.01887 0.03774 0.01887 0.03774 0.09434 0.05660 0.00000 0.03774 0.15094 0.15094 0.00000 0.01887 0.05660 0.07547 0.05660 0.00000 0.00000 0.07547
GNM12373                       0.10909 0.10909 0.00000 0.05455 0.01818 0.03636 0.05455 0.05455 0.00000 0.07273 0.07273 0.05455 0.01818 0.03636 0.05455 0.01818 0.09091 0.00000 0.03636 0.10909
GNM12385                       0.09615 0.09615 0.00000 0.03846 0.00000 0.03846 0.09615 0.03846 0.00000 0.11538 0.07692 0.07692 0.03846 0.00000 0.07692 0.03846 0.05769 0.00000 0.05769 0.05769
GNM12551                       0.09615 0.11538 0.00000 0.03846 0.00000 0.01923 0.13462 0.07692 0.00000 0.09615 0.07692 0.01923 0.01923 0.03846 0.05769 0.01923 0.01923 0.00000 0.00000 0.17308
GNM12554                       0.11111 0.12963 0.01852 0.01852 0.00000 0.03704 0.07407 0.03704 0.00000 0.16667 0.07407 0.01852 0.01852 0.01852 0.07407 0.05556 0.07407 0.00000 0.03704 0.03704
GNM12592                       0.08929 0.14286 0.00000 0.03571 0.00000 0.01786 0.08929 0.07143 0.00000 0.10714 0.08929 0.07143 0.03571 0.03571 0.05357 0.01786 0.05357 0.00000 0.01786 0.07143
GNM12596                       0.14286 0.08929 0.00000 0.05357 0.00000 0.01786 0.07143 0.07143 0.00000 0.10714 0.07143 0.10714 0.01786 0.01786 0.05357 0.01786 0.03571 0.00000 0.01786 0.10714
GNM12602                       0.12500 0.08929 0.03571 0.03571 0.00000 0.01786 0.07143 0.07143 0.00000 0.10714 0.08929 0.10714 0.01786 0.01786 0.05357 0.00000 0.05357 0.00000 0.01786 0.08929
GNM12665                       0.09722 0.08333 0.01389 0.04167 0.00000 0.01389 0.06944 0.09722 0.01389 0.09722 0.08333 0.08333 0.01389 0.04167 0.04167 0.04167 0.04167 0.00000 0.01389 0.11111
GNM12745                       0.08475 0.08475 0.05085 0.05085 0.00000 0.03390 0.10169 0.05085 0.00000 0.10169 0.06780 0.05085 0.01695 0.03390 0.06780 0.05085 0.03390 0.00000 0.03390 0.08475
GNM12749                       0.11538 0.11538 0.00000 0.01923 0.00000 0.03846 0.09615 0.03846 0.00000 0.13462 0.05769 0.03846 0.03846 0.01923 0.05769 0.05769 0.07692 0.00000 0.03846 0.05769
GNM12758                       0.10526 0.14035 0.00000 0.05263 0.00000 0.01754 0.08772 0.03509 0.01754 0.07018 0.10526 0.12281 0.05263 0.01754 0.05263 0.03509 0.01754 0.00000 0.00000 0.07018
GNM12763                       0.07273 0.07273 0.01818 0.09091 0.00000 0.01818 0.03636 0.03636 0.00000 0.05455 0.16364 0.16364 0.01818 0.01818 0.05455 0.05455 0.03636 0.00000 0.00000 0.09091
GNM12766                       0.08772 0.07018 0.00000 0.01754 0.00000 0.01754 0.14035 0.07018 0.00000 0.10526 0.07018 0.12281 0.05263 0.01754 0.05263 0.03509 0.08772 0.00000 0.00000 0.05263
GNM12841                       0.14815 0.09259 0.01852 0.05556 0.00000 0.03704 0.09259 0.07407 0.01852 0.05556 0.09259 0.03704 0.00000 0.01852 0.05556 0.01852 0.05556 0.00000 0.05556 0.07407
GNM12849                       0.04630 0.07407 0.03704 0.03704 0.00000 0.02778 0.12037 0.03704 0.00000 0.12963 0.09259 0.08333 0.01852 0.02778 0.09259 0.05556 0.05556 0.00000 0.02778 0.03704
GNM12869                       0.05556 0.07407 0.04630 0.04630 0.00000 0.02778 0.10185 0.03704 0.00000 0.12963 0.09259 0.08333 0.01852 0.02778 0.09259 0.04630 0.05556 0.00000 0.02778 0.03704
GNM12896                       0.07407 0.08333 0.01852 0.05556 0.00000 0.01852 0.14815 0.03704 0.00000 0.12037 0.11111 0.06481 0.00926 0.03704 0.11111 0.04630 0.02778 0.00000 0.00926 0.02778
GNM12897                       0.07407 0.07407 0.01852 0.05556 0.00000 0.02778 0.14815 0.03704 0.00000 0.11111 0.11111 0.06481 0.00926 0.03704 0.10185 0.03704 0.03704 0.00000 0.00926 0.04630
GNM12902                       0.10909 0.05455 0.05455 0.03636 0.00000 0.03636 0.05455 0.03636 0.00000 0.25455 0.03636 0.05455 0.05455 0.05455 0.07273 0.01818 0.03636 0.00000 0.00000 0.03636
GNM12903                       0.07792 0.11688 0.01299 0.03896 0.00000 0.03896 0.09091 0.05195 0.00000 0.10390 0.12987 0.05195 0.05195 0.02597 0.06494 0.01299 0.06494 0.00000 0.02597 0.03896
GNM12906                       0.10000 0.11250 0.00000 0.05000 0.00000 0.03750 0.10000 0.05000 0.00000 0.08750 0.08750 0.05000 0.02500 0.03750 0.07500 0.02500 0.02500 0.00000 0.03750 0.10000
GNM12907                       0.08750 0.11250 0.01250 0.03750 0.00000 0.05000 0.08750 0.05000 0.00000 0.10000 0.15000 0.03750 0.02500 0.01250 0.06250 0.01250 0.07500 0.00000 0.02500 0.06250
GNM12909                       0.08750 0.12500 0.01250 0.05000 0.00000 0.02500 0.08750 0.05000 0.00000 0.13750 0.12500 0.06250 0.01250 0.05000 0.06250 0.02500 0.03750 0.00000 0.02500 0.02500
GNM12915                       0.13208 0.07547 0.00000 0.01887 0.00000 0.01887 0.09434 0.05660 0.00000 0.15094 0.05660 0.05660 0.03774 0.05660 0.09434 0.01887 0.03774 0.00000 0.01887 0.07547
GNM10046                       0.11321 0.07547 0.00000 0.01887 0.00000 0.01887 0.07547 0.05660 0.00000 0.15094 0.07547 0.05660 0.01887 0.05660 0.11321 0.03774 0.03774 0.00000 0.01887 0.07547
GNM12938                       0.06944 0.08333 0.05556 0.01389 0.00000 0.02778 0.08333 0.04167 0.00000 0.15278 0.11111 0.08333 0.01389 0.01389 0.04167 0.06944 0.04167 0.01389 0.02778 0.05556
GNM12996                       0.09722 0.11111 0.05556 0.01389 0.00000 0.02778 0.05556 0.04167 0.00000 0.13889 0.13889 0.05556 0.01389 0.02778 0.04167 0.06944 0.02778 0.01389 0.01389 0.05556
GNM13018                       0.09722 0.13889 0.05556 0.01389 0.00000 0.02778 0.05556 0.04167 0.00000 0.15278 0.13889 0.02778 0.01389 0.02778 0.04167 0.06944 0.02778 0.01389 0.01389 0.04167
GNM13027                       0.08333 0.08333 0.05556 0.01389 0.00000 0.01389 0.09722 0.04167 0.00000 0.11111 0.09722 0.08333 0.01389 0.01389 0.04167 0.06944 0.04167 0.01389 0.02778 0.09722
GNM13046                       0.08333 0.07407 0.02778 0.05556 0.00926 0.04630 0.12963 0.03704 0.00000 0.15741 0.08333 0.07407 0.01852 0.03704 0.07407 0.03704 0.02778 0.00000 0.01852 0.00926
GNM13053                       0.08333 0.08333 0.01389 0.02778 0.00000 0.02778 0.04167 0.04167 0.01389 0.16667 0.11111 0.06944 0.01389 0.02778 0.13889 0.04167 0.02778 0.00000 0.02778 0.04167
GNM13074                       0.13208 0.07547 0.00000 0.03774 0.00000 0.01887 0.07547 0.05660 0.00000 0.16981 0.07547 0.05660 0.01887 0.05660 0.09434 0.01887 0.03774 0.00000 0.01887 0.05660
GNM10010                       0.13208 0.09434 0.00000 0.01887 0.00000 0.03774 0.07547 0.05660 0.00000 0.16981 0.07547 0.03774 0.00000 0.05660 0.09434 0.01887 0.03774 0.00000 0.01887 0.07547
GNM10014                       0.13208 0.09434 0.00000 0.01887 0.00000 0.03774 0.07547 0.05660 0.00000 0.13208 0.09434 0.03774 0.01887 0.05660 0.09434 0.01887 0.03774 0.00000 0.01887 0.07547
GNM13090                       0.13208 0.09434 0.00000 0.03774 0.00000 0.01887 0.07547 0.05660 0.00000 0.13208 0.11321 0.03774 0.01887 0.05660 0.09434 0.01887 0.03774 0.00000 0.01887 0.05660
GNM13118                       0.05714 0.07143 0.00000 0.00000 0.00000 0.04286 0.10000 0.07143 0.00000 0.18571 0.12857 0.05714 0.00000 0.01429 0.10000 0.02857 0.04286 0.02857 0.01429 0.05714
GNM13126                       0.13208 0.03774 0.03774 0.03774 0.00000 0.01887 0.05660 0.03774 0.00000 0.16981 0.03774 0.13208 0.03774 0.03774 0.07547 0.01887 0.03774 0.00000 0.01887 0.07547
GNM13128                       0.11321 0.05660 0.03774 0.03774 0.00000 0.01887 0.05660 0.03774 0.00000 0.20755 0.01887 0.11321 0.01887 0.03774 0.07547 0.01887 0.05660 0.00000 0.01887 0.07547
GNM13208                       0.07500 0.08750 0.02500 0.03750 0.00000 0.03750 0.07500 0.03750 0.00000 0.12500 0.12500 0.06250 0.01250 0.03750 0.07500 0.05000 0.07500 0.00000 0.01250 0.05000
GNM13210                       0.11111 0.09722 0.00000 0.02778 0.00000 0.01389 0.06944 0.05556 0.00000 0.09722 0.15278 0.04167 0.01389 0.02778 0.05556 0.08333 0.04167 0.00000 0.04167 0.06944
GNM12773                       0.09859 0.08451 0.00000 0.02817 0.00000 0.02817 0.07042 0.05634 0.00000 0.15493 0.09859 0.05634 0.02817 0.04225 0.09859 0.04225 0.05634 0.01408 0.01408 0.02817
GNM12768                       0.11268 0.09859 0.00000 0.04225 0.00000 0.05634 0.07042 0.07042 0.00000 0.11268 0.14085 0.01408 0.02817 0.01408 0.09859 0.01408 0.04225 0.01408 0.01408 0.05634

Homogeneity statistic: X2 = 26.69498 G = 25.95366 

Average                        0.08100 0.08589 0.02045 0.04150 0.00183 0.03303 0.08912 0.04989 0.00349 0.12119 0.10258 0.07488 0.01643 0.02866 0.08082 0.04439 0.04683 0.00332 0.02350 0.05120
(Ambiguity characters are used to calculate freqs.)


# constant sites:      2 (1.83%)

TREE #  1:  (((((((46, 139), (59, 90)), 91), 92), (((126, 127), (93, 58)), (125, 128))), ((((((120, 119), 122), 121), 138), (61, 45)), 135)), (((((((((((((((((((48, 49), 47), (53, 23)), 52), 57), ((50, 51), 85)), 54), (((69, 22), (25, 24)), 42)), ((((((56, 55), 115), (20, 7)), (((27, 38), (8, 6)), (82, 21))), ((11, 67), 114)), 73)), 129), (((83, 72), 19), 84)), (((116, 71), 117), 39)), ((((5, 76), (70, 14)), (30, 77)), (15, 66))), 41), (81, 68)), (((((40, 79), 44), 43), (16, 130)), 13)), (((1, 78), (9, 2)), 37)), ((((35, 36), (3, 33)), (4, 31)), ((12, 34), (32, 80)))), (((((((26, 29), 28), 140), 65), 62), (64, 141)), ((18, 17), 63))), (((((((((((107, 105), 106), 96), 104), 95), (((103, 101), 109), 100)), ((((88, 10), 89), (86, 113)), 87)), (60, 74)), ((137, 136), (75, 118))), ((((((99, 98), 97), 112), 94), ((108, 110), 111)), 102)), ((((132, 133), 134), 131), (123, 124))));   MP score: -1
lnL(ntime:279  np:280):  -9164.095659      +0.000000
 142..143 143..144 144..145 145..146 146..147 147..148 148..46  148..139 147..149 149..59  149..90  146..91  145..92  144..150 150..151 151..152 152..126 152..127 151..153 153..93  153..58  150..154 154..125 154..128 143..155 155..156 156..157 157..158 158..159 159..160 160..120 160..119 159..122 158..121 157..138 156..161 161..61  161..45  155..135 142..162 162..163 163..164 164..165 165..166 166..167 167..168 168..169 169..170 170..171 171..172 172..173 173..174 174..175 175..176 176..177 177..178 178..179 179..180 180..48  180..49  179..47  178..181 181..53  181..23  177..52  176..57  175..182 182..183 183..50  183..51  182..85  174..54  173..184 184..185 185..186 186..69  186..22  185..187 187..25  187..24  184..42  172..188 188..189 189..190 190..191 191..192 192..193 193..56  193..55  192..115 191..194 194..20  194..7   190..195 195..196 196..197 197..27  197..38  196..198 198..8   198..6   195..199 199..82  199..21  189..200 200..201 201..11  201..67  200..114 188..73  171..129 170..202 202..203 203..204 204..83  204..72  203..19  202..84  169..205 205..206 206..207 207..116 207..71  206..117 205..39  168..208 208..209 209..210 210..211 211..5   211..76  210..212 212..70  212..14  209..213 213..30  213..77  208..214 214..15  214..66  167..41  166..215 215..81  215..68  165..216 216..217 217..218 218..219 219..220 220..40  220..79  219..44  218..43  217..221 221..16  221..130 216..13  164..222 222..223 223..224 224..1   224..78  223..225 225..9   225..2   222..37  163..226 226..227 227..228 228..229 229..35  229..36  228..230 230..3   230..33  227..231 231..4   231..31  226..232 232..233 233..12  233..34  232..234 234..32  234..80  162..235 235..236 236..237 237..238 238..239 239..240 240..241 241..26  241..29  240..28  239..140 238..65  237..62  236..242 242..64  242..141 235..243 243..244 244..18  244..17  243..63  142..245 245..246 246..247 247..248 248..249 249..250 250..251 251..252 252..253 253..254 254..255 255..107 255..105 254..106 253..96  252..104 251..95  250..256 256..257 257..258 258..103 258..101 257..109 256..100 249..259 259..260 260..261 261..262 262..88  262..10  261..89  260..263 263..86  263..113 259..87  248..264 264..60  264..74  247..265 265..266 266..137 266..136 265..267 267..75  267..118 246..268 268..269 269..270 270..271 271..272 272..273 273..99  273..98  272..97  271..112 270..94  269..274 274..275 275..108 275..110 274..111 268..102 245..276 276..277 277..278 278..279 279..132 279..133 278..134 277..131 276..280 280..123 280..124
 0.067498 0.051340 0.000000 0.000000 0.010133 0.582924 0.339173 0.228389 0.195305 0.733428 0.285175 0.567279 0.488800 0.559522 0.000000 0.221841 0.023332 0.015286 0.041798 0.233623 0.092948 0.079364 0.102167 0.079676 0.081581 0.554169 0.115914 0.000000 0.026607 0.023752 0.170027 0.063037 0.075166 0.106750 0.469507 0.244642 0.363629 0.143708 0.387285 0.000000 0.000000 0.142610 0.025600 0.080621 0.024090 0.000000 0.301820 0.023190 0.029853 0.020694 0.028046 0.086810 0.034391 0.000960 0.055957 0.006240 0.021730 0.000000 0.016395 0.009095 0.014784 0.000000 0.006240 0.006259 0.000000 0.056897 0.044989 0.018673 0.040570 0.040921 0.033287 0.226376 0.039715 0.068100 0.007730 0.000000 0.000000 0.025792 0.000000 0.000000 0.092600 0.086259 0.056912 0.000000 0.008331 0.011007 0.000000 0.000000 0.000000 0.012707 0.000000 0.008089 0.024203 0.001299 0.013177 0.032117 0.030041 0.017094 0.004808 0.039875 0.008200 0.031212 0.000000 0.006371 0.000000 0.019004 0.000000 0.000000 0.019352 0.141966 0.094310 0.124498 0.025451 0.032144 0.007959 0.038358 0.021944 0.040552 0.202433 0.000000 0.005644 0.012436 0.014786 0.026463 0.000000 0.098175 0.112060 0.076749 0.030045 0.090435 0.104086 0.108744 0.014687 0.007497 0.244248 0.013135 0.000000 0.266630 0.169943 0.022504 0.410301 0.329876 0.000000 0.000000 0.111594 0.029171 0.244865 0.117906 0.318768 0.013936 0.000000 0.065269 0.201028 0.077836 0.295133 0.196385 0.401606 0.000000 0.000000 0.454885 0.510714 0.052283 0.520220 0.000000 0.000000 0.662219 0.499594 0.000000 0.132123 0.209512 0.012884 0.030153 0.010382 0.076950 0.058610 0.114045 0.000000 0.000000 0.155173 0.386814 0.000000 0.074891 0.112604 0.117161 0.183880 0.152891 0.000000 0.059631 0.048996 0.015855 0.000000 0.018521 0.159976 0.031139 0.093678 0.233757 0.084835 0.203808 0.000441 0.321189 0.183223 0.142742 0.270393 0.000000 0.000000 0.057100 0.784342 0.000000 0.051138 0.153393 0.117585 0.014740 0.000000 0.000000 0.215244 0.286114 0.140504 0.025170 0.085578 0.000000 0.308615 0.341188 0.604521 0.219576 0.000000 0.000000 0.232157 0.181864 0.207528 0.294986 0.711894 0.042982 0.000000 0.102730 0.180320 0.052142 0.072394 0.124698 0.392598 0.124332 0.217446 0.123809 0.108426 0.035610 0.315009 0.000000 0.051689 0.060216 0.201766 0.200028 0.033788 0.125874 0.117733 0.695435 0.073597 0.211802 0.248418 0.003057 0.116135 0.359059 0.333321 0.349224 0.320781 0.067214 0.492284 0.252089 0.440789 0.510360 0.158777 0.050428 0.000000 0.052586 0.069810 0.046194 0.120929 0.000000 0.000000 0.017445 0.053540 0.908653
