
Printing out site pattern counts


       132         59  P

GNM13746                        -AAADEEEEE GIIIIIIIIK KLLLLLLLMM MNNNNNPPPQ QQQRRRRRSS SSTTVVVVW
GNM13538                        -AAGDEEEEM SAIIIILVVK NAIILLTVAL VKNNNNPPPI QQSRRRRRNS SSAGAITVW
GNM13876                        -AAADEEEQQ DRIITVLMVK AAILILQIAI IRDMNNPPPI NQQRRRRRNE ISSTVILTW
GNM14837                        -AASDDDEDK SMIVTILMVT NIILLLQKAS VKSQNNPPPT QEEKKRRRTS TSTSAILTW
GNM14249                        -AASDDDEDK SMIVTILMVT SIILLLQKAS VKSQNNPPPT QEEKKRRRTS TSTSAILTW
GNM13928                        -AASDDDEDK SMIVTILMVT NIILLLQKAS VKSQNNPPPT QEEKKRRRTS TSTSAILTW
GNM13297                        -AAGDEEEEM SAIIIILVVK NAIILLTVAL VKNNNNPPPI QQSRRRRRNS SSAGAITVW
GNM13455                        -ANSDDDEDK SMIVTILMVT HIILLLQKAA VKNQNNPPPT QEEKKRRRTS TSTSAILTW
GNM14938                        -AASDEEEEA TRIVTALIVK NVVLILQLAA IKDLNNGPPI SRQRRKRRNE LSASIIKTW
GNM14483                        -AAADDEEDA ILIVTTLMVK NVILLLTEAI VKSSNNPPPS QKVRRRRRNS ASASAILVW
GNM14445                        -AAG----DV II--TI--VR NVILL----I -KS--N--PV -KARR--RNS --A-SIM--
GNM14404                        -AVADDEEEA LVIITILMAS RVIMLLKYIV IRDQNQPPPL QQQRRRRRNE MSVGAISTW
GNM14545                        -AVADDEEEA LVIITILMAS RVIMLLKYIV IRDQNQPPPL QQQRRRRRNE MSVGAISTW
GNM14366                        -AASDDDEDD TFIITVLMVT PLILLLTNAS VKNQNNPPPT QMQKKRRRNS TSANAIQVW
GNM14252                        -AASDDDEDK SMIVTILMVT SIILLLQKAS VKSQNNPPPT QEEKKRRRTS TSTSAILTW
GNM13760                        -AASDDDEDK SMIVTILMVT NIILLLQKAS VKSQNNPPPT QEDKKRRRTS TSTSAILTW
GNM13982                        -AASDDDEDE SMIITLLVVS HIFLLLTVAT VKSQNNPPPT QSQKKRRRNS TSASAISTW
GNM13960                        -AASDDDEDN SLIVTVLLVA PIILLLSTAN VKNQNNPPPT QNSKRRRRNS TSTSSILTW
GNM14633                        -AASDDDEDE SMIITILVVS HIFLLLTVAT VKSQNNPPPT QSQKKRRRNS TSASAISTW
GNM14174                        -ASADDEEDQ TIIITLLMVK SAILLIKLVA MRDNNNPPPV QQMRRKRRNS LSAAAILVW
GNM14055                        -AASDDDENN SVIITILLVA PIILLLSTAN VKNQNNPPPT QNSRRRRRNS TSTNTILTW
GNM14748                        -AASDDDEDK SMIVTVLMVT NIILLLQKAS VKTQNNPPPT QEDKKRRRTS TSTSAILTW
GNM14246                        -ASADDEEEK TIIITLLMVK TAILLLKLVA MRDNNNPPPV QQVRRKRRNS LSAAAIIVW
GNM14640                        -ASADDDEQK TIIITVLMVK TAILLLKLVA MRDNNSPPPV QEGRRKRRNS LSAAAIIVW
GNM13677                        -AAADEEEQQ DRIITVLMVK AAILILQIAI IRDMNNPPPI NQQRRRRRNE ISSTVILTW
GNM14339                        -AAADEEEEQ TRIIMVLIVK MVVLILQLAT IRDLNNSPPI SRQRRKRRNE ISATIIKTW
GNM14593                        -AAADEEEAD NRIITVFMIK TAILILQIAV IRDMNNPPPI NNQRRRRRNE ISAVVIMTW
GNM13825                        -AASDEEEEA TRIVTALIVK NVVLILQLAA IKDLNNGPPI SRQRRKRRNE LSASIIKTW
GNM14768                        -AAADEGEEK SRIVTVLLVK IAILILQIAI IRDMNNPPPI NNQRRRRRNE MSAQVIMTW
GNM14776                        -AAADEGEEK SRIVTVLLVK IAILILQIAI IRDMNNPPPI NNQRRRRRNE MSAQVIMTW
GNM14639                        -AAGDTEEET TVIIVLILVK VIILLLKCAT IKTDNNPPPV EKARRRRRNA SSANAVIVY
GNM13795                        -AASDDDEDK SMIVTILMVT NIILLLQKAS VKTQNNPPPT QEDKKRRRTS TSTSAILTW
GNM14166                        -AASDDDEDN SLIITILMVT PLILLLTAAD VKNQNNPPPT QTTRKRRRNS SSARAIAVW
GNM14450                        -AASDDDEDT TLILTMLMVK SVILLLTIAT VKNQNNPPPI QKDRRRRRNS SSASAITVW
GNM13515                        -AASDDDEXE SLIITILVVT HIFLLLAVAT VKSQNNPPPT QSQKKRRRNS TSASAISTW
GNM13745                        -AAGDDEEDL TMIITIIIAK SIILLLTTAL VKTSNNPPPT QKGRRRRRNS SGAAAITVW
GNM14959                        -ASGDDEEEK GIIAILFMLS MAILLLILVA IRDQNTPPPY AQYRRKRKNS LSVQAIIVW
GNM13413                        -AAGDDQEER AMIVVIIMVT TAILLLKIVA IRDQNNPPPL QNYRRHRRNG SAATAVVTW
GNM14990                        -AASDDDEDN SLIVTVLLVA PIILLLSTAN VKNQNNPPPT QNSKRRRRNS TSTSSILTW
GNM15005                        -AASDDDEDN SLIVTVLLVA PIILLLSTAN VKNQNNPPPT QNSKRRRRNS TSTSSILTW
GNM14992                        -AVSDDDEEN SLIVTVLLVA PIILLLSTAN VKNQNNPPPT QNSRRRRRNS TSTSAILTW
GNM14994                        -AAADDDEDK SMIITILMVT NIVLLLQKAS VKTQNNAPPT QEDKKRRRTS TSASAILTW
GNM14976                        -AASDDDEGN SLIVTVLLVA PIILLLSTAN VKNQNNPPPT QNSKRRRRNS TSTSSILTW
GNM15022                        -AASDDDEDN SLIVTMLLVA PIILLLSTAN VKNQNNPPPT QNSKRRRRNS TSTSSILTW
GNM14995                        -ASSDDDEDN SLIVTLLLVT PIIMLLSTVN VKNQNNPPPK QDSRRRRRNS TSTSSILTW
GNM15017                        -ASSDDDEDN SLIVTLLLVT PIIMLLSTVN VKNQNNPPPK QDSRRRRRNS TSTSSILTW
GNM14999                        -AASDDDEDN SLITTTLLVA PIILLLSTAN VKNQNNPPPT QNSKRRRRNS TSTSAILTW
GNM15018                        -AASDDDEDK SMIVTILMVT SIILLLQKAS VKSQNNPPPT QEDKKRRRTS TSTSAILTW
GNM15025                        -AASDDDEDD SLIITMLVVT PIILLLSTAN VKNQNNPPPT QTSRRRRRNS TSTSAILTW
GNM15024                        -AASDDDEDK SMIVTILMVT SIILLLQKAS VKSQNNPPPT QEDKKRRRTS TSTSAILTW
GNM14980                        -AASDDDEDK SMIVTILMVT SIILLLQKAS VKSQNNPPPT QEDKKRRRTS TSTSAILTW
GNM15000                        -AASDDDEDK SMIVTILMVT SIILLLQKAS VKSQNNPPPT QEDKKRRRTS TSTSAILTW
GNM15001                        -AASDDDEDK SMIVTILMVT SIILLLQKAS VKSQNNPPPT QEDKKRRRTS TSTSAILTW
GNM15027                        -AAADDEEDE ILIITIIMVR TVILLLTTAL VKSSNNPPPT QKARRKRRNS SSASAILVW
GNM15028                        -AASDDDEED SLIVTTLLVA PMILLLSTAN VKNQNNPPPT QNSKRRRRNS TSTSAILTW
GNM11003                        -AAGDEDEDK SIVIVVIMIT TAILLLSIVA VRDNNNPPPI QQIRRKRRNG SSATAIIIW
GNM11023                        -AAADEEENK GIVVVMIMVA TAILLLRIVA IRDQNNPPPI QLSRRRRRNS STATAIATW
GNM11146                        -ASGDDDEEA GIVAILIMLS MAILLLLVIA IRDQNTPPPY SQYRRKRRNS LAVQAVLVL
GNM11220                        -ASADDEEEN TIIITIIIAK PAILLLRFAA IRDQNNPPPI QKQRRRRRND SSAGVIITW
GNM11222                        -AAADDEENA TIIITMVMVK TAILLLRVVA VRDNNNPPPI QQERRKRRNG SSANAIITW
GNM11223                        -ASADDEEEK TIIITLLMVK TAILLLKLVA MRDNNNPPPI QQVRRKRRNS LSVAAIIVW
GNM11224                        -ASADDEEEK TIIITLLMVK TAILLLKLVA MRDNNNPPPI QQMRRKRRNS LSVAAIIVW
GNM11225                        -ASADDEEEK TIIITMLMVK TAILLLKLVA MRDNNNPPPI QQFRRKRRNS LSAAAIIVW
GNM11360                        -ANSDDDEDK SMIVTILMVT HIILLLQKAA VKNQNNPPPT QEEKKRRRTS TSTSAILTW
GNM11362                        -AAGSDEEDL MIILTVLVVK TIVLLLTVVS VQNQNNPPPI QKSKRRRRQS TSASAIMVW
GNM11367                        -AASDDDEDE SMIITLLVVS HIFLLLTVAT VKSQNNPPPT QSQKKRRRNS TSASAISTW
GNM11380                        -AASDDDEDN SLIITILMVT PLILLLTAAD VKNQNNPPPT QTNRKRRRNS SSARAILVW
GNM11383                        -AASDDDEDE TFIVTILMVT PLILLLTTAN VKNQNNPPPT QSQKKRRRNS SSASAIQVW
GNM11491                        -AAADDDEDK SLIITILMVT PIILLLSKAN VKNQNNPPPV QESKRRRRTS TSAGAIAVW
GNM11804                        -AAADEEEEK SLLLVLILVS DAVLLLMQLV TRDNNTPPPI ANDRRARKNS SSARAITTW
GNM11805                        -CADDDDEEN SFLIILIVLS SSVMLLAKIT IKDTNNPPPL NEARRSRRNS SSVAVIEAY
GNM12892                        GAASDDSEEA CLIMRILIIH YISLLLMNVR VGNQRNKENT QAGRKRRRTS SSAGAIITW
GNM12895                        -AASDDDEDT TLILTMLMVK SVILLLTIAT VKNQNNPPPI QKDRRRRRNS SSASAITVW
GNM13060                        -AAADEEEEE GIIIIIIIIK KLLLLLLLMM MNNNNNPPPQ QQQRRRRRSS SSTTVVVVW
GNM13061                        -AAADDEEEE GIIIIVIIIK KLLLLLLMIL MNNNNNPPPQ QQQRRRRKNS LSMTAVVVW
GNM13062                        -AAADDEEDA ILIVTVLMVK NVILLLTEAI VKSSNNPPPS QKVRRRRRNS ASASAILVW
GNM13064                        -AAGDEDEDN SLIVTTIIVK PIILLLTSAL VKNSNNPPPI QKVRRRRRNS SSASAIMVW
GNM11032                        -AVADEEEEQ TRIIMVLIVK LVVLILQLAI IRDLNNSPPI SQQRRKRRNE ISATIIKTW
GNM11363                        -AAGSDEEDL MIILTVLVVK TIVLLLTVVS VQNQNNPPPI QKSKRRRRQS TSASAIMVW
GNM11375                        -AASDDDEDK SMIVTILMVT NIILLLQKAS VKSQNNPPPT QEDKKRRRTS TSTSAILTW
GNM11381                        -AASDDDEDE TLIVTILLIT PLILILTTAN VKSQNNPPPT QVQKKRRRNS TSASAIQVW
GNM11382                        -AASDDDEDD TFIVTILMVT PLILLLTAAN VKNQNNPPPT QQQKKRRRNS SSAGAIQVW
GNM11799                        -AVSDDDEEN SLIVTMLLVA SIILLLSTAN VKNQNNPPPT QNSRRRRRNS TSTSAILTW
GNM12125                        -AAGDDEEER AIVIVIIMVT TAILLLLLVA IRDNNNPPPI QQMRRRRRNS STATAIITW
GNM12126                        -AAGDDEEER AIVIVKIMVI PCILLLTLVA VRDNNNPPPM QQTRRKRRNS VTATAIAIW
GNM12128                        -AAGDDEEFK SIVVILLMVM PAILLLLIAA IRDSNNPPPV QQLRRKRRNG STATAVITW
GNM12182                        -AAADDEEDK SIIIVIIMVS TAILLLSIVA VRDNNNPPPL QQVRRRRRNA SSATATIIW
GNM12342                        -SAIDDEEKK TLVIVAIMVE TAILLLQEIA VADSNTPPPM NGLRRKRRNH SSARVIITW
GNM12346                        -AAADDEESK TIIIVVIIVD DAILLLLQIN ARDNNSPPPV NQERRSRRNS SSSTCIITW
GNM12351                        -TSFDEDEDK SIIIVTIILN NAILLLLQVS ARDNNSPPPV NQQRRPRRNS SSSTCIITW
GNM12356                        -SAIDDDEKK TLIIVAIMVQ TAILLLQEIA VADSNAPPPM DNFRRKRRNQ SSATIVYTW
GNM12357                        -SAIDDDENR TLIIVSIMVD TAILLLQEIA VADGNTPPPM ENSRRKRRNQ SSATIIYTW
GNM12366                        -SAIDDDENK TFIIVSIMVD TAILLLQEIA VADSNTPPPM DNGRRKRRNQ SSATIIYTW
GNM12373                        -AAGDDEEEK TIIVIIIMLD SAILILRTLV ARDENSSPPM NQMRRPRRNS SSAACLMTW
GNM12385                        -AAGDDEESR TIVIIIIMLD SAILILRQLV VRDENTPPPM NIQRRPRRNS SSATCIMTW
GNM12551                        -ASGDEEEQE QFVVICLTVK DAVLLLVTVA IRDQNTQPPL NQTRRKRRNS VAAQCITTL
GNM12554                        -AAGDDEEEE TMIIIIIMLD SAILILRQLV VRDENEPPPM NNLRRPRRNS SSATCIKTW
GNM12592                        -AAADDEENK TIIIVVIIVE DAILLLLQVS ARDNNSPPPI NQERRPRKNS SSATCIITW
GNM12596                        -AAFDEDEER SIIIVLILLN SVILLLLQLS SRDNNSPPPV NQQRRPRRNS SSSTCIITW
GNM12602                        -AAFDEDEEK SIIIVLILLN SVILLLLQLS SRDNNSPPPV NQQRRPRRNS SSSTCIITW
GNM12665                        -AAFDEDEER SIIIVLILLN SVILLLLQLS SRDNNSPPPV NQQRRPRRNS SSSTCIITW
GNM12745                        -ASTDDDEDS SFVIVTIIIE TAILLLLEIA LKDNNTPPPI NNERRKRKNS SSVACIIIW
GNM12749                        -AAGDDEEED TIVIIIVMLD GAILILRQLV VRDENEPPPM SIQRRPRRNS SSATCIKTW
GNM12758                        -ASTDDEEEN SFIIVSVIVE NAILLLLEIA LRDENTPPPI NRERRRRRNS SSVSVIITW
GNM12763                        -TSSDDEEEQ SILIINIIVE TAILLLLEVA LRDENSPPPI NHERRKRRNS SSVAVIITW
GNM12766                        -SAIDDDEKQ TLVIVAIMVE TAILLLQEIA VADSNTPPPM DQMRRKRKNQ SSATIIITW
GNM12849                        -ANSDDDEDK SMIVTILMVT HIILLLQKAS VKSQNNPPPT QEEKKRRRTS TSTSAILTW
GNM12869                        -AASDDDEDK SMIVTILMVT NIILLLQKAS VKSQNNPPPT QEEKKRRRTS TSTSAILTW
GNM12896                        -AASDDDEDN SLIITILMVT PLILLLTAAD VKNQNNPPPT QMNRKRRRNS SSARAILVW
GNM12897                        -AASDDDEDN SLIITILMVT PLILLLTAAD VKNQNNPPPT QTNRKRRRNS SSARAIIVW
GNM12902                        -CADDDDEDQ SFLIVIIVLS TAVMLLAKIA IRDTNTPPPL NEARRSRKNS SSASVIVAY
GNM12915                        -AAADEEEQN AIIIVIIMVE TAILLLIAVA LRDENDPPPV EQQRRKRRNA SGAQIIITW
GNM10046                        -AAADEEEQN AIIIVIIMVE TAILLLIAVA LRDENDPPPV EQQRRKRRNA SGAQIIITW
GNM12918                        -AAADEEEQE AIIIVIIMVE TAILLLIAVA LRDENDPPPV EQQRRKRRNA SGAQIIITW
GNM12931                        -AAGDDSEER AIVIVMIMVT TAILLLKIIA IRDQNNPPPM QNYRRRRRNS SAATAIVTW
GNM12938                        -AAADEEEDR SIVIVVIMVT TAILLLAMVA VRDNNNPPPM QQGRRKRRNG SSATAIIIW
GNM12996                        -AAADEDEDK SIVIVVIMVT TAILLLSIVA VRDNNNPPPL QQIRRKRRNG SSATAIIIW
GNM13018                        -AAADEDEDK SIVIVVIMVT TAILLLSIVA VRDNNNPPPL QQIRRKRRNG SSATAIIIW
GNM13027                        -AAADEEEDK SIVIVIIMVT TAILLLSMVA VRDNNNPPPM QQIRRKRRNG SSATAIIIW
GNM13046                        -ASSDDDEDQ SLIITILVVQ PIILLLTTAN VKNQNNPPPI QNDKRRRRNS TSVNAILVW
GNM13053                        -AAGDDEEDV IIVVTVIMVK NVILLLTTAI VKSNNNPPPV QRARRRRRNS SSASAILVW
GNM13074                        -AAADEEEEN IIIIVIIMVE TAILLLIAVA LRDENDPPPV EQQRRQRRNA SGAQIIITW
GNM10010                        -AAADEEEQQ VIVIVVIMVE TAILLLIAVA LRDENDPPPV EQQRRKRRNA SGAQIIITW
GNM10014                        -AAADEEEQQ VIVIVVIMVE TAILLLIAVA LRDENDPPPV EQQRRKRRNA SGAQIIITW
GNM13090                        -AAADEEEQH VIVIVVIMVE TAILLLIAVA LRDENDPPPV EQQRRKRRNA SGAQIIITW
GNM13118                        -AAGDEDEEK GIVIIIITLT RAILLLKLIV IRDQNTPPPL SNERRKRKNS SSVQAIKTW
GNM13126                        -CADDDEEDN TFLMVMLVLQ IAVLLLDKIV IKDTNTPPPL NEYKRSRRNS ASVAVLMTY
GNM13128                        -CADDDEEDN TFLMVMLVLQ TAVLLLDKIV IKDTNTPPPL NEYKRARRNS ASVAVLMTY
GNM13210                        -AAGDDQEER ALIVVIIMVT TAILLLKIIA IRDQNNPPPL QNYRRHRKNS SAATAILTW
GNM12773                        -ASADDEEEN TMIITILMVK TAILLIKLVA MRDNNNPPPV QQIRRKRRNS LSAAAIRVW
GNM12769                        -ASADDEENN TMIITMLMVK TAILLLKLVA ARDNNNPPPV QEGRRKRRNS SSAAAILVW
GNM12768                        -AAADDDEEN TIIITKIMVN RAILLLRMVA VRDNNQPPPV QQARRKRRNN SSAVAIVTW



    1    1    1    1    1    1    1    1    1    1    1    1    1    1    1
    1    1    1    1    1    1    1    1    1    1    1    1    1    1    1
    1    1    1    1    1    1    1    1    1    1    1    1    1    1    1
    1    1    1    1    1    1    1    1    1    1    1    1    1    1

AAML (in paml version 4.9h, March 2018)  tmp0064.txt
Model: Empirical,  (../wag.dat) dGamma (ncatG=4) ns = 132  ls =  59


Frequencies..
                                    A      R      N      D      C      Q      E      G      H      I      L      K      M      F      P      S      T      W      Y      V
GNM13746                       0.05172 0.08621 0.08621 0.01724 0.00000 0.06897 0.08621 0.01724 0.00000 0.13793 0.12069 0.03448 0.05172 0.00000 0.05172 0.06897 0.03448 0.01724 0.00000 0.06897
GNM13538                       0.12069 0.08621 0.10345 0.01724 0.00000 0.03448 0.06897 0.03448 0.00000 0.13793 0.06897 0.03448 0.01724 0.00000 0.05172 0.08621 0.03448 0.01724 0.00000 0.08621
GNM13876                       0.10345 0.12069 0.06897 0.05172 0.00000 0.08621 0.06897 0.00000 0.00000 0.17241 0.06897 0.01724 0.03448 0.00000 0.05172 0.03448 0.05172 0.01724 0.00000 0.05172
GNM14837                       0.06897 0.05172 0.05172 0.06897 0.00000 0.05172 0.05172 0.00000 0.00000 0.08621 0.08621 0.08621 0.03448 0.00000 0.05172 0.12069 0.12069 0.01724 0.00000 0.05172
GNM14249                       0.06897 0.05172 0.03448 0.06897 0.00000 0.05172 0.05172 0.00000 0.00000 0.08621 0.08621 0.08621 0.03448 0.00000 0.05172 0.13793 0.12069 0.01724 0.00000 0.05172
GNM13928                       0.06897 0.05172 0.05172 0.06897 0.00000 0.05172 0.05172 0.00000 0.00000 0.08621 0.08621 0.08621 0.03448 0.00000 0.05172 0.12069 0.12069 0.01724 0.00000 0.05172
GNM13297                       0.12069 0.08621 0.10345 0.01724 0.00000 0.03448 0.06897 0.03448 0.00000 0.13793 0.06897 0.03448 0.01724 0.00000 0.05172 0.08621 0.03448 0.01724 0.00000 0.08621
GNM13455                       0.06897 0.05172 0.06897 0.06897 0.00000 0.05172 0.05172 0.00000 0.01724 0.08621 0.08621 0.08621 0.03448 0.00000 0.05172 0.08621 0.12069 0.01724 0.00000 0.05172
GNM14938                       0.12069 0.10345 0.06897 0.03448 0.00000 0.03448 0.08621 0.01724 0.00000 0.12069 0.10345 0.06897 0.00000 0.00000 0.03448 0.06897 0.05172 0.01724 0.00000 0.06897
GNM14483                       0.13793 0.08621 0.06897 0.05172 0.00000 0.01724 0.05172 0.00000 0.00000 0.08621 0.10345 0.05172 0.01724 0.00000 0.05172 0.10345 0.05172 0.01724 0.00000 0.10345
GNM14445                       0.12121 0.12121 0.09091 0.03030 0.00000 0.00000 0.00000 0.03030 0.00000 0.18182 0.06061 0.06061 0.03030 0.00000 0.03030 0.09091 0.03030 0.00000 0.00000 0.12121
GNM14404                       0.08621 0.12069 0.03448 0.05172 0.00000 0.08621 0.06897 0.01724 0.00000 0.12069 0.08621 0.01724 0.05172 0.00000 0.05172 0.05172 0.03448 0.01724 0.01724 0.08621
GNM14545                       0.08621 0.12069 0.03448 0.05172 0.00000 0.08621 0.06897 0.01724 0.00000 0.12069 0.08621 0.01724 0.05172 0.00000 0.05172 0.05172 0.03448 0.01724 0.01724 0.08621
GNM14366                       0.08621 0.05172 0.10345 0.08621 0.00000 0.06897 0.01724 0.00000 0.00000 0.06897 0.08621 0.05172 0.03448 0.01724 0.06897 0.06897 0.10345 0.01724 0.00000 0.06897
GNM14252                       0.06897 0.05172 0.03448 0.06897 0.00000 0.05172 0.05172 0.00000 0.00000 0.08621 0.08621 0.08621 0.03448 0.00000 0.05172 0.13793 0.12069 0.01724 0.00000 0.05172
GNM13760                       0.06897 0.05172 0.05172 0.08621 0.00000 0.05172 0.03448 0.00000 0.00000 0.08621 0.08621 0.08621 0.03448 0.00000 0.05172 0.12069 0.12069 0.01724 0.00000 0.05172
GNM13982                       0.08621 0.05172 0.05172 0.06897 0.00000 0.05172 0.03448 0.00000 0.01724 0.06897 0.08621 0.05172 0.01724 0.01724 0.05172 0.15517 0.10345 0.01724 0.00000 0.06897
GNM13960                       0.06897 0.06897 0.12069 0.06897 0.00000 0.03448 0.01724 0.00000 0.00000 0.06897 0.12069 0.03448 0.00000 0.00000 0.06897 0.13793 0.10345 0.01724 0.00000 0.06897
GNM14633                       0.08621 0.05172 0.05172 0.06897 0.00000 0.05172 0.03448 0.00000 0.01724 0.08621 0.06897 0.05172 0.01724 0.01724 0.05172 0.15517 0.10345 0.01724 0.00000 0.06897
GNM14174                       0.12069 0.08621 0.06897 0.06897 0.00000 0.05172 0.03448 0.00000 0.00000 0.10345 0.12069 0.05172 0.05172 0.00000 0.05172 0.06897 0.03448 0.01724 0.00000 0.06897
GNM14055                       0.06897 0.08621 0.15517 0.05172 0.00000 0.03448 0.01724 0.00000 0.00000 0.10345 0.10345 0.01724 0.00000 0.00000 0.06897 0.10345 0.12069 0.01724 0.00000 0.05172
GNM14748                       0.06897 0.05172 0.05172 0.08621 0.00000 0.05172 0.03448 0.00000 0.00000 0.06897 0.08621 0.08621 0.03448 0.00000 0.05172 0.10345 0.13793 0.01724 0.00000 0.06897
GNM14246                       0.12069 0.08621 0.06897 0.05172 0.00000 0.03448 0.05172 0.00000 0.00000 0.10345 0.12069 0.06897 0.03448 0.00000 0.05172 0.05172 0.05172 0.01724 0.00000 0.08621
GNM14640                       0.12069 0.08621 0.05172 0.06897 0.00000 0.03448 0.03448 0.01724 0.00000 0.10345 0.10345 0.06897 0.03448 0.00000 0.05172 0.06897 0.05172 0.01724 0.00000 0.08621
GNM13677                       0.10345 0.12069 0.06897 0.05172 0.00000 0.08621 0.06897 0.00000 0.00000 0.17241 0.06897 0.01724 0.03448 0.00000 0.05172 0.03448 0.05172 0.01724 0.00000 0.05172
GNM14339                       0.08621 0.12069 0.05172 0.03448 0.00000 0.05172 0.08621 0.00000 0.00000 0.15517 0.08621 0.05172 0.03448 0.00000 0.03448 0.05172 0.06897 0.01724 0.00000 0.06897
GNM14593                       0.12069 0.12069 0.10345 0.05172 0.00000 0.03448 0.06897 0.00000 0.00000 0.17241 0.03448 0.01724 0.05172 0.01724 0.05172 0.01724 0.05172 0.01724 0.00000 0.06897
GNM13825                       0.12069 0.10345 0.06897 0.03448 0.00000 0.03448 0.08621 0.01724 0.00000 0.12069 0.10345 0.06897 0.00000 0.00000 0.03448 0.06897 0.05172 0.01724 0.00000 0.06897
GNM14768                       0.10345 0.12069 0.08621 0.03448 0.00000 0.05172 0.06897 0.01724 0.00000 0.15517 0.06897 0.03448 0.05172 0.00000 0.05172 0.03448 0.03448 0.01724 0.00000 0.06897
GNM14776                       0.10345 0.12069 0.08621 0.03448 0.00000 0.05172 0.06897 0.01724 0.00000 0.15517 0.06897 0.03448 0.05172 0.00000 0.05172 0.03448 0.03448 0.01724 0.00000 0.06897
GNM14639                       0.12069 0.08621 0.06897 0.03448 0.01724 0.00000 0.06897 0.01724 0.00000 0.12069 0.08621 0.06897 0.00000 0.00000 0.05172 0.03448 0.08621 0.00000 0.01724 0.12069
GNM13795                       0.06897 0.05172 0.05172 0.08621 0.00000 0.05172 0.03448 0.00000 0.00000 0.08621 0.08621 0.08621 0.03448 0.00000 0.05172 0.10345 0.13793 0.01724 0.00000 0.05172
GNM14166                       0.12069 0.08621 0.08621 0.08621 0.00000 0.03448 0.01724 0.00000 0.00000 0.08621 0.10345 0.03448 0.01724 0.00000 0.06897 0.08621 0.10345 0.01724 0.00000 0.05172
GNM14450                       0.08621 0.08621 0.06897 0.08621 0.00000 0.03448 0.01724 0.00000 0.00000 0.08621 0.10345 0.05172 0.03448 0.00000 0.05172 0.10345 0.10345 0.01724 0.00000 0.06897
GNM13515                       0.10526 0.05263 0.05263 0.05263 0.00000 0.05263 0.03509 0.00000 0.01754 0.08772 0.08772 0.05263 0.00000 0.01754 0.05263 0.14035 0.10526 0.01754 0.00000 0.07018
GNM13745                       0.12069 0.08621 0.05172 0.05172 0.00000 0.01724 0.03448 0.05172 0.00000 0.13793 0.08621 0.05172 0.01724 0.00000 0.05172 0.06897 0.12069 0.01724 0.00000 0.03448
GNM14959                       0.10345 0.06897 0.03448 0.05172 0.00000 0.05172 0.05172 0.03448 0.00000 0.13793 0.12069 0.05172 0.03448 0.01724 0.05172 0.06897 0.01724 0.01724 0.03448 0.05172
GNM13413                       0.13793 0.10345 0.06897 0.05172 0.00000 0.05172 0.03448 0.03448 0.01724 0.10345 0.06897 0.01724 0.03448 0.00000 0.05172 0.01724 0.06897 0.01724 0.01724 0.10345
GNM14990                       0.06897 0.06897 0.12069 0.06897 0.00000 0.03448 0.01724 0.00000 0.00000 0.06897 0.12069 0.03448 0.00000 0.00000 0.06897 0.13793 0.10345 0.01724 0.00000 0.06897
GNM15005                       0.06897 0.06897 0.12069 0.06897 0.00000 0.03448 0.01724 0.00000 0.00000 0.06897 0.12069 0.03448 0.00000 0.00000 0.06897 0.13793 0.10345 0.01724 0.00000 0.06897
GNM14992                       0.06897 0.08621 0.12069 0.05172 0.00000 0.03448 0.03448 0.00000 0.00000 0.06897 0.12069 0.01724 0.00000 0.00000 0.06897 0.12069 0.10345 0.01724 0.00000 0.08621
GNM14994                       0.12069 0.05172 0.05172 0.08621 0.00000 0.05172 0.03448 0.00000 0.00000 0.08621 0.08621 0.08621 0.03448 0.00000 0.03448 0.08621 0.12069 0.01724 0.00000 0.05172
GNM14976                       0.06897 0.06897 0.12069 0.05172 0.00000 0.03448 0.01724 0.01724 0.00000 0.06897 0.12069 0.03448 0.00000 0.00000 0.06897 0.13793 0.10345 0.01724 0.00000 0.06897
GNM15022                       0.06897 0.06897 0.12069 0.06897 0.00000 0.03448 0.01724 0.00000 0.00000 0.06897 0.12069 0.03448 0.01724 0.00000 0.06897 0.13793 0.10345 0.01724 0.00000 0.05172
GNM14995                       0.01724 0.08621 0.10345 0.08621 0.00000 0.03448 0.01724 0.00000 0.00000 0.06897 0.12069 0.03448 0.01724 0.00000 0.06897 0.15517 0.10345 0.01724 0.00000 0.06897
GNM15017                       0.01724 0.08621 0.10345 0.08621 0.00000 0.03448 0.01724 0.00000 0.00000 0.06897 0.12069 0.03448 0.01724 0.00000 0.06897 0.15517 0.10345 0.01724 0.00000 0.06897
GNM14999                       0.08621 0.06897 0.12069 0.06897 0.00000 0.03448 0.01724 0.00000 0.00000 0.06897 0.12069 0.03448 0.00000 0.00000 0.06897 0.12069 0.13793 0.01724 0.00000 0.03448
GNM15018                       0.06897 0.05172 0.03448 0.08621 0.00000 0.05172 0.03448 0.00000 0.00000 0.08621 0.08621 0.08621 0.03448 0.00000 0.05172 0.13793 0.12069 0.01724 0.00000 0.05172
GNM15025                       0.06897 0.08621 0.08621 0.08621 0.00000 0.03448 0.01724 0.00000 0.00000 0.08621 0.10345 0.01724 0.01724 0.00000 0.06897 0.12069 0.13793 0.01724 0.00000 0.05172
GNM15024                       0.06897 0.05172 0.03448 0.08621 0.00000 0.05172 0.03448 0.00000 0.00000 0.08621 0.08621 0.08621 0.03448 0.00000 0.05172 0.13793 0.12069 0.01724 0.00000 0.05172
GNM14980                       0.06897 0.05172 0.03448 0.08621 0.00000 0.05172 0.03448 0.00000 0.00000 0.08621 0.08621 0.08621 0.03448 0.00000 0.05172 0.13793 0.12069 0.01724 0.00000 0.05172
GNM15000                       0.06897 0.05172 0.03448 0.08621 0.00000 0.05172 0.03448 0.00000 0.00000 0.08621 0.08621 0.08621 0.03448 0.00000 0.05172 0.13793 0.12069 0.01724 0.00000 0.05172
GNM15001                       0.06897 0.05172 0.03448 0.08621 0.00000 0.05172 0.03448 0.00000 0.00000 0.08621 0.08621 0.08621 0.03448 0.00000 0.05172 0.13793 0.12069 0.01724 0.00000 0.05172
GNM15027                       0.12069 0.08621 0.05172 0.05172 0.00000 0.01724 0.05172 0.00000 0.00000 0.12069 0.10345 0.05172 0.01724 0.00000 0.05172 0.10345 0.08621 0.01724 0.00000 0.06897
GNM15028                       0.08621 0.06897 0.10345 0.06897 0.00000 0.03448 0.03448 0.00000 0.00000 0.05172 0.12069 0.03448 0.01724 0.00000 0.06897 0.12069 0.12069 0.01724 0.00000 0.05172
GNM11003                       0.10345 0.08621 0.06897 0.06897 0.00000 0.03448 0.03448 0.03448 0.00000 0.18966 0.05172 0.03448 0.01724 0.00000 0.05172 0.06897 0.05172 0.01724 0.00000 0.08621
GNM11023                       0.15517 0.12069 0.06897 0.03448 0.00000 0.03448 0.05172 0.01724 0.00000 0.12069 0.06897 0.01724 0.03448 0.00000 0.05172 0.05172 0.06897 0.01724 0.00000 0.08621
GNM11146                       0.12069 0.08621 0.03448 0.06897 0.00000 0.05172 0.03448 0.03448 0.00000 0.10345 0.15517 0.01724 0.03448 0.00000 0.05172 0.06897 0.01724 0.00000 0.03448 0.08621
GNM11220                       0.12069 0.12069 0.06897 0.06897 0.00000 0.05172 0.05172 0.01724 0.00000 0.18966 0.05172 0.03448 0.00000 0.01724 0.06897 0.05172 0.05172 0.01724 0.00000 0.01724
GNM11222                       0.13793 0.10345 0.10345 0.05172 0.00000 0.03448 0.05172 0.01724 0.00000 0.12069 0.05172 0.03448 0.03448 0.00000 0.05172 0.03448 0.06897 0.01724 0.00000 0.08621
GNM11223                       0.10345 0.08621 0.06897 0.05172 0.00000 0.03448 0.05172 0.00000 0.00000 0.12069 0.12069 0.06897 0.03448 0.00000 0.05172 0.05172 0.05172 0.01724 0.00000 0.08621
GNM11224                       0.10345 0.08621 0.06897 0.05172 0.00000 0.03448 0.05172 0.00000 0.00000 0.12069 0.12069 0.06897 0.05172 0.00000 0.05172 0.05172 0.05172 0.01724 0.00000 0.06897
GNM11225                       0.12069 0.08621 0.06897 0.05172 0.00000 0.03448 0.05172 0.00000 0.00000 0.12069 0.10345 0.06897 0.05172 0.01724 0.05172 0.05172 0.05172 0.01724 0.00000 0.05172
GNM11360                       0.06897 0.05172 0.06897 0.06897 0.00000 0.05172 0.05172 0.00000 0.01724 0.08621 0.08621 0.08621 0.03448 0.00000 0.05172 0.08621 0.12069 0.01724 0.00000 0.05172
GNM11362                       0.06897 0.06897 0.05172 0.03448 0.00000 0.06897 0.03448 0.01724 0.00000 0.08621 0.10345 0.05172 0.03448 0.00000 0.05172 0.10345 0.06897 0.01724 0.00000 0.13793
GNM11367                       0.08621 0.05172 0.05172 0.06897 0.00000 0.05172 0.03448 0.00000 0.01724 0.06897 0.08621 0.05172 0.01724 0.01724 0.05172 0.15517 0.10345 0.01724 0.00000 0.06897
GNM11380                       0.10345 0.08621 0.10345 0.08621 0.00000 0.03448 0.01724 0.00000 0.00000 0.08621 0.12069 0.03448 0.01724 0.00000 0.06897 0.08621 0.08621 0.01724 0.00000 0.05172
GNM11383                       0.08621 0.05172 0.08621 0.06897 0.00000 0.06897 0.03448 0.00000 0.00000 0.06897 0.08621 0.05172 0.01724 0.01724 0.06897 0.10345 0.10345 0.01724 0.00000 0.06897
GNM11491                       0.12069 0.06897 0.06897 0.06897 0.00000 0.03448 0.03448 0.01724 0.00000 0.10345 0.08621 0.06897 0.01724 0.00000 0.06897 0.08621 0.06897 0.01724 0.00000 0.06897
GNM11804                       0.13793 0.08621 0.06897 0.06897 0.00000 0.01724 0.06897 0.00000 0.00000 0.05172 0.15517 0.03448 0.01724 0.00000 0.05172 0.08621 0.06897 0.01724 0.00000 0.06897
GNM11805                       0.08621 0.06897 0.08621 0.08621 0.01724 0.00000 0.06897 0.00000 0.00000 0.10345 0.10345 0.03448 0.01724 0.01724 0.05172 0.13793 0.03448 0.00000 0.01724 0.06897
GNM12892                       0.10169 0.11864 0.06780 0.03390 0.01695 0.03390 0.05085 0.06780 0.01695 0.11864 0.08475 0.03390 0.03390 0.00000 0.00000 0.10169 0.05085 0.01695 0.01695 0.03390
GNM12895                       0.08621 0.08621 0.06897 0.08621 0.00000 0.03448 0.01724 0.00000 0.00000 0.08621 0.10345 0.05172 0.03448 0.00000 0.05172 0.10345 0.10345 0.01724 0.00000 0.06897
GNM13060                       0.05172 0.08621 0.08621 0.01724 0.00000 0.06897 0.08621 0.01724 0.00000 0.13793 0.12069 0.03448 0.05172 0.00000 0.05172 0.06897 0.03448 0.01724 0.00000 0.06897
GNM13061                       0.06897 0.06897 0.10345 0.03448 0.00000 0.06897 0.06897 0.01724 0.00000 0.13793 0.13793 0.05172 0.05172 0.00000 0.05172 0.03448 0.01724 0.01724 0.00000 0.06897
GNM13062                       0.13793 0.08621 0.06897 0.05172 0.00000 0.01724 0.05172 0.00000 0.00000 0.08621 0.10345 0.05172 0.01724 0.00000 0.05172 0.10345 0.03448 0.01724 0.00000 0.12069
GNM13064                       0.08621 0.08621 0.08621 0.05172 0.00000 0.01724 0.03448 0.01724 0.00000 0.12069 0.08621 0.05172 0.01724 0.00000 0.06897 0.12069 0.05172 0.01724 0.00000 0.08621
GNM11032                       0.06897 0.10345 0.05172 0.03448 0.00000 0.06897 0.08621 0.00000 0.00000 0.17241 0.10345 0.05172 0.01724 0.00000 0.03448 0.05172 0.05172 0.01724 0.00000 0.08621
GNM11363                       0.06897 0.06897 0.05172 0.03448 0.00000 0.06897 0.03448 0.01724 0.00000 0.08621 0.10345 0.05172 0.03448 0.00000 0.05172 0.10345 0.06897 0.01724 0.00000 0.13793
GNM11375                       0.06897 0.05172 0.05172 0.08621 0.00000 0.05172 0.03448 0.00000 0.00000 0.08621 0.08621 0.08621 0.03448 0.00000 0.05172 0.12069 0.12069 0.01724 0.00000 0.05172
GNM11381                       0.08621 0.05172 0.06897 0.06897 0.00000 0.06897 0.03448 0.00000 0.00000 0.10345 0.10345 0.05172 0.00000 0.00000 0.06897 0.08621 0.12069 0.01724 0.00000 0.06897
GNM11382                       0.10345 0.05172 0.08621 0.08621 0.00000 0.08621 0.01724 0.01724 0.00000 0.06897 0.08621 0.05172 0.01724 0.01724 0.06897 0.06897 0.08621 0.01724 0.00000 0.06897
GNM11799                       0.06897 0.08621 0.12069 0.05172 0.00000 0.03448 0.03448 0.00000 0.00000 0.06897 0.12069 0.01724 0.01724 0.00000 0.05172 0.13793 0.10345 0.01724 0.00000 0.06897
GNM12125                       0.12069 0.12069 0.06897 0.05172 0.00000 0.03448 0.05172 0.01724 0.00000 0.15517 0.08621 0.00000 0.03448 0.00000 0.05172 0.03448 0.08621 0.01724 0.00000 0.06897
GNM12126                       0.12069 0.10345 0.06897 0.05172 0.01724 0.03448 0.05172 0.01724 0.00000 0.12069 0.06897 0.03448 0.03448 0.00000 0.06897 0.01724 0.06897 0.01724 0.00000 0.10345
GNM12128                       0.12069 0.08621 0.05172 0.05172 0.00000 0.03448 0.03448 0.03448 0.00000 0.10345 0.12069 0.03448 0.03448 0.01724 0.06897 0.05172 0.05172 0.01724 0.00000 0.08621
GNM12182                       0.13793 0.10345 0.06897 0.06897 0.00000 0.03448 0.03448 0.00000 0.00000 0.15517 0.06897 0.01724 0.01724 0.00000 0.05172 0.08621 0.05172 0.01724 0.00000 0.08621
GNM12342                       0.10345 0.08621 0.05172 0.05172 0.00000 0.01724 0.06897 0.01724 0.01724 0.12069 0.08621 0.05172 0.03448 0.00000 0.05172 0.06897 0.06897 0.01724 0.00000 0.08621
GNM12346                       0.08621 0.08621 0.08621 0.08621 0.01724 0.03448 0.05172 0.00000 0.00000 0.15517 0.06897 0.01724 0.00000 0.00000 0.05172 0.12069 0.05172 0.01724 0.00000 0.06897
GNM12351                       0.03448 0.08621 0.10345 0.06897 0.01724 0.05172 0.03448 0.00000 0.00000 0.13793 0.08621 0.01724 0.00000 0.01724 0.06897 0.13793 0.06897 0.01724 0.00000 0.05172
GNM12356                       0.12069 0.06897 0.05172 0.08621 0.00000 0.05172 0.03448 0.00000 0.00000 0.12069 0.06897 0.05172 0.03448 0.01724 0.05172 0.06897 0.06897 0.01724 0.01724 0.06897
GNM12357                       0.08621 0.08621 0.06897 0.08621 0.00000 0.03448 0.05172 0.01724 0.00000 0.13793 0.06897 0.01724 0.03448 0.00000 0.05172 0.08621 0.08621 0.01724 0.01724 0.05172
GNM12366                       0.08621 0.06897 0.06897 0.10345 0.00000 0.03448 0.03448 0.01724 0.00000 0.13793 0.05172 0.03448 0.03448 0.01724 0.05172 0.08621 0.08621 0.01724 0.01724 0.05172
GNM12373                       0.10345 0.10345 0.05172 0.06897 0.01724 0.01724 0.06897 0.01724 0.00000 0.12069 0.08621 0.01724 0.06897 0.00000 0.05172 0.10345 0.05172 0.01724 0.00000 0.03448
GNM12385                       0.06897 0.12069 0.05172 0.06897 0.01724 0.03448 0.05172 0.01724 0.00000 0.15517 0.06897 0.00000 0.05172 0.00000 0.06897 0.08621 0.06897 0.01724 0.00000 0.05172
GNM12551                       0.08621 0.08621 0.05172 0.05172 0.03448 0.10345 0.06897 0.01724 0.00000 0.05172 0.10345 0.03448 0.00000 0.01724 0.03448 0.03448 0.10345 0.00000 0.00000 0.12069
GNM12554                       0.06897 0.10345 0.06897 0.06897 0.01724 0.01724 0.10345 0.01724 0.00000 0.13793 0.08621 0.01724 0.05172 0.00000 0.06897 0.06897 0.05172 0.01724 0.00000 0.03448
GNM12592                       0.10345 0.06897 0.08621 0.06897 0.01724 0.03448 0.06897 0.00000 0.00000 0.15517 0.06897 0.03448 0.00000 0.00000 0.06897 0.08621 0.05172 0.01724 0.00000 0.06897
GNM12596                       0.03448 0.10345 0.08621 0.05172 0.01724 0.05172 0.05172 0.00000 0.00000 0.12069 0.13793 0.00000 0.00000 0.01724 0.06897 0.15517 0.03448 0.01724 0.00000 0.05172
GNM12602                       0.03448 0.08621 0.08621 0.05172 0.01724 0.05172 0.05172 0.00000 0.00000 0.12069 0.13793 0.01724 0.00000 0.01724 0.06897 0.15517 0.03448 0.01724 0.00000 0.05172
GNM12665                       0.03448 0.10345 0.08621 0.05172 0.01724 0.05172 0.05172 0.00000 0.00000 0.12069 0.13793 0.00000 0.00000 0.01724 0.06897 0.15517 0.03448 0.01724 0.00000 0.05172
GNM12745                       0.06897 0.05172 0.08621 0.08621 0.01724 0.00000 0.06897 0.00000 0.00000 0.17241 0.08621 0.05172 0.00000 0.01724 0.05172 0.10345 0.06897 0.01724 0.00000 0.05172
GNM12749                       0.06897 0.10345 0.03448 0.08621 0.01724 0.03448 0.08621 0.03448 0.00000 0.13793 0.06897 0.01724 0.03448 0.00000 0.06897 0.06897 0.05172 0.01724 0.00000 0.06897
GNM12758                       0.05172 0.12069 0.08621 0.05172 0.00000 0.00000 0.12069 0.00000 0.00000 0.13793 0.08621 0.00000 0.00000 0.01724 0.05172 0.12069 0.05172 0.01724 0.00000 0.08621
GNM12763                       0.05172 0.08621 0.06897 0.05172 0.00000 0.01724 0.12069 0.00000 0.01724 0.15517 0.10345 0.01724 0.00000 0.00000 0.05172 0.12069 0.05172 0.01724 0.00000 0.06897
GNM12766                       0.10345 0.05172 0.03448 0.08621 0.00000 0.06897 0.05172 0.00000 0.00000 0.13793 0.06897 0.05172 0.05172 0.00000 0.05172 0.06897 0.08621 0.01724 0.00000 0.06897
GNM12849                       0.05172 0.05172 0.05172 0.06897 0.00000 0.05172 0.05172 0.00000 0.01724 0.08621 0.08621 0.08621 0.03448 0.00000 0.05172 0.12069 0.12069 0.01724 0.00000 0.05172
GNM12869                       0.06897 0.05172 0.05172 0.06897 0.00000 0.05172 0.05172 0.00000 0.00000 0.08621 0.08621 0.08621 0.03448 0.00000 0.05172 0.12069 0.12069 0.01724 0.00000 0.05172
GNM12896                       0.10345 0.08621 0.10345 0.08621 0.00000 0.03448 0.01724 0.00000 0.00000 0.08621 0.12069 0.03448 0.03448 0.00000 0.06897 0.08621 0.06897 0.01724 0.00000 0.05172
GNM12897                       0.10345 0.08621 0.10345 0.08621 0.00000 0.03448 0.01724 0.00000 0.00000 0.10345 0.10345 0.03448 0.01724 0.00000 0.06897 0.08621 0.08621 0.01724 0.00000 0.05172
GNM12902                       0.12069 0.06897 0.05172 0.10345 0.01724 0.01724 0.03448 0.00000 0.00000 0.10345 0.08621 0.03448 0.01724 0.01724 0.05172 0.12069 0.05172 0.00000 0.01724 0.08621
GNM12915                       0.15517 0.08621 0.05172 0.05172 0.00000 0.06897 0.10345 0.01724 0.00000 0.17241 0.06897 0.01724 0.01724 0.00000 0.05172 0.01724 0.03448 0.01724 0.00000 0.06897
GNM10046                       0.15517 0.08621 0.05172 0.05172 0.00000 0.06897 0.10345 0.01724 0.00000 0.17241 0.06897 0.01724 0.01724 0.00000 0.05172 0.01724 0.03448 0.01724 0.00000 0.06897
GNM12918                       0.15517 0.08621 0.03448 0.05172 0.00000 0.06897 0.12069 0.01724 0.00000 0.17241 0.06897 0.01724 0.01724 0.00000 0.05172 0.01724 0.03448 0.01724 0.00000 0.06897
GNM12931                       0.13793 0.12069 0.06897 0.05172 0.00000 0.03448 0.03448 0.01724 0.00000 0.13793 0.05172 0.01724 0.05172 0.00000 0.05172 0.05172 0.06897 0.01724 0.01724 0.06897
GNM12938                       0.13793 0.10345 0.06897 0.05172 0.00000 0.03448 0.05172 0.03448 0.00000 0.12069 0.05172 0.01724 0.05172 0.00000 0.05172 0.05172 0.05172 0.01724 0.00000 0.10345
GNM12996                       0.12069 0.08621 0.06897 0.06897 0.00000 0.03448 0.03448 0.01724 0.00000 0.15517 0.06897 0.03448 0.01724 0.00000 0.05172 0.06897 0.05172 0.01724 0.00000 0.10345
GNM13018                       0.12069 0.08621 0.06897 0.06897 0.00000 0.03448 0.03448 0.01724 0.00000 0.15517 0.06897 0.03448 0.01724 0.00000 0.05172 0.06897 0.05172 0.01724 0.00000 0.10345
GNM13027                       0.12069 0.08621 0.06897 0.05172 0.00000 0.03448 0.05172 0.01724 0.00000 0.15517 0.05172 0.03448 0.05172 0.00000 0.05172 0.06897 0.05172 0.01724 0.00000 0.08621
GNM13046                       0.05172 0.06897 0.12069 0.08621 0.00000 0.06897 0.01724 0.00000 0.00000 0.12069 0.10345 0.03448 0.00000 0.00000 0.06897 0.08621 0.06897 0.01724 0.00000 0.08621
GNM13053                       0.10345 0.10345 0.08621 0.05172 0.00000 0.01724 0.03448 0.01724 0.00000 0.10345 0.06897 0.03448 0.01724 0.00000 0.05172 0.08621 0.05172 0.01724 0.00000 0.15517
GNM13074                       0.13793 0.08621 0.05172 0.05172 0.00000 0.06897 0.12069 0.01724 0.00000 0.18966 0.06897 0.00000 0.01724 0.00000 0.05172 0.01724 0.03448 0.01724 0.00000 0.06897
GNM10010                       0.13793 0.08621 0.03448 0.05172 0.00000 0.08621 0.10345 0.01724 0.00000 0.13793 0.06897 0.01724 0.01724 0.00000 0.05172 0.01724 0.03448 0.01724 0.00000 0.12069
GNM10014                       0.13793 0.08621 0.03448 0.05172 0.00000 0.08621 0.10345 0.01724 0.00000 0.13793 0.06897 0.01724 0.01724 0.00000 0.05172 0.01724 0.03448 0.01724 0.00000 0.12069
GNM13090                       0.13793 0.08621 0.03448 0.05172 0.00000 0.06897 0.10345 0.01724 0.01724 0.13793 0.06897 0.01724 0.01724 0.00000 0.05172 0.01724 0.03448 0.01724 0.00000 0.12069
GNM13118                       0.06897 0.08621 0.05172 0.05172 0.00000 0.03448 0.06897 0.03448 0.00000 0.15517 0.10345 0.08621 0.00000 0.00000 0.05172 0.06897 0.06897 0.01724 0.00000 0.05172
GNM13126                       0.06897 0.05172 0.06897 0.10345 0.01724 0.01724 0.05172 0.00000 0.00000 0.05172 0.13793 0.05172 0.05172 0.01724 0.05172 0.05172 0.06897 0.00000 0.03448 0.10345
GNM13128                       0.08621 0.05172 0.06897 0.10345 0.01724 0.01724 0.05172 0.00000 0.00000 0.03448 0.13793 0.05172 0.05172 0.01724 0.05172 0.03448 0.08621 0.00000 0.03448 0.10345
GNM13210                       0.13793 0.08621 0.06897 0.05172 0.00000 0.05172 0.03448 0.01724 0.01724 0.13793 0.10345 0.03448 0.01724 0.00000 0.05172 0.03448 0.06897 0.01724 0.01724 0.05172
GNM12773                       0.12069 0.10345 0.08621 0.05172 0.00000 0.03448 0.05172 0.00000 0.00000 0.12069 0.08621 0.05172 0.05172 0.00000 0.05172 0.05172 0.05172 0.01724 0.00000 0.06897
GNM12769                       0.13793 0.08621 0.10345 0.05172 0.00000 0.01724 0.05172 0.01724 0.00000 0.06897 0.10345 0.05172 0.05172 0.00000 0.05172 0.06897 0.05172 0.01724 0.00000 0.06897
GNM12768                       0.13793 0.12069 0.10345 0.06897 0.00000 0.05172 0.03448 0.00000 0.00000 0.10345 0.05172 0.03448 0.03448 0.00000 0.05172 0.03448 0.05172 0.01724 0.00000 0.10345

Homogeneity statistic: X2 = 29.42002 G = 27.24759 

Average                        0.09488 0.08230 0.07116 0.06277 0.00262 0.04364 0.04993 0.00930 0.00170 0.11270 0.09199 0.04298 0.02582 0.00328 0.05491 0.08570 0.07391 0.01625 0.00262 0.07155
(Ambiguity characters are used to calculate freqs.)


# constant sites:      0 (0.00%)

TREE #  1:  ((((((((38, 129), 115), (57, 84)), 85), 86), (((117, 118), (87, 56)), (116, 119))), ((58, 37), 126)), (((((((((((((((((((((39, 40), (44, 18)), 43), 55), 47), (41, 83)), 49), (46, 45)), 21), (((66, 17), 19), 35)), (((((((((52, 50), 51), 48), 53), 108), (15, 5)), (((42, (22, 32)), (6, 4)), (80, 16))), ((8, 64), 107)), 69)), 120), (((81, 68), 14), 82)), (((109, 67), 110), 33)), 72), (73, 34)), (79, 65)), (((77, 36), (11, 121)), ((76, 10), 54))), ((((1, 74), 75), (7, 2)), 31)), ((((29, 30), 27), (3, 25)), ((9, 28), (26, 78)))), (((((24, 23), (130, 20)), ((61, 62), 63)), ((131, 60), 132)), ((13, 12), 59))), ((((((((((101, 99), 100), 90), 98), 89), (((97, 95), 103), 94)), 70), ((128, 127), (71, 111))), ((((((93, 92), 91), 106), 88), ((102, 104), 105)), 96)), ((((123, 124), 125), 122), ((114, 112), 113))));   MP score: -1
lnL(ntime:261  np:262):  -4439.734981      +0.000000
 133..134 134..135 135..136 136..137 137..138 138..139 139..140 140..38  140..129 139..115 138..141 141..57  141..84  137..85  136..86  135..142 142..143 143..144 144..117 144..118 143..145 145..87  145..56  142..146 146..116 146..119 134..147 147..148 148..58  148..37  147..126 133..149 149..150 150..151 151..152 152..153 153..154 154..155 155..156 156..157 157..158 158..159 159..160 160..161 161..162 162..163 163..164 164..165 165..166 166..167 167..168 168..169 169..39  169..40  168..170 170..44  170..18  167..43  166..55  165..47  164..171 171..41  171..83  163..49  162..172 172..46  172..45  161..21  160..173 173..174 174..175 175..66  175..17  174..19  173..35  159..176 176..177 177..178 178..179 179..180 180..181 181..182 182..183 183..184 184..52  184..50  183..51  182..48  181..53  180..108 179..185 185..15  185..5   178..186 186..187 187..188 188..42  188..189 189..22  189..32  187..190 190..6   190..4   186..191 191..80  191..16  177..192 192..193 193..8   193..64  192..107 176..69  158..120 157..194 194..195 195..196 196..81  196..68  195..14  194..82  156..197 197..198 198..199 199..109 199..67  198..110 197..33  155..72  154..200 200..73  200..34  153..201 201..79  201..65  152..202 202..203 203..204 204..77  204..36  203..205 205..11  205..121 202..206 206..207 207..76  207..10  206..54  151..208 208..209 209..210 210..211 211..1   211..74  210..75  209..212 212..7   212..2   208..31  150..213 213..214 214..215 215..216 216..29  216..30  215..27  214..217 217..3   217..25  213..218 218..219 219..9   219..28  218..220 220..26  220..78  149..221 221..222 222..223 223..224 224..225 225..24  225..23  224..226 226..130 226..20  223..227 227..228 228..61  228..62  227..63  222..229 229..230 230..131 230..60  229..132 221..231 231..232 232..13  232..12  231..59  133..233 233..234 234..235 235..236 236..237 237..238 238..239 239..240 240..241 241..242 242..101 242..99  241..100 240..90  239..98  238..89  237..243 243..244 244..245 245..97  245..95  244..103 243..94  236..70  235..246 246..247 247..128 247..127 246..248 248..71  248..111 234..249 249..250 250..251 251..252 252..253 253..254 254..93  254..92  253..91  252..106 251..88  250..255 255..256 256..102 256..104 255..105 249..96  233..257 257..258 258..259 259..260 260..123 260..124 259..125 258..122 257..261 261..262 262..114 262..112 261..113
 0.111421 0.000000 0.048476 0.024862 0.027403 0.272355 0.131858 0.086345 0.062711 0.044628 0.000000 0.430827 0.000000 0.362972 0.433127 0.242846 0.088504 0.000000 0.000000 0.000000 0.000000 0.206885 0.066391 0.000000 0.103281 0.000000 0.410303 0.282907 0.209629 0.145653 0.315431 0.077419 0.111016 0.297022 0.101772 0.108465 0.122393 0.326613 0.000000 0.037571 0.078181 0.052830 0.000000 0.096308 0.000000 0.000000 0.061389 0.031590 0.000000 0.032593 0.000000 0.000000 0.000000 0.000000 0.000000 0.022788 0.000000 0.022408 0.082734 0.035887 0.050611 0.000000 0.045495 0.094492 0.192060 0.000000 0.000000 0.116541 0.341708 0.061497 0.021464 0.000000 0.000000 0.000000 0.003888 0.099675 0.246652 0.000000 0.000000 0.000000 0.043617 0.000000 0.000000 0.000000 0.000000 0.000000 0.000000 0.000000 0.000000 0.000000 0.021494 0.000000 0.000000 0.000000 0.000000 0.043157 0.111508 0.000000 0.021687 0.000000 0.000000 0.000000 0.000000 0.021413 0.000000 0.000000 0.044378 0.043934 0.000000 0.000000 0.000000 0.150206 0.206222 0.172117 0.000000 0.030540 0.167632 0.000000 0.166849 0.068231 0.110363 0.000000 0.000000 0.022544 0.000000 0.022387 0.048352 1.126153 0.074517 0.000000 0.000000 0.436673 0.000000 0.000000 0.116499 0.000000 0.133253 0.273850 0.258234 0.105949 0.075217 0.088867 0.121501 0.208630 0.000000 0.022613 0.109175 0.051297 0.040706 0.666087 0.109003 0.000000 0.000000 0.129648 0.312423 0.000000 0.000000 0.670493 0.411590 0.014365 0.036264 0.178618 0.000000 0.000000 0.159083 0.115088 0.000000 0.000000 0.317168 0.281028 0.000000 0.000000 0.033465 0.020572 0.069580 0.010788 0.044628 0.210579 0.025084 0.000000 0.153779 0.000000 0.063828 0.109281 0.099370 0.000000 0.025156 0.000000 0.023272 0.044548 0.021957 0.039200 0.270064 0.135122 0.302701 0.195854 0.640987 0.000000 0.000000 0.148556 0.063970 0.080222 0.000000 0.090786 0.086472 0.121408 0.000000 0.271712 0.152690 0.022019 0.000000 0.000000 0.000000 0.076273 0.067548 0.134836 0.336234 0.098145 0.000000 0.118051 0.088335 0.137124 0.162428 0.700794 0.718136 0.393594 0.025322 0.020456 0.153419 0.257519 0.088135 0.000000 0.000000 0.429961 0.086775 0.091080 0.090004 0.040786 0.075301 0.083595 0.053948 0.078833 0.291782 0.056019 0.294272 0.137064 0.184408 1.174134 0.396980 0.019986 0.068637 0.021492 0.000000 0.000000 0.000000 0.062483 0.000000 0.000000 0.022913 0.000000 0.000000 0.915337
