
Printing out site pattern counts


       141         44  P

GNM13746                        --AEEEEEEF FFGGGGIIII KKKKKKLLLN NNPPSSSVVV VVVY
GNM13671                        --CEEELSTF FYGGGNAILV EKLNRSDEVA QSPPQRSFII TVVT
GNM13876                        --AEEYENAF YYGGGAVILS HRGEKGNAVA YKPPERALIV VVVP
GNM13680                        --LRSNVEKI YFGGGTAVLA RKGDIGDSVM RSPPAKSVLV VIVP
GNM14837                        --LRKSIESI FFAGGTAIVM KQGNMEDSVI RKPPRTKVMV VIAP
GNM14249                        --LRKSIESI FFAGGTAIVM KQGNTEDSVL RKPPRTRVLV VIAP
GNM13928                        --LRKSIESI FFAGGTAIVN KQGNTEDSVL RKPPRTSVMV VIAP
GNM13297                        --LLKKEEKF YYGGGSAVLV KKGDKSDSVL MKPPSRIVIV VILP
GNM14865                        --LTSDVDKF YYGGGSVVAV RRLGTEDAVD LSPPRSDLVI VIVA
GNM13455                        --MKKTIESI FFAGGTA--M K-GNTEDSVL -TPPRTKVLV I-AP
GNM14483                        --LRDAAEAI YYGGGSAVLV KRGSADDSLT RRPPARRALV VIVV
GNM14872                        --LRANTEKI YFGGGTAVLA KKGDISDSVM RAPPARSVLI VIVP
GNM13855                        --IKMDNEKI YYGGGIAVLV KK-QINNSIF REPSSKKVLI VIIP
GNM14445                        --SKQNVENF YHAGGTILLI KQEDTDDSVL RKPPSRKIIV IIAP
GNM14404                        --LKVESDVI FYGGGSAVIK VKLTKRDLIE NNPPSKFLIV TVVC
GNM14545                        --LKVESDVI FYGGGSAVIK VKLTKRDLIE NNPPSKFLIV TVVC
GNM14366                        --LRTKVEKI YYAGGTAIVA KRGNIEDSIL RSPPNRSVLV VIAS
GNM14252                        --LRKSIESI FFAGGTAIVM KQGNTEDSVL RKPPRTRVLV VIAP
GNM13760                        --LRKSIESI YYAGGTAIVN KQGNTEDSVL RKPPRTSVMV VIAP
GNM13982                        --LKKNNEKI FFAGGTAVVT KRSNISDSIL RNPPSQSVLV VIAP
GNM13960                        --LKKSVEKI YFAGGTAVVT KRSNIEDSVL RNPPKTAMLV VIAS
GNM14633                        --LKKNSEKI FFAGGTAVVT KRSNINDSIL RNPPSQSVLV VIAP
GNM14853                        --LKKNSEKI FFAGGTAVVT KRSNINDSIL RNPPSQSVLV VIAP
GNM14174                        --TVKDTDKI YYGDGTVVIF KKMNRENIVA NKPPSKSLVI LIVP
GNM14138                        --ASHEVDIF YYGNGIVLMF IKLQKENAVH NKPPSKCLVV TIVP
GNM14055                        --LKKSIEKI YFAGGTAVVV KRNNAEDSVM RKPPKVAVLV VIAL
GNM14748                        --LRKSVERI FFAGGTAVVM KQGNTNDSVL RKPPRTKVLV IIAP
GNM14246                        --APHEVDIF YYGNGIVVLF MKLEKEDAVD HHPPSKTLIV TIVP
GNM14640                        --ASSEVDVF YYGNGVVLVF KKLKKEDAVN NTPPSKSLVV AIVP
GNM14965                        --LGILLEKI YYGGGTAVLL KRGDIQDSVL RKPPAKAVVV VILP
GNM13677                        --AEEYENAF YYGGGAVILS YRGEKGNAVA YKPPSRALIV VVVP
GNM14339                        --GAEGLDRF YYGGGSILAS YKGDRGTVIT LDFKSRDLIV IVVL
GNM14593                        --CEEELNVF FYGGGTIILR IKLNKMDEVN NKPPQKSFVV VVVP
GNM14768                        --AEAEESPL FYGGGNVILV RELLMSDEVE SRFPHRNLVV IVIG
GNM14776                        --AETEESPL FYGGGNVILV RELLMSDEVE SRFPHRNLVV VVIG
GNM14715                        --LKETPEPI YFGGGSAVLG RRKSIEDSLA RGPPSRKALV VVLP
GNM14639                        --TKKTLETF YYGGGTVLLI FKGDKDDLVT NEPPSRNLTV VVVP
GNM13795                        --LRKSVEQI FFAGGTAVVM KQGNTNDSVL RKPPRTKVLV IIAP
GNM14166                        --LKKTIEKI YFAGGTAIVS KRGNVNDSIL RSPPAVDVMV VIAP
GNM13993                        --CKKKIEKI YYAGGNIILS KQGEIQDSIL RRPPSNKVII VIAP
GNM14450                        --LNTNVEKI YYAGGTAVII KKGDMADSIM RKPPSKKVLI VIAS
GNM13515                        --LKMSNEKI YFAGGTAIVT KKSNIENSIL RSPPDQKVLV VIAP
GNM13745                        --CKKEIEKF YYAGGSIILQ KKGEIKDSIL RRPPSNNVII IIAT
GNM14959                        --LRKSVDSI YYGGGPGIFY VKMQKYDLLD RAPPSKNAIL VVAP
GNM13413                        --PRPVPDVI RYGSGNVVIV RKYKKDDIIE FNPRDRDLVV VVVL
GNM14990                        --LKKSVEKI YFAGGTAVVT KRSNIEDSVL RNPPKTAMLV VIAS
GNM15005                        --LNKSVEKI YFAGGTAVVT KRSNIEDSVL RNPPKTAMLV VIAS
GNM15014                        -QLKWSIEKI YRSCGDAVVT RRSQIEDSVF RKPPKTAKLY VIAS
GNM14976                        --LKKSVEKI YFAGGTAVVT KRSNIEDSVL RNPPKTAMLV VIAS
GNM15022                        --LNKSVEKI YFAGGTAVVT KRSNIEDSVL RNPPKTAMLV VIAS
GNM14995                        ---RK-VEKI YFAGGTA--T K-SNIKDSVL -KPPKVTMMV V-AS
GNM15017                        --LRKSVEKI YFAGGTAVVT KRNNIEDSVL RKPPKVTMMV VIAS
GNM15018                        --LRKSIESI FFAGGTAIVM KQGNTEDSVL RKPPRTRVLV VIAP
GNM15024                        --LRKSIESI FFAGGTAIVM KQGNTEDSVL RKPPRTRVLV VIAP
GNM14980                        --LRKSIESI FFAGGTAIVM KQGNTEDSVL RKPPRTRVLV VIAP
GNM15000                        --LRKSIESI FFAGGTAIVM KQGNTEDSVL RKPPRTRVLV VIAP
GNM15026                        --LR-SFE-I YFA-GTAVVT KRNNIDNSVM RKPPNVAWLV VIAS
GNM15001                        --LRKSIESI FFAGGTAIVM KQGNTEDSVL RKPPRTRVLV VIAP
GNM15003                        --LKKSVEKI YFAGGTAVVT KRSNIEDSVL RNPPKTAMLV VIAS
GNM11003                        E-IRKNPDEI YYGPGPAIWL KKKHEEDLVF KNPNSQNVIV VLVP
GNM11023                        --PEASPDEI FIGGGEIVVS YEDRRALVVR HGPPSGNLVV IVVV
GNM11146                        --VRKNVDQI YYGGGKAAMK VRMGKYDLII LSPPARNAII VVIP
GNM11220                        G-LYKEVDTI YYGDGSAIVV VKLTRRDVVL RNPNSKKLVV VIIP
GNM11223                        --AVREVDLL YYGGGSVLAF RKGKEGNEVE KKPPSRDLIV VVVV
GNM11224                        --AVREVDLM YYGGGGVLAF KKGKDGDEVK KDPPSRDLVV VVVV
GNM11225                        --TPRAVDMF YYGGGDIIAH KKRRNEDEVE KSPPSKRLVV IVVI
GNM11358                        --VRLEAEKI YYGGGVAVLA KREQINDSIF RKPSSKNVLI VIIP
GNM11360                        --LKKTIESI FFAGGTAIVM KQGNTEDSVL RTPPRTKVLV IIAP
GNM11362                        --SSASVETI YYAGGTIIMI KKGDMADSVL RKPPSRQLLL VIAP
GNM11367                        --LKKNNEKI FFAGGTAVVT KRSNISDSIL RNPPSQSVLV VIAP
GNM11377                        --LRANTEKI YFGGGTAVLS RKGDISDSVM RAPPARNVLI VIVP
GNM11380                        --LKKTIEKI YFAGGTAIVS KRGNVGDSVL RSPPAVDVMV VIAP
GNM11383                        --LRSRVENI FYGGGTAIVT RRGNIDDSIL RSPPARAVLV VIAS
GNM11491                        --LKSKAEDI MFAGGTAIAM RRGNASDSVL RKPPGTSVLV VIAL
GNM11804                        --AKSESDEI YFGGGDVVIY YKLKRKDVIK NRPPQRSLVV VIVP
GNM11805                        --VVQN-KKL YYG-GSALVT KRDKYENLIA EYPPGASVIV VLAI
GNM12883                        --LRANAEKI YFGGGTAVLS RRGDIGDSVM RAPPAKNVLI IIVP
GNM12886                        --LRSNVEKI YFGGGTAVLI KKGDIGDSVM RSPPAKSVLV VIVP
GNM12892                        --LGILLEKI YYGGGTAVLL KRGDIQDSVL RKPPAKAVVV VILP
GNM12895                        --LNTNVEKI YYAGGTAVII KKGDMADSIM RKPPSKKVLI VIAS
GNM13060                        --AEKEEEEF FFGGGNIIII RKKKKKLLIN NNPPSTSVVV VVVY
GNM13061                        --APEVQEEF YYGNGELAIL KSKFKKTLVV NRPPNKSLTV VVIP
GNM13062                        --LKDSAEPI YFGGGSAVLV KKRSAEDSLV RNPPAKKALV VIVV
GNM13064                        --CKKKIEKI YYAGGNIILS KQGEIQDSIL RRPPSNKVII VIAP
GNM13066                        --CKKKIEKI YYAGGNVILS KQGDIEDSIL RRPPSNKVIV VIAP
GNM11032                        --AHESPDKF YFGGGTVVAS HRGRRLDVID YKFPGSELVV VVVI
GNM11363                        --SSASVETI YYAGGTIIMI KKGDMADSVL RKPPSRQLLL VIAP
GNM11375                        --LRKSIESI FYAGGTAIXN KQGNTEDSVL XKPPRTSVMV VIAP
GNM11381                        --LKATVEKI FYGGGTAIVT KKGNIDDSIL RSPPARSVLV VIAS
GNM11382                        --LKQKIEKI YYADGTAIVT KRGNINDSVL RTPPKRSVMV VIAS
GNM11799                        --LKKSVEKI YFAGGTAVVT KRSNIEDSVL RKPPKTAMLV VIAS
GNM11841                        --ATAPVDVF YYGGGDLVAV SRLTSEDAVS LEPPRQELVV VVVP
GNM11931                        --TTDDVDTF YYGGGDLVAV RRLGSQDAVD IQPPRDELVV VVVP
GNM12040                        --CTEDLDKF YYGGGEIALV RRLTTEDAVV LSPPQSSIVV TIIP
GNM12071                        --TTGEVDKF YYGGGDVAAV RRLDTEDAVN LSPPRADLVV VIVP
GNM12125                        --LPEESDVI YYGGGSAVIL VKLRKRDVIA YDPPERKVIL VVVP
GNM12126                        --LK-ETD-I F-MGGGVLYL KK-EK-DVIL I-PPENQ-IV VVAA
GNM12128                        --IKMEPDVI YFGSGRATII VRGRRADVIE LNPPNENLIL IIIV
GNM12182                        --ARGDPDKL YFASGALIWL KRQSEKDLVM KNPNKRSIVV VLAP
GNM12342                        --GKGKVDTF YYGSGNIALV KRNKL--KII FKPPKKAAIV VIIP
GNM12346                        --LREEVDRF YFGNGRVILY TRMKKKTSVD HKPPADKVIV EIVV
GNM12351                        --GREELGKI YYGNGGIVLN KRVDKKDSIM GSPSSRNVVV VLIV
GNM12356                        --TKQSKDEF YYGSGNVGLY KIKDIDKKIL KGPPKKNAII AIIP
GNM12357                        --VKDKEDHF YFGSGSVGIY KRIEIDKKIY KKPPEKEVVI VIIP
GNM12373                        --SSDDADKY YYGGGTLVLV KESDLEDTVS LQPSRRSLLI VIVC
GNM12551                        --ARKDVDEF YFGGGSVALV VRRRRRTAVK NRPPKEDLVI AIID
GNM12592                        --RKSDVDMF YYGGGRVVLS KRSGRRDIVA KKPPRTELIV LIVP
GNM12596                        --GREDVSRF YYGNGKFILA TRLRKKDLIF NAPPHNKVVI VIVG
GNM12602                        --GREDISRF YYGDGKFILV TRLRKKDLIF NAPPHNDVVI VIVG
GNM12665                        --GREDVSRF YYGNGKFILS TRLRKKDLIF NAPPHNNVII VIVG
GNM12745                        --SPENTDAF YYGGGKIVLN KPHKKKNSIS KQPPQKKVII TIIT
GNM12758                        --SREDVDTF YYGGGRIAIH KRGAKSTSIS RDPPNKRLIV TIIP
GNM12763                        --VKTKVRTF YFGGGIIALK NKNNDSSTIA FDPPNIKIVV TVIP
GNM12766                        --AKENIDVF YIGGGKVGLY KRFGIKNKVF KKPPRKNYVI VIIP
GNM12841                        --LSEALDKF YYGGGDVALV RRLDSENAVA LEPPRDDLVI VVVP
GNM12849                        --LKKTIESI FFAGGTAIVM KQGNTEDSVL RTPPRTKVLV IIAP
GNM12869                        --LRKSIESI FFAGGTAIVM KQGNTEDSVL RKPPRTRVLV VIAP
GNM12896                        --LKKTIEKI YFAGGTAIVS KRGNVNDSVL RSPPAVDVMV VIAP
GNM12897                        --LKKTIEKI YFAGGTAIVS KRGNVSDSVL RSPPAVDVMV IIAP
GNM12902                        --INKD-KDL YYG-GEAIMI KRGKRDSLVR EDPPNKRVII VLVL
GNM12903                        --LIQFIDAI YYGGGSGV-Y IRMRKYTLVT -TPNNKKIVL IMVA
GNM12906                        --LKQAIDPI YYGGGEGILY TKMRKYTLVV NTPNNKKLVL VVVP
GNM12907                        --LKQSIDSI YYGGGAGVLY VRMKKFTLVL NTPNSKKLVL VVVP
GNM12909                        --LKQNIDPI YYGGGVGVLY IKMRKYTLVY NTPNNKKLVL IVVP
GNM12915                        --SFQTVDVF YYGGGVVVLK IRLDKKDAVK LDPPRKKLVV VIIP
GNM10046                        --TFENVDVF YYGGGVVVLK IRLSKKDAVK FRPPMQKLVV VIIP
GNM12931                        --SRIYLDTI HYGGGSVVLV RKLKKSDVIE LSPRQRDYVI VIVP
GNM12938                        --GRGNPDKI YFASGTIIWL KFGKYEDLVL KKPNANKLVI VIAP
GNM12996                        --LKEKVDKL YFGNGKAIIL KKENMGNLID KKPNEQKIVI VLAL
GNM13027                        --GRGNPDKI YYGQGSILWL KKGELEDLVL KQPNENELII VLAP
GNM13046                        --LKKSVEKI YFAGGTAIVT KRSNIEDSIL RKPPKSGVMV IIAP
GNM13053                        --APQELEKF YYAKGTLLLA KRGDVEDSVM RKPPARKVLV VIAP
GNM13074                        --SLQNVDVF YYGGGVILLK IRLKKKDAVK FDPPMQKLVV VIVP
GNM10010                        --TFSNVDVF FYGGGVVILK IRLKKKDAVR FDPPATKLVI VIVP
GNM10014                        --TPANVDLF YYGGGVVVLK VRLKKKDAVR FEPPYKNLVV VIVP
GNM13090                        --TMADVDLF YYGGGVVLLK VRLKKKDAVR FNPPRTKLVV VIVP
GNM13118                        --ALKSVDLI FYGGGEVVLY YEASKEDLVD NKPPSMTLVV VVVV
GNM13128                        --LKDDQKEM YYGEGKGVMI YKGPSSDLID EKSPEQDIVL VVVL
GNM13208                        --LRQSLDSI YYGGGSGVLY TKMIRYTLVV NSPRSKDIVI VVVP
GNM13210                        --CRTEPDLI RYGGGNAILV RSMPKEDVIE NEPREREYLI VVVL
GNM12773                        --IMEKVDKI YYGGGIIIIF KELKKEDIVT NNPPSKVVII TIIP



    1    1    1    1    1    1    1    1    1    1    1    1    1    1    1
    1    1    1    1    1    1    1    1    1    1    1    1    1    1    1
    1    1    1    1    1    1    1    1    1    1    1    1    1    1

AAML (in paml version 4.9h, March 2018)  tmp0032.txt
Model: Empirical,  (../wag.dat) dGamma (ncatG=4) ns = 141  ls =  44


Frequencies..
                                    A      R      N      D      C      Q      E      G      H      I      L      K      M      F      P      S      T      W      Y      V
GNM13746                       0.02381 0.00000 0.07143 0.00000 0.00000 0.00000 0.14286 0.09524 0.00000 0.09524 0.07143 0.14286 0.00000 0.07143 0.04762 0.07143 0.00000 0.00000 0.02381 0.14286
GNM13671                       0.04762 0.04762 0.04762 0.02381 0.02381 0.04762 0.11905 0.07143 0.00000 0.07143 0.07143 0.02381 0.00000 0.07143 0.04762 0.09524 0.07143 0.00000 0.02381 0.09524
GNM13876                       0.14286 0.04762 0.04762 0.00000 0.00000 0.00000 0.11905 0.11905 0.02381 0.04762 0.04762 0.04762 0.00000 0.02381 0.07143 0.02381 0.00000 0.00000 0.09524 0.14286
GNM13680                       0.07143 0.07143 0.02381 0.04762 0.00000 0.00000 0.02381 0.11905 0.00000 0.07143 0.07143 0.07143 0.02381 0.02381 0.07143 0.09524 0.02381 0.00000 0.02381 0.16667
GNM14837                       0.07143 0.07143 0.02381 0.02381 0.00000 0.02381 0.04762 0.07143 0.00000 0.11905 0.02381 0.09524 0.07143 0.04762 0.07143 0.07143 0.04762 0.00000 0.00000 0.11905
GNM14249                       0.07143 0.09524 0.02381 0.02381 0.00000 0.02381 0.04762 0.07143 0.00000 0.09524 0.07143 0.07143 0.02381 0.04762 0.07143 0.07143 0.07143 0.00000 0.00000 0.11905
GNM13928                       0.07143 0.07143 0.04762 0.02381 0.00000 0.02381 0.04762 0.07143 0.00000 0.09524 0.04762 0.07143 0.02381 0.04762 0.07143 0.09524 0.07143 0.00000 0.00000 0.11905
GNM13297                       0.02381 0.02381 0.00000 0.04762 0.00000 0.00000 0.04762 0.09524 0.00000 0.07143 0.11905 0.16667 0.02381 0.02381 0.07143 0.09524 0.00000 0.00000 0.04762 0.14286
GNM14865                       0.07143 0.07143 0.00000 0.11905 0.00000 0.00000 0.02381 0.09524 0.00000 0.04762 0.09524 0.02381 0.00000 0.02381 0.04762 0.09524 0.04762 0.00000 0.04762 0.19048
GNM13455                       0.08108 0.02703 0.02703 0.02703 0.00000 0.00000 0.05405 0.08108 0.00000 0.08108 0.05405 0.10811 0.05405 0.05405 0.08108 0.05405 0.13514 0.00000 0.00000 0.08108
GNM14483                       0.16667 0.14286 0.00000 0.07143 0.00000 0.00000 0.02381 0.09524 0.00000 0.04762 0.09524 0.02381 0.00000 0.00000 0.04762 0.07143 0.02381 0.00000 0.04762 0.14286
GNM14872                       0.11905 0.07143 0.02381 0.04762 0.00000 0.00000 0.02381 0.09524 0.00000 0.09524 0.07143 0.07143 0.02381 0.02381 0.07143 0.07143 0.04762 0.00000 0.02381 0.11905
GNM13855                       0.02439 0.02439 0.07317 0.02439 0.00000 0.02439 0.04878 0.07317 0.00000 0.19512 0.04878 0.14634 0.02439 0.02439 0.04878 0.07317 0.00000 0.00000 0.04878 0.09756
GNM14445                       0.04762 0.04762 0.04762 0.07143 0.00000 0.04762 0.04762 0.04762 0.02381 0.14286 0.07143 0.09524 0.00000 0.02381 0.07143 0.07143 0.04762 0.00000 0.02381 0.07143
GNM14404                       0.02381 0.02381 0.04762 0.04762 0.02381 0.00000 0.04762 0.07143 0.00000 0.09524 0.09524 0.11905 0.00000 0.04762 0.04762 0.07143 0.04762 0.00000 0.02381 0.16667
GNM14545                       0.02381 0.02381 0.04762 0.04762 0.02381 0.00000 0.04762 0.07143 0.00000 0.09524 0.09524 0.11905 0.00000 0.04762 0.04762 0.07143 0.04762 0.00000 0.02381 0.16667
GNM14366                       0.09524 0.09524 0.04762 0.02381 0.00000 0.00000 0.04762 0.07143 0.00000 0.11905 0.07143 0.07143 0.00000 0.00000 0.04762 0.09524 0.04762 0.00000 0.04762 0.11905
GNM14252                       0.07143 0.09524 0.02381 0.02381 0.00000 0.02381 0.04762 0.07143 0.00000 0.09524 0.07143 0.07143 0.02381 0.04762 0.07143 0.07143 0.07143 0.00000 0.00000 0.11905
GNM13760                       0.07143 0.07143 0.04762 0.02381 0.00000 0.02381 0.04762 0.07143 0.00000 0.09524 0.04762 0.07143 0.02381 0.00000 0.07143 0.09524 0.07143 0.00000 0.04762 0.11905
GNM13982                       0.07143 0.04762 0.09524 0.02381 0.00000 0.02381 0.02381 0.04762 0.00000 0.09524 0.07143 0.09524 0.00000 0.04762 0.07143 0.11905 0.04762 0.00000 0.00000 0.11905
GNM13960                       0.09524 0.04762 0.04762 0.02381 0.00000 0.00000 0.04762 0.04762 0.00000 0.07143 0.07143 0.11905 0.02381 0.02381 0.04762 0.09524 0.07143 0.00000 0.02381 0.14286
GNM14633                       0.07143 0.04762 0.09524 0.02381 0.00000 0.02381 0.02381 0.04762 0.00000 0.09524 0.07143 0.09524 0.00000 0.04762 0.07143 0.11905 0.04762 0.00000 0.00000 0.11905
GNM14853                       0.07143 0.04762 0.09524 0.02381 0.00000 0.02381 0.02381 0.04762 0.00000 0.09524 0.07143 0.09524 0.00000 0.04762 0.07143 0.11905 0.04762 0.00000 0.00000 0.11905
GNM14174                       0.02381 0.02381 0.07143 0.07143 0.00000 0.00000 0.02381 0.04762 0.00000 0.11905 0.04762 0.14286 0.02381 0.02381 0.07143 0.04762 0.07143 0.00000 0.04762 0.14286
GNM14138                       0.04762 0.00000 0.07143 0.02381 0.02381 0.02381 0.04762 0.04762 0.04762 0.09524 0.07143 0.09524 0.02381 0.04762 0.07143 0.04762 0.02381 0.00000 0.04762 0.14286
GNM14055                       0.11905 0.04762 0.04762 0.02381 0.00000 0.00000 0.04762 0.04762 0.00000 0.07143 0.07143 0.14286 0.02381 0.02381 0.04762 0.04762 0.02381 0.00000 0.02381 0.19048
GNM14748                       0.07143 0.09524 0.04762 0.02381 0.00000 0.02381 0.02381 0.07143 0.00000 0.07143 0.07143 0.09524 0.02381 0.04762 0.07143 0.04762 0.07143 0.00000 0.00000 0.14286
GNM14246                       0.04762 0.00000 0.02381 0.07143 0.00000 0.00000 0.07143 0.04762 0.07143 0.09524 0.07143 0.07143 0.02381 0.04762 0.09524 0.02381 0.04762 0.00000 0.04762 0.14286
GNM14640                       0.07143 0.00000 0.07143 0.04762 0.00000 0.00000 0.04762 0.04762 0.00000 0.02381 0.07143 0.11905 0.00000 0.04762 0.07143 0.09524 0.02381 0.00000 0.04762 0.21429
GNM14965                       0.07143 0.04762 0.00000 0.04762 0.00000 0.02381 0.02381 0.11905 0.00000 0.09524 0.16667 0.09524 0.00000 0.00000 0.07143 0.02381 0.02381 0.00000 0.04762 0.14286
GNM13677                       0.14286 0.04762 0.04762 0.00000 0.00000 0.00000 0.09524 0.11905 0.00000 0.04762 0.04762 0.04762 0.00000 0.02381 0.07143 0.04762 0.00000 0.00000 0.11905 0.14286
GNM14339                       0.04762 0.07143 0.00000 0.09524 0.00000 0.00000 0.02381 0.16667 0.00000 0.09524 0.11905 0.04762 0.00000 0.04762 0.00000 0.07143 0.04762 0.00000 0.07143 0.09524
GNM14593                       0.00000 0.02381 0.09524 0.02381 0.02381 0.02381 0.09524 0.07143 0.00000 0.07143 0.07143 0.09524 0.02381 0.07143 0.07143 0.02381 0.02381 0.00000 0.02381 0.16667
GNM14768                       0.04762 0.07143 0.04762 0.02381 0.00000 0.00000 0.14286 0.09524 0.02381 0.07143 0.11905 0.00000 0.02381 0.04762 0.04762 0.07143 0.00000 0.00000 0.02381 0.14286
GNM14776                       0.02381 0.07143 0.04762 0.02381 0.00000 0.00000 0.14286 0.09524 0.02381 0.04762 0.11905 0.00000 0.02381 0.04762 0.04762 0.07143 0.02381 0.00000 0.02381 0.16667
GNM14715                       0.07143 0.09524 0.00000 0.02381 0.00000 0.00000 0.07143 0.11905 0.00000 0.04762 0.11905 0.07143 0.00000 0.02381 0.11905 0.09524 0.02381 0.00000 0.02381 0.09524
GNM14639                       0.00000 0.02381 0.04762 0.07143 0.00000 0.00000 0.04762 0.09524 0.00000 0.02381 0.11905 0.09524 0.00000 0.04762 0.07143 0.02381 0.14286 0.00000 0.04762 0.14286
GNM13795                       0.07143 0.07143 0.04762 0.02381 0.00000 0.04762 0.02381 0.07143 0.00000 0.07143 0.07143 0.09524 0.02381 0.04762 0.07143 0.04762 0.07143 0.00000 0.00000 0.14286
GNM14166                       0.09524 0.04762 0.04762 0.04762 0.00000 0.00000 0.02381 0.07143 0.00000 0.11905 0.04762 0.09524 0.02381 0.02381 0.07143 0.07143 0.04762 0.00000 0.02381 0.14286
GNM13993                       0.04762 0.04762 0.04762 0.02381 0.02381 0.04762 0.04762 0.07143 0.00000 0.21429 0.04762 0.14286 0.00000 0.00000 0.07143 0.07143 0.00000 0.00000 0.04762 0.04762
GNM14450                       0.09524 0.02381 0.04762 0.04762 0.00000 0.00000 0.02381 0.07143 0.00000 0.14286 0.04762 0.14286 0.04762 0.00000 0.04762 0.07143 0.04762 0.00000 0.04762 0.09524
GNM13515                       0.07143 0.02381 0.07143 0.02381 0.00000 0.02381 0.04762 0.04762 0.00000 0.11905 0.07143 0.11905 0.02381 0.02381 0.07143 0.09524 0.04762 0.00000 0.02381 0.09524
GNM13745                       0.04762 0.04762 0.04762 0.02381 0.02381 0.02381 0.07143 0.07143 0.00000 0.21429 0.04762 0.14286 0.00000 0.02381 0.04762 0.07143 0.02381 0.00000 0.04762 0.02381
GNM14959                       0.07143 0.04762 0.02381 0.07143 0.00000 0.02381 0.00000 0.09524 0.00000 0.07143 0.09524 0.09524 0.02381 0.02381 0.09524 0.07143 0.00000 0.00000 0.09524 0.09524
GNM13413                       0.00000 0.11905 0.04762 0.11905 0.00000 0.00000 0.02381 0.04762 0.00000 0.09524 0.04762 0.07143 0.00000 0.02381 0.09524 0.02381 0.00000 0.00000 0.04762 0.23810
GNM14990                       0.09524 0.04762 0.04762 0.02381 0.00000 0.00000 0.04762 0.04762 0.00000 0.07143 0.07143 0.11905 0.02381 0.02381 0.04762 0.09524 0.07143 0.00000 0.02381 0.14286
GNM15005                       0.09524 0.04762 0.07143 0.02381 0.00000 0.00000 0.04762 0.04762 0.00000 0.07143 0.07143 0.09524 0.02381 0.02381 0.04762 0.09524 0.07143 0.00000 0.02381 0.14286
GNM15014                       0.06977 0.09302 0.00000 0.04651 0.02326 0.04651 0.04651 0.02326 0.00000 0.09302 0.04651 0.11628 0.00000 0.02326 0.04651 0.11628 0.04651 0.02326 0.04651 0.09302
GNM14976                       0.09524 0.04762 0.04762 0.02381 0.00000 0.00000 0.04762 0.04762 0.00000 0.07143 0.07143 0.11905 0.02381 0.02381 0.04762 0.09524 0.07143 0.00000 0.02381 0.14286
GNM15022                       0.09524 0.04762 0.07143 0.02381 0.00000 0.00000 0.04762 0.04762 0.00000 0.07143 0.07143 0.09524 0.02381 0.02381 0.04762 0.09524 0.07143 0.00000 0.02381 0.14286
GNM14995                       0.08571 0.02857 0.02857 0.02857 0.00000 0.00000 0.02857 0.05714 0.00000 0.05714 0.02857 0.17143 0.05714 0.02857 0.05714 0.08571 0.08571 0.00000 0.02857 0.14286
GNM15017                       0.07143 0.07143 0.04762 0.02381 0.00000 0.00000 0.04762 0.04762 0.00000 0.07143 0.04762 0.11905 0.04762 0.02381 0.04762 0.07143 0.07143 0.00000 0.02381 0.16667
GNM15018                       0.07143 0.09524 0.02381 0.02381 0.00000 0.02381 0.04762 0.07143 0.00000 0.09524 0.07143 0.07143 0.02381 0.04762 0.07143 0.07143 0.07143 0.00000 0.00000 0.11905
GNM15024                       0.07143 0.09524 0.02381 0.02381 0.00000 0.02381 0.04762 0.07143 0.00000 0.09524 0.07143 0.07143 0.02381 0.04762 0.07143 0.07143 0.07143 0.00000 0.00000 0.11905
GNM14980                       0.07143 0.09524 0.02381 0.02381 0.00000 0.02381 0.04762 0.07143 0.00000 0.09524 0.07143 0.07143 0.02381 0.04762 0.07143 0.07143 0.07143 0.00000 0.00000 0.11905
GNM15000                       0.07143 0.09524 0.02381 0.02381 0.00000 0.02381 0.04762 0.07143 0.00000 0.09524 0.07143 0.07143 0.02381 0.04762 0.07143 0.07143 0.07143 0.00000 0.00000 0.11905
GNM15026                       0.10256 0.07692 0.10256 0.02564 0.00000 0.00000 0.02564 0.02564 0.00000 0.07692 0.05128 0.05128 0.02564 0.05128 0.05128 0.07692 0.05128 0.02564 0.02564 0.15385
GNM15001                       0.07143 0.09524 0.02381 0.02381 0.00000 0.02381 0.04762 0.07143 0.00000 0.09524 0.07143 0.07143 0.02381 0.04762 0.07143 0.07143 0.07143 0.00000 0.00000 0.11905
GNM15003                       0.09524 0.04762 0.04762 0.02381 0.00000 0.00000 0.04762 0.04762 0.00000 0.07143 0.07143 0.11905 0.02381 0.02381 0.04762 0.09524 0.07143 0.00000 0.02381 0.14286
GNM11003                       0.02326 0.02326 0.09302 0.04651 0.00000 0.02326 0.09302 0.04651 0.02326 0.09302 0.06977 0.11628 0.00000 0.02326 0.11628 0.02326 0.00000 0.02326 0.04651 0.11628
GNM11023                       0.04762 0.07143 0.02381 0.04762 0.00000 0.00000 0.09524 0.11905 0.02381 0.09524 0.04762 0.00000 0.00000 0.02381 0.09524 0.07143 0.00000 0.00000 0.02381 0.21429
GNM11146                       0.09524 0.07143 0.04762 0.04762 0.00000 0.02381 0.00000 0.09524 0.00000 0.14286 0.04762 0.09524 0.04762 0.00000 0.07143 0.02381 0.00000 0.00000 0.07143 0.11905
GNM11220                       0.02326 0.06977 0.04651 0.06977 0.00000 0.00000 0.02326 0.06977 0.00000 0.09302 0.09302 0.09302 0.00000 0.00000 0.04651 0.04651 0.04651 0.00000 0.06977 0.20930
GNM11223                       0.04762 0.07143 0.02381 0.04762 0.00000 0.00000 0.09524 0.11905 0.00000 0.02381 0.09524 0.09524 0.00000 0.02381 0.04762 0.04762 0.00000 0.00000 0.04762 0.21429
GNM11224                       0.04762 0.04762 0.00000 0.11905 0.00000 0.00000 0.04762 0.14286 0.00000 0.00000 0.07143 0.11905 0.02381 0.02381 0.04762 0.02381 0.00000 0.00000 0.04762 0.23810
GNM11225                       0.04762 0.09524 0.02381 0.07143 0.00000 0.00000 0.07143 0.07143 0.02381 0.09524 0.02381 0.09524 0.02381 0.02381 0.07143 0.04762 0.02381 0.00000 0.04762 0.14286
GNM11358                       0.07143 0.07143 0.04762 0.02381 0.00000 0.02381 0.07143 0.07143 0.00000 0.14286 0.07143 0.09524 0.00000 0.02381 0.04762 0.07143 0.00000 0.00000 0.04762 0.11905
GNM11360                       0.07143 0.04762 0.02381 0.02381 0.00000 0.02381 0.04762 0.07143 0.00000 0.11905 0.07143 0.09524 0.02381 0.04762 0.07143 0.04762 0.11905 0.00000 0.00000 0.09524
GNM11362                       0.09524 0.04762 0.00000 0.04762 0.00000 0.02381 0.02381 0.07143 0.00000 0.11905 0.09524 0.07143 0.04762 0.00000 0.07143 0.11905 0.04762 0.00000 0.04762 0.07143
GNM11367                       0.07143 0.04762 0.09524 0.02381 0.00000 0.02381 0.02381 0.04762 0.00000 0.09524 0.07143 0.09524 0.00000 0.04762 0.07143 0.11905 0.04762 0.00000 0.00000 0.11905
GNM11377                       0.09524 0.09524 0.04762 0.04762 0.00000 0.00000 0.02381 0.09524 0.00000 0.09524 0.07143 0.04762 0.02381 0.02381 0.07143 0.07143 0.04762 0.00000 0.02381 0.11905
GNM11380                       0.09524 0.04762 0.02381 0.04762 0.00000 0.00000 0.02381 0.09524 0.00000 0.09524 0.04762 0.09524 0.02381 0.02381 0.07143 0.07143 0.04762 0.00000 0.02381 0.16667
GNM11383                       0.09524 0.14286 0.04762 0.04762 0.00000 0.00000 0.02381 0.09524 0.00000 0.11905 0.07143 0.00000 0.00000 0.02381 0.04762 0.09524 0.04762 0.00000 0.02381 0.11905
GNM11491                       0.14286 0.07143 0.02381 0.04762 0.00000 0.00000 0.02381 0.09524 0.00000 0.07143 0.09524 0.07143 0.04762 0.02381 0.04762 0.09524 0.04762 0.00000 0.00000 0.09524
GNM11804                       0.02381 0.07143 0.02381 0.07143 0.00000 0.02381 0.04762 0.07143 0.00000 0.09524 0.04762 0.11905 0.00000 0.02381 0.07143 0.07143 0.00000 0.00000 0.07143 0.16667
GNM11805                       0.10000 0.02500 0.05000 0.02500 0.00000 0.02500 0.05000 0.07500 0.00000 0.07500 0.10000 0.10000 0.00000 0.00000 0.05000 0.05000 0.02500 0.00000 0.10000 0.15000
GNM12883                       0.11905 0.09524 0.04762 0.04762 0.00000 0.00000 0.02381 0.11905 0.00000 0.11905 0.07143 0.04762 0.02381 0.02381 0.07143 0.04762 0.02381 0.00000 0.02381 0.09524
GNM12886                       0.04762 0.04762 0.02381 0.04762 0.00000 0.00000 0.02381 0.11905 0.00000 0.09524 0.07143 0.09524 0.02381 0.02381 0.07143 0.09524 0.02381 0.00000 0.02381 0.16667
GNM12892                       0.07143 0.04762 0.00000 0.04762 0.00000 0.02381 0.02381 0.11905 0.00000 0.09524 0.16667 0.09524 0.00000 0.00000 0.07143 0.02381 0.02381 0.00000 0.04762 0.14286
GNM12895                       0.09524 0.02381 0.04762 0.04762 0.00000 0.00000 0.02381 0.07143 0.00000 0.14286 0.04762 0.14286 0.04762 0.00000 0.04762 0.07143 0.04762 0.00000 0.04762 0.09524
GNM13060                       0.02381 0.02381 0.09524 0.00000 0.00000 0.00000 0.11905 0.07143 0.00000 0.11905 0.04762 0.14286 0.00000 0.07143 0.04762 0.04762 0.02381 0.00000 0.02381 0.14286
GNM13061                       0.04762 0.02381 0.07143 0.00000 0.00000 0.02381 0.09524 0.04762 0.00000 0.04762 0.09524 0.11905 0.00000 0.04762 0.09524 0.04762 0.04762 0.00000 0.04762 0.14286
GNM13062                       0.11905 0.04762 0.02381 0.04762 0.00000 0.00000 0.04762 0.07143 0.00000 0.04762 0.09524 0.11905 0.00000 0.02381 0.07143 0.09524 0.00000 0.00000 0.02381 0.16667
GNM13064                       0.04762 0.04762 0.04762 0.02381 0.02381 0.04762 0.04762 0.07143 0.00000 0.21429 0.04762 0.14286 0.00000 0.00000 0.07143 0.07143 0.00000 0.00000 0.04762 0.04762
GNM13066                       0.04762 0.04762 0.04762 0.04762 0.02381 0.02381 0.04762 0.07143 0.00000 0.16667 0.04762 0.14286 0.00000 0.00000 0.07143 0.07143 0.00000 0.00000 0.04762 0.09524
GNM11032                       0.04762 0.07143 0.00000 0.07143 0.00000 0.00000 0.04762 0.11905 0.04762 0.04762 0.04762 0.04762 0.00000 0.07143 0.04762 0.07143 0.02381 0.00000 0.04762 0.19048
GNM11363                       0.09524 0.04762 0.00000 0.04762 0.00000 0.02381 0.02381 0.07143 0.00000 0.11905 0.09524 0.07143 0.04762 0.00000 0.07143 0.11905 0.04762 0.00000 0.04762 0.07143
GNM11375                       0.07500 0.05000 0.05000 0.02500 0.00000 0.02500 0.05000 0.07500 0.00000 0.10000 0.05000 0.07500 0.02500 0.02500 0.07500 0.10000 0.07500 0.00000 0.02500 0.10000
GNM11381                       0.09524 0.04762 0.02381 0.04762 0.00000 0.00000 0.02381 0.09524 0.00000 0.11905 0.07143 0.09524 0.00000 0.02381 0.04762 0.09524 0.07143 0.00000 0.02381 0.11905
GNM11382                       0.07143 0.07143 0.04762 0.04762 0.00000 0.02381 0.02381 0.04762 0.00000 0.11905 0.04762 0.11905 0.02381 0.00000 0.04762 0.07143 0.07143 0.00000 0.04762 0.11905
GNM11799                       0.09524 0.04762 0.02381 0.02381 0.00000 0.00000 0.04762 0.04762 0.00000 0.07143 0.07143 0.14286 0.02381 0.02381 0.04762 0.09524 0.07143 0.00000 0.02381 0.14286
GNM11841                       0.09524 0.04762 0.00000 0.07143 0.00000 0.02381 0.07143 0.07143 0.00000 0.00000 0.09524 0.00000 0.00000 0.02381 0.09524 0.07143 0.04762 0.00000 0.04762 0.23810
GNM11931                       0.04762 0.07143 0.00000 0.16667 0.00000 0.04762 0.02381 0.09524 0.00000 0.02381 0.07143 0.00000 0.00000 0.02381 0.07143 0.02381 0.07143 0.00000 0.04762 0.21429
GNM12040                       0.04762 0.04762 0.00000 0.07143 0.02381 0.02381 0.07143 0.07143 0.00000 0.09524 0.09524 0.02381 0.00000 0.02381 0.07143 0.07143 0.09524 0.00000 0.04762 0.11905
GNM12071                       0.09524 0.07143 0.02381 0.11905 0.00000 0.00000 0.04762 0.09524 0.00000 0.02381 0.07143 0.02381 0.00000 0.02381 0.07143 0.02381 0.07143 0.00000 0.04762 0.19048
GNM12125                       0.04762 0.07143 0.00000 0.07143 0.00000 0.00000 0.07143 0.07143 0.00000 0.09524 0.09524 0.07143 0.00000 0.00000 0.09524 0.04762 0.00000 0.00000 0.07143 0.19048
GNM12126                       0.05714 0.00000 0.02857 0.05714 0.00000 0.02857 0.08571 0.08571 0.00000 0.11429 0.11429 0.11429 0.02857 0.02857 0.05714 0.00000 0.02857 0.00000 0.02857 0.14286
GNM12128                       0.04762 0.09524 0.07143 0.04762 0.00000 0.00000 0.07143 0.07143 0.00000 0.21429 0.07143 0.02381 0.02381 0.02381 0.07143 0.02381 0.02381 0.00000 0.02381 0.09524
GNM12182                       0.09524 0.07143 0.04762 0.07143 0.00000 0.02381 0.02381 0.04762 0.00000 0.04762 0.11905 0.11905 0.02381 0.02381 0.07143 0.07143 0.00000 0.02381 0.02381 0.09524
GNM12342                       0.07500 0.02500 0.05000 0.02500 0.00000 0.00000 0.00000 0.10000 0.00000 0.15000 0.05000 0.20000 0.00000 0.05000 0.07500 0.02500 0.02500 0.00000 0.05000 0.10000
GNM12346                       0.02381 0.09524 0.02381 0.07143 0.00000 0.00000 0.07143 0.04762 0.02381 0.07143 0.04762 0.11905 0.02381 0.04762 0.04762 0.02381 0.04762 0.00000 0.04762 0.16667
GNM12351                       0.00000 0.07143 0.07143 0.04762 0.00000 0.00000 0.04762 0.14286 0.00000 0.09524 0.07143 0.09524 0.02381 0.00000 0.02381 0.09524 0.00000 0.00000 0.04762 0.16667
GNM12356                       0.04762 0.00000 0.04762 0.07143 0.00000 0.02381 0.02381 0.09524 0.00000 0.16667 0.04762 0.21429 0.00000 0.02381 0.07143 0.04762 0.02381 0.00000 0.07143 0.02381
GNM12357                       0.00000 0.02381 0.00000 0.07143 0.00000 0.00000 0.09524 0.07143 0.02381 0.16667 0.00000 0.19048 0.00000 0.04762 0.07143 0.04762 0.00000 0.00000 0.07143 0.11905
GNM12373                       0.02381 0.04762 0.00000 0.11905 0.02381 0.02381 0.04762 0.07143 0.00000 0.04762 0.14286 0.04762 0.00000 0.00000 0.02381 0.14286 0.04762 0.00000 0.07143 0.11905
GNM12551                       0.09524 0.16667 0.02381 0.09524 0.00000 0.00000 0.04762 0.07143 0.00000 0.07143 0.04762 0.07143 0.00000 0.04762 0.04762 0.02381 0.02381 0.00000 0.02381 0.14286
GNM12592                       0.02381 0.14286 0.00000 0.07143 0.00000 0.00000 0.02381 0.09524 0.00000 0.07143 0.07143 0.09524 0.02381 0.02381 0.07143 0.07143 0.02381 0.00000 0.04762 0.14286
GNM12596                       0.04762 0.09524 0.07143 0.04762 0.00000 0.00000 0.02381 0.09524 0.02381 0.09524 0.07143 0.09524 0.00000 0.07143 0.04762 0.02381 0.02381 0.00000 0.04762 0.11905
GNM12602                       0.02381 0.09524 0.04762 0.09524 0.00000 0.00000 0.02381 0.09524 0.02381 0.11905 0.07143 0.07143 0.00000 0.07143 0.04762 0.02381 0.02381 0.00000 0.04762 0.11905
GNM12665                       0.02381 0.09524 0.09524 0.04762 0.00000 0.00000 0.02381 0.09524 0.02381 0.11905 0.07143 0.07143 0.00000 0.07143 0.04762 0.04762 0.02381 0.00000 0.04762 0.09524
GNM12745                       0.02381 0.00000 0.07143 0.02381 0.00000 0.04762 0.02381 0.07143 0.02381 0.14286 0.02381 0.19048 0.00000 0.02381 0.09524 0.07143 0.07143 0.00000 0.04762 0.04762
GNM12758                       0.04762 0.11905 0.02381 0.07143 0.00000 0.00000 0.02381 0.09524 0.02381 0.14286 0.02381 0.07143 0.00000 0.02381 0.07143 0.09524 0.07143 0.00000 0.04762 0.04762
GNM12763                       0.04762 0.02381 0.09524 0.04762 0.00000 0.00000 0.00000 0.07143 0.00000 0.14286 0.02381 0.11905 0.00000 0.07143 0.07143 0.04762 0.09524 0.00000 0.02381 0.11905
GNM12766                       0.02381 0.04762 0.07143 0.02381 0.00000 0.00000 0.02381 0.11905 0.00000 0.14286 0.02381 0.19048 0.00000 0.07143 0.07143 0.00000 0.00000 0.00000 0.07143 0.11905
GNM12841                       0.09524 0.07143 0.02381 0.11905 0.00000 0.00000 0.07143 0.07143 0.00000 0.02381 0.14286 0.02381 0.00000 0.02381 0.07143 0.04762 0.00000 0.00000 0.04762 0.16667
GNM12849                       0.07143 0.04762 0.02381 0.02381 0.00000 0.02381 0.04762 0.07143 0.00000 0.11905 0.07143 0.09524 0.02381 0.04762 0.07143 0.04762 0.11905 0.00000 0.00000 0.09524
GNM12869                       0.07143 0.09524 0.02381 0.02381 0.00000 0.02381 0.04762 0.07143 0.00000 0.09524 0.07143 0.07143 0.02381 0.04762 0.07143 0.07143 0.07143 0.00000 0.00000 0.11905
GNM12896                       0.09524 0.04762 0.04762 0.04762 0.00000 0.00000 0.02381 0.07143 0.00000 0.09524 0.04762 0.09524 0.02381 0.02381 0.07143 0.07143 0.04762 0.00000 0.02381 0.16667
GNM12897                       0.09524 0.04762 0.02381 0.04762 0.00000 0.00000 0.02381 0.07143 0.00000 0.11905 0.04762 0.09524 0.02381 0.02381 0.07143 0.09524 0.04762 0.00000 0.02381 0.14286
GNM12902                       0.02500 0.10000 0.05000 0.10000 0.00000 0.00000 0.05000 0.07500 0.00000 0.12500 0.10000 0.12500 0.02500 0.00000 0.05000 0.02500 0.00000 0.00000 0.05000 0.10000
GNM12903                       0.05000 0.05000 0.05000 0.02500 0.00000 0.02500 0.00000 0.10000 0.00000 0.15000 0.07500 0.07500 0.05000 0.02500 0.02500 0.02500 0.07500 0.00000 0.10000 0.10000
GNM12906                       0.02381 0.02381 0.07143 0.02381 0.00000 0.02381 0.02381 0.09524 0.00000 0.07143 0.11905 0.11905 0.02381 0.00000 0.07143 0.00000 0.07143 0.00000 0.09524 0.14286
GNM12907                       0.02381 0.02381 0.04762 0.02381 0.00000 0.02381 0.00000 0.09524 0.00000 0.04762 0.14286 0.11905 0.02381 0.02381 0.04762 0.07143 0.04762 0.00000 0.07143 0.16667
GNM12909                       0.00000 0.02381 0.09524 0.02381 0.00000 0.02381 0.00000 0.09524 0.00000 0.09524 0.11905 0.11905 0.02381 0.00000 0.07143 0.00000 0.04762 0.00000 0.11905 0.14286
GNM12915                       0.02381 0.04762 0.00000 0.09524 0.00000 0.02381 0.00000 0.07143 0.00000 0.07143 0.09524 0.14286 0.00000 0.04762 0.07143 0.02381 0.02381 0.00000 0.04762 0.21429
GNM10046                       0.02381 0.04762 0.02381 0.04762 0.00000 0.02381 0.02381 0.07143 0.00000 0.07143 0.07143 0.11905 0.02381 0.07143 0.07143 0.02381 0.02381 0.00000 0.04762 0.21429
GNM12931                       0.00000 0.09524 0.00000 0.07143 0.00000 0.02381 0.02381 0.07143 0.02381 0.11905 0.09524 0.07143 0.00000 0.00000 0.04762 0.09524 0.02381 0.00000 0.07143 0.16667
GNM12938                       0.07143 0.02381 0.07143 0.04762 0.00000 0.00000 0.02381 0.09524 0.00000 0.11905 0.09524 0.14286 0.00000 0.04762 0.07143 0.02381 0.02381 0.02381 0.04762 0.07143
GNM12996                       0.04762 0.00000 0.09524 0.04762 0.00000 0.02381 0.07143 0.07143 0.00000 0.11905 0.14286 0.21429 0.02381 0.02381 0.02381 0.00000 0.00000 0.00000 0.02381 0.07143
GNM13027                       0.02381 0.02381 0.07143 0.04762 0.00000 0.04762 0.09524 0.11905 0.00000 0.09524 0.16667 0.09524 0.00000 0.00000 0.07143 0.02381 0.00000 0.02381 0.04762 0.04762
GNM13046                       0.07143 0.04762 0.02381 0.02381 0.00000 0.00000 0.04762 0.07143 0.00000 0.14286 0.04762 0.14286 0.02381 0.02381 0.07143 0.09524 0.04762 0.00000 0.02381 0.09524
GNM13053                       0.11905 0.07143 0.00000 0.04762 0.00000 0.02381 0.07143 0.04762 0.00000 0.02381 0.11905 0.11905 0.02381 0.02381 0.09524 0.02381 0.02381 0.00000 0.04762 0.11905
GNM13074                       0.02381 0.02381 0.02381 0.07143 0.00000 0.04762 0.00000 0.07143 0.00000 0.07143 0.11905 0.14286 0.02381 0.04762 0.07143 0.02381 0.00000 0.00000 0.04762 0.19048
GNM10010                       0.04762 0.04762 0.02381 0.07143 0.00000 0.00000 0.00000 0.07143 0.00000 0.09524 0.07143 0.11905 0.00000 0.09524 0.07143 0.02381 0.04762 0.00000 0.02381 0.19048
GNM10014                       0.04762 0.04762 0.04762 0.04762 0.00000 0.00000 0.02381 0.07143 0.00000 0.02381 0.09524 0.11905 0.00000 0.04762 0.09524 0.00000 0.02381 0.00000 0.07143 0.23810
GNM13090                       0.04762 0.07143 0.02381 0.07143 0.00000 0.00000 0.00000 0.07143 0.00000 0.02381 0.11905 0.11905 0.02381 0.04762 0.07143 0.00000 0.04762 0.00000 0.04762 0.21429
GNM13118                       0.04762 0.00000 0.02381 0.07143 0.00000 0.00000 0.07143 0.07143 0.00000 0.02381 0.11905 0.07143 0.02381 0.02381 0.04762 0.07143 0.02381 0.00000 0.07143 0.23810
GNM13128                       0.00000 0.00000 0.00000 0.11905 0.00000 0.04762 0.09524 0.09524 0.00000 0.07143 0.09524 0.11905 0.04762 0.00000 0.04762 0.07143 0.00000 0.00000 0.07143 0.11905
GNM13208                       0.00000 0.07143 0.02381 0.04762 0.00000 0.02381 0.00000 0.09524 0.00000 0.09524 0.09524 0.04762 0.02381 0.00000 0.04762 0.11905 0.04762 0.00000 0.09524 0.16667
GNM13210                       0.02381 0.11905 0.04762 0.04762 0.02381 0.00000 0.14286 0.07143 0.00000 0.09524 0.09524 0.02381 0.02381 0.00000 0.07143 0.02381 0.02381 0.00000 0.04762 0.11905
GNM12773                       0.00000 0.00000 0.04762 0.04762 0.00000 0.00000 0.07143 0.07143 0.00000 0.26190 0.02381 0.14286 0.02381 0.02381 0.07143 0.02381 0.04762 0.00000 0.04762 0.09524

Homogeneity statistic: X2 = 49.83217 G = 49.42795 

Average                        0.06093 0.05686 0.04005 0.04718 0.00221 0.01273 0.04566 0.07790 0.00373 0.09437 0.07570 0.09572 0.01544 0.03021 0.06415 0.06263 0.04022 0.00102 0.03904 0.13425
(Ambiguity characters are used to calculate freqs.)


# constant sites:      1 (2.27%)

TREE #  1:  ((((((((45, 140), 127), (61, 96)), 97), 98), ((129, (99, 60)), (128, 130))), ((((((122, 121), 124), 123), 139), (62, 44)), 137)), ((((((((((((((((((((46, 47), (50, 21)), 49), 59), (48, 91)), 57), (52, 51)), 26), (((70, 20), (23, 22)), 42)), (((((((((56, 54), 55), 53), 58), 117), (18, 6)), (((27, 38), (7, 5)), (88, 19))), ((10, 68), 116)), 74)), 131), (((89, 73), 17), 90)), (((118, 72), 119), 39)), (((((78, 4), 77), (71, 12)), (30, 79)), (13, 67))), (80, 41)), (87, 69)), (((((40, 84), 85), 43), (14, 132)), ((36, 83), 11))), ((((1, 81), 82), 8), 37)), ((((34, 35), (2, 33)), (3, 31)), (32, 86))), (((((25, 29), 28), (141, 24)), ((64, 65), 66)), ((16, 15), 63))), (((((((((((110, 108), 109), 102), 107), 101), 105), ((((94, 9), 95), (92, 115)), 93)), 75), (138, (76, 120))), (((((104, 103), 114), 100), ((111, 112), 113)), 106)), ((((134, 135), 136), 133), (125, 126))));   MP score: -1
lnL(ntime:279  np:280):  -6242.379254      +0.000000
 142..143 143..144 144..145 145..146 146..147 147..148 148..149 149..45  149..140 148..127 147..150 150..61  150..96  146..97  145..98  144..151 151..152 152..129 152..153 153..99  153..60  151..154 154..128 154..130 143..155 155..156 156..157 157..158 158..159 159..160 160..122 160..121 159..124 158..123 157..139 156..161 161..62  161..44  155..137 142..162 162..163 163..164 164..165 165..166 166..167 167..168 168..169 169..170 170..171 171..172 172..173 173..174 174..175 175..176 176..177 177..178 178..179 179..180 180..181 181..46  181..47  180..182 182..50  182..21  179..49  178..59  177..183 183..48  183..91  176..57  175..184 184..52  184..51  174..26  173..185 185..186 186..187 187..70  187..20  186..188 188..23  188..22  185..42  172..189 189..190 190..191 191..192 192..193 193..194 194..195 195..196 196..197 197..56  197..54  196..55  195..53  194..58  193..117 192..198 198..18  198..6   191..199 199..200 200..201 201..27  201..38  200..202 202..7   202..5   199..203 203..88  203..19  190..204 204..205 205..10  205..68  204..116 189..74  171..131 170..206 206..207 207..208 208..89  208..73  207..17  206..90  169..209 209..210 210..211 211..118 211..72  210..119 209..39  168..212 212..213 213..214 214..215 215..216 216..78  216..4   215..77  214..217 217..71  217..12  213..218 218..30  218..79  212..219 219..13  219..67  167..220 220..80  220..41  166..221 221..87  221..69  165..222 222..223 223..224 224..225 225..226 226..40  226..84  225..85  224..43  223..227 227..14  227..132 222..228 228..229 229..36  229..83  228..11  164..230 230..231 231..232 232..233 233..1   233..81  232..82  231..8   230..37  163..234 234..235 235..236 236..237 237..34  237..35  236..238 238..2   238..33  235..239 239..3   239..31  234..240 240..32  240..86  162..241 241..242 242..243 243..244 244..245 245..25  245..29  244..28  243..246 246..141 246..24  242..247 247..248 248..64  248..65  247..66  241..249 249..250 250..16  250..15  249..63  142..251 251..252 252..253 253..254 254..255 255..256 256..257 257..258 258..259 259..260 260..261 261..110 261..108 260..109 259..102 258..107 257..101 256..105 255..262 262..263 263..264 264..265 265..94  265..9   264..95  263..266 266..92  266..115 262..93  254..75  253..267 267..138 267..268 268..76  268..120 252..269 269..270 270..271 271..272 272..273 273..104 273..103 272..114 271..100 270..274 274..275 275..111 275..112 274..113 269..106 251..276 276..277 277..278 278..279 279..134 279..135 278..136 277..133 276..280 280..125 280..126
 0.044911 0.115454 0.195743 0.000000 0.000000 0.222453 0.067729 0.279922 0.328864 0.327478 0.000000 1.285577 0.394828 0.656981 0.806607 0.451716 0.052449 0.710055 0.021192 0.342746 0.323953 0.209184 0.203387 0.127511 0.059586 0.226118 0.137296 0.106895 0.093744 0.000000 0.092488 0.233263 0.076510 0.070184 0.170880 0.078768 0.468101 0.189067 0.393383 0.000000 0.157585 0.083792 0.292390 0.123350 0.136587 0.110792 0.265525 0.024986 0.080380 0.024359 0.000000 0.114579 0.038326 0.000000 0.043049 0.017919 0.000000 0.000000 0.000000 0.000000 0.017708 0.000000 0.017708 0.000000 0.000000 0.000000 0.000000 0.263944 0.000000 0.145814 0.052239 0.000000 0.043626 0.095199 0.074452 0.099089 0.000000 0.000000 0.000000 0.035628 0.000000 0.000000 0.113023 0.159035 0.054946 0.016050 0.017383 0.000000 0.000000 0.000000 0.000000 0.000000 0.000000 0.000000 0.000000 0.000000 0.000000 0.000000 0.000000 0.000000 0.000000 0.020168 0.000000 0.133598 0.000000 0.019036 0.000000 0.034487 0.044303 0.055188 0.000000 0.018193 0.069657 0.000000 0.020598 0.000000 0.000000 0.297392 0.063067 0.086728 0.085588 0.086123 0.061821 0.092712 0.061630 0.084157 0.145367 0.018544 0.000000 0.000000 0.019193 0.037638 0.000000 0.118287 0.012533 0.161844 0.005327 0.122126 0.044442 0.000000 0.045329 0.063620 0.000000 0.058153 0.318639 0.000000 0.000000 0.307232 0.207092 0.040631 0.086642 0.000000 0.000000 0.198147 0.000000 0.000000 0.000000 0.000000 0.305941 0.083188 0.000000 0.000000 0.000000 0.076536 0.116098 0.032627 0.213247 0.280582 0.751723 0.162755 0.350718 0.049308 0.045177 0.000000 0.015869 0.293764 0.354042 0.060184 0.032738 0.528895 0.422182 0.257065 0.150616 0.081090 0.313466 0.569924 0.038666 0.000000 0.072494 0.276431 0.201823 0.270709 0.020630 0.019849 0.301686 0.483896 0.398338 0.000000 0.000000 0.115387 0.176782 0.062712 0.114614 0.143146 0.136810 0.153406 0.313726 0.256646 0.290758 0.211896 0.073634 0.113423 0.348602 0.343664 0.346091 0.000000 0.000000 0.374170 0.200308 0.000000 0.000000 0.000000 0.000000 0.000000 0.016522 0.000000 0.305009 0.313619 0.000000 0.036184 0.024830 0.083406 0.496867 0.505750 0.527831 0.834591 0.506226 0.000000 0.111909 0.000000 0.362113 0.155780 0.095430 0.023613 0.252088 0.258086 0.175037 0.545386 0.964823 0.812130 0.140482 0.734997 0.082378 0.124959 0.152951 0.140266 0.109721 0.172881 0.307399 0.264702 0.240131 0.349103 0.195630 0.000000 0.292541 0.240454 0.768071 0.501693 0.430643 0.000000 0.092256 0.000000 0.126065 0.142873 0.123395 0.095094 0.036192 0.098672 0.094568 1.871893
