
Printing out site pattern counts


       142         68  P

GNM13746                        AAAAADDEEE EEEEEEFGGI IIIIIKKKKK KKKLLLLLLL LLLLLLLLNN NPQQQQRRRR STTVVYYY
GNM13538                        AAGQRDDAEE EEEENQIGKF IIIQSAKKKK RRRIILLLLL LLLLMTVVNP SSDQQTKRRR DLTMVFQY
GNM13876                        AASELDTEAE EEETLQIGKT ILVRDAKKRR KKNIKEIILL LLMVLQLVNP NPEQYTRRRR DITTIIQV
GNM13680                        AAATADNAQD EEQEQEIGKF ILL-LRKRKR KRRLAMIILL LLLALSIVNP MSESYSKQRR TLDVVVQV
GNM14837                        ASAEADQAEE EEEQQEIGKF ILILLQKSRK KKKILQITLL LLLMMTIVNP NPEGYQKKRR NLTQVILI
GNM14249                        AAADADQSED DEEQQEIGKF FLIQLQKSRK KKKILQITLL LLLMMTIVNP NPEGYQKKRR SLVQVIMI
GNM13928                        ASADADQDED DEEQQEIGKF ILILLQKSRK KKKIMQITLL LLLMMTIVNP NPEGYQKKRR NLSQVIMI
GNM13297                        AAGQRDDAEE EEEENQIGKF IIIQSAKKKK RRRIILLLLL LLLLMTVVNP SSDQQTKRRR DLTMVFQY
GNM14865                        AAAEQDREQS DEEKARVGKF IIIAKAKEKK SQRLQQILLL LMLLMQVVAP NDDAQSNKRR DFTQSHQL
GNM13455                        ASAEADQSED NEEQQDIGKF ILIILQKSRK KKKILQMILL LLLIMSIVNP NPEGYQKKRR NLAQVIMI
GNM14938                        AAAEADREAE EEEVERIGRT ILIEDARRRR KKRLAELLLL LLLLVQVVNP SPEQYSRKRR TLTVAIQI
GNM14483                        AAASADEREE EEEQQEIGKI IVLKLGKARR KKKMSMLLLL LVLLMSVINP ASEQYSRRRR DLTMVAQV
GNM14872                        AAATADNAQE DEQEQEIGKF FLLAARKSKR KRRIAMLLLL LLLAMSIVNP TPENYTKYRR SLDVVVQV
GNM13855                        AAAAADNEQD DEEEQEIGKF ILLASKKTRK KKRIAMLILL LLLAMSVVNP TAENYSRARR TLDMVLQA
GNM14404                        AVARRDLEQE DEEVKEIGKT ILIRLIKKRI KRRIQSILLL LLLAMQLLNP APEKESRARR TFTQVIQA
GNM14545                        AVARRDLEQE DEEVKEIGKT ILIRLIKKRI KRRIQSILLL LLLAMQLLNP APEKESRARR TFTQVIQA
GNM14366                        AAAAADNAED EEEQQQIGKF ILIIMIKSRK KRRILQLVLL LLLMMSVVNP NPEGYQKKRR SLSQVLLI
GNM14252                        AAADADQAED DEEQQEIGKF FLILLQKSRK KKKILQITLL LLLMMTIVNP NPEGYQKKRR SLVQVIMI
GNM13760                        ASADEDQSED DEEQQEIGKF ILILLQKSRK KKKILQLILL LLLMMTIVNS NPEGYQKKRR SLSRVILI
GNM13982                        AAANADNNDD DEEQQQLGKF ILIILMKSKK KKRIMQSALL LLLLMSVVNP NSDGYQKKRR TLSQVLLL
GNM13960                        AASDADNKED DEEQQQLGKF FIILSMKSHK KRKILQIALL LLLLMVVVNS NSDNYQKKRR SLSQVVLM
GNM14633                        AAANADNNED DEEQQQLGKF ILIILIKSRK KKRIMQSALL LLLLMAVVNP NSDGYQKKRR TLSQVILL
GNM14853                        AAANADNNED DEEQQQLGKF ILIILIKSRK KKRIMQSALL LLLLMAVVNP NPEGYQKKRR TLSQVILL
GNM14138                        ATAQGDLEQD DEEQEQIGKY ILILVAKKRK KNRLQQILLL LLLLMQLLNP TPEQQQTRRR NFTRVIRL
GNM14055                        AAIEADNKED EEDQQELGKF ILILLMKSRK KRKIMQITLL LLLLMMVVNP NSDNYQKKRR SLSQVALM
GNM14748                        ASADADQVED DEEQQEIGKF ILIQIQKSRK KKKILQMTLL LLLMMTIVNP NPEGYQKKRR TLTQVIMI
GNM14246                        AAAAMDLEQE EEEQEQIGRI ILVIAARRRK RKRIQQLLIL LLLLMQLLNP TPEQQQRRRR TFTRVIQI
GNM14640                        AAAQIDLEQE EEDQEQIGKF ILIIVAKKRK RRRIQQIILL LLLLMQLLNP TSEQQQKRRR TFTKVISL
GNM14965                        AAANADNAQD DESEQELGKF ILLALRKSKR KRKIAMLILL LLLAISIVNP MAENYSRMRR TLDIVLQA
GNM13677                        AASELDTEAE EEETLQIGKT ILVRDAKKRR KKNIKEIILL LLMVLQLVNP NPEQYTRRRR DVTAIIQL
GNM14339                        AAAEADNEAE SEELQRVGRT IIIAEAKKKR KKSIAELVLL LLLLMRIVNP APANYSKRRR TVTVTVQI
GNM14593                        AVAEADQEAE DEEIERIGKI ILIRSAKKRK KRRIQEIILL LLLLLQLLNP APESQVRRRR TLTIVIQV
GNM13825                        AAAEADREAE EEEVERIGRT ILVEDARRRR KRRLAELLLL LLLLVQVVNP SPDQYSRKRR TLTVAIQI
GNM14768                        AVAAADEEQE EEEVERIGKI ILIRAAKRRR KRRIQEVILL LLMLLNLLNP APEQQSRRRR TLTVVIQA
GNM14776                        AVAAADEEQE EEEVERIGKI ILIRAAKRRR KRRIQEVILL LLMLLNLLNP ASEQQSRRRR TLTVVIQA
GNM14715                        AAAGMDEKEE EEDQQEIGRI IVVRGAKARR KKKMSMLLLL LVLLMSVINP ASDQYSKRRR DLTMVAQA
GNM14639                        AAVEQDNKLE EEEEEEVGKF IIIESKKNRK RRKIFLLILL LIILILVVNP NPEQQSRRRR TITTVFQI
GNM13795                        ASADADQAED DEEQQEIGKF ILIAIQKSRK KKKILQMTLL LLLMMTIVNP NPEGYQKKRR TLTQVIMI
GNM14166                        AAAAVDNSDD DEEQQELGKF ILIVLNKSRK KRRIMLLILL LLLLMSVVNP NADGYQKKRR SLTTVLMA
GNM13993                        AAARVDNDED DEEEEKIGKF IIIESQKSKR QRKFLMIFLL LILLMSIINP ATDQQSKKRR TITVVLEM
GNM13745                        AAAKADDKED KEEEESIGKF IIIQTQKSKR QRRFIMLMLL LILLMSIIKP YSDQNSKKRR TTTVVLEM
GNM14030                        AAAKADDEED EEEESKIGKF IIIQSQKSKR QKKFMIIVLL LILLMSIINP ATDQQSKKRR TVTVVLEM
GNM14959                        AVAEADQARE EEEDKEIGKF ILILEAKTRR HRRIAQIILL LLLLVQLLNP DPEAQSRRRR TLTVVIEV
GNM13413                        AAAELDQRDE EEEFRQIGKP ILIKSTKEKI HRRLIMVILL LLLLLQLLNP NPEAQSRRRR TLTRVIEA
GNM14971                        AASDADNKED DEEQQQLGKF FIILSMKSHK KRKILQIALL LLLLMVVVNS NSDNYQKKRR SLSQVVLM
GNM15005                        AASDADNKED DEEQQQLGKF FIILSMKSHK KRKILQIALL LLLLMVVVNS NSDNYQKKRR SLSQVVLM
GNM14992                        AATDSDNKED EEDQQQLGKF FIILLIKSRK KRKILQIVLL LLLLMAVVNP NADNYQKKRR SLAKVVFM
GNM15013                        AASDADNKED DEEQQQLGKF FIILSMKSHK KRKILQIALL LLLLMVVVNS NSDNYQKKRR SLSQVVLM
GNM15014                        AAGDADNKED DEDQQQLGKF FIILLIKSRK KRKILQIVLL LLLLMVVVNP NADNYQKKRR SLSQVVLM
GNM14976                        AASDADNKED DEEQQQLGKF FIILSMKSHK KRKILQIALL LLLLMVVVNP NSDNYQKKRR SLSQVVLM
GNM14999                        -ASD-DN--D EE-QQ-LGKF FII-S-KSR- K-KIL-IA-- LL-LMV-V-P --ENYQK--- SL--V---
GNM15024                        AAADADQAED DEEQQEIGKF FLILLQKSRK KKKIMQITLL LLLMMTIVNP NPEGYQKKRR SLVQVIMI
GNM14980                        AAADADQAED DEEQQEIGKF FLILLQKSRK KKKIMQITLL LLLMMTIVNP NPEGYQKKRR SLVQVIMI
GNM15001                        AAADADQAED DEEQQEIGKF FLIQLQKSRK KKKILQITLL LLLMMTIVNP NPEGYQKKRR SLVQVIMI
GNM15028                        -ATD-DN--D EE-QQ-LGKF FII-S-KSR- KRKIS-IAL- LL-LMAVVNP N-DNYQK-RR SL--V-L-
GNM11003                        AAAEKDNEED DEEEEEIGKY ILIYAAKQRK KKRISQIVLL LLLLLQVLNP NPEAQAKRRR TLTVVIQL
GNM11023                        AAVEADNRDD DEKTQRIGRF IVVLLAVERK RRRIAQILLL LLLLLQLANP ASEQATERRR DITRVLEI
GNM11055                        AAAEADNEKE KEEMEQIGHT ILIVKAVRRK KKRIAQIVLL LLLLLQLVRP SPEYQARRKR TIEAAIEI
GNM11146                        AVAEADNERE EEEEKAIGKY ILIEEAKTRR RRRISQIVLL LLILLQLINP DPEAQSRRRR TLTVIISV
GNM11219                        AAAEADLEQE EEKVREIGRI ILIAALRQRK RKRLQQIILL LLLAMRILNP TPDQQTKRRR TYTKVIQL
GNM11220                        AVVEADLEQD AEEQRAIGRI ILIFVAKLRK RRRIKRILLL LLLAMQLLNP NPEQETRRRR TFTIVIQA
GNM11223                        AVASLDVEQE SEKLEQIGKI ILIALAKRRK RRRIQQVILL LLLLMQLLNP TPEQQTKRRR TIERVIQL
GNM11224                        AVASLDVEQE EEKLEQIGKI ILIVLAKRRK RRRIQQVILL LLLLMQLLNP TPEQQTRRRR TVDRVIQL
GNM11358                        AAASADNEQD DEEEQELGKF ILIASKKTRK KKRIAMLILL LLLAMTVVNP MVENYTKSRR TLDMVLQA
GNM11360                        ASAEADQSED NEEQQDIGKF ILIILQKSRK KKKILQMILL LLLLMSIVNP NPEGYQKKRR NLAQVIMI
GNM11362                        AAGKLDDREE EEEEREIGKF IILILRKQRR KKRLTMIILL LLLMMSLVNP TTETYQRRRR TLTAVLQL
GNM11367                        AAANADNNDD DEEQQQLGKF ILIILMKSKK KKRIMQSALL LLLLMSVVNP NSDGYQKKRR TLSQVLLL
GNM11377                        AAATADNAQE DEQEQEIGKF FLLAARKSKR KRRIAMLLLL LLLALSIVNP TPDNYTKSRR SLDVVVQV
GNM11380                        AAAAADNSDD DEEQQELGKF ILIVLNKSRK KRRIMLLTLL LLLLLSVVNP NADGYQKKRR SLTTVLLA
GNM11383                        AAAGADNLDD DEEQQEIGKF ILIILMKSRK KRKIVQLVLL LLLMMSVVNP NPEGYQKKRR TLSQVLLI
GNM11491                        AAAAADSSEE EEQHQEIGKF ILIMQAKSRK RRRIAQLMLL LLLAMSILNP SPENHQKKRR STEQVIMI
GNM11804                        AAAEMDNEKE EEEMEQIGHT ILIIKAVRRK RKRIAQIILL LLLLLQIVRP SPDAQSRRRR TIEAAIEI
GNM11805                        AVASADNEQE EEEEGEIGRT ILIESQKRRR TKRINRILLL LLLLLGLVTP STDQQMKRRR GLSQVIEI
GNM12886                        -AAA-DN--D EE-EQ-IGKF ILL-L-KRK- RRRLS-II-- LL-ALSIVNP M-ENYSK--- TL--V---
GNM12892                        AAANADNAQD DESEQELGKF ILLALRKSKR KRKIAMLILL LLLAMSIVNP MAENYSRLRR TLDIVLQA
GNM13060                        AAALADDEEE EEEEEEFGGI IIILIKKKKK RKKLLLLLLL LLLLLLLLNN NPQQQQRRRR TTTIVYYY
GNM13061                        AAATADDEEE DEEEEEFGGM IIIVLKKKRK KKKLILLILL LLLLLVLLNN NPEEKQRRRR DATMVYYY
GNM13062                        AAAAMDEKED EEEQQQIGRI IVVRAAKQRR KRKMSMLLLF LVLLMSVVNP ASDQYATRRR SLTMVAQA
GNM13064                        AAARVDNDED DEEEEKIGKF IIIESQKSKR QRKFLMIFLL LILLMSIINP ATDQQSKKRR TITVVLEM
GNM13066                        AAARADNDED DEEQEKIGKF IIIESQKSKR QRKFLMIFLL LILLMSIINP ATDQQSKKRR TITVVLEM
GNM11034                        AAAEADREAE EEEVERIGRT ILIEDARRRR RRRLAELLLL LMLLVQVVNP SPEQYSRKRR TLTVAIQI
GNM11363                        AAGKLDDREE EEEEREIGKF IILILRKQRR KKRLTMIILL LLLMMSLVNP TTETYQRRRR TLTAVLQL
GNM11375                        ASADADQAED DEEQQDIGKF ILISLQKSRK KKKILQLILL LLLMMTIVNS NPEGYQKKRR SLSQVILI
GNM11382                        AAVSADNTED DEDQQEIGKF FLIILMKSRK KRKILQITLL LLLMMSVVNP NSDGYQKKRR TLSQVILI
GNM11799                        AANDADNKED DEDQQQLGKF FIILLMKSRK KRKILQIALL LLLLMMVVNP NADNYQKKRR SLSQVVLM
GNM11841                        AGAEAEQEQS DEGQEQVGKF IVIASAKEKK SKRLQQVLLL LMLLMRVITP NDQAQSDKRR DVTQSNKV
GNM11931                        AAAEQEQEQS DEGQEQLGKF IVIARAKEQK SRRIQQVLLL LMLLMQIATP NDEAQSNKRR DFTQSNKM
GNM12040                        AAAEAEKEES DKGQEKVGKY ILIAQAREKQ SERLKQILLL LMLLMQIVAP NDDTQSNKRR DFTQSHQL
GNM12071                        AGADAEQEES DKGQDRAGKF IVIAKAREQQ QARLKQILLL LMLLMQVVAP NDEAQSDKRR DFTQSYQV
GNM12125                        AAVKADDAEE EEEVREIGRT IIVEEAKARR HRQIIRLILL LVLLLQVVNP APEANSRRRR SLTAVIEL
GNM12126                        AAAELDNQEE AEEEEKIGRG ILLQATKRRK RKRIQVILLL LVLLLQVVNP ASEAYARKRR TLTSVIAI
GNM12128                        AAAKADDEQE EEEEAAIGRF ILIESEKERR RKRIARIILL LLLLLLIVNP APEVRQRRRR TITTVIEI
GNM12182                        AAAEADDEDD EEEEEEIGKF ILVLSAKQRK KKRISRIILL LLLLLQVLNP SPEAQSKRRR TLTSVIQL
GNM12342                        AAAEMDVERE EEEDAEIGRI ILLAEAKRRK KRRLAQLILL LFLLLQIVRP EPEQQLKRRR SFTKAIEL
GNM12346                        AVAEQDAEAD QEEQRQIGRI ILIVEMVQRK KRRINQLILL LLLLMQIVTP NPDGQTRRRR DFTQTIEI
GNM12351                        AVAEEDSDKQ EEEKVEVGRT ILIRTAKQRV KRRLQQLMLM LLLLLQLLRK TPEMQNSRRR DLTQSVEV
GNM12356                        AAAEADMEKD EEEYTAIGKI FLVYDQKQRK KKRLQQLLLL LFMLMQIVNP SEEQQSKKRR SFSKVIHI
GNM12357                        AAAEMDMEQE EEDYGQIGKI ILLYDKKRKK KKKLHQLILL LFLLLQIVRP AEQQQATRRR TFSQAISI
GNM12366                        AAARMDSEQE EEEYGQIGKV ILLYDKKKRK KKRLQQLILL LFLLLQIVRP AEEQQATRRR TFSQAISV
GNM12373                        AAAAADQQQE EEEQQQVGKF IIIMTSRQKI KRRLSQLILM LLLLLQIVTP NPESQSNMRR TFEQTVEV
GNM12385                        AAAKADQDRE EEEQAQVGRF ILIIAAKQKV KKRLAQVLLL LLLLLQIVTP NPEMQSRMRR TFEETIEA
GNM12551                        AAAQAENERE DEEQRLLGRY ILIEKAKQKR RRQIAQLVLL LLLLLQVVRP APQQYTRRRR DLTRAIEM
GNM12554                        AAASSDQKQD AEDQDRVGKY ILILRMKQRI KRRLAQLLLL LLLLLQIVTP NPDMQSSMRR TFEQTVEV
GNM12592                        AVAAADAEQD EEEQAEIGRI ILILKAKQRK KRRIQKIALL LLLLMQIISP SPEMQSKRRR TFTATIEI
GNM12596                        AGAEADMEQK EEEQTEIGRT ILIMMAKRRK KKRLQQLMLL LLLLMQLLTP TPASQSSRRR DLTQSIEI
GNM12602                        AGAEADMEQK EEEQTEIGRT ILIMMAKKRK KKRLQQLMLL LLLLMQLLTP TPASQSSRRR SITQSIEI
GNM12665                        AGAEADLEQK EEEQTEIGRT ILIMMSKRRK KKRLQQLMLL LLLLMQLLTP TPASQSSRRR DLTQSIEI
GNM12745                        AVANNDMEKE AEETQQIKKI ILVFRNKERK KRRIAQLTLL LLLMLQLINA APEQQAHRRR TLTQTIQA
GNM12749                        AAARADQEQE DEEQVQVGKF ILIYQMKQRM KKRIAQIVLL LLLLLQIVTP NPDMQSNMRR SFEQTIEA
GNM12758                        AVAEMDLEKE EEEQEQIGRI ILILKQKRRK KRRLQQVVLL LLMLLQLINP APDQQMKMRR TFTQTISI
GNM12763                        AVAEIDLERR KEQQEQIGRI ILIFRHKKRK RRQLQQLILL LLLLLSLLNP APEQQARRRR TLTRAISI
GNM12766                        AAAELDLQQE EEEQLQIGKF ILVYDKKRRK KRRLQQLILL LLLLMQIVRP AEEQQMKRRR TFTQAISI
GNM12841                        AGAEAEQEKS EEGKEQVGKF IIIAQAKEQK SQRLKQIMLL LMLLMQVVTP NDQAQSDRRR DFTKSTKI
GNM12849                        ASADADQTED NEDQQDIGKF ILIMLQKSRK KKKILQMILL LLLMMSIVNP NPEGYQKKRR NLSQVIMV
GNM12869                        AAADADQAEE DEEQQEIGKF FLILLQKSRK KKKILQITLL LLLMMTIVNP NPEGYQKKRR TLVQVIMI
GNM12896                        AAAAADNSED DEEQQELGKF ILIVLNKSRK KRRIMLLTLL LLLLLSVVNP NADGYQKKRR SLTTVLLA
GNM12897                        AAAAADNSED DEDQQELGKF ILIVLNKSRK KRRIMLLTLL LLLLMSVVNP NADGYQKKRR SLSTVLLA
GNM12902                        AVAEADNEQE NEEESEIGRT ILIELQKRHR RKRINRILLL LLLLLGLVRP SPDQQMRRRR SLSQVIEI
GNM12903                        AAAEAEQARE EEETKIIGRY FLIVEIKARR RRRIAQVVLL LLLLVAILNP DPENQTRKLR DLTKVIAA
GNM12906                        AAAEADQARE NEETKIIGRY FIIAEMKAKR RRRIAQVVLL LLLLISILNP DPEAQSKKLR DLTRVIAA
GNM12907                        AVAEADQARE EEETKIIGRY FLIAEAKAQR RRRIAQVVLL LLLLVSILNP DPDSQSRKLR DITRVIAV
GNM12909                        AAAEADQARE EEETKIIGRY FLIAEVKARR RRRIAQVILL LLLLVSILNP DPEAQSRKLR DLTRVIAA
GNM12915                        AAYRADLEQE AEEKKLVGRF ILIIAAKQRI RRQIQQIILL LLLLLQVVRP APEQIARRRR DLTKVIEI
GNM10046                        AAYRADLEQE AEEKKLVGKF ILIIAAKQRI RKQIQQIILL LMLLLQVVRP APEQIARRRR DLTRVIEI
GNM12918                        AAYRADLEQE AEEKRLVGRF ILIIAAKQRI RKQIQQIILL LLLLLQVVRP APEQIARRRR DLTKVIEI
GNM12931                        AAANMDQREE NEEFKQIGKT ILIRAAKQRI HRRLIQVILL LLLLLQLVNP APETQSHRRR TLTRVISI
GNM12938                        AAAEADNEDD DEEEQEIGRY ILIIAAKQKK RKRIAQILLL LLLLLQVINP TPEAQSKRRR TLTTVIQI
GNM12996                        AAAESDNEED EEEEQEIGKF ILILESKQRK RKRISQIILL LLLLLQILNP TPEAQSKRRR TFTVVIQI
GNM13018                        AAAESDNEED EEEEQEIGKF ILILESKQRK RKRISQIILL LLLLLQILNP TPEAQSKRRR TFTVVIQI
GNM13027                        AAAEADNEDD EEEEEEIGKY ILILAAKQKK RKRIAKILLL LLLLLQVINP APEAQSKRRR TLTVVIQI
GNM13046                        AAANADNAED DEDQQEIGKF ILVFLIKSRK KKRITQVILL LLLLMSVVNP NSDNYQKKRR TVSQVILI
GNM13074                        AAYQADLEQE AEEKKEVGRF ILILAAKQRI RKQIQQIILL LLLLLQVVRP SPEQIARRRR DLTRVIEI
GNM10010                        AAYRADLQDE AEDKKEVGKF ILILAAKQRI RKQIQQIILL LLMLLQVVRP GPEQVARRRR DLTKVIEI
GNM10014                        AAYRADLEED AEEKREVGKF ILILAAKERL RKQIQQIILL LLMLLQVVRP GPEQLAKRRR DLTKVIEI
GNM13090                        AAYRADLEND AEEKKEVGRF ILILAAKQRL RKQIQQIILL LLMLLQVVRP GPEQVARRRR DLTHVIEI
GNM13118                        AVAEADIEQE EEETQRIRKV FLIEAEKRRR AKSIAMVLLL LLLLLELLNP SPEQQSKRRR DLTRVIAI
GNM13126                        AAADAENRQE RESDDAIGRP ILLESQIKRR KRRINRILLL LILLLSVVNP NPDQQMKRRR SLDQVIEI
GNM13128                        AAADAENKQE SESDDIIGRP ILIESQIKRR KRRINRILLL LILLLSVVNP NPDQQMKRRR KLDQVIEI
GNM13208                        AVAEADQARE EEEDQELGRY FLILALKQRR RRRIAQVILL LLLLISLLNP DPEAQSRKMR TLTRVIAA
GNM13210                        AAAEADQREE EEEFKAIGKT IIVRSAKERI RRRIAQILLL LLMLLQILNP NPEAQARRRR TLTKVLEV
GNM12773                        STAEADLEQE DEEQKQIGKT ILLIIAKQRK KKKIQQILLL LLLLMQLINP TIEQQMKRRR PFTQIIQL
GNM12768                        AAAELDLEEE SEEQTTIGKI FLILRAKNRK KKRIQQVLLL LLLVLQIIRP STQQQSKRRR SFTQVVQL



    1    1    1    1    1    1    1    1    1    1    1    1    1    1    1
    1    1    1    1    1    1    1    1    1    1    1    1    1    1    1
    1    1    1    1    1    1    1    1    1    1    1    1    1    1    1
    1    1    1    1    1    1    1    1    1    1    1    1    1    1    1
    1    1    1    1    1    1    1    1

AAML (in paml version 4.9h, March 2018)  tmp0050.txt
Model: Empirical,  (../wag.dat) dGamma (ncatG=4) ns = 142  ls =  68


Frequencies..
                                    A      R      N      D      C      Q      E      G      H      I      L      K      M      F      P      S      T      W      Y      V
GNM13746                       0.07353 0.05882 0.04412 0.02941 0.00000 0.05882 0.13235 0.02941 0.00000 0.08824 0.22059 0.11765 0.00000 0.01471 0.01471 0.01471 0.02941 0.00000 0.04412 0.02941
GNM13538                       0.05882 0.10294 0.02941 0.05882 0.00000 0.08824 0.08824 0.02941 0.00000 0.08824 0.14706 0.08824 0.02941 0.02941 0.01471 0.04412 0.04412 0.00000 0.01471 0.04412
GNM13876                       0.05882 0.10294 0.04412 0.04412 0.00000 0.05882 0.11765 0.01471 0.00000 0.11765 0.13235 0.08824 0.01471 0.00000 0.02941 0.01471 0.08824 0.00000 0.01471 0.05882
GNM13680                       0.10448 0.10448 0.02985 0.04478 0.00000 0.07463 0.07463 0.01493 0.00000 0.07463 0.16418 0.07463 0.02985 0.01493 0.01493 0.05970 0.02985 0.00000 0.01493 0.07463
GNM14837                       0.05882 0.04412 0.04412 0.01471 0.00000 0.10294 0.11765 0.02941 0.00000 0.11765 0.16176 0.11765 0.02941 0.01471 0.02941 0.02941 0.04412 0.00000 0.01471 0.02941
GNM14249                       0.05882 0.04412 0.02941 0.05882 0.00000 0.11765 0.07353 0.02941 0.00000 0.10294 0.13235 0.11765 0.04412 0.02941 0.02941 0.04412 0.02941 0.00000 0.01471 0.04412
GNM13928                       0.04412 0.04412 0.04412 0.07353 0.00000 0.10294 0.07353 0.02941 0.00000 0.11765 0.13235 0.11765 0.05882 0.01471 0.02941 0.04412 0.02941 0.00000 0.01471 0.02941
GNM13297                       0.05882 0.10294 0.02941 0.05882 0.00000 0.08824 0.08824 0.02941 0.00000 0.08824 0.14706 0.08824 0.02941 0.02941 0.01471 0.04412 0.04412 0.00000 0.01471 0.04412
GNM14865                       0.11765 0.07353 0.02941 0.07353 0.00000 0.13235 0.07353 0.01471 0.01471 0.05882 0.11765 0.10294 0.02941 0.02941 0.01471 0.05882 0.01471 0.00000 0.00000 0.04412
GNM13455                       0.05882 0.04412 0.05882 0.04412 0.00000 0.10294 0.07353 0.02941 0.00000 0.14706 0.13235 0.11765 0.04412 0.01471 0.02941 0.05882 0.00000 0.00000 0.01471 0.02941
GNM14938                       0.11765 0.16176 0.01471 0.02941 0.00000 0.04412 0.14706 0.01471 0.00000 0.07353 0.16176 0.04412 0.00000 0.00000 0.02941 0.02941 0.04412 0.00000 0.01471 0.07353
GNM14483                       0.10294 0.10294 0.01471 0.02941 0.00000 0.05882 0.11765 0.02941 0.00000 0.05882 0.14706 0.08824 0.05882 0.00000 0.01471 0.07353 0.01471 0.00000 0.01471 0.07353
GNM14872                       0.13235 0.08824 0.04412 0.04412 0.00000 0.05882 0.07353 0.01471 0.00000 0.04412 0.14706 0.07353 0.02941 0.02941 0.02941 0.04412 0.04412 0.00000 0.02941 0.07353
GNM13855                       0.16176 0.07353 0.04412 0.05882 0.00000 0.04412 0.08824 0.01471 0.00000 0.05882 0.14706 0.08824 0.04412 0.01471 0.01471 0.04412 0.04412 0.00000 0.01471 0.04412
GNM14404                       0.08824 0.13235 0.01471 0.02941 0.00000 0.07353 0.10294 0.01471 0.00000 0.11765 0.16176 0.08824 0.01471 0.01471 0.02941 0.02941 0.04412 0.00000 0.00000 0.04412
GNM14545                       0.08824 0.13235 0.01471 0.02941 0.00000 0.07353 0.10294 0.01471 0.00000 0.11765 0.16176 0.08824 0.01471 0.01471 0.02941 0.02941 0.04412 0.00000 0.00000 0.04412
GNM14366                       0.08824 0.07353 0.04412 0.02941 0.00000 0.08824 0.07353 0.02941 0.00000 0.10294 0.16176 0.08824 0.04412 0.01471 0.02941 0.05882 0.00000 0.00000 0.01471 0.05882
GNM14252                       0.07353 0.04412 0.02941 0.05882 0.00000 0.10294 0.07353 0.02941 0.00000 0.10294 0.14706 0.11765 0.04412 0.02941 0.02941 0.02941 0.02941 0.00000 0.01471 0.04412
GNM13760                       0.02941 0.05882 0.02941 0.05882 0.00000 0.08824 0.08824 0.02941 0.00000 0.11765 0.17647 0.11765 0.02941 0.01471 0.01471 0.08824 0.01471 0.00000 0.01471 0.02941
GNM13982                       0.07353 0.04412 0.07353 0.07353 0.00000 0.08824 0.02941 0.02941 0.00000 0.05882 0.19118 0.11765 0.04412 0.01471 0.01471 0.07353 0.01471 0.00000 0.01471 0.04412
GNM13960                       0.05882 0.04412 0.05882 0.07353 0.00000 0.08824 0.04412 0.01471 0.01471 0.05882 0.16176 0.11765 0.04412 0.02941 0.00000 0.10294 0.00000 0.00000 0.01471 0.07353
GNM14633                       0.08824 0.05882 0.07353 0.05882 0.00000 0.08824 0.04412 0.02941 0.00000 0.08824 0.17647 0.10294 0.02941 0.01471 0.01471 0.05882 0.01471 0.00000 0.01471 0.04412
GNM14853                       0.08824 0.05882 0.07353 0.04412 0.00000 0.08824 0.05882 0.02941 0.00000 0.08824 0.17647 0.10294 0.02941 0.01471 0.02941 0.04412 0.01471 0.00000 0.01471 0.04412
GNM14138                       0.04412 0.10294 0.04412 0.04412 0.00000 0.14706 0.07353 0.02941 0.00000 0.07353 0.20588 0.07353 0.01471 0.01471 0.02941 0.00000 0.05882 0.00000 0.01471 0.02941
GNM14055                       0.05882 0.05882 0.05882 0.05882 0.00000 0.07353 0.07353 0.01471 0.00000 0.07353 0.17647 0.11765 0.07353 0.01471 0.01471 0.05882 0.01471 0.00000 0.01471 0.04412
GNM14748                       0.04412 0.04412 0.02941 0.05882 0.00000 0.11765 0.07353 0.02941 0.00000 0.11765 0.11765 0.11765 0.05882 0.01471 0.02941 0.02941 0.05882 0.00000 0.01471 0.04412
GNM14246                       0.08824 0.16176 0.01471 0.01471 0.00000 0.14706 0.10294 0.01471 0.00000 0.11765 0.16176 0.02941 0.02941 0.01471 0.02941 0.00000 0.04412 0.00000 0.00000 0.02941
GNM14640                       0.05882 0.10294 0.01471 0.02941 0.00000 0.14706 0.08824 0.01471 0.00000 0.13235 0.16176 0.08824 0.01471 0.02941 0.01471 0.02941 0.04412 0.00000 0.00000 0.02941
GNM14965                       0.14706 0.08824 0.05882 0.05882 0.00000 0.04412 0.05882 0.01471 0.00000 0.08824 0.17647 0.07353 0.04412 0.01471 0.01471 0.05882 0.01471 0.00000 0.01471 0.02941
GNM13677                       0.07353 0.10294 0.04412 0.04412 0.00000 0.05882 0.11765 0.01471 0.00000 0.10294 0.14706 0.08824 0.01471 0.00000 0.02941 0.01471 0.07353 0.00000 0.01471 0.05882
GNM14339                       0.14706 0.10294 0.04412 0.01471 0.00000 0.02941 0.10294 0.01471 0.00000 0.08824 0.11765 0.08824 0.01471 0.00000 0.02941 0.04412 0.05882 0.00000 0.01471 0.08824
GNM14593                       0.08824 0.13235 0.01471 0.02941 0.00000 0.07353 0.11765 0.01471 0.00000 0.14706 0.16176 0.07353 0.00000 0.00000 0.02941 0.02941 0.02941 0.00000 0.00000 0.05882
GNM13825                       0.11765 0.17647 0.01471 0.04412 0.00000 0.04412 0.13235 0.01471 0.00000 0.05882 0.16176 0.02941 0.00000 0.00000 0.02941 0.02941 0.04412 0.00000 0.01471 0.08824
GNM14768                       0.11765 0.16176 0.02941 0.01471 0.00000 0.07353 0.13235 0.01471 0.00000 0.10294 0.14706 0.04412 0.01471 0.00000 0.02941 0.01471 0.02941 0.00000 0.00000 0.07353
GNM14776                       0.11765 0.16176 0.02941 0.01471 0.00000 0.07353 0.13235 0.01471 0.00000 0.10294 0.14706 0.04412 0.01471 0.00000 0.01471 0.02941 0.02941 0.00000 0.00000 0.07353
GNM14715                       0.11765 0.10294 0.01471 0.05882 0.00000 0.05882 0.08824 0.04412 0.00000 0.05882 0.11765 0.08824 0.07353 0.00000 0.01471 0.05882 0.01471 0.00000 0.01471 0.07353
GNM14639                       0.02941 0.10294 0.05882 0.01471 0.00000 0.05882 0.14706 0.01471 0.00000 0.14706 0.11765 0.08824 0.00000 0.04412 0.02941 0.02941 0.04412 0.00000 0.00000 0.07353
GNM13795                       0.07353 0.04412 0.02941 0.05882 0.00000 0.10294 0.07353 0.02941 0.00000 0.11765 0.11765 0.11765 0.05882 0.01471 0.02941 0.02941 0.05882 0.00000 0.01471 0.02941
GNM14166                       0.08824 0.07353 0.05882 0.07353 0.00000 0.04412 0.04412 0.02941 0.00000 0.05882 0.19118 0.08824 0.04412 0.01471 0.01471 0.05882 0.02941 0.00000 0.01471 0.07353
GNM13993                       0.05882 0.07353 0.02941 0.07353 0.00000 0.05882 0.10294 0.01471 0.00000 0.13235 0.10294 0.10294 0.04412 0.04412 0.01471 0.05882 0.04412 0.00000 0.00000 0.04412
GNM13745                       0.05882 0.07353 0.01471 0.05882 0.00000 0.05882 0.08824 0.01471 0.00000 0.11765 0.10294 0.13235 0.05882 0.02941 0.01471 0.07353 0.05882 0.00000 0.01471 0.02941
GNM14030                       0.07353 0.04412 0.01471 0.05882 0.00000 0.07353 0.10294 0.01471 0.00000 0.13235 0.08824 0.13235 0.04412 0.02941 0.01471 0.07353 0.04412 0.00000 0.00000 0.05882
GNM14959                       0.10294 0.13235 0.01471 0.04412 0.00000 0.05882 0.13235 0.01471 0.01471 0.10294 0.16176 0.04412 0.00000 0.01471 0.02941 0.01471 0.04412 0.00000 0.00000 0.07353
GNM13413                       0.07353 0.13235 0.02941 0.02941 0.00000 0.05882 0.11765 0.01471 0.01471 0.10294 0.19118 0.05882 0.01471 0.01471 0.04412 0.02941 0.04412 0.00000 0.00000 0.02941
GNM14971                       0.05882 0.04412 0.05882 0.07353 0.00000 0.08824 0.04412 0.01471 0.01471 0.05882 0.16176 0.11765 0.04412 0.02941 0.00000 0.10294 0.00000 0.00000 0.01471 0.07353
GNM15005                       0.05882 0.04412 0.05882 0.07353 0.00000 0.08824 0.04412 0.01471 0.01471 0.05882 0.16176 0.11765 0.04412 0.02941 0.00000 0.10294 0.00000 0.00000 0.01471 0.07353
GNM14992                       0.07353 0.05882 0.05882 0.07353 0.00000 0.07353 0.04412 0.01471 0.00000 0.07353 0.16176 0.13235 0.02941 0.04412 0.01471 0.04412 0.01471 0.00000 0.01471 0.07353
GNM15013                       0.05882 0.04412 0.05882 0.07353 0.00000 0.08824 0.04412 0.01471 0.01471 0.05882 0.16176 0.11765 0.04412 0.02941 0.00000 0.10294 0.00000 0.00000 0.01471 0.07353
GNM15014                       0.05882 0.05882 0.05882 0.08824 0.00000 0.08824 0.02941 0.02941 0.00000 0.07353 0.17647 0.11765 0.02941 0.02941 0.01471 0.04412 0.00000 0.00000 0.01471 0.08824
GNM14976                       0.05882 0.04412 0.05882 0.07353 0.00000 0.08824 0.04412 0.01471 0.01471 0.05882 0.16176 0.11765 0.04412 0.02941 0.01471 0.08824 0.00000 0.00000 0.01471 0.07353
GNM14999                       0.04762 0.02381 0.04762 0.07143 0.00000 0.07143 0.07143 0.02381 0.00000 0.09524 0.14286 0.11905 0.02381 0.04762 0.02381 0.09524 0.00000 0.00000 0.02381 0.07143
GNM15024                       0.07353 0.04412 0.02941 0.05882 0.00000 0.10294 0.07353 0.02941 0.00000 0.10294 0.13235 0.11765 0.05882 0.02941 0.02941 0.02941 0.02941 0.00000 0.01471 0.04412
GNM14980                       0.07353 0.04412 0.02941 0.05882 0.00000 0.10294 0.07353 0.02941 0.00000 0.10294 0.13235 0.11765 0.05882 0.02941 0.02941 0.02941 0.02941 0.00000 0.01471 0.04412
GNM15001                       0.07353 0.04412 0.02941 0.05882 0.00000 0.11765 0.07353 0.02941 0.00000 0.10294 0.13235 0.11765 0.04412 0.02941 0.02941 0.02941 0.02941 0.00000 0.01471 0.04412
GNM15028                       0.06000 0.08000 0.08000 0.08000 0.00000 0.06000 0.04000 0.02000 0.00000 0.08000 0.14000 0.10000 0.02000 0.04000 0.02000 0.08000 0.02000 0.00000 0.02000 0.06000
GNM11003                       0.10294 0.07353 0.04412 0.04412 0.00000 0.07353 0.13235 0.01471 0.00000 0.08824 0.16176 0.10294 0.00000 0.00000 0.02941 0.01471 0.02941 0.00000 0.02941 0.05882
GNM11023                       0.11765 0.16176 0.02941 0.07353 0.00000 0.05882 0.08824 0.01471 0.00000 0.08824 0.17647 0.02941 0.00000 0.01471 0.01471 0.01471 0.04412 0.00000 0.00000 0.07353
GNM11055                       0.13235 0.10294 0.01471 0.01471 0.00000 0.05882 0.13235 0.01471 0.01471 0.11765 0.13235 0.10294 0.01471 0.00000 0.02941 0.01471 0.02941 0.00000 0.01471 0.05882
GNM11146                       0.08824 0.14706 0.02941 0.02941 0.00000 0.04412 0.14706 0.01471 0.00000 0.13235 0.13235 0.04412 0.00000 0.00000 0.02941 0.04412 0.04412 0.00000 0.01471 0.05882
GNM11219                       0.10294 0.14706 0.01471 0.02941 0.00000 0.10294 0.08824 0.01471 0.00000 0.11765 0.16176 0.07353 0.01471 0.00000 0.02941 0.00000 0.05882 0.00000 0.01471 0.02941
GNM11220                       0.10294 0.16176 0.02941 0.02941 0.00000 0.07353 0.08824 0.01471 0.00000 0.11765 0.16176 0.04412 0.01471 0.02941 0.02941 0.00000 0.04412 0.00000 0.00000 0.05882
GNM11223                       0.05882 0.13235 0.01471 0.01471 0.00000 0.11765 0.08824 0.01471 0.00000 0.11765 0.19118 0.07353 0.01471 0.00000 0.02941 0.02941 0.04412 0.00000 0.00000 0.05882
GNM11224                       0.04412 0.14706 0.01471 0.02941 0.00000 0.11765 0.08824 0.01471 0.00000 0.10294 0.19118 0.05882 0.01471 0.00000 0.02941 0.01471 0.04412 0.00000 0.00000 0.08824
GNM11358                       0.11765 0.05882 0.04412 0.05882 0.00000 0.04412 0.08824 0.01471 0.00000 0.05882 0.14706 0.10294 0.05882 0.01471 0.01471 0.04412 0.05882 0.00000 0.01471 0.05882
GNM11360                       0.05882 0.04412 0.05882 0.04412 0.00000 0.10294 0.07353 0.02941 0.00000 0.13235 0.14706 0.11765 0.04412 0.01471 0.02941 0.05882 0.00000 0.00000 0.01471 0.02941
GNM11362                       0.04412 0.14706 0.01471 0.02941 0.00000 0.04412 0.11765 0.02941 0.00000 0.08824 0.19118 0.07353 0.04412 0.01471 0.01471 0.01471 0.08824 0.00000 0.01471 0.02941
GNM11367                       0.07353 0.04412 0.07353 0.07353 0.00000 0.08824 0.02941 0.02941 0.00000 0.05882 0.19118 0.11765 0.04412 0.01471 0.01471 0.07353 0.01471 0.00000 0.01471 0.04412
GNM11377                       0.13235 0.08824 0.04412 0.05882 0.00000 0.05882 0.05882 0.01471 0.00000 0.04412 0.16176 0.07353 0.01471 0.02941 0.02941 0.05882 0.04412 0.00000 0.01471 0.07353
GNM11380                       0.10294 0.07353 0.05882 0.07353 0.00000 0.04412 0.04412 0.02941 0.00000 0.04412 0.22059 0.08824 0.01471 0.01471 0.01471 0.05882 0.04412 0.00000 0.01471 0.05882
GNM11383                       0.05882 0.05882 0.04412 0.05882 0.00000 0.07353 0.05882 0.04412 0.00000 0.08824 0.17647 0.10294 0.04412 0.01471 0.02941 0.04412 0.01471 0.00000 0.01471 0.07353
GNM11491                       0.11765 0.08824 0.02941 0.01471 0.00000 0.08824 0.10294 0.01471 0.02941 0.10294 0.11765 0.07353 0.05882 0.01471 0.02941 0.08824 0.01471 0.00000 0.00000 0.01471
GNM11804                       0.11765 0.13235 0.01471 0.02941 0.00000 0.05882 0.13235 0.01471 0.01471 0.16176 0.11765 0.05882 0.02941 0.00000 0.02941 0.02941 0.02941 0.00000 0.00000 0.02941
GNM11805                       0.04412 0.13235 0.02941 0.02941 0.00000 0.07353 0.13235 0.05882 0.00000 0.10294 0.16176 0.04412 0.01471 0.00000 0.01471 0.05882 0.05882 0.00000 0.00000 0.04412
GNM12886                       0.08696 0.08696 0.06522 0.04348 0.00000 0.02174 0.08696 0.02174 0.00000 0.10870 0.17391 0.08696 0.02174 0.02174 0.02174 0.06522 0.02174 0.00000 0.02174 0.04348
GNM12892                       0.14706 0.08824 0.05882 0.05882 0.00000 0.04412 0.05882 0.01471 0.00000 0.07353 0.19118 0.07353 0.04412 0.01471 0.01471 0.05882 0.01471 0.00000 0.01471 0.02941
GNM13060                       0.05882 0.07353 0.04412 0.02941 0.00000 0.05882 0.13235 0.02941 0.00000 0.08824 0.25000 0.10294 0.00000 0.01471 0.01471 0.00000 0.04412 0.00000 0.04412 0.01471
GNM13061                       0.07353 0.07353 0.04412 0.05882 0.00000 0.01471 0.14706 0.02941 0.00000 0.07353 0.19118 0.11765 0.02941 0.01471 0.01471 0.00000 0.02941 0.00000 0.04412 0.04412
GNM13062                       0.14706 0.11765 0.01471 0.04412 0.00000 0.08824 0.07353 0.01471 0.00000 0.04412 0.10294 0.05882 0.07353 0.01471 0.01471 0.05882 0.02941 0.00000 0.01471 0.08824
GNM13064                       0.05882 0.07353 0.02941 0.07353 0.00000 0.05882 0.10294 0.01471 0.00000 0.13235 0.10294 0.10294 0.04412 0.04412 0.01471 0.05882 0.04412 0.00000 0.00000 0.04412
GNM13066                       0.07353 0.07353 0.02941 0.07353 0.00000 0.07353 0.08824 0.01471 0.00000 0.13235 0.10294 0.10294 0.04412 0.04412 0.01471 0.05882 0.04412 0.00000 0.00000 0.02941
GNM11034                       0.11765 0.19118 0.01471 0.02941 0.00000 0.04412 0.14706 0.01471 0.00000 0.07353 0.14706 0.01471 0.01471 0.00000 0.02941 0.02941 0.04412 0.00000 0.01471 0.07353
GNM11363                       0.04412 0.14706 0.01471 0.02941 0.00000 0.04412 0.11765 0.02941 0.00000 0.08824 0.19118 0.07353 0.04412 0.01471 0.01471 0.01471 0.08824 0.00000 0.01471 0.02941
GNM11375                       0.05882 0.04412 0.02941 0.07353 0.00000 0.10294 0.05882 0.02941 0.00000 0.11765 0.16176 0.11765 0.02941 0.01471 0.01471 0.08824 0.01471 0.00000 0.01471 0.02941
GNM11382                       0.04412 0.05882 0.04412 0.07353 0.00000 0.07353 0.04412 0.02941 0.00000 0.10294 0.14706 0.10294 0.04412 0.02941 0.01471 0.07353 0.04412 0.00000 0.01471 0.05882
GNM11799                       0.07353 0.05882 0.07353 0.08824 0.00000 0.08824 0.02941 0.01471 0.00000 0.05882 0.17647 0.11765 0.05882 0.02941 0.01471 0.04412 0.00000 0.00000 0.01471 0.05882
GNM11841                       0.08824 0.05882 0.02941 0.05882 0.00000 0.13235 0.08824 0.04412 0.00000 0.04412 0.10294 0.10294 0.02941 0.01471 0.01471 0.07353 0.02941 0.00000 0.00000 0.08824
GNM11931                       0.10294 0.07353 0.04412 0.04412 0.00000 0.16176 0.10294 0.02941 0.00000 0.05882 0.10294 0.07353 0.04412 0.02941 0.01471 0.05882 0.02941 0.00000 0.00000 0.02941
GNM12040                       0.10294 0.05882 0.02941 0.05882 0.00000 0.11765 0.10294 0.02941 0.01471 0.05882 0.13235 0.10294 0.02941 0.01471 0.01471 0.05882 0.02941 0.00000 0.01471 0.02941
GNM12071                       0.13235 0.07353 0.01471 0.08824 0.00000 0.14706 0.07353 0.04412 0.00000 0.04412 0.10294 0.07353 0.02941 0.02941 0.01471 0.04412 0.01471 0.00000 0.01471 0.05882
GNM12125                       0.13235 0.14706 0.02941 0.02941 0.00000 0.02941 0.14706 0.01471 0.01471 0.10294 0.13235 0.02941 0.00000 0.00000 0.02941 0.02941 0.02941 0.00000 0.00000 0.10294
GNM12126                       0.13235 0.11765 0.02941 0.01471 0.00000 0.05882 0.11765 0.02941 0.00000 0.08824 0.16176 0.07353 0.00000 0.00000 0.01471 0.02941 0.04412 0.00000 0.01471 0.07353
GNM12128                       0.11765 0.16176 0.01471 0.02941 0.00000 0.02941 0.16176 0.01471 0.00000 0.14706 0.13235 0.04412 0.00000 0.01471 0.02941 0.01471 0.04412 0.00000 0.00000 0.04412
GNM12182                       0.08824 0.08824 0.01471 0.05882 0.00000 0.05882 0.13235 0.01471 0.00000 0.08824 0.17647 0.08824 0.00000 0.01471 0.02941 0.07353 0.02941 0.00000 0.00000 0.04412
GNM12342                       0.11765 0.14706 0.00000 0.02941 0.00000 0.05882 0.16176 0.01471 0.00000 0.08824 0.17647 0.07353 0.01471 0.02941 0.02941 0.01471 0.01471 0.00000 0.00000 0.02941
GNM12346                       0.05882 0.13235 0.02941 0.05882 0.00000 0.13235 0.08824 0.02941 0.00000 0.13235 0.11765 0.02941 0.02941 0.01471 0.02941 0.00000 0.05882 0.00000 0.00000 0.05882
GNM12351                       0.04412 0.13235 0.01471 0.04412 0.00000 0.10294 0.11765 0.01471 0.00000 0.02941 0.17647 0.07353 0.04412 0.00000 0.01471 0.04412 0.05882 0.00000 0.00000 0.08824
GNM12356                       0.07353 0.05882 0.01471 0.04412 0.00000 0.10294 0.10294 0.01471 0.01471 0.07353 0.11765 0.13235 0.04412 0.04412 0.01471 0.05882 0.01471 0.00000 0.02941 0.04412
GNM12357                       0.08824 0.07353 0.00000 0.04412 0.00000 0.11765 0.08824 0.02941 0.01471 0.10294 0.14706 0.11765 0.02941 0.02941 0.01471 0.02941 0.02941 0.00000 0.02941 0.01471
GNM12366                       0.08824 0.10294 0.00000 0.02941 0.00000 0.11765 0.10294 0.02941 0.00000 0.07353 0.14706 0.10294 0.01471 0.02941 0.01471 0.04412 0.02941 0.00000 0.02941 0.04412
GNM12373                       0.07353 0.07353 0.02941 0.01471 0.00000 0.16176 0.10294 0.01471 0.00000 0.08824 0.11765 0.04412 0.04412 0.02941 0.02941 0.05882 0.05882 0.00000 0.00000 0.05882
GNM12385                       0.13235 0.08824 0.01471 0.02941 0.00000 0.10294 0.11765 0.01471 0.00000 0.07353 0.14706 0.07353 0.02941 0.02941 0.02941 0.01471 0.04412 0.00000 0.00000 0.05882
GNM12551                       0.11765 0.17647 0.01471 0.02941 0.00000 0.11765 0.10294 0.01471 0.00000 0.05882 0.17647 0.04412 0.01471 0.00000 0.02941 0.00000 0.02941 0.00000 0.02941 0.04412
GNM12554                       0.07353 0.10294 0.01471 0.07353 0.00000 0.11765 0.04412 0.01471 0.00000 0.05882 0.17647 0.05882 0.04412 0.01471 0.02941 0.05882 0.04412 0.00000 0.01471 0.05882
GNM12592                       0.13235 0.10294 0.00000 0.02941 0.00000 0.08824 0.10294 0.01471 0.00000 0.14706 0.11765 0.08824 0.02941 0.01471 0.02941 0.04412 0.04412 0.00000 0.00000 0.01471
GNM12596                       0.07353 0.10294 0.00000 0.02941 0.00000 0.10294 0.10294 0.02941 0.00000 0.07353 0.17647 0.07353 0.07353 0.00000 0.02941 0.05882 0.07353 0.00000 0.00000 0.00000
GNM12602                       0.07353 0.08824 0.00000 0.01471 0.00000 0.10294 0.10294 0.02941 0.00000 0.08824 0.16176 0.08824 0.07353 0.00000 0.02941 0.07353 0.07353 0.00000 0.00000 0.00000
GNM12665                       0.05882 0.10294 0.00000 0.02941 0.00000 0.10294 0.10294 0.02941 0.00000 0.07353 0.19118 0.07353 0.05882 0.00000 0.02941 0.07353 0.07353 0.00000 0.00000 0.00000
GNM12745                       0.11765 0.10294 0.05882 0.01471 0.00000 0.11765 0.08824 0.00000 0.01471 0.08824 0.14706 0.08824 0.02941 0.01471 0.01471 0.00000 0.07353 0.00000 0.00000 0.02941
GNM12749                       0.08824 0.07353 0.02941 0.04412 0.00000 0.14706 0.08824 0.01471 0.00000 0.08824 0.11765 0.05882 0.05882 0.02941 0.02941 0.02941 0.02941 0.00000 0.01471 0.05882
GNM12758                       0.04412 0.10294 0.01471 0.02941 0.00000 0.13235 0.10294 0.01471 0.00000 0.10294 0.16176 0.08824 0.05882 0.01471 0.02941 0.01471 0.04412 0.00000 0.00000 0.04412
GNM12763                       0.07353 0.17647 0.01471 0.01471 0.00000 0.11765 0.07353 0.01471 0.01471 0.11765 0.20588 0.05882 0.00000 0.01471 0.02941 0.02941 0.02941 0.00000 0.00000 0.01471
GNM12766                       0.07353 0.11765 0.00000 0.02941 0.00000 0.14706 0.10294 0.01471 0.00000 0.08824 0.17647 0.08824 0.02941 0.02941 0.01471 0.01471 0.02941 0.00000 0.01471 0.02941
GNM12841                       0.08824 0.05882 0.01471 0.04412 0.00000 0.13235 0.10294 0.04412 0.00000 0.07353 0.08824 0.11765 0.04412 0.02941 0.01471 0.05882 0.04412 0.00000 0.00000 0.04412
GNM12849                       0.04412 0.04412 0.05882 0.07353 0.00000 0.10294 0.04412 0.02941 0.00000 0.10294 0.13235 0.11765 0.07353 0.01471 0.02941 0.05882 0.01471 0.00000 0.01471 0.04412
GNM12869                       0.07353 0.04412 0.02941 0.04412 0.00000 0.10294 0.08824 0.02941 0.00000 0.10294 0.14706 0.11765 0.04412 0.02941 0.02941 0.01471 0.04412 0.00000 0.01471 0.04412
GNM12896                       0.10294 0.07353 0.05882 0.05882 0.00000 0.04412 0.05882 0.02941 0.00000 0.04412 0.22059 0.08824 0.01471 0.01471 0.01471 0.05882 0.04412 0.00000 0.01471 0.05882
GNM12897                       0.10294 0.07353 0.05882 0.07353 0.00000 0.04412 0.04412 0.02941 0.00000 0.04412 0.20588 0.08824 0.02941 0.01471 0.01471 0.07353 0.02941 0.00000 0.01471 0.05882
GNM12902                       0.04412 0.16176 0.04412 0.02941 0.00000 0.07353 0.13235 0.02941 0.01471 0.10294 0.17647 0.02941 0.01471 0.00000 0.02941 0.05882 0.01471 0.00000 0.00000 0.04412
GNM12903                       0.14706 0.13235 0.02941 0.02941 0.00000 0.04412 0.11765 0.01471 0.00000 0.10294 0.14706 0.05882 0.00000 0.01471 0.02941 0.00000 0.04412 0.00000 0.01471 0.07353
GNM12906                       0.16176 0.11765 0.02941 0.04412 0.00000 0.04412 0.08824 0.01471 0.00000 0.11765 0.13235 0.07353 0.01471 0.01471 0.02941 0.02941 0.02941 0.00000 0.01471 0.04412
GNM12907                       0.13235 0.13235 0.01471 0.05882 0.00000 0.05882 0.08824 0.01471 0.00000 0.10294 0.13235 0.04412 0.00000 0.01471 0.02941 0.04412 0.02941 0.00000 0.01471 0.08824
GNM12909                       0.16176 0.14706 0.01471 0.04412 0.00000 0.04412 0.10294 0.01471 0.00000 0.10294 0.14706 0.04412 0.00000 0.01471 0.02941 0.02941 0.02941 0.00000 0.01471 0.05882
GNM12915                       0.11765 0.14706 0.00000 0.02941 0.00000 0.10294 0.08824 0.01471 0.00000 0.14706 0.16176 0.05882 0.00000 0.01471 0.02941 0.00000 0.01471 0.00000 0.01471 0.05882
GNM10046                       0.11765 0.13235 0.00000 0.02941 0.00000 0.10294 0.08824 0.01471 0.00000 0.14706 0.14706 0.07353 0.01471 0.01471 0.02941 0.00000 0.01471 0.00000 0.01471 0.05882
GNM12918                       0.11765 0.14706 0.00000 0.02941 0.00000 0.10294 0.08824 0.01471 0.00000 0.14706 0.16176 0.05882 0.00000 0.01471 0.02941 0.00000 0.01471 0.00000 0.01471 0.05882
GNM12931                       0.08824 0.13235 0.04412 0.01471 0.00000 0.08824 0.07353 0.01471 0.02941 0.11765 0.16176 0.04412 0.01471 0.01471 0.02941 0.02941 0.05882 0.00000 0.00000 0.04412
GNM12938                       0.11765 0.08824 0.02941 0.05882 0.00000 0.08824 0.10294 0.01471 0.00000 0.13235 0.14706 0.07353 0.00000 0.00000 0.02941 0.01471 0.05882 0.00000 0.01471 0.02941
GNM12996                       0.05882 0.08824 0.02941 0.02941 0.00000 0.08824 0.14706 0.01471 0.00000 0.13235 0.14706 0.07353 0.00000 0.02941 0.02941 0.05882 0.04412 0.00000 0.00000 0.02941
GNM13018                       0.05882 0.08824 0.02941 0.02941 0.00000 0.08824 0.14706 0.01471 0.00000 0.13235 0.14706 0.07353 0.00000 0.02941 0.02941 0.05882 0.04412 0.00000 0.00000 0.02941
GNM13027                       0.13235 0.07353 0.02941 0.04412 0.00000 0.05882 0.13235 0.01471 0.00000 0.11765 0.16176 0.10294 0.00000 0.00000 0.02941 0.01471 0.02941 0.00000 0.01471 0.04412
GNM13046                       0.07353 0.05882 0.07353 0.07353 0.00000 0.07353 0.04412 0.01471 0.00000 0.10294 0.13235 0.10294 0.01471 0.02941 0.01471 0.05882 0.02941 0.00000 0.01471 0.08824
GNM13074                       0.10294 0.13235 0.00000 0.02941 0.00000 0.11765 0.10294 0.01471 0.00000 0.13235 0.16176 0.05882 0.00000 0.01471 0.02941 0.01471 0.01471 0.00000 0.01471 0.05882
GNM10010                       0.10294 0.11765 0.00000 0.05882 0.00000 0.10294 0.07353 0.02941 0.00000 0.11765 0.14706 0.08824 0.01471 0.01471 0.02941 0.00000 0.01471 0.00000 0.01471 0.07353
GNM10014                       0.10294 0.11765 0.00000 0.04412 0.00000 0.07353 0.11765 0.02941 0.00000 0.10294 0.17647 0.08824 0.01471 0.01471 0.02941 0.00000 0.01471 0.00000 0.01471 0.05882
GNM13090                       0.10294 0.13235 0.01471 0.04412 0.00000 0.08824 0.08824 0.02941 0.01471 0.10294 0.16176 0.05882 0.01471 0.01471 0.02941 0.00000 0.01471 0.00000 0.01471 0.07353
GNM13118                       0.10294 0.13235 0.01471 0.02941 0.00000 0.05882 0.14706 0.00000 0.00000 0.08824 0.17647 0.05882 0.01471 0.01471 0.02941 0.04412 0.02941 0.00000 0.00000 0.05882
GNM13126                       0.07353 0.16176 0.05882 0.07353 0.00000 0.07353 0.07353 0.01471 0.00000 0.11765 0.14706 0.04412 0.01471 0.00000 0.04412 0.05882 0.00000 0.00000 0.00000 0.04412
GNM13128                       0.05882 0.13235 0.05882 0.07353 0.00000 0.07353 0.07353 0.01471 0.00000 0.14706 0.13235 0.07353 0.01471 0.00000 0.04412 0.05882 0.00000 0.00000 0.00000 0.04412
GNM13208                       0.13235 0.14706 0.01471 0.04412 0.00000 0.07353 0.10294 0.01471 0.00000 0.07353 0.19118 0.02941 0.01471 0.01471 0.02941 0.02941 0.02941 0.00000 0.01471 0.04412
GNM13210                       0.13235 0.14706 0.02941 0.01471 0.00000 0.05882 0.13235 0.01471 0.00000 0.10294 0.14706 0.05882 0.01471 0.01471 0.02941 0.01471 0.04412 0.00000 0.00000 0.04412
GNM12773                       0.04412 0.05882 0.01471 0.02941 0.00000 0.16176 0.08824 0.01471 0.00000 0.14706 0.17647 0.11765 0.02941 0.01471 0.02941 0.01471 0.05882 0.00000 0.00000 0.00000
GNM12768                       0.05882 0.10294 0.01471 0.01471 0.00000 0.13235 0.08824 0.01471 0.00000 0.08824 0.17647 0.08824 0.00000 0.02941 0.01471 0.05882 0.05882 0.00000 0.00000 0.05882

Homogeneity statistic: X2 = 26.51447 G = 28.63635 

Average                        0.08760 0.09667 0.03129 0.04578 0.00000 0.08437 0.09250 0.02096 0.00229 0.09553 0.15434 0.08426 0.02805 0.01689 0.02315 0.04088 0.03410 0.00000 0.01085 0.05047
(Ambiguity characters are used to calculate freqs.)


# constant sites:      1 (1.47%)

TREE #  1:  ((((((((44, 140), 126), (57, 90)), 91), 92), (((128, 129), (93, 56)), (127, 130))), ((((((120, 119), 122), 121), 139), (59, 43)), 136)), ((((((((((((((((((46, 45), (48, 21)), 50), 55), 51), ((47, 49), 85)), 25), ((67, 20), (23, 22))), (((((((52, 53), 54), 115), (18, 6)), (((26, 38), (7, 5)), (83, 19))), ((10, 65), 114)), 71)), 131), ((70, 17), 84)), (((116, 69), 117), 39)), ((((74, 4), (68, 13)), (29, 75)), (14, 64))), (82, 66)), (((((40, 79), 80), 42), 41), ((36, 78), 12))), ((((1, 76), 77), (8, 2)), 37)), ((((34, 35), 32), (3, 30)), (((81, 11), 33), 31))), (((((((24, 28), 27), 141), (62, 63)), 60), 142), ((16, 15), 61))), (((((((((((107, 105), 106), 96), 104), 95), (((103, 101), 109), 100)), ((((88, 9), 89), (86, 113)), 87)), (58, 72)), ((138, 137), (73, 118))), ((((((99, 98), 97), 112), 94), ((108, 110), 111)), 102)), ((((133, 134), 135), 132), ((125, 123), 124))));   MP score: -1
lnL(ntime:281  np:282):  -7395.354100      +0.000000
 143..144 144..145 145..146 146..147 147..148 148..149 149..150 150..44  150..140 149..126 148..151 151..57  151..90  147..91  146..92  145..152 152..153 153..154 154..128 154..129 153..155 155..93  155..56  152..156 156..127 156..130 144..157 157..158 158..159 159..160 160..161 161..162 162..120 162..119 161..122 160..121 159..139 158..163 163..59  163..43  157..136 143..164 164..165 165..166 166..167 167..168 168..169 169..170 170..171 171..172 172..173 173..174 174..175 175..176 176..177 177..178 178..179 179..180 180..181 181..46  181..45  180..182 182..48  182..21  179..50  178..55  177..51  176..183 183..184 184..47  184..49  183..85  175..25  174..185 185..186 186..67  186..20  185..187 187..23  187..22  173..188 188..189 189..190 190..191 191..192 192..193 193..194 194..52  194..53  193..54  192..115 191..195 195..18  195..6   190..196 196..197 197..198 198..26  198..38  197..199 199..7   199..5   196..200 200..83  200..19  189..201 201..202 202..10  202..65  201..114 188..71  172..131 171..203 203..204 204..70  204..17  203..84  170..205 205..206 206..207 207..116 207..69  206..117 205..39  169..208 208..209 209..210 210..211 211..74  211..4   210..212 212..68  212..13  209..213 213..29  213..75  208..214 214..14  214..64  168..215 215..82  215..66  167..216 216..217 217..218 218..219 219..220 220..40  220..79  219..80  218..42  217..41  216..221 221..222 222..36  222..78  221..12  166..223 223..224 224..225 225..226 226..1   226..76  225..77  224..227 227..8   227..2   223..37  165..228 228..229 229..230 230..231 231..34  231..35  230..32  229..232 232..3   232..30  228..233 233..234 234..235 235..81  235..11  234..33  233..31  164..236 236..237 237..238 238..239 239..240 240..241 241..242 242..24  242..28  241..27  240..141 239..243 243..62  243..63  238..60  237..142 236..244 244..245 245..16  245..15  244..61  143..246 246..247 247..248 248..249 249..250 250..251 251..252 252..253 253..254 254..255 255..256 256..107 256..105 255..106 254..96  253..104 252..95  251..257 257..258 258..259 259..103 259..101 258..109 257..100 250..260 260..261 261..262 262..263 263..88  263..9   262..89  261..264 264..86  264..113 260..87  249..265 265..58  265..72  248..266 266..267 267..138 267..137 266..268 268..73  268..118 247..269 269..270 270..271 271..272 272..273 273..274 274..99  274..98  273..97  272..112 271..94  270..275 275..276 276..108 276..110 275..111 269..102 246..277 277..278 278..279 279..280 280..133 280..134 279..135 278..132 277..281 281..282 282..125 282..123 281..124
 0.035985 0.000000 0.032400 0.019432 0.047524 0.137813 0.048881 0.138500 0.171257 0.109381 0.029358 0.389701 0.314300 0.292544 0.235363 0.102527 0.017353 0.077840 0.000000 0.000000 0.025869 0.078497 0.088136 0.058234 0.063543 0.020665 0.069017 0.089389 0.126653 0.121051 0.016902 0.007580 0.079491 0.089666 0.000000 0.077867 0.051608 0.040582 0.153815 0.030298 0.333428 0.033919 0.029667 0.149121 0.172853 0.015536 0.105944 0.159767 0.109325 0.013906 0.000000 0.061230 0.137387 0.043073 0.035993 0.000000 0.019829 0.010786 0.000000 0.000000 0.000000 0.000000 0.000000 0.000000 0.000000 0.056957 0.027198 0.022748 0.037148 0.080109 0.009753 0.000000 0.060933 0.029147 0.033466 0.000000 0.000000 0.021724 0.021961 0.000000 0.099031 0.063730 0.044744 0.041408 0.000000 0.000000 0.011069 0.000000 0.000000 0.011116 0.022431 0.000000 0.000000 0.022335 0.000000 0.000000 0.056068 0.020036 0.002487 0.006084 0.023183 0.056304 0.053270 0.022812 0.035173 0.040295 0.042715 0.008133 0.003331 0.035704 0.287363 0.114011 0.024614 0.061394 0.054673 0.074346 0.076310 0.071502 0.011179 0.011456 0.000000 0.011290 0.022401 0.034585 0.113711 0.076219 0.056083 0.076336 0.051306 0.014980 0.105663 0.024103 0.010392 0.065695 0.022421 0.000000 0.062095 0.025638 0.078479 0.284604 0.000000 0.000000 0.024423 0.285150 0.058436 0.082091 0.010979 0.000000 0.000000 0.010868 0.049582 0.106128 0.279537 0.136400 0.019439 0.128670 0.000000 0.008138 0.038368 0.351013 0.113594 0.000000 0.061817 0.089225 0.215725 0.000000 0.000000 0.219284 0.123549 0.041229 0.065981 0.097184 0.000000 0.011177 0.091234 0.306760 0.000000 0.034627 0.088115 0.112461 0.000000 0.023186 0.011420 0.023260 0.270215 0.112105 0.000000 0.018191 0.023188 0.008231 0.012500 0.035083 0.162318 0.077899 0.132812 0.241754 0.168429 0.059412 0.000000 0.253560 0.345074 0.097460 0.258896 0.000000 0.000000 0.161207 0.023814 0.051108 0.000000 0.000000 0.107982 0.000000 0.060561 0.012617 0.187965 0.093564 0.000000 0.022062 0.000000 0.033309 0.229779 0.114407 0.209654 0.151369 0.000000 0.000000 0.198822 0.178929 0.153121 0.171833 0.315893 0.052537 0.075422 0.061797 0.126007 0.102745 0.136853 0.023774 0.084964 0.126494 0.058725 0.173148 0.092054 0.025144 0.279446 0.243656 0.030657 0.032000 0.043745 0.086980 0.043259 0.011538 0.158948 0.033892 0.065899 0.064057 0.033689 0.060887 0.059595 0.259981 0.076181 0.212308 0.075183 0.017956 0.332262 0.095414 0.189348 0.334721 0.204032 0.000000 0.074315 0.024395 0.043283 0.067573 0.025312 0.006444 0.042550 0.011091 0.011540 0.011542 0.023540 1.438795
