
Printing out site pattern counts


       149         74  P

GNM13746                        --AAADDDEE EEEEEEEFFG HIIIIIIIIK KKKKKKKLLL LLLMMNNNNN PPQQQQRRRS SSSTTTTVVV VYYY
GNM13538                        --AAADIQDE EEEEETVFLG HILLLMVVVI KKKKKPRILL LLVLMDLMNN PREKNQKRRK RSSSTTTKVV VFQY
GNM13876                        --AAVKEQTD EEKRTTMYYP ALLLVVMTVL EKRTVETLLL MVVECSVKDE PVQQQQTRRK KADNAPVKAA VIEY
GNM13680                        --AAVEERDK EETEHTVFAS PIILVMLIVK QKVEKIEALM LLVEMDLTNK PLEKSQRRWQ KAESATTKVV VFEY
GNM14837                        --AAVEDKDK AEKEETVFYS SIILIMLIVE KSTKKAQILM LIIGRDLSNK PLEDKQRRWQ KVESSSTKVV KFEY
GNM14249                        --AAVEDKDK AEKEETIFYP SIILIMLIVE KSTKKAQLLM LIIGRDLSNK PMEDKQRRWK KVESSSTKVV KFEY
GNM13928                        --AAVEDKDK AEKEETIFYS SIILIMLIVE KSTKKAQILM LIIGRELSNK PLEDKQRRWR KVESSSTKVV KFEY
GNM13297                        --AAADIQDE EEEEETVFLG HILLLMVVVI KKKKKPRILL LLVLMDLMNN PREKNQKRRK RSSSTTTKVV VFQY
GNM14865                        --ASVEPEEE DENGEDAFIP SVLLLITLIE RHQEKYELLL LVIALDLNDA PRKEELARRE EAKSATARAV VVTH
GNM13455                        --AAVEEKDK AEKEETMFYP SIILIMLIVE KKTKKSQILM LIIGRDLSNK PLEDKQRRWQ KVGSSSTKVV KFEY
GNM14938                        --AAVEVQAE EEDEEEMFLA PTLVVILVVK RKREKPKLLL LVVECDASNR PVQSKAQRRE MSRTTSITVV KVEY
GNM14483                        --AAAQEKDE EEKEESEFLP PIILLIIVVK KKKTHLKVLL LLVQMTLSNK PIESKQKRRE KA-STTTKVA RFEY
GNM14872                        --AAVEEKDK EESQQTVFSA AIILIMTVVK AKTEKIETLM LLVDMDLGNK PLETSQRRWQ KAPTATTKVV VFEY
GNM13855                        --SAVKEGDE EEAIETAFYY SIILVILVVE KKRSKIEVLM LLLEMEKKNL PIEHTQRRWE RSSSATTKVS VFEY
GNM14445                        --AAVEKKDK EEEEETIFLK PIYLVILIVN QQEKKLKTLL LILEMSLSNK PKEDKQRYRR ISDSVTTKSV RFEY
GNM14366                        --AAVEEQDK AEQEETKFYS AIILIILIVK KKTKKPQVLI LIIEMDLTNK PLESKQRRWE SAGSASTKVV KFEY
GNM14252                        --AAVEDKDK AENEETIFYP SIILIMLIVE KSTKKAQILM LIIGRDLSNK PMENKQRRWK KVESSSTKVV KFEY
GNM13760                        --AAVEDKDK AENEETIFYS SIILIMLIVD KTTKKAQILM LIIGRELSNK PLEDKQRRWQ KAGSSSTKVV KFEY
GNM13982                        --AAVEEQDS SEKEETVVFA SILLVILIVK KTQKKAQLLM LILKCELSNK PMESNQRRWQ KSDTSSTKIV KFEY
GNM13960                        --AAVEEQDK PEKEETTFFP PIILIILIVK KKKSKMRILM LIISLELSND PLEAEQRRWE KAESSSTKIV KFEY
GNM14633                        --AAVEEQDD SEKEETVVFA SILLVILIVK KTQKKAQLLM LILKCELSNK PMESNQRRWQ KSDTSSTKIV KFEY
GNM14853                        --AAVEEQDD SEKEETVVFA SILLVILIVK KTQKKAQLLM LILKCELSNK PMESNQRRWQ KSDTSSTKIV KFEY
GNM14138                        --AIVEEKDI QEVEQEVFLS PFAIIIVAVT EKDEKICTLV LLIEMDLTNN PIQKSQRRRE ETKSVASKLA LFDY
GNM14055                        --AAVEEQDK PEKEETIFYP PIILITLIVK KNEKKLQVLM LIIGMDLSNK PLEINQRRWD KSESSSTKLV KFEY
GNM14748                        --AAVEDKDK AEKEETIFYS SIILIILIVN KTTKKAQILM LIIGRDLSNQ PMENKQRRWK KVESSSTKVV KFEY
GNM14246                        --AAVREKDD EESEQEVFLA PLMIVIVCVK EREEKIRVLL LLIEMDLANN PLQTSQRRRK ESESVTSKVA VFEY
GNM14640                        --AAVEENDD QEAEQEVFLS PFTIIMVCVT EKEKKPRVLL LLIEMDLAND PIQMAQRRRK GSESITTKIA VFEY
GNM14965                        --AAAEENDE EENEEKIFHS SIVLIMLVIE RKSEKIETLM LLVESGLVNQ PLEVQQRRWR KATSATTKVV VFEY
GNM13677                        --AAVKEQTE EEKRTTMYYP ALLLVVMTVL EKRTVETLLL MVVECSVKDE PVQQQQSRRK KADNAPVKAA VIEY
GNM14339                        --AAVEEQNE NEQPEEQFYA PTLIIIIICK KKREVPTLLL LIISCPVTNE PVQKIQLRRE YASDATVTVV VVEY
GNM14593                        --AAVEENED EEERETMFLA PVILLILIVE RKTDKPTVLM LVIECSVRNK PIQKEQLRRE QSKTSSVKVT IVEY
GNM13825                        --AAVEIESD EEEEEEMFLA PTIVVILIVR RKREKPKLLL LVVECDATNR PVQSSAQRRE MSKTTSIAVV KVEY
GNM14768                        --AAVREKND EEERETMYLA PLILLILIVK EKTEEPTLLL LIISCPVIDK PVQKNQQRRE RSAHASVRVV IIEY
GNM14776                        --AAVREKND EEERETMYLA PLILLILIVK EKTEEPTLLL LIISCPVIDK PVQKNQQRRE RSAHASVRVV IIEY
GNM14715                        --AAAQEKDD EEKEESEFLA PIILLIIIVK KKKDNLRVLL LLLAAELTNH PVESKQKRRQ KSKSTSTKVT RFEY
GNM14639                        --AAAEEEDK MENEETVFIS AIILIIMIIR KKSKKPKVLI LLVEFDLINK PIETKQKNRR KTESTTTKTL KIEY
GNM13795                        --AAVEDKDK AEKEETIFYS SIILIMLIVD KTTKKAQILM LIIGRDLSNQ PMEDKQRRWK KVESSSTKVV KFEY
GNM14166                        --AAVEEQDK AEKEEQVFYA PIILIMINVK KKSKKGQILL MIIELDLTNK PEEAKQRRWQ KSETASTKVV KFEY
GNM13993                        --AIVDEKDK PESLQTSFFY AIILIIVVYK DDQSKITSLA LTIANDLKNQ PIEKKQKRRE SPETVSTNLV AFQY
GNM14450                        --AAVEMEDK EEKEETVFYP PIILIMLTSV KKGQKITILM LIIDMELTNK PIEKGQRRWK KTESASTKVV KFEY
GNM13515                        --AAVADQDE SEKEETIFFH SILLVIIIVK KKKKRSQVMM LIIKCDLSNK PMEVEQRRWS KAESSSTKIV KFEY
GNM13745                        --AFVDEEDK PESLENVFYK SIILIILIYK KNKAKITPIA LVISNDLINE PLQKKQKRRQ SSKTVSTKLV SFEY
GNM14030                        --AVVAEKDK PESLESAFLP AVILIILIYS DDKEKVTSIA LIISCTLKNQ PIEKKQKRRK VPQTVSTGLV AFDY
GNM14959                        --TAARLSDD DENREAMFLP ALILIIMLIE RKQKLDEVLL LLIEMGLRDK PAQKEVNRNE SSNTVPTKVL ILTY
GNM13413                        --IAAAEAEE DESEEKENLP STILLINIVE GRSSYQKILL LLLRCPLENS PLIKSLSRRF EHKTYSVKML RLTY
GNM14990                        --AAVEEQDK PEKEETTFFP PIILIILIVK KKKSKMQILM LIISLELSND PLEAGQRRWE KADSSSTKIV KFEY
GNM15005                        --AAVEEQDK PEKEETTFFP PIILIILIVK KKKSKMRILM LIISMELSND PLEAGQRRWE KAESSSTKIV KFEY
GNM14992                        --AAVEEQDK PEKEETIFYP PIILLILIVK KKKNKMRILM LIISQELSND PLEAKQRRWD KAESSSTKVV KFEY
GNM15013                        --AAVEEQDK PEKEETTFFP PIILIILIVK KKKSKMRILM LIISLELSND PLEAEQRRWE KADSSSTKIV KFEY
GNM15014                        --AAVEEQDK PEKEETIFYP SIILLILITK KKKNKMRILM LIISQELSND PLEAKQRRWD KADSSSTKVV KFEY
GNM14995                        --AAVEAQDK PEKEETVFYP AIILVILIVK VKTKKMRILM LILECDLSNK PLEDKQRRWK KVESSSTKIV KFEY
GNM15017                        --A---AQ-- PEKE-TV--- -I-L-I-IV- --TK----LM -IL-C-L-NK PLE----R-K --ESS---I- KFE-
GNM14999                        --AAVEESDK PEKEETIFHP PIMLLILIVK KKRNKMRILM LIISLELSND PLEAKQRRWD KSESSSTKIV KFEY
GNM15018                        --AAVEDKDK AEKEETVFYP SIILIMLIVE KSTKKAQLLM LIIGRDLSNK PMEDKQRRWK KVESSSTKVV KFEY
GNM15024                        --AAVEDKDK AEKEETVFYP SIILIMLIVE KSTKKAQLLM LIIGRDLSNK PMEDKQRRWK KVESSSTKVV KFEY
GNM14980                        --AAVEDKDK AEKEETVFYP SIILIMLIVE KSTKKAQLLM LIIGRDLSNK PMEDKQRRWK KVESSSTKVV KFEY
GNM15000                        --AAVEDKDK AEKEETVFYP SIILIMLIVE KSTKKAQLLM LIIGRDLSNK PMEDKQRRWK KVESSSTKVV KFEY
GNM15026                        --AAVEEQDK PEKEETVFYP AIILMILIVK KRTKKTTILM LIIDHDLSNK PLEKKQRRWE KAESSSTKIV KFEY
GNM15019                        --AAVEDKDK AEKEETIFYV SIILIILIVD KPTKKAQILM LIIGRDLTNQ PMEDKQRRWQ KSESSSTKVV KFEY
GNM15003                        --AAVEEKDK PEKEETTFFP PIILIILIVK KKRSKMRVLM LIISLELTND PLETEQRRWE KADSSSTKIV KFEY
GNM11003                        --RAAKEEEE DEEEVKAIYD SLYVIIYIAK NKTQKYHCLL VVIYCNVNSK PVVDELQRRE ETKTSPTSAL MIIY
GNM11023                        -DAAAKEEEE GEPRVSVVWP QIYLVLYIAE SFKKKAKWIL MVIYCDYRSS PENAEQERSE YVKTSPTKAF VIAY
GNM11055                        --AAAEEDKD DEDKESVFLA SVIVIIIIVE KKRKKYELLL MILEMPLRDD PPKKETRRRE FAKIITALAL VIIH
GNM11146                        --AAARIKDE EEDREATYLP PLLLVINIIA EKSSLDIVLL LLVEMKVRNN PPQDDINQIE YSSTASTRVL IITY
GNM11219                        --AAARSEDE EEGREEVFMA AIILILVCVR SKGERERLLL LIIELPLSNE PVQEAQRRRE RSKSTTVKAT VFIY
GNM11220                        --AAAEDDDS EEKREEIVLP ALLLIIITVE AKEEYDTVLL LLIKMDLRND PIQKGQSRRK EAESVTVKVA VFRY
GNM11222                        --AAVKAKEE EEKVKETFFA ALILVIVCVE EKEGKPKLLL LLIAMDLQNE PLQQNQRRKA GSKSVPTTVS IFEY
GNM11223                        --AASAEEEE EEEVEDVFLP PTALIIICVR RKKNLPRIML LLIKMDLMNN PVQDAQRRRE ISKSVTSKVM VFEY
GNM11224                        --AASAEEEK EEEVEDVFLP PTVLIIICVS HKKNMPKVLL LLIKMDLTNN PIQAAQRRRE ISKSVTSKVV VFEY
GNM11358                        --SAVKEDDE EESNETVFFY SIILVILVVE KKRAKIEVLM LLLEMDKKNL PIEPTQRRWR RSSSATTKVS VFEY
GNM11360                        --AAVEEKDK AEKEETMFYP SIILIMLIVE KKTKKSQILM LIIGRDLSNK PLEDKQRRWQ KVGSSSTKVV KFEY
GNM11362                        --AAVDEDND EEKEETMFYT PIILIMLIVV RKSNKVKVLM LLIAMSLTNN PIEKRQRRWR KAESTTTKIV KFEY
GNM11367                        --AAVEEQDS SEKEETVVFA SILLVILIVK KTQKKAQLLM LILKCELSNK PMESNQRRWQ KSDTSSTKIV KFEY
GNM11377                        --AAVEEKDK EESQQTVFSA AIILIMTVVK AKTEKIETLM LLVDMDLGNK PLETSQRRWQ KASTATTKVV VFEY
GNM11380                        --AAVEEQDK AEKEELVFYA PIILIMINVK KKSKKGQILL MIIELDLTNK PEEAKQRRWQ KSETASTKVV KFEY
GNM11383                        --AAVEETDK AENEETKFHA AIILIILIVK KKTKKPQLLV LIIEMDLTNK PLEAKQRRWE SAGTASTKVV KFEY
GNM11491                        --AAVEEQDK AEREETVFYP PTILVIIIVK KTTKQPQALM LILGRDLSNQ PMENKQRRWV KVESSSTKVV KFEY
GNM11804                        --AAAEEEKD DEEKEKLFLA SVIVIIIIVE KKRKRYDLLL LVIEMPLRDN PPKKKTRRKE FSKIITTTAL VILY
GNM11805                        A-ILVNENAD EEDREPSFLK NIMLKINIVQ KKSKFYTYII LLISKDLEDR PTKDNENMDD ILVSATTKIV YIAY
GNM12886                        --AAVEERDK EENEHTVFAS PIILVMLIVK QKVDKIEVLM LLVELDLTNR PLEKSQRRWQ KSESATTKVV VFEY
GNM12892                        --AAAEEKDE EENEEKIFHS SIVLIMLVIE RKSEKIETLM LLVESGLVNQ PLEVQQRRWR KATSATTKVV VFEY
GNM12895                        --AAVEMEDK EEKEETVFYP PIILIMLTSV KKGQKITILM LIIDMELTNK PIEKGQRRWK KTESASTKVV KFEY
GNM13060                        --AAAEEEEE EEEEEEEFYG HIIIIIIIIR RKKKKKKILL LLLSMSNNNN PPQDQQKRRA NSSTTTTVVV IYYY
GNM13061                        --AAADDNSE EESSEETFLG HILIIIIIID RTKEKKRILL LLLSLSYNNS PRQKSQQRKR SSSSSTTSVL VYIY
GNM13062                        --AAAQEKDD EEKEESEFLS PIILLIIIVK KKKSNLKALL LLLSMQLTNH PVEAKQKRRQ KASSTTTKVT RFEY
GNM13064                        --AIVDEKDK PESLQTSFFY AIILIIVVYK DDQSKITSLA LTIANDLKNQ PIEKKQKRRE SPETVSTNLV AFQY
GNM13066                        --AIVDEKDE PESLQTAFFY AIILIILVYK DEQSRITCLA LTISNDLKNQ PIETKQKRRE TPNTVSTNLV AFQY
GNM11034                        --AAVEVESD EEEEEEMFLA PTLVVILVVR RKREKPKLLL LVVECDASNR PVQSSAQRRE MSRTTSITVV KVEY
GNM11363                        --AAVDEDND EEKEETMFYT PIILIMLIVV RKSNKVKVLM LLIAMSLTNN PIEKRQRRWR KAESTTTKIV KFEY
GNM11375                        --AAVEDKDK AENEETIFYS SIILIMLIVE KTTKKAQILM LIIGRELSNK PLEDKQRRWQ KAGSSSTKVV KFEY
GNM11381                        --AAVEEQDK AENEETKFHS AIILIILIVK KKTKKPQLLI LIIEMDLTNK PLESKQRRWE STGTASTKVV KFEY
GNM11382                        --AAVEEQDK AENEETKFHA AIILIILIVK KKTKKPQVLI LLIEMELTNK PLEAKQRRWE SAGSASTKVV KFEY
GNM11799                        --AAVEEQDK PEKEETIFYP PIILLILIVK KKKNKMRILM LIISQELSND PLEAKQRRWD KAESSSTKVV KFEY
GNM11841                        --ASTEPEEE DENTEDEFIP AIILLIVLYQ LLLEKFELLL LVIERDINNK PRKEDLKRRE EAQDATARAV VVTH
GNM11931                        --ASAAADEA TEDEEDLFIP SVLLLIVLYE RLRAKPELLF LVISLELNDA PRKEELSRRE TAKTSTARVA VVVH
GNM12040                        --ASVLPDES DENEEDLFIP STLLQIVLIE RDQTKYDLLL LVIQLDLNDK PRKDNLARRE DAKDATARAV VVTH
GNM12071                        --ASAEPEEE TENLEDTFIA SVILVVTLVE RHEEKYELLL LVIVLDLNDA PRKEELARRE EAKDSTARAV VVTH
GNM12125                        --AAAKFRDD EEEEVTVFYP PVIAVALIAE EKVEKYRCIA LLLEVDLANK PVINQVAKRR SSEDAPAKVL FIAY
GNM12126                        --RVAVEERD DFEEEEKVVL TKMLIINEVE RKTELYRCLL LVIECTVRNR PVAKKITKNF AIEEVSSLEL DVAH
GNM12128                        --ISAKLNED DEEELKKNHV PLILIINLSK EKKTKDRCLL LVIELDLTNS PILKEIRKVE YTQTFPTSIL YVTY
GNM12182                        --MAAEEEEE DGDKVKKLFA SLILVIYLAK RKDGKYDCLL LIIKCSLNSK PPMNELQRKE EERNAPTSSL MIVY
GNM12342                        --AAAEKEDE DDEEEDIFLK SIILVIVIVK KKESAYRLLL MVIYLDLQDR PLKENQGRCE EAKDATAKAL VITY
GNM12346                        --ASVDDNEK DEDLEKLFVG PIMLLILLIE RKQTRLETLM LVINCDLNSA PRKAQQKRRE ESKTSTATAA VIIH
GNM12351                        --ASVEEGNS DEDPEKLFIA PLILLIVIIE RKLEKLEMLL LVINADLDDL PRHRKLRRKK EAETTTAMAA VLIH
GNM12356                        --IVAEKEDE EDDESDKFLA SLLLIILIVK EKEKEYKLLL MCISLNLQDA PNKDNNGKCE QAKDLTARIL TITY
GNM12357                        --AAAEKEDE EDEEHTTFLK AVILTIILVA DTENTYKILM MVIDLSLRDS PEKDEHGKCQ ESKTITSKIL FVMY
GNM12366                        --AAAEKADK EEDENTLFLK AVILTVIIVS EKENLHKLLM MIISLNLQDC PAKDEHGKCQ ESKNVTAKIL LVMY
GNM12373                        --AALEEADE DEDPEKGLIV PTEIMILICS KKKSRMDCLL LLIIMSLDNH PRRTALRRKI ESKSATSSVA LIIH
GNM12385                        --AALDEDEE DEDEEKVLIS PLTLMILLYA RKRKRRETLL LVILMSLNNM PRRKSLRRKE ESTTALSQAA VIIH
GNM12551                        --VLAKIERE EEEEEVRFVP HVVITIVVNE ESRSRPSLLA VSIEQELKEE PEKDKQRKEE RGRSVNAKLL KLLY
GNM12554                        --ASLAEEEE DEDPEKLLMP PLSVVILIYE KRKKRKETLL LVIQMTINNM PRRKGFRRRK EAASATSQAA VIIH
GNM12592                        --ASVAEERE DEDPETLFMP AILLLIILVQ RHMANLESLL LVIKRTLEDR PRKEELRRRA DSRTATALAA VIIH
GNM12596                        --ASVDVNHE DEDPEKLFLG AYILLILIVE RKQEKLEILL LVISLNLEDF PRRKRFRRKK ESESSTAQAA VIIH
GNM12602                        --ASVESNRE DEDPEKLFLG AYLILILIIE RKQERLEILL LVITLSLEDL PRRKRFRRKK ESESSTAQAA VIIH
GNM12665                        --ASVDVNNV DEDPEKLFLG AYKLLILIVE RRQEKLEILL LVITLSLEDF PRRKAFRRKK ESASSTAQAA VIIH
GNM12745                        --AAAEVTDD DDDPETEFIA SLILIIILVE KLEEKPKLLL LLVMMDLNDD PLKDKQNRLK TAQDLTTKVV RIQY
GNM12749                        --ASLEDQEE DEDPEKLIIA PLEVIILVYE KKRQKAKTLL LVILMSINNI PRRKNLRRRA ESSTATSQAA VVVH
GNM12758                        --ASVEREDE SDEREKMFLP AVILVIMIVE RRVDKPELLL LIIEMDLTDD PIKKKQNRLE SSKDLSVRAV VIHH
GNM12763                        --AAVERDEK VEKRVDEFLA PIMLVILIVE MKEEKPTLIL LVIEMSLSNK PLHEEQKHLK SVEDAPIKVI TLIH
GNM12766                        --AAAAKEDE DDEEEDMFLP SIILIIVIVK KKKENYKLLL MVIILSLQDA PYKDDHGRCE QAKDVTAKAL VIHY
GNM12841                        --AAAEAEEE DEDEEDRFIV PILLLITLYA QLEEKYELLL LVVALDLNNA PRKEDLARRD EAKDTTARAV VVTH
GNM12849                        --AAVEEKDK AEKEETMFYP SIILIMLIVE KTTKKSQILM LIIGRDLSNK PLEDKQRRWQ KVGSSSTKVV KFEY
GNM12869                        --AAVEDKDK AEKEETIFYP SIILIMLIVE KSTKKAQLLM LIIGRDLSNK PMEDKQRRWK KVESSSTKVV KFEY
GNM12896                        --AAVEEQDK AEKEEQVFYA PIILIMINVK KKSKKGQILL MIIELDLTNK PEEAKQRRWQ KSETASTKVV KFEY
GNM12897                        --AAVEEQDK AEKEELVFYA PIILIMINVK KKSKKAQILL MIIELDLTNK PEEAKQRRWQ KSETASTKVV KFEY
GNM12902                        T-SIVNEKSS EEDQESMFLP LYRLIINISS EKAAYYSIII LVIIMNLEDK PRKDSEKTDE IMGTATENII RIVY
GNM12903                        --ASAAIRDE EEKRATVVLR AIILIINLIR EKDELEERLI LLLRSTLENT ITQEEQRKKQ STGSTPTKVL MITY
GNM12906                        --AAAAIKDE DEKRKTVVLP AVILLINLIN EVDELEERLI LLLRRTLENT IIQEEQRRKQ SAGNTTTKAL VVTY
GNM12907                        --AAAEVKDD EEKRKTMVLG ALILVINLAA EKDELEERLL LLLRSRLENT ILQEEQRRKQ SVGSVTTKVL VVTY
GNM12909                        --AAAEIKDD DEKRKTIVLP AIILIINLVS EKEELEERLI LLLRSKYENT ILQETQRKKK STGSLTTKTL VITY
GNM12915                        --AAAEREEE LDEDENIFLA AIILIIIIGE RKESKYKLLA LLILMSLEDD PNKKKARRLE EAKDVTAKVA VIIH
GNM10046                        --AAAEREED MDDDESMFLA AILLIIIICE KKENKYKLLA LLILMPLEDD PSKKKARRLE EAKDVTARVA VIIH
GNM12918                        --AAAEREEE LDEEENMFLA SIILIIIIAK RKESKYRLLA LLLLMPLEDD PNKKKARRLE EAKDVTAKVA IIIH
GNM12931                        --ISAKENHE DEEDEKKFLP PTLLLINIIA EKQNYLKMLL LIIKCELSNK PLMSKLSRKV ESPTISTEIL RLTY
GNM12938                        --RAAKDKDD EEEEIREIFE SIYVVIYIAK SRTEKFHCLI IILKCDINSK PVVSEIQRKE ESKTSPTSAL MVVY
GNM12996                        --RAAKDEDE DEDEVRSVYA SILVIIYIAK QKISKYHCLV LILSCDINSR PLVSDLQRRE EEKTSPTSAL VIVY
GNM13018                        --RAAKDEDE DEDEVRSVYA SILVIIYIAK QKTNKYHCLV LILTCDINSR PSISDLQRRE EEKTSPTSAL IIVY
GNM13027                        --RAAKDDEE EENEFRKVFS SIIVVIYIAK LKTEKYHCLI LVIQCSINSK PIVDDLQRRE EASTSPTSAL MIVY
GNM13046                        --AAVEEQDK AEKEETVFYP SIILVMIIVK KKTKKAQILM LIIERDLSNK PLEAEQRRWE KAETSSTKVV KFEY
GNM13053                        --ASVKREDE EEEEESVFLA PILLIILIVK EKKSQLKTLI LLIGISLSNN PKEEGQRRRR KSISVTTKTV RFEY
GNM13074                        --AATERDEE IDKEEDIFLS AIIILIIIAE KKESKYHVLL LLILMTIEDD PYKQKARRIR EAEDVTSRVA KILH
GNM10010                        --AAAEREEE FDNEEDMFLP ALLIVILLAE RKENKYHLLL LILELKIEDD PYKQKARRIK EAEDVTSRVA KIIH
GNM13090                        --AATEREEE FDKEEDIFLP ALLILIILAE VKEGKYRLLL LLLEMKIEDD PYKQRARRVK EADDVTSRVA KILH
GNM13118                        -RAAAEDEEQ QEEEEPMFLA AIIALIYVVS RKAKLNKVLL LLILKDIRNS PPQTKERKYR ESSDITTKVL VFVY
GNM13126                        --LIVDKEAK GEDEEPLFLP PYLLILILVK KRESIYKIIV LLISKDTEDK PPKANEKTED KAKTASNKLA RIAY
GNM13128                        --IIVNKGES ADDEEPSFLP PYIIILILVR DRGGYYKVIV LLISKDAGDK PPKVKEKTED KSKTSSNKLA KIVY
GNM13208                        --AAADVEDN EEKRKAIVIA AIILIMNIIS EAESLDEILK LILRLDLENK PVQAAQRKKE STSDMTTKVL VLTF
GNM13210                        --IVANEEDE DENEERRFYY PFELLINIIE GKKSLPKILV LMIKCPSKNS PVMRKLTRRF ESQTPTTRVL KLSY
GNM12773                        --ASVKSKDA DEAPQEVFLL PLLLLILCVK KKQKKNKILL LLVNMKINNN PIQDSQRRRK ETENVTTKIV RFEY



    1    1    1    1    1    1    1    1    1    1    1    1    1    1    1
    1    1    1    1    1    1    1    1    1    1    1    1    1    1    1
    1    1    1    1    1    1    1    1    1    1    1    1    1    1    1
    1    1    1    1    1    1    1    1    1    1    1    1    1    1    1
    1    1    1    1    1    1    1    1    1    1    1    1    1    1

AAML (in paml version 4.9h, March 2018)  tmp0017.txt
Model: Empirical,  (../wag.dat) dGamma (ncatG=4) ns = 149  ls =  74


Frequencies..
                                    A      R      N      D      C      Q      E      G      H      I      L      K      M      F      P      S      T      W      Y      V
GNM13746                       0.04167 0.04167 0.06944 0.04167 0.00000 0.05556 0.12500 0.01389 0.01389 0.11111 0.08333 0.11111 0.02778 0.02778 0.02778 0.05556 0.05556 0.00000 0.04167 0.05556
GNM13538                       0.04167 0.06944 0.04167 0.04167 0.00000 0.04167 0.09722 0.01389 0.01389 0.05556 0.13889 0.12500 0.04167 0.02778 0.02778 0.04167 0.05556 0.00000 0.01389 0.11111
GNM13876                       0.09722 0.05556 0.01389 0.04167 0.01389 0.06944 0.11111 0.00000 0.00000 0.01389 0.09722 0.09722 0.04167 0.00000 0.04167 0.01389 0.09722 0.00000 0.04167 0.15278
GNM13680                       0.08333 0.04167 0.01389 0.02778 0.00000 0.04167 0.15278 0.00000 0.01389 0.05556 0.09722 0.11111 0.04167 0.02778 0.02778 0.04167 0.06944 0.01389 0.01389 0.12500
GNM14837                       0.05556 0.04167 0.01389 0.05556 0.00000 0.04167 0.11111 0.01389 0.00000 0.09722 0.08333 0.15278 0.02778 0.02778 0.01389 0.09722 0.04167 0.01389 0.02778 0.08333
GNM14249                       0.05556 0.04167 0.01389 0.05556 0.00000 0.02778 0.11111 0.01389 0.00000 0.09722 0.08333 0.16667 0.04167 0.02778 0.02778 0.08333 0.04167 0.01389 0.02778 0.06944
GNM13928                       0.05556 0.05556 0.01389 0.04167 0.00000 0.02778 0.12500 0.01389 0.00000 0.11111 0.08333 0.15278 0.02778 0.02778 0.01389 0.09722 0.04167 0.01389 0.02778 0.06944
GNM13297                       0.04167 0.06944 0.04167 0.04167 0.00000 0.04167 0.09722 0.01389 0.01389 0.05556 0.13889 0.12500 0.04167 0.02778 0.02778 0.04167 0.05556 0.00000 0.01389 0.11111
GNM14865                       0.12500 0.06944 0.02778 0.05556 0.00000 0.01389 0.18056 0.01389 0.02778 0.05556 0.15278 0.04167 0.00000 0.01389 0.04167 0.04167 0.04167 0.00000 0.01389 0.08333
GNM13455                       0.04167 0.04167 0.01389 0.04167 0.00000 0.04167 0.11111 0.02778 0.00000 0.09722 0.08333 0.16667 0.04167 0.02778 0.02778 0.08333 0.04167 0.01389 0.02778 0.06944
GNM14938                       0.08333 0.08333 0.01389 0.02778 0.01389 0.04167 0.15278 0.00000 0.00000 0.02778 0.09722 0.08333 0.02778 0.01389 0.04167 0.05556 0.05556 0.00000 0.01389 0.16667
GNM14483                       0.07042 0.04225 0.01408 0.01408 0.00000 0.04225 0.14085 0.00000 0.01408 0.07042 0.12676 0.16901 0.01408 0.02817 0.04225 0.05634 0.07042 0.00000 0.01408 0.07042
GNM14872                       0.09722 0.02778 0.01389 0.04167 0.00000 0.05556 0.11111 0.01389 0.00000 0.05556 0.08333 0.11111 0.04167 0.02778 0.02778 0.04167 0.11111 0.01389 0.01389 0.11111
GNM13855                       0.05556 0.05556 0.01389 0.01389 0.00000 0.01389 0.16667 0.01389 0.01389 0.08333 0.09722 0.09722 0.02778 0.02778 0.01389 0.09722 0.05556 0.01389 0.04167 0.09722
GNM14445                       0.02778 0.05556 0.02778 0.04167 0.00000 0.04167 0.13889 0.00000 0.00000 0.08333 0.12500 0.15278 0.01389 0.02778 0.02778 0.06944 0.05556 0.00000 0.04167 0.06944
GNM14366                       0.08333 0.02778 0.01389 0.02778 0.00000 0.05556 0.12500 0.01389 0.00000 0.11111 0.08333 0.15278 0.01389 0.02778 0.02778 0.06944 0.05556 0.01389 0.02778 0.06944
GNM14252                       0.05556 0.04167 0.04167 0.04167 0.00000 0.02778 0.11111 0.01389 0.00000 0.11111 0.06944 0.15278 0.04167 0.02778 0.02778 0.08333 0.04167 0.01389 0.02778 0.06944
GNM13760                       0.06944 0.04167 0.02778 0.05556 0.00000 0.04167 0.09722 0.02778 0.00000 0.11111 0.08333 0.13889 0.02778 0.02778 0.01389 0.08333 0.05556 0.01389 0.02778 0.05556
GNM13982                       0.05556 0.02778 0.02778 0.02778 0.01389 0.06944 0.11111 0.00000 0.00000 0.06944 0.11111 0.13889 0.02778 0.02778 0.01389 0.11111 0.05556 0.01389 0.01389 0.08333
GNM13960                       0.05556 0.04167 0.01389 0.02778 0.00000 0.02778 0.15278 0.00000 0.00000 0.12500 0.09722 0.13889 0.02778 0.04167 0.05556 0.08333 0.04167 0.01389 0.01389 0.04167
GNM14633                       0.05556 0.02778 0.02778 0.04167 0.01389 0.06944 0.11111 0.00000 0.00000 0.06944 0.11111 0.13889 0.02778 0.02778 0.01389 0.09722 0.05556 0.01389 0.01389 0.08333
GNM14853                       0.05556 0.02778 0.02778 0.04167 0.01389 0.06944 0.11111 0.00000 0.00000 0.06944 0.11111 0.13889 0.02778 0.02778 0.01389 0.09722 0.05556 0.01389 0.01389 0.08333
GNM14138                       0.06944 0.04167 0.02778 0.05556 0.01389 0.05556 0.13889 0.00000 0.00000 0.11111 0.09722 0.08333 0.01389 0.04167 0.02778 0.05556 0.05556 0.00000 0.01389 0.09722
GNM14055                       0.02778 0.02778 0.04167 0.04167 0.00000 0.04167 0.12500 0.01389 0.00000 0.11111 0.11111 0.13889 0.02778 0.02778 0.05556 0.06944 0.04167 0.01389 0.02778 0.05556
GNM14748                       0.05556 0.04167 0.04167 0.04167 0.00000 0.04167 0.09722 0.01389 0.00000 0.12500 0.06944 0.15278 0.02778 0.02778 0.01389 0.08333 0.05556 0.01389 0.02778 0.06944
GNM14246                       0.06944 0.08333 0.02778 0.04167 0.01389 0.04167 0.16667 0.00000 0.00000 0.05556 0.11111 0.06944 0.02778 0.02778 0.02778 0.06944 0.02778 0.00000 0.01389 0.12500
GNM14640                       0.08333 0.05556 0.02778 0.05556 0.01389 0.05556 0.13889 0.01389 0.00000 0.08333 0.08333 0.06944 0.04167 0.04167 0.04167 0.04167 0.05556 0.00000 0.01389 0.08333
GNM14965                       0.06944 0.05556 0.04167 0.01389 0.00000 0.04167 0.18056 0.01389 0.01389 0.06944 0.09722 0.06944 0.02778 0.02778 0.01389 0.06944 0.05556 0.01389 0.01389 0.11111
GNM13677                       0.09722 0.05556 0.01389 0.02778 0.01389 0.06944 0.12500 0.00000 0.00000 0.01389 0.09722 0.09722 0.04167 0.00000 0.04167 0.02778 0.08333 0.00000 0.04167 0.15278
GNM14339                       0.06944 0.04167 0.04167 0.01389 0.02778 0.06944 0.13889 0.00000 0.00000 0.11111 0.08333 0.05556 0.00000 0.01389 0.06944 0.02778 0.06944 0.00000 0.04167 0.12500
GNM14593                       0.04167 0.06944 0.02778 0.02778 0.01389 0.04167 0.16667 0.00000 0.00000 0.08333 0.09722 0.08333 0.02778 0.01389 0.04167 0.05556 0.06944 0.00000 0.01389 0.12500
GNM13825                       0.08333 0.08333 0.01389 0.02778 0.01389 0.02778 0.16667 0.00000 0.00000 0.06944 0.08333 0.06944 0.02778 0.01389 0.04167 0.06944 0.05556 0.00000 0.01389 0.13889
GNM14768                       0.06944 0.08333 0.02778 0.02778 0.01389 0.04167 0.13889 0.00000 0.01389 0.11111 0.12500 0.06944 0.01389 0.00000 0.05556 0.04167 0.04167 0.00000 0.02778 0.09722
GNM14776                       0.06944 0.08333 0.02778 0.02778 0.01389 0.04167 0.13889 0.00000 0.01389 0.11111 0.12500 0.06944 0.01389 0.00000 0.05556 0.04167 0.04167 0.00000 0.02778 0.09722
GNM14715                       0.08333 0.05556 0.02778 0.04167 0.00000 0.04167 0.12500 0.00000 0.01389 0.06944 0.13889 0.15278 0.00000 0.02778 0.02778 0.06944 0.05556 0.00000 0.01389 0.05556
GNM14639                       0.05556 0.04167 0.04167 0.02778 0.00000 0.01389 0.13889 0.00000 0.00000 0.15278 0.08333 0.16667 0.02778 0.02778 0.02778 0.04167 0.09722 0.00000 0.01389 0.04167
GNM13795                       0.05556 0.04167 0.01389 0.06944 0.00000 0.04167 0.09722 0.01389 0.00000 0.11111 0.06944 0.15278 0.04167 0.02778 0.01389 0.08333 0.05556 0.01389 0.02778 0.06944
GNM14166                       0.08333 0.02778 0.02778 0.02778 0.00000 0.06944 0.13889 0.01389 0.00000 0.09722 0.06944 0.16667 0.02778 0.02778 0.02778 0.04167 0.04167 0.01389 0.02778 0.06944
GNM13993                       0.06944 0.02778 0.04167 0.06944 0.00000 0.06944 0.06944 0.00000 0.00000 0.11111 0.08333 0.11111 0.00000 0.04167 0.04167 0.08333 0.06944 0.00000 0.04167 0.06944
GNM14450                       0.04167 0.02778 0.01389 0.02778 0.00000 0.02778 0.13889 0.02778 0.00000 0.11111 0.06944 0.15278 0.05556 0.02778 0.04167 0.04167 0.08333 0.01389 0.02778 0.06944
GNM13515                       0.05556 0.04167 0.01389 0.04167 0.01389 0.04167 0.11111 0.00000 0.01389 0.11111 0.05556 0.15278 0.04167 0.04167 0.01389 0.11111 0.02778 0.01389 0.01389 0.08333
GNM13745                       0.04167 0.02778 0.05556 0.04167 0.00000 0.04167 0.08333 0.00000 0.00000 0.12500 0.09722 0.15278 0.00000 0.04167 0.04167 0.09722 0.04167 0.00000 0.04167 0.06944
GNM14030                       0.08333 0.02778 0.01389 0.05556 0.01389 0.04167 0.06944 0.01389 0.00000 0.11111 0.09722 0.12500 0.00000 0.02778 0.05556 0.08333 0.05556 0.00000 0.02778 0.09722
GNM14959                       0.06944 0.06944 0.05556 0.06944 0.00000 0.02778 0.09722 0.01389 0.00000 0.08333 0.18056 0.06944 0.04167 0.01389 0.04167 0.04167 0.05556 0.00000 0.01389 0.05556
GNM13413                       0.05556 0.06944 0.04167 0.01389 0.01389 0.01389 0.13889 0.01389 0.01389 0.08333 0.18056 0.06944 0.01389 0.01389 0.04167 0.11111 0.04167 0.00000 0.04167 0.02778
GNM14990                       0.05556 0.02778 0.01389 0.04167 0.00000 0.04167 0.12500 0.01389 0.00000 0.12500 0.09722 0.13889 0.02778 0.04167 0.05556 0.08333 0.04167 0.01389 0.01389 0.04167
GNM15005                       0.05556 0.04167 0.01389 0.02778 0.00000 0.02778 0.13889 0.01389 0.00000 0.12500 0.08333 0.13889 0.04167 0.04167 0.05556 0.08333 0.04167 0.01389 0.01389 0.04167
GNM14992                       0.05556 0.04167 0.02778 0.04167 0.00000 0.04167 0.12500 0.00000 0.00000 0.11111 0.09722 0.15278 0.02778 0.02778 0.05556 0.06944 0.02778 0.01389 0.02778 0.05556
GNM15013                       0.05556 0.04167 0.01389 0.04167 0.00000 0.02778 0.13889 0.00000 0.00000 0.12500 0.09722 0.13889 0.02778 0.04167 0.05556 0.08333 0.04167 0.01389 0.01389 0.04167
GNM15014                       0.05556 0.04167 0.02778 0.05556 0.00000 0.04167 0.11111 0.00000 0.00000 0.11111 0.09722 0.15278 0.02778 0.02778 0.04167 0.08333 0.04167 0.01389 0.02778 0.04167
GNM14995                       0.05556 0.04167 0.01389 0.04167 0.01389 0.02778 0.11111 0.00000 0.00000 0.09722 0.09722 0.16667 0.02778 0.02778 0.04167 0.05556 0.04167 0.01389 0.02778 0.09722
GNM15017                       0.05556 0.02778 0.02778 0.00000 0.02778 0.02778 0.13889 0.00000 0.00000 0.13889 0.13889 0.13889 0.02778 0.02778 0.05556 0.05556 0.05556 0.00000 0.00000 0.05556
GNM14999                       0.04167 0.05556 0.02778 0.04167 0.00000 0.01389 0.12500 0.00000 0.01389 0.11111 0.11111 0.13889 0.04167 0.02778 0.05556 0.09722 0.02778 0.01389 0.01389 0.04167
GNM15018                       0.05556 0.04167 0.01389 0.05556 0.00000 0.02778 0.11111 0.01389 0.00000 0.08333 0.08333 0.16667 0.04167 0.02778 0.02778 0.08333 0.04167 0.01389 0.02778 0.08333
GNM15024                       0.05556 0.04167 0.01389 0.05556 0.00000 0.02778 0.11111 0.01389 0.00000 0.08333 0.08333 0.16667 0.04167 0.02778 0.02778 0.08333 0.04167 0.01389 0.02778 0.08333
GNM14980                       0.05556 0.04167 0.01389 0.05556 0.00000 0.02778 0.11111 0.01389 0.00000 0.08333 0.08333 0.16667 0.04167 0.02778 0.02778 0.08333 0.04167 0.01389 0.02778 0.08333
GNM15000                       0.05556 0.04167 0.01389 0.05556 0.00000 0.02778 0.11111 0.01389 0.00000 0.08333 0.08333 0.16667 0.04167 0.02778 0.02778 0.08333 0.04167 0.01389 0.02778 0.08333
GNM15026                       0.05556 0.04167 0.01389 0.04167 0.00000 0.02778 0.12500 0.00000 0.01389 0.11111 0.08333 0.16667 0.02778 0.02778 0.04167 0.05556 0.06944 0.01389 0.02778 0.05556
GNM15019                       0.05556 0.04167 0.01389 0.06944 0.00000 0.05556 0.09722 0.01389 0.00000 0.12500 0.06944 0.13889 0.02778 0.02778 0.02778 0.06944 0.05556 0.01389 0.02778 0.06944
GNM15003                       0.04167 0.05556 0.01389 0.04167 0.00000 0.01389 0.13889 0.00000 0.00000 0.11111 0.09722 0.13889 0.02778 0.04167 0.05556 0.06944 0.06944 0.01389 0.01389 0.05556
GNM11003                       0.06944 0.04167 0.04167 0.04167 0.02778 0.02778 0.13889 0.00000 0.01389 0.09722 0.06944 0.09722 0.01389 0.00000 0.02778 0.05556 0.05556 0.00000 0.08333 0.09722
GNM11023                       0.10959 0.04110 0.01370 0.02740 0.01370 0.02740 0.13699 0.01370 0.00000 0.06849 0.04110 0.09589 0.01370 0.02740 0.05479 0.08219 0.02740 0.02740 0.08219 0.09589
GNM11055                       0.09722 0.06944 0.00000 0.08333 0.00000 0.00000 0.12500 0.00000 0.01389 0.13889 0.11111 0.12500 0.02778 0.02778 0.04167 0.02778 0.02778 0.00000 0.01389 0.06944
GNM11146                       0.08333 0.05556 0.05556 0.06944 0.00000 0.02778 0.09722 0.00000 0.00000 0.12500 0.13889 0.04167 0.01389 0.00000 0.05556 0.06944 0.05556 0.00000 0.04167 0.06944
GNM11219                       0.09722 0.12500 0.01389 0.01389 0.01389 0.02778 0.16667 0.02778 0.00000 0.08333 0.11111 0.04167 0.01389 0.02778 0.02778 0.06944 0.04167 0.00000 0.01389 0.08333
GNM11220                       0.09722 0.06944 0.01389 0.08333 0.00000 0.02778 0.13889 0.01389 0.00000 0.08333 0.12500 0.08333 0.01389 0.01389 0.02778 0.04167 0.04167 0.00000 0.02778 0.09722
GNM11222                       0.09722 0.02778 0.02778 0.01389 0.01389 0.05556 0.13889 0.02778 0.00000 0.05556 0.12500 0.12500 0.01389 0.04167 0.04167 0.04167 0.04167 0.00000 0.01389 0.09722
GNM11223                       0.06944 0.08333 0.04167 0.04167 0.01389 0.02778 0.13889 0.00000 0.00000 0.08333 0.09722 0.06944 0.05556 0.02778 0.05556 0.05556 0.02778 0.00000 0.01389 0.09722
GNM11224                       0.06944 0.04167 0.04167 0.02778 0.01389 0.02778 0.12500 0.00000 0.01389 0.08333 0.09722 0.09722 0.02778 0.02778 0.05556 0.06944 0.04167 0.00000 0.01389 0.12500
GNM11358                       0.04167 0.06944 0.02778 0.04167 0.00000 0.01389 0.13889 0.00000 0.00000 0.06944 0.09722 0.09722 0.02778 0.04167 0.02778 0.09722 0.05556 0.01389 0.02778 0.11111
GNM11360                       0.04167 0.04167 0.01389 0.04167 0.00000 0.04167 0.11111 0.02778 0.00000 0.09722 0.08333 0.16667 0.04167 0.02778 0.02778 0.08333 0.04167 0.01389 0.02778 0.06944
GNM11362                       0.05556 0.06944 0.05556 0.04167 0.00000 0.01389 0.11111 0.00000 0.00000 0.09722 0.08333 0.11111 0.05556 0.02778 0.02778 0.04167 0.08333 0.01389 0.02778 0.08333
GNM11367                       0.05556 0.02778 0.02778 0.02778 0.01389 0.06944 0.11111 0.00000 0.00000 0.06944 0.11111 0.13889 0.02778 0.02778 0.01389 0.11111 0.05556 0.01389 0.01389 0.08333
GNM11377                       0.09722 0.02778 0.01389 0.04167 0.00000 0.05556 0.11111 0.01389 0.00000 0.05556 0.08333 0.11111 0.04167 0.02778 0.01389 0.05556 0.11111 0.01389 0.01389 0.11111
GNM11380                       0.08333 0.02778 0.02778 0.02778 0.00000 0.05556 0.13889 0.01389 0.00000 0.09722 0.08333 0.16667 0.02778 0.02778 0.02778 0.04167 0.04167 0.01389 0.02778 0.06944
GNM11383                       0.11111 0.02778 0.02778 0.02778 0.00000 0.02778 0.12500 0.01389 0.01389 0.09722 0.09722 0.15278 0.01389 0.02778 0.02778 0.02778 0.08333 0.01389 0.01389 0.06944
GNM11491                       0.05556 0.05556 0.02778 0.02778 0.00000 0.06944 0.11111 0.01389 0.00000 0.06944 0.06944 0.11111 0.02778 0.02778 0.05556 0.05556 0.06944 0.01389 0.02778 0.11111
GNM11804                       0.06944 0.06944 0.01389 0.05556 0.00000 0.00000 0.12500 0.00000 0.00000 0.12500 0.12500 0.15278 0.01389 0.02778 0.04167 0.02778 0.05556 0.00000 0.02778 0.06944
GNM11805                       0.05479 0.02740 0.08219 0.09589 0.00000 0.01370 0.08219 0.00000 0.00000 0.13699 0.09589 0.10959 0.02740 0.02740 0.02740 0.05479 0.05479 0.00000 0.05479 0.05479
GNM12886                       0.05556 0.05556 0.02778 0.04167 0.00000 0.04167 0.13889 0.00000 0.01389 0.05556 0.11111 0.09722 0.02778 0.02778 0.02778 0.05556 0.05556 0.01389 0.01389 0.13889
GNM12892                       0.06944 0.05556 0.02778 0.01389 0.00000 0.04167 0.18056 0.01389 0.01389 0.06944 0.09722 0.08333 0.02778 0.02778 0.01389 0.06944 0.05556 0.01389 0.01389 0.11111
GNM12895                       0.04167 0.02778 0.01389 0.02778 0.00000 0.02778 0.13889 0.02778 0.00000 0.11111 0.06944 0.15278 0.05556 0.02778 0.04167 0.04167 0.08333 0.01389 0.02778 0.06944
GNM13060                       0.05556 0.05556 0.06944 0.01389 0.00000 0.04167 0.16667 0.01389 0.01389 0.13889 0.06944 0.09722 0.01389 0.01389 0.02778 0.05556 0.05556 0.00000 0.05556 0.04167
GNM13061                       0.04167 0.06944 0.04167 0.04167 0.00000 0.04167 0.08333 0.01389 0.01389 0.12500 0.12500 0.06944 0.00000 0.01389 0.01389 0.18056 0.05556 0.00000 0.04167 0.02778
GNM13062                       0.08333 0.04167 0.02778 0.02778 0.00000 0.05556 0.11111 0.00000 0.01389 0.06944 0.13889 0.15278 0.01389 0.02778 0.02778 0.08333 0.06944 0.00000 0.01389 0.04167
GNM13064                       0.06944 0.02778 0.04167 0.06944 0.00000 0.06944 0.06944 0.00000 0.00000 0.11111 0.08333 0.11111 0.00000 0.04167 0.04167 0.08333 0.06944 0.00000 0.04167 0.06944
GNM13066                       0.06944 0.04167 0.05556 0.05556 0.01389 0.06944 0.08333 0.00000 0.00000 0.11111 0.09722 0.06944 0.00000 0.04167 0.04167 0.05556 0.09722 0.00000 0.04167 0.05556
GNM11034                       0.06944 0.09722 0.01389 0.02778 0.01389 0.02778 0.16667 0.00000 0.00000 0.02778 0.09722 0.05556 0.02778 0.01389 0.04167 0.08333 0.05556 0.00000 0.01389 0.16667
GNM11363                       0.05556 0.06944 0.05556 0.04167 0.00000 0.01389 0.11111 0.00000 0.00000 0.09722 0.08333 0.11111 0.05556 0.02778 0.02778 0.04167 0.08333 0.01389 0.02778 0.08333
GNM11375                       0.06944 0.04167 0.02778 0.04167 0.00000 0.04167 0.11111 0.02778 0.00000 0.11111 0.08333 0.13889 0.02778 0.02778 0.01389 0.08333 0.05556 0.01389 0.02778 0.05556
GNM11381                       0.06944 0.02778 0.02778 0.02778 0.00000 0.04167 0.12500 0.01389 0.01389 0.11111 0.09722 0.15278 0.01389 0.02778 0.02778 0.05556 0.08333 0.01389 0.01389 0.05556
GNM11382                       0.11111 0.02778 0.02778 0.01389 0.00000 0.04167 0.13889 0.01389 0.01389 0.09722 0.09722 0.15278 0.01389 0.02778 0.02778 0.04167 0.05556 0.01389 0.01389 0.06944
GNM11799                       0.05556 0.04167 0.02778 0.04167 0.00000 0.04167 0.12500 0.00000 0.00000 0.11111 0.09722 0.15278 0.02778 0.02778 0.05556 0.06944 0.02778 0.01389 0.02778 0.05556
GNM11841                       0.08333 0.06944 0.04167 0.06944 0.00000 0.02778 0.18056 0.00000 0.01389 0.08333 0.15278 0.05556 0.00000 0.02778 0.04167 0.01389 0.05556 0.00000 0.01389 0.06944
GNM11931                       0.13889 0.08333 0.01389 0.05556 0.00000 0.00000 0.13889 0.00000 0.01389 0.04167 0.16667 0.04167 0.00000 0.02778 0.04167 0.06944 0.05556 0.00000 0.01389 0.09722
GNM12040                       0.08333 0.06944 0.04167 0.13889 0.00000 0.04167 0.08333 0.00000 0.01389 0.05556 0.16667 0.05556 0.00000 0.01389 0.04167 0.04167 0.05556 0.00000 0.01389 0.08333
GNM12071                       0.11111 0.06944 0.02778 0.05556 0.00000 0.00000 0.19444 0.00000 0.02778 0.04167 0.13889 0.04167 0.00000 0.01389 0.02778 0.04167 0.06944 0.00000 0.01389 0.12500
GNM12125                       0.16667 0.05556 0.02778 0.05556 0.01389 0.01389 0.12500 0.00000 0.00000 0.06944 0.08333 0.08333 0.00000 0.04167 0.05556 0.02778 0.01389 0.00000 0.04167 0.12500
GNM12126                       0.05556 0.08333 0.04167 0.04167 0.02778 0.00000 0.18056 0.00000 0.01389 0.06944 0.11111 0.08333 0.01389 0.02778 0.01389 0.02778 0.05556 0.00000 0.01389 0.13889
GNM12128                       0.01389 0.02778 0.05556 0.05556 0.01389 0.01389 0.11111 0.00000 0.01389 0.11111 0.16667 0.12500 0.00000 0.01389 0.04167 0.05556 0.08333 0.00000 0.04167 0.05556
GNM12182                       0.06944 0.04167 0.04167 0.05556 0.02778 0.01389 0.12500 0.02778 0.00000 0.06944 0.13889 0.12500 0.04167 0.01389 0.04167 0.06944 0.01389 0.00000 0.04167 0.04167
GNM12342                       0.11111 0.04167 0.01389 0.09722 0.01389 0.02778 0.13889 0.01389 0.00000 0.09722 0.12500 0.11111 0.01389 0.01389 0.01389 0.02778 0.02778 0.00000 0.04167 0.06944
GNM12346                       0.08333 0.06944 0.04167 0.06944 0.01389 0.04167 0.09722 0.01389 0.01389 0.08333 0.13889 0.08333 0.02778 0.01389 0.02778 0.05556 0.06944 0.00000 0.00000 0.05556
GNM12351                       0.09722 0.06944 0.02778 0.06944 0.00000 0.00000 0.12500 0.01389 0.02778 0.09722 0.18056 0.08333 0.02778 0.01389 0.04167 0.02778 0.04167 0.00000 0.00000 0.05556
GNM12356                       0.06944 0.01389 0.05556 0.09722 0.02778 0.02778 0.12500 0.01389 0.00000 0.09722 0.16667 0.12500 0.01389 0.01389 0.01389 0.04167 0.04167 0.00000 0.02778 0.02778
GNM12357                       0.06944 0.01389 0.01389 0.08333 0.01389 0.01389 0.13889 0.01389 0.02778 0.09722 0.09722 0.09722 0.04167 0.02778 0.01389 0.05556 0.09722 0.00000 0.02778 0.05556
GNM12366                       0.09722 0.00000 0.05556 0.05556 0.02778 0.02778 0.11111 0.01389 0.02778 0.08333 0.13889 0.12500 0.04167 0.01389 0.01389 0.04167 0.04167 0.00000 0.01389 0.06944
GNM12373                       0.08333 0.06944 0.01389 0.06944 0.02778 0.00000 0.09722 0.01389 0.02778 0.12500 0.13889 0.08333 0.04167 0.00000 0.04167 0.09722 0.04167 0.00000 0.00000 0.02778
GNM12385                       0.08333 0.11111 0.02778 0.05556 0.00000 0.01389 0.12500 0.00000 0.01389 0.06944 0.18056 0.06944 0.04167 0.00000 0.02778 0.06944 0.05556 0.00000 0.01389 0.04167
GNM12551                       0.04167 0.09722 0.02778 0.01389 0.00000 0.02778 0.22222 0.01389 0.01389 0.05556 0.11111 0.09722 0.00000 0.01389 0.04167 0.06944 0.01389 0.00000 0.01389 0.12500
GNM12554                       0.09722 0.09722 0.02778 0.02778 0.00000 0.02778 0.12500 0.01389 0.01389 0.08333 0.11111 0.09722 0.04167 0.01389 0.05556 0.05556 0.04167 0.00000 0.01389 0.05556
GNM12592                       0.12500 0.12500 0.01389 0.05556 0.00000 0.01389 0.12500 0.00000 0.02778 0.08333 0.16667 0.02778 0.02778 0.01389 0.04167 0.04167 0.05556 0.00000 0.00000 0.05556
GNM12596                       0.06944 0.08333 0.02778 0.05556 0.00000 0.02778 0.12500 0.01389 0.02778 0.09722 0.15278 0.08333 0.00000 0.04167 0.02778 0.06944 0.01389 0.00000 0.01389 0.06944
GNM12602                       0.06944 0.11111 0.01389 0.04167 0.00000 0.02778 0.13889 0.01389 0.01389 0.11111 0.16667 0.06944 0.00000 0.02778 0.02778 0.08333 0.02778 0.00000 0.01389 0.04167
GNM12665                       0.09722 0.08333 0.02778 0.05556 0.00000 0.02778 0.09722 0.01389 0.01389 0.08333 0.15278 0.08333 0.00000 0.04167 0.02778 0.06944 0.02778 0.00000 0.01389 0.08333
GNM12745                       0.06944 0.02778 0.02778 0.13889 0.00000 0.04167 0.08333 0.00000 0.00000 0.08333 0.18056 0.09722 0.02778 0.01389 0.04167 0.01389 0.06944 0.00000 0.01389 0.06944
GNM12749                       0.09722 0.08333 0.04167 0.04167 0.00000 0.04167 0.11111 0.00000 0.01389 0.09722 0.12500 0.08333 0.01389 0.00000 0.04167 0.06944 0.04167 0.00000 0.01389 0.08333
GNM12758                       0.04167 0.08333 0.01389 0.09722 0.00000 0.01389 0.12500 0.00000 0.02778 0.09722 0.12500 0.08333 0.04167 0.01389 0.04167 0.06944 0.01389 0.00000 0.00000 0.11111
GNM12763                       0.05556 0.02778 0.01389 0.04167 0.00000 0.01389 0.15278 0.00000 0.04167 0.11111 0.13889 0.11111 0.04167 0.01389 0.05556 0.04167 0.02778 0.00000 0.00000 0.11111
GNM12766                       0.11111 0.01389 0.01389 0.11111 0.01389 0.02778 0.09722 0.01389 0.02778 0.11111 0.11111 0.12500 0.02778 0.01389 0.02778 0.02778 0.01389 0.00000 0.04167 0.06944
GNM12841                       0.15278 0.06944 0.02778 0.09722 0.00000 0.01389 0.16667 0.00000 0.01389 0.04167 0.16667 0.04167 0.00000 0.01389 0.02778 0.00000 0.05556 0.00000 0.02778 0.08333
GNM12849                       0.04167 0.04167 0.01389 0.04167 0.00000 0.04167 0.11111 0.02778 0.00000 0.09722 0.08333 0.15278 0.04167 0.02778 0.02778 0.08333 0.05556 0.01389 0.02778 0.06944
GNM12869                       0.05556 0.04167 0.01389 0.05556 0.00000 0.02778 0.11111 0.01389 0.00000 0.09722 0.08333 0.16667 0.04167 0.02778 0.02778 0.08333 0.04167 0.01389 0.02778 0.06944
GNM12896                       0.08333 0.02778 0.02778 0.02778 0.00000 0.06944 0.13889 0.01389 0.00000 0.09722 0.06944 0.16667 0.02778 0.02778 0.02778 0.04167 0.04167 0.01389 0.02778 0.06944
GNM12897                       0.09722 0.02778 0.02778 0.02778 0.00000 0.05556 0.13889 0.00000 0.00000 0.09722 0.08333 0.16667 0.02778 0.02778 0.02778 0.04167 0.04167 0.01389 0.02778 0.06944
GNM12902                       0.04110 0.04110 0.05479 0.05479 0.00000 0.01370 0.12329 0.01370 0.00000 0.17808 0.06849 0.06849 0.04110 0.01370 0.02740 0.10959 0.05479 0.00000 0.05479 0.04110
GNM12903                       0.06944 0.09722 0.02778 0.02778 0.00000 0.04167 0.13889 0.01389 0.00000 0.12500 0.13889 0.06944 0.01389 0.00000 0.01389 0.05556 0.11111 0.00000 0.01389 0.04167
GNM12906                       0.09722 0.08333 0.05556 0.04167 0.00000 0.04167 0.12500 0.01389 0.00000 0.09722 0.15278 0.06944 0.00000 0.00000 0.01389 0.01389 0.09722 0.00000 0.01389 0.08333
GNM12907                       0.08333 0.08333 0.02778 0.04167 0.00000 0.04167 0.13889 0.02778 0.00000 0.04167 0.18056 0.08333 0.01389 0.00000 0.00000 0.04167 0.06944 0.00000 0.01389 0.11111
GNM12909                       0.05556 0.05556 0.02778 0.04167 0.00000 0.02778 0.12500 0.01389 0.00000 0.12500 0.15278 0.12500 0.00000 0.00000 0.01389 0.05556 0.11111 0.00000 0.02778 0.04167
GNM12915                       0.13889 0.05556 0.02778 0.06944 0.00000 0.00000 0.15278 0.01389 0.01389 0.13889 0.13889 0.11111 0.01389 0.01389 0.01389 0.02778 0.01389 0.00000 0.01389 0.04167
GNM10046                       0.13889 0.05556 0.01389 0.09722 0.01389 0.00000 0.12500 0.00000 0.01389 0.11111 0.13889 0.11111 0.04167 0.01389 0.02778 0.02778 0.01389 0.00000 0.01389 0.04167
GNM12918                       0.13889 0.06944 0.02778 0.05556 0.00000 0.00000 0.15278 0.00000 0.01389 0.12500 0.15278 0.11111 0.02778 0.01389 0.02778 0.02778 0.01389 0.00000 0.01389 0.02778
GNM12931                       0.02778 0.02778 0.05556 0.02778 0.01389 0.01389 0.12500 0.00000 0.01389 0.11111 0.18056 0.12500 0.02778 0.01389 0.05556 0.08333 0.05556 0.00000 0.02778 0.01389
GNM12938                       0.05556 0.05556 0.01389 0.05556 0.02778 0.01389 0.13889 0.00000 0.01389 0.13889 0.04167 0.11111 0.01389 0.02778 0.02778 0.09722 0.04167 0.00000 0.04167 0.08333
GNM12996                       0.06944 0.06944 0.01389 0.08333 0.02778 0.02778 0.09722 0.00000 0.01389 0.11111 0.09722 0.06944 0.00000 0.00000 0.02778 0.11111 0.02778 0.00000 0.05556 0.09722
GNM13018                       0.06944 0.06944 0.02778 0.08333 0.02778 0.02778 0.09722 0.00000 0.01389 0.12500 0.08333 0.06944 0.00000 0.00000 0.02778 0.09722 0.05556 0.00000 0.05556 0.06944
GNM13027                       0.06944 0.05556 0.02778 0.05556 0.02778 0.02778 0.11111 0.00000 0.01389 0.12500 0.06944 0.08333 0.01389 0.02778 0.02778 0.09722 0.04167 0.00000 0.04167 0.08333
GNM13046                       0.08333 0.04167 0.01389 0.02778 0.00000 0.04167 0.15278 0.00000 0.00000 0.09722 0.06944 0.15278 0.02778 0.02778 0.02778 0.05556 0.05556 0.01389 0.02778 0.08333
GNM13053                       0.02778 0.08333 0.02778 0.01389 0.00000 0.02778 0.15278 0.02778 0.00000 0.11111 0.12500 0.11111 0.00000 0.02778 0.02778 0.09722 0.05556 0.00000 0.01389 0.06944
GNM13074                       0.09722 0.06944 0.00000 0.08333 0.00000 0.01389 0.13889 0.00000 0.02778 0.16667 0.11111 0.09722 0.01389 0.01389 0.01389 0.04167 0.04167 0.00000 0.02778 0.04167
GNM10010                       0.11111 0.06944 0.02778 0.06944 0.00000 0.01389 0.16667 0.00000 0.02778 0.09722 0.15278 0.09722 0.01389 0.02778 0.02778 0.01389 0.01389 0.00000 0.02778 0.04167
GNM13090                       0.09722 0.08333 0.00000 0.08333 0.00000 0.01389 0.15278 0.01389 0.01389 0.08333 0.16667 0.09722 0.01389 0.02778 0.02778 0.01389 0.02778 0.00000 0.02778 0.05556
GNM13118                       0.09589 0.06849 0.02740 0.04110 0.00000 0.04110 0.12329 0.00000 0.00000 0.08219 0.12329 0.09589 0.01370 0.02740 0.04110 0.05479 0.04110 0.00000 0.04110 0.08219
GNM13126                       0.08333 0.02778 0.02778 0.06944 0.00000 0.00000 0.11111 0.01389 0.00000 0.11111 0.13889 0.16667 0.00000 0.01389 0.06944 0.04167 0.04167 0.00000 0.04167 0.04167
GNM13128                       0.04167 0.02778 0.02778 0.08333 0.00000 0.00000 0.06944 0.05556 0.00000 0.12500 0.08333 0.15278 0.00000 0.01389 0.06944 0.08333 0.02778 0.00000 0.05556 0.08333
GNM13208                       0.12500 0.04167 0.04167 0.06944 0.00000 0.02778 0.11111 0.00000 0.00000 0.12500 0.12500 0.09722 0.02778 0.01389 0.01389 0.05556 0.05556 0.00000 0.00000 0.06944
GNM13210                       0.01389 0.08333 0.05556 0.02778 0.01389 0.01389 0.12500 0.01389 0.00000 0.08333 0.11111 0.09722 0.02778 0.04167 0.06944 0.06944 0.05556 0.00000 0.04167 0.05556
GNM12773                       0.04167 0.05556 0.08333 0.04167 0.01389 0.05556 0.06944 0.00000 0.00000 0.06944 0.15278 0.15278 0.01389 0.02778 0.04167 0.04167 0.04167 0.00000 0.01389 0.08333

Homogeneity statistic: X2 = 29.00355 G = 30.82026 

Average                        0.07172 0.05320 0.02814 0.04797 0.00542 0.03301 0.12623 0.00832 0.00692 0.09453 0.11005 0.11332 0.02366 0.02319 0.03366 0.06237 0.05161 0.00542 0.02459 0.07667
(Ambiguity characters are used to calculate freqs.)


# constant sites:      0 (0.00%)

TREE #  1:  ((((((((45, 148), 134), (62, 98)), 99), 100), (((136, 137), (101, 61)), (135, 138))), ((((((128, 127), 130), 129), 147), (64, 44)), 144)), ((((((((((((((((((((46, 47), (49, 20)), 60), 53), ((48, 50), 93)), 58), (52, 51)), 24), (((73, 19), (22, 21)), 41)), ((((((((57, 55), 56), 54), 123), (17, 6)), (((59, (25, 37)), (7, 5)), (90, 18))), ((10, 71), 122)), 77)), 139), (((91, 76), 16), 92)), (((124, 75), 125), 38)), ((((80, 4), (74, 13)), (28, 81)), (14, 70))), (82, 40)), (89, 72)), ((((((39, 86), 87), 43), 42), (15, 140)), ((35, 85), 12))), ((((1, 83), 84), (8, 2)), 36)), ((((33, 34), 31), (3, 29)), (((88, 11), 32), 30))), (((((((23, 27), 26), 149), (68, 69)), 65), 67), 66)), (((((((((((115, 113), 114), 104), 112), 103), (((111, 109), 117), 108)), ((((96, 9), 97), (94, 121)), 95)), (63, 78)), ((146, 145), (79, 126))), ((((((107, 106), 105), 120), 102), ((116, 118), 119)), 110)), (((142, 143), 141), ((133, 131), 132))));   MP score: -1
lnL(ntime:295  np:296): -10717.069004      +0.000000
 150..151 151..152 152..153 153..154 154..155 155..156 156..157 157..45  157..148 156..134 155..158 158..62  158..98  154..99  153..100 152..159 159..160 160..161 161..136 161..137 160..162 162..101 162..61  159..163 163..135 163..138 151..164 164..165 165..166 166..167 167..168 168..169 169..128 169..127 168..130 167..129 166..147 165..170 170..64  170..44  164..144 150..171 171..172 172..173 173..174 174..175 175..176 176..177 177..178 178..179 179..180 180..181 181..182 182..183 183..184 184..185 185..186 186..187 187..188 188..189 189..190 190..46  190..47  189..191 191..49  191..20  188..60  187..53  186..192 192..193 193..48  193..50  192..93  185..58  184..194 194..52  194..51  183..24  182..195 195..196 196..197 197..73  197..19  196..198 198..22  198..21  195..41  181..199 199..200 200..201 201..202 202..203 203..204 204..205 205..206 206..57  206..55  205..56  204..54  203..123 202..207 207..17  207..6   201..208 208..209 209..210 210..59  210..211 211..25  211..37  209..212 212..7   212..5   208..213 213..90  213..18  200..214 214..215 215..10  215..71  214..122 199..77  180..139 179..216 216..217 217..218 218..91  218..76  217..16  216..92  178..219 219..220 220..221 221..124 221..75  220..125 219..38  177..222 222..223 223..224 224..225 225..80  225..4   224..226 226..74  226..13  223..227 227..28  227..81  222..228 228..14  228..70  176..229 229..82  229..40  175..230 230..89  230..72  174..231 231..232 232..233 233..234 234..235 235..236 236..39  236..86  235..87  234..43  233..42  232..237 237..15  237..140 231..238 238..239 239..35  239..85  238..12  173..240 240..241 241..242 242..243 243..1   243..83  242..84  241..244 244..8   244..2   240..36  172..245 245..246 246..247 247..248 248..33  248..34  247..31  246..249 249..3   249..29  245..250 250..251 251..252 252..88  252..11  251..32  250..30  171..253 253..254 254..255 255..256 256..257 257..258 258..259 259..23  259..27  258..26  257..149 256..260 260..68  260..69  255..65  254..67  253..66  150..261 261..262 262..263 263..264 264..265 265..266 266..267 267..268 268..269 269..270 270..271 271..115 271..113 270..114 269..104 268..112 267..103 266..272 272..273 273..274 274..111 274..109 273..117 272..108 265..275 275..276 276..277 277..278 278..96  278..9   277..97  276..279 279..94  279..121 275..95  264..280 280..63  280..78  263..281 281..282 282..146 282..145 281..283 283..79  283..126 262..284 284..285 285..286 286..287 287..288 288..289 289..107 289..106 288..105 287..120 286..102 285..290 290..291 291..116 291..118 290..119 284..110 261..292 292..293 293..294 294..142 294..143 293..141 292..295 295..296 296..133 296..131 295..132
 0.023682 0.203179 0.000000 0.000000 0.000000 0.369470 0.093696 0.378251 0.452735 0.298249 0.158387 0.909602 0.630928 1.058743 0.735977 0.496521 0.000000 0.224481 0.039016 0.040922 0.047002 0.414501 0.207223 0.049734 0.262486 0.168938 0.077982 0.172889 0.246983 0.203219 0.017775 0.081895 0.139556 0.123494 0.114210 0.152053 0.324010 0.167181 0.441343 0.232109 0.537408 0.140125 0.037863 0.084380 0.048946 0.147910 0.046631 0.004544 0.125173 0.003126 0.061880 0.000000 0.046505 0.032629 0.015791 0.000000 0.129768 0.000000 0.073563 0.000000 0.012712 0.025187 0.012346 0.000000 0.012272 0.000000 0.076899 0.068048 0.028470 0.000000 0.000000 0.037291 0.000000 0.101425 0.101959 0.000000 0.000000 0.201841 0.129353 0.172186 0.012000 0.000000 0.000000 0.000000 0.000000 0.000000 0.163780 0.059951 0.055642 0.014619 0.049827 0.000000 0.012429 0.000000 0.000000 0.000000 0.000000 0.000000 0.000000 0.000000 0.000000 0.037324 0.000000 0.012758 0.000000 0.036593 0.068789 0.011819 0.036256 0.000000 0.013075 0.024823 0.012131 0.051474 0.000000 0.012272 0.038909 0.012506 0.000000 0.000000 0.000000 0.192125 0.053492 0.152112 0.000000 0.026481 0.030926 0.033026 0.042633 0.033045 0.166528 0.000000 0.000000 0.000000 0.012208 0.024437 0.000000 0.106709 0.037825 0.051937 0.082480 0.059677 0.016576 0.187177 0.000000 0.012209 0.288587 0.012030 0.000000 0.424047 0.114689 0.009148 0.224955 0.000000 0.000000 0.222707 0.000000 0.000000 0.000000 0.034818 0.541855 0.163257 0.138259 0.039598 0.000000 0.000000 0.093401 0.223062 0.144529 0.132110 0.252118 0.224225 0.252173 0.096443 0.088804 0.062803 0.102122 0.000000 0.158285 0.287826 0.116205 0.042593 0.145284 0.348028 0.222142 0.000000 0.000000 0.363899 0.302625 0.092023 0.026226 0.242854 0.000000 0.000000 0.220134 0.706218 0.000000 0.024833 0.045767 0.280451 0.062275 0.000000 0.078250 0.014095 0.418174 0.034498 0.018971 0.000000 0.000000 0.153881 0.094489 0.062728 0.294259 0.136192 0.124006 0.421013 0.261333 0.130832 0.037072 0.553502 0.565278 0.476925 0.131644 0.000000 0.004206 0.089738 0.237261 0.138766 0.000000 0.001313 0.161400 0.210222 0.051204 0.084237 0.026276 0.068930 0.204107 0.435916 0.322578 0.313865 0.023043 0.000000 0.228604 0.201295 0.244635 0.503722 0.203613 0.092232 0.039468 0.018172 0.233051 0.034524 0.148736 0.050864 0.250333 0.163581 0.251391 0.293530 0.128871 0.115496 0.735971 0.295135 0.317256 0.099268 0.187509 0.463307 0.376714 0.000000 0.088890 0.238029 0.057415 0.136614 0.318462 0.149032 0.220137 0.244776 0.110946 0.145063 0.156290 0.038532 0.435595 0.307943 0.690825 1.107484 0.303803 0.295919 0.129911 0.119685 0.086492 0.063204 0.035439 0.000565 0.072388 0.044494 0.140437 2.814810
