
Printing out site pattern counts


       126         67  P

GNM13746                        ---------- -------DDD EEEFGGGGGI IIIIKKKKKK KKLLLLNPPR RRSTTTVVVV VVWYYYY
GNM13538                        ------AEFK LLMNNSSALV DERVGGGGHF KLLSAEEKRT VVLLLSNPSK KRYMPTAKLV VYEEIYY
GNM13671                        --AKLNKKHQ ILNIRELALK DEAIGGGGGH SLLRDESKRV IILLVIKVKM RRNTPTAVEL VVEEIEK
GNM13876                        -S----NTIK NL--NYLRKL EEVVAGGGY- SLVVM-EKMK -KLMVVNPRR RRRMPTVKEF VVFVVSM
GNM13680                        LTPETSTPHD SINVVELSLS DESIGGGGEV QIIFRGSKVC EKILAINARK RRDMPTIKSI VIESIFS
GNM14249                        VQADITTPHN SFNISETKLG DESFKGGGRL RIIISGNKVV IKIITTSAAK RRHMPTIEEI EIFRVDT
GNM13928                        VQADITTPHN SFNISEVKLG DESFKGGGQL SIIVSGNKII VKIITTSAGK RRHMPTIEAI IIFRINS
GNM13297                        --RQKIAEFK LLMNNSSALV DERVGGGGHF KLLSAEEKRT VVLLLSNPSK KRYMPTAKLV VYEEIYY
GNM14865                        LDPELTAPHN ALTLRETQLE LEAFSGGGDI QNVTRGAKVV VRTLVLHPTM RRHTPTVEDV VIARVVM
GNM13455                        IQSDITSPHN SLNLSETKLG DESFKGGGEL MIMVSGNKIV IKIIISSTGK RRRMPTIEEV TIHTLDT
GNM14938                        --RDREEPVG RLIHPTLKYK EERLGGGGHI RLVRDVRKKL -RLLAIKPRA LRRTPTAGEL VLATTDT
GNM14483                        KS----TPMD SV---N-DEG DDALGGGGSR RILIAGTKLM ELWILKKELA RRRTLTITAV LVEIVLV
GNM14872                        LAATITTAHN TLNIAELSLS DESLAGGGEL IIIFAGAKIC SKIMAINPRK RRDTPTIKSI VIETIFA
GNM13855                        NHYKRDSPSN SLADDKIRSD EIKIGGGQKK KLLVIGNKIY NIKLILNPKK RVSMPSISPI VLEKLSV
GNM14445                        LTAIMSSDHV SLNIFEMKLT DERLYGGGKL IIVTSGSKVA NKIIILYPRQ RRRTPTVVDI VVEEVDK
GNM14404                        LYPYITSPHN SLNIREVVLT DEWLGGGGSI KIIESGSKSV KRLIVVNPRK RREMPTVKDV VVEIVDF
GNM14545                        LYPYITSPHN SLNIREVVLT DEWLGGGGSI KIIESGSKSV KRLIVVNPRK RREMPTVKDV VVEIVDF
GNM14366                        ISAQITTNHN SLNLNEVLLK DENLKGGGNM MILIQGSKAI VKIITSSQVK RRQMPTIQDI IIEQIDT
GNM14252                        VQADITTPHN SFNIAETKLG DESFKGGGEL SIIISGNKVI IKIITASAAK RRNMPTIQKI EIFTVNT
GNM13760                        VQADITTPHN SFNISETKLG DESFKGGGKL SIIVSGNKVI IKLITTSAAK RRNMPTIEDM IIFRVNT
GNM13982                        IELVMNKKFN SLTKEDSKQE EETFKGSGDI NIIENGKKSI VKLLVNNPMK RREMPTIVDI TIYKTMV
GNM14633                        IELEMNKKYN SLTIEDSKQE EETIKGSGQL NIVEDGKKTL VKMLISNPIK RREMPTITDI IVHKTMT
GNM14853                        IELEMNKKYN SLTIEDSKQE EETIKGSGQL NIVEDGKKTL VKMLISNPIK RREMPTITDI IVHKTMT
GNM14174                        YSP-VTPQHH SFDIREILVK DEKFGGGGEI SIIEKGCKAV VKLLGVNVKK RRKTPTIKDV IVEEIDT
GNM14138                        DSS-ISLYDN SFSIQEVALK DEKFGGGGKI VLIEDGTKVV VKILLMNVKR RRETPTVTDL VVEKIKT
GNM14055                        FQLEITTPHN SMNLFEKIMG DERFKGGGKI KILSQNKKII NKIITSSPMK KRQTPTIKNF IIERLDT
GNM14748                        LQKDITNSHN SLTIRESSLG EESIKGGGEL MIILLGNKVI VKIITTSPAK RREMPTVQKI IVFRVNT
GNM14246                        YSP-VTLTHQ SLAMQELALK DEKLGGGGKI IIIESGAKVV VKVIAVNLRR RRNTPTVRDI IVEKIDV
GNM14640                        YGP-VTSPQH TLDIQEVALK DEKIGGGGGI IIIESGAKVV MKIIALNIKR RRNTPTVKDI VVERIDS
GNM14965                        ITPKITPPHQ SLNISELSLA DEPIGGGGTL KILFIGSKIC LKVLAINSRK RRGMPTITRI IIETIFT
GNM14339                        --RR-LSGVD KLNNVSREYK QEDVGDGGRL RVIVKKSKTM VKLLCVNPRE STHTPTVIDL VISLAGL
GNM14593                        --AKLTRGHN MLNIKELVLK DEGLGGGGNH TLILDVEKRV TVLLVIKPKM RRRTPTAKEL MVEEVGK
GNM13825                        --RGERR-VS GLDLPTFKYK EERLGGGGII RLVRDVRKLL -RLLALRPRA MRRTPTIEEL VLATTDT
GNM14768                        --PRLTRGHG LLNLREPILK EERLGGGGPH SLMLNAAKMV LVLLAVNPRR RRRMPTAKDL IIEEVGR
GNM14776                        --PRLTRGHV LLNLREPILK EERLGGGGPH SLMLNAAKMV LVLLAVNPRR RRRMPTAKDL IIEEVGR
GNM14715                        KT----PPVD SL---N-EGG DEALGGGGDM TIIREGTKLK VVLILANERA RRMTLTVTTV LVQRVLI
GNM14639                        LSSTINKRHV SLNIYEISLS NEALGGGCDL AILKKGSKVI IRLIAINPKR RRDMPTVRLI VVEKLMY
GNM13795                        LQIDITSLHN SLTIREASLG EESLKGGGEL MIILLGNKVF VKIITASPAK RRDMPTVQNI IVFRVNT
GNM14166                        VQAEITSSHN SLNIRETSLG EEKFKGGGEL HILIVGHKVS IKMITASSVK RREMSTISDM LIFKVDT
GNM13993                        LSLHNNTSND SLDLFEKIRA NESFGGGGSV ITISSGSKLE NKLLLINPKK RRTTPTVTNI IVQLINH
GNM14450                        LSSQITKPHD SLNIAEFNIQ NESLGGGGEI MILLKNHKTC KKILAINPRK RRVMPTVENI VIEEIYF
GNM13515                        LQTLMKKKCN SIEMLEPDLE EESLKGGGYL EIIKSGNKSV VKMLTLNPNR RREMSTIRNI ITHRILL
GNM14959                        LS----RK-N CL-----KK- -ERVLGGFNV VLVLEGSKVY NK-LIIKI-A K-FT-TTENI IV-IVDK
GNM13413                        LGGRVTPRHD YINISETDLK DESLGGGGQL RIVVSGEKLV IILITIKFNL RRKTPTIRKV VVWRIDL
GNM14994                        VQADITSQHN SFTIRETTLG EESFKGGGNL QIITSGNKSI VKIITISPGK RRNMPTIQKI IIFVVNT
GNM15018                        VQVDITTPHN SFNISETKLG DEAFKGGGQL SIIVSGNKVI IRIITASAGK RRNMPTIEEI EIFRVNT
GNM14980                        VQVDITTPHN SFNISETKLG DEAFKGGGQL SIIVSGNKVI IRIITASAGK RRNMPTIEEI EIFRVNT
GNM15000                        VQVDITTPHN SFNISETKLG DEAFKGGGQL SIIVSGNKVI IRIITASAGK RRNMPTIEEI EIFRVNT
GNM15001                        VQVDITTPHN SFNISETKLG DEAFKGGGQL SIIVSGNKVI IRIITASAGK RRNMPTIEEI EIFRVNR
GNM15027                        LTPSIKRPHD SLNIAELKLK EEALAGGGDV TIIEGNEKVV NKVLVVKPKK RRNTPTVKDL VVEMVYQ
GNM11003                        FF----SPLN HL---D-KLK KEYLGGGGSL MIIIAGSKLQ ILLLVMKYKS NRKFISVKHV VIVVMFY
GNM11023                        LSRRSHSPPD HLQLPLIVLK DERLGGGGAL TTIRDGEKLI ESVLVIRLEA NRRSPEVKSV VVLWIVR
GNM11055                        ESGVLQPHRN SWELADILLK DEDLFGGGEI VIIRRGKKVM VKIIVNNARQ RRMTPTVEKV VVEEIDK
GNM11219                        NHPKITAPHN DLNIRELHLR DESLGGGGEV CIIEHGSKVV VRVLVINARR RRETPTVSEI VVERVDI
GNM11220                        YSPFITTRHC SLNIRELKLV DELLGGGGDI AIIESGKKKV LKLLVVNPRR RRKMPTVRDV VVEEVDY
GNM11222                        YGPRLTSKHH SLNLREARLK DEWLGGGGGI RIIEKGSKAV VKVIVLNPKR RREMPTVKEV VIERVDV
GNM11223                        YYP-VTKPHN SFAIQELALK DERFGGGGEI IIIEDGEKVV EKVLAVNVRR RRKTPTVKDI VVERVDT
GNM11224                        YYP-VTMPHN SFAIQELVLK DEKFGGGGEV VIIKEGMKVI RKVMAVNVRR RRKTPTVKDI IVERVDT
GNM11358                        NKGDKTRTDN SYLILEYRRN EEKLGGGGKR RLLTNNSKTY SIVLILNPIK RLFMPTINDI VIETLNF
GNM11360                        IQSDITSPHN SLNLSETKLG DESFKGGGEL MIMVSGNKIV IKIITSSTGK RRRMPTIEEV TIHTLDT
GNM11362                        LTEDLRSPHD SLNIAEFDLE DEKLGGGGEL AIVKAGHKEC QKILLINPRK RREMPSVVEL VVEKVFY
GNM11367                        IELVMNKKFN SLTKEDSKQE EETFKGSGDI NIIENGKKSI VKLLVNNPMK RREMPTIVDI TIYKTMV
GNM11377                        LAAVITTTHN SLNIAELSLS DESLAGGGEL IIIFAGAKIC AKIMAINPRK RRDTPTIKSI VIETIFA
GNM11380                        VQIEITSLHN SLNIRETTLG EEKFKGGGQL LIIISGSKVA IKMITASPVK RREMSTISDM IIYKVDS
GNM11383                        LS--MATKSN SF--NELLMK DEDFKGGGDM VIIVQGSKVQ VKIITASPVK RRQTPTISNI TIEKIHT
GNM11491                        --QEIT--H- -LNILERSLK EEEIGGGGGR MVLTAIEKSC YILLAANPRK RRAMPTASQL IVHMVDL
GNM11804                        EC----PPRN SW-MADLLMM EEDLFGGGEI TIVKKGKKIY VKIIVNNIRM RRKTPTVEKI VVEEVDK
GNM11805                        NKANMNHIMN SFEVLEYAKK DEDMIGGGNI SIIDSGKKKY VCTIILNQEK KRNMPTVTNI ILEKIDY
GNM12883                        LTAEITNPHD SINISELSLS DESIGGGGEM KTIFKGSKMC YFILVINARK RRAMPTVKSV AVEVIFS
GNM12886                        LTPETSAPHD SINVVELSLS DESIGGGGEV KIIFKDSKVC EKILAINVRK RRSMPTIKSI VIESISS
GNM13060                        ---------- -------DDD EEEFGGGGNI IIIIKKKKLK KKLLILNPPK RRKTTTVSVV VLWYYYY
GNM13062                        MT----NPMD SV---N-DEG DDSLGGGGAR RILVAGSKLK AVIILANARA RRRTLTITTV LVQRILL
GNM13064                        LSLHNNTSND SLDLFEKIRA NESFGGGGSV ITISSGSKLE NKLLLINPKK RRTTPTVTNI IVQLINH
GNM13066                        LSSYNTTSND SLDLYEKTRA NEKFGGGGSA VIISSGSKVD NKLLLINPKK KRTTPTVTNI IVQFINH
GNM11032                        --MR--KTAG QLPRPSPQLK YENIGGGGIF KVLERVEKIL QKLLCIRARA RRKMPTVQKL VVLVVDF
GNM11363                        LTEDLRSPHD SLNIAEFDLE DEKLGGGGEL AIVKAGHKEC QKILLINPRK RREMPSVVEL VVEKVFY
GNM11375                        VQAEITTPHN SFNISESKLG DESFKGGGKL SIIVSGNKVI IKLITTSAVK RRSMPTIEDI IIFTINT
GNM11381                        LS--MANTSN SF--NELLLK DENFKGGGDL TIIVQGNKVQ IKIITAQPVQ RRHTPTIENI AIEKIFT
GNM11382                        IQLEITTNHN SLNINEAELK EELFKGGGEF MIIVEGSKVC VKLITSSPVR RRDTPTIQDI VVEKIDT
GNM11931                        RSPEITTQHD DLSLREPRLE REGVSGGGAI QLLTKGAKAV VASLALQPNM RRHTPTVRDV VVERVDV
GNM12071                        HAPDISDDHS ALTLREVRLE EEELYGGGDI RIVTSGAKAA VKTLVRGPRF RRPTPTVRDV LVARVSV
GNM12125                        LGAWRTSPHD TLNIFSVELK EEELGGGGAL RIVVAGEKLV RVVIAAHLRR SRRSLTVRRV VVAVVEV
GNM12126                        MSPKHTPPHD HLNVYNILLK EEELGGGGAL VVIEKGKQLV KLLLVRSVKK RRRFPSVERK IIERVDT
GNM12128                        LHRHRNSPHD HLNIFELQLK DESLGGGGSV TIIVRGSKLM ILLIVLNFRM RRDTPTITDV VIERIDR
GNM12182                        LSKNMRSPYD HLRFEDLAKR KEDFGGGGTR SIVTPGEKLL VFLLVIKY-E KRRTPTIRCV IIIIILL
GNM12342                        MAPHITKKHN ALNIRELLLK EERLGGGGEI VIIKDGKKVV IVLLVINPKR RRKTPTIEDI VVEKVDV
GNM12346                        --PDIAP-H- PLNIYEILLP NETISGGGTL KIIRSVTKEV YAILVQNPKR QRKMPTVELV VVEKVDI
GNM12351                        LKPSALTPHN SLNLFEILLK NETLSGGGEI MIIKNNCKFV IKVLALNPNR QRYMPTVEFV IVERIDI
GNM12356                        LSPYITTKHN SLNIRELLLK DEEIGGGGQL MIIEDGKKTI VVLLVMNPRR RRDTPTIEII VIEKVYN
GNM12357                        LGSQKLTSHD SLNIRELLLK DERLGGGGKT TILDESKKVV IILLLVNVRR RRDTPTVEDV IVERINV
GNM12366                        LRSQKFTKHD SLNIRELLLK DERLGGGGNT TVIDESKKVV IILLLINPRR RRNMPTIEDV IVERINV
GNM12385                        HGPQISSPHN ALNVRELSLG RESLTGGGRV QIIDRGSKVV AKILVENPMR QRDTPTVLDI TVERVDV
GNM12551                        YPPRITLPHG SLNIREVLLS EEALGGGGKL VILRDGEKVV EKLLCVNVKK RRETPTVRDI VIERVDV
GNM12554                        HLCQISTPHN ALNVRETALK KESVLGGGGV KIIEAGSKAV QKLLVINPRR ARDLPTVLHI IIEHIDA
GNM12592                        MTPEIGPRHN TLNIREAVLN NESFSGGGDM RIIRAGRKIV ARILVINPKR QRTTPTVEAV VVELIDV
GNM12596                        LSPSILTPHN SLNLFEILLK NENLSGGGNI KIVKAGRKIV TLILILNPNK QREMPTVKQI IVERINV
GNM12602                        LAPSILTPHN SLTLYEILLK NENLSGGGRI KIIKAGRKIV ILILILNPNK QRELPTVQQI IVERIDI
GNM12665                        LSPSILTPHN SLTLFEILLK NENLSGGGNI KIVKAGRKSV ILILILNPNK QREMPTVKQI IVERINV
GNM12745                        FKPQITKEHH SFNVREFVLK DEKIAGGGNI LIVSSGKKIV IKIIVTNPKR RRNTPTVEDI IIEIIDR
GNM12749                        LYPQITQQHN ALNIRELVLN KEAVMGGGQI KTVDKGSKEV NKILVDHAMR ARDMPTVRTV VVELVRF
GNM12758                        IDPRITVRHH SLNIREFALK EERLAGGGRI TIIEGGSKAV QIILVVNPKR RRSTPTIRDV VVERIDR
GNM12763                        LPPRITTKHH CLNVREFILK EEKLAGGGKV IIIEDGEKAV EIILVVNPKK RRNTPTIKDV IVERIDK
GNM12766                        MSPYITRPHN SLNIRELLLK DERLGGGGKI VIIDDGKKVV IVLLVINPRR RRETPSIEDI VVERVDV
GNM12841                        LDPEMNPPHN ALTLREVRLE LEELAGGGDI QVVVAGAKTV VKTLVVRPTM RRDTPTVEEV HVARVDL
GNM12849                        IQEQITSSHN SLNISETQLG DEMIKGGGEL MIMISGNKTI IKIITASAGK RRHMSTIENI TIFTVDI
GNM12869                        VQADITTPHN SFNISETRLG DESFKGGGQL SIIISGNKVV IKIITASAGK RRNMPTIEEI EIFRVNT
GNM12896                        IQAEITNSHN SLNIRETTLG EENFKGGGKL TIIFQGHKVT VKMITASPVK RREMSTISDI IIFKVDA
GNM12897                        LQSQITSNHN SLNIYEFTLG EENFKGGGQL MIISNGSKVV VKMITMSPVK RRDMSTISNI LIYKVDF
GNM12915                        FGKRVTMPHH SLNIWEIRLK MEELGGGGNI KIIKDGEKVI VWLLVVNPKR RRKMPTVRPV VVEYIDV
GNM10046                        YGKKVNTPHH SLNIWEVKLK MEELGGGGNI KIIKDGEKVI VWLLVVNPKR RRKMPTVRSV IVEYIDV
GNM12918                        FARRVTTPHH SLNIWEIRLK MEELGGGGGI KIIKDGEKVI VWLLVVNPKR RRRMPTIRPV IVEYIDV
GNM12931                        LSRRHTPKHD YLNIYEFQLK DEVLGGGGEL RIIIAGTKIV VVLIILKLNQ RRRTPTIKRV IVELIDL
GNM12938                        LT----TP-D H------K-Y KDTFGGG-NK L-IVQGEKMF VIGL-INIKE KR-APT--PV IVELVEM
GNM12996                        LS----TPLD YY--IDMRS- REYFRGGNWR RIIIASEKLF IIILIVKF-E KRKTPTIRAI LIWLILL
GNM13027                        LS----SPID HL--MD-KSL KESFGGGGGR RIIISGEKLV IIWLIVKL-K RRKTITVKPV LIEILFL
GNM13046                        IQSEITPHHN SMNIIESFLG DESLKGGGGL MILTKGNKCI IKLLTESPTK RRKMSTIEYI VIYTLDI
GNM13053                        LSASMSSKHD SLNIFELKLR DEKIYGGGEL VIVNAGTKVV NKIIIMQPRK RRNTPTITYV IIEEIDR
GNM13074                        LE----SP-H S------E-K MEKLGGG-KI I-IVNGEKRI VWLLMINPKR RR-TPTIRDI IVEYIDT
GNM10010                        LERKMTSPHH ALNIWEVNLK MERLGGGGRI TIIRDGEKII VWLLAVNPKR RRKTPTIRDV LVEYVDT
GNM10014                        LERKVTSPHH ALNIWEIDLK MEKLGGGGRI VILRDGEKII VWLLAVNPKR RRKTPTVKNV LVEYVDV
GNM13090                        LEAKVTSPHH ALNIWELELK MERLGGGGRI VIIRDGEKII VWLLAINPKR RRKTPTIKNI LVEYIDT
GNM13118                        QSPKITKPHN SLNIRELFLK EEAIGGGGKI RIILAGCKVL VKLLAVKFRY RRETPTVCDI LIELVDV
GNM13128                        DY----SRSN SF-IIEYLRR DESFYGGGQI IIIKEGSKIF VVLIVNNPEK RRHTPTVEDV SVEQVFE
GNM13210                        VSSSRKPPHD YLNLYEVELK EEFLGGGGEF RILVEGEKIV KIVIALKFML RRRTPTVRKV VVWVIDV
GNM12773                        YDP-ITNAQH SFNIKEILSK DENFGGGGRL KIIENGNKFA VKLLIVNIKK RRQTPSIEDI VIERINS
GNM12769                        IQPEMTCKHN CLNIREIKLK NEILGGGGNM IIINNGKKAV IKLLVIKPTK KRDAPTIKDI VVEKVFF



    1    1    1    1    1    1    1    1    1    1    1    1    1    1    1
    1    1    1    1    1    1    1    1    1    1    1    1    1    1    1
    1    1    1    1    1    1    1    1    1    1    1    1    1    1    1
    1    1    1    1    1    1    1    1    1    1    1    1    1    1    1
    1    1    1    1    1    1    1

AAML (in paml version 4.9h, March 2018)  tmp0074.txt
Model: Empirical,  (../wag.dat) dGamma (ncatG=4) ns = 126  ls =  67


Frequencies..
                                    A      R      N      D      C      Q      E      G      H      I      L      K      M      F      P      S      T      W      Y      V
GNM13746                       0.00000 0.06000 0.02000 0.06000 0.00000 0.00000 0.06000 0.10000 0.00000 0.10000 0.08000 0.16000 0.00000 0.02000 0.04000 0.02000 0.06000 0.02000 0.08000 0.12000
GNM13538                       0.06557 0.04918 0.04918 0.01639 0.00000 0.00000 0.09836 0.06557 0.01639 0.01639 0.14754 0.09836 0.03279 0.03279 0.03279 0.08197 0.03279 0.00000 0.06557 0.09836
GNM13671                       0.06154 0.07692 0.04615 0.03077 0.00000 0.01538 0.10769 0.07692 0.03077 0.10769 0.13846 0.12308 0.01538 0.00000 0.01538 0.03077 0.03077 0.00000 0.00000 0.09231
GNM13876                       0.01754 0.10526 0.07018 0.00000 0.00000 0.00000 0.07018 0.05263 0.00000 0.01754 0.08772 0.10526 0.08772 0.03509 0.03509 0.05263 0.03509 0.00000 0.03509 0.19298
GNM13680                       0.02985 0.05970 0.02985 0.04478 0.01493 0.01493 0.08955 0.07463 0.01493 0.14925 0.05970 0.05970 0.01493 0.02985 0.04478 0.13433 0.05970 0.00000 0.00000 0.07463
GNM14249                       0.04478 0.07463 0.04478 0.04478 0.00000 0.01493 0.07463 0.07463 0.02985 0.16418 0.02985 0.07463 0.01493 0.04478 0.02985 0.07463 0.10448 0.00000 0.00000 0.05970
GNM13928                       0.04478 0.04478 0.05970 0.02985 0.00000 0.02985 0.04478 0.08955 0.02985 0.19403 0.02985 0.07463 0.01493 0.04478 0.02985 0.10448 0.07463 0.00000 0.00000 0.05970
GNM13297                       0.06154 0.06154 0.04615 0.01538 0.00000 0.01538 0.09231 0.06154 0.01538 0.03077 0.13846 0.10769 0.03077 0.03077 0.03077 0.07692 0.03077 0.00000 0.06154 0.09231
GNM14865                       0.07463 0.08955 0.02985 0.04478 0.00000 0.02985 0.07463 0.05970 0.04478 0.02985 0.11940 0.01493 0.02985 0.01493 0.05970 0.01493 0.11940 0.00000 0.00000 0.14925
GNM13455                       0.00000 0.04478 0.04478 0.04478 0.00000 0.01493 0.07463 0.08955 0.02985 0.14925 0.07463 0.07463 0.04478 0.01493 0.02985 0.11940 0.10448 0.00000 0.00000 0.04478
GNM14938                       0.06250 0.17187 0.00000 0.04688 0.00000 0.00000 0.07812 0.09375 0.03125 0.04688 0.15625 0.07812 0.00000 0.00000 0.06250 0.00000 0.09375 0.00000 0.01563 0.06250
GNM14483                       0.06780 0.08475 0.01695 0.06780 0.00000 0.00000 0.06780 0.10169 0.00000 0.08475 0.15254 0.06780 0.03390 0.00000 0.01695 0.05085 0.08475 0.01695 0.00000 0.08475
GNM14872                       0.13433 0.04478 0.04478 0.02985 0.01493 0.00000 0.05970 0.05970 0.01493 0.17910 0.08955 0.05970 0.01493 0.02985 0.02985 0.07463 0.10448 0.00000 0.00000 0.01493
GNM13855                       0.01493 0.04478 0.07463 0.05970 0.00000 0.01493 0.02985 0.05970 0.01493 0.13433 0.10448 0.16418 0.01493 0.00000 0.05970 0.11940 0.00000 0.00000 0.02985 0.05970
GNM14445                       0.02985 0.07463 0.02985 0.05970 0.00000 0.01493 0.05970 0.05970 0.01493 0.11940 0.08955 0.07463 0.02985 0.01493 0.02985 0.07463 0.07463 0.00000 0.02985 0.11940
GNM14404                       0.00000 0.07463 0.04478 0.04478 0.00000 0.00000 0.07463 0.07463 0.01493 0.10448 0.07463 0.07463 0.01493 0.01493 0.05970 0.08955 0.04478 0.01493 0.02985 0.14925
GNM14545                       0.00000 0.07463 0.04478 0.04478 0.00000 0.00000 0.07463 0.07463 0.01493 0.10448 0.07463 0.07463 0.01493 0.01493 0.05970 0.08955 0.04478 0.01493 0.02985 0.14925
GNM14366                       0.02985 0.02985 0.08955 0.04478 0.00000 0.08955 0.04478 0.05970 0.01493 0.17910 0.08955 0.07463 0.04478 0.00000 0.01493 0.07463 0.07463 0.00000 0.00000 0.04478
GNM14252                       0.07463 0.02985 0.07463 0.02985 0.00000 0.02985 0.05970 0.07463 0.01493 0.17910 0.02985 0.08955 0.01493 0.04478 0.02985 0.07463 0.10448 0.00000 0.00000 0.04478
GNM13760                       0.04478 0.04478 0.07463 0.04478 0.00000 0.01493 0.04478 0.07463 0.01493 0.14925 0.04478 0.08955 0.02985 0.04478 0.02985 0.08955 0.10448 0.00000 0.00000 0.05970
GNM13982                       0.00000 0.02985 0.08955 0.04478 0.00000 0.01493 0.10448 0.04478 0.00000 0.11940 0.05970 0.14925 0.05970 0.02985 0.02985 0.05970 0.07463 0.00000 0.01493 0.07463
GNM14633                       0.00000 0.02985 0.05970 0.04478 0.00000 0.02985 0.11940 0.04478 0.01493 0.13433 0.07463 0.13433 0.05970 0.00000 0.02985 0.05970 0.10448 0.00000 0.01493 0.04478
GNM14853                       0.00000 0.02985 0.05970 0.04478 0.00000 0.02985 0.11940 0.04478 0.01493 0.13433 0.07463 0.13433 0.05970 0.00000 0.02985 0.05970 0.10448 0.00000 0.01493 0.04478
GNM14174                       0.01515 0.04545 0.01515 0.06061 0.01515 0.01515 0.09091 0.09091 0.03030 0.12121 0.04545 0.13636 0.00000 0.03030 0.04545 0.04545 0.06061 0.00000 0.01515 0.12121
GNM14138                       0.01515 0.04545 0.03030 0.07576 0.00000 0.01515 0.07576 0.07576 0.00000 0.09091 0.09091 0.12121 0.01515 0.03030 0.01515 0.07576 0.07576 0.00000 0.01515 0.13636
GNM14055                       0.00000 0.04478 0.07463 0.02985 0.00000 0.04478 0.05970 0.05970 0.01493 0.16418 0.05970 0.14925 0.04478 0.05970 0.04478 0.05970 0.08955 0.00000 0.00000 0.00000
GNM14748                       0.01493 0.05970 0.05970 0.01493 0.00000 0.02985 0.07463 0.07463 0.01493 0.14925 0.08955 0.08955 0.02985 0.01493 0.02985 0.08955 0.08955 0.00000 0.00000 0.07463
GNM14246                       0.06061 0.07576 0.03030 0.04545 0.00000 0.03030 0.06061 0.07576 0.01515 0.12121 0.09091 0.09091 0.01515 0.00000 0.03030 0.04545 0.06061 0.00000 0.01515 0.13636
GNM14640                       0.04545 0.06061 0.03030 0.06061 0.00000 0.03030 0.06061 0.10606 0.01515 0.16667 0.04545 0.09091 0.01515 0.00000 0.04545 0.04545 0.06061 0.00000 0.01515 0.10606
GNM14965                       0.02985 0.05970 0.02985 0.01493 0.01493 0.01493 0.04478 0.08955 0.01493 0.19403 0.10448 0.07463 0.01493 0.02985 0.07463 0.07463 0.10448 0.00000 0.00000 0.01493
GNM14339                       0.01563 0.09375 0.04688 0.06250 0.01563 0.01563 0.04688 0.07812 0.01563 0.04688 0.12500 0.09375 0.01563 0.00000 0.03125 0.07812 0.06250 0.00000 0.01563 0.14062
GNM14593                       0.03077 0.07692 0.04615 0.03077 0.00000 0.00000 0.09231 0.10769 0.03077 0.04615 0.15385 0.12308 0.04615 0.00000 0.03077 0.00000 0.07692 0.00000 0.00000 0.10769
GNM13825                       0.04762 0.19048 0.00000 0.04762 0.00000 0.00000 0.07937 0.09524 0.00000 0.04762 0.17460 0.04762 0.01587 0.01587 0.04762 0.01587 0.09524 0.00000 0.01587 0.06349
GNM14768                       0.06154 0.15385 0.04615 0.01538 0.00000 0.00000 0.07692 0.10769 0.03077 0.04615 0.18462 0.04615 0.04615 0.00000 0.07692 0.01538 0.03077 0.00000 0.00000 0.06154
GNM14776                       0.06154 0.15385 0.04615 0.01538 0.00000 0.00000 0.07692 0.09231 0.03077 0.04615 0.18462 0.04615 0.04615 0.00000 0.07692 0.01538 0.03077 0.00000 0.00000 0.07692
GNM14715                       0.05085 0.08475 0.03390 0.05085 0.00000 0.01695 0.06780 0.11864 0.00000 0.06780 0.13559 0.05085 0.03390 0.00000 0.03390 0.01695 0.11864 0.00000 0.00000 0.11864
GNM14639                       0.04478 0.08955 0.05970 0.02985 0.01493 0.00000 0.04478 0.05970 0.01493 0.13433 0.13433 0.08955 0.02985 0.00000 0.02985 0.08955 0.02985 0.00000 0.02985 0.07463
GNM13795                       0.04478 0.05970 0.05970 0.02985 0.00000 0.02985 0.05970 0.07463 0.01493 0.13433 0.11940 0.05970 0.02985 0.02985 0.02985 0.07463 0.07463 0.00000 0.00000 0.07463
GNM14166                       0.02985 0.04478 0.02985 0.02985 0.00000 0.01493 0.08955 0.07463 0.04478 0.11940 0.07463 0.08955 0.04478 0.02985 0.00000 0.13433 0.07463 0.00000 0.00000 0.07463
GNM13993                       0.01493 0.04478 0.11940 0.02985 0.00000 0.01493 0.04478 0.07463 0.02985 0.10448 0.13433 0.07463 0.00000 0.02985 0.02985 0.11940 0.08955 0.00000 0.00000 0.04478
GNM14450                       0.02985 0.04478 0.08955 0.01493 0.01493 0.02985 0.08955 0.05970 0.02985 0.14925 0.08955 0.08955 0.02985 0.02985 0.04478 0.05970 0.04478 0.00000 0.01493 0.04478
GNM13515                       0.00000 0.07463 0.07463 0.01493 0.01493 0.01493 0.10448 0.05970 0.01493 0.10448 0.14925 0.10448 0.05970 0.00000 0.02985 0.07463 0.05970 0.00000 0.01493 0.02985
GNM14959                       0.02000 0.04000 0.08000 0.02000 0.02000 0.00000 0.06000 0.06000 0.00000 0.12000 0.12000 0.16000 0.00000 0.04000 0.00000 0.04000 0.06000 0.00000 0.02000 0.14000
GNM13413                       0.00000 0.10448 0.02985 0.05970 0.00000 0.01493 0.04478 0.10448 0.01493 0.13433 0.11940 0.07463 0.00000 0.01493 0.02985 0.04478 0.07463 0.01493 0.01493 0.10448
GNM14994                       0.01493 0.04478 0.07463 0.01493 0.00000 0.05970 0.04478 0.08955 0.01493 0.17910 0.02985 0.07463 0.01493 0.04478 0.02985 0.08955 0.11940 0.00000 0.00000 0.05970
GNM15018                       0.04478 0.05970 0.07463 0.02985 0.00000 0.02985 0.07463 0.08955 0.01493 0.16418 0.02985 0.05970 0.01493 0.04478 0.02985 0.07463 0.08955 0.00000 0.00000 0.07463
GNM14980                       0.04478 0.05970 0.07463 0.02985 0.00000 0.02985 0.07463 0.08955 0.01493 0.16418 0.02985 0.05970 0.01493 0.04478 0.02985 0.07463 0.08955 0.00000 0.00000 0.07463
GNM15000                       0.04478 0.05970 0.07463 0.02985 0.00000 0.02985 0.07463 0.08955 0.01493 0.16418 0.02985 0.05970 0.01493 0.04478 0.02985 0.07463 0.08955 0.00000 0.00000 0.07463
GNM15001                       0.04478 0.07463 0.07463 0.02985 0.00000 0.02985 0.07463 0.08955 0.01493 0.16418 0.02985 0.05970 0.01493 0.04478 0.02985 0.07463 0.07463 0.00000 0.00000 0.07463
GNM15027                       0.04478 0.04478 0.05970 0.04478 0.00000 0.01493 0.08955 0.05970 0.01493 0.05970 0.10448 0.13433 0.01493 0.00000 0.05970 0.02985 0.05970 0.00000 0.01493 0.14925
GNM11003                       0.01695 0.01695 0.03390 0.01695 0.00000 0.01695 0.01695 0.08475 0.03390 0.10169 0.15254 0.13559 0.05085 0.06780 0.01695 0.08475 0.00000 0.00000 0.05085 0.10169
GNM11023                       0.02985 0.11940 0.01493 0.04478 0.00000 0.01493 0.07463 0.07463 0.02985 0.07463 0.16418 0.04478 0.00000 0.00000 0.05970 0.08955 0.02985 0.01493 0.00000 0.11940
GNM11055                       0.02985 0.08955 0.04478 0.05970 0.00000 0.02985 0.10448 0.07463 0.01493 0.10448 0.07463 0.08955 0.02985 0.01493 0.02985 0.02985 0.02985 0.01493 0.00000 0.13433
GNM11219                       0.02985 0.11940 0.05970 0.04478 0.01493 0.00000 0.10448 0.07463 0.05970 0.10448 0.07463 0.02985 0.00000 0.00000 0.04478 0.04478 0.04478 0.00000 0.00000 0.14925
GNM11220                       0.01493 0.10448 0.02985 0.05970 0.01493 0.00000 0.07463 0.07463 0.01493 0.07463 0.11940 0.08955 0.01493 0.01493 0.04478 0.04478 0.04478 0.00000 0.02985 0.13433
GNM11222                       0.02985 0.11940 0.02985 0.02985 0.00000 0.00000 0.08955 0.10448 0.02985 0.07463 0.08955 0.10448 0.01493 0.00000 0.04478 0.04478 0.02985 0.01493 0.01493 0.13433
GNM11223                       0.04545 0.09091 0.03030 0.06061 0.00000 0.01515 0.10606 0.07576 0.01515 0.09091 0.04545 0.09091 0.00000 0.03030 0.04545 0.01515 0.06061 0.00000 0.03030 0.15152
GNM11224                       0.03030 0.09091 0.03030 0.04545 0.00000 0.01515 0.07576 0.07576 0.01515 0.09091 0.03030 0.10606 0.04545 0.03030 0.04545 0.01515 0.06061 0.00000 0.03030 0.16667
GNM11358                       0.00000 0.08955 0.11940 0.04478 0.00000 0.00000 0.05970 0.07463 0.00000 0.10448 0.13433 0.08955 0.01493 0.02985 0.02985 0.04478 0.08955 0.00000 0.04478 0.02985
GNM11360                       0.00000 0.04478 0.04478 0.04478 0.00000 0.01493 0.07463 0.08955 0.02985 0.13433 0.07463 0.07463 0.04478 0.01493 0.02985 0.11940 0.11940 0.00000 0.00000 0.04478
GNM11362                       0.04478 0.05970 0.02985 0.05970 0.01493 0.01493 0.13433 0.07463 0.02985 0.05970 0.13433 0.08955 0.01493 0.02985 0.04478 0.04478 0.01493 0.00000 0.01493 0.08955
GNM11367                       0.00000 0.02985 0.08955 0.04478 0.00000 0.01493 0.10448 0.04478 0.00000 0.11940 0.05970 0.14925 0.05970 0.02985 0.02985 0.05970 0.07463 0.00000 0.01493 0.07463
GNM11377                       0.13433 0.04478 0.04478 0.02985 0.01493 0.00000 0.05970 0.05970 0.01493 0.17910 0.08955 0.05970 0.01493 0.02985 0.02985 0.07463 0.08955 0.00000 0.00000 0.02985
GNM11380                       0.02985 0.04478 0.02985 0.02985 0.00000 0.02985 0.07463 0.07463 0.01493 0.16418 0.07463 0.08955 0.04478 0.01493 0.01493 0.11940 0.07463 0.00000 0.01493 0.05970
GNM11383                       0.03175 0.03175 0.04762 0.04762 0.00000 0.04762 0.04762 0.06349 0.01587 0.12698 0.04762 0.11111 0.04762 0.03175 0.03175 0.09524 0.09524 0.00000 0.00000 0.07937
GNM11491                       0.08197 0.08197 0.03279 0.01639 0.01639 0.03279 0.09836 0.08197 0.03279 0.09836 0.13115 0.04918 0.04918 0.00000 0.03279 0.04918 0.04918 0.00000 0.01639 0.04918
GNM11804                       0.01613 0.06452 0.04839 0.04839 0.01613 0.00000 0.11290 0.06452 0.00000 0.11290 0.04839 0.12903 0.06452 0.01613 0.04839 0.01613 0.04839 0.01613 0.01613 0.11290
GNM11805                       0.02985 0.01493 0.11940 0.05970 0.01493 0.01493 0.07463 0.05970 0.01493 0.14925 0.04478 0.13433 0.05970 0.01493 0.01493 0.04478 0.04478 0.00000 0.04478 0.04478
GNM12883                       0.05970 0.04478 0.04478 0.02985 0.01493 0.00000 0.07463 0.07463 0.01493 0.11940 0.05970 0.07463 0.04478 0.04478 0.02985 0.11940 0.05970 0.00000 0.01493 0.07463
GNM12886                       0.02985 0.04478 0.02985 0.04478 0.01493 0.00000 0.08955 0.05970 0.01493 0.14925 0.05970 0.08955 0.01493 0.01493 0.04478 0.16418 0.04478 0.00000 0.00000 0.08955
GNM13060                       0.00000 0.04000 0.04000 0.06000 0.00000 0.00000 0.06000 0.08000 0.00000 0.12000 0.10000 0.18000 0.00000 0.02000 0.04000 0.02000 0.06000 0.02000 0.08000 0.08000
GNM13062                       0.10169 0.11864 0.05085 0.06780 0.00000 0.01695 0.01695 0.10169 0.00000 0.08475 0.13559 0.03390 0.03390 0.00000 0.01695 0.05085 0.08475 0.00000 0.00000 0.08475
GNM13064                       0.01493 0.04478 0.11940 0.02985 0.00000 0.01493 0.04478 0.07463 0.02985 0.10448 0.13433 0.07463 0.00000 0.02985 0.02985 0.11940 0.08955 0.00000 0.00000 0.04478
GNM13066                       0.02985 0.02985 0.10448 0.04478 0.00000 0.01493 0.02985 0.07463 0.01493 0.08955 0.08955 0.10448 0.00000 0.02985 0.02985 0.11940 0.10448 0.00000 0.02985 0.05970
GNM11032                       0.04762 0.11111 0.01587 0.01587 0.01587 0.06349 0.04762 0.07937 0.00000 0.06349 0.12698 0.11111 0.03175 0.03175 0.06349 0.01587 0.03175 0.00000 0.01587 0.11111
GNM11363                       0.04478 0.05970 0.02985 0.05970 0.01493 0.01493 0.13433 0.07463 0.02985 0.05970 0.13433 0.08955 0.01493 0.02985 0.04478 0.04478 0.01493 0.00000 0.01493 0.08955
GNM11375                       0.02985 0.02985 0.05970 0.02985 0.00000 0.01493 0.05970 0.07463 0.01493 0.17910 0.04478 0.08955 0.01493 0.04478 0.02985 0.11940 0.10448 0.00000 0.00000 0.05970
GNM11381                       0.04762 0.03175 0.09524 0.03175 0.00000 0.06349 0.06349 0.06349 0.01587 0.14286 0.07937 0.07937 0.01587 0.04762 0.03175 0.04762 0.09524 0.00000 0.00000 0.04762
GNM11382                       0.01493 0.04478 0.05970 0.04478 0.01493 0.02985 0.11940 0.05970 0.01493 0.13433 0.07463 0.07463 0.01493 0.02985 0.02985 0.05970 0.08955 0.00000 0.00000 0.08955
GNM11931                       0.07463 0.11940 0.01493 0.05970 0.00000 0.04478 0.07463 0.07463 0.02985 0.02985 0.10448 0.02985 0.01493 0.00000 0.05970 0.05970 0.07463 0.00000 0.00000 0.13433
GNM12071                       0.08955 0.13433 0.00000 0.07463 0.00000 0.00000 0.07463 0.07463 0.02985 0.04478 0.08955 0.02985 0.00000 0.01493 0.05970 0.05970 0.07463 0.00000 0.01493 0.13433
GNM12125                       0.08955 0.13433 0.01493 0.01493 0.00000 0.00000 0.08955 0.08955 0.02985 0.04478 0.11940 0.02985 0.00000 0.01493 0.01493 0.05970 0.04478 0.01493 0.00000 0.19403
GNM12126                       0.01493 0.08955 0.02985 0.02985 0.00000 0.01493 0.08955 0.07463 0.04478 0.05970 0.13433 0.11940 0.01493 0.01493 0.05970 0.04478 0.02985 0.00000 0.01493 0.11940
GNM12128                       0.00000 0.11940 0.04478 0.07463 0.00000 0.01493 0.04478 0.07463 0.05970 0.11940 0.13433 0.02985 0.02985 0.02985 0.02985 0.05970 0.05970 0.00000 0.00000 0.07463
GNM12182                       0.01515 0.10606 0.01515 0.04545 0.01515 0.00000 0.06061 0.07576 0.01515 0.12121 0.13636 0.09091 0.01515 0.04545 0.04545 0.04545 0.06061 0.00000 0.03030 0.06061
GNM12342                       0.02985 0.07463 0.04478 0.04478 0.00000 0.00000 0.08955 0.07463 0.02985 0.13433 0.10448 0.13433 0.01493 0.00000 0.04478 0.00000 0.04478 0.00000 0.00000 0.13433
GNM12346                       0.03175 0.04762 0.04762 0.03175 0.00000 0.03175 0.07937 0.04762 0.01587 0.12698 0.09524 0.07937 0.01587 0.00000 0.09524 0.03175 0.06349 0.00000 0.03175 0.12698
GNM12351                       0.02985 0.04478 0.10448 0.01493 0.01493 0.01493 0.07463 0.04478 0.01493 0.11940 0.13433 0.07463 0.02985 0.04478 0.05970 0.04478 0.04478 0.00000 0.01493 0.07463
GNM12356                       0.00000 0.07463 0.05970 0.04478 0.00000 0.01493 0.08955 0.07463 0.01493 0.14925 0.11940 0.07463 0.02985 0.00000 0.04478 0.02985 0.07463 0.00000 0.02985 0.07463
GNM12357                       0.00000 0.10448 0.04478 0.07463 0.00000 0.01493 0.07463 0.07463 0.01493 0.08955 0.16418 0.07463 0.00000 0.00000 0.01493 0.05970 0.07463 0.00000 0.00000 0.11940
GNM12366                       0.00000 0.11940 0.07463 0.05970 0.00000 0.01493 0.07463 0.05970 0.01493 0.11940 0.13433 0.07463 0.01493 0.01493 0.02985 0.04478 0.05970 0.00000 0.00000 0.08955
GNM12385                       0.02985 0.10448 0.04478 0.05970 0.00000 0.04478 0.05970 0.08955 0.02985 0.07463 0.08955 0.02985 0.01493 0.00000 0.05970 0.07463 0.05970 0.00000 0.00000 0.13433
GNM12551                       0.01493 0.10448 0.02985 0.04478 0.01493 0.00000 0.10448 0.08955 0.01493 0.07463 0.13433 0.07463 0.00000 0.00000 0.05970 0.02985 0.04478 0.00000 0.01493 0.14925
GNM12554                       0.08955 0.05970 0.04478 0.02985 0.01493 0.02985 0.05970 0.07463 0.05970 0.11940 0.11940 0.07463 0.00000 0.00000 0.04478 0.04478 0.04478 0.00000 0.00000 0.08955
GNM12592                       0.05970 0.11940 0.07463 0.02985 0.00000 0.01493 0.07463 0.07463 0.01493 0.11940 0.05970 0.02985 0.02985 0.01493 0.05970 0.02985 0.07463 0.00000 0.00000 0.11940
GNM12596                       0.01493 0.04478 0.11940 0.00000 0.00000 0.02985 0.05970 0.05970 0.01493 0.14925 0.14925 0.08955 0.01493 0.01493 0.05970 0.05970 0.04478 0.00000 0.00000 0.07463
GNM12602                       0.02985 0.05970 0.07463 0.01493 0.00000 0.04478 0.05970 0.05970 0.01493 0.19403 0.16418 0.07463 0.00000 0.00000 0.05970 0.04478 0.04478 0.00000 0.01493 0.04478
GNM12665                       0.01493 0.04478 0.10448 0.00000 0.00000 0.02985 0.05970 0.05970 0.01493 0.14925 0.14925 0.08955 0.01493 0.01493 0.05970 0.07463 0.04478 0.00000 0.00000 0.07463
GNM12745                       0.01493 0.07463 0.05970 0.04478 0.00000 0.01493 0.07463 0.05970 0.02985 0.19403 0.02985 0.11940 0.00000 0.04478 0.04478 0.04478 0.05970 0.00000 0.00000 0.08955
GNM12749                       0.05970 0.07463 0.05970 0.04478 0.00000 0.05970 0.05970 0.05970 0.02985 0.05970 0.08955 0.07463 0.04478 0.01493 0.02985 0.01493 0.05970 0.00000 0.01493 0.14925
GNM12758                       0.04478 0.16418 0.02985 0.04478 0.00000 0.01493 0.07463 0.07463 0.02985 0.14925 0.05970 0.04478 0.00000 0.01493 0.04478 0.04478 0.05970 0.00000 0.00000 0.10448
GNM12763                       0.02985 0.07463 0.04478 0.04478 0.01493 0.00000 0.10448 0.05970 0.02985 0.14925 0.07463 0.13433 0.00000 0.01493 0.05970 0.00000 0.05970 0.00000 0.00000 0.10448
GNM12766                       0.00000 0.11940 0.04478 0.07463 0.00000 0.00000 0.07463 0.07463 0.01493 0.13433 0.10448 0.05970 0.01493 0.00000 0.05970 0.04478 0.02985 0.00000 0.01493 0.13433
GNM12841                       0.07463 0.08955 0.02985 0.05970 0.00000 0.01493 0.10448 0.05970 0.02985 0.01493 0.11940 0.02985 0.02985 0.00000 0.07463 0.00000 0.08955 0.00000 0.00000 0.17910
GNM12849                       0.02985 0.02985 0.05970 0.02985 0.00000 0.04478 0.07463 0.08955 0.02985 0.20896 0.04478 0.05970 0.05970 0.01493 0.00000 0.10448 0.10448 0.00000 0.00000 0.01493
GNM12869                       0.04478 0.05970 0.07463 0.02985 0.00000 0.02985 0.07463 0.08955 0.01493 0.16418 0.02985 0.05970 0.01493 0.04478 0.02985 0.08955 0.08955 0.00000 0.00000 0.05970
GNM12896                       0.04478 0.04478 0.05970 0.02985 0.00000 0.02985 0.07463 0.07463 0.02985 0.14925 0.04478 0.08955 0.02985 0.04478 0.01493 0.07463 0.10448 0.00000 0.00000 0.05970
GNM12897                       0.00000 0.02985 0.08955 0.02985 0.00000 0.04478 0.04478 0.07463 0.01493 0.11940 0.07463 0.07463 0.05970 0.04478 0.01493 0.11940 0.05970 0.00000 0.02985 0.07463
GNM12915                       0.00000 0.08955 0.04478 0.02985 0.00000 0.00000 0.07463 0.08955 0.02985 0.10448 0.07463 0.10448 0.04478 0.01493 0.05970 0.01493 0.02985 0.02985 0.01493 0.14925
GNM10046                       0.00000 0.05970 0.05970 0.02985 0.00000 0.00000 0.07463 0.08955 0.02985 0.10448 0.07463 0.13433 0.02985 0.00000 0.04478 0.02985 0.02985 0.02985 0.02985 0.14925
GNM12918                       0.01493 0.11940 0.02985 0.02985 0.00000 0.00000 0.07463 0.08955 0.02985 0.13433 0.07463 0.07463 0.02985 0.01493 0.05970 0.01493 0.04478 0.02985 0.01493 0.11940
GNM12931                       0.01493 0.10448 0.02985 0.04478 0.00000 0.02985 0.05970 0.07463 0.02985 0.14925 0.14925 0.07463 0.00000 0.01493 0.02985 0.01493 0.05970 0.00000 0.02985 0.08955
GNM12938                       0.02041 0.02041 0.04082 0.04082 0.00000 0.02041 0.08163 0.10204 0.02041 0.10204 0.08163 0.12245 0.04082 0.04082 0.06122 0.00000 0.08163 0.00000 0.02041 0.10204
GNM12996                       0.03390 0.11864 0.01695 0.03390 0.00000 0.00000 0.05085 0.03390 0.00000 0.20339 0.13559 0.06780 0.01695 0.05085 0.03390 0.05085 0.05085 0.03390 0.05085 0.01695
GNM13027                       0.00000 0.06780 0.00000 0.03390 0.00000 0.00000 0.05085 0.10169 0.01695 0.16949 0.15254 0.11864 0.01695 0.03390 0.03390 0.08475 0.03390 0.01695 0.00000 0.06780
GNM13046                       0.00000 0.02985 0.04478 0.02985 0.01493 0.01493 0.07463 0.08955 0.02985 0.16418 0.10448 0.08955 0.04478 0.01493 0.02985 0.08955 0.08955 0.00000 0.02985 0.01493
GNM13053                       0.02985 0.07463 0.05970 0.04478 0.00000 0.01493 0.07463 0.05970 0.01493 0.14925 0.07463 0.08955 0.02985 0.01493 0.02985 0.07463 0.05970 0.00000 0.02985 0.07463
GNM13074                       0.00000 0.09615 0.03846 0.03846 0.00000 0.00000 0.09615 0.07692 0.01923 0.17308 0.07692 0.09615 0.03846 0.00000 0.05769 0.03846 0.05769 0.01923 0.01923 0.05769
GNM10010                       0.02985 0.11940 0.04478 0.04478 0.00000 0.00000 0.07463 0.07463 0.02985 0.10448 0.10448 0.07463 0.02985 0.00000 0.04478 0.01493 0.07463 0.02985 0.01493 0.08955
GNM10014                       0.02985 0.08955 0.04478 0.04478 0.00000 0.00000 0.07463 0.07463 0.02985 0.08955 0.11940 0.10448 0.01493 0.00000 0.04478 0.01493 0.04478 0.02985 0.01493 0.13433
GNM13090                       0.04478 0.08955 0.04478 0.02985 0.00000 0.00000 0.08955 0.07463 0.02985 0.14925 0.11940 0.08955 0.01493 0.00000 0.04478 0.01493 0.05970 0.02985 0.01493 0.05970
GNM13118                       0.04478 0.07463 0.02985 0.02985 0.02985 0.01493 0.07463 0.07463 0.01493 0.11940 0.13433 0.10448 0.00000 0.02985 0.04478 0.02985 0.04478 0.00000 0.01493 0.08955
GNM13128                       0.00000 0.08065 0.04839 0.04839 0.00000 0.03226 0.11290 0.06452 0.01613 0.12903 0.03226 0.04839 0.00000 0.06452 0.03226 0.09677 0.03226 0.00000 0.04839 0.11290
GNM13210                       0.01493 0.08955 0.01493 0.02985 0.00000 0.00000 0.10448 0.07463 0.01493 0.07463 0.10448 0.08955 0.01493 0.04478 0.04478 0.04478 0.02985 0.01493 0.02985 0.16418
GNM12773                       0.03030 0.06061 0.10606 0.04545 0.00000 0.03030 0.07576 0.07576 0.01515 0.16667 0.06061 0.10606 0.00000 0.04545 0.03030 0.06061 0.03030 0.00000 0.01515 0.04545
GNM12769                       0.02985 0.02985 0.08955 0.02985 0.02985 0.01493 0.05970 0.07463 0.01493 0.16418 0.07463 0.16418 0.02985 0.02985 0.04478 0.00000 0.04478 0.00000 0.00000 0.07463

Homogeneity statistic: X2 = 35.44960 G = 37.14473 

Average                        0.03231 0.07275 0.05162 0.03935 0.00376 0.01749 0.07445 0.07493 0.02004 0.11841 0.09558 0.08659 0.02344 0.02065 0.03935 0.05842 0.06449 0.00340 0.01324 0.08975
(Ambiguity characters are used to calculate freqs.)


# constant sites:      0 (0.00%)

TREE #  1:  ((((((((44, 124), 112), (52, 82)), 83), 84), ((114, (85, 51)), (113, 115))), (43, 122)), ((((((((((((26, (((62, 21), (23, 22)), 42)), ((((((((48, 47), 46), 49), 106), (19, 6)), (((45, (27, 38)), 7), (77, 20))), ((10, 60), 105)), 66)), 116), (((78, 65), 18), 79)), (((107, 64), 108), 39)), (((((70, 5), 69), (63, 13)), 30), (14, 59))), 41), (76, 61)), ((((40, 73), 74), (15, 117)), (((36, 72), 12), 50))), (((1, 71), (8, 2)), 37)), ((((34, 35), (3, 32)), 4), ((11, 33), (31, 75)))), (((((((25, 29), 28), (125, 24)), (57, 58)), 54), (126, 56)), ((17, 16), 55))), (((((((((((98, 96), 97), 88), 95), 87), ((94, 92), 100)), (((9, 81), 104), 80)), (53, 67)), (123, 68)), ((((((91, 90), 89), 103), 86), ((99, 101), 102)), 93)), ((((119, 120), 121), 118), ((111, 109), 110))));   MP score: -1
lnL(ntime:249  np:250): -10231.291819      +0.000000
 127..128 128..129 129..130 130..131 131..132 132..133 133..134 134..44  134..124 133..112 132..135 135..52  135..82  131..83  130..84  129..136 136..137 137..114 137..138 138..85  138..51  136..139 139..113 139..115 128..140 140..43  140..122 127..141 141..142 142..143 143..144 144..145 145..146 146..147 147..148 148..149 149..150 150..151 151..152 152..26  152..153 153..154 154..155 155..62  155..21  154..156 156..23  156..22  153..42  151..157 157..158 158..159 159..160 160..161 161..162 162..163 163..164 164..48  164..47  163..46  162..49  161..106 160..165 165..19  165..6   159..166 166..167 167..168 168..45  168..169 169..27  169..38  167..7   166..170 170..77  170..20  158..171 171..172 172..10  172..60  171..105 157..66  150..116 149..173 173..174 174..175 175..78  175..65  174..18  173..79  148..176 176..177 177..178 178..107 178..64  177..108 176..39  147..179 179..180 180..181 181..182 182..183 183..70  183..5   182..69  181..184 184..63  184..13  180..30  179..185 185..14  185..59  146..41  145..186 186..76  186..61  144..187 187..188 188..189 189..190 190..40  190..73  189..74  188..191 191..15  191..117 187..192 192..193 193..194 194..36  194..72  193..12  192..50  143..195 195..196 196..197 197..1   197..71  196..198 198..8   198..2   195..37  142..199 199..200 200..201 201..202 202..34  202..35  201..203 203..3   203..32  200..4   199..204 204..205 205..11  205..33  204..206 206..31  206..75  141..207 207..208 208..209 209..210 210..211 211..212 212..213 213..25  213..29  212..28  211..214 214..125 214..24  210..215 215..57  215..58  209..54  208..216 216..126 216..56  207..217 217..218 218..17  218..16  217..55  127..219 219..220 220..221 221..222 222..223 223..224 224..225 225..226 226..227 227..228 228..229 229..98  229..96  228..97  227..88  226..95  225..87  224..230 230..231 231..94  231..92  230..100 223..232 232..233 233..234 234..9   234..81  233..104 232..80  222..235 235..53  235..67  221..236 236..123 236..68  220..237 237..238 238..239 239..240 240..241 241..242 242..91  242..90  241..89  240..103 239..86  238..243 243..244 244..99  244..101 243..102 237..93  219..245 245..246 246..247 247..248 248..119 248..120 247..121 246..118 245..249 249..250 250..111 250..109 249..110
 0.097276 0.373525 0.037793 0.039357 0.000000 0.077317 0.087083 0.236067 0.319597 0.216400 0.161612 0.702739 0.373850 0.699678 0.393792 0.449554 0.059590 0.355328 0.046663 0.379804 0.651169 0.041995 0.528122 0.240495 0.000000 0.860666 0.282779 0.052966 0.000000 0.102035 0.097784 0.062553 0.102799 0.057879 0.414596 0.000000 0.065419 0.000000 0.000000 0.468396 0.384257 0.245717 0.178366 0.000000 0.000000 0.069092 0.000000 0.000000 0.485654 0.000000 0.097522 0.096462 0.024140 0.000000 0.043620 0.000000 0.000000 0.000000 0.000000 0.000000 0.011276 0.022733 0.012315 0.057767 0.069879 0.011355 0.000000 0.144514 0.081508 0.198771 0.029164 0.088561 0.082411 0.044419 0.069414 0.011769 0.063044 0.112537 0.010889 0.000000 0.162548 1.125655 0.422808 0.078810 0.073842 0.243457 0.166984 0.031414 0.096413 0.194582 0.167224 0.000000 0.000000 0.098969 0.112529 0.212037 0.157278 0.000000 0.131832 0.000000 0.057709 0.090855 0.067785 0.016503 0.207882 0.183429 0.010089 0.037439 0.304167 0.782537 0.700144 0.291569 0.282387 0.347966 0.000000 0.000000 0.063513 0.112895 0.527998 0.102063 0.000000 0.000000 0.062676 0.187373 0.224888 0.199351 0.000000 1.253148 0.007665 0.380139 0.084272 0.305083 0.325836 0.000000 0.128700 0.992597 0.076389 0.076057 1.350690 0.000000 0.000000 0.519339 0.198075 0.000000 0.266732 0.217242 0.000000 0.013361 0.239269 0.373088 0.041696 0.766701 0.432863 0.470846 0.170876 0.180565 0.162086 0.822850 0.593159 0.030465 0.000000 0.055055 0.182828 0.069672 0.015639 0.000000 0.348490 0.214385 0.229225 0.144782 0.385407 0.161144 0.081461 0.000653 0.169173 0.220570 0.004503 0.482122 0.310928 0.124280 0.235347 0.000000 0.000000 0.193493 0.025377 0.018596 0.090769 0.030343 0.043158 0.049560 0.081869 0.006691 0.168539 0.100305 0.049069 0.017719 0.017994 0.059314 0.217609 0.359317 0.383017 0.187315 0.110544 0.375115 0.136037 0.423626 0.295112 0.098986 0.000000 0.178863 0.387616 0.202578 0.306736 0.583214 0.084528 0.206729 0.446021 0.287040 0.830896 0.000000 0.068780 0.040639 0.036996 0.000000 0.270102 0.062738 0.079417 0.272121 0.050602 0.095065 0.252234 0.000000 0.432028 0.190683 0.128557 0.302833 0.238519 0.078815 0.102839 0.075085 0.073768 0.060903 0.000000 0.101825 0.191436 0.019954 0.065475 0.025900 0.057464 1.137523
