
Printing out site pattern counts


       148        178  P

GNM13746                        -AAAAAAAAA AAAAAAACCC DDDDDDEEEE EEEFFFFFGG GGGGGGGGGG GGGGHHIIII IIIIIIIIII KKKKKKKKKK KKKKKKKKLL LLLLLLLLLL LLLLLMMMMM NNNNNPPPPP PPPQQQQQRR RRRRSSSSSS SSSTTTTTTT TTTTTTTVVV VVVVVVVVVV VWWWYYYY
GNM13538                        -AAAAAAAAA AAACEGSCCC DDDDEPEEEE EETFFFFNGG GGGGGGGGGG GGGGHHIIII IIILLLLVVV AEKKKKKKKK KKLLQRRVIL LLLLLLLLMN NQVVVAIINS DNNQSAPPPP PPVEKNQQGR RRRRANSSSS SSSKMNSSTT TTTTTTTIKV VVVVVVVVVV VWWWFLWY
GNM13671                        -AAAAAAAAG GSVVTGACCC DDEMNTEEEE ESQFFLVGDG GGGGGGGGGG GGGHHMIIII ILVLTVVILQ ADEKKKKKKK QRKRDAKRLI ILLLMMVVKE NRIVVVFIEL IGNHSPPPPP PPVRDKQQKK RRSVSNDERS SSSKVSQWAS TTTTTTTLKI ILLVVVVVVV VWWYTLWY
GNM13876                        -AAAAAAAAA GAVCTGVCCC DDEENSEEEE QQEFFLIGDG GGGGGGGGGG GGGHHTIIIV VIVLVLVVLQ QEEKKKKKRR KRKKDLRRLL LLLLLLLSKE MRLVVTVIEL VNRQSPLPPP PPVRDRQQKK RRAVSNDARS SSSRVLQYRT NSTTTTTLKI VILVVVVVVV VWWYVLGY
GNM13680                        -AAAAAAASG GAAATGTCCC DDDNNMEEEE QEAFYLFKHG GGGGGGGGGG GGGGHKIIII IVLLIILIIE LRKKKKKKKR KTRMDQRKLL MLLMLMLVFQ NLLVVSTISS SDSQSAPPPP PPKEKSQQGN RRKRANAKNS SSSTMVNGHT NSTTTTTIKV VIVKVVVVVV VWWWFIMF
GNM14837                        -----AANA- GAA----CCC -SE-N-EEGQ EESFI-L-D- ----EGGGGG GGGGHQIIII NV-----V-- AKK--KKKKR EA-SEQK--L L-LLLKLVYE LLIAVK-I-- -D-QSSP--P PPKEKQMQGK -RRRSNN--- -SSIMIS-KT T----TTIKV VIVV-IIIVV V-WYF-L-
GNM14249                        -AAACAANAA GAAATGSCCC DSEDNMEEGQ EESFILLKDG GGGGGGGGGG GGGGHQIIVI NVLLILLIIE AKKKKKKKKR ETRSEQKTLL LLLLLKLVYE LMITVKTISN RDQQSAPPPP PPKEKQMQGK RRKRSNNEPS SSSIMISGKT SATTTTTIKV VIVVVIIIVV VWWYFILL
GNM13928                        -AAACAANAA GAAATGSCCC DSEDNMEEGQ EESFILLKDG GGGGGGGGGG GGGGHQIIII QVLLVLLIIE AKKKKKKKKR ETRSEQKTLL LLLLIKLVFE LMITVKTISN RDQQSSPPPP PPKEKQMQGK RRKRSNNEPS SSSIMISGKT TATTTTTIKV VIVVVIIIVV VWWYFILL
GNM13297                        -AAAAAAAAA AAACEGSCCC DDDDEPEEEE EETFFFFNGG GGGGGGGGGG GGGGHHIIII IIILLLLVVV AEKKKKKKKK KKLLQRRVIL LLLLLLLLMN NQVVVAIINS DNNQSAPPPP PPVEKNQQGR RRRRANSSSS SSSKMNSSTT TTTTTTTIKV VVVVVVVVVV VWWWFLWY
GNM14865                        -AAAAACSAA AAAAAAAADS DDQNNTEEQR QENFLLLKDG GGGGGAGGGG GGGGNEALVL IIVLTLIVIR QEDQRKKRRP DTKRDKRKLL MLLLLMLAKE TRVVVDLINV NGNQSPSPPK PPDRDRMQNR QKRGDNDERN SSSRVGDAQV TSTTTTTMKL IYLEAVVVVV VWWYRILY
GNM13455                        -AAACAANAA GAAATGSCCC DSEDNMEEGQ EQAFILLKDG GGGGGGGGGG GGGGHQIIII SVLLILLIIE ARKKKKKKKR ETKSEQKTLL ILLLLKLILE DLITVKTIAN RDQQSAPPPP PPKQKKMQGK RRRRSNNEPS SSSIMISGKT NATTTTTIKV VIVVVIIIVV VWWYFILL
GNM14938                        -AAAAAAAAG GAACTGSCCC DDEMNPEEEE EASYFLVGDG GGGGGGGGGG GGGHHVLIIV TLVLALIIIE KVESKKKKRR KRKRETKRLV ILLIMLVTKE NRIVVTMIEL TNNQSPLPPY PPVRDQQQQR RSAVSNDRRS SSSKVMQYYS STTTTTTIRI ILLQVVVVVV VWWCYLYY
GNM14483                        -AAAAAAAAG GAAAAGACCC DDEDNMEEEE EREFFFFNGA GGGGGGGGGG GGGGHKIIIV IIVLVLLVVE NRRKKKKKKR KTRLDRKRLL LLLLLLLILE GLVVVMLISS NDMQSAPPPP PPKGKKQQSS RRRRANAQNS SSSKTENAKT ATITTTTVRV VVVVVVVVVV VWWWYIQY
GNM14872                        -AAAAAAAAG GAASTGTCCC DDDNNMEEEE QEAFYLFKHG GGGGGGGGGG GGGGHKIIII IVLLVLLLIE LRKKKKKKKR KTRMDQRKLL MLLILDLVYQ NLLVVSTISS NDSQSSPPPP PPKEKRQQGN RRKRANAKNS SSSTMLSGHT TTTTTTTIKV VIVKVVVVVV VWWWFILF
GNM13855                        -AAAASAAAG GAACTGACCC DDDNNMEEEE QESFFLFKSG GGGGGGGGGG GGGGHKIIII IVLLIILILE AQKKRKRKKR KTRLEQRRLL MLLILMLVYQ NLLIVSTISS NDSQSSPPPP PPKEKIQQEN RRRRANSKNS SSSTMNTGHT NSSTTTTIKV VIVKVVVVVV VWWWFIMF
GNM14445                        -AAAAASAAG GGAAVGACCC DDENDSEEEE EESFFLFYDG GGGGGGGGGG GGGGHRVIVI ILILVLLVLE SSKKKKKKKK ERKMSKRKLL MLLILLLVLE NIIVVPVISS NEKQSPPPPP PPKGRNQQGV RRKRANNTSS SSSKMLSGTT TTTTTTTIKV AIIKVTVVVV VWWWFIWY
GNM14404                        -AAAAAVAAG SAACTNICCC DDDNNTEEEE EAKFFLIYYG GGGGGGGGGG GGGGHSVIII TIVLTLLFIE KIQRKKKKKK LRAKDMKRLL LLLILILVKE RRIVIALVSQ IDNQSPPPPP PPRGDEQQSK RRSRANDRRS SSSQWLYCTS TSTTTTTIRI TVVTVVVVVV VWWYFLYF
GNM14545                        -AAAAAVAAG SAACTNICCC DDDNNTEEEE EAKFFLIYYG GGGGGGGGGG GGGGHSVIII TIVLTLLFIE KIQRKKKKKK LRAKDMKRLL LLLILILVKE RRIVIALVSQ IDNQSPPPPP PPRGDEQQSK RRSRANDRRS SSSQWLYCTS TSTTTTTIRI TVVTVVVVVV VWWYFLYF
GNM14366                        -AAACAANAA GAAATGSCCC DPEENMEEGQ EAAFYLLKDG GGGGGGGGGG GGGGHQIIII SVLLVLLVIE ARRKRKKKTR VVRRDQRTLL MLLLLKLVYE NLMAVKTISN NDQQSAPPPP PPKEKKMQGK RKRRSNNKAS SSSEMVTGKT TATTTTTMKI VIVVVVIVVV VWWYFVLL
GNM14252                        -AAACAANAA GAAATGSCCC DSEDNMEEGQ EESFILLKDG GGGGGGGGGG GGGGHQIIII NVLLILLIIE ARKKKKKKKR ETRSEQKTLL LLLLLKLVYE LMITVKTISN RDQQSAPPPP PPKEKQMQGK RRRRSNNEPS SSSIMISGKT TATTTTTIRV VIVVVIIIVV VWWYFILL
GNM13760                        -AAACAANAA GAAATGSCCC DSEDNMEEGQ EESFILLKDG GGGGGGGGGG GGGGHQIIII NVLLILLIIE AKKKKKKKKR ETRSEQKTLL LLLLLKLVYE LLIAVKTISN RDQQSSPPPP PPKEKQMQGK RRRRSNNEPS SSSIMISGKT SATTTTTIKV VIVVVIIIVV VWWYFILL
GNM13982                        -AAACAANAG GAAATGSCCC DPEANMEEGQ EESFYLLKDG GGGGGGGGGG GGGGHLIIII VVVLLLLIIE AKKKRKKKKR ETKSELKHLL MLLLLKLVFE KLLAVKTISA NDQQSSPPPP PPNQKRMQGK KRRRSNNKAS SSSIMITSKT TTTTTTTLTI VIVEVVVIVV VWWWFLYL
GNM13960                        -AAACAANAA GAAATGSCCC DPEENMEEGQ ESAFLLLKDG GGGGGGGGGG GGGGHMIIII SVILVLLIIE VKKKKKKKKR ETRSEQKTMI MLLLLRLVYE QLLAVKTISN NDQQSAPPPP PPKEKKMQGK RRRRSSNKPS SSSSMITGKT NATTTTTIKI VIVIVVVIVV VWWWFLLL
GNM14633                        -AAACAANAG GAAATGSCCC DPEENMEEGQ EESFYLLKDG GGGGGGGGGG GGGGHLIIII SVVLLLLIIE AKKKRKKKKR ETRSEQKHLL MLLLLKLVFE KLLAVKTISN NDQQTAPPPP PPKQKKMQGK RRRRSNNKAS SSSIMITGKT TTTTTTTLTI VIVVVIIIVV VWWWFLLL
GNM14853                        -AAACAANAG GAAATGSCCC DPEENMEEGQ EESFHLLKDG GGGGGGGGGG GGGGHLIIII SVVLLLLIIE AKKKRKKKKR ETRSELKHLL ILLLLKLVFE KLLAVKTISN NDQQSSPPPP PPKQKKMQGK RRRRSNNKAS SSSTMITGKT TTTTTTTLTI VIVVVIIIVV VWWWFLYL
GNM14174                        -AAAGAAAAG GAALTSACCC DDEDNVEEQE ELEFFLIYNG GGGGGGGGGG GGGGHAVIII VIVFILIVIV QEQKKKKKKK KRKKDSKRLL ILLLLMIVRE SRIVVNYISP VDKQSSPPPP PPKRDKQQNK RRGRANDGRS GSSRVTECAS TSITTTTLQI VLVVVVVVIV VWWYFVLF
GNM14138                        -AAAAAAAAG GAACTSACCC DDEDNVEEEE EMEFFLIFNG GGGGGGGGGG GGGGHSLIII TIVLVIIILV LNQKKKEKKK KEKKERRKLL ILLLLMLVRE ERVVVSFISP VNKQSPPPPP PPRRDKQQGR RQGRAKDGRS GCSKVSECTS SSTTTTTLQI ILLIVVVVIV VWWYFILF
GNM14055                        -AAACAANAG GAAATGSCCC DPENNMEEGQ ESSFLLLKDG GGGGGGGGGG GGGGHMIIII SVLLLLLIIE AKEKRKKKKR ETRSEQKTLL MLLLIKIVYK QLLAVKTISN DDQQSAPPPP PPKKKKMQGK RSRRSNNQAS SSSIMVTGKT SATTTTTIKF VIVIVIIIVV VWWWFLLL
GNM14748                        -AAACAANAA GAAATGSCCC DSEDNMEEGQ EEAFLLLKDG GGGGGGGGGG GGGGHQIIII NILLVLLIIE AKKKKKKKKR ETRSEQKTLL VLLLLKLVFE AMIAVKTISN RDQQSFPPPP PPKEKQMQGK RRKRSNNEPS SSSIMISGKT TATTTTTIKV VIVIVIIIVV VWWYFILL
GNM14246                        -AAAAAAAAG GAACTNACCC DDEDNIEEEE EMEFFLVYNG GGGGGGGGGG GGGGHSIIII TIVLVLIILV QRRKKKKKKK HERKEHRRLL MLLLLMLVRE ERIVVKFISP VDKQYPPPPL PPRGDKQQNK RRGRANDGRS SSSKVTECVS SSTTTTTLQI ILLTVVVVIV VWWYFVLF
GNM14640                        -AAAAAAAAG GAACTSACCC DDGDNVEEKE EMEFFLVYNG GGGGGGGGGG GGGGHSVIII TIVLIVIILV LRQKKKKKKK RERKQRRKLL ILLLLMLVRE EQIVVGFIDP IDKQSPPPPP PPRRDKQQSK RRGRANNGRS GSSRVTECVS SSTTTTTLQI ILLVVVVVIM VWWYFVAF
GNM14965                        -AAAAAAAAG GSAATGTCCC DDDANMEEEE QESFFLFKHG GGGSGGGGGG GGGGHKIIII IVILILLVIE SKKKKKKKKR KTRMDQRKLL MLLILMLVHQ NLLVVATISS GDRQSPPPPP PPKEKMQQGN RRRRANAKSS SSSTMVSGHT NSTTTTTIKI VIIQVVVVVV VWWWFIMF
GNM13677                        -AAAAAAAAA GAVCTGVCCC DDEENSEEEE QQEFFLIGDG GGGGGGGGGG GGGHHTIIIV VIVLVLVVLQ QEERKKKKRR KKKKDLRRLL LLLLLLLSKE MRLVVTVIEL VNRQSPLPPP PPVRDRQQKK RRAVSNDARS SSSRVLQYRT NSTTTTTLKI VILVVVVVVV VWWYVLGY
GNM14339                        -AAAAAAAAA AAACTGACCC DDEDNSEEEE EAEFFLVGDG GGGGGGGGGG GGGNHTLIII ILVLVLIALH KKQSKRRKRR REKKETRRLV LLLLMMVVKE SRIVVTMIEL INKQSPRPPY PPQGDRQQKK RRAVSNDRRS SSSLVMQCFS TSLTTTTLTI ILLEVVVVVV VWWLVLYY
GNM14593                        -AAAAAAAAG GAVVTGACCC DDEMNTEEEE EASFFLVGDG GGGGGGGGGG GGGNHTIIII TLVLTIVILQ KEEQRKKKKK QKKRDTKKLV ILLLMMLVKE NRIVVVFIEL IGNHSPPPPP PPVRDRQQKK RRSVSNDDRS SSSKVSQWYS TTTTTTTLKI ILLIVVVVVV AWWYVLLY
GNM13825                        -AAAAAAAAG GAACTGSCCC DDEMNPEEEE ESSYFLVGDG GGGGGGGGGG GGGQHVLIII TLILTLIIIE KVESKKKKRR KRKRETRRLV ILLIMLITKE NRIVVTMIEL TNNQSPLPPY PPVRDQQQQR RSAVSNDRRS SSSKVMQYYS NTTTTTTIRI ILLQVVVVVV VWWCYLYY
GNM14768                        -AAAAAAAAG GAIVTGACCC DAEENTEEEE ESEFFLVGDG GGGGGGGGGG GGGHHTLIII IIVLAIVILE KEEERKKKKK KRRRATRRLV ILLLMMLVKE QRIVVVFIEL INNHSPSPPP PPRRDRQQNR RRAVANDERS SSSKVSQRYS TTTTTTTLKL ILLVVVVVVV VWWYTILV
GNM14776                        -AAAAAAAAG GAIVTGACCC DAEENTEEEE ESEFFLVGDG GGGGGGGGGG GGGHHTLIII IIVLAIVILE KEEERKKKKK KRRRATRRLV ILLLMMLVKE QRIVVVFIEL INNHSPLPPP PPRRDRQQNR RRAVANDERS SSSKVSQRYS TTTTTTTLKL ILLAVVVVVV VWWYTILV
GNM14715                        -AAAAAAAAA GAAASGADCC DDEDNMEEEE EKEFFFFNGA GGGGGGGGGG GGGGHKIIVV IIVLVLLVIE NRRKKKKKKR KTRLDRRRLL LLLLLLLILE SLVVVMLISS NDEQSAPPPP PPKGKTQQSL RRRRANAQNS SSSKTENAKT TTVTTTTVRV VVVVVVVVVV VWWWYMQY
GNM14639                        -AAAAAVAAG GAAVLGACCC DDDDDYEEEE EEEFFLFYGG GGGGGGGGGG GGGGHSVIII IIVLVLLILE ASTKKKKKKK KRKIHKKRLL LLLILLVVLE LLVVVSIVAP KGNTDPPPPP PSTRKKQQTR RKRRAKNSSS SSSKMVTCST TTTTTTTVKV VVISVVVVVV LWWWFIYY
GNM13795                        -AAACAANAA GAAATGSCCC DSEDNMEEGQ EEAFLLLKDG GGGGGGGGGG GGGGHQIIII NILLVLLIIE AKKKKKKKKR ETRSEQKTLL VLLLLKLVFE AMIAVKTISN RDQQSSPPPP PPKEKQMQGK RRKRSNNEPS SSSIMISGKT TATTTTTIKV VIVVVIIIVV VWWYFILL
GNM14166                        -AAACAANAG GAAATGSCCC DTEDDMEEGE EETFYLLRDG GGGGGGEGGG GGGGHQIIII SVLLVLLIVE ARKKRKRKKR KTRYKQRKLL MLLILLLIYE NLLAVKTIST NGQQTAPPPP PPKEKTQQGK RRRRSNNKNS SSSKMITGKT TSTTTTTIKI VIVVVVIVVV VWWWFIYL
GNM14450                        -AAAAAAAAG GAAATGTCCC DDDNNMEEEE DETFFLFKHG GGGGGGKGGG GGGGHKVIII IVILIILIIE AEKKQKKKKR EKRMGHRKLL MLLILLLVLE NLIAVSTISS KDSQSSPPXP PPKEPIQQGS RRRRANNKNS SSSKMNNGAT TTTTTTTINT VIVNVIIVVV VWWWFLYY
GNM13745                        -AAASASAAG GAASLGACCC DDDNDMEEQE QESFFIFQDG GGGGGGGGGG GGGGHTLIVI TIILVLLVIE QIKQKAKKKK KKKSSKRKLL LLLLILLTLF NLVIVPVIAP NDEQSYPPPP PPKNNSQQGK KKRRKNNEAS SSSRMNSAHT TTTTTTTVKV VVINVVVVVV VWWWYIWY
GNM14959                        -AAAAAVAAA GAVVTAVCCC DDEDNTEHEE DREFFLVKSG GGGGGGGGGG GGGNHMLIVI IIILTLVVLI KVKRKKKKRP KRRVDKRYLV IVFLLLLVKE LRAIVRLIEH VNKQSPPPPP PPREDRQQNQ KQSNGNDRRN SSSWVQHSFS KTSTTTTIKV IVVQVVIVVV VWWYFILY
GNM13413                        -AAAAAVAAA GAVATGACCC DDANNTEEER EDEFFLVKDG GGGGGGGGGG GGGNHTVILI TIILVLVVLV LRKRKKKKKP KEHRKLRELV LTLLLMLVKE KRVVRKFLEL VNNQSPPPPP PPREDRMQKL RKRVANDRRN SSSRYDYSYT TSTTTTTITI TVVVVVIVVV VWWFFKLA
GNM14990                        -AAACAANAG GAAATGSCCC DPEENMEEGQ ESAFLLLKDG GGGGGGGGGG GGGGHMIIII SVLLVLLIIE VKKKKKKKKR ETRSEQKTMI MLLLLRLVYE KLLAVKTISN NDQQSAPPPP PPKEKKMQGK RRRRSSNKPS SSSSMITGKT NATTTTTIKI VIVIVVVIVV VWWWFLLL
GNM15005                        -AAACAANAG GAAATGSCCC DPEENMEEGQ ESAFLLLKDG GGGGGGGGGG GGGGHMIIII SVLLVLLVIE IKKKKKKKKR ETRSEQKTMI MLLLLRLVYE KLLAVKTISN NDQQSAPPPP PPKEKKMQGK RRRRSSNKPS SSSSMITGKT NATTTTTIKI VIVIVVVIVV VWWWFILL
GNM15013                        -AAACAANAG GAAATGSCCC DPEENMEEGQ ESAFLLLKDG GGGGGGGGGG GGGGHMIIII SVLLVLLIIE VKKKKKKKKR ETRSEQKTMI MLLLLRLVYE QLLAVKTISN NDQQSAPPPP PPKEKKMQGK RRRRSSNKPS SSSSMITGKT NATTTTTIKI VIVIVVVIVV VWWWFLLL
GNM14976                        -AAACAANAA GAAATGSCCC DAEQNMEEGQ ESAFLLLKDG GGGGGGGGGG GGGGHMIIII SVILVLLIIE IKKKKKKKKR ETRSEQKTMI MLLLLRLVYE QLLAVKTISN NDQQSAPPPP PPKEKKMQGK RRRRSNNKTS SSSSMITGKT NATTTTTIKI VIVIVVVIVV VWWWFLLL
GNM15022                        -AAACAANAA GAAATGSCCC DPEENMEEGQ ESAFLLLKDG GGGGGGGGGG GGGGHMIIII SVILVLLIIE VKKKKKKKKR ETRSEQKTMI MLLLLRLVYE QLLAVKTISN NDHQSAPPPP PPKEKKMQGK RRRRSSNKPS SSSSMITGKT NATTTTTIKI VIVIVVVIVV VWWWFLLL
GNM15018                        -AAACAANAA GAAATGSCCC DSEDNMEEGQ EESFILLKDG GGGGGGGGGG GGGGHQIIII NVLLILLIIE AKKKKKKKKR ETRSEQKTLL LLLLLKLVYE LMIAVKTISN RDQQSAPPPP PPKEKQMQGK RRRRSNNEPS SSSIMISGKT SATTTTTIKV VIVVVIIIVV VWWYFILL
GNM15025                        -AAACAANAA GAAATGSCCC DPEQNMEEGQ KSSFLLLKDG GGGGGGGGGG GGGGHMIIII SVILVLLIIE VRNKRKRKKR ETRSEQKTLL MLLLLKLVYE NLLAVKTISN NDHQSAPPPP PPKEKKMQGK RRRRSNNRSS SSSDMITGKT DATTTTTIKI VIIIVVVIVV VWWWFLLL
GNM15024                        -AAACAANAA GAAATGSCCC DSEDNMEEGQ EESFILLKDG GGGGGGGGGG GGGGHQIIII NVLLILLIIE AKKKKKKKKR ETRSEQKTLL LLLLLKLVYE LMITVKTISN RDQQSAPPPP PPKEKQMQGK RRRRSNNEPS SSSIMISGKT SATTTTTIKV VIVVVIIIVV VWWYFILL
GNM14980                        -AAACAA-AA GAAATGSCCC D-EDNMEEG- EESFILLK-G GGGGGGG-GG GGGGHQI-II NVLLILLIIE AK-KKKKK-R ETRSEQKTLL LL--LK-VY- LMIT-KTISN R-QQSAPPPP P-KE-Q---K RRRRSNNEPS SSSIMI-G-T SATTT-T-K- -IVVVI--VV VWWYFILL
GNM15000                        -AAACAANAA GAAATGSCCC DSEDNMEEGQ EESFILLKDG GGGGGGGGGG GGGGHQIIII NVLLILLIIE AKKKKKKKKR ETRSEQKTLL LLLLLKLVYE LMITVKTISN RDQQSAPPPP PPKEKQMQGK RRRRSNNEPS SSSIMISGKT SATTTTTIKV VIVVVIIIVV VWWYFILL
GNM15026                        -AAACAANAA GAAATGSCCC DPEQNMEEGQ ESSFLLLKDG GGGGGGGGGG GGGGHMIVII SVLLVILIIE VRKKRKRKKR ETRSAQKTLL MLLLLKLVYE KLLAVKTISN NDHQSSPPPP PPKEKKMQGK RRRRSNNRSS SSSNMITGKT DATTTTTIKI VIIIVVVIVV VWWWFLLL
GNM15027                        -AAAAAAAAA GAAAMGTCCC DDEDSPEEEE TESFFFFNSG GGGGGGGGGG GGGGHRIIII IVVLVLMVIE QVKVKKKKKR KRKISRRKLL LLLLLLLILE QLIVVMIISS KDNQSPPPPP PPK-RMQQGV RRRRANPSNS SSSTMSSATT TTTTTTTIRI AVVTVVVVVV VWWWYKYY
GNM15019                        -AAACAANAA GAAATGSCCC DTEDNMEEGQ EESFLLLKDG GGGGGGGGGG GGGGHQIIII NILLVLLIIE DKKKKKKKRR ETRSEQKTLL ILLLLKLVFE SMIAVKTISG RDQQSAPPPP PPKEKKMQGK RRKRSNNEPS SSSIMISGKT TATTTTTIKV VIVVVIIIVV VWWYFIAL
GNM15003                        -AAACAANAA GAAATGSCCC DAEQNMEEGQ ESAFLLLKDG GGGGGGGGGG GGGGHMIIII SVILVLLIIE IKKKKKKKKR ETRSEQKTMI MLLLLRLVYE KLLAVKTISN NDQQSAPPPP PPKEKKMQGK RRRRSNNKTS SSSSMITGKT NATTTTTMKI VIIIVVVIVV VWWWFLLL
GNM11003                        -AAVAAVAAA GAIVTGICCC DDQNNTEEEE EEEYFLVKDG GGGGGGGGGG GGGNHMIIII IIILGLLVLT KTKKKKKKKV KEYLKTRSYL ITLLMLLVKE KRLMVKFIEE INNQSPPPPP PPRFDQQQKK KRTRANDSRN SSSKLVYAAS TSSTTTTMTI IILKVVIVVV VWWYFKLY
GNM11023                        -AAAAAAAAA GAVVTGACCC DDELNSEEER EREFFLVRDG GGGGGGGGGG GGGNHKIIII IIILTLVVLI KRDSKKKKKP KERIDLRFLV ITLLLLLVKE RRVVVRFIEY VGNQSTPPPP PPRKDRMQSR KRTRANDRRN SSSRFFHSYT KTTTTTTITI VLVQVVVVVV VWWYFKLY
GNM11055                        -AAAAAVSAG GAVVTGACCC DDQENTEEER EADFLLVKEG GGGGGGGGGG GGGNHTAIIL FIVITIVVLT ATEKKKTKRP KRKRDKKFLL MLLLLLLVKD SRTVVSFIQV RDKQTPPPPK PPQRDRMQSR KKGAANNEKN SSSKVPDSIT KTSTTTTMKL IILVVVVVVV AWWYFILY
GNM11146                        -AAAAAVAAA GAAVTGACCC DDENNTEYEE DIEFFLVMSG GGGGGGGGGG GGGNHVIIII IIILTLIVLE KRKKKKRKRR KFKVDQRRLI IVLLVLLVKE ARALVRFMEL PNNQSPPPPP PTREDRQQNQ KQSGANDRRN SSSEIPYSAS KASTTTTIVL IIVKVVVVVV VWWYFIAW
GNM11219                        -AAIAAAAAG GAACTGACCC DDEDNAEEEE EEEFFLVFDG GGGGGGGGGG GGGGHLIIII YVVLTLVVLT LWAEKKKKKR KEKRHKRRLL ILLLLLLVKE MRLVVQFIDV TDRRSVPPPP PPRMDRQQNR KRGRANDRRS SSSMVTDCVS TSSTTTTLKI IVLTVVVVVV VWWLFLYF
GNM11220                        -AAAAAVAAG GAACTGICCC DDREDHEEEE EAEFFLIRDG GGGGGGGGGG GGGGHFIIII TIVLTLIVLV LETKKKKKKK KRKRERKRLL LLLLLLLVKE NRITVPLLSS TNSQSPPPPI PPKMDKQQAR RRDRANNRRS GSSTWMHCLS VTVTTTTFRL TILSVVVVVV VWWHFLYF
GNM11222                        -ASAAAVAAG GAACTNACCC DDDDNAEEEE ENEFFLVFSG GGGGGGGGGG GGGGHTVIII TIILVLIFIE LEKKKKKKKR KRKQEQRRLL MLLLLLLVKE SRVVVRLVST IDRQSPPPPP PPREDRQQGR RRGRANDKSS SSSKILQCRS VSTTTTTIHL MVATVVVIVV VWWFFIYY
GNM11224                        -AAAAAAAAG GAACTSACCC DDEDNVEEEE EMEFFLIYNG GGGGGGGGGG GGGGHFAVII SIILVLIVLK LVQKKKKKKK KRRKERRRLL LLLLLLVTRE ERIVVRFISP RNKQSPPPPI PPRMDRQQSK RRGRANERRS GSSKVTECIS LSTTTTTLEI ILLTVVVVVV VWWYFILF
GNM11225                        -AAAAASAAG GAVCTSACCC DDEDNVEEEE EAEFFLVYHG GGGGGGGGGG GGGGHSAIII TIILVIIIVR LVQRKKKKKK KTKKERRRLL LLLLLLLTRE ERIVVNFIQP VNKQSPPPPI PPRGDRQQSK RRGRANDRRS SSSRVTESMT SSTTTTTIEI VLLTVIVVVV VWWYFIMF
GNM11358                        -AAAASAAAG GAACTGACCC DDDSNMEEEE QENFFLFKSG GGGGGGGGGG GGGGHKIIII IVLLIILILE AQKKRKRKKR KTRLEQRRLL MLLILMLVYQ NLLIVSTISS NDSQSSPPPP PPKEKIQQEN RRRRANSKNS SSSAMNTGHT NSSTTTTIKV VIVKVVVVVV VWWWFIMF
GNM11360                        -AAACAANAA GAAATGSCCC DSEDNMEEGQ EQAFILLKDG GGGGGGGGGG GGGGHQIIII SVLLILLIIE ARKKKKKKKR ETKSEQKTLL ILLLLKLILE DLITVKTIAN RDQQSAPPPP PPKQKKMQGK RRRRSNNEPS SSSIMISGKT NATTTTTIKV VIVVVIIIVV VWWYFILL
GNM11362                        -AAAAAAAAG GAAATGACCC DDDNDMEEEE QENFFLFLHG GGGGGGKGGG GGGGHRVIIV IIILVLMIIE VVKRTKKKKR QKRLERRRLV LLLLLYLVME QLICVATISS MDNQTPPPPP PPKEKVQQGS RRRRANHRSS SSSKMLSGMT TTTTTTTVKV VIVVVVVVVV VWWWFIYY
GNM11367                        -AAACAANAG GAAATGSCCC DPEANMEEGQ EESFYLLKDG GGGGGGGGGG GGGGHLIIII VVVLLLLIIE AKKKRKKKKR ETKSELKHLL MLLLLKLVFE KLLAVKTISA NDQQSSPPPP PPNQKRMQGK KRRRSNNKAS SSSIMITSKT TTTTTTTLTI VIVEVVVIVV VWWWFLYL
GNM11377                        -AAAAAAAAG GAASTGTCCC DDDNNMEEEE QEAFYLFKHG GGGGGGGGGG GGGGHKIIII IVLLVLLLIE LRKKKKKKKR KTRMDQRKLL MLLILDLVYQ NLLVVSTISS NDSQSSPPPP PPKEKRQQGN RRKRANAKNS SSSAMLSGHT TTTTTTTIKV VIVKVVVVVV VWWWFIQF
GNM11380                        -AAACAANAG GAAATGSCCC DTEDDMEEGE EETFYLLRDG GGGGGGDGGG GGGGHQIIII SVLLVLLVVE ARKKRKRKKR KTRYKQRKLL MLLILLLIYE NLLAVKTIST NGQQSAPPPP PPKEKTQQGK RRRRSNNKNS SSSKMITGKT TSTTTTTIKI VIVTVVIVVV VWWWFIYL
GNM11383                        -AAACAANAA GAAATGSCCC DPEENMEEGQ ESAFYLLKDG GGGGGGGGGG GGGGHQIIII SVLLILLVIE ARKKRKKKKR LVRQDQRTLL MLLLLKLVFE NLLAVKTISN NDQQNAPPPP PPKGKKMQGK RKRRSNNKAS SSSEMVSGKT TATTTTTMKI VIVVVIIVVV VWWWFVLL
GNM11491                        -AAACAANAA GAAATGSCCC DSEENTEEGQ EEAFQLLKDG GGGGGGGGGG GGGGHQIIII GVLLVLLIIE NRKKRKKKKR EVRSEQKTLL LLLLLRLVLE ALIAVKTISN RDQQSSPPPP PPKEKKMQGK RRRRANNEPS SSSAMITGKT TATTTTTIKV VIVVVIIIVV VYWYFLAL
GNM11804                        -AAAAAVSAG GAVVTGACCC DDQENTEEER EAEFLLVKEG GGGGGGGGGG GGGGHVAIIL FIVLTLVVLT ATEKKKSKRP KRKREKRFLL LLLLLLLVKE SMTVIAFIQI KDKQTVPPPK PPERDKMQSR KKGAANNEKN SSSKVQDATT KTSTTTTMKL IVITVVVVVV AWWFAILF
GNM11805                        -AAVAAISAA GAVATGACCC DDRDNTEEQR DHNYLLVLNG GGGGGGNGGG GGGKHRAIIL IIILTLIVLK AIQEKKKKRP EVKRGQKFML IVLLTLIIKE TRTVVKYIHV IDKESYPPSE PPKGDRMQES QNGAANNKKN SSSEAPDSYM QAGTTTTREI IILIAIVAVV AWWYFKLF
GNM12886                        -AAAASAASG GAASTGTCCC DDDNNMEEEE QEAFYLFKHG GGGGGGGGGG GGGGHKIIII IVLLIILIIV LRKKKKKKKR KTRLDQRKLL MLLMLMLVYQ NLLVVSTISS NDSQSAPPPP PPKEKSQQGN RRKRANAKNS SSSTMVSGHT NSTTTTTIKV VIVKVVVVVV VWWWFIMF
GNM13060                        -AAAAAAAAA AAAAAAACCC DDDDDDEEEE EEEFFFFFGG GGGGGGGGGG GGGGHHIIII IIIIIIIIII KEKKKKKKKK KRKKKKKKLL LLLLLLLLML LLLILMMMMI NNNNNPPPPP PPPQQQQQRR RRRRSSSSSS SSSTTTTTTT TTTTTTTVVL VVVVVVVVVV VWWWFYYY
GNM13061                        -AAAAAAAAA AAAAAAACCC DDDRNDEEEE EADFFFFFGG GGGGGGGGGG GGGGHHIIIV LIIIIIIIIV KTKRRKKKKK KREKYQKKLL LLLLLLLMMH SLVVLQMISV EGGQSPPPPP PPPEKQQQRR RRRRANASSS SSSAAQTWAT TTTTTTTVVI VVVVVVVVVV VWWWYYYY
GNM13062                        -AAAAAAAAA GAAASGADCC DDEDNMEEEE EREFFFFNGA GGGGGGGGGG GGGGHKIIIV IIVLVLLVIE NRRKKKKKKR KTRLDRRRLL LLLLLLLILE SLVVVMLISS NDMQSAPPPP PPKGKQQQSL RRRRANAQNS SSSKTENAKT TTVTTTTVKV VVVVVVVVVV VWWWYIQY
GNM13064                        -AAASASAAG GAAVLGACCC DDDDDMEEEE TQSFFIFNHG GGGGGGGGGG GGGGHTIIVI IIVLVLLILE QVKKRSRKKK SKRSDKRKLL LLLILLLTLF NLVVVPVISP NDQQSYPPPP PPKENTQQGK KRRKKNTASS SSSRMNSGKT QSSTTTTVRV VIITVVVVVV VWWWHIWY
GNM13066                        -AAASASAAG GAAVLGACCC DDDDDMEEEE TQSFFIFNHG GGGGGGGGGG GGVGHTIIVI IIILVLLILE QVKKRSRKKK SKRSDKRKLL LLLIVLLTLF NLVVVPVISP NDQQSYPPPP PPKANTQQGK KRRKKNNASS SSSRLNSGKT QSSTTTTVRV VVIIVVVVVV VWWWYIWY
GNM11363                        -AAAAAAAAG GAAATGACCC DDDNDMEEEE QENFFLFLHG GGGGGGKGGG GGGGHRVIIV IIILVLMIIE VVKRTKKKKR QKRLERRRLV LLLLLYLVME QLICVATISS MDNQTPPPPP PPKEKVQQGS RRRRANHRSS SSSKMLSGMT TTTTTTTVKV VIVVVVVVVV VWWWFIYY
GNM11375                        ---A-AANAA GAA-TX-CCC -SE-N-EEGQ EESFI-L-DG -GGGGGGGGG GGGGHQIIII NV---L-IIE AKK-NKKKKR ETLSEQKY-L LLLLLKLVFE SLIAVK-I-- -DHQSSPPPP PPKEKQMQGK RRRRSNN--- SSSIMISGKT TC---TTIKV VIVVVIIIVV V-WYFIL-
GNM11381                        -AAACAANAA GAAATGSCCC DPEENMEEGQ ESAFYLLKDG GGGGGGGGGG GGGGHQIIII SVLLILLVIE ARKKRKKKKR LVRQNQRTLL MLLLLKLVYE QLLAVKTISN NDQQDAPPPP PPKEKKMQGK RKRRSNNKAS SSSEMVSGKT TATTTTTMKI VIVVVIIVVV VWWWFVLL
GNM11382                        -AAACAANAA GAAATGSCCC DPEENMEEGQ EATFYLLKDG GGGGGGGGGG GGGGHQIIII SVLLILLVIE ARKKRKKKKR LVRADQRTLL MLLLLKLVYE NLLAVKTISG NDQQTAPPPP PPKEKKMQGK RKRRSNNKAS SSSEMITGKT TATTTTTMKI VIVVVVIVVV VWWYFVLL
GNM11841                        -AAGAACSAA GAAITGACCC DDQNNTEEER ENEFLLIKDG GGGGGAGGGG GGGGHEAVIL IIILTLVVLE VEEERKKRRP EEQRQKRRLL MLLLLQVTKE SRVVVDFINV KDNQSSAPPD PPSRDKMQNR RKGGDNDERN SSTRVGDAQV DSTTTTTMRL IYVEAVVVVV VWWLLQLF
GNM11931                        -AAGAACSAA GAAVTGACCC DDQNNTEEER EDDFLLVKDG GGGGGAGGGG GGGGHEAIVL IIILTLVVLE QTDDQKKRRP EDRRSKKRLL MLLLLLLSKE TRVIVDFIKV HGEQDPAPPD PPSRDGMQNR RKGGDNDERN SSTRVGDAQV ESTTTTTMKL IYVQAVVVVV VWWYLMLF
GNM12040                        -AAAAACSAA GAAAAAAADS DDQNNTEEER QNDFLLLKDG GGGGGAGGGG GGGGNEALVL ILVLTLIVVE QEDESKKRRP DTRREKRRLL MLLLLMLAKE SRVIVDLINV NGNQSPTPPS PPDRDRMQNR QKSGDNNERN SSSRVSDAQV TSTTTTTMNL IYLTAVVVVV VWWFRMLY
GNM12071                        -AAAAACSAA AAAAAAAPDS DDQNNTEEER QDNFLLLKDG GGGGGAGGGG GGGGNQAIIL IIVLTLIVIE QEEERKKRRP DTEREKRNLL MLLLLKLAKE SRVVVDLINV NGNQSATPPE PPDRDRMQNR QKQGDNDERN SSSRVGDAQV SSTTTTTMKL IYLEAVVVVV VWWYRQLF
GNM12125                        GAAAAAVAAA GAVVTGVCCC DDENNTEEER EEEFFLVKDG GGGGGGGGGG GGGNHQIIII IIILTLVVLI KRKRKKKKKP REKISLRFLV LTLLLLIVKE KRVITRFIDI VEQQSPPPPP PPREDRMQRR RRLAANNRRN SSSYLVSSYN RTSTTTTLTV VVVQVVVVVV VWWFFKLY
GNM12126                        -AAAAAVAAA GAVVTGACCC DDQNNTEEER EEELFLVKDG GGGGGGGGGG GGGNHMLIII TIILTLVVLI KRKKKKKKKP KEKVYLRHYV ITLLLMVVKE KRLIVKFIEH ADQQSPPPPP PPREDRVQSR RRTRANDRRN SSSRMFHSYT TTTTTTTLTL VLVVVVVVVV VWWLFKLF
GNM12128                        -AAVAAVAAA GAAVTGACCC DDEENTEEER QAEFFLVKDG GGGGGGGGGG GGGNHIIIII IIILVLIILE KVKRKKKKKV KERIDMKFLI ITLLLMLVKE MRVIIKFIEI VGNQSPPPPP PPREDWMQVR LRSRANDRRN SSSKLTQSVS TTSTTTTLRL VLLVVVVVVV VWWYFLAF
GNM12182                        -AAAAAVAAA GAVVTGICCC DDQRNTEEEE EAEYYLVMDG GGGGGGGGGG GSGNHVLIII IVILGLLVLV KSKKKKKKKS KEYLKARFYI ITLMMLLVKE RRLMVKFIED TNNQSPPPPP PPRYDQQQGK KRTRSHDTRN SSSKLVYSVS TSSTTTTMLI IILKVVIVVA VWWYFRMY
GNM12342                        -AAAAAASAA GAVVLGACCC DKRENTEEER YDEFLLVMDG GGGGGGGGGG GGGNHKIIII IIILTLVIIE KYEKKKKKRP QAKRDLKKLI IVLLKMLGKK NRTVVKFIEY ADSEDPPPPR PPKRDRMQKR KRGGANNGRN SSSTVPECAA TTTTTHTLKL VVIEVVVVVT VWWYYLLF
GNM12346                        -AAAAATSAA GAVVTGACCC DDRKNTEEQR EEEFFLVLDG GGGGGAGGGG GGGGHQAIII IIYLTLVVLV AEVKKKRKRP KKEREKKRML MLLLLMLVKE TRTVVVFIEI KDSQTYPPPK PPAGDKMQSR RKGGGNNERN SSTRVPDAAV TTSTTTTMQL ILVIAVVVVL VWWYSMLY
GNM12351                        -AAAAAASAA AAIVTGACCC DDRNNTEEKR EDDFMLVKDG GGGGGGGGGG GGGGHQAIVI TIVLTLVVLV FNEKRKKKRP QTMRDRQRKL MLLLILLVKE SRTVVVFIQL KENQSSPPPR PPKGDKMQNR RKGGDNDERN SSTRVPDALV TTTTTTTMEL ILVVAIVVVV VWWFSKLY
GNM12356                        -AAASAASAA GAVILGACCC DKRDNTEEER YDEFILVIDG GGGGGGGGGG GGGGHMIIIL ILILTLVVLE KKEKKKSKRP TKNRDLKKLV IVLLLKLAKQ NTTVVKFIDY ADNEDPPPPK PPRRDKMQSR RRGGSSNGRN SSSQVPECAA TTTTTHTLAL VVIEVVVVVV AWWFFLLF
GNM12357                        -AAAAAASAA GAAALGACCC DKRDNTEEER YDEYMLVEDG GGGGGGGGGG GGGGHMIIIL ILVLTLVVLE KKEKKKAKRP TKNRSLKKLI IVLLLMLAKQ KVTVVKFIDF ADNEDPPPPK PPRKDRMQKR RRGGSSNGRN SSSQVPECAA STTTTHTLAL VVIEVVVVVV VWWYFLLF
GNM12366                        -AAAAAASAA GAVALGACCC DKRDNTEEER YDEYMLVEDG GGGGGGGGGG GGGGHMIIIL ILVLTLVVLE KKEKKKTKRP TKNRSLKTLV IVLLLMLAKQ KVTVVKFIDY ADNEDPPPPK PPRKDRMQKR RRGGSSNGRN SSSQVPECVA STTTTHTLTL VVIEVVVVVV VWWYFLLF
GNM12373                        -AATAAASAA GAVVTGACCC DDKNNTEEGR EAAFLLVKCG GGGGGGGGGG GGGGHQIIFI VIILTLVVLT MTVQKKKRRP EARRDKVNLL FIMLLKLVKE SRVIVVFINL KDEQSAPPPK PPRKDKMQDR KKGGDNNTRN SSSGVTDAAI ATVTTTTMEL IFVVVVVMVV VWWYMKQY
GNM12385                        -AATAATSAA GAVVTGACCC DDQENTEEQR EAAFLLVKDG GGGGGGGGGG GGGGHQVIII ILILTLVVLT ATEKKKKKRP EKKRDKLFLL IILLLMLVKE SRVVVVYIQI KDQQSPPPPK PPSRDRMQNR QKGGDNNMRN SSSGVNDALV TNATTTTMEL IFIIVVVVVV VWWYIKRF
GNM12551                        -AAAAAVSAA GAVVLGACCC DKRDNTEEER EAEFFLVKDG GGGGGGGGGG GGGGHQVIII IIILTLVILT KTEEQAKKKK ERRRDLKKML ITLLLMLIKE QRTVVRFIEI KDNETPPPPK PPRKDRMQNR RRGGANDERN SSSKVPECWV KTTTTHTMEL VVIEVVVVVV VWWFFKWF
GNM12554                        -AATAAASAA GAIATGACCC DDKNNTEEER QESFLLIKDG GGGGGGGGGG GGGGHQVIII VLILTLVVLT AEEKKKTKRP ERKRDKVFLL IIFLMQLVKE SRVVVVFIQI KDEQSPPPPK PPRRDKMQAR QQGGDNNERN SSSGVDDAMV KATTTTTMQL IFIRVVVMVV VWWYMKRF
GNM12592                        -AAAAATSAA GGIVTGACCC DDKNNTEEQR EREFVLIKDG GGGGGGGGGG GGGGHHAIVI VVIMTLVILY YSEKKKSKRP QRLREKKRML FLLLLLLVKE SRTVVVFISL KGNQTHPPPR PPNRDRMQTR RKGGDNDERN SSTRVGDSLV TTTTTTTMKL IIVIAIIVVV VWWYYMLY
GNM12596                        -AAAAAASAA AAIVVGACCC DDRDNTEEQR EKEFILVKDG GGGGGGGGGG GGGGHQAIVI TIILTIVVLT VTEKTKKKRP QSNRDRKKKL MLLLLLLVKE SRTVVVFITL KDQQSPPPPY PPRRDKMQNR RKAGDNNERN SSTRVPDAMV ATTSTTTMEL ILVVAIIVVV VWWYYILY
GNM12602                        -AAAAAASAA AAIVVGACCC DDRDNTEEQR EKEFILVKDG GGGGGGGGGG GGGGHQAIVI TIILTIVVLT MTEKTKKKRP QSNRERKKKL MLLLLLLVKE SRTVVVFITL KDQQSPPPPY PPHRDKMQNR RKAGDDNERN SSTRVPDAMV ATTSTTTMEL ILVIAIIVVV VWWYYILF
GNM12665                        -AAAAAASAA AAIVVGACCC DDRDNTEEQR EKEFILVKDG GGGGGGGGGG GGGGHQAIVI TIILTIVVLT VTEKTKKKRP QSNRDRKKKL MLLLLLLVKE SRTVVVFITL KDQQSPPPPY PPRRDKMQNR RKAGDNNERN SSTRVPDAMV ATTSTTTMEL ILVVAIIVVV VWWYYILY
GNM12745                        -AAIAAVSAA GAAVLGACCC DKRDNTEGER QDDFLLVGDG GGSGGGGGGG GGGGHQIIII ILILVLIALT KEEAKKKKRP ESKKDMKMLL IVLLYKLIKE KRIVVQFIQI TDQEDLPPPK PPRRDRMQNR ANGGSNNSQN SDTEVPEMAV TCSTTHTLKM VLVEAVVVVV VWWYFILF
GNM12749                        -AATAAASAA GAVVTGACCC DDKNNTEEER ESAFLLIKDG GGGGGGGGGG GGGGHQIIII VLILTLVVLT QTVRKKDKRP ERKRDKLQLL IIFLIMLVKE SRVVVAYIQI KDAQSPPPPK PPRRDRMQNR QKGGDNDERN SSSGVDDAAV KTATTTTMLL IFIVVVVVVV VWWYMRKF
GNM12758                        -AAIAAVSAA GAAVLGACCC DKRDNTEGER EEEFFLVRDG GGGGGGGGGG GGGGHQIIII IIIMTLIVLT KSEDKKKKRP VRKKDMRHLL IVLLFLLVKE ERIVVRFIQV TDQESLPPPK PPRKDRMQNR GNVGANDRQN SDTQVPESAV TTSTTHTLKI VLVEAVIVVV VWWYFIHF
GNM12763                        -AAIAAVSAA GAAVLGACCC DKRDNTEGER EKEFLLVKDG GGGGGGGGGG GGGGHVIIII IIILTLVVLT KTEEKKKKRP VRKKDMKRLV IVLLYMLVKE KRTVVKFIKI ADREDHPPPK PPRKDRMQNR RRIGANDRQN SDSKVPECIV TTSTTHTLKL VVIEAVVVVV VWWYFLLF
GNM12766                        -AAAAAASAA GAVVLGACCC DKRENTEEER YDEFLLVMDG GGGGGGGGGG GGGNHMIIIL IIVLTLVVLE KREKKKKKRP AEKRDLKKLV IVLLLMLSKQ NRTVVKFIDY ADNEDPPPPK PPRRDKMQKR RRGGASNGRN SSSKVPECVA TTTTTHTLKL VVVEVIVVVV VWWYFMLF
GNM12841                        -AAAAACSAA GAVAAAAPDS DDQNNTEEER DQDFLLVKDG GGGGGAGGGG GGGGNQALIL IIVLTLVVLE ATEERKKRRP EERRQKRKLL MLLLLKLTKE SLVIVDLINL HGNQSPMPPD PPPRDRMQNR RKRGDNDERN SSSRVGDAQV TCTTTTTMRL IYLEAVVVVV VWWYRKLY
GNM12849                        -AAACAANAA GAAATGSCCC DSEDNMEEGQ EQSFILLKDG GGGGGGGGGG GGGGHQIIII SVLLILLIIE ARKKKKKKKR ETKSEQKTLL ILLLLKLILE DLITVKTISN RDQQSAPPPP PPKQKKMQGK RRRRSNNEPS SSSIMISGKT NATTTTTIKI VIVVVIIIVV VWWYFILL
GNM12869                        -AAACAANAA GAAATGSCCC DSEDNMEEGQ EESFILLKDG GGGGGGGGGG GGGGHQIIII NVLLILLIIE AKKKKKKKKR ETRSEQKTLL LLLLLKLVYE LMITVKTISN RDQQSAPPPP PPKEKQMQGK RRRRSNNEPS SSSIMISGKT SATTTTTIKV VIVVVIIIVV VWWYFILL
GNM12896                        -AAACAANAG GAAATGSCCC DTEDDMEEGE EETFYLLRDG GGGGGGEGGG GGGGHQIIII SVLLVLLVVE ARKKRKRKKR KTRYKQRKLL MLLILLLIYE NLLAVKTIST NGQQSAPPPP PPKEKTQQGK RRRRSNNKNS SSSKMITGKT TSTTTTTIKI VIVTVVIVVV VWWWFIYL
GNM12897                        -AAACAANAG GAAATGSCCC DTEDDMEEGE EETFYLLRDG GGGGGGEGGG GGGGHQIIII SVLLVLLVVE ARKKRKRKKR KTRYKQRKLL MLLILLLVYE NLLAVKTIST NGQQTAPPPP PPKEKNQQGK RRRRSNNKNS SSSKMITGKT TSTTTTTIKI VIVTVVIVVV VWWWFIYL
GNM12902                        -AAVAAISAA GAVATGACCC DDKDNTEEQR EHNYLLVLNG GGGGGGGGGG GGGKHRAIIL IIILTLIVLT ANKDKKKKRP ESKRSKRFML IVLLLLIVKE SRTVVKYIHV VDKETYPPPE PPKGDRMQES QNGAANNRKN SSTEAPDSYM KAGTTTTRLI IVLTAIVAVV AWWYFKLF
GNM12903                        -AAAAAAAAA GAAVTGACCC DHENNTEKEE EAEFFLVMNG GGGGGGGGGG GGGNHIIIII VLILVLVILT KRKKKKKKRI KERRDKRKLL IVLLLMLVKE NRVVLRFIDL AGNQTPPPPP PPREDRQQNQ KQSRANDRRN SSSEVQQSIN RTTTTTTLVL VVVEVVVVVV VWWYFIYY
GNM12906                        -AAAAAAAAA GAAVTGACCC DHENNTEKEE EAEFFLVLNG GGGGGGGGGG GGGNHIVIII ILVLVLVVLT KKKKKKKKRI KERRDKRHLL IVLLLMVVKE NRVVLRFIDL AGNQTPPPPP PPREDRQQNQ KLSRANDRRN SSSEVQQSIS RTTTTTTIVL VVVEVVVVVV VWWYFIYY
GNM12907                        -AAAAAAAAA GAAVTGACCC DHENNTEKEE EAEFFLVLNG GGGGGGGGGG GGGNHIIIII TIILVLVVLT KSKKKKKKRL KERRDKKKLL IVLLLMLVKE NRVVLRFIDL VGNQTPPPPP PPREDRQQNQ KQSRSNDRRN SSSAVQQSIN RTTTTTTLVL LVVEVVVVVV VWWYFILF
GNM12909                        -AAAAAVAAA GAAVTGACCC DHENNTEKEE EAEFFLVMNG GGGGGGGGGG GGGNHIIIII TLILVLVVLT KRKKKKKKRI KERRDKRQLL IVLLLLLVKE NRVVIKFIDL VGNQTPPPPP PPREDRQQNQ KQSRANDRRN SSSEVQQSIS RTTTTTTVVL IVVEVVVVVV VWWYFIYY
GNM12915                        -AAIAAVSAG GAAVTGACCC DDRNNTEEER EREFFLVKDG GGGGGGGGGG GGGGHIIIII IIILVLIVLK KENQKKKHRQ QRYRHKKQLL ILLVLLLVKE KRLVIRFIEV KENEDPPPPE PPKRDMMVAR RRRGGNDRRN SSSKVIQEVV TTSTTTTLTL ILVQVIITVV AWWYFIYF
GNM10046                        -AAIAAVSAG GAAVTGACCC DDRNNTEEER EREFFLVKDG GGGGGGGGGG GGGGHIIIII IIVLVLIVLR KENQKKKHRQ QRYRHKKQLL ILLVLMLVKE RRLVVKFIEV KENEDPPPPE PPKRDMMVAR RRRGGNDRRN SSSKVIQEVV TTSTTTTLAL ILVEVIITVV AWWYFIYF
GNM12918                        -AAIAAVSAG GAAVTGACCC DDRNNTEEER EREFFLVKDG GGGGGGGGGG GGGGHIIIII IIILVLIVLR KENQKKKHRQ QRYRHKRQLL ILLVLLLVKE RRLVIRFIEV KENEDPPPPE PPKRDMMVAR RRRGGNDRRN SSSKVIQEVV TTSTTTTLAI ILVQVIITVV AWWYFIYF
GNM12931                        -AAAAAVAAA GAVVTGACCC DDRNNTEEER EDEFFLVKDG GGGGGGGGGG GGGNHSIIIL TIILVLVVLV VQKKKKKKKP KVRRKLREMV LTLLLMLVKE RRVVRRFLKL ADNQSPPPPP PPREDKVQGR KRRLANDRKN SSSRYVYSYS TTTTTTTITL VVIVVVVVVV VWWFFKLV
GNM12938                        -AAVAAVAAA GAVVTGICCC DDQINHEEEE EEEYFLIKDG GGGGGGGGGG GSGNHTLIII IILLALFVLT KSRKKKKKKP KEYLKVRRLV MTLLMLLVKD RRLMIKFISE TKNQSPPPPP PPRMDQQQGK KRTRARDSYN SSSKLVYAVS NTSTTTTIIV IYLKVVVVIV IWWYFLLY
GNM12996                        -AAVAAVAAA GAIATGVCCC DDQSNTEQEE EDNYFLVRDG GGGGGGGGGG GSGNHTLIII IIILGLLVLN KVKRKKKKKP KEYIKTRTYI ITLLMLLVKE RRLMVKFIEE TKNQSPPPPP PPRMDNQQKK KRTRANDTRN SSSSLVYAVS STSTTTTVKV IILKVVVVVV VWWYFLLY
GNM13018                        -AAVAAVAAA GAIATGVCCC DDQSNTEQEE EDEYFLVRDG GGGGGGGGGG GSGNHTLIII IIILGLLVLD KVKKKKKKKP KEYIKTRTYI ITLLMLLVKE RRLMVKFIEE TKNQSPPPPP PPRMDSQQKK KRTRANDTRN SSSSLVYAVS STSTTTTVKV IILKVVVVVV VWWYFLLY
GNM13027                        -AAVAAVAAA GAVATGICCC DDQNNTEEEE EEEYFLVKDG GGGGGGGGGG GSGNHTIIII IIILGLLVLL KYKKKKKKKP KEYIKTRLYV MTLLMLLVKE KRLMVKFISE TKNQSPPPPP PPRMDQQQKK KKTRANDTYN SSSKLVYAVS TTSTTTTIKM IYLKVVVVVV IWWYFMYY
GNM13046                        -AAACAANAA GAAATGSCCC DPEQNMEEGQ EESFLLLKDG GGGGGGGGGG GGGGHRIIII SVLLLLLIIE ARKKRKRKKR ETSSEQKTLL MLLLLKLVYE NLLAVKTISN NDQQAAPPPP PPKEKKMQGK RRRRSNNRAS SSSNMITGKT TATTTTTIKI VVVIVVMVVV VWWWFLYL
GNM13053                        -AAAASAAAG GAAVIGACCC DDEDDAEEEE EETFFLFYSG GGGGGGGGGG GRGGHRIIVI IIILILLVME ASRERKKKKR KKKLDKKRLL MLLVLLLTLE NLIVVPLISS SDKQSSPPPP PPRGRSQQGI KRKRANHASS SSSRMSSGTT TTTTTTTIKV AIVVVVVVVV VWWWFIWY
GNM13074                        -AAIAAVSAG GAAVTGACCC DDRDNTEEER EREFFLVKDG GGGGGGGGGG GGGGHIVIII IIVLVLIVLK KENKKKKHRQ QRYRHKRQLL ILLVMLLVKQ KRLVVKFIEV KENEDPPPPE PPKRDMMVAR RRRGGNDTRN SSSKVIQEVV TSSTTTTLAL ILVQVIVTVV AWWYFMYF
GNM10010                        -AAIAAVSAG GAAVTGACCC DDRNNTEEER EREFFLVKDG GGGGGGGGGG GGGGHIIIII IIVLVLIVLK KENQKKKHRQ QRYRHKRQLL ILLVMLLVKE KRLVVRFIEV KENEDPPPPE PPKRDRMVAR RRRGGNDSRN SSSKVIQEVI TTSTTTTLAL ILIEVIVTVV AWWYFMYF
GNM10014                        -AAIAAVSAG GAAVTGACCC DDRNNTEEER EREFFLVKDG GGGGGGGGGG GGGGHIIIII IIVLVLIVLK KENQKKKHRQ QRYRHKKQLL ILLVMLLVKE KRLVVRFIEV KENEDPPPPE PPKRDRMVAR RRRGGNDTRN SSSKVIQEVI TTSTTTTLAL ILIEVIVTVV AWWYFMYF
GNM13090                        -AAIAAVSAG GAAVTGACCC DDRNNTEEER EREFFLVKDG GGGGGGGGGG GGGGHIIIII IIVLVLIVLK KENQKKKHRQ QRYRHKRQLL ILLVMLLVKE RRLVVKFIEV KENEDPPPPE PPKRDMMVAR RRRGGNDSRN SSSKVIQEVI TTSTTTTLAL ILIQVIVTVV AWWYFMYF
GNM13118                        -AAAAAVSAA GAAVTSACCC DDEENTEEEE EAEYFLVKSG GGGGGGGGGG GGGNHMVIII VIILVLVILE VEKKKKKKRP KKKVDRRRLL IVLLLLLVKE RRTVVRMIEH TGKQSVPPPP PPREDRQQGQ KQLGSNDRRN SSSLIISATS KSSTTTTFKL VVIQVVIVVV VWWYFIMY
GNM13126                        -AAVAAISAA GAVATGACCC DDRNNTEEER ERSYLLVLDG GGGGGGGGGG GGGKHIAIIL MIILVLIILT AQKERKKRRP QRKRGKKFIL MVLLLLLVKE SRTVVKYIHV TNEETYPPPE PPRGDKMQKS RTGASNDSKN SSTQAPDSYM KAGTTTTRLI ILLVAIVAVV VWWYFKLY
GNM13128                        -AAVAAISAA GAVATGACCC DDRNNTEEER EKSYLLILDG GGGGGGGGGG GGGKHIAIIL MIILVLIILT AEKEKKKRRP QRKRSKRFML IVLILLLVKE TRTVVKYIHV INEETYPPPE PPREDKMQKS RTGASNDRKN SSTQAPDSYM KAGTTTTRLI ILLTAIVAVV VWWYFKLY
GNM13208                        -AAAAAAAAA GAAVTGACCC DDENNTEREE EAEFFLVLSG GGGGGGGGGG GGGNHIIIII IIILTLIILR KEKKKKKKRV KTRVDKRKLL IVLLLLLVKE ARVLLRFIDL TNNQTPPPPP PPREDQQQNQ KQSRANDRRN SSSRVQQSAS RTTTTTTIVL LLVEVVVVVV VWWYYIQY
GNM13210                        -AAAAAVAAA GAVATGACCC DDANNSEEER EDEFFLVKDG GGGGGGGGGG GGGNHSIIIL TIILTLVIII VTKRKKKKKP KEKRKLREMV LTLLLMLVKE RRVIRKFLEL VDNQSPPPPP PPRGDRMQGR KKRTANNRRN SSSRYDYSYT TSTTTTTITI AVVVVVVVVV VWWFFKLL
GNM12773                        -AAAAAAAAG GAALTSACCC DDEDNVEEEE ELEFFLIGDG GGGGGGGGGG GGGGHSVIVI IIVLVLIIIV HEQKKKKKKK KRRKESKRLL ILLLLLLVRE SRIVVSYISP TDKQSPPPPP PPKRNKQQNK RRSRANDSRS GSSRVTECSS TSITTTTLQI VLIIAVVVVV VWWYFVLF
GNM12769                        -AAGCAAAAA GGVCTGACCC DDNNNLEEEE EVEFFLIFGG GGGGGGGGGG GGGGHEIIII IVILILVFLE QRKKKKKKKR KTRKNMKRLT LLLLLLLVKN QRIVVSTISS SDNQAPPPPP PPREDKQQGK RRGRANDLKS SSSEVTQCVS TSTTTTTFKL IVLMVIVVVV VWWYFHQY
GNM12768                        -AAAGAAGTA GAAILGV--- DKRDDAR-ER QE-FKLFWAG GGGGGG-G-A GGGGTMDR-R RMILTVVVLL -IISRKAKKK -CHRAE-KC- MT-LR--IRN RRLVVNMVSL AERE-RPSPA -SPG--VANN SS-SANTE-N A-T-VEEH-F -STNSV-REI IVI-IVEV-G VL-THKAV



    1    1    1    1    1    1    1    1    1    1    1    1    1    1    1
    1    1    1    1    1    1    1    1    1    1    1    1    1    1    1
    1    1    1    1    1    1    1    1    1    1    1    1    1    1    1
    1    1    1    2    1    1    1    1    1    1    1    1    1    1    1
    1    1    1    1    1    1    1    1    1    1    1    1    1    1    1
    1    1    1    1    1    1    1    1    1    1    1    1    1    1    1
    1    1    1    1    1    1    1    1    1    1    1    1    1    1    1
    1    1    1    1    1    1    1    1    1    1    1    1    1    1    1
    1    1    1    1    1    1    1    1    1    1    1    1    1    1    1
    1    1    1    1    1    1    1    1    1    1    1    1    1    1    1
    1    1    1    1    1    1    1    1    1    1    1    1    1    1    1
    1    1    1    1    1    1    1    2    1    1    1    1    1

AAML (in paml version 4.9h, March 2018)  tmp0028.txt
Model: Empirical,  (../wag.dat) dGamma (ncatG=4) ns = 148  ls = 180


Frequencies..
                                    A      R      N      D      C      Q      E      G      H      I      L      K      M      F      P      S      T      W      Y      V
GNM13746                       0.08939 0.03352 0.02793 0.03352 0.01676 0.02793 0.03911 0.09497 0.01117 0.07821 0.09497 0.10056 0.02793 0.02793 0.04469 0.05028 0.07821 0.02235 0.02235 0.07821
GNM13538                       0.08939 0.03911 0.05028 0.02793 0.02235 0.02793 0.05587 0.10615 0.01117 0.06145 0.08939 0.07263 0.01117 0.02793 0.03911 0.06704 0.05587 0.02793 0.00559 0.11173
GNM13671                       0.06704 0.04469 0.02235 0.03911 0.01676 0.03352 0.05587 0.11173 0.01676 0.07263 0.07263 0.08380 0.02235 0.01676 0.03911 0.06145 0.06145 0.02793 0.01117 0.12291
GNM13876                       0.06704 0.07821 0.02235 0.03352 0.02235 0.04469 0.06145 0.10615 0.01117 0.04469 0.11732 0.06704 0.00559 0.01117 0.03352 0.05028 0.05028 0.01676 0.01676 0.13966
GNM13680                       0.07821 0.03911 0.04469 0.02793 0.01676 0.03352 0.03911 0.11732 0.01676 0.07263 0.07263 0.09497 0.03911 0.02793 0.03352 0.07263 0.06145 0.02235 0.00559 0.08380
GNM14837                       0.06349 0.03175 0.03968 0.01587 0.02381 0.04762 0.07937 0.10317 0.00794 0.11111 0.07937 0.11111 0.01587 0.01587 0.03175 0.07143 0.03175 0.01587 0.01587 0.08730
GNM14249                       0.07263 0.03352 0.03352 0.02235 0.02235 0.03911 0.06145 0.11732 0.00559 0.09497 0.09497 0.10056 0.02235 0.01117 0.03911 0.07263 0.06145 0.01676 0.01117 0.06704
GNM13928                       0.06704 0.03352 0.02793 0.02235 0.02235 0.04469 0.06145 0.11732 0.00559 0.10056 0.08939 0.10056 0.02235 0.01676 0.03911 0.07263 0.06704 0.01676 0.00559 0.06704
GNM13297                       0.08939 0.03911 0.05028 0.02793 0.02235 0.02793 0.05587 0.10615 0.01117 0.06145 0.08939 0.07263 0.01117 0.02793 0.03911 0.06704 0.05587 0.02793 0.00559 0.11173
GNM14865                       0.11173 0.08380 0.05587 0.07263 0.00559 0.05028 0.04469 0.10056 0.00000 0.03911 0.10056 0.05587 0.02235 0.00559 0.03352 0.04469 0.05587 0.01676 0.01676 0.08380
GNM13455                       0.08380 0.03911 0.03352 0.02793 0.02235 0.04469 0.05028 0.11732 0.00559 0.11173 0.09497 0.10056 0.01676 0.01117 0.03911 0.06145 0.06145 0.01676 0.00559 0.05587
GNM14938                       0.07263 0.06704 0.02793 0.02793 0.02793 0.03911 0.06145 0.10615 0.01117 0.06704 0.07821 0.05587 0.02235 0.00559 0.03352 0.06704 0.06704 0.01676 0.03911 0.10615
GNM14483                       0.10615 0.06704 0.03911 0.02793 0.01676 0.02793 0.05587 0.11732 0.00559 0.05028 0.08939 0.07821 0.01676 0.02235 0.03352 0.05028 0.04469 0.02235 0.01117 0.11732
GNM14872                       0.07263 0.04469 0.03911 0.03352 0.01676 0.03352 0.03911 0.11732 0.01676 0.06145 0.09497 0.09497 0.02235 0.02235 0.03352 0.06704 0.07263 0.02235 0.01117 0.08380
GNM13855                       0.06704 0.05587 0.05028 0.02235 0.02235 0.03911 0.05028 0.11173 0.01117 0.08380 0.07821 0.07263 0.02793 0.02793 0.03352 0.08939 0.05587 0.02235 0.00559 0.07263
GNM14445                       0.06704 0.03911 0.03352 0.02235 0.01676 0.01676 0.06145 0.12849 0.00559 0.06704 0.08380 0.09497 0.01676 0.02235 0.04469 0.08380 0.06145 0.02793 0.01117 0.09497
GNM14404                       0.07263 0.06704 0.02793 0.03911 0.02793 0.03352 0.04469 0.10056 0.00559 0.08380 0.08380 0.06704 0.00559 0.02793 0.03911 0.06704 0.07263 0.02235 0.02793 0.08380
GNM14545                       0.07263 0.06704 0.02793 0.03911 0.02793 0.03352 0.04469 0.10056 0.00559 0.08380 0.08380 0.06704 0.00559 0.02793 0.03911 0.06704 0.07263 0.02235 0.02793 0.08380
GNM14366                       0.09497 0.05587 0.03911 0.02235 0.02235 0.03352 0.05028 0.11732 0.00559 0.05028 0.08939 0.08380 0.03352 0.01117 0.03911 0.05028 0.06704 0.01676 0.01676 0.10056
GNM14252                       0.07263 0.05028 0.03352 0.02235 0.02235 0.03911 0.06145 0.11732 0.00559 0.10056 0.09497 0.08380 0.02235 0.01117 0.03911 0.06704 0.06704 0.01676 0.01117 0.06145
GNM13760                       0.07263 0.03911 0.03352 0.02235 0.02235 0.03911 0.06145 0.11732 0.00559 0.10056 0.10056 0.09497 0.01676 0.01117 0.03911 0.07821 0.05587 0.01676 0.01117 0.06145
GNM13982                       0.07821 0.03352 0.03352 0.01676 0.02235 0.02793 0.05587 0.11732 0.01117 0.06704 0.11173 0.10056 0.02235 0.01676 0.03911 0.06704 0.07263 0.02235 0.01117 0.07263
GNM13960                       0.07821 0.03911 0.03352 0.01676 0.02235 0.03352 0.05587 0.11732 0.00559 0.08380 0.08939 0.10056 0.03352 0.01117 0.04469 0.07263 0.06145 0.02235 0.00559 0.07263
GNM14633                       0.07263 0.03911 0.03352 0.01676 0.02235 0.03352 0.05587 0.12291 0.01117 0.07821 0.11173 0.10056 0.02235 0.01676 0.03911 0.05587 0.07821 0.02235 0.00559 0.06145
GNM14853                       0.06704 0.03911 0.03352 0.01676 0.02235 0.02793 0.05587 0.12291 0.01676 0.07821 0.11173 0.10056 0.01676 0.01676 0.03911 0.06704 0.07821 0.02235 0.00559 0.06145
GNM14174                       0.07263 0.05587 0.02793 0.03911 0.02235 0.03911 0.05028 0.12291 0.00559 0.08380 0.07263 0.08380 0.00559 0.02793 0.03911 0.06145 0.03911 0.01676 0.01676 0.11732
GNM14138                       0.06704 0.05587 0.02235 0.02793 0.03352 0.03352 0.07263 0.12291 0.00559 0.08380 0.08939 0.07821 0.01117 0.03352 0.04469 0.06145 0.04469 0.01676 0.00559 0.08939
GNM14055                       0.07821 0.03352 0.03352 0.02235 0.02235 0.03911 0.04469 0.12291 0.00559 0.08939 0.10056 0.10056 0.02793 0.01676 0.03911 0.07821 0.06145 0.02235 0.00559 0.05587
GNM14748                       0.08380 0.03352 0.03352 0.02235 0.02235 0.03911 0.06145 0.11732 0.00559 0.10056 0.08939 0.10056 0.02235 0.02235 0.03911 0.06145 0.06145 0.01676 0.00559 0.06145
GNM14246                       0.06704 0.06704 0.02793 0.03352 0.02793 0.02793 0.06704 0.11732 0.01676 0.07263 0.08939 0.07263 0.01676 0.02793 0.03911 0.05028 0.05028 0.01676 0.01676 0.09497
GNM14640                       0.07263 0.07263 0.02235 0.03352 0.02793 0.03911 0.05028 0.12849 0.00559 0.07821 0.07821 0.07263 0.01676 0.02793 0.04469 0.05587 0.04469 0.01676 0.01117 0.10056
GNM14965                       0.07821 0.04469 0.02793 0.02793 0.01676 0.03911 0.03911 0.11732 0.02235 0.08380 0.06704 0.08939 0.03911 0.02793 0.03911 0.07821 0.06145 0.02235 0.00000 0.07821
GNM13677                       0.06704 0.07821 0.02235 0.03352 0.02235 0.04469 0.06145 0.10615 0.01117 0.04469 0.11732 0.06704 0.00559 0.01117 0.03352 0.05028 0.05028 0.01676 0.01676 0.13966
GNM14339                       0.08939 0.07821 0.02235 0.03352 0.02793 0.03352 0.06704 0.10056 0.01117 0.05587 0.10615 0.05587 0.02235 0.01676 0.02793 0.06145 0.05587 0.01676 0.01676 0.10056
GNM14593                       0.06704 0.04469 0.02793 0.03911 0.01676 0.03352 0.05587 0.11173 0.01117 0.07263 0.08380 0.08380 0.01676 0.01676 0.03911 0.05587 0.07263 0.02235 0.01676 0.11173
GNM13825                       0.06145 0.07263 0.03352 0.02793 0.02793 0.04469 0.06145 0.10615 0.00559 0.08380 0.07821 0.05028 0.02235 0.00559 0.03352 0.06704 0.07263 0.01676 0.03911 0.08939
GNM14768                       0.08380 0.08380 0.02793 0.02235 0.01676 0.02235 0.08380 0.10615 0.01676 0.07821 0.08380 0.05587 0.01117 0.01676 0.03352 0.05028 0.06704 0.01676 0.01117 0.11173
GNM14776                       0.08939 0.08380 0.02793 0.02235 0.01676 0.02235 0.08380 0.10615 0.01676 0.07821 0.08939 0.05587 0.01117 0.01676 0.03352 0.04469 0.06704 0.01676 0.01117 0.10615
GNM14715                       0.10056 0.06704 0.03911 0.03352 0.01117 0.02793 0.06145 0.10615 0.00559 0.03911 0.09497 0.07263 0.01676 0.02235 0.03352 0.05587 0.05587 0.02235 0.01117 0.12291
GNM14639                       0.07263 0.03911 0.01117 0.03352 0.02235 0.01117 0.05028 0.11732 0.01117 0.06145 0.09497 0.10056 0.00559 0.02235 0.03911 0.06704 0.07263 0.02235 0.02235 0.12291
GNM13795                       0.08380 0.03352 0.03352 0.02235 0.02235 0.03911 0.06145 0.11732 0.00559 0.09497 0.08939 0.10056 0.02235 0.01676 0.03911 0.06704 0.06145 0.01676 0.00559 0.06704
GNM14166                       0.06704 0.06145 0.03352 0.02235 0.02235 0.03352 0.05587 0.12291 0.00559 0.07821 0.08939 0.08939 0.01676 0.01117 0.03352 0.05028 0.08939 0.02235 0.02235 0.07263
GNM14450                       0.08427 0.03933 0.05618 0.02809 0.01685 0.02247 0.05618 0.11798 0.01685 0.09551 0.07303 0.08427 0.02247 0.02247 0.03371 0.06180 0.07303 0.02247 0.01124 0.06180
GNM13745                       0.07263 0.02235 0.05028 0.03352 0.01676 0.04469 0.03911 0.11173 0.01117 0.06704 0.08380 0.09497 0.01117 0.02235 0.04469 0.07263 0.06145 0.02793 0.01676 0.09497
GNM14959                       0.06145 0.06704 0.03911 0.03911 0.01676 0.03911 0.04469 0.09497 0.02235 0.07263 0.07263 0.07821 0.00559 0.02793 0.04469 0.05028 0.04469 0.02235 0.01676 0.13966
GNM13413                       0.07821 0.07821 0.03911 0.03911 0.01676 0.01117 0.05587 0.09497 0.01117 0.03911 0.09497 0.08380 0.01117 0.02793 0.04469 0.03352 0.07821 0.01676 0.01676 0.12849
GNM14990                       0.07263 0.03911 0.03352 0.01676 0.02235 0.02793 0.05587 0.12291 0.00559 0.07821 0.09497 0.10615 0.03352 0.01117 0.04469 0.07263 0.06145 0.02235 0.00559 0.07263
GNM15005                       0.07263 0.03911 0.03352 0.01676 0.02235 0.02793 0.05587 0.12291 0.00559 0.08380 0.08939 0.10615 0.03352 0.01117 0.04469 0.07263 0.06145 0.02235 0.00559 0.07263
GNM15013                       0.07263 0.03911 0.03352 0.01676 0.02235 0.03352 0.05587 0.12291 0.00559 0.07821 0.09497 0.10056 0.03352 0.01117 0.04469 0.07263 0.06145 0.02235 0.00559 0.07263
GNM14976                       0.08380 0.03911 0.03911 0.01676 0.02235 0.03911 0.05028 0.11732 0.00559 0.08939 0.08939 0.10056 0.03352 0.01117 0.03352 0.06704 0.06704 0.02235 0.00559 0.06704
GNM15022                       0.07821 0.03911 0.03352 0.01676 0.02235 0.02793 0.05587 0.11732 0.01117 0.08380 0.08939 0.10056 0.03352 0.01117 0.04469 0.07263 0.06145 0.02235 0.00559 0.07263
GNM15018                       0.07821 0.03911 0.03352 0.02235 0.02235 0.03911 0.06145 0.11732 0.00559 0.10056 0.09497 0.09497 0.02235 0.01117 0.03911 0.07263 0.05587 0.01676 0.01117 0.06145
GNM15025                       0.07263 0.05587 0.04469 0.02793 0.02235 0.02793 0.04469 0.11732 0.01117 0.08380 0.10056 0.08380 0.02793 0.01117 0.03911 0.07263 0.06145 0.02235 0.00559 0.06704
GNM15024                       0.07263 0.03911 0.03352 0.02235 0.02235 0.03911 0.06145 0.11732 0.00559 0.10056 0.09497 0.09497 0.02235 0.01117 0.03911 0.07263 0.06145 0.01676 0.01117 0.06145
GNM14980                       0.08553 0.04605 0.03289 0.01316 0.02632 0.03289 0.06579 0.12500 0.00658 0.09211 0.09211 0.08553 0.01974 0.01316 0.03947 0.07237 0.06579 0.01974 0.01316 0.05263
GNM15000                       0.07263 0.03911 0.03352 0.02235 0.02235 0.03911 0.06145 0.11732 0.00559 0.10056 0.09497 0.09497 0.02235 0.01117 0.03911 0.07263 0.06145 0.01676 0.01117 0.06145
GNM15026                       0.07263 0.05587 0.03911 0.02235 0.02235 0.02793 0.04469 0.11732 0.01117 0.07821 0.10056 0.08939 0.02793 0.01117 0.03911 0.07821 0.06145 0.02235 0.00559 0.07263
GNM15027                       0.08427 0.06180 0.02247 0.02247 0.01685 0.02809 0.04494 0.10674 0.00562 0.07303 0.07303 0.06742 0.02809 0.02247 0.05056 0.07865 0.07303 0.02247 0.01685 0.10112
GNM15019                       0.07821 0.03911 0.02793 0.02793 0.02235 0.03352 0.06145 0.12291 0.00559 0.10056 0.08380 0.10056 0.02235 0.01676 0.03911 0.06704 0.06704 0.01676 0.00559 0.06145
GNM15003                       0.08380 0.03911 0.03911 0.01676 0.02235 0.03352 0.05028 0.11732 0.00559 0.08939 0.08939 0.10615 0.03911 0.01117 0.03352 0.06704 0.06704 0.02235 0.00559 0.06145
GNM11003                       0.06145 0.03352 0.03911 0.02793 0.01676 0.02793 0.06145 0.10056 0.00559 0.08939 0.08380 0.11173 0.02235 0.02235 0.03911 0.05028 0.07263 0.01676 0.03352 0.08380
GNM11023                       0.06704 0.09497 0.02793 0.03911 0.01676 0.01676 0.05028 0.10056 0.01117 0.07263 0.07821 0.07263 0.00559 0.03911 0.03911 0.04469 0.07263 0.01676 0.02235 0.11173
GNM11055                       0.07821 0.05028 0.02793 0.04469 0.01676 0.02793 0.04469 0.10615 0.00559 0.05587 0.08380 0.10056 0.01676 0.02793 0.04469 0.05028 0.08380 0.01676 0.01117 0.10615
GNM11146                       0.09497 0.06704 0.04469 0.03352 0.01676 0.03352 0.05587 0.10056 0.00559 0.08939 0.06704 0.06704 0.01117 0.02793 0.04469 0.05028 0.04469 0.02235 0.01676 0.10615
GNM11219                       0.07263 0.07821 0.01676 0.05028 0.02793 0.01676 0.06145 0.11173 0.01117 0.05028 0.10615 0.06145 0.01676 0.03352 0.03352 0.04469 0.06145 0.02235 0.01117 0.11173
GNM11220                       0.06704 0.07821 0.02235 0.03352 0.02793 0.01676 0.05587 0.11173 0.02235 0.06145 0.11173 0.07263 0.01117 0.03352 0.03911 0.05028 0.07263 0.02235 0.00559 0.08380
GNM11222                       0.06704 0.07821 0.02235 0.03911 0.02793 0.03352 0.06145 0.11173 0.01117 0.06704 0.08380 0.06704 0.01117 0.03352 0.03911 0.06704 0.05587 0.01676 0.01117 0.09497
GNM11224                       0.07263 0.08939 0.02235 0.02235 0.02793 0.02235 0.07263 0.11173 0.00559 0.07263 0.10056 0.07263 0.01117 0.03352 0.03911 0.05587 0.05028 0.01676 0.01117 0.08939
GNM11225                       0.06704 0.08380 0.02235 0.02793 0.02235 0.02793 0.06704 0.11173 0.01117 0.08380 0.07821 0.06145 0.01117 0.02793 0.03911 0.06704 0.06704 0.01676 0.01117 0.09497
GNM11358                       0.07263 0.05587 0.05028 0.02235 0.02235 0.03911 0.05028 0.11173 0.01117 0.08380 0.07821 0.07263 0.02793 0.02793 0.03352 0.08939 0.05028 0.02235 0.00559 0.07263
GNM11360                       0.08380 0.03911 0.03352 0.02793 0.02235 0.04469 0.05028 0.11732 0.00559 0.11173 0.09497 0.10056 0.01676 0.01117 0.03911 0.06145 0.06145 0.01676 0.00559 0.05587
GNM11362                       0.07821 0.06704 0.02235 0.02793 0.02235 0.03352 0.05028 0.11173 0.01676 0.06145 0.07821 0.06145 0.03352 0.02235 0.03911 0.05028 0.06704 0.02235 0.01676 0.11732
GNM11367                       0.07821 0.03352 0.03352 0.01676 0.02235 0.02793 0.05587 0.11732 0.01117 0.06704 0.11173 0.10056 0.02235 0.01676 0.03911 0.06704 0.07263 0.02235 0.01117 0.07263
GNM11377                       0.07821 0.04469 0.03911 0.03352 0.01676 0.03911 0.03911 0.11732 0.01676 0.06145 0.08939 0.09497 0.02235 0.02235 0.03352 0.06704 0.06704 0.02235 0.01117 0.08380
GNM11380                       0.06704 0.06145 0.03352 0.02793 0.02235 0.03352 0.05028 0.12291 0.00559 0.07263 0.08939 0.08939 0.01676 0.01117 0.03352 0.05587 0.08939 0.02235 0.02235 0.07263
GNM11383                       0.08939 0.04469 0.04469 0.02235 0.02235 0.03911 0.04469 0.12291 0.00559 0.06145 0.10056 0.09497 0.02793 0.01676 0.03911 0.05587 0.05587 0.02235 0.00559 0.08380
GNM11491                       0.09497 0.05587 0.03352 0.01676 0.02235 0.03911 0.06704 0.12291 0.00559 0.07821 0.10056 0.08380 0.01117 0.01117 0.03911 0.05587 0.06704 0.01117 0.01117 0.07263
GNM11804                       0.09497 0.03911 0.02235 0.02793 0.01676 0.02793 0.06704 0.11173 0.00559 0.05028 0.09497 0.10615 0.01676 0.03352 0.03352 0.04469 0.08380 0.01676 0.00000 0.10615
GNM11805                       0.10056 0.04469 0.04469 0.03911 0.01676 0.03352 0.05587 0.11173 0.01676 0.10056 0.07263 0.08380 0.01676 0.01676 0.03352 0.04469 0.05587 0.01676 0.02793 0.06704
GNM12886                       0.06704 0.03911 0.04469 0.02793 0.01676 0.03352 0.03352 0.11732 0.01676 0.07263 0.07821 0.09497 0.03352 0.02235 0.03352 0.08380 0.06145 0.02235 0.01117 0.08939
GNM13060                       0.08939 0.03911 0.02793 0.03352 0.01676 0.02793 0.04469 0.09497 0.01117 0.08939 0.08939 0.08939 0.02793 0.03352 0.04469 0.05028 0.07821 0.02235 0.01676 0.07263
GNM13061                       0.12291 0.05587 0.01117 0.02793 0.01676 0.03911 0.04469 0.10615 0.01676 0.07263 0.06704 0.06704 0.01676 0.02793 0.04469 0.05028 0.05587 0.02793 0.02793 0.10056
GNM13062                       0.10056 0.06704 0.03911 0.03352 0.01117 0.03352 0.05587 0.10615 0.00559 0.05028 0.09497 0.07263 0.01676 0.02235 0.03352 0.05587 0.05028 0.02235 0.01117 0.11732
GNM13064                       0.05587 0.04469 0.03352 0.03911 0.01676 0.03911 0.03352 0.11732 0.01676 0.06704 0.08380 0.07821 0.01117 0.02235 0.04469 0.08939 0.06145 0.02793 0.01117 0.10615
GNM13066                       0.06145 0.04469 0.03911 0.03911 0.01676 0.03911 0.02793 0.11173 0.01117 0.07263 0.08380 0.07821 0.00559 0.02235 0.04469 0.08939 0.05028 0.02793 0.01676 0.11732
GNM11363                       0.07821 0.06704 0.02235 0.02793 0.02235 0.03352 0.05028 0.11173 0.01676 0.06145 0.07821 0.06145 0.03352 0.02235 0.03911 0.05028 0.06704 0.02235 0.01676 0.11732
GNM11375                       0.06040 0.03356 0.04027 0.01342 0.02685 0.04027 0.06711 0.12752 0.01342 0.11409 0.08054 0.09396 0.01342 0.02013 0.04027 0.07383 0.04027 0.01342 0.01342 0.07383
GNM11381                       0.08939 0.04469 0.03911 0.02235 0.02235 0.04469 0.05028 0.11732 0.00559 0.06145 0.10056 0.09497 0.02793 0.01117 0.03911 0.05587 0.05587 0.02235 0.01117 0.08380
GNM11382                       0.09497 0.04469 0.03352 0.02235 0.02235 0.03352 0.05028 0.12291 0.00559 0.06145 0.10056 0.09497 0.02793 0.01117 0.03911 0.04469 0.07263 0.01676 0.01676 0.08380
GNM11841                       0.07821 0.07821 0.04469 0.06145 0.02235 0.04469 0.08380 0.11732 0.00559 0.04469 0.08939 0.04469 0.01676 0.01676 0.02793 0.04469 0.05587 0.01676 0.00559 0.10056
GNM11931                       0.07821 0.06704 0.02793 0.08380 0.02235 0.03911 0.06145 0.12849 0.01117 0.03911 0.09497 0.05028 0.02235 0.01676 0.03352 0.03911 0.06145 0.01676 0.01117 0.09497
GNM12040                       0.10615 0.07821 0.06704 0.06704 0.00559 0.03911 0.05587 0.10056 0.00000 0.02793 0.10615 0.03352 0.02793 0.01117 0.03352 0.06704 0.06145 0.01676 0.01117 0.08380
GNM12071                       0.11173 0.07263 0.06145 0.06704 0.00559 0.05587 0.07263 0.10056 0.00000 0.04469 0.09497 0.04469 0.01676 0.01117 0.03352 0.05028 0.05028 0.01676 0.01117 0.07821
GNM12125                       0.06111 0.08889 0.03889 0.02778 0.01667 0.02778 0.06111 0.10000 0.00556 0.07222 0.08333 0.06667 0.00556 0.03333 0.04444 0.04444 0.06111 0.01667 0.01667 0.12778
GNM12126                       0.06704 0.07263 0.02793 0.03352 0.01676 0.02235 0.05587 0.09497 0.02235 0.05028 0.08939 0.08380 0.01676 0.02793 0.04469 0.03352 0.08380 0.01676 0.01676 0.12291
GNM12128                       0.07263 0.06145 0.02793 0.03352 0.01676 0.02235 0.06145 0.10056 0.00559 0.09497 0.08939 0.07263 0.02235 0.03352 0.03911 0.04469 0.05587 0.02235 0.00559 0.11732
GNM12182                       0.06704 0.05028 0.02793 0.03352 0.01676 0.02793 0.05028 0.10056 0.01117 0.07263 0.07821 0.08939 0.03352 0.01676 0.03911 0.06704 0.06145 0.01676 0.04469 0.09497
GNM12342                       0.08380 0.06145 0.03352 0.03911 0.02235 0.01117 0.06145 0.11732 0.01117 0.07263 0.07821 0.10615 0.01676 0.01676 0.04469 0.02793 0.06145 0.01676 0.02793 0.08939
GNM12346                       0.08939 0.06145 0.02235 0.03352 0.01676 0.02793 0.06145 0.11732 0.00559 0.05028 0.08380 0.07821 0.03352 0.01676 0.03911 0.03911 0.07821 0.01676 0.02235 0.10615
GNM12351                       0.07821 0.07263 0.03911 0.05587 0.01676 0.03352 0.04469 0.11173 0.00559 0.04469 0.08380 0.07263 0.02793 0.02235 0.03911 0.03911 0.07821 0.01676 0.00559 0.11173
GNM12356                       0.08380 0.05587 0.03352 0.05028 0.02235 0.01676 0.05028 0.11732 0.01117 0.06145 0.09497 0.08380 0.01117 0.02793 0.04469 0.05028 0.06145 0.01676 0.01117 0.09497
GNM12357                       0.10056 0.05587 0.02793 0.04469 0.02235 0.01676 0.05587 0.11732 0.01117 0.04469 0.09497 0.08939 0.02235 0.02235 0.04469 0.04469 0.05028 0.01676 0.01676 0.10056
GNM12366                       0.07821 0.05587 0.02793 0.04469 0.02235 0.01676 0.05587 0.11732 0.01117 0.03911 0.09497 0.08380 0.02235 0.01676 0.04469 0.04469 0.06704 0.01676 0.02235 0.11732
GNM12373                       0.08939 0.05028 0.03911 0.04469 0.02235 0.02793 0.03911 0.12291 0.00559 0.05587 0.06704 0.08380 0.03352 0.02793 0.03352 0.03352 0.07263 0.01676 0.01117 0.12291
GNM12385                       0.07263 0.05028 0.03911 0.04469 0.01676 0.04469 0.04469 0.11732 0.00559 0.07263 0.08380 0.07821 0.02235 0.02235 0.03911 0.03911 0.06704 0.01676 0.01117 0.11173
GNM12551                       0.06704 0.07263 0.02793 0.03911 0.02235 0.02235 0.08380 0.11173 0.01117 0.06704 0.06704 0.08939 0.02235 0.03352 0.03911 0.02235 0.06704 0.02793 0.00000 0.10615
GNM12554                       0.07821 0.06145 0.02793 0.05028 0.01676 0.05028 0.05587 0.11732 0.00559 0.06704 0.06145 0.07821 0.03352 0.03352 0.03911 0.03911 0.06145 0.01676 0.00559 0.10056
GNM12592                       0.05587 0.07821 0.03352 0.03911 0.01676 0.02235 0.04469 0.12849 0.01676 0.06704 0.08380 0.06704 0.02793 0.01676 0.03352 0.04469 0.08380 0.01676 0.02793 0.09497
GNM12596                       0.08939 0.06704 0.03352 0.05028 0.01676 0.03352 0.04469 0.10056 0.00559 0.06704 0.07821 0.07263 0.02235 0.01117 0.04469 0.03911 0.07821 0.01676 0.02235 0.10615
GNM12602                       0.08939 0.06145 0.02793 0.05028 0.01676 0.03352 0.05028 0.10056 0.01117 0.07263 0.07821 0.07263 0.02793 0.01676 0.04469 0.03911 0.07821 0.01676 0.01676 0.09497
GNM12665                       0.08939 0.06704 0.03352 0.05028 0.01676 0.03352 0.04469 0.10056 0.00559 0.06704 0.07821 0.07263 0.02235 0.01117 0.04469 0.03911 0.07821 0.01676 0.02235 0.10615
GNM12745                       0.07821 0.04469 0.03352 0.05587 0.02235 0.03911 0.05587 0.11732 0.01117 0.07821 0.08939 0.07821 0.02793 0.02235 0.03911 0.03911 0.04469 0.01676 0.01117 0.09497
GNM12749                       0.08380 0.06704 0.02793 0.06145 0.01676 0.03911 0.03911 0.11732 0.00559 0.07263 0.07263 0.07263 0.02235 0.02235 0.03911 0.03911 0.06145 0.01676 0.01117 0.11173
GNM12758                       0.06704 0.06704 0.02793 0.05028 0.01676 0.03352 0.06145 0.11732 0.02235 0.08380 0.07263 0.06704 0.01676 0.03352 0.03911 0.03352 0.05587 0.01676 0.00559 0.11173
GNM12763                       0.06704 0.07263 0.02235 0.05028 0.02235 0.01117 0.05587 0.11173 0.01676 0.07821 0.07821 0.10615 0.01676 0.02235 0.03911 0.02235 0.05587 0.01676 0.01117 0.12291
GNM12766                       0.07821 0.06704 0.03352 0.04469 0.02235 0.01117 0.06145 0.11173 0.01117 0.04469 0.08939 0.09497 0.02793 0.02235 0.04469 0.03352 0.05028 0.01676 0.01676 0.11732
GNM12841                       0.09497 0.08939 0.04469 0.06704 0.01117 0.03911 0.06145 0.10615 0.00559 0.03352 0.11173 0.05028 0.02235 0.00559 0.04469 0.03911 0.05587 0.01676 0.01676 0.08380
GNM12849                       0.07263 0.03911 0.03352 0.02793 0.02235 0.04469 0.05028 0.11732 0.00559 0.11732 0.09497 0.10056 0.01676 0.01117 0.03911 0.07263 0.06145 0.01676 0.00559 0.05028
GNM12869                       0.07263 0.03911 0.03352 0.02235 0.02235 0.03911 0.06145 0.11732 0.00559 0.10056 0.09497 0.09497 0.02235 0.01117 0.03911 0.07263 0.06145 0.01676 0.01117 0.06145
GNM12896                       0.06704 0.06145 0.03352 0.02235 0.02235 0.03352 0.05587 0.12291 0.00559 0.07263 0.08939 0.08939 0.01676 0.01117 0.03352 0.05587 0.08939 0.02235 0.02235 0.07263
GNM12897                       0.06704 0.06145 0.03911 0.02235 0.02235 0.03352 0.05587 0.12291 0.00559 0.06704 0.08939 0.08939 0.01676 0.01117 0.03352 0.05028 0.08939 0.02235 0.02235 0.07821
GNM12902                       0.10056 0.05028 0.04469 0.03911 0.01676 0.01676 0.05028 0.11173 0.01676 0.07263 0.08380 0.08939 0.01676 0.01676 0.03911 0.04469 0.06704 0.01676 0.02793 0.07821
GNM12903                       0.08380 0.07263 0.05587 0.02793 0.01676 0.03911 0.06145 0.10056 0.01117 0.06704 0.08380 0.07263 0.01117 0.02235 0.03911 0.02793 0.05587 0.01676 0.01676 0.11732
GNM12906                       0.08380 0.06704 0.05028 0.02793 0.01676 0.03352 0.06145 0.10056 0.01676 0.06145 0.08380 0.07263 0.00559 0.02235 0.03911 0.03352 0.05587 0.01676 0.01676 0.13408
GNM12907                       0.07821 0.06145 0.05587 0.02793 0.01676 0.03911 0.05587 0.10056 0.01117 0.06145 0.10056 0.07821 0.00559 0.02793 0.03911 0.03911 0.06145 0.01676 0.00559 0.11732
GNM12909                       0.07263 0.06704 0.05028 0.02793 0.01676 0.04469 0.06145 0.10056 0.01117 0.07263 0.07821 0.07263 0.00559 0.02235 0.03911 0.03352 0.06145 0.01676 0.01676 0.12849
GNM12915                       0.05587 0.08380 0.03352 0.03352 0.01676 0.03352 0.06704 0.11732 0.01676 0.10056 0.08380 0.07263 0.01117 0.02793 0.03352 0.02793 0.05587 0.01676 0.01676 0.09497
GNM10046                       0.06145 0.08939 0.03352 0.03352 0.01676 0.02793 0.07263 0.11732 0.01676 0.08939 0.07821 0.06704 0.01676 0.02793 0.03352 0.02793 0.05028 0.01676 0.01676 0.10615
GNM12918                       0.06145 0.10056 0.03352 0.03352 0.01676 0.03352 0.06704 0.11732 0.01676 0.10615 0.07821 0.05587 0.01117 0.02793 0.03352 0.02793 0.05028 0.01676 0.01676 0.09497
GNM12931                       0.06704 0.08380 0.03352 0.03911 0.01676 0.01676 0.04469 0.10056 0.00559 0.03911 0.08939 0.08939 0.01117 0.02793 0.04469 0.03911 0.06704 0.01676 0.01676 0.15084
GNM12938                       0.06145 0.05028 0.02793 0.03352 0.01676 0.02793 0.05028 0.09497 0.01117 0.08380 0.09497 0.09497 0.02235 0.02235 0.04469 0.05587 0.06145 0.01676 0.03911 0.08939
GNM12996                       0.06145 0.05028 0.04469 0.03352 0.01676 0.02793 0.04469 0.09497 0.00559 0.07263 0.08380 0.09497 0.01676 0.01676 0.04469 0.05587 0.07821 0.01676 0.03352 0.10615
GNM13018                       0.06145 0.04469 0.02793 0.03911 0.01676 0.02793 0.05028 0.09497 0.00559 0.07263 0.08380 0.10056 0.01676 0.01676 0.04469 0.06145 0.07821 0.01676 0.03352 0.10615
GNM13027                       0.06145 0.02235 0.03352 0.02793 0.01676 0.02793 0.05587 0.09497 0.00559 0.07263 0.07821 0.12291 0.03352 0.01676 0.04469 0.04469 0.07821 0.01676 0.05587 0.08939
GNM13046                       0.08939 0.05587 0.04469 0.01676 0.02235 0.03352 0.05587 0.11732 0.00559 0.06145 0.10615 0.08380 0.02793 0.01117 0.03911 0.06145 0.06704 0.02235 0.01117 0.06704
GNM13053                       0.08380 0.06145 0.01117 0.03352 0.01676 0.01676 0.05587 0.11732 0.01117 0.07821 0.08380 0.07263 0.01676 0.02235 0.03911 0.08939 0.06145 0.02793 0.01117 0.08939
GNM13074                       0.06145 0.07821 0.02793 0.03911 0.01676 0.03352 0.06145 0.11732 0.01676 0.07263 0.07821 0.07821 0.02235 0.02793 0.03352 0.03352 0.05028 0.01676 0.01676 0.11732
GNM10010                       0.06145 0.08939 0.03352 0.03352 0.01676 0.02793 0.07263 0.11732 0.01676 0.08939 0.07821 0.06704 0.01676 0.02793 0.03352 0.03352 0.05028 0.01676 0.01676 0.10056
GNM10014                       0.06145 0.08380 0.03352 0.03352 0.01676 0.02793 0.07263 0.11732 0.01676 0.08939 0.07821 0.07263 0.01676 0.02793 0.03352 0.02793 0.05587 0.01676 0.01676 0.10056
GNM13090                       0.06145 0.08380 0.03352 0.03352 0.01676 0.03352 0.06704 0.11732 0.01676 0.08939 0.07821 0.06704 0.02235 0.02793 0.03352 0.03352 0.05028 0.01676 0.01676 0.10056
GNM13118                       0.06704 0.06145 0.02235 0.02793 0.01676 0.03352 0.07263 0.10615 0.01117 0.07263 0.07821 0.08380 0.01676 0.01676 0.03911 0.06704 0.05028 0.01676 0.01676 0.12291
GNM13126                       0.08939 0.06704 0.02793 0.03352 0.01676 0.02235 0.05028 0.11732 0.01117 0.07263 0.09497 0.07821 0.02235 0.01117 0.03911 0.05028 0.06704 0.01676 0.03352 0.07821
GNM13128                       0.08939 0.06704 0.02793 0.03352 0.01676 0.01676 0.06145 0.10615 0.01117 0.08939 0.08939 0.08380 0.02235 0.01117 0.03911 0.04469 0.07263 0.01676 0.03352 0.06704
GNM13208                       0.08939 0.07263 0.04469 0.03352 0.01676 0.05028 0.05587 0.09497 0.00559 0.07821 0.10056 0.06704 0.00000 0.01676 0.03911 0.03911 0.06704 0.01676 0.01676 0.09497
GNM13210                       0.07821 0.07821 0.03911 0.03911 0.01676 0.01117 0.05028 0.10615 0.00559 0.06145 0.07821 0.08380 0.01676 0.02793 0.04469 0.04469 0.07821 0.01676 0.01676 0.10615
GNM12773                       0.07263 0.06145 0.02235 0.03352 0.02235 0.02793 0.06145 0.11173 0.01117 0.08380 0.08939 0.07821 0.00000 0.02235 0.04469 0.08380 0.04469 0.01676 0.01117 0.10056
GNM12769                       0.05587 0.05028 0.03911 0.02793 0.03352 0.03911 0.05587 0.12849 0.01117 0.06704 0.08939 0.08380 0.01117 0.03352 0.03911 0.05587 0.06145 0.01676 0.01117 0.08939
GNM12768                       0.12838 0.10135 0.04730 0.02703 0.01351 0.00676 0.06757 0.12162 0.02027 0.06081 0.06081 0.05405 0.02703 0.02027 0.02027 0.06081 0.05405 0.00676 0.00000 0.10135

Homogeneity statistic: X2 = 8.54829 G = 8.63878 

Average                        0.07746 0.05780 0.03408 0.03268 0.01992 0.03203 0.05583 0.11252 0.00987 0.07343 0.08789 0.08209 0.01977 0.02023 0.03882 0.05560 0.06319 0.01917 0.01461 0.09302
(Ambiguity characters are used to calculate freqs.)


# constant sites:      1 (0.56%)

TREE #  1:  ((((((((46, 145), 130), (62, 94)), 95), 96), (((132, 133), (97, 61)), (131, 134))), ((((((124, 123), 126), 125), 144), (64, 45)), 141)), ((((((((((((((((((47, 48), ((49, 51), 23)), 50), 60), (53, 57)), 28), ((73, 22), (25, 24))), ((((((((56, 54), 55), 52), 119), (20, 7)), (((59, (29, 41)), (8, 6)), (87, 21))), ((11, 71), 118)), 77)), 135), (((88, 76), 19), 89)), (((120, 75), 121), 42)), ((((80, 5), (74, 14)), 32), (15, 70))), 43), (86, 72)), ((((84, 85), 44), (16, 136)), (((39, 83), 13), 58))), ((((1, 81), 82), (9, 2)), 40)), ((((37, 38), (3, 35)), (4, 33)), ((12, 36), 34))), (((((((27, 31), 30), (146, 26)), (68, 69)), 65), ((147, 67), 148)), ((18, 17), 66))), (((((((((((111, 109), 110), 100), 108), 99), (((107, 105), 113), 104)), ((((92, 10), 93), (90, 117)), 91)), (63, 78)), ((143, 142), (79, 122))), ((((((103, 102), 101), 116), 98), ((112, 114), 115)), 106)), ((((138, 139), 140), 137), ((129, 127), 128))));   MP score: -1
lnL(ntime:293  np:294): -15227.602520      +0.000000
 149..150 150..151 151..152 152..153 153..154 154..155 155..156 156..46  156..145 155..130 154..157 157..62  157..94  153..95  152..96  151..158 158..159 159..160 160..132 160..133 159..161 161..97  161..61  158..162 162..131 162..134 150..163 163..164 164..165 165..166 166..167 167..168 168..124 168..123 167..126 166..125 165..144 164..169 169..64  169..45  163..141 149..170 170..171 171..172 172..173 173..174 174..175 175..176 176..177 177..178 178..179 179..180 180..181 181..182 182..183 183..184 184..185 185..186 186..187 187..47  187..48  186..188 188..189 189..49  189..51  188..23  185..50  184..60  183..190 190..53  190..57  182..28  181..191 191..192 192..73  192..22  191..193 193..25  193..24  180..194 194..195 195..196 196..197 197..198 198..199 199..200 200..201 201..56  201..54  200..55  199..52  198..119 197..202 202..20  202..7   196..203 203..204 204..205 205..59  205..206 206..29  206..41  204..207 207..8   207..6   203..208 208..87  208..21  195..209 209..210 210..11  210..71  209..118 194..77  179..135 178..211 211..212 212..213 213..88  213..76  212..19  211..89  177..214 214..215 215..216 216..120 216..75  215..121 214..42  176..217 217..218 218..219 219..220 220..80  220..5   219..221 221..74  221..14  218..32  217..222 222..15  222..70  175..43  174..223 223..86  223..72  173..224 224..225 225..226 226..227 227..84  227..85  226..44  225..228 228..16  228..136 224..229 229..230 230..231 231..39  231..83  230..13  229..58  172..232 232..233 233..234 234..235 235..1   235..81  234..82  233..236 236..9   236..2   232..40  171..237 237..238 238..239 239..240 240..37  240..38  239..241 241..3   241..35  238..242 242..4   242..33  237..243 243..244 244..12  244..36  243..34  170..245 245..246 246..247 247..248 248..249 249..250 250..251 251..27  251..31  250..30  249..252 252..146 252..26  248..253 253..68  253..69  247..65  246..254 254..255 255..147 255..67  254..148 245..256 256..257 257..18  257..17  256..66  149..258 258..259 259..260 260..261 261..262 262..263 263..264 264..265 265..266 266..267 267..268 268..111 268..109 267..110 266..100 265..108 264..99  263..269 269..270 270..271 271..107 271..105 270..113 269..104 262..272 272..273 273..274 274..275 275..92  275..10  274..93  273..276 276..90  276..117 272..91  261..277 277..63  277..78  260..278 278..279 279..143 279..142 278..280 280..79  280..122 259..281 281..282 282..283 283..284 284..285 285..286 286..103 286..102 285..101 284..116 283..98  282..287 287..288 288..112 288..114 287..115 281..106 258..289 289..290 290..291 291..292 292..138 292..139 291..140 290..137 289..293 293..294 294..129 294..127 293..128
 0.056440 0.070085 0.056155 0.100513 0.000000 0.166373 0.048530 0.105164 0.071385 0.096224 0.026126 0.130583 0.174481 0.156556 0.195278 0.263425 0.000000 0.104089 0.020184 0.004023 0.060015 0.158637 0.062410 0.047374 0.142057 0.050949 0.062690 0.017438 0.105206 0.091019 0.023608 0.012722 0.047758 0.019163 0.040878 0.050349 0.081851 0.030960 0.206320 0.183928 0.259046 0.150253 0.000000 0.293202 0.040252 0.062031 0.102439 0.059991 0.199148 0.095454 0.031791 0.021709 0.012334 0.019790 0.054207 0.058680 0.009731 0.028844 0.017400 0.000000 0.017384 0.000000 0.000000 0.011518 0.005730 0.000000 0.000000 0.007447 0.030578 0.024653 0.029058 0.091484 0.075555 0.083320 0.000000 0.000000 0.000000 0.029566 0.012756 0.063827 0.043297 0.034085 0.000000 0.000000 0.000000 0.000000 0.000000 0.000000 0.000000 0.000000 0.005756 0.000000 0.000000 0.017419 0.011509 0.011520 0.015895 0.030541 0.053212 0.007804 0.011590 0.000000 0.000000 0.024676 0.040530 0.005839 0.059616 0.000000 0.043581 0.012480 0.000000 0.000000 0.004762 0.100931 0.061940 0.066038 0.013389 0.029845 0.016688 0.013249 0.037890 0.019385 0.077300 0.011935 0.005918 0.000000 0.005896 0.011933 0.000000 0.064215 0.006345 0.033912 0.024002 0.020698 0.019727 0.054158 0.011797 0.000000 0.104024 0.107141 0.000000 0.016932 0.134104 0.196723 0.000000 0.000000 0.020726 0.079963 0.222802 0.120411 0.029241 0.026138 0.149707 0.068825 0.140537 0.168581 0.097926 0.214164 0.019086 0.030269 0.006595 0.042472 0.182965 0.026771 0.110128 0.212857 0.116800 0.035088 0.007473 0.181737 0.161482 0.000000 0.000000 0.307932 0.198982 0.023763 0.090199 0.117386 0.004779 0.007063 0.060583 0.086654 0.063273 0.259207 0.000000 0.012218 0.064593 0.172010 0.019550 0.028768 0.206292 0.032139 0.030129 0.025913 0.174578 0.058247 0.013569 0.006294 0.118540 0.108940 0.093678 0.122750 0.089602 0.080709 0.063219 0.074630 0.149754 0.253078 0.000000 0.043989 0.353163 0.239187 2.057840 0.124372 0.276996 0.000000 0.000000 0.274646 0.118848 0.085138 0.060140 0.040229 0.045890 0.000000 0.067278 0.066097 0.053147 0.114177 0.000000 0.000000 0.000000 0.035769 0.133926 0.210253 0.199661 0.148370 0.017424 0.008895 0.131878 0.108370 0.113159 0.239513 0.263202 0.000000 0.199400 0.030477 0.088422 0.064643 0.054847 0.007574 0.128511 0.192086 0.138809 0.180193 0.083184 0.096765 0.448367 0.111553 0.030822 0.059574 0.090851 0.145121 0.013946 0.067376 0.022273 0.145906 0.039815 0.085933 0.064352 0.017545 0.026540 0.063825 0.039224 0.118085 0.121409 0.129826 0.176151 0.094281 0.034992 0.165761 0.307181 0.015786 0.012236 0.024019 0.000000 0.011886 0.000000 0.042536 0.016664 0.018195 0.008399 0.021739 0.017478 1.150071
