
Printing out site pattern counts


       125        213  P

GNM13746                        ---AAAAAAA AAAAAAAAAA CDDDDDDDDD DEEEEEEEEE EEFFFFGGGG GGGGGGGGGG GGHHHHHHHH IIIIIIIIII IIIIIIIIII IKKKKKKKKK KKKLLLLLLL LLLLLLLLLL LLLMMMMMNN NNNNNNNPPP PPPPPQQQRR RRRRRSSSSS SSSSSSSTTT TTTTVVVVVV VVVVVVVVVV VWWYYYYYYY YYYYYYYYYY YYY
GNM13538                        ---AAAAAAA AAAAAAFGSV CDDDDDDDEM NDEEEEHIKK MRFFFFAAGG GGGGGGGGGG GSHHHHHHVY IIIIIIIIII IKLLLMSVVV VEEKKLQRRS SSTAAAAFFF IIILLLLLLM RVVMMMMQDE KNRSSSTEGP PPPPPQQSAE FQRRRAKSSS SSSSSSSAGL TTTVAAAELM NNTVVVVVVV YWWAAFFFFF KPQTTTVYYY YYY
GNM13671                        ---AAAAAAA ASSSSSKGGV CDDDDDESGD DSEEEEEVES VRFFIVAKGG GGGGGGGGGG KLHHHHHHEY IIIIILLLLL VIILLIAFIL VDEKKLNIKE KSEAILVFFL ILLLLLLLLD RIVLLMMQDV KNRHRTTSDP PPPPPQQEGR LKRRRAKDSS SSSSSSTLTS STTSAAALVV RSVIPVVVVV VIWAAFYYYY KPILMVIYYY YYY
GNM13876                        ---AAAAAAA AAACSSRGGV CDDDDDEYVD DSEEEEEVER MEFFIVARGG GGGGGGGGGG GVHHHHHHTQ IIIIVCFLLL VLIIMFAFVV VERKKVRLET KQEAILLFLL FIPLLLVVYD KIVLLIMQDL KNARRTTEVA PPPPPQQEAE LKGRRAKTAC GSSSSSTNGE TTTEAAVVIL RSTIAVVVVV VSWAGFYYYY YPYLLTHLYY YYY
GNM13680                        ---AAAAAAL SAAAAAAGGI CDDDDNNDTD DRDEEGDEEA VNFFFVGVGG GGGGGGGGGG GFHHHHHNVY IIILIIIILV MEVILTALII VKRKKTASRE KREAALMFFL VLYLLLLVYS NVVFMLAQDH KNERASTPWA PPPPPQQEAE LRARRAESSV SACSSSSVTL STTSGTAYLI KSIVIVVVVV VSWASFFYYY TAMILTLYYY YYY
GNM14837                        ---AAAAACL SAVAASPGSM CDDDDDEETD RDDEEKDKSK VNFFFVGKGG GGGGGGGGGG GYHHHHHHIY IIVLIIIIIF IAVIIFAVIV TENQQIEMKE SQEATSTFFL ILFLLLLLMA NIVIMLAQEH KNRKDKTPDA PPPPPQQMAR IKQQRCEAAI KSSSSSSRSL TTTSGSAMVI ICVIIVVVVV VSWASMYEFY TPQVITKYYY YYY
GNM14249                        ---AAAATCL SAVAASPGSM CDDDDDEETD KSDEEEDEAK VNFFFVGKGG GGGGGGGGGG GFHHHHHHIY IIILIIIIII IAIIIYAIIV TEEEQIKLRE SKQATATFFL ILYLLLLLKD KIVILLAQNY KNQKEKTPDA PPPPPQQLAM MSSKRCESAI SSSSSSSRQL TTTSGSAKVT ICIVVVVVVV VSWAAMYSFY TPQIMMKYYY YYY
GNM13928                        ---AAAAACL GAVAASPGSM CDDDDDEETD RDDEKQDQAK VNFFFAGKGG GGGGGGGGGG GYHHHHHHIY IIVLVIIIII IAVVIFAIIV TEESQIEMKE SQEATSAFFL ILYLLMLLKA KIAIMLAQNH KNKKEKTPDA PPPPPQQMAY MQQQRCESAI ESSSSSSRSL TTTSGSAMVM ICVIIVVVVV VSWAYMYEFY TPQIITRYYY YYY
GNM13297                        ---AAAAAAA AAAAAAFGSV CDDDDDDDEM NDEEEEHIKK MRFFFFAAGG GGGGGGGGGG GSHHHHHHVY IIIIIIIIII IKLLLMSVVV VEEKKLQRRS SSTAAAAFFF IIILLLLLLM RVVMMMMQDE KNRSSSTEGP PPPPPQQSAE FQRRRAKSSS SSSSSSSAGL TTTVAAAELM NNTVVVVVVV YWWAAFFFFF KPQTTTVYYY YYY
GNM13455                        ---AAAGACL GAAAASPGSI CDDDDDNETD DSEEEEQQEA ASFFFFGIGG GGGGGGGGGG GFHHHHHHIY IIILIIIIII IAIIIIAIII IEKEQITKKE KRNATTTFFL VLFLLLLLYN EIVVMLAQDH KNEKKSTSSA PPPPPQQEAN LEDRRCESSV SSSSSSSITL STTSGSAILI ICIVIVVVVV VSWAAIFEWY TPMVMVKYYY YYY
GNM14483                        ---AAAAAAL AAAAAAQASI CDDDDDPTED QDEEEKTEHA EEFVFIARAG GGGGGGGGGG GEHHHHHHVY IVVLVLIILV IAILLISVVL VNRRKVRFEE KPKATAVLFL VLVLLLLLLF AVVFMLAQDR RNSNRSTPGA APPPPQQRAD MESMRSESSS NRSSSSSITK TTTEGTARVI LSTVVMVVVV TRWLVFYQYF NPSVVTLYYY YYY
GNM14872                        ---AAAAAAL SAAAAAAGGI CDDDDNDDTD DDDEDEDEAN TKFFFVGIGG GGGGGGGGGG GFHHHHHNVY MVILIVIILI MEVILIAIVI VKRQKTPIRE KTDATWILFL VLYLLLLVYM NVVFMLAQDH KNQKTSTPGA PPPPPQQQTE LEARRAESSI DACSSSSITL STTSGSAFVI KCVVIVVVVV VSWAAFFSYY TAMIITMYYY YYY
GNM13855                        ---GNSSMAV AASSSSEGAI CDDNNHSRSD SDDEEDRNLN KKFLMFSISG GGGGGGGGSS GFFHHHHFEH AIIITMILLI IQHLLCVIIL ASKKIIEKDI KKSFVMTLFL LVLILVLLAN MIILIQIQNC KDNKSPTPGC HPPPSQQKTE MRQIRSSKSL TSVSSSSKDL ITTDASCILL IVSIIVFTVV IKWNSFYSKY KIVFVTYYYY YYY
GNM14445                        ---AMAAAAL SAASAAAGAI CDDDDDNDKD NDDEIEEEAS TNFFFVGIGG GGGGGGGGGG GSHHHHHNTY IILLIIIILL IKVLIISAII VDSEKVRKER KKDAVAVFYF FLFLLLLLYI NIVQMMAQNV KNKKSSTPSA PPPPPQQKAE LKGQRVDASI SSCSSSSAAL STTSGTAVLI VVVVILVVVV VIWAAFYYWY KPQAQTLYYY YYY
GNM14404                        ---AAAAASA AAYASAAGGV CDDDDDDDSD YDEEDAEERR MEWFVIGAGG GGGGGGGGGG GYHHHHHIVY IIVLIIIILL LLIIIISVII IDDEKSKYRE GKSAILMFFL IVLLLLLVGL KVVVIMMRDV RNKAKSTPAP PPPPPQQSAE LEKFRCGASC SASSSSTMTL STTTAVAKLF VSIIIVVIVV VKWASFYYTP RPSLVTKYLY YYY
GNM14545                        ---AAAAASA AAYASAAGGV CDDDDDDDSD YDEEDAEERR MEWFVIGAGG GGGGGGGGGG GYHHHHHIVY IIVLIIIILL LLIIIISVII IDDEKSKYRE GKSAILMFFL IVLLLLLVGL KVVVIMMRDV RNKAKSTPAP PPPPPQQSAE LEKFRCGASC SASSSSTMTL STTTAVAKLF VSIIIVVIVV VKWASFYYTP RPSLVTKYLY YYY
GNM14366                        ---AAAGATL AAAAASPGSI CDDDSDFERD RDEEEKEAAK MRFFFAGVGG GGGGGGGGGG GFHHHHHHVY IIIILIIIVI IAVIIMAIIV IENEQITYEM KTNATATFFL LLFLLLLLEN EIVIMIAQDH KNEKECTPQA PPPPPQQNAE MRDRRCDSSC DSSSSSSLAL SSTSAAALV- VCVVIVVVVV VTWAAMFYWY KPMAVFRYYY YYY
GNM14252                        ---AAAASCL GAVAASPGSM CDDDDDEERD RSDEEEDEAK VDFFFVGKGG GGGGGGGGGG GLHHHHHHIY IIVIVIIIII IAIIIYAIII TEEEQIKLKE SKQATSVFFL LLFLLLLLKD KVVIMLAQDH KNEKERTPDA PPPPPQQSAM MSSRRCESAI SSSSSSSLML TTTSGSAKVL ICVVVVVVVV VSWAAMYSFY TPQIMMKYYY YYY
GNM13960                        ---ASAGACL AAAAASPGSI CDDDDDSETD NEEEKEKKSM VSFMFAGIGG GGGGGGGGGG GFHHHHHHIY IVIIIIIIII IAVLLIALII VEEEQLTQEK KKKASSTFFL TLYLLLLLYA EIVLMLAQDH KNLKKQTPNA PPPPPQQLAY LKKKRCESSS AQSSSSSISL TTTSGSATVT VCIVIVVVVV ISWAAMFEYY KPTVLTRFYY YYY
GNM14174                        ---AAA--A- --TAAA-GA- --D--DDD-- -DEESQERE- MKFF-AG-G- ----GGGGGG -VH-HHHK-- -V-IY-F-LL I--I-LAVV- V--E--RL-- -K--LI---L L-IL---IYM -VLI-F-Q-- -NNK-S-EA- PPPPPQQDA- ---FR-AA-C --S--S-Q-- -T-S---VVL VC-IIVQV-- -RW--FYYT- -AAL-S-Y-- -FY
GNM14246                        ---AAAAKAA AVASATAGSV CDDDDDDDKD NDEEEQERHK MLFFFVGSGG GGGGGGGGGG GSHHHHHHTY VIIIIIFILL IMIIMLAIVV VDAEKARLRQ CKKAITVMFL FVVLLLLVYM AVLIIFAQDE KNNSKSTAAP PPPPPQQDAE LRSRRAIASS SASSSSTLTL STTTAAARVL VCVIVVQVVV TAWASFYYYY LPGLLSYYYY YYY
GNM14965                        ---AAAGAAL AAAAAAAGGI CDDDDDDDTD NDDEVREEER VEFFFVGIGG GGGGGGGGGG GLHHHHHNTY IIILIILILT MEVILISLVI VEREKSAKKE RKDATLIFFL ILYLLLLVYM SILFMMAQDH KNSRSTTPGA PPPPPQQQVE LRTRRAESSI KNCSSSSIVL STTTGSASII RSIIIVVVVV TSWSAFYYYY TAVILTLYYY YYY
GNM13677                        ---AAAAAAA AAACSSRGGV CDDDDDEYVD DSEEEEEVER MEFFIVARGG GGGGGGGGGG GVHHHHHHTQ IIIIVLFLLL VLIIMFAFVV VERKKVRLET KQEAILLFLL FIPLLLVVYD KIVLLIMQDL KNGRRTTEVA PPPPPQQEAE LKRRRAKTAC GSSSSSTNGE TTTEAAVVIL RSTIAVVVVV VAWAGFYYYY YPYLLTHFYY YYY
GNM14339                        ---AAAAAAV AGAASSKGGV CDDDDDESTD GSEEERHVLR MEFIFVAAGG GGGGGGGGGG GLHHHHHHWY IIVIEILILA VPALILVIVL VEDERAYIKR KRKYILIFFL VMMLLKLVHN LIVMMMLQDV RNRPETTEEA PPPPPQQESR LRTYRAESSC SSSSSSSLSL TTTSPAAQVV KSTIPVVVVV EVWYAFYYHY RPYLLSRYYY YYY
GNM14593                        ---AAAAAAA AIAASSKGGV CDDDDDESRD DSEEEYQVLS MEFFIIAKGG GGGGGGGGGG GFHHHHHHEY IIIIIIIIIL IVILLISFIL VEEEKLRLEQ KKEAILIFLL VILLLLLLFD RIVLMMMQDV RNKCRVTEDP PPPPPQQEAR LKRRRSEASC TSSSSSTLTT STTYASALVI RSVVPVVVVV VSWAAFYYYY KPLLMTLYYY YYY
GNM13825                        ---AAAAAAV AAAASSRGGI CDDDDDESAD ESEEEVEIEM MRFFFVVAGG GGGGGGGNGG GLHHHHHHEY IIIIIIFIVL VPALVVAFVL VERERASRKR KREYVLVFFL VMPLLKLVLD RVVLMMLQDV RNAAETTEDA PPPPPQQEAE LRRRRSESSC SSSSSSSLSL TTTRAAAEVV RSVVPVVVVV ESWYAFYFYY RPYLVTRYYY YYY
GNM14768                        ---ASAAAAA AAAASSRGAV CDDDDDESHD DSEEEERAQS MEFFIAAKGG GGGGGGGGGG GIHHHHHHHY IVIIVVLLLL LIILLVAFII VEEPKIRIQE KKEAILVMLL LISLLIVVAD RIVLLMMQDS RNMRSTTPPP PPPPPQQEAL LREHRCEDAC SSSSSSSLSR STTTAAAVVV RSIIPIVVVV AEWAAFYYYY YPMLATHYYY YYY
GNM14776                        ---ASAAAAA AAAASSKGAV CDDDDDESHD DSEEEERAQS MEFFIAAKGG GGGGGGGGGG GIHHHHHHHY IIIIVVLLLL LIILLVAFII VEEPKIRIQE KKEAILVMLL LISLLIVVAD RIVLLMMQDC RNMRSTTPPP PPPPPQQEAL LREHRCEDAC SSSSSSSLSR STTTAAAMVV RSIIPIVVVV AEWAAFYYYY YPMLATHYYY YYY
GNM14715                        ---ASAAAAL GAAASAEASI CDDDDDPATD GDEEDEAVHM VSFVFAARGG GGGGGGGGGG GEHHHHHHLY VVVIILFLLV LAVLL-AAVL VGRRKIKQRE APRATAVLFL VLVLLLLLHF SVVVMLAQDK RNAGKGTPGA PPPPPQQRAE MESLRAGSAS VQSSSSSLSL TTTEPTAEVL VSTVIMVVVV VMWLAFYKYY NPQVVTLYYY YYY
GNM14639                        ---ASAAMAL AAAASSYAGI CDDDDDDDTD NDEEHQEAIS EKFFFAGVGG GGGGGGGGGG NFHHHHHKTY IIVIVIIILL ITVLIIAIIL VSNKKIRKGR SKNISGLFFL LLILVLLISE NVILMMAQDQ KNKKKSTPIP APPPPQQNIY LKDYRSDKSC DQSSSSSMIE TTTISVALVL ISVVIVVVVV CAWMLFFYRF YYTIIFMYYY YYY
GNM14166                        ---AAAGAAL AAATASAGSI CDDDDDSETD QSDENEERAK EKFFFVGAGG GGGGGGGGGG GFHHHHHNIY VLILIIIILI ISVIISAIII IEEEQITYKI KKKATNTFFL ILILNLLLYD EIVLMLAQDH KNIKSRTPNA PPPPPQQDSQ LAKRRCESSI SSCSSSSITV STTAASARII VCIVIIVVVV ITWAAMYEWY KPMVMAKYYY YYY
GNM14450                        ---ASAAAAL GAAAAAAGSI CDDDKDNDKD QDDEENDEAN TKFFFIGIGG GGGGGGGGGG GNHHHHHHIY IIILIIIILS MEIVLIAVVI VKRSKIKKKE KKEATSVFYL ILILLLLLYM IIIYMMAQDH KNENESTPGA PPPPPQQLVK IKTVRANSSI DSCSSSSWTL STTTGSATVI VCIIIIVVVV VSWAAMYYYY KPLMLTLYYY YYY
GNM14959                        ---AAAAAAA AAAAAAPGSI CDDDYDVEKD DTEEEEDEEM INFVFFIAGG GGGGGGGGGG GYFHHHHMVH VIVLIIIILI LKVLYYALII VDREKVKKNV RKETIIAWFL VIPILLLVAR RIVPIIAQDT KNKARATEPA PPPPPQQTAE LEDQRAEYSI LESSSSSWSL STNSVTTRLI VVTIVLVVTV VAWVAFFYYY TPAVVVYYFY YYY
GNM13413                        ---AAAAAAA AMVASAEAAI CDDDDDEE-D DTEEDGDEDM IEFVFIGKGG GGGGGGGGGG GYHHHHHHEH IVLVMIIILM IAIIIVAAVI VNRTKVTPKL KRRYVVLFFI LMIILLLVYV MVVFIIIHDV RNENKRTPIG APPPTAQDAL LRNERTEASV SHSSSSSRSL STNGATTRLL RVTVILVVVV TLWGRFYYTP RPYYIIDYYY YYY
GNM14971                        ---ASAGACL AAAAASPGSI CDDDDDSETD NEEEKEKESM VSFMFAGIGG GGGGGGGGGG GFHHHHHHIY IVIIIIIIII IAVLLIALII VEEEQLTQEK KKKASSTFFL TLYLLLLLYA EIVLMLAQDH KNLKKQTPNA PPPPPQQLAH LKKKRCESSS SSSSSSSISL TTTSGSATVT VCIVIVVVVV VSWAAMFEYF KPTVLTRFYY YYY
GNM14990                        ---ASAGACL AAAAASPGSI CDDDDDSETD NEEEKEKKSM VSFMFAGIGG GGGGGGRGGG GFHHHHHHVY IVIIIIIIII IAVLLIALII VEEEQLTQEK KKKASSTFFL TLYLLLLLYA EIVLMLAQDH KNLKKQTPNA PPPPPQQLAH LKKKRCESSS SSSSSSSISL TTTSGSATVI ICIVIVVVVV VSWAAMFEYF KPTVLTRFYY YYY
GNM15005                        ---ASAGACL AAAAASPGSI CDDDDDSETD NEEEKEKKSM VSFMFAGIGG GGGGGGGGGG GFHHHHHHVY IVIIIIIIII IAVLLIALII VEEEQLTQEK KKKASSTFFL TLYLLLLLYA EIVLMLAQDH KNLKKQTPNA PPPPPQQLAH LKKKRCESSS SSSSSSSISL TTTSGSATVI ICIVIVVVVV VSWAAMFEYF KPTVLTRFYY YYY
GNM14992                        ---ASAGACL AAAAASPGSI CDDDDDSETD NEEEKEKESM VSFMFAGIGG GGGGGGGGGG GFHHHHHHIY IIIIIIIIII IAVLLIALII VEEEQLTQEK KKKASSTFFL TLYLLLLLYA EIVLMLAQDY KNLKKQTPNA PPPPPQQLAY LKKKRCESSS SSSSSSSISL TTTSGSATVT VCIVIVVVVV VSWAAMFEYF KPTVLTRFYY YYY
GNM15014                        ---ASAGACL AAAAASPGSI CDDDDDSESD NEEEKEQESM VSFMFAGIGG GGGGGGGGGG GFHHHHHHVY IVIIIIIIII IAVLLIALII VEEEQLTQEK KKKASSTFFL TLYLLLLLYA EIVLMLAQDH KNLKKQTPNA PPPPPQQLAY LKKKRCESSS SSSSSSSISL TTTSGSATVT VCIVIVVVVV VSWAAMFEYF KPTVLTRFYY YYY
GNM14999                        ---ASAGACL AAAAASPGSI CDDDDDSETD NEEEKEKKAM VSFMFAGIGG GGGGGGGGGG GFHHHHHNVY IVIIIIIIII IAVLLIALII VEEEQLTQEK KKKASSTFFL TLYLLLLLYT EIVLMLAQDH KNLKKQTPNA PPPPPQQLAY LKKKRCESSS SSSSSSSISL TTTSGSATVT VCIVIVVVVV ISWAAMFEYF KPTVLTRFYY YYY
GNM15018                        ---AAAAACL GAVAASPGSM CDDDDDEETD GGDEEEDEAK INFFFVGKGG GGGGGGGGGG GFHHHHHHVY IIVLVIIIII IAVIIYAIIV TEDEQIKLRE SKDATATFFL VLYLLLLLKE KIVIILAQDH KNKKERTPDA PPPPPQQLAM MSQRRCESAI SRSSSSSLQL TTTSGSARVM ICVVIVVVVV VSWAALYSFY TPQVMIRYYY YYY
GNM15024                        ---AAAAACL GAVAASPGSM CDDDDDEETD GGDEEEDEAK INFFFVGKGG GGGGGGGGGG GFHHHHHHVY IIVLVIIIII IAVIIYAIIV TEDEQIKLRE SKDATATFFL VLYLLLLLKE KIVIILAQDH KNKKERTPDA PPPPPQQLAM MSQRRCESAI SRSSSSSLQL TTTSGSARVM ICVVIVVVVV VSWAALYSFY TPQVMIRYYY YYY
GNM14980                        ---AAAAACL GAVAASPGSM CDDDDDEETD GGDEEEDEAK INFFFVGKGG GGGGGGGGGG GFHHHHHHVY IIVLVIIIII IAVIIYAIIV TEDEQIKLRE SKDATATFFL VLYLLLLLKE KIVIILAQDH KNKKERTPDA PPPPPQQLAM MSQRRCESAI SRSSSSSLQL TTTSGSARVM ICVVIVVVVV VSWAALYSFY TPQVMIRYYY YYY
GNM15026                        ---ASAGACL AAAAASPGSI CDDDDDSETD KEEEQENKSL VTFMFAGIGG GGGGGGEGGG GFHHHHHHTY IVIIVIIIII IAVLLIALII VDEEQITQKK KKKASSIFFL TLYLLLLLYN EIILMLAQDH KNLKKQTPNA PPPPPQQLAY LRKKRCESSS SSSSSSSISL TTTSGSATVT VCVVIVVVVV ISWAAMFEYF KPTVITRFYY YYY
GNM15001                        ---AAAAACL GAVAASPGSM CDDDDDEETD GGDEEEDEAK VNFFFVGKGG GGGGGGGGGG GFHHHHHHVY IIVLVIIIII IAVIIFAIIV TEDEQIKLRE SKEATATFFL LLFLLLLLKE KIVIILAQDH KNKKERTPDA PPPPPQQWAM MSQRRCESAI SRSSSSSLQL TTTSGSAKVM ICVVVVVVVV VSWAALYSFY TPQIMIRYYY YYY
GNM15028                        ---ASAGACL AAAAASPGSI CDDDDDSEAD NEEEKEKKSM VSFMFAGIGG GGGGGGGGGG GFHHHHHHIY IVIIIIIIII IAVLLIALII VEEEQLTQEK KKKASSTFFL ILYLLLLLYA EIVLMLAQDH KNLKKQTPNA PPPPPQQLAY LKKKRCESSS SSSSSSSISL TTTSGSATVT VCIVIVVVVV VSWAAMFEYF KPTVLTRFYY YYY
GNM15003                        ---ASAGACL AAAAASPGSI CDDDDDSETD NEEEKEKKSM VSFMFAGIGG GGGGGGGGGG GFHHHHHHIY IVIIIIIIII IAVLLIALII VEEEQLTQEK KKKASSTFFL TLYLLLLLYT EIVLMLAQDH KNLKKQTPNA PPPPPQQLAY LKKKRCESSS SSSSSSSISL TTTSGSATVT VCIVIVVVVV ISWAAMFEYF KPTVLTRFYY YYY
GNM11003                        ---AAAAAAA LMAASAKASV CDDDDDEDKD DTEEEEYEYE IEFIFVFRGA GGGGGGGGGG NQHHHHHHIH IILVYAIIIL IMVLVVGIII VENKKLLPKY KKRLLMAMLL LVLLLFIIYY KIVIMIMQDY KNMDQSTEYP PPPPPQQDAE LKDYRAEAAV SSSSSSSLSE TTNEPVTEIF KVTINVVVVV VLW-YFYFTY KPAFVIKYYY YYY
GNM11023                        ---AAAAAAL PAASSGAAVI CDDDEDDA-D ATEEDLRRDL MRFFVVARGS GGGGGGGGGG GEHHHHHHEY IIVLLVILLM LLIVLIAVVY IKAEKLNLKR ARRALAALVL LIILLAVVYH LIAPVVAQDK RNRQELNPAP PPPPPQQEGE GRKYRGESAV AWSSTSSLTE STNSPANIIL IPVVAVHVVV TIWVHFYYTP KPTYVIHYFY YYY
GNM11055                        ---AAAASGV AARAAAAAVI CDDDDDEA-D QDEEEAELLS VEFFFFAVGG -GGGGGGGGG GIHHHHHKYY IIILYIIIVL IIAMVIETVI TDRELAHERE DKTYVFAMYL VIILVKLVSM AVVPMLVQDR KNESSLTPPC PPPPPQQEVY MREYRSEPGC SQSSSSSGAL STHTAVCMVL MSVVVVVVVV TRWALFHYTY RRSCVTLYYY YYY
GNM11146                        ---AAAAAAV AMASAARGAI CDDDYDPATD DTEEDQREEM VSFSFFSAGG GGGGGGGGGG GIFHHHHHVH IIVIVIIIVV IKVIVDALVI VEKEKVKIGK KREYIVALFL IMLILQLVVN KIAEILVQDT RNKYNSTEPA PPPPPQQQAD MDTRRSEGSV LESSSSSWSL STNEVTTRLL TVTIVVVVTV VEWSSFYYYF LPMVVLYYYY YYY
GNM11220                        ---AAAARAV AATSSGAGGV CDDDDDEDFD GDEEERERRK MEFVFFGVGG GGGGGGGGGG GRHHHHHHTH IIIILMILLL ILVIIIAIVL VDREKAYLKR SKTALVMLML LVYLLLLVCL KVVVIMMQDV KNEKASTSGP PAPPPQQDSD MKKYRLEASS MASSSSTLTL STTRPAARVL VSVVVVQVVV ARWSAFYYTP YPTVVT-YIY YYY
GNM11223                        ---A-AAKAL AA-SAAAGSV CDDDDDEDED RDEEEEERQR VR-FFFGVGG GGGGGGG-GG GEHHHHHNVY MIIIVLFILV VAVIIIAIVL VEAQKV-LEE SKKATLLLLL MLVLLLLVYM GVLILFAQDE KNERKST-GP -PPPPQQDAE MRSY-ADASC SSSSSSTLTL STTSAAARVL -CVVIV-VVV VAWAAFYYYY RP-LVSHYYY YY-
GNM11224                        ---AAAAKAV AASSAAAGSV CDDDDDEDED RDEEEEERRR MRFFFFGMGG GGGGGGGGGG KAHHHHHNVY MIIILVFILL IMVIIIAIVL VESQKAHLRE SKKATLLLLL MLILLLLVHM GVLIIFAQDE KNERKSTAGP PPPPPQQDAE MRSYRAEASC SSSSSSTLTL STTSAAARVL VCVVIVQVVV VTWAAFYYYY RPSLVSHYYY YYY
GNM11358                        ---GSSSLAL SANCSSEATV CDDNKNSELD FDDEKNQNLK DKFFIFSLSG DGGGGGGGSS GLFHHHYFEH IILITIFILI IKRLLFVVIL VSNQIIEKDI KTSFVMAFFL LLLILFLLYK LIIIIQVQDY KDHKKPTPGC HPPPSQQPAK MADIRSTDSL DSTSSSTRDS YTTKVTCVLL TVIIIAFTVV NEWNAFYVRY KYVFITYYYY YYY
GNM11360                        ---AAAGACL GAAAASPGSI CDDDDDNETD DSEEEEQQEA ASFFFFGIGG GGGGGGGGGG GFHHHHHHIY IIILIIIIII IAIIIIAIII IEKEQITKKE KRNATTTFFL VLFLLLLLYN EIVVMLAQDH KNEKKSTSSA PPPPPQQEAN LEDRRCESSV SSSSSSSITL STTSGSAIII ICIVIVVVVV VSWAAIFEWY TPMVMVKYYY YYY
GNM11362                        ---AAAAAAL AGAAAAAGAI CDDDDNDDTD DDDEDRDEAG MNFFLIAVGG GGGGGGGGAG GYHHHHHHVY IIILLIIILA LEVLLIALII VKRQKLRKSR KSEATEVLYL LLILLLLIHM RVIIMLAQDC KNRNASTPAA PPPPPQQKAE LRTRRADSSV SACSSSSWTL STTSATANLI VSVVMVVVVV VSWAAMYYYY KAIMLTLYYY YYY
GNM11377                        ---AAAAAAL SAAAAAAGGI CDDDDNDDTD DDDEDEDEAN AKFFFVGIGG GGGGGGGGGG GFHHHHHNVY MVVLIVIILI MEVILIAVVI VKRQKTPIRE KTDATWILFL VLYLLLLVYM NVVFMLAQDH KNQRTSTPGA PPPPPQQQAE LEARRAESSI DACSSSSITL STTSGSAFVI NSVVIVVVVV VSWAAFFSYY TAMIMTMYYY YYY
GNM11380                        ---AAAGAAL AAAAASPGSI CDDDDDFETD QSDENEERAM EKFFFVGVGG GGGGGGGGGG GFHHHHHDIY IIILIIIILI ISIIILFIII IDEEQITRKT KKMAVATFFI ILILILLLYD EIIFMLAQDY KNIKNLTPDA PPPPPQQDAQ LESRRCESSI SSCSSSSITV STTTGSAIII VCIVIIVVVV TTWAAMYEWY KPMAVTKYYY YYY
GNM11383                        ---AAAGATL AAAAASPGSI CDDDDDYETD RDDEEQEESM MAFFFAGVGG GGGGGGGGGG GFHHHHHHIY IIIIIIIIVI IAIIIIAIVI VEDDQITYKV KKKATATFFL LLYLLLLLDD EIIIMLAQDH KNSKKCTPNA PPPPPQQEAN LRKRRCDASI SSSSSSSNAL STTSGSAQIF ICIVIIVVVV VTWAAMFEWY TPMVIFRYYY YYY
GNM11491                        ---AAAGACL CAAAAAAGGI CDDDDDFKTD KGEEEEKISG RGFFFFGVGG GGGGGGGGGG GFHHHHHHAY IIILLIIIVI MAVLL-AIVM VEEEQATEKT KGRAGGTLFA ALILLLLLLE EIIEMLAQDH INVGSLTPGA PPPPPQIYSR MEAKRSARSL QSSSSSSSTL STTDGAAAVF TCITVVAVVV VSWAAMLEWY EPKMMQRYYY YYY
GNM11804                        ---AAAASGV AAAAAAAVVI CDDDDDEV-D QDEEEAEMLE VEFFFYAAGG -GGGGGGGGG GIHHHHHALY IIVLLIIIVL IIAMLIECVI TEKERAHKKE HKEYVFAMYL VIVLVLLVSL EVVVMMVQDR KNDDSATPAP PAPPPQQVIY MRDERSEPGC SQSSSSSGAL STHRAVCEVL MSVSVVVVVV TRWALFHYTY KRYIATLYYY YYY
GNM11805                        ---GSAISAL SAHAAADAAI CDDNDNKH-D GGEEARNSIQ MEFFAFGIGG KGGGGSKGQP KEHHHHHYLH ILLIFMFILI IIILVITILI TNKKLLEAKA NTSIILLFFL IIILLMLTKN NIPDMLAQRN KNEKEANPYA PPPPPQQYSE MEQTRTEQAI KRSSSSSGSQ TTNSIINRIL TVYVLAVVVV DIWGEFYYSY RHGAFIYYYY YYY
GNM12886                        ------AA-L SA-AAAAG-I CDDDDNDGTD GRDEDEDE-G -N-FF--VGG GGGGG-G--G GDHH-HH-VY IIILIIIIL- MEVILTAL-I -KREKT-SRE KREAALMFFL VL-LLLLV-S N-VFMLAQDH KNE-AST-WA -P-PPQQDAE LRAR-AE-SV SACSS-SITL STTSGTAFLI --VI-V-VVV ISWASF-YYY T---LTV-YY Y--
GNM12895                        ---ASAAAAL GAAAAAAGSI CDDDKDNDKD QDDEENDEAN TKFFFIGIGG GGGGGGGGGG GNHHHHHHIY IIILIIIILS MEIVLIAVVI VKRSKIKKKE KKEATSVFYL ILILLLLLYM IIIYMMAQDH KNENESTPGA PPPPPQQLVK IKTVRANSSI DSCSSSSWTL STTTGSATVI VCIIIIVVVV VSWAAMYYYY KPLMLTLYYY YYY
GNM13061                        ---AAAAAAA AAAAAAAAAV CDDDDDDDKD DEEEGREEET EEFFFFGGGG GGGGGGGGGG SGHHHHHHHH IILIIIIIVI IMILVIAVVL VDTKKLRKGR KKRMVLLMLL LILLLLLLYL LVVIMMMMNL ANHDKSDPGP PPPPPQQTLY GKRRRSESSS SSSSSSSMTT TTTVIVVVVV VVSIVVVVVV LWWYYFYFYY NPLYYVYYYY YYY
GNM13062                        ---AAAAAAL GAAASAHSSI CDDDDDPTSD DDEEDEAEHT VVFVFIARAG GGGGGGGGGG GGHHHHHHEY VIILILFLLV VAVLLTAVVL VQRKKLKIKE KPKTTAVLFL VLVLLLLLLF SVVVMLSQDK RNKDDSTPGA PPPPPQQRAN KRSLRAKSAS VQSSSSSITL TTTSPTAKLL VCTVIMVVVV TRWLSFYAYF NPQVVTLYYY YYY
GNM11363                        ---AAAAAAL AGAAAAAGAI CDDDDNDDTD DDDEDRDEAG MNFFLIAVGG GGGGGGGGAG GYHHHHHHVY IIILLIIILA LEVLLIALII VKRQKLRKSR KSEATEVLYL LLILLLLIHM RVIIMLAQDC KNRNASTPAA PPPPPQQKAE LRTRRADSSV SACSSSSWTL STTSATANLI VSVVMVVVVV VSWAAMYYYY KAIMLTLYYY YYY
GNM11375                        ---AAAAACL GAVAASPGSM CDDDDDEERD RDDEKQDKAK INFFFAGKGG GGGGGGGGGG GYHHHHHHIY IIILVIIIII ISVIIFAIIV TEEQQIEIKE SQEATSAFFL ILLLLLLLKA KVAIMLAQDH KNKKDKTPDA PPPPPQQMAY LQQQRCDSSI ESSSSSSRSL TTTSGSAMVI ICVVVVVVVV VSWAYMYVFY TPQIIAKYYY YYY
GNM11381                        ---AAAGATL AAAMASPGSI CDDDDDYETD RDEEEQEESK MNFFFAGVGG GGGGGGGGGG GFHHHHHHIY IIIIIIIIVI IAVIIIAIVV VEEEQLTYQK KKKATATFFL LLYLLLLLED EIIIMLAQDY KNKKKCTPNA PPPPPMQPAN LKERRCDASI SSSSSSSNAL STTSGSAQVF ICIVIVVVVV ITWAAMFQWY KPMAIYRYYY YYY
GNM11382                        ---AAAGATL AAAAASPGSI CDDDDDFETD REEEDEQELK MDFFFAGVGG GGGGGGGGGG GFHHHHHHVY IIIIIIIIVI IAIIILAVVV IEEEQLTYRQ KKKATATFFL ILYLLLLLND KIIVMLAQDH ENDKDCTPNA PPPPPQQGAR LSKKRCESSS GSSSSSSITL STTSGTAIIF ICIVVVVVVV ITWASMYEWY EPMVMSRYYY YYY
GNM11799                        ---ASAGACL AAAAASPGSI CDDDDDSESD NEEEKEQKSL VSFMFAGIGG GGGGGGGGGG GFHHHHHHIY IIIIIIIIII IAVLLIALII VEEEQLTQEK KKKASSTFFL TLYLLLLLYT EIVLMLAQDH KNLKKQTPNA PPPPPQQLAY LRKKRCESSS SSSSSSSISL TTTSGSATVT VCVVIVVVVV ISWAAMFEYF KPTVLIRFYY YYY
GNM12126                        ---AAASAAA AMAASAKMSV CDDDDDYEED DTEESELEHM IQFFFVGKGG GGGGGGGGGG GSHHHHHWYH IILLLVILLL ILILVVSVVI VEKKKAPPRI KRELVANLLL ILVLLYLVYV EMVEMMMQDV KNSANPTPAP PPPPPQQGIV LEEYRDEAAV SASSSSSKSV STNDAVTRLL VVTTSVVVVV VAWAKFYYTP KPTYVVYYQY YYY
GNM12128                        --AAIAAYAF AAQATAASLI CDDDDDAD-D NTEEERTSEL GKFFFVGVGG GAGGGGGWGG GLHHHHHWEY IILVFILILL IMALVNALVL CEKDLAEERS KSKYTFLFFL MIILLNLVKD IVIDMVVIDR KNNHNGHPKA PPPPTQQEID LKSRRSNGSV DISSSSSRTV TTTIAIVTFL IVIVIIAVVV LTWANFYYTY EFGGVEYYLH YYY
GNM12182                        ---AAAAAAV LMAASAKASI CDDDDNEDKD DTEEEEFEYE IEFLFVIRGA GGGGGGGGGG HKHHHHHHIH IVLIYTIILL ILVLVVGVII VREQKFRPKY KSRLILSLLL LVPLLMILYM KIVILIVQDM KNKSDSTEQP PPPPPQQSVE MTKYRAQAAV SSSSSSSLSQ TTNAPATEVF KVTVNAVVVV VLW-WFYYTY KPSFVIYYYY YYY
GNM12342                        ---AAQAAAV AIAASADGSV CDDDDDEDED NDEEEEEREA VYFFVVGIGG GGGGGGGGGG GTHHHHHHKY IIIILAIILL IIILVIFVVI IKNKKIYYKK AKKAVFMLLL LVILLLLVYF TLVLLMMQNS KNEKESTPGP PPPPPKQDVV MKENRMESSC SASSSSSMTL STTEAAAVVL ICICPVVVVV DLWAAFYHTY YPLLVTYYYY YYY
GNM12346                        ---AAAAAAL AAAVAADAVI CDDDDDEDSD NDEEDLEESM VTFFIFGIGG GGGGGGGGGG GIHHHHHDMY IIVIVMIIII LTALLIEIVL VKREKARYKQ RRTVVFTFFL LLCLVRLVSM AVVRMLAQDK GSRKKSTPPP PPPPPQQKVY LKDSRCDEGC SQSSSSSGTE TTTQATARVF MVVVAVVVVV DQWAIFYYYY -GQIVSLYYY YYY
GNM12351                        ---AAAAGAL ATTAAAAGAI CDDDDDEDKD DDEEDLENRN VLFFVYGIGG GGGGGGGGGG GVHHHHHHTY IIIVYIVIIL IYILFIEIVV VDEESAQENE KKRAMLMLIF FKILVCLLAM EVVMLMAQDE KNKDDSTPPP PPPPPQQDGY MKRYRAEPAC PMSSSSSGTL TTSRTAAVVL MVVTVVVVVV RRWAAFFYTY -PKAVTKYYY YYY
GNM12356                        ---AAAACAI GMVSSANGST CDDDDDEETD NDEEEKDKAA IYFFIAGLGG GGGGGGGGGG GLHHHHHYRY IIIILLIILI ILILIVFVII PKTSKINYTK SKKAVFMFLL IAVLLLLVSM EIVLIMMQDS KNDKAETPGP PPPPPQQDII MKSRRMESSC SSSSSSTATL STSTSAAMVI VAITPVVIVV DSWAAFYHTY YAAVITYYYY YYY
GNM12357                        ---AAAASAV AIVSSSDGGV CDDDDDEDKD NDEEERDKKA IYFFVAGLGG KGGGGGGGGG GNHHHHHHKY IIIILIFILI ILILIVFLII VKTEKVNYNN YKKATFMFIF LVLLLLLVKM DVILIMMQKS KNDKESTPGP PPPPPKQDAV LKTRRMESSC SESSSSTMTL STSNSAAMVL KSVIPMVVVV DLWAAFYHTY YPMIITHYFY YYY
GNM12366                        ---ASAASAI GIVASADGSI CDDDDDEDKD NDEEDRGKEA VYFFIAGIGG KGGGGGGGGG GTHHHHHHKY IIIIMLFILI IIVLIIMIVV IKTEKVDYEK SKKATFMFIL IVILLLLVKL VIVLIMMQES KNEKKSTPVP TPPPPKQNSV MKTKRMESAS SESSSSSSTL TTSNSAAVVL ISVIPLVVVV DLWAAFYHSY YPIVITNYFY YYY
GNM12373                        ---ASAAQAV AATAAIAAGI CDNDDDDVKD RSEENAREAL VQFAVFGEGG GGGGGGGGGE GLSHHHNYLY VIILLMILLI LAPLIIAPVV TARFKALPER LRSIDFMGFL LLYILFVVAD SLTRAMMQDA SSEDHTTPSC SPPPPRQNIF LEDERCASAL TESSSSGGTR STSSAAAVVR AVVPPVLVVV TAWALFYYAY LKRIIGLYYY YYY
GNM12385                        ---AAGATAA AASASSAAAI CDDDDDEETD RSEEEASETL VEFAVFGAGG EGGGGGGGGM GAHHHHHCIY LVVIYIAIMI VYAMIDHILL TEEDQAPYRE RRQAAFMFFL ILRILLLASE SVAICMVQDR RSDTTTTPSP CPPPPKQIIQ LKRSRCEPAL NQSSSSSGTK TTSTGTAELR MSVVSVVVVV RQWALFFYRY YEMIRATYYY YYY
GNM12551                        ---AAAAAAV AAAAAARGTT CDDDDDLDSD NDEEQAERVR QEFFFVGVGG GGGGGGGGGG GTHHHHHHVY IVIILIFILL IKVLVVAMVI VEREKVSLEE KRDATFTFML LVPLLMLVKM AVVDIMMHDQ KNTTASTPAP PPPPPQQSAE LKENRVEAAC SQSSSSTAST STTSGAARVV EAVILVVVVV IAWAVFYYTV YPQVVTYYIY YFY
GNM12554                        ---ACAAAAA ASAASSPAAI CDDDDDEPGD RDEEAAAERL IEFAVFGAGG NGGGGGGGGL GPHHHHHYAY LIVIYIVILI VYVLVDKIVI IEEEGASPRE RRAVAFMFFL IILIIMLVSE CVAVVMAQDK QSDPRTTPSP CPPPPRQLIR LTRERCEDAM NQSSSSSGTA TTSAGAAAVR TSVIAVVVVV REWAVFFHHY RQMIRHKYYY YYY
GNM12592                        ---AAAAAAI GAAAAASGVM CDDDDDEASD DDEEEAERRT IEFFFYGIGG GGGGGGGGGG GMHHHHHEAY VIIILVILLL LSSLVIAVVV VEMPLAPQMK RRNAVLTLLL IIILLLLLAM RVVSIMVQDR RNDPRLTPPP PPPPPQQSAE MQSERSEPAC GQSSSSSGSI GTTLGAAIVC MVVVVVAVVV KMWAAFYRTY RYMATTLYYY YYY
GNM12596                        ---AAAAAAV AAAASGAGVI CDDDDDEDSD NDEEDGEKTS ISFFVYGIGG GGGGGGGGGG GLHHHHHHSY IIIIYIIILL LEAFIILVVV VDRDTLQKRT EKDALLMFML FLFLLLLLAM KVVTLMVQDR QNDEKSNPPP PPPPPQQTAY LEDYRSEPAC SASSSSSGSL STTLAAAVVR MCVVVIVVVV STWGAFYYTY MKQAVTRYYY YYY
GNM12602                        ---AAAASAI ASAVSGAGVI CDDDDDEDTE NDEEEGEKVN VTFFVYGIGG GGGGGGGGGG GIHHHHHHTY IIIIYIIILL LEALFILVVI VERETLQERE NRNAVLMFIL FLLLLLLLAM KVVVLLVQDR KNENNSNPPP PPPPPQQIAY LEEYRSEPAC NASSSSSGSL STTRAAAIVR MCVVIIVVVV RRWAAFYYTY MRQAATRYYY YYY
GNM12665                        ---AAAAAAV ATAASGSGVI CDDDDDEDSD NDEEEGEKTS MNFFVYGIGG GGGGGGGGGG GLHHHHHHTY IIIIYIIILL IEAFIILVVL VDRDILQERT KKDAVLMFML FLLLLLLLAM KVVALMVQDK KNDENSNPPP PPPPPQQNAY FEDYRSEPAC DASSSSSGSL STTLAAAVVR MCVVVIVVVV RKWGAFYYTY KKQAVTRYYY YYY
GNM12745                        ---AAAASSI AISCSASAAT CDSDDDPTNE NQEENEEQDE IHFFIVAVGG NGGGGGGGGG NEHHHHHYIY IIVIYAILLI IKILVNSIVI TKKCKVKKRI NKDYLFALLI IIKLLVIVGR LIIFIIMQDK KNNKNDNEDP PPPPPQEDNN MNNKRSEASV ESSSSSTTYE TTTSSTAVLI IVVVTVVVVV NIWAYFYYTY YKLAMFYYLY YYY
GNM12749                        ---AAAATAA AGTVSSASAI CDRDDDADTE NTEEQCREAH VSFSVFGAGG GGGGGGGGGP GMYHHHNKEY LLVLFLIIMF VYIIIPIVLI TESEDAALRD ERTVQLMFFL IIAILRLVAH TVIEMMAQNY RSSDQTTPCP SPPPPQQMGQ MRSSRLEDAM DQSSSSSGSL TTSICCAHIR SSTPALVVVV RGWKIFFYRY YKMVKEHYFY YYY
GNM12758                        ---AAAAAAI AAAASARGAV CDDDDDEDTD NGEEEADEER MHFF-LGSCG GGGGGGGGGG GTHHHHHHIY IVICMLIIVL IRAIVIAIVV VDEETARHED RRSALLTFML IIKILLLVHM IIVLIMMQDE RNERASTEGP PPPPPQHTAS MAGARSEVHT SSSSSSTWTT TTTSCAAAV- IAVIIVVVVV VLWAAFYYTY RPAVATLYYY YYY
GNM12763                        ---AAAAGAI ASATSAAAAV CDDDDDDDND NDEEEEEERK IQFFIFGTCG GGGGGGGGGG GTHHHHHHIY IIICMIIIII IKALLIAIII IDDKTTKLKR KKDSLFVFML LIVLLLLVYL KIVILMMQDE KNSNKSTESP PPPPPQHSSN LSKQRSEVSC SSSSSSTWTL TTTEAVAKV- KAVIIVVVVV RSWAVFYYTY RPTVVTLYYY YYY
GNM12766                        ---AAAAAAA AMAAASNGSV CDDDDDEDKD NDEEERDKAA IYFFIAGIGG KGGGGGGGGG GTHHHHHHKY IIIILIFILL IIILIIFMII IKNEKIHYEK AKKATFMFLL LVILLLLVNL LVVLIMMQDA KNDKNTTPGP PPPPPQQDAV MKSHRIESSS SSSSSSTLTL STTDAAAAIL ICIIPLVVVV DLWGAFYHTC YPALVTYYYY YYY
GNM12849                        ---AAAGACL GAAAASPGSI CDDDDNNETD DSEEEEKEEA VIFFFFGIGG GGGGGGGGGG GFHHHHHNIY IIILIIIIII IAIIIVAIIV IEKEQITKKE KKKATITFFL ILFLLILVYN EIVIMLAQDY KNEKESTPSA PPPPPQQEAH LEDRRCESSA SSSSSSSISL STTSGSAIVI ICIVIIVVVV ISWAAIFEWY KPMVMIKYYY YYY
GNM12869                        ---AAAATCL GAVAASPGSM CDDDDDEEVD RSDEEEDEAK VNFFFVGKGG GGGGGGGGGG GFHHHHHYIY IIVLVIIIII IAVIIYAIIV TEEDQIKLKE SKQATAVFFL LLYLLLLLKD NIVIMLAQDH KNKGEKTPDA PPPPPQQLAM MSSRRCESAI SSSSSSSRML TTTSGSAKVI ISVVIVVVVV VSWAAMYSFY TPQVMMKYYY YYY
GNM12896                        -N-AAAGAAL AAAAASTGSI CDDDNDFETD KSDEHKKRAK EEFFFVGVGG GGGGGGAGGG GFHHHHHNIY IIILIIIIII ISIIILSIIV IDEEQITRKT KKMATSTFFI ILILILLLYD KIVFMLAQDH KNIKNRTPDA PPPPPQQDAQ LDERRCDSSI DSCSSSSISV STTTGSAIII VCIVIIVVVV VTWAAMYEWY KPMAIAKYYY YYY
GNM12897                        ---AAAGAAL AAAAAAAGSI CDDDDDFEND QRDEEEEREK QKFFFVGVGG GGGGGGGGGG GFHHHHHNMY IIILIIIIII ISIIVHSIII IDKEKITLST RKKATATFFM ILILILLLYD EIILMLAQNH KNIKEQTPNA PPPPPQQDAQ LKNKRCQSSI SSCSSSSNSV STTTGSALVI VCIVIIVVVV ISWAAMYKWY KPMIITKYYY YYY
GNM12902                        ---AAAAAWI AAYSATDGSI CDDDDDPKGD RSEEEQDRIE EEFFAFGLGG GGGGGGGGGP NEHHHHHAYH ILIIYMFILL IIILIITILI INKIKLDYKA RTSIILLLFL IILLL-LVSD KVPNMLAQRN KNEKNFNPYA PPPPPQQDSY LENTRTEKAI KRSSSSSGSI TTNNIVNRLI IVAIISVVVV DSWHLFYYYF RKAVLIYYFY YYY
GNM12903                        ---AAAAAAA AGASAAKGLI CDDDYDFEID DTEESVEEAE MRFVFFGLGG GGGGGGGGGG GYFHHHHWAH IIIVIIIIVL IMIIVEAVVI VSKEKAKLNT KKKAILLFLL VSLILLLVSR EVVDIMIQDT KNEEKATEPP PPPPPQQRAS LREKRAEASV DESSSSSWSL STNRVVTRLY VATVAVVVTV ISWYAFYYYI KPYGYTFYFY YYY
GNM12906                        ---AAAAAAA AGASAAKGLI CDDDYDFEGD DTEESLEEAD IKFVFIGLGG GGGGGGGGGG GYFHHHHWVH IILVIIIIIL IMIIVGAVIV VSKEKAKLNT KRTIVLLFLL IALILLLVSR EVVDIVIQDV KNEKKATPPP PPPPPQQRAS VQEKRADASV DESSSSSWSL STNGVATRLY VVTVAVVVTV VSWFAFYYYL KPYGYTFYFY YYY
GNM12907                        ---AAAAAAA AAASAAKGLI CDDDYDAESD DTEESLEEAD MKFVFFGLGG GGGGGGGGGG GHFHHHHWVH IILIIIFILL IMIILEAIVI VGREKAKLNA KKKAILVFLF IALILLLVSR EVVDIVIQDV KNSEEATEPP PPPPPQQRAS LKDKRAEASA DESSSSSWSL STNEASTRLY IVTIAVVVTV VSWFAFYYYI RPYGYTFYFY YYY
GNM12909                        ---AAAAAAA AGASAAKGVI CDDDYDFEKD DTEESKEEAE IKFVFFGIGG GGGGGGGGGG GHFHHHHWVH IIIIIIIIIL IMIIIEALIL VGKEKAKLNT KKNAILLFLL IALILLLVSR EVVDIIIQDT KNEEQATEPP PPPPPQQRAS LKERRAEAST EESSSSSWSL STNGVATRLF VATITVVVTV VSWYAFYYYI RPYGYTFYFY YYY
GNM12915                        ---AAAATSI AGASAARGTV CDDDSDDDRE DDEEDEAVAM VRFFMFAVGG RFGGGGGGGG NLHHHHHRVY IIIILIIILI IRHIVIAAVV TREKWAYEEE HREYVLGFML FITILMLVKI LVILILMQDK RNKKDSTPPG PPPPPQQKAR FEEYRSEYST DASSSSTGSL TTMSAAVELI IAVIIVVVIV EKWAFFYYTP TYQGIVMYFY YFY
GNM10046                        ---AAAATSV AGVSAARGTV CDDDSDDDIE NDEEERAEAM IKFVMFAVGG RFGGGGGGGG GLHHHHHRVY IIIILIIILI IRHIVIAAVI TRAKWAREEE HKEYVLGFML LITILALVKI LVILILMQDK KNRRDSTPPG APPPPQQRAN FEEYRSKYST DASSSSTGSL TTMEAVVYLL IAVVIIVVIV EKWAYFYYTP TYQGVVMYFY YFY
GNM12918                        ---AAAATSI AGASAARGTV CDDDSDDDKE NDEEEESIAM VRFVMFAIGG RFGGGGGGGG KLHHHHHRIY IIIILIIILI IRHIIISAVI TREKWAYEEE HKEYLFGFMM FITILMLVKI LVILILMQDR RNKTDSTPPG PPPPPQQSAR FDSYRSKYST DASSSSTGSL TTMSAAVRLI RAVVIIVVIV EKWAFFYYTP PFQGIVMYFY YFY
GNM12931                        ---AAAAAAA AMVASARSVI CDDDDDTEGD PTEEDDDINK IKFVFIGRGG GGGGGGGGGG GYHHHHHHEY IIIVLIILLL IKVIILAAII IDEEKSLPEK KKELVLLFLL IILILYLVYL LVVLILIHDV KNRDASTPLG PPPPTQQEAL LAKERVEAAV SASSSSSGSL TTNAATTRLL VAVVALVVVV VVWKYFYYTP KPYYIVEYYY YYY
GNM12938                        ---AAAAAAA LMAASAEAAI CDDDDDEDKD DTEEDESKHN MEFFFVFRGG GGGGGGGGGG GRHHHHHHIH IILILVIIIL ILVLVIGIII VDESKLIPKY RKKLIIVLLL LVRLLLVVYM KVVILIAQDI KNLSKSTEYP PPPPPQQESE LERYRAESSV SSSSSSSMSQ TTNDPTTELL IVTVNVVVVV VLW-YFYYTY KPSFVVKYFY YYY
GNM12996                        ---AAAAAAV LMAASSKASI CDDDPDEDKD DTEEEQFEYV IDFFFVFRGG GGGGGGGGGG GKHHHHHHIH IILILAIILL IEVLVVAIII VEGKKVLPKY KKNLAINMLL LVLLLFIVYM KVVLLILQDV KNMDQSTEYP PPPPPQQSLE LKEYRAEVAV DSSSSSSMSQ TTNEAVTELF KVTINVVVVV VLW-YFYYTY KPSFVIKYYY YYY
GNM13018                        ---AAAAAAA LMAASSKASI CDEDPDEDKD DTEEEQFEYE IDFFFVFRGG GGGGGGGGGG GKHHHHHHIH IILILAIILL IEVLVVAIII VEGKKVLPKY KKKLAVSMLL LVLLLLIVYM KIVLLILQDM KNMDQSTEYP PPPPPQQSLE LKEYRAEAAV DSSSSSSMSQ TTNEAVTELF RVTVNVVVVV VLW-YFYYTY KPSFVIKYYY YYY
GNM13027                        ---AAAAAAA LMASSAKAAM CDDDDDEDKD DTEEEDYKYN MEFTFVFRGG GGGGGGGGGG NKHHHHHHMH IIIILVIIVL IMVLVVGIII VEEEKILPKY KKKLLIVMLL LVLLLFVVYM KIVILIAQDI KNMNSSTEYP PPPPPQQEAE LENYRAQASV SSSSSSSMSL TTNEPTTELF IVTINIVVVV VLW-SFYYTF KPAFVIKYFY YYY
GNM13046                        ---AAAGACL GAAAASPGSI CDDDDDFETD KTEENEEEKK VRFFFFGIGG GGGGGGGGGG GFHHHHHHVY IIILIIIIVI IAILITCIII IEEEQITKKE KKKASSTFFL ILFLLLLLYD EIVLMLAQDH KNKKNCTPNA PPPPPQQNVN LKKKRCESSA SSSSSSSITL TTTSGTAILV ICIVIVVVVV ITWAAIFEWY KPMIMTKYYY YYY
GNM13053                        ---AAAAGAL SAAASAMGAI CDDDDDADAD NDDETYEDAS TQFFFVGVGG GGGGGGGGGG GSHHHHHHAY IVIIIIIILL IRILLIAAVL IDREKLRYDR KKSAVAVFFL LLFLLLLLYL EVVLMLAQDL KNKDSSTPSA PPPPPQQRAE LDRQRVASSI SSCSSSSVTL STTSGAATLI IVVIYVAVVV IRWAAFYYWY HPQALTLYYY YYY
GNM13074                        ---AAAATSV AAAAAARGTV CDDDSDEDNE DDEEEADIAF VKFIMFAVGG RFGGGGGGGG DLHHHHHRVY IIIILVIILI IRHIVIAAVI TQKEWAYEEE HKEFVLGMML IITILALVKL LVVLILMQDK RNKKESTPPG PPPPPQQGAR FEDYRSEYST DASSSSTGSL TTMAAAIELI IAVVIVVVIV EKWAFFYYTP TYSGVVMYFY YFY
GNM10010                        ---AAAATSL AGASAARGTV CDDDSDEDVE RDEEDEALAF IKFVMFAVGG RYGGGGGGGG GLHHHHHRVY IIIILIIIVI IRHIVIAAVI TREEWAYEEE HKEYVMAFLL LLTILALVKI LVILILMQDK RNKRDSTPPA PPPPPQQSAR FERYRSEFST EASSSSTGSL TTMAATIRLL IAIVIIVVVV EKWAFFYYTP TYSGVVMYFY YFY
GNM10014                        ---AAAATSI AGAAAARGTV CDDDSDDDVE NDEEDEDIAF IRFVFFAVGG RFGGGGGGGG GLHHHHHRVY IIIILIIIVI IRHIVIAAVI TREEWAYEEE HKEYVLAFML LITILALVKI LVILILMQDK RNRRDSTPPG PPPPPQQEAR FEEYRSEFST EASSSSTGSL TTMGATIELL VAVVIIVVVV EKWAFFYYTP TYSGVVMYFY YFY
GNM13090                        ---AAAATSV AGAVAAKGTV CDDDSDEDLE DDEEETDLAF VKFVFFAVGG RFGGGGGGGG GLHHHHHRVY IIIIIIIILI IRHIIIAAVI TQKEWAYEEE HREYVMAFML LLTILALVKI LVILILMQDK RNKKDSTPPG PPPPPQQEAR FEGYRSEYST DASSSSTGSL TTMSATVELL VVVVIIVVIV EKWAYFFYTP TYSGVVMYFY YFY
GNM13118                        --HAAAAAAA AMAAAARGAV CDDDDDFRAD DTEEEEREAK IEFFFVGAGG GGAGGGAGGG GQHHHHHHYY VIVILLIIVL IVILVIAIFI VEEEKLRPNR KTGILVLMLL LVILLLLVLL KVIFIMMQDA KNKNFADPPP PPPPPQQDSI LENYKARASS SSSSSSSMTL STSFVAARVV SAVVLVVVVV AAWYAFYFHP KHYVYAEYYY YYY
GNM13126                        ---AAAASML AAAASSAGSI CDDDDNEV-D NEEEDADSAM IEFFSFGVGG GGGGGGPGGT GEHHHHHYYH IVIVLLFIII IDVLFYAIVI TSKLKIKIRI NRKYLMLFFL ILILLRFVRD KVAKMLAQDE KNETTPNPYA PPPPPQQDAE LKSMRTRESI SESSSSSGTL TTTDMAVRIL KVVIIAVVVV VLWGMFYYRY YRYAIVEIYY YYY
GNM13128                        ---AAAASML SAAASSRASI CDDDDNEV-D NEEEVEDEAM VSFFAFGVGG NGGGGGPGGT GEHHHHHYIH IVIIMIFIIL IDVLLYAIIL TSRIKLKKKS NTRIILLFFL IIILLILVND KVAKMLAQDE KNSQDPNPYA PPPPPQQNAE LRDVRAERSI DESSSSSGTV TTTEIIVNIM IVVIPAVVVV TSWAMFYYRY YRYVIVEIYY YYY
GNM13208                        ---AAAAAAA AGAAAAEGAV CDDDYDFE-D DTEESGEEAE ISFVFVGLGG GGGGGGGGGG GYFHHHHWRH IILIVIIILL IVILVAALVL VKKSKVRPKR KKRAILLFFL VLLLLLLVAR EVVDMLAQDV SNERESTEPA PPPPPQQSAS GKERRAERSA EESSSSSWSV STNEAATKLF VVTVALVVTV VSWFAFYYYP VPYAYVYYFY YYY
GNM13210                        G--AAAAAAA AMAASAMATI CDDDDDEEAD DTEEDAEEQG VKFVFVGRGG GGGGGGGGGG GYHHHHHHEY IVVVYIIVLM VEVLIISAVL VSREKAHPRE KRDYVLLFFL ILIILALLYL LVVLIMVHDV KNKEKATPLG PPPPTQQLAL LRNERAEASV SHSSSSSGSL STNSAVTRVI RAVVTLVVVV TLWGLFYYTP KPYYIVEYYY YYY
GNM12773                        ---ASAAKAA AATISAAGSI CDDDDDEDQD GDEETFQMAL MKFFFVGSGG GGGGGGGGGG KLHHHHHHVY VIIIYMFLLL IEIIIITVIL VRTEQVYLEK CKKVLIMMFL LIILLLLVNL EVLIIFAQNI KNNNKSTEAP PPPPPQQNAK LDSFRCKASC SSSSTSSQTE TTTDSVAQIL ICIILVQVVV LKWAAFYYTY FPRLITKYYY YFY
GNM12769                        ---AAAAKTA AICSSAAGSI CDDDDDEDSD RDEEEQEVAK MKFLFAGIGG GGGGGGGGGG GKHHHHHHTY IIIILIFIIL IKIIVLAIII INSSKSRLKE SQRCIIAMLM IVVLLLLVFM KVVIIMMQNS KNNSKSTSGP PPPPPQQEAE FRKYRSNASC SSSSSSSMTL STTAASAVLL MVVIVIQVVV IQWAAFYYTY HSSLITEYFY YYY
GNM12768                        ---AAAAKSA ASRSSAAGGV CDDDDAEDSD ADEEEEDRYG MRFVIISAGG GGGGGGGGGG GGHHHHHKVY IIIIYVFLLL LAIIIFALVI IDASKALLKV QPRAILAFLL LVLLLLRVYM NIVVIMMQDE KNKRRSTAGP PPPPPQQDAE LTRYRSDASC TRSSSSTMTS STSSAAARVV VSVVVVQVVV VLWAAFFYTY TSSLSVRYQY YYY



    2    1    1    1    1    1    1    1    1    1    1    1    1    1    1
    1    1    1    1    1    1    1    1    1    1    1    1    1    1    1
    1    1    1    1    1    1    1    1    1    1    1    1    1    1    1
    1    1    1    1    1    1    1    1    1    1    1    1    1    1    1
    1    1    1    1    1    1    1    1    1    1    1    1    1    1    1
    1    1    1    1    1    1    1    1    1    1    1    1    1    1    1
    1    1    1    1    1    1    1    1    1    1    1    1    1    1    1
    1    1    1    1    1    1    1    1    1    1    1    1    1    1    1
    1    1    1    1    1    1    1    1    1    1    1    1    1    1    1
    1    1    1    1    1    1    1    1    2    1    1    1    1    1    1
    1    1    1    1    1    1    1    1    1    1    1    1    1    1    1
    1    1    1    1    1    1    1    1    1    1    1    1    1    1    1
    1    1    1    1    1    1    1    1    1    1    1    1    1    1    1
    1    1    1    1    1    1    1    1    1    1    1    1    1    1    1
    1    1    1

AAML (in paml version 4.9h, March 2018)  tmp0063.txt
Model: Empirical,  (../wag.dat) dGamma (ncatG=4) ns = 125  ls = 215


Frequencies..
                                    A      R      N      D      C      Q      E      G      H      I      L      K      M      F      P      S      T      W      Y      V
GNM13746                       0.08057 0.03318 0.04265 0.04739 0.00474 0.01422 0.05213 0.07583 0.03791 0.09953 0.09479 0.05687 0.02370 0.01896 0.04265 0.05687 0.03318 0.00948 0.09479 0.08057
GNM13538                       0.12796 0.03791 0.01896 0.04265 0.00474 0.02844 0.05213 0.07583 0.03318 0.07109 0.05687 0.03791 0.04265 0.06635 0.03791 0.09479 0.04265 0.00948 0.03791 0.08057
GNM13671                       0.08057 0.04265 0.00948 0.05687 0.00474 0.01422 0.05687 0.07583 0.03318 0.08531 0.12322 0.05213 0.01422 0.02844 0.04265 0.10427 0.02844 0.00474 0.05213 0.09005
GNM13876                       0.10427 0.04739 0.00948 0.04265 0.01896 0.02370 0.07583 0.09005 0.03318 0.06161 0.09479 0.03318 0.01422 0.03791 0.03791 0.04739 0.05213 0.00474 0.06161 0.10900
GNM13680                       0.12796 0.03791 0.02844 0.04739 0.00948 0.01422 0.05213 0.08531 0.02844 0.07109 0.08531 0.02844 0.01896 0.04265 0.03318 0.07583 0.04739 0.00948 0.06161 0.09479
GNM14837                       0.09005 0.02370 0.01896 0.05213 0.01896 0.04265 0.05213 0.07583 0.03318 0.10900 0.05213 0.05213 0.03318 0.04265 0.04265 0.08057 0.04739 0.00474 0.04739 0.08057
GNM14249                       0.09005 0.01422 0.01422 0.04739 0.01896 0.03791 0.05687 0.07583 0.02844 0.11374 0.06635 0.06161 0.02844 0.03318 0.04265 0.09005 0.05213 0.00474 0.05687 0.06635
GNM13928                       0.10427 0.01896 0.01422 0.04739 0.01896 0.05213 0.05687 0.08057 0.03318 0.10427 0.04739 0.04739 0.04265 0.03318 0.04265 0.07583 0.04265 0.00474 0.06161 0.07109
GNM13297                       0.12796 0.03791 0.01896 0.04265 0.00474 0.02844 0.05213 0.07583 0.03318 0.07109 0.05687 0.03791 0.04265 0.06635 0.03791 0.09479 0.04265 0.00948 0.03791 0.08057
GNM13455                       0.09005 0.01422 0.02370 0.04265 0.01896 0.02844 0.07109 0.08531 0.03318 0.14218 0.06161 0.03791 0.01422 0.04265 0.03791 0.09479 0.04739 0.00948 0.04265 0.06161
GNM14483                       0.11848 0.05687 0.02370 0.04265 0.00474 0.02844 0.06161 0.06635 0.03318 0.04739 0.09479 0.02370 0.01896 0.03791 0.04265 0.07583 0.05687 0.00474 0.04265 0.11848
GNM14872                       0.11374 0.01896 0.02370 0.07109 0.01422 0.02844 0.03791 0.08531 0.02844 0.09005 0.06635 0.03318 0.02844 0.04265 0.03791 0.06161 0.06161 0.00948 0.05213 0.09479
GNM13855                       0.03791 0.01896 0.04265 0.04739 0.02370 0.02844 0.02844 0.06161 0.03791 0.12322 0.09005 0.07109 0.02844 0.04739 0.02844 0.13744 0.04265 0.00474 0.04265 0.05687
GNM14445                       0.11848 0.01422 0.03318 0.05687 0.00948 0.03318 0.03318 0.08057 0.02370 0.09479 0.08057 0.05687 0.01422 0.03791 0.03791 0.08531 0.03318 0.00948 0.05687 0.09005
GNM14404                       0.10427 0.03318 0.00474 0.06161 0.01422 0.00948 0.04265 0.09005 0.02370 0.10427 0.08531 0.04739 0.02370 0.02844 0.04739 0.08531 0.03791 0.00948 0.05687 0.09005
GNM14545                       0.10427 0.03318 0.00474 0.06161 0.01422 0.00948 0.04265 0.09005 0.02370 0.10427 0.08531 0.04739 0.02370 0.02844 0.04739 0.08531 0.03791 0.00948 0.05687 0.09005
GNM14366                       0.12381 0.03333 0.02381 0.04762 0.02381 0.02381 0.06190 0.07619 0.03333 0.09524 0.06190 0.02857 0.03333 0.04762 0.04286 0.06667 0.03810 0.00952 0.04762 0.08095
GNM14252                       0.08531 0.02370 0.00474 0.05687 0.01896 0.02844 0.06161 0.08057 0.03318 0.09953 0.07109 0.05213 0.03791 0.03318 0.04265 0.09953 0.03318 0.00474 0.04739 0.08531
GNM13960                       0.09479 0.00948 0.01422 0.03318 0.01896 0.03318 0.05687 0.08057 0.03318 0.09953 0.09005 0.06635 0.01896 0.03318 0.04265 0.09479 0.05687 0.00474 0.05213 0.06635
GNM14174                       0.13223 0.03306 0.01653 0.04959 0.01653 0.04959 0.04959 0.07438 0.03306 0.07438 0.09091 0.03306 0.01653 0.05785 0.04959 0.04959 0.02479 0.00826 0.04959 0.09091
GNM14246                       0.12796 0.03318 0.01422 0.05687 0.01422 0.02844 0.03318 0.07583 0.03318 0.07109 0.08531 0.03791 0.02370 0.03791 0.03791 0.08057 0.04739 0.00474 0.06161 0.09479
GNM14965                       0.09479 0.04265 0.01896 0.05687 0.00948 0.01896 0.05213 0.09005 0.02844 0.10427 0.09005 0.02844 0.01896 0.03318 0.03318 0.08057 0.06161 0.00474 0.06161 0.07109
GNM13677                       0.10427 0.05213 0.00948 0.04265 0.01422 0.02370 0.07583 0.09005 0.03318 0.06161 0.09479 0.03318 0.01422 0.04265 0.03791 0.04265 0.05213 0.00474 0.06161 0.10900
GNM14339                       0.09005 0.05687 0.00948 0.03791 0.00948 0.01896 0.06635 0.08057 0.04265 0.06161 0.09005 0.02844 0.02844 0.02370 0.05213 0.08531 0.03791 0.00948 0.07109 0.09953
GNM14593                       0.08531 0.04739 0.00474 0.04739 0.01422 0.02370 0.06635 0.07109 0.02844 0.09953 0.10900 0.03791 0.02370 0.03318 0.04265 0.08057 0.03791 0.00474 0.06161 0.08057
GNM13825                       0.10900 0.08057 0.00948 0.04265 0.00948 0.01422 0.08531 0.06635 0.02844 0.04265 0.07583 0.01422 0.02370 0.04265 0.04739 0.08531 0.02844 0.00474 0.06161 0.12796
GNM14768                       0.12322 0.04739 0.00474 0.04739 0.01422 0.02370 0.06635 0.06635 0.04739 0.08531 0.09005 0.01896 0.02844 0.01896 0.05687 0.09005 0.02844 0.00474 0.05687 0.08057
GNM14776                       0.12322 0.04265 0.00474 0.04739 0.01896 0.02370 0.06635 0.06635 0.04739 0.09005 0.09005 0.02370 0.03318 0.01896 0.05687 0.08531 0.02844 0.00474 0.05687 0.07109
GNM14715                       0.13333 0.03810 0.00952 0.04286 0.00476 0.02857 0.04762 0.09524 0.03810 0.02381 0.11429 0.02381 0.02381 0.02857 0.05238 0.07143 0.04286 0.00476 0.04762 0.12857
GNM14639                       0.07583 0.01896 0.03318 0.06161 0.01422 0.02844 0.02844 0.07583 0.02844 0.12322 0.08057 0.05687 0.02844 0.04739 0.03318 0.08531 0.03791 0.00474 0.06161 0.07583
GNM14166                       0.10900 0.02370 0.02844 0.04739 0.01896 0.02844 0.05213 0.07583 0.02844 0.13744 0.06161 0.05213 0.01896 0.02844 0.03791 0.08531 0.04739 0.00948 0.05213 0.05687
GNM14450                       0.09479 0.00948 0.03318 0.05213 0.01422 0.01896 0.03791 0.08531 0.03318 0.12796 0.07583 0.06635 0.02844 0.01896 0.03791 0.07583 0.04739 0.00948 0.06635 0.06635
GNM14959                       0.12322 0.03318 0.01896 0.04739 0.00474 0.01896 0.06635 0.06635 0.02370 0.09953 0.06635 0.03791 0.00948 0.03791 0.05213 0.04739 0.05213 0.01422 0.06635 0.11374
GNM13413                       0.09524 0.05714 0.02381 0.06190 0.00476 0.00476 0.05238 0.08571 0.04286 0.10476 0.07143 0.02381 0.02857 0.02857 0.03810 0.04762 0.05714 0.00476 0.06190 0.10476
GNM14971                       0.09005 0.00948 0.01422 0.03318 0.01896 0.02844 0.06161 0.08057 0.03791 0.09479 0.09005 0.06161 0.01896 0.03791 0.04265 0.10427 0.05687 0.00474 0.04265 0.07109
GNM14990                       0.09005 0.01422 0.01422 0.03318 0.01896 0.02844 0.05687 0.07583 0.03791 0.09953 0.09005 0.06635 0.01896 0.03791 0.04265 0.10427 0.05213 0.00474 0.04265 0.07109
GNM15005                       0.09005 0.00948 0.01422 0.03318 0.01896 0.02844 0.05687 0.08057 0.03791 0.09953 0.09005 0.06635 0.01896 0.03791 0.04265 0.10427 0.05213 0.00474 0.04265 0.07109
GNM14992                       0.09005 0.00948 0.01422 0.03318 0.01896 0.02844 0.06161 0.08057 0.02844 0.09953 0.09005 0.06161 0.01896 0.03791 0.04265 0.10427 0.05687 0.00474 0.05213 0.06635
GNM15014                       0.09005 0.00948 0.01422 0.03318 0.01896 0.03318 0.06161 0.08057 0.03318 0.09005 0.09005 0.05687 0.01896 0.03791 0.04265 0.10900 0.05213 0.00474 0.04739 0.07583
GNM14999                       0.09005 0.00948 0.01896 0.03318 0.01896 0.02844 0.05687 0.08057 0.02844 0.09479 0.09005 0.06635 0.01896 0.03791 0.04265 0.09953 0.06161 0.00474 0.04739 0.07109
GNM15018                       0.09479 0.03318 0.00948 0.05687 0.01896 0.03318 0.05687 0.09005 0.03318 0.09953 0.07109 0.04265 0.02370 0.03318 0.04265 0.07109 0.04265 0.00474 0.05213 0.09005
GNM15024                       0.09479 0.03318 0.00948 0.05687 0.01896 0.03318 0.05687 0.09005 0.03318 0.09953 0.07109 0.04265 0.02370 0.03318 0.04265 0.07109 0.04265 0.00474 0.05213 0.09005
GNM14980                       0.09479 0.03318 0.00948 0.05687 0.01896 0.03318 0.05687 0.09005 0.03318 0.09953 0.07109 0.04265 0.02370 0.03318 0.04265 0.07109 0.04265 0.00474 0.05213 0.09005
GNM15026                       0.08531 0.01422 0.01896 0.03791 0.01896 0.03318 0.05213 0.07583 0.03318 0.10427 0.08531 0.06161 0.01422 0.03791 0.04265 0.09953 0.06161 0.00474 0.04739 0.07109
GNM15001                       0.09479 0.02844 0.00948 0.05213 0.01896 0.03318 0.06161 0.09005 0.03318 0.09479 0.07109 0.04739 0.02370 0.04265 0.04265 0.07109 0.04265 0.00948 0.04265 0.09005
GNM15028                       0.09479 0.00948 0.01422 0.03318 0.01896 0.02844 0.05687 0.08057 0.03318 0.09953 0.09005 0.06635 0.01896 0.03791 0.04265 0.10427 0.04739 0.00474 0.04739 0.07109
GNM15003                       0.08531 0.00948 0.01422 0.03318 0.01896 0.02844 0.05687 0.08057 0.03318 0.09953 0.09005 0.06635 0.01896 0.03791 0.04265 0.10427 0.06161 0.00474 0.04739 0.06635
GNM11003                       0.09048 0.01429 0.02381 0.05714 0.00476 0.02381 0.07143 0.05714 0.03333 0.09524 0.08095 0.06190 0.03333 0.03810 0.04762 0.05238 0.03333 0.00476 0.08571 0.09048
GNM11023                       0.12857 0.05238 0.02381 0.04286 0.00476 0.01905 0.05238 0.07619 0.04762 0.07143 0.10476 0.02857 0.00952 0.01905 0.06667 0.04762 0.03333 0.00952 0.05714 0.10476
GNM11055                       0.10048 0.04306 0.00478 0.04785 0.02392 0.02392 0.06699 0.07177 0.03828 0.06699 0.06699 0.01914 0.03349 0.02871 0.04785 0.07177 0.04306 0.00478 0.07177 0.12440
GNM11146                       0.08531 0.03318 0.01896 0.05213 0.00474 0.02844 0.06161 0.07583 0.02844 0.08531 0.06161 0.03791 0.02370 0.03318 0.04265 0.07583 0.05213 0.00948 0.06161 0.12796
GNM11220                       0.09048 0.05238 0.00476 0.05714 0.00952 0.01905 0.04286 0.09048 0.03333 0.05714 0.09524 0.04286 0.03810 0.02381 0.04286 0.07143 0.05238 0.00476 0.05238 0.11905
GNM11223                       0.11558 0.04020 0.01005 0.05528 0.01508 0.02513 0.07035 0.08040 0.03015 0.05025 0.10553 0.03015 0.02010 0.03015 0.03518 0.07538 0.03015 0.00503 0.06030 0.11558
GNM11224                       0.11374 0.05213 0.00948 0.04739 0.01422 0.02370 0.06161 0.07583 0.03791 0.06161 0.09479 0.03318 0.03318 0.03318 0.03791 0.08531 0.03318 0.00474 0.05687 0.09005
GNM11358                       0.03791 0.01896 0.03791 0.06635 0.01896 0.02844 0.02844 0.05213 0.02844 0.10427 0.10427 0.06635 0.00948 0.07109 0.03318 0.09953 0.06161 0.00474 0.06635 0.06161
GNM11360                       0.09005 0.01422 0.02370 0.04265 0.01896 0.02844 0.07109 0.08531 0.03318 0.14692 0.05687 0.03791 0.01422 0.04265 0.03791 0.09479 0.04739 0.00948 0.04265 0.06161
GNM11362                       0.14692 0.04265 0.02370 0.06635 0.01422 0.01896 0.02844 0.07109 0.03318 0.08057 0.11374 0.03318 0.02844 0.00948 0.03318 0.06635 0.04265 0.00948 0.06161 0.07583
GNM11377                       0.12322 0.02370 0.02844 0.07109 0.00948 0.02844 0.03791 0.08531 0.02844 0.07583 0.06635 0.02370 0.03318 0.04265 0.03791 0.06635 0.05213 0.00948 0.05213 0.10427
GNM11380                       0.09479 0.01896 0.01422 0.06161 0.01896 0.02844 0.05213 0.08057 0.02370 0.16114 0.05687 0.03791 0.02370 0.04265 0.04265 0.07109 0.05687 0.00948 0.05213 0.05213
GNM11383                       0.10900 0.02370 0.01896 0.06635 0.01896 0.02844 0.04265 0.08057 0.03318 0.13744 0.05687 0.03791 0.02370 0.04265 0.04265 0.07109 0.04739 0.00948 0.05213 0.05687
GNM11491                       0.12857 0.02857 0.00476 0.03810 0.01905 0.02381 0.06667 0.12381 0.03333 0.07619 0.08571 0.03333 0.03333 0.03810 0.03810 0.06667 0.04762 0.00952 0.04286 0.06190
GNM11804                       0.11962 0.03349 0.00478 0.05263 0.01914 0.02392 0.07656 0.07177 0.04306 0.06699 0.07177 0.02871 0.03349 0.02392 0.03828 0.06220 0.02871 0.00478 0.06699 0.12919
GNM11805                       0.08571 0.02857 0.05714 0.03333 0.00476 0.03810 0.05238 0.06667 0.04286 0.12381 0.08571 0.05238 0.02381 0.04286 0.04286 0.07143 0.04286 0.00476 0.06667 0.03333
GNM12886                       0.11176 0.03529 0.02353 0.07059 0.01176 0.01765 0.05882 0.08824 0.02941 0.08235 0.10000 0.02353 0.01765 0.04118 0.02353 0.07647 0.05882 0.01176 0.04118 0.07647
GNM12895                       0.09479 0.00948 0.03318 0.05213 0.01422 0.01896 0.03791 0.08531 0.03318 0.12796 0.07583 0.06635 0.02844 0.01896 0.03791 0.07583 0.04739 0.00948 0.06635 0.06635
GNM13061                       0.08531 0.03318 0.01422 0.05687 0.00474 0.00948 0.04265 0.09005 0.04265 0.07109 0.09953 0.03791 0.03791 0.02844 0.04265 0.06635 0.03791 0.00948 0.07583 0.11374
GNM13062                       0.10427 0.03318 0.01422 0.05687 0.00948 0.02844 0.02844 0.07109 0.03791 0.03791 0.11848 0.05213 0.00948 0.03318 0.05213 0.08057 0.06635 0.00474 0.04265 0.11848
GNM11363                       0.14692 0.04265 0.02370 0.06635 0.01422 0.01896 0.02844 0.07109 0.03318 0.08057 0.11374 0.03318 0.02844 0.00948 0.03318 0.06635 0.04265 0.00948 0.06161 0.07583
GNM11375                       0.09953 0.01896 0.00948 0.06161 0.01896 0.05213 0.04265 0.08057 0.03318 0.11374 0.06161 0.05687 0.02370 0.03318 0.04265 0.08057 0.03318 0.00474 0.05687 0.07583
GNM11381                       0.10427 0.01896 0.02370 0.04739 0.01896 0.03318 0.05687 0.08057 0.02844 0.11848 0.06161 0.05213 0.02844 0.03791 0.04739 0.06635 0.04265 0.00948 0.06161 0.06161
GNM11382                       0.09005 0.02370 0.01422 0.05687 0.01896 0.02844 0.06161 0.09005 0.03318 0.11374 0.06635 0.03791 0.02370 0.03791 0.04265 0.07583 0.05213 0.00948 0.05213 0.07109
GNM11799                       0.08531 0.01422 0.01422 0.03318 0.01896 0.03318 0.05687 0.08057 0.03318 0.10427 0.09479 0.05687 0.01422 0.03791 0.04265 0.10900 0.05213 0.00474 0.04739 0.06635
GNM12126                       0.09479 0.01896 0.01896 0.04739 0.00474 0.02370 0.06161 0.07109 0.03318 0.04739 0.09479 0.04739 0.03318 0.01896 0.06161 0.07583 0.03791 0.00948 0.06635 0.13270
GNM12128                       0.09005 0.02844 0.03791 0.06161 0.00948 0.01422 0.05213 0.08057 0.03791 0.09479 0.09479 0.03791 0.01422 0.05213 0.02844 0.05687 0.05687 0.01422 0.05213 0.08531
GNM12182                       0.08095 0.02381 0.01905 0.04286 0.00476 0.03333 0.05714 0.05714 0.03810 0.08095 0.09048 0.05714 0.02381 0.03333 0.05238 0.07619 0.04286 0.00952 0.07143 0.10476
GNM12342                       0.09005 0.00948 0.02370 0.05213 0.01896 0.01422 0.06161 0.07583 0.03318 0.08531 0.09479 0.05687 0.02844 0.02844 0.04739 0.06161 0.03791 0.00474 0.07109 0.10427
GNM12346                       0.09524 0.04286 0.00476 0.07143 0.01905 0.03810 0.04286 0.08571 0.02381 0.07143 0.06667 0.03810 0.02857 0.03810 0.04286 0.06190 0.04762 0.00476 0.06190 0.11429
GNM12351                       0.10476 0.03333 0.01905 0.07143 0.01429 0.01905 0.05714 0.08571 0.02857 0.06667 0.06190 0.04286 0.03810 0.03333 0.05714 0.03810 0.05238 0.00476 0.06667 0.10476
GNM12356                       0.09479 0.01422 0.01896 0.05687 0.01422 0.01422 0.03791 0.08057 0.02844 0.11848 0.07109 0.04739 0.03791 0.02844 0.04739 0.09479 0.05687 0.00474 0.06635 0.06635
GNM12357                       0.06635 0.01422 0.03318 0.06635 0.00948 0.00948 0.03791 0.07583 0.03791 0.09479 0.08057 0.07583 0.04265 0.04265 0.04739 0.08057 0.04265 0.00474 0.05687 0.08057
GNM12366                       0.06635 0.00948 0.02370 0.05687 0.00474 0.00948 0.04739 0.07583 0.03318 0.12322 0.06635 0.07583 0.03318 0.03318 0.04265 0.09953 0.04739 0.00474 0.05213 0.09479
GNM12373                       0.13744 0.05213 0.01896 0.05213 0.01422 0.01896 0.04739 0.08531 0.01896 0.06161 0.10427 0.01422 0.01896 0.03791 0.05213 0.08057 0.04265 0.00474 0.05687 0.08057
GNM12385                       0.12322 0.06161 0.00474 0.04739 0.02370 0.03318 0.07109 0.07109 0.02844 0.06635 0.06161 0.01422 0.03318 0.03318 0.04265 0.08531 0.06635 0.00474 0.06161 0.06635
GNM12551                       0.12796 0.03318 0.01422 0.05213 0.00948 0.03318 0.05687 0.07583 0.03318 0.05213 0.06161 0.02844 0.02844 0.03791 0.04739 0.05687 0.06635 0.00474 0.04265 0.13744
GNM12554                       0.14218 0.06635 0.00948 0.05213 0.02370 0.02370 0.06161 0.07583 0.03791 0.08057 0.04739 0.01422 0.02370 0.03318 0.05687 0.06635 0.03318 0.00474 0.05213 0.09479
GNM12592                       0.12322 0.05213 0.00948 0.04739 0.01422 0.02844 0.05213 0.09479 0.02370 0.06635 0.09005 0.00948 0.04739 0.01896 0.06161 0.06635 0.03791 0.00474 0.05213 0.09953
GNM12596                       0.10427 0.02844 0.01422 0.07109 0.01422 0.02844 0.04265 0.09005 0.02844 0.06161 0.09005 0.02844 0.02844 0.03318 0.04739 0.07583 0.04739 0.00474 0.06635 0.09479
GNM12602                       0.09953 0.05213 0.04265 0.03791 0.01422 0.02370 0.07109 0.08531 0.02844 0.08531 0.09005 0.01422 0.01896 0.02844 0.04739 0.05687 0.03791 0.00474 0.06635 0.09479
GNM12665                       0.09953 0.02844 0.02844 0.07109 0.01422 0.02370 0.04739 0.09005 0.02844 0.06635 0.08531 0.04265 0.02844 0.03318 0.04739 0.06161 0.03791 0.00474 0.06635 0.09479
GNM12745                       0.07109 0.01422 0.07583 0.04739 0.01422 0.01896 0.05687 0.05687 0.02844 0.12322 0.05687 0.06161 0.01422 0.02844 0.03791 0.07583 0.05213 0.00474 0.07583 0.08531
GNM12749                       0.09479 0.05213 0.01422 0.04739 0.02370 0.03791 0.05213 0.08057 0.03318 0.07109 0.06161 0.01896 0.04265 0.04265 0.04739 0.09479 0.05687 0.00474 0.05687 0.06635
GNM12758                       0.13876 0.04785 0.00957 0.05263 0.01914 0.00957 0.06220 0.08134 0.05263 0.09091 0.05742 0.00478 0.03349 0.01914 0.03828 0.06220 0.07177 0.00957 0.04785 0.09091
GNM12763                       0.08095 0.02381 0.02381 0.06190 0.01905 0.01905 0.04762 0.06667 0.03333 0.10952 0.07143 0.06190 0.01905 0.02857 0.03810 0.08571 0.06667 0.00952 0.05238 0.08095
GNM12766                       0.11374 0.00948 0.02844 0.06635 0.01422 0.01422 0.03318 0.07583 0.04265 0.11848 0.09479 0.05687 0.02844 0.03318 0.04739 0.06161 0.04739 0.00474 0.05687 0.05213
GNM12849                       0.09005 0.00948 0.02370 0.03791 0.01896 0.01896 0.08057 0.08531 0.02844 0.17062 0.04739 0.05213 0.01422 0.04265 0.04265 0.09005 0.03318 0.00948 0.04739 0.05687
GNM12869                       0.09005 0.01896 0.01422 0.05687 0.01422 0.02844 0.05213 0.08531 0.02844 0.09479 0.06635 0.05213 0.03791 0.03318 0.04265 0.09005 0.03791 0.00474 0.05687 0.09479
GNM12896                       0.09906 0.02358 0.02358 0.06604 0.01887 0.02358 0.03774 0.07547 0.03302 0.16038 0.04717 0.05660 0.01887 0.03774 0.03774 0.07547 0.05189 0.00943 0.04717 0.05660
GNM12897                       0.09479 0.01896 0.03318 0.04739 0.01896 0.03791 0.04265 0.08057 0.03318 0.15166 0.05687 0.06161 0.02370 0.03318 0.03791 0.07583 0.04265 0.00948 0.04739 0.05213
GNM12902                       0.07619 0.03810 0.05238 0.05714 0.00476 0.01905 0.04762 0.07143 0.03333 0.13333 0.09524 0.04762 0.00952 0.04286 0.04762 0.06667 0.03333 0.00952 0.07143 0.04286
GNM12903                       0.10900 0.03318 0.01422 0.04265 0.00474 0.01422 0.07109 0.08057 0.02370 0.09005 0.07109 0.05213 0.01422 0.04265 0.04265 0.07109 0.04265 0.01422 0.06635 0.09953
GNM12906                       0.10427 0.02370 0.01422 0.05213 0.00474 0.01896 0.04739 0.09479 0.02370 0.09005 0.08057 0.05213 0.00474 0.04265 0.04739 0.06635 0.04265 0.01422 0.06161 0.11374
GNM12907                       0.12796 0.02844 0.01422 0.05213 0.00474 0.01422 0.06635 0.08057 0.02844 0.09479 0.08057 0.04739 0.00948 0.05213 0.04265 0.07583 0.03318 0.01422 0.05687 0.07583
GNM12909                       0.10900 0.02844 0.01896 0.03791 0.00474 0.01896 0.07583 0.09005 0.02844 0.11848 0.07109 0.05213 0.00474 0.04739 0.04265 0.06161 0.05213 0.01422 0.05687 0.06635
GNM12915                       0.09479 0.05213 0.00948 0.05687 0.00474 0.01896 0.06635 0.07583 0.03318 0.10900 0.05687 0.03318 0.03318 0.05213 0.04265 0.05687 0.05213 0.00948 0.05687 0.08531
GNM10046                       0.09953 0.05213 0.01422 0.04739 0.00474 0.01896 0.06161 0.08057 0.03318 0.10900 0.06635 0.03791 0.02844 0.03791 0.03791 0.05213 0.05213 0.00948 0.06161 0.09479
GNM12918                       0.08531 0.05687 0.00948 0.05213 0.00474 0.01896 0.05213 0.07583 0.03318 0.12796 0.05213 0.03791 0.03791 0.05687 0.04739 0.07583 0.05213 0.00948 0.05213 0.06161
GNM12931                       0.10427 0.02370 0.01422 0.05687 0.00474 0.00948 0.05687 0.08057 0.03318 0.09953 0.11848 0.05213 0.00474 0.01896 0.04739 0.05213 0.04265 0.00474 0.07109 0.10427
GNM12938                       0.06667 0.02857 0.01905 0.05714 0.00476 0.01905 0.06190 0.06667 0.03810 0.09524 0.10000 0.05238 0.01905 0.03333 0.04762 0.08095 0.03810 0.00476 0.06190 0.10476
GNM12996                       0.07143 0.00952 0.02381 0.05238 0.00476 0.02857 0.06190 0.06667 0.03333 0.08095 0.10000 0.06667 0.02381 0.04286 0.04762 0.06190 0.03333 0.00476 0.07143 0.11429
GNM13018                       0.08095 0.01429 0.01429 0.04762 0.00476 0.02857 0.07143 0.06667 0.03333 0.07619 0.10476 0.06667 0.02857 0.03810 0.04762 0.06667 0.03333 0.00476 0.07143 0.10000
GNM13027                       0.07619 0.00952 0.03333 0.04762 0.00476 0.01905 0.06667 0.06190 0.03333 0.09524 0.08571 0.06190 0.04286 0.04286 0.04762 0.06667 0.04286 0.00476 0.06190 0.09524
GNM13046                       0.07583 0.00948 0.02844 0.03791 0.02844 0.01896 0.06161 0.08531 0.03318 0.13270 0.07109 0.07583 0.01422 0.04739 0.04265 0.06635 0.06161 0.00948 0.04265 0.05687
GNM13053                       0.13270 0.03791 0.00948 0.07109 0.00948 0.02844 0.02370 0.08057 0.03318 0.08057 0.11374 0.02370 0.00948 0.03318 0.03791 0.08531 0.03791 0.00948 0.06635 0.07583
GNM13074                       0.11374 0.03318 0.00948 0.05687 0.00474 0.01896 0.07109 0.07583 0.03318 0.10427 0.06161 0.03791 0.02844 0.04739 0.04265 0.05213 0.05213 0.00948 0.05213 0.09479
GNM10010                       0.10900 0.05687 0.00474 0.04265 0.00474 0.01422 0.07109 0.07109 0.03318 0.10427 0.07583 0.02844 0.02370 0.04739 0.04265 0.06161 0.05687 0.00948 0.05687 0.08531
GNM10014                       0.09953 0.05213 0.00948 0.05213 0.00474 0.01422 0.08057 0.08057 0.03318 0.10900 0.06161 0.01896 0.01896 0.05687 0.04265 0.05213 0.05687 0.00948 0.05213 0.09479
GNM13090                       0.09005 0.03318 0.00474 0.05213 0.00474 0.01896 0.07109 0.08057 0.03318 0.09953 0.07109 0.03791 0.02370 0.05213 0.04265 0.05687 0.06161 0.00948 0.05687 0.09953
GNM13118                       0.14151 0.03302 0.01887 0.04717 0.00472 0.01887 0.05189 0.06604 0.04245 0.07075 0.08962 0.03774 0.02358 0.04717 0.05189 0.06132 0.01887 0.00472 0.06132 0.10849
GNM13126                       0.09048 0.04286 0.02381 0.05714 0.00476 0.01429 0.05714 0.07143 0.02857 0.10000 0.07619 0.04286 0.03333 0.04286 0.04286 0.07143 0.04286 0.00476 0.07143 0.08095
GNM13128                       0.08571 0.03810 0.04286 0.05714 0.00476 0.01905 0.06190 0.05714 0.02857 0.12381 0.06667 0.03333 0.02857 0.03333 0.04762 0.07619 0.03810 0.00476 0.06190 0.09048
GNM13208                       0.13333 0.04286 0.00952 0.03810 0.00476 0.01429 0.07619 0.08571 0.02381 0.04762 0.09048 0.03810 0.00476 0.04762 0.04762 0.07619 0.02857 0.01429 0.06190 0.11429
GNM13210                       0.10798 0.03756 0.01408 0.04695 0.00469 0.01408 0.06573 0.09390 0.04225 0.05634 0.09859 0.03286 0.01878 0.02347 0.04225 0.06103 0.04225 0.00469 0.07042 0.12207
GNM12773                       0.08057 0.01422 0.02844 0.04739 0.02370 0.04265 0.04265 0.07109 0.02844 0.10427 0.09953 0.05687 0.02370 0.05213 0.03791 0.06635 0.05687 0.00474 0.05213 0.06635
GNM12769                       0.09005 0.02370 0.02370 0.03791 0.01896 0.03318 0.04265 0.07583 0.03318 0.12322 0.06635 0.05213 0.03791 0.03318 0.03318 0.11848 0.03791 0.00474 0.04739 0.06635
GNM12768                       0.11848 0.05687 0.00948 0.05687 0.00948 0.02844 0.03318 0.08531 0.02370 0.06635 0.08531 0.02844 0.02370 0.02844 0.03791 0.10427 0.03791 0.00474 0.05687 0.10427

Homogeneity statistic: X2 = 8.97665 G = 9.09477 

Average                        0.10069 0.03068 0.01877 0.05101 0.01301 0.02434 0.05513 0.07879 0.03277 0.09401 0.08043 0.04357 0.02446 0.03655 0.04323 0.07638 0.04575 0.00702 0.05708 0.08634
(Ambiguity characters are used to calculate freqs.)


# constant sites:      6 (2.79%)

TREE #  1:  ((((((((34, 122), 107), 49), 73), 74), (((109, 110), (75, 48)), (108, 111))), ((((((101, 100), 103), 102), 121), (51, 33)), 118)), ((((((((((((((((((36, 37), 35), 19), (46, 47)), 40), ((38, 39), 72)), 44), ((((((((42, 43), 41), 45), 96), (18, 7)), ((8, 6), 69)), ((10, 56), 95)), 61)), 112), (((70, 60), 17), 71)), (((97, 59), 98), 31)), ((((64, 5), (58, 12)), 22), (13, 55))), (65, 32)), (68, 57)), ((14, 113), ((29, 67), 11))), (((1, 66), (9, 2)), 30)), ((((27, 28), (3, 25)), (4, 23)), (26, 24))), ((((21, (123, 20)), (53, 54)), (124, 125)), ((16, 15), 52))), ((((((((((89, 87), 88), 78), 86), 77), (((85, 83), 91), 82)), (50, 62)), ((120, 119), (63, 99))), ((((((81, 80), 79), 94), 76), ((90, 92), 93)), 84)), ((((115, 116), 117), 114), ((106, 104), 105))));   MP score: -1
lnL(ntime:247  np:248): -23653.321682      +0.000000
 126..127 127..128 128..129 129..130 130..131 131..132 132..133 133..34  133..122 132..107 131..49  130..73  129..74  128..134 134..135 135..136 136..109 136..110 135..137 137..75  137..48  134..138 138..108 138..111 127..139 139..140 140..141 141..142 142..143 143..144 144..101 144..100 143..103 142..102 141..121 140..145 145..51  145..33  139..118 126..146 146..147 147..148 148..149 149..150 150..151 151..152 152..153 153..154 154..155 155..156 156..157 157..158 158..159 159..160 160..161 161..162 162..163 163..36  163..37  162..35  161..19  160..164 164..46  164..47  159..40  158..165 165..166 166..38  166..39  165..72  157..44  156..167 167..168 168..169 169..170 170..171 171..172 172..173 173..174 174..42  174..43  173..41  172..45  171..96  170..175 175..18  175..7   169..176 176..177 177..8   177..6   176..69  168..178 178..179 179..10  179..56  178..95  167..61  155..112 154..180 180..181 181..182 182..70  182..60  181..17  180..71  153..183 183..184 184..185 185..97  185..59  184..98  183..31  152..186 186..187 187..188 188..189 189..64  189..5   188..190 190..58  190..12  187..22  186..191 191..13  191..55  151..192 192..65  192..32  150..193 193..68  193..57  149..194 194..195 195..14  195..113 194..196 196..197 197..29  197..67  196..11  148..198 198..199 199..200 200..1   200..66  199..201 201..9   201..2   198..30  147..202 202..203 203..204 204..205 205..27  205..28  204..206 206..3   206..25  203..207 207..4   207..23  202..208 208..26  208..24  146..209 209..210 210..211 211..212 212..21  212..213 213..123 213..20  211..214 214..53  214..54  210..215 215..124 215..125 209..216 216..217 217..16  217..15  216..52  126..218 218..219 219..220 220..221 221..222 222..223 223..224 224..225 225..226 226..227 227..89  227..87  226..88  225..78  224..86  223..77  222..228 228..229 229..230 230..85  230..83  229..91  228..82  221..231 231..50  231..62  220..232 232..233 233..120 233..119 232..234 234..63  234..99  219..235 235..236 236..237 237..238 238..239 239..240 240..81  240..80  239..79  238..94  237..76  236..241 241..242 242..90  242..92  241..93  235..84  218..243 243..244 244..245 245..246 246..115 246..116 245..117 244..114 243..247 247..248 248..106 248..104 247..105
 0.105850 0.062689 0.008057 0.040366 0.000000 0.179952 0.074825 0.201385 0.153865 0.190437 0.674299 0.360974 0.855087 0.259525 0.048362 0.072614 0.029805 0.018919 0.030982 0.184986 0.072925 0.041264 0.110695 0.072908 0.031908 0.187250 0.120715 0.112232 0.018571 0.027164 0.081461 0.065307 0.074001 0.083146 0.178985 0.107375 0.246514 0.208089 0.367401 0.018262 0.053144 0.057595 0.117874 0.043442 0.050223 0.000000 0.179719 0.041602 0.023987 0.013769 0.191279 0.018034 0.000000 0.000000 0.003801 0.007650 0.011505 0.003789 0.000000 0.003825 0.011534 0.000000 0.015431 0.000000 0.011457 0.000000 0.011532 0.007716 0.011490 0.027067 0.050229 0.000000 0.011000 0.194041 0.045766 0.000000 0.072837 0.019391 0.000000 0.000000 0.000000 0.000000 0.016014 0.036196 0.006080 0.062603 0.056471 0.087831 0.000064 0.033668 0.092683 0.060591 0.065719 0.044690 0.003698 0.000000 0.060642 0.460465 0.090353 0.066353 0.036811 0.034657 0.053186 0.052764 0.181780 0.125570 0.073646 0.015369 0.028051 0.073476 0.042940 0.123691 0.082089 0.016737 0.086296 0.061567 0.089478 0.044497 0.029351 0.085011 0.012933 0.018689 0.141241 0.887438 0.186182 0.259418 0.181360 0.000000 0.000000 0.239236 0.000000 0.000000 0.000000 0.119608 0.149801 0.154904 0.358641 0.098321 0.150525 0.118766 0.116238 0.004988 0.044852 0.273761 0.185986 0.136321 0.324074 0.000000 0.000000 0.548844 0.187437 0.036185 0.054577 0.236180 0.015686 0.000000 0.027246 0.138771 0.122866 0.272823 0.020344 0.000463 0.140661 0.112606 0.197213 0.060430 0.044039 0.064518 0.047392 0.139069 0.145423 0.258046 0.088884 0.114229 0.067478 0.020200 0.040545 0.249982 0.276764 0.032315 0.282994 0.000000 0.000000 0.256234 0.047432 0.000000 0.120488 0.119454 0.009225 0.000000 0.101714 0.040388 0.097986 0.073867 0.045050 0.057320 0.077726 0.282773 0.322010 0.328069 0.264791 0.183571 0.073532 0.217415 0.174897 0.510857 0.545058 0.229748 0.083561 0.139801 0.330879 0.161891 0.128676 0.180827 0.247268 0.282755 0.181272 0.003853 0.034239 0.206910 0.045976 0.068032 0.061410 0.160925 0.099704 0.183936 0.092809 0.123552 0.128933 0.000000 0.720090 0.235550 0.206181 0.302905 0.602023 0.000000 0.012826 0.045120 0.066889 0.022437 0.074524 0.083326 0.037395 0.034024 0.088690 0.033735 0.080140 0.933178
