
Printing out site pattern counts


       142         72  P

GNM13746                        ---AAACCCE EEEEEGGGGG GHHHIKKKKK KKKKKKKKKL LLLMMPPQRR RRRRRSSSST TTTTVVYYYY YY
GNM13538                        ---AAVCCCA EEEETGGGGG GHHQIKKKKK KKKKKKRVVL LMVFIAPQKL RRRRRAASTM TTTTIVERYY YY
GNM13671                        ---ASLCCCE DELRKGGGGG NHHYLIKKKK KKKKQRKERL QLLLSPPQRK KKRRRAATTT KTTTQVARYY YY
GNM13876                        ---AP-AACA EEIRTGGGGG AHHHLN-KKK KRRSTNSHRL QS-L-PPQKS -K-RRAKPST NPQTKVLRYY YY
GNM13680                        ---AALCCCA DVEESGGGGG QHQHLTKKKK KKKTKKKTKL LYIVLPPQKR RRRRRAITAK TTTTMVERFF YY
GNM14837                        ---EAFCCCA REKEKGGGGG KHQHITKAKK KKKTKKTVAP LMISVPAQKI KKRRRAGTSK PTVTVVRRFY YY
GNM14249                        ---EAFCCCA REKEKGGGGG KHQHITKAKK KKKTKKTVAP LMISVPAQKI KKRRRAGTSK PTVTVVRRFY YY
GNM13928                        ---EAFCCCA REKEKGGGGG KHQHITKAKK KKKTKKTVAP LMISVPAQKL KKRRRAGTSK PTVTVVRRFY YY
GNM13297                        ---AAVCCCA EEEETGGGGG GHHQIKKKKK KKKKKKRVVL LMVFIAPQKL RRRRRAASTM TTTTIVERYY YY
GNM14865                        --GADLCCCR PEKREGGNNT GTHHKIRTKR RKKGKKSDPL VYAMWSPANK GGRRTKGHET GTPHTVWQFY IV
GNM13455                        ---EAFCCCA REKEKGGGGG KHQHITKAKK KKKTKKTVAP LMISIPAQTI KKRRRAGTSK PTVTVVRRFY YY
GNM14938                        ---AALCCCE EEIRKGGGGG GHHHLTKKKK RKKAENSKRL QLLLVPPQKV RNRRRASTST KTTTKVIRYY YY
GNM14483                        ---AAACCCA EIEGSGGGGG SQHHLKKKKK KKKHKKKEIL LLLGIPPQHR RRRRRSATAT TTTTAVWRFF YY
GNM14872                        ---AALCCCA DMEEAGGGGG QHQHITKKKK KKKTKKKTKL LYIVRPPQRR RRRRRATTAK TTTTIVERFF YY
GNM13855                        ---AALCCCA DVEEAGGGGG QHQHTTKKKK KKKTKKKAKL LYIGMPPQKR RRRRRAKTSK TTTTVVQRFF YY
GNM14445                        ---TALCCCA MIEQTGGGGG SHQHIKKAKK KKKKKDKEKL LLLSIPPQKK RRRRRAKVSK KTTTQIIHFY YY
GNM14366                        ---EALCCCE RLKEKGGGGG KHQHLSKAKK KKKTKKPQAL LLLSIPPQKI RKRRRAGTSR PTTTQVIRFY YY
GNM14252                        ---EAFCCCA REKEKGGGGG KHQHITKAKK KKKTKKTVAP LMISVPAQKI KKRRRAGTSK PTVTVVRRFY YY
GNM13760                        ---EAFCCCA REKEKGGGGG KHQHITKAKK KKKTKKTVAP LMISVPAQKI KKRRRAGTSK PTVTVVARFY YY
GNM13982                        ---EAFCCCA RTKLKGGGGG KHMHITKAKK KKKSKKTTAL LEISIPPQKI RKRRRAGTSS PTTQVVARFY YY
GNM13960                        ---EAFCCCA RVKLKGGGGG KHQHITKAKK KKKKKKPEAQ LFITIPPQKI RKRRRAGTSR PTTVVIARFF YY
GNM14633                        ---EAFCCCA RTKLKGGGGG KHMHITKAKK KKKSKKTTAL LEISIPPQKI RKRRRAGTSA PTTQVVARFY YY
GNM14853                        ---EAFCCCA RTKLKGGGGG KHMHITKAKK KKKSKKTTAL LEISIPPQKI RKRRRAGTSA PTTQVVARFY YY
GNM14174                        ---EAICCCK RTLRSGGGGG GHHHLKKAKK KKKAKKRVRL QLLLIPPQKR RERRRAATST FTTQQVKHYY YY
GNM14748                        ---EAFCCCA RDKEKGGGGG KHQHITKAKK KKKTKKTVAP LMISVPAQKI KKRRRAGTSK PTVTVIRRFY YY
GNM14246                        -F-EALCCCN RPARTGGGGG GHHYLKKARK KKKLKKKTQL LLLLLRPHKK KRRRRSATST KTTQQVKQKY YY
GNM14640                        L--EALCCCE RPLRTGGGGG GHHHLKKAKK KKKSKKKTRL QFLLVPPQKK KKRRRAATST FTTQQVKQYY YY
GNM14965                        ---AALCCCA DVEEAGGGGG QHQHITKKKK KKKTKKKTKL LYMTIPSQKR RRRRRAARSK TTTTIVQRFF YY
GNM13677                        ---ASLCCCA EEIRTGGGGG GHHHLKKKKK KKKSDNVSRL QLLLIPPQKV RKRRRAKTST KTTTKVLRYY YY
GNM14339                        ---AALCCCE EEIRQGGGGG GHHHLTKKKP KKKADNSKRL QLLLIPPQKL RNRRRAGTTS KTTTKVIRYY YY
GNM14593                        ---AALCCCE EEIRKGGGGG NHHYLIKKKK KKKKQRKIRL QLLLIPPQRK KKRRRAATVT KTTTQVIRYY YY
GNM13825                        ---AALCCCE EEIRKGGGGG GHHHLTKKKK RKKAENNKRL QLLLVPPQKV RNRRRAATST KTTTKVIRYY YY
GNM14768                        ---ASLCCCE DEIRKGGGGG GHHHLIKKKK KKKKQRKERL QLLLIPHQRK RKRRRASTTT KTTTQVRHYY YY
GNM14776                        ---ASLCCCE DEIRKGGGGG GHHHLIKKKK KKKKQRKERL QLLLIPRQRK RKRRRASTTT KTTTQVRHYY YY
GNM14639                        ---AAACCCE EIERSGGGGG NHHHIKKKKR KKKAKKKQVL LLLSVPSQKK RRRRRSRTAT TTTTVVAHFY YY
GNM13795                        ---EAFCCCA RDKEKGGGGG KHQHITKAKK KKKTKKTVAP LMISVPAQKI KKRRRAGTSK PTVTVVRRFY YY
GNM14166                        ---EALCCCA RVKEKGGGGG KHQHITKAKK KKKKKNPEAP LMLSIPPQKI RKRRRAGTSR PTTTIVIRFF YY
GNM14450                        ---SALCCCA APEEAGGGGG NHHYLKKKKK KKKKKKKEKL LMVSMPPQKM RRRRRANVST TTTTQVLRFY YY
GNM13515                        ---EAFCCCA XTKLKGGGGG KHMHITKAKK KKKTKXSVAR LLISIPPQKL RKRRRAGTST PTTQVVARFY YY
GNM13745                        ---AAMCCCE QLEETGGGGG SHHHIKKAKK KKKKKKQDKL LYISLPPQSR RRRRRSGTSH TTTQVVLRFY YY
GNM14959                        ---QALCCCL REKRTGGGSG GYHYIQKHRK SKKAKNRQKV QLLLGPPSRK KRRRRANVTV FTTTIVERKY YY
GNM13413                        ---EAACCCA REERSGGGSG GYHHIKKHRK KKKTKRQKKL QLLLIPPKRK KRRRRASVTT FTVTTVERKY YY
GNM14971                        ---EAFCCCA RVKLKGGGGG KHQHITKAKK KKKKKNPEAQ LFITIPPQKV RKRRRAGTSR PTTVVIARFF YY
GNM14990                        ----AIIV-- --K---R-TV K----YK-I- -KK-K-PRAQ LII-IP-K-D QKR----T-- PTT-V---S- W-
GNM15005                        ---EAFCCCA RVKLKGGGGG KHQHITKAKK KKKKKNPEAQ LFITIPPQKV RKRRRAGTSR PTTVVIARFF YY
GNM15013                        ---EAFCCCA RVKLKGGGGG KHQHITKAKK KKKKKKPEAQ LFITIPPQKI RKRRRAGTSR PTTVVIARFF YY
GNM14976                        ---EAFCCCA RVKLKGGGGG KHQHITKAKK KKKKKNPEAQ LFITIPPQKI RKRRRAGTSR PTTVVIARFF YY
GNM14995                        ---EC----A R-KLKGGGG- -HM-I--AKK KKK-K---AA L--M-P-Q-N -K-RRAGYS- TYN-GVARF- YY
GNM15025                        ---EAFCCCA RIKLKGGGGG KHQHITKAKK KKKKKKPDAQ LFITIPPQKI RKRRRAGTSR PTTTVVARFF YY
GNM15024                        ---EAFCCCA REKEKGGGGG KHQHITKAKK KKKTKKTVAP LMISVPAQKI KKRRRAGTSK PTVTVVRRFY YY
GNM14980                        ---EAFCCCA REKEKGGGGG KHQHITKAKK KKKTKKTVAP LMISVPAQKI KKRRRAGTSK PTVTVVRRFY YY
GNM15026                        ---EAFCCCA RIKLKGGGGG KHQHITKAKK KKKKKKPEAQ LFITIPPQKI KKRRRAGTSR PTTSVIARFF YY
GNM15001                        ---EAFCCCA REKEKGGGGG KHQHITKAKK KKKTKKTVAP LMISVPAQKI KKRRRAGTSK PTVTVVRRFY YY
GNM11003                        ---QAMCCCD RPERSGGGGG GYHHLKKGRK KKKTKKTKKL QLILMPPQKM KRRRRATVST FTVTAVERKY YY
GNM11023                        ---EALCCCR REERRGGGSG GYHHQTRARK RKKTKNTVKL QILMIPPQRV KRRRRAAVAT FTVTQVLRRY YY
GNM11055                        --GNDFCCCK ALKREGGINK KKHHRRRKKK SKRKKGTEPI VFALWSRLYR KGRRSNSNET GTPTVVWQFF VV
GNM11146                        ---QYVCCCE REKRTGGGSG GYHYQTKTRK TKKTKRRQKL QLLLGPPSRK RTRRRSTTTT FTVTVVERKY YY
GNM11219                        ---EAMCCCE RVLETGGGGG GHFHLRRAKK KKKTKRKERL LMMLVPPQRK KRRRRSATTT KTTRQVWRYY YY
GNM11220                        ---AAICCCE EPEWTGGGGG GHHKIKKKKR RKKATNRKRL QLLLVPPQRK RRRRSRAVST KTTTQVKHFY YY
GNM11222                        ---AAACCCE EPERTGGGGG GHHHLTKKKK KKKSKRKKKM LLLLIPPQKK KRRRRATTTA TTTTAVAHYY YY
GNM11223                        ---EALCCCE RPIRSGGGGG GHHHLQKEKK KKKAKKTVRL LLLLIPPQRK RRRRRAATST KTTKQVKHYY YY
GNM11224                        ---EALCCCE RPMRAGGGGG GHHHLRKEKK KKKAKRTVRL LLLLIPPQRK KRRRRAATST KTTKQVKHYY YY
GNM11225                        ---EAICCCK REMRTGGGGG GHHHLRREKK KKKTKRTERL LLLLIPPQRK RRRRRAATST KTTTQVRHYY YY
GNM11358                        ---AALCCCA DTEEAGGGGG QHQHTTKKKK KKKTKKKTKL LYIGMPPQKR RRRRRAKTSK TTTTVVQRFF YY
GNM11360                        ---EAFCCCA REKEKGGGGG KHQHITKAKK KKKTKKTVAP LMISIPAQTI KKRRRAGTSK PTVTVVRRFY YY
GNM11362                        ---VAVCCCE EVEETGGGGG GHHHLKKKKK KKKKKKKDKL QFLTIPPQRK RRRRRAGLST TTTTQIWRYY YY
GNM11367                        ---EAFCCCA RTKLKGGGGG KHMHITKAKK KKKSKKTTAL LEISIPPQKI RKRRRAGTSS PTTQVVARFY YY
GNM11377                        ---AALCCCA DMEESGGGGG QHQHITKKKK KKKTKKKTKL LYIVRPPQRR RRRRRATTAK TTTTIVERFF YY
GNM11380                        ---EALCCCA RLKEKGGGGG KHHHITKAKK KKKKKKPEAP LMLSIPPQKI RKRRRAGTSR PTTTIVIRFY YY
GNM11383                        ---EALCCCE RLKEKGGGGG KHQHLTKAKK KKKTKKPQAL LFLSIPPQKI RKRRRAGTAR PTTTQVIRFY YY
GNM11491                        ---EAFCCCA RTKEKGGGGG KHQHITKAKK KKKKKKPDAR LLVSLPPQKL KKRRRAATSR PTVTVVIRFY YY
GNM11804                        --GNDFCCCK QIKREGGINK GKHHKRRKKK GKRKKNTEPI VWVLWSKLYR KGRRSKANET GTPTVIWQFF VV
GNM11805                        ---QEFCCCR AVRRDRGGGG KFHHRKKKPK RKRKKKTVEL YLALQPPFYR KGRRSREAET RTPTIVARRY YV
GNM12886                        ---AALCCCA DVEEAGGGGG QHQHLTKKKK KKKTKKKTKL LYIVLPPQRR RRRRRARTAK TTTTMVERFF YY
GNM12895                        ---SALCCCA APEEAGGGGG NHHYLKKKKK KKKKKKKEKL LMVSMPPQKM RRRRRANVST TTTTQVLRFY YY
GNM13060                        ---AAACCCE EEEEEGGGGG GHHHIKKKKK KKKEKRKKKL LLLMMPPQRK RRRRRSSTST TTTTVVYYYY YY
GNM13061                        ---AATCCCE EQEKEGGGGG GHHYIKKKKK KKKKKKKEKL LLLMMPPQKK RRRRRSSTST TTTTVVLYYY YY
GNM13062                        ---AAACCCA EVEGSGGGGG NQHHLKKRKK KKKKKGKEIL LLLGIPPQWR RRRRRSATAT TTTTAVWRFN YY
GNM13066                        ---AALCCCE QVEKVGGGGG SHNHIKKAKK KKKKKNKEKL LYISFPPQKR RRRRRSGTSR TTTTIILTFH YY
GNM11034                        ---AALCCCE EEIRKGGGGG GHHHITKKKK RKKAENSKRL QLLLVPPQKV RNRRRAATST KTTTKVIRYY YY
GNM11363                        ---VAVCCCE EVEETGGGGG GHHHLKKKKK KKKKKKKDKL QFLTIPPQRK RRRRRAGLST TTTTQIWRYY YY
GNM11381                        ---EALCCCE RAKEKGGGGG KHQHLTKAKK KKKTKKPTAL LFLSIPPQKI RKRRRAGTAR PTTTQVIRFY YY
GNM11382                        ---EALCCCN RLKEKGGGGG KHQHLTKAKK KKKTKKPQAL LFLSIPPQKI RKRRRAGTAR PTTTQVIRFY YY
GNM11799                        ---EAFCCCA RIKLKGGGGG KHQHITKAKK KKKKKNPEAQ LFITIPPQKI RKRRRAGVSR PTTTVVARFF YY
GNM11841                        --GDDLCCCE QEKREGGING GRHHKRRSKR RKKEKNGEPL VYAMWSPDHK GGRRTKGDET GTPQTVWQFY IV
GNM11931                        --GANLCCCK SQKREGGDNS GTLHKRRSRR RKRENDSEPL VYAMWSPHNK GVRRSKGDES GTPHTAWRFY IV
GNM12040                        --GADLCCCR SEKREGGNNT GTHHKIRTKR RKKTKDSDPL VYAMWSPAHK GGRRTKGNET GTPHTVWQFY IV
GNM12071                        --GADLCCCR AEKREGGDNT GRHHKRRSGR RKKSKDGDPL VYAMWSPANK GGRRTKGHET GTPQTVRQYY IV
GNM12125                        ---EAVCCCR RQERSGGGSG GYHHVKKHRK KKKTKRQKKL QLLLIPPKRK KRRRRASVTT FTVTIVERKY YY
GNM12126                        ---EALCCCR RPERAGGGSG GYHHLRKHRK KKNTKKKNKV QLLLGPPQRK KRRRRAAVSR FTVTQVQRKY YY
GNM12128                        ---QAACCCL RDERSGGGSG GYHHIKRHRK KKKTKKSKKL QILLIPPKRK KRRRRATVTT FTVTVVARKY YY
GNM12182                        ---QALCCCN RDVRSGGGSG GYHHLKKGRK KKKTKKQKKL PFVIMPPTKM KRRRRAETSA FTVTQIERKY YY
GNM12342                        ---QSFCCCR PILRIGGGGG GFHHKKRKPK KKKKKKTEDL PFSLFPPFYR GRRRSTEDER -VPTIVWQRY YA
GNM12346                        --GEDFCCCR AEKREGGING KKHHRRKKKR KKRTKKLKPL VYALFSPRFR QGKRSTMNET GTPQVVRQFY IV
GNM12351                        --GADFCCCK AEKRIGGING NKHHRRKKKK KKRTKKATPL VYAMFSPSSK KGRRSTAQET GTPTVAHQFY IV
GNM12356                        ---QAFCCCR ALLRTRGGGG GFHHRKMKPK KKKVKKSASL PYALYPPYYR RGRRSTEDER -IPTLVWQRY YA
GNM12357                        ---QAFCCCR AALRTRGGGG GFHHRKMKPK KKKKKKSEGL PYALFPPYYR RGRRSKEDER -IPTLVWQRY YA
GNM12366                        ---QAFCCCR AALRTRGGGG GFHHKKIKPK KKKKKKAEGL PYALFPPYYR RGRRSKEDER -IPTLVWQRY YA
GNM12373                        --GDDFCCCA TEKREGGINN GKHHRRKKKK KKKKKRKEPM VYALYGPRYR GGRRTHGNET GTPTIVWQFY VV
GNM12385                        --GDDFCCCA VVKREGGINT GKHHKRKKKK KKKNKRTVPV VYIFFNPMFR GGRRRNHNVT GTPQIVWQFY VV
GNM12551                        ---QELCCCE AIKRENGGGG GFHHRRTKPP KKKKKRTESL PYAMWPPFYR GGRRRSKDET -TPTVVWQRY YA
GNM12554                        --GDDFCCCA TIKRESGINK GKHHKRKKKK KKKNKRTTPV VYVLFSPMFR AGRRTHGNET GTPQIVWQFY VV
GNM12592                        --GADFCCCA ATKRTGGING KKHHRRKRKQ RKRKKKSLPL VYLMISPQFR GGRRRTSNEA GTPTVVRQFH TV
GNM12596                        --GADFCCCK AEKRVGGING KKVHRRKKKQ KKRTKKTVPL VYAMFSPSFR KGRRSTSWET GTPNIVHQFY IV
GNM12602                        --GADFCCCN AEKRVGGING KKIHRRKKKQ RKRTKKTVPL VYAMFSPSYR KGRRSTSWES GTPQIVRQFY IV
GNM12665                        --GADFCCCQ AEKRVGGING KKHHRRKKKQ KKRTKKTVPL VYAMFSPSFR KGRRSTSWET GTPQIAHQFY IV
GNM12745                        ---QSVCCCR AVLRERRGGG GFHHTKKKPK KKKKKKKESL PYVLIPPYKR GGRRSKEDHT -IPTLVWQRY YA
GNM12749                        --GDDFCCCA TEKREGGINQ KKHHKRKKKK KKKKKHTAPI VYVLFSPMFR GGRRTHGNET GTPEVVWQFY VV
GNM12758                        ---QNVCCCR AVLRERRGGG GFHHEKRRPK KKKKKRKESL PLALFPPYNR GGRRSKEDLT -VPTLVWQRY YS
GNM12763                        ---QSICCCR ATLRERRGGG GFHHERRRPK KKKKKRKESL PFALFPPYYR GGRRSKEDFR -TPTVVWQRY YS
GNM12766                        ---QAFCCCR AELRIRGGGG GFHHRKKKPK KKKKKKTVDL PYVLFPPYYR SNRRSTEDER -TPTLVWQRY YA
GNM12841                        --GADLCCCR SEKREGGDNV GTHHKRRSRR RKKSKHSEPL VYATWSPAHK GGRRSKGDET GTPFTVWRFY IV
GNM12849                        ---EAFCCCA REKEKGGGGG KHQHITKAKK KKKTKKTVAP LMISIPAQKI RKRRRAGTSK PTTTVVRRFY YY
GNM12869                        ---EAFCCCA REKEKGGGGG KHQHITKAKK KKKTKKTVAP LMISVPAQKI KKRRRAGTSK PTVTVVRRFY YY
GNM12896                        ---EALCCCA RLKEKGGGGG KHHHITKAKK KKKKKKPEAP LMLSIPPQKI RKRRRAGTSR PTTTIVIRFY YY
GNM12897                        ---EALCCCA RLKEKGGGGG KHHHITKAKK KKKKKKPEAP LMLSIPPQKI RKRRRAGTSR PTTTLVIRFY YY
GNM12902                        ---QEFCCCR ATRRDRGGGG KFHHRRKKPK RKRKKKTVEL YLALIPPFYR KGRRSKEAEA RTPTIVARRY YV
GNM12903                        ---QAVCCCE RKKRNGGGSG GYHYNTKAPQ HKKAKNSKKL QFMLGPPTRV KRRRRASTSM FNVTVVERKY YY
GNM12906                        ---QAVCCCE RKKRSGGGSG GYHHNTKAPQ HKKAKNSKKL QFMLKPPTRV KRRRRATTSM FNVTVVERKY YY
GNM12907                        ---QAVCCCE RQKRSGGGSG GYHYNTKGPQ HKKTKNTKKL QFMLGPPTRV KRRRRASTSM FNVTVVERKY YY
GNM12909                        ---QAVCCCE RKKRTGGGSG GYHYHTKAPQ HKKTKNTKKL QFMLGPPTRV KRRRRATTSK FNVTVVERKY YY
GNM12915                        ---QEFCCCR RIKRKRGGGG GFHHRRKKPP KKKRKKTVEL PFVLFPPFFR KGRRSSEDET RVPTLVARRY YV
GNM10046                        ---QEFCCCR RIKRKRGGGG GFHHRRKKPP KKKKKKTEEL PFVLFPPFFR KGRRSSEDET RVPTLVARRY YV
GNM12918                        ---QEFCCCR RIKRKRGGGG GFHHRVRRPP KKKRKKTVEL PFVLFPPFYR KGRRSSEDET RVPTLVARRY YV
GNM12931                        ---EAYCCCA RPEATGGGSG GYHHIKKHRK KKKTKKRQKL QLMLISPKRK KRRRRASVTT FTVTVVERKF YY
GNM12938                        ---QALCCCE REERSGGGSG SYHHLKKGRK KKKTKKQKKL QLLLMPPKKV KRRRRASTST FTTTQVERKY YY
GNM12996                        ---QALCCCE RDERSGGGSG GYHHLKKSRK KKKTKKSKKL QLVLIPPKKV KRRRRANTST FTVTQVERKY YY
GNM13018                        ---QALCCCE RDERSGGGSG GYHHLKKSRK KKKTKKSKKL QLVLIPPKKV KRRRRANTST FTVTQVERKY YY
GNM13027                        ---QAICCCD REERSGGGSG GYHHLKKGRK KKKTKKQKKL QLMLLPPKKV KRRRRSTTST FTTTQVERKY YY
GNM13046                        ---EAVCCCA RKKEKGGGGG KHQHQTKAKK KKKTKNTIAP LLISIPPQKI RKRRRAGTTR PTTTFMIRFY YY
GNM13053                        ---EALCCCA VVEETGGGGG GHHHLKKKKK KKKKKKKDKL LLLAIPSKKK RRRRRAKTST TTTTQIIRFY YY
GNM13074                        ---QEFCCCR RIKRKRKGGG GFHHKRKKPP KKKKKKTVEL PFVLFPPFFR KGRRSSEDET RVPTLVARRY YV
GNM10010                        ---QEFCCCR RINRKRHGGG GFHHKRKKPP KKKKKKTVAL PFVLFPPFYR KGRRSSEDET RVPTLVQRRY YV
GNM10014                        ---QEFCCCR RINRKRTGGG GFHHKRKKPP KKKRKKTVAL PFVLFPPFFR KGRRSSEDET RVPTLVARRY YV
GNM13090                        ---QEFCCCR RINRKRRGGG GFHHKRKKPP KKKKKKTVAL PFVLFPPFFR KGRRSSEDET RVPTLVQRRY YV
GNM13118                        ---QALCCCL REEREGGGSG GYHYLKKARK KKKTKKKVKL QLLLIPPKRK KRRRRATVTT TTVTQVERKY YY
GNM13126                        ---QEFCCCR ASKRSRGGGG HFHHRVKKPK RKRKKKDEEL FLALIPPFYR KGRRSKEAET RTPTIVARRY YV
GNM13128                        ---QEFCCCR ATRRSRGGGG HFHHRVKKPK RKRKKKDEEL FLALIPPFYR KGRRSKEAET RTPTIVARRY YV
GNM13208                        ---QAVCCCN REKRTGGGSG GYHHITKQPK HKKAKNSKKL QLMLGPPSRV KRRRRSEASA FNITVVERKY YY
GNM13210                        ---EAACCCA RDERSGGGSG GYHHIKKHRK KKKTKRTKKL QLLLIPPKKK KRRRRASVAT FTVTTVERKY YY
GNM12773                        ---EAMCCCE RILRSGGGGG NHHHLKKAKK KKKNKKKVRL QLLLIPPQRR TERRRAATST FTTQQVERYY YY
GNM12769                        ---VALCCCE EVERSRGGGG GHHHLKKKKK KKKHKRKDKI LLLLKPPQKM SRRRRASVST TTTTQVARWN YY



    1    1    1    1    1    1    1    1    2    1    1    1    1    1    1
    1    1    1    1    1    1    1    1    1    1    1    1    1    1    1
    1    1    1    1    1    1    1    1    1    1    1    1    1    1    1
    1    1    1    1    1    1    1    1    1    1    1    1    1    1    1
    1    1    1    1    1    1    1    1    1    1    1    1

AAML (in paml version 4.9h, March 2018)  tmp0049.txt
Model: Empirical,  (../wag.dat) dGamma (ncatG=4) ns = 142  ls =  73


Frequencies..
                                    A      R      N      D      C      Q      E      G      H      I      L      K      M      F      P      S      T      W      Y      V
GNM13746                       0.04286 0.10000 0.00000 0.00000 0.05714 0.01429 0.08571 0.08571 0.04286 0.01429 0.05714 0.20000 0.02857 0.00000 0.02857 0.05714 0.07143 0.00000 0.08571 0.02857
GNM13538                       0.08571 0.10000 0.00000 0.00000 0.05714 0.02857 0.07143 0.08571 0.02857 0.04286 0.04286 0.17143 0.02857 0.01429 0.01429 0.01429 0.08571 0.00000 0.05714 0.07143
GNM13671                       0.05714 0.11429 0.01429 0.01429 0.05714 0.05714 0.04286 0.07143 0.02857 0.01429 0.10000 0.20000 0.00000 0.00000 0.02857 0.02857 0.08571 0.00000 0.07143 0.01429
GNM13876                       0.09375 0.10937 0.04688 0.00000 0.03125 0.04688 0.03125 0.07812 0.06250 0.01563 0.06250 0.12500 0.00000 0.00000 0.07812 0.07812 0.06250 0.00000 0.06250 0.01563
GNM13680                       0.07143 0.10000 0.00000 0.01429 0.05714 0.04286 0.04286 0.07143 0.02857 0.02857 0.07143 0.18571 0.01429 0.02857 0.02857 0.01429 0.11429 0.00000 0.04286 0.04286
GNM14837                       0.08571 0.08571 0.00000 0.00000 0.05714 0.02857 0.04286 0.08571 0.02857 0.04286 0.01429 0.21429 0.01429 0.02857 0.04286 0.02857 0.08571 0.00000 0.04286 0.07143
GNM14249                       0.08571 0.08571 0.00000 0.00000 0.05714 0.02857 0.04286 0.08571 0.02857 0.04286 0.01429 0.21429 0.01429 0.02857 0.04286 0.02857 0.08571 0.00000 0.04286 0.07143
GNM13928                       0.08571 0.08571 0.00000 0.00000 0.05714 0.02857 0.04286 0.08571 0.02857 0.02857 0.02857 0.21429 0.01429 0.02857 0.04286 0.02857 0.08571 0.00000 0.04286 0.07143
GNM13297                       0.08571 0.10000 0.00000 0.00000 0.05714 0.02857 0.07143 0.08571 0.02857 0.04286 0.04286 0.17143 0.02857 0.01429 0.01429 0.01429 0.08571 0.00000 0.05714 0.07143
GNM14865                       0.04225 0.09859 0.04225 0.02817 0.05634 0.01408 0.04225 0.12676 0.05634 0.02817 0.02817 0.12676 0.01408 0.01408 0.05634 0.02817 0.09859 0.02817 0.02817 0.04225
GNM13455                       0.08571 0.08571 0.00000 0.00000 0.05714 0.02857 0.04286 0.08571 0.02857 0.05714 0.01429 0.20000 0.01429 0.02857 0.04286 0.02857 0.10000 0.00000 0.04286 0.05714
GNM14938                       0.05714 0.11429 0.02857 0.00000 0.05714 0.02857 0.05714 0.08571 0.04286 0.02857 0.08571 0.15714 0.00000 0.00000 0.02857 0.04286 0.08571 0.00000 0.05714 0.04286
GNM14483                       0.10000 0.10000 0.00000 0.00000 0.05714 0.02857 0.04286 0.10000 0.05714 0.04286 0.07143 0.15714 0.00000 0.02857 0.02857 0.04286 0.08571 0.01429 0.02857 0.01429
GNM14872                       0.08571 0.12857 0.00000 0.01429 0.05714 0.04286 0.04286 0.07143 0.02857 0.04286 0.04286 0.17143 0.01429 0.02857 0.02857 0.00000 0.12857 0.00000 0.04286 0.02857
GNM13855                       0.08571 0.10000 0.00000 0.01429 0.05714 0.05714 0.02857 0.08571 0.02857 0.01429 0.04286 0.20000 0.01429 0.02857 0.02857 0.01429 0.11429 0.00000 0.04286 0.04286
GNM14445                       0.05714 0.07143 0.00000 0.01429 0.05714 0.05714 0.02857 0.07143 0.04286 0.07143 0.07143 0.22857 0.01429 0.01429 0.02857 0.04286 0.07143 0.00000 0.04286 0.01429
GNM14366                       0.05714 0.10000 0.00000 0.00000 0.05714 0.05714 0.04286 0.08571 0.02857 0.04286 0.10000 0.18571 0.00000 0.01429 0.05714 0.04286 0.07143 0.00000 0.04286 0.01429
GNM14252                       0.08571 0.08571 0.00000 0.00000 0.05714 0.02857 0.04286 0.08571 0.02857 0.04286 0.01429 0.21429 0.01429 0.02857 0.04286 0.02857 0.08571 0.00000 0.04286 0.07143
GNM13760                       0.10000 0.07143 0.00000 0.00000 0.05714 0.02857 0.04286 0.08571 0.02857 0.04286 0.01429 0.21429 0.01429 0.02857 0.04286 0.02857 0.08571 0.00000 0.04286 0.07143
GNM13982                       0.08571 0.08571 0.00000 0.00000 0.05714 0.02857 0.02857 0.08571 0.02857 0.05714 0.04286 0.18571 0.01429 0.02857 0.04286 0.05714 0.10000 0.00000 0.04286 0.02857
GNM13960                       0.08571 0.10000 0.00000 0.00000 0.05714 0.04286 0.02857 0.08571 0.02857 0.07143 0.02857 0.20000 0.00000 0.05714 0.05714 0.01429 0.07143 0.00000 0.02857 0.04286
GNM14633                       0.10000 0.08571 0.00000 0.00000 0.05714 0.02857 0.02857 0.08571 0.02857 0.05714 0.04286 0.18571 0.01429 0.02857 0.04286 0.04286 0.10000 0.00000 0.04286 0.02857
GNM14853                       0.10000 0.08571 0.00000 0.00000 0.05714 0.02857 0.02857 0.08571 0.02857 0.05714 0.04286 0.18571 0.01429 0.02857 0.04286 0.04286 0.10000 0.00000 0.04286 0.02857
GNM14174                       0.07143 0.12857 0.00000 0.00000 0.05714 0.05714 0.02857 0.08571 0.05714 0.02857 0.08571 0.17143 0.00000 0.01429 0.02857 0.02857 0.07143 0.00000 0.05714 0.02857
GNM14748                       0.08571 0.08571 0.00000 0.01429 0.05714 0.02857 0.02857 0.08571 0.02857 0.05714 0.01429 0.21429 0.01429 0.02857 0.04286 0.02857 0.08571 0.00000 0.04286 0.05714
GNM14246                       0.05634 0.11268 0.01408 0.00000 0.05634 0.05634 0.01408 0.08451 0.04225 0.00000 0.12676 0.21127 0.00000 0.01408 0.02817 0.02817 0.08451 0.00000 0.05634 0.01408
GNM14640                       0.05634 0.08451 0.00000 0.00000 0.05634 0.07042 0.02817 0.08451 0.04225 0.00000 0.09859 0.21127 0.00000 0.02817 0.04225 0.02817 0.08451 0.00000 0.05634 0.02817
GNM14965                       0.08571 0.11429 0.00000 0.01429 0.05714 0.05714 0.02857 0.07143 0.02857 0.04286 0.04286 0.18571 0.01429 0.02857 0.01429 0.02857 0.11429 0.00000 0.04286 0.02857
GNM13677                       0.04286 0.10000 0.01429 0.01429 0.05714 0.02857 0.02857 0.08571 0.04286 0.02857 0.10000 0.18571 0.00000 0.00000 0.02857 0.05714 0.08571 0.00000 0.05714 0.04286
GNM14339                       0.05714 0.10000 0.02857 0.01429 0.05714 0.04286 0.04286 0.10000 0.04286 0.04286 0.10000 0.14286 0.00000 0.00000 0.04286 0.02857 0.08571 0.00000 0.05714 0.01429
GNM14593                       0.05714 0.11429 0.01429 0.00000 0.05714 0.05714 0.04286 0.07143 0.02857 0.07143 0.08571 0.20000 0.00000 0.00000 0.02857 0.00000 0.07143 0.00000 0.07143 0.02857
GNM13825                       0.07143 0.11429 0.04286 0.00000 0.05714 0.02857 0.05714 0.08571 0.04286 0.02857 0.08571 0.15714 0.00000 0.00000 0.02857 0.01429 0.08571 0.00000 0.05714 0.04286
GNM14768                       0.02857 0.12857 0.00000 0.01429 0.05714 0.05714 0.04286 0.08571 0.07143 0.04286 0.08571 0.18571 0.00000 0.00000 0.01429 0.02857 0.08571 0.00000 0.05714 0.01429
GNM14776                       0.02857 0.14286 0.00000 0.01429 0.05714 0.05714 0.04286 0.08571 0.05714 0.04286 0.08571 0.18571 0.00000 0.00000 0.01429 0.02857 0.08571 0.00000 0.05714 0.01429
GNM14639                       0.08571 0.11429 0.01429 0.00000 0.05714 0.02857 0.04286 0.07143 0.05714 0.02857 0.05714 0.17143 0.00000 0.01429 0.01429 0.05714 0.08571 0.00000 0.04286 0.05714
GNM13795                       0.08571 0.08571 0.00000 0.01429 0.05714 0.02857 0.02857 0.08571 0.02857 0.04286 0.01429 0.21429 0.01429 0.02857 0.04286 0.02857 0.08571 0.00000 0.04286 0.07143
GNM14166                       0.07143 0.10000 0.01429 0.00000 0.05714 0.02857 0.04286 0.08571 0.02857 0.07143 0.04286 0.18571 0.01429 0.02857 0.07143 0.02857 0.07143 0.00000 0.02857 0.02857
GNM14450                       0.07143 0.08571 0.02857 0.00000 0.05714 0.02857 0.04286 0.07143 0.02857 0.00000 0.07143 0.20000 0.04286 0.01429 0.04286 0.04286 0.07143 0.00000 0.05714 0.04286
GNM13515                       0.08824 0.08824 0.00000 0.00000 0.05882 0.02941 0.01471 0.08824 0.02941 0.04412 0.05882 0.17647 0.01471 0.02941 0.04412 0.04412 0.10294 0.00000 0.04412 0.04412
GNM13745                       0.04286 0.10000 0.00000 0.01429 0.05714 0.05714 0.04286 0.08571 0.05714 0.02857 0.07143 0.15714 0.01429 0.01429 0.02857 0.07143 0.07143 0.00000 0.05714 0.02857
GNM14959                       0.04286 0.14286 0.02857 0.00000 0.05714 0.05714 0.02857 0.08571 0.02857 0.02857 0.07143 0.14286 0.00000 0.01429 0.02857 0.04286 0.07143 0.00000 0.07143 0.05714
GNM13413                       0.05714 0.14286 0.00000 0.00000 0.05714 0.02857 0.05714 0.07143 0.04286 0.02857 0.05714 0.18571 0.00000 0.01429 0.02857 0.04286 0.08571 0.00000 0.05714 0.04286
GNM14971                       0.08571 0.10000 0.01429 0.00000 0.05714 0.04286 0.02857 0.08571 0.02857 0.05714 0.02857 0.18571 0.00000 0.05714 0.05714 0.01429 0.07143 0.00000 0.02857 0.05714
GNM14990                       0.05556 0.08333 0.00000 0.02778 0.00000 0.05556 0.00000 0.00000 0.00000 0.16667 0.02778 0.22222 0.00000 0.00000 0.08333 0.02778 0.11111 0.02778 0.02778 0.08333
GNM15005                       0.08571 0.10000 0.01429 0.00000 0.05714 0.04286 0.02857 0.08571 0.02857 0.05714 0.02857 0.18571 0.00000 0.05714 0.05714 0.01429 0.07143 0.00000 0.02857 0.05714
GNM15013                       0.08571 0.10000 0.00000 0.00000 0.05714 0.04286 0.02857 0.08571 0.02857 0.07143 0.02857 0.20000 0.00000 0.05714 0.05714 0.01429 0.07143 0.00000 0.02857 0.04286
GNM14976                       0.08571 0.10000 0.01429 0.00000 0.05714 0.04286 0.02857 0.08571 0.02857 0.07143 0.02857 0.18571 0.00000 0.05714 0.05714 0.01429 0.07143 0.00000 0.02857 0.04286
GNM14995                       0.13333 0.08889 0.04444 0.00000 0.02222 0.02222 0.02222 0.13333 0.02222 0.02222 0.04444 0.20000 0.04444 0.02222 0.02222 0.02222 0.02222 0.00000 0.08889 0.02222
GNM15025                       0.08571 0.10000 0.00000 0.01429 0.05714 0.04286 0.01429 0.08571 0.02857 0.07143 0.02857 0.20000 0.00000 0.05714 0.05714 0.01429 0.08571 0.00000 0.02857 0.02857
GNM15024                       0.08571 0.08571 0.00000 0.00000 0.05714 0.02857 0.04286 0.08571 0.02857 0.04286 0.01429 0.21429 0.01429 0.02857 0.04286 0.02857 0.08571 0.00000 0.04286 0.07143
GNM14980                       0.08571 0.08571 0.00000 0.00000 0.05714 0.02857 0.04286 0.08571 0.02857 0.04286 0.01429 0.21429 0.01429 0.02857 0.04286 0.02857 0.08571 0.00000 0.04286 0.07143
GNM15026                       0.08571 0.08571 0.00000 0.00000 0.05714 0.04286 0.02857 0.08571 0.02857 0.08571 0.02857 0.21429 0.00000 0.05714 0.05714 0.02857 0.07143 0.00000 0.02857 0.01429
GNM15001                       0.08571 0.08571 0.00000 0.00000 0.05714 0.02857 0.04286 0.08571 0.02857 0.04286 0.01429 0.21429 0.01429 0.02857 0.04286 0.02857 0.08571 0.00000 0.04286 0.07143
GNM11003                       0.04286 0.11429 0.00000 0.01429 0.05714 0.04286 0.02857 0.10000 0.02857 0.01429 0.05714 0.18571 0.04286 0.01429 0.04286 0.02857 0.08571 0.00000 0.05714 0.04286
GNM11023                       0.07143 0.20000 0.01429 0.00000 0.05714 0.05714 0.04286 0.07143 0.02857 0.02857 0.05714 0.08571 0.01429 0.01429 0.02857 0.01429 0.08571 0.00000 0.05714 0.07143
GNM11055                       0.02817 0.12676 0.05634 0.01408 0.05634 0.01408 0.04225 0.08451 0.02817 0.02817 0.04225 0.16901 0.00000 0.05634 0.02817 0.05634 0.05634 0.02817 0.01408 0.07042
GNM11146                       0.00000 0.15714 0.00000 0.00000 0.05714 0.05714 0.04286 0.08571 0.01429 0.00000 0.05714 0.12857 0.00000 0.01429 0.02857 0.04286 0.17143 0.00000 0.08571 0.05714
GNM11219                       0.04286 0.17143 0.00000 0.00000 0.05714 0.02857 0.05714 0.08571 0.02857 0.00000 0.07143 0.14286 0.04286 0.01429 0.02857 0.01429 0.10000 0.01429 0.05714 0.04286
GNM11220                       0.05714 0.14286 0.01429 0.00000 0.05714 0.04286 0.04286 0.08571 0.04286 0.02857 0.05714 0.15714 0.00000 0.01429 0.04286 0.02857 0.08571 0.01429 0.04286 0.04286
GNM11222                       0.10000 0.08571 0.00000 0.00000 0.05714 0.01429 0.04286 0.08571 0.05714 0.01429 0.07143 0.20000 0.01429 0.00000 0.04286 0.01429 0.12857 0.00000 0.05714 0.01429
GNM11223                       0.05714 0.12857 0.00000 0.00000 0.05714 0.04286 0.04286 0.08571 0.05714 0.02857 0.10000 0.17143 0.00000 0.00000 0.04286 0.02857 0.07143 0.00000 0.05714 0.02857
GNM11224                       0.07143 0.14286 0.00000 0.00000 0.05714 0.02857 0.04286 0.08571 0.05714 0.01429 0.10000 0.17143 0.01429 0.00000 0.04286 0.01429 0.07143 0.00000 0.05714 0.02857
GNM11225                       0.04286 0.18571 0.00000 0.00000 0.05714 0.02857 0.05714 0.08571 0.05714 0.02857 0.08571 0.12857 0.01429 0.00000 0.02857 0.01429 0.11429 0.00000 0.05714 0.01429
GNM11358                       0.07143 0.10000 0.00000 0.01429 0.05714 0.05714 0.02857 0.08571 0.02857 0.01429 0.04286 0.20000 0.01429 0.02857 0.02857 0.01429 0.14286 0.00000 0.04286 0.02857
GNM11360                       0.08571 0.08571 0.00000 0.00000 0.05714 0.02857 0.04286 0.08571 0.02857 0.05714 0.01429 0.20000 0.01429 0.02857 0.04286 0.02857 0.10000 0.00000 0.04286 0.05714
GNM11362                       0.02857 0.10000 0.00000 0.01429 0.05714 0.04286 0.05714 0.10000 0.04286 0.02857 0.05714 0.20000 0.00000 0.01429 0.02857 0.01429 0.10000 0.01429 0.05714 0.04286
GNM11367                       0.08571 0.08571 0.00000 0.00000 0.05714 0.02857 0.02857 0.08571 0.02857 0.05714 0.04286 0.18571 0.01429 0.02857 0.04286 0.05714 0.10000 0.00000 0.04286 0.02857
GNM11377                       0.07143 0.12857 0.00000 0.01429 0.05714 0.04286 0.04286 0.07143 0.02857 0.04286 0.04286 0.17143 0.01429 0.02857 0.02857 0.01429 0.12857 0.00000 0.04286 0.02857
GNM11380                       0.07143 0.10000 0.00000 0.00000 0.05714 0.01429 0.04286 0.08571 0.04286 0.07143 0.05714 0.20000 0.01429 0.01429 0.07143 0.02857 0.07143 0.00000 0.04286 0.01429
GNM11383                       0.07143 0.10000 0.00000 0.00000 0.05714 0.05714 0.04286 0.08571 0.02857 0.04286 0.08571 0.18571 0.00000 0.02857 0.05714 0.01429 0.08571 0.00000 0.04286 0.01429
GNM11491                       0.08571 0.10000 0.00000 0.01429 0.05714 0.02857 0.02857 0.07143 0.02857 0.02857 0.05714 0.21429 0.00000 0.02857 0.05714 0.02857 0.07143 0.00000 0.04286 0.05714
GNM11804                       0.01408 0.09859 0.05634 0.01408 0.05634 0.02817 0.04225 0.09859 0.02817 0.05634 0.02817 0.19718 0.00000 0.04225 0.02817 0.02817 0.05634 0.04225 0.01408 0.07042
GNM11805                       0.05714 0.20000 0.00000 0.01429 0.05714 0.02857 0.05714 0.07143 0.02857 0.01429 0.04286 0.14286 0.00000 0.04286 0.05714 0.01429 0.05714 0.00000 0.05714 0.05714
GNM12886                       0.08571 0.12857 0.00000 0.01429 0.05714 0.04286 0.04286 0.07143 0.02857 0.01429 0.07143 0.17143 0.01429 0.02857 0.02857 0.00000 0.11429 0.00000 0.04286 0.04286
GNM12895                       0.07143 0.08571 0.02857 0.00000 0.05714 0.02857 0.04286 0.07143 0.02857 0.00000 0.07143 0.20000 0.04286 0.01429 0.04286 0.04286 0.07143 0.00000 0.05714 0.04286
GNM13060                       0.04286 0.10000 0.00000 0.00000 0.05714 0.01429 0.10000 0.08571 0.04286 0.01429 0.05714 0.18571 0.02857 0.00000 0.02857 0.04286 0.08571 0.00000 0.08571 0.02857
GNM13061                       0.02857 0.07143 0.00000 0.00000 0.05714 0.02857 0.07143 0.08571 0.02857 0.01429 0.07143 0.22857 0.02857 0.00000 0.02857 0.04286 0.10000 0.00000 0.08571 0.02857
GNM13062                       0.10000 0.11429 0.02857 0.00000 0.05714 0.02857 0.04286 0.11429 0.02857 0.02857 0.07143 0.14286 0.00000 0.01429 0.02857 0.02857 0.08571 0.02857 0.02857 0.02857
GNM13066                       0.04286 0.10000 0.02857 0.00000 0.05714 0.02857 0.04286 0.08571 0.04286 0.05714 0.05714 0.18571 0.00000 0.02857 0.02857 0.05714 0.08571 0.00000 0.04286 0.02857
GNM11034                       0.07143 0.11429 0.02857 0.00000 0.05714 0.02857 0.05714 0.08571 0.04286 0.04286 0.07143 0.15714 0.00000 0.00000 0.02857 0.02857 0.08571 0.00000 0.05714 0.04286
GNM11363                       0.02857 0.10000 0.00000 0.01429 0.05714 0.04286 0.05714 0.10000 0.04286 0.02857 0.05714 0.20000 0.00000 0.01429 0.02857 0.01429 0.10000 0.01429 0.05714 0.04286
GNM11381                       0.08571 0.10000 0.00000 0.00000 0.05714 0.04286 0.04286 0.08571 0.02857 0.04286 0.07143 0.18571 0.00000 0.02857 0.05714 0.01429 0.10000 0.00000 0.04286 0.01429
GNM11382                       0.07143 0.10000 0.01429 0.00000 0.05714 0.05714 0.02857 0.08571 0.02857 0.04286 0.08571 0.18571 0.00000 0.02857 0.05714 0.01429 0.08571 0.00000 0.04286 0.01429
GNM11799                       0.08571 0.10000 0.01429 0.00000 0.05714 0.04286 0.02857 0.08571 0.02857 0.07143 0.02857 0.18571 0.00000 0.05714 0.05714 0.01429 0.07143 0.00000 0.02857 0.04286
GNM11841                       0.01408 0.11268 0.02817 0.05634 0.05634 0.04225 0.08451 0.14085 0.04225 0.02817 0.02817 0.11268 0.01408 0.01408 0.04225 0.02817 0.05634 0.02817 0.02817 0.04225
GNM11931                       0.04225 0.14085 0.05634 0.04225 0.05634 0.01408 0.05634 0.09859 0.04225 0.01408 0.04225 0.08451 0.01408 0.01408 0.04225 0.09859 0.04225 0.02817 0.02817 0.04225
GNM12040                       0.04225 0.09859 0.04225 0.04225 0.05634 0.01408 0.04225 0.11268 0.05634 0.02817 0.02817 0.11268 0.01408 0.01408 0.04225 0.04225 0.11268 0.02817 0.02817 0.04225
GNM12071                       0.05634 0.14085 0.02817 0.05634 0.05634 0.02817 0.04225 0.14085 0.04225 0.01408 0.02817 0.09859 0.01408 0.00000 0.04225 0.04225 0.07042 0.01408 0.04225 0.04225
GNM12125                       0.02857 0.15714 0.00000 0.00000 0.05714 0.04286 0.04286 0.07143 0.04286 0.02857 0.05714 0.18571 0.00000 0.01429 0.02857 0.04286 0.07143 0.00000 0.05714 0.07143
GNM12126                       0.05714 0.17143 0.02857 0.00000 0.05714 0.05714 0.02857 0.08571 0.04286 0.00000 0.07143 0.15714 0.00000 0.01429 0.04286 0.02857 0.04286 0.00000 0.05714 0.05714
GNM12128                       0.05714 0.14286 0.00000 0.01429 0.05714 0.02857 0.01429 0.07143 0.04286 0.04286 0.05714 0.18571 0.00000 0.01429 0.02857 0.04286 0.08571 0.00000 0.05714 0.05714
GNM12182                       0.04286 0.11429 0.01429 0.01429 0.05714 0.04286 0.02857 0.08571 0.02857 0.02857 0.04286 0.18571 0.02857 0.02857 0.04286 0.04286 0.07143 0.00000 0.05714 0.04286
GNM12342                       0.01449 0.13043 0.00000 0.02899 0.05797 0.02899 0.04348 0.10145 0.02899 0.04348 0.04348 0.14493 0.00000 0.07246 0.08696 0.04348 0.04348 0.01449 0.04348 0.02899
GNM12346                       0.02817 0.14085 0.02817 0.01408 0.05634 0.04225 0.05634 0.08451 0.02817 0.02817 0.04225 0.16901 0.01408 0.05634 0.04225 0.02817 0.05634 0.00000 0.02817 0.05634
GNM12351                       0.08451 0.08451 0.02817 0.01408 0.05634 0.02817 0.02817 0.08451 0.04225 0.04225 0.01408 0.18310 0.01408 0.04225 0.04225 0.05634 0.08451 0.00000 0.02817 0.04225
GNM12356                       0.07246 0.14493 0.00000 0.01449 0.05797 0.02899 0.02899 0.08696 0.02899 0.01449 0.07246 0.11594 0.01449 0.02899 0.07246 0.04348 0.04348 0.01449 0.08696 0.02899
GNM12357                       0.07246 0.14493 0.00000 0.01449 0.05797 0.02899 0.04348 0.10145 0.02899 0.01449 0.05797 0.14493 0.01449 0.04348 0.07246 0.02899 0.02899 0.01449 0.07246 0.01449
GNM12366                       0.08696 0.13043 0.00000 0.01449 0.05797 0.02899 0.04348 0.10145 0.02899 0.02899 0.05797 0.15942 0.00000 0.04348 0.07246 0.01449 0.02899 0.01449 0.07246 0.01449
GNM12373                       0.02817 0.11268 0.04225 0.02817 0.05634 0.01408 0.05634 0.12676 0.04225 0.02817 0.01408 0.16901 0.01408 0.02817 0.04225 0.00000 0.07042 0.01408 0.05634 0.05634
GNM12385                       0.01408 0.09859 0.07042 0.02817 0.05634 0.02817 0.01408 0.09859 0.04225 0.04225 0.00000 0.15493 0.01408 0.07042 0.04225 0.00000 0.05634 0.01408 0.02817 0.12676
GNM12551                       0.04348 0.13043 0.01449 0.01449 0.05797 0.02899 0.07246 0.10145 0.02899 0.01449 0.02899 0.11594 0.01449 0.02899 0.08696 0.02899 0.07246 0.02899 0.05797 0.02899
GNM12554                       0.02817 0.08451 0.04225 0.02817 0.05634 0.02817 0.02817 0.08451 0.04225 0.04225 0.01408 0.16901 0.01408 0.05634 0.04225 0.02817 0.08451 0.01408 0.02817 0.08451
GNM12592                       0.05634 0.15493 0.02817 0.01408 0.05634 0.04225 0.01408 0.09859 0.04225 0.02817 0.04225 0.12676 0.01408 0.04225 0.04225 0.04225 0.08451 0.00000 0.01408 0.05634
GNM12596                       0.04225 0.09859 0.02817 0.01408 0.05634 0.02817 0.02817 0.08451 0.02817 0.04225 0.01408 0.16901 0.01408 0.05634 0.04225 0.05634 0.07042 0.01408 0.02817 0.08451
GNM12602                       0.04225 0.12676 0.02817 0.01408 0.05634 0.04225 0.02817 0.08451 0.01408 0.05634 0.01408 0.14085 0.01408 0.04225 0.04225 0.07042 0.05634 0.01408 0.04225 0.07042
GNM12665                       0.05634 0.09859 0.01408 0.01408 0.05634 0.05634 0.02817 0.08451 0.04225 0.04225 0.01408 0.15493 0.01408 0.05634 0.04225 0.05634 0.07042 0.01408 0.02817 0.05634
GNM12745                       0.02899 0.11594 0.00000 0.01449 0.05797 0.02899 0.04348 0.08696 0.04348 0.02899 0.05797 0.18841 0.00000 0.01449 0.07246 0.04348 0.04348 0.01449 0.05797 0.05797
GNM12749                       0.02817 0.07042 0.02817 0.02817 0.05634 0.02817 0.05634 0.09859 0.05634 0.02817 0.01408 0.18310 0.01408 0.05634 0.04225 0.01408 0.07042 0.01408 0.02817 0.08451
GNM12758                       0.02899 0.15942 0.02899 0.01449 0.05797 0.02899 0.05797 0.08696 0.02899 0.00000 0.08696 0.13043 0.00000 0.02899 0.07246 0.04348 0.02899 0.01449 0.04348 0.05797
GNM12763                       0.02899 0.18841 0.00000 0.01449 0.05797 0.02899 0.05797 0.08696 0.02899 0.01449 0.04348 0.11594 0.00000 0.05797 0.07246 0.05797 0.04348 0.01449 0.05797 0.02899
GNM12766                       0.04348 0.13043 0.01449 0.02899 0.05797 0.02899 0.04348 0.07246 0.02899 0.01449 0.05797 0.14493 0.00000 0.04348 0.07246 0.02899 0.05797 0.01449 0.07246 0.04348
GNM12841                       0.04225 0.14085 0.01408 0.04225 0.05634 0.00000 0.05634 0.11268 0.05634 0.01408 0.02817 0.09859 0.00000 0.02817 0.04225 0.08451 0.07042 0.02817 0.02817 0.05634
GNM12849                       0.08571 0.10000 0.00000 0.00000 0.05714 0.02857 0.04286 0.08571 0.02857 0.05714 0.01429 0.20000 0.01429 0.02857 0.04286 0.02857 0.10000 0.00000 0.04286 0.04286
GNM12869                       0.08571 0.08571 0.00000 0.00000 0.05714 0.02857 0.04286 0.08571 0.02857 0.04286 0.01429 0.21429 0.01429 0.02857 0.04286 0.02857 0.08571 0.00000 0.04286 0.07143
GNM12896                       0.07143 0.10000 0.00000 0.00000 0.05714 0.01429 0.04286 0.08571 0.04286 0.07143 0.05714 0.20000 0.01429 0.01429 0.07143 0.02857 0.07143 0.00000 0.04286 0.01429
GNM12897                       0.07143 0.10000 0.00000 0.00000 0.05714 0.01429 0.04286 0.08571 0.04286 0.05714 0.07143 0.20000 0.01429 0.01429 0.07143 0.02857 0.07143 0.00000 0.04286 0.01429
GNM12902                       0.07143 0.20000 0.00000 0.01429 0.05714 0.01429 0.05714 0.07143 0.02857 0.02857 0.04286 0.14286 0.00000 0.04286 0.05714 0.01429 0.05714 0.00000 0.05714 0.04286
GNM12903                       0.05714 0.11429 0.05714 0.00000 0.05714 0.04286 0.02857 0.08571 0.02857 0.00000 0.02857 0.14286 0.02857 0.02857 0.04286 0.05714 0.05714 0.00000 0.07143 0.07143
GNM12906                       0.05714 0.11429 0.04286 0.00000 0.05714 0.04286 0.02857 0.07143 0.04286 0.00000 0.02857 0.15714 0.02857 0.02857 0.04286 0.05714 0.07143 0.00000 0.05714 0.07143
GNM12907                       0.02857 0.11429 0.04286 0.00000 0.05714 0.05714 0.02857 0.10000 0.02857 0.00000 0.02857 0.12857 0.02857 0.02857 0.04286 0.05714 0.08571 0.00000 0.07143 0.07143
GNM12909                       0.04286 0.11429 0.02857 0.00000 0.05714 0.04286 0.02857 0.08571 0.04286 0.00000 0.02857 0.15714 0.01429 0.02857 0.04286 0.02857 0.11429 0.00000 0.07143 0.07143
GNM12915                       0.01429 0.18571 0.00000 0.01429 0.05714 0.01429 0.05714 0.08571 0.02857 0.01429 0.04286 0.14286 0.00000 0.08571 0.08571 0.02857 0.04286 0.00000 0.02857 0.07143
GNM10046                       0.01429 0.17143 0.00000 0.01429 0.05714 0.01429 0.07143 0.08571 0.02857 0.01429 0.04286 0.15714 0.00000 0.08571 0.08571 0.02857 0.04286 0.00000 0.02857 0.05714
GNM12918                       0.01429 0.20000 0.00000 0.01429 0.05714 0.01429 0.05714 0.08571 0.02857 0.01429 0.04286 0.11429 0.00000 0.07143 0.08571 0.02857 0.04286 0.00000 0.04286 0.08571
GNM12931                       0.05714 0.12857 0.00000 0.00000 0.05714 0.02857 0.04286 0.07143 0.04286 0.02857 0.04286 0.18571 0.01429 0.02857 0.02857 0.04286 0.08571 0.00000 0.05714 0.05714
GNM12938                       0.02857 0.11429 0.00000 0.00000 0.05714 0.05714 0.05714 0.07143 0.02857 0.00000 0.08571 0.20000 0.01429 0.01429 0.02857 0.07143 0.08571 0.00000 0.05714 0.02857
GNM12996                       0.02857 0.11429 0.01429 0.01429 0.05714 0.04286 0.04286 0.07143 0.02857 0.01429 0.07143 0.20000 0.00000 0.01429 0.02857 0.07143 0.07143 0.00000 0.05714 0.05714
GNM13018                       0.02857 0.11429 0.01429 0.01429 0.05714 0.04286 0.04286 0.07143 0.02857 0.01429 0.07143 0.20000 0.00000 0.01429 0.02857 0.07143 0.07143 0.00000 0.05714 0.05714
GNM13027                       0.01429 0.11429 0.00000 0.01429 0.05714 0.05714 0.04286 0.08571 0.02857 0.01429 0.07143 0.20000 0.01429 0.01429 0.02857 0.05714 0.10000 0.00000 0.05714 0.02857
GNM13046                       0.07143 0.10000 0.01429 0.00000 0.05714 0.04286 0.02857 0.08571 0.02857 0.07143 0.02857 0.18571 0.01429 0.02857 0.05714 0.01429 0.11429 0.00000 0.04286 0.01429
GNM13053                       0.05714 0.08571 0.00000 0.01429 0.05714 0.01429 0.04286 0.08571 0.04286 0.04286 0.08571 0.24286 0.00000 0.01429 0.01429 0.02857 0.10000 0.00000 0.04286 0.02857
GNM13074                       0.01429 0.15714 0.00000 0.01429 0.05714 0.01429 0.05714 0.07143 0.02857 0.01429 0.04286 0.18571 0.00000 0.08571 0.08571 0.02857 0.04286 0.00000 0.02857 0.07143
GNM10010                       0.01429 0.15714 0.01429 0.01429 0.05714 0.02857 0.04286 0.07143 0.04286 0.01429 0.04286 0.15714 0.00000 0.07143 0.08571 0.02857 0.04286 0.00000 0.04286 0.07143
GNM10014                       0.02857 0.17143 0.01429 0.01429 0.05714 0.01429 0.04286 0.07143 0.02857 0.01429 0.04286 0.14286 0.00000 0.08571 0.08571 0.02857 0.05714 0.00000 0.02857 0.07143
GNM13090                       0.01429 0.17143 0.01429 0.01429 0.05714 0.02857 0.04286 0.07143 0.02857 0.01429 0.04286 0.15714 0.00000 0.08571 0.08571 0.02857 0.04286 0.00000 0.02857 0.07143
GNM13118                       0.04286 0.12857 0.00000 0.00000 0.05714 0.04286 0.05714 0.07143 0.01429 0.01429 0.10000 0.20000 0.00000 0.00000 0.02857 0.01429 0.10000 0.00000 0.07143 0.05714
GNM13126                       0.05714 0.17143 0.00000 0.01429 0.05714 0.01429 0.07143 0.07143 0.04286 0.02857 0.04286 0.14286 0.00000 0.05714 0.05714 0.04286 0.04286 0.00000 0.04286 0.04286
GNM13128                       0.05714 0.18571 0.00000 0.01429 0.05714 0.01429 0.07143 0.07143 0.04286 0.02857 0.04286 0.12857 0.00000 0.05714 0.05714 0.02857 0.05714 0.00000 0.04286 0.04286
GNM13208                       0.05714 0.11429 0.04286 0.00000 0.05714 0.04286 0.04286 0.08571 0.04286 0.02857 0.04286 0.14286 0.01429 0.01429 0.04286 0.07143 0.04286 0.00000 0.05714 0.05714
GNM13210                       0.07143 0.12857 0.00000 0.01429 0.05714 0.01429 0.04286 0.07143 0.04286 0.02857 0.05714 0.20000 0.00000 0.01429 0.02857 0.04286 0.08571 0.00000 0.05714 0.04286
GNM12773                       0.05714 0.12857 0.02857 0.00000 0.05714 0.05714 0.05714 0.07143 0.04286 0.02857 0.08571 0.14286 0.01429 0.01429 0.02857 0.02857 0.07143 0.00000 0.05714 0.02857
GNM12769                       0.04286 0.11429 0.01429 0.01429 0.05714 0.02857 0.04286 0.07143 0.05714 0.01429 0.08571 0.18571 0.01429 0.00000 0.02857 0.05714 0.07143 0.01429 0.02857 0.05714

Homogeneity statistic: X2 = 27.62985 G = 28.11381 

Average                        0.05898 0.11655 0.01163 0.00880 0.05656 0.03470 0.04229 0.08559 0.03561 0.03298 0.05079 0.17412 0.00951 0.02803 0.04421 0.03349 0.07892 0.00425 0.04755 0.04543
(Ambiguity characters are used to calculate freqs.)


# constant sites:      0 (0.00%)

TREE #  1:  ((((((((42, 140), 125), (55, 89)), 90), 91), (((127, 128), (92, 54)), (126, 129))), ((((((119, 118), 121), 120), 139), (57, 41)), 136)), (((((((((((((((((((44, 45), 43), (46, 21)), 47), 84), (49, 52)), 48), (((67, 20), (23, 22)), 39)), (((((((50, 51), 53), 114), (18, 7)), (((25, 36), (8, 6)), 19)), ((11, 65), 113)), 71)), 130), (((82, 70), 17), 83)), (((115, 69), 116), 37)), ((((74, 5), (68, 14)), 28), (15, 64))), (75, 38)), (81, 66)), (((79, 40), (16, 131)), (78, 13))), ((((1, 76), 77), (9, 2)), 35)), ((((33, 34), (3, 31)), (4, 29)), (((80, 12), 32), 30))), ((((((27, 26), (141, 24)), ((61, 62), 63)), 58), (142, 60)), 59)), (((((((((((106, 104), 105), 95), 103), 94), (((102, 100), 108), 99)), ((((87, 10), 88), (85, 112)), 86)), (56, 72)), ((138, 137), (73, 117))), ((((((98, 97), 96), 111), 93), ((107, 109), 110)), 101)), ((((133, 134), 135), 132), ((124, 122), 123))));   MP score: -1
lnL(ntime:281  np:282):  -6082.519762      +0.000000
 143..144 144..145 145..146 146..147 147..148 148..149 149..150 150..42  150..140 149..125 148..151 151..55  151..89  147..90  146..91  145..152 152..153 153..154 154..127 154..128 153..155 155..92  155..54  152..156 156..126 156..129 144..157 157..158 158..159 159..160 160..161 161..162 162..119 162..118 161..121 160..120 159..139 158..163 163..57  163..41  157..136 143..164 164..165 165..166 166..167 167..168 168..169 169..170 170..171 171..172 172..173 173..174 174..175 175..176 176..177 177..178 178..179 179..180 180..181 181..182 182..44  182..45  181..43  180..183 183..46  183..21  179..47  178..84  177..184 184..49  184..52  176..48  175..185 185..186 186..187 187..67  187..20  186..188 188..23  188..22  185..39  174..189 189..190 190..191 191..192 192..193 193..194 194..195 195..50  195..51  194..53  193..114 192..196 196..18  196..7   191..197 197..198 198..199 199..25  199..36  198..200 200..8   200..6   197..19  190..201 201..202 202..11  202..65  201..113 189..71  173..130 172..203 203..204 204..205 205..82  205..70  204..17  203..83  171..206 206..207 207..208 208..115 208..69  207..116 206..37  170..209 209..210 210..211 211..212 212..74  212..5   211..213 213..68  213..14  210..28  209..214 214..15  214..64  169..215 215..75  215..38  168..216 216..81  216..66  167..217 217..218 218..219 219..79  219..40  218..220 220..16  220..131 217..221 221..78  221..13  166..222 222..223 223..224 224..225 225..1   225..76  224..77  223..226 226..9   226..2   222..35  165..227 227..228 228..229 229..230 230..33  230..34  229..231 231..3   231..31  228..232 232..4   232..29  227..233 233..234 234..235 235..80  235..12  234..32  233..30  164..236 236..237 237..238 238..239 239..240 240..241 241..27  241..26  240..242 242..141 242..24  239..243 243..244 244..61  244..62  243..63  238..58  237..245 245..142 245..60  236..59  143..246 246..247 247..248 248..249 249..250 250..251 251..252 252..253 253..254 254..255 255..256 256..106 256..104 255..105 254..95  253..103 252..94  251..257 257..258 258..259 259..102 259..100 258..108 257..99  250..260 260..261 261..262 262..263 263..87  263..10  262..88  261..264 264..85  264..112 260..86  249..265 265..56  265..72  248..266 266..267 267..138 267..137 266..268 268..73  268..117 247..269 269..270 270..271 271..272 272..273 273..274 274..98  274..97  273..96  272..111 271..93  270..275 275..276 276..107 276..109 275..110 269..101 246..277 277..278 278..279 279..280 280..133 280..134 279..135 278..132 277..281 281..282 282..124 282..122 281..123
 0.151292 0.001147 0.043714 0.029640 0.037119 0.044292 0.000000 0.000000 0.058300 0.178767 0.000000 0.373536 0.052862 0.248196 0.140444 0.089904 0.024252 0.065811 0.000000 0.000000 0.024342 0.148246 0.136012 0.016612 0.028744 0.072557 0.022691 0.190446 0.176649 0.125944 0.000000 0.029739 0.035389 0.022842 0.044837 0.047311 0.138016 0.000000 0.150853 0.194863 0.108540 0.185682 0.014256 0.105995 0.061055 0.000000 0.047004 0.103447 0.282548 0.015417 0.057399 0.005473 0.052425 0.075510 0.000000 0.014351 0.043261 0.000000 0.014219 0.000000 0.794612 0.000000 0.000000 0.014349 0.000000 0.000000 0.000000 0.014445 0.000000 0.014273 0.043245 0.338464 0.092845 0.068348 0.000000 0.000000 0.000000 0.013779 0.000000 0.000000 0.050727 0.030351 0.113451 0.014001 0.000000 0.000000 0.000000 0.000000 0.000000 0.000000 0.000000 0.000000 0.000000 0.000000 0.000000 0.000000 0.000000 0.013923 0.013951 0.000000 0.000000 0.013992 0.000000 0.014240 0.000000 0.014219 0.000000 0.000000 0.027680 0.112928 0.183012 0.135757 0.000000 0.000000 0.030934 0.000000 0.044340 0.015339 0.000000 0.021939 0.000000 0.000000 0.000000 0.014529 0.036284 0.175758 0.000000 0.080095 0.041158 0.007187 0.042236 0.036667 0.013831 0.000000 0.059035 0.066596 0.013998 0.014163 0.165403 0.000000 0.000000 0.206349 0.000000 0.000000 0.000000 0.000000 0.219399 0.157768 0.105428 0.072118 0.207382 0.082277 0.269842 0.082988 0.042284 0.056279 0.000000 0.086256 0.044711 0.028346 0.028167 0.059425 0.294942 0.000000 0.000000 0.293954 0.090536 0.014130 0.146141 0.061110 0.005269 0.009158 0.049389 0.049050 0.068612 0.123684 0.325750 0.012421 0.127187 0.036417 0.000000 0.014116 0.013980 0.014150 0.100173 0.044377 0.026866 0.109735 0.000000 0.114418 0.043482 0.033813 0.243510 0.098346 0.117636 0.055502 0.061729 0.047869 0.058716 0.019889 0.098740 0.273210 0.067508 0.274723 0.131640 0.279018 0.995257 0.075823 0.030459 0.415987 0.055142 0.000000 0.147284 0.076236 0.054021 0.049580 0.000000 0.028534 0.030025 0.090158 0.149235 0.299515 0.125382 0.187854 0.122052 0.064918 0.050113 0.175769 0.079958 0.060725 0.489436 0.034030 0.053583 0.057125 0.020716 0.070500 0.139670 0.000000 0.210766 0.109445 0.228401 0.200482 0.061577 0.141665 0.194959 0.078146 0.000000 0.028985 0.023300 0.065894 0.015460 0.068285 0.086860 0.050708 0.086809 0.101129 0.034061 0.048292 0.000000 0.074833 0.085617 0.136091 0.224827 0.111291 0.183794 0.041504 0.027271 0.228692 0.082871 0.039428 0.062936 0.000000 0.030052 0.047359 0.000000 0.000000 0.000000 0.023714 0.063308 0.000000 0.007155 1.329236
