
Printing out site pattern counts


       119         46  P

GNM13746                        -AAADFFGGI IIIIIKKKKL LLLMMMNPPP QSSSSSTTTT VVVVVY
GNM13671                        -AILEFMGGI IIMSVEKRRA LLLLMQEAKP IALRSVAEKT EIIPVF
GNM13876                        -AGIEFLGGI LVAAVEKRRL ALLLMAEPTP SAARTVADRS EIVPVF
GNM13680                        -AGIEFVGGI IIAGVNKKKI ILLLLAEPRP TSARSSADKT ELVPAF
GNM14837                        -GSIEFLGGI WFVIVSKKKI ILVMLAEPKP TSSRSSADDP KILPAF
GNM14249                        --SIEFL-GI WFIIV-K--I I-VM--EPK- T-SR-S-DDP KAL-AF
GNM13928                        -GSIEFLGGI WFIIVSKKKI ILVMLAEPKP TSSRSSADDP KILPAF
GNM14865                        EAATDYFGAG LIGAINRGQL ALFVGMDPNL RSLRSVSANG KVVGIF
GNM13455                        -GSIEFLGGI WFVIVGKKKI VLVMLAEPKP TSSRSSADDP KLVPVF
GNM14938                        -AIVEFLGGI VLGIVEKRRL ALLLMAEPKP GGARTVAERG EVLPVF
GNM14483                        -AIIEFLGGI IITIINKKKI GLLLMANPQP TSVTSSAERS EVIPAF
GNM14872                        -AAIEFMGGI VIVGVNKKKI ILMLLAEPKP TSARSSADKA EIVPGF
GNM13855                        -AGIEFLGGI IIIGINKKKI ILLLLAEPKP TSARSSADKA EAVPAF
GNM14445                        -AIIEFMGGA LVSIVQKKKI LLILMAEPHP TSVRSSSDRA ELVSVF
GNM14404                        -AIVEFIGGI IIIVVRKRRL LLALMPEPGP VSARTSEEKS TVLHTF
GNM14545                        -AIVEFIGGI IIIVVRKRRL LLALMPEPGP VSARTSEEKS TVLHTF
GNM14366                        -ASIEFLGGI WYVVVGRKKL ILVLLAEPKP TSGRSSADDP RLLPVF
GNM14252                        -GSIEFLGGI WFVIVSRKKI ILVMLAEPKP TSSRSSADDP KAVPAF
GNM13760                        -GSIEFLGGI WFVIVSKKKI ILVMLAEPKP TSSRSSADDP RVIPVF
GNM13982                        -ASIEFLGGI WVVIVSKKTL VLVLLAEPKP TGSRSSADDP KLVAIF
GNM13960                        -ASIEFLGGI WVVIINKKKI ILILLAEPKP TSSRSSADDP KAIPVF
GNM14633                        -ASIEFLGGI WIVIVNKKSL VLILLAEPKP TSSRSSADNP KIVAVF
GNM14174                        -AVLEFLGGI VVVVLSKKDA FLVLMAEPEP TSARASSERA ELIPIF
GNM14055                        -ASIEFVGGI WVVIINRKKL MLILLAEPRP TSSRSSADNP KAIPAF
GNM14748                        -GSIEFLGGI WFIIVSKDKI ILVMLAEPKP TSSRSSADDP RVLPAF
GNM14246                        -AMLEFLGGI IIAVIVRQKA MLVLMAEPRP TSARACAEKT ELVPLF
GNM14640                        -AILEFLGGV IIVVARRERA MLVLMAEPRP TSARQCSEKG ELVPLF
GNM14965                        -AGIEFLGGI IVIGVNKKKI VLLLLAEPKP TSGRSSADKT ELIPGF
GNM13677                        -AGIEFLGGI LVAAVEKRKL ALLLMAEPTP SAARTVADRS EIVPVF
GNM14339                        -ALLEFLGGI LILGIEKRRL ALLLLAEPKP TGLRTVAERG QLLPAF
GNM14593                        -AIVDFMGGI ILLAVEKRRA LLLLMQEPKP IALRSVAEKA EIIPAF
GNM13825                        -AIIEFLGGI VLGIVEKRRL ALLLMAEPRP GGARTVAERG EVLPAF
GNM14768                        -AIIEFLGGI IVVSIGKRRM LLLLLAEPKP AALRSTAERA EIIPAF
GNM14776                        -AIIEFLGGI IIVSIGKRRM LLLLLAEPKP AALRSTAERA EIIPAF
GNM14715                        -AIIEFLGGI IVVIVNKKDI GLILMANPQP TSATSSAERS EVIPAF
GNM14639                        -AAFEFLGGV IIFLVSKKSL LLLLMAEPHP TSSRSSADKA AMIPVF
GNM13795                        -GSIEFLGGI WFIIVSKDKA ILVMLAEPKP TSSRSSADDP RIMPAF
GNM14166                        -ASIEFLGGI WYIAVSKKKL ILILLAEPKP TSSRSSADRP EILPGF
GNM13515                        -AVIEFLGGI WVVIVSKNKM VLILLSEPKP TGSRSSSDSP KAVPVF
GNM13745                        -AGIDFLGGI IITVVKKKEL GLILMAGPKP SQTTSSSDTC TIIQAF
GNM14030                        -AGIEFLGGI IILXVQKXKL GLLLMGGPKP AQSTSSGDSC IALALF
GNM13413                        -AAVSYFGGT IVAVLDKRRL LLVVGFEPVM DAARSVTEKM HVLPVY
GNM14971                        -ASIEFLGGI WVVIINKKKI MLILLAEPKP TSSRSSADDP KAIPAF
GNM14990                        -ASIEFLGGI WVVIINKKKI ILILLAEPKP TSSRSSADDP KAVPVF
GNM15005                        -ASIEFLGGI WVVIINKKKI ILILLAEPKP TSSRSSADDP KAVPVF
GNM14976                        -ASIEFLGGI WFVIINKKKI ILILLAEPKP TSSRSSADDP KAIPVF
GNM15018                        -GSIEFLGGI WFIIVSKKKI ILVMLAEPKP TSSRSSADDP RVLPSF
GNM15024                        -GSIEFLGGI WFIIVSKKKI ILVMLAEPKP TSSRSSADDP RVLPSF
GNM14980                        -GSIEFLGGI WFIIVSKKKI ILVMLAEPKP TSSRSSADDP RVLPSF
GNM15000                        -GSIEFLGGI WFIIVSKKKI ILVMLAEPKP TSSRSSADDP RVLPSF
GNM15026                        -ASIEFIGGI WFIIANKKKL MLILLAEPKP TSSRSSADDP RAIPAF
GNM15001                        -GSIEFLGGI WFIIVSKKKI ILVMLAEPKP TSSRSSADDP RVLPSF
GNM15019                        -GSIEFLGGI WFVIVAKDKI ILMMLAEPKP TSARSSADDP KIIPAF
GNM11003                        -AIVEYLGKI LVIIAEKKKL GLLIPVDPEL NMVRSINEDS KIIIAY
GNM11023                        -AGIYFVGKS AIVIVRKREA ALVLTVEPGP EALSTVRESA TAIAAY
GNM11055                        --ATEYT-QG IILII-K--L A-LM--EPT- K-VR-I-ESG KIV-VF
GNM11219                        -ATMEFLGGI VLAIVSKREA ALVIMAQPHP ASMRAVGESA ELIVIF
GNM11220                        -AIIEFLGGM ILSVV-K--A LLVLMAEPYP GTARTV-ERA EIL-LF
GNM11223                        -AILEFLGGI IIIII-R--A LLVLMAEPPP TGARTC-EGA EVI-VF
GNM11225                        -AIIDFLGGI IIIVVTRQQA LLVLLAEPPP TGARACAERA EVVPIF
GNM11358                        -AGIEFLGGI IIIGINKKKI ILLLLAEPKP TSARSSADKA EAVPAF
GNM11360                        -GSIEFLGGI WFVIVGKKKI VLVMLAEPKP TSSRSSADDP KLVPVF
GNM11362                        -AAIEFLGGI IIISVGKKKI VLFLLAEPKP TSGRSSADRA ELVPGF
GNM11377                        -AAIEFMGGI VIIGVNKKKI ILMLLAEPKP TSARSSADKA EAVPGF
GNM11380                        -AAVEFLGGI WYIAVSKKKL ILVLLAEPKP TSSRSSADKP EILPGF
GNM11491                        -ATIEFLGGI WFVIVGKKKM VLVLLAEPKP TSGRSSADDP KLVPVF
GNM11804                        -AASEYIGQG IIVFVRRKEL FIIMPMEPTL KSVRSVAESG KFIPAF
GNM11805                        EAYLEYMGGG EPIIIQADNA ILIINQNPKF IGARSVNEDG KLIEVF
GNM12883                        -ASIEFVGGI IVAGVNKKKI ILLLLAEPRP TSARSSADKT ELIPGF
GNM12886                        -ACIEFVGGI MVAGVNKKKI ILLLLAEPRP TSGRSSADKT ELIPGF
GNM12895                        -ATIEFLGGI LFIGVSRKKI ILFLMAEPKP TSSRSSADKS EMIPGF
GNM13060                        -AAADFFGGI IIIIIRKKKL LLLMMMNPPP ESSSSSTTTT TVIVVY
GNM13061                        -ATGDFFGGT IVAVVRKKKL ILLMMLSPPP ESATSSTSGT VLVVVY
GNM13062                        -AIIEFLGGI IVVIVNKKDI GLLLMANPQP TSVTSSAERS EVIPTF
GNM13064                        -AGVSFIGGI IIILVSKDKL GLMMMAAPKP GQATSSGDSA IALQVF
GNM13066                        -AGIDFIGGI IIILVSKDKL GLMLMAGPKP SQATSSGDSA IAVQIF
GNM11032                        -AIIEFLGGV LVLAVEKRRA GLLLLAEPKP TGVRTVAERG ELLPAF
GNM11363                        -AAIEFLGGI IIISVGKKKI VLFLLAEPKP TSGRSSADRA ELVPGF
GNM11375                        -GSIEFLGGI WFVIVSKKKI ILVMLAEPKP TSSRSSADDP RAIPVF
GNM11381                        -AAIEFLGGI WYVVVSRKKL ILVLLAEPKP TSGRSSADDP RMLPVF
GNM11382                        -ASIDFLGGI WYLVVGRKKL ILVLLAEPKP TSGRSSADDP KALPVF
GNM11841                        EAATDYFGTG LILVIDRGSL TLVVGMDPNL QSMRSMGADG RVIGLF
GNM11931                        EAASDYFGAG LLVAVNQGQA VLVVGMDPNL SSFRSVSSDG RLIGLF
GNM12040                        EAATDYFGSG LIGVINRGQL FLVVGMDPNL RSLRSVSADG KVIGVF
GNM12071                        EAATDYFGAG QIFVVNAGSL FLLVGMDPDL RSLRSVSSDC KIIGVF
GNM12126                        -IGAVFLGKS IIMFVGKRKL ALIVGVEPEL EAARTTGEPA EAVEIY
GNM12128                        -VSLVFTGQS IVIIITKKRL ILIVGSEPEL EYARSVGENA YLLPVY
GNM12182                        -AIYEYLGKV VYVIVEKKKV ALIIPMEPEV HMVRSVNEDS IAVVAY
GNM12346                        -AITEYSGAG WIFVVGKSGL ALIMGMEPSL ESARSISADA KIIGAF
GNM12351                        -AITDYCGAG LIVAVSHKSF FLFMGMDPKL KSITSIGAQG KAVSIY
GNM12356                        -AGKDYIGKM FILIVQKNKL ILLVGSDPSL ASSRTLDEAT EIIAVM
GNM12357                        -AGKDYIGKI AIIVVQKKNL LLLVGSDPSL VSSRTEDEST EVIAIM
GNM12366                        -AGKDYIGKI AIIVVSKKNL ILIVGSDPSL VSSRTEDEAT EVVAIM
GNM12551                        -AYYEFVGGA IILFIRKKKA AILLMPDPPP ARASALAEDC DIIEVW
GNM12592                        -AGMEYSGSG MIAIVEKKGL ALIMGMEPTL ESARSIGSDG KALPVF
GNM12602                        -AIVDYVGAG LVAAVSQKKL VLLMGQEPNL KSIRSVGAQG KFVSIY
GNM12665                        -AITDYVGAG IIAAVSHKKL ALLMGQEPNL KSLRSVGAQG KFISIY
GNM12745                        -AIQDYVGGA IVIIVKKKDL GIVVLANPAP TGIRSCKDST KALTLF
GNM12763                        EAVHEYLGGA IPFIVKAKDL ILVVLPEPMP KGLRTCKETT EVLRIY
GNM12766                        -AGKSYIGKI IIALVERKRL ILIVGADPSL LSFRTEDEET EIIRVM
GNM12841                        EAATSYLGAG LPFVVNTGQL FLVVGMDPNL RSLRSVSEDG RMMGVF
GNM12849                        -GSIEFLGGI WFVIVGKKKI VLVMLAEPKP TSSRSSADDP RLVPVF
GNM12896                        -AAVEFLGGI WYIAVSKKKL ILVLLAEPKP TSSRSSADKP EILPGF
GNM12897                        -AAIEFLGGI WYIAVSKKKL ILVLLAEPKP TSSRSSADKP EILPGF
GNM12902                        EAYLEYMGGA EPIIITANNA ILIINQNPKF IGARSVNEDG KLLEVF
GNM10046                        -AAGDFFGAI VVILAKKKEL ILLMLPDPKP TGVRTETETV KLVTLF
GNM12931                        -AAVAFFGGT IIILLEKKKL VLIIGFEPVP DAIRTIAEKA QVMPAY
GNM12938                        -AVVEYLGKI IVGIVEKKKA ALVVPAEPEI KMVRSVDSSS KIIVAY
GNM12996                        -AGIEYLGKT IIILVEKKKI ALIIPMEPEV NMARSVTENS KVIVIY
GNM13027                        -AILEYMGKV IIGILEKKKA ILIIPAEPEL NMIRSVTESS KVIVAY
GNM13046                        -ATIEFLGGI WFISVGKKKM VLVLLAEPKP TSSRSSADDP KLVPVF
GNM13074                        -AAGDFFGAI IIILAKKKEL LLIMLPDPKP TGIRTETESV RLITAF
GNM10010                        -AAGDFLGAI VIFLVKKKDL ILIMLPDPRP TGVRTETESV KFVTAF
GNM10014                        -AAGDFLGAI FVFLVKKKEL LLIMLPDPRP TGLRTEAEST KIVTAF
GNM13090                        -AAGDFLGAV IVLLVKKKEL LLIMLPDPKP TGIRTEAEST RLITAF
GNM13118                        -AALDFLGGV LILFVRKKEA GLILTLEPGA IALTPVKERT ELVPIY
GNM13128                        EAYLEYVGGA EPMIVKADKA ILVIGQEPKF IGARSVSEDG KLLEIF
GNM13210                        -AGISFFGGT ILAVLEKKKL ILVVALEPVL DAARSIGEKM HALPIY
GNM12769                        -AIIDFIGGI LILAVERRRV ILLLMAEPPP TSTRASAERG EIIPAF



    1    1    1    1    1    1    1    1    1    1    1    1    1    1    1
    1    1    1    1    1    1    1    1    1    1    1    1    1    1    1
    1    1    1    1    1    1    1    1    1    1    1    1    1    1    1
    1

AAML (in paml version 4.9h, March 2018)  tmp0077.txt
Model: Empirical,  (../wag.dat) dGamma (ncatG=4) ns = 119  ls =  46


Frequencies..
                                    A      R      N      D      C      Q      E      G      H      I      L      K      M      F      P      S      T      W      Y      V
GNM13746                       0.06667 0.00000 0.02222 0.02222 0.00000 0.02222 0.00000 0.04444 0.00000 0.13333 0.08889 0.08889 0.06667 0.04444 0.06667 0.11111 0.08889 0.00000 0.02222 0.11111
GNM13671                       0.11111 0.06667 0.00000 0.00000 0.00000 0.02222 0.11111 0.04444 0.00000 0.15556 0.13333 0.06667 0.06667 0.04444 0.04444 0.04444 0.02222 0.00000 0.00000 0.06667
GNM13876                       0.17778 0.08889 0.00000 0.02222 0.00000 0.00000 0.08889 0.06667 0.00000 0.06667 0.13333 0.02222 0.02222 0.04444 0.06667 0.04444 0.04444 0.00000 0.00000 0.11111
GNM13680                       0.13333 0.04444 0.02222 0.02222 0.00000 0.00000 0.06667 0.08889 0.00000 0.13333 0.11111 0.08889 0.00000 0.04444 0.06667 0.06667 0.04444 0.00000 0.00000 0.06667
GNM14837                       0.06667 0.02222 0.00000 0.04444 0.00000 0.00000 0.04444 0.06667 0.00000 0.13333 0.08889 0.11111 0.02222 0.06667 0.08889 0.13333 0.02222 0.02222 0.00000 0.06667
GNM14249                       0.06250 0.03125 0.00000 0.06250 0.00000 0.00000 0.06250 0.03125 0.00000 0.18750 0.06250 0.09375 0.03125 0.09375 0.06250 0.09375 0.03125 0.03125 0.00000 0.06250
GNM13928                       0.06667 0.02222 0.00000 0.04444 0.00000 0.00000 0.04444 0.06667 0.00000 0.15556 0.08889 0.11111 0.02222 0.06667 0.08889 0.13333 0.02222 0.02222 0.00000 0.04444
GNM14865                       0.13043 0.06522 0.06522 0.04348 0.00000 0.02174 0.02174 0.15217 0.00000 0.06522 0.10870 0.02174 0.02174 0.06522 0.02174 0.06522 0.02174 0.00000 0.02174 0.08696
GNM13455                       0.04444 0.02222 0.00000 0.04444 0.00000 0.00000 0.04444 0.08889 0.00000 0.08889 0.08889 0.11111 0.02222 0.06667 0.08889 0.11111 0.02222 0.02222 0.00000 0.13333
GNM14938                       0.11111 0.08889 0.00000 0.00000 0.00000 0.00000 0.11111 0.13333 0.00000 0.06667 0.15556 0.04444 0.02222 0.04444 0.06667 0.00000 0.02222 0.00000 0.00000 0.13333
GNM14483                       0.08889 0.02222 0.04444 0.00000 0.00000 0.02222 0.06667 0.06667 0.00000 0.20000 0.08889 0.06667 0.02222 0.04444 0.06667 0.08889 0.06667 0.00000 0.00000 0.04444
GNM14872                       0.13333 0.02222 0.02222 0.02222 0.00000 0.00000 0.06667 0.08889 0.00000 0.13333 0.06667 0.11111 0.04444 0.04444 0.06667 0.06667 0.02222 0.00000 0.00000 0.08889
GNM13855                       0.15556 0.02222 0.02222 0.02222 0.00000 0.00000 0.06667 0.08889 0.00000 0.17778 0.11111 0.11111 0.00000 0.04444 0.06667 0.06667 0.02222 0.00000 0.00000 0.02222
GNM14445                       0.08889 0.04444 0.00000 0.02222 0.00000 0.02222 0.06667 0.04444 0.02222 0.11111 0.11111 0.06667 0.04444 0.04444 0.04444 0.13333 0.02222 0.00000 0.00000 0.11111
GNM14404                       0.06667 0.08889 0.00000 0.00000 0.00000 0.00000 0.08889 0.06667 0.02222 0.13333 0.11111 0.04444 0.02222 0.04444 0.06667 0.06667 0.06667 0.00000 0.00000 0.11111
GNM14545                       0.06667 0.08889 0.00000 0.00000 0.00000 0.00000 0.08889 0.06667 0.02222 0.13333 0.11111 0.04444 0.02222 0.04444 0.06667 0.06667 0.06667 0.00000 0.00000 0.11111
GNM14366                       0.06667 0.06667 0.00000 0.04444 0.00000 0.00000 0.04444 0.08889 0.00000 0.06667 0.15556 0.06667 0.00000 0.04444 0.08889 0.08889 0.02222 0.02222 0.02222 0.11111
GNM14252                       0.08889 0.04444 0.00000 0.04444 0.00000 0.00000 0.04444 0.06667 0.00000 0.11111 0.06667 0.08889 0.02222 0.06667 0.08889 0.13333 0.02222 0.02222 0.00000 0.08889
GNM13760                       0.04444 0.04444 0.00000 0.04444 0.00000 0.00000 0.04444 0.06667 0.00000 0.13333 0.06667 0.08889 0.02222 0.06667 0.08889 0.13333 0.02222 0.02222 0.00000 0.11111
GNM13982                       0.08889 0.02222 0.00000 0.04444 0.00000 0.00000 0.04444 0.06667 0.00000 0.08889 0.13333 0.08889 0.00000 0.04444 0.06667 0.11111 0.04444 0.02222 0.00000 0.13333
GNM13960                       0.08889 0.02222 0.02222 0.04444 0.00000 0.00000 0.04444 0.04444 0.00000 0.17778 0.08889 0.11111 0.00000 0.04444 0.08889 0.11111 0.02222 0.02222 0.00000 0.06667
GNM14633                       0.08889 0.02222 0.04444 0.02222 0.00000 0.00000 0.04444 0.04444 0.00000 0.13333 0.11111 0.08889 0.00000 0.04444 0.06667 0.13333 0.02222 0.02222 0.00000 0.11111
GNM14174                       0.13333 0.04444 0.00000 0.02222 0.00000 0.00000 0.11111 0.04444 0.00000 0.06667 0.13333 0.04444 0.02222 0.06667 0.06667 0.08889 0.02222 0.00000 0.00000 0.13333
GNM14055                       0.11111 0.06667 0.04444 0.02222 0.00000 0.00000 0.04444 0.04444 0.00000 0.13333 0.08889 0.06667 0.02222 0.04444 0.08889 0.11111 0.02222 0.02222 0.00000 0.06667
GNM14748                       0.06667 0.04444 0.00000 0.06667 0.00000 0.00000 0.04444 0.06667 0.00000 0.13333 0.08889 0.06667 0.02222 0.06667 0.08889 0.13333 0.02222 0.02222 0.00000 0.06667
GNM14246                       0.15556 0.06667 0.00000 0.00000 0.02222 0.02222 0.08889 0.04444 0.00000 0.08889 0.13333 0.04444 0.06667 0.04444 0.06667 0.02222 0.04444 0.00000 0.00000 0.08889
GNM14640                       0.11111 0.11111 0.00000 0.00000 0.02222 0.02222 0.11111 0.06667 0.00000 0.06667 0.13333 0.02222 0.04444 0.04444 0.06667 0.04444 0.02222 0.00000 0.00000 0.11111
GNM14965                       0.06667 0.02222 0.02222 0.02222 0.00000 0.00000 0.06667 0.13333 0.00000 0.13333 0.13333 0.11111 0.00000 0.04444 0.06667 0.06667 0.04444 0.00000 0.00000 0.06667
GNM13677                       0.17778 0.06667 0.00000 0.02222 0.00000 0.00000 0.08889 0.06667 0.00000 0.06667 0.13333 0.04444 0.02222 0.04444 0.06667 0.04444 0.04444 0.00000 0.00000 0.11111
GNM14339                       0.11111 0.08889 0.00000 0.00000 0.00000 0.02222 0.08889 0.11111 0.00000 0.06667 0.28889 0.04444 0.00000 0.04444 0.06667 0.00000 0.04444 0.00000 0.00000 0.02222
GNM14593                       0.15556 0.06667 0.00000 0.02222 0.00000 0.02222 0.08889 0.04444 0.00000 0.13333 0.15556 0.06667 0.04444 0.04444 0.06667 0.02222 0.00000 0.00000 0.00000 0.06667
GNM13825                       0.13333 0.11111 0.00000 0.00000 0.00000 0.00000 0.11111 0.13333 0.00000 0.08889 0.15556 0.02222 0.02222 0.04444 0.06667 0.00000 0.02222 0.00000 0.00000 0.08889
GNM14768                       0.15556 0.08889 0.00000 0.00000 0.00000 0.00000 0.08889 0.06667 0.00000 0.15556 0.15556 0.04444 0.02222 0.04444 0.06667 0.04444 0.02222 0.00000 0.00000 0.04444
GNM14776                       0.15556 0.08889 0.00000 0.00000 0.00000 0.00000 0.08889 0.06667 0.00000 0.17778 0.15556 0.04444 0.02222 0.04444 0.06667 0.04444 0.02222 0.00000 0.00000 0.02222
GNM14715                       0.11111 0.02222 0.04444 0.02222 0.00000 0.02222 0.06667 0.06667 0.00000 0.17778 0.06667 0.04444 0.02222 0.04444 0.06667 0.08889 0.04444 0.00000 0.00000 0.08889
GNM14639                       0.13333 0.02222 0.00000 0.02222 0.00000 0.00000 0.04444 0.04444 0.02222 0.06667 0.15556 0.06667 0.04444 0.08889 0.06667 0.13333 0.02222 0.00000 0.00000 0.06667
GNM13795                       0.08889 0.04444 0.00000 0.06667 0.00000 0.00000 0.04444 0.06667 0.00000 0.13333 0.06667 0.06667 0.04444 0.06667 0.08889 0.13333 0.02222 0.02222 0.00000 0.04444
GNM14166                       0.08889 0.04444 0.00000 0.02222 0.00000 0.00000 0.06667 0.06667 0.00000 0.13333 0.13333 0.08889 0.00000 0.04444 0.08889 0.13333 0.02222 0.02222 0.02222 0.02222
GNM13515                       0.04444 0.02222 0.02222 0.02222 0.00000 0.00000 0.04444 0.06667 0.00000 0.08889 0.08889 0.08889 0.02222 0.04444 0.08889 0.15556 0.02222 0.02222 0.00000 0.15556
GNM13745                       0.06667 0.00000 0.00000 0.04444 0.02222 0.04444 0.02222 0.11111 0.00000 0.15556 0.08889 0.08889 0.02222 0.04444 0.04444 0.08889 0.11111 0.00000 0.00000 0.04444
GNM14030                       0.09302 0.00000 0.00000 0.02326 0.02326 0.04651 0.02326 0.16279 0.00000 0.11628 0.18605 0.06977 0.02326 0.04651 0.04651 0.09302 0.02326 0.00000 0.00000 0.02326
GNM13413                       0.11111 0.06667 0.00000 0.04444 0.00000 0.00000 0.04444 0.06667 0.02222 0.02222 0.11111 0.04444 0.04444 0.04444 0.04444 0.04444 0.04444 0.00000 0.04444 0.20000
GNM14971                       0.11111 0.02222 0.02222 0.04444 0.00000 0.00000 0.04444 0.04444 0.00000 0.15556 0.08889 0.11111 0.02222 0.04444 0.08889 0.11111 0.02222 0.02222 0.00000 0.04444
GNM14990                       0.08889 0.02222 0.02222 0.04444 0.00000 0.00000 0.04444 0.04444 0.00000 0.15556 0.08889 0.11111 0.00000 0.04444 0.08889 0.11111 0.02222 0.02222 0.00000 0.08889
GNM15005                       0.08889 0.02222 0.02222 0.04444 0.00000 0.00000 0.04444 0.04444 0.00000 0.15556 0.08889 0.11111 0.00000 0.04444 0.08889 0.11111 0.02222 0.02222 0.00000 0.08889
GNM14976                       0.08889 0.02222 0.02222 0.04444 0.00000 0.00000 0.04444 0.04444 0.00000 0.17778 0.08889 0.11111 0.00000 0.06667 0.08889 0.11111 0.02222 0.02222 0.00000 0.04444
GNM15018                       0.04444 0.04444 0.00000 0.04444 0.00000 0.00000 0.04444 0.06667 0.00000 0.13333 0.08889 0.08889 0.02222 0.06667 0.08889 0.15556 0.02222 0.02222 0.00000 0.06667
GNM15024                       0.04444 0.04444 0.00000 0.04444 0.00000 0.00000 0.04444 0.06667 0.00000 0.13333 0.08889 0.08889 0.02222 0.06667 0.08889 0.15556 0.02222 0.02222 0.00000 0.06667
GNM14980                       0.04444 0.04444 0.00000 0.04444 0.00000 0.00000 0.04444 0.06667 0.00000 0.13333 0.08889 0.08889 0.02222 0.06667 0.08889 0.15556 0.02222 0.02222 0.00000 0.06667
GNM15000                       0.04444 0.04444 0.00000 0.04444 0.00000 0.00000 0.04444 0.06667 0.00000 0.13333 0.08889 0.08889 0.02222 0.06667 0.08889 0.15556 0.02222 0.02222 0.00000 0.06667
GNM15026                       0.13333 0.04444 0.02222 0.04444 0.00000 0.00000 0.04444 0.04444 0.00000 0.15556 0.08889 0.08889 0.02222 0.06667 0.08889 0.11111 0.02222 0.02222 0.00000 0.00000
GNM15001                       0.04444 0.04444 0.00000 0.04444 0.00000 0.00000 0.04444 0.06667 0.00000 0.13333 0.08889 0.08889 0.02222 0.06667 0.08889 0.15556 0.02222 0.02222 0.00000 0.06667
GNM15019                       0.11111 0.02222 0.00000 0.06667 0.00000 0.00000 0.04444 0.06667 0.00000 0.15556 0.06667 0.08889 0.04444 0.06667 0.08889 0.08889 0.02222 0.02222 0.00000 0.04444
GNM11003                       0.06667 0.02222 0.04444 0.04444 0.00000 0.00000 0.08889 0.04444 0.00000 0.20000 0.13333 0.11111 0.02222 0.00000 0.04444 0.04444 0.00000 0.00000 0.04444 0.08889
GNM11023                       0.20000 0.06667 0.00000 0.00000 0.00000 0.00000 0.08889 0.06667 0.00000 0.08889 0.06667 0.04444 0.00000 0.02222 0.04444 0.06667 0.06667 0.00000 0.04444 0.13333
GNM11055                       0.06250 0.03125 0.00000 0.00000 0.00000 0.03125 0.09375 0.06250 0.00000 0.18750 0.09375 0.09375 0.03125 0.03125 0.03125 0.03125 0.09375 0.00000 0.03125 0.09375
GNM11219                       0.17778 0.04444 0.00000 0.00000 0.00000 0.02222 0.08889 0.06667 0.02222 0.11111 0.08889 0.02222 0.06667 0.04444 0.04444 0.06667 0.02222 0.00000 0.00000 0.11111
GNM11220                       0.12500 0.05000 0.00000 0.00000 0.00000 0.00000 0.10000 0.07500 0.00000 0.10000 0.17500 0.02500 0.05000 0.05000 0.05000 0.02500 0.05000 0.00000 0.02500 0.10000
GNM11223                       0.12500 0.05000 0.00000 0.00000 0.02500 0.00000 0.10000 0.10000 0.00000 0.20000 0.12500 0.00000 0.02500 0.05000 0.07500 0.00000 0.05000 0.00000 0.00000 0.07500
GNM11225                       0.15556 0.06667 0.00000 0.02222 0.02222 0.04444 0.06667 0.06667 0.00000 0.15556 0.11111 0.00000 0.00000 0.04444 0.08889 0.00000 0.04444 0.00000 0.00000 0.11111
GNM11358                       0.15556 0.02222 0.02222 0.02222 0.00000 0.00000 0.06667 0.08889 0.00000 0.17778 0.11111 0.11111 0.00000 0.04444 0.06667 0.06667 0.02222 0.00000 0.00000 0.02222
GNM11360                       0.04444 0.02222 0.00000 0.04444 0.00000 0.00000 0.04444 0.08889 0.00000 0.08889 0.08889 0.11111 0.02222 0.06667 0.08889 0.11111 0.02222 0.02222 0.00000 0.13333
GNM11362                       0.11111 0.04444 0.00000 0.02222 0.00000 0.00000 0.06667 0.11111 0.00000 0.13333 0.11111 0.08889 0.00000 0.06667 0.06667 0.08889 0.02222 0.00000 0.00000 0.06667
GNM11377                       0.15556 0.02222 0.02222 0.02222 0.00000 0.00000 0.06667 0.08889 0.00000 0.13333 0.06667 0.11111 0.04444 0.04444 0.06667 0.06667 0.02222 0.00000 0.00000 0.06667
GNM11380                       0.11111 0.02222 0.00000 0.02222 0.00000 0.00000 0.06667 0.06667 0.00000 0.08889 0.13333 0.11111 0.00000 0.04444 0.08889 0.11111 0.02222 0.02222 0.02222 0.06667
GNM11491                       0.06667 0.02222 0.00000 0.04444 0.00000 0.00000 0.04444 0.08889 0.00000 0.06667 0.11111 0.11111 0.02222 0.06667 0.08889 0.06667 0.04444 0.02222 0.00000 0.13333
GNM11804                       0.08889 0.06667 0.00000 0.00000 0.00000 0.02222 0.08889 0.06667 0.00000 0.13333 0.04444 0.06667 0.04444 0.08889 0.06667 0.08889 0.02222 0.00000 0.02222 0.08889
GNM11805                       0.08696 0.02174 0.08696 0.04348 0.00000 0.04348 0.10870 0.10870 0.00000 0.17391 0.06522 0.04348 0.02174 0.04348 0.04348 0.02174 0.00000 0.00000 0.04348 0.04348
GNM12883                       0.11111 0.04444 0.02222 0.02222 0.00000 0.00000 0.06667 0.08889 0.00000 0.13333 0.11111 0.08889 0.00000 0.04444 0.06667 0.08889 0.04444 0.00000 0.00000 0.06667
GNM12886                       0.08889 0.04444 0.02222 0.02222 0.02222 0.00000 0.06667 0.11111 0.00000 0.11111 0.11111 0.08889 0.02222 0.04444 0.06667 0.06667 0.04444 0.00000 0.00000 0.06667
GNM12895                       0.06667 0.04444 0.00000 0.02222 0.00000 0.00000 0.06667 0.08889 0.00000 0.13333 0.08889 0.08889 0.04444 0.08889 0.06667 0.13333 0.04444 0.00000 0.00000 0.02222
GNM13060                       0.06667 0.02222 0.02222 0.02222 0.00000 0.00000 0.02222 0.04444 0.00000 0.15556 0.08889 0.06667 0.06667 0.04444 0.06667 0.11111 0.11111 0.00000 0.02222 0.06667
GNM13061                       0.06667 0.02222 0.00000 0.02222 0.00000 0.00000 0.02222 0.08889 0.00000 0.04444 0.11111 0.06667 0.04444 0.04444 0.06667 0.11111 0.11111 0.00000 0.02222 0.15556
GNM13062                       0.06667 0.02222 0.04444 0.02222 0.00000 0.02222 0.06667 0.06667 0.00000 0.15556 0.08889 0.04444 0.02222 0.04444 0.06667 0.08889 0.06667 0.00000 0.00000 0.11111
GNM13064                       0.13333 0.00000 0.00000 0.04444 0.00000 0.04444 0.00000 0.13333 0.00000 0.13333 0.08889 0.06667 0.06667 0.04444 0.04444 0.11111 0.02222 0.00000 0.00000 0.06667
GNM13066                       0.11111 0.00000 0.00000 0.06667 0.00000 0.04444 0.00000 0.13333 0.00000 0.17778 0.08889 0.06667 0.04444 0.04444 0.04444 0.11111 0.02222 0.00000 0.00000 0.04444
GNM11032                       0.13333 0.08889 0.00000 0.00000 0.00000 0.00000 0.11111 0.11111 0.00000 0.04444 0.20000 0.04444 0.00000 0.04444 0.06667 0.00000 0.04444 0.00000 0.00000 0.11111
GNM11363                       0.11111 0.04444 0.00000 0.02222 0.00000 0.00000 0.06667 0.11111 0.00000 0.13333 0.11111 0.08889 0.00000 0.06667 0.06667 0.08889 0.02222 0.00000 0.00000 0.06667
GNM11375                       0.06667 0.04444 0.00000 0.04444 0.00000 0.00000 0.04444 0.06667 0.00000 0.13333 0.06667 0.08889 0.02222 0.06667 0.08889 0.13333 0.02222 0.02222 0.00000 0.08889
GNM11381                       0.08889 0.06667 0.00000 0.04444 0.00000 0.00000 0.04444 0.06667 0.00000 0.06667 0.13333 0.06667 0.02222 0.04444 0.08889 0.08889 0.02222 0.02222 0.02222 0.11111
GNM11382                       0.08889 0.04444 0.00000 0.06667 0.00000 0.00000 0.02222 0.08889 0.00000 0.06667 0.15556 0.08889 0.00000 0.04444 0.08889 0.08889 0.02222 0.02222 0.02222 0.08889
GNM11841                       0.06522 0.06522 0.02174 0.08696 0.00000 0.02174 0.02174 0.15217 0.00000 0.06522 0.13043 0.00000 0.06522 0.04348 0.02174 0.06522 0.06522 0.00000 0.02174 0.08696
GNM11931                       0.10870 0.04348 0.04348 0.06522 0.00000 0.04348 0.02174 0.13043 0.00000 0.02174 0.13043 0.00000 0.02174 0.06522 0.02174 0.13043 0.00000 0.00000 0.02174 0.13043
GNM12040                       0.06522 0.06522 0.04348 0.06522 0.00000 0.02174 0.02174 0.15217 0.00000 0.06522 0.10870 0.02174 0.02174 0.06522 0.02174 0.08696 0.02174 0.00000 0.02174 0.13043
GNM12071                       0.08696 0.04348 0.02174 0.08696 0.02174 0.02174 0.02174 0.10870 0.00000 0.06522 0.10870 0.02174 0.02174 0.08696 0.02174 0.10870 0.02174 0.00000 0.02174 0.10870
GNM12126                       0.13333 0.04444 0.00000 0.00000 0.00000 0.00000 0.13333 0.11111 0.00000 0.11111 0.08889 0.06667 0.02222 0.04444 0.04444 0.02222 0.04444 0.00000 0.02222 0.11111
GNM12128                       0.04444 0.04444 0.02222 0.00000 0.00000 0.02222 0.08889 0.06667 0.00000 0.13333 0.13333 0.04444 0.00000 0.02222 0.04444 0.08889 0.04444 0.00000 0.06667 0.13333
GNM12182                       0.08889 0.02222 0.02222 0.02222 0.00000 0.00000 0.11111 0.02222 0.02222 0.11111 0.04444 0.08889 0.04444 0.00000 0.04444 0.04444 0.00000 0.00000 0.08889 0.22222
GNM12346                       0.15556 0.02222 0.00000 0.02222 0.00000 0.00000 0.06667 0.13333 0.00000 0.13333 0.06667 0.04444 0.04444 0.04444 0.02222 0.13333 0.02222 0.02222 0.02222 0.04444
GNM12351                       0.11111 0.00000 0.00000 0.04444 0.02222 0.02222 0.00000 0.11111 0.02222 0.11111 0.06667 0.08889 0.04444 0.06667 0.02222 0.11111 0.04444 0.00000 0.04444 0.06667
GNM12356                       0.08889 0.02222 0.02222 0.06667 0.00000 0.02222 0.04444 0.06667 0.00000 0.13333 0.13333 0.08889 0.04444 0.02222 0.02222 0.08889 0.04444 0.00000 0.02222 0.06667
GNM12357                       0.06667 0.02222 0.02222 0.06667 0.00000 0.02222 0.06667 0.06667 0.00000 0.13333 0.11111 0.08889 0.02222 0.00000 0.02222 0.11111 0.04444 0.00000 0.02222 0.11111
GNM12366                       0.08889 0.02222 0.02222 0.06667 0.00000 0.00000 0.06667 0.06667 0.00000 0.15556 0.06667 0.08889 0.02222 0.00000 0.02222 0.11111 0.04444 0.00000 0.02222 0.13333
GNM12551                       0.17778 0.04444 0.00000 0.06667 0.02222 0.00000 0.06667 0.04444 0.00000 0.13333 0.08889 0.06667 0.02222 0.04444 0.08889 0.02222 0.00000 0.02222 0.04444 0.04444
GNM12592                       0.11111 0.02222 0.00000 0.02222 0.00000 0.00000 0.08889 0.15556 0.00000 0.08889 0.08889 0.06667 0.08889 0.02222 0.04444 0.11111 0.02222 0.00000 0.02222 0.04444
GNM12602                       0.11111 0.02222 0.02222 0.02222 0.00000 0.06667 0.02222 0.11111 0.00000 0.06667 0.11111 0.08889 0.02222 0.02222 0.02222 0.08889 0.00000 0.00000 0.04444 0.15556
GNM12665                       0.13333 0.02222 0.02222 0.02222 0.00000 0.04444 0.02222 0.11111 0.02222 0.11111 0.11111 0.08889 0.02222 0.02222 0.02222 0.08889 0.02222 0.00000 0.04444 0.06667
GNM12745                       0.11111 0.02222 0.02222 0.06667 0.02222 0.02222 0.00000 0.08889 0.00000 0.13333 0.08889 0.11111 0.00000 0.02222 0.04444 0.04444 0.06667 0.00000 0.02222 0.11111
GNM12763                       0.06522 0.04348 0.00000 0.02174 0.02174 0.00000 0.10870 0.06522 0.02174 0.08696 0.13043 0.08696 0.02174 0.02174 0.08696 0.00000 0.06522 0.00000 0.04348 0.10870
GNM12766                       0.06667 0.08889 0.00000 0.04444 0.00000 0.00000 0.11111 0.06667 0.00000 0.17778 0.11111 0.06667 0.02222 0.02222 0.02222 0.06667 0.04444 0.00000 0.02222 0.06667
GNM12841                       0.06522 0.06522 0.04348 0.04348 0.00000 0.02174 0.04348 0.13043 0.00000 0.00000 0.13043 0.00000 0.06522 0.06522 0.04348 0.08696 0.04348 0.00000 0.02174 0.13043
GNM12849                       0.04444 0.04444 0.00000 0.04444 0.00000 0.00000 0.04444 0.08889 0.00000 0.08889 0.08889 0.08889 0.02222 0.06667 0.08889 0.11111 0.02222 0.02222 0.00000 0.13333
GNM12896                       0.11111 0.02222 0.00000 0.02222 0.00000 0.00000 0.06667 0.06667 0.00000 0.08889 0.13333 0.11111 0.00000 0.04444 0.08889 0.11111 0.02222 0.02222 0.02222 0.06667
GNM12897                       0.11111 0.02222 0.00000 0.02222 0.00000 0.00000 0.06667 0.06667 0.00000 0.11111 0.13333 0.11111 0.00000 0.04444 0.08889 0.11111 0.02222 0.02222 0.02222 0.04444
GNM12902                       0.10870 0.02174 0.10870 0.02174 0.00000 0.02174 0.10870 0.08696 0.00000 0.15217 0.08696 0.04348 0.02174 0.04348 0.04348 0.02174 0.02174 0.00000 0.04348 0.04348
GNM10046                       0.08889 0.02222 0.00000 0.04444 0.00000 0.00000 0.06667 0.06667 0.00000 0.06667 0.15556 0.11111 0.02222 0.06667 0.06667 0.00000 0.11111 0.00000 0.00000 0.11111
GNM12931                       0.15556 0.02222 0.00000 0.02222 0.00000 0.02222 0.06667 0.06667 0.00000 0.15556 0.08889 0.08889 0.02222 0.06667 0.06667 0.00000 0.04444 0.00000 0.02222 0.08889
GNM12938                       0.11111 0.02222 0.00000 0.02222 0.00000 0.00000 0.08889 0.04444 0.00000 0.13333 0.04444 0.13333 0.02222 0.00000 0.04444 0.08889 0.00000 0.00000 0.04444 0.20000
GNM12996                       0.06667 0.02222 0.04444 0.00000 0.00000 0.00000 0.11111 0.04444 0.00000 0.20000 0.06667 0.11111 0.04444 0.00000 0.04444 0.04444 0.04444 0.00000 0.04444 0.11111
GNM13027                       0.08889 0.02222 0.02222 0.00000 0.00000 0.00000 0.11111 0.04444 0.00000 0.20000 0.08889 0.11111 0.04444 0.00000 0.04444 0.06667 0.02222 0.00000 0.04444 0.08889
GNM13046                       0.06667 0.02222 0.00000 0.04444 0.00000 0.00000 0.04444 0.06667 0.00000 0.06667 0.11111 0.11111 0.02222 0.06667 0.08889 0.11111 0.04444 0.02222 0.00000 0.11111
GNM13074                       0.11111 0.04444 0.00000 0.04444 0.00000 0.00000 0.06667 0.06667 0.00000 0.15556 0.13333 0.08889 0.02222 0.06667 0.06667 0.02222 0.08889 0.00000 0.00000 0.02222
GNM10010                       0.08889 0.04444 0.00000 0.06667 0.00000 0.00000 0.04444 0.06667 0.00000 0.08889 0.11111 0.08889 0.02222 0.08889 0.06667 0.02222 0.08889 0.00000 0.00000 0.11111
GNM10014                       0.11111 0.04444 0.00000 0.04444 0.00000 0.00000 0.06667 0.06667 0.00000 0.06667 0.15556 0.08889 0.02222 0.08889 0.06667 0.02222 0.08889 0.00000 0.00000 0.06667
GNM13090                       0.11111 0.04444 0.00000 0.04444 0.00000 0.00000 0.06667 0.06667 0.00000 0.08889 0.17778 0.08889 0.02222 0.04444 0.06667 0.02222 0.08889 0.00000 0.00000 0.06667
GNM13118                       0.11111 0.04444 0.00000 0.02222 0.00000 0.00000 0.08889 0.08889 0.00000 0.08889 0.20000 0.06667 0.00000 0.04444 0.06667 0.00000 0.06667 0.00000 0.02222 0.08889
GNM13128                       0.10870 0.02174 0.00000 0.04348 0.00000 0.02174 0.13043 0.10870 0.00000 0.10870 0.08696 0.08696 0.02174 0.04348 0.04348 0.04348 0.00000 0.00000 0.04348 0.08696
GNM13210                       0.13333 0.02222 0.00000 0.02222 0.00000 0.00000 0.06667 0.08889 0.02222 0.11111 0.15556 0.08889 0.02222 0.04444 0.04444 0.04444 0.02222 0.00000 0.02222 0.08889
GNM12769                       0.13333 0.11111 0.00000 0.02222 0.00000 0.00000 0.08889 0.06667 0.00000 0.17778 0.11111 0.00000 0.02222 0.04444 0.08889 0.04444 0.04444 0.00000 0.00000 0.04444

Homogeneity statistic: X2 = 39.79860 G = 39.48744 

Average                        0.10006 0.04092 0.01126 0.03154 0.00225 0.00845 0.06270 0.07884 0.00206 0.11995 0.10963 0.07415 0.02478 0.04843 0.06401 0.07997 0.03567 0.00713 0.01220 0.08598
(Ambiguity characters are used to calculate freqs.)


# constant sites:      0 (0.00%)

TREE #  1:  ((((((((42, 118), 107), 55), 86), 87), ((109, (88, 54)), (108, 110))), 116), ((((((((((((((((((44, 45), 43), 21), 46), 51), 24), ((20, 22), 39)), ((((((((50, 48), 49), 47), 52), (18, 6)), (((53, (25, 37)), (7, 5)), (79, 19))), ((9, 62), 102)), 66)), 111), ((80, 17), 81)), (((103, 65), 104), 38)), (((((70, 4), 69), (64, 12)), 28), (13, 61))), 71), (78, 63)), (((((75, 76), 41), 40), 14), ((35, 74), 11))), (((1, 72), 73), 36)), ((((33, 34), (2, 31)), (3, 29)), ((10, 32), (30, 77)))), ((((((27, 26), 23), (59, 60)), 57), 119), ((16, 15), 58))), (((((((((97, 96), 90), 95), 89), ((((84, 8), 85), (82, 101)), 83)), (56, 67)), (117, (68, 105))), (((((93, 92), 91), 100), (98, 99)), 94)), ((((113, 114), 115), 112), 106)));   MP score: -1
lnL(ntime:235  np:236):  -4728.040490      +0.000000
 120..121 121..122 122..123 123..124 124..125 125..126 126..127 127..42  127..118 126..107 125..55  124..86  123..87  122..128 128..129 129..109 129..130 130..88  130..54  128..131 131..108 131..110 121..116 120..132 132..133 133..134 134..135 135..136 136..137 137..138 138..139 139..140 140..141 141..142 142..143 143..144 144..145 145..146 146..147 147..148 148..149 149..44  149..45  148..43  147..21  146..46  145..51  144..24  143..150 150..151 151..20  151..22  150..39  142..152 152..153 153..154 154..155 155..156 156..157 157..158 158..159 159..50  159..48  158..49  157..47  156..52  155..160 160..18  160..6   154..161 161..162 162..163 163..53  163..164 164..25  164..37  162..165 165..7   165..5   161..166 166..79  166..19  153..167 167..168 168..9   168..62  167..102 152..66  141..111 140..169 169..170 170..80  170..17  169..81  139..171 171..172 172..173 173..103 173..65  172..104 171..38  138..174 174..175 175..176 176..177 177..178 178..70  178..4   177..69  176..179 179..64  179..12  175..28  174..180 180..13  180..61  137..71  136..181 181..78  181..63  135..182 182..183 183..184 184..185 185..186 186..75  186..76  185..41  184..40  183..14  182..187 187..188 188..35  188..74  187..11  134..189 189..190 190..191 191..1   191..72  190..73  189..36  133..192 192..193 193..194 194..195 195..33  195..34  194..196 196..2   196..31  193..197 197..3   197..29  192..198 198..199 199..10  199..32  198..200 200..30  200..77  132..201 201..202 202..203 203..204 204..205 205..206 206..27  206..26  205..23  204..207 207..59  207..60  203..57  202..119 201..208 208..209 209..16  209..15  208..58  120..210 210..211 211..212 212..213 213..214 214..215 215..216 216..217 217..218 218..97  218..96  217..90  216..95  215..89  214..219 219..220 220..221 221..222 222..84  222..8   221..85  220..223 223..82  223..101 219..83  213..224 224..56  224..67  212..225 225..117 225..226 226..68  226..105 211..227 227..228 228..229 229..230 230..231 231..93  231..92  230..91  229..100 228..232 232..98  232..99  227..94  210..233 233..234 234..235 235..236 236..113 236..114 235..115 234..112 233..106
 0.168242 0.173763 0.235154 0.000000 0.000000 0.480425 0.407401 0.246156 0.207996 0.107620 0.914406 0.568641 0.701383 0.425295 0.025044 0.246287 0.015729 0.260556 0.317995 0.108779 0.221201 0.192146 0.997776 0.205613 0.010772 0.202386 0.028441 0.175029 0.047306 0.000000 0.280662 0.250365 0.146168 0.000000 0.103012 0.118419 0.000000 0.046687 0.000000 0.000000 0.021965 0.000000 0.000000 0.044926 0.000000 0.022359 0.151725 0.120899 0.000000 0.072511 0.110498 0.086405 0.222204 0.000000 0.085504 0.152832 0.000000 0.046191 0.000000 0.000000 0.000000 0.000000 0.000000 0.000000 0.000000 0.000000 0.023053 0.069039 0.000000 0.000000 0.021639 0.024447 0.121262 0.022564 0.022035 0.050090 0.000000 0.000000 0.022330 0.093736 0.022408 0.000000 0.000000 0.000000 0.000000 0.000000 0.023907 0.039699 0.065037 0.059405 0.025283 0.078762 0.000000 0.087379 0.000000 0.000000 0.023578 0.000000 0.000000 0.000000 0.071944 0.000000 0.000000 0.000000 0.174317 0.000000 0.074810 0.097305 0.000000 0.109241 0.025223 0.031114 0.136506 0.124933 0.000000 0.000000 0.266485 0.141302 0.000000 0.000000 0.000000 0.000000 0.596640 0.183634 0.175332 0.175977 0.000000 0.252905 0.200540 0.414792 0.299218 0.058077 0.046120 0.022619 0.042171 0.006195 0.844413 0.000000 0.053603 0.038519 0.497380 0.352535 0.095411 0.000000 0.099617 0.194291 0.023845 0.000000 0.165608 0.108000 0.099311 0.327452 0.000000 0.023506 0.155106 0.184136 0.041266 0.035599 0.128601 0.179969 0.121504 0.043837 0.091168 0.045841 0.103370 0.054094 0.169974 0.210649 0.127883 0.369183 0.065398 0.150068 0.125750 0.683336 0.397251 0.000000 0.553400 0.000000 0.000000 0.341289 0.087426 0.102863 0.316962 0.263361 0.229841 0.066184 0.030071 0.561760 0.142912 0.065200 0.105210 0.258697 0.414678 0.341521 0.552637 0.000000 0.015028 0.068462 0.025145 0.165209 0.223767 0.000000 0.357365 0.218370 0.384377 0.053059 0.158636 0.330620 0.974370 0.000000 0.266270 0.058579 0.040423 0.000000 0.151279 0.781919 0.037563 0.111008 0.054752 0.061353 0.187136 0.331203 0.380905 0.479244 0.383782 1.172654 0.728782 0.000000 0.150617 0.143735 0.195514 0.063544 0.032727 0.000000 0.243763 1.437281
