
Printing out site pattern counts


       141         62  P

GNM13746                        ---AACCCCD EEEFGGGGGI IIIKKKKKLL LLLLLLLLLM MMNNNNPPPR RRRRSTTTVV VY
GNM13538                        EKLKVCCCDS EELFAGGGGF IIIEKKRVDG ILLLLNSVVL MMGNQSPPPD EKKRSEITLL VI
GNM13876                        LTASSCCCCD DEERAGGSSA LPQKGQEEED LFLLMVFIVS LLKTARLPVH AKRSKMLKLS ML
GNM13680                        EATSACCCCG SDKTGGNGGL KVQRAKRKEM IVITLELILT LQNLLNIPAE EKVKKTITLA AL
GNM14837                        ESKSACCCCG DEKLAGGGSM IVDEEEMHKE LVLLLEILLI LRRTRSIPPK KKLNQATTLL AI
GNM14249                        ESKSACCCCG EEKLAGGGKM IVDEEEMHKQ MVLLLEILLV LRRSVSIPPE KKLQQATTLL AI
GNM13928                        ETKSACCCCG EEKLAGGGKM IVNEQEMQKE MVLLLEMLLL LRRTISIPPG KKLKQATTLL AI
GNM14865                        QAENSCCCCQ EKAFAGGDGL YPEEEERQTT LFATMVILAL LLAAWTPDHS RTLKTVATAL MA
GNM13455                        ESKSACCCCG DEKLGGGGSM IVEEKEMHRS LVLLLEILMI LRRSENIPPE KKLSQATTLL AI
GNM14938                        VTRTACCCCD AEKRAGGSGA VPRAKAEEEE LVLRLVLVLG ILRAEVVPQR VKKSGVVKLS II
GNM14483                        LTSGVCCCHE EEKYAGGGGL LIQDHDSRSG VILLMLLLYL VKDLESTAPE SKRKEVLTVV AM
GNM14872                        EASSACCCCG SEKSGGDGGA KVQRAKRKEA IVLVLELVLM LQYLGNIPPE GKLKRTITLA AL
GNM13855                        QGMSACCCCQ YEILGGGNGY ALNKKTKEKS IILLLVLLLI LQAGENMKPE KSLRRIITLL GI
GNM14445                        NAQGSCCCCD DEKVGGGGGI LLHEQEQREE ILLLLSLVIV LLNLENVPSR KKLKTTVKVA TL
GNM14404                        LGDSACCCCN EEKFAGNVKL LPEDKSKDSE LFVLMVLALL LLRLELPPSG SKKLFVVSLV MI
GNM14545                        LGDSACCCCN EEKFAGNVKL LPEDKSKDSE LFVLMVLALL LLRLELPPSG SKKLFVVSLV MI
GNM14366                        ETEAVCCCCG EEKLAGGGSM IVQEDDLNQD LVLLLQILII LRRSKSVPPQ KKLKQATTLL AI
GNM14252                        ESKSACCCCG EEKLAGGGKM IVEEEEMHKQ LVLLLEILLI LRRSVSIPPE KKLQQATTLL AI
GNM13760                        ESKGACCCCG EDKLAGGGRM IVEEEEMHKQ LVLLLELLLI LRRSVNIPPE RKLNQATTLL AV
GNM13982                        ETDSICCCCG EEKLAGGGKM IVNDDSMDKQ LVLLLEILIL LRKSISVPPS EKLSQATTML AI
GNM13960                        QSSSICCCCG KEKLGGGGKM LVEDDEMYKE LVLLLEILIL IRKSKNVPPA QKLNQAVTLI AI
GNM14633                        ATKSICCCCG EEKLAGGGKM MVEEDSMNKQ LVLVLEILIL LRKSDSVPPS EKLSQATTML AI
GNM14174                        KQGDACCCCE DLKWAGRSAL LPKSDQRTSQ VFITLLLLLV LLKTSRGPSE EKRQQLNTIS ML
GNM14055                        QSKAVCCCCG DEKLAGGGKM LVETDEINKE LVLLLQIMIL LRKTKDIPPD NKLNQAVTLI AI
GNM14748                        ESKSACCCCG EEKLAGGGKM IVAEEEMQKE LVLLLEILII LRRTSQIPPD KKLGQATTLL AI
GNM14246                        RNREVCCCCQ DLKWAGGSSL LPQEDRKDAQ IFITLLLLLV LIKIEQAPPE TKRQQLNTVG ML
GNM14640                        KEGEACCCCQ DLKWAGGSSM LPRESRKDAE IFLTLLLILI LLKLEKAPPE TKRQQLNTIG ML
GNM14965                        QIQNACCCGC SDKIGGNGTL NVLRQRREDM VVLILQLILT LQNLINIPPE EKLKKNITLA AI
GNM13677                        LTASSCCCCD DEERAGGSSA LPQKGQEEED LFLLMVFIVS LLKTARLPVH AKRSKMLKLS ML
GNM14339                        RTGSSCCCCD EQKRGGGNGV TPETKAEERD IFLLMVLVLS LLKAEVVPTK EKKAEMVKLA MI
GNM14593                        ITVSTCCCCN DEQWAGGSGA IPRGKAEEEE VFLLMSILLT LIKTEKLPHE TKRSRLTKLS ML
GNM13825                        VTRTACCCCD AEKRAGGSGA VPEARAEEDE LVLRLVLVLG ILRAEVVPVR AKKSGVVKLS II
GNM14768                        ANIAACCCCN DDLWAGGSNA LPDKKKEQEE MFLLMTLLLA LLKTEKLPQE TKRSKIAKVT ML
GNM14776                        ANIAACCCCN DDLWAGGSNA LPDKKKEQEE MFLLMTLLLA LLKTEKLPQE TKRSKIAKVT ML
GNM14715                        ATTAACCDHD SDKYGGGGGL LIRERAKKSN LVLLMVLLLL MQDLEVTPPQ MRSREVVTAV AA
GNM13795                        ESKSACCCCG EEKLAGGGKM IVSEEEMQKE LVLLLEILMI LRKSVKIPPD KKLNQATTLL AI
GNM14166                        AAESVCCCCG EDKLAGGGKM IVQIDQMSYK IILVLDKLIL LRKAETIPPE QKLKKAITLL AM
GNM13515                        ESDSVCCCCG DEKLAGGGKL IVSENTMNKS MVLLLEMLIL LRRSENAPPE KKLGQATTLL AI
GNM13745                        SSNGVCCCED EEDIGGGGGI LVILKSKRDD LMLLLILVVC MQNLITIPKK EKKKAVLTVV AL
GNM14030                        STNSVCCCED XEDLGGGGGI LVILKNKRDD IVLLLILVVC MQNLIAISKK EKRKVVLTIV AL
GNM14959                        ENNSACCCCD QYKYAGGTGL LPEETKREKV LLLTLYYLLI ILRSMNAPTD ERRANYATIV MM
GNM13413                        SIDPACCCHG EERVAGGLNL -P-ESVKESI AFLLMELVLV LLKERVPPTE STKS-IVTVA MI
GNM14971                        QSSSICCCCG KEKLGGGGKM LVEDDEMYKE LVLLLEILLL IRKSKNVPPA QKLSQAVTLI AI
GNM14990                        QSSSICCCCG KEKLGGGGKM LVEDDEMHKE LVLLLEILIL MRKSKNVPPA QKLNQAVTLI AI
GNM15005                        QSSSICCCCG KEKLGGGGKM LVEDDEMHKE LVLLLEILIL MRKSKNVPPA QKLNQAVTLI AI
GNM15013                        NPKSICCCCK KE-LGGEGKM -V--YR-R-C Y-TLLG---- IRL-FVIPP- KKLN-W-TY- A-
GNM14976                        QSSSICCCCG KEKLGGGGKM LVEDDEMHKE LVLLLEILIL MRKSKNVPPA QKLNQAVTLI AI
GNM15018                        ESKSACCCCG EEKLAGGGKM IVEEDEMHKT LVLLLEILLT LRRSVSTPPE KKLQQATTLL AI
GNM15024                        ESKSACCCCG EEKLAGGGKM IVEEDEMHKT LVLLLEILLT LRRSVSTPPE KKLQQATTLL AI
GNM14980                        ESKSACCCCG EEKLAGGGKM IVEEDEMHKT LVLLLEILLT LRRSVSTPPE KKLQQATTLL AI
GNM15000                        ESKSACCCCG EEKLAGGGKM IVEEDEMHKT LVLLLEILLT LRRSVSTPPE KKLQQATTLL AI
GNM15026                        QSHSACCCCG KEKLAGGGKM LVEGDEMTKE LVLLIEMLIL VRKTKNVPPA RKIDQAVTLI AI
GNM15001                        ESKSACCCCG EEKLAGGGKM IVEEDEMHKT LVLLLEILLT LRRSVSTPPE KKLQQATTLL AI
GNM15027                        MAYGSCCCCG EEKVAGDGGL LVEEKRKEDL ALLLLELLVL LQALEVIPPA AKRKKILTVL AL
GNM15019                        ESK---C-CG --KL--G--- I-SEEEMQKE L-L--EMLLV --RSVKT--E KK--QAM-LL -I
GNM11003                        KAKSACCCHG EERVAGGSGL TPEDNKRDVY LFILMVILLI LLKQSVPPAE EGRQSVATTL AI
GNM11023                        G-KDACCDHG QKTVAGGLGL NPDGTEKDDM VFLLMALALA MLKT-VPPTE RNMQEVVV-V MV
GNM11055                        MCDAACCCCG EHKFAGGMKL LPVDDVEKDS IFMLMELIVL LLRSKSPPSK MAYKRIAKVS AL
GNM11146                        ESKQACCCCD QYMYAGGTGL YPHNSPKNVM ILLTLFLVLI ILRTENAPTS SKRQNYAILA ML
GNM11219                        LSGSACCCCQ KYRWAGGSGL IPEASSREES LFLLMLLILL LLRSKRAPNQ EKRSRISTLA MI
GNM11220                        RNVSACCCCG EDLFAGGVNL APKKRARDEL IILLLILLLV LLRVDKPPTS AKKMKVTTVG AM
GNM11222                        AEKEACCCCD EERYAGGSGL LPGESRKEKQ LFVLMTLLLI LLRLRKAPAE VNKTEVASLL MV
GNM11223                        KNE------- --R------- L-RE-Q--GG I-I--ILLLV ---VE----E MK--Q-S-IG -L
GNM11224                        KNE------- --R------- L-RE-R--EE I-I--ILLLV ---VE----E RK--Q-S-LG -L
GNM11225                        RNESTCCCCE DLGWAGGSSL LPQENRRDLM MFMTLMLILI LLKLEQGPSK VKRSRLNTIS ML
GNM11358                        ENVSACCCCQ YEMIGGENGY YLKKKDKDKA LIQLLLIVLI LQHIMNMKPE QSLRRVTTLL GV
GNM11360                        ESKSACCCCG DEKLGGGGSM IVEEKEMHRS LVLLLEILMI LRRSENIPPE KKLSQATTLL AI
GNM11362                        MARKACCCCG EEKIGGGGRM IVEESEKRRN VVLVLILILV LQSLSNISAA AKRKMLITTA AL
GNM11367                        ETDSICCCCG EEKLAGGGKM IVNDDSMDKQ LVLLLEILIL LRKSISVPPS EKLSQATTML AI
GNM11377                        EASSACCCCG SEKSGGGGGA KVQRARRREA IVLVLELVLM LQNLENIPPE GKLKRTITLA AL
GNM11380                        ETVSVCCCCG EDKLAGGGKL IVQANQMSHK LVLVLDKLIL LRKTDSVPPE QKLSKAITLL AM
GNM11383                        QAKAACCCCG EEKLAGGGKM IVQEDEMNKE LVLLLNILLA LRKSDSVPPQ KKLKQATTLL AI
GNM11491                        EGSSVCCCCG EEKLAGGGKM IVEDDAMYRR LVLALEILVM LRRSSGVPPD EKLKQATTLL AI
GNM11804                        KSEQACCCCK EFRFAGGLGL IPEEEVKKSK MFLLMTSLVL LLVIKGPQHE EVYKETLKLI AL
GNM12883                        EVSSACCCCG SEKSGGGNGL KAQRASRKEA IVITLELILI LQNLLSVPPE EKVKKLITLA AL
GNM12886                        EAASACCCCG SEKTGGDGGL KVQKAKRKDG IVITLELILT LQNLLNITPE EKVKRTITLA AL
GNM12892                        LIQNACCCGC SDKIGGNGIL KVLRQKREDM IVLILQLILT LQNLINIPPE EKLKKNITLA AI
GNM13060                        ---AACCCCD EEEFGGGGGI VIIKKKKKLL LILLLLLILM MMNNSNPPPK KRRRSTITVA VY
GNM13061                        -MSSACCCCD EEKFGGGGGV SLMNK-KRYS VV-LLLLILL LMNYAVPPPK ERKRATETLV IY
GNM13062                        ATAAACCDHD EEKYAGGGGL LIQERGRKSN LVLLMLLLFL VQDLESAPPQ ARSRDVLTTV AA
GNM13066                        SSTSVCCCED EDELGGGGGI LVMTKGKRDD IVLILILVVC MQNLIAIPKK EKRKAVLTIA AL
GNM11032                        RSTASCCCCD EEKRGGGNGA IPEAKAEEED LFLLMVLVLS LLKAESVPTM EKKAEMLKLA ML
GNM11034                        VTRTACCCCD ADKRAGGSGA VPRAKAEEEE LVLRLVLVLG ILRAEVVPVR AKKSGVVKLS II
GNM11363                        MARKACCCCG EEKIGGGGRM IVEESEKRRN VVLVLILILV LQSLSNISAA AKRKMLITTA AL
GNM11375                        ESKGACCCCG EDKLAGGGKM IVEEEEMHKQ LVLLLELLLI LRRSINIPPE RKLNQATTLL AL
GNM11381                        ETKAVCCCCG EEKLAGGGKL IVQEDEMNKE LVLLLNVMLL LRKSESVPPS KKLKQATTLL AI
GNM11382                        ETTAACCCCG EEKLAGGGNM IVQEDTMNKE LILLLKILIL LRKSENVPPD NKLKQATTLL AI
GNM11799                        QSTSICCCCG KEKLGGGGKM LVEDDEMHKE LVLLLEILIL IRRSKNVPPA QKLSQAITLI AI
GNM11841                        RAENSCCCCQ EAAFAGGDGL HPEEDARQQH VFATMALLAA LIKARTPSHD ETLKREATFL MA
GNM11931                        RARNSCCCCQ DDTFAGGTGL YPEADSREEA IFATMELLAL LLHAATPDHD STLQRTATLL MA
GNM12040                        LAQNSCCCCQ EAQFAGGSGL HPDEEARQRT LFATMHLLAL LISARTPEHE EALKREATHL MS
GNM12071                        AARNSCCCCQ ERAFAGGDGL HPDEDERQQA LFATMTLLAL LIAARSPDHA RTLQREATFL MA
GNM12125                        RLSAACCCHG DERVAGGLGL SPEDSGREEG IFELMALVLV LLRREIPPTE RSRAAIVTTL ML
GNM12126                        KSSPACCCHG QEKVAGGSGL EPEKDYKTES LYALMLLALA LLEEKIPPTE EKKEKIVTLA AM
GNM12128                        RNRAACCCHG DERVAGGSGL DPEDSQRERL LLILLSIILI LLRDNIPPTE SLRSFVATYA AL
GNM12182                        KVESACCCHG EERVAGGSNL VPEDSKREVS MYLLMVLLLL LLRQIIPPAE DSRQSISTII AV
GNM12342                        KVMSSCCCCE NTKYAGGCGE IPEKDKEKEN IFLLMMKVII LLKAYIPSHK DKLKRILKLA LI
GNM12346                        RAGATCCCCD QKEVGGGAGM YPMKHAKKEN IFMLMILVLL LMSIEVPQHR AKERKVVTIM VL
GNM12351                        LAGASCCCCQ RQRLGGGAGL FPEDQQREDG IFLLMKLLLL LMDIHIPAHE LKEMEVITIL IM
GNM12356                        KFDSSCCCCN KKKYSGGAGE IPEEEDENIN IFLLMNRLME MMHAYQPDHY KKFKTELKLG AL
GNM12357                        KFLGSCCCCN KKYYAGGFGE IPEKDDELSE IFLLMDKIFL LIGSYNPSHK RKAKNEIKLT AI
GNM12366                        KFKSSCCCCK KKYYAGSFGE IPEKDDEKQE IFLLMDKLIT LLSAYNPEHK KKAKNEIKLS AI
GNM12373                        RCTSTCCCCA EEIMAGGAEY LPTEKADKEL IFALMDKLAL LLNCQVVPLT ALLNRKAKLI MI
GNM12385                        RCEAACCCCP GKRQGGGYGY LPTRKREEKV IFILMELIAL LLLAHVVKSA RTLKLTAKLM MV
GNM12551                        RTAGACCCCG EIKSHGGVKR EPRETKQTEQ LFLLMKLRLL LLTVVIPPHK AALALVIKVL MA
GNM12554                        RCEEACCCCS EKILGGKCGY LPTEKNEKSH VFILMALITL LLEAAVVPSE MTLKLTAKLM MI
GNM12592                        GCKATHCCCS REQIGGGAGM KPSRKAREER LFILMHLLIL MLVCEVPDHK AKEIKIATLL II
GNM12596                        SAAAACCCCD RERIGGGAGF QPEGQQRTEV MFLLMFILIL LKVLNIPKHE EKELAVLTIL II
GNM12602                        CANAACCCCD RERIGGGAGF DPEGQQRREV MFLLMFILLL LKVLNIPKHE RKELAVLTIL II
GNM12665                        SAAAACCCCD RERIGGGAGF HPEGQQRTEV MFLLMFVLIL LKVLNIPKHE KKELAVLTIL II
GNM12749                        QLMSACCCCQ EKLFGGGSHY LPNEKREEER LFALMAYFAL LLESTVVPTA LTLKLTAKLM MV
GNM12766                        RLEGSCCCCK RDSYAGGAGE IPERDKEEKN IFLLMDRLLI LLIAYIPEHE DKLKIVVKLG ML
GNM12841                        QTQNSCCCCQ ERTFAGGSHL LPDEEARQAA IFATMALLAI LVQAATPPHQ DELQRETTLL MA
GNM12849                        ESKSACCCCG EEKLAGGGSM IVQEEEMHKS LVLLLGVLIL LRRSENIPPE KKLNQATTLL AI
GNM12869                        ESKSACCCCG EEKLAGGGKM IVEEDEMHNA LVLLLEMLLI LRRSVSIPPD KKLQQAATLL AI
GNM12896                        DTVGVCCCCG DDKLAGGGKL IVQSNAMSEL LVLVLDKLIL LRRTDNIPPE QKLSKAITLL AI
GNM12897                        LTTSVCCCCG EDKLAGGGKL IVQANQMSHL LVLVLDKLML LRRNDSVPPG QKLGKAITLL AI
GNM12903                        EGRAACCCCE QYRYAGGTGL HVDDTERERL IVITLFYVIL VLRSQNAPTE DKRAVLITLL IM
GNM12906                        EGKPACCCCE QYRYAGGTGL HVDDTERERI IVITLFYVLL VLRSQNAPTE DKRAVLIALL IL
GNM12907                        EGRSACCCCE QYKYAGGTGL HVDDTEKERL IVLTLFYVLL VLRSQNAPTE DKRAVLITLL IM
GNM12909                        EGRPACCCCE QYRYAGGTGL HVDDTERERL IVLTLFYILL VLKSQNAPTE DKRAVLIALL IM
GNM12915                        SAFDACCCCE PKRFAGGSGL HPQTDPERDK FFLLMMILLY LLYADVPPHE EKLSMVIKLL IM
GNM10046                        SANDACCCCE PKKFAGGSGL YPKEDPEKKT LFLLMTLLIY LLYIQVPPHE EKLSEVVKLL IM
GNM12918                        SANDACCCCE PKKFAGGSGL HPKEDPERRT LFLLMMLLIY LLYVQVPPHE EKLSEVVKLL IM
GNM12931                        DLDAACCCHG EERVAGGLNL -P-ESSKESL VFLLMELLLI LLKELVPPTE NKKS-IVTIT ML
GNM12938                        KAEDACCCHG EIRIAGGMNL SPEESKRETE VFILMVILLI LLKQKTPPPE NNRQTVATVI AI
GNM12996                        KAKEACCCHG EERVAGGMKL RPEDNKKDIY LFMLMILLLL LLKQLVPPAE DGRQSVATSI AI
GNM13018                        KAKEACCCHG EERVAGGMKL RPEDNKKDIY LFMLMILLLL LLKQLVPPAE DGRQSVATSI AI
GNM13027                        KVEDACCCHG EIRVAGGMHL APDDNKKDLN MFILMFILLI LLKQSNPPAE KSRQSIATVL AI
GNM13046                        ESKSICCCCG EEKLAGGGKM IVQEDDIHKE LVLVLEILVL LRKSNNVPPA QKLKQAITLL AI
GNM13053                        RAKGSCCCCD DEKIGGGGGL LVREQEQREE IVLLLSLAIV VLDLENAPPD SKRKVNIKTA VL
GNM13074                        NANDTCCCCE PKRFAGGSGL HPKENPERRK LFLLMMLLIY LLHVVVPPHE EKLSEVIKLL IM
GNM10010                        DALDMCCCCE PRKFAGGSGL RPKDDPERSN LFLLMLILIY MLYVEVPPHE QKLSEVLKLL -M
GNM10014                        SANDMCCCCE PRRFAGGSGL HPKDDPERRT LFLLMRLLIY MLYVQVPPHE EKLSEVLKLL IM
GNM13090                        SANDMCCCCE PRRFAGGSGL HPKEDPERRN LFMLMMLLIY MLHVEIPSHE EKLSEVLKLL LM
GNM13118                        SSAEACCCCG NTLVAGGVRL VPEQSARERS IFLLMVLTLS LLQASKPPLQ QKKSTVVTLS MI
GNM13208                        AGKSACCCCE EYKYAGGTGL KVEDTSRERL IVITLFYVLL VLRAANAPTE NKRAYYIALL IM
GNM13210                        EIRSACCCHG ELRVAGGLGY -P-ETSKERL TFQLMELLLI LLKENAAPTE EKKA-IVTIP MI
GNM12773                        RQIDACCCDK NIKWAGQSAL LPKNDERTSE VFITLLLLLV LLKAKKEPSE SKRQQLTTLS ML
GNM12769                        LESSACCCCK EEKFAGNSSL LPIDKKKENQ IFILMLLILI LLKTEKAPSE KKKTEITKIK ML
GNM12768                        YSNFACCCCD DEKRAGDSGL LPADNQKESR LFVLMLLVLV LLKLETLPHE SKKATVVTVG ML



    1    1    1    1    1    1    1    1    1    1    1    1    1    1    1
    1    1    1    1    1    1    1    1    1    1    1    1    1    1    1
    1    1    1    1    1    1    1    1    1    1    1    1    1    1    1
    1    1    1    1    1    1    1    1    1    1    1    1    1    1    1
    1    1

AAML (in paml version 4.9h, March 2018)  tmp0058.txt
Model: Empirical,  (../wag.dat) dGamma (ncatG=4) ns = 141  ls =  62


Frequencies..
                                    A      R      N      D      C      Q      E      G      H      I      L      K      M      F      P      S      T      W      Y      V
GNM13746                       0.03390 0.08475 0.06780 0.01695 0.06780 0.00000 0.05085 0.08475 0.00000 0.06780 0.18644 0.08475 0.05085 0.01695 0.05085 0.01695 0.05085 0.00000 0.01695 0.05085
GNM13538                       0.01613 0.03226 0.03226 0.04839 0.04839 0.01613 0.09677 0.09677 0.00000 0.09677 0.14516 0.09677 0.03226 0.03226 0.04839 0.06452 0.01613 0.00000 0.00000 0.08065
GNM13876                       0.08065 0.04839 0.00000 0.04839 0.06452 0.03226 0.08065 0.04839 0.01613 0.01613 0.17742 0.08065 0.04839 0.03226 0.03226 0.11290 0.03226 0.00000 0.00000 0.04839
GNM13680                       0.09677 0.03226 0.04839 0.01613 0.06452 0.03226 0.08065 0.08065 0.00000 0.08065 0.14516 0.11290 0.01613 0.00000 0.01613 0.03226 0.09677 0.00000 0.00000 0.04839
GNM14837                       0.06452 0.04839 0.01613 0.03226 0.06452 0.01613 0.11290 0.06452 0.01613 0.08065 0.17742 0.09677 0.03226 0.00000 0.03226 0.06452 0.04839 0.00000 0.00000 0.03226
GNM14249                       0.06452 0.03226 0.00000 0.01613 0.06452 0.04839 0.12903 0.06452 0.01613 0.06452 0.16129 0.09677 0.04839 0.00000 0.03226 0.06452 0.03226 0.00000 0.00000 0.06452
GNM13928                       0.06452 0.03226 0.01613 0.00000 0.06452 0.04839 0.11290 0.08065 0.00000 0.06452 0.17742 0.11290 0.06452 0.00000 0.03226 0.03226 0.06452 0.00000 0.00000 0.03226
GNM14865                       0.16129 0.03226 0.01613 0.03226 0.06452 0.04839 0.09677 0.04839 0.01613 0.01613 0.12903 0.03226 0.03226 0.03226 0.03226 0.03226 0.11290 0.01613 0.01613 0.03226
GNM13455                       0.04839 0.04839 0.01613 0.01613 0.06452 0.01613 0.12903 0.08065 0.01613 0.08065 0.16129 0.08065 0.04839 0.00000 0.03226 0.09677 0.03226 0.00000 0.00000 0.03226
GNM14938                       0.11290 0.09677 0.00000 0.01613 0.06452 0.01613 0.09677 0.08065 0.00000 0.04839 0.11290 0.08065 0.00000 0.00000 0.03226 0.04839 0.03226 0.00000 0.00000 0.16129
GNM14483                       0.04839 0.03226 0.00000 0.04839 0.04839 0.01613 0.09677 0.09677 0.03226 0.03226 0.17742 0.06452 0.03226 0.00000 0.01613 0.08065 0.04839 0.00000 0.03226 0.09677
GNM14872                       0.11290 0.04839 0.01613 0.01613 0.06452 0.03226 0.08065 0.11290 0.00000 0.04839 0.14516 0.09677 0.01613 0.00000 0.03226 0.06452 0.03226 0.00000 0.01613 0.06452
GNM13855                       0.04839 0.03226 0.04839 0.00000 0.06452 0.04839 0.06452 0.11290 0.00000 0.11290 0.19355 0.09677 0.03226 0.00000 0.01613 0.04839 0.03226 0.00000 0.03226 0.01613
GNM14445                       0.03226 0.03226 0.04839 0.03226 0.06452 0.04839 0.09677 0.09677 0.01613 0.04839 0.19355 0.08065 0.00000 0.00000 0.01613 0.04839 0.04839 0.00000 0.00000 0.09677
GNM14404                       0.04839 0.01613 0.03226 0.04839 0.06452 0.00000 0.08065 0.04839 0.00000 0.01613 0.22581 0.09677 0.03226 0.04839 0.04839 0.09677 0.00000 0.00000 0.00000 0.09677
GNM14545                       0.04839 0.01613 0.03226 0.04839 0.06452 0.00000 0.08065 0.04839 0.00000 0.01613 0.22581 0.09677 0.03226 0.04839 0.04839 0.09677 0.00000 0.00000 0.00000 0.09677
GNM14366                       0.06452 0.03226 0.01613 0.04839 0.06452 0.08065 0.08065 0.06452 0.00000 0.08065 0.17742 0.08065 0.01613 0.00000 0.03226 0.04839 0.04839 0.00000 0.00000 0.06452
GNM14252                       0.06452 0.03226 0.00000 0.00000 0.06452 0.04839 0.14516 0.06452 0.01613 0.08065 0.17742 0.09677 0.03226 0.00000 0.03226 0.06452 0.03226 0.00000 0.00000 0.04839
GNM13760                       0.06452 0.06452 0.03226 0.01613 0.06452 0.03226 0.12903 0.08065 0.01613 0.04839 0.19355 0.06452 0.03226 0.00000 0.03226 0.03226 0.03226 0.00000 0.00000 0.06452
GNM13982                       0.04839 0.01613 0.01613 0.06452 0.06452 0.03226 0.08065 0.06452 0.00000 0.09677 0.16129 0.08065 0.04839 0.00000 0.03226 0.09677 0.04839 0.00000 0.00000 0.04839
GNM13960                       0.04839 0.01613 0.03226 0.03226 0.06452 0.04839 0.08065 0.08065 0.00000 0.09677 0.16129 0.11290 0.03226 0.00000 0.03226 0.06452 0.01613 0.00000 0.01613 0.06452
GNM14633                       0.06452 0.01613 0.01613 0.03226 0.06452 0.03226 0.09677 0.06452 0.00000 0.06452 0.14516 0.09677 0.06452 0.00000 0.03226 0.09677 0.04839 0.00000 0.00000 0.06452
GNM14174                       0.04839 0.06452 0.01613 0.04839 0.06452 0.08065 0.04839 0.04839 0.00000 0.03226 0.19355 0.08065 0.01613 0.01613 0.03226 0.09677 0.06452 0.01613 0.00000 0.03226
GNM14055                       0.06452 0.01613 0.04839 0.06452 0.06452 0.04839 0.06452 0.06452 0.00000 0.09677 0.16129 0.11290 0.03226 0.00000 0.03226 0.01613 0.04839 0.00000 0.00000 0.06452
GNM14748                       0.08065 0.03226 0.00000 0.01613 0.06452 0.04839 0.12903 0.08065 0.00000 0.09677 0.16129 0.09677 0.03226 0.00000 0.03226 0.04839 0.04839 0.00000 0.00000 0.03226
GNM14246                       0.04839 0.06452 0.03226 0.04839 0.06452 0.09677 0.06452 0.04839 0.00000 0.06452 0.17742 0.06452 0.01613 0.01613 0.04839 0.03226 0.04839 0.01613 0.00000 0.04839
GNM14640                       0.06452 0.04839 0.01613 0.03226 0.06452 0.04839 0.09677 0.06452 0.00000 0.06452 0.19355 0.09677 0.03226 0.01613 0.04839 0.04839 0.04839 0.01613 0.00000 0.00000
GNM14965                       0.04839 0.04839 0.09677 0.03226 0.06452 0.08065 0.04839 0.06452 0.00000 0.12903 0.16129 0.06452 0.01613 0.00000 0.03226 0.01613 0.04839 0.00000 0.00000 0.04839
GNM13677                       0.08065 0.04839 0.00000 0.04839 0.06452 0.03226 0.08065 0.04839 0.01613 0.01613 0.17742 0.08065 0.04839 0.03226 0.03226 0.11290 0.03226 0.00000 0.00000 0.04839
GNM14339                       0.06452 0.04839 0.01613 0.03226 0.06452 0.01613 0.11290 0.08065 0.00000 0.03226 0.11290 0.11290 0.04839 0.01613 0.03226 0.04839 0.06452 0.00000 0.00000 0.09677
GNM14593                       0.04839 0.04839 0.01613 0.01613 0.06452 0.01613 0.11290 0.06452 0.01613 0.06452 0.14516 0.08065 0.03226 0.01613 0.03226 0.08065 0.09677 0.01613 0.00000 0.03226
GNM13825                       0.12903 0.09677 0.00000 0.03226 0.06452 0.00000 0.09677 0.08065 0.00000 0.04839 0.11290 0.06452 0.00000 0.00000 0.03226 0.04839 0.03226 0.00000 0.00000 0.16129
GNM14768                       0.11290 0.01613 0.04839 0.04839 0.06452 0.03226 0.08065 0.03226 0.00000 0.03226 0.17742 0.12903 0.04839 0.01613 0.03226 0.03226 0.06452 0.01613 0.00000 0.01613
GNM14776                       0.11290 0.01613 0.04839 0.04839 0.06452 0.03226 0.08065 0.03226 0.00000 0.03226 0.17742 0.12903 0.04839 0.01613 0.03226 0.03226 0.06452 0.01613 0.00000 0.01613
GNM14715                       0.11290 0.06452 0.01613 0.06452 0.03226 0.03226 0.04839 0.08065 0.01613 0.01613 0.16129 0.04839 0.04839 0.00000 0.03226 0.04839 0.06452 0.00000 0.01613 0.09677
GNM13795                       0.06452 0.01613 0.01613 0.01613 0.06452 0.03226 0.12903 0.06452 0.00000 0.08065 0.16129 0.12903 0.04839 0.00000 0.03226 0.06452 0.03226 0.00000 0.00000 0.04839
GNM14166                       0.09677 0.01613 0.00000 0.04839 0.06452 0.04839 0.06452 0.06452 0.00000 0.11290 0.14516 0.12903 0.04839 0.00000 0.03226 0.03226 0.03226 0.00000 0.01613 0.04839
GNM13515                       0.06452 0.03226 0.04839 0.03226 0.06452 0.01613 0.09677 0.08065 0.00000 0.04839 0.17742 0.08065 0.04839 0.00000 0.03226 0.08065 0.04839 0.00000 0.00000 0.04839
GNM13745                       0.03226 0.01613 0.03226 0.06452 0.06452 0.01613 0.06452 0.09677 0.00000 0.09677 0.16129 0.11290 0.03226 0.00000 0.01613 0.04839 0.03226 0.00000 0.00000 0.11290
GNM14030                       0.03279 0.03279 0.04918 0.06557 0.06557 0.01639 0.04918 0.08197 0.00000 0.11475 0.16393 0.09836 0.01639 0.00000 0.00000 0.04918 0.03279 0.00000 0.00000 0.13115
GNM14959                       0.08065 0.06452 0.06452 0.03226 0.06452 0.01613 0.08065 0.04839 0.00000 0.04839 0.14516 0.04839 0.04839 0.00000 0.03226 0.03226 0.08065 0.00000 0.08065 0.03226
GNM13413                       0.06780 0.03390 0.01695 0.01695 0.05085 0.00000 0.11864 0.05085 0.01695 0.06780 0.13559 0.05085 0.03390 0.01695 0.06780 0.08475 0.05085 0.00000 0.00000 0.11864
GNM14971                       0.04839 0.01613 0.01613 0.03226 0.06452 0.04839 0.08065 0.08065 0.00000 0.08065 0.17742 0.11290 0.03226 0.00000 0.03226 0.08065 0.01613 0.00000 0.01613 0.06452
GNM14990                       0.04839 0.01613 0.03226 0.03226 0.06452 0.04839 0.08065 0.08065 0.01613 0.08065 0.16129 0.11290 0.04839 0.00000 0.03226 0.06452 0.01613 0.00000 0.00000 0.06452
GNM15005                       0.04839 0.01613 0.03226 0.03226 0.06452 0.04839 0.08065 0.08065 0.01613 0.08065 0.16129 0.11290 0.04839 0.00000 0.03226 0.06452 0.01613 0.00000 0.00000 0.06452
GNM15013                       0.02222 0.06667 0.04444 0.00000 0.11111 0.00000 0.04444 0.08889 0.00000 0.06667 0.11111 0.13333 0.02222 0.02222 0.06667 0.02222 0.04444 0.02222 0.06667 0.04444
GNM14976                       0.04839 0.01613 0.03226 0.03226 0.06452 0.04839 0.08065 0.08065 0.01613 0.08065 0.16129 0.11290 0.04839 0.00000 0.03226 0.06452 0.01613 0.00000 0.00000 0.06452
GNM15018                       0.06452 0.03226 0.00000 0.01613 0.06452 0.03226 0.12903 0.06452 0.01613 0.04839 0.17742 0.09677 0.03226 0.00000 0.03226 0.06452 0.08065 0.00000 0.00000 0.04839
GNM15024                       0.06452 0.03226 0.00000 0.01613 0.06452 0.03226 0.12903 0.06452 0.01613 0.04839 0.17742 0.09677 0.03226 0.00000 0.03226 0.06452 0.08065 0.00000 0.00000 0.04839
GNM14980                       0.06452 0.03226 0.00000 0.01613 0.06452 0.03226 0.12903 0.06452 0.01613 0.04839 0.17742 0.09677 0.03226 0.00000 0.03226 0.06452 0.08065 0.00000 0.00000 0.04839
GNM15000                       0.06452 0.03226 0.00000 0.01613 0.06452 0.03226 0.12903 0.06452 0.01613 0.04839 0.17742 0.09677 0.03226 0.00000 0.03226 0.06452 0.08065 0.00000 0.00000 0.04839
GNM15026                       0.08065 0.03226 0.01613 0.03226 0.06452 0.03226 0.08065 0.08065 0.01613 0.08065 0.12903 0.11290 0.04839 0.00000 0.03226 0.03226 0.04839 0.00000 0.00000 0.08065
GNM15001                       0.06452 0.03226 0.00000 0.01613 0.06452 0.03226 0.12903 0.06452 0.01613 0.04839 0.17742 0.09677 0.03226 0.00000 0.03226 0.06452 0.08065 0.00000 0.00000 0.04839
GNM15027                       0.11290 0.03226 0.00000 0.03226 0.06452 0.01613 0.11290 0.08065 0.00000 0.03226 0.24194 0.09677 0.01613 0.00000 0.03226 0.01613 0.01613 0.00000 0.01613 0.08065
GNM15019                       0.02564 0.02564 0.00000 0.00000 0.05128 0.05128 0.17949 0.05128 0.00000 0.05128 0.17949 0.15385 0.07692 0.00000 0.00000 0.07692 0.02564 0.00000 0.00000 0.05128
GNM11003                       0.09677 0.04839 0.01613 0.03226 0.04839 0.03226 0.08065 0.08065 0.01613 0.06452 0.12903 0.06452 0.01613 0.01613 0.04839 0.06452 0.04839 0.00000 0.01613 0.08065
GNM11023                       0.08475 0.01695 0.03390 0.08475 0.03390 0.03390 0.05085 0.10169 0.01695 0.00000 0.11864 0.06780 0.08475 0.01695 0.05085 0.00000 0.06780 0.00000 0.00000 0.13559
GNM11055                       0.09677 0.03226 0.00000 0.06452 0.08065 0.00000 0.04839 0.04839 0.01613 0.04839 0.12903 0.11290 0.08065 0.03226 0.04839 0.08065 0.00000 0.00000 0.01613 0.06452
GNM11146                       0.08065 0.03226 0.06452 0.01613 0.06452 0.04839 0.03226 0.04839 0.01613 0.06452 0.14516 0.04839 0.04839 0.01613 0.04839 0.06452 0.06452 0.00000 0.06452 0.03226
GNM11219                       0.08065 0.09677 0.01613 0.00000 0.06452 0.03226 0.06452 0.06452 0.00000 0.06452 0.19355 0.04839 0.03226 0.01613 0.03226 0.14516 0.01613 0.01613 0.01613 0.00000
GNM11220                       0.09677 0.06452 0.03226 0.04839 0.06452 0.00000 0.03226 0.06452 0.00000 0.04839 0.17742 0.09677 0.03226 0.01613 0.04839 0.03226 0.04839 0.00000 0.00000 0.09677
GNM11222                       0.09677 0.06452 0.01613 0.01613 0.06452 0.01613 0.12903 0.06452 0.00000 0.01613 0.19355 0.08065 0.03226 0.01613 0.03226 0.04839 0.03226 0.00000 0.01613 0.06452
GNM11223                       0.00000 0.07407 0.03704 0.00000 0.00000 0.07407 0.14815 0.11111 0.00000 0.14815 0.18518 0.07407 0.03704 0.00000 0.00000 0.03704 0.00000 0.00000 0.00000 0.07407
GNM11224                       0.00000 0.14815 0.03704 0.00000 0.00000 0.03704 0.22222 0.03704 0.00000 0.11111 0.22222 0.07407 0.00000 0.00000 0.00000 0.03704 0.00000 0.00000 0.00000 0.07407
GNM11225                       0.01613 0.08065 0.04839 0.03226 0.06452 0.03226 0.06452 0.06452 0.00000 0.04839 0.19355 0.04839 0.08065 0.01613 0.03226 0.09677 0.04839 0.01613 0.00000 0.01613
GNM11358                       0.03226 0.03226 0.04839 0.03226 0.06452 0.06452 0.06452 0.06452 0.01613 0.08065 0.16129 0.09677 0.04839 0.00000 0.01613 0.03226 0.03226 0.00000 0.04839 0.06452
GNM11360                       0.04839 0.04839 0.01613 0.01613 0.06452 0.01613 0.12903 0.08065 0.01613 0.08065 0.16129 0.08065 0.04839 0.00000 0.03226 0.09677 0.03226 0.00000 0.00000 0.03226
GNM11362                       0.11290 0.08065 0.03226 0.00000 0.06452 0.01613 0.08065 0.08065 0.00000 0.09677 0.12903 0.08065 0.04839 0.00000 0.00000 0.06452 0.03226 0.00000 0.00000 0.08065
GNM11367                       0.04839 0.01613 0.01613 0.06452 0.06452 0.03226 0.08065 0.06452 0.00000 0.09677 0.16129 0.08065 0.04839 0.00000 0.03226 0.09677 0.04839 0.00000 0.00000 0.04839
GNM11377                       0.11290 0.08065 0.03226 0.00000 0.06452 0.03226 0.09677 0.11290 0.00000 0.04839 0.14516 0.06452 0.01613 0.00000 0.03226 0.06452 0.03226 0.00000 0.00000 0.06452
GNM11380                       0.06452 0.01613 0.01613 0.04839 0.06452 0.04839 0.04839 0.06452 0.01613 0.04839 0.17742 0.11290 0.03226 0.00000 0.03226 0.06452 0.04839 0.00000 0.00000 0.09677
GNM11383                       0.11290 0.01613 0.03226 0.03226 0.06452 0.06452 0.08065 0.06452 0.00000 0.04839 0.17742 0.12903 0.03226 0.00000 0.03226 0.03226 0.03226 0.00000 0.00000 0.04839
GNM11491                       0.08065 0.06452 0.00000 0.04839 0.06452 0.01613 0.09677 0.09677 0.00000 0.04839 0.14516 0.06452 0.04839 0.00000 0.03226 0.06452 0.03226 0.00000 0.01613 0.08065
GNM11804                       0.04839 0.01613 0.00000 0.00000 0.06452 0.03226 0.12903 0.06452 0.01613 0.04839 0.17742 0.12903 0.03226 0.04839 0.03226 0.04839 0.03226 0.00000 0.01613 0.06452
GNM12883                       0.09677 0.03226 0.03226 0.00000 0.06452 0.03226 0.09677 0.08065 0.00000 0.08065 0.16129 0.09677 0.00000 0.00000 0.03226 0.09677 0.03226 0.00000 0.00000 0.06452
GNM12886                       0.09677 0.03226 0.03226 0.03226 0.06452 0.03226 0.08065 0.09677 0.00000 0.08065 0.14516 0.11290 0.00000 0.00000 0.01613 0.03226 0.09677 0.00000 0.00000 0.04839
GNM12892                       0.04839 0.03226 0.08065 0.03226 0.06452 0.06452 0.04839 0.06452 0.00000 0.16129 0.17742 0.09677 0.01613 0.00000 0.03226 0.01613 0.03226 0.00000 0.00000 0.03226
GNM13060                       0.05085 0.05085 0.05085 0.01695 0.06780 0.00000 0.05085 0.08475 0.00000 0.10169 0.15254 0.11864 0.05085 0.01695 0.05085 0.03390 0.03390 0.00000 0.01695 0.05085
GNM13061                       0.05085 0.05085 0.03390 0.01695 0.06780 0.00000 0.06780 0.08475 0.00000 0.03390 0.15254 0.08475 0.05085 0.01695 0.05085 0.06780 0.03390 0.00000 0.05085 0.08475
GNM13062                       0.14516 0.06452 0.01613 0.06452 0.03226 0.04839 0.06452 0.08065 0.01613 0.01613 0.17742 0.03226 0.01613 0.01613 0.03226 0.04839 0.04839 0.00000 0.01613 0.06452
GNM13066                       0.06452 0.03226 0.01613 0.06452 0.06452 0.01613 0.06452 0.09677 0.00000 0.11290 0.12903 0.09677 0.03226 0.00000 0.01613 0.04839 0.04839 0.00000 0.00000 0.09677
GNM11032                       0.11290 0.03226 0.01613 0.03226 0.06452 0.00000 0.14516 0.06452 0.00000 0.01613 0.16129 0.09677 0.06452 0.01613 0.03226 0.06452 0.03226 0.00000 0.00000 0.04839
GNM11034                       0.12903 0.09677 0.00000 0.03226 0.06452 0.00000 0.08065 0.08065 0.00000 0.04839 0.11290 0.08065 0.00000 0.00000 0.03226 0.04839 0.03226 0.00000 0.00000 0.16129
GNM11363                       0.11290 0.08065 0.03226 0.00000 0.06452 0.01613 0.08065 0.08065 0.00000 0.09677 0.12903 0.08065 0.04839 0.00000 0.00000 0.06452 0.03226 0.00000 0.00000 0.08065
GNM11375                       0.06452 0.04839 0.03226 0.01613 0.06452 0.03226 0.12903 0.08065 0.01613 0.06452 0.20968 0.08065 0.03226 0.00000 0.03226 0.03226 0.03226 0.00000 0.00000 0.03226
GNM11381                       0.06452 0.01613 0.03226 0.01613 0.06452 0.03226 0.11290 0.06452 0.00000 0.03226 0.19355 0.12903 0.03226 0.00000 0.03226 0.04839 0.04839 0.00000 0.00000 0.08065
GNM11382                       0.08065 0.01613 0.06452 0.03226 0.06452 0.03226 0.09677 0.06452 0.00000 0.08065 0.17742 0.09677 0.03226 0.00000 0.03226 0.01613 0.08065 0.00000 0.00000 0.03226
GNM11799                       0.04839 0.03226 0.01613 0.03226 0.06452 0.04839 0.08065 0.08065 0.01613 0.11290 0.16129 0.09677 0.03226 0.00000 0.03226 0.06452 0.03226 0.00000 0.00000 0.04839
GNM11841                       0.19355 0.06452 0.01613 0.04839 0.06452 0.04839 0.09677 0.04839 0.04839 0.01613 0.09677 0.03226 0.03226 0.04839 0.03226 0.03226 0.06452 0.00000 0.00000 0.01613
GNM11931                       0.16129 0.06452 0.01613 0.08065 0.06452 0.03226 0.06452 0.04839 0.03226 0.01613 0.14516 0.00000 0.03226 0.03226 0.03226 0.04839 0.11290 0.00000 0.01613 0.00000
GNM12040                       0.14516 0.06452 0.01613 0.01613 0.06452 0.06452 0.11290 0.04839 0.06452 0.01613 0.14516 0.01613 0.03226 0.03226 0.03226 0.06452 0.06452 0.00000 0.00000 0.00000
GNM12071                       0.19355 0.09677 0.01613 0.06452 0.06452 0.06452 0.06452 0.04839 0.03226 0.01613 0.12903 0.00000 0.03226 0.04839 0.03226 0.03226 0.06452 0.00000 0.00000 0.00000
GNM12125                       0.09677 0.11290 0.00000 0.03226 0.04839 0.00000 0.11290 0.09677 0.01613 0.04839 0.16129 0.00000 0.03226 0.01613 0.04839 0.06452 0.04839 0.00000 0.00000 0.06452
GNM12126                       0.11290 0.00000 0.00000 0.01613 0.04839 0.01613 0.14516 0.06452 0.01613 0.03226 0.14516 0.12903 0.03226 0.00000 0.06452 0.06452 0.04839 0.00000 0.03226 0.03226
GNM12128                       0.09677 0.11290 0.03226 0.06452 0.04839 0.01613 0.06452 0.06452 0.01613 0.08065 0.17742 0.00000 0.00000 0.01613 0.04839 0.08065 0.03226 0.00000 0.01613 0.03226
GNM12182                       0.06452 0.06452 0.01613 0.03226 0.04839 0.03226 0.09677 0.04839 0.01613 0.08065 0.14516 0.03226 0.03226 0.00000 0.04839 0.11290 0.01613 0.00000 0.01613 0.09677
GNM12342                       0.04839 0.01613 0.03226 0.03226 0.08065 0.00000 0.08065 0.04839 0.01613 0.11290 0.12903 0.17742 0.04839 0.01613 0.03226 0.04839 0.01613 0.00000 0.03226 0.03226
GNM12346                       0.08065 0.04839 0.01613 0.01613 0.06452 0.03226 0.06452 0.08065 0.03226 0.06452 0.09677 0.09677 0.09677 0.01613 0.03226 0.01613 0.03226 0.00000 0.01613 0.09677
GNM12351                       0.06452 0.04839 0.00000 0.04839 0.06452 0.06452 0.08065 0.09677 0.03226 0.09677 0.19355 0.03226 0.06452 0.03226 0.03226 0.01613 0.01613 0.00000 0.00000 0.01613
GNM12356                       0.04839 0.01613 0.06452 0.04839 0.06452 0.01613 0.11290 0.06452 0.03226 0.04839 0.09677 0.12903 0.06452 0.04839 0.03226 0.04839 0.01613 0.00000 0.04839 0.00000
GNM12357                       0.04839 0.01613 0.04839 0.04839 0.06452 0.00000 0.08065 0.08065 0.01613 0.09677 0.11290 0.14516 0.01613 0.06452 0.03226 0.06452 0.01613 0.00000 0.04839 0.00000
GNM12366                       0.06452 0.00000 0.03226 0.04839 0.06452 0.01613 0.09677 0.03226 0.01613 0.08065 0.09677 0.20968 0.01613 0.04839 0.03226 0.08065 0.01613 0.00000 0.04839 0.00000
GNM12373                       0.12903 0.03226 0.03226 0.03226 0.09677 0.01613 0.08065 0.03226 0.00000 0.06452 0.17742 0.08065 0.04839 0.01613 0.03226 0.01613 0.06452 0.00000 0.01613 0.03226
GNM12385                       0.09677 0.08065 0.00000 0.00000 0.08065 0.01613 0.06452 0.08065 0.01613 0.04839 0.16129 0.09677 0.04839 0.01613 0.03226 0.01613 0.04839 0.00000 0.03226 0.06452
GNM12551                       0.09677 0.06452 0.00000 0.00000 0.06452 0.03226 0.06452 0.06452 0.03226 0.04839 0.17742 0.09677 0.03226 0.01613 0.04839 0.01613 0.06452 0.00000 0.00000 0.08065
GNM12554                       0.08065 0.01613 0.01613 0.00000 0.09677 0.00000 0.11290 0.04839 0.01613 0.06452 0.16129 0.09677 0.06452 0.01613 0.03226 0.04839 0.06452 0.00000 0.01613 0.04839
GNM12592                       0.08065 0.06452 0.00000 0.01613 0.08065 0.01613 0.08065 0.08065 0.04839 0.11290 0.12903 0.09677 0.04839 0.01613 0.03226 0.03226 0.03226 0.00000 0.00000 0.03226
GNM12596                       0.09677 0.04839 0.01613 0.01613 0.06452 0.04839 0.09677 0.08065 0.01613 0.11290 0.14516 0.04839 0.03226 0.04839 0.03226 0.01613 0.03226 0.00000 0.00000 0.04839
GNM12602                       0.08065 0.08065 0.03226 0.03226 0.08065 0.03226 0.08065 0.08065 0.01613 0.09677 0.16129 0.04839 0.03226 0.04839 0.03226 0.00000 0.01613 0.00000 0.00000 0.04839
GNM12665                       0.09677 0.04839 0.01613 0.01613 0.06452 0.03226 0.08065 0.08065 0.03226 0.09677 0.14516 0.06452 0.03226 0.04839 0.03226 0.01613 0.03226 0.00000 0.00000 0.06452
GNM12749                       0.09677 0.03226 0.01613 0.00000 0.06452 0.03226 0.09677 0.04839 0.01613 0.00000 0.19355 0.06452 0.06452 0.04839 0.03226 0.04839 0.06452 0.00000 0.03226 0.04839
GNM12766                       0.04839 0.06452 0.01613 0.06452 0.06452 0.00000 0.11290 0.08065 0.01613 0.09677 0.16129 0.09677 0.03226 0.01613 0.03226 0.03226 0.00000 0.00000 0.03226 0.03226
GNM12841                       0.16129 0.04839 0.01613 0.03226 0.06452 0.11290 0.08065 0.03226 0.03226 0.03226 0.12903 0.00000 0.03226 0.03226 0.04839 0.03226 0.09677 0.00000 0.00000 0.01613
GNM12849                       0.06452 0.03226 0.03226 0.00000 0.06452 0.03226 0.12903 0.08065 0.01613 0.06452 0.17742 0.08065 0.03226 0.00000 0.03226 0.08065 0.03226 0.00000 0.00000 0.04839
GNM12869                       0.09677 0.03226 0.01613 0.03226 0.06452 0.03226 0.11290 0.06452 0.01613 0.06452 0.17742 0.08065 0.04839 0.00000 0.03226 0.06452 0.01613 0.00000 0.00000 0.04839
GNM12896                       0.06452 0.03226 0.03226 0.08065 0.06452 0.03226 0.03226 0.08065 0.00000 0.08065 0.19355 0.08065 0.01613 0.00000 0.03226 0.04839 0.04839 0.00000 0.00000 0.08065
GNM12897                       0.06452 0.03226 0.03226 0.04839 0.06452 0.04839 0.01613 0.09677 0.01613 0.04839 0.20968 0.08065 0.03226 0.00000 0.03226 0.04839 0.04839 0.00000 0.00000 0.08065
GNM12903                       0.08065 0.09677 0.01613 0.04839 0.06452 0.03226 0.08065 0.06452 0.01613 0.08065 0.12903 0.01613 0.01613 0.01613 0.01613 0.01613 0.08065 0.00000 0.04839 0.08065
GNM12906                       0.08065 0.08065 0.01613 0.04839 0.06452 0.03226 0.08065 0.06452 0.01613 0.08065 0.14516 0.03226 0.00000 0.01613 0.03226 0.01613 0.06452 0.00000 0.04839 0.08065
GNM12907                       0.06452 0.06452 0.01613 0.04839 0.06452 0.03226 0.08065 0.06452 0.01613 0.04839 0.16129 0.04839 0.01613 0.01613 0.01613 0.03226 0.08065 0.00000 0.04839 0.08065
GNM12909                       0.08065 0.08065 0.01613 0.04839 0.06452 0.03226 0.08065 0.06452 0.01613 0.06452 0.16129 0.03226 0.01613 0.01613 0.03226 0.01613 0.06452 0.00000 0.04839 0.06452
GNM12915                       0.06452 0.03226 0.00000 0.06452 0.06452 0.01613 0.06452 0.04839 0.03226 0.04839 0.16129 0.06452 0.06452 0.06452 0.08065 0.04839 0.01613 0.00000 0.03226 0.03226
GNM10046                       0.04839 0.00000 0.01613 0.03226 0.06452 0.01613 0.09677 0.04839 0.01613 0.04839 0.17742 0.11290 0.03226 0.03226 0.08065 0.04839 0.03226 0.00000 0.04839 0.04839
GNM12918                       0.04839 0.03226 0.01613 0.03226 0.06452 0.01613 0.09677 0.04839 0.03226 0.03226 0.17742 0.08065 0.04839 0.03226 0.08065 0.04839 0.01613 0.00000 0.03226 0.06452
GNM12931                       0.05085 0.01695 0.03390 0.03390 0.05085 0.00000 0.11864 0.05085 0.01695 0.05085 0.22034 0.06780 0.03390 0.01695 0.05085 0.06780 0.05085 0.00000 0.00000 0.06780
GNM12938                       0.08065 0.04839 0.04839 0.01613 0.04839 0.03226 0.11290 0.04839 0.01613 0.11290 0.09677 0.06452 0.03226 0.01613 0.06452 0.03226 0.06452 0.00000 0.00000 0.06452
GNM12996                       0.09677 0.04839 0.01613 0.04839 0.04839 0.03226 0.08065 0.06452 0.01613 0.06452 0.16129 0.09677 0.04839 0.01613 0.04839 0.03226 0.01613 0.00000 0.01613 0.04839
GNM13018                       0.09677 0.04839 0.01613 0.04839 0.04839 0.03226 0.08065 0.06452 0.01613 0.06452 0.16129 0.09677 0.04839 0.01613 0.04839 0.03226 0.01613 0.00000 0.01613 0.04839
GNM13027                       0.09677 0.03226 0.04839 0.06452 0.04839 0.03226 0.04839 0.04839 0.03226 0.09677 0.12903 0.08065 0.04839 0.03226 0.04839 0.04839 0.01613 0.00000 0.00000 0.04839
GNM13046                       0.06452 0.01613 0.03226 0.03226 0.06452 0.04839 0.09677 0.06452 0.01613 0.09677 0.16129 0.11290 0.01613 0.00000 0.03226 0.04839 0.01613 0.00000 0.00000 0.08065
GNM13053                       0.06452 0.06452 0.03226 0.06452 0.06452 0.03226 0.09677 0.09677 0.00000 0.06452 0.14516 0.08065 0.00000 0.00000 0.03226 0.04839 0.01613 0.00000 0.00000 0.09677
GNM13074                       0.03226 0.04839 0.04839 0.01613 0.06452 0.00000 0.09677 0.04839 0.04839 0.04839 0.17742 0.08065 0.04839 0.03226 0.08065 0.03226 0.01613 0.00000 0.01613 0.06452
GNM10010                       0.03279 0.04918 0.01639 0.06557 0.06557 0.01639 0.08197 0.04918 0.01639 0.03279 0.19672 0.06557 0.06557 0.03279 0.08197 0.04918 0.00000 0.00000 0.03279 0.04918
GNM10014                       0.03226 0.08065 0.01613 0.04839 0.06452 0.01613 0.08065 0.04839 0.03226 0.03226 0.17742 0.04839 0.06452 0.03226 0.08065 0.04839 0.01613 0.00000 0.03226 0.04839
GNM13090                       0.03226 0.06452 0.03226 0.03226 0.06452 0.00000 0.11290 0.04839 0.04839 0.03226 0.17742 0.04839 0.09677 0.03226 0.06452 0.06452 0.00000 0.00000 0.01613 0.03226
GNM13118                       0.08065 0.04839 0.01613 0.00000 0.06452 0.06452 0.04839 0.04839 0.00000 0.03226 0.16129 0.04839 0.03226 0.01613 0.04839 0.12903 0.06452 0.00000 0.00000 0.09677
GNM13208                       0.12903 0.06452 0.03226 0.01613 0.06452 0.00000 0.08065 0.06452 0.00000 0.06452 0.12903 0.06452 0.01613 0.01613 0.01613 0.03226 0.06452 0.00000 0.08065 0.06452
GNM13210                       0.08475 0.05085 0.01695 0.00000 0.05085 0.01695 0.13559 0.06780 0.01695 0.08475 0.15254 0.06780 0.03390 0.01695 0.05085 0.03390 0.06780 0.00000 0.01695 0.03390
GNM12773                       0.06452 0.04839 0.03226 0.04839 0.04839 0.06452 0.06452 0.01613 0.00000 0.04839 0.19355 0.11290 0.01613 0.01613 0.03226 0.08065 0.06452 0.01613 0.00000 0.03226
GNM12769                       0.04839 0.00000 0.03226 0.01613 0.06452 0.01613 0.11290 0.01613 0.00000 0.11290 0.16129 0.19355 0.03226 0.03226 0.03226 0.08065 0.04839 0.00000 0.00000 0.00000
GNM12768                       0.06452 0.03226 0.03226 0.06452 0.06452 0.01613 0.06452 0.04839 0.01613 0.00000 0.19355 0.08065 0.03226 0.03226 0.03226 0.06452 0.04839 0.00000 0.01613 0.09677

Homogeneity statistic: X2 = 37.38308 G = 39.06281 

Average                        0.07550 0.04402 0.02393 0.03264 0.06307 0.03055 0.08874 0.06784 0.01196 0.06319 0.16146 0.08456 0.03647 0.01394 0.03601 0.05332 0.04275 0.00128 0.01127 0.05750
(Ambiguity characters are used to calculate freqs.)


# constant sites:      0 (0.00%)

TREE #  1:  ((((((((42, 138), 125), (57, 93)), 94), 95), (((127, 128), (96, 56)), (126, 129))), ((((((119, 118), 121), 120), 137), (59, 41)), 136)), ((((((((((((((((((44, 45), 43), (46, 21)), 47), 88), 52), 24), (((69, 20), 22), 38)), (((((((((51, 49), 50), 48), 53), 115), (18, 6)), (((55, (25, 36)), (7, 5)), (85, 19))), ((9, 67), 114)), 73)), 130), (((86, 72), 17), 87)), (((116, 71), 117), 37)), (((((76, 4), 75), (70, 12)), (28, 77)), (13, 66))), (84, 68)), ((((81, 40), 39), (14, 131)), (((35, 80), 11), 54))), (((1, 78), 79), 2)), ((((33, 34), 31), (3, 29)), (((83, 10), 32), (30, 82)))), ((((((27, 26), (139, 23)), ((63, 64), 65)), 60), ((140, 62), 141)), ((16, 15), 61))), ((((((((((110, 108), 109), 99), 107), 98), (((106, 104), 111), 103)), ((((91, 8), 92), (89, 113)), 90)), (58, 74)), (((((102, 101), 100), 112), 97), 105)), ((((133, 134), 135), 132), ((124, 122), 123))));   MP score: -1
lnL(ntime:279  np:280):  -9157.306472      +0.000000
 142..143 143..144 144..145 145..146 146..147 147..148 148..149 149..42  149..138 148..125 147..150 150..57  150..93  146..94  145..95  144..151 151..152 152..153 153..127 153..128 152..154 154..96  154..56  151..155 155..126 155..129 143..156 156..157 157..158 158..159 159..160 160..161 161..119 161..118 160..121 159..120 158..137 157..162 162..59  162..41  156..136 142..163 163..164 164..165 165..166 166..167 167..168 168..169 169..170 170..171 171..172 172..173 173..174 174..175 175..176 176..177 177..178 178..179 179..180 180..44  180..45  179..43  178..181 181..46  181..21  177..47  176..88  175..52  174..24  173..182 182..183 183..184 184..69  184..20  183..22  182..38  172..185 185..186 186..187 187..188 188..189 189..190 190..191 191..192 192..193 193..51  193..49  192..50  191..48  190..53  189..115 188..194 194..18  194..6   187..195 195..196 196..197 197..55  197..198 198..25  198..36  196..199 199..7   199..5   195..200 200..85  200..19  186..201 201..202 202..9   202..67  201..114 185..73  171..130 170..203 203..204 204..205 205..86  205..72  204..17  203..87  169..206 206..207 207..208 208..116 208..71  207..117 206..37  168..209 209..210 210..211 211..212 212..213 213..76  213..4   212..75  211..214 214..70  214..12  210..215 215..28  215..77  209..216 216..13  216..66  167..217 217..84  217..68  166..218 218..219 219..220 220..221 221..81  221..40  220..39  219..222 222..14  222..131 218..223 223..224 224..225 225..35  225..80  224..11  223..54  165..226 226..227 227..228 228..1   228..78  227..79  226..2   164..229 229..230 230..231 231..232 232..33  232..34  231..31  230..233 233..3   233..29  229..234 234..235 235..236 236..83  236..10  235..32  234..237 237..30  237..82  163..238 238..239 239..240 240..241 241..242 242..243 243..27  243..26  242..244 244..139 244..23  241..245 245..246 246..63  246..64  245..65  240..60  239..247 247..248 248..140 248..62  247..141 238..249 249..250 250..16  250..15  249..61  142..251 251..252 252..253 253..254 254..255 255..256 256..257 257..258 258..259 259..260 260..110 260..108 259..109 258..99  257..107 256..98  255..261 261..262 262..263 263..106 263..104 262..111 261..103 254..264 264..265 265..266 266..267 267..91  267..8   266..92  265..268 268..89  268..113 264..90  253..269 269..58  269..74  252..270 270..271 271..272 272..273 273..274 274..102 274..101 273..100 272..112 271..97  270..105 251..275 275..276 276..277 277..278 278..133 278..134 277..135 276..132 275..279 279..280 280..124 280..122 279..123
 0.102381 0.268122 0.000000 0.000000 0.209209 0.309441 0.043009 0.231557 0.409927 0.056439 0.071059 0.852783 0.381895 0.631903 0.545703 0.618021 0.000322 0.237031 0.000000 0.000000 0.023819 0.374177 0.084229 0.184917 0.234471 0.223367 0.000000 0.685561 0.358210 0.078760 0.040627 0.017190 0.065661 0.042628 0.048074 0.020717 0.201831 0.000000 0.515613 0.227836 0.800719 0.000000 0.000000 0.432572 0.140032 0.033278 0.060142 0.656936 0.078537 0.001956 0.045169 0.000000 0.122182 0.067114 0.086838 0.000000 0.000000 0.000000 0.000000 0.000000 0.000000 0.065948 0.020506 1.157172 0.011781 0.000000 0.082774 0.191721 0.190310 0.000000 0.171488 0.100539 0.000000 0.000000 0.056752 0.243686 0.036302 0.074397 0.045261 0.029032 0.027691 0.044521 0.000000 0.000000 0.000000 0.000000 0.000000 0.000000 0.000000 0.000000 0.082271 0.000000 0.000000 0.048787 0.000000 0.029333 0.046897 0.085311 0.025053 0.108275 0.023974 0.039997 0.171078 0.077007 0.088319 0.029613 0.025449 0.033841 0.105498 0.000000 0.000000 0.064054 0.308979 0.176086 0.049769 0.038088 0.028539 0.068792 0.086711 0.179276 0.137942 0.247075 0.126026 0.000000 0.220339 0.000000 0.182052 0.158756 0.019103 0.228155 0.056917 0.077223 0.043733 0.112838 0.070987 0.152601 0.108125 0.032552 0.057006 0.434754 0.046308 0.036051 0.823376 0.193517 0.383685 0.576417 0.000000 0.000000 0.098004 0.000000 0.630504 0.062409 0.150498 0.058307 0.079992 0.400417 0.249611 0.208051 0.164065 0.501954 0.338693 0.294860 0.050985 0.264573 0.558895 0.355110 0.163021 0.255490 0.148121 0.015584 0.494141 0.899854 0.344000 0.127146 0.229029 0.326539 0.000000 0.000000 0.269998 0.328173 0.000000 0.000000 0.184455 0.457471 0.024765 0.016977 0.034999 0.028140 0.111349 0.156716 0.115062 0.000000 0.093429 0.122378 0.452748 0.086002 0.079433 0.176859 0.119670 0.380156 0.356194 0.022705 0.000000 0.252465 0.106187 0.054642 0.332736 0.532488 0.119869 0.063552 0.331494 0.557228 0.570739 0.203836 0.631319 0.000000 0.000000 0.716222 0.439407 0.044597 0.000000 0.000000 0.000000 0.685721 0.276366 0.105613 0.454029 0.049733 0.020536 0.031255 0.072817 0.367088 0.875112 0.362726 0.587523 0.179408 0.046314 0.237219 0.379380 0.436637 0.567188 0.753525 0.149106 0.098862 0.033888 0.296372 0.314464 0.136536 0.000000 0.153650 0.432562 0.275851 0.339943 0.653027 0.592730 0.000000 0.453041 0.124638 0.233642 0.218697 0.031098 0.293806 0.453230 0.294318 0.257016 1.106999 0.491452 0.035345 0.071181 0.017596 0.210549 0.021397 0.123447 0.122224 0.000000 0.000000 0.000000 0.312464 0.089273 1.561203
