
Printing out site pattern counts


       151        137  P

GNM13746                        ---------- -----AAAAA AADDDDDEEE EEEEEEFGGG GGGGGGGGGG HIIIIIIIIK KKKKKKKKKK KKKKKKKKKK LLLLLLLLMM NNPQQQQRRR RRRRRRRRRR RRSSTTTTTT TTVVVVVVVV VVWYYYY
GNM13538                        -----AAKKK KKKKVAAADF RSADDNRADE EEEHQSFEEG GGGGGGGGHK QIIILLMVVE GKKKKKKKKK KKNRRRRRSV ILLLLLLMLM RSQEEIQGKK KRRRRRRRRR SSRSDLNSST TTAKLPQVVV VVWLTYY
GNM13671                        -----EE--A EKRREAAAAI SSDEEDEEDA ARSREKFAEA GGGGGGGTKK PIIIILVFVK VEGKKKKKKL MQLKRRRRKE LLLLMMQILT KKHELVKSKR RDIKKLRRRR KRRSDEDRSH STAEIALCIM VVWYRKY
GNM13876                        ------E--V -K-E-AAAAI ASDESDDEEE NRELRRFSKA GGGGGGGTGK PIIIILLFVK AKADKKKRRR FQMKRRRRKV ILLLLLQILM RTPDLVRKRK RSLKSTRRRR MRGSEQDRSH STAGVELCIM VVWFEFY
GNM13680                        -----EEVWA RRKMSASSAL ASSDDEDANE QEAQEKFEKG GGGGGGGNKG PIVVILLVVK GKKRKNRKRR KKKAHKRRKA VILLLLMIIV YNQEDTKGRK KHRRKIKRRR VRSSEVTRST ATVVLPLVIV VVYLPHY
GNM14249                        -----TDQRA RRKQDSASTL ASADDDDKNQ TRAAENFEEG GGGGKNNHKG SIIVLLLVVQ GTRRKGKKKR KKATRKRRKI MLLLLTLIVV RNSEDTKGRK KHRRKATRRR IHSSTITRNG ATAKKFAVIV IVYLQLY
GNM13928                        -----EDQKA KRKHSAASTL ASADDDDKNL TRAAENFEDG GGGGTNNHKG SIIILLLVVQ GTRRKGKKRR KKATRKRRKV MLLLLTLIVV RNSEDTKGRK KHRRKATRRR VHSSDITKNG ATAKKFAVIV IVYLQLY
GNM13297                        -----AAKKK KKKKVAAADF RSADDNRADE EEEHQSFEEG GGGGGGGGHK QIIILLMVVE GKKKKKKKKK KKNRRRRRSV ILLLLLLMLM RSQEEIQGKK KRRRRRRRRR SSRSDLNSST TTAKLPQVVV VVWLTYY
GNM14865                        ----SEEKRA ADRRAAAATL DSEEEDEKDA ERATDYFNQG GGGGGGGSGD PIVILQMFAK GDRDKSKRWE KQAKHKRRSK ILLLLLQIVT RDDETNRRRK RRRDNSKRRR AEESAEDKSG ATAGVALVIV VIWYARY
GNM13455                        -----TDQKA KRKQAAASKL ASADDDDRNL TKAADNLEEG GGGGTKNHKG SIIVLLLVVK GTRRKGKKRR KKAVRKRRKV MLLLLTLIVV RNPEETKGRK KHRRKSTRRR VHSSDITKNG ATVKKIAVIV VVYLQLY
GNM14938                        -----ED--A RHTK---PAL ATE------N R--KE--EIA --GG-GG-G- -II-I--FVK NEG-KK-R-R Q--K-K-RK- L-LLI-QV-- R-P-IQR-RR RDTKLM--RR R-AV-RDRSY A---IVL--I -VWL-YY
GNM14483                        -----EDK-F SRKRGAAAAL KSFADDLRTD QRQAELFEKG GGGGGGGDKG EIIIISLAVE GGTSKKRRIM QRSRRRRRSE MLLLLLLIVL WNPSQVKGRK IHRRKTRRRR MYGSDVSRGQ ATAKIEAVIM VVWLTRY
GNM14872                        ----KEEVWA RRKESASSAL ASSDDEDRND HEANEKFEKG GGGGGGGNKG PIVVILLVVK GKKRKNRKRR QKKKHKRRKV VILLLLMIIV YNKDDTRGRR KHRRKVKRRR VKSSEVTRST ATVMLPMVIV VVYLQHY
GNM13855                        -----SETKT LRKRESSSSL SSSDDEDHNE QEAAEKFIKG GGGGGRANKG PIIVILLVVK GNKRKNRKRR KKKKHKRRKV VILLLLMIIV RNTEDTKGRK KHRRKITRRR VKASDITRST ATAKLILVIV IVYLPHY
GNM14445                        -----KDSLV RRRRIAASVM KSSDDDDSSS QRFETKFQKG GGGGGNGKGN PIAIIAMIIK GSADKKKRKE QKAKRKRRKK ILILLLLIVM GNPEEVKGRK KHRRRRKRRR VSGSEVNCSG ATAKLKKVII VVWIARY
GNM14404                        ------E--V -K---AAAVL RSDESDDDDS VRQEQGISYG GGGGGGGHRG PIVVIVIFAK AKSSGKRRWR LQTKRERRFY IVLLLLLLMM RKPGMTRRKK VERRRARRRR MRASEITRSK STVKVILVIV VIWYPEY
GNM14545                        ------E--V -K---AAAVL RSDESDDDDS VRQEQGISYG GGGGGGGHRG PIVVIVIFAK AKSSGKRRWR LQTKRERRFY IVLLLLLLMM RKPGMTRRKK VERRRARRRR MRASEITRSK STVKVILVIV VIWYPEY
GNM14366                        -----FDQKS KRKKMSAAAL ASAEDDDKNT TRANQRFEDG GGGGTGNAKG PIIIISLVVK GSRRKGKKKR KKAGRKRRKL ILLLLVLIVV YNPDETKGRK KHRRRKTRRR VSSSDVTRNG ATVKIAAVIV IVYLTRY
GNM14252                        -----TDQRA RRKQDSAATL ASADDDDKNQ TRAAENFEEG GGGGKNNHKG SIIVLLLVVQ GTRRKGKKKR KKATRKRRKI MLLLLTLIVV RNSEDTKGRK KHRRKATRRR VHSSTITRNG ATAKKFAVIV IVYLQLY
GNM13760                        -----FDQRA KRKQDAASTL ASADDDDNNL TRAEEKFEDG GGGGTNNHKG TIIILLLVVQ GTRRKGKKKR KKAVRKRRKI MLLLLTLIVV RNPEDTKGRK KHRRKATRRR VHSSDITRNG ATAKKFAVIV IVYLQLY
GNM13982                        -----ADQKA RRKQISAATI ASADDDDKDT TRASTALEAG GGGGKNNNKG NIIVILLIIK GTRRKGKKRR KKSTRKRRKV ILLLLVLIIV YNSDETKGRK KHRRKNTRRR VHSSDITHNG ATAKKFSVIV IVYVQLY
GNM13960                        -----VDQKA KRKKIAASTL ASADDDDKNT TQAEEKFEEG GGGGKNNNKK SIFIILLVIK GTRRKGKKQR KKAVRKRRKV ILLLLYLIMV YNPEETKGRK KHRRKIVRRR VHSSDITRNG ATVKIIAVIV VVYLQRY
GNM14633                        -----TDQKA RRKQISAATI ASAEDNDRDT TRAKTAFEAG GGGGKNNHKG EIMIILLIIK GTRRKGKKRR KKSTRKRRKV ILLLLALIIV YNSDETKGRK KHRRKNTRRR VHSSDVTHNG ATVKKFSVIV VVYVQLY
GNM14853                        -----TDQKA RRKQISAATI ASAEDNDRDT TRAKTAFEAG GGGGKNNHKG EIMIILLIIK GTRRKGKKRR KKSTRKRRKV ILLLLALIIV YNSDETKGRK KHRRKNTRRR VHSSDVTHNG ATVKKFSVIV VVYVQLY
GNM14174                        ----RAAKKA RSVKEAACIL ASEEGDDSER KREKEAIAKS GGGGGKGNRK PIIVIMLFAT SHSQKGRKWE IQSKRKRRGQ LLLLLLLVIT KNPEVVKRKR REKESSKRRR MRKSDETRSH ATAGVELVIM VIWYARY
GNM14138                        ----KIDKRA KTLRESAPVL ACEEADYKER VREKQKITRS GGGGGGGGRK PIVVIILFSS VRPEKERKWE MQSTLKRRAE ILMLLMLIVL KSPEAVRRRT KEKKDNRRRR ARKGDESRSR STAGKQLIIM VIWYPRY
GNM14055                        -----ADQKA KRKQISASTI ASADDDDSQT TRAEEKFEEG GGGGTNNKKG VIIVILLVIK GTRRKRKKKR KKAVRKRRKI ILLLLTLIMV RNKQETKGRK KHRRTTVRRR VHSSDITRNG ATVKIIAAIV IVYLQRY
GNM14748                        -----TDQRA LRKQNSASTL ASADDDDKNT TRATENFEEG GGGGTNNHKG TIIILLLVVQ GTRRKGKKRR KKDTRKRRKI MLLLLTLIVI RNPQDTKGRK KHRRKATRRR VHSSDITRNG ATAKKFAVIV IVYLQLY
GNM14246                        ----RTTKKA HKLRKAAMAL ASEKGDEKER VREQQEITEG GGGGGGGNRK PIITIILFAS AHTKKSRKWE MQSKLKRRAE TLLLMLLIIL KSPEVTRRKR RDREEKRRRR ARRQEETRSR ATAGAKWVIM VIWYPTY
GNM14640                        ----SVAKKA HSLREAAPVL ASENADDRER VREKQKITKS GGGGGGGGRK PIIVITLFAS AHSEKGRKWE MQSKSKRRAE ILLLLLLIIL KSSEAVKRRR KDRENKRGRR ARKREETRSK TTAGTELVIM VIWYPKY
GNM14965                        -----ADIRA RRKEAASATI ASNDDEDRTE QEAGQRFQKG GGGGGGGNND PIIVILLVVK AKKRKNRKRR KKKRHKRRKV VILLLLMMIV HNKEDTRGRK KHRRKATRRR VKTSDVTRSS ATIKLPLVIV IVYLAHY
GNM13677                        ------E--V -K-E-AAAAL ASDESDDEEE NRELRRFSKA GGGGGGGTGK PIIIILLFVK AKTDKKKRRR FQMKRRRRKV ILLLLLQILM RTPDMVRKRK RSLKSIRRRR MRGSEQDRSH STAGVELCII VVWFEFY
GNM14339                        ------A--E -A-R-AASAV ATEEDDDSDT RREHE-FEKA GGGGGGGSKK PIIVLLMFIK RSGEKKRKRK QQIRERRAKE LLLLLLQILV RSPSMNRKRR REIKLMRRRR RRQRERKRSH STA-VKLCIL VVWYPYY
GNM14593                        ------D--V -K-R-AAAAI ASDEEDEEDN ARAKEEFSEA GGGGGGGTRK QIIIILLFVK ADGDKKKRRM MQLKKRRRKL LLLLMLQIIE KKQEFIKKKK RDRKKRKRRR LRRSDEDRSY STAGIALCII VVWYPKY
GNM13825                        -----ED--V RRTK-AAPAL ATEEDDDKDN RRAKE-FDIA -GGG-GGNGG PIIIILLFVK NEGDKKRRRR QQLR-KRRKE LLLLIMQVIM RQPEVQR-RR RDTKLM-RRR RRAVERDRSY ATA-IVLVII VVWL-YY
GNM14768                        -----AD--V RRRRRAAAIV ASDEEDETDE ARSREKLQAA GGGGGGGHDK PIIVILLFVE AKGDKKRRKM MQLKRRRRKI LLLLMLQILL KKQELVRSRK KARKMMRRRR QKRSEETRSH STAKVELCIM VVWYPRY
GNM14776                        -----AD--V RRRRRAAAIV ASDEEDETDE ARSREKLQAA GGGGGGGHDK PIIVILLFVE AKGDKKRRKM MQLKRRRRKI LLLLMLQILL KKQELVRSRK KARKMMRRRR QKRSEETRSH STAKVKLCIM VVWYPRY
GNM14715                        -----TEK-F SRRRKAAAAL KSFDDDLKTE QRQRDLFEKG GGGGGGGDKG DIVIINLVVE GGRSKKRKVL QKSKRRRRAV MLLLLLLIVL WNPSEVKGRK THRRKSRRRR QYGSDVSRGT ATAKVEAVIV IVWLARY
GNM14639                        ------E--V -H-K-AAAAL KSQEDMRKEE QESKDKLERG GGGGGKGSGG PIVIIALIIK SESRKKKLKD WKSKKKRRKV ALLLLLLITL RNQDIVKRRK RRRRLKSRRR LASSEYSRTG ATVCVKLVIV VVWIPHY
GNM13795                        -----TDQRA LRKQDSASTL ASADDDDKNT TRATEHFEDG GGGGTNNHKG TIIILLLVVQ GTRRKGKKKR KKDTRKRRKI MLLLLTLIVI RNPEDTKGRK KHRRKATRRR VHSSDITRNG ATAKKFAVIV IVYLQLY
GNM14166                        -----FSQRA KRKHSSAATL ASAEDDDKNS QRTKERFEEG GGGGKGNGKG PIIVILLVVK GTRRKGRKRR QKSVRKRRKA ILLLLLMIIV HNSDETRGRK KHRRKKTRRR VYSSDVTKNG STVKLISVIV VIYLQQY
GNM14450                        -----VDKTT HRRRLAASTL SSAEDED-DE H-ISTRFVKG GGGGGRGNSG PIVIIM-VIK GTRRKN-KKR K--KRKRRKI V-ILLLMIT- R-GNVTKGRK KHRRTKKRRR VFSSEINRST ATVKLKMVIV VVWLHHY
GNM13515                        -----TDQKA KRKKASAATV ASADDDDHDT TQAATSFEAG GGGGTNNHKG SIIIILLIIK GTRRKNKKRR KKATRKRRKV ILLLLVLIIV YNSDETKGRR KHRRKNARRR VHSSDITRNG ATVKKFAVIV VVYVQIY
GNM13745                        -----IDKSR RRVRQSASVL KSDDDNKKSE QINKRTIKLS GGGGKGGKES PIKLIVMISE GKARKSKKKQ MKSQRKRRKI VLLLLFQIVT KNSGEIKGRH KHRRLLRRRR LSNSDMSSSY STAKVKLVII IVWLARY
GNM14959                        ----RERKRW HRLREAVALL SSEEESRVDA RREEEKISIG GGGGGGGSGG PIILILLFVR GKSEKKKKRR QVDKRPKRKE LMLLLLLVV- R-YALVKRRN RSRDLNRRRR AAASDSDRSY ATAGVALVTV VVWYVYY
GNM13413                        ----VVDQRS HKRRASAKAL SADKADDSEL YREREKIERG GGGGGGGSKG PIIVIILFAK YRTEKKKRRK LQFHRSRSKV LLLLLLIVIS RDPELIRRKR RSRNMGRRRR LRKKEYDGSE ATAGLVLVIM IIWYHYY
GNM14990                        -----VDQKA KRKKIAASTL ASADDDDKNT THAEEKFEEG GGGGKNNNKK SIFIILLVIK GTRRKGKKLR KKTVRKRRKV ILLLLYLIMI YNPEETKGRK KHRRKIVRRR VHSSDITRNG ATVKIIAVIV VVYLQRY
GNM15005                        -----VDQKA KRKKIAASTL ASADDDDKNT THAEEKFEEG GGGGKNNNKK SIFIILLVIK GTRRKGKKMR KKTVRKRRKV ILLLLYLIMI YNPEETKGRK KHRRKIVRRR VHSSDITRNG ATVKIIAVIV VVYLQRY
GNM15013                        -----VDKKA KRKKFAASTL ASADDDDKNT TQAEERFEEG GGGGKNNNKK SIFIILLVIK GTRRKGKKQR KKAVRKRRKV ILLLLYLIMV YNPEETKGRK KHRRKIVRRR VHSSDITRNG ATVKIIAVIV VVYLQRY
GNM14976                        -----IDQKA KRKKIAAATL ASADDDDKNT TQAEEKFEEG GGGGKNNNKK SIFIILLVIK GTRRKGKKLR KKLVRKRRKV ILLLLYLIMV YNPEETKGRK KHRRKIVRRR VHSSDITRNG ATVKIIAVIV VVYLQRY
GNM15022                        -----VDQKA KRKKIAASTL ASADDDDKNT THAEEKFEEG GGGGKNNNKK SIFIILLVIK GTRRKGKKQR KKAVRKRRKV ILLLLYLIMV YNPEETKGRK KHRRKTVRRR VHSSDITRNG ATVKIIAVIV VVYLQRY
GNM15018                        -----TDQRA KRKQASASTL ASADDDDKNQ TRAAENFEEG GGGGKNNHKG SIIVLLLVVQ GTRRKGKKKR KKATRKRRKI MLLLLTLIVV RNSEDTKGRK KHRRKATRRR VHSSTITRNG ATAKKFAVIV IVYLQLY
GNM15025                        -----LDQKA KRKQISASTI ASADDDDRNT TLENQRFEEG GGGGKNNKKG SIIVILLIIK GTTRKGKKKR KKSTRKRRKL ILLLLCLIMV YNQEETKSRK KHRRKIVRKR AHSSDITRNG ATVKNIAVIV IVYLPRY
GNM15024                        -----TDQRA KRKQASASTL ASADDDDKNQ TRAAENFEEG GGGGKNNHKG SIIVLLLVVQ GTRRKGKKKR KKATRKRRKI MLLLLTLIVV RNSEDTKGRK KHRRKATRRR VHSSTITRNG ATAKKFAVIV IVYLQLY
GNM14980                        -----TDQRA KRKQASASTL ASADDDDKNQ TRAAENFEEG GGGGKNNHKG SIIVLLLVVQ GTRRKGKKKR KKATRKRRKI MLLLLTLIVV RNSEDTKGRK KHRRKATRRR VHSSTITRNG ATAKKFAVIV IVYLQLY
GNM15000                        -----TDQRA KRKQASASTL ASADDDDKNQ TRAAENFEEG GGGGKNNHKG SIIVLLLVVQ GTRRKGKKKR KKATRKRRKI MLLLLTLIVV RNSEDTKGRK KHRRKATRRR VHSSTITRNG ATAKKFAVIV IVYLQLY
GNM15026                        -----LDQKA KRKRISASTL ASADDDDRNT TLAFERFEEG GGGGKNNKKG TIIVILLIIK GTRRKGKKKR KKTSRRRRKL ILLLLYLIMV YNQEETKSRK RHKRKIVRRR AHSSDVTRNG ATVKIIAVIV IVYMQRY
GNM15027                        -----LD--H ERDRKAAAVL RSKNDDESSE QRAQEKFEKG GGGGGGGSGK PIIIIALVIK GKAEKKKRRN QKAKAKRRKV VLLLLLLIVM RDPAVVRKRK KHRRRTRRRR LAASELTRST ATAKIKLVIV VVWLPRY
GNM15019                        -----HDQRA LRKQDSASTL ASADDDDRNS TRAATHFEDG GGGGTNNHKG SIIILLLVVE GTTRKGKKKR KKATRKRRKI MLLLLTLIVV RNPADTKGRK KHRRKATRRR VHSSDITRNG ATAKKFAVIV IVYLQLY
GNM15003                        -----VDQKA KRKKIAAATV ASADDDDKNT THAEEKFEEG GGGGKNNNKK SIFIILLVIK GTRRKGKKLR KKAVRKRRKV ILLLLYLIMV YNPEETKGRK KHRRKIVRRR VHSSDITRNG ATVKIIAVIV VVYLQRY
GNM11003                        ---VREDARV RHRKKAAKKL SSEEEPEYDS SRKQEKIQIG GGEGRGGNEK PIIVIILFAK SKKDHKKRKR KQLKEERKKI LLLLVAIIIP KEKAVRKGAK RDRKINRNRR ANRSDWDNST ATAGIELVLV VIWVHYY
GNM11023                        -PS-RVDQRS HKRKLAAKVL AAREGDERDR TREREKIDAG GGGGGGGSQG PIIIIRLFAK HKVEKKRRWK LQFKRPKAAE MYLLLLIVIM RDPAVNRRRR RSRRMHRRRR RLAREYDGDT ATAGLELVVM IIWYMYY
GNM11055                        ----RKAQKI KERNLAAAVL ASQATDDSDI ERAIRKFQEG GGGGGGGNGK PIIIVLLFAK AEASKKRKWK KQLNRRKRKE VLLLLLLIVM KDPQVVRRRR RHRRRLRRRR MAESEQDRSG ATAGVVMCAI VIWYHAY
GNM11146                        ----KIHKRW HRTREAARLL ASEEEKQ-DT YEENESIQIG GPRGGGGSGN QIMLILTFAR GKTRKKRKVR M--KRGRRRK MLLLLLIVLM RDPNVNRRRN RHRERPRRRR VASSETDRSK ATVGLRLVIV IIWYRFY
GNM11219                        ----RIEKRT KRLRAAAAVL ASREVDERER MREMRRIEEG GGGGGGGNRG PIIVIVLFAK GDSSKKRRWE KQSKRRRRKV ILLLLLLIIM RSPEIQRRKR RDIRRSRRRR RRRSDLTQSY ATAGCLLVII IIWYSRY
GNM11220                        -----MD--A -RRR-AAAVL ASESSDDSDR ARRENRIVEG GGGGGGGNRG PIIVILMFVK VAAEEKRRWK KQVKRPRRRV IVLLLLLIIM SNPEITKRKR RARQLARRRR LRRSEYSRDK ATAGIELVIP VVWYPFY
GNM11222                        ----KINKRA HSGRLAAAAL SSEESDDKEQ VRSMRQISKG GGGGGGGSKG PIIVIFLFAE GKAEKKRRWL MQSKRKRRAE VLLFLLIIIM KSPQSVTREQ RQRRTSRRRR RKHSEQTRSK ATAGRVLVIA VIWHPTY
GNM11223                        ----KIEKKA HKLRQAAAAL ASEESDERER TRERKKITES GGGGGGGNRK PIIVIILIAS AHAEKKRRWK MQSRRRRRLE ILLLLLLIIL RTKEAVRRRR RERRIMRRRR MRKSDITRSK ATAGVKLVII VIWYPRY
GNM11224                        ----KIDKKA HSIRQAAAAL TSEESDEKER TREREKIAES GGGGGGGNHK PIIVIILIAS AHAEKKRRWK MQSRLRRRLE LLLLLLLIIM RTKEAVRRRR RERRVMRRRR MRRSDITRSK ATAGVKLVIM VIWYPRY
GNM11358                        -----SETKT LRKRASSSSL SSNDDEDHNE QEAAEKFIKG GGGGGGANKG PIIVILLVVK GSKRKNRKRR KKKRHKRRKV VILLLLMIIV RNKEDTKGRK KHRRKITRRR VKSSDITRST ATAKLVLVIV VVYLPHY
GNM11360                        -----TDQKA KRKQAAASKL ASADDDDRNL TKAADNLEEG GGGGTKNHKG SIIVLLLVVK GTRRKGKKRR KKAVRKRRKV MLLLLTLIVV RNPEETKGRK KHRRKSTRRR VHSSDITKNG ATVKKIAVIV VIYLQLY
GNM11362                        -----IDKEA HRKRAAAATL ASANDDDKDS QKESEKFEEG GGGGGRGNKG PILVILLVIE GTKRKKRKKR RKNKRKRRKA VLLLLLYMAM RNSAETKGRK KHRRRTKRRR LYSSEVSRSS ATAKLILVIV IVWLKYY
GNM11367                        -----ADQKA RRKQISAATI ASADDDDKDT TRASTALEAG GGGGKNNNKG NIIVILLIIK GTRRKGKKRR KKSTRKRRKV ILLLLVLIIV YNSDETKGRK KHRRKNTRRR VHSSDITHNG ATAKKFSVIV IVYVQLY
GNM11377                        ----KEEVWA RRKESASSAL ASSDDEDRND HEANEKFEKG GGGGGGGNKG PIVVILLVVK GKKRKNRKRR QKKKHKRRKV VILLLLMIIV YNKDDTRGRR KHRRKVKRRR VKSSEVTRST ATVMLPMVIV VVYLQHY
GNM11380                        -----FSQRA KRKHSSAATL ASAEDDDKNS QQTKERFEEG GGGGKGNGKG PIIVILLVVK GTRRKGRKRR QKSVRKRRKV ILLLLLMIIV HNPDETRGRK KHRRKKTRRR VYSSDVPKNG STVKLISVIV VIYLQQY
GNM11383                        -----FDQKS KRKKASASVL ASAEDDDRNG TRATEKFEEG GGGGTGNDKG PIIIISLVVK GTRRKSKKKR KKTKRKRRKL ILLLLVLIVV YNAAETKGRR KHRRRKTRRR VRGSDVTRNG ATVKIAAVIV IVYLTRY
GNM11491                        -----HDQKA RRKQRSAATL ASATDDDRDL TRAAQAFEDG GGGGKNNHKG PIIIILLVVQ GTRRKGKKYH KKTSRKRRMI VLLLLTLIVI YNPNDTKGRA KHRRKKSRRR VHSSDVTRNG ATAKKVFAIV IVYLALY
GNM11804                        ----RKEQKI KKRNAAAALL SCRDADERDA ERAMRKFSKG GGGGGGGNGD PIIILLLFAK VEKEKKRKWN KQFKRRKRAM LLLLLLLIVM RDPEVVRRRK RHRRRIRRRR AAEREFDRST ATAGVVLCAI VIWYHRY
GNM11805                        ----TKEQLL IKRKNAAAIY ASLNDDRSDS SELKRKITKS GGNGGNGSEK TIIVILIFIR QGTDKKKKWV TVSKRRRRKI LMLLLLLIEM DKDESHTRKK VQRSRTRRRR RNKSDTDNSY ASSGRKLVTI VIWHPEY
GNM12883                        -----EDVWA RRKASASSAL ASSDDEDKND QEAQEKFEKG GGGGGGGNKG PIVVILLVVK GNKRKNRKRR KKKRHKRRRA VILLLLMIIV YNKEDTRGRK KHRRKIKRRR IRSSEVPRST ATVVLPLVIV VVYLPHY
GNM12886                        -----EEVWA RRKMSASSAL ASSDDEDANE QEAQEKFEKG GGGGGGGNKD PIVVILLVVK GKKRKNRKRR KKKAHKRRKA VILLLLMIIV YNQEDTRGRK KHRRKIKRRR VRSSEVTRST ATVVLLLVIV IVYLPHY
GNM12892                        -----ADIRA RRKEAASATI ASNDDEDRTE QEAGQRFQKG GGGGGGGNND PIIVILLVVK AKKRKNRKRR KKKRHKRRKV VILLLLMMIV HNKEDTRGRK KHRRKATRRR VKTSDVTRSS ATIKLPLVIV IVYLTHY
GNM12895                        -----VDKTT HRRRL-ASTL SSAEDED-DE H-ISTRFVKG G-GGGRG-S- PIVIIM-VIK GTR-KN-KKR K--KRKRRK- V-ILL-MI-- R-GNVTKGRK KHRRTKK-RR VFSSEINRST AT-KLKM-IV MVWLHHY
GNM13060                        ---------- -----AAAAA AKDEDNDEEE EQEEKEFGGG GGGGGGGGTG PIIILITIIK KNKNKKKKKK KKKKKKKKKK LLLLLLLLMM NNSQQQQRRK RRRKRKKRRR RRASSSSTTT ATIKIIIIVV IVWYYYY
GNM13061                        ---------- -----AEASA ATADAKDEGE EEEEDKFEGG GGGGSGGGSG PIVIVIIIIK RNKRKKKKKK KKKRKKKERK LLLLLLLFAM RNKESQQRKR RRRKRRHRRR KAANPSQHTG ATVVIPVVVV VVWFPYY
GNM13062                        -----TDR-F SRRRRAAAAL KSFEDNLKTE QRQRDLFEKG GGGGSGGDKG DIVIIALVVE GGPSKKRKVM QKSKRRRRAV MLLLLLLIVM WNPSQVKGRK THRRKSRRRR MYGSDVSRGK ATAKVEAVII VVWLARY
GNM13064                        -----QDK-H KRQRKAAAIL KSDEDNKKSE GKDENQLKAS GGGGTDGNQG TVKLIILISE GKARKSKKKN MKTQRKRRKK ILLLLFQIVT KNKGEIKGRK KHRRKIRRRR RQSSEISRSY STAKIKSVIM LVWLQRY
GNM13066                        -----LDK-Q KRKRKSAAIL KSDQDNKKSE GKDESVIEAS GGGGTDGHQG SIKLIVLISE GKARKSKKKN MKTQRKRRKQ ILLLLFQMVT KNKGEIKGRK KHRRKIRRRR RQSSDISRSY STAKVKFVIM LVWLQRY
GNM11032                        ------G--V -E-K-AAAAL ATEEDDESDN RRSHE-FEIA GGGGGGGNGG PIIILLLFIK QDSEKKKRRR MQIAERRRKV LLLLLLQVIM RNPSLHRRRS REVKLTRRRR RRRRERKRSY STA-VEICII VVWYAYY
GNM11363                        -----IDKEA HRKRAAAATL ASANDDDKDS QKESEKFEEG GGGGGRGNKG PILVILLVIE GTKRKKRKKR RKNKRKRRKA VLLLLLYMAM RNSAETKGRK KHRRRTKRRR LYSSEVSRSS ATAKLILVIV IVWLKYY
GNM11375                        -----FDQRA RRKQESASTL ASADDDDNNL TRAEEKFEDG GGGGTNNHKG TIIILLLVVQ GTRRKGKKKR KKAVRKRRKI MLLLLTLIVV RNPEDTKGRK KHRRKATRRR VHSSDITRNG ATAKKFAVIV IVYLQLY
GNM11381                        -----YDQKA RRKETSAAAI ASSEDDDRNS TRATEKFEEG GGGGTGNSKG PIIIISLVIK GTRRKGKKKR KKTKRKRRKL ILLLLVLIVV HNSQETKGRK KHRRKVTRRR VRSSDVTRNG ATVKISAVIV IVYLTRY
GNM11382                        -----FDQKS KRKKSSAATL ASAEDDDRNG TRAEESFEEG GGGGTGNDKG TIIIISLVVK GTRRKGKKKR KKAKRKRRKL ILLLLVLIVV YNPEDTRGRK KHRKRKARRR VRSSDVTRDG ATVKTAAVIV ITYLTRY
GNM11841                        ----AEDKRA QERRKAAAAL ASEEDNDSDR ERADEYFADG GGGGGGGNGD PIVILQLFAK GDKDKGKRWE KQAKHSRRAK ILLLLLQVVT TDDETNRQRR RDRDDSKRRR DRESGESRSG ATAGVKLVIE VIWYAKY
GNM11931                        ----SEDKEA DDRRAAAATM RSDDDDESDN ERAERYFEEG GGGGGGGNGD PIVILQLFAK GAKDKNKRWT MQAQHERRAE VLLLLLQIVS QDDETNGKRR RRRDNAKRRR EAESSESRSG ATAGVTLVIV VIYYAQY
GNM12040                        ----ASDKRA ADRREAAAIV ASQDEDEKDA ERAEDYFSDG GGSGGGGSGS PIVILQMFAK GDRDKSRRWE KQAKHERRSK ILLLLLQIVT RDDEPNRRRR RRRENSKRRR EEESGETKDG GTAGVALVIV IIWYPRY
GNM12071                        E---SEDKRA AERREAAATL ASQEDDEKDA ERETDYLTQG GGTGGGGGDD PIIILQLFSK GDKDKSKRWE KQAKHTRRSK ILLLLLQVES ADDEVNRQRK RRRENASRRR DADTEEDRDG ATAGVALVIK IIWYARY
GNM12125                        ----KEDARW HHRREAAKVL SSESSDDSER MRAKEKIEEG GGSGGGGSGG PIIVIILFAK GKDEKKKRWQ WQMHRPRRAV LLLLLLIIVT RDPEVPRHKR RARPMHRRRR ERRREYDRTT ATAGFTLVIM IIWWPYY
GNM12126                        ----KVDQRW HHRKEAAKAL SSETEDDDDT MRSEEKIERG GGRGGGGSEG PIIVILLFAK AEKEKKARWK KVKRRPKRAE LPLLLLIVIM RRPEVNRRRR RNRDMNRRRR ARRKAYDRSS ASAGLKLVVM IIWYYFY
GNM12128                        ----SEDKRW HHFRRAAKIL ASENSDRSDR AREMEKFEKG GGSGGGGSEG PIIIIIIFAK GKAEKKRRKK KQYKRPKRSE MLLLLLIILM RDYEINRHRK RSRERFRRRR QNRKEWDRSS ATAGLMLVVI IIWYYFY
GNM12182                        ---RKEDSRV RHRKRAAKKL NSDEGPEEET TRATEKIQKG GGGGRGGSEN PIIVIVLFAK GKRDKKKRRK KQLREKRRKV LLLLVKIIIA RESEINKGKQ KDRKIVRRRR EHRSDWDRNG ATAGLTLALI VIWLTYY
GNM12342                        ----KKDQRV KSLKEAAAVL SSETMDRSDL ARKKEKIERG GGGGGGGEGK PIIVILMFAR AKAEKKRRWF MQVKRPKRAI MVLLLLLIIM KDQDKITRRK RHRRRARRRR RQASDQDSSG ASAGRKLCMM VIWYPTY
GNM12346                        ----AAEKRA DSRRLAAATL ASATTDDADS ERATEKMYAG GGGGGGGTKN PIIILLLFAR GEAAKKKRWK KQNVHKRRKQ ILLLLLQIIV KDAEEIRGRK RHRRRKKRRR QKGSESTRNG ATAGVVLVIM VIWYHLY
GNM12351                        ----RAAKRA DDRRAAAASA ASSEVNDTDT ERAKEYLING GGGGGGGHGG PIIILSLYAK GATKKKKRWE KQNKHRRRKV LLLLMLLIVT RDAETVKRRK RHRKRKKRRR QAGSSEDRNG ATAGLVLCIM VIWHHKY
GNM12356                        ----RKEQKA KELKESAPIL NSDEFDKSDL ARKKRKIDEG GGGGGGGDED PIIVILIFAK GKADKKRRWK MQTKKKKRKI MILLMLLIVM CDQDSITRRK RHRRRNKRRR KNASDEESSG ATAGKKLCII VIWYQMY
GNM12357                        ----RQEQKK QNVKEAAPIL NSDEMDRSDL ARKKEKIEKG GGGGGGGDED PIIVILIFAK ANAAKKRRWK MQTKKKKRKI MVLLMLLIVM KDQDKITRRK RHRRRNKRRR KNLSEDESSG ATAGRELCIM VIWYQMY
GNM12366                        ----REEQKK QNVKEAAPIL NSDEMDKSDL ARKKEKVEKG GGGGGGGDED PIIVILIFAR ANAAKKRRWK MQTKKKKRKI MVLLMLLIVM TDQDKITRRK RHRRRNKRRR KNLSEEESSG ATAGRELCIM VIWYPLY
GNM12373                        ----SAEKRV MARRVAAAAL ASEENNDADT QRQRTYFLEG GGGGGGGNGG PIIIILIFAS GDASKARRWK RQSKHSRRKE ILLLMLQIVS KDQESIKGRR RHRRRKKRRR QKNRSATRNG ASAGVKQCMI VIWQPEY
GNM12385                        ----SIEKRA MERRAAAAAM ASEEGDDADA QRELRYFIEG GGGGGGGNGK PIIIIQIFAK GGAAKSKRWE RQSKHSRRAV ILLLLLQLIS RDPNTNKRRR RHRRRRKRRR SRERAEERSG ASAGVVMCII VIWQPTY
GNM12551                        ----KKDQRA HSRREAAPAL SSEERDERDA YRAKRKIEEG GGGGGGGHGK PIIVILMFAK VKAEKKRRWL MQPKRKRRKV ILLLLLIIIM RNPEKQRQRR RHRRMQRRRR ARRREEDRDG ATAGTILCQI IIWYPKY
GNM12554                        ----AVDQRA TERRAAAAAL ASDENDDADA QRQVRYFIEG GGGGGGGNGK PIIIILIFAK GTASKAKRWK KQSKHSRRQV MVLLMLILIS KDQETVKRRV RHRRRQKRRR SRGKSTDRSG ASAGVKLCII VIWQAVY
GNM12592                        -PN-ALDKRF ASRREAAANL ASAEDDETDA ERALEYIAKG GGGGGGGSEG PIILIALYAR AEASKKRRWD KQVKHPRRKE IFLHLLLIEP RNPEKNRRRR RHRRRSKRRR IVARSEERSG ATAGIKMVII VIWYPHY
GNM12596                        ----KAAKRA ADLRASAATL SSEESNESDS EKAREYLSEG GGGGGGGDGG PIIILSLYAK GEKKKKRRWN KQNKHKRRKL LLLLLLLIVS RDPEAVKCRK RHRRRKKRRR QAGSEEDRSG ATAGVVLCII VIWHHRY
GNM12602                        ----KAAKRA ADLRASAATL ASNESNEADS ERAREYLSGG GGGGGGGDGE PIIILSLYAK GEKKKKRRWN KQNKHKRRKL LLLLLLLIIS RDPETVKCRK RHRRRKKRRR QAGSEEDRSG ATAGVILCII VIWHQRY
GNM12665                        ----KAAKRA ADLRASAAVL SSKESNEADS ERAREYLSEG GGGGGGGDGE PIIILSLYAK GEKKKKRRWN KQNKHKRRKL LLLLLLLIVS RDPEAVKCRK RHRRRKKRRR QAGSEEDRSG ATAGVVLCIM VIWHHRY
GNM12745                        ----SKAQKS ANNKEAASVL SSDERDETST SKSKQKIDKG GGGGGGGNDK PIIVIMLFAK YNAKKKKRWK MQTNRKRRKV ALLLMLLIIM VNPNEITRRK RYRRNSKRRR AHASEDDSSK ATAGKVMVIM VIWYHVY
GNM12749                        ----SAEKRA MTQRAAAAAF SSDEQNESDA QRQKDYFIEG GGGGGGGNGG PIIIILLFAK GQADKARRWK RQGRHSRRAV IILLMLQIVS RQQEDNRCRR RHRRRQKRRR RKNRTEDRTG SSAGVKLCII VIWQPVY
GNM12758                        ----KKDQKS ANIKQAAAAL SSDERDETGT ARSKDKIDRG GGGGGGGNRK PIIVIILFAK YKADKKKRWK MQTKRKRRKV ALLLMLLVIM KNPDEITRKK IYRKKTRRRR ERQSDENSSG ATAGKKMVIM IIWYPDY
GNM12763                        ----KKDQKA AKIRMAAAAI ASEDRDESSA MRAKRKIEKG GGGGGGGNRK PIIVIVLFAK YKADKKKRWN MQTKRKRRKV ILLLMLLIIM RDQEKIRRKK IHRRRSRRRR ARKSDESRSG ATAGKKLVII VIWYKTY
GNM12766                        ----RKDQKT KNLKEAAPVL SSEEADKSDL ARKREKIDRG GGGGGGGDGK PIIVILMFAR AKADKKRRWL MQVKRKKRKL MVLLMLLIIM RDQDTITRRK RHRRRNRRRR RQASDEDSSG ATAGRKLCII VIWYPLY
GNM12841                        ----AKDKRA QARRQAAATL ASDDDDEKDR ERAEEYFDDG GGGGGGGNGD PIIIIQLFAK GERDKSKRRN MQAKHERRSE ILLLLLQIIT RDTEDNRKRR RDRDDSKRRR DAESAESRSG GTAGVALVIQ VIWYHEY
GNM12849                        -----MDQKS KRKQAAASKL ASADDDDKNL TRAADHLEEG GGGGTKNNKG AIIVLLLVVK GTRRKGKKRR KKAVRKRRKV MLLLLTLIVV RNPQDTKGRK KHRRKATRRR VHSSDITKNG ATVKKIAVIV VVYLQLY
GNM12869                        -----TDQRA KRKQASASTL ASADDDDKNQ TRAAENFEEG GGGGKNNHKG AIIVLLLVVQ GTRRKGKKKR KKATRKRRKV MLLLLTLIVV RNSEETKGRK KHRRKATRRR IHSSTITRNG ATAKKFAVIV IVYLQLY
GNM12896                        -----FSQKA KRKHSSAATL ASAEDDDKNS QQTKERFEEG GGGGKGNGKG PIIIILLVVK GTRRKGRKRR QKSIRKRRKV ILLLLLMIIV HNPDETRGRK KHRRKKTRRR VYSSDVPKNG STVKLISVIV VIYLQQY
GNM12897                        -----FSQRS KRKHSSAATL ASAEDDDKNS QQTKERFEEG GGGGKGNGKG PIIIILLVVK GTRRKSRKRR QKSVRKRRKV ILLLLLMIIV HNPDETRGRK KHRRKKTRRR VYSSDVAKNG STVKLVSVIV VIYLQQY
GNM12902                        ----AKTQLL INRKEAAAIY ASLNDDQQDN SQLRRKIAQS GGGGGHGSNK TIIVIIIFIR YDTDKKKKWR IVSKRRRRKV IVLLLMLVEM RKQEKNRRRR VQRVRSRRRR RSKSDEDNSY ASAGRKLVTI VIWHEEY
GNM12903                        ----KVRKKW HKRRIAVALL DSQEESRVDT YREQEKIENG GGGGGGNSGG PIILLALFVK GD-DEKKKKK MVDRREKR-V IMLLLLMVI- R-PDKVKRRN RHRRRERRRR AAASETERD- PTAGLELVVK IVWYHFY
GNM12906                        ----KVRKKW HRRRQAVALL GSQEDSKVDT YREQEAIENG GGGGGGNSGG PIIILQLFVK GD-EGKKKKK MVDKREKR-V IMLLLLMVI- R-PDKVKRRN RHRRANRRRR VASSDTDRD- KTAGLELVVK IVWYPFY
GNM12907                        ----KERKKW HQLREAVVLL RSEEESRVDT YREQEKIENG GGGGGGNSGG PIILLVLFVK GD-EEKKKKK MVDKREKR-V IMLLLLMVI- R-PDKNKRRN RHRRRNRRRR AAASGTDRD- RTAGLELVVV VMWYQFY
GNM12909                        ----KIKKKW HKRREAVALL SSQEESRVDM YREQEEIENG GGGGGGNSGG PIILIALFVK GD-EEKKKKK MVDKREKR-V IMLLLLMVI- R-QDLVKRRN RHRRRNRRRR VAASETERD- RTAGLKLVVK VVWYHFY
GNM12915                        ----KIEQKA HQRREAAAVL HSEESDDKDM QRAMEKIEEG GGGGGGGNKK PIIVIVVFAK YKKEKKRKWY RQMKRKRRKE LLLLLLLILK KTPEKQTHRR RQRKIKRRRR LRRSDKDRST ATAGKVLCII IIWFPEY
GNM10046                        ----KIAQKA HQRKEAAAVL HSEESDDKDL QRAMEKIEEG GGGGGGGNKK PIIVIIIFAK YKKEKKRKWY RQMKRKRRKE LLLLLLLIIN KTPEKQTHKR RQRKIKRRRR LRRSDKDRNT ATAGKILCII IIWFPEY
GNM12918                        ----KIEQKA HQRREAAAVL HSEESDEKDL QRAMEKIEEG GGGGGGGNKK PIIVIVIFAK YKKEKKRKWY RQMERKRRKE LLLLLLLILN RTPEKQTHRR RQRKIKRRRR LKRSDKDRNT ATAGKILCII VIWFPEY
GNM12931                        ----KIDQRW HHRKMAAKVL ASDEDDESEH TRAREKIEKG GGGGGRGSGG PIIVIILFAK EKKEKKKRWK LQLHRRRRKE MLLLLLIIIT RDPEVNRRKR RSRHMNRRRR ERAKDYTRST ATAGLILVIM IIWYYFY
GNM12938                        ---SREDKRL KNRKHAAKAL SSEEENEQDS YRELEKFQRG GGGGKRNNNG PVIVILLFAK GKKDKKRRKK RQLREDRRSL LFILVAIIIP REPEVIKGKR RDRKKNRNRR IRKSEWDSNG ATAGLKLVLI IIWYHYY
GNM12996                        ---LSEDKKL RHRKKAAKKL SSDDSVDKEN NRQERKIQIG GGGGKGGSKG EIIVIILYAK GKKSKKKRKR KQAVESRRKI LLLLVAIIVT ANKEVIRGRK RDRKLKKRRR MYNSEWDDGG ATASVKLVLV VIWVAYY
GNM13018                        ---LSEDKRL RHRKKASKKL SSDDSVDKEN NRQEQKVQIG GGGGKGGNKG EIIVIILYTK GKKSKKKRKR KQAVESRRKI LLLLVAIIIT ANKDVIRGRK RDRKLKKRRR MYNSEWDGGG ATASVKLVLV IVWVSYY
GNM13027                        ---KREDKRL KNKKEAAKKA SSENSNDAEN SRALERFQKG GGGGKGNNDN TIIIILLFAK GKPEKKRRKK KQLKEKRRAE LFLLVTIILP TEKDVIKKRK RDRRRLRNRR QYKSDWDSNG ATAGLKLVIV VIWYSYY
GNM13046                        -----FEQKA KRKQSSAATL ASADDDDRNS TRATERFEEG GGGGKNNHKG SIIIILLVVR GTTRKGKKRR MKAVRRRRRI MLLLLMLIIV YNPDDTKGRK KHRRKIPRRR IRSSDVTRNG ATVKSIAVII VVHLPRY
GNM13053                        -----LDKIA ARRRIAASAM KSNEDNDSAS QRFSTRFQKG GGGGGGGSGG PIVIISMIIE GSADKKKRKD QKMTRKRRKK ILILLLLILM GNPEEVKGRK KHRRRTRRRR IAGSEVNRSG ATAKLKLVIV IVWISRY
GNM13074                        ----KIAQRA HERKEAAAVL HSEESDDRDL QRKREKIEEG GGGGGGGNKK PIIVIIIFAK YKKEKKRKWY RQMKRKRRKE LMLLLLLIII KIPEKQTHKR RQRKIMRRRR RRRSEKDTNT ATAGKVLCII IIWFPEY
GNM10010                        ----KAAARA HEFREAAAVL RSDEADDKDL QRAREKIEQG GGGGGGGNGK PIIVLIIFAK AHKEKKRKWY RQMKRKRRKE MLLLLLLII- KMPEKQTHKR RQRKIMRRRR RRRSDKDRNT ATAGKILCIM VIWFPEY
GNM10014                        ----KAAARA QEFREAAAVL RSDEADDKDM QRAREKIEQG GGGGGGGNGK PIIVLIIFAK AHKEKKRKWY RQTKRKRRKE MLLLLLLIL- KMPEKQTHKR KQRKIMRRRR VRRSEKDRNT ATAGKILCIM IIWFPEY
GNM13090                        ----KAAARA QEYREAAAVL RSDEADDKDL QRAREKIEQG GGGGGGGNGK PIIVIIIFAK ANKDKKRKWY RQMKRKRRKE MLLLLLLII- KMPEKQTHKR RQRKIMRRRR RRRSDKDRNT ATAGKILCIM VIWFPEY
GNM13118                        ----KEEKRV RKRRLSAAVL SSDDADESDL MRSYRKIESG GGTGGGGSGG PIIVILLFVK GK-EKKRKWK LALSRERR-E IVLLLLQVVM RDPSQPRGRK KHRRRNRRRR AKRSDFDRS- PSAGLPLVII IVWYPYY
GNM13126                        ----SKSQLL IERKKAAAVY SSQNEDRDDS SRMKDKISKS GGGGGDGSGG TIMVIVIIIR GKTDKKKKYL FVSKRRRRKT LSLLLKLVIM DRQQKITRIR LQRRRDRRRR RKASDTTNSY ATVDRKLVAI VIWHPEY
GNM13128                        ----SKKQLL IDRKKSAAVY ASQNEDKEDS SRDKEKISKS GGGGGDGSGG TVIIILIIIR GETDKKKKYV IVTKRRRRRT IALLLKLILM DRQSKITRLR LQRKRDRRRR RKASDKDNSN ATVDRKLVAI VIWHPEY
GNM13208                        ----KVRKKW HRLREAVTVL RSEEESRVET YRSMARIENG GGGGGGNNGG PIIAIQLFAK VE-EEKKKKK MVDKRERR-E IMLLLLLVI- R-HELVKRRN RHRRRNRRRR AAASEATRD- PTAGLKLVVK VIWYRYY
GNM13210                        ----AVDQRS KKRKTAAKAL SAEAGDESEL ARSREKIEKG GGGGGGGSNG PILVIALFAK VKVEKKKRRK LQLHRERSKV LLLLLLMVIS RDPELIRRKR RSRKRNRRRR ARRKDYDGNT ATAGLVLVIA IIWYQFY
GNM12773                        ----RLSKKA ISIKEAASVI ASEEVDDSER KRDKEKITKS GGGGGKGNRK PIIVILLFAT SHSKKGRKWE VQSKRKRRPQ LLLLLLLIIT KSPEIVRRRR KDTEMTKRRR ARKSDETRSR ATAGIELVIM VIWYSRY
GNM12769                        ------S--H -K---AAAVL GSDEADRKEE AREKKGITEG GGGGGGGNRK PIMVIIMFTK DHSKKKKVWN MQSLRKKGKR ILLLLMLLLM KSPNSIKTRR RH-RGMKRRR LETSDQTKN- -TAKTKLVII VIWYSRF



    1    1    1    1    1    1    1    1    1    1    1    1    1    1    1
    1    1    1    1    1    1    1    1    1    1    1    1    1    1    1
    1    1    1    1    1    1    1    1    1    1    1    1    1    1    1
    1    1    1    1    1    1    1    1    1    1    1    1    1    1    1
    1    1    1    1    1    1    1    1    1    1    1    1    1    1    1
    1    1    1    1    1    1    1    1    1    1    1    1    1    1    1
    1    1    1    1    1    1    1    1    1    1    1    1    1    1    1
    1    1    1    1    1    1    1    1    1    1    1    1    1    1    1
    1    1    1    1    1    1    1    1    1    1    1    1    1    1    1
    1    1

AAML (in paml version 4.9h, March 2018)  tmp0030.txt
Model: Empirical,  (../wag.dat) dGamma (ncatG=4) ns = 151  ls = 137


Frequencies..
                                    A      R      N      D      C      Q      E      G      H      I      L      K      M      F      P      S      T      W      Y      V
GNM13746                       0.05738 0.12295 0.01639 0.04098 0.00000 0.03279 0.07377 0.10656 0.00820 0.06557 0.06557 0.17213 0.01639 0.00820 0.00820 0.01639 0.06557 0.00820 0.03279 0.08197
GNM13538                       0.06061 0.13636 0.02273 0.03788 0.00000 0.03788 0.06818 0.08333 0.01515 0.03788 0.09091 0.17424 0.02273 0.01515 0.00758 0.06818 0.03030 0.00758 0.01515 0.06818
GNM13671                       0.08462 0.13846 0.00000 0.04615 0.00769 0.01538 0.11538 0.06154 0.01538 0.06923 0.08462 0.16154 0.03077 0.01538 0.00769 0.05385 0.02308 0.00769 0.01538 0.04615
GNM13876                       0.07143 0.15873 0.00794 0.04762 0.00794 0.02381 0.07937 0.07937 0.00794 0.06349 0.09524 0.10317 0.03175 0.03968 0.01587 0.06349 0.03175 0.00794 0.00794 0.05556
GNM13680                       0.06818 0.12121 0.03030 0.03030 0.00000 0.02273 0.06818 0.08333 0.02273 0.05303 0.07576 0.14394 0.01515 0.00758 0.02273 0.06061 0.03030 0.00758 0.02273 0.11364
GNM14249                       0.08333 0.13636 0.04545 0.05303 0.00000 0.03788 0.03030 0.07576 0.02273 0.06061 0.08333 0.13636 0.00758 0.01515 0.00000 0.05303 0.08333 0.00000 0.01515 0.06061
GNM13928                       0.09091 0.12121 0.04545 0.06061 0.00000 0.02273 0.03030 0.07576 0.03030 0.05303 0.09091 0.14394 0.00758 0.01515 0.00000 0.05303 0.07576 0.00000 0.01515 0.06818
GNM13297                       0.06061 0.13636 0.02273 0.03788 0.00000 0.03788 0.06818 0.08333 0.01515 0.03788 0.09091 0.17424 0.02273 0.01515 0.00758 0.06818 0.03030 0.00758 0.01515 0.06818
GNM14865                       0.12030 0.14286 0.02256 0.09023 0.00000 0.03008 0.09023 0.09023 0.00752 0.04511 0.06015 0.09023 0.00752 0.01504 0.00752 0.06015 0.03759 0.01504 0.02256 0.04511
GNM13455                       0.08333 0.12121 0.03788 0.05303 0.00000 0.02273 0.03030 0.07576 0.02273 0.04545 0.09848 0.16667 0.00758 0.00000 0.00758 0.04545 0.06818 0.00000 0.01515 0.09848
GNM14938                       0.07317 0.18293 0.02439 0.03659 0.00000 0.03659 0.06098 0.07317 0.01220 0.09756 0.08537 0.10976 0.01220 0.01220 0.02439 0.01220 0.03659 0.01220 0.03659 0.06098
GNM14483                       0.07634 0.16031 0.00763 0.04580 0.00000 0.03817 0.05344 0.11450 0.00763 0.06870 0.09160 0.08397 0.03053 0.02290 0.00763 0.06870 0.03817 0.01527 0.01527 0.05344
GNM14872                       0.04511 0.13534 0.03759 0.04511 0.00000 0.01504 0.06015 0.08271 0.03008 0.04511 0.06767 0.15038 0.02256 0.00752 0.01504 0.06015 0.03008 0.00752 0.02256 0.12030
GNM13855                       0.04545 0.12879 0.03788 0.03788 0.00000 0.00758 0.05303 0.06818 0.03030 0.09091 0.08333 0.15909 0.00758 0.00758 0.01515 0.07576 0.06061 0.00000 0.01515 0.07576
GNM14445                       0.06818 0.13636 0.03030 0.04545 0.00758 0.02273 0.03788 0.09848 0.00758 0.09091 0.05303 0.16667 0.02273 0.01515 0.01515 0.08333 0.01515 0.00758 0.00758 0.06818
GNM14404                       0.05600 0.16800 0.00000 0.04000 0.00000 0.02400 0.05600 0.09600 0.00800 0.07200 0.07200 0.08000 0.03200 0.01600 0.02400 0.07200 0.03200 0.01600 0.03200 0.10400
GNM14545                       0.05600 0.16800 0.00000 0.04000 0.00000 0.02400 0.05600 0.09600 0.00800 0.07200 0.07200 0.08000 0.03200 0.01600 0.02400 0.07200 0.03200 0.01600 0.03200 0.10400
GNM14366                       0.08333 0.13636 0.03788 0.05303 0.00000 0.01515 0.02273 0.09091 0.00758 0.06818 0.06818 0.15152 0.00758 0.01515 0.01515 0.06061 0.06061 0.00000 0.02273 0.08333
GNM14252                       0.09091 0.13636 0.04545 0.05303 0.00000 0.03788 0.03030 0.07576 0.02273 0.05303 0.08333 0.13636 0.00758 0.01515 0.00000 0.04545 0.08333 0.00000 0.01515 0.06818
GNM13760                       0.08333 0.12879 0.04545 0.06818 0.00000 0.03030 0.03030 0.07576 0.02273 0.06061 0.09091 0.13636 0.00758 0.02273 0.00758 0.03030 0.07576 0.00000 0.01515 0.06818
GNM13982                       0.08333 0.12121 0.05303 0.06061 0.00000 0.02273 0.01515 0.07576 0.02273 0.09848 0.06818 0.14394 0.00000 0.00758 0.00000 0.06061 0.07576 0.00000 0.02273 0.06818
GNM13960                       0.06818 0.11364 0.04545 0.04545 0.00000 0.03030 0.04545 0.06818 0.01515 0.09091 0.06818 0.16667 0.00758 0.01515 0.00758 0.03788 0.05303 0.00000 0.03030 0.09091
GNM14633                       0.07576 0.12879 0.04545 0.04545 0.00000 0.02273 0.03030 0.07576 0.03030 0.08333 0.06061 0.14394 0.00758 0.01515 0.00000 0.05303 0.08333 0.00000 0.02273 0.07576
GNM14853                       0.07576 0.12879 0.04545 0.04545 0.00000 0.02273 0.03030 0.07576 0.03030 0.08333 0.06061 0.14394 0.00758 0.01515 0.00000 0.05303 0.08333 0.00000 0.02273 0.07576
GNM14174                       0.09023 0.13534 0.01504 0.02256 0.00752 0.02256 0.09023 0.07519 0.01504 0.06767 0.07519 0.13534 0.02256 0.00752 0.01504 0.08271 0.03008 0.01504 0.01504 0.06015
GNM14138                       0.06015 0.15789 0.00752 0.03008 0.00752 0.02256 0.09023 0.07519 0.00000 0.07519 0.07519 0.12030 0.03008 0.00752 0.03759 0.06767 0.03759 0.01504 0.02256 0.06015
GNM14055                       0.07576 0.13636 0.03030 0.04545 0.00000 0.03788 0.03788 0.06818 0.01515 0.10606 0.06061 0.15152 0.00758 0.00758 0.00000 0.04545 0.08333 0.00000 0.01515 0.07576
GNM14748                       0.06818 0.13636 0.05303 0.06061 0.00000 0.03788 0.02273 0.07576 0.02273 0.06818 0.09091 0.12121 0.00758 0.01515 0.00758 0.03788 0.10606 0.00000 0.01515 0.05303
GNM14246                       0.09023 0.15789 0.00752 0.01504 0.00000 0.03008 0.09774 0.07519 0.01504 0.06767 0.07519 0.12030 0.03008 0.00752 0.02256 0.04511 0.07519 0.02256 0.01504 0.03008
GNM14640                       0.09023 0.13534 0.01504 0.02256 0.00000 0.01504 0.09023 0.08271 0.01504 0.06767 0.08271 0.12782 0.01504 0.00752 0.02256 0.08271 0.04511 0.01504 0.01504 0.05263
GNM14965                       0.08333 0.15152 0.03788 0.05303 0.00000 0.02273 0.03788 0.07576 0.03030 0.07576 0.06818 0.13636 0.01515 0.00758 0.01515 0.03788 0.05303 0.00000 0.01515 0.08333
GNM13677                       0.06349 0.15873 0.00794 0.04762 0.00794 0.02381 0.07937 0.07937 0.00794 0.07143 0.09524 0.10317 0.03175 0.03968 0.01587 0.06349 0.03175 0.00794 0.00794 0.05556
GNM14339                       0.07258 0.18548 0.00806 0.03226 0.00806 0.03226 0.08871 0.06452 0.01613 0.05645 0.09677 0.10484 0.02419 0.01613 0.02419 0.06452 0.02419 0.00806 0.02419 0.04839
GNM14593                       0.08730 0.13492 0.00794 0.07143 0.00794 0.03175 0.07937 0.07143 0.00000 0.08730 0.08730 0.15873 0.02381 0.02381 0.00794 0.03968 0.01587 0.00794 0.02381 0.03175
GNM13825                       0.07438 0.19008 0.02479 0.07438 0.00000 0.04132 0.06612 0.06612 0.00000 0.08264 0.09091 0.07438 0.02479 0.01653 0.02479 0.00826 0.03306 0.00826 0.02479 0.07438
GNM14768                       0.08462 0.17692 0.00000 0.04615 0.00769 0.03846 0.07692 0.06154 0.01538 0.05385 0.10000 0.11538 0.04615 0.00769 0.01538 0.04615 0.02308 0.00769 0.01538 0.06154
GNM14776                       0.08462 0.17692 0.00000 0.04615 0.00769 0.03846 0.06923 0.06154 0.01538 0.05385 0.10000 0.12308 0.04615 0.00769 0.01538 0.04615 0.02308 0.00769 0.01538 0.06154
GNM14715                       0.06870 0.15267 0.01527 0.05344 0.00000 0.03053 0.04580 0.10687 0.00763 0.04580 0.09924 0.11450 0.00763 0.02290 0.00763 0.06107 0.03817 0.01527 0.01527 0.09160
GNM14639                       0.06349 0.12698 0.00794 0.03175 0.00794 0.02381 0.06349 0.07937 0.01587 0.07143 0.11111 0.15873 0.00794 0.00000 0.01587 0.07937 0.02381 0.01587 0.01587 0.07937
GNM13795                       0.06818 0.12879 0.03788 0.07576 0.00000 0.03030 0.02273 0.07576 0.03030 0.06818 0.09091 0.12879 0.00758 0.01515 0.00758 0.03788 0.10606 0.00000 0.01515 0.05303
GNM14166                       0.04545 0.14394 0.03030 0.03788 0.00000 0.03788 0.03788 0.09091 0.02273 0.06818 0.07576 0.13636 0.00758 0.01515 0.00758 0.08333 0.05303 0.00000 0.02273 0.08333
GNM14450                       0.03252 0.15447 0.03252 0.03252 0.00000 0.00000 0.03252 0.08943 0.04065 0.08130 0.05691 0.13821 0.02439 0.01626 0.00813 0.06504 0.08130 0.00813 0.00813 0.09756
GNM13515                       0.09848 0.12121 0.04545 0.06061 0.00000 0.02273 0.01515 0.06818 0.03030 0.09091 0.05303 0.13636 0.00000 0.01515 0.00000 0.05303 0.08333 0.00000 0.02273 0.08333
GNM13745                       0.03030 0.12879 0.03030 0.03788 0.00000 0.03788 0.03030 0.06818 0.01515 0.09091 0.09091 0.16667 0.02273 0.00758 0.00758 0.12879 0.02273 0.00758 0.01515 0.06061
GNM14959                       0.07634 0.17557 0.01527 0.03817 0.00000 0.00763 0.07634 0.09160 0.00763 0.03817 0.11450 0.08397 0.00763 0.00763 0.01527 0.07634 0.01527 0.01527 0.03817 0.09924
GNM13413                       0.06015 0.16541 0.00752 0.04511 0.00000 0.01504 0.06015 0.09023 0.02256 0.08271 0.10526 0.10526 0.01504 0.01504 0.01504 0.07519 0.01504 0.00752 0.04511 0.05263
GNM14990                       0.06061 0.11364 0.04545 0.04545 0.00000 0.01515 0.04545 0.06818 0.02273 0.09848 0.07576 0.16667 0.00758 0.01515 0.00758 0.03788 0.06061 0.00000 0.03030 0.08333
GNM15005                       0.06061 0.11364 0.04545 0.04545 0.00000 0.01515 0.04545 0.06818 0.02273 0.09848 0.06818 0.16667 0.01515 0.01515 0.00758 0.03788 0.06061 0.00000 0.03030 0.08333
GNM15013                       0.06818 0.12121 0.04545 0.04545 0.00000 0.02273 0.04545 0.06818 0.01515 0.08333 0.06818 0.16667 0.00758 0.02273 0.00758 0.03788 0.05303 0.00000 0.03030 0.09091
GNM14976                       0.06818 0.11364 0.04545 0.04545 0.00000 0.02273 0.04545 0.06818 0.01515 0.09848 0.08333 0.16667 0.00758 0.01515 0.00758 0.03030 0.05303 0.00000 0.03030 0.08333
GNM15022                       0.06818 0.11364 0.04545 0.04545 0.00000 0.02273 0.04545 0.06818 0.02273 0.08333 0.06818 0.16667 0.00758 0.01515 0.00758 0.03788 0.06061 0.00000 0.03030 0.09091
GNM15018                       0.09091 0.12879 0.04545 0.04545 0.00000 0.03788 0.03030 0.07576 0.02273 0.05303 0.08333 0.14394 0.00758 0.01515 0.00000 0.05303 0.08333 0.00000 0.01515 0.06818
GNM15025                       0.05303 0.11364 0.05303 0.04545 0.00758 0.03030 0.03788 0.06818 0.01515 0.10606 0.08333 0.15909 0.00758 0.00758 0.00758 0.06061 0.06818 0.00000 0.02273 0.05303
GNM15024                       0.09091 0.12879 0.04545 0.04545 0.00000 0.03788 0.03030 0.07576 0.02273 0.05303 0.08333 0.14394 0.00758 0.01515 0.00000 0.05303 0.08333 0.00000 0.01515 0.06818
GNM14980                       0.09091 0.12879 0.04545 0.04545 0.00000 0.03788 0.03030 0.07576 0.02273 0.05303 0.08333 0.14394 0.00758 0.01515 0.00000 0.05303 0.08333 0.00000 0.01515 0.06818
GNM15000                       0.09091 0.12879 0.04545 0.04545 0.00000 0.03788 0.03030 0.07576 0.02273 0.05303 0.08333 0.14394 0.00758 0.01515 0.00000 0.05303 0.08333 0.00000 0.01515 0.06818
GNM15026                       0.06061 0.14394 0.03788 0.04545 0.00000 0.02273 0.03788 0.06818 0.01515 0.09848 0.08333 0.14394 0.01515 0.01515 0.00000 0.05303 0.06818 0.00000 0.03030 0.06061
GNM15027                       0.10000 0.15385 0.01538 0.03846 0.00000 0.02308 0.05385 0.07692 0.01538 0.06154 0.10000 0.14615 0.00769 0.00769 0.02308 0.04615 0.03077 0.00769 0.00769 0.08462
GNM15019                       0.09091 0.12879 0.03788 0.06818 0.00000 0.02273 0.01515 0.07576 0.03788 0.06061 0.09091 0.12121 0.00758 0.01515 0.00758 0.05303 0.09091 0.00000 0.01515 0.06061
GNM15003                       0.07576 0.11364 0.04545 0.04545 0.00000 0.01515 0.04545 0.06818 0.02273 0.09091 0.06818 0.16667 0.00758 0.01515 0.00758 0.03030 0.05303 0.00000 0.03030 0.09848
GNM11003                       0.07463 0.11940 0.03731 0.04478 0.00000 0.02239 0.08955 0.05970 0.02239 0.09701 0.06716 0.16418 0.00000 0.00746 0.02239 0.05224 0.01493 0.01493 0.02239 0.06716
GNM11023                       0.08889 0.19259 0.00741 0.05185 0.00000 0.02222 0.05926 0.08889 0.02222 0.06667 0.08148 0.08148 0.03704 0.01481 0.02963 0.02963 0.02222 0.01481 0.03704 0.05185
GNM11055                       0.11278 0.15789 0.02256 0.03759 0.00752 0.04511 0.05263 0.08271 0.01504 0.06767 0.09023 0.10526 0.02256 0.01504 0.01504 0.03759 0.01504 0.01504 0.01504 0.06767
GNM11146                       0.04615 0.20769 0.03846 0.02308 0.00000 0.02308 0.06923 0.07692 0.02308 0.06923 0.09231 0.07692 0.03077 0.01538 0.02308 0.04615 0.04615 0.01538 0.02308 0.05385
GNM11219                       0.06015 0.24060 0.00752 0.03008 0.00752 0.02256 0.06767 0.08271 0.00000 0.10526 0.09023 0.06767 0.02256 0.00752 0.01504 0.06767 0.02256 0.01504 0.02256 0.04511
GNM11220                       0.09375 0.19531 0.02344 0.03906 0.00000 0.01563 0.06250 0.07812 0.00000 0.07812 0.07812 0.06250 0.02344 0.01563 0.03906 0.05469 0.01563 0.01563 0.02344 0.08594
GNM11222                       0.08271 0.15038 0.00752 0.01504 0.00000 0.05263 0.06015 0.09023 0.02256 0.07519 0.06767 0.09774 0.02256 0.02256 0.02256 0.09774 0.03759 0.01504 0.00752 0.05263
GNM11223                       0.09023 0.21053 0.00752 0.01504 0.00000 0.01504 0.08271 0.06015 0.01504 0.11278 0.09023 0.10526 0.02256 0.00000 0.01504 0.05263 0.03759 0.01504 0.01504 0.03759
GNM11224                       0.09023 0.19549 0.00752 0.02256 0.00000 0.01504 0.08271 0.06015 0.02256 0.09774 0.09023 0.09023 0.03759 0.00000 0.01504 0.06015 0.03759 0.01504 0.01504 0.04511
GNM11358                       0.04545 0.12879 0.03788 0.03788 0.00000 0.00758 0.04545 0.07576 0.03030 0.07576 0.08333 0.15909 0.00758 0.00758 0.01515 0.08333 0.05303 0.00000 0.01515 0.09091
GNM11360                       0.08333 0.12121 0.03788 0.05303 0.00000 0.02273 0.03030 0.07576 0.02273 0.05303 0.09848 0.16667 0.00758 0.00000 0.00758 0.04545 0.06818 0.00000 0.01515 0.09091
GNM11362                       0.09091 0.14394 0.03030 0.03788 0.00000 0.00758 0.06061 0.07576 0.01515 0.05303 0.09848 0.15909 0.01515 0.00758 0.00758 0.06818 0.03788 0.00758 0.03030 0.05303
GNM11367                       0.08333 0.12121 0.05303 0.06061 0.00000 0.02273 0.01515 0.07576 0.02273 0.09848 0.06818 0.14394 0.00000 0.00758 0.00000 0.06061 0.07576 0.00000 0.02273 0.06818
GNM11377                       0.04511 0.13534 0.03759 0.04511 0.00000 0.01504 0.06015 0.08271 0.03008 0.04511 0.06767 0.15038 0.02256 0.00752 0.01504 0.06015 0.03008 0.00752 0.02256 0.12030
GNM11380                       0.03788 0.13636 0.03030 0.03788 0.00000 0.04545 0.03788 0.09091 0.02273 0.06818 0.07576 0.13636 0.00758 0.01515 0.02273 0.07576 0.04545 0.00000 0.02273 0.09091
GNM11383                       0.07576 0.15152 0.03030 0.04545 0.00000 0.00758 0.03788 0.09091 0.00758 0.06818 0.06818 0.15152 0.00000 0.01515 0.00758 0.05303 0.07576 0.00000 0.02273 0.09091
GNM11491                       0.09848 0.12879 0.03788 0.06061 0.00000 0.03030 0.00758 0.07576 0.03788 0.06818 0.08333 0.12121 0.00758 0.01515 0.01515 0.04545 0.06818 0.00000 0.03030 0.06818
GNM11804                       0.10526 0.18797 0.02256 0.04511 0.01504 0.01504 0.06015 0.07519 0.01504 0.06015 0.09774 0.11278 0.02256 0.03008 0.01504 0.02256 0.01504 0.01504 0.01504 0.05263
GNM11805                       0.03759 0.12782 0.04511 0.06015 0.00000 0.02256 0.04511 0.05263 0.01504 0.09023 0.09023 0.13534 0.01504 0.00752 0.00752 0.09774 0.06767 0.01504 0.02256 0.04511
GNM12883                       0.06061 0.14394 0.03788 0.04545 0.00000 0.01515 0.05303 0.08333 0.02273 0.06061 0.07576 0.13636 0.00758 0.00758 0.03030 0.06061 0.02273 0.00758 0.02273 0.10606
GNM12886                       0.06818 0.12879 0.03030 0.03788 0.00000 0.02273 0.06818 0.07576 0.02273 0.06061 0.08333 0.13636 0.01515 0.00758 0.01515 0.06061 0.03030 0.00758 0.02273 0.10606
GNM12892                       0.07576 0.15152 0.03788 0.05303 0.00000 0.02273 0.03788 0.07576 0.03030 0.07576 0.06818 0.13636 0.01515 0.00758 0.01515 0.03788 0.06061 0.00000 0.01515 0.08333
GNM12895                       0.02679 0.15179 0.02679 0.03571 0.00000 0.00000 0.03571 0.08036 0.04464 0.08036 0.05357 0.15179 0.03571 0.01786 0.00893 0.07143 0.08036 0.00893 0.00893 0.08036
GNM13060                       0.06557 0.09016 0.04098 0.02459 0.00000 0.04098 0.06557 0.09836 0.00000 0.09836 0.07377 0.21311 0.01639 0.00820 0.00820 0.04098 0.04918 0.00820 0.03279 0.02459
GNM13061                       0.08197 0.12295 0.02459 0.02459 0.00000 0.02459 0.08197 0.09836 0.01639 0.05738 0.05738 0.17213 0.00820 0.02459 0.03279 0.04098 0.02459 0.00820 0.01639 0.08197
GNM13062                       0.07634 0.16031 0.01527 0.04580 0.00000 0.03053 0.03817 0.09924 0.00763 0.04580 0.08397 0.10687 0.03053 0.02290 0.01527 0.06870 0.03053 0.01527 0.01527 0.09160
GNM13064                       0.04580 0.12214 0.03817 0.03817 0.00000 0.06107 0.04580 0.07634 0.01527 0.08397 0.07634 0.19847 0.01527 0.00763 0.00000 0.08397 0.03817 0.00763 0.01527 0.03053
GNM13066                       0.03817 0.12214 0.02290 0.04580 0.00000 0.06107 0.03817 0.07634 0.01527 0.07634 0.07634 0.19084 0.02290 0.01527 0.00000 0.09924 0.03053 0.00763 0.01527 0.04580
GNM11032                       0.07258 0.18548 0.02419 0.03226 0.00806 0.02419 0.08871 0.08065 0.01613 0.08065 0.09677 0.06452 0.01613 0.01613 0.01613 0.05645 0.02419 0.00806 0.03226 0.05645
GNM11363                       0.09091 0.14394 0.03030 0.03788 0.00000 0.00758 0.06061 0.07576 0.01515 0.05303 0.09848 0.15909 0.01515 0.00758 0.00758 0.06818 0.03788 0.00758 0.03030 0.05303
GNM11375                       0.07576 0.13636 0.04545 0.06061 0.00000 0.03030 0.03788 0.07576 0.02273 0.06061 0.09091 0.12879 0.00758 0.02273 0.00758 0.03788 0.07576 0.00000 0.01515 0.06818
GNM11381                       0.06061 0.14394 0.03030 0.03788 0.00000 0.01515 0.04545 0.08333 0.01515 0.08333 0.06061 0.14394 0.00000 0.00758 0.00758 0.07576 0.08333 0.00000 0.02273 0.08333
GNM11382                       0.07576 0.14394 0.02273 0.06061 0.00000 0.00758 0.04545 0.09091 0.00758 0.06061 0.06818 0.15152 0.00000 0.01515 0.00758 0.06061 0.08333 0.00000 0.02273 0.07576
GNM11841                       0.11278 0.13534 0.02256 0.11278 0.00000 0.03759 0.08271 0.10526 0.00752 0.03759 0.06767 0.09023 0.00000 0.01504 0.00752 0.05263 0.03008 0.01504 0.02256 0.04511
GNM11931                       0.11278 0.12782 0.03759 0.09774 0.00000 0.04511 0.09774 0.09774 0.00752 0.03759 0.06015 0.05263 0.01504 0.01504 0.00752 0.06015 0.03759 0.00752 0.03008 0.05263
GNM12040                       0.09774 0.15789 0.01504 0.09023 0.00000 0.03008 0.09774 0.09774 0.00752 0.06015 0.05263 0.06767 0.00752 0.01504 0.02256 0.07519 0.02256 0.01504 0.02256 0.04511
GNM12071                       0.11194 0.12687 0.01493 0.11194 0.00000 0.04478 0.10448 0.08209 0.00746 0.05224 0.07463 0.08209 0.00000 0.00746 0.00746 0.05224 0.05224 0.01493 0.02239 0.02985
GNM12125                       0.06767 0.16541 0.00000 0.04511 0.00000 0.01504 0.08271 0.08271 0.03759 0.07519 0.06767 0.07519 0.03008 0.01504 0.04511 0.05263 0.03759 0.03759 0.02256 0.04511
GNM12126                       0.08271 0.18045 0.02256 0.05263 0.00000 0.00752 0.08271 0.06767 0.01504 0.06015 0.07519 0.10526 0.03008 0.01504 0.03008 0.05263 0.01504 0.02256 0.03008 0.05263
GNM12128                       0.06015 0.16541 0.02256 0.03759 0.00000 0.01504 0.08271 0.07519 0.02256 0.09774 0.06767 0.11278 0.03008 0.03759 0.01504 0.07519 0.00752 0.02256 0.03759 0.01504
GNM12182                       0.05970 0.15672 0.02985 0.04478 0.00000 0.02239 0.08209 0.08955 0.01493 0.08209 0.08209 0.14925 0.00000 0.00746 0.01493 0.03731 0.04478 0.01493 0.01493 0.05224
GNM12342                       0.09023 0.15789 0.00000 0.05263 0.00752 0.03759 0.04511 0.08271 0.00752 0.06767 0.07519 0.12782 0.05263 0.01504 0.02256 0.06015 0.02256 0.01504 0.01504 0.04511
GNM12346                       0.12782 0.13534 0.02256 0.03759 0.00000 0.03008 0.05263 0.09774 0.02256 0.06767 0.09023 0.11278 0.01504 0.00752 0.00752 0.03759 0.05263 0.01504 0.02256 0.04511
GNM12351                       0.12030 0.14286 0.03008 0.04511 0.00752 0.01504 0.04511 0.10526 0.03759 0.05263 0.08271 0.12030 0.01504 0.00000 0.00752 0.04511 0.04511 0.01504 0.02256 0.04511
GNM12356                       0.06015 0.11278 0.02256 0.07519 0.01504 0.03008 0.06015 0.08271 0.00752 0.09774 0.06767 0.17293 0.03759 0.01504 0.01504 0.05263 0.02256 0.01504 0.01504 0.02256
GNM12357                       0.06767 0.12030 0.03759 0.06015 0.00752 0.04511 0.06767 0.07519 0.00752 0.08271 0.06767 0.15789 0.05263 0.00752 0.01504 0.03759 0.02256 0.01504 0.01504 0.03759
GNM12366                       0.06767 0.12030 0.03759 0.05263 0.00752 0.03008 0.08271 0.07519 0.00752 0.07519 0.07519 0.15038 0.04511 0.00752 0.02256 0.03759 0.03008 0.01504 0.01504 0.04511
GNM12373                       0.10526 0.15789 0.03759 0.03008 0.00752 0.06015 0.05263 0.10526 0.01504 0.07519 0.05263 0.08271 0.02256 0.01504 0.01504 0.07519 0.02256 0.01504 0.01504 0.03759
GNM12385                       0.12030 0.18045 0.02256 0.03008 0.00752 0.03759 0.07519 0.10526 0.01504 0.09023 0.05263 0.06015 0.02256 0.01504 0.02256 0.06767 0.01504 0.01504 0.01504 0.03008
GNM12551                       0.08271 0.20301 0.00752 0.03759 0.00752 0.04511 0.07519 0.08271 0.02256 0.09023 0.06767 0.10526 0.03008 0.00752 0.03759 0.02256 0.01504 0.01504 0.02256 0.02256
GNM12554                       0.12030 0.14286 0.01504 0.05263 0.00752 0.06015 0.03008 0.09774 0.01504 0.08271 0.05263 0.09023 0.01504 0.01504 0.00752 0.06767 0.03008 0.01504 0.01504 0.06767
GNM12592                       0.12593 0.17037 0.02963 0.03704 0.00000 0.00741 0.08889 0.08148 0.02963 0.08148 0.06667 0.07407 0.00741 0.01481 0.04444 0.05185 0.01481 0.01481 0.02963 0.02963
GNM12596                       0.09774 0.13534 0.02256 0.03759 0.01504 0.01504 0.07519 0.10526 0.03008 0.05263 0.10526 0.12030 0.00000 0.00000 0.01504 0.08271 0.01504 0.01504 0.02256 0.03759
GNM12602                       0.10526 0.14286 0.03008 0.03759 0.01504 0.02256 0.06767 0.10526 0.02256 0.06767 0.10526 0.11278 0.00000 0.00000 0.01504 0.06767 0.02256 0.01504 0.02256 0.02256
GNM12665                       0.10526 0.14286 0.02256 0.03759 0.01504 0.01504 0.07519 0.09774 0.03008 0.04511 0.10526 0.12030 0.00752 0.00000 0.01504 0.07519 0.00752 0.01504 0.02256 0.04511
GNM12745                       0.08271 0.09774 0.06015 0.04511 0.00000 0.02256 0.03759 0.06767 0.01504 0.06767 0.05263 0.15038 0.04511 0.00752 0.01504 0.09023 0.03759 0.01504 0.03008 0.06015
GNM12749                       0.09774 0.17293 0.03008 0.04511 0.01504 0.08271 0.04511 0.10526 0.01504 0.08271 0.04511 0.06015 0.01504 0.02256 0.01504 0.06015 0.02256 0.01504 0.01504 0.03759
GNM12758                       0.08271 0.11278 0.03008 0.06767 0.00000 0.03008 0.03759 0.08271 0.00000 0.09023 0.05263 0.17293 0.03759 0.00752 0.02256 0.05263 0.04511 0.01504 0.03008 0.03008
GNM12763                       0.10526 0.15789 0.01504 0.04511 0.00000 0.02256 0.03759 0.07519 0.00752 0.10526 0.05263 0.17293 0.03759 0.00752 0.00752 0.05263 0.02256 0.01504 0.02256 0.03759
GNM12766                       0.07519 0.16541 0.01504 0.07519 0.00752 0.03008 0.03759 0.08271 0.00752 0.07519 0.09023 0.12782 0.03759 0.00752 0.02256 0.04511 0.03008 0.01504 0.01504 0.03759
GNM12841                       0.10526 0.15038 0.02256 0.12030 0.00000 0.04511 0.08271 0.09774 0.01504 0.06767 0.06015 0.06767 0.00752 0.01504 0.00752 0.05263 0.03008 0.00752 0.02256 0.02256
GNM12849                       0.09091 0.12121 0.03788 0.06061 0.00000 0.03030 0.01515 0.07576 0.02273 0.04545 0.09848 0.16667 0.01515 0.00000 0.00758 0.03788 0.06061 0.00000 0.01515 0.09848
GNM12869                       0.09848 0.12879 0.04545 0.03788 0.00000 0.03788 0.03788 0.07576 0.02273 0.05303 0.08333 0.14394 0.00758 0.01515 0.00000 0.04545 0.08333 0.00000 0.01515 0.06818
GNM12896                       0.03788 0.12879 0.03030 0.03788 0.00000 0.04545 0.03788 0.09091 0.02273 0.08333 0.07576 0.14394 0.00758 0.01515 0.02273 0.07576 0.04545 0.00000 0.02273 0.07576
GNM12897                       0.03788 0.13636 0.03030 0.03788 0.00000 0.04545 0.03788 0.08333 0.02273 0.06818 0.07576 0.13636 0.00758 0.01515 0.01515 0.09091 0.04545 0.00000 0.02273 0.09091
GNM12902                       0.06015 0.16541 0.04511 0.05263 0.00000 0.05263 0.04511 0.05263 0.01504 0.09774 0.06767 0.10526 0.01504 0.00752 0.00000 0.07519 0.03008 0.01504 0.03008 0.06767
GNM12903                       0.05469 0.15625 0.02344 0.05469 0.00000 0.01563 0.08594 0.08594 0.02344 0.05469 0.08594 0.11719 0.02344 0.01563 0.02344 0.03125 0.02344 0.01563 0.02344 0.08594
GNM12906                       0.04688 0.14062 0.03125 0.06250 0.00000 0.03125 0.05469 0.10156 0.01563 0.05469 0.07812 0.12500 0.02344 0.01563 0.02344 0.03906 0.02344 0.01563 0.02344 0.09375
GNM12907                       0.03906 0.15625 0.03906 0.04688 0.00000 0.02344 0.09375 0.09375 0.01563 0.03906 0.09375 0.10937 0.03125 0.01563 0.01563 0.03125 0.02344 0.01563 0.02344 0.09375
GNM12909                       0.04688 0.14844 0.03125 0.03906 0.00000 0.02344 0.09375 0.08594 0.02344 0.05469 0.08594 0.12500 0.03125 0.01563 0.00781 0.03906 0.01563 0.01563 0.02344 0.09375
GNM12915                       0.06015 0.14286 0.00752 0.03759 0.00752 0.04511 0.08271 0.06767 0.02256 0.08271 0.08271 0.16541 0.02256 0.01504 0.02256 0.03008 0.03008 0.01504 0.02256 0.03759
GNM10046                       0.06767 0.12782 0.02256 0.03759 0.00752 0.04511 0.07519 0.06767 0.02256 0.11278 0.08271 0.17293 0.01504 0.01504 0.02256 0.02256 0.03008 0.01504 0.02256 0.01504
GNM12918                       0.06015 0.14286 0.02256 0.03008 0.00752 0.04511 0.09774 0.06767 0.02256 0.09023 0.09023 0.15038 0.01504 0.01504 0.02256 0.02256 0.03008 0.01504 0.02256 0.03008
GNM12931                       0.06015 0.16541 0.01504 0.04511 0.00000 0.01504 0.07519 0.07519 0.03759 0.09774 0.08271 0.11278 0.03008 0.01504 0.01504 0.03759 0.03759 0.02256 0.03008 0.03008
GNM12938                       0.05224 0.14925 0.05970 0.04478 0.00000 0.02239 0.08209 0.07463 0.01493 0.08209 0.08955 0.14179 0.00000 0.02239 0.02239 0.05224 0.00746 0.01493 0.02985 0.03731
GNM12996                       0.06716 0.11194 0.02985 0.05224 0.00000 0.02239 0.05224 0.08955 0.00746 0.08209 0.08209 0.18657 0.00746 0.00000 0.00000 0.06716 0.01493 0.01493 0.02985 0.08209
GNM13018                       0.04478 0.11194 0.03731 0.05224 0.00000 0.02985 0.04478 0.09701 0.00746 0.08209 0.08209 0.17910 0.00746 0.00000 0.00000 0.07463 0.02239 0.01493 0.02985 0.08209
GNM13027                       0.06716 0.11940 0.06716 0.05224 0.00000 0.02239 0.06716 0.06716 0.00000 0.06716 0.08955 0.17910 0.00000 0.02239 0.01493 0.05224 0.02985 0.01493 0.02985 0.03731
GNM13046                       0.06818 0.16667 0.03788 0.05303 0.00000 0.01515 0.03030 0.07576 0.02273 0.09091 0.06818 0.10606 0.02273 0.01515 0.02273 0.06061 0.06061 0.00000 0.01515 0.06818
GNM13053                       0.07576 0.14394 0.03030 0.03788 0.00000 0.02273 0.03788 0.11364 0.00758 0.10606 0.06818 0.12121 0.03030 0.01515 0.01515 0.08333 0.03030 0.00758 0.00758 0.04545
GNM13074                       0.06015 0.15038 0.01504 0.03008 0.00752 0.03759 0.09023 0.06767 0.02256 0.12030 0.06767 0.15789 0.02256 0.01504 0.02256 0.02256 0.03008 0.01504 0.02256 0.02256
GNM10010                       0.09848 0.15909 0.01515 0.04545 0.00758 0.03788 0.06818 0.07576 0.02273 0.08333 0.07576 0.13636 0.03788 0.02273 0.02273 0.01515 0.02273 0.01515 0.01515 0.02273
GNM10014                       0.09848 0.14394 0.01515 0.03788 0.00758 0.04545 0.07576 0.07576 0.01515 0.08333 0.07576 0.14394 0.03788 0.02273 0.02273 0.01515 0.03030 0.01515 0.01515 0.02273
GNM13090                       0.09848 0.15909 0.02273 0.05303 0.00758 0.04545 0.06061 0.07576 0.00758 0.09091 0.06818 0.13636 0.03788 0.01515 0.02273 0.01515 0.02273 0.01515 0.02273 0.02273
GNM13118                       0.04615 0.16923 0.00769 0.05385 0.00000 0.01538 0.05385 0.09231 0.00769 0.06154 0.10000 0.10000 0.01538 0.01538 0.04615 0.09231 0.00769 0.01538 0.03077 0.06923
GNM13126                       0.04511 0.15038 0.01504 0.07519 0.00000 0.03759 0.02256 0.06767 0.00752 0.09023 0.07519 0.12782 0.02256 0.00752 0.00752 0.09774 0.05263 0.00752 0.03008 0.06015
GNM13128                       0.05263 0.14286 0.02256 0.08271 0.00000 0.03008 0.03759 0.06767 0.00752 0.10526 0.08271 0.14286 0.00752 0.00000 0.00752 0.08271 0.04511 0.00752 0.02256 0.05263
GNM13208                       0.07031 0.17969 0.03906 0.01563 0.00000 0.00781 0.10156 0.07812 0.02344 0.05469 0.08594 0.10156 0.02344 0.00781 0.01563 0.03125 0.03125 0.01563 0.03125 0.08594
GNM13210                       0.09774 0.15789 0.02256 0.03759 0.00000 0.02256 0.06015 0.09023 0.00752 0.06015 0.11278 0.12030 0.00752 0.01504 0.01504 0.06015 0.02256 0.00752 0.02256 0.06015
GNM12773                       0.06015 0.14286 0.00752 0.03759 0.00000 0.01504 0.07519 0.06015 0.00752 0.09774 0.08271 0.13534 0.01504 0.00752 0.02256 0.09774 0.05263 0.01504 0.01504 0.05263
GNM12769                       0.04918 0.10656 0.03279 0.03279 0.00000 0.01639 0.04918 0.09836 0.02459 0.07377 0.09016 0.15574 0.04918 0.01639 0.01639 0.06557 0.05738 0.01639 0.00820 0.04098

Homogeneity statistic: X2 = 19.03972 G = 20.03087 

Average                        0.07514 0.14457 0.02806 0.04728 0.00217 0.02781 0.05679 0.08075 0.01755 0.07337 0.07924 0.13147 0.01755 0.01289 0.01396 0.05593 0.04263 0.00925 0.02119 0.06240
(Ambiguity characters are used to calculate freqs.)


# constant sites:      2 (1.46%)

TREE #  1:  ((((((((46, 149), 134), (62, 98)), 99), 100), (((136, 137), (101, 61)), (135, 138))), ((((((128, 127), 130), 129), 148), (64, 45)), 145)), ((((((((((((((((((47, 48), ((49, 51), 22)), 50), 60), (53, 57)), 27), (((73, 21), (24, 23)), 43)), ((((((((56, 54), 55), 52), 123), (19, 6)), (((59, (28, 40)), 7), (91, 20))), ((10, 71), 122)), 77)), 139), (((92, 76), 18), 93)), (((124, 75), 125), 41)), (((((81, 5), 80), (74, 13)), (31, 82)), (14, 70))), (83, 42)), (90, 72)), ((((87, 88), 44), (15, 140)), (((38, 86), 12), 58))), ((((1, 84), 85), (8, 2)), 39)), ((((36, 37), (3, 34)), (4, 32)), ((11, 35), (33, 89)))), (((((((26, 30), 29), (150, 25)), (68, 69)), 65), (151, 67)), ((17, 16), 66))), (((((((((((115, 113), 114), 104), 112), 103), (((111, 109), 117), 108)), ((((96, 9), 97), (94, 121)), 95)), (63, 78)), ((147, 146), (79, 126))), ((((((107, 106), 105), 120), 102), ((116, 118), 119)), 110)), ((((142, 143), 144), 141), ((133, 131), 132))));   MP score: -1
lnL(ntime:299  np:300): -16887.024137      +0.000000
 152..153 153..154 154..155 155..156 156..157 157..158 158..159 159..46  159..149 158..134 157..160 160..62  160..98  156..99  155..100 154..161 161..162 162..163 163..136 163..137 162..164 164..101 164..61  161..165 165..135 165..138 153..166 166..167 167..168 168..169 169..170 170..171 171..128 171..127 170..130 169..129 168..148 167..172 172..64  172..45  166..145 152..173 173..174 174..175 175..176 176..177 177..178 178..179 179..180 180..181 181..182 182..183 183..184 184..185 185..186 186..187 187..188 188..189 189..190 190..47  190..48  189..191 191..192 192..49  192..51  191..22  188..50  187..60  186..193 193..53  193..57  185..27  184..194 194..195 195..196 196..73  196..21  195..197 197..24  197..23  194..43  183..198 198..199 199..200 200..201 201..202 202..203 203..204 204..205 205..56  205..54  204..55  203..52  202..123 201..206 206..19  206..6   200..207 207..208 208..209 209..59  209..210 210..28  210..40  208..7   207..211 211..91  211..20  199..212 212..213 213..10  213..71  212..122 198..77  182..139 181..214 214..215 215..216 216..92  216..76  215..18  214..93  180..217 217..218 218..219 219..124 219..75  218..125 217..41  179..220 220..221 221..222 222..223 223..224 224..81  224..5   223..80  222..225 225..74  225..13  221..226 226..31  226..82  220..227 227..14  227..70  178..228 228..83  228..42  177..229 229..90  229..72  176..230 230..231 231..232 232..233 233..87  233..88  232..44  231..234 234..15  234..140 230..235 235..236 236..237 237..38  237..86  236..12  235..58  175..238 238..239 239..240 240..241 241..1   241..84  240..85  239..242 242..8   242..2   238..39  174..243 243..244 244..245 245..246 246..36  246..37  245..247 247..3   247..34  244..248 248..4   248..32  243..249 249..250 250..11  250..35  249..251 251..33  251..89  173..252 252..253 253..254 254..255 255..256 256..257 257..258 258..26  258..30  257..29  256..259 259..150 259..25  255..260 260..68  260..69  254..65  253..261 261..151 261..67  252..262 262..263 263..17  263..16  262..66  152..264 264..265 265..266 266..267 267..268 268..269 269..270 270..271 271..272 272..273 273..274 274..115 274..113 273..114 272..104 271..112 270..103 269..275 275..276 276..277 277..111 277..109 276..117 275..108 268..278 278..279 279..280 280..281 281..96  281..9   280..97  279..282 282..94  282..121 278..95  267..283 283..63  283..78  266..284 284..285 285..147 285..146 284..286 286..79  286..126 265..287 287..288 288..289 289..290 290..291 291..292 292..107 292..106 291..105 290..120 289..102 288..293 293..294 294..116 294..118 293..119 287..110 264..295 295..296 296..297 297..298 298..142 298..143 297..144 296..141 295..299 299..300 300..133 300..131 299..132
 0.099553 0.091511 0.048506 0.053354 0.036757 0.063082 0.180334 0.128249 0.129810 0.094925 0.014007 0.309176 0.224906 0.227938 0.263562 0.274400 0.076806 0.300842 0.028995 0.045652 0.038200 0.255534 0.186385 0.088379 0.158514 0.239232 0.045442 0.226686 0.085630 0.091557 0.041161 0.008363 0.107116 0.049339 0.065410 0.056441 0.129980 0.023668 0.378107 0.206244 0.324887 0.000000 0.085737 0.204045 0.022949 0.144502 0.051890 0.098530 0.154845 0.075849 0.038582 0.043828 0.019452 0.065447 0.012278 0.070793 0.000000 0.004748 0.015646 0.000000 0.006088 0.008957 0.000000 0.018515 0.012239 0.000000 0.016662 0.010842 0.076166 0.059250 0.063499 0.097218 0.094477 0.038520 0.048977 0.000000 0.000000 0.045842 0.000000 0.000000 0.072104 0.032048 0.049722 0.049559 0.030982 0.005930 0.000000 0.000000 0.000000 0.000000 0.000000 0.000000 0.000000 0.024520 0.006391 0.006175 0.006080 0.008122 0.000000 0.019364 0.044563 0.028569 0.031578 0.000000 0.058385 0.039703 0.012455 0.006459 0.067798 0.017212 0.000000 0.006199 0.047078 0.201159 0.124272 0.102418 0.005278 0.014486 0.101593 0.054786 0.077621 0.076517 0.103392 0.011860 0.001951 0.013282 0.005398 0.024952 0.017638 0.152419 0.041075 0.078328 0.030374 0.029458 0.018885 0.006130 0.040078 0.062209 0.000000 0.000000 0.134984 0.000000 0.006176 0.100688 0.057155 0.000000 0.258396 0.007148 0.000000 0.164891 0.000000 0.000000 0.083720 0.000000 0.365790 0.142683 0.076526 0.042010 0.187539 0.252944 0.129115 0.103722 0.000000 0.368149 0.023211 0.064939 0.042652 0.163712 0.214175 0.046983 0.129502 0.283894 0.093604 0.044022 0.173713 0.294949 0.416266 0.000000 0.000000 0.402132 0.140463 0.110756 0.098778 0.191047 0.000000 0.006259 0.074074 0.175185 0.133574 0.220715 0.000000 0.034122 0.141079 0.166629 0.029410 0.020104 0.123886 0.269981 0.100327 0.051319 0.050314 0.017883 0.067570 0.122761 0.025809 0.040223 0.225855 0.093198 0.200295 0.160961 0.090136 0.126794 0.104626 0.021048 0.067552 0.276728 0.000000 0.470056 0.356671 0.089179 0.393267 0.000000 0.000000 0.262354 0.078818 0.025152 0.000000 0.149215 0.122628 0.008752 0.018494 0.029586 0.108482 0.065219 0.014568 0.017841 0.020950 0.031547 0.193747 0.397000 0.316256 0.212337 0.022262 0.078904 0.130589 0.148498 0.176751 0.130769 0.250876 0.000000 0.039094 0.038554 0.141171 0.045007 0.209563 0.073706 0.123512 0.149041 0.205754 0.172259 0.123188 0.188275 0.532572 0.165262 0.091734 0.096856 0.106967 0.162560 0.139897 0.034558 0.086955 0.181476 0.023207 0.125210 0.073526 0.031038 0.017899 0.078821 0.044024 0.119088 0.094619 0.132429 0.207970 0.072151 0.102501 0.177271 0.301558 0.001536 0.102446 0.016196 0.000000 0.051085 0.014999 0.043703 0.041711 0.029274 0.031141 0.031212 0.001954 1.564743
