
Printing out site pattern counts


       145         41  P

GNM13746                        AEEEEEEEGG IIIIIKKKKK KLLLLLNNQR RRRRSSSSTV V
GNM13538                        ADEEEEKVGG IKLLLKKKQR RELLLVKVRE EMRRAKSSTI Y
GNM13876                        AEEEKNKVMV ILAKLAEREA RYILVRVEKA ERKQEREPTL L
GNM13680                        AEDDQQKLGK ILMILAKKDN RMLLLAKDKA ERRKWNATTL L
GNM14837                        AEDEKEKRGR IIMLLGKKSN RLILLARDRK ERHKPKQSTL T
GNM14249                        AEDEKEKRGR ILMLLSKKSN RLILLARDRK ERHKPKQSTI S
GNM13928                        AEDEKEKRGR ILMLLTKKSN RLVLLARDRK ERHKPKQSTL T
GNM13297                        ADEEEEKVGG IKLLLKKKQR RELLLVKVRE EMRRAKSSTI Y
GNM14865                        ADEEANEIGP IQIVLTESAG KKLRALKTET ERKNEREPTL L
GNM13455                        AEDEKEKRGR IVMLLSKKSN RMILLARDRK ERHKPKQSTL T
GNM14483                        ADKEEDTVGK IMIILSKRQN RLLLLSASRR ETRKRNFVTI L
GNM14872                        AEDDTHKIGK ILVILAKRQN RLLLVARDKS ERRKYEASTM M
GNM13855                        ADDDTDKLGK IMIILVKRDN RLLLLAKDKK ERRKWVTATK L
GNM14445                        ADDEKEKVGK IMVLRKKKEN KLLLLSINRK KRRESSMSTI L
GNM14404                        -EEETNK-GV ---ILNERQ- --LRMAM-RK ---K-RLP-- L
GNM14545                        AEEETNKVGV IEIILNERQR RLLRMAMARK ERRKERLPTL L
GNM14366                        AQDETERRGR VQMILIKRDN RLLLLSREKK ERKKAKMSTL S
GNM14252                        AEDEKEKRGR ILMLLSKKSN RLILLSRDRK ERHKPKQSTL S
GNM13760                        AEDEKEKRGR IIMLLSKKSN RLILLARDRK ERHKPKQSTL T
GNM13982                        AQDEKERRGR VLLILTKRDN KMILLSKEKR ERKKKKVTTV M
GNM13960                        AQDEKERRGR IIILLAKKDN RLLLLFNNRY ERKKPKKSTH I
GNM14633                        AQDEKERRGR VLLILTKRDN KMILLSQEKR ERKKKKETTV M
GNM14853                        AQDEKERRGR VLLILTKRDN KMILLSQEKR ERKKKKETTV M
GNM14174                        ADDEENKVAV IEIILAERKK RLVRLAKTRD EKKREQSPTL L
GNM14138                        AEQEDNKVAI IELILTDREA RLVRLAKTRA ERKRSKTPTL F
GNM14055                        AEDEKEKRGR IIMLLSKKDN RLLLLSRNRR ERKKPKESTV M
GNM14748                        AEDEKEKRGR ILMLLSKKSN RLILLARNRK QRHKPKQSTI S
GNM14246                        AEEEKNRVAV IEIILTDRKH RLLRLVKAQK ERRRNRVPTI L
GNM14640                        AEEEENKISI IEVILTDQET RLLRLAKARK ERKRERVPTL L
GNM14965                        AEDDPQKIGK ILIILAKRDN RMLLLARDNT ERRKWDSTTI L
GNM14339                        ATEEDNEIAG ILIILIERAK KSLLLRIRRR ERRNNSDTTL A
GNM14593                        AREEEKEISL ILIILAERDG KLLLLIKRRL ERKLNLDPTT L
GNM13825                        AEEEQNEIMV LLVLITERKN RLVLLRRRRL ERRKNRSPTL I
GNM14768                        AREEEKEMAL ILIILAERSR RLLLIARRRI ERRLNQDTTM L
GNM14776                        AREEEKEMAL ILIILAERSR RLLLIARRRI ERRLNQDTTV L
GNM14715                        ADKEDDTVGK IMVILSKRQH KILLLSSDRR ERKKRNFVTI L
GNM14639                        AEEEEERAGK IKLIYSKKKR REILLHINKD LRRRSSITTI L
GNM13795                        AEDEKEKRGR ILMLLTKKSN RLILLARNRK ERHKPKQSTI S
GNM14166                        AQDETDRRGR ILVVLSKKDN RLLLLTKDRK ERRKPKGSTL L
GNM13993                        ANEEENKVGK VLIIHIEREN KLLLISKEKL QRKQPKSQTV L
GNM14450                        GEDDGDKIGR ILVVLAKRGR RLLLLGRDKI ERRKYKSSTR L
GNM13515                        AEDEKERRGR ILLILTKKSN KLVLLSEDRQ ERRKPKISTL M
GNM14959                        ADDEENLIGL IMVVLNDRKN RLLRLLQARA ERRKARNPTI L
GNM13413                        AEEEENKVAL IMIILLTRRK KLLRLVRDRL ERRKNRNTTV L
GNM15005                        AQDDKERRGR IIILLAKKDN RLLLLFNNRY ERKKPKKSTH I
GNM14994                        ADDDKEKRGR ILMLLTKKSN RLILLARSRR ERHKPKLSTI N
GNM15013                        AQDEKERRGR IIILLAKKDN RLLLLFNNRY ERKKPKKSTH I
GNM15014                        AQDEKERRGR IIMLLTKKDN RLLLLFNDRQ ERKKPKKSTL A
GNM14976                        AQDDKERRGR IIILLAKKDN RLLLLFNNRY ERKKPKKSTH I
GNM14995                        AQDDKERRGR IMILLTKRDN RLLLLKRNRQ ERRKPNLSTT L
GNM15018                        AEDEKEKRGR ILMLLSKKSN RLILLARDRK ERHKPKQSTT S
GNM15025                        AEDDKEKRGR ILILLGKKDN RMLLLSSNRE ERKKKKESTQ I
GNM14980                        AEDEKEKRGR ILMLLSKKSN RLILLARDRK ERHKPKQSTT S
GNM15000                        AEDEKEKRGR ILMLLSKKSN RLILLARDRK ERHKPKQSTT S
GNM15026                        AQDEKEKRGR ILILLTKRDN RMLLLSRNRQ ERKKKKESTY M
GNM15001                        AEDEKEKRGR ILMLLSKKSN RLILLARDRK ERHKPKQSTI S
GNM11003                        AEDEKNKISL IIIILAKKKS RLLLYLRDNY ERKKNADTTV Y
GNM11023                        AEEKENTVGL VLILLIERKR RLLLLMRNRE ERRGEERPTA L
GNM11055                        AEEEENKAGV ILLILLENRC RKLKLLRDEL ERKKLRRPMI L
GNM11146                        AEDEENLIGV IEIMLSDRRH RLLRLIELRL ERRRYRNPTV L
GNM11219                        AEEEDNRVGI IMIILTERRR RLLRMSRTRR ERRREKEPTL L
GNM11220                        AEEEENRVAV IQIILMERRR KLVRLMRTRI ERRRERIYTI L
GNM11222                        AEEEENKVSV IQLLLAERKR KLIRLMRSRS ERKKEAEPTL L
GNM11223                        AEEEDNRVSI INIILAERKN RLLRLVRTKE ERKRERAPTI L
GNM11224                        ADEEENRVSI INIILAERRN RLLRLIRTKE ERKRERAPTI L
GNM11358                        ADDDQEKLGK IMIILVKRDN RLLLLARDKK ERRKWVSATK L
GNM11360                        AEDEKEKRGR IVMLLSKKSN RMILLARDRK ERHKPKQSTL T
GNM11362                        AEDEDEKIGK ILIVLSKKAG RLLLIAMDRK ERRKYKSSTM L
GNM11367                        AQDEKERRGR VLLILTKRDN KMILLSKEKR ERKKKKVTTV M
GNM11377                        AEDDTHKLGK ILIILAKRQN RLLLVARDKS ERRKYEASTM M
GNM11380                        AQDETDRRGR ILVVLSKKDN RLLLLTKDRK ERRKPKGSTL L
GNM11383                        AQDEIERRGR ILIILVKRSN RLLLMARERK ERKKSKESTL S
GNM11491                        AQDDGNRRGR ILMILSKRDA RMILLARDRR ERRKPKQSTL A
GNM11804                        AEEEENKAML ILLILRERKR KKLKLIRDEL ERKRAQEPLV L
GNM11805                        AAESESKVGP IMIMLEAHEE KLLIELRQKN ERKKSTKPTI L
GNM12883                        AEDDHQKIAK ILMLFAKRDN KMLLLARDKA ERRKWNATTL L
GNM12886                        AEDDQQKLGK IFMILTKRDK RKLLLAKDKA ERRKWNATTL L
GNM13060                        AEEEEENEGG IMIILKKKKR RLLLLLNNRM RRRRSSLSTV A
GNM13061                        AEEEEEREGG IMVLLKKKQK RLLLLIDNRR RRRRSSESTV L
GNM13062                        ADKEDDMVGK VMVILSKRQH RVLLLSGDRR ERRKRNFVTL L
GNM13064                        ANEEENKVGK VLIIHIEREN KLLLISKDKL QRKQPKSQTV L
GNM13066                        ASEEDNKVGK VLVVHIEQEN KLLLISKDKL ERKQPKTQTV L
GNM11032                        AEEEEGEIAE ILIILTVRRG RLLLVRRRRR ERRNNTDTTL A
GNM11363                        AEDEDEKIGK ILIVLSKKAG RLLLIAMDRK ERRKYKSSTM L
GNM11375                        AEDEKEKRGR IIMLLSKKSN RLILLARDRK ERHKPKQSTL T
GNM11381                        AQDEVERRGR ILMILVKRSN RLLLMARERK ERKKAKESTL S
GNM11382                        AQDEQEKKGR IIMILVKREN RLLLISRERK ERKKAKASTY S
GNM11841                        ADEEANEIGP IQIILTEKAG RKLRALRAKE ERKNERDPTL L
GNM11931                        AEEEANEVGP IQIILTDSAR RKLRSLKTRE ERKNEREPTL L
GNM12040                        AAEEANEIGP IQIVLTEGAH KKLRSLKTEQ ERRNEREPTL L
GNM12071                        AEEEASEIGP IQIVLTEKVA KKLRSLKTEQ ERKNEREPTM L
GNM12125                        AEEEENKVGL IMIILEERKR RLLRLVRTKL ERKKAAQPTI L
GNM12126                        AEEEENKIAI INIILSDRQR KLLRLIRTKE ERRTNKKPTI L
GNM12128                        AEDEENLVAL IIIILMTRKN RLLRLVINRL ERKRIRNVTV L
GNM12182                        AEDDENRISI ILIILAKRKS RYLLRLKDKK ERKKNSETTI L
GNM12342                        AEEEENKIGP IMIMLRSREN RLLLELRTKK ERRKERVPTI L
GNM12346                        ADEDKNQIGP IKIILNERKQ RLLLQLHTRD ERRKERKPTL L
GNM12351                        AKEEHNEIGP VQIVLSDGDH RKLREIRTRE EKRRERVPTL I
GNM12356                        AEEESNKIGP VMIVLKSKDN KKLLEMNTKN ERRKEKVPTL I
GNM12357                        AEEEENKIGP IMIILRSSGN KLIMEMGTKK ERRKEKAPTI L
GNM12366                        AEEEDNKIGP IIIILRSKEN KLIMEMGTKN ERKKEKAPTI L
GNM12373                        AKEEANNEGP IQIILIERET RKELNIYTKV KRRQEKQPTV L
GNM12385                        AKEETNQEGT IQIILLEREN RRELEIRTSL ARRQERQPTV L
GNM12551                        AEEEENKTGP IEIVLADKER KLLRELMNKR ERKRERKPTI L
GNM12554                        AKEEVNQEGT IKLILMEREN RMMLHVYTRQ RRRQEHGPTL L
GNM12592                        AKEEEKEVGP IQMILVERER RKLLEIRTEE ERRRERRPTI L
GNM12596                        ANEEENEIGP IQIILNEGDH RKLREVRTNA ERRREREPTI L
GNM12602                        ANEEENEIGP IQIILSEGDH RKLREVRTNA ERRREREPTI L
GNM12665                        ANEEENEIGP IQIILNDGDH RKLREVRTKA ERRREREPTI L
GNM12745                        AEDESNKIGV IMVIYADKVN RLLLLDVTHE ERRTEKTPTT L
GNM12749                        AKEEVNQEGT IQMILMEREN RKVLYIHTRV RRRQERDATI L
GNM12758                        AEEEENKIGH IMVMYAERKN RLLLYAITKQ ERRREKDPTI L
GNM12763                        AEEEKNKIGP IIIMYADRKN RLLLESETRE ERRKEREPTL L
GNM12766                        AEEEENKIGP IMIVLKSKEN KLLMELNTKK ERRKERVPTL L
GNM12841                        AQEEANEIGP IQVILTEGVR KKLRELKTEE ERRNEREPTL L
GNM12849                        AEDEKEKRGR IVMLLSKKSN RMILLARDRK ERHKPKQSTL T
GNM12869                        AEDEKEKRGR ILMLLSKKSN RLILLGRDRK ERHKPKQSTI S
GNM12896                        AQDETDRRGR ILVVLLKKDN RLLLLTKDRK ERRKPKESTL L
GNM12897                        AQDETDRRGR ILVVLSKKDN RLLLLTKDRK ERRKPKASTL L
GNM12902                        ASESESKVGP IMVMLESREE RLLLELRQKN ERRRSKSPTI L
GNM12903                        AQEEEKLIGV IEIILAERER RLLRLVEIRR ERRRQRNPTV L
GNM12906                        AQEEENLIGV IEIILAEREN RLLRLVQARR QRRKQRNPTV L
GNM12907                        AQEEEKLIGV IEIILAERER RLLRLVQMRR ERRKQRNPTV L
GNM12909                        AQEEENLIGV IEIILAEREK KLLRLVEARR ERRKVRNPTI L
GNM12915                        AEEQENKIML IKLILLERAR RLIIEARDRD ERRKNVRPTL L
GNM10046                        AEEQENKIML IKLILLERAK RLIIEARDRD ERRKNVRPTL L
GNM12918                        AEEQENKIML IKLILLERAK RLIIEARDRD ERRKNVRPTL L
GNM12931                        AEEEENRIAL IMIILLTRRR KLLRLIRDRL ERRKNRNTTI L
GNM12938                        AEQQKNRVAL IIIILMKKEG RLLLLLRDEK ERKKNSNTTT L
GNM12996                        AEEEGNKVAL ILIILLKRKS RLVLLMRDRI ERKKNSDTTT L
GNM13018                        AEDEGNKVAL ILIILLKRKS RLLLLIRDKL ERKKNSDTTT L
GNM13027                        ADEEKNKLAL ILIILQKRGS RLLLRLKDQQ IRKKNSNTTL L
GNM13046                        AQDDNERRGR ILIILSKKDN RMLLLTKDRH ERRKPKQSTL L
GNM13053                        ASGEEERVGK IMVILSKKDN RLILLSNNRQ ERRKVSASTV L
GNM13074                        AEEEENKIML IKLILLERQR RLIIEARDRE ERRKNVRPTL L
GNM10010                        AQEEENKIMT IKLILLEREK RLIIEARDRD ERRKNVRPTL L
GNM10014                        AEEEENKIMM IKLILLERKR RLIIEARDRD ERRKNVRPTL L
GNM13090                        AEEEENKIML IKLILLERKK RLIIEARDRD ERRKNVRPTI L
GNM13118                        AEEEENRIAL IEIILGERKN KLLRLAKERQ ERRRKSQVTI L
GNM13128                        ANESESTVGS IELVLEPRQR RLLRELRQKQ ERRHSKKPTI L
GNM13208                        AQEEENLIGV IEIIYAERKR RLLRLIQARL ERRKYRDSTI L
GNM13210                        AEEEENKVAL IMIILVTRLR RLLRLVRDRL ERRKNRNTTV L
GNM12773                        ADEEKKNVGV IEIILIERKN RLLRLAKTRL EQKREKSPTL L
GNM12769                        AEEEEDRINV IEIILTEKEN RLLRLVRTRA VRKRERSPTI L
GNM12768                        ANEAPNEVLI ILIFQEDRER RKLLLFRNEQ ERRRIQTPTI L



    1    1    1    1    1    1    1    1    1    1    1    1    1    1    1
    1    1    1    1    1    1    1    1    1    1    1    1    1    1    1
    1    1    1    1    1    1    1    1    1    1    1

AAML (in paml version 4.9h, March 2018)  tmp0041.txt
Model: Empirical,  (../wag.dat) dGamma (ncatG=4) ns = 145  ls =  41


Frequencies..
                                    A      R      N      D      C      Q      E      G      H      I      L      K      M      F      P      S      T      W      Y      V
GNM13746                       0.02439 0.12195 0.04878 0.00000 0.00000 0.02439 0.17073 0.04878 0.00000 0.12195 0.12195 0.14634 0.00000 0.00000 0.00000 0.09756 0.02439 0.00000 0.00000 0.04878
GNM13538                       0.04878 0.12195 0.00000 0.02439 0.00000 0.02439 0.17073 0.04878 0.00000 0.04878 0.14634 0.17073 0.02439 0.00000 0.00000 0.04878 0.02439 0.00000 0.02439 0.07317
GNM13876                       0.12195 0.12195 0.02439 0.00000 0.00000 0.02439 0.21951 0.00000 0.00000 0.04878 0.12195 0.12195 0.02439 0.00000 0.02439 0.00000 0.02439 0.00000 0.02439 0.09756
GNM13680                       0.12195 0.07317 0.04878 0.09756 0.00000 0.04878 0.04878 0.02439 0.00000 0.04878 0.19512 0.17073 0.04878 0.00000 0.00000 0.00000 0.04878 0.02439 0.00000 0.00000
GNM14837                       0.04878 0.14634 0.02439 0.04878 0.00000 0.02439 0.09756 0.04878 0.02439 0.07317 0.14634 0.17073 0.02439 0.00000 0.02439 0.04878 0.04878 0.00000 0.00000 0.00000
GNM14249                       0.04878 0.14634 0.02439 0.04878 0.00000 0.02439 0.09756 0.02439 0.02439 0.07317 0.14634 0.17073 0.02439 0.00000 0.02439 0.09756 0.02439 0.00000 0.00000 0.00000
GNM13928                       0.04878 0.14634 0.02439 0.04878 0.00000 0.02439 0.09756 0.02439 0.02439 0.02439 0.17073 0.17073 0.02439 0.00000 0.02439 0.04878 0.07317 0.00000 0.00000 0.02439
GNM13297                       0.04878 0.12195 0.00000 0.02439 0.00000 0.02439 0.17073 0.04878 0.00000 0.04878 0.14634 0.17073 0.02439 0.00000 0.00000 0.04878 0.02439 0.00000 0.02439 0.07317
GNM14865                       0.09756 0.07317 0.04878 0.02439 0.00000 0.02439 0.19512 0.04878 0.00000 0.07317 0.12195 0.09756 0.00000 0.00000 0.04878 0.02439 0.09756 0.00000 0.00000 0.02439
GNM13455                       0.04878 0.14634 0.02439 0.04878 0.00000 0.02439 0.09756 0.02439 0.02439 0.04878 0.12195 0.17073 0.04878 0.00000 0.02439 0.07317 0.04878 0.00000 0.00000 0.02439
GNM14483                       0.04878 0.14634 0.04878 0.04878 0.00000 0.02439 0.07317 0.02439 0.00000 0.09756 0.14634 0.09756 0.02439 0.02439 0.00000 0.07317 0.07317 0.00000 0.00000 0.04878
GNM14872                       0.09756 0.12195 0.02439 0.07317 0.00000 0.02439 0.07317 0.02439 0.02439 0.07317 0.12195 0.12195 0.04878 0.00000 0.00000 0.04878 0.04878 0.00000 0.02439 0.04878
GNM13855                       0.07317 0.09756 0.02439 0.14634 0.00000 0.00000 0.02439 0.02439 0.00000 0.07317 0.17073 0.19512 0.02439 0.00000 0.00000 0.00000 0.07317 0.02439 0.00000 0.04878
GNM14445                       0.02439 0.09756 0.04878 0.04878 0.00000 0.00000 0.09756 0.02439 0.00000 0.07317 0.14634 0.21951 0.04878 0.00000 0.00000 0.09756 0.02439 0.00000 0.00000 0.04878
GNM14404                       0.03846 0.15385 0.07692 0.00000 0.00000 0.03846 0.15385 0.03846 0.00000 0.03846 0.15385 0.11538 0.07692 0.00000 0.03846 0.00000 0.03846 0.00000 0.00000 0.03846
GNM14545                       0.07317 0.19512 0.04878 0.00000 0.00000 0.02439 0.17073 0.02439 0.00000 0.07317 0.14634 0.07317 0.04878 0.00000 0.02439 0.00000 0.04878 0.00000 0.00000 0.04878
GNM14366                       0.04878 0.17073 0.02439 0.04878 0.00000 0.04878 0.09756 0.02439 0.00000 0.04878 0.14634 0.14634 0.04878 0.00000 0.00000 0.07317 0.04878 0.00000 0.00000 0.02439
GNM14252                       0.02439 0.14634 0.02439 0.04878 0.00000 0.02439 0.09756 0.02439 0.02439 0.04878 0.17073 0.17073 0.02439 0.00000 0.02439 0.12195 0.02439 0.00000 0.00000 0.00000
GNM13760                       0.04878 0.14634 0.02439 0.04878 0.00000 0.02439 0.09756 0.02439 0.02439 0.07317 0.14634 0.17073 0.02439 0.00000 0.02439 0.07317 0.04878 0.00000 0.00000 0.00000
GNM13982                       0.02439 0.14634 0.02439 0.04878 0.00000 0.02439 0.09756 0.02439 0.00000 0.04878 0.12195 0.21951 0.04878 0.00000 0.00000 0.02439 0.07317 0.00000 0.00000 0.07317
GNM13960                       0.04878 0.14634 0.07317 0.04878 0.00000 0.02439 0.07317 0.02439 0.02439 0.09756 0.14634 0.17073 0.00000 0.02439 0.02439 0.02439 0.02439 0.00000 0.02439 0.00000
GNM14633                       0.02439 0.14634 0.02439 0.04878 0.00000 0.04878 0.12195 0.02439 0.00000 0.04878 0.12195 0.19512 0.04878 0.00000 0.00000 0.02439 0.07317 0.00000 0.00000 0.04878
GNM14853                       0.02439 0.14634 0.02439 0.04878 0.00000 0.04878 0.12195 0.02439 0.00000 0.04878 0.12195 0.19512 0.04878 0.00000 0.00000 0.02439 0.07317 0.00000 0.00000 0.04878
GNM14174                       0.09756 0.12195 0.02439 0.07317 0.00000 0.02439 0.14634 0.00000 0.00000 0.07317 0.12195 0.14634 0.00000 0.00000 0.02439 0.02439 0.04878 0.00000 0.00000 0.07317
GNM14138                       0.12195 0.14634 0.02439 0.04878 0.00000 0.02439 0.12195 0.00000 0.00000 0.07317 0.12195 0.09756 0.00000 0.02439 0.02439 0.02439 0.09756 0.00000 0.00000 0.04878
GNM14055                       0.02439 0.17073 0.04878 0.04878 0.00000 0.00000 0.12195 0.02439 0.00000 0.04878 0.14634 0.17073 0.04878 0.00000 0.02439 0.07317 0.02439 0.00000 0.00000 0.02439
GNM14748                       0.04878 0.14634 0.04878 0.02439 0.00000 0.04878 0.07317 0.02439 0.02439 0.07317 0.14634 0.17073 0.02439 0.00000 0.02439 0.09756 0.02439 0.00000 0.00000 0.00000
GNM14246                       0.07317 0.19512 0.04878 0.02439 0.00000 0.02439 0.12195 0.00000 0.02439 0.09756 0.12195 0.09756 0.00000 0.00000 0.02439 0.00000 0.04878 0.00000 0.00000 0.09756
GNM14640                       0.07317 0.14634 0.02439 0.02439 0.00000 0.02439 0.19512 0.00000 0.00000 0.09756 0.14634 0.09756 0.00000 0.00000 0.02439 0.02439 0.07317 0.00000 0.00000 0.04878
GNM14965                       0.07317 0.12195 0.04878 0.12195 0.00000 0.02439 0.04878 0.02439 0.00000 0.12195 0.14634 0.09756 0.02439 0.00000 0.02439 0.02439 0.07317 0.02439 0.00000 0.00000
GNM14339                       0.09756 0.17073 0.07317 0.04878 0.00000 0.00000 0.12195 0.02439 0.00000 0.14634 0.14634 0.04878 0.00000 0.00000 0.00000 0.04878 0.07317 0.00000 0.00000 0.00000
GNM14593                       0.04878 0.12195 0.02439 0.04878 0.00000 0.00000 0.14634 0.02439 0.00000 0.12195 0.26829 0.09756 0.00000 0.00000 0.02439 0.02439 0.04878 0.00000 0.00000 0.00000
GNM13825                       0.02439 0.21951 0.07317 0.00000 0.00000 0.02439 0.14634 0.00000 0.00000 0.07317 0.19512 0.04878 0.02439 0.00000 0.02439 0.02439 0.04878 0.00000 0.00000 0.07317
GNM14768                       0.09756 0.21951 0.02439 0.02439 0.00000 0.02439 0.14634 0.00000 0.00000 0.12195 0.19512 0.02439 0.04878 0.00000 0.00000 0.02439 0.04878 0.00000 0.00000 0.00000
GNM14776                       0.09756 0.21951 0.02439 0.02439 0.00000 0.02439 0.14634 0.00000 0.00000 0.12195 0.19512 0.02439 0.02439 0.00000 0.00000 0.02439 0.04878 0.00000 0.00000 0.02439
GNM14715                       0.02439 0.12195 0.02439 0.09756 0.00000 0.02439 0.04878 0.02439 0.02439 0.09756 0.12195 0.14634 0.02439 0.02439 0.00000 0.07317 0.04878 0.00000 0.00000 0.07317
GNM14639                       0.04878 0.14634 0.02439 0.02439 0.00000 0.00000 0.14634 0.02439 0.02439 0.14634 0.12195 0.14634 0.00000 0.00000 0.00000 0.07317 0.04878 0.00000 0.02439 0.00000
GNM13795                       0.04878 0.14634 0.04878 0.02439 0.00000 0.02439 0.09756 0.02439 0.02439 0.07317 0.14634 0.17073 0.02439 0.00000 0.02439 0.07317 0.04878 0.00000 0.00000 0.00000
GNM14166                       0.02439 0.17073 0.02439 0.09756 0.00000 0.02439 0.04878 0.04878 0.00000 0.02439 0.19512 0.14634 0.00000 0.00000 0.02439 0.04878 0.07317 0.00000 0.00000 0.04878
GNM13993                       0.02439 0.04878 0.07317 0.00000 0.00000 0.07317 0.14634 0.02439 0.02439 0.09756 0.14634 0.17073 0.00000 0.00000 0.02439 0.04878 0.02439 0.00000 0.00000 0.07317
GNM14450                       0.02439 0.19512 0.00000 0.09756 0.00000 0.00000 0.04878 0.12195 0.00000 0.07317 0.17073 0.12195 0.00000 0.00000 0.00000 0.04878 0.02439 0.00000 0.02439 0.04878
GNM13515                       0.02439 0.14634 0.02439 0.04878 0.00000 0.02439 0.12195 0.02439 0.00000 0.07317 0.17073 0.14634 0.02439 0.00000 0.02439 0.07317 0.04878 0.00000 0.00000 0.02439
GNM14959                       0.09756 0.17073 0.09756 0.07317 0.00000 0.02439 0.07317 0.02439 0.00000 0.07317 0.19512 0.04878 0.02439 0.00000 0.02439 0.00000 0.02439 0.00000 0.00000 0.04878
GNM13413                       0.04878 0.19512 0.07317 0.02439 0.00000 0.00000 0.12195 0.00000 0.00000 0.07317 0.19512 0.09756 0.02439 0.00000 0.00000 0.00000 0.07317 0.00000 0.00000 0.07317
GNM15005                       0.04878 0.14634 0.07317 0.07317 0.00000 0.02439 0.04878 0.02439 0.02439 0.09756 0.14634 0.17073 0.00000 0.02439 0.02439 0.02439 0.02439 0.00000 0.02439 0.00000
GNM14994                       0.04878 0.17073 0.04878 0.07317 0.00000 0.00000 0.04878 0.02439 0.02439 0.07317 0.17073 0.14634 0.02439 0.00000 0.02439 0.07317 0.04878 0.00000 0.00000 0.00000
GNM15013                       0.04878 0.14634 0.07317 0.04878 0.00000 0.02439 0.07317 0.02439 0.02439 0.09756 0.14634 0.17073 0.00000 0.02439 0.02439 0.02439 0.02439 0.00000 0.02439 0.00000
GNM15014                       0.04878 0.14634 0.04878 0.07317 0.00000 0.04878 0.07317 0.02439 0.00000 0.04878 0.17073 0.17073 0.02439 0.02439 0.02439 0.02439 0.04878 0.00000 0.00000 0.00000
GNM14976                       0.04878 0.14634 0.07317 0.07317 0.00000 0.02439 0.04878 0.02439 0.02439 0.09756 0.14634 0.17073 0.00000 0.02439 0.02439 0.02439 0.02439 0.00000 0.02439 0.00000
GNM14995                       0.02439 0.21951 0.07317 0.07317 0.00000 0.04878 0.04878 0.02439 0.00000 0.04878 0.19512 0.09756 0.02439 0.00000 0.02439 0.02439 0.07317 0.00000 0.00000 0.00000
GNM15018                       0.04878 0.14634 0.02439 0.04878 0.00000 0.02439 0.09756 0.02439 0.02439 0.04878 0.14634 0.17073 0.02439 0.00000 0.02439 0.09756 0.04878 0.00000 0.00000 0.00000
GNM15025                       0.02439 0.12195 0.04878 0.07317 0.00000 0.02439 0.12195 0.04878 0.00000 0.07317 0.14634 0.19512 0.02439 0.00000 0.00000 0.07317 0.02439 0.00000 0.00000 0.00000
GNM14980                       0.04878 0.14634 0.02439 0.04878 0.00000 0.02439 0.09756 0.02439 0.02439 0.04878 0.14634 0.17073 0.02439 0.00000 0.02439 0.09756 0.04878 0.00000 0.00000 0.00000
GNM15000                       0.04878 0.14634 0.02439 0.04878 0.00000 0.02439 0.09756 0.02439 0.02439 0.04878 0.14634 0.17073 0.02439 0.00000 0.02439 0.09756 0.04878 0.00000 0.00000 0.00000
GNM15026                       0.02439 0.17073 0.04878 0.04878 0.00000 0.04878 0.09756 0.02439 0.00000 0.04878 0.14634 0.17073 0.04878 0.00000 0.00000 0.04878 0.04878 0.00000 0.02439 0.00000
GNM15001                       0.04878 0.14634 0.02439 0.04878 0.00000 0.02439 0.09756 0.02439 0.02439 0.07317 0.14634 0.17073 0.02439 0.00000 0.02439 0.09756 0.02439 0.00000 0.00000 0.00000
GNM11003                       0.07317 0.07317 0.07317 0.07317 0.00000 0.00000 0.07317 0.00000 0.00000 0.12195 0.14634 0.17073 0.00000 0.00000 0.00000 0.04878 0.04878 0.00000 0.07317 0.02439
GNM11023                       0.04878 0.19512 0.04878 0.00000 0.00000 0.00000 0.19512 0.04878 0.00000 0.04878 0.21951 0.04878 0.02439 0.00000 0.02439 0.00000 0.04878 0.00000 0.00000 0.04878
GNM11055                       0.04878 0.14634 0.04878 0.02439 0.02439 0.00000 0.17073 0.02439 0.00000 0.07317 0.24390 0.12195 0.02439 0.00000 0.02439 0.00000 0.00000 0.00000 0.00000 0.02439
GNM11146                       0.02439 0.21951 0.04878 0.04878 0.00000 0.00000 0.14634 0.02439 0.02439 0.09756 0.19512 0.00000 0.02439 0.00000 0.02439 0.02439 0.02439 0.00000 0.02439 0.04878
GNM11219                       0.02439 0.29268 0.02439 0.02439 0.00000 0.00000 0.17073 0.02439 0.00000 0.09756 0.12195 0.02439 0.04878 0.00000 0.02439 0.02439 0.07317 0.00000 0.00000 0.02439
GNM11220                       0.04878 0.26829 0.02439 0.00000 0.00000 0.02439 0.17073 0.00000 0.00000 0.14634 0.09756 0.02439 0.04878 0.00000 0.00000 0.00000 0.04878 0.00000 0.02439 0.07317
GNM11222                       0.07317 0.14634 0.02439 0.00000 0.00000 0.02439 0.19512 0.00000 0.00000 0.04878 0.17073 0.12195 0.02439 0.00000 0.02439 0.07317 0.02439 0.00000 0.00000 0.04878
GNM11223                       0.07317 0.19512 0.07317 0.02439 0.00000 0.00000 0.17073 0.00000 0.00000 0.12195 0.12195 0.07317 0.00000 0.00000 0.02439 0.02439 0.04878 0.00000 0.00000 0.04878
GNM11224                       0.07317 0.21951 0.07317 0.02439 0.00000 0.00000 0.17073 0.00000 0.00000 0.14634 0.12195 0.04878 0.00000 0.00000 0.02439 0.02439 0.04878 0.00000 0.00000 0.02439
GNM11358                       0.07317 0.12195 0.02439 0.12195 0.00000 0.02439 0.04878 0.02439 0.00000 0.07317 0.17073 0.17073 0.02439 0.00000 0.00000 0.02439 0.02439 0.02439 0.00000 0.04878
GNM11360                       0.04878 0.14634 0.02439 0.04878 0.00000 0.02439 0.09756 0.02439 0.02439 0.04878 0.12195 0.17073 0.04878 0.00000 0.02439 0.07317 0.04878 0.00000 0.00000 0.02439
GNM11362                       0.07317 0.09756 0.00000 0.07317 0.00000 0.00000 0.09756 0.04878 0.00000 0.09756 0.14634 0.17073 0.04878 0.00000 0.00000 0.07317 0.02439 0.00000 0.02439 0.02439
GNM11367                       0.02439 0.14634 0.02439 0.04878 0.00000 0.02439 0.09756 0.02439 0.00000 0.04878 0.12195 0.21951 0.04878 0.00000 0.00000 0.02439 0.07317 0.00000 0.00000 0.07317
GNM11377                       0.09756 0.12195 0.02439 0.07317 0.00000 0.02439 0.07317 0.02439 0.02439 0.07317 0.14634 0.12195 0.04878 0.00000 0.00000 0.04878 0.04878 0.00000 0.02439 0.02439
GNM11380                       0.02439 0.17073 0.02439 0.09756 0.00000 0.02439 0.04878 0.04878 0.00000 0.02439 0.19512 0.14634 0.00000 0.00000 0.02439 0.04878 0.07317 0.00000 0.00000 0.04878
GNM11383                       0.04878 0.19512 0.02439 0.02439 0.00000 0.02439 0.12195 0.02439 0.00000 0.09756 0.14634 0.12195 0.02439 0.00000 0.00000 0.09756 0.02439 0.00000 0.00000 0.02439
GNM11491                       0.09756 0.24390 0.02439 0.09756 0.00000 0.04878 0.02439 0.04878 0.00000 0.07317 0.12195 0.07317 0.04878 0.00000 0.02439 0.04878 0.02439 0.00000 0.00000 0.00000
GNM11804                       0.07317 0.14634 0.02439 0.02439 0.00000 0.02439 0.19512 0.00000 0.00000 0.07317 0.21951 0.14634 0.02439 0.00000 0.02439 0.00000 0.00000 0.00000 0.00000 0.02439
GNM11805                       0.07317 0.04878 0.02439 0.00000 0.00000 0.02439 0.17073 0.02439 0.02439 0.09756 0.12195 0.14634 0.04878 0.00000 0.04878 0.07317 0.04878 0.00000 0.00000 0.02439
GNM12883                       0.14634 0.09756 0.04878 0.09756 0.00000 0.02439 0.04878 0.00000 0.02439 0.04878 0.17073 0.14634 0.04878 0.02439 0.00000 0.00000 0.04878 0.02439 0.00000 0.00000
GNM12886                       0.09756 0.09756 0.02439 0.09756 0.00000 0.04878 0.04878 0.02439 0.00000 0.04878 0.17073 0.19512 0.02439 0.02439 0.00000 0.00000 0.07317 0.02439 0.00000 0.00000
GNM13060                       0.04878 0.17073 0.07317 0.00000 0.00000 0.00000 0.14634 0.04878 0.00000 0.07317 0.17073 0.09756 0.04878 0.00000 0.00000 0.07317 0.02439 0.00000 0.00000 0.02439
GNM13061                       0.02439 0.19512 0.02439 0.02439 0.00000 0.02439 0.17073 0.04878 0.00000 0.04878 0.17073 0.09756 0.02439 0.00000 0.00000 0.07317 0.02439 0.00000 0.00000 0.04878
GNM13062                       0.02439 0.17073 0.02439 0.09756 0.00000 0.02439 0.04878 0.04878 0.02439 0.02439 0.14634 0.09756 0.04878 0.02439 0.00000 0.04878 0.02439 0.00000 0.00000 0.12195
GNM13064                       0.02439 0.04878 0.07317 0.02439 0.00000 0.07317 0.12195 0.02439 0.02439 0.09756 0.14634 0.17073 0.00000 0.00000 0.02439 0.04878 0.02439 0.00000 0.00000 0.07317
GNM13066                       0.02439 0.02439 0.04878 0.04878 0.00000 0.07317 0.12195 0.02439 0.02439 0.04878 0.14634 0.17073 0.00000 0.00000 0.02439 0.04878 0.04878 0.00000 0.00000 0.12195
GNM11032                       0.07317 0.24390 0.04878 0.02439 0.00000 0.00000 0.17073 0.04878 0.00000 0.09756 0.14634 0.00000 0.00000 0.00000 0.00000 0.00000 0.09756 0.00000 0.00000 0.04878
GNM11363                       0.07317 0.09756 0.00000 0.07317 0.00000 0.00000 0.09756 0.04878 0.00000 0.09756 0.14634 0.17073 0.04878 0.00000 0.00000 0.07317 0.02439 0.00000 0.02439 0.02439
GNM11375                       0.04878 0.14634 0.02439 0.04878 0.00000 0.02439 0.09756 0.02439 0.02439 0.07317 0.14634 0.17073 0.02439 0.00000 0.02439 0.07317 0.04878 0.00000 0.00000 0.00000
GNM11381                       0.07317 0.19512 0.02439 0.02439 0.00000 0.02439 0.12195 0.02439 0.00000 0.04878 0.14634 0.12195 0.04878 0.00000 0.00000 0.07317 0.02439 0.00000 0.00000 0.04878
GNM11382                       0.07317 0.14634 0.02439 0.02439 0.00000 0.04878 0.12195 0.02439 0.00000 0.09756 0.09756 0.17073 0.02439 0.00000 0.00000 0.07317 0.02439 0.00000 0.02439 0.02439
GNM11841                       0.12195 0.12195 0.04878 0.04878 0.00000 0.02439 0.17073 0.04878 0.00000 0.09756 0.12195 0.09756 0.00000 0.00000 0.04878 0.00000 0.04878 0.00000 0.00000 0.00000
GNM11931                       0.07317 0.14634 0.04878 0.02439 0.00000 0.02439 0.19512 0.02439 0.00000 0.07317 0.12195 0.07317 0.00000 0.00000 0.04878 0.04878 0.07317 0.00000 0.00000 0.02439
GNM12040                       0.09756 0.09756 0.04878 0.00000 0.00000 0.04878 0.19512 0.04878 0.02439 0.07317 0.12195 0.07317 0.00000 0.00000 0.04878 0.02439 0.07317 0.00000 0.00000 0.02439
GNM12071                       0.07317 0.07317 0.02439 0.00000 0.00000 0.04878 0.21951 0.02439 0.00000 0.07317 0.09756 0.12195 0.02439 0.00000 0.04878 0.04878 0.07317 0.00000 0.00000 0.04878
GNM12125                       0.07317 0.14634 0.02439 0.00000 0.00000 0.02439 0.17073 0.02439 0.00000 0.09756 0.17073 0.12195 0.02439 0.00000 0.02439 0.00000 0.04878 0.00000 0.00000 0.04878
GNM12126                       0.04878 0.14634 0.07317 0.02439 0.00000 0.02439 0.14634 0.00000 0.00000 0.17073 0.12195 0.12195 0.00000 0.00000 0.02439 0.02439 0.07317 0.00000 0.00000 0.00000
GNM12128                       0.04878 0.17073 0.09756 0.02439 0.00000 0.00000 0.09756 0.00000 0.00000 0.14634 0.19512 0.04878 0.02439 0.00000 0.00000 0.00000 0.04878 0.00000 0.00000 0.09756
GNM12182                       0.04878 0.12195 0.04878 0.07317 0.00000 0.00000 0.09756 0.00000 0.00000 0.14634 0.14634 0.17073 0.00000 0.00000 0.00000 0.07317 0.04878 0.00000 0.02439 0.00000
GNM12342                       0.02439 0.17073 0.04878 0.00000 0.00000 0.00000 0.19512 0.02439 0.00000 0.09756 0.14634 0.09756 0.04878 0.00000 0.04878 0.02439 0.04878 0.00000 0.00000 0.02439
GNM12346                       0.02439 0.14634 0.04878 0.07317 0.00000 0.07317 0.09756 0.02439 0.02439 0.09756 0.17073 0.12195 0.00000 0.00000 0.04878 0.00000 0.04878 0.00000 0.00000 0.00000
GNM12351                       0.02439 0.17073 0.02439 0.04878 0.00000 0.02439 0.17073 0.04878 0.04878 0.09756 0.07317 0.07317 0.00000 0.00000 0.04878 0.02439 0.04878 0.00000 0.00000 0.07317
GNM12356                       0.02439 0.04878 0.09756 0.02439 0.00000 0.00000 0.14634 0.02439 0.00000 0.07317 0.09756 0.19512 0.04878 0.00000 0.04878 0.04878 0.04878 0.00000 0.00000 0.07317
GNM12357                       0.04878 0.07317 0.04878 0.00000 0.00000 0.00000 0.17073 0.07317 0.00000 0.14634 0.07317 0.14634 0.07317 0.00000 0.04878 0.04878 0.04878 0.00000 0.00000 0.00000
GNM12366                       0.04878 0.04878 0.07317 0.02439 0.00000 0.00000 0.17073 0.04878 0.00000 0.17073 0.07317 0.17073 0.04878 0.00000 0.04878 0.02439 0.04878 0.00000 0.00000 0.00000
GNM12373                       0.04878 0.09756 0.07317 0.00000 0.00000 0.07317 0.17073 0.02439 0.00000 0.12195 0.07317 0.12195 0.00000 0.00000 0.04878 0.00000 0.07317 0.00000 0.02439 0.04878
GNM12385                       0.04878 0.17073 0.04878 0.00000 0.00000 0.09756 0.19512 0.02439 0.00000 0.09756 0.12195 0.02439 0.00000 0.00000 0.02439 0.02439 0.09756 0.00000 0.00000 0.02439
GNM12551                       0.04878 0.14634 0.04878 0.02439 0.00000 0.00000 0.21951 0.02439 0.00000 0.07317 0.12195 0.14634 0.02439 0.00000 0.04878 0.00000 0.04878 0.00000 0.00000 0.02439
GNM12554                       0.02439 0.14634 0.04878 0.00000 0.00000 0.07317 0.14634 0.04878 0.04878 0.04878 0.12195 0.04878 0.07317 0.00000 0.02439 0.00000 0.07317 0.00000 0.02439 0.04878
GNM12592                       0.02439 0.21951 0.00000 0.00000 0.00000 0.02439 0.26829 0.02439 0.00000 0.09756 0.09756 0.07317 0.02439 0.00000 0.04878 0.00000 0.04878 0.00000 0.00000 0.04878
GNM12596                       0.04878 0.17073 0.09756 0.02439 0.00000 0.02439 0.21951 0.04878 0.02439 0.12195 0.07317 0.02439 0.00000 0.00000 0.04878 0.00000 0.04878 0.00000 0.00000 0.02439
GNM12602                       0.04878 0.17073 0.07317 0.02439 0.00000 0.02439 0.21951 0.04878 0.02439 0.12195 0.07317 0.02439 0.00000 0.00000 0.04878 0.02439 0.04878 0.00000 0.00000 0.02439
GNM12665                       0.04878 0.17073 0.07317 0.04878 0.00000 0.02439 0.19512 0.04878 0.02439 0.12195 0.07317 0.04878 0.00000 0.00000 0.04878 0.00000 0.04878 0.00000 0.00000 0.02439
GNM12745                       0.04878 0.07317 0.04878 0.07317 0.00000 0.00000 0.12195 0.02439 0.02439 0.07317 0.12195 0.07317 0.02439 0.00000 0.02439 0.02439 0.12195 0.00000 0.02439 0.09756
GNM12749                       0.04878 0.17073 0.04878 0.02439 0.00000 0.07317 0.14634 0.02439 0.02439 0.09756 0.07317 0.04878 0.04878 0.00000 0.00000 0.00000 0.07317 0.00000 0.02439 0.07317
GNM12758                       0.07317 0.12195 0.04878 0.02439 0.00000 0.02439 0.17073 0.02439 0.02439 0.09756 0.09756 0.09756 0.04878 0.00000 0.02439 0.00000 0.04878 0.00000 0.04878 0.02439
GNM12763                       0.04878 0.14634 0.04878 0.02439 0.00000 0.00000 0.21951 0.02439 0.00000 0.09756 0.12195 0.09756 0.02439 0.00000 0.04878 0.02439 0.04878 0.00000 0.02439 0.00000
GNM12766                       0.02439 0.07317 0.07317 0.00000 0.00000 0.00000 0.19512 0.02439 0.00000 0.07317 0.14634 0.17073 0.04878 0.00000 0.04878 0.02439 0.04878 0.00000 0.00000 0.04878
GNM12841                       0.04878 0.12195 0.04878 0.00000 0.00000 0.04878 0.24390 0.04878 0.00000 0.07317 0.12195 0.07317 0.00000 0.00000 0.04878 0.00000 0.07317 0.00000 0.00000 0.04878
GNM12849                       0.04878 0.14634 0.02439 0.04878 0.00000 0.02439 0.09756 0.02439 0.02439 0.04878 0.12195 0.17073 0.04878 0.00000 0.02439 0.07317 0.04878 0.00000 0.00000 0.02439
GNM12869                       0.02439 0.14634 0.02439 0.04878 0.00000 0.02439 0.09756 0.04878 0.02439 0.07317 0.14634 0.17073 0.02439 0.00000 0.02439 0.09756 0.02439 0.00000 0.00000 0.00000
GNM12896                       0.02439 0.17073 0.02439 0.09756 0.00000 0.02439 0.07317 0.02439 0.00000 0.02439 0.21951 0.14634 0.00000 0.00000 0.02439 0.02439 0.07317 0.00000 0.00000 0.04878
GNM12897                       0.04878 0.17073 0.02439 0.09756 0.00000 0.02439 0.04878 0.02439 0.00000 0.02439 0.19512 0.14634 0.00000 0.00000 0.02439 0.04878 0.07317 0.00000 0.00000 0.04878
GNM12902                       0.02439 0.14634 0.02439 0.00000 0.00000 0.02439 0.17073 0.02439 0.00000 0.04878 0.14634 0.07317 0.04878 0.00000 0.04878 0.14634 0.02439 0.00000 0.00000 0.04878
GNM12903                       0.04878 0.24390 0.02439 0.00000 0.00000 0.04878 0.19512 0.02439 0.00000 0.12195 0.14634 0.02439 0.00000 0.00000 0.02439 0.00000 0.02439 0.00000 0.00000 0.07317
GNM12906                       0.07317 0.19512 0.07317 0.00000 0.00000 0.09756 0.14634 0.02439 0.00000 0.09756 0.14634 0.02439 0.00000 0.00000 0.02439 0.00000 0.02439 0.00000 0.00000 0.07317
GNM12907                       0.04878 0.21951 0.02439 0.00000 0.00000 0.07317 0.17073 0.02439 0.00000 0.09756 0.14634 0.04878 0.02439 0.00000 0.02439 0.00000 0.02439 0.00000 0.00000 0.07317
GNM12909                       0.07317 0.17073 0.04878 0.00000 0.00000 0.02439 0.19512 0.02439 0.00000 0.12195 0.14634 0.07317 0.00000 0.00000 0.02439 0.00000 0.02439 0.00000 0.00000 0.07317
GNM12915                       0.07317 0.19512 0.04878 0.04878 0.00000 0.02439 0.14634 0.00000 0.00000 0.12195 0.17073 0.07317 0.02439 0.00000 0.02439 0.00000 0.02439 0.00000 0.00000 0.02439
GNM10046                       0.07317 0.17073 0.04878 0.04878 0.00000 0.02439 0.14634 0.00000 0.00000 0.12195 0.17073 0.09756 0.02439 0.00000 0.02439 0.00000 0.02439 0.00000 0.00000 0.02439
GNM12918                       0.07317 0.17073 0.04878 0.04878 0.00000 0.02439 0.14634 0.00000 0.00000 0.12195 0.17073 0.09756 0.02439 0.00000 0.02439 0.00000 0.02439 0.00000 0.00000 0.02439
GNM12931                       0.04878 0.24390 0.07317 0.02439 0.00000 0.00000 0.12195 0.00000 0.00000 0.14634 0.19512 0.04878 0.02439 0.00000 0.00000 0.00000 0.07317 0.00000 0.00000 0.00000
GNM12938                       0.04878 0.09756 0.07317 0.02439 0.00000 0.04878 0.09756 0.02439 0.00000 0.09756 0.19512 0.14634 0.02439 0.00000 0.00000 0.02439 0.07317 0.00000 0.00000 0.02439
GNM12996                       0.04878 0.12195 0.04878 0.04878 0.00000 0.00000 0.09756 0.02439 0.00000 0.09756 0.19512 0.12195 0.02439 0.00000 0.00000 0.04878 0.07317 0.00000 0.00000 0.04878
GNM13018                       0.04878 0.09756 0.04878 0.07317 0.00000 0.00000 0.07317 0.02439 0.00000 0.09756 0.24390 0.14634 0.00000 0.00000 0.00000 0.04878 0.07317 0.00000 0.00000 0.02439
GNM13027                       0.04878 0.09756 0.07317 0.04878 0.00000 0.07317 0.04878 0.02439 0.00000 0.09756 0.24390 0.14634 0.00000 0.00000 0.00000 0.04878 0.04878 0.00000 0.00000 0.00000
GNM13046                       0.02439 0.17073 0.04878 0.09756 0.00000 0.04878 0.04878 0.02439 0.02439 0.07317 0.17073 0.12195 0.02439 0.00000 0.02439 0.04878 0.04878 0.00000 0.00000 0.00000
GNM13053                       0.04878 0.12195 0.07317 0.02439 0.00000 0.02439 0.09756 0.04878 0.00000 0.07317 0.12195 0.09756 0.02439 0.00000 0.00000 0.12195 0.02439 0.00000 0.00000 0.09756
GNM13074                       0.04878 0.19512 0.04878 0.02439 0.00000 0.02439 0.19512 0.00000 0.00000 0.12195 0.17073 0.07317 0.02439 0.00000 0.02439 0.00000 0.02439 0.00000 0.00000 0.02439
GNM10010                       0.04878 0.17073 0.04878 0.04878 0.00000 0.02439 0.17073 0.00000 0.00000 0.12195 0.14634 0.09756 0.02439 0.00000 0.02439 0.00000 0.04878 0.00000 0.00000 0.02439
GNM10014                       0.04878 0.19512 0.04878 0.04878 0.00000 0.00000 0.17073 0.00000 0.00000 0.12195 0.14634 0.09756 0.04878 0.00000 0.02439 0.00000 0.02439 0.00000 0.00000 0.02439
GNM13090                       0.04878 0.17073 0.04878 0.04878 0.00000 0.00000 0.17073 0.00000 0.00000 0.14634 0.14634 0.12195 0.02439 0.00000 0.02439 0.00000 0.02439 0.00000 0.00000 0.02439
GNM13118                       0.07317 0.17073 0.04878 0.00000 0.00000 0.04878 0.19512 0.02439 0.00000 0.12195 0.14634 0.09756 0.00000 0.00000 0.00000 0.02439 0.02439 0.00000 0.00000 0.02439
GNM13128                       0.02439 0.17073 0.02439 0.00000 0.00000 0.07317 0.14634 0.02439 0.02439 0.04878 0.14634 0.07317 0.00000 0.00000 0.04878 0.09756 0.04878 0.00000 0.00000 0.04878
GNM13208                       0.07317 0.19512 0.02439 0.02439 0.00000 0.04878 0.14634 0.02439 0.00000 0.14634 0.14634 0.04878 0.00000 0.00000 0.00000 0.02439 0.02439 0.00000 0.04878 0.02439
GNM13210                       0.04878 0.21951 0.07317 0.02439 0.00000 0.00000 0.12195 0.00000 0.00000 0.07317 0.19512 0.04878 0.02439 0.00000 0.00000 0.00000 0.07317 0.00000 0.00000 0.09756
GNM12773                       0.04878 0.12195 0.04878 0.02439 0.00000 0.02439 0.14634 0.02439 0.00000 0.09756 0.17073 0.14634 0.00000 0.00000 0.02439 0.02439 0.04878 0.00000 0.00000 0.04878
GNM12769                       0.04878 0.19512 0.04878 0.02439 0.00000 0.00000 0.19512 0.00000 0.00000 0.12195 0.12195 0.04878 0.00000 0.00000 0.02439 0.02439 0.07317 0.00000 0.00000 0.07317
GNM12768                       0.04878 0.17073 0.07317 0.02439 0.00000 0.07317 0.14634 0.00000 0.00000 0.12195 0.14634 0.02439 0.00000 0.04878 0.04878 0.00000 0.04878 0.00000 0.00000 0.02439

Homogeneity statistic: X2 = 54.30376 G = 50.63809 

Average                        0.05379 0.15076 0.04317 0.04064 0.00017 0.02614 0.12934 0.02496 0.00793 0.08567 0.14806 0.11889 0.02277 0.00219 0.02024 0.03727 0.04755 0.00101 0.00506 0.03440
(Ambiguity characters are used to calculate freqs.)


# constant sites:      0 (0.00%)

TREE #  1:  ((((((((44, 142), 128), (58, 92)), 93), 94), (((130, 131), (95, 57)), (129, 132))), ((((((122, 121), 124), 123), 141), (60, 43)), 139)), ((((((((((((((((((45, (47, 21)), 49), 48), (52, 55)), 50), 26), (((69, 20), (23, 22)), 42)), ((((((((54, 53), 51), 56), 117), (18, 6)), (((46, (27, 38)), (7, 5)), (85, 19))), ((10, 67), 116)), 73)), 133), (((86, 72), 17), 87)), (((118, 71), 119), 39)), (((((77, 4), 76), (70, 12)), 30), (13, 66))), 41), (84, 68)), ((((40, 81), 82), (14, 134)), ((36, 80), 11))), ((((1, 78), 79), (8, 2)), 37)), ((((34, 35), 32), 3), (33, (31, 83)))), (((((((25, 29), 28), (143, 24)), (64, 65)), 61), ((144, 63), 145)), ((16, 15), 62))), (((((((((((109, 107), 108), 98), 106), 97), (((105, 103), 111), 102)), ((((90, 9), 91), (88, 115)), 89)), (59, 74)), (140, (75, 120))), ((((((101, 100), 99), 114), 96), ((110, 112), 113)), 104)), ((((136, 137), 138), 135), ((127, 125), 126))));   MP score: -1
lnL(ntime:287  np:288):  -5257.950470      +0.000000
 146..147 147..148 148..149 149..150 150..151 151..152 152..153 153..44  153..142 152..128 151..154 154..58  154..92  150..93  149..94  148..155 155..156 156..157 157..130 157..131 156..158 158..95  158..57  155..159 159..129 159..132 147..160 160..161 161..162 162..163 163..164 164..165 165..122 165..121 164..124 163..123 162..141 161..166 166..60  166..43  160..139 146..167 167..168 168..169 169..170 170..171 171..172 172..173 173..174 174..175 175..176 176..177 177..178 178..179 179..180 180..181 181..182 182..183 183..184 184..45  184..185 185..47  185..21  183..49  182..48  181..186 186..52  186..55  180..50  179..26  178..187 187..188 188..189 189..69  189..20  188..190 190..23  190..22  187..42  177..191 191..192 192..193 193..194 194..195 195..196 196..197 197..198 198..54  198..53  197..51  196..56  195..117 194..199 199..18  199..6   193..200 200..201 201..202 202..46  202..203 203..27  203..38  201..204 204..7   204..5   200..205 205..85  205..19  192..206 206..207 207..10  207..67  206..116 191..73  176..133 175..208 208..209 209..210 210..86  210..72  209..17  208..87  174..211 211..212 212..213 213..118 213..71  212..119 211..39  173..214 214..215 215..216 216..217 217..218 218..77  218..4   217..76  216..219 219..70  219..12  215..30  214..220 220..13  220..66  172..41  171..221 221..84  221..68  170..222 222..223 223..224 224..225 225..40  225..81  224..82  223..226 226..14  226..134 222..227 227..228 228..36  228..80  227..11  169..229 229..230 230..231 231..232 232..1   232..78  231..79  230..233 233..8   233..2   229..37  168..234 234..235 235..236 236..237 237..34  237..35  236..32  235..3   234..238 238..33  238..239 239..31  239..83  167..240 240..241 241..242 242..243 243..244 244..245 245..246 246..25  246..29  245..28  244..247 247..143 247..24  243..248 248..64  248..65  242..61  241..249 249..250 250..144 250..63  249..145 240..251 251..252 252..16  252..15  251..62  146..253 253..254 254..255 255..256 256..257 257..258 258..259 259..260 260..261 261..262 262..263 263..109 263..107 262..108 261..98  260..106 259..97  258..264 264..265 265..266 266..105 266..103 265..111 264..102 257..267 267..268 268..269 269..270 270..90  270..9   269..91  268..271 271..88  271..115 267..89  256..272 272..59  272..74  255..273 273..140 273..274 274..75  274..120 254..275 275..276 276..277 277..278 278..279 279..280 280..101 280..100 279..99  278..114 277..96  276..281 281..282 282..110 282..112 281..113 275..104 253..283 283..284 284..285 285..286 286..136 286..137 285..138 284..135 283..287 287..288 288..127 288..125 287..126
 0.000000 0.000000 0.000000 0.000000 0.000000 0.188254 0.057896 0.027461 0.074737 0.039672 0.102447 0.477469 0.208527 0.337766 0.445576 0.327062 0.058764 0.155103 0.125872 0.000000 0.054100 0.239924 0.228239 0.000000 0.299527 0.256649 0.060917 0.205101 0.022529 0.113569 0.000000 0.000000 0.047686 0.101070 0.119832 0.046483 0.094284 0.113849 0.175971 0.298391 0.338682 0.039868 0.037109 0.372297 0.106664 0.261518 0.000000 0.000000 0.274300 0.000000 0.062692 0.093653 0.053485 0.143790 0.029753 0.000000 0.111273 0.153776 0.000000 0.000000 0.023596 0.000000 0.000000 0.000000 0.059868 0.126698 0.197582 0.027053 0.284441 0.119118 0.078231 0.250836 0.046603 0.000000 0.000000 0.000000 0.000000 0.000000 0.199838 0.030010 0.170758 0.022519 0.046356 0.000000 0.000000 0.022603 0.000000 0.000000 0.000000 0.000000 0.000000 0.022647 0.000000 0.045650 0.000000 0.000000 0.015794 0.077665 0.144956 0.000000 0.044534 0.000000 0.000000 0.030919 0.049879 0.022246 0.000000 0.000000 0.023097 0.000000 0.000000 0.000000 0.000000 0.180215 0.106990 0.237023 0.000000 0.115374 0.000000 0.068995 0.129823 0.204504 0.142430 0.000000 0.000000 0.053997 0.000000 0.024486 0.000000 0.189834 0.114120 0.005710 0.097504 0.046759 0.103112 0.023776 0.128764 0.293639 0.023956 0.020650 0.107626 0.187955 0.099430 0.000000 0.495737 0.177158 0.000000 0.000000 0.020214 0.000000 0.667657 0.034067 0.021956 0.000000 0.132276 0.023738 0.325182 0.252103 0.330274 0.117857 0.062409 0.116832 0.050277 0.024934 0.068421 0.136659 0.033944 0.159222 0.106141 0.185025 0.435750 0.000000 0.000000 0.540926 0.192831 0.000000 0.293710 0.142306 0.000000 0.023333 0.282013 0.841086 0.000000 0.335034 0.193807 0.279373 0.145078 0.214814 0.000000 0.000000 0.077834 0.034041 0.073476 0.146384 0.306437 0.124239 0.174045 0.163974 0.215395 0.161304 0.184643 0.022520 0.068170 0.316213 0.000000 0.032751 0.279160 0.412912 0.892922 0.004725 0.388356 0.000000 0.000000 0.240870 0.046079 0.211225 0.000000 0.045147 0.103632 0.074223 0.000000 0.000000 0.147723 0.092752 0.022452 0.045151 0.000000 0.000000 0.256914 0.161987 0.512794 0.391981 0.154570 0.000000 0.288161 0.241895 0.135381 0.138603 0.269994 0.000000 0.105051 0.000000 0.093185 0.099043 0.115678 0.000000 0.179896 0.195532 0.080230 0.523765 0.228865 0.238567 0.295349 0.219488 0.137036 0.194031 0.053731 0.000000 0.130639 0.116651 0.183466 0.048124 0.154028 0.090369 0.054989 0.175983 0.000000 0.000000 0.108648 0.183710 0.526954 0.013398 0.214698 0.278199 0.414389 0.000000 0.000000 0.020654 0.084642 0.016361 0.034787 0.060982 0.060994 0.000000 0.000000 0.023698 0.000000 1.350030
