
Printing out site pattern counts


       155        118  P

GNM13746                        ---------- ----AAAAAA AAADDDDDEE EEEEFFGGGG GGGGGHIIII IIIIIIIIIK KKKKKKKKKK KLLLLLLMNN PPPPQQQQRR RRRRRRRRRS SSSSSSTTVV VVVYYYYY
GNM13538                        ---------- ----AAAAAA AASDDEGS-E EEKRITGGGG GGGGSHAFII IILMMMTVVA KKKKKKNPPR TLLLLLLFNN PPPVQQQRAD DKKRRRRRRA AAEEKMAVGI RVVFLVYY
GNM13671                        ---------- ----AAAAAA LSVDNASS-E ETQK-REGGG NNRSAVILFK LVLFIMAIIT -AKKKKKEPV TIKLLPVQDN PPYVQQVRFR YERFKRRRYA AKESNLYVTI NAHRIIEY
GNM13876                        ---------- ----AAAAAS VAIDDEAS-E EEQP-KDGGG KNRGSSFAFK VLLILMVIVA -KKKKKREPV TLELLPYTDN PPRVQRSRFT HKRKKRRRFA SKSSKLLVTV NAHEFVEY
GNM13680                        -DEFHKKKPP RSTVAAAAAS AASDDEGGGD EEKKEVGGGG NGGGGHALIM IILVIMSVVT KRKKKKKESR SATLLPITDN PSPFQQRKTQ DHRRRRRRRA SQEEKLLVTV KTVQIIFY
GNM14837                        -EEFHKKKPP RSPTAAAAGA VAIDDDGSKE EEKKTHGAGG NGGGGYALIV IILTIMSVVK KRKKKKRDAS TVSLVPLVDN PPPYQQQRYR SRKRRRRRRA TTDEKLMVAI RIIWTISF
GNM14249                        -DDFHKKKPP RSPTAAAAAS VAVDDDGSKE EEKKTHGAGG NGGGGYALIV IILTIMSIVK KRKKKKREAS TVTLIPLVDN PPPFQRQRYR SRKRRRRRRA STDEKLMVAI KTIWTISY
GNM13928                        -EDFHKKKPP RSPTAAAAGA VAIDDDGSKE EEKKTHGAGG NGGGGYALIV IILTIMSVVK KRKKKKREAS TVTLVPLVDN PPPFQRQRYR SRKRRRRRRA STDEKLMVAI KTIWTISF
GNM13297                        ---------- ----AAAAAA AASDDEGS-E EEKRITGGGG GGGGSHAFII IILMMMTVVA KKKKKKNPPR TLLLLLLFNN PPPVQQQRAD DKKRRRRRRA AAEEKMAVGI RVVFLVYY
GNM14865                        ---------- ----AAAAAA ARVDDEQD-E EEDYLRNGGG SGGGGSALIK LVFTYAVVVS NRKKKKAAVI TVMLLPLQDN PPPVQQQRTR DNRRRAKRRG AKELQLLVEM RVVYMIDF
GNM13455                        -DDFHKKKPP RSPTAAAAGS VAADDDGSKE EEQKTHGAGG NGGGGYALIV IILTIMSIVK KRKKKKREAS TITLIPLIDN PPPFQRQRYR SRKRRRRRRA STDEKLMVAM KTIWTISF
GNM14938                        ---------- -----AAAA- -ACDDDAD-W EEPK--G--G GNRSGHVVFK L-LIIMSVLT -K-KKKLSP- -VELLPLVNN PPRIQRQR-N YQYFRR-RLA A-KESLLVVV -VHIIIDH
GNM14483                        ---------- ----AAAAAA AAADNEDG-E EEERVTGGGG GGGGGYAFIH ILVMMMSIVA RRKKKKRSPR TVNLLPIIDN PPPFQQQRAS DSKKRRRRRA TAALKLLVGL RVYQPIDY
GNM14872                        -DEFHKKKPP RSPVAAAAAS AASDDEGGDE EEKKVVGGGG NGGGGHALIL IILVLMAVVS KRKKKKKEHK TATFLPIIDN PSPFQQQKTQ NARRRRRRRA SQEEKLLVTL RTVDVIFY
GNM13855                        -DDFHKKRPP RNTVAAAAAC AASDDEGGAE EEKKTVGGGG NGGGGHALVL IITVIMVIVT KKKKKKKEPR TATLLPIIDN PSPFQQQKTH NNRRRRRRRA SQEERLVVTI KTVEVIFF
GNM14445                        ---------- ----AAAASS AASDDDSK-R EEKKFTGGGG SGGGGHALIR IILIFMSIVK KKKKKKREHH TVSLLPLVNN PPPFQRQRAN SAKRRRRRRA SAEEKMVVII KTIWFIDY
GNM14404                        ---------- ----AAAPAA ARVDDKED-E EQSRSRGGGG NGGGSTALIL IILMFMVVVT KEKKKKIKPI TIKMLPLKDN PPPVQQQRYN DSRRRRRRRA AWDISELVEA IVIWEIQY
GNM14545                        ---------- ----AAAPAA ARVDDKED-E EQSRSRGGGG NGGGSTALIL IILMFMVVVT KEKKKKIKPI TIKMLPLKDN PPPVQQQRYN DSRRRRRRRA AWDISELVEA IVIWEIQY
GNM14366                        -EEFHKKKPP RPTVAAAAAS VAADDDGSKE EEKKTHGAGG NGGGGHALIV IILTIMSVVK KKKKKKKTAR TANLLPLVDN PPPFQRQRYR SKKRRRRRRA STDEKLMVGI RTVWTIYF
GNM14252                        -DDFHKKKPP RSPTAAAAAS VAVDDDGSKE EEKKTHGAGG NGGGGYALIV IILTIMSVVK KRKKKKREAS TVTLIPLVDN PPPFQRQRYR SRKRRRRRRA STDEKLMVAI KTIWTISY
GNM13760                        -EELHKKKPP RSPTAAAAGA VAADDDGSKE EEKKTHGAGG NGGGGYALIV IILTIMSVVK KRKKKKREAS RVSLVPLVDN PPPFQQQRYR SRKRRRRRRA TTDEKLMVGI KIIWTISF
GNM13982                        -EDFHKKKPP RSNTAAAAAS VASDDQGSKE EEEKTHGAGG NGGGGYSLIV MILTIMSIIK KRKKKKKQAS TLALIPLIDN PPPFQRQRFR SRKRRRRRRA SSDEKLMVAI KIVWSIYY
GNM13960                        -DDFHKRKPP RSTQAASAAA VAADDDGNKE EDKKTHGAGG NGGGGYALIV IILTIMSVVK KRKKKKKSAN TIDLIPIVEN PPPFQRQRYR SSKRRRRRRA TTEEKLMVVI SIIWMVYF
GNM14633                        -EDFHKKKPP RSPTAAAAAA VASDDQGSKE EEEKTHGAGG NGGGGYALIV MILTIMSVIK KRKKKKKQAS TLALIPLIDN PPPFQRQRYR SRKRRRRRRA SSDEKMMVAM KVVWSVYY
GNM14853                        -EDFHKKKPP RSPTAAAAAA VASDDQGSKE EEEKTHGAGG NGGGGYALIV MILTIMSVIK KRKKKKKQAS TLALIPLIDN PPPFQRQRYR SRKRRRRRRA SSDEKMMVAM KVVWSVYY
GNM14174                        ---------- ----AAAAAA ARADDHKS-E EETATRGGGG MGGGGTALMK VVLMFMAVVK KRKKKKVSSI TVTMIPITDN PPPYQRQRIK DSRKNARRRA AKEEEMITEI RLLWIIEY
GNM14748                        -EDFHKKKPP RSPTAAAAAA VAVDDDGSKE EEKKTHGAGG NGGGGYALIV IILTIMSVVK KRKKKKREAS TVTLVPLVDN PPPFQQQRYR SRKRRRRRRA TTDEKLMVAI KVIWTISF
GNM14246                        ---------- ----AAAAAA ARVDDRKS-K EEKDARGGGG NGGGGTALIK IVLTLMAIIK KQKKKKIPPI TLTMIPLTDN PPPFQRQRTK DSRRRARRRA AKQDQLIVEI RIIWIIEY
GNM14640                        ---------- ----AAAAAA ARADDRNS-K EERDTRGGGG RGGSGTALIK IVLILMAIVK KRKKKKTSPI TVIMIPLVDN PPPFQRQRTK KSRRKARRHC AKDDQMIVVI RLLWLIEY
GNM14965                        -DDLHKRKPP RSTVAAAAAC AASDDEGGGQ EENKGVGGGG NGGGGHALIL IILVIMAVVS KRKKKKKEPR TAALLPIIDN PSPFQQQKTK SQRRRRRRRA SQEEKLLVTV RTVEIIFY
GNM13677                        ---------- ----AAAAAS VAIDDEAS-E EEQP-KDGGG KNRGSSFAFK VLLILMVVVA -KKKKKMEPV TLELLPYTDN PPRVQRSRFT HKRKKRRRFA SKSSKLLVTV NAHEFVEY
GNM14339                        ---------- ----AAAAAA LACDDSAS-S EDEK-RGGGG GNRSGHAMFK ILLMLMVILT -KKKKKKAPR ELLLLLLMDN PPRVQRQRIK LKRFRRRRLA AFAEKLHVAI RAHALIEF
GNM14593                        ---------- ----AAAAAA LSVDNTSS-D EEQK-QGGGG DNRSAVILFK IILFIMAIVT -AKKKKMEPI TLKLLPVQDN PPYVQQIRYK YSRFKRRRYA SRESSLCVTI NAHRIIDY
GNM13825                        ---------- ----AAAAAA LACDDDAD-W EEPK-RGGGG GNRSGHVIFK IVLIIMSVIT -KKKKKVPPV EVELLPLMNN PPRIQRQRKN YQYFRRRRMA AKRETLLVVI RVHIVIDY
GNM14768                        ---------- ----AAAAAA VAVDNREN-E EEEK-RGGGG NNRSAMVVFK LILFIMAVVA -GKKKKEEPV TLKLLPAQDN PPRVQQIRLK DERFRRRRLA AKSMSLHVTI RAHHIIDY
GNM14776                        ---------- ----AAAAAA VAVDNREN-E EEEK-RGGGG NNRSAVVVFK LILFIMAIVA -GKKKKEEPV TLKLLPAQDN PPRVQQIRLK DERFRRRRLA AKSMSLHVTI RAHHIIDY
GNM14715                        ---------- ----AAAAAA AAADNEDG-E EEERVTGGGG GGGGGYAYLH IIVMLMSIVA RRKKKKRGPR TVNLLPITDN PPPFQQQRAS DAKKRRRRRA AAALKLLVEL CVFQPVDY
GNM14639                        ---------- ----AAAPAA AACDDEES-E EEKRSQGGGG NGGGSYALIR IILMFMVVVT GKKKKKREPY TILLIPLVDN PPPFQQRRTK NKRRRRRRWA SWDLKMIVTI RVVWFIEY
GNM13795                        -EDFHKKKPP RSPTAAAAAA VAVDDDGSKE EEKKTHGAGG NGGGGYALIV IILTIMSVVK KRKKKKREAS TVTLVPLVDN PPPFQQQRYR SRKRRRRRRA TTDEKLMVAI KVIWTISF
GNM14166                        -EDLHRKKPP RTTVAASAAA AASDDDGSRE EEKKTHGAGG NGGGGHAMVI IILILVSVVK KRKKKKREDR TVTLLPLVDN PPPFQRQRFK SKKRRRRRRA STEEKLMVGM RTIWVIYF
GNM13993                        ---------- ----AAAAAA AACDDEST-L EENKITGAGG KGGGGHAIIR MILIIMSVIS KKKKKKKKSK EVSLLPITDN PSPYQRQRVR NSKRRRRRFA SSDEKLVVTM KVVHMIEF
GNM14450                        -DDLHKKKIP RSQVAAAAAA AASDDECGKE EEEKTAGAGG NGGSSHALII IIVVLVIIVT KMKKKKKEAK TALLLPIIDN PPTFQRRKSR NERRRRRRRA SSEEKLMVTI RTVYIIFY
GNM13745                        ---------- ----AAAAAA AACDDAVTNL EESKFAGAGG KGGGGHALIR IILIIMSVVT KRKKKKNKSK TVTLLPLKDN PTPYQRQRFR TSKRKRRRFA SSNETLIVTI RVIHMIEF
GNM14030                        ---------- ----AAAAAA ASCDDEXT-L EENKFTGAGG KGGGGHALIR IVLIIMSVVT KKKKKKXKSK TVTLLPIKDN PSPFQRQRVR NAKRRRRRYA CSDEKLIVTM RDVHIIEF
GNM14959                        ---------- ----AAAAAA ARVDDKEN-E EEERFKGGGG GGLHGSALIR IILMYMKVVT QLKKKKLLPI TIMMIPLVDN PPKFQRQRVT ERPKRSKRKG AKTMKMIVEM RVVYMVTY
GNM13413                        ---------- ----AAAAAS ARADDHES-E EETWFRGGGG NGRSSYALVK IILILMSVVT EKKKKKIDPI TLKMLPVTDN PPYYQQQRVN KNRRRRRRWG AKEMTLIVEI RVIFLIEY
GNM14990                        -DDFHKRKPP RSTQAASAAA VAADDDGNKE EDKKTHGAGG NGGGGYALIV IILTIMSVVK KRKKKKKSAN TIDLIPIVEN PPPFQRQRYR SSKRRRRRRA TTEEKLMVVI SIIWMVYF
GNM15005                        -DDFHKRKPP RSTQAASAAA VAADDDGNKE EDKKTHGAGG NGGGGYALIV IILTIMSVVK KRKKKKKSAN TIDLIPIVEN PPPFQRQRFR SSKRRRRRRA TTEEKLMVVI SIIWMVYF
GNM14992                        -DDFHKKKPP RSTI-ASAA- -AADDGGSKL EDKKT-G-GG NGGGGYALVV I-LTIMSVVK KR-KKKKTA- -IDLIPLVDN PPPFQRQR-R SSKRRR-RRA T-EEKLMVTI KIIWVVYF
GNM15013                        -DDFHKRKPP RSTQAASAAA VAADDDGNKE EDKKTHGAGG NGGGGYALIV IILTIMSVVK KRKKKKKSAN TIDLIPIVDN PPPFQRQRFR SSKRRRRRRA TTEEKLMVVI SIIWMVYF
GNM15014                        -DDFHKKKPP RSTIAASAAA VAADDDGSKL EDKKTHGAGG NGGGGYALVV IILTIMSVVK KRKKKKKTAN TIDLIPLVDN PPPFQRQRYR SSKRRRRRRA TTEEKLMVTI KIIWVVYF
GNM14976                        -DDFHKRKPP RSTQAASAAA VAADDDGNKE EDKKTHGAGG NGGGGYALIV IILTIMSVVK KRKKKKKSAN TIDLIPIVEN PPPFQRQRYR SSKRRRRRRA TTEEKLMVVI SIIWMVYF
GNM15022                        -DDFHKRKPP RSTQAASAAA VAADDDGNKE EDKKTHGAGG NGGGGYALIV IILTIMSLVK KRKKKNKSAN TIDLIPIVDN PPPFKRQRFR SSKKRRRRRA TTEEKLMVVI KIIWMVYF
GNM15017                        -EDFHKKKPP KKTA-VA-G- -AA---GNK- ----T----G ----S--LI- I-LT-M--V- K------R-- --------N- P--F--Q--K SR--R----A T---KL-VIM -IIW--Y-
GNM14999                        -TILIKEKLR ELQKAASAAA VAADDTGNKE EDRKTHGAGG NGGGGYALVV IILTLMSVVK KEKKKKRLAN TIMLIPLVDN PPPFQRQRYR SSKRRRRRRA TTDEKLMVSI SIIWVVYL
GNM15018                        -DDFHKKKPP RSPTAAAAAS VAVDDDGSKE EEKKTHGAGG NGGGGYALIV IILTIMSVVK KRKKKKREAS TVTLIPLVDN PPPFQRQRYR SRKRRRRRRA STDEKLMVAI KTIWTISY
GNM15024                        -DDFHKKKPP RSPTAAAAAS VAVDDDGSKE EEKKTHGAGG NGGGGYALIV IILTIMSVVK KRKKKKREAS TVTLIPLVDN PPPFQRQRYR SRKRRRRRRA STDEKLMVAI KTIWTISY
GNM14980                        -DDFHKKKPP RSPT-AAAA- -AVDDDGSK- E-KKT-G--- -GGGGY-L-- I--TI-S--K KR-KKKREA- --TLI-L--- -PP-QRQ--- --KRRR-R-A S-D------- -T-W--SY
GNM15000                        -DDFHKKKPP RSPTAAAAAS VAVDDDGSKE EEKKTHGAGG NGGGGYALIV IILTIMSVVK KRKKKKREAS TVTLIPLVDN PPPFQRQRYR SRKRRRRRRA STDEKLMVAI KTIWTISY
GNM15026                        -DEFHKKKVP RSTQAAAAGA VASDDIGNKK EETKTHGAGG NGGGGYALIV IIISIMKIVK KKKKKKKNAK TIDLIPLVNN PPPFQRQQYR SRRRRTRRRA STEEKLMVII KIVWIIYF
GNM15027                        ---------- ----AAAPAA AAADDEES-Y EEARFTGGGG NGGGGHALIV IILMIMKVVT KKKKKKKEPR TVMLLPLFDN PPPVQQQRAT DKERRRRRRA AEAEKMIVTI RVVFVIYY
GNM15019                        -EDFHKKKPP RAPTAAAAGA VAIDDDGSKE EEKKTHGAGG NGGGGYALIV IILTIMSVVK KKKKKKREAS TVELVPLVDN PPPFQQQRYR STKRRRRRRA TTDEKLMVAI KIIWTISF
GNM15003                        ---------- ----AATPAA ARADDEES-L ESQRSRAGGG GNKSGHFLIK IIILYSVVVN GKKHKKANVV QLLLLPLIDN PPSQQRQRNN DKRKRSRRSG AKGQSEEIEI KVVFMIEY
GNM11003                        ---------- ----AAAAAA CRADDEKS-E EEERSQGAGG GMRSGTILAK LLLMYMAVIT DEKEKKLKPR MIKMLPLVDN PSYIQEQRQY RFRWRRRRFA ARQLKMLTEI RVIFMVDY
GNM11023                        SDLMCDEEDR SKMIAAAAAA ARVDDDECEE EETWFRGGGG GMRSGTALIK IILMFMVVVT RRKEKKARPI RLLMLPLVDN PPYVQRQRVR RERRRRRRWG AKEILMIVEM RVVFMIDH
GNM11055                        ---------- ----AAAAAA ARADDEED-E LEKRSRNGGG SGGGATALIK IILTFMVVVK GRKKITAEVT TVLLLPLVDN PPRFQRQRVK EWRRRARRRA AKEMKMITEI RLVFLIEY
GNM11146                        ---------- ----AAAAAA ARVDDEAS-E ETNRFRGGGG GGLHGTALIK IILMYMKVVT QLKKKKLKEV TLMMIPLVDN PPKFQRQRVT DSSKRSRRKG AKLLKMIVEM VAVYVVSY
GNM11219                        ---------- ----AAAAGA VRADDKRS-Q EQDKFRGGGG NGGGSSALIK IILMFLVVVK KMKKKKTKGV TLLMLPLIDN PAPFQQQRLK RERRKRRRRG AKEERLLVEI RVVWIIEY
GNM11220                        ---------- ----AAAAGA VRADDSRS-E EEKKARGGGG NGGGSSALIV ILLMFMVIVK RKKKKKKSPI TLLMLPLIDN PPPFQRQRYK DERRKRRRRA AKNYGMIVEI RVVWAIEY
GNM11222                        ---------- ----AAAASA ARVDDRRS-E EERRFRGGGG RGGGGSALIK IILMLVVVVK KKKKKKLSEV TLLMLPLIDN PMPFQRQRVN DKRRRRRRRG AKSQQMVVEI NTLWLIEY
GNM11224                        ---------- ----AAAAAA ARADDHKS-E EETKTKGGGG RGGGGTALIK IILIFMAIVK KKKKKKISPI TLYMIPLIDN PPPFQRQRTN KKRRRARRRA AKKLQMIVEI RLIWIIEY
GNM11225                        ---------- ----AAAAAA ARSDDHKS-E EETFTKGGGG NGGGGTALIK LILIFMAIIK KRKKKKVSPI TLMMVPLIDN PSRFQRQRIK KKRRRARRRG AKKEKKIVEI RILWIIEY
GNM11358                        -DDFHRKRPP RNTIAAAAAC AASDDEGGAE EEKKTVGGGG NGGGGHALVL IITVIMVIVT KKKKKKKEPR TVTLLPIIDN PSSFQQQKTH NNRRRRRRRA SQEERLVVTI KTVEVIFF
GNM11360                        -DDFHKKKPP RSPTAAAAGS VAVDDDGSKE EEQKTHGAGG NGGGGYALIV IILTIMSIVK KRKKKKREAS TITLIPLIDN PPPFQRQRYR SRKRRRRRRA STDEKLMVAM KTIWTISF
GNM11362                        -EDLHKRKVP RNPVAAAAAA AASDDEGGKE EEKRAVGGGG NGGGGHALLI IILIIIIVVK KKKKKKREPR TLILLPITDN PPPVQQQRVK KERRRRRRWA AAEYKLIVTI RTVYVILY
GNM11367                        -EDFHKKKPP RSNTAAAAAS VASDDQGSKE EEEKTHGAGG NGGGGYSLIV MILTIMSIIK KRKKKKKQAS TLALIPLIDN PPPFQRQRFR SRKRRRRRRA SSDEKLMVAI KIVWSIYY
GNM11377                        -DEFHKKKPP RSPIAAAAAS AASDDEGGDE EEKKVVGGGG NGGGGHALIL IILVLMAVVS KRKKKKKEHK TATFLPIIDN PSPFQQQKTQ NARRRRRRRA SQEEKLLVTL KTVDVIFY
GNM11380                        -EDLHRKKPP RTTVAASAAA AASDDDGSRE EERKTHGAGG NGGGGHAMLI MILILVSVVK KRKKKKREDR TVSLLPLVDN PPPFQRQRYK SKKRRRRRRA SSEEKLMVGM RTVWVIYF
GNM11383                        -EEFHKKKPP RQPTAAAAAS VAADDDGSKE EEKKTHGAGG NGGGGHALIV IILTIMSVVK KRKKKKRTAK TANLLPLTDN PPPFQRQRYR SKKRRRRRRA STDEKLMVSI RTVWVIYF
GNM11491                        -ENLHKRRPP RTTAAAAAGA VASDDDGSRE EEKKTHGAGG NGGGGYALIA IILTIMSVVK KRKKKKREAS AAGLIPLVDN PPPFQRQRYR SKKRRRRRRA STDEKLMVAI RIVWSIGF
GNM11804                        ---------- ----AAAAAA ARADDEED-E EERRSRNGGG KGGGGTALIK IILTFMVVVK QKKKKTAPTV TILLLPLIDN PPRFQRQRTK DERRRKRRRA AKEMQMIVEI RLVFMIEY
GNM11805                        ---------- ----AATAAA ARADDEKDDE MENRFRNGGG GMGGGTLIIK MTLTITVVIK SEKKKKTHIV TVRMLPLKDN PPSNQRQRIK ETRKKARRFG AKTNEMLVEV KVIYLIDY
GNM12883                        -DEFHKKRPP RSTVAAAAAS AATDDEGGGD EERKEVGGGG NGGGGHAMIL IILVIMSVVT KRKKKKKESR SATLLPITDN PSPFQQQKTQ NSRRRRRRRA SQEERLLVTV RTVQVVFY
GNM12886                        -DEFHKKKPP RSTVAAAAAS AASDDDGGGD EEKKEVGGGG NGGGGHALIM IILVIMSVVT KRKKKKKESR SATLLPMTDN PSPFQQRKTQ NHRRRRRRRA SQEERLLVTV KTVQIIFY
GNM12892                        -DDLHKRKPP RSTVAAAAAC AASDDEGGGQ EEKKGVGGGG NGGGGHALIL IILVIMAVVS KRKKKKKEPR TAALLPIIDN PSPFQQQKTK SQRRRRRRRA SQEEKLLVTV RTVEIIFY
GNM12895                        -DDLHKKKIP RSQVAAAAAA AASDDECGKE EEEKTAGAGG NGGSSHALII IIVVLVIIVT KMKKKKKEAK TALLLPIIDN PPTFQRRKSR NERRRRRRRA SSEEKLMVTI RTVYIIFY
GNM13060                        ---------- ----AAAAAA AAADDSDDEE EEEEFFGGGG GGGGGHIIII VIIIIIIIIK KKKKKKKKKK KLLLLLLVNN PPPPQQQQRR KKRRRRRRRA SSSYSSTTIV IVVYYYYY
GNM13061                        ---------- ----AAAAAA AAADDDDDEE EEEEFSGGGG GGGGSHILLI VIIVLMIVIK KRKKKKVKER NLLLLLIFDN PPPVQRQRTT DERRRRRRRA SKSMKSAASL VVVYNYYY
GNM13062                        ---------- ----AAAAAA AAADNEDG-E EEDRVTGGGG GGGGGYAYLH IIVMLMSIVA RRKKKKKSPR TVNLLPITDN PPPFQQQRAS NSKKRRRRRA AAALKLLVGL RVYQPVDY
GNM13064                        ---------- ----AAAAAA AACDDEST-L EENKITGAGG KGGGGHAIIR MILIIMSVIS KKKKKKKKSK AVSLLPITDN PSPYQRQRVR NSKRRRRRFA SSDEKLVVTM KVVHMIEF
GNM13066                        ---------- ----AAAAAA AACDDDST-W EETKFTGAGG KGGGGHALIR IILIIMSVIS KKKKKKRKSK TVSLLPITDN PSPYQRQRVR NSKRRRRRFA SSEEKLIVTM KIVHMIEF
GNM11032                        ---------- ----AAAAAA LACDDSAS-T EDAK-RGGGG SNRSGHAMFK IILMIMVVLT -RKKKKKSPR EVLLLLLMDN PPRVQRQRIK WRRFRRRRFA ASEEKLLVTI RAYALVEL
GNM11363                        -EDLHKRKVP RNPVAAAAAA AASDDEGGKE EEKRAVGGGG NGGGGHALLI IILIIIIVVK KKKKKKREPR TLILLPITDN PPPVQQQRVK KERRRRRRWA AAEYKLIVTI RTVYVILY
GNM11375                        -EELHKKKPP RSPAAAAAGA VAADDDGSKE EEKKTHGAGG NGGGGYALIV IILTIMSVVK KRKKKKREAS RVSLVPLVDN PPPFQQQRYR SRKRRRRRRA TTDEKLMVGI KIIWTISF
GNM11381                        -EEFHKKKPP RQPTAAAAAS VAADDDGSKE EEKKTHGAGG NGGGGHALIV IILTLMSIVK KRKKKKRTAR TANLLPLVDN PPPFQRQRYR SKKRRRRRRA STDEKLMVSI RTVWSIYF
GNM11382                        -DEFHKKKPP RPAVAAAAAS VAADDEGSKE EEKKTHGAGG NGGGGHALIV IILTIMSVVK KRKKKKKSAR TANLLPLTDN PPPFQQQRYR SKKRRRRRRA STEEKLMVSI RTVWTIYF
GNM11799                        -DDFHKKKPP RSTIAASAAA VAADDDGSKE EDKKTHGAGG NGGGGYALVV IILTIMSVVK KRKKKKKTAN TIDLIPLVDN PPPFQRQRFR SSKRRRRRRA TTEEKLMVII KIIWMVYF
GNM11841                        ---------- ----AAAAAA ARADDEDD-E EEDYTRNGGG SGGGGSALVK IVFTFMVVVS NRKKKKAAVV TVMLLPLQDD PPPVQQQQTS EERRRAKRRG AKELELLVEM RVVHLIDF
GNM11931                        ---------- ----AAAAAA ARVDDEED-E EEDYYRNGGG SGGGGSALIK IVFTFAVVIR GRKKKKAAVV TVRLLPLQDN PSPFQQQRTD DARRRAKRRG AKELDLLVEM RVVHMIDF
GNM12040                        ---------- ----AAAAAA ARTDDEQD-E EEDYLRNGGG SGGGGSSLIK IVFTYAVVVS NRKKKKAAVI TVMLLPLQDD PPPFQQQRTS DSRRRAKRRG AKDLQLLVEM RVVYMIDF
GNM12071                        ---------- ----AAAAAA ARTDDEQD-E EEDYLRNGGG SGGGGTALIK IVFTYSVVVS SRKKKKAAVV TVMLLPLQDN PPPFQQQRTN EERRRAKRRG AKNLDLLVEM RVVHQIDF
GNM12125                        ---------- ----AAAAAS ARVDDEAS-E EEDWTRGGGG GMRSSSALIK IVLMFMAVVT GRKEKKIKPI TIEMIPLVDN PPRVQQQRVS KYRRRRRRWG AKEWSMLVEM RVVYMVDF
GNM12126                        ---------- ----AAAAAA ARADDEKS-E EEAKTRGGGG GMRSAHKLIR IILMYMSVVT GKKEKKLEPI RVEMLPLVDN PPYFQRQRIF KKRRRRRRWG AKEWNLIVEI RVIYIIEH
GNM12128                        ---------- ----AAAAAS ARVDDLLN-E EEERFRGGGG GMRSSTALIK IILNFISYVT NKKEKKVPPI TVKMIPIIDN PPYVQSQRVN EERFRRRRRG AKELSLIVEM RIIYIVYY
GNM12182                        ---------- ----AAAAAA CRADDERS-E EEERTKGSGG DMRSGTILVK LLMMYMAIIT GKKEKKLQPR MIKMMPLVDN PAYIQQQRYY KYRWRRRRFA ARKMKMLTEI RVVFVVDY
GNM12342                        ---------- ----AAMPAA ARADDEES-K EEDRTRSGGG KSTGGTKIIK IAITFMVIVT GRKHKKKKAI RILLLPLIDN PPKVQRQRVT DKRKKARRRA GKAMQMLVEL RVMFYIDY
GNM12346                        ---------- ----AAAAAA ARADDAND-E LDDFTRNGGG KGGGGNVLIK IVLCFMVIVK NRKKNKAVVI TLLLLPLVDN PPSYQQQRTE NRRKRARRRG AKALSSAIEI VVLWLIEH
GNM12351                        ---------- ----AAAAAA ARIDDDED-E EDDYTRNGGG KGGGGNAIIK IVLTFMVAVT NRKKKKATSI TVMLLPLKDN PTPIQQQKTK DSRKRANRRG AKALGIIVEI KVLWFINY
GNM12356                        ---------- ----AAMPAA ARADDEED-K EEDRTRSGGG KSTGGTIIIK LAITFVIIIT GKKHKKRMAI TIVILPLKDN PPKIQRQNTT DNRKKARRRA GKHAGMIVEL RVIFYIDY
GNM12357                        ---------- ----AAMPAA ARTDDEEK-K EEERTRSGGG KSSGSTIIVK LAVTFVVIIT GKRHKKKMAI TLLLLPLKDN PPKIQRQKTD DKRKKARRRA GKSMDMLVEL KVIFYIDY
GNM12366                        ---------- ----AAMPAA ARADDEEK-K EEERTRSGGG KSSGSTIIVK LAVTFVVIVT GKRHKKMMAI TLLLLPLKDN PPKTQRQKTD DKRRKARRRA GKSMSMLVEL KIIFYIDY
GNM12373                        ---------- ----AAAAAA ARIDDKSD-E EEEFTRNGGG SHGGGTIIVK LLLTYMVVIK NKKKKKVPSI TLLLLPIVDN AARVQQQRTD DSRRRARRRG GKSMNSVVEI RLVWIIEY
GNM12385                        ---------- ----AAAAAA ARVDDQED-E EEDFHRNGGG SHGGGTLIAK LLLTFMVVIK NKKKKKAPSI TLLLLPIVDN PSPTQQQRTD ASRKRARRRG AKALGAIVEI RVVWLIEY
GNM12551                        ---------- ----AAAAAA ARADDDED-E ENDRTRGGGG KGGGSHALIK IILIYMKVVK GRKKKKAPPI TVMMLPLRDN PPRWQRQRVK DQRRRARRRG AKAMQMIVEI RVVWMVEY
GNM12554                        ---------- ----AAAAAA ARVDDAED-E EEDFTRNGGG SHGGGTTIVK LILTYMVIIK NKKKKKVPSI TLLLLPIVDN PTRVQQQRTD TSRKRKRRRA AKAMGAQVEI VLIWTVEY
GNM12592                        ---------- ----AAAAAA ARVDDAED-A EEEYTRSGGG NGGGGNAIVK LFVTYMVIVK GKKKKKAAHI TLALLPLVDN PKLVQQQRTS DMRKRAKRRG AKEMSMIVEM RLVWLIDY
GNM12596                        ---------- ----AAAAAA ARVDDAED-E EEDYTRSGGG KGGGGNAIIK VVLTFIVVVK NRKKNKNTST TLALLPIIDN PSPIQQQMTD NRRKRAHRRG AKAMGSLVEI KVLWLINY
GNM12602                        ---------- ----AAAAAA ARVDDIED-E EEDYTRSGGG KGGGGNVIIK VVLTFIVVVK NRKKNKNTST NLALLPIIDN PSPIQQQMTD NRRKRAHRRG AKSMGSLVEI KVLWLINY
GNM12665                        ---------- ----AAAAAA ARVDDTED-E EEDYTRSGGG KGGGGNAIIK VVLTFVVVVK NRKKNKNTST TLALLPIIDN PAPIQQQMTD NRRKRSHRRG AKAMGSLVEI KVLWLINY
GNM12745                        ---------- ----AAAAVA GRADDNED-E EEDKTRGGGG RGGGGTALIK IVLMYMVVVS GKKKKKRMPI TVVMLPLKDN PSPIQRQRTR NVRRKARRKG AKQLSFLVEI RVVYLVEY
GNM12749                        ---------- ----AAAAAA ARADDRKD-E EDDFHRNGGG SHGGGSAIVK LFLTYMVVIK NKKKKKVPSV TLHLLLMLDN PARIQQQRTK SARKRKRRRG AKVMGSVVEI VVVWLIEY
GNM12763                        ---------- ----AAAAAA GRADDEED-E EEERTRGGGG KGGGGTALIK IILMFMVVIS NKKKKKKVPI TVMMLPLRDN PPRVQRQRTK DQRRRARRRG AKQLNMLVEI RVIWLIEY
GNM12766                        ---------- ----AAMPAA ARADDKED-K EEERTRSGGG KSTGGTKIIK IAITFMVIVT GKKHKKKPAI TILLLPIVDN PPKVQRQRTV DKRKKARRRA GKAMQMLVEL RVMFYIDY
GNM12841                        ---------- ----AAAAAA ARVDDEED-E EEDYTRNGGG AGGGGSALIK IVFTFAVVVS NRKKKKAAVV TVMLLPLEDN PPPFQQQRTT ESRRRAKRRG AKSLELLVEM RVVHQIDF
GNM12849                        -DDFHKKKPP RSPTAAAAGS VAADDDGSKE EEQKTHGAGG NGGGGYALIV IILTIMSIVK KRKKKKREAS TITLIPLIDN PPPFQRQRYR SRKRRRRRRA STDEKLMVAM KTIWTISF
GNM12869                        -DDFHKKKPP RSPTAAAAAS VAVDDDGSKE EEKKTHGAGG NGGGGYALIV IILTIMSVVK KRKKKKREAS TVTLIPLVDN PPPFQRQRYR SRKRRRRRRA STDEKLMVAI KTIWTISY
GNM12896                        -EDLHRKKPP RTTVAASAAA AASDDDGSRE EEKKTHGAGG NGGGGHAMLI IILILVSVVK KRKKKKREDR TVSLLPLIDN PPPFQRQRYK SKKRRRRRRA SSEEKLMVGM RTIWVIYF
GNM12897                        -EDLHRKKPP RTTVAASAAA AASDDDGTRE EEKKTHGAGG NGGGGHAMLV IILILMSVVK KRKKKKREDR TVNLLPLIDN PPPFQRQRFR SKKRRRRRRA SSDEKLMVGM RTIWVIYY
GNM12902                        ---------- ----AAAAAA ARTDDDED-E MEARFRNGGG GMGGGSLIIK MIITITVFVK KEKKKKESVI TIRMLPLYDN PPYNQRQRIN DHRKKARRLA AKAEELLVEM KIIYIIDY
GNM12903                        ---------- ----AAAAAA ARVDDEAS-E EEERFRGGGG GGIHGYALIK MILIYMKVVT QKKKKKLQPV TLEMLPLYDN PHKYQRQRIN DSPKRSKRRG AKRIKSLVEM RVVFMIVY
GNM12906                        ---------- ----AAAAAA ARVDDEAS-E EEERFRGGGG GGIHGYALIK IILIYMKVVT QKKKKKLQPV TLEMLPLYDN PPKFQRQRVN DSPKRSKRRG AKKVKQSVEM RVVYMVVY
GNM12907                        ---------- ----AAAAAA ARTDDEAS-E EEKRFRGGGG GGIHGYALIK IILIYMKVVT QKKKKKLEPV TLEMLPLYDN PPKYQRQRIN ERPKRSKRRG AKEVKQLVEM RVVYMIIY
GNM12909                        ---------- ----AAAAAA ARVDDEAS-E EEERFRGGGG GGIHGYALIK IILIYMKVVT QKKKKKLQPV TLEMLPLYDN PPKFQRQRIN ESPKRSKRRG AKKLKSLVEM RVVYMITY
GNM12915                        ---------- ----AAAPAA ARADDNED-E EEERTRGGGG GSTGGTALIT IILIFMVVVT GKKHKKKMPI TVIMLPLKDN PPKFQRQRVK DQRKRARRRA AKKFSLLVEI RVVWIIEY
GNM10046                        ---------- ----AAAPAA ARADDSED-E EEERTRGGGG GSTGGTALIT IILMFMVVVT GKKHKKKMPI TVMMLPLKDN PPKFQRQRVK DERKRARRRA AKKFSLIVEI RVVWIIEY
GNM12918                        ---------- ----AAAPAA ARADDNED-E EEERTRGGGG GSTGGTALIT IILIFMVVVT GKKHKKKMPI TVIMLPLKDN PPKFQRQRVK DQRKRARRRA AKKFSLIVEI RVVWIIEY
GNM12931                        ---------- ----AAAAAS ARVDDEENNE EEKWARGGGG GGRSSYALIK IILMFMSVVT DRKEKKIPPI TLTMLPLVDN PPYVQRQRVN YRRRRRRRWG AKELRYIVEM RLVYLIDY
GNM12938                        ---------- ----AAAAAA CRADDEKS-E EEERTSGAGG DMRSGTVLAK LILMYMAVIT NVKEKKIKPR SIKMLPLIEN PSYIQQQRYY RQRWRRRRFA ARSYSMITEI KVIFVVDY
GNM12996                        ---------- ----AAAAAA CRADDEKS-E EEKRTTGAGG NMRSGTVLAK LILMYMAVIT GKKEKKIDPR TIRMLPLIDN PSYIQQQRYV KYRWRRRRFA ARALKMLTEV RVIFIVDY
GNM13018                        ---------- ----AAAAAA CRADDEKS-E EEKRTTGAGG NMRSGTVLAK LILMYMAVIT GEKEKKIKPR TIRMLPLVDN PSYIQQQRYI KYRWRRRRFA ARALKMLTEI RVIFMVDY
GNM13027                        ---------- ----AAAAAA CRADDEKS-E EEERTRGAGG DMRSGTVLAK LILMYMAVIT GEKEKKIKPR MLKMLPLIDN PSYVQQQRYY KERWRRRRFA ARVMSMIVEI RVIFVVDY
GNM13046                        -EDLHKKRPP RSTVAAAAAA VAADDDGTKE EEKKTHGAGG NGGGGYALIV IILTIMSVVK KRKKKKRDAR TVALIPLVDN PPPFQRQRYR SKKRRRRRRA STEEKFMVAI KIVWTISF
GNM13053                        ---------- ----AAAASA AATDDEGN-R EEGKTTGGGG NGGGGHSLIR IILVIMSVVK KKKKKKVDAK HVTLLPLVDN PPPFQQQRTD VQKRRRRRTA SAQEKLIVVI RVVWLVEY
GNM13074                        ---------- ----AAAPAA ARADDNED-E EEERTRGGGG NSTGGTALIT IILVFMVIVT GKKHKKKMSI TVMMLPLKDN PPKFQRQRTK DQRKRARRRA AKKFKLIVEI RVVWIIEY
GNM10010                        ---------- ----AAAPAA ARADDNED-E EEERTRGGGG HSTGGTALIT IILVFMVVVT NKKHKKKMSI TVMMLPLKDN PPKFQRQRTK DERKRARRRA AKKFKMIVEI RVVWIIEY
GNM10014                        ---------- ----AAAPAA ARADDNED-E EEERTRGGGG HSTGGTALIT IILVFMVVVT NKKHKKKMSV TVMMLPLKDN PPKFQRQRTK DERKRARRRA AKKFRMIVEI RVVWIIEY
GNM13090                        ---------- ----AAAPAA ARADDNED-E EEERTRGGGG HSTGGTALIT IILVFMVVVT NKKHKKKMSV TVMMLPLKDN PPKFQRQRTK DERKRARRRA AKKFKMIVEI RVVWIIEY
GNM13118                        ---------- ----AAAAAA VRIDDEES-E EEKRSREAGG GRGSSRILIK ILLTYVVVAA GKKKKKLEPR TLLLLPLTDN PPRIQQQRIE YERKRARRFA ARALKMIAEI RVVWVVSY
GNM13126                        ---------- ----AAAAAA ARSDDEKD-R LENKLRNGGG GGGGGTLIIK IALTFTVVVK NEKKKKLTVV TVRLIPLYDN PPRVQIQRVK ARRKRARRTA AKQNDMLVEI IVLYVIDY
GNM13128                        ---------- ----AAAAAA ARSDDEKD-E LENKLRNGGG GGGGGTLIVK IVVTFTVIVK QEKKKKLNVV TARLIPLTDN PPRVQIQRVK TKRKRARRTG AKQNGLLVEI IVIFVIDY
GNM13208                        ---------- ----AAAAAA ARVDDKRD-E EEERFRGGGG GGLHGYALIK IILMYMKVVT DRKKKKIEPI TLLMIPLYDN PPKFQRQRLE ERPKRSKRRG AKMQRALVEM RVVYMITY
GNM13210                        ---------- ----AAAAAS ARADDEENDE EEKWVKGGGG GGRSSHALIK IVLTFMSVVT NKKEKKIEPI TLTMLPVIDN PSYVQRQRVE KRRRRRRRWG AKEVKMIVEM RLVYLIEY
GNM12773                        ---------- ----AAAAAA ARADDHKS-E EETGTRGGGG KGGGGTALIK VVLMFMAIVK KRKKKKVSSL TVSMIPLIDN PTPYQRQRIK DSRKNARRRG AKEEEMITEI KLVWIIEY
GNM12769                        ---------- ----AAAPAA ARVDEQKS-E EERKTKGGGG GGGGSTALIK LVLMFMAVIS RTKKKKLAPI TISMLPLYDN PSPFQRQRVK KDRRRRRRTG VKQETKAVEI KVMWIVEY
GNM12768                        ---------- ----AAAAAA ARVDDSQS-E EEKKFRGGGG KGGGGTAVIK IVLMLMAVVK KKKKKKSSPI TIQMLPIVDN PPPFQRQRTK DTRKRRRRRA AKSMEMIVEI RVVWVIEY



    1    1    1    1    1    1    1    1    1    1    1    1    1    1    1
    1    1    1    1    1    1    1    1    1    1    1    1    1    1    1
    1    1    1    1    1    1    1    1    1    3    1    1    1    1    1
    1    1    1    1    1    1    1    1    1    1    1    1    1    1    1
    1    1    1    1    1    1    1    1    1    1    1    1    1    1    1
    1    1    1    1    1    1    1    1    1    1    1    1    1    1    1
    1    1    1    1    1    1    1    2    1    1    1    1    1    1    1
    1    1    1    1    1    1    1    1    1    1    1    1    1

AAML (in paml version 4.9h, March 2018)  tmp0002.txt
Model: Empirical,  (../wag.dat) dGamma (ncatG=4) ns = 155  ls = 121


Frequencies..
                                    A      R      N      D      C      Q      E      G      H      I      L      K      M      F      P      S      T      W      Y      V
GNM13746                       0.08411 0.11215 0.01869 0.04673 0.00000 0.03738 0.05607 0.10280 0.00935 0.12150 0.05607 0.11215 0.00935 0.01869 0.03738 0.06542 0.01869 0.00000 0.04673 0.04673
GNM13538                       0.14151 0.10377 0.02830 0.03774 0.00000 0.02830 0.05660 0.11321 0.00943 0.05660 0.07547 0.09434 0.03774 0.02830 0.04717 0.02830 0.02830 0.00000 0.01887 0.06604
GNM13671                       0.12500 0.09615 0.05769 0.01923 0.00000 0.03846 0.06731 0.04808 0.00962 0.07692 0.06731 0.09615 0.00962 0.03846 0.03846 0.04808 0.03846 0.00000 0.04808 0.07692
GNM13876                       0.10577 0.09615 0.02885 0.03846 0.00000 0.01923 0.07692 0.05769 0.01923 0.02885 0.07692 0.12500 0.00962 0.04808 0.04808 0.07692 0.03846 0.00000 0.01923 0.08654
GNM13680                       0.08333 0.10000 0.01667 0.05000 0.00000 0.04167 0.06667 0.10833 0.02500 0.05833 0.05000 0.11667 0.01667 0.02500 0.04167 0.06667 0.05833 0.00000 0.00833 0.06667
GNM14837                       0.09167 0.11667 0.01667 0.05000 0.00000 0.02500 0.05000 0.09167 0.01667 0.07500 0.04167 0.11667 0.01667 0.01667 0.05833 0.05833 0.05833 0.00833 0.02500 0.06667
GNM14249                       0.09167 0.11667 0.01667 0.05833 0.00000 0.01667 0.04167 0.08333 0.01667 0.07500 0.04167 0.12500 0.01667 0.01667 0.05833 0.06667 0.06667 0.00833 0.02500 0.05833
GNM13928                       0.09167 0.11667 0.01667 0.05000 0.00000 0.01667 0.05000 0.09167 0.01667 0.06667 0.04167 0.12500 0.01667 0.02500 0.05833 0.05833 0.06667 0.00833 0.01667 0.06667
GNM13297                       0.14151 0.10377 0.02830 0.03774 0.00000 0.02830 0.05660 0.11321 0.00943 0.05660 0.07547 0.09434 0.03774 0.02830 0.04717 0.02830 0.02830 0.00000 0.01887 0.06604
GNM14865                       0.12264 0.11321 0.03774 0.06604 0.00000 0.05660 0.05660 0.09434 0.00000 0.02830 0.08491 0.06604 0.02830 0.01887 0.03774 0.02830 0.02830 0.00000 0.02830 0.10377
GNM13455                       0.09167 0.11667 0.01667 0.05833 0.00000 0.02500 0.04167 0.09167 0.01667 0.08333 0.04167 0.11667 0.02500 0.02500 0.05833 0.06667 0.06667 0.00833 0.01667 0.03333
GNM14938                       0.08889 0.08889 0.04444 0.05556 0.01111 0.03333 0.04444 0.06667 0.03333 0.06667 0.11111 0.07778 0.01111 0.02222 0.05556 0.04444 0.01111 0.01111 0.02222 0.10000
GNM14483                       0.14151 0.12264 0.02830 0.04717 0.00000 0.03774 0.04717 0.12264 0.00943 0.05660 0.06604 0.06604 0.02830 0.01887 0.05660 0.03774 0.02830 0.00000 0.02830 0.05660
GNM14872                       0.10000 0.09167 0.02500 0.05000 0.00000 0.04167 0.06667 0.10000 0.02500 0.05000 0.06667 0.11667 0.00833 0.03333 0.05000 0.05000 0.04167 0.00000 0.00833 0.07500
GNM13855                       0.09167 0.10000 0.04167 0.04167 0.00833 0.03333 0.06667 0.10000 0.02500 0.06667 0.04167 0.10833 0.00833 0.03333 0.05000 0.02500 0.07500 0.00000 0.00000 0.08333
GNM14445                       0.10377 0.11321 0.02830 0.03774 0.00000 0.01887 0.04717 0.09434 0.02830 0.08491 0.04717 0.12264 0.01887 0.03774 0.03774 0.08491 0.02830 0.00943 0.00943 0.04717
GNM14404                       0.09434 0.11321 0.02830 0.05660 0.00000 0.04717 0.06604 0.08491 0.00000 0.09434 0.05660 0.08491 0.02830 0.00943 0.05660 0.04717 0.02830 0.01887 0.01887 0.06604
GNM14545                       0.09434 0.11321 0.02830 0.05660 0.00000 0.04717 0.06604 0.08491 0.00000 0.09434 0.05660 0.08491 0.02830 0.00943 0.05660 0.04717 0.02830 0.01887 0.01887 0.06604
GNM14366                       0.10000 0.10833 0.02500 0.04167 0.00000 0.01667 0.05000 0.09167 0.02500 0.05000 0.05000 0.14167 0.01667 0.02500 0.05833 0.04167 0.06667 0.00833 0.01667 0.06667
GNM14252                       0.09167 0.11667 0.01667 0.05833 0.00000 0.01667 0.04167 0.08333 0.01667 0.06667 0.04167 0.12500 0.01667 0.01667 0.05833 0.06667 0.06667 0.00833 0.02500 0.06667
GNM13760                       0.09167 0.11667 0.01667 0.04167 0.00000 0.02500 0.05833 0.10000 0.01667 0.06667 0.05000 0.12500 0.01667 0.01667 0.05833 0.05833 0.05000 0.00833 0.01667 0.06667
GNM13982                       0.09167 0.10833 0.02500 0.04167 0.00000 0.03333 0.05000 0.08333 0.01667 0.08333 0.05000 0.12500 0.02500 0.02500 0.05000 0.09167 0.03333 0.00833 0.02500 0.03333
GNM13960                       0.09167 0.10833 0.03333 0.05833 0.00000 0.02500 0.04167 0.08333 0.01667 0.08333 0.03333 0.11667 0.02500 0.02500 0.05000 0.05833 0.05000 0.00833 0.02500 0.06667
GNM14633                       0.10833 0.10833 0.01667 0.04167 0.00000 0.03333 0.05000 0.08333 0.01667 0.05000 0.04167 0.12500 0.04167 0.01667 0.05833 0.07500 0.03333 0.00833 0.03333 0.05833
GNM14853                       0.10833 0.10833 0.01667 0.04167 0.00000 0.03333 0.05000 0.08333 0.01667 0.05000 0.04167 0.12500 0.04167 0.01667 0.05833 0.07500 0.03333 0.00833 0.03333 0.05833
GNM14174                       0.13208 0.10377 0.01887 0.03774 0.00000 0.01887 0.07547 0.09434 0.00943 0.07547 0.03774 0.10377 0.05660 0.00943 0.03774 0.03774 0.06604 0.00943 0.01887 0.05660
GNM14748                       0.10000 0.10833 0.01667 0.05000 0.00000 0.02500 0.05000 0.08333 0.01667 0.05833 0.04167 0.12500 0.01667 0.02500 0.05833 0.05000 0.06667 0.00833 0.01667 0.08333
GNM14246                       0.12264 0.12264 0.01887 0.05660 0.00000 0.04717 0.03774 0.09434 0.00000 0.12264 0.05660 0.11321 0.01887 0.00943 0.05660 0.01887 0.05660 0.00943 0.00943 0.02830
GNM14640                       0.11321 0.13208 0.01887 0.05660 0.00943 0.02830 0.02830 0.08491 0.00943 0.09434 0.06604 0.11321 0.02830 0.00943 0.04717 0.03774 0.04717 0.00943 0.00943 0.05660
GNM14965                       0.10000 0.10833 0.02500 0.04167 0.00833 0.05000 0.05833 0.11667 0.01667 0.06667 0.06667 0.10000 0.00833 0.01667 0.05000 0.05000 0.04167 0.00000 0.00833 0.06667
GNM13677                       0.10577 0.08654 0.02885 0.03846 0.00000 0.01923 0.07692 0.05769 0.01923 0.01923 0.07692 0.12500 0.01923 0.04808 0.04808 0.07692 0.03846 0.00000 0.01923 0.09615
GNM14339                       0.15385 0.12500 0.01923 0.03846 0.00962 0.01923 0.04808 0.07692 0.02885 0.04808 0.14423 0.10577 0.03846 0.03846 0.02885 0.03846 0.00962 0.00000 0.00000 0.02885
GNM14593                       0.10577 0.08654 0.03846 0.04808 0.00962 0.04808 0.03846 0.05769 0.00962 0.09615 0.06731 0.08654 0.01923 0.02885 0.03846 0.07692 0.03846 0.00000 0.04808 0.05769
GNM13825                       0.09615 0.11538 0.03846 0.04808 0.00962 0.02885 0.04808 0.07692 0.01923 0.08654 0.06731 0.08654 0.02885 0.01923 0.05769 0.01923 0.01923 0.00962 0.02885 0.09615
GNM14768                       0.13462 0.11538 0.04808 0.03846 0.00000 0.02885 0.07692 0.06731 0.02885 0.05769 0.07692 0.08654 0.02885 0.02885 0.03846 0.02885 0.01923 0.00000 0.00962 0.08654
GNM14776                       0.13462 0.11538 0.04808 0.03846 0.00000 0.02885 0.07692 0.06731 0.02885 0.06731 0.07692 0.08654 0.01923 0.02885 0.03846 0.02885 0.01923 0.00000 0.00962 0.08654
GNM14715                       0.16038 0.11321 0.02830 0.04717 0.00943 0.03774 0.05660 0.12264 0.00943 0.03774 0.07547 0.06604 0.01887 0.01887 0.05660 0.01887 0.02830 0.00000 0.02830 0.06604
GNM14639                       0.08491 0.12264 0.02830 0.03774 0.00943 0.02830 0.06604 0.09434 0.00000 0.07547 0.05660 0.08491 0.02830 0.02830 0.05660 0.03774 0.03774 0.02830 0.02830 0.06604
GNM13795                       0.10000 0.10833 0.01667 0.05000 0.00000 0.02500 0.05000 0.08333 0.01667 0.05833 0.04167 0.12500 0.01667 0.02500 0.05833 0.05000 0.06667 0.00833 0.01667 0.08333
GNM14166                       0.08333 0.13333 0.01667 0.05000 0.00000 0.01667 0.05833 0.09167 0.02500 0.05000 0.05833 0.11667 0.02500 0.02500 0.05000 0.05000 0.05833 0.00833 0.00833 0.07500
GNM13993                       0.10377 0.09434 0.02830 0.03774 0.00943 0.01887 0.05660 0.08491 0.01887 0.08491 0.04717 0.13208 0.03774 0.01887 0.02830 0.08491 0.03774 0.00000 0.00943 0.06604
GNM14450                       0.11667 0.10833 0.02500 0.04167 0.00833 0.01667 0.07500 0.06667 0.01667 0.10000 0.05833 0.11667 0.01667 0.01667 0.03333 0.05833 0.05000 0.00000 0.01667 0.05833
GNM13745                       0.12150 0.10280 0.03738 0.02804 0.00935 0.01869 0.03738 0.08411 0.01869 0.08411 0.06542 0.11215 0.01869 0.03738 0.02804 0.05607 0.07477 0.00000 0.00935 0.05607
GNM14030                       0.10577 0.10577 0.02885 0.04808 0.01923 0.01923 0.04808 0.08654 0.01923 0.07692 0.05769 0.12500 0.01923 0.02885 0.02885 0.04808 0.05769 0.00000 0.00962 0.06731
GNM14959                       0.08491 0.09434 0.01887 0.02830 0.00000 0.02830 0.06604 0.09434 0.00943 0.06604 0.06604 0.12264 0.07547 0.01887 0.04717 0.01887 0.04717 0.00000 0.02830 0.08491
GNM13413                       0.08491 0.11321 0.03774 0.03774 0.00000 0.02830 0.07547 0.07547 0.00943 0.08491 0.06604 0.08491 0.02830 0.01887 0.03774 0.04717 0.04717 0.01887 0.03774 0.06604
GNM14990                       0.09167 0.10833 0.03333 0.05833 0.00000 0.02500 0.04167 0.08333 0.01667 0.08333 0.03333 0.11667 0.02500 0.02500 0.05000 0.05833 0.05000 0.00833 0.02500 0.06667
GNM15005                       0.09167 0.10833 0.03333 0.05833 0.00000 0.02500 0.04167 0.08333 0.01667 0.08333 0.03333 0.11667 0.02500 0.03333 0.05000 0.05833 0.05000 0.00833 0.01667 0.06667
GNM14992                       0.07407 0.10185 0.01852 0.06481 0.00000 0.01852 0.02778 0.10185 0.00926 0.07407 0.05556 0.13889 0.01852 0.02778 0.05556 0.05556 0.05556 0.00926 0.01852 0.07407
GNM15013                       0.09167 0.10833 0.03333 0.06667 0.00000 0.02500 0.03333 0.08333 0.01667 0.08333 0.03333 0.11667 0.02500 0.03333 0.05000 0.05833 0.05000 0.00833 0.01667 0.06667
GNM15014                       0.09167 0.10000 0.02500 0.06667 0.00000 0.01667 0.02500 0.08333 0.01667 0.07500 0.05000 0.13333 0.01667 0.02500 0.05000 0.05000 0.06667 0.00833 0.02500 0.07500
GNM14976                       0.09167 0.10833 0.03333 0.05833 0.00000 0.02500 0.04167 0.08333 0.01667 0.08333 0.03333 0.11667 0.02500 0.02500 0.05000 0.05833 0.05000 0.00833 0.02500 0.06667
GNM15022                       0.09167 0.10000 0.04167 0.06667 0.00000 0.01667 0.03333 0.08333 0.01667 0.08333 0.04167 0.13333 0.02500 0.03333 0.05000 0.05000 0.05000 0.00833 0.01667 0.05833
GNM15017                       0.09259 0.05556 0.03704 0.01852 0.00000 0.01852 0.01852 0.09259 0.01852 0.09259 0.05556 0.16667 0.03704 0.03704 0.05556 0.03704 0.07407 0.01852 0.01852 0.05556
GNM14999                       0.09167 0.10833 0.03333 0.04167 0.00000 0.02500 0.05000 0.08333 0.00833 0.07500 0.09167 0.10833 0.02500 0.00833 0.03333 0.05000 0.05833 0.00833 0.02500 0.07500
GNM15018                       0.09167 0.11667 0.01667 0.05833 0.00000 0.01667 0.04167 0.08333 0.01667 0.06667 0.04167 0.12500 0.01667 0.01667 0.05833 0.06667 0.06667 0.00833 0.02500 0.06667
GNM15024                       0.09167 0.11667 0.01667 0.05833 0.00000 0.01667 0.04167 0.08333 0.01667 0.06667 0.04167 0.12500 0.01667 0.01667 0.05833 0.06667 0.06667 0.00833 0.02500 0.06667
GNM14980                       0.09859 0.12676 0.00000 0.08451 0.00000 0.02817 0.02817 0.08451 0.01408 0.04225 0.04225 0.16901 0.00000 0.01408 0.07042 0.07042 0.07042 0.01408 0.02817 0.01408
GNM15000                       0.09167 0.11667 0.01667 0.05833 0.00000 0.01667 0.04167 0.08333 0.01667 0.06667 0.04167 0.12500 0.01667 0.01667 0.05833 0.06667 0.06667 0.00833 0.02500 0.06667
GNM15026                       0.08333 0.09167 0.04167 0.03333 0.00000 0.03333 0.04167 0.09167 0.01667 0.11667 0.03333 0.15000 0.01667 0.02500 0.04167 0.04167 0.05000 0.00833 0.02500 0.05833
GNM15027                       0.13208 0.10377 0.01887 0.03774 0.00000 0.02830 0.07547 0.09434 0.00943 0.06604 0.04717 0.09434 0.03774 0.02830 0.05660 0.00943 0.04717 0.00000 0.02830 0.08491
GNM15019                       0.10000 0.09167 0.01667 0.05000 0.00000 0.02500 0.05833 0.09167 0.01667 0.07500 0.04167 0.13333 0.01667 0.02500 0.05833 0.04167 0.06667 0.00833 0.01667 0.06667
GNM15003                       0.08491 0.09434 0.05660 0.03774 0.00000 0.05660 0.06604 0.09434 0.01887 0.07547 0.07547 0.09434 0.00943 0.01887 0.03774 0.08491 0.00943 0.00000 0.01887 0.06604
GNM11003                       0.11321 0.13208 0.00943 0.04717 0.00943 0.04717 0.08491 0.06604 0.00000 0.05660 0.08491 0.07547 0.06604 0.02830 0.02830 0.03774 0.02830 0.00943 0.03774 0.03774
GNM11023                       0.08264 0.16529 0.00826 0.06612 0.01653 0.01653 0.09091 0.07438 0.00826 0.06612 0.06612 0.04959 0.07438 0.02479 0.03306 0.02479 0.02479 0.01653 0.00826 0.08264
GNM11055                       0.13208 0.14151 0.01887 0.03774 0.00000 0.01887 0.08491 0.08491 0.00000 0.06604 0.08491 0.07547 0.02830 0.02830 0.02830 0.01887 0.05660 0.00943 0.00943 0.07547
GNM11146                       0.10377 0.08491 0.01887 0.03774 0.00000 0.02830 0.04717 0.09434 0.00943 0.04717 0.08491 0.11321 0.05660 0.01887 0.02830 0.04717 0.04717 0.00000 0.02830 0.10377
GNM11219                       0.08491 0.13208 0.01887 0.03774 0.00000 0.04717 0.05660 0.11321 0.00000 0.06604 0.09434 0.12264 0.02830 0.02830 0.02830 0.02830 0.01887 0.00943 0.00943 0.07547
GNM11220                       0.10377 0.13208 0.02830 0.03774 0.00000 0.01887 0.05660 0.10377 0.00000 0.07547 0.06604 0.11321 0.03774 0.01887 0.04717 0.04717 0.00943 0.00943 0.02830 0.06604
GNM11222                       0.07547 0.16038 0.02830 0.03774 0.00000 0.03774 0.05660 0.10377 0.00000 0.05660 0.09434 0.09434 0.03774 0.01887 0.02830 0.04717 0.01887 0.00943 0.00943 0.08491
GNM11224                       0.12264 0.11321 0.01887 0.02830 0.00000 0.02830 0.04717 0.09434 0.00943 0.13208 0.05660 0.14151 0.02830 0.01887 0.04717 0.01887 0.04717 0.00943 0.01887 0.01887
GNM11225                       0.10377 0.12264 0.01887 0.02830 0.00000 0.01887 0.05660 0.10377 0.00943 0.12264 0.05660 0.15094 0.02830 0.02830 0.02830 0.03774 0.03774 0.00943 0.00943 0.02830
GNM11358                       0.08333 0.10833 0.04167 0.04167 0.00833 0.03333 0.06667 0.10000 0.02500 0.07500 0.04167 0.10000 0.00833 0.03333 0.04167 0.03333 0.07500 0.00000 0.00000 0.08333
GNM11360                       0.08333 0.11667 0.01667 0.05833 0.00000 0.02500 0.04167 0.09167 0.01667 0.08333 0.04167 0.11667 0.02500 0.02500 0.05833 0.06667 0.06667 0.00833 0.01667 0.04167
GNM11362                       0.10833 0.11667 0.02500 0.03333 0.00000 0.02500 0.06667 0.10000 0.01667 0.10000 0.07500 0.11667 0.00000 0.00000 0.05833 0.00833 0.03333 0.00833 0.02500 0.08333
GNM11367                       0.09167 0.10833 0.02500 0.04167 0.00000 0.03333 0.05000 0.08333 0.01667 0.08333 0.05000 0.12500 0.02500 0.02500 0.05000 0.09167 0.03333 0.00833 0.02500 0.03333
GNM11377                       0.10000 0.08333 0.02500 0.05000 0.00000 0.04167 0.06667 0.10000 0.02500 0.05833 0.06667 0.12500 0.00833 0.03333 0.05000 0.05000 0.04167 0.00000 0.00833 0.06667
GNM11380                       0.08333 0.14167 0.01667 0.05000 0.00000 0.01667 0.05833 0.09167 0.02500 0.03333 0.06667 0.10833 0.03333 0.01667 0.05000 0.06667 0.04167 0.00833 0.01667 0.07500
GNM11383                       0.10000 0.11667 0.02500 0.04167 0.00000 0.02500 0.05000 0.08333 0.02500 0.05000 0.05000 0.13333 0.01667 0.02500 0.05833 0.05000 0.06667 0.00833 0.01667 0.05833
GNM11491                       0.12500 0.14167 0.02500 0.04167 0.00000 0.01667 0.05000 0.10833 0.01667 0.06667 0.05000 0.10000 0.01667 0.01667 0.05000 0.05833 0.04167 0.00833 0.01667 0.05000
GNM11804                       0.11321 0.14151 0.01887 0.04717 0.00000 0.03774 0.08491 0.08491 0.00000 0.07547 0.06604 0.09434 0.03774 0.02830 0.03774 0.00943 0.05660 0.00000 0.00943 0.05660
GNM11805                       0.08411 0.09346 0.04673 0.05607 0.00000 0.01869 0.06542 0.09346 0.00935 0.07477 0.05607 0.12150 0.04673 0.01869 0.02804 0.01869 0.08411 0.00000 0.01869 0.06542
GNM12883                       0.08333 0.12500 0.02500 0.04167 0.00000 0.05000 0.06667 0.10833 0.01667 0.04167 0.05000 0.08333 0.01667 0.02500 0.04167 0.06667 0.06667 0.00000 0.00833 0.08333
GNM12886                       0.08333 0.10833 0.02500 0.05000 0.00000 0.04167 0.05833 0.10833 0.02500 0.05000 0.05000 0.10833 0.02500 0.02500 0.04167 0.06667 0.05833 0.00000 0.00833 0.06667
GNM12892                       0.10000 0.10833 0.01667 0.04167 0.00833 0.05000 0.05833 0.11667 0.01667 0.06667 0.06667 0.10833 0.00833 0.01667 0.05000 0.05000 0.04167 0.00000 0.00833 0.06667
GNM12895                       0.11667 0.10833 0.02500 0.04167 0.00833 0.01667 0.07500 0.06667 0.01667 0.10000 0.05833 0.11667 0.01667 0.01667 0.03333 0.05833 0.05000 0.00000 0.01667 0.05833
GNM13060                       0.09346 0.09346 0.01869 0.03738 0.00000 0.03738 0.05607 0.10280 0.00935 0.13084 0.05607 0.13084 0.00000 0.01869 0.03738 0.05607 0.01869 0.00000 0.05607 0.04673
GNM13061                       0.11215 0.11215 0.02804 0.06542 0.00000 0.01869 0.07477 0.09346 0.00935 0.06542 0.08411 0.08411 0.01869 0.01869 0.02804 0.05607 0.01869 0.00000 0.03738 0.07477
GNM13062                       0.15094 0.11321 0.03774 0.04717 0.00000 0.03774 0.03774 0.12264 0.00943 0.03774 0.07547 0.07547 0.01887 0.00943 0.05660 0.03774 0.02830 0.00000 0.03774 0.06604
GNM13064                       0.11321 0.09434 0.02830 0.03774 0.00943 0.01887 0.04717 0.08491 0.01887 0.08491 0.04717 0.13208 0.03774 0.01887 0.02830 0.08491 0.03774 0.00000 0.00943 0.06604
GNM13066                       0.10377 0.10377 0.01887 0.03774 0.00943 0.01887 0.04717 0.08491 0.01887 0.09434 0.04717 0.12264 0.02830 0.02830 0.02830 0.08491 0.05660 0.00943 0.00943 0.04717
GNM11032                       0.13462 0.14423 0.01923 0.03846 0.00962 0.01923 0.04808 0.06731 0.00962 0.04808 0.11538 0.08654 0.03846 0.02885 0.02885 0.05769 0.02885 0.00962 0.00962 0.05769
GNM11363                       0.10833 0.11667 0.02500 0.03333 0.00000 0.02500 0.06667 0.10000 0.01667 0.10000 0.07500 0.11667 0.00000 0.00000 0.05833 0.00833 0.03333 0.00833 0.02500 0.08333
GNM11375                       0.10000 0.11667 0.01667 0.04167 0.00000 0.02500 0.05833 0.10000 0.01667 0.06667 0.05000 0.12500 0.01667 0.01667 0.05833 0.05833 0.04167 0.00833 0.01667 0.06667
GNM11381                       0.10000 0.12500 0.02500 0.04167 0.00000 0.02500 0.05000 0.08333 0.02500 0.05000 0.05833 0.12500 0.01667 0.02500 0.05833 0.05833 0.05833 0.00833 0.01667 0.05000
GNM11382                       0.10833 0.10833 0.02500 0.03333 0.00000 0.02500 0.05833 0.08333 0.02500 0.05000 0.05000 0.13333 0.01667 0.02500 0.05833 0.05833 0.05833 0.00833 0.01667 0.05833
GNM11799                       0.09167 0.10000 0.02500 0.06667 0.00000 0.01667 0.03333 0.08333 0.01667 0.08333 0.04167 0.13333 0.02500 0.03333 0.05000 0.05000 0.05833 0.00833 0.01667 0.06667
GNM11841                       0.12264 0.09434 0.01887 0.07547 0.00000 0.04717 0.08491 0.09434 0.00943 0.01887 0.07547 0.06604 0.02830 0.02830 0.03774 0.03774 0.03774 0.00000 0.00943 0.11321
GNM11931                       0.13208 0.12264 0.01887 0.08491 0.00000 0.03774 0.06604 0.10377 0.00943 0.03774 0.06604 0.06604 0.01887 0.03774 0.02830 0.02830 0.02830 0.00000 0.01887 0.09434
GNM12040                       0.11321 0.10377 0.01887 0.08491 0.00000 0.05660 0.04717 0.09434 0.00000 0.03774 0.07547 0.06604 0.02830 0.02830 0.03774 0.05660 0.03774 0.00000 0.02830 0.08491
GNM12071                       0.11321 0.10377 0.03774 0.06604 0.00000 0.05660 0.06604 0.09434 0.00943 0.02830 0.07547 0.06604 0.01887 0.02830 0.03774 0.03774 0.04717 0.00000 0.01887 0.09434
GNM12125                       0.09434 0.13208 0.00943 0.04717 0.00000 0.02830 0.07547 0.08491 0.00000 0.05660 0.03774 0.06604 0.06604 0.01887 0.03774 0.06604 0.02830 0.02830 0.01887 0.10377
GNM12126                       0.10377 0.14151 0.01887 0.02830 0.00000 0.01887 0.09434 0.08491 0.01887 0.09434 0.05660 0.09434 0.03774 0.01887 0.03774 0.02830 0.01887 0.01887 0.02830 0.05660
GNM12128                       0.07547 0.12264 0.04717 0.02830 0.00000 0.01887 0.08491 0.07547 0.00000 0.11321 0.05660 0.06604 0.02830 0.02830 0.04717 0.05660 0.02830 0.00000 0.04717 0.07547
GNM12182                       0.10377 0.13208 0.00943 0.04717 0.00943 0.03774 0.06604 0.06604 0.00000 0.05660 0.05660 0.09434 0.08491 0.01887 0.02830 0.02830 0.03774 0.00943 0.05660 0.05660
GNM12342                       0.10377 0.12264 0.00943 0.05660 0.00000 0.02830 0.04717 0.08491 0.00943 0.08491 0.05660 0.13208 0.04717 0.01887 0.03774 0.02830 0.05660 0.00000 0.01887 0.05660
GNM12346                       0.13208 0.10377 0.06604 0.05660 0.00943 0.02830 0.03774 0.09434 0.00943 0.06604 0.10377 0.07547 0.00943 0.01887 0.02830 0.02830 0.02830 0.00943 0.00943 0.08491
GNM12351                       0.12264 0.07547 0.05660 0.07547 0.00000 0.02830 0.03774 0.10377 0.00000 0.09434 0.05660 0.11321 0.01887 0.01887 0.02830 0.01887 0.06604 0.00943 0.01887 0.05660
GNM12356                       0.10377 0.10377 0.02830 0.06604 0.00000 0.01887 0.04717 0.09434 0.01887 0.13208 0.03774 0.11321 0.02830 0.01887 0.03774 0.01887 0.07547 0.00000 0.01887 0.03774
GNM12357                       0.08491 0.09434 0.00943 0.06604 0.00000 0.01887 0.05660 0.07547 0.00943 0.07547 0.07547 0.15094 0.03774 0.01887 0.03774 0.04717 0.06604 0.00000 0.01887 0.05660
GNM12366                       0.09434 0.10377 0.00943 0.05660 0.00000 0.01887 0.05660 0.07547 0.00943 0.06604 0.07547 0.13208 0.04717 0.01887 0.03774 0.05660 0.06604 0.00000 0.01887 0.05660
GNM12373                       0.09434 0.11321 0.03774 0.05660 0.00000 0.02830 0.05660 0.09434 0.00943 0.08491 0.07547 0.08491 0.01887 0.00943 0.01887 0.05660 0.04717 0.00943 0.01887 0.08491
GNM12385                       0.13208 0.09434 0.02830 0.05660 0.00000 0.03774 0.05660 0.09434 0.01887 0.06604 0.09434 0.08491 0.00943 0.01887 0.03774 0.03774 0.04717 0.00943 0.00943 0.06604
GNM12551                       0.12264 0.15094 0.01887 0.06604 0.00000 0.03774 0.04717 0.10377 0.00943 0.06604 0.03774 0.09434 0.05660 0.00000 0.04717 0.00943 0.01887 0.01887 0.01887 0.07547
GNM12554                       0.11321 0.09434 0.02830 0.05660 0.00000 0.03774 0.05660 0.08491 0.00943 0.07547 0.06604 0.09434 0.01887 0.00943 0.02830 0.02830 0.08491 0.00943 0.01887 0.08491
GNM12592                       0.14151 0.08491 0.02830 0.05660 0.00000 0.02830 0.05660 0.10377 0.00943 0.04717 0.07547 0.10377 0.04717 0.00943 0.01887 0.02830 0.03774 0.00943 0.02830 0.08491
GNM12596                       0.12264 0.08491 0.06604 0.05660 0.00000 0.02830 0.04717 0.10377 0.00943 0.07547 0.06604 0.08491 0.01887 0.00943 0.02830 0.03774 0.05660 0.00943 0.01887 0.07547
GNM12602                       0.09434 0.08491 0.07547 0.05660 0.00000 0.02830 0.04717 0.10377 0.00943 0.08491 0.06604 0.08491 0.01887 0.00943 0.02830 0.04717 0.04717 0.00943 0.01887 0.08491
GNM12665                       0.11321 0.08491 0.06604 0.05660 0.00000 0.02830 0.04717 0.10377 0.00943 0.06604 0.06604 0.08491 0.01887 0.00943 0.02830 0.03774 0.06604 0.00943 0.01887 0.08491
GNM12745                       0.08491 0.12264 0.02830 0.04717 0.00000 0.02830 0.05660 0.12264 0.00000 0.04717 0.06604 0.10377 0.03774 0.00943 0.03774 0.02830 0.03774 0.00000 0.02830 0.11321
GNM12749                       0.11321 0.10377 0.02830 0.05660 0.00000 0.02830 0.03774 0.09434 0.02830 0.04717 0.07547 0.11321 0.02830 0.01887 0.01887 0.04717 0.02830 0.00943 0.01887 0.10377
GNM12763                       0.09434 0.14151 0.02830 0.04717 0.00000 0.03774 0.07547 0.11321 0.00000 0.07547 0.06604 0.09434 0.04717 0.00943 0.03774 0.00943 0.03774 0.00943 0.00943 0.06604
GNM12766                       0.10377 0.10377 0.00943 0.05660 0.00000 0.02830 0.04717 0.08491 0.00943 0.08491 0.04717 0.14151 0.04717 0.01887 0.04717 0.01887 0.06604 0.00000 0.01887 0.06604
GNM12841                       0.13208 0.10377 0.02830 0.05660 0.00000 0.03774 0.08491 0.09434 0.00943 0.02830 0.06604 0.06604 0.01887 0.03774 0.03774 0.03774 0.04717 0.00000 0.00943 0.10377
GNM12849                       0.09167 0.11667 0.01667 0.05833 0.00000 0.02500 0.04167 0.09167 0.01667 0.08333 0.04167 0.11667 0.02500 0.02500 0.05833 0.06667 0.06667 0.00833 0.01667 0.03333
GNM12869                       0.09167 0.11667 0.01667 0.05833 0.00000 0.01667 0.04167 0.08333 0.01667 0.06667 0.04167 0.12500 0.01667 0.01667 0.05833 0.06667 0.06667 0.00833 0.02500 0.06667
GNM12896                       0.08333 0.13333 0.01667 0.05000 0.00000 0.01667 0.05833 0.09167 0.02500 0.05833 0.06667 0.11667 0.02500 0.01667 0.05000 0.06667 0.04167 0.00833 0.01667 0.05833
GNM12897                       0.08333 0.14167 0.02500 0.05833 0.00000 0.01667 0.05000 0.09167 0.02500 0.05000 0.06667 0.10833 0.03333 0.01667 0.05000 0.05000 0.05000 0.00833 0.01667 0.05833
GNM12902                       0.11321 0.09434 0.03774 0.06604 0.00000 0.01887 0.07547 0.08491 0.00943 0.11321 0.05660 0.10377 0.04717 0.01887 0.02830 0.01887 0.03774 0.00000 0.03774 0.03774
GNM12903                       0.09434 0.10377 0.01887 0.03774 0.00000 0.03774 0.06604 0.09434 0.01887 0.06604 0.06604 0.11321 0.04717 0.01887 0.03774 0.03774 0.01887 0.00000 0.04717 0.07547
GNM12906                       0.09434 0.09434 0.01887 0.03774 0.00000 0.04717 0.06604 0.09434 0.00943 0.04717 0.05660 0.12264 0.03774 0.01887 0.04717 0.03774 0.01887 0.00000 0.04717 0.10377
GNM12907                       0.09434 0.10377 0.01887 0.02830 0.00000 0.03774 0.08491 0.09434 0.00943 0.07547 0.06604 0.12264 0.03774 0.00943 0.04717 0.01887 0.02830 0.00000 0.05660 0.06604
GNM12909                       0.09434 0.09434 0.01887 0.02830 0.00000 0.03774 0.07547 0.09434 0.00943 0.06604 0.07547 0.12264 0.03774 0.01887 0.04717 0.03774 0.02830 0.00000 0.04717 0.06604
GNM12915                       0.10377 0.11321 0.01887 0.04717 0.00000 0.02830 0.06604 0.09434 0.00943 0.08491 0.05660 0.10377 0.02830 0.02830 0.04717 0.01887 0.05660 0.00943 0.00943 0.07547
GNM10046                       0.10377 0.11321 0.00943 0.04717 0.00000 0.01887 0.07547 0.09434 0.00943 0.07547 0.04717 0.10377 0.04717 0.02830 0.04717 0.02830 0.05660 0.00943 0.00943 0.07547
GNM12918                       0.10377 0.11321 0.01887 0.04717 0.00000 0.02830 0.06604 0.09434 0.00943 0.09434 0.04717 0.10377 0.02830 0.02830 0.04717 0.01887 0.05660 0.00943 0.00943 0.07547
GNM12931                       0.08411 0.14953 0.03738 0.04673 0.00000 0.01869 0.07477 0.08411 0.00000 0.06542 0.07477 0.05607 0.03738 0.00935 0.04673 0.03738 0.02804 0.01869 0.05607 0.07477
GNM12938                       0.11321 0.12264 0.01887 0.03774 0.00943 0.03774 0.07547 0.05660 0.00000 0.08491 0.04717 0.07547 0.04717 0.01887 0.02830 0.06604 0.03774 0.00943 0.05660 0.05660
GNM12996                       0.12264 0.13208 0.01887 0.04717 0.00943 0.02830 0.05660 0.06604 0.00000 0.07547 0.06604 0.08491 0.04717 0.01887 0.02830 0.02830 0.05660 0.00943 0.04717 0.05660
GNM13018                       0.12264 0.13208 0.01887 0.03774 0.00943 0.02830 0.06604 0.06604 0.00000 0.07547 0.06604 0.08491 0.05660 0.01887 0.02830 0.02830 0.05660 0.00943 0.04717 0.04717
GNM13027                       0.11321 0.13208 0.00943 0.04717 0.00943 0.02830 0.08491 0.06604 0.00000 0.06604 0.05660 0.07547 0.06604 0.01887 0.02830 0.03774 0.02830 0.00943 0.04717 0.07547
GNM13046                       0.11667 0.12500 0.01667 0.05000 0.00000 0.01667 0.05000 0.08333 0.01667 0.06667 0.04167 0.12500 0.01667 0.02500 0.05000 0.04167 0.05833 0.00833 0.01667 0.07500
GNM13053                       0.09434 0.09434 0.02830 0.04717 0.00000 0.04717 0.04717 0.11321 0.01887 0.05660 0.06604 0.10377 0.00943 0.00943 0.03774 0.03774 0.05660 0.00943 0.00943 0.11321
GNM13074                       0.10377 0.11321 0.02830 0.04717 0.00000 0.02830 0.06604 0.08491 0.00943 0.08491 0.04717 0.11321 0.03774 0.02830 0.03774 0.01887 0.06604 0.00943 0.00943 0.06604
GNM10010                       0.10377 0.11321 0.02830 0.04717 0.00000 0.01887 0.07547 0.07547 0.01887 0.07547 0.03774 0.11321 0.04717 0.02830 0.03774 0.01887 0.06604 0.00943 0.00943 0.07547
GNM10014                       0.10377 0.12264 0.02830 0.04717 0.00000 0.01887 0.07547 0.07547 0.01887 0.06604 0.03774 0.10377 0.04717 0.02830 0.03774 0.01887 0.06604 0.00943 0.00943 0.08491
GNM13090                       0.10377 0.11321 0.02830 0.04717 0.00000 0.01887 0.07547 0.07547 0.01887 0.06604 0.03774 0.11321 0.04717 0.02830 0.03774 0.01887 0.06604 0.00943 0.00943 0.08491
GNM13118                       0.13208 0.14151 0.00943 0.02830 0.00000 0.02830 0.09434 0.06604 0.00000 0.07547 0.09434 0.08491 0.00943 0.00943 0.03774 0.04717 0.02830 0.00943 0.02830 0.07547
GNM13126                       0.11321 0.11321 0.04717 0.05660 0.00000 0.02830 0.03774 0.09434 0.00000 0.07547 0.08491 0.10377 0.00943 0.00943 0.02830 0.00943 0.05660 0.00000 0.02830 0.10377
GNM13128                       0.09434 0.09434 0.04717 0.04717 0.00000 0.03774 0.04717 0.11321 0.00000 0.08491 0.07547 0.11321 0.00000 0.01887 0.02830 0.00943 0.06604 0.00000 0.00943 0.11321
GNM13208                       0.09434 0.13208 0.00943 0.04717 0.00000 0.02830 0.07547 0.09434 0.00943 0.06604 0.07547 0.10377 0.05660 0.01887 0.04717 0.00943 0.02830 0.00000 0.04717 0.05660
GNM13210                       0.08411 0.12150 0.02804 0.03738 0.00000 0.01869 0.10280 0.08411 0.00935 0.06542 0.05607 0.09346 0.03738 0.00935 0.02804 0.04673 0.03738 0.01869 0.02804 0.09346
GNM12773                       0.11321 0.09434 0.01887 0.03774 0.00000 0.01887 0.07547 0.11321 0.00943 0.08491 0.04717 0.12264 0.03774 0.00943 0.02830 0.04717 0.05660 0.00943 0.01887 0.05660
GNM12769                       0.09434 0.11321 0.00943 0.02830 0.00000 0.03774 0.06604 0.10377 0.00000 0.05660 0.05660 0.12264 0.03774 0.01887 0.04717 0.04717 0.05660 0.00943 0.01887 0.07547
GNM12768                       0.10377 0.11321 0.00943 0.03774 0.00000 0.03774 0.05660 0.09434 0.00000 0.07547 0.02830 0.13208 0.04717 0.01887 0.04717 0.04717 0.03774 0.00943 0.00943 0.09434

Homogeneity statistic: X2 = 15.98595 G = 16.27446 

Average                        0.10361 0.11217 0.02577 0.04803 0.00170 0.02858 0.05769 0.08991 0.01300 0.07111 0.05957 0.10795 0.02770 0.02144 0.04352 0.04504 0.04645 0.00644 0.02126 0.06906
(Ambiguity characters are used to calculate freqs.)


# constant sites:      0 (0.00%)

TREE #  1:  ((((((((46, 152), 137), (65, 102)), 103), 104), (((139, 140), (105, 64)), (138, 141))), ((((((131, 130), 133), 132), 151), (67, 45)), 148)), ((((((((((((((((((((47, 48), ((50, 53), 23)), 52), 63), 55), ((49, 51), 97)), 60), 54), ((76, 22), (25, 24))), ((((((((59, 57), 58), 56), 126), (20, 7)), (((62, (27, 39)), (8, 6)), (94, 21))), ((11, 74), 125)), 80)), 142), (((95, 79), 19), 96)), (((127, 78), 128), 40)), (((((84, 5), 83), (77, 14)), (30, 85)), (15, 73))), (86, 42)), (93, 75)), ((((((41, 90), 91), 44), 43), (16, 143)), (((37, 89), 13), 61))), ((((1, 87), 88), (9, 2)), 38)), ((((35, 36), (3, 33)), (4, 31)), ((12, 34), (32, 92)))), ((((((29, 28), (153, 26)), (71, 72)), 68), ((154, 70), 155)), ((18, 17), 69))), (((((((((((119, 117), 118), 108), 116), 107), (((115, 113), 121), 112)), ((((100, 10), 101), (98, 124)), 99)), (66, 81)), ((150, 149), (82, 129))), ((((((111, 110), 109), 123), 106), (120, 122)), 114)), ((((145, 146), 147), 144), ((136, 134), 135))));   MP score: -1
lnL(ntime:307  np:308): -10932.007019      +0.000000
 156..157 157..158 158..159 159..160 160..161 161..162 162..163 163..46  163..152 162..137 161..164 164..65  164..102 160..103 159..104 158..165 165..166 166..167 167..139 167..140 166..168 168..105 168..64  165..169 169..138 169..141 157..170 170..171 171..172 172..173 173..174 174..175 175..131 175..130 174..133 173..132 172..151 171..176 176..67  176..45  170..148 156..177 177..178 178..179 179..180 180..181 181..182 182..183 183..184 184..185 185..186 186..187 187..188 188..189 189..190 190..191 191..192 192..193 193..194 194..195 195..196 196..47  196..48  195..197 197..198 198..50  198..53  197..23  194..52  193..63  192..55  191..199 199..200 200..49  200..51  199..97  190..60  189..54  188..201 201..202 202..76  202..22  201..203 203..25  203..24  187..204 204..205 205..206 206..207 207..208 208..209 209..210 210..211 211..59  211..57  210..58  209..56  208..126 207..212 212..20  212..7   206..213 213..214 214..215 215..62  215..216 216..27  216..39  214..217 217..8   217..6   213..218 218..94  218..21  205..219 219..220 220..11  220..74  219..125 204..80  186..142 185..221 221..222 222..223 223..95  223..79  222..19  221..96  184..224 224..225 225..226 226..127 226..78  225..128 224..40  183..227 227..228 228..229 229..230 230..231 231..84  231..5   230..83  229..232 232..77  232..14  228..233 233..30  233..85  227..234 234..15  234..73  182..235 235..86  235..42  181..236 236..93  236..75  180..237 237..238 238..239 239..240 240..241 241..242 242..41  242..90  241..91  240..44  239..43  238..243 243..16  243..143 237..244 244..245 245..246 246..37  246..89  245..13  244..61  179..247 247..248 248..249 249..250 250..1   250..87  249..88  248..251 251..9   251..2   247..38  178..252 252..253 253..254 254..255 255..35  255..36  254..256 256..3   256..33  253..257 257..4   257..31  252..258 258..259 259..12  259..34  258..260 260..32  260..92  177..261 261..262 262..263 263..264 264..265 265..266 266..29  266..28  265..267 267..153 267..26  264..268 268..71  268..72  263..68  262..269 269..270 270..154 270..70  269..155 261..271 271..272 272..18  272..17  271..69  156..273 273..274 274..275 275..276 276..277 277..278 278..279 279..280 280..281 281..282 282..283 283..119 283..117 282..118 281..108 280..116 279..107 278..284 284..285 285..286 286..115 286..113 285..121 284..112 277..287 287..288 288..289 289..290 290..100 290..10  289..101 288..291 291..98  291..124 287..99  276..292 292..66  292..81  275..293 293..294 294..150 294..149 293..295 295..82  295..129 274..296 296..297 297..298 298..299 299..300 300..301 301..111 301..110 300..109 299..123 298..106 297..302 302..120 302..122 296..114 273..303 303..304 304..305 305..306 306..145 306..146 305..147 304..144 303..307 307..308 308..136 308..134 307..135
 0.102771 0.165196 0.021636 0.000000 0.049508 0.126723 0.048004 0.270997 0.110585 0.070677 0.000000 0.252918 0.196760 0.304639 0.343917 0.387101 0.047444 0.070519 0.061273 0.000000 0.037986 0.137474 0.097960 0.017467 0.101949 0.043232 0.024482 0.181449 0.065914 0.087928 0.022414 0.022849 0.043886 0.058038 0.006298 0.066512 0.142959 0.049127 0.182428 0.084072 0.526170 0.078140 0.087045 0.077130 0.000000 0.174109 0.070436 0.019293 0.195626 0.057715 0.047872 0.029634 0.007860 0.084891 0.011720 0.054783 0.010673 0.000000 0.034975 0.000000 0.000000 0.000000 0.007614 0.000000 0.015273 0.000000 0.039001 0.000000 0.000000 1.725135 0.252725 0.028850 0.024241 0.008469 0.000000 0.007666 0.182498 0.181938 0.112339 0.036573 0.000000 0.000000 0.039364 0.000000 0.000000 0.014274 0.030112 0.000000 0.040502 0.000000 0.000000 0.000000 0.000000 0.000000 0.000000 0.000000 0.000000 0.000000 0.000000 0.000000 0.007875 0.031644 0.008472 0.000000 0.033027 0.023634 0.000000 0.000000 0.000000 0.023954 0.039773 0.040420 0.007883 0.000000 0.057329 0.000000 0.000000 0.007815 0.000000 0.137514 0.055647 0.057970 0.000000 0.032551 0.022230 0.023838 0.019574 0.059427 0.128884 0.031714 0.008530 0.000000 0.031668 0.056867 0.000000 0.098444 0.033380 0.026278 0.064419 0.033467 0.018358 0.011966 0.050277 0.091062 0.015373 0.000000 0.071051 0.007724 0.000000 0.101448 0.000000 0.030421 0.231054 0.000000 0.000000 0.175955 0.000000 0.000000 0.035104 0.114189 0.265764 0.017504 0.053421 0.053980 0.008950 0.000000 0.051499 0.082819 0.152899 0.061934 0.239565 0.233214 0.000000 0.492227 0.050679 0.053927 0.027481 0.022588 0.179087 0.008675 0.183047 0.415826 0.286926 0.043996 0.048209 0.170569 0.164950 0.000000 0.000000 0.238495 0.332173 0.101117 0.228251 0.188403 0.019222 0.000000 0.118022 0.095062 0.130933 0.492674 0.000000 0.019653 0.083154 0.351681 0.120229 0.026597 0.162966 0.118755 0.104391 0.069664 0.000000 0.000000 0.126063 0.037930 0.064282 0.182450 0.117446 0.139934 0.061683 0.060507 0.043830 0.057394 0.147678 0.324686 0.022810 0.057608 0.434821 0.225101 0.195202 0.077333 0.458293 0.000000 0.000000 0.172814 0.054298 0.027598 0.088683 0.000000 0.090665 0.127694 0.028799 0.000000 0.074785 0.155438 0.000000 0.038404 0.000000 0.041140 0.156035 0.316311 0.319290 0.204411 0.000464 0.010575 0.159731 0.118757 0.238283 0.145915 0.210974 0.014623 0.037658 0.040272 0.036805 0.043826 0.086798 0.000000 0.092245 0.056534 0.088685 0.085631 0.163336 0.055312 0.365216 0.152645 0.117061 0.057438 0.160953 0.128530 0.252145 0.000000 0.024878 0.406523 0.000000 0.115809 0.119637 0.058793 0.010882 0.108638 0.040576 0.061409 0.082109 0.270656 0.035669 0.172302 0.168274 0.022035 0.046261 0.000000 0.009218 0.009253 0.000000 0.010359 0.029015 0.018587 0.000000 0.009457 0.019697 0.903053
