
Printing out site pattern counts


       144         65  P

GNM13746                        ---------- ---------- ADDDEEEEGG GGIIIIIIKK KKKKLLLLMM PPQRRRRRRT TTVVV
GNM13538                        AAEEEEGGIL PQRTTTVVVV ADENDEEEGG GGIIIILVKK KKKKLLVVLM PSQRRRRRRT TTVVV
GNM13671                        ATEEMVGGEP PQRETVAIVV ADENDDEEGG GGIIIVLIKK KRRVILLVLL PRQELRRRRT TTVVV
GNM13876                        ATEEVVGGEP PQRETVVVVV ADKNDDEEGG GGIIVVLIKK KRREILVVLM PKQELRRRRS TTVVV
GNM13680                        AAEEEEGGIV PQRKTVIIVV ADENDEEEGG GNIVVILVKK RKRRLLMVLM SKQRRRRRRT ITVVV
GNM14837                        SAEETEGGIV QQRETVIIIV AETNDEEEGG GGIVVILIKK HKRKLLLVLM SKQKRRRRRT ITVVV
GNM14249                        SADETEGGIV HQRETVIIIV AETNDEEEGG GGIVVILIKK KKRKLLLVLM SKQKRRRRRT ITVVV
GNM13928                        SAEEAEGGIV QQRETVIIIV AETNDEEEGG GGIVVILIKK KKRKLLSVLM SKQKRRRRRT ITVVV
GNM13297                        AAEEEEGGIL PQRTTTVVVV ADENDEEEGG GGIIIILVKK KKKKLLVVLM PSQRRRRRRT TTVVV
GNM14865                        AHSEAEGGIS PEKDTTMVVV ADENNEDQGG GGIIAILILS GRRQILECRQ PSQDRKRRRT MTVVV
GNM13455                        SADETEGGIV QQRDTTIIIV AESNDEEEGG GGIVVILIKK HKRKLLIVLM SKQKRRRRRT ITVVV
GNM14938                        AYEDVVGGEP PYRETVVVVV ADENDDEEGG GGIIIVLIRK KRRALLVVLL PKQELRRRRT TPVVV
GNM14483                        AAEEVEGGVL PQRTTTVIVV ADENEEEEGG GALIIILVKK KKKKLLLVLV PKQRRRRRRT TTIVV
GNM14872                        AAEEEEGGIV PQRKTVIIVV ADENDEEEGG GKIVVILIKK RKRRLLMVLM AKQRRRRRRT ITVVV
GNM13855                        AAEEEEGGIV PQRKTIIIVV ADENDEEEGG GNIIVILIKK KRRKLLMVSM PKQRRRRRRT ITVVV
GNM14545                        ATEEREGGIV PQRDTTPIVL ADEIDEEEGG GGLIVILIKG RKRSILVVLM PKIRRRRRRS QTVVV
GNM14366                        AAEETEGGIV PQKDTVIIVV ADGNDEEEGG GSIIIILIKK KKRKLLMVLM SRQKRRRRRT TTVVV
GNM14252                        SADETEGGIV HQRETVIIIV AETNDEEEGG GGIVVILIKK KKRKLLLVLM SKQKRRRRRT ITVVV
GNM13760                        SAEEAEGGIV QQRETVIIIV AETNDEEEGG GGIVVILIKK KKRKLLAVLM SKQKRRRRRT ITVVV
GNM13982                        AADEVDGGIL PQRVTTIIIV AEENDEEEGG GGLVVVLVKK HKRKLLVVRI SKQKRRRRRT ITPVV
GNM13960                        AADEIEGGIL PQRETTIIVV ADDNDEEEGG GSIVVILTKK RKRKLLIVLI SKQKRRRRRT ITIVV
GNM14633                        AAEESDGGIL PQRQTTIIIV AEENDEEEGG GGLVVVLVKK HKRKLLVVRI SKQKRRRRRT ITPVV
GNM14853                        AAEESDGGIL PQRQTTIIIV AEENDEEEGG GGLVVVLVKK HKRKLLVVRI SKQKRRRRRT ITPVV
GNM14055                        AADESEGGIL TQRETTIIVV ADDNDEEEGG GSIIVILIKK RKRRLLMVLI SKQKRRRRRT ITIVV
GNM14748                        SAEETEGGIV EQRETVIIIV AETNDEEEGG GNIVVILIKK KKRKLLMVLM SKQKRRRRRT ITVVV
GNM14640                        ATEEEEGGIL PQRETIVVVI ADENDEEEGG GSIVIILIKK RRRKILTVLM PRQKRRRRRT ATVVV
GNM14965                        AAEEEEGGIV PQRRTIIIVV ADENDEEEGG GNIVVILIKK KRRKLLMVLM SKQRRRRRRT ITVVV
GNM13677                        ATEEIVGGEP PQRETVVVVV ADKNDDEEGG GGIIVVLIKK KRREILVVLM PKQELRRRRS TTVVV
GNM14339                        ARSDSVGGEG PQRSTVVVVV ADENDDEEGG GGIIVVLIKK RRRAILVVLI PAQEMRRRRT TTVVV
GNM14593                        ATEEVVGGEA PQRETVAIVV ADENDDEEGG GGIIIVLIKR KRRAILIVLM PRQELRRRRT TTVVV
GNM13825                        AYEDVVGGEP PHRETVVIVV ADENDDEEGG GGIIIVLVRK KRRALLVVLM PKQELRRRRT TAVVV
GNM14768                        ATEEIVGGEP PQRETVVIVV ADENDDEEGG GGIIVVIIKK RRRAILIVLM PRQELRRRRS TTVVV
GNM14776                        ATEEIVGGEP PQRETVVIVV ADENDDEEGG GGIIVVIIKK RRRAILIVLM PRQELRRRRS TTVVV
GNM14715                        AAEEIEGGVL PQRTTTVIVV ADENEEEEGG GALIIILVKK KKRKLLMVLV PKQRRRRRRT TTIVV
GNM14639                        AAEEEEGGVP PQRKTTVIVV ADENDDEEGG NGIIVIVIKK KKRKLLIVLM PRQKRRLRRT TTVVV
GNM13795                        SAEETEGGIV EQRETVIIIV AETNDEEEGG GNIVVILIKK KKRKLLMVLM SKQKRRRRRT ITVVV
GNM14166                        AAEETEGGIP SQRVTTIIVV ADDNDEEEGG GSIIVILIKK KKRRLLMVLI SKQRRRRRRT ITVVV
GNM13993                        CAEEQEGGIK PQRDTTVIVV ADDNDEEEGG GNIIIIIVKK RKRKLLMVLI PKQRRRRRRT TIVVV
GNM14450                        AAEEEEGGIV PQRKTTIIVV ADENDEEEGG GDIVVILIKK KKRKLLQVLM SKQRRRRRRT ITVVV
GNM13745                        CADEEEGGIK PQRQTTVLVV ADENDEEEGG GDIIIIVIKK KKRKILLVLI PKQRRRRRRT TTIIV
GNM14030                        CAEEEEGGIK PQRTTTVIIV ADDNDEEEGG GSIIIILVKK RKRKLLVVLI PKQRRRRRRT TTVVV
GNM14959                        AAEEYLGGVA AQRDTVIIVL ADENDEEEGG GGLIVVVIKK TRRKILVVLM PRIRRRRRRT STVIV
GNM13413                        ATEEEEGGIG PQRITFVIVL ADENDEEEGG GGLVIIVIKK TRRRILVVLI PRQRRRRRRT ITVVV
GNM14990                        AADEIEGGIL PQRETTIIVV ADDNDEEEGG GSIVVILTKK RKRKLLIVLI SKQKRRRRRT ITIVV
GNM15005                        AADEIEGGIL PQRETTIIVV ADDNDEEEGG GSIVVILTKK RKRKLLIVLI SKQKRRRRRT ITIVV
GNM15013                        AADEIEGGIL PQRETTIIVV --ERQ---GI K--VVT--R- -KNRY-IVL- NKQ--R-KNK I-TQV
GNM14976                        AADEIEGGIL PQRETTIIVV ADDNDEEEGG GSIVVILTKK RKRKLLIVLI SKQKRRRRRT ITIVV
GNM15022                        AADEFEGGIL PQRETTIIVV ADENDEEEGG GSIVVILTKK RKRKLLIVLI SKQKRRRRRT ITIVV
GNM14995                        AADETEGGIL TQRETTIIVI ADENDEEEGG GSIIVVLIKK RKRQLLMVLI TKQKRRRRRT ITVVV
GNM15018                        SADETEGGIV HQRETVIIIV AETNDEEEGG GGIVVILIKK KKRKLLLVLM SKQKRRRRRT ITVVV
GNM15025                        VADETEGGIL PQRQTTIIVV ADDNDEEEGG GSIIVVLIKK RKQKLLMVLI SKQKRRRRRT ITVVV
GNM15024                        SADETEGGIV HQRETVIIIV AETNDEEEGG GGIVVILIKK KKRKLLLVLM SKQKRRRRRT ITVVV
GNM14980                        SADETEGGIV HQRETVIIIV AETNDEEEGG GGIVVILIKK KKRKLLLVLM SKQKRRRRRT ITVVV
GNM15001                        SADETEGGIV HQRETVIIIV AETNDEEEGG GGIVVILIKK KKRKLLLVLM SKQKRRRRRT ITVVV
GNM15028                        AADEIEGGIL PQRETTIIVV ADDNDEEEGG GSIVVVLIKK RKRRLLLVLI SKQKRRRRRT ITVVV
GNM11003                        ATEEEEDGIG PQRFTFVIVL ADENDEEEGG GGLVVIVIKK TRRKLLLVLI PRQRRRRRRT TTVIV
GNM11023                        ATEEEEGGIG PQRFTFVIVI ADENDEEEGG GGLIVILIIK SRRKLLIVLI PRQRRRRRRT TTVVV
GNM11055                        AHEEEEGGVI PERDTQMLVV ADANNEEAGG GGLVVVIIFK ARKKIIVVLM PEQRKKRRRT TTVVV
GNM11146                        AADEYVGGVA AQRDTTVIVL ADENDEEEGG GGIIVILIKK TRRKILVVLM PRIRRRRRRT NTVIV
GNM11219                        ATEEEVGGIL PQRTTTLIVL ADENDEEEGG GNIIIILIKK RRRKILLVLL PKQKRRRRRT VTVVV
GNM11220                        ATEEREEGIP PQRTTTVIVI ADANDEEEGG GGIIIVVIKR RRRRILLVLM PKLKKRRRRS QTVIV
GNM11224                        ATEEEQGGIL PQRVTTMIVI ADENDEEEGG GDIIIILIKR ERRKILLVLM PRQRRRRRRI TTVVV
GNM11225                        ATEEEQGGIL PQRTTTAIVV ADENDEEDGG GNIIIILIKK KRRKILLVLM PPQRRRRRRT QTVVV
GNM11358                        AAEEEEGGIV PQRKTIIIVV ADENDEEEGG GNIIVILIKK KRRKLLMVSM PKQRRRRRRT ITVVV
GNM11360                        SADETEGGIV QQRDTTIIIV AESNDEEEGG GGIVVILIKK HKRKLLIVLM SKQKRRRRRT ITVVV
GNM11362                        AAEEEEGGIL PQRKTTIIVV ADENDEEEGG GGIIIILIKK QRRKILLVLM LRQRRRRRRA TTVVV
GNM11367                        AADEVDGGIL PQRVTTIIIV AEENDEEEGG GGLVVVLVKK HKRKLLVVRI SKQKRRRRRT ITPVV
GNM11377                        AAEEEEGGIV PQRKTVIIVV ADENDEEEGG GKIVVILIKK RKRRLLMVLM AKQRRRRRRT ITVVV
GNM11380                        AAEETEGGIP SQRVTTIIVV ADDNDEEEGG GSIIVILIKK KKRRLLMVLI SKQRRRRRRT ITVVV
GNM11383                        AADETEGGIV PQKETVILVV ADGNDEEEGG GSIVIILTKK RKRKLLMVLM SRQKRRRRRT TTVVV
GNM11491                        AADETEGGIV SQRETTIIIV ADANDEEEGG GGIIVILIKK KKRQLLMVMR SKQKRRRRRT ITVVV
GNM11804                        AHEEEEGGII PERDTAMIVI ADANNEEAGG GGLIAILIFK TRRKIIVVLM PEQKKKRRRT TTVVV
GNM11805                        ATDEAEGGVA PERDTTMLVM ADDNDEEAGG GGLVAILILR SRKQILVVLM PKTRRKRRRA TTVVV
GNM12883                        AAEEEEGGIV PQRKTVIVVV ADENDEEEGG GNIVVILIKK RKRKLLMVLM AKQRRRRRRT ITVVV
GNM12892                        AAEEEEGGIV PQRRTIIIVV ADENDEEEGG GNIVVILIKK KRRKLLMVLM SKQRRRRRRT ITVVV
GNM12895                        AAEEEEGGIV PQRKTTIIVV ADENDEEEGG GDIVVILIKK KKRKLLQVLM SKQRRRRRRT ITVVV
GNM13061                        AAQEEQGGVL PQRGTTVIVV ADEDEEEEGG GGIIIIVVKK KKKKLLLVLM PPQRRRRRRT TTIVV
GNM13062                        AAEEAEAGVL PQRTTTVIVV ADDNEEEEGG GGLIIILVKR KKRKLLMVLV PKQRRRRRRT TTIVV
GNM13064                        CAEEQEGGIK PQRDTTVIVV ADDNDEEEGG GNIIIIIVKK RKRKLLMVLI PKQRRRRRRT TIVVV
GNM13066                        CAEEQEGGIK PQRDTTVIVV ADDNDEEEGG GNIIIIIIKK RKRKLLMVLI PKQRRRRRRT TIVVV
GNM11032                        ARSDSVGGEG PQRQTVVIVV ADENDDEEGG GGIIVVLIKK KRRKILIVLI PNQEMRRRRT TTVVV
GNM11034                        AYEDVVGGEP PYRETVVVVV ADENDDEEGG GGIIIVLIRK KRRALLVVLL PKQELRRRRT TPVVV
GNM11363                        AAEEEEGGIL PQRKTTIIVV ADENDEEEGG GGIIIILIKK QRRKILLVLM LRQRRRRRRA TTVVV
GNM11375                        SAEEAEGGIV QQRETVIIIV -DTAD---GN XG-VVXIMR- -KRKX-IVL- RKQ--R-NXT I-EKV
GNM11381                        AADETEGGIV PQKETVIIVV ADGNDEEEGG GSIVIVLTKK RKRKLLLVLM SRQKRRRRRT TTVVV
GNM11382                        AAEETEGGIV SQKDTVILVV ADSNDEEEGG GSIIIILIKK RKRKLLMVLM SRQKRRRRRT TTVVV
GNM11799                        AADETEGGIL PQRETSIIVV ADENDEEEGG GSIIVVLIKK RKRKLLIVLV SKQKRRRRRT ITIAV
GNM11931                        AHEEEEGGIA PEKGTTMVVV ADENNEEAGG GGIIAIIVLS GRRQILVCQQ PGQDKKRRRT MTVVV
GNM12040                        AHSEAEGGIS SEKDTTMIIV ADENNEDQGG GGIIAILVLS GRRQILECRQ PSQDRKRRRT MTVVV
GNM12071                        AHGETEGGIS TEKDTTMVVV ADENNEDQGG GGIIAILVLS GRRQILMCQQ PSQDRKRRRT MTVVV
GNM12125                        AHEEEEGGIG PQRITYVIVI ADENDEEEGG GGLVVVVILR GRRKLLLVLI PRQRRRRRRT ITVVV
GNM12126                        VTEEEEGGIG PQRITFVIVI ADENDEEEGG GGLVIILIKK SRRKLLLVLI PRQRRRRRRT TTVVV
GNM12128                        ATREEEGGVG PQRITYVIVI ADENDEEEGG GGLIVIIIRK TRRKLLVVLI PRQRRRRRRT ITVVV
GNM12182                        ATEEEEDGIG PQRFTFVLVL ADENDEEEGG GGLVVIVIKK TRRKLLLVLI PRQRRRRRRT TTVIV
GNM12342                        ATKGYEGGIA AERETVVVVI ADGNDEEEGG GGLIIVIIKP DKKTLLVCLM PKQRRRRRRV ITVVV
GNM12346                        AHEEEEGGIG PEVTTVMIVI ADENNEEAGG GGMIAIVIVK SKRKILLCLI PSQKMKRRRT VTITV
GNM12351                        AHDEDEGGIG ADNMTFMVVI ADENDEESGG GGLVAIFVVK TRRKILICLM PRQKMQRRRT STVCI
GNM12356                        ATKEYEGGLA AQRETIVVVT ADGNDEEEGG GGLIIIIIKA GKKTLLVCLM PKQKRRRRRT FTIIV
GNM12357                        ATQEYEGGIA AQRETVVIVN ADGNDEEEGG GGLIIIILKQ GKKTLLLCLM PKQKRRRRRT FTVVV
GNM12366                        ATQEYEGGIA AQRETVVVVS ADGNDEEEGG GGLIIIILKQ GKKTLLVCLM PKQKRRRRRT FTVVV
GNM12373                        AHDEPEGGIA PELDTTMVVI ADDNNEEEGG GGLVAILIFK SRRKILECLM PSQKLKRRRT STITI
GNM12385                        AHNEAEGGIG PEMDTTMIVI ADDNNEEEGG GGLVAILIVK SRRKILECLS PPQKLKRRRT QTITV
GNM12551                        AAEETEGGVA PERDTTMIVL ADENDEEEGG GGIIVILIKP ERRKILEVLL PPQRRKRRRT TTVVV
GNM12554                        AHDEAEGGIA PESDTTMVVV ADDNNEEEGG GGLIAIIVVK SRRKILECLM PNQKLKRRRT MTITV
GNM12592                        AHEEEEGGIG PEVNTVMVVI ADENNEEAGG GGLIAILVMK TRRKILVCLM PSQKLKRRRT TTVCI
GNM12596                        AHIETEGGIG ADNGTFMVVI ADENDEESGG GGLVAVLIVK TRRKILICLM PRQKLQRRRT STVCI
GNM12602                        AHTEIEGGIG ADNGTFMVVI ADENDEESGG GGLVAVLIVK TRRKILVCLM PRQKLQRRRT STVCI
GNM12665                        AHTETEGGIG ADNGTFMVVI ADENDEESGG GGLVAVLIVK TRRKILICLM PRQKLQRRRT STVCI
GNM12745                        ATEEMEKGIG PERDTTMVVL ADDNDDEIGG GGIIVILVME RRKKLLECLM ARQKLKRRRT MTIVV
GNM12749                        AHME-EGGIG PESDTTMVVI ADDNNEEEGG GGLIAILVVK SRRKILEALM PPQKLKRRRT MTITV
GNM12758                        ATDEMEKGIA PERDTTMVVL ADDNDDEIGG GGIIVILIME RRRKLLECLM PRQKLKRRRT MTIVV
GNM12763                        ATEEEEGGIA PERKTVMVVV ADENDDEIGG GGIIVILIME KRRKLLECLM PRQRLKRRRT ITVVV
GNM12766                        ATKEYEGGIA AQRDTVVIVI ADGNDEEEGG GGLIIVVIKP GKRALLVCLM PKQKRRRRRT TTVIV
GNM12841                        AHGEEEGGIA PEEGTTMVVV ADENNEEAGG GGIIAIIVLS GRRQILVCQQ PEQDRKRRRA MTVVV
GNM12849                        SADETEGGIV QQRDTTIIIV AESNDEEEGG GGIVVILIKK HKRKLLIVLM SKQKRRRRRT ITVVV
GNM12869                        SADETEGGIV HQRETVIIIV AETNDEEEGG GGIVVILIKK KKRKLLLVLM SKQKRRRRRT ITVVV
GNM12896                        AAEETEGGIP SQRVTTIIVV ADDNDEEEGG GSIIVILIKK KKRRLLMVLI SKQRRRRRRT ITVVV
GNM12897                        AAEETEGGIP SQRVTTIIVV ADDNDEEEGG GSIIVILIKK KKRRLLMVLM SKQRRRRRRT ITVVV
GNM12902                        ATDEEEGGVA PERDTTMIVM ADSNDEEAGG GGLVAILVLK SRKQILVVLM PKTRRKRRRA TTVVV
GNM12903                        GAEEYLGGVA AQRDTVIIVL ADENDEEEGG GGIIVVVIKR TKRKLLLILM PRQRRKRRRT TTVVV
GNM12906                        GAEEYIGGIA AQRDTVIIVL ADENDEEEGG GGIIVVVIKR SKRKLLLVLM PRQRRKRRRT TTVIV
GNM12909                        AAEEYLGGIA AQRDTVVIVL ADENDEEEGG GGIIVIVIKR TKRKLLLVLM PRQRRKRRRT TTVIV
GNM12915                        ATDDEEGGIG PERETYTIVI ADENDEEEGG GGIIVVLIRE KRRKILVVLI PRQRRKRRRR TTVVV
GNM10046                        ATDDEEGGIG PERETYTIVI ADENDEEEGG GGIIVVLIRE KRRKILIVLI PRQRRKRRRR TTVVV
GNM12918                        ATDDEEGGIG PERETYTIVI ADENDEEEGG GGIIVVLIRE KRRKILVVLI PRQRRKRRRR TTVVV
GNM12931                        ATEEEEGGIG PQRITFVIVI ADENDEEEGG GGLVIILIKK SRRKILLVLI PRQRRRRRRT ITVVV
GNM12938                        ATEEDEDGIG PQRFTFVIVL ADENDEEEGG GGLVVILIKK SRRKLLLVLI PRQRRRRRRT TTVVV
GNM12996                        ATEEEEDGIG PQRFTFVIVL ADENDEEEGG GGIVVILIKK TRRKLLVVLI PRQRRRRRRT TTVVV
GNM13018                        ATEEEEDGIG PQRFTFVIVL ADENDEEEGG GGIVVILIKK TRRKLLVVLI PRQRRRRRRT TTVVV
GNM13027                        ATEEEEDGIG PQRFTFVIVL ADENDEEEGG GGLVVILIKK TRRKLLLVLI PRQRRRRRRT TTVVV
GNM13046                        AAEEQEGGIL PQRVTIIIIV ADENDEEEGG GSIVVVLIKK RKRQLLMVLI SKQKRRRRRT ITVVV
GNM13053                        AAEEEEGGIT PQRVTTVIVV ADENDEEEGG GGILIILTKK KKQKLLLVLM PAQRRRRRRT TTIVV
GNM13074                        ATDGSEGGIG AERETYVIVV ADENDEEEGG GGIVVVVIKE KRRKILVVLI PRQRRKRRRR TTVIV
GNM10010                        ATDGSEAGIG PERETYVIVV ADENDEEEGG GGIIVVVIKE RRRKILVVLI PRQRRKRRRR TTVVV
GNM10014                        ATDGSEGGIG PERETYVIVV ADENDEEEGG GGIIVVVIKE RRRKILVVLI PRQRRKRRRR TTVVV
GNM13090                        ATDGSEGGIG PERETYVIVV ADENDEEEGG GGIVVVVIKE RRRKILVVLI PRQRRKRRRR TTVIV
GNM13118                        ATSEFEGGVA PQRDTVIIVI ADENDEEEGG GGIVVIVIRK ARRKLLVVLM PRQRRRRRRT TTVVV
GNM13126                        ATNEPEGGVA PERETTMIVI ADANDEEAGG GGLVAILILK SRRQILVVLM PRTKMKRRRA TTVVV
GNM13128                        ATNEPEGGVA PERETTMIVI ADSNDEEAGG GGLIAILILK SRRQILVVLM PRTKMKRRRA TTVVV
GNM13208                        AAEEYIGGVA AQRDTVVIVL ADENDEEEGG GGIVVVVIKK TKRKLLLVLM PRQRRKRRRT TTVVV
GNM13210                        ASEEEEGGIG PQRLTFVIVI ADENDEEEGG GGLVIIVIKK SRRKILIVLI PRQRRRRRRT ITVVV
GNM12773                        STEEKEGGIL PQRETITIVI ADENDEEEGG GQLIIILIKK SRRKILVVLL PKQKRRRRRS TTVVV
GNM12769                        ATDEQQGGIS PQRSTILIVI ADKNDEEEGG NDIIIIVIKK RRKKLLMVLI PPQRRKRRRT TVIVI
GNM12768                        ATEERENGIL PQKETIVVVM ADENDEEEGG GGRVVILVKR -RRKILSVLM SRLSRRRRRT NTVVV



    1    1    1    1    1    1    1    2    1    1    1    1    1    1    1
    1    1    1    1    1    1    1    1    1    1    1    1    1    1    1
    1    1    1    1    1    1    1    1    1    1    1    1    1    1    1
    1    1    1    1    1    1    1    1    1    1    1    1    1    1    1
    1    1    1    1    1

AAML (in paml version 4.9h, March 2018)  tmp0054.txt
Model: Empirical,  (../wag.dat) dGamma (ncatG=4) ns = 144  ls =  66


Frequencies..
                                    A      R      N      D      C      Q      E      G      H      I      L      K      M      F      P      S      T      W      Y      V
GNM13746                       0.02222 0.13333 0.00000 0.06667 0.00000 0.02222 0.08889 0.08889 0.00000 0.13333 0.08889 0.13333 0.04444 0.00000 0.04444 0.00000 0.06667 0.00000 0.00000 0.06667
GNM13538                       0.04545 0.10606 0.01515 0.03030 0.00000 0.03030 0.12121 0.10606 0.00000 0.07576 0.07576 0.09091 0.01515 0.00000 0.03030 0.01515 0.09091 0.00000 0.00000 0.15152
GNM13671                       0.04545 0.12121 0.01515 0.04545 0.00000 0.03030 0.12121 0.10606 0.00000 0.09091 0.09091 0.04545 0.01515 0.00000 0.04545 0.00000 0.07576 0.00000 0.00000 0.15152
GNM13876                       0.03030 0.10606 0.01515 0.04545 0.00000 0.03030 0.12121 0.10606 0.00000 0.06061 0.06061 0.07576 0.01515 0.00000 0.04545 0.01515 0.06061 0.00000 0.00000 0.21212
GNM13680                       0.04545 0.15152 0.03030 0.03030 0.00000 0.03030 0.12121 0.09091 0.00000 0.09091 0.06061 0.07576 0.03030 0.00000 0.01515 0.01515 0.04545 0.00000 0.00000 0.16667
GNM14837                       0.03030 0.10606 0.01515 0.01515 0.00000 0.04545 0.12121 0.10606 0.01515 0.12121 0.07576 0.09091 0.01515 0.00000 0.00000 0.03030 0.07576 0.00000 0.00000 0.13636
GNM14249                       0.03030 0.10606 0.01515 0.03030 0.00000 0.03030 0.10606 0.10606 0.01515 0.12121 0.07576 0.10606 0.01515 0.00000 0.00000 0.03030 0.07576 0.00000 0.00000 0.13636
GNM13928                       0.04545 0.10606 0.01515 0.01515 0.00000 0.04545 0.12121 0.10606 0.00000 0.12121 0.06061 0.10606 0.01515 0.00000 0.00000 0.04545 0.06061 0.00000 0.00000 0.13636
GNM13297                       0.04545 0.10606 0.01515 0.03030 0.00000 0.03030 0.12121 0.10606 0.00000 0.07576 0.07576 0.09091 0.01515 0.00000 0.03030 0.01515 0.09091 0.00000 0.00000 0.15152
GNM14865                       0.06061 0.10606 0.03030 0.06061 0.01515 0.06061 0.09091 0.12121 0.01515 0.09091 0.04545 0.03030 0.03030 0.00000 0.03030 0.06061 0.06061 0.00000 0.00000 0.09091
GNM13455                       0.03030 0.10606 0.01515 0.04545 0.00000 0.04545 0.09091 0.10606 0.01515 0.13636 0.06061 0.09091 0.01515 0.00000 0.00000 0.04545 0.07576 0.00000 0.00000 0.12121
GNM14938                       0.04545 0.12121 0.01515 0.06061 0.00000 0.01515 0.10606 0.10606 0.00000 0.06061 0.09091 0.04545 0.00000 0.00000 0.06061 0.00000 0.04545 0.00000 0.03030 0.19697
GNM14483                       0.06061 0.10606 0.01515 0.01515 0.00000 0.03030 0.12121 0.09091 0.00000 0.07576 0.10606 0.10606 0.00000 0.00000 0.03030 0.00000 0.09091 0.00000 0.00000 0.15152
GNM14872                       0.06061 0.15152 0.01515 0.03030 0.00000 0.03030 0.12121 0.09091 0.00000 0.10606 0.06061 0.09091 0.03030 0.00000 0.01515 0.00000 0.04545 0.00000 0.00000 0.15152
GNM13855                       0.04545 0.13636 0.03030 0.03030 0.00000 0.03030 0.12121 0.09091 0.00000 0.13636 0.04545 0.09091 0.03030 0.00000 0.03030 0.01515 0.04545 0.00000 0.00000 0.12121
GNM14545                       0.03030 0.15152 0.00000 0.04545 0.00000 0.03030 0.10606 0.12121 0.00000 0.12121 0.07576 0.04545 0.01515 0.00000 0.04545 0.03030 0.06061 0.00000 0.00000 0.12121
GNM14366                       0.04545 0.10606 0.01515 0.04545 0.00000 0.03030 0.09091 0.10606 0.00000 0.12121 0.06061 0.10606 0.03030 0.00000 0.01515 0.03030 0.07576 0.00000 0.00000 0.12121
GNM14252                       0.03030 0.10606 0.01515 0.03030 0.00000 0.03030 0.10606 0.10606 0.01515 0.12121 0.07576 0.10606 0.01515 0.00000 0.00000 0.03030 0.07576 0.00000 0.00000 0.13636
GNM13760                       0.06061 0.10606 0.01515 0.01515 0.00000 0.04545 0.12121 0.10606 0.00000 0.12121 0.06061 0.10606 0.01515 0.00000 0.00000 0.03030 0.06061 0.00000 0.00000 0.13636
GNM13982                       0.04545 0.12121 0.01515 0.04545 0.00000 0.03030 0.09091 0.10606 0.01515 0.09091 0.07576 0.09091 0.00000 0.00000 0.03030 0.01515 0.06061 0.00000 0.00000 0.16667
GNM13960                       0.04545 0.12121 0.01515 0.06061 0.00000 0.03030 0.09091 0.09091 0.00000 0.15152 0.07576 0.09091 0.00000 0.00000 0.01515 0.03030 0.07576 0.00000 0.00000 0.10606
GNM14633                       0.04545 0.12121 0.01515 0.03030 0.00000 0.04545 0.10606 0.10606 0.01515 0.09091 0.07576 0.09091 0.00000 0.00000 0.03030 0.03030 0.06061 0.00000 0.00000 0.13636
GNM14853                       0.04545 0.12121 0.01515 0.03030 0.00000 0.04545 0.10606 0.10606 0.01515 0.09091 0.07576 0.09091 0.00000 0.00000 0.03030 0.03030 0.06061 0.00000 0.00000 0.13636
GNM14055                       0.04545 0.13636 0.01515 0.06061 0.00000 0.03030 0.09091 0.09091 0.00000 0.15152 0.07576 0.07576 0.01515 0.00000 0.00000 0.04545 0.07576 0.00000 0.00000 0.09091
GNM14748                       0.03030 0.10606 0.03030 0.01515 0.00000 0.03030 0.13636 0.09091 0.00000 0.12121 0.06061 0.10606 0.03030 0.00000 0.00000 0.03030 0.07576 0.00000 0.00000 0.13636
GNM14640                       0.04545 0.15152 0.01515 0.03030 0.00000 0.03030 0.13636 0.09091 0.00000 0.12121 0.06061 0.06061 0.01515 0.00000 0.03030 0.01515 0.07576 0.00000 0.00000 0.12121
GNM14965                       0.04545 0.15152 0.03030 0.03030 0.00000 0.03030 0.12121 0.09091 0.00000 0.12121 0.06061 0.07576 0.03030 0.00000 0.01515 0.01515 0.04545 0.00000 0.00000 0.13636
GNM13677                       0.03030 0.10606 0.01515 0.04545 0.00000 0.03030 0.12121 0.10606 0.00000 0.07576 0.06061 0.07576 0.01515 0.00000 0.04545 0.01515 0.06061 0.00000 0.00000 0.19697
GNM14339                       0.06061 0.13636 0.01515 0.06061 0.00000 0.03030 0.07576 0.12121 0.00000 0.07576 0.04545 0.03030 0.01515 0.00000 0.03030 0.04545 0.06061 0.00000 0.00000 0.19697
GNM14593                       0.07576 0.13636 0.01515 0.04545 0.00000 0.03030 0.12121 0.10606 0.00000 0.10606 0.06061 0.03030 0.01515 0.00000 0.03030 0.00000 0.07576 0.00000 0.00000 0.15152
GNM13825                       0.06061 0.12121 0.01515 0.06061 0.00000 0.01515 0.10606 0.10606 0.01515 0.06061 0.07576 0.04545 0.01515 0.00000 0.04545 0.00000 0.04545 0.00000 0.01515 0.19697
GNM14768                       0.04545 0.13636 0.01515 0.04545 0.00000 0.03030 0.12121 0.10606 0.00000 0.12121 0.04545 0.03030 0.01515 0.00000 0.04545 0.01515 0.06061 0.00000 0.00000 0.16667
GNM14776                       0.04545 0.13636 0.01515 0.04545 0.00000 0.03030 0.12121 0.10606 0.00000 0.12121 0.04545 0.03030 0.01515 0.00000 0.04545 0.01515 0.06061 0.00000 0.00000 0.16667
GNM14715                       0.06061 0.12121 0.01515 0.01515 0.00000 0.03030 0.12121 0.09091 0.00000 0.09091 0.09091 0.09091 0.01515 0.00000 0.03030 0.00000 0.09091 0.00000 0.00000 0.13636
GNM14639                       0.04545 0.10606 0.03030 0.04545 0.00000 0.03030 0.10606 0.09091 0.00000 0.09091 0.06061 0.10606 0.01515 0.00000 0.04545 0.00000 0.07576 0.00000 0.00000 0.15152
GNM13795                       0.03030 0.10606 0.03030 0.01515 0.00000 0.03030 0.13636 0.09091 0.00000 0.12121 0.06061 0.10606 0.03030 0.00000 0.00000 0.03030 0.07576 0.00000 0.00000 0.13636
GNM14166                       0.04545 0.13636 0.01515 0.04545 0.00000 0.03030 0.09091 0.09091 0.00000 0.13636 0.06061 0.07576 0.01515 0.00000 0.01515 0.04545 0.07576 0.00000 0.00000 0.12121
GNM13993                       0.03030 0.13636 0.03030 0.06061 0.01515 0.04545 0.09091 0.09091 0.00000 0.13636 0.04545 0.09091 0.01515 0.00000 0.03030 0.00000 0.06061 0.00000 0.00000 0.12121
GNM14450                       0.04545 0.12121 0.01515 0.04545 0.00000 0.04545 0.12121 0.09091 0.00000 0.10606 0.06061 0.10606 0.01515 0.00000 0.01515 0.01515 0.06061 0.00000 0.00000 0.13636
GNM13745                       0.03030 0.12121 0.01515 0.06061 0.01515 0.04545 0.10606 0.09091 0.00000 0.15152 0.06061 0.10606 0.00000 0.00000 0.03030 0.00000 0.07576 0.00000 0.00000 0.09091
GNM14030                       0.03030 0.13636 0.01515 0.04545 0.01515 0.03030 0.10606 0.09091 0.00000 0.12121 0.06061 0.09091 0.00000 0.00000 0.03030 0.01515 0.09091 0.00000 0.00000 0.12121
GNM14959                       0.07576 0.15152 0.01515 0.04545 0.00000 0.01515 0.09091 0.10606 0.00000 0.10606 0.07576 0.04545 0.01515 0.00000 0.01515 0.01515 0.06061 0.00000 0.01515 0.15152
GNM13413                       0.03030 0.16667 0.01515 0.03030 0.00000 0.03030 0.12121 0.12121 0.00000 0.13636 0.06061 0.03030 0.00000 0.01515 0.03030 0.00000 0.07576 0.00000 0.00000 0.13636
GNM14990                       0.04545 0.12121 0.01515 0.06061 0.00000 0.03030 0.09091 0.09091 0.00000 0.15152 0.07576 0.09091 0.00000 0.00000 0.01515 0.03030 0.07576 0.00000 0.00000 0.10606
GNM15005                       0.04545 0.12121 0.01515 0.06061 0.00000 0.03030 0.09091 0.09091 0.00000 0.15152 0.07576 0.09091 0.00000 0.00000 0.01515 0.03030 0.07576 0.00000 0.00000 0.10606
GNM15013                       0.04082 0.10204 0.06122 0.02041 0.00000 0.08163 0.08163 0.08163 0.00000 0.14286 0.04082 0.10204 0.00000 0.00000 0.02041 0.00000 0.08163 0.00000 0.02041 0.12245
GNM14976                       0.04545 0.12121 0.01515 0.06061 0.00000 0.03030 0.09091 0.09091 0.00000 0.15152 0.07576 0.09091 0.00000 0.00000 0.01515 0.03030 0.07576 0.00000 0.00000 0.10606
GNM15022                       0.04545 0.12121 0.01515 0.04545 0.00000 0.03030 0.10606 0.09091 0.00000 0.13636 0.07576 0.09091 0.00000 0.01515 0.01515 0.03030 0.07576 0.00000 0.00000 0.10606
GNM14995                       0.04545 0.12121 0.01515 0.04545 0.00000 0.04545 0.10606 0.09091 0.00000 0.13636 0.07576 0.07576 0.01515 0.00000 0.00000 0.01515 0.10606 0.00000 0.00000 0.10606
GNM15018                       0.03030 0.10606 0.01515 0.03030 0.00000 0.03030 0.10606 0.10606 0.01515 0.12121 0.07576 0.10606 0.01515 0.00000 0.00000 0.03030 0.07576 0.00000 0.00000 0.13636
GNM15025                       0.03030 0.10606 0.01515 0.06061 0.00000 0.06061 0.07576 0.09091 0.00000 0.12121 0.07576 0.09091 0.01515 0.00000 0.01515 0.03030 0.07576 0.00000 0.00000 0.13636
GNM15024                       0.03030 0.10606 0.01515 0.03030 0.00000 0.03030 0.10606 0.10606 0.01515 0.12121 0.07576 0.10606 0.01515 0.00000 0.00000 0.03030 0.07576 0.00000 0.00000 0.13636
GNM14980                       0.03030 0.10606 0.01515 0.03030 0.00000 0.03030 0.10606 0.10606 0.01515 0.12121 0.07576 0.10606 0.01515 0.00000 0.00000 0.03030 0.07576 0.00000 0.00000 0.13636
GNM15001                       0.03030 0.10606 0.01515 0.03030 0.00000 0.03030 0.10606 0.10606 0.01515 0.12121 0.07576 0.10606 0.01515 0.00000 0.00000 0.03030 0.07576 0.00000 0.00000 0.13636
GNM15028                       0.04545 0.13636 0.01515 0.06061 0.00000 0.03030 0.09091 0.09091 0.00000 0.12121 0.09091 0.07576 0.00000 0.00000 0.01515 0.03030 0.06061 0.00000 0.00000 0.13636
GNM11003                       0.03030 0.15152 0.01515 0.04545 0.00000 0.03030 0.12121 0.10606 0.00000 0.09091 0.09091 0.04545 0.00000 0.03030 0.03030 0.00000 0.09091 0.00000 0.00000 0.12121
GNM11023                       0.03030 0.15152 0.01515 0.03030 0.00000 0.03030 0.12121 0.12121 0.00000 0.13636 0.07576 0.03030 0.00000 0.03030 0.03030 0.01515 0.07576 0.00000 0.00000 0.10606
GNM11055                       0.07576 0.09091 0.03030 0.03030 0.00000 0.03030 0.12121 0.10606 0.01515 0.07576 0.04545 0.07576 0.03030 0.01515 0.03030 0.00000 0.06061 0.00000 0.00000 0.16667
GNM11146                       0.07576 0.15152 0.03030 0.06061 0.00000 0.01515 0.07576 0.10606 0.00000 0.12121 0.06061 0.04545 0.01515 0.00000 0.01515 0.00000 0.07576 0.00000 0.01515 0.13636
GNM11219                       0.03030 0.13636 0.03030 0.03030 0.00000 0.03030 0.10606 0.09091 0.00000 0.12121 0.12121 0.07576 0.00000 0.00000 0.03030 0.00000 0.09091 0.00000 0.00000 0.10606
GNM11220                       0.04545 0.16667 0.01515 0.03030 0.00000 0.03030 0.10606 0.09091 0.00000 0.13636 0.06061 0.06061 0.01515 0.00000 0.04545 0.01515 0.07576 0.00000 0.00000 0.10606
GNM11224                       0.03030 0.16667 0.01515 0.04545 0.00000 0.04545 0.12121 0.09091 0.00000 0.15152 0.07576 0.03030 0.03030 0.00000 0.03030 0.00000 0.07576 0.00000 0.00000 0.09091
GNM11225                       0.04545 0.13636 0.03030 0.04545 0.00000 0.06061 0.09091 0.09091 0.00000 0.12121 0.07576 0.06061 0.01515 0.00000 0.04545 0.00000 0.09091 0.00000 0.00000 0.09091
GNM11358                       0.04545 0.13636 0.03030 0.03030 0.00000 0.03030 0.12121 0.09091 0.00000 0.13636 0.04545 0.09091 0.03030 0.00000 0.03030 0.01515 0.04545 0.00000 0.00000 0.12121
GNM11360                       0.03030 0.10606 0.01515 0.04545 0.00000 0.04545 0.09091 0.10606 0.01515 0.13636 0.06061 0.09091 0.01515 0.00000 0.00000 0.04545 0.07576 0.00000 0.00000 0.12121
GNM11362                       0.06061 0.15152 0.01515 0.03030 0.00000 0.04545 0.12121 0.10606 0.00000 0.13636 0.09091 0.06061 0.01515 0.00000 0.01515 0.00000 0.06061 0.00000 0.00000 0.09091
GNM11367                       0.04545 0.12121 0.01515 0.04545 0.00000 0.03030 0.09091 0.10606 0.01515 0.09091 0.07576 0.09091 0.00000 0.00000 0.03030 0.01515 0.06061 0.00000 0.00000 0.16667
GNM11377                       0.06061 0.15152 0.01515 0.03030 0.00000 0.03030 0.12121 0.09091 0.00000 0.10606 0.06061 0.09091 0.03030 0.00000 0.01515 0.00000 0.04545 0.00000 0.00000 0.15152
GNM11380                       0.04545 0.13636 0.01515 0.04545 0.00000 0.03030 0.09091 0.09091 0.00000 0.13636 0.06061 0.07576 0.01515 0.00000 0.01515 0.04545 0.07576 0.00000 0.00000 0.12121
GNM11383                       0.04545 0.12121 0.01515 0.04545 0.00000 0.03030 0.09091 0.10606 0.00000 0.07576 0.07576 0.09091 0.03030 0.00000 0.01515 0.03030 0.09091 0.00000 0.00000 0.13636
GNM11491                       0.06061 0.12121 0.01515 0.04545 0.00000 0.04545 0.09091 0.10606 0.00000 0.13636 0.04545 0.09091 0.03030 0.00000 0.00000 0.03030 0.07576 0.00000 0.00000 0.10606
GNM11804                       0.09091 0.09091 0.03030 0.03030 0.00000 0.01515 0.12121 0.10606 0.01515 0.13636 0.04545 0.07576 0.03030 0.01515 0.03030 0.00000 0.07576 0.00000 0.00000 0.09091
GNM11805                       0.10606 0.12121 0.01515 0.07576 0.00000 0.01515 0.07576 0.10606 0.00000 0.04545 0.09091 0.04545 0.04545 0.00000 0.03030 0.01515 0.09091 0.00000 0.00000 0.12121
GNM12883                       0.06061 0.13636 0.03030 0.03030 0.00000 0.03030 0.12121 0.09091 0.00000 0.09091 0.06061 0.09091 0.03030 0.00000 0.01515 0.00000 0.04545 0.00000 0.00000 0.16667
GNM12892                       0.04545 0.15152 0.03030 0.03030 0.00000 0.03030 0.12121 0.09091 0.00000 0.12121 0.06061 0.07576 0.03030 0.00000 0.01515 0.01515 0.04545 0.00000 0.00000 0.13636
GNM12895                       0.04545 0.12121 0.01515 0.04545 0.00000 0.04545 0.12121 0.09091 0.00000 0.10606 0.06061 0.10606 0.01515 0.00000 0.01515 0.01515 0.06061 0.00000 0.00000 0.13636
GNM13061                       0.04545 0.10606 0.00000 0.03030 0.00000 0.06061 0.10606 0.12121 0.00000 0.09091 0.07576 0.09091 0.01515 0.00000 0.04545 0.00000 0.07576 0.00000 0.00000 0.13636
GNM13062                       0.07576 0.13636 0.01515 0.03030 0.00000 0.03030 0.10606 0.09091 0.00000 0.07576 0.09091 0.07576 0.01515 0.00000 0.03030 0.00000 0.09091 0.00000 0.00000 0.13636
GNM13064                       0.03030 0.13636 0.03030 0.06061 0.01515 0.04545 0.09091 0.09091 0.00000 0.13636 0.04545 0.09091 0.01515 0.00000 0.03030 0.00000 0.06061 0.00000 0.00000 0.12121
GNM13066                       0.03030 0.13636 0.03030 0.06061 0.01515 0.04545 0.09091 0.09091 0.00000 0.15152 0.04545 0.09091 0.01515 0.00000 0.03030 0.00000 0.06061 0.00000 0.00000 0.10606
GNM11032                       0.03030 0.12121 0.03030 0.06061 0.00000 0.04545 0.07576 0.12121 0.00000 0.10606 0.04545 0.06061 0.01515 0.00000 0.03030 0.03030 0.06061 0.00000 0.00000 0.16667
GNM11034                       0.04545 0.12121 0.01515 0.06061 0.00000 0.01515 0.10606 0.10606 0.00000 0.06061 0.09091 0.04545 0.00000 0.00000 0.06061 0.00000 0.04545 0.00000 0.03030 0.19697
GNM11363                       0.06061 0.15152 0.01515 0.03030 0.00000 0.04545 0.12121 0.10606 0.00000 0.13636 0.09091 0.06061 0.01515 0.00000 0.01515 0.00000 0.06061 0.00000 0.00000 0.09091
GNM11375                       0.06122 0.10204 0.04082 0.04082 0.00000 0.06122 0.10204 0.10204 0.00000 0.14286 0.02041 0.08163 0.02041 0.00000 0.00000 0.02041 0.06122 0.00000 0.00000 0.14286
GNM11381                       0.04545 0.12121 0.01515 0.04545 0.00000 0.03030 0.09091 0.10606 0.00000 0.07576 0.07576 0.09091 0.01515 0.00000 0.01515 0.03030 0.09091 0.00000 0.00000 0.15152
GNM11382                       0.04545 0.12121 0.01515 0.04545 0.00000 0.03030 0.09091 0.09091 0.00000 0.10606 0.07576 0.09091 0.03030 0.00000 0.00000 0.06061 0.07576 0.00000 0.00000 0.12121
GNM11799                       0.06061 0.12121 0.01515 0.04545 0.00000 0.03030 0.10606 0.09091 0.00000 0.13636 0.07576 0.09091 0.00000 0.00000 0.01515 0.04545 0.06061 0.00000 0.00000 0.10606
GNM11931                       0.07576 0.07576 0.03030 0.03030 0.01515 0.06061 0.12121 0.15152 0.01515 0.09091 0.03030 0.04545 0.03030 0.00000 0.03030 0.01515 0.06061 0.00000 0.00000 0.12121
GNM12040                       0.06061 0.10606 0.03030 0.06061 0.01515 0.06061 0.09091 0.12121 0.01515 0.10606 0.04545 0.03030 0.03030 0.00000 0.01515 0.07576 0.06061 0.00000 0.00000 0.07576
GNM12071                       0.04545 0.09091 0.03030 0.06061 0.01515 0.07576 0.07576 0.13636 0.01515 0.07576 0.04545 0.03030 0.04545 0.00000 0.01515 0.04545 0.09091 0.00000 0.00000 0.10606
GNM12125                       0.03030 0.16667 0.01515 0.03030 0.00000 0.03030 0.12121 0.13636 0.01515 0.10606 0.09091 0.01515 0.00000 0.00000 0.03030 0.00000 0.04545 0.00000 0.01515 0.15152
GNM12126                       0.01515 0.15152 0.01515 0.03030 0.00000 0.03030 0.12121 0.12121 0.00000 0.12121 0.09091 0.04545 0.00000 0.01515 0.03030 0.01515 0.07576 0.00000 0.00000 0.12121
GNM12128                       0.03030 0.18182 0.01515 0.03030 0.00000 0.03030 0.10606 0.12121 0.00000 0.13636 0.06061 0.03030 0.00000 0.00000 0.03030 0.00000 0.07576 0.00000 0.01515 0.13636
GNM12182                       0.03030 0.15152 0.01515 0.04545 0.00000 0.03030 0.12121 0.10606 0.00000 0.07576 0.10606 0.04545 0.00000 0.03030 0.03030 0.00000 0.09091 0.00000 0.00000 0.12121
GNM12342                       0.06061 0.10606 0.01515 0.04545 0.01515 0.01515 0.09091 0.13636 0.00000 0.10606 0.06061 0.07576 0.01515 0.00000 0.03030 0.00000 0.06061 0.00000 0.01515 0.15152
GNM12346                       0.06061 0.06061 0.03030 0.01515 0.01515 0.01515 0.12121 0.12121 0.01515 0.13636 0.04545 0.07576 0.04545 0.00000 0.03030 0.03030 0.07576 0.00000 0.00000 0.10606
GNM12351                       0.06061 0.09091 0.03030 0.07576 0.03030 0.03030 0.07576 0.12121 0.01515 0.09091 0.04545 0.04545 0.06061 0.03030 0.01515 0.03030 0.06061 0.00000 0.00000 0.09091
GNM12356                       0.07576 0.09091 0.01515 0.03030 0.01515 0.03030 0.09091 0.13636 0.00000 0.12121 0.07576 0.09091 0.01515 0.01515 0.01515 0.00000 0.09091 0.00000 0.01515 0.07576
GNM12357                       0.06061 0.09091 0.03030 0.03030 0.01515 0.06061 0.09091 0.13636 0.00000 0.09091 0.09091 0.07576 0.01515 0.01515 0.01515 0.00000 0.07576 0.00000 0.01515 0.09091
GNM12366                       0.06061 0.09091 0.01515 0.03030 0.01515 0.06061 0.09091 0.13636 0.00000 0.07576 0.07576 0.07576 0.01515 0.01515 0.01515 0.01515 0.07576 0.00000 0.01515 0.12121
GNM12373                       0.06061 0.07576 0.03030 0.06061 0.01515 0.01515 0.10606 0.10606 0.01515 0.10606 0.09091 0.06061 0.03030 0.01515 0.04545 0.04545 0.07576 0.00000 0.00000 0.04545
GNM12385                       0.06061 0.07576 0.04545 0.04545 0.01515 0.03030 0.10606 0.12121 0.01515 0.10606 0.07576 0.06061 0.03030 0.00000 0.04545 0.03030 0.07576 0.00000 0.00000 0.06061
GNM12551                       0.06061 0.12121 0.01515 0.04545 0.00000 0.01515 0.15152 0.10606 0.00000 0.09091 0.07576 0.04545 0.01515 0.00000 0.06061 0.00000 0.09091 0.00000 0.00000 0.10606
GNM12554                       0.07576 0.07576 0.04545 0.06061 0.01515 0.01515 0.10606 0.10606 0.01515 0.09091 0.06061 0.06061 0.04545 0.00000 0.03030 0.03030 0.07576 0.00000 0.00000 0.09091
GNM12592                       0.06061 0.07576 0.04545 0.01515 0.03030 0.01515 0.12121 0.12121 0.01515 0.09091 0.07576 0.06061 0.04545 0.00000 0.03030 0.01515 0.07576 0.00000 0.00000 0.10606
GNM12596                       0.06061 0.09091 0.03030 0.04545 0.03030 0.03030 0.07576 0.13636 0.01515 0.10606 0.07576 0.04545 0.03030 0.01515 0.01515 0.03030 0.07576 0.00000 0.00000 0.09091
GNM12602                       0.06061 0.09091 0.03030 0.04545 0.03030 0.03030 0.07576 0.13636 0.01515 0.09091 0.07576 0.04545 0.03030 0.01515 0.01515 0.03030 0.07576 0.00000 0.00000 0.10606
GNM12665                       0.06061 0.09091 0.03030 0.04545 0.03030 0.03030 0.07576 0.13636 0.01515 0.09091 0.07576 0.04545 0.03030 0.01515 0.01515 0.03030 0.09091 0.00000 0.00000 0.09091
GNM12745                       0.04545 0.10606 0.01515 0.07576 0.01515 0.01515 0.10606 0.10606 0.00000 0.09091 0.09091 0.07576 0.07576 0.00000 0.01515 0.00000 0.07576 0.00000 0.00000 0.09091
GNM12749                       0.06154 0.07692 0.03077 0.04615 0.00000 0.01538 0.10769 0.12308 0.01538 0.09231 0.07692 0.06154 0.06154 0.00000 0.04615 0.03077 0.07692 0.00000 0.00000 0.07692
GNM12758                       0.04545 0.12121 0.01515 0.09091 0.01515 0.01515 0.09091 0.09091 0.00000 0.10606 0.09091 0.06061 0.07576 0.00000 0.03030 0.00000 0.07576 0.00000 0.00000 0.07576
GNM12763                       0.04545 0.12121 0.01515 0.04545 0.01515 0.01515 0.13636 0.10606 0.00000 0.10606 0.07576 0.06061 0.04545 0.00000 0.03030 0.00000 0.06061 0.00000 0.00000 0.12121
GNM12766                       0.07576 0.10606 0.01515 0.04545 0.01515 0.03030 0.07576 0.13636 0.00000 0.10606 0.06061 0.07576 0.01515 0.00000 0.03030 0.00000 0.07576 0.00000 0.01515 0.12121
GNM12841                       0.09091 0.09091 0.03030 0.03030 0.01515 0.06061 0.13636 0.15152 0.01515 0.09091 0.03030 0.01515 0.03030 0.00000 0.03030 0.01515 0.04545 0.00000 0.00000 0.12121
GNM12849                       0.03030 0.10606 0.01515 0.04545 0.00000 0.04545 0.09091 0.10606 0.01515 0.13636 0.06061 0.09091 0.01515 0.00000 0.00000 0.04545 0.07576 0.00000 0.00000 0.12121
GNM12869                       0.03030 0.10606 0.01515 0.03030 0.00000 0.03030 0.10606 0.10606 0.01515 0.12121 0.07576 0.10606 0.01515 0.00000 0.00000 0.03030 0.07576 0.00000 0.00000 0.13636
GNM12896                       0.04545 0.13636 0.01515 0.04545 0.00000 0.03030 0.09091 0.09091 0.00000 0.13636 0.06061 0.07576 0.01515 0.00000 0.01515 0.04545 0.07576 0.00000 0.00000 0.12121
GNM12897                       0.04545 0.13636 0.01515 0.04545 0.00000 0.03030 0.09091 0.09091 0.00000 0.12121 0.06061 0.07576 0.03030 0.00000 0.01515 0.04545 0.07576 0.00000 0.00000 0.12121
GNM12902                       0.09091 0.10606 0.01515 0.06061 0.00000 0.01515 0.09091 0.10606 0.00000 0.04545 0.07576 0.06061 0.04545 0.00000 0.03030 0.03030 0.09091 0.00000 0.00000 0.13636
GNM12903                       0.06061 0.13636 0.01515 0.04545 0.00000 0.03030 0.09091 0.12121 0.00000 0.09091 0.09091 0.06061 0.01515 0.00000 0.01515 0.00000 0.07576 0.00000 0.01515 0.13636
GNM12906                       0.06061 0.13636 0.01515 0.04545 0.00000 0.03030 0.09091 0.12121 0.00000 0.12121 0.07576 0.06061 0.01515 0.00000 0.01515 0.01515 0.06061 0.00000 0.01515 0.12121
GNM12909                       0.07576 0.13636 0.01515 0.04545 0.00000 0.03030 0.09091 0.10606 0.00000 0.10606 0.09091 0.06061 0.01515 0.00000 0.01515 0.00000 0.07576 0.00000 0.01515 0.12121
GNM12915                       0.03030 0.16667 0.01515 0.06061 0.00000 0.01515 0.13636 0.12121 0.00000 0.12121 0.04545 0.04545 0.00000 0.00000 0.03030 0.00000 0.07576 0.00000 0.01515 0.12121
GNM10046                       0.03030 0.16667 0.01515 0.06061 0.00000 0.01515 0.13636 0.12121 0.00000 0.13636 0.04545 0.04545 0.00000 0.00000 0.03030 0.00000 0.07576 0.00000 0.01515 0.10606
GNM12918                       0.03030 0.16667 0.01515 0.06061 0.00000 0.01515 0.13636 0.12121 0.00000 0.12121 0.04545 0.04545 0.00000 0.00000 0.03030 0.00000 0.07576 0.00000 0.01515 0.12121
GNM12931                       0.03030 0.15152 0.01515 0.03030 0.00000 0.03030 0.12121 0.12121 0.00000 0.15152 0.07576 0.04545 0.00000 0.01515 0.03030 0.01515 0.06061 0.00000 0.00000 0.10606
GNM12938                       0.03030 0.15152 0.01515 0.06061 0.00000 0.03030 0.10606 0.10606 0.00000 0.07576 0.10606 0.04545 0.00000 0.03030 0.03030 0.01515 0.07576 0.00000 0.00000 0.12121
GNM12996                       0.03030 0.15152 0.01515 0.04545 0.00000 0.03030 0.12121 0.10606 0.00000 0.09091 0.07576 0.04545 0.00000 0.03030 0.03030 0.00000 0.09091 0.00000 0.00000 0.13636
GNM13018                       0.03030 0.15152 0.01515 0.04545 0.00000 0.03030 0.12121 0.10606 0.00000 0.09091 0.07576 0.04545 0.00000 0.03030 0.03030 0.00000 0.09091 0.00000 0.00000 0.13636
GNM13027                       0.03030 0.15152 0.01515 0.04545 0.00000 0.03030 0.12121 0.10606 0.00000 0.07576 0.10606 0.04545 0.00000 0.03030 0.03030 0.00000 0.09091 0.00000 0.00000 0.12121
GNM13046                       0.04545 0.12121 0.01515 0.03030 0.00000 0.06061 0.10606 0.09091 0.00000 0.13636 0.07576 0.07576 0.01515 0.00000 0.01515 0.03030 0.04545 0.00000 0.00000 0.13636
GNM13053                       0.06061 0.10606 0.01515 0.03030 0.00000 0.04545 0.12121 0.10606 0.00000 0.09091 0.09091 0.07576 0.01515 0.00000 0.03030 0.00000 0.10606 0.00000 0.00000 0.10606
GNM13074                       0.04545 0.15152 0.01515 0.04545 0.00000 0.01515 0.12121 0.13636 0.00000 0.10606 0.03030 0.06061 0.00000 0.00000 0.01515 0.01515 0.06061 0.00000 0.01515 0.16667
GNM10010                       0.04545 0.16667 0.01515 0.04545 0.00000 0.01515 0.12121 0.12121 0.00000 0.10606 0.03030 0.04545 0.00000 0.00000 0.03030 0.01515 0.06061 0.00000 0.01515 0.16667
GNM10014                       0.03030 0.16667 0.01515 0.04545 0.00000 0.01515 0.12121 0.13636 0.00000 0.10606 0.03030 0.04545 0.00000 0.00000 0.03030 0.01515 0.06061 0.00000 0.01515 0.16667
GNM13090                       0.03030 0.16667 0.01515 0.04545 0.00000 0.01515 0.12121 0.13636 0.00000 0.10606 0.03030 0.04545 0.00000 0.00000 0.03030 0.01515 0.06061 0.00000 0.01515 0.16667
GNM13118                       0.06061 0.16667 0.01515 0.04545 0.00000 0.03030 0.09091 0.10606 0.00000 0.09091 0.04545 0.03030 0.01515 0.01515 0.03030 0.01515 0.07576 0.00000 0.00000 0.16667
GNM13126                       0.10606 0.10606 0.03030 0.03030 0.00000 0.01515 0.09091 0.10606 0.00000 0.07576 0.07576 0.04545 0.04545 0.00000 0.04545 0.01515 0.09091 0.00000 0.00000 0.12121
GNM13128                       0.09091 0.10606 0.03030 0.03030 0.00000 0.01515 0.09091 0.10606 0.00000 0.09091 0.07576 0.04545 0.04545 0.00000 0.04545 0.03030 0.09091 0.00000 0.00000 0.10606
GNM13208                       0.07576 0.12121 0.01515 0.04545 0.00000 0.03030 0.09091 0.10606 0.00000 0.06061 0.07576 0.07576 0.01515 0.00000 0.01515 0.00000 0.07576 0.00000 0.01515 0.18182
GNM13210                       0.03030 0.15152 0.01515 0.03030 0.00000 0.03030 0.12121 0.12121 0.00000 0.15152 0.06061 0.04545 0.00000 0.01515 0.03030 0.03030 0.04545 0.00000 0.00000 0.12121
GNM12773                       0.01515 0.12121 0.01515 0.03030 0.00000 0.04545 0.12121 0.09091 0.00000 0.13636 0.09091 0.09091 0.00000 0.00000 0.03030 0.04545 0.07576 0.00000 0.00000 0.09091
GNM12769                       0.03030 0.12121 0.03030 0.06061 0.00000 0.06061 0.06061 0.07576 0.00000 0.18182 0.06061 0.09091 0.01515 0.00000 0.04545 0.03030 0.06061 0.00000 0.00000 0.07576
GNM12768                       0.03077 0.16923 0.04615 0.03077 0.00000 0.01538 0.12308 0.09231 0.00000 0.06154 0.07692 0.04615 0.03077 0.00000 0.01538 0.04615 0.06154 0.00000 0.00000 0.15385

Homogeneity statistic: X2 = 23.16486 G = 21.75194 

Average                        0.04806 0.12427 0.01969 0.04255 0.00339 0.03271 0.10617 0.10670 0.00360 0.10988 0.06849 0.07018 0.01757 0.00328 0.02392 0.01831 0.07135 0.00000 0.00275 0.12713
(Ambiguity characters are used to calculate freqs.)


# constant sites:      1 (1.52%)

TREE #  1:  ((((((((43, 141), 126), (57, 91)), 92), 93), (((128, 129), (94, 56)), (127, 130))), (((((121, 120), 122), 140), (59, 42)), 137)), ((((((((((((((((((((44, 45), ((46, 48), 21)), 47), 55), 87), 51), 49), 24), ((67, 20), (23, 22))), ((((((((52, 53), 50), 54), 116), (18, 7)), (((25, 36), (8, 6)), (84, 19))), ((11, 65), 115)), 71)), 131), (((85, 70), 17), 86)), (((117, 69), 118), 37)), ((((5, 74), (68, 14)), (27, 75)), (15, 64))), (76, 39)), (83, 66)), ((((((38, 79), 80), 41), 40), 132), ((34, 78), 13))), (((1, 77), (9, 2)), 35)), ((((32, 33), (3, 30)), (4, 28)), (((82, 12), 31), (29, 81)))), (((((26, 142), (62, 63)), 60), (143, 144)), (16, 61))), (((((((((((108, 106), 107), 97), 105), 96), (((104, 102), 110), 101)), ((((89, 10), 90), 114), 88)), (58, 72)), ((139, 138), (73, 119))), ((((((100, 99), 98), 113), 95), ((109, 111), 112)), 103)), ((((134, 135), 136), 133), ((125, 123), 124))));   MP score: -1
lnL(ntime:285  np:286):  -4162.277244      +0.000000
 145..146 146..147 147..148 148..149 149..150 150..151 151..152 152..43  152..141 151..126 150..153 153..57  153..91  149..92  148..93  147..154 154..155 155..156 156..128 156..129 155..157 157..94  157..56  154..158 158..127 158..130 146..159 159..160 160..161 161..162 162..163 163..121 163..120 162..122 161..140 160..164 164..59  164..42  159..137 145..165 165..166 166..167 167..168 168..169 169..170 170..171 171..172 172..173 173..174 174..175 175..176 176..177 177..178 178..179 179..180 180..181 181..182 182..183 183..184 184..44  184..45  183..185 185..186 186..46  186..48  185..21  182..47  181..55  180..87  179..51  178..49  177..24  176..187 187..188 188..67  188..20  187..189 189..23  189..22  175..190 190..191 191..192 192..193 193..194 194..195 195..196 196..197 197..52  197..53  196..50  195..54  194..116 193..198 198..18  198..7   192..199 199..200 200..201 201..25  201..36  200..202 202..8   202..6   199..203 203..84  203..19  191..204 204..205 205..11  205..65  204..115 190..71  174..131 173..206 206..207 207..208 208..85  208..70  207..17  206..86  172..209 209..210 210..211 211..117 211..69  210..118 209..37  171..212 212..213 213..214 214..215 215..5   215..74  214..216 216..68  216..14  213..217 217..27  217..75  212..218 218..15  218..64  170..219 219..76  219..39  169..220 220..83  220..66  168..221 221..222 222..223 223..224 224..225 225..226 226..38  226..79  225..80  224..41  223..40  222..132 221..227 227..228 228..34  228..78  227..13  167..229 229..230 230..231 231..1   231..77  230..232 232..9   232..2   229..35  166..233 233..234 234..235 235..236 236..32  236..33  235..237 237..3   237..30  234..238 238..4   238..28  233..239 239..240 240..241 241..82  241..12  240..31  239..242 242..29  242..81  165..243 243..244 244..245 245..246 246..247 247..26  247..142 246..248 248..62  248..63  245..60  244..249 249..143 249..144 243..250 250..16  250..61  145..251 251..252 252..253 253..254 254..255 255..256 256..257 257..258 258..259 259..260 260..261 261..108 261..106 260..107 259..97  258..105 257..96  256..262 262..263 263..264 264..104 264..102 263..110 262..101 255..265 265..266 266..267 267..268 268..89  268..10  267..90  266..114 265..88  254..269 269..58  269..72  253..270 270..271 271..139 271..138 270..272 272..73  272..119 252..273 273..274 274..275 275..276 276..277 277..278 278..100 278..99  277..98  276..113 275..95  274..279 279..280 280..109 280..111 279..112 273..103 251..281 281..282 282..283 283..284 284..134 284..135 283..136 282..133 281..285 285..286 286..125 286..123 285..124
 0.064205 0.163655 0.000000 0.032943 0.000000 0.053677 0.038989 0.081716 0.051816 0.000000 0.030710 0.075733 0.193225 0.031890 0.191914 0.073973 0.000000 0.044950 0.000000 0.000000 0.044918 0.021836 0.000000 0.000000 0.044807 0.000000 0.097647 0.132223 0.062069 0.048495 0.065251 0.042079 0.065632 0.000000 0.081005 0.077121 0.107105 0.073453 0.137069 0.067404 0.005943 0.103350 0.000000 0.033779 0.153608 0.000000 0.064621 0.036798 0.028469 0.017518 0.051354 0.026723 0.003424 0.000000 0.005356 0.063618 0.075893 0.000000 0.000000 0.000000 0.000000 0.000000 0.017862 0.601112 0.022911 0.000000 0.000000 0.033455 0.108094 0.070609 0.091520 0.108217 0.293660 0.046265 0.000000 0.000000 0.034418 0.000000 0.000000 0.079470 0.102269 0.034283 0.034212 0.000000 0.000000 0.000000 0.000000 0.000000 0.000000 0.000000 0.000000 0.000000 0.000000 0.000000 0.000000 0.019797 0.000000 0.045372 0.000000 0.000000 0.000000 0.041624 0.035473 0.021098 0.335757 0.020130 0.074992 0.000000 0.000000 0.000000 0.000000 0.085761 0.181045 0.153371 0.000000 0.085308 0.041181 0.020102 0.016710 0.065915 0.127171 0.000000 0.000000 0.000000 0.000000 0.019570 0.000000 0.041691 0.016161 0.087873 0.000000 0.036038 0.042183 0.029251 0.000000 0.000000 0.022789 0.000000 0.000000 0.045639 0.000000 0.000000 0.054768 0.000000 0.000000 0.114353 0.000000 0.000000 0.051618 0.006261 0.095880 0.099159 0.110679 0.000000 0.000000 0.000000 0.019223 0.057582 0.164187 0.145089 0.170209 0.020018 0.015593 0.108207 0.027991 0.000000 0.055634 0.166297 0.143490 0.070326 0.070677 0.000000 0.000000 0.218182 0.329263 0.000000 0.000000 0.102846 0.000000 0.000000 0.025480 0.089622 0.042886 0.147659 0.000000 0.020581 0.039533 0.146618 0.089103 0.000000 0.000000 0.021103 0.227130 0.105283 0.035584 0.007087 0.000000 0.025112 0.000000 0.079146 0.102604 0.226973 0.041753 0.127550 0.124640 0.183581 0.005567 0.542498 0.461706 0.176959 0.306546 0.249201 0.068671 0.018349 0.135262 0.080308 0.054956 0.127504 0.052625 0.096992 0.364577 0.107852 0.000000 0.000000 0.021710 0.044399 0.082370 0.021889 0.242499 0.172627 0.075811 0.000000 0.095997 0.156553 0.061193 0.139689 0.355799 0.027652 0.177638 0.082350 0.062569 0.018703 0.039477 0.061398 0.032060 0.179544 0.248507 0.000000 0.145481 0.094091 0.000000 0.040858 0.106245 0.089309 0.018499 0.013464 0.101146 0.484798 0.071532 0.081098 0.091748 0.000000 0.065886 0.098000 0.145437 0.071731 0.175396 0.227738 0.092573 0.012870 0.032521 0.214007 0.207788 0.153237 0.017460 0.041556 0.020585 0.000000 0.000000 0.023995 0.040980 0.000000 0.000000 0.000000 0.020884 1.059366
