
Printing out site pattern counts


       143        141  P

GNM13538                        ------AAAA AAAAAAAADD DEEEEEEEEF FGGGGGGGGG GGGGHIIIII IIIIIIIKKK KKKKKLLLLL LLLLLLLLLL LMMMNNNNPP PPPQQQQRRR RRRRRRSSSS SSSTTTTTTT VVVVVVVVVV VVVVVYYYYY Y
GNM13671                        -----EAAAF KLPQRRTVDD EDDEEEEKVF SDFGGGGGGG GLNSLIIIII LLLSVVVGKK KMRRYIIIIL LLLLLLMNNS YIKSDMNNAE PPPKLQQGII IKRRSTFKQS STVDMSSTTV FGGIILLLLM PPRTTFGILL Y
GNM13876                        -----DAASF AAPLNYRLDD EDDEEEEEGF IEVGGGGGGG GLGSIFIIIV IILSRVVGKK KRKKHLLLVL LLLLMVMKLE VVFKEVNNPP PPPNFQQSEI VKRRTRWAYS SSVDYRSATV FGGIVEILVV PPRSVIGVIT E
GNM14837                        -----KAATA AAPANKNLDD KDEEEEKKTF LSGGGGGGGG GAGGHFITVV IIFIVIVGKK NRKSKFLVLF IILVLLLLGQ LMLQNNNNAP KPPKKQQKTV VNKRRSLKLA SSVDVTTTAF VALVVIIIIA IPISIGYVEF S
GNM14249                        -----KAATA GAPANKKLDD KDEEEEKKTF LTGGGGGGGG GAGGHFITVI IIFIVVIGKK NRKKNFLVLF IILVLLLLVG LMLQNKNNTP TPPKKQQKTI VNKRRSLKLA SSVDVTTTAF VALIVIIIIA IPRSIGYVEF S
GNM13928                        -----KAATA AAPANKKLDD KDEEEEKKTF LTGGGGGGGG GARGHFITVI IVFIVVIGKK NRKDKFLVLF IILVILLLGQ LMLQNENNAP TPPKKQQKTI VNKRRSLKLA SSVDVTTTAF VALIVIIIVA IPRSIGYVEF S
GNM13297                        ------AAAA AAAATAAADD DEEEEEEEEF FGGGGGGGGG GGGGHIIIII IIIIIIIKKK KKKKKLLLLL LLLLLLLLLL LMMMNNNNPP PPPQQQQRRR RRRRRRSSSS SSSTTTTTTT VVVVVVVVVV VVVVVYYYYY Y
GNM14865                        -----PAAAA GAPFARSIDD EDDEEEEDSF AAGAGGGGGG GAGGLFVLVV LVIAFVVGKK KRAEPIVIVL ILAVLLHLCS LVSTNTNNPP APPRDAQRAI VTDRSGFDEA STADASTTTV VALVALLVLT VPHHVGGLRV A
GNM13455                        -----KAATA SAPSDKRLDD KDEEEEKKSF FTGGGGGGGG GAGGHFIIVI IIFIVVIGKK NRKNKFLVMF IILVLLLLGQ LMLQNQNNTP EPPKKQQKTI VNKRRALSLS SSVDVTTTAF VALVVIIIVA IPRSIAYVEF S
GNM14938                        -----DAA-- --P-R-T--D E-EEEE-KLC -EMG-GGGGG GP--LP-M-- ILL-VVVDKK KRKRH-L-VL -VAVLLHM-L -IFADSNNPP P-PRR---VV -RRR-A---S --RD-ST--V LGIVV-LF-- -PGV--GV-V -
GNM14483                        -----EAAAA SAPATESLDD RDEEEERMEF LEGGGGGGGG GPGGVFVVVL VIFIVVVEKK KRKVEIVIVL ILLVEFLLNA LVFVDENNPP RSPERQQEPV TRKRSKTPMA SSSSVGTTTF IALVVVLLLV VPVVVGYASY E
GNM14872                        -----PAAAA AAPYKKEMDD KDEEEEKEAF IEGGGGGGGG GPGGHFIIVV LIFIVVISKK KRKREFLVMF LLLIMALVSG LVMLDANNAP SPPTEQQRSI VSKRSKLGVA SSVDVSTTTV IALVVEILIA IPRVICYVEF E
GNM13855                        -----AASTA PAPRPKEIDD SDEEEESKTF IEGGGGGGGG GPKGLFILII LIFITVIKKK KRKTFIVVLF LLLVLILLKK LVFININNPP SCPKEQQKDY VTKRRFLDIA SSVDVSTTAV IALIIELIIA IVRTIFYIEY L
GNM14404                        -----DCASA ALPLRSRIDD DDDDEESSGF LDFGGGGGGG GPGSIDVIVI LLLSRIIGKK KLKRYVLIVL FLTLVLLVYS LVQMNEGIPP PCPMMGEDGV IRSRSKINLS SSVDYRSSTI FVVVIRVLLI VPRTVFGISL R
GNM14545                        -----DCASA ALPLRSRIDD DDDDEESSGF LDFGGGGGGG GPGSIDVIVI LLLSRIIGKK KLKRYVLIVL FLTLVLLVYS LVQMNEGIPP PCPMMGEDGV IRSRSKINLS SSVDYRSSTI FVVVIRVLLI VPRTVFGISL R
GNM14366                        -----KAATA GAPAKKELDD RDEEEERGTF FAGGGGGGGG GPGGHFIVVL IIFIVVIGKK NRKKAFLVVF IILVILLIAL LMFSAENNAP TPPQKQQKTI VHNRRLLVMA SSVDVNTTAI IAYIVVIITA IPKVIAYIEF E
GNM14252                        -----KAATA GAPTNKKLDD KDEEEEKKTF LTGGGGGGGG GVGGHFITVI IIFIVVIGKK NRKKKFLVLF IILVLLLLVA LILQNQNNVP TPPKKQQKTI VNKRRSLKLA SSVDVTTTAF VALVVTIIIA IPRSIGYVEV S
GNM13760                        -----KAATA GAPTRKELDD KDEEEEKKSF LTGGGGGGGG GAGGHFITII IIFIVVIGKK NRKKKFLVLF IILVLLLLVQ LMLQNENNTP TPPKKQQKTI VNKRRSLKLA SSVDVTTTAF VALIVIIIIA IPRSIGYVEF S
GNM13982                        -----KAATA SAPAKKELDD KDEEEEKRSF LQGGGGGGGS SPGGQFIIVI IIFIVIIGKK NKLKSFLVIF LLLILLLLGN LMSQNENNPP TPPKKQQKVI VDKRRKMKLA SSVDVNTTAF IALVVIIILA IPRVICYIEF S
GNM13960                        -----KAATA SAPASKSLDD TDEEEEKKSF FRGGGGGGGG GTNGHFIIII IIFIVVIGKK NRKREFLVLL LILVILLIGN LMLEKKNNSP DPPKKQQKVI TNKRRNLLLA SSVDVNTTSI IALVVEIIIA IPRVICYVEF S
GNM14633                        -----KAATA SAPAKKELDD KDEEEEKKSF LQGGGGGGGG SPGGQFIIVL IIFIVIIGKK NRLKSFLVIF LLLVLLLLGN LMLQNENNAP MPPKKQQKVI VNKRRKMKLA SSVDVSTTAV IALVVIIILA IPRVICYIEF S
GNM14853                        -----KAATA SAPAKKELDD KDEEEEKKSF LQGGGGGGGG SPGGQFIIVL IIFIVVIGKK NRLKSFLVIF LLLVLLLLGN LMLQNENNAP TPPKKQQKVI VNKRRKMKLA SSVDVNTTAV IALVVIIILA IPRVICYIEF S
GNM14174                        -----NAAAA GAPCRLELDD KDDEEEKSSF AEGAGGGGMG GPGGLFIIVV LIKANVIGKK KQKTEIVIVL IIAVLLLVHM LISVNINNPP PPPQKQQEVI VTKRSRYGLS SSVDTGTTTV IAIVVLVIVA IAHTIGGIII A
GNM14055                        -----KAATA SAPAKKSLDD TDEEEEKKSF FQGGGGGGGG GPKGHFIIII IIFIVVIKKK NRQKDFLVLF LILVILLIGS LMLKKINNPP DPPKKQQKTI VNKRRALSLA SSVDVNTTAV IALVVEIIVA IPRVICYIEF S
GNM14748                        -----KAATA AAPSNKKLDD KDEEEEKKTF LTGGGGGGGG GSGGHFIIII IIFIVVIGKK NRKEKFLVLF IILIILLLAQ LMLQNKNNPP TPPKKQQKTI VDKRRYLKFA SSVDVTTTAF VALIVVIIIA IPRSIGYVEF S
GNM14246                        -----NAAAA GAPYSMLVDD ENDEEEDKTF AHGGGGGGMG GPGGLFIIVI LILALVIGKK RRKNEIVIIL ILTVLLLMCS LVFMDHNNPP PPPQRQQQPI FRRRDGYRLS SSVDTNTTTI IALVVLLVLA LPHTIGGIVV E
GNM14640                        -----RAAAA GAPYAIRIDD EDDEEEHETF VDGGGGGGGG GPGGLFIIVI LVLAFVIGKK KRKKEIVIIL VLTVLLLLYS LVFLAFNNPP PPPQQQQQPI VRKRSKHKMA SSVDANTTTV IAVVVTFMLA PLHTVGGVVM E
GNM14965                        -----GAATA AAPIKKKLDD KDEEEEKETF LEGGGGGGGG GPGGHFIIVV FVFIVVVNKK KRKSDFLVLL LLLILKLIVS LLFINKNNPK PTPKEQQRSI VRNRSRLNIA SSVDVTTTTV IALIVEILVM IVQIIFYVEY E
GNM13677                        -----DAASF AAPLNYRLDD EDDEEEEEGF IEVGGGGGGG GLGSVFIIIV VILSRVVGKK KRKKHLLLVL LLLLMVMKLR VVFNEVNNPP PPPNFQQSEI VKRRTKWVYS SSVDYRSATV FGGIVELLVV PPRSVIGVIT E
GNM14339                        -----NAAAF AAPARERLDL EEDEEEEEEF FEWGGGGGMG GVGSLMVIIL ILLSVVLGKK KRKNEVLIVL FLALVVLKAM LIYRDRNNPS PPPSEQQKVV VKRKRLIAAA SSVTYSTTTV LGMVVAVLIS IPIACVGLSV S
GNM14593                        -----HAAAF KLPQRRSIDD EDEEEEEQTF ADFGGGGGGK GLNSLIIIVI IILSVVVGKK KIRKYIVIIL LLLILIMMNS YVERNENNAI PPPKKQQRLI VIRRTKFEQS STVDTNSTTI FGGIVLLILM LPRTCFGVLV Y
GNM13825                        -----RAAAF TAPTREALDD DDEEEERSLC FELAGGGGGG GPGSLPVMVL ILLSVVVDKK KRKRHVLVVL MLAVLLHKAL LVFADENNPP PPPREQQEEI IRRRTSREES STRDYTTSTV LGIVVLFFVV LPGVVVGVRV V
GNM14768                        -----DAAAF RLPQRTSLDD EDDEEESSLC MDLGGGGGGG GMGSLAIVII ILLSVVVGKK KRKRHLLTLM LLLIALLWHS YVYRDENNAQ PPPRIQQATI VKRRTVLEDS SSKDMDTSTI LGAIILILLV PPFTVFGIIV I
GNM14776                        -----DAAAF RLPQRTSLDD EDDEEESSLC MDLGGGGGGG GMGSLAIVII ILLSVVVGKK KRKRHLLTLM LLLIALLWHS YVYRDENNAQ PPPRIQQATI VKRRTVLEDS SSKDMDTSTI LGAIILILLV PPFTVFGIIV I
GNM14715                        -----DAAAA SAPALESLDD KDEEEEKTAF LEGGGGGGGG GPGGVFVIVL IIFIVVIEKK KKKTEIVLAL FALVELLLCS LVMMDENSPP RAPSRQQEPI TKRRSKTPMA SSTGVGTTTF IALVVAVLLV VPVVVGYVAY E
GNM14639                        -----TAASV SLPENLKMDD SDEEEEEKKF FEGGGGGGGN GPGSSFIQII LIFITLIKKK KKKISILLIL FILIILLFNL ILFKDENNAP PPPKEQQDEI IRKRRYYLFS SSVQYNTSTF FVLVVKILLV IPCVIYFIKI N
GNM13795                        -----KAATA AAPSNKKLDD KDEEEEKKTF LTGGGGGGGG GSGGHFIIII IIFIVVIGKK NRKEKFLVFF IILIILLLAQ LMLQNKNNPP TPPKKQQKTI VNSRRSLKLA SSVDVTTTAF VALIVVIIIA IPRSIGYVEF S
GNM14166                        -----SAATA SAPAIKRLDD KDEEEEKKSF IAGGGGGGGG GPGGHFIIVI IIFIVVIGKK KRIKEFLVIL IILVVLLYGE LIFTNHNNPP SPPKKQQREI VKKRRQLSMA SSVDVKTTAV IALVVEIILA IPRVIAYVEF L
GNM13993                        -----DASAA GAPAEEKLDD DDQEAEKESF FEGGGGGGGG GPGGSFIIIV IVYVSVIGKK KRLNYVMVII ILYLILHHNN LVFQDVNNPE PPPQSQENNI LIDRSKMKIA SSVDVTTTAF IAIVIILIVV IPWNVGYIQF A
GNM14450                        -----NAAAA AAPVEKKLDD NDEEEETKNF FEAGGGGGGG SPGGHFIIII LIYITIVGKK KKKIEFLVML FVLVIILWMN LLYRDTNNAP APPHEQQKEI IEKRSRLKLS SSVDVQTTTV IALVVELLIV LARVIVYVEF A
GNM13745                        -----TASAA GAPSEEKLDD EDQEAESLSF FEGGGGGGGN GPGGSFIIIL IIYVSVIGKK KRLDSVIVII ILFLLLHMNN LVFQNVNNPE PPPELQQNEI LINRSKMKIA SSVDVTTTAF IAIVIILIIV IPWNIGYIKF A
GNM14030                        -----SASAA GAPAEEKLDD DDQEAESSSF FEGGGGGGGN GPGGSFIIIV IVYISVIGKK KRLDSIMVII ILFLLLHINN LVFQEINNPE PPPQSQQNEI LVKRSKMKLA SXVDVTTTAF IAIVIILIIV IPWNIGYIKF E
GNM14959                        -----VAAMA HIPVAEELDD DDDEEERESF FEGAGGGGGG GAGSIPILVI IIVTFIIRKK KRKTEVILVI LITILLLLLE VIFRNENNPP PPPETEERAV VSRRSRTRIA STFDAKTTTV VIIVVEYLVA IIHVVLGIVV E
GNM13413                        ----GRASKA RLPLRMGCDD GDDEEESETF LHYGGGGGRG GPGGLSVLVI VIYTRITKKK KRKEYILIID YLAVLLFLIL VVVNDVNNHP PPPEADEDPV VVRRSKADLS STTDYASSTV YVVVVHYLVI VPKTVLGIAV H
GNM14971                        -----KAATA SAPANKSLDD TDEEEEKKSF FRGGGGGGGG GSNGHFIVII IIFIVVIGKK NRKREFLVLF LILVLLLIGN LMLEKKNNSP DPPKKQQKVI TNKRRNLLLA SSVDVNTTSI IALVVEIIIA IPRVICYVEF S
GNM14990                        -----KAATA SAPANKSLDD TDEEEEKKSF FRGGGGGGGG GSNGHFIVII IIFIVVIGKK NRKREFLVLF LILVLLLIGN LMLEKKNNSP DPPKKQQKVI TNKRRNLLLA SSVDVNTTSI IALVVEIIIA IPRVICYVEF S
GNM15005                        -----KAATA SAPANKSLDD TDEEEEKKSF FRGGGGGGGG GSNGHFIVII IIFIVVIGKK NRKREFLVLF LILVLLLIGN LMLEKKNNSP DPPKKQQKVI TNKRRNLLLA SSVDVNTTSI IALVVEIIIA IPRVICYVEF S
GNM15013                        -----KAANA IAPCSKSIDD TDEEEEKKSF IRGGRGGGGG GSNGHFIIIY IIFIVVIGKK NRKREFLCLL LILVILLIGN IMLEKKNNSP DPPKKQQKVI NNKRQNLILA SQVDVNTTII IALVVEIIIR IPRVICYVEF V
GNM14976                        -----KAATA SAPASKSLDD TDEEEEKKSF FRGGGGGGGG GSNGHFIIII IIFIVVIGKK NRKREFLVLL LILVILLIGN LMLEKKNNSP DPPKKQQKVI TNKRRNLLLA SSVDVNTTSI IALVVEIIIA IPRVICYVEF S
GNM15022                        -----KAATA SAPTSKSLDD TDEEEEKKSF FRGGGGGGGG GSNGHFIIII IIFIVVIGKK NRKREFLVLF LILVLLLIGN LMLEKKNNSP DPPKKQQKVI TNKRRNLLLA SSVDVNTTSI IALVVEIIIA IPRVICYVEF S
GNM15018                        -----KAATA GAPANKKLDD KDEEEEKKTF LTGGGGGGGG GAGGHFITVI IIFIVVIGKK NRKKKFLVLF IILVLLLFVG LMLQNQNNTP TPPKKQQKTI VNKRRSLKLA SSVDVTTTAF VALVVTIIVA IPRSIGYVEF S
GNM15025                        -----KAATA AAPTKKSLDD TDEEEEKKSF FQGGGGGGGG GPKGHFIIII IIFIVVIGKK NRKKDFLVLF LILVILLLGK LMLEKHNNSP DPPKKQQKII ISKRRALLLA SSVDVKTTAV IALVVEIIIA IPRVICYVEF S
GNM15024                        -----KAATA GAPANKKLDD KDEEEEKKTF LTGGGGGGGG GAGGHFITVI IIFIVVIGKK NRKKKFLVLF IILVLLLFVG LMLQNQNNTP TPPKKQQKTI VNKRRSLKLA SSVDVTTTAF VALVVTIIVA IPRSIGYVEF S
GNM14980                        -----KAATA GAPANKKLDD KDEEEEKKTF LTGGGGGGGG GAGGHFITVI IIFIVVIGKK NRKKKFLVLF IILVLLLFVG LMLQNQNNTP TPPKKQQKTI VNKRRSLKLA SSVDVTTTAF VALVVTIIVA IPRSIGYVEF S
GNM15028                        -----KAATA SAPAKKSLDD TDEEEEKKSF FRGGGGGGGG APNGHFIIII IIFIVVIGKK NRKKDFLVLF LILVILLIGN LMLEKKNNSP SPPKKQQKVI TNKRRNLSLA SSVDVDTTSI IALVVEIIIA IPRVICYVEF S
GNM11003                        -----QASRF SLPKTETIDD VDDEEEKSSF LNFGGGGGGG GVGSVVIIII IILSRILDKK KRSRIILIIK FLFIILLQRN IIVNDKNNVP QAPEEDFENT IQKRKSIDIS STKEYISSTI FGLIVEILVI PLLTLYGISL T
GNM11023                        -----EAFMA SLPRAAEADD GNDEEEGEDF FELGGGGGGG GPGGETVVVL LILTNVIGKR KGRNEVLLRL WLLVVLLLLN VIGSDRGWPP PPPLMEERPL VRKRRSFAVS STVGYKSSTV FVVVVEVLVV VPTTAAGIAV E
GNM11055                        -----EAAEA GAPVRYELDD EDDEEERKSF FECGGGGGGG GAGGLFIIIL IVLSVVIGKK KRKKEIVLVL VITVLLMMNL IIFGERNNSP PPPKEQQNVI VKRRSEYDFS SSVDCSTSTI IVVVVAFILV PDMNVGGVIV L
GNM11146                        ---R-IAALA AIPMAEELDD DDDEEEKDSF FEGGGGGGGG GAGGVPVIII LILTFIIGKK KRKSEIILVI LITVLGLYLC VIYREENNPP PAPEVEESSG VKSRSRTEYA SSVDAKTTTI VVIVVEYLVA VPHVVLGIVV E
GNM11219                        -----EAAAA GAPYLARLDD RDEEEEEERF AEAGGGGGGG GAGGHFIIVV LILAYIIGKK KRRKEIVILL ILLLVLLMAG LVMGDSNNPP PPPLRQQRPL IRKRSRLETS SSADAGTTTV IAVVIELLVA VPCTLGGVVV L
GNM11220                        -IY--EVAAA ATPIRKKLDE KDEEEESERF FDGGGGGSGG GPAGLFLIIV LIPIFIIRKK KSREHVLVLL ILTLLLFMLR LIDDGKNRPK PPPTEPERNL VKKRTRIKLS SSVDDRTSTM VAVVVLLLIA VFFTVAVILL E
GNM11222                        -----DAAVA GAPHRLELDD DDDEEEKRRF AEGGGGGGGF GAGGLTTIIV LLLVYIIGKK KRKRGLLVVL LIAVFVLIAS LMFRNENNPP PPPRRQEAPL VKKRRRYRIS SSVDTSTSTV IVLVVEFLIV IPRVVCGTLT E
GNM11223                        -----DAAAA GAPFLYKIDD RDDEEEEKTF ADGGGGGGGG GPGGLFIIVV LILSVIVGKK KRKNEIVIVL ILLLLLLICS LVFRDRNNPP VSPEKQQRPI VRKRSKYRIA SSSDDNTTTI IALVILFVLA IPRTIGGIVY E
GNM11358                        -----SAGAA PAPKPKDLDD SDEEEERKSF IDGGGGGGGN GPKGLFIIII FIFITVISKK KRKVVILVIF LLFLLLLLKK LVFTNINNPP SCPKEQQNDY ILKRRFLLIS SSVDVSTTAI IGLIIELLII LVRTIFYIEY L
GNM11360                        -----KAATA SAPSDKRLDD KDEEEEKKSF FTGGGGGGGG GAGGHFIIVI IIFIVVIGKK NRKNKFLVMF IILVLLLLGQ LMLQNQNNTP EPPKKQQKTI VNKRRALSLS SSVDVTTTAF VALVVIIIVA IPRSIAYVEF S
GNM11362                        -----EAAAA AAPASKRLDD DDEEEEESSF LEAGGGGGGS GPKGVFIIII LIYIVIVSKK KRKEEFLLVL MLLIVLLILC LLYHDSNNPP PPPKRQQDSI IKKRRMLRMA SSVDVTTTTM IAIVVKILLV VPLVIFYVEV V
GNM11367                        -----KAATA SAPAKKELDD KDEEEEKRSF LQGGGGGGGS SPGGQFIIVI IIFIVIIGKK NKLKSFLVIF LLLILLLLGN LMSQNENNPP TPPKKQQKVI VDKRRKMKLA SSVDVNTTAF IALVVIIILA IPRVICYIEF S
GNM11377                        -----SAAAA AAPYKKEMDD KDEEEEKKAF IEAGGGGGGG GPGGHFIIIV MIFIVVIPKK KRKKEFLVMF LLLIMALISG LVMLDANNPP SPPTEQQRSI VSKRSRLSVA SSVDVSTTTI IALVVEILVA IPRVICYVEF E
GNM11380                        -----QAATA SAPSIKRLDD KDEEEEKKSF IAGGGGGGGG GPGGHFIIII IIFIVVIGKK KRIKEFLVIL IILVILLHGE LIFANHNNPP SPPKKQQKQI IKNRRQLSMA SSVDVDTTAV IALVVEIILA VPRVIAYVEF L
GNM11383                        -----RAATA GAPAKKQLDD KNEEEEQKSF FSGGGGGGGG GPGGHFIIVL IIFIVVIGKK NRKKEFLVVF IILVILLLAQ LMFGSQNNSP TPPKRQQKTI VYERRFLVLA SSVDVNTTAI IAYVVVILVA IPRAIAYVEF E
GNM11491                        -----TAAAA AAPVERMLDD EDEEEEERSI LRGGGGGGGG RPGGHFIIVI IVFIVVIGKK STTKEFLVAL ILLVLLLLCD LIADDVNNPP PPPKKQQRTI VHDRRSLSLA SSADVDTTAF IALVVVLVIA IPAAVGFVEL E
GNM11804                        ------AARA GAPIREKLDD EDDEEEKESF FEYGGGGGGG GCGGLAIVIL VILTFIIKKK KRRNEVVVIL LFTVLILLN- LVFRDNNNPP APPKDDQEEV IRKRSRYEIS SSVDCNSTTI VVAIILYLLV PVMHVVGYVV K
GNM11805                        -----DAMKA GAKYKAELDD EEDEEESKSF FECGGGGGGG GAGGLFIIVL IIFTVLIDKK KRKKHFVLVL IIVVFLLTYM LMFT-TNNPP PPPEEREDFT KKKRSNLEDS STSDDSSTTK IALVVLYIIT I-FVFGKYKF G
GNM12883                        -----PAAAA SAPFKKSLDD KDEEEERRSF IEAGGGGGGG GVHGHLIIII LIFIVVIQKK KRKGEFLVIF LLLILKLIGM LVMIDENNPP SPPKDQQRSI VSKRSTLAVA SSVDVTTTSI IALIVELLLV IPRVIFYVEF E
GNM12892                        -----GAATA AAPTKKKLDD KDEEEEKETF LEGGGGGGGG GPGGHFIIVV FVFIVVVNKK KRKSDFLVLL LLLILKLIVS LLFINKNNPK PTPKEQQRSI VRNRSRLNIA SSVDVTTTTV IALIVEILVM IVQIIFYVEY E
GNM12895                        -----NAAAA AAPVEKKLDD NDEEEETKNF FEAGGGGGGG SPGGHFIIII LIYITIVGKK KKKIEFLVML FVLVIILWMN LLYRDTNNAP APPHEQQKEI IEKRSRLKLS SSVDVQTTTV IALVVELLIV LARVIVYVEF A
GNM13060                        -----HAASA GVPKNKIFDD TDEEDEDKEF VYLGGGGGGG NPFGLYIIVI LIVIRLISKK RKIKQIILLL LITVLILLYK LFFEDTNNPP PPPEEQQKES IKKRRKAKLS SSVTVNTTTV VVFFVEYILA IIYVVGYHSF A
GNM13061                        -----EAAYA GLPTEKRIDD KDEEEEDKDF VSLGGGGGGG GPFGMYIIIF LIMIILISKK KRKRRVLLVL TLTVLTLMYE LFFKDENNPP PPPERQQKAE VARRSSSGLS SSVSTTTSTI VVFVVLYAIA ALRHVGYHQF D
GNM13064                        -----DASAA GAPAEEKLDD DDQEAEKESF FEGGGGGGGG GPGGSFIIIV IVYVSVIGKK KRLNYVMVII ILYLILHHNN LVFQDVNNPE PPPQSQENNI LIDRSKMKIA SSVDVTTTAF IAIVIILIVV IPWNVGYIQF A
GNM13066                        -----TASAA GAPAEEKLDD DDQEAENSSF FEGGGGGGGG GPGGSFIIIV IVYVSVINKK KRLNSVMVII ILYLILHNNN LIFQEVNNPE PPPHLQENQI LVNRSKMKIA SSVDVTTTAF IAIVIILIVV IPWNIGYIQF A
GNM11032                        -----NAAAF AAPRIEQLDL EDDEEEKRDC FEWGGGGGMG GAGSLVITIL LLLSVVLGKK KRKREVLIVL FLAIETLKAV LIFWEINNPT PPPSEQQGAI VTSRRLFRTA STSTYNTTTI LGMVVAILVS IPIVCVGISV E
GNM11363                        -----EAAAA AAPASKRLDD DDEEEEESSF LEAGGGGGGS GPKGVFIIII LIYIVIVSKK KRKEEFLLVL MLLIVLLILC LLYHDSNNPP PPPKRQQDSI IKKRRMLRMA SSVDVTTTTM IAIVVKILLV VPLVIFYVEV V
GNM11375                        -----KAATA GAPTRKELDD KDEEEEKKTF LTGGGGGGGG GAGGHFIIII IIFIVVIGKK NRKKKFLVLF IILVLLLLVQ LMLQNENNTP TPPKKQQKTI VNKRRSLKLA SSVDVTTTAF VALIVIIIIA IPRSIGYVEF S
GNM11381                        -----KAATA GAPAKKKLDD KDEEEEQKSF FAGGGGGGGG GPGGHFIIVL IIFIIVIGKK NRKKAFLVVF IILVILLLAQ LMFLTQNNPP TPPKKQQKTI VNERRFLGLA SSVDVTTTAI IAYVVIIIVA IPRAIGYVEF Q
GNM11382                        -----MAATA GAPAKKELDD KDEEEEQKTF FSGGGGGGGG GPGGHFIIVL IIFIVVIGKK NRKKSFLVVL IILVLLLLGQ LMFQVDNNPP TPPRKQQKTI VHKRRFLKLA SSVDVNTTAI IAYVVVIIAA IPRVIAYIEF E
GNM11799                        -----KAATA SAPAKKSLDD TDEEEEKKSF FQGGGGGGGG GSKGHFIIII IIFIVVIGKK NRKRDFLVLF LILVILLIGK LMLEKRNNSH DPPKKQQKVI TNKRRHLLLA SSVDVNTTAI IALVVEIIIA IPRVICYVEF S
GNM11841                        -----HAAAA GAPYTREIDD ADDEEEDETF AAGAGGGGGG GPGGLFILVV LVESFVINKK KRADPIVIVL ILAVLLHLCA LVMSDTNNPP PPPRDQERSI VVDRSAFQQA STADASTTTV VALVVLLVLA VPYHVGGLRV A
GNM11931                        -----EAAAA GAPHDRELDD DDDAEEDASF AAGAGGGGGG GAGGVFVVVV LVESFVYGKK KRSTPIVIVV VLTVLVHLAA LVDATTSTPP PAPRSEQRAI VVDRSRF-RA STSDADTTTV VAVVVRLVVV VPVHVGGVVV A
GNM12040                        -----EAAAS GAPAHRDLDD EDDSAEESSF AAAAGGGGGG GTGGLFIIVV LVLTFVVGKK KRATEIIIVL ILAVLLHLAE LVMKNTNNPP PPPQSAEDHI ITDRSRFDDA STVDASTTTI VAFTTRILVA IAEHIGGIIV A
GNM12071                        -----AAGAA GAPHERRLDD PDDEEEEASF ASGAGGGGGG GPGGLFITVV IVESFVLGKK KRSEPIVIVL ILAVLLHACT LVATDTNNPP SAPRTAQREI VVDRSAFDEA STTDANTTTV VALVVLLVIA IPRHVGGLAV R
GNM12125                        -----MAARA ILPLELELDD RDDEGERSSF VEIAGGGGRG YAGGVPVLYI LVVTTVLWKK KRDREFLLML ILLVVYMRLT IVPSSEGNPP PAPYLDERGV RNARSEFELS STSDYGTSTF LVIVVEIFVV LPKHVVGLRA F
GNM12126                        -----KASRA KLPLRAKLDD GEDEVEKLGF FIVAGGGGGG GWGGV-VLVL LVVTRVV-KK KREGEVLIAP LVLALVMLHA VISESKNNPP PPPKKDEK-C VSRRTGYELS SSSDSGTTTV YVIVVELLLV VSVTVTGIKV Y
GNM12128                        -----NASRA LLPFKANLDD PDDETENDNF FIYGGGGGGG GYGSETIIIL IILTKVIGKK KREKEILIVI IILIIFMKML LIFTNENNPP PVPREDENPL ITHRSYIDLS STSDYKTSTL FVIIVYMLLV IPKTVVGILE T
GNM12182                        -----EAGRF AAPKVDNMDD SEDEEESESF LELAGGGGGG GPGGVVIIVI IIFTRVIMKK KRKKTVLVVR ALLVPWLMKT LIARDVNNPP QTPEEDFE-V VRKRKRTLLS STVEYETSTV FGLVVLLLIV PLITLLGISV V
GNM12342                        -----DCAAA GAPLRKSLDD KDDEEEQESF FEGGGGGGGG GAEGIFIIII IILAFIIMKK KQNEEFVIVL IITVILHMYN LLSKDVNNPP PPPEEEERNI VKNRSAFNMA STVDAKTTTI VVIVVLMLIA VAFNVGGVMV E
GNM12346                        -----KAAAA GAPHRELLDD SDDEEEEKKF SGGAGGGGGG GCGGLFIIVV IVFTFVIGKK KRSTDIVIVL ILTTVLHLCR LVYDETNNPP SPPQKSQRQI IIKRSEYRAA STSDADTTTI IALVLLFIIV LPRHVGGVII L
GNM12351                        -----EAAAA GAPFKEIVDD EDDEEEEESF ASGAGGGGGG GPGGLFICVI IIIAFVVGKK KHSKEIVIVL VLTIILHLAT LVYQDQNNVP FVPRKQQAVI IEKRSQYRMA STSDADSTTI VVIVVLVFLT LAHHVAGIIV E
GNM12356                        -----NCANA GAPLNRLLDD DDDEEEQKSF FESGGGGGGN GPGGLFIIVV IILSLVIIKK KQNAEVIIVL ILTLIVHMYN LIFKNSNNPP PPPEQEEADL ISKRTEFKMA SSVDANTTTI IVIVVMMLIA LPTNVGGIIV E
GNM12357                        -----DCANA GAPLNRLLDD DDDEEETKGF FETGGGGGGN GPGGIFIIVV VILSFVIIKK KMNAEVVILL ILTLITHMAN LLFNDANSPP PPPEMDEQSI VSKRSKFKMA SSVDAKTTTI VAIVVVMLIA IATNVGGISV E
GNM12366                        -----ECSNA GAPLSRLLDD DDDEEEQKSF FEAGGGGGGN GPGGIFIIVV IIMSFVIIKK KMNAEIVILL ILTLITHISS LLFTDANNPP PPPEMDEQNI VSKRSKFKMA SSVDANTTTI VAIVVMMLIA IATNIGGVNV E
GNM12373                        -----DAAFA GAPFRAALDD SDDEEEESAF AEGAGGGGRG GPGGLFIIVV IIETFVIGKK KRNESIVMLL IILIMLHLYA LVFSDVNNPP APPQAQQEKV IVKRSKNEMA STVDADSTTI VIFIVRYLIV LPANVGGVEV R
GNM12385                        -----AAAFA GAPFRAALDD EDDEEERATF AEAAGGGGRG GPGGLFIIVV LIMAAVCGKK KRADGIVMLL IILVLLLLYS LVFTDVNNPP PPPRAQQETI VAQRSRYKIA STVDANTTTV IVLVTRFLIV LPACVGGVRV R
GNM12551                        ------CCEA VCPAR-ELDD EPDEEERESF FE-AGGGGGG GVGGLVLVII VILAFVADKK KLNEEIILVL LLSVPLHFIS VVGRDRNSPR PPPEEDAEDW VNDRTTIK-A TAVDAESGTV VVVVV-PLVV LPLCVTGWRV E
GNM12554                        -----PAAFA SAPYAARLDD KDDEEEEGAF AECAGGGGRG GPGGLFIIVI LIMTFVCEKK KRAREIVIIL IITVILILYA LVFADFNNPP VPPRGQQEEI VKFRSQYGMA STVDAATTTI VVVTVKFLLV LPGSAGGIRV C
GNM12592                        -----RAAAV GAPWREVIDD EDDEDEERSF TAGAGGGGGG GPGGLFIIVV IVRSFVVGKK KRSYGIVIVL IITVVLHICQ LVFQDVNNPP PPPREQQREI VVRRSEYRAA STVDANTTTI VAMVVLFLLV LPRHIAGVIV A
GNM12596                        -----KAAAA GAPYKERLDD KDDEEEEESF TAGAGGGGGG GPGGLFIIVV IVTSFVIGKK KRSKEIVIVL ILTVLLHLAS LVFLDQNNPP LVPRQQQKVI LQRRSKYRMA STSDADTTTI VALVVLFILV LPKHIGGVIV E
GNM12602                        -----NAAAA GAPYKEKLDD TDDEEEEQSF TAGAGGGGGG GPGGLFIIVV IVTSFIIGKK KRSKEIVIVL ILTVPLHLAS LVFLDENNPP PVPRQQQKVI VQRRSKYRTA STSDADTTTI VALVVLFIIV LPKHVGGLIV E
GNM12665                        -----KAAAA GAPYNERLDD TDDEEEDKSF TAGAGGGGGG GPGGLFIVVV IVTSFVIGKK KRSEDIVIVL ILTVLLHLAA LVFLDRNNPP PVPRQQQKVI VQKRSRYRMA STSDADTTTI VALVVLFIIV LPKHIGGVIV E
GNM12745                        -----RAAHA GAPYDLVLDD EDDEEEEDSF FEGAGGGGGG GPGGIFIIIV IIVSFVLDKK KLNKEVVILL ILTLLLHLAI LIEKNENNPP PPPKEQERKI IEKRSTYEIA STVDAKTTTI VVLIVKFLIT IPFNVGGVRV Y
GNM12749                        -----PASAA KAPFRTNLDD SDDESEAESF TEGAGGGGRG GVGGIPIIIV IIITLIIVKK RRNMPVVMVL IIVIVLHMLM LVFTDTNNPP PPPRAQQASI THTRSRIEMS STCDTTSTTI IALIVRILIV IPGCIGGIGV R
GNM12758                        -----DAAHA GAPYLMELDD EDDEEEESSF FEAAGGGGGG GVGGIFIIVV IVLSFLIGKK KLNSEVVIVL ILTVIMHMSN LIASDNNNPP PPPSRQEEVI VRARSKYRFA STVDAATTTV VVLVVLFLVT VPFNVGGIAV E
GNM12763                        -----GASRA GAPYEFKLDD DDDEEENKSF FEGGGGGGKG GPGGIFIIIV IIISFVIDKK KQNKEIVIVL ILTVLLHLCN LISKDSNNPP PPPKEQEESI VEKRTNYELA STVDAKSTTI VVIVVLFIIV VPSNVGTIKW K
GNM12766                        -----DCAGA GAPLKRILDD NDDEEEQNSF FEGGGGGGGG GPGGVSIIVV IILAFIIMKK KQNNEVVIVL VLTVILHMYS LIFKNTNNPP PPPEEEEMDI VKKRSEFKMA SSVDAKTTTI VVIVVLMLIA VAYNVGGVLI E
GNM12841                        -----AAAAA GAPARRALDD PDDEEEEATF SAGAGGGGGG GPDGLFILIV LVLSFVLGKK KRSEEIVIVL ILAVLLHLAA LVDEETNNPP PPPREQQREI VTDRSQYQQA STSDADTTTV VAIVALLVVA PPIHVGGLRV E
GNM12849                        -----KAATA SAPAYKKLDD KDEEEEKKSF FSGGGGGGGG GAGGHFIVVI IIFIVVIGKK NRKKKFLVIF IILVLLLLGQ LMQQNENNAP SPPKKQQKVI VNKRRELSLA SSVDVTTTAF VALVVIIIIA IPRSIGYVEF S
GNM12869                        -----KAATA GAPVKKKLDD KDEEEEKKTF LTGGGGGGGG GAGGHFITVV IIFIVVIGKK NRKKKFLVLF IILVLLLLVA LMLQNENNTP TPPKKQQKTI VNKRRSLKLA SSVDVTTTAF VALVVIIMVA IPRSIGYVEF S
GNM12896                        -----QAATA SAPVKKRLDD KDEEEEKESF IAGGGGGGGG GPGGHFIIII IIFIVVIGKK KRIIEFLVIL IILVLLLYGG LVFSNHNNPP SPPKKQQKQI VKKRRQLQIA SSVDVDTTAV IALVVEIILA IPRVIAYVEF L
GNM12897                        -----RAATA SAPASKRLDD KDEEEERKSF IAGGGGGGGG GPQGHFIIII IIFIVVIGKK KRINEFLVIL IILVILLIGE LIFTNHNNPP SPPKKQQRQI VKDRRQLSMA SSVDVNTTAM IALVVEVILA IPRVIAYVEF L
GNM12902                        -----DAMYA SCKYEEELDD EDDEEESRSF FECGGGGGGG GANGLFIIII IIYSFLISKK KRKRHFVIVL IIVVFLLLFM ILFS-SNNPP PPPEQKEEYT RRRRSNKEES STSDDKSTTI VVIVVLYIIA I-FVFGKYRF G
GNM12903                        ---K-IAARA AAPEREELDD EDDEEEERHF FEGGGGGGKG GAGGVPLIVV VILSFVIPKK KRKVEVVIVI LLLVLLLFVA LLWDDKNNPP PAPKEDEKGF VRERTESEIA SSVEANTTTV VIIVVLYVLA IPNNVLGVYV A
GNM12906                        ---R-LAARA AAPEREELDD EDDEEEEEHF FEGGGGGGRG GAGGVPLVVV IILSFVIPKK KRKSEVVIVI LLLILALFVA LLWDDRNNPP PPPMRDEKGP VRDRTRVEIA SSVEAATTTV VIVVVLYILA VASSVLGVQV A
GNM12907                        ---K-IAARA AAPEREELDD DDDEEEEKHF FEGGGGGGRG GTGGLPLIVI IIVSFVVEKK KRKSRVVILI LLLVLVLFVQ LLWDDANNPP PAPKEDEKGP VFERTQAAVA SSVEARTTTV VVVVVVYILA IENTVLGVYV A
GNM12909                        ---D-IAARA AAPEKEKLDD QDDEEEERYF FEGGGGGGRG GAGGVPLIVV IIVSFIISKK KRKVEVVVVI LLLILLLYVL LLWDQKNNPP PAPREDEKAP TYRRTAIELA SSVEARTTTV VVIVVLYIIA IPNTALGVIV A
GNM12915                        -----DAAAA GAPYERSLDD DDDEEEEIRF FEAAGGGGRN GAGGIFIIVI IILSFVIPKK KMNEEVIIVL ILTILMLFST LLQIDKNNPP PPPMEQERRI VYGRSEYDLA STVDAKTTTI VVIVVLFLVT IPMNVGGIIV L
GNM10046                        -----DAAAA GRPYEKSLDD DDEEEEEISF FEAAGGGGRN GAGGIFIIVV IILQFVIPKK KMNKEVIIVL VLTILMLFST LLAIDENNPP PPPTEKERRI VYGRSEIEFA PTVDAKTPTV VVIVVLFLIT IPMNVGGIMV Y
GNM12918                        -----DAAAA GAPYEKSLDD DDDEEEEIRF FEAAGGGGRN GADGIFIIVI IILAFVIPKK KMNKEVIIIL ILTILMLFHT LLQIDENNPP PPPTEQEKRI VYGRSEYELA STVDAKTTTI VVIVVLFLVT IPMNVGGIIV L
GNM12931                        -----QAAKL ILPYEHTLDD PDDEEEKITF FDYAGGGGRG GPGGVYIIVL LIVTRVQEKK KWKKYVLIVQ IILILVLLHK IINENVNNNP PVPLEAEDKI VEKRSKYRNS STNDYMTSTI YAIVVYFLIV AAKTIVGIYI E
GNM12938                        -----NASKF DIGKKENLDD KDDEEEQEKF LDFAGGGGGG GTGSVVVIII VILTSVIRKK KRKKYILIIE GILVIFLIRS LIVKQSNNPP KAPSTDVE-I IIKRRKIRLS STVEYSSSTI FGIIIEMIIV PLVTVYGLSI H
GNM12996                        -----EAGKF SLPKDEELDD DEDEEEKKNF LDFGGGSGGG GVGSVVIIVI IILTRVLKKK KRKAFVLIVK FILIIFLMHT VIVRNKNNPS DAPYMDVE-T ISKRKKLKIS STKEYLSSTI FGLVVEALIV PLITVFGISI V
GNM13018                        -----EAGKF SLPKYEELDD DEDEEEKKTF LDFGGGSGGG GVGSIVIIVI IILTRILKKK KRKTSVLIVK FILIIFLMRN VIVRNKNNPS DAPYMDIE-T ITKRKKISIS STKEYVSSTI FGLVIEVLIV PLITVFGISI V
GNM13027                        -----EAGKF SIPKSEKLDD DQDEEEKELF LEYAGGAGGG GAESVVIIVI IILTKVMKKK KRKEEILIIK GVLVIFLRRE LIVRNKNNPP SAPELDFE-R LLKRKAIELS STKEYESSTI FGLVIEILVV PLYSVFGVSI V
GNM13046                        -----KAATA AAPAKKHLDD KDEEEEETSF FAGGGGGGGG GPGGHFIIVI IIFIVVIGKK NRKKKFLVMF IVLVILLLGL LMLQNKNNPP TPPKKQQKVI VYKRRSLIIA SSVDVNTTAI IALVVIVIVA IPRVIGYVEF S
GNM13074                        -----EAAAA GAPYERELDD EDDEEEEVSF FEAAGGGGRN GAGGIFIILV IILAFVIEKK KMNTGVIIVL VLTILLLFSN LLAIDENNPP PPPTEQEKRI IYGRSEYKIA STVDAKTTTV VVLVVLFLIT IPMNVGGLLV M
GNM10010                        -----DAAAA GAPYERELDD KDDEEEEVSF FEAAGGGGRN GAGGIFIIII IILSFVIEKK KMNREVIIVL VLTILMLFST LLAIDENNPP PPPTEQEKRI VRGRSEHELA STVDAKTTTI VVLVVLFLIT IPMNVGGIIV F
GNM10014                        -----EAAAA GAPYERELDD EDDEEEEVSF FEAAGGGGRN GAGGIFIIVV IILAFVIAKK KMNTEVIIVL ILTILLLFAT LLAIDENNPP PPPMEQENRI VYGRSEHKLA STVDAKTTTV VVLVVLFLIT IPMNVGGILV Y
GNM13090                        -----DAAAA GAPYERELDD EDEEEEEVSF FEAAGGGGRN GAGGIFIIVV IILAFVIHKK KMNTEVIIVL VLTILLLFYN LLAIDENNPP PPPTEQEERI VRGRSEYKLA STVDAKTTTV VVLVVLFLIT IPMNVGGLLV Y
GNM13118                        A---VKCAKA AAPIESRLDD EEDEEEGKTF FEGGGGGGGY GVGGHFIVVV IIVTYVIDKK KRKNAFVIIP LLLVLLLSKS LIQLDTNNPP NSPESDTDEL VTKRTEIELS SSADSNTSTL VVLVLYFLVV PPLTVFGVAV V
GNM13126                        -----DAMYA GAPYEERIDD ADDEEEQGRF LETGGGGGGC GTGGVMIIVV LIITMLIGKK KRKQSIVIVH ILLVLLLINS LIFRDDNNPP PCPESRQNMI IAKRTNRRDS STEDTSTTTV VVAIVLYLLS IPFVVAEYKF E
GNM13128                        -----RALRA GALYEERLDD DDDEDEAKRF LEPGGGGGGC GTGGVFIIVI LIISMLIGKK KRKSSIVIVN IILVLLLIAS IIFKEDNNPP PCPEKKQERI VEKRTNKRES STDDTSTTTI VVAVVLYLLA ITFVVGTYRF E
GNM13208                        ---K-IAAKA AAPADEVLDD DDDEEEERHF FEGGGGGGGG GAGGLPLIVV IILSLIVPKK KRRKSVVIII LLFILLMWVG LIADDVNNPP PSPTEDEEGP IRSRSDVKLA SSVEARTTTV IALVVKYIIA IPHSLLGIAL E
GNM13210                        ----VLAAKA KLPKDAKCDD GDDEEENSSF FHNGGGGGRG GAGGITVIVI IIFTRISSKK KRKEHIIIVP YILILMFLMR LVAEEVNNHP PPPTRDENPI IKKRSGFDIA STTDYLTSTV YIIVVYFVVI VPKTVIGVVV V
GNM12773                        -----KAAAA GAPYNFKLDD TDDEEEKKRF ANGAGGGGMG GTGGIFIIII LIKANVIGKK KRKKKIVIVL ILTVLLLIYM LIFHNVNNSP PPPTLQQKLI ICKRSQYELS SSVDTDTTTI IALVVLVILV IPHTIGGITV E
GNM12768                        -----EAAYA GAPYQTRLDD EDDEEERATF AEGGGGGGMG GPGGLFILIV LVVSFVIGKK KRKDGIVIIL VVTVLLLLFM LIFRDRHNPP VSPSAEQEAI VRRRSRERSA STTDAGTTTV VVLVVLYVVA VGQVVGTVEF E



    1    1    1    1    1    1    1    1    1    1    1    1    1    1    1
    1    1    1    2    1    1    1    1    1    1    1    1    1    1    1
    1    1    1    1    3    2    1    1    1    1    1    1    1    1    1
    1    1    1    1    1    1    1    1    1    1    1    1    1    1    1
    1    1    1    1    1    1    1    1    1    1    1    1    1    1    1
    1    1    1    1    1    1    1    1    1    1    1    1    1    1    1
    1    1    1    1    1    1    1    1    1    1    1    1    1    1    1
    1    1    1    1    1    1    1    1    1    1    1    1    1    1    1
    1    1    1    1    1    1    1    1    1    1    1    1    1    1    1
    1    1    1    1    1    1

AAML (in paml version 4.9h, March 2018)  tmp0044.txt
Model: Empirical,  (../wag.dat) dGamma (ncatG=4) ns = 143  ls = 145


Frequencies..
                                    A      R      N      D      C      Q      E      G      H      I      L      K      M      F      P      S      T      W      Y      V
GNM13538                       0.08633 0.06475 0.02878 0.02878 0.00000 0.02878 0.05755 0.11511 0.00719 0.08633 0.11511 0.05755 0.02158 0.01439 0.03597 0.05036 0.05036 0.00000 0.04317 0.10791
GNM13671                       0.02857 0.05000 0.03571 0.05714 0.00000 0.02857 0.05000 0.11429 0.00000 0.11429 0.14286 0.06429 0.03571 0.04286 0.04286 0.07143 0.05000 0.00000 0.02143 0.05000
GNM13876                       0.04286 0.05714 0.02857 0.05000 0.00000 0.01429 0.08571 0.12143 0.00714 0.08571 0.10000 0.05714 0.01429 0.04286 0.05714 0.06429 0.02143 0.00714 0.02143 0.12143
GNM14837                       0.08571 0.02143 0.05714 0.03571 0.00000 0.02857 0.03571 0.12143 0.00714 0.10000 0.10000 0.10714 0.00714 0.05000 0.03571 0.05000 0.05000 0.00000 0.00714 0.10000
GNM14249                       0.07143 0.02857 0.05000 0.03571 0.00000 0.02143 0.03571 0.12857 0.00714 0.11429 0.10000 0.11429 0.00714 0.05000 0.03571 0.03571 0.07143 0.00000 0.00714 0.08571
GNM13928                       0.08571 0.03571 0.04286 0.04286 0.00000 0.02857 0.04286 0.11429 0.00714 0.10714 0.09286 0.10714 0.00714 0.05000 0.03571 0.03571 0.06429 0.00000 0.00714 0.09286
GNM13297                       0.07914 0.06475 0.02878 0.02878 0.00000 0.02878 0.05755 0.11511 0.00719 0.08633 0.11511 0.05755 0.02158 0.01439 0.03597 0.05036 0.05755 0.00000 0.04317 0.10791
GNM14865                       0.15714 0.04286 0.02143 0.07143 0.00714 0.00714 0.05000 0.12857 0.02143 0.04286 0.10000 0.02143 0.00000 0.03571 0.05714 0.05000 0.05714 0.00000 0.00000 0.12857
GNM13455                       0.07143 0.03571 0.04286 0.04286 0.00000 0.03571 0.04286 0.11429 0.00714 0.10714 0.08571 0.09286 0.01429 0.05714 0.03571 0.06429 0.05000 0.00000 0.00714 0.09286
GNM14938                       0.05435 0.09783 0.02174 0.05435 0.01087 0.00000 0.06522 0.11957 0.02174 0.03261 0.11957 0.05435 0.03261 0.02174 0.08696 0.03261 0.02174 0.00000 0.00000 0.15217
GNM14483                       0.07143 0.05000 0.02143 0.03571 0.00000 0.01429 0.10714 0.11429 0.00000 0.04286 0.09286 0.04286 0.01429 0.04286 0.05714 0.06429 0.04286 0.00000 0.01429 0.17143
GNM14872                       0.09286 0.03571 0.01429 0.04286 0.00714 0.01429 0.08571 0.11429 0.00714 0.09286 0.07857 0.07143 0.02857 0.04286 0.05000 0.06429 0.02857 0.00000 0.01429 0.11429
GNM13855                       0.05714 0.03571 0.02143 0.05000 0.00714 0.01429 0.06429 0.09286 0.00000 0.15000 0.10714 0.09286 0.00000 0.05714 0.05000 0.05000 0.05714 0.00000 0.02143 0.07143
GNM14404                       0.02143 0.07143 0.01429 0.08571 0.01429 0.00714 0.02857 0.12857 0.00000 0.10000 0.12857 0.03571 0.02143 0.03571 0.05000 0.10714 0.02143 0.00000 0.02143 0.10714
GNM14545                       0.02143 0.07143 0.01429 0.08571 0.01429 0.00714 0.02857 0.12857 0.00000 0.10000 0.12857 0.03571 0.02143 0.03571 0.05000 0.10714 0.02143 0.00000 0.02143 0.10714
GNM14366                       0.10714 0.03571 0.03571 0.03571 0.00000 0.02143 0.05714 0.12143 0.01429 0.12857 0.07143 0.07143 0.01429 0.05714 0.04286 0.02143 0.05000 0.00000 0.01429 0.10000
GNM14252                       0.06429 0.02857 0.04286 0.03571 0.00000 0.02857 0.03571 0.12143 0.00714 0.10714 0.10000 0.11429 0.00000 0.04286 0.03571 0.03571 0.07857 0.00000 0.00714 0.11429
GNM13760                       0.06429 0.03571 0.03571 0.03571 0.00000 0.02857 0.05000 0.12143 0.00714 0.12143 0.10000 0.10714 0.00714 0.05000 0.03571 0.04286 0.07143 0.00000 0.00714 0.07857
GNM13982                       0.06429 0.02857 0.04286 0.04286 0.00714 0.03571 0.05000 0.10000 0.00000 0.12857 0.10714 0.10714 0.01429 0.05000 0.05000 0.06429 0.02857 0.00000 0.00714 0.07143
GNM13960                       0.05714 0.04286 0.05714 0.04286 0.00714 0.01429 0.05714 0.10714 0.00714 0.13571 0.10000 0.09286 0.00714 0.04286 0.03571 0.06429 0.04286 0.00000 0.00714 0.07857
GNM14633                       0.07143 0.02857 0.04286 0.03571 0.00714 0.03571 0.05000 0.10714 0.00000 0.11429 0.12143 0.10714 0.02143 0.04286 0.04286 0.05714 0.02143 0.00000 0.00714 0.08571
GNM14853                       0.07143 0.02857 0.05000 0.03571 0.00714 0.03571 0.05000 0.10714 0.00000 0.10714 0.12143 0.10714 0.01429 0.04286 0.04286 0.05000 0.02857 0.00000 0.00714 0.09286
GNM14174                       0.09286 0.02143 0.03571 0.04286 0.00714 0.02857 0.05000 0.12857 0.01429 0.13571 0.07857 0.06429 0.01429 0.01429 0.05000 0.05000 0.05000 0.00000 0.00714 0.11429
GNM14055                       0.07143 0.02857 0.03571 0.05000 0.00714 0.02857 0.04286 0.10000 0.00714 0.13571 0.08571 0.11429 0.00714 0.05000 0.05000 0.05714 0.03571 0.00000 0.00714 0.08571
GNM14748                       0.07143 0.02857 0.03571 0.04286 0.00000 0.02857 0.04286 0.11429 0.00714 0.13571 0.08571 0.11429 0.00714 0.05714 0.04286 0.04286 0.05714 0.00000 0.01429 0.07143
GNM14246                       0.06429 0.05000 0.04286 0.05714 0.00714 0.02857 0.04286 0.12857 0.02143 0.10000 0.12143 0.02857 0.02857 0.02857 0.06429 0.03571 0.05000 0.00000 0.01429 0.08571
GNM14640                       0.08571 0.03571 0.02143 0.05000 0.00000 0.03571 0.05000 0.12857 0.02143 0.07857 0.09286 0.05714 0.02143 0.04286 0.06429 0.02857 0.05000 0.00000 0.01429 0.12143
GNM14965                       0.05000 0.03571 0.04286 0.04286 0.00000 0.02143 0.07143 0.10714 0.00714 0.10714 0.10714 0.09286 0.00714 0.05000 0.03571 0.04286 0.05000 0.00000 0.01429 0.11429
GNM13677                       0.03571 0.05714 0.03571 0.05000 0.00000 0.01429 0.07857 0.12143 0.00714 0.06429 0.10714 0.05714 0.01429 0.04286 0.05714 0.06429 0.02143 0.00714 0.02143 0.14286
GNM14339                       0.09286 0.05000 0.02857 0.02857 0.00714 0.01429 0.08571 0.10000 0.00000 0.06429 0.12143 0.05714 0.02857 0.02857 0.04286 0.07143 0.02857 0.00714 0.01429 0.12857
GNM14593                       0.03571 0.05714 0.04286 0.04286 0.00714 0.03571 0.06429 0.10000 0.00714 0.13571 0.10714 0.06429 0.02143 0.04286 0.03571 0.05000 0.05000 0.00000 0.02143 0.07857
GNM13825                       0.06429 0.08571 0.01429 0.05714 0.00714 0.01429 0.08571 0.10000 0.01429 0.02857 0.12143 0.03571 0.01429 0.03571 0.06429 0.05000 0.05000 0.00000 0.00714 0.15000
GNM14768                       0.05714 0.05714 0.01429 0.07857 0.00714 0.02857 0.04286 0.10714 0.01429 0.10000 0.14286 0.04286 0.02857 0.02143 0.04286 0.07143 0.05000 0.00714 0.01429 0.07143
GNM14776                       0.05714 0.05714 0.01429 0.07857 0.00714 0.02857 0.04286 0.10714 0.01429 0.10000 0.14286 0.04286 0.02857 0.02143 0.04286 0.07143 0.05000 0.00714 0.01429 0.07143
GNM14715                       0.10000 0.02857 0.00714 0.04286 0.00714 0.01429 0.08571 0.12143 0.00000 0.05714 0.10000 0.06429 0.02143 0.03571 0.05714 0.05714 0.05714 0.00000 0.01429 0.12857
GNM14639                       0.02143 0.02143 0.05000 0.04286 0.00714 0.02857 0.07143 0.08571 0.00000 0.14286 0.11429 0.10000 0.00714 0.07857 0.05000 0.07143 0.02857 0.00000 0.02857 0.05000
GNM13795                       0.07143 0.02857 0.04286 0.03571 0.00000 0.02857 0.04286 0.11429 0.00714 0.13571 0.08571 0.10714 0.00714 0.05714 0.04286 0.05714 0.05714 0.00000 0.00714 0.07143
GNM14166                       0.07857 0.04286 0.02143 0.03571 0.00000 0.02143 0.06429 0.11429 0.01429 0.14286 0.07857 0.09286 0.00714 0.04286 0.05000 0.05000 0.02857 0.00000 0.01429 0.10000
GNM13993                       0.07143 0.01429 0.05714 0.06429 0.00000 0.03571 0.05714 0.12143 0.01429 0.13571 0.05714 0.05000 0.01429 0.04286 0.05000 0.05714 0.02143 0.00714 0.02857 0.10000
GNM14450                       0.08571 0.02857 0.04286 0.04286 0.00000 0.02143 0.08571 0.09286 0.01429 0.10714 0.10000 0.07857 0.01429 0.04286 0.03571 0.03571 0.04286 0.00714 0.02143 0.10000
GNM13745                       0.06429 0.01429 0.06429 0.04286 0.00000 0.02857 0.06429 0.11429 0.00714 0.15714 0.08571 0.05000 0.01429 0.05000 0.05000 0.07143 0.02857 0.00714 0.01429 0.07143
GNM14030                       0.06475 0.01439 0.05036 0.05036 0.00000 0.03597 0.06475 0.11511 0.00719 0.15827 0.07194 0.05755 0.01439 0.05036 0.05036 0.07914 0.02158 0.00719 0.01439 0.07194
GNM14959                       0.07143 0.06429 0.02143 0.05000 0.00000 0.00000 0.10714 0.09286 0.01429 0.13571 0.07857 0.03571 0.00714 0.03571 0.05000 0.03571 0.06429 0.00000 0.00714 0.12857
GNM13413                       0.04965 0.05674 0.02128 0.07801 0.00709 0.00000 0.04965 0.11348 0.02837 0.06383 0.09929 0.05674 0.00709 0.01418 0.05674 0.05674 0.04965 0.00000 0.04965 0.14184
GNM14971                       0.05714 0.04286 0.06429 0.04286 0.00714 0.01429 0.05714 0.10714 0.00714 0.12143 0.10000 0.09286 0.00714 0.05000 0.03571 0.06429 0.03571 0.00000 0.00714 0.08571
GNM14990                       0.05714 0.04286 0.06429 0.04286 0.00714 0.01429 0.05714 0.10714 0.00714 0.12143 0.10000 0.09286 0.00714 0.05000 0.03571 0.06429 0.03571 0.00000 0.00714 0.08571
GNM15005                       0.05714 0.04286 0.06429 0.04286 0.00714 0.01429 0.05714 0.10714 0.00714 0.12143 0.10000 0.09286 0.00714 0.05000 0.03571 0.06429 0.03571 0.00000 0.00714 0.08571
GNM15013                       0.04286 0.06429 0.07143 0.04286 0.02143 0.02857 0.05714 0.08571 0.00714 0.17143 0.07857 0.09286 0.00714 0.03571 0.03571 0.04286 0.02143 0.00000 0.01429 0.07857
GNM14976                       0.05714 0.04286 0.05714 0.04286 0.00714 0.01429 0.05714 0.10714 0.00714 0.13571 0.10000 0.09286 0.00714 0.04286 0.03571 0.07143 0.03571 0.00000 0.00714 0.07857
GNM15022                       0.05000 0.04286 0.05714 0.04286 0.00714 0.01429 0.05714 0.10714 0.00714 0.12857 0.10000 0.09286 0.00714 0.05000 0.03571 0.07143 0.04286 0.00000 0.00714 0.07857
GNM15018                       0.07143 0.02857 0.04286 0.03571 0.00000 0.02857 0.03571 0.12857 0.00714 0.09286 0.09286 0.11429 0.00714 0.05714 0.03571 0.03571 0.07857 0.00000 0.00714 0.10000
GNM15025                       0.07143 0.02857 0.02143 0.05000 0.00714 0.02143 0.05000 0.10714 0.01429 0.13571 0.10000 0.12143 0.00714 0.05000 0.04286 0.05000 0.03571 0.00000 0.00714 0.07857
GNM15024                       0.07143 0.02857 0.04286 0.03571 0.00000 0.02857 0.03571 0.12857 0.00714 0.09286 0.09286 0.11429 0.00714 0.05714 0.03571 0.03571 0.07857 0.00000 0.00714 0.10000
GNM14980                       0.07143 0.02857 0.04286 0.03571 0.00000 0.02857 0.03571 0.12857 0.00714 0.09286 0.09286 0.11429 0.00714 0.05714 0.03571 0.03571 0.07857 0.00000 0.00714 0.10000
GNM15028                       0.06429 0.03571 0.05000 0.05000 0.00714 0.01429 0.05000 0.10000 0.00714 0.13571 0.08571 0.10714 0.00714 0.05000 0.04286 0.07143 0.03571 0.00000 0.00714 0.07857
GNM11003                       0.01429 0.04286 0.04286 0.06429 0.00000 0.02857 0.06429 0.10000 0.00000 0.17857 0.10000 0.07143 0.00000 0.05000 0.02857 0.09286 0.05000 0.00000 0.01429 0.05714
GNM11023                       0.06429 0.06429 0.02857 0.04286 0.00000 0.00000 0.09286 0.15000 0.00000 0.02857 0.12143 0.02857 0.01429 0.03571 0.06429 0.05000 0.04286 0.01429 0.00714 0.15000
GNM11055                       0.04286 0.04286 0.03571 0.05714 0.01429 0.01429 0.08571 0.12857 0.00000 0.10000 0.07857 0.05714 0.02143 0.04286 0.04286 0.06429 0.02143 0.00000 0.01429 0.13571
GNM11146                       0.07092 0.03546 0.01418 0.05674 0.00709 0.00000 0.10638 0.12766 0.00709 0.11348 0.07801 0.04965 0.00709 0.02128 0.04965 0.05674 0.04255 0.00000 0.02837 0.12766
GNM11219                       0.10714 0.07143 0.01429 0.04286 0.00714 0.01429 0.07857 0.14286 0.00714 0.07857 0.13571 0.03571 0.01429 0.01429 0.05714 0.03571 0.03571 0.00000 0.01429 0.09286
GNM11220                       0.05634 0.07042 0.01408 0.05634 0.00000 0.00000 0.07746 0.09155 0.00704 0.09155 0.14085 0.07746 0.01408 0.04930 0.05634 0.04930 0.04930 0.00000 0.00704 0.09155
GNM11222                       0.06429 0.09286 0.02143 0.05714 0.00714 0.00714 0.06429 0.12143 0.00714 0.07143 0.11429 0.05000 0.00714 0.03571 0.05714 0.04286 0.05000 0.00000 0.01429 0.11429
GNM11223                       0.06429 0.06429 0.02857 0.07143 0.00714 0.01429 0.05000 0.12857 0.00000 0.12143 0.10714 0.06429 0.00000 0.03571 0.05000 0.05000 0.03571 0.00000 0.02143 0.08571
GNM11358                       0.03571 0.03571 0.03571 0.05714 0.00714 0.01429 0.05000 0.10000 0.00000 0.15000 0.13571 0.08571 0.00000 0.06429 0.05000 0.06429 0.03571 0.00000 0.02143 0.05714
GNM11360                       0.07143 0.03571 0.04286 0.04286 0.00000 0.03571 0.04286 0.11429 0.00714 0.10714 0.08571 0.09286 0.01429 0.05714 0.03571 0.06429 0.05000 0.00000 0.00714 0.09286
GNM11362                       0.07143 0.04286 0.01429 0.05714 0.00714 0.01429 0.07143 0.07857 0.00714 0.10714 0.12143 0.07143 0.02857 0.02857 0.05714 0.06429 0.02857 0.00000 0.02143 0.10714
GNM11367                       0.06429 0.02857 0.04286 0.04286 0.00714 0.03571 0.05000 0.10000 0.00000 0.12857 0.10714 0.10714 0.01429 0.05000 0.05000 0.06429 0.02857 0.00000 0.00714 0.07143
GNM11377                       0.09286 0.03571 0.01429 0.04286 0.00714 0.01429 0.07857 0.10000 0.00714 0.10714 0.07143 0.07857 0.03571 0.04286 0.05714 0.07143 0.02857 0.00000 0.01429 0.10000
GNM11380                       0.07857 0.03571 0.02857 0.04286 0.00000 0.03571 0.05714 0.11429 0.02143 0.15714 0.07857 0.08571 0.00714 0.04286 0.05000 0.05000 0.02143 0.00000 0.00714 0.08571
GNM11383                       0.08571 0.04286 0.03571 0.02857 0.00000 0.04286 0.05714 0.12143 0.00714 0.10714 0.07857 0.07143 0.00714 0.06429 0.04286 0.04286 0.03571 0.00000 0.02143 0.10714
GNM11491                       0.10714 0.05000 0.01429 0.07143 0.00714 0.01429 0.07143 0.10714 0.01429 0.09286 0.11429 0.03571 0.00714 0.03571 0.05714 0.04286 0.04286 0.00000 0.00000 0.11429
GNM11804                       0.05072 0.05797 0.04348 0.06522 0.01449 0.00725 0.07971 0.10870 0.00725 0.09420 0.09420 0.06522 0.00725 0.03623 0.04348 0.04348 0.02899 0.00000 0.02899 0.12319
GNM11805                       0.04348 0.02174 0.02174 0.07246 0.00725 0.00000 0.07971 0.11594 0.00725 0.07971 0.08696 0.10870 0.02174 0.07971 0.03623 0.05797 0.06522 0.00000 0.02899 0.06522
GNM12883                       0.06429 0.04286 0.01429 0.05000 0.00000 0.02143 0.07143 0.10000 0.01429 0.12857 0.10714 0.07143 0.01429 0.05000 0.05000 0.07143 0.02857 0.00000 0.00714 0.09286
GNM12892                       0.05000 0.03571 0.04286 0.04286 0.00000 0.02143 0.07143 0.10714 0.00714 0.10000 0.10714 0.09286 0.00714 0.05000 0.03571 0.04286 0.05714 0.00000 0.01429 0.11429
GNM12895                       0.08571 0.02857 0.04286 0.04286 0.00000 0.02143 0.08571 0.09286 0.01429 0.10714 0.10000 0.07857 0.01429 0.04286 0.03571 0.03571 0.04286 0.00714 0.02143 0.10000
GNM13060                       0.04286 0.02857 0.03571 0.05000 0.00000 0.02143 0.06429 0.09286 0.01429 0.11429 0.10000 0.09286 0.00000 0.05714 0.05000 0.05000 0.05000 0.00000 0.04286 0.09286
GNM13061                       0.05714 0.05714 0.01429 0.05714 0.00000 0.02143 0.07143 0.10714 0.01429 0.07143 0.10000 0.06429 0.02143 0.05000 0.05000 0.07143 0.05714 0.00000 0.03571 0.07857
GNM13064                       0.07143 0.01429 0.05714 0.06429 0.00000 0.03571 0.05714 0.12143 0.01429 0.13571 0.05714 0.05000 0.01429 0.04286 0.05000 0.05714 0.02143 0.00714 0.02857 0.10000
GNM13066                       0.07143 0.01429 0.07857 0.04286 0.00000 0.03571 0.05714 0.11429 0.01429 0.14286 0.06429 0.04286 0.01429 0.04286 0.05000 0.06429 0.02857 0.00714 0.02143 0.09286
GNM11032                       0.07857 0.05000 0.02857 0.03571 0.01429 0.02143 0.07857 0.10714 0.00000 0.09286 0.11429 0.04286 0.01429 0.03571 0.04286 0.05714 0.07143 0.01429 0.00714 0.09286
GNM11363                       0.07143 0.04286 0.01429 0.05714 0.00714 0.01429 0.07143 0.07857 0.00714 0.10714 0.12143 0.07143 0.02857 0.02857 0.05714 0.06429 0.02857 0.00000 0.02143 0.10714
GNM11375                       0.06429 0.03571 0.03571 0.03571 0.00000 0.02857 0.05000 0.12143 0.00714 0.12857 0.10000 0.10714 0.00714 0.05000 0.03571 0.03571 0.07143 0.00000 0.00714 0.07857
GNM11381                       0.09286 0.02857 0.02857 0.03571 0.00000 0.04286 0.04286 0.12857 0.00714 0.12857 0.07857 0.09286 0.00714 0.06429 0.05000 0.02143 0.05000 0.00000 0.01429 0.08571
GNM11382                       0.07857 0.03571 0.02857 0.04286 0.00000 0.03571 0.05000 0.12143 0.01429 0.11429 0.08571 0.08571 0.01429 0.05714 0.05000 0.02857 0.04286 0.00000 0.01429 0.10000
GNM11799                       0.06429 0.04286 0.03571 0.05000 0.00714 0.02143 0.05000 0.10714 0.02143 0.13571 0.09286 0.10714 0.00714 0.05000 0.02857 0.05714 0.03571 0.00000 0.00714 0.07857
GNM11841                       0.13571 0.04286 0.02143 0.07857 0.00714 0.02143 0.05000 0.11429 0.02143 0.05000 0.10000 0.02143 0.00714 0.02857 0.06429 0.04286 0.05000 0.00000 0.01429 0.12857
GNM11931                       0.14388 0.05755 0.00000 0.08633 0.00000 0.00719 0.04317 0.12230 0.02158 0.02158 0.05036 0.02158 0.00000 0.02878 0.05036 0.05755 0.06475 0.00000 0.00719 0.21583
GNM12040                       0.14286 0.03571 0.02143 0.07857 0.00000 0.00714 0.05714 0.11429 0.02857 0.10000 0.07857 0.02857 0.00714 0.03571 0.04286 0.05714 0.07857 0.00000 0.00000 0.08571
GNM12071                       0.13571 0.05714 0.02143 0.06429 0.00714 0.00714 0.06429 0.12857 0.02143 0.05714 0.08571 0.02143 0.00000 0.02857 0.05714 0.05000 0.07143 0.00000 0.00000 0.12143
GNM12125                       0.05714 0.07857 0.01429 0.05714 0.00000 0.00000 0.07857 0.10714 0.00714 0.05000 0.12857 0.02857 0.02143 0.04286 0.05714 0.06429 0.04286 0.00714 0.03571 0.12143
GNM12126                       0.05109 0.04380 0.01460 0.04380 0.00730 0.00000 0.06569 0.13139 0.00730 0.03650 0.11679 0.08759 0.00730 0.01460 0.05109 0.07299 0.05109 0.00730 0.02190 0.16788
GNM12128                       0.02143 0.02857 0.05714 0.06429 0.00000 0.00000 0.06429 0.10000 0.00714 0.15000 0.10714 0.06429 0.02143 0.04286 0.05714 0.05000 0.07143 0.00000 0.03571 0.05714
GNM12182                       0.04317 0.05755 0.02158 0.05036 0.00000 0.00719 0.08633 0.10791 0.00000 0.07194 0.11511 0.06475 0.02158 0.03597 0.05036 0.05036 0.06475 0.00719 0.00719 0.13669
GNM12342                       0.07857 0.02143 0.05714 0.05714 0.00714 0.01429 0.09286 0.11429 0.00714 0.12143 0.06429 0.05714 0.03571 0.05000 0.04286 0.03571 0.03571 0.00000 0.00714 0.10000
GNM12346                       0.07143 0.05000 0.01429 0.06429 0.01429 0.02143 0.05000 0.12857 0.02143 0.11429 0.09286 0.05714 0.00000 0.03571 0.04286 0.05714 0.06429 0.00000 0.01429 0.08571
GNM12351                       0.10000 0.02143 0.01429 0.05714 0.00714 0.03571 0.07857 0.11429 0.02857 0.11429 0.06429 0.05000 0.00714 0.04286 0.02857 0.05000 0.04286 0.00000 0.01429 0.12857
GNM12356                       0.05714 0.01429 0.07857 0.05714 0.00714 0.02143 0.07143 0.10714 0.00714 0.12857 0.09286 0.05000 0.02857 0.03571 0.05714 0.05000 0.04286 0.00000 0.00714 0.08571
GNM12357                       0.07857 0.01429 0.05714 0.07143 0.00714 0.00714 0.05714 0.11429 0.00714 0.10714 0.07857 0.05714 0.03571 0.04286 0.05000 0.05714 0.05714 0.00000 0.00000 0.10000
GNM12366                       0.07143 0.01429 0.06429 0.06429 0.00714 0.01429 0.06429 0.10714 0.00714 0.12857 0.07143 0.05000 0.04286 0.04286 0.05000 0.07143 0.05000 0.00000 0.00000 0.07857
GNM12373                       0.10714 0.04286 0.03571 0.06429 0.00000 0.02143 0.07143 0.11429 0.00714 0.10000 0.07143 0.04286 0.02143 0.05000 0.05000 0.05000 0.02857 0.00000 0.01429 0.10714
GNM12385                       0.13571 0.07143 0.02143 0.05714 0.01429 0.02143 0.04286 0.11429 0.00000 0.07143 0.10000 0.02857 0.01429 0.04286 0.05714 0.02143 0.05714 0.00000 0.01429 0.11429
GNM12551                       0.06667 0.05185 0.02222 0.07407 0.02963 0.00000 0.11111 0.11111 0.00741 0.05185 0.09630 0.02963 0.00000 0.02963 0.06667 0.03704 0.03704 0.01481 0.00000 0.16296
GNM12554                       0.11429 0.05000 0.01429 0.05000 0.02143 0.02143 0.06429 0.12143 0.00000 0.10000 0.07143 0.04286 0.01429 0.05714 0.05714 0.02857 0.05000 0.00000 0.02143 0.10000
GNM12592                       0.08571 0.07857 0.02143 0.05714 0.00714 0.02857 0.05714 0.12143 0.01429 0.09286 0.05714 0.02143 0.00714 0.03571 0.05714 0.03571 0.04286 0.00714 0.01429 0.15714
GNM12596                       0.07857 0.04286 0.01429 0.05714 0.00000 0.03571 0.05714 0.12143 0.01429 0.08571 0.10714 0.07143 0.00714 0.03571 0.04286 0.05000 0.05000 0.00000 0.01429 0.11429
GNM12602                       0.07857 0.03571 0.02143 0.05714 0.00000 0.03571 0.05714 0.12143 0.01429 0.09286 0.08571 0.06429 0.00000 0.03571 0.05714 0.05000 0.06429 0.00000 0.01429 0.11429
GNM12665                       0.08571 0.05000 0.02143 0.07143 0.00000 0.02857 0.04286 0.12143 0.01429 0.08571 0.08571 0.05714 0.00714 0.03571 0.05000 0.04286 0.05714 0.00000 0.01429 0.12857
GNM12745                       0.05714 0.02857 0.03571 0.06429 0.00000 0.00714 0.09286 0.11429 0.01429 0.12143 0.10000 0.07143 0.00000 0.04286 0.05714 0.02857 0.05000 0.00000 0.02143 0.09286
GNM12749                       0.06429 0.06429 0.02857 0.05000 0.01429 0.01429 0.03571 0.11429 0.01429 0.15714 0.05714 0.02143 0.03571 0.02143 0.07143 0.06429 0.08571 0.00000 0.00000 0.08571
GNM12758                       0.08571 0.02857 0.04286 0.05714 0.00000 0.00714 0.07857 0.11429 0.01429 0.07857 0.07857 0.02857 0.02143 0.05000 0.05000 0.06429 0.04286 0.00000 0.01429 0.14286
GNM12763                       0.03571 0.01429 0.05000 0.06429 0.00714 0.01429 0.07857 0.11429 0.00714 0.12857 0.06429 0.09286 0.00000 0.04286 0.05714 0.06429 0.04286 0.00714 0.01429 0.10000
GNM12766                       0.05714 0.01429 0.05714 0.05714 0.00714 0.01429 0.07857 0.12857 0.00714 0.10714 0.07143 0.06429 0.03571 0.03571 0.05000 0.04286 0.03571 0.00000 0.01429 0.12143
GNM12841                       0.13571 0.05000 0.01429 0.07143 0.00000 0.03571 0.07857 0.11429 0.01429 0.05714 0.10714 0.02143 0.00000 0.02143 0.07143 0.04286 0.05000 0.00000 0.00714 0.10714
GNM12849                       0.07857 0.02857 0.03571 0.03571 0.00000 0.03571 0.05000 0.12143 0.00714 0.11429 0.07857 0.10714 0.00714 0.05714 0.03571 0.06429 0.02857 0.00000 0.01429 0.10000
GNM12869                       0.07143 0.02857 0.03571 0.03571 0.00000 0.02143 0.04286 0.12143 0.00714 0.08571 0.10000 0.12143 0.01429 0.05000 0.03571 0.03571 0.07143 0.00000 0.00714 0.11429
GNM12896                       0.07143 0.03571 0.02143 0.04286 0.00000 0.04286 0.05714 0.12143 0.01429 0.15000 0.08571 0.08571 0.00000 0.04286 0.05000 0.04286 0.02143 0.00000 0.01429 0.10000
GNM12897                       0.07857 0.05714 0.03571 0.04286 0.00000 0.03571 0.05714 0.10714 0.01429 0.15000 0.07857 0.06429 0.01429 0.04286 0.05000 0.05000 0.02857 0.00000 0.00714 0.08571
GNM12902                       0.02899 0.05797 0.02899 0.05797 0.01449 0.00725 0.09420 0.10145 0.00725 0.11594 0.06522 0.06522 0.01449 0.07971 0.03623 0.08696 0.02899 0.00000 0.04348 0.06522
GNM12903                       0.08511 0.04255 0.03546 0.05674 0.00000 0.00000 0.11348 0.10638 0.00709 0.07092 0.09929 0.06383 0.00000 0.03546 0.05674 0.02837 0.02837 0.00709 0.01418 0.14894
GNM12906                       0.09929 0.07092 0.01418 0.06383 0.00000 0.00709 0.09929 0.10638 0.00709 0.06383 0.09929 0.03546 0.00709 0.02837 0.06383 0.04255 0.02837 0.00709 0.00709 0.14894
GNM12907                       0.09220 0.04965 0.02128 0.06383 0.00000 0.01418 0.09929 0.10638 0.00709 0.06383 0.09220 0.05674 0.00000 0.03546 0.04965 0.02837 0.04255 0.00709 0.01418 0.15603
GNM12909                       0.09929 0.05674 0.02128 0.05674 0.00000 0.01418 0.08511 0.09929 0.00000 0.09929 0.09929 0.05674 0.00000 0.02128 0.05674 0.02837 0.04255 0.00709 0.02837 0.12766
GNM12915                       0.07143 0.04286 0.03571 0.07143 0.00000 0.01429 0.07857 0.10000 0.00000 0.13571 0.08571 0.03571 0.02857 0.04286 0.05714 0.03571 0.05000 0.00000 0.02143 0.09286
GNM10046                       0.07143 0.03571 0.03571 0.05714 0.00000 0.00714 0.09286 0.10000 0.00000 0.12143 0.07143 0.05000 0.02857 0.05000 0.07143 0.02857 0.05000 0.00000 0.02143 0.10714
GNM12918                       0.07857 0.02857 0.03571 0.07143 0.00000 0.01429 0.08571 0.09286 0.00714 0.14286 0.08571 0.05000 0.02143 0.04286 0.05714 0.02143 0.05714 0.00000 0.02143 0.08571
GNM12931                       0.05000 0.02857 0.05000 0.05714 0.00000 0.02143 0.07143 0.08571 0.01429 0.12857 0.08571 0.08571 0.00714 0.02143 0.04286 0.02857 0.05000 0.00714 0.06429 0.10000
GNM12938                       0.02158 0.04317 0.02878 0.05755 0.00000 0.01439 0.06475 0.10791 0.00719 0.17266 0.07194 0.10072 0.00719 0.03597 0.02878 0.08633 0.04317 0.00000 0.02158 0.08633
GNM12996                       0.02878 0.02878 0.02878 0.06475 0.00000 0.00000 0.07194 0.10072 0.00719 0.12230 0.09353 0.11511 0.01439 0.05755 0.02878 0.07194 0.04317 0.00000 0.01439 0.10791
GNM13018                       0.01439 0.03597 0.02878 0.05755 0.00000 0.00000 0.07194 0.10072 0.00000 0.15827 0.07914 0.10791 0.01439 0.05036 0.02878 0.07914 0.05755 0.00000 0.02158 0.09353
GNM13027                       0.04317 0.04317 0.02158 0.04317 0.00000 0.00719 0.12230 0.09353 0.00000 0.11511 0.10791 0.10791 0.00719 0.04317 0.03597 0.07194 0.02158 0.00000 0.02158 0.09353
GNM13046                       0.07857 0.02857 0.03571 0.03571 0.00000 0.02143 0.04286 0.12143 0.01429 0.12857 0.07857 0.10000 0.01429 0.05000 0.05000 0.03571 0.03571 0.00000 0.01429 0.11429
GNM13074                       0.08571 0.02857 0.04286 0.05000 0.00000 0.00714 0.10000 0.10714 0.00000 0.10714 0.10714 0.04286 0.02143 0.04286 0.05000 0.02857 0.05714 0.00000 0.02143 0.10000
GNM10010                       0.07857 0.04286 0.03571 0.05714 0.00000 0.00714 0.10000 0.10000 0.00714 0.12857 0.08571 0.04286 0.02143 0.05000 0.05000 0.03571 0.05714 0.00000 0.00714 0.09286
GNM10014                       0.10000 0.02857 0.04286 0.05000 0.00000 0.00714 0.10000 0.10000 0.00714 0.10714 0.10000 0.03571 0.02143 0.04286 0.05000 0.02143 0.05714 0.00000 0.02143 0.10714
GNM13090                       0.08571 0.03571 0.04286 0.05000 0.00000 0.00714 0.10714 0.10000 0.00714 0.09286 0.10714 0.03571 0.01429 0.04286 0.05000 0.02143 0.05714 0.00000 0.02857 0.11429
GNM13118                       0.05634 0.02113 0.03521 0.06338 0.00704 0.00704 0.07746 0.10563 0.00704 0.06338 0.11268 0.06338 0.00000 0.04225 0.04930 0.07042 0.06338 0.00000 0.02113 0.13380
GNM13126                       0.05000 0.05714 0.03571 0.07143 0.01429 0.02143 0.07143 0.10714 0.00714 0.10714 0.08571 0.04286 0.02857 0.02857 0.04286 0.05000 0.06429 0.00000 0.02857 0.08571
GNM13128                       0.05000 0.06429 0.02857 0.07143 0.01429 0.00714 0.07857 0.10714 0.00000 0.11429 0.09286 0.07143 0.00714 0.03571 0.03571 0.05000 0.06429 0.00000 0.02143 0.08571
GNM13208                       0.09220 0.04255 0.01418 0.07801 0.00000 0.00000 0.07801 0.12057 0.01418 0.11348 0.10638 0.05674 0.00709 0.02128 0.06383 0.05674 0.02837 0.00709 0.00709 0.09220
GNM13210                       0.04965 0.04255 0.03546 0.06383 0.00709 0.00000 0.04965 0.10638 0.02128 0.12766 0.04965 0.07801 0.01418 0.04255 0.05674 0.04965 0.05674 0.00000 0.02837 0.12057
GNM12773                       0.06429 0.02143 0.04286 0.05000 0.00714 0.02143 0.03571 0.11429 0.01429 0.14286 0.10000 0.09286 0.01429 0.02857 0.04286 0.03571 0.07143 0.00000 0.02143 0.07857
GNM12768                       0.07857 0.07143 0.00714 0.05714 0.00000 0.02143 0.07857 0.13571 0.00714 0.05714 0.08571 0.02857 0.01429 0.04286 0.03571 0.04286 0.06429 0.00000 0.02143 0.15000

Homogeneity statistic: X2 = 17.67367 G = 18.14399 

Average                        0.07044 0.04173 0.03357 0.05275 0.00421 0.01889 0.06543 0.11192 0.00887 0.10706 0.09524 0.06903 0.01318 0.04213 0.04764 0.05200 0.04604 0.00145 0.01558 0.10285
(Ambiguity characters are used to calculate freqs.)


# constant sites:      5 (3.45%)

TREE #  1:  ((((((((44, 141), 127), (57, 91)), 92), 93), (((129, 130), (94, 56)), (128, 131))), ((((((121, 120), 123), 122), 140), (59, 43)), 137)), ((((((((((((((((((((46, 47), 45), ((48, 50), 20)), 49), 55), 86), 52), 24), ((67, 19), (22, 21))), (((((((53, 54), 51), 116), (17, 5)), (((25, 37), (6, 4)), (83, 18))), ((9, 65), 115)), 71)), 132), (((84, 70), 16), 85)), (((117, 69), 118), 38)), (((74, (68, 12)), (28, 75)), (13, 64))), (76, 40)), (82, 66)), (((((39, 79), 80), 42), 41), (35, 11))), (((77, 78), (7, 1)), 36)), ((((33, 34), (2, 31)), (3, 29)), ((10, 32), (30, 81)))), ((((((27, 26), (142, 23)), 63), 60), (62, 143)), ((15, 14), 61))), (((((((((((108, 106), 107), 97), 105), 96), (((104, 102), 110), 101)), ((((89, 8), 90), (87, 114)), 88)), (58, 72)), ((139, 138), (73, 119))), ((((((100, 99), 98), 113), 95), ((109, 111), 112)), 103)), ((((134, 135), 136), 133), ((126, 124), 125))));   MP score: -1
lnL(ntime:283  np:284): -17643.518076      +0.000000
 144..145 145..146 146..147 147..148 148..149 149..150 150..151 151..44  151..141 150..127 149..152 152..57  152..91  148..92  147..93  146..153 153..154 154..155 155..129 155..130 154..156 156..94  156..56  153..157 157..128 157..131 145..158 158..159 159..160 160..161 161..162 162..163 163..121 163..120 162..123 161..122 160..140 159..164 164..59  164..43  158..137 144..165 165..166 166..167 167..168 168..169 169..170 170..171 171..172 172..173 173..174 174..175 175..176 176..177 177..178 178..179 179..180 180..181 181..182 182..183 183..184 184..46  184..47  183..45  182..185 185..186 186..48  186..50  185..20  181..49  180..55  179..86  178..52  177..24  176..187 187..188 188..67  188..19  187..189 189..22  189..21  175..190 190..191 191..192 192..193 193..194 194..195 195..196 196..53  196..54  195..51  194..116 193..197 197..17  197..5   192..198 198..199 199..200 200..25  200..37  199..201 201..6   201..4   198..202 202..83  202..18  191..203 203..204 204..9   204..65  203..115 190..71  174..132 173..205 205..206 206..207 207..84  207..70  206..16  205..85  172..208 208..209 209..210 210..117 210..69  209..118 208..38  171..211 211..212 212..213 213..74  213..214 214..68  214..12  212..215 215..28  215..75  211..216 216..13  216..64  170..217 217..76  217..40  169..218 218..82  218..66  168..219 219..220 220..221 221..222 222..223 223..39  223..79  222..80  221..42  220..41  219..224 224..35  224..11  167..225 225..226 226..227 227..77  227..78  226..228 228..7   228..1   225..36  166..229 229..230 230..231 231..232 232..33  232..34  231..233 233..2   233..31  230..234 234..3   234..29  229..235 235..236 236..10  236..32  235..237 237..30  237..81  165..238 238..239 239..240 240..241 241..242 242..243 243..27  243..26  242..244 244..142 244..23  241..63  240..60  239..245 245..62  245..143 238..246 246..247 247..15  247..14  246..61  144..248 248..249 249..250 250..251 251..252 252..253 253..254 254..255 255..256 256..257 257..258 258..108 258..106 257..107 256..97  255..105 254..96  253..259 259..260 260..261 261..104 261..102 260..110 259..101 252..262 262..263 263..264 264..265 265..89  265..8   264..90  263..266 266..87  266..114 262..88  251..267 267..58  267..72  250..268 268..269 269..139 269..138 268..270 270..73  270..119 249..271 271..272 272..273 273..274 274..275 275..276 276..100 276..99  275..98  274..113 273..95  272..277 277..278 278..109 278..111 277..112 271..103 248..279 279..280 280..281 281..282 282..134 282..135 281..136 280..133 279..283 283..284 284..126 284..124 283..125
 0.142841 0.231308 0.033841 0.083806 0.000000 0.164136 0.174738 0.390046 0.244650 0.495782 0.071155 0.572433 0.811599 0.637381 0.433779 0.525489 0.000000 0.162211 0.064528 0.044601 0.035298 0.402550 0.319165 0.070360 0.365731 0.193978 0.000000 0.147860 0.188525 0.103373 0.000000 0.014518 0.153880 0.065710 0.193403 0.174652 0.304668 0.218410 0.137880 0.205359 0.624335 0.000000 0.065315 0.119065 0.061728 0.066105 0.039140 0.035771 0.131988 0.088530 0.025644 0.000000 0.044441 0.092373 0.033902 0.037214 0.034358 0.014957 0.000000 0.019566 0.000000 0.000000 0.000000 0.000000 0.000000 0.000000 0.134418 0.013204 0.012152 0.005804 0.038070 0.014438 0.048264 0.045455 0.103377 0.053708 0.000000 0.000000 0.013314 0.000000 0.019493 0.023043 0.050004 0.049734 0.009545 0.005882 0.018833 0.000000 0.000000 0.000000 0.000000 0.035821 0.000000 0.047228 0.021850 0.007936 0.028776 0.060956 0.019263 0.012972 0.005900 0.025703 0.082366 0.027717 0.006301 0.006583 0.000000 0.067472 0.000000 0.000000 0.058468 0.414760 0.102925 0.084268 0.012859 0.025735 0.061873 0.073403 0.139968 0.085996 0.095741 0.000000 0.014561 0.069598 0.041465 0.064641 0.037235 0.096684 0.029349 0.040934 0.153852 0.112274 0.025569 0.061760 0.259759 0.006399 0.000000 0.348872 0.115045 0.147847 0.344304 0.000000 0.000000 0.379383 0.000000 0.000000 0.025469 0.506431 0.023149 0.069481 0.067708 0.000000 0.000000 0.031329 0.052429 0.050832 0.384289 0.135317 0.129682 0.082372 0.130998 0.279657 0.333069 0.319289 0.570930 0.000000 0.006628 0.558486 0.158180 0.138985 0.191098 0.299817 0.000000 0.000000 0.197946 0.152809 0.195394 0.396993 0.000000 0.048857 0.064562 0.309423 0.082799 0.133076 0.323211 0.158128 0.218884 0.015752 0.085760 0.054808 0.022027 0.060657 0.024265 0.250334 0.141091 0.177679 0.185463 0.211699 0.211293 0.447413 0.004040 0.471822 0.503869 0.179349 0.742277 0.000000 0.000000 0.541110 0.042762 0.000000 0.000000 0.000000 0.203680 0.000000 0.038297 0.000000 0.086506 0.041451 0.008695 0.066235 0.033607 0.054418 0.298754 0.214782 0.285641 0.276702 0.010433 0.074721 0.337865 0.137782 0.536298 0.173136 0.196975 0.056599 0.037653 0.086326 0.415427 0.119193 0.176321 0.012410 0.139966 0.213377 0.295000 0.125177 0.288001 0.374951 0.304226 0.246879 0.146826 0.167919 0.265315 0.216943 0.099572 0.114693 0.002307 0.178933 0.063068 0.133593 0.096481 0.074050 0.061553 0.092122 0.083363 0.116885 0.029493 0.062024 0.226403 0.241635 0.190671 0.855674 0.354814 0.053273 0.000000 0.009286 0.078065 0.040261 0.046905 0.052394 0.026063 0.048812 0.026016 0.041734 0.070222 0.910789
