
Printing out site pattern counts


       155        110  P

GNM13746                        AAAAACCDDD DEEEEEEEEF FFGGGGGGHI IIIIIIIIIK KKKKKKKKLL LLLLLLLLLL LMMMMNNNNP PPPPQQQQQR RRRRRRSSSS TTTTVVVVVV VVWWYYYYYY 
GNM13538                        AAAPSCCDDD SEEEEEENQF FYGGGGGKHI IIIIILMTVG KKKRRRRTFL LLLLLLLLLV YIKMMNNSTG PPPPIKQQQG KKRRRRKSST STTVILVVVV VVLWGLYYYY 
GNM13671                        AASSPCSDEN DAEEEEENKF FYAGGGGGHI IIILRIILVN KKMNRRRRYF ILLLLLLLLL QYGFLGNNNG PPPSKEKQQG KRKKRRRSSS RTTIIVIIVV VVKWH-YYYY 
GNM13876                        AAASPCSNDN DADEEEENKF FYAGGGGGHI IIVLRTIEVK LNMNKRRRYF LLLLLLLLLL QVGMLANPNG KPPSKQKQQG RRQRRRRSST KTTIIVIVVV VVAFT-MYYY 
GNM13680                        AAASICCDDD NEEEEEENSF FFGAGGGRHI IVLIRLIHIG KKEKRQRTQF VFLLLLLLLV YVAMMNNSNG PPPSIAKQQG KRRVKRKSSS KTTVILIVVV VVKWHVFYYY 
GNM14837                        ATAAACCDDD NEEEEEENEF FYGAGGGGHI VVLIRIMHVG KKKKKQKSHF ILLLLLLLLV YLGMLNNNTG PPPKAEQKQK KQQFKRKSST KTTVILIITV VVNWSVFYYY 
GNM14249                        ATAAACCDDD NEDEEEENEF FYGAGGGGHI IILLRIMHVE KKKKKQKSHF ILLLLLLLLI YLGMLNNNTG PPPKIEQKQK KSQFKRKSST KTTVILIITV VVTWDTFYYY 
GNM13928                        ATAAACCDDD NEEDEEENQF FYGAGGGGHI IILLRIMHVG KKKKKQKSHF ILLLLLLLLI YLGMLNNNNG PPPKSEQKQK KSQFKRKSST KTTVILIITV VVNWDVFYYY 
GNM13297                        AAAPSCCDDD SEEEEEENQF FYGGGGGKHI IIIIILMTVG KKKRRRRTFL LLLLLLLLLV YIKMMNNSTG PPPPIKQQQG KKRRRRKSST STTVILVVVV VVLWGLYYYY 
GNM14865                        AAASVHCDDD DGESEEENEF LFGGADGGHI IVIVKIAYVG LNKHEREKFF IIAIKLLLLP DQAMFSASNG PPPSRDHEYG DLKQARDSST GGTVVLIVVA VVAWREYYYY 
GNM13455                        ATAAACCDDS NEDDEEENNF FYGAGGGGHI IILLRLMHVG KKKKKQKSHF ILLLLLLLLV YLGMLNNNTG PPPKVEQKQK KSQFKRKSST KTTVILIITV VVNWDTFYYY 
GNM14938                        AYSSPCADED DAEEEEENKI FYGGGGGGHV IVVLRLIRVG KKQNKRIRYV LLLLLLLLLW YHGMLGNNNG KPPSIGRQQG RKKKRRKSST SKTVIVVVTV VVKFH-FYYY 
GNM14483                        AAASVCCDDS NEEEEEENEF FYGGGGGRHI IIILVIAAVK KGKKKRRSHL ILLLLLLLLV QIGMLNAPNG PPPPQKQQQG KKHRRRKASS KSTVILVVVV VVSWKIFFYY 
GNM14872                        ASASICCDDD NEEEEEENAF FFGAGGGRHI IVLIRLIHIG KKQKRQRTQF VFMLLLLLLI YLAMMNNSNG PPPSQAKQQG KRRVKRKSSS KTTVILVIVV VVKWHIFYYY 
GNM13855                        AASSICCDDD NEDEEEENNF FFGAGGGRHI IVILRLIHIG KKQKRQRTQF IFLLLLLLLI YLLMMNNNNG PPPSQKKQQG KRRSKRKSSS KTTVILVIVV VVRWHIFYYY 
GNM14445                        AAAPVCCDDD QEEEEEENNF FHGGGGGRHI IIIILTITVD KKTKRRRSFL LLLLLLLLLV YIFMMNNPNG PPPALSTQQG KKRRRRKSSS KTTVILIVTV VVKWNLFYYY 
GNM14404                        AASSACCDDD DEEEAEENSF MYKGAGGGHI IIIIYIIKVG KKLKRKRRYF LLALLLLLLP DANMMNSSNG PPPSLEKQQG KKRKRRKTST RITIILIVIA LVKFYIFFYY 
GNM14545                        AASSACCDDD DEEEAEENSF MYKGAGGGHI IIIIYIIKVG KKLKRKRRYF LLALLLLLLP DANMMNSSNG PPPSLEKQQG KKRKRRKTST RITIILIVIA LVKFYIFFYY 
GNM14366                        ATSGACCDED NEEEEEENNF FYGAGGGNHI IVIIRIMHVG KKKRKQKTHF ILLLLLLLLV YLGMLNNNTG PPPKAEQQQK KTQFHRKSST KTTVILIITV VVKWHIFYYY 
GNM14252                        ATAAACCDDD NEDEEEENQF FYGAGGGGHI IILLRIMHVG KKKKKQKSHF ILLLLLLLLI YLGMLNNNTG PPPKAEQKQK KGQFKRKSST KTTVILIITV VVTWDTFYYY 
GNM13760                        ATAAACCDDD NEEDEEENEF FYGAGGGGHI IILLRIMHVG KKKKKQKSHF ILLLLLLLLI YLGMLNNNTG PPPKSEQKQK KGQFKRKSST KTTVILIITV VVNWDVFYYY 
GNM13982                        ATSAACCDED NDEEEEENNY FYGAGKGGHI ITIIRLMHVG KKKKEQKSRY VILLILLLLV YLGMLNTNTG PPPKAEQNKN KGKFKRKSST KTTVILVITV VVKWDVFYYY 
GNM13960                        ATAAACCDDD NDENEEENNF FFGAGGGGHI IILLRIIKVN KKKKKQKTHF ILLLLLLLLI FIGMLNTNTG PPPKIEHQKK NNQFKRKSST KTTVIIVITV VVKWEVFYYY 
GNM14633                        ATSAACCDED NDEEEEENNY FYGAGKGGHI ITIIRLMHVG KKKKSQKSRY IILLMLLLLT YLGMLNTNTG PPPKAEQNKN KSKFKRKSST KTTVILVITV VVKWDVFYYY 
GNM14853                        ATSAACCDED NDEEEEENNY FYGAGKGGHI ITIIRLMHVG KKKKSQKSRY IILLMLLLLT YLGMLNTNTG PPPKAEQNKN KSKFKRKSST KTTVILVITV VVKWDVFYYY 
GNM14174                        AASTACCDDG DEEEEEENEF LFGGAGGGHI IIVVRMIRVN KKKKRKKKFF LIGLLLLLMT ISSIMNNSNG PPPSEEKQQG LRRRRRKASS KTTVILIVIV VVVWNIFFYY 
GNM14138                        VASAACCDDK DEEEEEENEF LFGGAGGGHI VIVIRIVKVK KKNKRQRKFF LLGLLLLLLT INSLMNNSNG QPPPKEQQQG LRKRRRKSSS STTVILIVVV FVSWNIIFYY 
GNM14055                        ATSAACCDDD NEEQEEENNF FFGAGGGGHI IFILRIMHVG KKKKKKKTEF IILLLLLLLI YLGMLNTNTG PPPKAEQHKK NEQFKRKSST KTTVVLVITV IVKWEVFYYY 
GNM14748                        ATSAACCDDD NEDDEEENEF FYGAGGGGHI IILLRIMHVG KKKKKQKSHF ILLLLLLLLI YLGMLNNNTG PPPKIEQNQK KSQFKRKSST KTTVILIITV VVNWDIFYYY 
GNM14246                        AASAACCDDD DEEEEEENQF LFRGAGGGHI IVIIRVVRVR KKRKRRKKFF LLGLLLLLLM MSSLMNNSNG PPPSRAQQQG LRKRRRKSSS RITVILIVVV IIAWSVLFYY 
GNM14640                        AASAACSDDD DEEEEEKNEF LFGGAGGGHI IVVIRIIKVK KKRKRHKKFF LLGLLLLLLT MSSLMNNSNG PPPPKEQQQG LRKRRRKSSS STTVILIIVT IVFWNVIFYY 
GNM14965                        AAASICCDDN NEEEEEENEF FFGAGGGQHI IILIRILHIG KRQKRRRTQF IFLLLLLLIV YIALMNNSNG PPPSQSAQQG KKRVKRKSSS KTTIILVIVV VIKWHIFYFY 
GNM13677                        AAASPCSNDN DAEEEEENKF FYAGGGGGHI IIVLRTIEVR LNTNKRRRYF LLLLLLLLLL QVGMLANPNG KPPSKQKQQG RRQRRRRSST KTTIIVIVVV VVAFT-MYYY 
GNM14339                        AYAAPCADEN DSEEAEENSF FYAGGGGSHI IIILRLIKVG KRQNKLVKYV LLLLLLLLLL QYGLLGNNNG SPPSAGQQQG RKKKRRRSST PTTIIVIITV VVRWH-YYYY 
GNM14593                        AASSPCSDEN DAEEEEENKF FYAGGGGGHI IIILRIIIVG KKLNRKKRYF LLLLLLLLLL QYGMLGNNNG SPPSKEKQQG RREKRRRSST NTTIIVIIVV VVKWH-FYYY 
GNM13825                        AYSSPCADED DAEEEEENKI FYGGGGGGHV IVVLRLIRVG KKQNKRIRYV LLLLLLLLLW YHGMLGNNNG KPPSIGRQQG RKKKRRKSST SKTVIVVITV VVKFH-FYYY 
GNM14768                        AASSPCADEN DAEEEEENAI FYAGGGGGHI IIILRLIKVN KKKNKLRRYF LLLLLLLLLL QYGMLGNSNG YPPSEEQQQG RRRKRRRSST KTTIIVVITV VVKWH-FYYY 
GNM14776                        AASSPCADEN DAEEEEENAI FYAGGGGGHI IIILRLIKVN KKKNKLRRYF LLLLLLLLLL QYGMLGNSNG YPPSKEQQQG RRRKRRRSST KTTIIVVITV VVKWH-FYCY 
GNM14715                        AAAAVCCDDL NEEEEEENEF FYGGGGGRHV IIILVITVVK KGKKRRRSFL VLLLLLLLLI QIGMLNASNG PPPPQKQQQG KKHRRRRSSS RSTVILVVVV VVSWRMFFYY 
GNM14639                        ATAAVCCDDD NEEEEEENQF FYGGGGGGQI IIIIRLIVVG KNKKRKRSQF LLLLLLLLLV YSGMLNNPVG PPPSKEEQQG KKRKRRRSST KTTIIIIVIV VVKWYIFYYY 
GNM13795                        ATSAACCDDD NEDDEEENEF FYGAGGGGHI IILLRIMHVG KKKKKQKSHF ILLLLLLLLI YLGMLNNNTG PPPKIEQNQK KSQFKRKSST KTTVILIITV VVNWDIFYYY 
GNM14166                        ATSAACCDDG NEDEEEENKF FYGAGGGNHI IVILKLMHVG KKSKKQKTHF ILMLLLLLLI YLGMLNTNTG PPPKADQQQR HGQLKRKSST KTTVILVITV VVKWHLFFYY 
GNM13993                        ASAAICCDDS NEDEEEENKF FFGGGGGNHI IILLLEIVVN KKLKNRRSVI LLLLLLLLLT QIGMMNASNG PPPSEDKQKK QHRRKRRTSS SNTTVLVITV VVKWNLFYYY 
GNM14450                        AASAVCCDDD NDNEEEENEY LYGAGEGGHI IIILRIIHAG KNKKNQKTYF VFLLFLLLLV YTNMMNNSNG PPPSQQESKK NRRVKRKSSS KTTVILIVVV VVKWHIFYYY 
GNM13515                        ATSASCCDET NDEEEEENNF FFGAGNGGHI IIILRLMHVG KKKKHQKSHF ILLLLLLLLI DVGMLNTNSG PPPKVEQKKN KDQFKRKSST KTTVILVITV VVKWDIFYYY 
GNM14959                        ASAAAVVDES DEEEEEENQI LYGGAGGGHV IIIIRVILVN KKMHRKKKFF ILALLLLLLV KWGLMNASNG PPPSREKQQG RREVKRDSSS KMTVILIVVV LVVWYIFYYY 
GNM13413                        AAAAVVVDDS DEEELEENAF LYGGAGGGHI IIIIRTVKVH KKKKKRKKYI LLALLLLLVT YWWLLNAPNG PPPPVEHQQG RKKVRRKSSS KATVILVIVV VCYWEVYYYY 
GNM15005                        ATAAACCDDD NDENEEENNF FFGAGGGGHI IILLRIIKVN KKKKKQKTHF ILLLLLLLLI FIGMLNTNTG PPPKVEQQKK NNQFKRKSST KTTVIIVITV VVKWEVFYYY 
GNM14992                        ATAAICCDND NEESEEENNF FFGAGGGDHI IILIRIMKVG KKKKKQKTRF ILLLLLLLLI FTGMLNTNTG PPPKAEQQKK NNQFKRKSST KTTVILVITV VVKWEVFYYY 
GNM14994                        ATAAACCDDD NEENEEENQF FYGAGGGGHI IILLRIMHVG KKKNKQKSHF VLLLLLLLLI YIGMLNNNTG PPPKVEQEQK KNQFKRKSST KTTVILIITV VVSWDLFYYY 
GNM15013                        ATAAACCDDD NDENEEENNF FFGAGGGGHI IILLRIIKVN KKKKKQKTYF ILLLLLLLLI FIGMLNTNTG PPPKVEQQKK NNQFKRKSST KTTVIIVITV VVKWEVFYYY 
GNM15014                        ATAAICCDND NEESEEENNF FFGAGEGGHI IILLVIMKVG KKRKKQKTHF ILLLSLLLLI FVGMLNTNTG PPPKAEQQKN NNQFKRKSST KTTVILVITV VVKWEIFYYY 
GNM14976                        ATAAACCDDD NDENEEENNF FFGAGGGGHI IILLRIIKVN KKKKKQKTYF ILLLLLLLLI FIGMLNTNTG PPPKVEQQKK NNQFKRKSST KTTVIIVITV VVKWEVFYYY 
GNM14995                        ATSAACCDDD NEESEEENNF FYGAGKGGHI IILLKIIHVG KKKKNRVTHF ILLLLLLLLI YFGMLNTNEG PPPKVEQQKN NDQFKRKSST KTTVVLIITV VVKWNIFYYY 
GNM14999                        ATSAACCDDD NEESEEENDF FFGAGAGGHI IILLRIMKVN KKKKNQKTHF ILLLLLLLLI FVGMLNTNSG PPPKVEQKKK KDRFKRKSST KTTVILVITV VVKWEIFYYY 
GNM15018                        ATAAACCDDD NEEEEEENQF FYGAGGGGHI IILLRIMHVG KKKKKQKSHF ILLLLLLLLI YLGMLNNNTG PPPKTEQKQK KGQFKRKSST KTTVILIITV VVTWDTFYYY 
GNM15025                        ASSAVCCDEN NEEEEEENNF FFGAGGGGHI IIILRLMHVG KKKKTQKTHF ILLLLLLLLI YLTMLNTNTG PPPKAEQQKN NTEFKRKSST KTTVILIVTV VVKWEIFYYY 
GNM14980                        ATAAACCDDD NEEEEEENQF FYGAGGGGHI IILLRIMHVG KKKKKQKSHF ILLLLLLLLI YLGMLNNNTG PPPKTEQKQK KGQFKRKSST KTTVILIITV VVTWDTFYYY 
GNM15000                        ATAAACCDDD NEEEEEENQF FYGAGGGGHI IILLRIMHVG KKKKKQKSHF ILLLLLLLLI YLGMLNNNTG PPPKTEQKQK KGQFKRKSST KTTVILIITV VVTWDTFYYY 
GNM15026                        AASAVCCDEN NEEDEEENNF FFGAGGGGHI IIILRLMHVG KKKKARRTQF ILLLLLLLLV YLGMLNSNTG PPPKAEQRKN NTEFKRKSST TTTVILIITV VVKWEIFYYY 
GNM15001                        ATAAACCDDD NEEEEEENQF FYGAGGGGHI IILLRIMHVG KKKKKQKSHF ILLLLLLLLI YLGMLNNNTG PPPKTEQKQK KGQFKRKSST KTTVILIITV VVTWDTFYYY 
GNM15027                        AAAAVCCDDN NEEEEEENEF FFGGGGGKHI IIIILVIYVG KKKKRRRTFF LLLLLLLLLV YIAMMNNPNG PPPSIEKQQG RKQRRRKSST KTTVILVITV VVKWYIFYYY 
GNM11003                        ASSAPACDDR NEEQVEENRF LYGGGGGGHI IILIRLVKVR KKQNRTVTYV LLAALLLLIP YMWMMNNSNG PPPSADKQQG KKRVRRKTSS KTTVILIVVL VVYHEIYYYY 
GNM11023                        ASSAVAIDDR DGEELEENKF MYGGAGGGHI IIIIRILRVK KKRKRKRKYF ILAVLLLLLT KMWMLNAPNG PAPPLEQKEG KGRIRRDTSS SATVVLIVIV LVYHEITYYY 
GNM11055                        AAASACCNET DGDKEEENKF MYGGAKGGQI IVIIRLIKVR KKQEKRIRYF LLALSLLLLT KKGMMNATNG PPPSREKEKH DKKVNRDSSS SATVILIVVS VVVYYEFYYY 
GNM11146                        ASASAVIDYD DEEQEEENEF LYGGAGGGHV IVIVRVILVR KKNDRKVKYY VLALLLLLLV KWGVMNASNG PPPHREKQQG RREIRRDSST KSTVILIVVV LVVWYIFYYY 
GNM11219                        AAAAACCDDK DEEEEEENKI LYRGAGGGHI IIIIRIVEIH KKRKRRRKYF ILALFLLLLP RSAMMNHPNG PPPAREQQQG SKKRRRDTST RTTVILIVIV LVMWKIHYFY 
GNM11220                        AASAACCDDK DEEEKEENAF LFKGAGGGHI IIIIRVIRVG KKKKRMRKLF LLALLLLLLP AYAIMNSPNG PPPSEEIQQG ARRKRRKSST RVTVILIVVV LVLYYIFYYY 
GNM11222                        AASAVCCDDK DEEETEENEF LYGGAGGGHI IIILRTIRVQ KKKKQKRKYF LLCLLLLLVP YYGMMNCPNG PPPPVEGQQG KKRRRRRSSS PTTVILVIVV MVVFHLFYYY 
GNM11223                        AAASACCDDD DEEEEEENKF LYGGAGGGHI IIVIRIVHVK KKRKRMRRFF LLGLLLLLLV MWTMFNNPNG PPPPKEEQQG MRKRRRKSSS KTTTILIVVV IVAWNIFYYY 
GNM11224                        VAASACCDDN DEEEEEENKF LYGGAGGGHI IIVIRIVHVK KKRKRMRRFF LLGLLLLLLV MWTMFNNPNG PPPPKEEQQG MRKRRRKSSS KTTTILIVVV IVAWNIFYYY 
GNM11358                        AASSICCDDD NEDEEEENNF FFGAGGGRHI IVILRLIHIG KKEKRQRTQF IFLLLLLLLI YLLMMNNSNG PPPSQRKQQG KRRAKRKSSS KTTVILVIVV VVKWQIFYYY 
GNM11360                        ATAAACCDDS NEDDEEENNF FYGAGGGGHI IILLRLMHVG KKKKKQKSHF ILLLLLLLLV YLGMLNNNTG PPPKVEQKQK KSQFKRKSST KTTVILIITV VVNWDTFYYY 
GNM11362                        ATSAVCCDDD NDESDQENSY FYNSGGGGHI VVIIRIIHVG KKKKRQVTYA ILLLLLLLLV YMGMMNNPNG PPPSQGLQKG ERRVRRKSSS KTTVIVVVVV VVKWHIFYYF 
GNM11367                        ATSAACCDED NDEEEEENNY FYGAGKGGHI ITIIRLMHVG KKKKEQKSRY VILLILLLLV YLGMLNTNTG PPPKAEQNKN KGKFKRKSST KTTVILVITV VVKWDVFYYY 
GNM11377                        ASASICCDDD NEEEEEENAF FFGAGGGRHI IVLIRLIHIG KKQKRQRTQF VFMLLLLLLV YLAMMNNSNG PPPSQAKQQG KRRVKRKSSS KTTVILVIVV VVKWHIFYYY 
GNM11380                        ATSAACCDDD NEEEEEENKF FYGAGGGNHI IVILKLMHVG KKSKKQRTHF ILMLLLLLLI YLGMLNTNTG PPPKIGQQQK NGQLKRKSST KTTVILVITV VVKWHVFFYY 
GNM11383                        ATASACCDEG NEDDEEENNF FYGAGGGNHI IVVLRIMHVG KKKRKQKTHF ILLLLLLLLI YLGMLNNNTG PPPKQEQQQK KTQFHRKSST KTTVILIITV VVKWHVFYYY 
GNM11491                        ATSAACCDEG NEEDEEENEF FYGAGGGGHI IVVLRIMHVG KKRRGQSSHF ILLLLLLLLI YYGMLNTNTG PPPKAEQHKS KGQFKRKSST KTTVILVVTV VVKWAQFYYY 
GNM11804                        AAASAVCDDT DGEKEEENEF MYGGAGGGQI IIIIRLIKVG KKRKRRIRYF LLALLLLLLT KKGMMNATNG PPPSIEQTQH EKKVKRDSSS KATVILIVVV VVRFHEYYYY 
GNM11805                        AAANVICEES DSEEEESMKF IYGDAKGNHI IIIIRIILVG KRFEKRSKVF LIVLSLLLIP KSGMMDATNG PPPSRSKVQE DNSKTRNSST TTTVILIVVV LVRYYTLYYY 
GNM12883                        AAASICCDDD NEEEEEENSF FFGAGGGRHI IILIRLIHVG KKQKRQRTQF VFLLMLLLLV YVALLNNSNG PPPSQKQQQS KKRVKRKSSS KTTVILIVVV VVKWHIFYFY 
GNM12886                        AAASICCDDD NEEEEDENSF FFGAGGGRHI IVLIRLIHIG KKEKRQQTQF VFLLLLLLLV YVAMMNNSNG PPPSVAKQQG KRRVKRKSSS KTTVILIVVV VVKWHVFYYY 
GNM12895                        AASAVCCDDD NDNEEEENEY LYGAGEGGHI IIILRIIHAG KNKKNQKTYF VFLLFLLLLV YTNMMNNSNG PPPSQQESKK NRRVKRKSSS KTTVILIVVV VVKWHIFYYY 
GNM13060                        AAAAACCDDD DEEEEEEEEF FYGGGGGGHI IIIIIIIIIK KKKKKKKKLL LLLLMLLLLL LMMMMNNNNP PPPPQQQQQR KRRRRRNSSS STTMVVVVVV LVWWYYYYYY 
GNM13061                        AVASSCCDDT DEEEEEEEEF FYGGGGGGHI IIILVIIVVR KKKKKKKKLA ILLLLLLLLI YMLMLNNDNP PPPPMEKQQK KKRRKRRSSS KTTTIIVVAV VVWWYLFYYY 
GNM13062                        AAAEVCCDDL HEEQEEDSEF YYGGGXGG-A IIIIVITXVK KKKCRRRSFL VLKLLLLVLP REGMLRYSNG VPPPQKQQGG DRHRRRKSES RVTEIKRV-V VVSWSFFYYH 
GNM13064                        ASAAICCDDS NEDEEEENKF FFGGGGGNHI IILLLEIVVN KKLKNRRSVI LLLLLLLLLT QIGMMNASNG PPPSEDKQKK QHRRKRRTSS SNTTVLVITV VVKWNLFYYY 
GNM13066                        ASAAVCCDDS NEDEEEENKF FFGGGGGNHI IIVLLEITIN KKLKNRRSVI LLLLLLLLLT QIGMINASNG PPPAEDKQKK KNRRKRKTSS ANTTVLVITV VVKWNLFYYY 
GNM11032                        AYSSPCADED DSEEAEENAF FYAGGGGAHI IVVLRLIKVG KKKNRLVRYV LLLLLLLLLL QYGMLGNNNG YPPSSGQQQG RKKKRRRSST STTIIVIITV VVKWH-FYYY 
GNM11034                        AYSSPCADED DAEEEEENRI FFGGGGGGHV IVVLRLIRVG KKQNKRIRYV LLLLLLLLLW YHGMLGNNNG KPPSIGRQQG RKKKRRKSST SKTIIVVVTV VVKFH-FYYY 
GNM11363                        ATSAVCCDDD NDESDQENSY FYNSGGGGHI VVIIRIIHVG KKKKRQVTYA ILLLLLLLLV YMGMMNNPNG PPPSQGLQKG ERRVRRKSSS KTTVIVVVVV VVKWHIFYYF 
GNM11375                        ATAAACCDDD NEDDEEENEF FYGAGGGGHI IILLRIMHVG KKKKKQKSHF ILLLLLLLLI YLGMLNNNTG PPPKSEQKQK KGQFKRKSST KTTVILIITV VVNWDVFYYY 
GNM11381                        ATASACCDEG NEDEEEENNF FYGAGGGNHI IVVLRIMHIG KKKRKQKTHF ILLLLLLLLI YLGMLNNNTG PPPKQEQQQK KTQFHRKSST KTTVILIITV VVKWHVFYYY 
GNM11382                        ATSAACCDDG NEEEEEENNF FYGAGGGNHI IILLRIMHVG KKKKKQKTHF ILLLLLLLMI YLGMLNNNTG PPPKAEQQQK KSQFHRKSST KTTVIVIITV VVKWHIFYYY 
GNM11799                        ATAATCCDDD NEESEEENNF FFGAGGGGHI IILLLIMKVG KKKKKQKTHF ILLLLLLLLI FVGMLNTNTG PPPKAEQQKN NNQFKRKSST KTTVILVITV VVKWELFYYY 
GNM11841                        AAAAPQCDDD DGEEESENEF LFGGADGGHI IVVLKVTYIG ENQHEREKFF IEAVKLLLLP NSAMFNASNG PPPSREHEYG DLKQARESST GATVVFVVVA VVAWRTYYYY 
GNM11931                        AAASPHCNDD DGETEEENEF LYGGADGGHI IVVIKISYIG RNAHERENFF IMAVKLLLLP DAAMFDASNG PPPSRGHEYG DLKQARESST GGTVVLVVVV VVAWRTYYYY 
GNM12040                        AAAAAHCDDD DGESEEENEF LYGGANGGHI IVIVKIAYVG RNTHEREKFF IVAVSLLLLP DQAMFNASNG PPPSREHEYG DLKQGRESST GGTVVLIVVA VVAWREYYYY 
GNM12071                        AAATAYCDDD DGESEEENEF LYGGADGGHV IVIMKITYVG KNEHEREKYF IIAVKLLLLP DEAMLNASNG PPPSREHEYG DLKQARESST GGTVVFVVVA VVAWRTYYYY 
GNM12125                        AASAVVADDK DEEELEENQF MYGGAGGGHI IIIIRIIRVR KKRKRKRKYI LLALLLLLLT VMWMMNASNG PPPSIDQRQG RPRVRRKSSS KATVILIVVV IVYWEIFYYY 
GNM12126                        AASAAACDDR DEEELEENQF LFGGAGGGHV IIIIRVIKLR KKKNRRRKYI ILAALLLLLT YMWMMNNSNG PPPSIDQRQG KKRIRRKTSS STTVILIVIV IVYHEIVYYY 
GNM12128                        AASAAVADDR DEEEVEENEF LYGGAGGGHI IVIIRILRVN KKKKRRVKYI ILALLLLLLT TWWMMNAPNG PPPPIEQQQG RSRIRRKSST TATVILIVVI LVYWYILYYY 
GNM12182                        ASSSAACDDR NEEQIEENRF LYGGGGGGHV IIILRTVKVR KKQNRRLTYI LLAVMLLLIT YMWMMNNPNG PPPSAEKQQG KKRIRRKTSS TSTVILIVVL VVYYEIYYYY 
GNM12342                        AAAAAVCDEF DEEVEEENKF LYGGAGGGHI IIIIRLIEVG IKRKKRKKFF LLALILLLLP SKAMMNCTNG PPPPKGQEQG DKKRKRKSSS KHTVILIVVV VVKFNYFYYY 
GNM12346                        AAAAVCCNDT DEDDEEENKF LYGGAGGGHV IVIIKITYVG QKMKKRKKFL LIAIILLLLP KDAMMNASNG PPPAAEKKQG DTKEKRKSST GVTVVLIVVV LVKWQVFYYY 
GNM12351                        AAAAACCDET DDESEEENEF LFGGSGGGQI IVIIKVVYVN VKNKKQTKFY LLALILLLLP KRAIMDAPNG PPPSREKENG DDKQRRKSST GITVILIVVV LVVWRTYFYY 
GNM12356                        AAAAAACDET DNEVEEENSF LYGGSGGGHM IIILKLLDLG IKNKKRKRYY ILALTLLFLP SQAMMNCPNG PPPAKEKEQG DDKRHRKTSS KHTVVLVVVV VIKFKYYYYY 
GNM12357                        AAAAAACDEH DNEVEEENNF LYGGSGGGHI IIIVKVLDLG VKAKNRKKYY ILALILLLLP SKAMMNCPNG PPPARDKDQG DNKRQRKTSS KHTVVLLVVV VINFQYYYYY 
GNM12366                        AAAAAACDEQ DNEVEEENTF LYGGSGGGHI IIIVKVLDLG VKAKKRKKYY ILALILLLLP SKAMMNCPNG PPPAREKDQG DNKRQRKTSS KHTVVLLVVV VVYFQYYYYY 
GNM12373                        AAGAVVCDDE NGQAEEGNKF MYGGGTGGHI IIIIRVIEVG QRLKKRQTKF LLALSLLLIP KEGMMDASNG PPPSRDKAQG ELIEGRKSST KATMIIVIVV LVVWYTFYFY 
GNM12385                        AAAAAVCDDA NGEEEEGNNF MYGGGSGGHI IIIIRIIAVG QKEKRQRSFF LLALSLLLLP KEGIMDASNG PPPPRDKQQG EGSQTRKSSS ATTMIIVVVV VVMWNIFYYF 
GNM12551                        AAAAVCCDDD DSEEEEENEF MYGGAGGGHI IIIIRILYVG KKRNKRLKFF LLALVLLLLP KESMMDNPNG PPPPKEEKQG EKQRRRDSST KTTVILIVVV VVKWYVHYYY 
GNM12554                        AAGAAVCDED NGQEEEGNRF MYGGGAGGHI IIILRILVVG QKEKRQKCFL LLGLTLLLMT KEGMMDASNG PPPSREHHQG DSKEKRKSSS QATMIIIVIV LVLWATFYYY 
GNM12592                        AAAAVCCDDA DEDEEEENAF MFGGAGGGHI IIIIKIVTVG MKRKKRKKFF LLALLLLLLP KKSMMDASNG PPPAREQKAG DPRHRRRPSS KTTTILIVVI LVVWLIFYYY 
GNM12596                        AAAAACCDDA DDESEEENDF LFGGAGGGQI IIIIKIAYVK IKKKKQSKFY LNALVLLLLP KRAMMNASNG PPPSRSSTQG DSKQRRKSST GTTVILVVVV VVTWLVYYYY 
GNM12602                        AAAAACCDDG DEESEEENEF LFGGAGGGQI VIIIKIAYVK IKKKKQSKFY LNALVLLLLP KRAMMNASNG PPPSRSSTQG DSKQRRKSST GTTVILIVVV IVTWLIYYYY 
GNM12665                        AAAAACCDDG DDESEEENDF LFGGAGGGQI IIIIKIAYVK IKKKKQSKFY LNALVLLLLP KRAMMNASNG PPPSRSSTQG DSKQRRKSST GTTVILVVVV LVTWLIYYYY 
GNM12745                        AAAAVCCDDT DNESEEENEF LYGGVGGNHI IVIIKIIHVG IKANSRNKLF LLALVLLLLP RKAMMDNPNG PPPAKEQEQG KDKRNRKTST KNTVILIVTV VVNYEVHYYY 
GNM12749                        AASACCCDED NEDEETSNRY MYGGGKGGHI IIMLRVMHVG QRNRRLKSRF LLALSLMLLT KQGMMDASNG PPPSREKVKG EAQELRKGGS STTLIVVVIV IVLWAIYYYY 
GNM12758                        AAAAVCCDDD DEEKEEENDF LYGGAGGGHI IVIIRIIKIG KKRNRRIKYF LLALELLLIP RTAMMNNPNG PPPAKEEEQG KVKRNRHTSS KNTVILIVTV VVKFERHYYY 
GNM12763                        AAAAVCCDDD DEEREEENKF LYGGAGGGHI IVIIKIIRVG QKRNRRIKFF LLALKLLLLP KASMMNNPNG PPPSKEEEQG KIKINRDTST KTTVILIVTV VVKFEKHYYY 
GNM12766                        AAAAAVCDEH DEEVEEENEF LYGGSGGGHI IIILRILYIG IKKKKRKKFF ILALILLLLP TKAMMNCSNG PPPAKEQEQG DKKRKRKTSS KHTVILIVVV VVKFHYYYYY 
GNM12841                        AAAAAQCDDD DGEEEQENEF LFGGADGGHV IVILKITYVG RNQHEREKFF IEAVKLLLLP DQAMFSASNG PPPSREHEYG DLKQARESST GGTVVLIVVA VVAWRTYYYY 
GNM12849                        ATAAACCDDT NEDDEEENNF FYGAGGGGHI IILLRLMHVG KKKKKQKSHF ILLLLLLLLI YLGMLNNNTG PPPKVEQEQK KSQFKRKSST KTTVILIITV VVNWDIFYYY 
GNM12869                        ATAAACCDDD NEEEEEENQF FYGAGGGGHI IILLRIMHVG KKKKKQKSHF ILLLLLLLLI YLGMLNNNTG PPPKTEQKQK KGQFKRKSST KTTVILIITV VVTWDTFYYY 
GNM12896                        ATSAACCDDD NEEEEEENKF FYGAGGGNHI IVILKLMHVG KKSKKQKTHF ILMLLLLLLI YLGMLNTNTG PPPKIGKQQK TGQLKRKSST KTTVILVITV VVKWHVFFYY 
GNM12897                        ATSAACCDDD NEEDEEENKF FYGAGGGSHI IVILKLMHVG KKKKKQKTHF ILMLLLLLLI YLGMLNTNTG PPPKIGQQQK NGQLKRKSST KTTVILVITV VVKWHVFFYY 
GNM12902                        AAANVVCEES DSEEEESNKF IYGDAKGNHI IIIIRIIIIG KVLKKRRKVF LMVLSLLLIP KGGMMDATNG PPPSRNKEQE DSSKTRNSST KTTIILIVVV LVNYYILYYY 
GNM12903                        AVASPAIDDR DEEQEEENEI LFGGAGGGHV IIIIKIIIVK KKRKRKIRYY LLALLLLLLI KWGMLNASNG PPPPKEQQQG RKQVKRDSNS KQTTILIVVV IVYWYVYYYY 
GNM12906                        AVASPVIDDR DEEQEEENEI LFGGAGGGHV IVVIRIIIVK KKKKRKIRYY LLALLLLLLI KWGVLNASNG PPPPKEQQQG RRQVKRDSNS KQTTILIVVV IVYWYTYYYY 
GNM12907                        AVASAVIDDR DEEQEEENEI LYGGAGGGHV IIVIRIILVK KKKKRKVRYY LLALLLLLLL KWGMLNASNG PPPPKEQQQG RRQVKRDSNS KATTILIVVV IVYWYVFYYY 
GNM12909                        AVASPVIDDR DEEQEEENEI LFGGAGGGHV IIVIRIIIVK KKRKRKVRYY LLALLLLLLL KWGMLNASNG PPPPKEQQQG RKQVKRDSNS KQTTILIVVV IVYWYVYYYY 
GNM12915                        AAAAAVADDR DEEEEEENEF LFGGAGGGHI IIIIRIIKVG VKKKRRRKFY ILALLLLLLP TKAMMNSSNG PPPPRDQQQG KRKRKRKSSS KHTVILIVVV VVAWYYFYYY 
GNM10046                        AAAAAVADDS DEEEEEENEF LFGGAGGGHI IIIIRIIKVG VKKKRRRKFY ILALLLLLLP TKAMMNSSNG PPPPIEQQQG KRKRRRKSSS KHTVILIVVV VVVWYYFYYY 
GNM12918                        AAAAAIADDT DEEEEEENDF LFGGAGGGHI IIIIRIIKVG VKRKRRRKFY ILALLLLLLP TKAMMNSSNG PPPPREQQQG KRKRRRKSSS KHTVILIVVV VVAWYYFYYY 
GNM12931                        AAAAVATDDR DEEELEENAF LYGGAGGGHI IIIIRTIKVK KKKKRKKKYI LLALLLLLLT QWWLMNAPNG PPPPIDHQQG RSRVRRKSSS KTTVILIVVV LVLWELFYYY 
GNM12938                        GASAPACDDN NEDQIEENRF LYGGGGGGHI IIILRIIRVK KKENRKISYI LLATLLLLIP YTAMMNNPNG PPPPIGKQQG KKRVRRKSSS DTTVILIVVL IVYYELYYYY 
GNM12996                        AASAPACDDR NEEQIEENRF LYGGGGGGHV VIIIRLIKVR KKMNRRTTYI LLAALLLLIP YMWMMNNSNG PPPPAQKQQG KKRVRRKSSS SSTVILIVVL VVYYEIYYYY 
GNM13018                        AASAPACDDR NEEQVEENRF LYGGGGGGHV VIIIRIIKVR KKLNRRTTYI LLAALLLLIP YMWMMNNSNG PPPPAQKQQG KKRVRRKSSS SSTVILIVVL VVYYEIYYYY 
GNM13027                        AASAPACDDK NEDQVEENRF LYGGGGGGHI IIIIRIVKVR KKENRRVAFI LLAALLLLLP YMSMMNNNNG PPPPIDKQQG KKRVRRKTSS KTTVILIVAL IVYYEIYYYY 
GNM13046                        ATSAACCDET NKDEEEENNF FYGAGGGGHI IILLRIMHVG KKKKTQKTHF ILLLLLLLLV YIGMLNTNTG PPPKAEQNEK KGQFKRKSST KTTVILVITV VVKWEIFYYY 
GNM13053                        AAAPVCCDDD QEEEEEENSF FYGGGGGKHI IIIILIIVVN KKEKRQRSFL LLLLLLLLLI YILMMNNPNG PPPSQGQQQG KKRRRRRSSS NSTVVLVITV VVKWHLFYYY 
GNM13074                        AAAAAVADDR DEEEEEENDF LFGGAGGGHI IIIIRIIKVG IKRKRRRKFY ILALILLLLP TKAMMNSSNG PPPPRDQQQG EKKRKRKTSS KHTVILIVVV VVAWNYFYYY 
GNM10010                        AAAAAVADDK DEEEEEENEF LFGGAGGGHI IIIIRIIKVG IKKKRRRKFY ILALILLLLP TKAMMNSSNG PPPPRNQQQG EKKRKRKTSS KHTVILIVVV VVAWNYFYYY 
GNM10014                        AAAAAVADDR DEEEEEENEF LFGGAGGGHI IIIIRIIKVG IKKKRRRKLY ILALILLLLP TKAMMNSSNG PPPPLDQQLG EKKRKRKTSS KHTVILIVVV VVAWNYFYYY 
GNM13090                        AAAAAVADDR DEEEEEENEF LFGGAGGGHI IIIIRIIKVG IKKKRRRKFY ILALILLLLP TKAMMNSSNG PPPPIEQQQG EKKRKRKTSS KHTVILIVVV VVAWNYFYYY 
GNM13118                        ASSAVCIDDN DDEQEEENEF LYGGAGGGHI IIIIRLLRVG KKKKDEVKLI LLALLLLLLT MYGMLNNPNG PPPPKEKNKG RKRVRRKTSS KTTVILIVTV VVKWSVYYYY 
GNM13126                        AAANVICEDE DSEEEESNKF IYGTAKGNNI IIIIRIIIVG KKLKKRKKVF LLVLNLLLLT KEGMMDATNG PPPPRNKVQS DRAKTRNSAT KSTVILAIVV LVNYYIFYYY 
GNM13128                        AAANVICEDE DSEEEESNKF IYGTAKGNNI IIIIRIIIVG KKLRKRKKVF LLVLNLLLLT KEGMMDATNG PPPPRNKVQS DRSKTRNSAT KSTVILAIVV LVNYYIFYYY 
GNM13208                        AAASPVIDDR DEEQEEENEV LYGGAGGGHV IIIIRTIVVR KKKRRKIKYY LLALLLLLLV KWGMLNAPNG PPPAKEHKQG RGQVKRDSSS KTTTILVVVV LVWWHTYYYY 
GNM13210                        AAASVVIDDR DEEELEENEF LYGGAGGGHV IIIIRTIKVK KKKKRRKKYI LLALLLLLLT QWWMLNAPNG PPPPVEQQQG KSKVRRKSSS SATVVLLVVV VCYWEVHYYY 
GNM12773                        AASTACCDDG DELDEEENEF LFGGAGGGHL IIIIRIIRIN KKKKRKKRFF LLGLLLLLMT KSSIMNNSNG PPPAEAQQQG LRKRRRKSST KTTVILIVIV VVAWNIFFYY 
GNM12769                        AAAAVCCDDD DEEEEEENEF LFGGAGGGHI IVIIKAIKIG KKMKRKIKFF MLTLLLLLIP YSSIMNNPNG PPPPKDNQQG KHRRRRKSST KNNVILVIVV LVFWNIFFYY 
GNM12768                        AAGAVCCDDA DADMEEENGF LFGGAGGGHV IIVIRRMSVK KKQKRRNKFF LLALLLLLLP QKALMDNPNG PPPSRKKQQG EHKKRRKSST KTTVILIVVV MVVWKIFYYY 



    1    1    1    1    1    1    1    1    1    1    1    1    1    1    1
    1    1    1    1    1    1    1    1    1    1    1    4    1    1    1
    1    1    1    1    1    1    1    1    1    1    1    1    1    1    1
    1    1    1    1    1    1    1    1    1    1    1    1    1    1    1
    1    1    1    1    1    1    1    1    1    1    1    1    1    1    1
    1    1    1    1    1    1    1    1    1    1    1    1    1    1    1
    1    1    1    1    1    1    1    1    1    1    1    1    1    1    1
    1    1    1    1    1

AAML (in paml version 4.9h, March 2018)  tmp0004.txt
Model: Empirical,  (../wag.dat) dGamma (ncatG=4) ns = 155  ls = 113


Frequencies..
                                    A      R      N      D      C      Q      E      G      H      I      L      K      M      F      P      S      T      W      Y      V
GNM13746                       0.04425 0.06195 0.03540 0.03540 0.01770 0.04425 0.07080 0.07965 0.00885 0.08850 0.11504 0.07965 0.03540 0.02655 0.04425 0.03540 0.03540 0.01770 0.05310 0.07080
GNM13538                       0.02655 0.07080 0.02655 0.02655 0.01770 0.03540 0.05310 0.10619 0.00885 0.07965 0.12389 0.07965 0.02655 0.02655 0.04425 0.05310 0.05310 0.00885 0.05310 0.07965
GNM13671                       0.03571 0.08929 0.06250 0.01786 0.00893 0.02679 0.06250 0.10714 0.01786 0.09821 0.10714 0.08036 0.00893 0.03571 0.03571 0.06250 0.01786 0.00893 0.06250 0.05357
GNM13876                       0.06250 0.08929 0.06250 0.02679 0.00893 0.04464 0.04464 0.09821 0.00893 0.06250 0.11607 0.06250 0.02679 0.03571 0.03571 0.04464 0.04464 0.00000 0.04464 0.08036
GNM13680                       0.05310 0.06195 0.04425 0.02655 0.01770 0.03540 0.06195 0.08850 0.02655 0.07965 0.08850 0.07965 0.01770 0.05310 0.02655 0.06195 0.02655 0.00885 0.03540 0.10619
GNM14837                       0.05310 0.01770 0.05310 0.02655 0.01770 0.04425 0.07080 0.09735 0.02655 0.06195 0.10619 0.11504 0.01770 0.04425 0.02655 0.03540 0.05310 0.00885 0.04425 0.07965
GNM14249                       0.04425 0.01770 0.04425 0.04425 0.01770 0.03540 0.07080 0.08850 0.02655 0.08850 0.11504 0.11504 0.01770 0.04425 0.02655 0.03540 0.07080 0.00885 0.04425 0.04425
GNM13928                       0.04425 0.01770 0.06195 0.04425 0.01770 0.04425 0.05310 0.09735 0.02655 0.07965 0.11504 0.11504 0.01770 0.04425 0.02655 0.04425 0.04425 0.00885 0.04425 0.05310
GNM13297                       0.02655 0.07080 0.02655 0.02655 0.01770 0.03540 0.05310 0.10619 0.00885 0.07965 0.12389 0.07965 0.02655 0.02655 0.04425 0.05310 0.05310 0.00885 0.05310 0.07965
GNM14865                       0.09735 0.03540 0.02655 0.07965 0.00885 0.01770 0.07965 0.11504 0.03540 0.07080 0.07080 0.04425 0.00885 0.04425 0.03540 0.06195 0.01770 0.00885 0.05310 0.08850
GNM13455                       0.04425 0.01770 0.06195 0.04425 0.01770 0.03540 0.04425 0.09735 0.02655 0.06195 0.12389 0.11504 0.01770 0.04425 0.02655 0.04425 0.06195 0.00885 0.04425 0.06195
GNM14938                       0.02679 0.07143 0.04464 0.02679 0.00893 0.02679 0.05357 0.13393 0.02679 0.05357 0.10714 0.09821 0.00893 0.02679 0.02679 0.05357 0.02679 0.00893 0.06250 0.10714
GNM14483                       0.06195 0.05310 0.03540 0.01770 0.01770 0.04425 0.06195 0.10619 0.02655 0.07965 0.10619 0.09735 0.00885 0.03540 0.04425 0.06195 0.00885 0.00885 0.02655 0.09735
GNM14872                       0.05310 0.06195 0.04425 0.02655 0.01770 0.05310 0.05310 0.08850 0.02655 0.08850 0.08850 0.07965 0.02655 0.05310 0.02655 0.06195 0.02655 0.00885 0.03540 0.07965
GNM13855                       0.02655 0.07080 0.06195 0.03540 0.01770 0.05310 0.04425 0.08850 0.02655 0.09735 0.10619 0.07965 0.01770 0.05310 0.02655 0.06195 0.02655 0.00885 0.03540 0.06195
GNM14445                       0.03540 0.07080 0.05310 0.03540 0.01770 0.02655 0.05310 0.08850 0.01770 0.07965 0.12389 0.07080 0.01770 0.04425 0.04425 0.04425 0.06195 0.00885 0.03540 0.07080
GNM14404                       0.07080 0.06195 0.03540 0.04425 0.01770 0.01770 0.05310 0.08850 0.00885 0.11504 0.10619 0.10619 0.02655 0.04425 0.03540 0.06195 0.02655 0.00000 0.05310 0.02655
GNM14545                       0.07080 0.06195 0.03540 0.04425 0.01770 0.01770 0.05310 0.08850 0.00885 0.11504 0.10619 0.10619 0.02655 0.04425 0.03540 0.06195 0.02655 0.00000 0.05310 0.02655
GNM14366                       0.03540 0.02655 0.06195 0.01770 0.01770 0.04425 0.07080 0.09735 0.04425 0.08850 0.09735 0.09735 0.01770 0.04425 0.02655 0.02655 0.07080 0.00885 0.04425 0.06195
GNM14252                       0.05310 0.01770 0.04425 0.04425 0.01770 0.04425 0.05310 0.10619 0.02655 0.07965 0.11504 0.11504 0.01770 0.04425 0.02655 0.02655 0.07080 0.00885 0.04425 0.04425
GNM13760                       0.04425 0.01770 0.05310 0.04425 0.01770 0.03540 0.06195 0.10619 0.02655 0.07965 0.11504 0.11504 0.01770 0.04425 0.02655 0.03540 0.05310 0.00885 0.04425 0.05310
GNM13982                       0.04425 0.02655 0.06195 0.03540 0.01770 0.01770 0.07080 0.09735 0.01770 0.07080 0.08850 0.12389 0.01770 0.02655 0.02655 0.03540 0.07080 0.00885 0.06195 0.07965
GNM13960                       0.04425 0.01770 0.07965 0.03540 0.01770 0.02655 0.05310 0.08850 0.02655 0.10619 0.09735 0.12389 0.00885 0.06195 0.02655 0.01770 0.07080 0.00885 0.02655 0.06195
GNM14633                       0.04425 0.02655 0.06195 0.03540 0.01770 0.01770 0.06195 0.08850 0.01770 0.07080 0.08850 0.12389 0.02655 0.02655 0.02655 0.05310 0.07965 0.00885 0.06195 0.06195
GNM14853                       0.04425 0.02655 0.06195 0.03540 0.01770 0.01770 0.06195 0.08850 0.01770 0.07080 0.08850 0.12389 0.02655 0.02655 0.02655 0.05310 0.07965 0.00885 0.06195 0.06195
GNM14174                       0.04425 0.07080 0.05310 0.02655 0.01770 0.01770 0.07965 0.10619 0.00885 0.09735 0.07965 0.08850 0.02655 0.05310 0.02655 0.06195 0.03540 0.00885 0.01770 0.07965
GNM14138                       0.03540 0.06195 0.06195 0.02655 0.01770 0.04425 0.07080 0.09735 0.00885 0.07965 0.10619 0.08850 0.00885 0.05310 0.02655 0.07080 0.02655 0.00885 0.01770 0.08850
GNM14055                       0.04425 0.01770 0.05310 0.02655 0.01770 0.02655 0.07965 0.09735 0.02655 0.07965 0.09735 0.12389 0.01770 0.06195 0.02655 0.02655 0.07080 0.00885 0.03540 0.06195
GNM14748                       0.03540 0.01770 0.06195 0.05310 0.01770 0.03540 0.05310 0.09735 0.02655 0.09735 0.11504 0.10619 0.01770 0.04425 0.02655 0.04425 0.05310 0.00885 0.04425 0.04425
GNM14246                       0.06195 0.11504 0.03540 0.03540 0.01770 0.03540 0.05310 0.08850 0.00885 0.07965 0.11504 0.06195 0.02655 0.04425 0.02655 0.07965 0.00885 0.00885 0.01770 0.07965
GNM14640                       0.04425 0.06195 0.04425 0.03540 0.00885 0.02655 0.06195 0.09735 0.01770 0.08850 0.10619 0.09735 0.01770 0.05310 0.03540 0.07965 0.03540 0.00885 0.01770 0.06195
GNM14965                       0.05310 0.06195 0.05310 0.01770 0.01770 0.05310 0.06195 0.08850 0.02655 0.13274 0.08850 0.07080 0.00885 0.06195 0.02655 0.06195 0.02655 0.00885 0.02655 0.05310
GNM13677                       0.06250 0.09821 0.06250 0.01786 0.00893 0.04464 0.05357 0.09821 0.00893 0.06250 0.11607 0.05357 0.01786 0.03571 0.03571 0.04464 0.05357 0.00000 0.04464 0.08036
GNM14339                       0.06250 0.06250 0.05357 0.01786 0.00893 0.04464 0.04464 0.11607 0.01786 0.08036 0.13393 0.06250 0.00000 0.01786 0.03571 0.06250 0.03571 0.00893 0.07143 0.06250
GNM14593                       0.03571 0.07143 0.06250 0.01786 0.00893 0.02679 0.07143 0.11607 0.01786 0.09821 0.11607 0.08036 0.00893 0.03571 0.02679 0.06250 0.02679 0.00893 0.05357 0.05357
GNM13825                       0.02679 0.07143 0.04464 0.02679 0.00893 0.02679 0.05357 0.13393 0.02679 0.06250 0.10714 0.09821 0.00893 0.02679 0.02679 0.05357 0.02679 0.00893 0.06250 0.09821
GNM14768                       0.05357 0.08036 0.05357 0.01786 0.00893 0.03571 0.07143 0.10714 0.01786 0.08036 0.12500 0.07143 0.00893 0.02679 0.02679 0.05357 0.03571 0.00893 0.06250 0.05357
GNM14776                       0.05357 0.08036 0.05357 0.01786 0.01786 0.03571 0.06250 0.10714 0.01786 0.08036 0.12500 0.08036 0.00893 0.02679 0.02679 0.05357 0.03571 0.00893 0.05357 0.05357
GNM14715                       0.04425 0.08850 0.03540 0.01770 0.01770 0.04425 0.06195 0.10619 0.01770 0.06195 0.11504 0.06195 0.01770 0.04425 0.03540 0.06195 0.01770 0.00885 0.02655 0.11504
GNM14639                       0.02655 0.06195 0.04425 0.02655 0.01770 0.04425 0.07080 0.11504 0.00000 0.10619 0.09735 0.08850 0.00885 0.03540 0.03540 0.04425 0.03540 0.00885 0.05310 0.07965
GNM13795                       0.03540 0.01770 0.06195 0.05310 0.01770 0.03540 0.05310 0.09735 0.02655 0.09735 0.11504 0.10619 0.01770 0.04425 0.02655 0.04425 0.05310 0.00885 0.04425 0.04425
GNM14166                       0.04425 0.01770 0.04425 0.03540 0.01770 0.04425 0.04425 0.10619 0.04425 0.06195 0.12389 0.10619 0.02655 0.04425 0.02655 0.03540 0.07080 0.00885 0.03540 0.06195
GNM13993                       0.03540 0.05310 0.07965 0.03540 0.01770 0.02655 0.06195 0.08850 0.01770 0.07080 0.13274 0.07965 0.01770 0.03540 0.02655 0.07080 0.04425 0.00885 0.02655 0.07080
GNM14450                       0.04425 0.03540 0.08850 0.03540 0.01770 0.02655 0.06195 0.07965 0.02655 0.07965 0.07965 0.08850 0.01770 0.03540 0.02655 0.06195 0.03540 0.00885 0.06195 0.08850
GNM13515                       0.02655 0.01770 0.06195 0.04425 0.01770 0.02655 0.06195 0.08850 0.03540 0.07965 0.10619 0.11504 0.01770 0.05310 0.02655 0.05310 0.06195 0.00885 0.02655 0.07080
GNM14959                       0.06195 0.05310 0.03540 0.02655 0.00000 0.02655 0.07965 0.09735 0.01770 0.08850 0.10619 0.07965 0.02655 0.02655 0.02655 0.06195 0.00885 0.01770 0.04425 0.11504
GNM13413                       0.07965 0.04425 0.02655 0.02655 0.00885 0.01770 0.06195 0.08850 0.02655 0.07080 0.10619 0.10619 0.00000 0.00885 0.04425 0.03540 0.02655 0.02655 0.07080 0.12389
GNM15005                       0.04425 0.01770 0.07965 0.03540 0.01770 0.03540 0.05310 0.08850 0.01770 0.09735 0.09735 0.12389 0.00885 0.06195 0.02655 0.01770 0.07080 0.00885 0.02655 0.07080
GNM14992                       0.04425 0.02655 0.07080 0.02655 0.01770 0.03540 0.06195 0.08850 0.00885 0.08850 0.09735 0.12389 0.01770 0.06195 0.02655 0.02655 0.07965 0.00885 0.02655 0.06195
GNM14994                       0.04425 0.01770 0.07080 0.03540 0.01770 0.04425 0.06195 0.09735 0.02655 0.07965 0.11504 0.09735 0.01770 0.04425 0.02655 0.03540 0.05310 0.00885 0.04425 0.06195
GNM15013                       0.04425 0.01770 0.07965 0.03540 0.01770 0.03540 0.05310 0.08850 0.00885 0.09735 0.09735 0.12389 0.00885 0.06195 0.02655 0.01770 0.07080 0.00885 0.03540 0.07080
GNM15014                       0.04425 0.01770 0.07965 0.01770 0.01770 0.03540 0.07080 0.08850 0.01770 0.08850 0.09735 0.10619 0.01770 0.06195 0.02655 0.03540 0.07080 0.00885 0.02655 0.07080
GNM14976                       0.04425 0.01770 0.07965 0.03540 0.01770 0.03540 0.05310 0.08850 0.00885 0.09735 0.09735 0.12389 0.00885 0.06195 0.02655 0.01770 0.07080 0.00885 0.03540 0.07080
GNM14995                       0.03540 0.01770 0.07965 0.03540 0.01770 0.02655 0.06195 0.08850 0.02655 0.08850 0.10619 0.10619 0.00885 0.05310 0.02655 0.03540 0.06195 0.00885 0.04425 0.07080
GNM14999                       0.04425 0.02655 0.05310 0.04425 0.01770 0.01770 0.06195 0.07965 0.01770 0.07965 0.10619 0.13274 0.01770 0.06195 0.02655 0.04425 0.06195 0.00885 0.02655 0.07080
GNM15018                       0.04425 0.01770 0.04425 0.03540 0.01770 0.04425 0.06195 0.10619 0.02655 0.07965 0.11504 0.11504 0.01770 0.04425 0.02655 0.02655 0.07965 0.00885 0.04425 0.04425
GNM15025                       0.03540 0.01770 0.07080 0.00885 0.01770 0.02655 0.08850 0.08850 0.02655 0.07965 0.11504 0.09735 0.01770 0.05310 0.02655 0.03540 0.08850 0.00885 0.03540 0.06195
GNM14980                       0.04425 0.01770 0.04425 0.03540 0.01770 0.04425 0.06195 0.10619 0.02655 0.07965 0.11504 0.11504 0.01770 0.04425 0.02655 0.02655 0.07965 0.00885 0.04425 0.04425
GNM15000                       0.04425 0.01770 0.04425 0.03540 0.01770 0.04425 0.06195 0.10619 0.02655 0.07965 0.11504 0.11504 0.01770 0.04425 0.02655 0.02655 0.07965 0.00885 0.04425 0.04425
GNM15026                       0.05310 0.04425 0.07080 0.01770 0.01770 0.01770 0.07965 0.09735 0.01770 0.07965 0.11504 0.07965 0.01770 0.05310 0.02655 0.03540 0.07080 0.00885 0.03540 0.06195
GNM15001                       0.04425 0.01770 0.04425 0.03540 0.01770 0.04425 0.06195 0.10619 0.02655 0.07965 0.11504 0.11504 0.01770 0.04425 0.02655 0.02655 0.07965 0.00885 0.04425 0.04425
GNM15027                       0.04425 0.06195 0.05310 0.01770 0.01770 0.02655 0.07080 0.09735 0.00885 0.09735 0.09735 0.08850 0.01770 0.05310 0.03540 0.02655 0.04425 0.00885 0.05310 0.07965
GNM11003                       0.05310 0.07080 0.05310 0.02655 0.00885 0.03540 0.04425 0.09735 0.01770 0.07080 0.09735 0.07080 0.02655 0.00885 0.04425 0.05310 0.04425 0.00885 0.07080 0.09735
GNM11023                       0.07080 0.07965 0.02655 0.03540 0.00000 0.00885 0.06195 0.10619 0.01770 0.10619 0.10619 0.08850 0.02655 0.01770 0.03540 0.04425 0.03540 0.00885 0.05310 0.07080
GNM11055                       0.07080 0.05310 0.04425 0.03540 0.01770 0.01770 0.07080 0.08850 0.00885 0.07080 0.07965 0.11504 0.02655 0.02655 0.02655 0.07080 0.03540 0.00000 0.06195 0.07965
GNM11146                       0.05310 0.07080 0.03540 0.04425 0.00000 0.02655 0.07080 0.09735 0.01770 0.07080 0.09735 0.06195 0.00885 0.01770 0.02655 0.05310 0.01770 0.01770 0.07080 0.14159
GNM11219                       0.07965 0.10619 0.02655 0.03540 0.01770 0.02655 0.07080 0.07965 0.03540 0.11504 0.07965 0.07965 0.02655 0.02655 0.04425 0.02655 0.03540 0.00885 0.03540 0.04425
GNM11220                       0.08850 0.07965 0.02655 0.02655 0.01770 0.01770 0.06195 0.08850 0.00885 0.09735 0.11504 0.08850 0.01770 0.03540 0.04425 0.04425 0.01770 0.00000 0.05310 0.07080
GNM11222                       0.03540 0.07080 0.02655 0.02655 0.03540 0.03540 0.06195 0.10619 0.01770 0.06195 0.09735 0.07965 0.02655 0.03540 0.06195 0.03540 0.03540 0.00000 0.06195 0.08850
GNM11223                       0.05310 0.07965 0.04425 0.03540 0.01770 0.01770 0.07080 0.09735 0.01770 0.07965 0.08850 0.07965 0.03540 0.04425 0.04425 0.03540 0.03540 0.01770 0.03540 0.07080
GNM11224                       0.04425 0.07965 0.05310 0.02655 0.01770 0.01770 0.07080 0.09735 0.01770 0.07965 0.08850 0.07965 0.03540 0.04425 0.04425 0.03540 0.03540 0.01770 0.03540 0.07965
GNM11358                       0.03540 0.07080 0.05310 0.03540 0.01770 0.05310 0.05310 0.08850 0.01770 0.09735 0.10619 0.07965 0.01770 0.05310 0.02655 0.06195 0.02655 0.00885 0.03540 0.06195
GNM11360                       0.04425 0.01770 0.06195 0.04425 0.01770 0.03540 0.04425 0.09735 0.02655 0.06195 0.12389 0.11504 0.01770 0.04425 0.02655 0.04425 0.06195 0.00885 0.04425 0.06195
GNM11362                       0.02655 0.05310 0.05310 0.04425 0.01770 0.03540 0.02655 0.10619 0.02655 0.07080 0.07965 0.07080 0.02655 0.02655 0.03540 0.07080 0.03540 0.00885 0.05310 0.13274
GNM11367                       0.04425 0.02655 0.06195 0.03540 0.01770 0.01770 0.07080 0.09735 0.01770 0.07080 0.08850 0.12389 0.01770 0.02655 0.02655 0.03540 0.07080 0.00885 0.06195 0.07965
GNM11377                       0.05310 0.06195 0.04425 0.02655 0.01770 0.05310 0.05310 0.08850 0.02655 0.07965 0.08850 0.07965 0.02655 0.05310 0.02655 0.06195 0.02655 0.00885 0.03540 0.08850
GNM11380                       0.03540 0.01770 0.05310 0.02655 0.01770 0.04425 0.05310 0.10619 0.03540 0.07080 0.11504 0.10619 0.02655 0.04425 0.02655 0.03540 0.07080 0.00885 0.03540 0.07080
GNM11383                       0.03540 0.02655 0.06195 0.02655 0.01770 0.05310 0.05310 0.09735 0.04425 0.07080 0.10619 0.09735 0.01770 0.04425 0.02655 0.02655 0.07080 0.00885 0.04425 0.07080
GNM11491                       0.05310 0.03540 0.03540 0.01770 0.01770 0.03540 0.07080 0.12389 0.03540 0.05310 0.09735 0.07965 0.01770 0.04425 0.02655 0.05310 0.06195 0.00885 0.05310 0.07965
GNM11804                       0.07080 0.06195 0.02655 0.03540 0.00885 0.02655 0.07080 0.10619 0.01770 0.08850 0.08850 0.09735 0.02655 0.02655 0.02655 0.04425 0.04425 0.00000 0.05310 0.07965
GNM11805                       0.04425 0.05310 0.04425 0.03540 0.00885 0.00885 0.07080 0.07080 0.00885 0.11504 0.07965 0.07080 0.02655 0.02655 0.03540 0.09735 0.06195 0.00000 0.05310 0.08850
GNM12883                       0.04425 0.05310 0.04425 0.02655 0.01770 0.06195 0.05310 0.07965 0.02655 0.07965 0.09735 0.08850 0.00885 0.06195 0.02655 0.07080 0.02655 0.00885 0.02655 0.09735
GNM12886                       0.05310 0.05310 0.04425 0.03540 0.01770 0.04425 0.05310 0.08850 0.02655 0.07080 0.08850 0.07965 0.01770 0.05310 0.02655 0.06195 0.02655 0.00885 0.03540 0.11504
GNM12895                       0.04425 0.03540 0.08850 0.03540 0.01770 0.02655 0.06195 0.07965 0.02655 0.07965 0.07965 0.08850 0.01770 0.03540 0.02655 0.06195 0.03540 0.00885 0.06195 0.08850
GNM13060                       0.04425 0.05310 0.04425 0.03540 0.01770 0.04425 0.07080 0.07965 0.00885 0.08850 0.11504 0.08850 0.05310 0.01770 0.04425 0.03540 0.01770 0.01770 0.06195 0.06195
GNM13061                       0.03540 0.04425 0.02655 0.03540 0.01770 0.01770 0.07965 0.07965 0.00885 0.08850 0.11504 0.12389 0.02655 0.02655 0.04425 0.04425 0.03540 0.01770 0.05310 0.07965
GNM13062                       0.03670 0.10092 0.00917 0.03670 0.02752 0.03670 0.08257 0.11009 0.02752 0.05505 0.08257 0.07339 0.00917 0.03670 0.03670 0.06422 0.01835 0.00917 0.04587 0.10092
GNM13064                       0.03540 0.05310 0.07965 0.03540 0.01770 0.02655 0.06195 0.08850 0.01770 0.07080 0.13274 0.07965 0.01770 0.03540 0.02655 0.07080 0.04425 0.00885 0.02655 0.07080
GNM13066                       0.05310 0.04425 0.08850 0.03540 0.01770 0.01770 0.06195 0.08850 0.00885 0.07965 0.12389 0.09735 0.00885 0.03540 0.02655 0.05310 0.05310 0.00885 0.02655 0.07080
GNM11032                       0.05357 0.06250 0.04464 0.02679 0.00893 0.03571 0.04464 0.11607 0.01786 0.06250 0.12500 0.07143 0.00893 0.02679 0.02679 0.07143 0.03571 0.00893 0.07143 0.08036
GNM11034                       0.02679 0.08036 0.04464 0.02679 0.00893 0.02679 0.05357 0.13393 0.02679 0.06250 0.10714 0.08929 0.00893 0.03571 0.02679 0.05357 0.02679 0.00893 0.05357 0.09821
GNM11363                       0.02655 0.05310 0.05310 0.04425 0.01770 0.03540 0.02655 0.10619 0.02655 0.07080 0.07965 0.07080 0.02655 0.02655 0.03540 0.07080 0.03540 0.00885 0.05310 0.13274
GNM11375                       0.04425 0.01770 0.05310 0.05310 0.01770 0.03540 0.05310 0.10619 0.02655 0.07965 0.11504 0.11504 0.01770 0.04425 0.02655 0.03540 0.05310 0.00885 0.04425 0.05310
GNM11381                       0.03540 0.02655 0.06195 0.01770 0.01770 0.05310 0.06195 0.09735 0.04425 0.07965 0.10619 0.09735 0.01770 0.04425 0.02655 0.02655 0.07080 0.00885 0.04425 0.06195
GNM11382                       0.04425 0.01770 0.06195 0.01770 0.01770 0.04425 0.06195 0.09735 0.04425 0.08850 0.09735 0.10619 0.02655 0.04425 0.02655 0.03540 0.06195 0.00885 0.04425 0.05310
GNM11799                       0.04425 0.00885 0.07080 0.02655 0.01770 0.03540 0.06195 0.09735 0.01770 0.07080 0.12389 0.11504 0.01770 0.06195 0.02655 0.02655 0.07965 0.00885 0.02655 0.06195
GNM11841                       0.10619 0.03540 0.04425 0.05310 0.00885 0.02655 0.10619 0.10619 0.02655 0.03540 0.06195 0.03540 0.00885 0.05310 0.04425 0.05310 0.03540 0.00885 0.05310 0.09735
GNM11931                       0.09735 0.04425 0.04425 0.06195 0.00885 0.00885 0.07965 0.12389 0.03540 0.05310 0.06195 0.02655 0.01770 0.03540 0.04425 0.05310 0.03540 0.00885 0.06195 0.09735
GNM12040                       0.10619 0.04425 0.04425 0.05310 0.00885 0.01770 0.09735 0.12389 0.03540 0.05310 0.06195 0.02655 0.00885 0.03540 0.03540 0.05310 0.02655 0.00885 0.06195 0.09735
GNM12071                       0.09735 0.03540 0.03540 0.06195 0.00885 0.00885 0.10619 0.11504 0.02655 0.04425 0.06195 0.04425 0.01770 0.02655 0.03540 0.04425 0.04425 0.00885 0.07965 0.09735
GNM12125                       0.07080 0.09735 0.02655 0.03540 0.00000 0.02655 0.05310 0.08850 0.00885 0.11504 0.08850 0.07080 0.03540 0.01770 0.03540 0.05310 0.01770 0.01770 0.05310 0.08850
GNM12126                       0.07080 0.08850 0.04425 0.03540 0.00885 0.02655 0.05310 0.08850 0.01770 0.12389 0.08850 0.07080 0.02655 0.01770 0.02655 0.05310 0.03540 0.00885 0.05310 0.06195
GNM12128                       0.07965 0.07965 0.03540 0.02655 0.00000 0.02655 0.06195 0.08850 0.00885 0.11504 0.10619 0.05310 0.01770 0.00885 0.04425 0.03540 0.04425 0.02655 0.06195 0.07965
GNM12182                       0.04425 0.07965 0.05310 0.01770 0.00885 0.03540 0.05310 0.09735 0.00885 0.08850 0.08850 0.06195 0.03540 0.00885 0.03540 0.06195 0.05310 0.00885 0.07965 0.07965
GNM12342                       0.07080 0.04425 0.03540 0.02655 0.01770 0.01770 0.07080 0.10619 0.01770 0.08850 0.08850 0.12389 0.01770 0.05310 0.04425 0.03540 0.01770 0.00000 0.04425 0.07965
GNM12346                       0.08850 0.01770 0.03540 0.05310 0.01770 0.02655 0.05310 0.10619 0.00885 0.07080 0.07965 0.12389 0.02655 0.02655 0.03540 0.02655 0.04425 0.00885 0.04425 0.10619
GNM12351                       0.07080 0.04425 0.04425 0.05310 0.01770 0.02655 0.07080 0.09735 0.00000 0.07965 0.08850 0.07965 0.00885 0.03540 0.04425 0.04425 0.04425 0.00885 0.04425 0.09735
GNM12356                       0.07965 0.03540 0.04425 0.04425 0.01770 0.01770 0.06195 0.09735 0.02655 0.05310 0.09735 0.10619 0.02655 0.02655 0.04425 0.04425 0.03540 0.00000 0.07080 0.07080
GNM12357                       0.08850 0.03540 0.07080 0.05310 0.01770 0.02655 0.04425 0.09735 0.02655 0.06195 0.09735 0.08850 0.01770 0.01770 0.04425 0.03540 0.01770 0.00000 0.07080 0.08850
GNM12366                       0.08850 0.03540 0.04425 0.04425 0.01770 0.03540 0.05310 0.09735 0.01770 0.05310 0.09735 0.09735 0.01770 0.01770 0.04425 0.03540 0.02655 0.00000 0.07965 0.09735
GNM12373                       0.07080 0.04425 0.02655 0.03540 0.00885 0.03540 0.06195 0.14159 0.00885 0.09735 0.07965 0.07080 0.03540 0.03540 0.03540 0.04425 0.04425 0.00885 0.03540 0.07965
GNM12385                       0.08850 0.04425 0.04425 0.03540 0.00885 0.04425 0.06195 0.13274 0.00885 0.09735 0.06195 0.04425 0.03540 0.04425 0.04425 0.07080 0.02655 0.00885 0.02655 0.07080
GNM12551                       0.05310 0.05310 0.03540 0.05310 0.01770 0.01770 0.08850 0.09735 0.01770 0.07080 0.08850 0.08850 0.02655 0.02655 0.05310 0.03540 0.02655 0.00885 0.05310 0.08850
GNM12554                       0.07080 0.04425 0.02655 0.03540 0.01770 0.04425 0.07080 0.14159 0.02655 0.07965 0.09735 0.06195 0.04425 0.02655 0.02655 0.05310 0.03540 0.00885 0.03540 0.05310
GNM12592                       0.09735 0.06195 0.01770 0.05310 0.01770 0.00885 0.05310 0.09735 0.01770 0.08850 0.09735 0.08850 0.03540 0.04425 0.05310 0.03540 0.03540 0.00885 0.02655 0.06195
GNM12596                       0.09735 0.03540 0.03540 0.05310 0.01770 0.03540 0.03540 0.09735 0.00000 0.07080 0.07965 0.08850 0.01770 0.02655 0.03540 0.07965 0.04425 0.00885 0.05310 0.08850
GNM12602                       0.08850 0.03540 0.03540 0.03540 0.01770 0.03540 0.05310 0.10619 0.00000 0.08850 0.07965 0.08850 0.01770 0.02655 0.03540 0.07965 0.04425 0.00885 0.05310 0.07080
GNM12665                       0.08850 0.03540 0.03540 0.05310 0.01770 0.03540 0.03540 0.10619 0.00000 0.07965 0.08850 0.08850 0.01770 0.02655 0.03540 0.07965 0.04425 0.00885 0.05310 0.07080
GNM12745                       0.07080 0.03540 0.08850 0.04425 0.01770 0.01770 0.07080 0.08850 0.02655 0.07965 0.08850 0.07965 0.01770 0.01770 0.04425 0.02655 0.04425 0.00000 0.04425 0.09735
GNM12749                       0.06195 0.07080 0.03540 0.03540 0.02655 0.02655 0.06195 0.12389 0.01770 0.06195 0.09735 0.05310 0.05310 0.00885 0.02655 0.07080 0.03540 0.00885 0.05310 0.07080
GNM12758                       0.07080 0.07080 0.06195 0.04425 0.01770 0.00885 0.08850 0.09735 0.02655 0.09735 0.07080 0.08850 0.01770 0.02655 0.04425 0.01770 0.03540 0.00000 0.04425 0.07080
GNM12763                       0.06195 0.05310 0.05310 0.04425 0.01770 0.01770 0.07965 0.09735 0.01770 0.09735 0.07965 0.10619 0.01770 0.03540 0.04425 0.02655 0.04425 0.00000 0.03540 0.07080
GNM12766                       0.07080 0.03540 0.02655 0.02655 0.01770 0.01770 0.07965 0.09735 0.03540 0.09735 0.08850 0.12389 0.01770 0.03540 0.03540 0.03540 0.02655 0.00000 0.06195 0.07080
GNM12841                       0.10619 0.04425 0.02655 0.06195 0.00885 0.04425 0.09735 0.11504 0.02655 0.04425 0.07080 0.03540 0.00885 0.04425 0.03540 0.04425 0.03540 0.00885 0.05310 0.08850
GNM12849                       0.04425 0.01770 0.06195 0.04425 0.01770 0.03540 0.05310 0.09735 0.02655 0.07965 0.12389 0.10619 0.01770 0.04425 0.02655 0.03540 0.06195 0.00885 0.04425 0.05310
GNM12869                       0.04425 0.01770 0.04425 0.03540 0.01770 0.04425 0.06195 0.10619 0.02655 0.07965 0.11504 0.11504 0.01770 0.04425 0.02655 0.02655 0.07965 0.00885 0.04425 0.04425
GNM12896                       0.03540 0.00885 0.04425 0.02655 0.01770 0.03540 0.05310 0.10619 0.03540 0.07080 0.11504 0.12389 0.02655 0.04425 0.02655 0.03540 0.07965 0.00885 0.03540 0.07080
GNM12897                       0.03540 0.00885 0.04425 0.03540 0.01770 0.04425 0.04425 0.10619 0.03540 0.07080 0.11504 0.12389 0.02655 0.04425 0.02655 0.03540 0.07080 0.00885 0.03540 0.07080
GNM12902                       0.04425 0.04425 0.06195 0.03540 0.00885 0.00885 0.07080 0.07965 0.00885 0.13274 0.07965 0.08850 0.02655 0.01770 0.03540 0.07965 0.04425 0.00000 0.05310 0.07965
GNM12903                       0.05310 0.05310 0.03540 0.03540 0.00000 0.05310 0.06195 0.09735 0.00885 0.12389 0.09735 0.09735 0.00885 0.00885 0.04425 0.03540 0.01770 0.01770 0.07080 0.07965
GNM12906                       0.04425 0.06195 0.03540 0.03540 0.00000 0.05310 0.06195 0.09735 0.00885 0.10619 0.09735 0.08850 0.00000 0.00885 0.04425 0.03540 0.02655 0.01770 0.07080 0.10619
GNM12907                       0.06195 0.06195 0.03540 0.03540 0.00000 0.04425 0.06195 0.09735 0.00885 0.08850 0.11504 0.08850 0.00885 0.00885 0.03540 0.03540 0.01770 0.01770 0.07080 0.10619
GNM12909                       0.04425 0.06195 0.03540 0.03540 0.00000 0.05310 0.06195 0.09735 0.00885 0.09735 0.10619 0.08850 0.00885 0.00885 0.04425 0.03540 0.01770 0.01770 0.07080 0.10619
GNM12915                       0.08850 0.07965 0.02655 0.03540 0.00000 0.02655 0.06195 0.09735 0.01770 0.08850 0.07965 0.09735 0.01770 0.03540 0.04425 0.04425 0.01770 0.00885 0.05310 0.07965
GNM10046                       0.07965 0.07080 0.02655 0.02655 0.00000 0.02655 0.07080 0.09735 0.01770 0.09735 0.07965 0.08850 0.01770 0.03540 0.04425 0.05310 0.01770 0.00885 0.05310 0.08850
GNM12918                       0.08850 0.08850 0.02655 0.03540 0.00000 0.02655 0.06195 0.09735 0.01770 0.09735 0.07965 0.07965 0.01770 0.03540 0.04425 0.04425 0.02655 0.00885 0.05310 0.07080
GNM12931                       0.07965 0.06195 0.02655 0.03540 0.00000 0.02655 0.05310 0.08850 0.01770 0.08850 0.13274 0.09735 0.00885 0.01770 0.04425 0.03540 0.04425 0.02655 0.04425 0.07080
GNM12938                       0.04425 0.06195 0.06195 0.03540 0.00885 0.02655 0.04425 0.11504 0.00885 0.12389 0.09735 0.07080 0.01770 0.00885 0.06195 0.04425 0.03540 0.00000 0.07965 0.05310
GNM12996                       0.06195 0.07965 0.05310 0.01770 0.00885 0.03540 0.04425 0.09735 0.00885 0.08850 0.08850 0.06195 0.03540 0.00885 0.05310 0.06195 0.02655 0.00885 0.07965 0.07965
GNM13018                       0.06195 0.07965 0.05310 0.01770 0.00885 0.03540 0.04425 0.09735 0.00885 0.08850 0.08850 0.06195 0.02655 0.00885 0.05310 0.06195 0.02655 0.00885 0.07965 0.08850
GNM13027                       0.07080 0.07080 0.06195 0.03540 0.00885 0.02655 0.04425 0.09735 0.00885 0.10619 0.08850 0.07965 0.02655 0.01770 0.05310 0.03540 0.02655 0.00000 0.07080 0.07080
GNM13046                       0.04425 0.01770 0.05310 0.01770 0.01770 0.02655 0.07080 0.10619 0.02655 0.07965 0.10619 0.11504 0.01770 0.04425 0.02655 0.02655 0.08850 0.00885 0.04425 0.06195
GNM13053                       0.02655 0.06195 0.05310 0.02655 0.01770 0.05310 0.06195 0.09735 0.01770 0.08850 0.12389 0.06195 0.01770 0.03540 0.04425 0.06195 0.01770 0.00885 0.04425 0.07965
GNM13074                       0.08850 0.07965 0.03540 0.04425 0.00000 0.02655 0.06195 0.09735 0.01770 0.10619 0.07080 0.08850 0.01770 0.03540 0.04425 0.03540 0.02655 0.00885 0.04425 0.07080
GNM10010                       0.08850 0.06195 0.04425 0.02655 0.00000 0.02655 0.07080 0.09735 0.01770 0.10619 0.07080 0.10619 0.01770 0.03540 0.04425 0.03540 0.02655 0.00885 0.04425 0.07080
GNM10014                       0.08850 0.06195 0.03540 0.03540 0.00000 0.01770 0.07080 0.09735 0.01770 0.10619 0.09735 0.09735 0.01770 0.02655 0.04425 0.03540 0.02655 0.00885 0.04425 0.07080
GNM13090                       0.08850 0.06195 0.03540 0.02655 0.00000 0.02655 0.07965 0.09735 0.01770 0.11504 0.07080 0.09735 0.01770 0.03540 0.04425 0.03540 0.02655 0.00885 0.04425 0.07080
GNM13118                       0.03540 0.05310 0.05310 0.04425 0.00885 0.00885 0.06195 0.10619 0.00885 0.07965 0.12389 0.10619 0.01770 0.00885 0.04425 0.04425 0.04425 0.00885 0.05310 0.08850
GNM13126                       0.07080 0.04425 0.07965 0.03540 0.00885 0.00885 0.06195 0.07080 0.00000 0.11504 0.08850 0.10619 0.01770 0.02655 0.03540 0.04425 0.05310 0.00000 0.05310 0.07965
GNM13128                       0.06195 0.05310 0.07965 0.03540 0.00885 0.00885 0.06195 0.07080 0.00000 0.11504 0.08850 0.09735 0.01770 0.02655 0.03540 0.05310 0.05310 0.00000 0.05310 0.07965
GNM13208                       0.06195 0.06195 0.02655 0.03540 0.00000 0.02655 0.06195 0.10619 0.02655 0.07080 0.10619 0.08850 0.00885 0.00000 0.04425 0.03540 0.04425 0.02655 0.06195 0.10619
GNM13210                       0.06195 0.05310 0.02655 0.02655 0.00885 0.03540 0.07080 0.08850 0.01770 0.06195 0.11504 0.09735 0.00885 0.00885 0.04425 0.05310 0.02655 0.02655 0.05310 0.11504
GNM12773                       0.06195 0.07080 0.05310 0.03540 0.01770 0.02655 0.05310 0.10619 0.00885 0.10619 0.10619 0.08850 0.01770 0.05310 0.02655 0.05310 0.04425 0.00885 0.01770 0.04425
GNM12769                       0.05310 0.04425 0.07080 0.04425 0.01770 0.01770 0.06195 0.09735 0.01770 0.10619 0.07965 0.09735 0.02655 0.06195 0.05310 0.03540 0.01770 0.00885 0.02655 0.06195
GNM12768                       0.07080 0.06195 0.03540 0.04425 0.01770 0.03540 0.03540 0.10619 0.01770 0.05310 0.09735 0.11504 0.03540 0.04425 0.04425 0.03540 0.02655 0.00885 0.02655 0.08850

Homogeneity statistic: X2 = 15.07067 G = 15.88311 

Average                        0.05554 0.04960 0.04897 0.03446 0.01394 0.03143 0.06189 0.09903 0.01954 0.08360 0.09966 0.09091 0.01931 0.03583 0.03451 0.04646 0.04303 0.00886 0.04766 0.07577
(Ambiguity characters are used to calculate freqs.)


# constant sites:      7 (6.19%)

TREE #  1:  ((((((((47, 152), 137), (64, 101)), 102), 103), (((139, 140), (104, 63)), (138, 141))), ((((((131, 130), 133), 132), 151), (66, 46)), 148)), (((((((((((((((((((48, (51, 23)), 53), 55), ((49, 52), 96)), (57, 60)), 54), 28), (((75, 22), (25, 24)), 45)), ((((((((59, 58), 56), 61), 126), (20, 7)), (((50, (29, 41)), (8, 6)), (93, 21))), ((11, 73), 125)), 79)), 142), (((94, 78), 19), 95)), (((127, 77), 128), 42)), (((((83, 5), 82), (76, 14)), 32), (15, 72))), (84, 44)), (92, 74)), ((((43, 88), 89), (16, 143)), (((39, 87), 13), 62))), ((((1, 85), 86), (9, 2)), 40)), ((((37, 38), (3, 35)), (4, 33)), (((91, 12), 36), (34, 90)))), (((((((27, 31), 30), (153, 26)), (70, 71)), 67), ((154, 69), 155)), ((18, 17), 68))), (((((((((((118, 116), 117), 107), 115), 106), (((114, 112), 120), 111)), ((((99, 10), 100), (97, 124)), 98)), (65, 80)), ((150, 149), (81, 129))), ((((((110, 109), 108), 123), 105), ((119, 121), 122)), 113)), ((((145, 146), 147), 144), ((136, 134), 135))));   MP score: -1
lnL(ntime:307  np:308): -10421.162185      +0.000000
 156..157 157..158 158..159 159..160 160..161 161..162 162..163 163..47  163..152 162..137 161..164 164..64  164..101 160..102 159..103 158..165 165..166 166..167 167..139 167..140 166..168 168..104 168..63  165..169 169..138 169..141 157..170 170..171 171..172 172..173 173..174 174..175 175..131 175..130 174..133 173..132 172..151 171..176 176..66  176..46  170..148 156..177 177..178 178..179 179..180 180..181 181..182 182..183 183..184 184..185 185..186 186..187 187..188 188..189 189..190 190..191 191..192 192..193 193..194 194..195 195..48  195..196 196..51  196..23  194..53  193..55  192..197 197..198 198..49  198..52  197..96  191..199 199..57  199..60  190..54  189..28  188..200 200..201 201..202 202..75  202..22  201..203 203..25  203..24  200..45  187..204 204..205 205..206 206..207 207..208 208..209 209..210 210..211 211..59  211..58  210..56  209..61  208..126 207..212 212..20  212..7   206..213 213..214 214..215 215..50  215..216 216..29  216..41  214..217 217..8   217..6   213..218 218..93  218..21  205..219 219..220 220..11  220..73  219..125 204..79  186..142 185..221 221..222 222..223 223..94  223..78  222..19  221..95  184..224 224..225 225..226 226..127 226..77  225..128 224..42  183..227 227..228 228..229 229..230 230..231 231..83  231..5   230..82  229..232 232..76  232..14  228..32  227..233 233..15  233..72  182..234 234..84  234..44  181..235 235..92  235..74  180..236 236..237 237..238 238..239 239..43  239..88  238..89  237..240 240..16  240..143 236..241 241..242 242..243 243..39  243..87  242..13  241..62  179..244 244..245 245..246 246..247 247..1   247..85  246..86  245..248 248..9   248..2   244..40  178..249 249..250 250..251 251..252 252..37  252..38  251..253 253..3   253..35  250..254 254..4   254..33  249..255 255..256 256..257 257..91  257..12  256..36  255..258 258..34  258..90  177..259 259..260 260..261 261..262 262..263 263..264 264..265 265..27  265..31  264..30  263..266 266..153 266..26  262..267 267..70  267..71  261..67  260..268 268..269 269..154 269..69  268..155 259..270 270..271 271..18  271..17  270..68  156..272 272..273 273..274 274..275 275..276 276..277 277..278 278..279 279..280 280..281 281..282 282..118 282..116 281..117 280..107 279..115 278..106 277..283 283..284 284..285 285..114 285..112 284..120 283..111 276..286 286..287 287..288 288..289 289..99  289..10  288..100 287..290 290..97  290..124 286..98  275..291 291..65  291..80  274..292 292..293 293..150 293..149 292..294 294..81  294..129 273..295 295..296 296..297 297..298 298..299 299..300 300..110 300..109 299..108 298..123 297..105 296..301 301..302 302..119 302..121 301..122 295..113 272..303 303..304 304..305 305..306 306..145 306..146 305..147 304..144 303..307 307..308 308..136 308..134 307..135
 0.147037 0.103497 0.000000 0.034670 0.050082 0.088416 0.101680 0.125456 0.101204 0.070742 0.054256 0.326187 0.077639 0.229140 0.207436 0.239492 0.034401 0.081410 0.029521 0.000000 0.039105 0.150281 0.060541 0.039730 0.174910 0.071354 0.030565 0.185757 0.039414 0.095239 0.072231 0.019363 0.051333 0.030425 0.000000 0.000000 0.182076 0.125084 0.137881 0.161250 0.287971 0.000000 0.082495 0.091910 0.021254 0.111301 0.036543 0.023128 0.232576 0.000000 0.022350 0.000000 0.035260 0.016945 0.000000 0.000000 0.066889 0.029493 0.057989 0.000000 0.000000 0.000000 0.009337 0.018714 0.009337 0.089724 0.009062 0.018786 0.058594 0.039444 0.022425 0.091093 0.024709 0.099454 0.168796 0.115021 0.067703 0.148467 0.029155 0.000000 0.000000 0.024449 0.000000 0.000000 0.092358 0.025803 0.073186 0.006953 0.033108 0.009324 0.000000 0.000000 0.000000 0.000000 0.000000 0.000000 0.000000 0.000000 0.010705 0.000000 0.043415 0.024198 0.009968 0.015843 0.099126 0.037232 0.000000 0.000000 0.000000 0.019334 0.082029 0.000000 0.009838 0.000000 0.056575 0.018113 0.000000 0.000000 0.021966 0.195273 0.108296 0.042608 0.043422 0.066861 0.009728 0.009712 0.029028 0.039440 0.117830 0.026909 0.000000 0.020171 0.009957 0.030817 0.052800 0.139278 0.042191 0.013311 0.033345 0.032091 0.029112 0.000000 0.101105 0.028762 0.000000 0.009597 0.175716 0.053875 0.031653 0.027785 0.243553 0.000000 0.000000 0.229788 0.000000 0.000000 0.043143 0.048395 0.419031 0.042992 0.000000 0.000000 0.055508 0.060268 0.147650 0.095326 0.000000 0.257411 0.080154 0.001776 0.470417 0.075811 0.140368 0.000000 0.103296 0.228032 0.128434 0.029387 0.040909 0.221943 0.202130 0.000000 0.000000 0.220214 0.334534 0.000000 0.000000 0.118302 0.009542 0.010535 0.045790 0.094475 0.054085 0.299564 0.029655 0.000000 0.143254 0.224538 0.010463 0.031666 0.000000 0.000000 0.061373 0.153990 0.035922 0.006470 0.043060 0.005489 0.099769 0.077079 0.003320 0.041094 0.117092 0.080674 0.171613 0.121480 0.095769 0.084686 0.133540 0.000000 0.019490 0.323259 0.032733 0.070469 0.255203 0.281451 0.348374 0.147213 0.272351 0.000000 0.000000 0.162035 0.021315 0.090384 0.088752 0.000000 0.019866 0.016053 0.072713 0.040972 0.152065 0.105428 0.022745 0.000000 0.029486 0.026266 0.214072 0.251626 0.294800 0.280833 0.064204 0.000000 0.282908 0.163292 0.522215 0.310246 0.455539 0.015556 0.005602 0.032862 0.051162 0.088618 0.111663 0.062758 0.115623 0.022794 0.152160 0.300632 0.194745 0.085536 0.427252 0.129870 0.009464 0.009093 0.079815 0.134544 0.057654 0.000000 0.031176 0.155275 0.107776 0.204962 0.081244 0.033672 0.027937 0.134401 0.001501 0.079538 0.228749 0.011754 0.223265 0.110595 0.133219 0.193026 0.198263 0.080177 0.000000 0.000000 0.019299 0.030174 0.019379 0.020008 0.000000 0.000000 0.042608 0.019549 0.031524 1.179757
