
Printing out site pattern counts


       139         69  P

GNM13746                        --ADDDDDDD EEEFFFGGHI IIIIKKKKKK KKKKKLLLLL LLLLLMNNNN PPQQRRRSSS STTTVVVVY
GNM13671                        --VDEIKKNT DKKAPRAEHA LLSVDDDEII KMSVVILLLL LMQVVIDIKY PSADEGIEGL SEETAITVI
GNM13876                        --FDKIETEE EEKVQSAEHA FLLIEKNSDQ RGQRYLLLLL VKNIVTDTSY PPTKRGVIGL SEVVAYIVT
GNM13680                        --SDSEEDKE SMDIIRTKHA ISIVKKYDVQ MKQIRILLLV MVLIIYEEKF PPQESSQDGA SHETVVYVQ
GNM14837                        --ADQAEKSK DLKIIRAKHA ITIISEYDKK LNIITFLLLF MNLIIMEEKF PPQGSNVEGA GHTSEVCIW
GNM14249                        --ADQEEKSK DLKIIRAKHA ITLISDYDKK LNIITFLLLF MNLIIMEEKF PPQGSNVEGA GHTSEVCIW
GNM13928                        --ADQAEKSK DLKIIRAKHA ITIISEYDKK LNIITFLLLF MNLIIMEEKF PPQGSNVEGA GHTSEVCIW
GNM13297                        --VDDDANKE NDSIQSAPHA VCILDKQEQT KKVSSILLLL LILIFKNESF PPQTRNKQAA SEVVVFQVT
GNM14865                        --ADDTDDER RAEIHSANPA LAVIDDNTTA LTQDGYLMQF LKLFLTGEQA EPKDGTVDTV TGETAYPVV
GNM13455                        --A-Q--KNK DLK--KA--- -T-I-N--KK M-L--F---F MN--IM---- -P-QS--D-A ---SE----
GNM14938                        --ADGMRDKA RIEVFVGIHA LLSLESDEVS VPRSELLLLA FRNVLRGVEY PVQKREVEGL SEFVVTLVR
GNM14483                        --TDAEKKQQ EGNIYKSPHA VVIVKQETLS EKIIIVLALL LRLLFTGEEF PPHKRSPEGA SYEAAVLVI
GNM14872                        --SDGEDDKD VLDVIRAQHA VAIVKKYDAQ VKAMRVLLLL MALIIYEEKF PPQESSLEGA SHETVVFVK
GNM13855                        --TDGDEDNK EMDIIKSKHV IVIIPNYKSN YRIVHIMLLL LLQIIFDEKF PPQKAELDGA SLITTVYNM
GNM14445                        --SDKDQQKK EEAIFKSPHA IGIMNEDVLT IKWLEAIPII IELILQKENF PPHKKNPSGA SQVVTVFVI
GNM14545                        --TDKDRDKE KLRVHVAPYV LAAIEDHEHE IRIHKFALLI IRLLLDGERY PPQVKNIMGL TDEVAYGVI
GNM14366                        --TDKDESSG ELKLIRARHA VTIVQSYDKI LNIIKILLLL MNLTIIGEKF PPQKTQLEGA GHSAEVYVW
GNM14252                        --ADQEEKSK DLKIIRAKHA ITLISDYDKK LNIITFLLLF MNLIIMEEKF PPQGSNVEGA GHTSEVCIW
GNM13760                        --ADQGEKSK DLKIIRAKHA ITIISEYDKK LNIITFLLLF MNLIIMEEKF PPQGSNVEGA GHTSEVCIW
GNM13982                        --VDKDEKKS DLAIIRAKHA IAIVKAYDQS INIIKILLLL MNLAIEDEKF PPQTTNINGA GHASQVITW
GNM13960                        --TDKSENTE SLKIARARHA ITVVSANKKI LDIIFFLLLL MVLIIDGEEF PPQKASTEGA ADGSDVITW
GNM14633                        --VDKNENKA DLAIIRSKHA IAIVKDYEQS MNIIKILLLL MNLAIEDEKF PPQSADIKGA GHASQVITW
GNM14853                        --VDKDEDNA DVTIIRAKHA IAIVKAYEQS MNIIKILLLL MNLAIEGEKF PPQSANINGA GHASQVVTW
GNM14748                        --ADEAEKSK ELKVIRSKHA IAIISDYDKK LNIITFLLLF MNLVVMEEKF PPQTSNVEGA GHTSEVCVW
GNM14246                        --SGVDNNKG ENEIHYAPHA LALVDKNERG ESLGELLCLF VRLLLRGAEV PPQTKTMEGM TKETAYPII
GNM14640                        --CGRDNKKG KSEVHYAQHA LTVVEKNERR EGRHEFLCLF IHLLLQGVET PPQAKTIEGM TKETTYPII
GNM14965                        --IDSEDVKE MLDLIRAKHA VCIVKKYESQ MKSVQVLMLL IVLVFNDEKF PSQESNLLGA SHETAVYVL
GNM13677                        --LDRIETEE EEKVQSAEHA FLLIDKNSDE RGERNLLVLL VKNIVIDTSY PPTKRGVSGL SELVAYIVT
GNM14339                        --TDEFTSRG RSKLFIGTHA LLALEHDESM DGSNKILLLL FKNVLIDVSY PAQEQELGGL SEITVVLVR
GNM14593                        --SDEIKTNN NKKVPRAEHA LLSVENDELQ RMLMLVLLLL LKQILIKINY PAAEEGIVGL AEETAYLVI
GNM13825                        --ADGMKDKS RIEVFVGVHA LISLESDEVF TPKSELLLLM FRNVLTGVSY PVQEREVEGL SEFVVTLVR
GNM14768                        --SDRMKRSE QEKVIRAEHS LISVEADEGK VKKILFLLLL LKQVVVEIRY PASDEGMEGL SEETAATVI
GNM14776                        --SDRMKRNE QEKVIRAEHS LISVEADEGK VKKILFLLLL LKQVVVEIRY PASDEGMEGL SEETAATVI
GNM14715                        --TDDEKRQE DGNIYKSPHA VVIVKKETYA EKMLTVLALL LRLLFTGEEF PPHKRGPEGA SHESAVLVV
GNM14639                        --LDDHKVKK TDELMKAPHA LAAIPSLSYF EGKTGILALL IMIILESIKF PPQKTNPSGF SSISCVIVS
GNM13795                        --ADQAEKSK ELKVIRSKHA IAIISDYDKK LNIITFLLLF MNLVVMEEKF PPQTSNVEGA GHTSEVCVW
GNM14166                        --TDKDQNSE KAKIIRAKHA VTIVPDYEKE VKIVRIMLLL MNLTIYKEKF PPQKTTLEGA SYSTEVLVS
GNM14450                        --VDQNENKE KLEVIRSRHA LTIINKHEAI LKHVKILMLL MLLVLYEEKF DPQDTKINGA SHETAACIE
GNM13745                        --SDKSKKNK NKRILSGPHA LGILKEQLQI IPIVEYLGLL LQIILMNEKF PPSDNNKEGA SKESEVFVE
GNM14030                        --ADEDKNKK NKKIIQSPHA LGIVKNQASI INTVEILGLL VEILVVNEEF PPRQAEKEGA AKETQVFTN
GNM14959                        --VTKRNPKR NGEVYRADHA LVPIPEAEEK LQLDQFLFLL FKLLIDGYKY PPIDEDVEMI TEETVYVVR
GNM13413                        --LDGHMSKK ELEVHTIPHS LVLIPSNERK DNKRHVAGLF FIILLTGERY PVASGGVEML TKEVVYFVE
GNM14990                        --TDKSENTE SLKIARARHA ITVVPANKKI LDIIFFLLLL MVLIIDGEQF PPQKASTEGA ADGSDVITW
GNM15005                        --TDKSENTE SLKIARARHA ITVVSANKKT LDIIFFLLLL MVLIIDGKEF PPQKASTEGA ADGSDVITW
GNM14976                        --TDKSENTE SLKIARAKHA ITVVPANKKI LDIIFLLLLL MVLIIDGEQF PPQKASTEGA ADGSDVITW
GNM15017                        --ADKNESKA SCKIIRARHA ITLVSTYEKS ISIIK-LLLL MDLIIADEKF PPQKSNTDGA GHGSDVLPW
GNM14999                        --ADSSDKSN DCKIIRARHA ITIVPTYEKI LNIILWLLLI MVLVIEGKRF PPQKTTTEGS ADGSDVLTW
GNM15024                        --ADQEEKSK DLKIVRAKHA ITLISDYDKK LNIITFLLLF MNLIIMEEKF PPQGSNVEGA GHTSEVCIW
GNM14980                        --ADQEEKSK DLKIVRAKHA ITLISDYDKK LNIITFLLLF MNLIIMEEKF PPQGSNVEGA GHTSEVCIW
GNM15019                        --ADQAEKSK ELKIIRSKHA ITIISEYDKK LNIITFLLLF MNLIVMEEKF PPQSSNIEGS GHTSEVCVW
GNM15003                        --TDKSENTE TLKIARAKHA ITVVPANKKI LDIIFLLLLL MVLIIDGEEF PPQKASTEGA ADGSDVITW
GNM11003                        --AEEVSKNN EEKIHKAPHA LILVENNILK MNEYEILGLY LMRLIYGSKY PPADIGQKSA TGETAYIVV
GNM11023                        --IDRVIDEE DRKVHYAVHA LSLVSGTKRR KDLEYYIGMF VKKLLVGARL PIVEYNADYL TEEYVYIPQ
GNM11055                        --CGEDEDSA EQRIHYAPHA LNLIENNILK LGINKLLLLL IKVYVAGYEV PPQEKDITRI THETAYPVE
GNM11146                        --IDGDNDKN NKDVYKADHA LVPLPGSEEE LRLDELIMLL LRLVLDGYQF PPLKREMETI TTETVFIVT
GNM11219                        --LGSDYTKA EADVHFAPHA LALVEGNKLI EDKAGFLLLF LELLLEGARM PPQQREKEGA TSEMAYSVI
GNM11220                        --LGNDKDTD EVTVYTGPHV LVALPGGEEK RSKNEFFLLL FRVFLRGINF PLQDARVEGL TDEVVYAVT
GNM11224                        --GGTDNDKE ETEIHYAPHA LLLIERNERK GSVDEFLCLL LRLLLTGAEI PPEERTIRGV TKETAYTVI
GNM11225                        --GGEDNKKL EAEIHFAPHA LILIKQNESV ESRDEILCLF FRLLLMGVEF PPEDKDVEGI TSETAYTVI
GNM11358                        --TDGNEENK EMEIIKSKHA IVIIANYKAG YKIVHLLLLL LLQILFDEKF PPQKSDLDGA SHVTAVYNM
GNM11360                        --ADQEEKNK DLKIIKAKHA ITIISNYDKK MNLITFLLLF MNLIIMEEKF PPQQSNVDGA GHTSEVCIW
GNM11362                        --VDEYEDKN GEEVIRARHV LVIVKRNDKA FPLAKAILLM FSAVVVEEKI YPQKSSQSGA SYEMVVYVE
GNM11367                        --VDKDEKKS DLAIIRAKHA IAIVKAYDQS INIIKILLLL MNLAIEDEKF PPQTTNINGA GHASQVITW
GNM11377                        --SDGEDDKD VLDVIRAQHA VAIVKKYDAQ AKAMRVLLLL MVLIIYEEKF PPQESSLEGA SHETVVFVK
GNM11380                        --TDKDQNSE KAKIIRAKHA VTIVPDYEKE VKMVRIMLLL MNLTIYKEKF PPQKTTLEGA SYSTEVLVA
GNM11383                        --ADQDESSE KLKIIRARHA VTIVAQYDKE ISIIRILLLL MNLTISNEKF PPQKSQLEGA GHSSEVYVR
GNM11491                        --FDKKESSS DLDIIRAKHA VAIVSGYEET VSVIRFLLLL MNLIITEEKF QPQKAGLDGS GHSTAVIIW
GNM11804                        --IDSDENKK EQEIHVAPHA LNLVDDNILK IGVHKILLYV LRLYIKGEKL PPQQRDIEKI THETAYPVE
GNM11805                        --YDADNKSK KERMNYAKHS LIPVDERVDK QDNYILILDL IKLVIINEKE PPVARKISHM TEYVAYPVE
GNM12886                        --CDSEEDKE AMDIIRAKHA ISIVKKYDVQ MNQIRILLLL MTLVLYEEKF PPQESSQDAA SHETVVYVQ
GNM12892                        --IDSEDVKE MLDLIRAKHA VCIVKKYENQ MKSVQILMLL IVLVFNDEKF PSQESNLLGA SHETAVYVL
GNM12895                        --VDQNENKE KLEVIRSRHA LTIINKHEAI LKHVKILMLL MLLVLYEEKF DPQDTKINGA SHETAACIE
GNM13060                        --TDEDEDDN EEEFFFGGHI IIIIRKKKKK KKKKKLLLLL LLILLMDNDN IPQQKRRSSA STATVVVVY
GNM13061                        --TDEDEDDT SDNVIYGGHI IILIPKYKKK KGSKEILLLL LLIALIGADN IPQDKRRSAA SELTVVSVF
GNM13062                        --TDDEKKQE EGNIYKSPHA VVIVKQETLS EKMLTVLALL LRLLFTGEEF PPHKRSPEGA SHEAAVLVV
GNM13066                        --SDENNDKQ NKTILQSPHA LSIVNNYVFI MNVVTFLGLI VELIITDEEF PARANEKEGA AKETQAFVK
GNM11032                        --SDESTKKR ASKIFVGTHA LLALEADEKR EGASRLLLLL FRNVLRGVSY PAQDEELEGL SEVTAAIVR
GNM11363                        --VDEYEDKN GEEVIRARHV LVIVKRNDKA FPLAKAILLM FSAVVVEEKI YPQKSSQSGA SYEMVVYVE
GNM11375                        --ADQGEKSK DLKIIRAKHA ITIISEYDKK LNIITFLLLF MNLIIMEEKF PPQGSNVEGA GHTSEVCIW
GNM11381                        --ADSDESSE KLKLIRARHA VTIINQYEKE LAIIKILLLL MNLTMSGEKF PPQKSQLEGA GHTSEVYVR
GNM11382                        --ADQDESKE DLKLIRARHA VTIVHGYDKV INIIKILLLM MNLTIFGEKF PPQKSQLQGA GHSAEVYVW
GNM11841                        --ADDTDDEE DADIHTGNPA ITVIEDNTTE LTIDAFLMQF LKLFLKGAEA EAKEAGVNTV TGETAYPVV
GNM11931                        --LNDTEDDQ GTAVHTANPA LAVIDQNTAQ VTSDAFLMQF LKLFLKGTEA EPKDHGMSST TGETAYPVL
GNM12040                        --VDSTEDET RADVHSANPA ISVIDDNATG LTQDAFLMQF LQLFLTGAQA EPKDQGVDTV TGETAYPVV
GNM12071                        --TDDTEDED EAEIHTGNPA LAVVDGNARA LTTDAVLMQL LKLFLRGVEA EPKDSDMATI TGESVYPVV
GNM12125                        --ADEKNDDT KEELQVVSHA ILLLPKNVIE LSIIEFAALF ISIILDGYRY PPADDGIKSI TKETVYPVV
GNM12126                        --LSRKVDDN DEEIHTTEHA IILIKNNTVL YQIMPLAGLF IRSLLYNLR- PPTEEGVQLA TKETVYLVW
GNM12128                        -KADAKYDDN ESELHVVQHA IILIPKNTLK LSKIYLAPIF IMLLLMDISY PPTEDSLQAI SKETIYPVE
GNM12182                        --GDDVESDV EERIHKAPHA IILIKENILN RDKYQLLGLF IKRLLLGRSL PPAEDGLSTV TGETAYLVV
GNM12342                        --CDDKNDEK REELHTGDHA LLLIEDNKLK LSISILLPLL IILLLMNITM PPKEDGITSI SDETVYPVK
GNM12346                        --CSKDDDDD KIVIHYAEFA LAAVKDNKLK ISADKFLMGF LRLMIEGCEV PPKDKAIDTL TSETAYPVV
GNM12351                        --CSTDEDET AVAIHFAKHA LVMIEENHVK ISIDAFLLTF LKLLVEGIET VPKDKRMESL TIETVYPVV
GNM12356                        D-CDNKNNTD K-ELHIAEHA LLLLDNNVMK ESIAI-LSVV LKLLLLHMKM PAKEEKLNSI SDDTVYPVI
GNM12357                        --CDKKNDDD KEELHMAEHA ILLLKNNILK ESVGVLLSVT IKLLLLNVSL PAKKDGVKSI SEDTVYPVT
GNM12366                        --CDEKNL-D REELHVAEHA LLALKSNVLK ESIGVLLSVC LKLLLLNSSI PAKKDGVNSI SEDTVYPVT
GNM12373                        --CGSDDEKD QCELHFAKYA LAAIPDNDLR LSIVELIVFL VTLIMRGEAV QPVTHEIAKM TDEMVYPVE
GNM12385                        --AGSDDPVG KQDFNVAAFA LAAVPGDDLT LTSKEMLIFI LTIYIYGERV RPALRQQEQL TTETARPVE
GNM12551                        --VDEQPDVE EERLHRAEHA LILIDEN-KE RVLRPFLCIA MRNLLLGARI PAREEGIETL TWEAAYPIK
GNM12554                        --CGKDDNKS KNKIHLAEFA LCAVPDNDLK LSSTQLIMFL LTLFINGETV QPVTRDIDKI TEETVYPVE
GNM12592                        --CRRDNDRD AEDFHRAKFA LSLLEDNVLR LDADEYLLIF FKLLILGEEI PPRDRRAETI TSETVYPVV
GNM12596                        --CTDDDDDA AVELHYTKHA LALIEDNEIK ISIDRFLLSF LKILLQGLKA VPKLIRMEFI TDETVYPVI
GNM12602                        --CTDDDNDS SVDLHYAKYA LAIIQDNETK ISIDKFLLSF LKILLQGLKI VPKEQRMEFI TDETVYPVI
GNM12665                        --CTDDDDDS AVDLHYVKYA LVLIEDNVIK ISVDRFLLSF LKILLEGLKT VPKLIRMEFI TDETVYPVV
GNM12745                        --ASDYQNSE KANIHEATHA LAIIDLNDKT RGKDTLLCLF FRMIMEGRDA PPRKEEISAV TKESSYPVE
GNM12749                        --CGSDDDHG RSDLHTAEFA LCAVPENDLL VSSVALIMFL LTLFVQGETV QPKKRTIENL TTQTPYPVV
GNM12758                        --CTRDESGD ELAFHYADHA LAVIEDNKRK KGRSEILCIF LRMLLRGIEA PPRKTKIEAL TSEASYPVQ
GNM12763                        --FNKDENKE KIKLHYADHA LALVKNNEKL KGKTKLLCIF LRLFLNGKEV PPRQNDIEAI TKEGSYPVR
GNM12766                        --CDQKNNKK KNELHLADHA LLVVDDNLLK ESISLILCVL LKLLLMNINM PAKEDGIESL SDETVYPVK
GNM12841                        --TDELEDDD SAQIHTGNPA LAVIDDNTEE LTRDEFLMQF VKLFLKGAEA EPKDRGVATV TGETAYPVI
GNM12849                        --A-Q--KNK DLK--RA--- -T-I-N--KK L-I--F---F MN--IM---- -P-QS--E-A ---SE----
GNM12869                        --ADQEEKSK DLKIIRAKHA ITLISDYDKK LNIITFLLLF MNLIIMEEKF PPQGSNVEGA GHTSEVCIW
GNM12896                        --TDKDQNSE KIKIIRARHA VTIVPAYEKE VRLVSIMLLL MNLTIYKEKF PPQKTTLEGA SYSTEVLVA
GNM12897                        --TDKDQNSE KAKIIRAKHA VTIVPEYEKE VKMVRIMLLL MNLTIYKEKF PPQKATLEGA SYSTEVLVA
GNM12902                        --YDDDNKKR RDKMNHSKHI LIPVDNRDIK QDDYILILNL IKSLIINERE PPVSRSISHI TEYVAYPVQ
GNM12903                        --LTRDNNKS NGRAYKADHV LVPLPESEEQ LELDKFLFLL FKSLIDGYNY PPVEADVEQI TEEVAFAVY
GNM12906                        --LTKDNSRS NGRAYKADHV LVPLPESEEQ LELDKFLFLL FKSLVDGYGY PPVEADVEQI TEDVAFVVH
GNM12907                        --LTRDNNRR EGRAYKADHV LVPVPESEEK LELDKFLFLL FKSLVDGYKY PPVDADVEQI TEEVAFVVT
GNM12909                        --LTKDNNRS NSRVYKADHV LVPVPESEEQ IEIDRFLFLL FKSLVDGYNY PPVEADVEQI TEEVVFVVY
GNM12915                        --ADDNKTDD KAELHRAEHV LALVPKNKLE ERFTEWLAIV FVRFLRGTEF PPTKKHIEAI TEETAYPVR
GNM10046                        --ADENKTDE KAELHRAEHT LALVPKNKLE ERFTEWLAIV FVRFLRGTEF PPVEKHIEAI TEETAYPVR
GNM12931                        --LDKHRNEK EEEIDIIPHA ITLIPRNVKL SNRRIVAGLF INMLLFGEKY PIAENKIESI TKEVVYLVE
GNM12938                        --AEDVSSDN EEKIHKAPHA LILIPNNKII RTESDVLGLF ILLILYGMKF PAKELGLLAA TGETAYIVT
GNM12996                        --ADDIKADV EEKIHKAPHA IILISSNSIL KDRYEILGLY VLRLLMGTKF PPADTGQHSV TGETAYIVI
GNM13018                        --TDDIKTDG EEKIHKAPHA IILISSNSIL KDRYEILGLY VLRLLMGTRF PPADNGQHSI TGETAYIVI
GNM13027                        --TEEVSSDE EEKIHKAPHA LILIPNNKIV KDESDVLGLF LMLVLDGYKF PPKELGKKSA TGETAYIVI
GNM13046                        --VDKEENTK DLNIIRAKHA VTIVKNYDKS LNIIKFLLLL MNLTISQEKF PPQKANIEGA GHSSELCIW
GNM13053                        --ADKDKKKK EETIFRAIHA LGIIPADALV AKAHGALPII LELILTKEKF PPHAKKQSGA SQESLIYVA
GNM13074                        --ADENKTDD QAELHRAEHA LALVKKNTLE ERFTVWLAIV FVHFLRGVEF PPNKKHIEGI TEETAYPVK
GNM10010                        --ADEDKSDD QAKLHKADHA LALIKRNKLE ERFSEWLAIV FVHFLRGTEF PPVERHIAAV TEETAYPVR
GNM10014                        --ADENKTDD QAELHKAEHA LALVERNTLE ERFTEWLAIV FVHFLRGTEF PPTKKHIEGI TEETAYPVR
GNM13090                        --ADENKTDD QAELHRAEHA LALVERNTLE ERFTEWLAVV FVHFLRGVEF PPNQKHIAGI TEETVYPVK
GNM13118                        --LGEIVQKA ESEIHLADHA LVLVPKNEAR LNRRRALLLV LRNLIKGER- PPVESDVVTL TDETAYAVH
GNM13126                        --YDTDNKKK RQRMNYAKHA LVTVDERDGK QDSYIFILVL IRLLILNEKE PPVSKQIDRL TEYVAYPVQ
GNM13128                        --YDADNKKK RQRMNYSKHA LITVDERIGK QDSYIVILIL IKLLILNEKE PPVAKQIDRL TEYVAYPVQ
GNM13208                        --LTRDDARN QSRTYKAGHV LVPVPESEER LELDKLLFLL FKSLIDGYEY PPVDNDVATI TEETAFVVT
GNM13210                        --LDSHEDQR GAEIHVIPHA LVLIPSNVKR GEKRKVAGLF FTLLLEGERY PVMEGKVDSI TKEVVYIVE
GNM12773                        --NGNNKKNK NKKLHYAPHA LVLVKNNDKI ETLDELLCLF FRLLLLGKEF PPQVENVEGA TKAMAYAVI
GNM12769                        --ADADKKKK ENRLHYTPHA ILLLKNNELK ERSDDFLGLF IRLLFQGTMF PVQNKDLEGV THETVYPII
GNM12768                        --LGKDNRKR RTDLHYAQHA LTALDDNDQR EGDNGFLCLL VRLFLTGFHF PPQNSAIEGL SYETAYPIV



    1    1    1    1    1    1    1    1    1    1    1    1    1    1    1
    1    1    1    1    1    1    1    1    1    1    1    1    1    1    1
    1    1    1    1    1    1    1    1    1    1    1    1    1    1    1
    1    1    1    1    1    1    1    1    1    1    1    1    1    1    1
    1    1    1    1    1    1    1    1    1

AAML (in paml version 4.9h, March 2018)  tmp0059.txt
Model: Empirical,  (../wag.dat) dGamma (ncatG=4) ns = 139  ls =  69


Frequencies..
                                    A      R      N      D      C      Q      E      G      H      I      L      K      M      F      P      S      T      W      Y      V
GNM13746                       0.01493 0.04478 0.05970 0.10448 0.00000 0.02985 0.04478 0.02985 0.01493 0.07463 0.14925 0.16418 0.01493 0.04478 0.02985 0.05970 0.04478 0.00000 0.01493 0.05970
GNM13671                       0.07463 0.01493 0.01493 0.10448 0.00000 0.01493 0.10448 0.02985 0.01493 0.13433 0.11940 0.08955 0.02985 0.00000 0.02985 0.05970 0.04478 0.00000 0.01493 0.10448
GNM13876                       0.04478 0.04478 0.02985 0.04478 0.00000 0.04478 0.11940 0.04478 0.01493 0.07463 0.11940 0.07463 0.00000 0.02985 0.02985 0.05970 0.07463 0.00000 0.04478 0.10448
GNM13680                       0.02985 0.02985 0.00000 0.07463 0.00000 0.07463 0.10448 0.01493 0.02985 0.11940 0.05970 0.08955 0.04478 0.01493 0.02985 0.10448 0.02985 0.00000 0.04478 0.10448
GNM14837                       0.07463 0.01493 0.04478 0.04478 0.01493 0.02985 0.08955 0.04478 0.02985 0.14925 0.08955 0.10448 0.02985 0.04478 0.02985 0.05970 0.04478 0.01493 0.01493 0.02985
GNM14249                       0.05970 0.01493 0.04478 0.05970 0.01493 0.02985 0.08955 0.04478 0.02985 0.13433 0.10448 0.10448 0.02985 0.04478 0.02985 0.05970 0.04478 0.01493 0.01493 0.02985
GNM13928                       0.07463 0.01493 0.04478 0.04478 0.01493 0.02985 0.08955 0.04478 0.02985 0.14925 0.08955 0.10448 0.02985 0.04478 0.02985 0.05970 0.04478 0.01493 0.01493 0.02985
GNM13297                       0.07463 0.01493 0.05970 0.07463 0.01493 0.08955 0.05970 0.00000 0.01493 0.07463 0.10448 0.08955 0.00000 0.04478 0.04478 0.08955 0.04478 0.00000 0.00000 0.10448
GNM14865                       0.11940 0.02985 0.02985 0.13433 0.00000 0.04478 0.07463 0.05970 0.01493 0.02985 0.08955 0.02985 0.01493 0.02985 0.04478 0.01493 0.13433 0.00000 0.02985 0.07463
GNM13455                       0.10000 0.00000 0.10000 0.06667 0.00000 0.06667 0.03333 0.00000 0.00000 0.06667 0.06667 0.20000 0.10000 0.06667 0.03333 0.06667 0.03333 0.00000 0.00000 0.00000
GNM14938                       0.05970 0.10448 0.01493 0.04478 0.00000 0.01493 0.11940 0.05970 0.01493 0.02985 0.14925 0.02985 0.01493 0.04478 0.02985 0.07463 0.01493 0.00000 0.01493 0.16418
GNM14483                       0.08955 0.02985 0.01493 0.01493 0.00000 0.04478 0.11940 0.04478 0.02985 0.08955 0.11940 0.08955 0.00000 0.02985 0.05970 0.05970 0.04478 0.00000 0.02985 0.08955
GNM14872                       0.10448 0.02985 0.00000 0.08955 0.00000 0.04478 0.08955 0.02985 0.02985 0.05970 0.10448 0.08955 0.02985 0.02985 0.02985 0.05970 0.01493 0.00000 0.02985 0.13433
GNM13855                       0.02985 0.01493 0.05970 0.08955 0.00000 0.02985 0.05970 0.02985 0.02985 0.14925 0.10448 0.08955 0.04478 0.02985 0.04478 0.04478 0.04478 0.00000 0.04478 0.05970
GNM14445                       0.05970 0.00000 0.04478 0.04478 0.00000 0.05970 0.08955 0.02985 0.02985 0.14925 0.05970 0.11940 0.01493 0.04478 0.07463 0.05970 0.02985 0.01493 0.00000 0.07463
GNM14545                       0.07463 0.07463 0.01493 0.08955 0.00000 0.01493 0.08955 0.04478 0.05970 0.10448 0.11940 0.07463 0.01493 0.01493 0.04478 0.00000 0.02985 0.00000 0.04478 0.08955
GNM14366                       0.05970 0.02985 0.02985 0.04478 0.00000 0.04478 0.07463 0.05970 0.02985 0.11940 0.13433 0.08955 0.01493 0.01493 0.02985 0.05970 0.05970 0.01493 0.02985 0.05970
GNM14252                       0.05970 0.01493 0.04478 0.05970 0.01493 0.02985 0.08955 0.04478 0.02985 0.13433 0.10448 0.10448 0.02985 0.04478 0.02985 0.05970 0.04478 0.01493 0.01493 0.02985
GNM13760                       0.05970 0.01493 0.04478 0.04478 0.01493 0.02985 0.08955 0.05970 0.02985 0.14925 0.08955 0.10448 0.02985 0.04478 0.02985 0.05970 0.04478 0.01493 0.01493 0.02985
GNM13982                       0.11940 0.01493 0.05970 0.07463 0.00000 0.04478 0.04478 0.02985 0.02985 0.16418 0.08955 0.10448 0.01493 0.01493 0.02985 0.04478 0.04478 0.01493 0.01493 0.04478
GNM13960                       0.10448 0.02985 0.02985 0.07463 0.00000 0.01493 0.07463 0.04478 0.01493 0.11940 0.10448 0.07463 0.01493 0.04478 0.02985 0.07463 0.07463 0.01493 0.00000 0.05970
GNM14633                       0.11940 0.01493 0.05970 0.07463 0.00000 0.04478 0.05970 0.02985 0.02985 0.14925 0.08955 0.10448 0.02985 0.01493 0.02985 0.05970 0.01493 0.01493 0.01493 0.04478
GNM14853                       0.13433 0.01493 0.07463 0.05970 0.00000 0.04478 0.05970 0.04478 0.02985 0.13433 0.07463 0.07463 0.02985 0.01493 0.02985 0.04478 0.02985 0.01493 0.01493 0.07463
GNM14748                       0.07463 0.01493 0.04478 0.04478 0.01493 0.01493 0.10448 0.02985 0.02985 0.08955 0.08955 0.10448 0.02985 0.04478 0.02985 0.07463 0.04478 0.01493 0.01493 0.08955
GNM14246                       0.07463 0.04478 0.05970 0.02985 0.01493 0.01493 0.11940 0.08955 0.02985 0.04478 0.13433 0.05970 0.02985 0.01493 0.05970 0.02985 0.05970 0.00000 0.02985 0.05970
GNM14640                       0.04478 0.05970 0.02985 0.01493 0.02985 0.04478 0.11940 0.07463 0.05970 0.05970 0.08955 0.08955 0.01493 0.02985 0.04478 0.01493 0.08955 0.00000 0.02985 0.05970
GNM14965                       0.05970 0.01493 0.02985 0.05970 0.01493 0.04478 0.08955 0.01493 0.02985 0.05970 0.13433 0.08955 0.04478 0.02985 0.01493 0.08955 0.01493 0.00000 0.02985 0.13433
GNM13677                       0.04478 0.05970 0.04478 0.05970 0.00000 0.01493 0.13433 0.04478 0.01493 0.07463 0.13433 0.05970 0.00000 0.01493 0.02985 0.07463 0.05970 0.00000 0.02985 0.10448
GNM14339                       0.04478 0.04478 0.02985 0.05970 0.00000 0.02985 0.08955 0.07463 0.02985 0.05970 0.17910 0.04478 0.01493 0.04478 0.01493 0.08955 0.05970 0.00000 0.01493 0.07463
GNM14593                       0.08955 0.02985 0.07463 0.02985 0.00000 0.02985 0.11940 0.02985 0.01493 0.08955 0.19403 0.07463 0.02985 0.00000 0.02985 0.02985 0.02985 0.00000 0.02985 0.07463
GNM13825                       0.02985 0.05970 0.01493 0.04478 0.00000 0.01493 0.11940 0.05970 0.01493 0.02985 0.13433 0.04478 0.02985 0.05970 0.02985 0.08955 0.04478 0.00000 0.01493 0.16418
GNM14768                       0.07463 0.05970 0.00000 0.04478 0.00000 0.02985 0.14925 0.04478 0.01493 0.07463 0.11940 0.08955 0.02985 0.01493 0.01493 0.08955 0.02985 0.00000 0.01493 0.10448
GNM14776                       0.07463 0.05970 0.01493 0.04478 0.00000 0.02985 0.14925 0.04478 0.01493 0.07463 0.11940 0.08955 0.02985 0.01493 0.01493 0.07463 0.02985 0.00000 0.01493 0.10448
GNM14715                       0.07463 0.04478 0.01493 0.04478 0.00000 0.01493 0.11940 0.05970 0.04478 0.02985 0.11940 0.08955 0.01493 0.02985 0.05970 0.04478 0.05970 0.00000 0.02985 0.10448
GNM14639                       0.07463 0.00000 0.01493 0.04478 0.01493 0.01493 0.04478 0.04478 0.02985 0.11940 0.11940 0.10448 0.02985 0.04478 0.07463 0.11940 0.04478 0.00000 0.01493 0.04478
GNM13795                       0.07463 0.01493 0.04478 0.04478 0.01493 0.02985 0.08955 0.02985 0.02985 0.08955 0.08955 0.10448 0.02985 0.04478 0.02985 0.07463 0.04478 0.01493 0.01493 0.08955
GNM14166                       0.05970 0.02985 0.02985 0.04478 0.00000 0.02985 0.08955 0.01493 0.01493 0.08955 0.08955 0.13433 0.02985 0.01493 0.04478 0.05970 0.08955 0.00000 0.04478 0.08955
GNM14450                       0.07463 0.02985 0.05970 0.04478 0.01493 0.02985 0.11940 0.01493 0.05970 0.10448 0.13433 0.10448 0.02985 0.01493 0.01493 0.02985 0.04478 0.00000 0.01493 0.05970
GNM13745                       0.02985 0.01493 0.07463 0.02985 0.00000 0.04478 0.10448 0.05970 0.01493 0.10448 0.13433 0.13433 0.01493 0.02985 0.05970 0.08955 0.00000 0.00000 0.01493 0.04478
GNM14030                       0.08955 0.01493 0.08955 0.02985 0.00000 0.05970 0.11940 0.04478 0.01493 0.10448 0.07463 0.11940 0.00000 0.02985 0.04478 0.02985 0.04478 0.00000 0.00000 0.08955
GNM14959                       0.04478 0.05970 0.02985 0.07463 0.00000 0.02985 0.11940 0.02985 0.01493 0.05970 0.11940 0.07463 0.01493 0.04478 0.07463 0.00000 0.04478 0.00000 0.05970 0.10448
GNM13413                       0.02985 0.04478 0.02985 0.02985 0.00000 0.00000 0.10448 0.07463 0.05970 0.05970 0.11940 0.07463 0.02985 0.04478 0.04478 0.05970 0.04478 0.00000 0.02985 0.11940
GNM14990                       0.10448 0.02985 0.02985 0.07463 0.00000 0.02985 0.05970 0.04478 0.01493 0.11940 0.10448 0.07463 0.01493 0.04478 0.04478 0.05970 0.07463 0.01493 0.00000 0.05970
GNM15005                       0.10448 0.02985 0.02985 0.07463 0.00000 0.01493 0.05970 0.04478 0.01493 0.10448 0.10448 0.08955 0.01493 0.04478 0.02985 0.07463 0.08955 0.01493 0.00000 0.05970
GNM14976                       0.10448 0.01493 0.02985 0.07463 0.00000 0.02985 0.05970 0.04478 0.01493 0.11940 0.11940 0.08955 0.01493 0.02985 0.04478 0.05970 0.07463 0.01493 0.00000 0.05970
GNM15017                       0.09091 0.03030 0.03030 0.07576 0.01515 0.01515 0.04545 0.04545 0.03030 0.12121 0.10606 0.10606 0.01515 0.01515 0.04545 0.10606 0.04545 0.01515 0.01515 0.03030
GNM14999                       0.05970 0.04478 0.02985 0.07463 0.01493 0.01493 0.04478 0.04478 0.01493 0.13433 0.10448 0.07463 0.01493 0.01493 0.04478 0.07463 0.08955 0.02985 0.01493 0.05970
GNM15024                       0.05970 0.01493 0.04478 0.05970 0.01493 0.02985 0.08955 0.04478 0.02985 0.11940 0.10448 0.10448 0.02985 0.04478 0.02985 0.05970 0.04478 0.01493 0.01493 0.04478
GNM14980                       0.05970 0.01493 0.04478 0.05970 0.01493 0.02985 0.08955 0.04478 0.02985 0.11940 0.10448 0.10448 0.02985 0.04478 0.02985 0.05970 0.04478 0.01493 0.01493 0.04478
GNM15019                       0.04478 0.01493 0.04478 0.02985 0.01493 0.02985 0.10448 0.02985 0.02985 0.13433 0.08955 0.10448 0.02985 0.04478 0.02985 0.10448 0.04478 0.01493 0.01493 0.04478
GNM15003                       0.10448 0.01493 0.02985 0.07463 0.00000 0.01493 0.07463 0.04478 0.01493 0.11940 0.11940 0.08955 0.01493 0.02985 0.04478 0.04478 0.08955 0.01493 0.00000 0.05970
GNM11003                       0.08955 0.01493 0.07463 0.01493 0.00000 0.01493 0.11940 0.05970 0.02985 0.10448 0.10448 0.08955 0.02985 0.00000 0.04478 0.04478 0.02985 0.00000 0.07463 0.05970
GNM11023                       0.05970 0.07463 0.01493 0.07463 0.00000 0.01493 0.08955 0.04478 0.02985 0.07463 0.10448 0.07463 0.01493 0.01493 0.02985 0.02985 0.02985 0.00000 0.10448 0.11940
GNM11055                       0.07463 0.02985 0.05970 0.04478 0.01493 0.02985 0.11940 0.04478 0.04478 0.10448 0.13433 0.05970 0.00000 0.00000 0.05970 0.01493 0.04478 0.00000 0.05970 0.05970
GNM11146                       0.02985 0.04478 0.04478 0.10448 0.00000 0.01493 0.10448 0.04478 0.01493 0.05970 0.16418 0.05970 0.02985 0.02985 0.05970 0.01493 0.07463 0.00000 0.02985 0.07463
GNM11219                       0.13433 0.02985 0.01493 0.04478 0.00000 0.02985 0.11940 0.07463 0.02985 0.02985 0.16418 0.05970 0.02985 0.04478 0.04478 0.04478 0.02985 0.00000 0.02985 0.04478
GNM11220                       0.04478 0.05970 0.04478 0.07463 0.00000 0.01493 0.08955 0.08955 0.01493 0.01493 0.13433 0.04478 0.00000 0.07463 0.04478 0.01493 0.07463 0.00000 0.02985 0.13433
GNM11224                       0.05970 0.07463 0.02985 0.04478 0.01493 0.00000 0.14925 0.07463 0.02985 0.07463 0.14925 0.04478 0.00000 0.01493 0.04478 0.01493 0.10448 0.00000 0.02985 0.04478
GNM11225                       0.05970 0.02985 0.02985 0.05970 0.01493 0.01493 0.14925 0.05970 0.02985 0.08955 0.11940 0.05970 0.01493 0.05970 0.04478 0.04478 0.04478 0.00000 0.01493 0.05970
GNM11358                       0.07463 0.00000 0.05970 0.05970 0.00000 0.02985 0.07463 0.04478 0.04478 0.10448 0.13433 0.10448 0.02985 0.02985 0.02985 0.04478 0.02985 0.00000 0.04478 0.05970
GNM11360                       0.05970 0.00000 0.07463 0.05970 0.01493 0.04478 0.07463 0.02985 0.02985 0.13433 0.08955 0.11940 0.04478 0.04478 0.02985 0.04478 0.04478 0.01493 0.01493 0.02985
GNM11362                       0.08955 0.04478 0.02985 0.04478 0.00000 0.02985 0.11940 0.02985 0.01493 0.05970 0.05970 0.08955 0.02985 0.02985 0.02985 0.07463 0.00000 0.00000 0.05970 0.16418
GNM11367                       0.11940 0.01493 0.05970 0.07463 0.00000 0.04478 0.04478 0.02985 0.02985 0.16418 0.08955 0.10448 0.01493 0.01493 0.02985 0.04478 0.04478 0.01493 0.01493 0.04478
GNM11377                       0.10448 0.02985 0.00000 0.08955 0.00000 0.04478 0.08955 0.02985 0.02985 0.05970 0.10448 0.08955 0.02985 0.02985 0.02985 0.05970 0.01493 0.00000 0.02985 0.13433
GNM11380                       0.07463 0.02985 0.02985 0.04478 0.00000 0.02985 0.08955 0.01493 0.01493 0.07463 0.08955 0.13433 0.04478 0.01493 0.04478 0.04478 0.08955 0.00000 0.04478 0.08955
GNM11383                       0.07463 0.05970 0.02985 0.04478 0.00000 0.05970 0.08955 0.02985 0.02985 0.11940 0.10448 0.07463 0.01493 0.01493 0.02985 0.10448 0.02985 0.00000 0.02985 0.05970
GNM11491                       0.07463 0.02985 0.01493 0.05970 0.00000 0.02985 0.07463 0.05970 0.02985 0.11940 0.10448 0.07463 0.01493 0.04478 0.01493 0.10448 0.04478 0.01493 0.01493 0.07463
GNM11804                       0.04478 0.02985 0.04478 0.07463 0.00000 0.04478 0.10448 0.02985 0.05970 0.11940 0.11940 0.10448 0.00000 0.00000 0.05970 0.01493 0.02985 0.00000 0.04478 0.07463
GNM11805                       0.05970 0.04478 0.05970 0.08955 0.00000 0.01493 0.08955 0.00000 0.02985 0.10448 0.07463 0.11940 0.02985 0.00000 0.05970 0.04478 0.01493 0.00000 0.07463 0.08955
GNM12886                       0.07463 0.02985 0.01493 0.07463 0.01493 0.07463 0.10448 0.00000 0.02985 0.08955 0.08955 0.07463 0.04478 0.01493 0.02985 0.07463 0.02985 0.00000 0.04478 0.08955
GNM12892                       0.05970 0.01493 0.04478 0.05970 0.01493 0.04478 0.08955 0.01493 0.02985 0.07463 0.13433 0.08955 0.04478 0.02985 0.01493 0.07463 0.01493 0.00000 0.02985 0.11940
GNM12895                       0.07463 0.02985 0.05970 0.04478 0.01493 0.02985 0.11940 0.01493 0.05970 0.10448 0.13433 0.10448 0.02985 0.01493 0.01493 0.02985 0.04478 0.00000 0.01493 0.05970
GNM13060                       0.02985 0.04478 0.04478 0.08955 0.00000 0.02985 0.07463 0.02985 0.01493 0.10448 0.13433 0.16418 0.01493 0.04478 0.01493 0.04478 0.04478 0.00000 0.01493 0.05970
GNM13061                       0.05970 0.02985 0.02985 0.10448 0.00000 0.01493 0.05970 0.05970 0.01493 0.13433 0.13433 0.10448 0.00000 0.01493 0.02985 0.07463 0.04478 0.00000 0.02985 0.05970
GNM13062                       0.07463 0.02985 0.01493 0.02985 0.00000 0.02985 0.13433 0.04478 0.04478 0.02985 0.13433 0.08955 0.01493 0.02985 0.05970 0.05970 0.05970 0.00000 0.01493 0.10448
GNM13066                       0.08955 0.01493 0.10448 0.04478 0.00000 0.04478 0.10448 0.02985 0.01493 0.08955 0.07463 0.07463 0.01493 0.05970 0.02985 0.04478 0.05970 0.00000 0.01493 0.08955
GNM11032                       0.11940 0.08955 0.01493 0.04478 0.00000 0.01493 0.11940 0.05970 0.01493 0.02985 0.16418 0.05970 0.00000 0.02985 0.01493 0.08955 0.04478 0.00000 0.01493 0.07463
GNM11363                       0.08955 0.04478 0.02985 0.04478 0.00000 0.02985 0.11940 0.02985 0.01493 0.05970 0.05970 0.08955 0.02985 0.02985 0.02985 0.07463 0.00000 0.00000 0.05970 0.16418
GNM11375                       0.05970 0.01493 0.04478 0.04478 0.01493 0.02985 0.08955 0.05970 0.02985 0.14925 0.08955 0.10448 0.02985 0.04478 0.02985 0.05970 0.04478 0.01493 0.01493 0.02985
GNM11381                       0.07463 0.04478 0.02985 0.02985 0.00000 0.04478 0.10448 0.04478 0.02985 0.08955 0.13433 0.08955 0.02985 0.01493 0.02985 0.08955 0.04478 0.00000 0.02985 0.04478
GNM11382                       0.07463 0.02985 0.02985 0.05970 0.00000 0.05970 0.05970 0.05970 0.04478 0.10448 0.10448 0.08955 0.02985 0.02985 0.02985 0.04478 0.02985 0.01493 0.02985 0.07463
GNM11841                       0.13433 0.00000 0.04478 0.11940 0.00000 0.01493 0.11940 0.05970 0.01493 0.05970 0.07463 0.04478 0.01493 0.04478 0.02985 0.00000 0.13433 0.00000 0.01493 0.07463
GNM11931                       0.11940 0.00000 0.04478 0.08955 0.00000 0.05970 0.05970 0.05970 0.02985 0.01493 0.10448 0.04478 0.02985 0.04478 0.04478 0.04478 0.13433 0.00000 0.01493 0.05970
GNM12040                       0.11940 0.01493 0.02985 0.11940 0.00000 0.07463 0.05970 0.05970 0.01493 0.02985 0.07463 0.01493 0.01493 0.04478 0.04478 0.04478 0.11940 0.00000 0.01493 0.10448
GNM12071                       0.11940 0.02985 0.02985 0.11940 0.00000 0.01493 0.10448 0.05970 0.01493 0.02985 0.10448 0.02985 0.02985 0.01493 0.04478 0.02985 0.10448 0.00000 0.01493 0.10448
GNM12125                       0.07463 0.01493 0.02985 0.08955 0.00000 0.01493 0.08955 0.02985 0.01493 0.13433 0.10448 0.07463 0.00000 0.02985 0.05970 0.05970 0.04478 0.00000 0.04478 0.08955
GNM12126                       0.04545 0.04545 0.06061 0.04545 0.00000 0.03030 0.09091 0.03030 0.03030 0.09091 0.15152 0.04545 0.01515 0.01515 0.04545 0.03030 0.09091 0.01515 0.04545 0.07576
GNM12128                       0.07353 0.00000 0.02941 0.07353 0.00000 0.02941 0.07353 0.00000 0.02941 0.13235 0.13235 0.08824 0.02941 0.01471 0.07353 0.07353 0.04412 0.00000 0.05882 0.04412
GNM12182                       0.05970 0.05970 0.02985 0.07463 0.00000 0.01493 0.08955 0.07463 0.02985 0.08955 0.16418 0.05970 0.00000 0.01493 0.04478 0.04478 0.04478 0.00000 0.02985 0.07463
GNM12342                       0.01493 0.01493 0.04478 0.10448 0.01493 0.00000 0.08955 0.02985 0.02985 0.11940 0.19403 0.08955 0.02985 0.00000 0.05970 0.05970 0.05970 0.00000 0.01493 0.02985
GNM12346                       0.10448 0.01493 0.01493 0.13433 0.02985 0.00000 0.05970 0.02985 0.01493 0.07463 0.08955 0.11940 0.02985 0.04478 0.04478 0.04478 0.04478 0.00000 0.02985 0.07463
GNM12351                       0.07463 0.01493 0.01493 0.05970 0.01493 0.00000 0.11940 0.01493 0.04478 0.08955 0.10448 0.07463 0.02985 0.04478 0.02985 0.04478 0.08955 0.00000 0.01493 0.11940
GNM12356                       0.06061 0.00000 0.09091 0.09091 0.01515 0.00000 0.07576 0.00000 0.04545 0.07576 0.18182 0.10606 0.04545 0.00000 0.03030 0.06061 0.03030 0.00000 0.01515 0.07576
GNM12357                       0.04478 0.00000 0.05970 0.08955 0.01493 0.00000 0.07463 0.02985 0.02985 0.05970 0.17910 0.13433 0.01493 0.00000 0.02985 0.07463 0.04478 0.00000 0.01493 0.10448
GNM12366                       0.06061 0.01515 0.06061 0.06061 0.03030 0.00000 0.09091 0.03030 0.03030 0.04545 0.19697 0.09091 0.00000 0.00000 0.03030 0.10606 0.03030 0.00000 0.01515 0.10606
GNM12373                       0.08955 0.02985 0.01493 0.08955 0.02985 0.02985 0.10448 0.02985 0.02985 0.07463 0.10448 0.04478 0.04478 0.02985 0.04478 0.02985 0.04478 0.00000 0.02985 0.10448
GNM12385                       0.11940 0.05970 0.01493 0.07463 0.00000 0.05970 0.07463 0.05970 0.00000 0.05970 0.10448 0.02985 0.01493 0.04478 0.05970 0.02985 0.08955 0.00000 0.02985 0.07463
GNM12551                       0.10606 0.10606 0.03030 0.04545 0.01515 0.01515 0.16667 0.03030 0.03030 0.09091 0.13636 0.03030 0.01515 0.01515 0.06061 0.00000 0.03030 0.01515 0.01515 0.04545
GNM12554                       0.04478 0.01493 0.05970 0.08955 0.02985 0.02985 0.07463 0.02985 0.01493 0.07463 0.11940 0.08955 0.01493 0.04478 0.04478 0.04478 0.08955 0.00000 0.01493 0.07463
GNM12592                       0.07463 0.11940 0.02985 0.11940 0.01493 0.00000 0.10448 0.01493 0.01493 0.05970 0.14925 0.02985 0.00000 0.05970 0.04478 0.02985 0.04478 0.00000 0.02985 0.05970
GNM12596                       0.07463 0.02985 0.01493 0.11940 0.01493 0.01493 0.07463 0.01493 0.02985 0.11940 0.14925 0.07463 0.01493 0.04478 0.02985 0.02985 0.05970 0.00000 0.02985 0.05970
GNM12602                       0.04478 0.01493 0.02985 0.11940 0.01493 0.04478 0.05970 0.01493 0.01493 0.11940 0.11940 0.08955 0.01493 0.04478 0.02985 0.05970 0.05970 0.00000 0.04478 0.05970
GNM12665                       0.02985 0.02985 0.01493 0.13433 0.01493 0.00000 0.05970 0.01493 0.01493 0.08955 0.14925 0.07463 0.01493 0.04478 0.02985 0.04478 0.05970 0.00000 0.04478 0.13433
GNM12745                       0.10448 0.05970 0.04478 0.07463 0.01493 0.01493 0.10448 0.02985 0.02985 0.07463 0.07463 0.07463 0.02985 0.02985 0.04478 0.07463 0.05970 0.00000 0.02985 0.02985
GNM12749                       0.05970 0.02985 0.02985 0.07463 0.02985 0.04478 0.05970 0.04478 0.02985 0.02985 0.13433 0.02985 0.01493 0.04478 0.05970 0.05970 0.10448 0.00000 0.01493 0.10448
GNM12758                       0.10448 0.08955 0.01493 0.05970 0.02985 0.01493 0.10448 0.04478 0.02985 0.07463 0.10448 0.07463 0.01493 0.02985 0.04478 0.05970 0.04478 0.00000 0.02985 0.02985
GNM12763                       0.05970 0.04478 0.08955 0.04478 0.01493 0.01493 0.08955 0.04478 0.02985 0.05970 0.13433 0.16418 0.00000 0.04478 0.04478 0.01493 0.02985 0.00000 0.02985 0.04478
GNM12766                       0.04478 0.00000 0.08955 0.08955 0.02985 0.01493 0.07463 0.01493 0.02985 0.05970 0.20896 0.11940 0.02985 0.00000 0.02985 0.05970 0.01493 0.00000 0.01493 0.07463
GNM12841                       0.10448 0.02985 0.02985 0.11940 0.00000 0.02985 0.11940 0.05970 0.01493 0.04478 0.08955 0.04478 0.01493 0.04478 0.04478 0.01493 0.10448 0.00000 0.01493 0.07463
GNM12849                       0.10000 0.03333 0.10000 0.03333 0.00000 0.06667 0.06667 0.00000 0.00000 0.10000 0.06667 0.16667 0.06667 0.06667 0.03333 0.06667 0.03333 0.00000 0.00000 0.00000
GNM12869                       0.05970 0.01493 0.04478 0.05970 0.01493 0.02985 0.08955 0.04478 0.02985 0.13433 0.10448 0.10448 0.02985 0.04478 0.02985 0.05970 0.04478 0.01493 0.01493 0.02985
GNM12896                       0.07463 0.04478 0.02985 0.02985 0.00000 0.02985 0.08955 0.01493 0.01493 0.08955 0.10448 0.10448 0.02985 0.01493 0.04478 0.05970 0.08955 0.00000 0.04478 0.08955
GNM12897                       0.08955 0.02985 0.02985 0.02985 0.00000 0.02985 0.10448 0.01493 0.01493 0.07463 0.08955 0.13433 0.04478 0.01493 0.04478 0.04478 0.07463 0.00000 0.04478 0.08955
GNM12902                       0.01493 0.07463 0.07463 0.11940 0.00000 0.02985 0.04478 0.00000 0.04478 0.14925 0.07463 0.08955 0.01493 0.00000 0.05970 0.07463 0.01493 0.00000 0.05970 0.05970
GNM12903                       0.07463 0.02985 0.05970 0.07463 0.00000 0.02985 0.11940 0.02985 0.01493 0.02985 0.13433 0.05970 0.00000 0.05970 0.05970 0.04478 0.02985 0.00000 0.05970 0.08955
GNM12906                       0.05970 0.02985 0.02985 0.08955 0.00000 0.02985 0.10448 0.04478 0.02985 0.01493 0.13433 0.05970 0.00000 0.05970 0.05970 0.05970 0.02985 0.00000 0.04478 0.11940
GNM12907                       0.05970 0.05970 0.02985 0.08955 0.00000 0.01493 0.11940 0.02985 0.01493 0.01493 0.11940 0.07463 0.00000 0.05970 0.05970 0.02985 0.04478 0.00000 0.04478 0.13433
GNM12909                       0.02985 0.04478 0.05970 0.07463 0.00000 0.02985 0.11940 0.01493 0.01493 0.04478 0.08955 0.04478 0.00000 0.05970 0.05970 0.05970 0.02985 0.00000 0.05970 0.16418
GNM12915                       0.10448 0.07463 0.02985 0.05970 0.00000 0.00000 0.13433 0.01493 0.04478 0.04478 0.08955 0.08955 0.00000 0.05970 0.05970 0.00000 0.08955 0.01493 0.01493 0.07463
GNM10046                       0.10448 0.07463 0.02985 0.02985 0.00000 0.00000 0.17910 0.01493 0.04478 0.04478 0.08955 0.07463 0.00000 0.05970 0.05970 0.00000 0.08955 0.01493 0.01493 0.07463
GNM12931                       0.04478 0.05970 0.07463 0.02985 0.00000 0.00000 0.13433 0.02985 0.02985 0.14925 0.10448 0.08955 0.01493 0.02985 0.04478 0.02985 0.02985 0.00000 0.02985 0.07463
GNM12938                       0.10448 0.01493 0.04478 0.04478 0.00000 0.00000 0.08955 0.05970 0.02985 0.11940 0.14925 0.07463 0.01493 0.02985 0.04478 0.04478 0.05970 0.00000 0.02985 0.04478
GNM12996                       0.08955 0.02985 0.01493 0.07463 0.00000 0.01493 0.05970 0.05970 0.04478 0.13433 0.10448 0.07463 0.01493 0.01493 0.04478 0.05970 0.05970 0.00000 0.04478 0.05970
GNM13018                       0.05970 0.04478 0.02985 0.07463 0.00000 0.01493 0.05970 0.07463 0.04478 0.14925 0.10448 0.05970 0.01493 0.01493 0.04478 0.05970 0.07463 0.00000 0.04478 0.02985
GNM13027                       0.05970 0.00000 0.02985 0.05970 0.00000 0.00000 0.11940 0.05970 0.02985 0.08955 0.11940 0.11940 0.01493 0.02985 0.05970 0.05970 0.04478 0.00000 0.02985 0.07463
GNM13046                       0.05970 0.01493 0.08955 0.04478 0.01493 0.02985 0.07463 0.02985 0.02985 0.11940 0.11940 0.11940 0.01493 0.02985 0.02985 0.05970 0.04478 0.01493 0.01493 0.04478
GNM13053                       0.16418 0.01493 0.00000 0.04478 0.00000 0.02985 0.07463 0.04478 0.04478 0.11940 0.10448 0.14925 0.00000 0.02985 0.05970 0.04478 0.02985 0.00000 0.01493 0.02985
GNM13074                       0.10448 0.04478 0.04478 0.04478 0.00000 0.01493 0.13433 0.02985 0.05970 0.04478 0.08955 0.08955 0.00000 0.05970 0.04478 0.00000 0.07463 0.01493 0.01493 0.08955
GNM10010                       0.13433 0.07463 0.01493 0.07463 0.00000 0.01493 0.11940 0.01493 0.05970 0.04478 0.08955 0.07463 0.00000 0.05970 0.04478 0.02985 0.04478 0.01493 0.01493 0.07463
GNM10014                       0.10448 0.05970 0.02985 0.04478 0.00000 0.01493 0.16418 0.02985 0.05970 0.04478 0.08955 0.05970 0.00000 0.05970 0.04478 0.00000 0.10448 0.01493 0.01493 0.05970
GNM13090                       0.10448 0.05970 0.04478 0.04478 0.00000 0.02985 0.14925 0.02985 0.05970 0.02985 0.08955 0.04478 0.00000 0.05970 0.04478 0.00000 0.07463 0.01493 0.01493 0.10448
GNM13118                       0.10606 0.09091 0.04545 0.04545 0.00000 0.01515 0.10606 0.03030 0.04545 0.04545 0.16667 0.04545 0.00000 0.00000 0.04545 0.03030 0.04545 0.00000 0.01515 0.12121
GNM13126                       0.04478 0.07463 0.04478 0.08955 0.00000 0.05970 0.05970 0.01493 0.01493 0.07463 0.10448 0.10448 0.01493 0.01493 0.04478 0.02985 0.04478 0.00000 0.07463 0.08955
GNM13128                       0.05970 0.05970 0.04478 0.07463 0.00000 0.05970 0.05970 0.01493 0.01493 0.11940 0.10448 0.11940 0.01493 0.00000 0.04478 0.02985 0.02985 0.00000 0.07463 0.07463
GNM13208                       0.05970 0.05970 0.02985 0.08955 0.00000 0.01493 0.10448 0.02985 0.01493 0.02985 0.13433 0.04478 0.00000 0.04478 0.05970 0.04478 0.08955 0.00000 0.04478 0.10448
GNM13210                       0.04478 0.05970 0.01493 0.04478 0.00000 0.01493 0.11940 0.07463 0.04478 0.07463 0.10448 0.07463 0.01493 0.02985 0.04478 0.04478 0.02985 0.00000 0.02985 0.13433
GNM12773                       0.08955 0.01493 0.11940 0.02985 0.01493 0.01493 0.07463 0.04478 0.02985 0.02985 0.16418 0.13433 0.01493 0.04478 0.04478 0.00000 0.02985 0.00000 0.02985 0.07463
GNM12769                       0.04478 0.04478 0.05970 0.07463 0.00000 0.02985 0.07463 0.04478 0.04478 0.05970 0.14925 0.10448 0.01493 0.05970 0.04478 0.01493 0.05970 0.00000 0.02985 0.04478
GNM12768                       0.07463 0.07463 0.05970 0.08955 0.01493 0.04478 0.04478 0.07463 0.04478 0.02985 0.14925 0.02985 0.00000 0.05970 0.04478 0.02985 0.05970 0.00000 0.04478 0.02985

Homogeneity statistic: X2 = 32.48183 G = 34.61430 

Average                        0.07418 0.03520 0.03974 0.06552 0.00606 0.02772 0.09411 0.03877 0.02827 0.08685 0.11566 0.08534 0.01917 0.03184 0.04061 0.05090 0.05198 0.00412 0.02740 0.07656
(Ambiguity characters are used to calculate freqs.)


# constant sites:      0 (0.00%)

TREE #  1:  ((((((((42, 136), 121), (53, 86)), 87), 88), (((123, 124), (89, 52)), (122, 125))), ((((((116, 115), 118), 117), 135), (55, 41)), 132)), ((((((((((((((((((43, 44), 21), 45), 51), 47), 46), ((63, 20), (23, 22))), ((((((48, 49), 111), (18, 6)), (((50, (24, 36)), (7, 5)), (79, 19))), ((10, 61), 110)), 67)), 126), (((80, 66), 17), 81)), (((112, 65), 113), 37)), ((((70, 4), (64, 13)), (27, 71)), (14, 60))), (72, 38)), (78, 62)), ((((76, 40), 39), (15, 127)), ((34, 75), 12))), ((((1, 73), 74), 8), 35)), ((((32, 33), (2, 30)), (3, 28)), ((11, 31), (29, 77)))), ((((((26, 25), 137), (58, 59)), 56), (138, 139)), (16, 57))), (((((((((((103, 101), 102), 92), 100), 91), (((99, 97), 105), 96)), ((((84, 9), 85), (82, 109)), 83)), (54, 68)), ((134, 133), (69, 114))), ((((((95, 94), 93), 108), 90), ((104, 106), 107)), 98)), ((((129, 130), 131), 128), (119, 120))));   MP score: -1
lnL(ntime:275  np:276): -11040.003384      +0.000000
 140..141 141..142 142..143 143..144 144..145 145..146 146..147 147..42  147..136 146..121 145..148 148..53  148..86  144..87  143..88  142..149 149..150 150..151 151..123 151..124 150..152 152..89  152..52  149..153 153..122 153..125 141..154 154..155 155..156 156..157 157..158 158..159 159..116 159..115 158..118 157..117 156..135 155..160 160..55  160..41  154..132 140..161 161..162 162..163 163..164 164..165 165..166 166..167 167..168 168..169 169..170 170..171 171..172 172..173 173..174 174..175 175..176 176..177 177..178 178..43  178..44  177..21  176..45  175..51  174..47  173..46  172..179 179..180 180..63  180..20  179..181 181..23  181..22  171..182 182..183 183..184 184..185 185..186 186..187 187..48  187..49  186..111 185..188 188..18  188..6   184..189 189..190 190..191 191..50  191..192 192..24  192..36  190..193 193..7   193..5   189..194 194..79  194..19  183..195 195..196 196..10  196..61  195..110 182..67  170..126 169..197 197..198 198..199 199..80  199..66  198..17  197..81  168..200 200..201 201..202 202..112 202..65  201..113 200..37  167..203 203..204 204..205 205..206 206..70  206..4   205..207 207..64  207..13  204..208 208..27  208..71  203..209 209..14  209..60  166..210 210..72  210..38  165..211 211..78  211..62  164..212 212..213 213..214 214..215 215..76  215..40  214..39  213..216 216..15  216..127 212..217 217..218 218..34  218..75  217..12  163..219 219..220 220..221 221..222 222..1   222..73  221..74  220..8   219..35  162..223 223..224 224..225 225..226 226..32  226..33  225..227 227..2   227..30  224..228 228..3   228..28  223..229 229..230 230..11  230..31  229..231 231..29  231..77  161..232 232..233 233..234 234..235 235..236 236..237 237..26  237..25  236..137 235..238 238..58  238..59  234..56  233..239 239..138 239..139 232..240 240..16  240..57  140..241 241..242 242..243 243..244 244..245 245..246 246..247 247..248 248..249 249..250 250..251 251..103 251..101 250..102 249..92  248..100 247..91  246..252 252..253 253..254 254..99  254..97  253..105 252..96  245..255 255..256 256..257 257..258 258..84  258..9   257..85  256..259 259..82  259..109 255..83  244..260 260..54  260..68  243..261 261..262 262..134 262..133 261..263 263..69  263..114 242..264 264..265 265..266 266..267 267..268 268..269 269..95  269..94  268..93  267..108 266..90  265..270 270..271 271..104 271..106 270..107 264..98  241..272 272..273 273..274 274..275 275..129 275..130 274..131 273..128 272..276 276..119 276..120
 0.121343 0.352547 0.216156 0.000000 0.000000 0.513453 0.188186 0.372074 0.171085 0.187132 0.000000 1.743159 0.353410 0.605101 0.469823 0.371706 0.085528 0.286211 0.006228 0.077123 0.000000 0.445360 0.255071 0.176994 0.148928 0.106793 0.203552 0.433035 0.191248 0.065395 0.095096 0.013153 0.063837 0.045172 0.091219 0.000000 0.183612 0.032440 0.555894 0.155089 0.543109 0.000000 0.157434 0.228398 0.061082 0.255666 0.085314 0.079989 0.208001 0.109216 0.145299 0.031047 0.147387 0.103200 0.212380 0.240822 0.000000 0.025747 0.000000 0.000000 0.052641 0.025689 0.000000 0.025834 0.199031 0.144406 0.208199 0.076432 0.000000 0.000000 0.000000 0.077023 0.063996 0.000000 0.174853 0.025554 0.014723 0.000000 0.012664 0.000000 0.000000 0.000000 0.000000 0.000000 0.000000 0.024321 0.000000 0.065176 0.025113 0.064050 0.012486 0.000000 0.000000 0.000000 0.000000 0.012628 0.000000 0.000000 0.013015 0.049993 0.000000 0.000000 0.000000 0.394802 0.076562 0.120942 0.000000 0.097127 0.090297 0.061225 0.099648 0.113511 0.209961 0.025110 0.000000 0.084122 0.000000 0.025053 0.000000 0.000000 0.159516 0.067848 0.086143 0.078025 0.034053 0.180294 0.004675 0.021106 0.294510 0.014827 0.009617 0.427581 0.172474 0.052464 0.401221 0.000000 0.000000 0.665585 0.000000 0.000000 0.188309 0.145659 0.329557 0.196866 0.304357 0.149121 0.279478 0.195784 0.280053 0.335358 0.454356 0.002214 0.097910 0.000000 0.093175 0.085478 0.016136 0.808363 0.097771 0.163466 0.000000 0.357474 0.502373 1.049505 0.302704 0.251068 0.227154 0.342543 0.012584 0.000000 0.077993 0.242458 0.201879 0.641474 0.024699 0.114690 0.508408 0.434734 0.112913 0.049437 0.093313 0.345159 0.134650 0.000000 0.218950 0.000000 0.049602 0.005225 0.168246 0.252120 0.161394 0.535109 0.068934 0.223229 0.271808 0.678305 0.140176 0.384562 0.630593 0.217035 0.510332 0.713819 0.040163 0.098672 0.028500 0.052156 0.246963 0.044374 0.049609 0.101935 0.184384 0.203667 0.061533 0.081608 0.064850 0.094626 0.278514 0.434230 0.317868 0.522244 0.131434 0.000000 0.144643 0.720383 0.367262 0.307370 0.592981 0.000000 0.000000 0.130286 0.148520 0.111696 0.295995 0.015441 0.171275 0.183156 0.339405 0.177634 0.250898 0.263366 0.919508 0.000000 0.050833 0.062159 0.174662 0.116778 0.231799 0.124221 0.000000 0.436016 0.057867 0.230522 0.148645 0.121507 0.127644 0.163414 0.128777 0.212172 0.382621 0.093159 0.638559 0.353501 0.214070 0.732493 0.652773 0.000000 0.011547 0.042216 0.201097 0.000000 0.067096 0.039800 0.116719 0.016091 0.053318 2.586306
