
Printing out site pattern counts


       144        135  P

GNM13746                        ---AAAAAAA AAAAADDDDD EEEEEEEEFF FFFGGGGGGG GHIIIIIIII IIIKKKKKKK KKKKKKKKKK KKKKKLLLLL LLLLLMNNNN NPPQQQRRRR RRSSSSSSSS TTTTVVVVVV VVVVVVVWWY YYYYY
GNM13538                        --DAAAAACL LPQSVDDDEN EEEEEQRSAF FGVGGGGGGG GEAEIIIIIL TVVAAEGIIK KKKKKKKKKR RRRSVAILLL LLLRVVDNNS SAPEHSGKRR RRAASSSSST STVVAAIIIK LLLRTVVWYH ILYYY
GNM13671                        ---AAAVVSL LSKAADDSDG DEEKSHLTAL RGAGGGGGGG GQVKIIIIVV KIIEKEGKKE FKKKKKRVVK LRRKKVVAFL LLYRIIETYN NPPEHTTLER RREKNSSSSI FTITQVIKLK FLVRTLVWTV LVDYY
GNM13876                        ---AAAVVAL LKEAADDSDD EDEKEVRKAL RGVGGGGGGG GQVEIIIVIV VIIRKEGERE KEKKKKRKYR LRRHRVVALL LLYRLIDGRS SPPQHTLKPR RRRKSGSSSI YTLTSVIKLL AVIRTLVWVV VVDYY
GNM13680                        ---AAAAAC- V-EGA-DSDD EEENEEEQGL K-CAGGGGGG GQLIIILTVV SIIS-K-RKS KKKKKN---Q --RTVM-MML LLQ-VVEHND NPP-HSLKP- --EKAS-SSV A-VVAAV-IL IKMRTMVWAT LLY-Y
GNM14249                        ---AAAAVAM MQGAANDDDS EESDEYLEGF NEAGGGGGGG GQLKILITIA TMTSTK-RKE KTEKKKKKKE GRRNILLAYL LLKRLVDHNN NPPEHSRKPL RRKQSTG-ST ATIVTAIMIL VTVRTIAWQT VLYYY
GNM13928                        ---AAAAVAM MQGAANDDDS EDSDAYLEGF NEAGGGGGGG GQLKILITIA TITSTK-RKE KTEKKKRKKE GRRNILLAYL LLKRVVEHNN SPPEHSRKPL RRKKSTG-ST ATIVKAIMVL VTVRTIAWQT VLYYY
GNM13297                        --DAAAAACL LPQSVDDDEN EEEEEQRSAF FGVGGGGGGG GEAEIIIIIL TVVAAEGIIK KKKKKKKKKR RRRSVAILLL LLLRVVDNNS SAPEHSGKRR RRAASSSSST STVVAAIIIK LLLRTVVWYH ILYYY
GNM14865                        ---AASAAAL VPAAADDNDD AWDKDDDVAL RVVGGGGGGG GQVENILTVV VVVGREGAEE KNEELGHQRK LRKRVQLAYL LLYRLADTHN NAPEHATRPR RREAPSSNSI FTITAALKHL ALIRTLHWRV LLDYY
GNM13455                        ---AAAAVAL MQGAANDDDS EETDPYIDGF NEAGGGGGGG GQLKILITVA TITSTK-TKI KAKKKKRKKE GRRKILLAYL LLKRLVDHNN SPPEHSRKPL RRKNSTG-ST ATVVTAISII VTVRTIAWQT VLYYY
GNM14938                        ---AAAVVAL VKAAADDSDD EE-EEVAEAF RGAGGGGGGG GQVRII-SIY I-V-KTGKRR K-RK-KRAVR LRRRRIVAYL LLYRLVATYN NPPEVTTLPR RR-KGTSASI FTITALLKVV AMIRTLAWIV TADYY
GNM14483                        ---AAAASCA VRAAADDGES EEEEEELKGF RGLGGGGGGG GQVTLIIVVV AMVARKGRHA RAKKKKRSVR RRRIVVIAML LLLRVVEHNN SPPETSLKPR RRKNSSSGSN GTVVAAFTVL VLVRLLVWSV TLYYY
GNM14872                        -T-ATAAACV V-ESANDSDD EAEKEEVQGL KDCGGGGGGG GQLLIIITVT SVVFAN-HKN KKKKRNRKKQ AKRSVAILLL LLHRVVEHND SPPLHSTKPI RRENSTGTSI ATAVAAIVIL IKIRTAIWAT LLYYY
GNM13855                        ---MAAACCV V-SAANDSAT EDESEEGSGL NNCGGGGGGG KQILVLITII SIIKAD-KKN KQKKKNRKKQ KKKSVLLLLI LLYRIIDGNN NPSNHHLKPI RREKSSSSST ATSVSTLILG IKIRVVLWHT LLYYF
GNM14445                        ---AAAAVAV IPNACDDDDS KKEQIEYEGM RGIGGGGGGG GQLRIIILII SIIKTKGRNE LKKKKTRKKK KRRNILLALT LLLRLPEHNS SPPEHSGKPR RREMSTSSII STIVSAFMLS VLIRTIAWSS LIYYY
GNM14404                        R--SAAFVAL CKKAADDGDS GEDKEEVEAF RGVG-GGGGG GQIHIIIGVV ITIKKEGRKD YATKYIRRLR RKRRLLIALV LLYRMVSYYN NPPLHSCRPM RREASSSFSV STLTAALLIL A-IRSFHWLT ILDYY
GNM14545                        R--SAAFVAL CKKAADDGDS GEDKEEVEAF RGVG-GGGGG GQIHIIIGVV ITIKKEGRKD YATKYIRRLR RKRRLLIALV LLYRMVSYYN NPPLHSCRPM RREASSSFSV STLTAALLIL A-IRSFHWLT ILDYY
GNM14366                        ---AAAAVAM MQSAVNDDDN EDADKFIEGL QEAGGGGGGG GQHKILITIA AITSLK-RKE KSSRKKKKKE KRRNILLAYY LLKRLVAHNN NPPEHSRKPL RRKKSSS-SS ATIVKAIMIL ITVRTVAWLT VLYYY
GNM14252                        ---AAAAVAM MQGAANDDDS EESDEYLEGF NEAGGGGGGG GQLKILITIA TMTSTK-RKE KTEKKKKKKE GRRNILLAYL LLKRLVDHNN SPPEHSRKPL RRKQSTG-ST ATIVTAIMVL VTVRTIAWQT VLYYY
GNM13760                        ---AAAAVAM MQGAANDNDP EESDEYLEGF NEAGGGGGGG GQLKILITIA TMTSTK-RKQ KTEKKKKKKE GRRNILLAYL LLKRVVDHNN SPPEHSRKPL RRKKSTG-ST ATVVTAIMVL VTVRTIVWQT VLYYY
GNM13982                        ---AAAAVSM MDSAANDDDA EDSDEFLEGF NEAGGGGGGG GQVKILITIV SVTSIT-RKK KKKKKKRKKE KQRNVLLAYM LLDRVVEHNN NPPSHSRKPI RRSNSTG-SS ATIVKAIMLL VTVRTIAWQT ILYYY
GNM13960                        ---AAAVVAM MSEAANDDDT KNKSEFIEGF QKAGGGGGGG GQHKILITIT TITSKS-RKK KSKKKKNRKE KRRNILLAYF LLKRLVDHNN NPPDHSRKPI RRNKSSG-SS ATSVKSIMIL VTIRTVAWQT ILYYY
GNM14633                        ---AAAAVSM MDSAANDDDV EDQDEFIEGF NEAGGGGGGG GQVKILITIV AVTSIT-RKN KKKKKKRKKE KQRNVLLAYM LLDRVVEHNN NPPSHSRKPI RRTKSTG-SS ATIVKAIMLL VTVRTIAWQT ILYYY
GNM14853                        ---AAAAVSM MDSAANDDDV EDQDEFIEGF NEAGGGGGGG GQVKILITIV AVTSIT-RKN KKKKKKRKKE KQRNVLLAYM LLDRVVEHNN NPPSHSRKPI RRTKSTG-SS ATIVKAIMLL VTVRTIAWQT ILYYY
GNM14174                        ---AAAAAAL IKTAADDSDK EESEEEKKAM RGTGGGGGGR GQVEIIITIV KVVAAEGRKD LDKSKGQAKK KRKENLVCLL LLQRVV-HNV NVPEHTTKPR RRKKPTSASI FTLVAVMLLQ VLVRTLHWIV ILDYY
GNM14138                        K--AASTIAL IKAAANDSDT DETKEEASSI RGAGGGGGGG GQIKIIISFV IVTEAEGRLE YKKKKGRSKK RRRNLLVCLL LLYRVVNHHL NPPEKSCKPR RRMNNSSTSV FTVVAVILVL VLVVSLHWRV VLDYY
GNM14055                        ---AAAAVA- MQGAA-DDDI EEKSKLTEGF Q-AGGGGGGG GQHLILITIT SLIS-S-RKQ KLQKKK---E --RNIL-AYY LLR-LVSHNN NPP-HSRKP- --NKSSG-SS A-IVKSIMIL VTVRTIAWQS IMY-Y
GNM14748                        ---AAAAVAM MQGAANDNDA EDSDSYLEGF NEAGGGGGGG GQLTILITIA TITSTK-RKE KTEKKKRKKE GRRNILLAYL LLKRLVEHNN SPSEHSRKPL RRKKSSG-ST ATIVTAVMVL VTVRTIAWQT ILYYY
GNM14246                        G--AAAAVAL TRAAADDEDD GESEKEVKGL RGTGGGGGSG GQIEIIISVV MTMEAKGRLM CKKRRGQSKR RRRHGLVCLL LLYRVARDHS NPPEHSCRPR RRLHGTSASI FTLVVVVSIT FLVRTLHWIV VLDYY
GNM14640                        T--AAAAVAL VRAAADDSDD SESKEETQGL RGAGGGGGGG GQVHIVISVV MIIKAKGSKM FKKKKGQSKR RRRSRLVCLL LLYRVANHHL NPPEHSCRPR RRLHGTSASL FTLVVVILVV VLVRTLHWIV VLDYY
GNM14965                        ---TATVACM V-EALNDSDK AIENEELGGL TNCGGGGGGG GQLSIIITIM SVITAN-RKS IRTKRKRKRQ VRRNVLLLLL LLYRVIERNN SPPQHAMRPN RREKSSGSST GTIVATVIVL LKIRTVVWMS ILYYY
GNM13677                        ---AAAVVAL LKEATDDSDS EDEKEVRKAL RGVGGGGGGG GQVEIIIVIV VIIRKEGEKE KEKKKKRKYR LRRHRVVALL LLYRLIEGRT SPPQHTLKPR RRRKSGSSSI YTLTSVIKLL AVIRTLVWVV VVDYY
GNM14339                        ---AAAVVAI LPQAADDDDQ EEEEEDRQGL RRAGGGGGGG GQVYIIIHIY IVVQKSGRRS KREKKKRKKR LRRRRVVAFL LLYRLVATYN SPPSHTTLPA RREKGTSSTL YTITVVVKSL AMIRALVWIV IVDYY
GNM14593                        ---AAAIVAL VSKAADDGDG EEEKEIRFAI RGAGGGGGGG GQVEIIIVIV KVIEKEGKRD LKKKKKRVLR LRRKKVVALL LLYRIVETYN NPPEHTTVPR RRERSSSSSI FTITSVVKLK FLVRTLVWTV IVDYY
GNM13825                        ---AAAVVAL VKAAADDSDD EEEEEASEAF RGAGGGGGGG GQVRIIISIY IVVEKTGKRR KRKKLKRAVR LRRRRIVAYL LLYRLVATYN NPPEVTTLPR RREKGTSASI FTITALLKVV AMVRTLAWIV TADYY
GNM14768                        ---AAAVVAL VRGAADDGDD EEEKEKRKAL RGAGGGGGGG -QIEIIISVI IVINKEGKRE LRDLKKRKLS LKKSKAVALL LLYRIVDTQN NPPLHTLLPR RREKSTSSSI FTRTSIVKLR FLIRTLLWIV TLDYY
GNM14776                        ---AAAVVAL VRGAADDGDD EEEKEKRKAL RGAGGGGGGG -QIEIIISVI IVINKEGKRE LRDLKKRKLS LKKSKAVALL LLYRIVDTQN NPPLHTLLPR RREKSTSSSI FTRTSIVKLR FLIRTLLWIV TLDYY
GNM14715                        ---AAASACA VRASADDGDD EEEEEESRGY RGLGGGGGGG GQVVLIIIVV AVVARKGRHA KTKKKKRAVK KRRSILIARL LLLRLVDHNN SPPQPSAKPR RRKASSSSSN ATVVASFTLV VLVRLLVWTV TVYYY
GNM14639                        ---AAAVLCI VNNAVNDDDS EEEDPQIEFF RGAGGGGGGG IQARIIIVIN TVAQKSGRPN LKKKKKHVKK KRRRIILLLM LLFRLVEHNN NPPEHSRKRK RREKSSSSTL TTLVIAVLIK VVVRALAWIV TVYYY
GNM13795                        ---AAAAVAM MQGAANDDDA EDSDSYLEGF NEAGGGGGGG GQLTILITIA TITSTK-RKE KTEKKKRKKE GRRNILLAYL LLKRLVEHNN SPSEHSRKPL RRKKSSG-ST ATIVTAVMVL VTVRTIAWQT ILYYY
GNM14166                        ---AAAAVAL IQAAANDDDS EEDSASIKGF QEAGGGGGGG GQHKILITVV TVTSHK-RKD KANKRKKKKE RRRSILLAYL LLKRLVEHNN SPPDHSRKPS RRKSSSG-ST ATIVKSIMLL ITVRTIAWLT ILYYY
GNM14450                        ---AAAVICI I-AACNDGDP DEEKEEINGI RDSGGGGGGG NQLELIISVV TTVSAN-RKI TSKKKKRKKQ KRKNVVLALL LLHRVVNHNN SPPEHSRKPI RRRNSSGTST ATLVAVVILI LNIRTTIWQV ILYYY
GNM13745                        ---AAASFLM LALAANDDDK DE-DHQNXNF RGGGGGGTGG GQFLFI-TIV I-S-SKKVTD K-KK-KLKKK KRSKTLIAYL LLFRIINHNN NSQKTXGKPR RR-ASSSSSS ITIMESFIKK VMIKTLAWSC TLYYY
GNM14959                        ---AASAAAM VKLAANDGDD EEEKEEVKGL RGVGGGGGGG GQVEIIITIV VVIDEKGKKE YKGKRKYKKK RRRSRLIVLI LLFRLVDTYN NPSEHSLKPR RREKGTSASI FTLVAVVKIL ALVRVLHWIV TLDYY
GNM13413                        K--AAAAVAM VKEAANDDDS EEEYEEREAL RGASGAGGGG GQVVIIIVVV VVINRSGNKK LNKKKCYKKN YRLRKMVALL LLFRLIEHYL NPPEHATRPR RREKGTSASI FTNVAAVLIL ALVRTFVWWV TPDYY
GNM14990                        ---AAAVVAM MSEAANDDDA KDKSEFIEGF QKAGGGGGGG GQHKILITIT TITSKS-RKK KSEKKKNRKE KRRNILLAYF LLKRLVDHNN NPPDHSRKPI RRNKSSG-SS ATSVKSIMIL VTIRTVAWQT ILYYY
GNM15005                        ---AAAVVAM MSEAA-DDDT KDKSEFIEGF Q-AGGGGGGG GQHKILITIT TITS-S-RKK KSEKKK---E --RNILLAYF LLK-LVDHNN NPP-HSRKP- --NKSSG-SS A-SVKSIMIL VTIRTVAWQT ILY-Y
GNM14976                        ---AAAVVAM MSEAANDDDA KNKSEFIEGF QKAGGGGGGG GQHKILITIT TITSKS-RKK KSEKKKNRKE KRRNILLAYF LLKRLVDHNN NPPDHSRKPI RRNKSSG-SS ATSVKSIMIL VTIRTVAWQT ILYYY
GNM15022                        ---AAAVVAM MSEAA-DDDA KNQSEFIEGF Q-AGGGGGGG GQHKILITIT TITS-S-RKK KSKKKK---E --RNILLAYF LLK-LVDHNN NPP-HSRKP- --NKSSG-SS A-SVKSIMIL VTIRTVAWQT ILY-Y
GNM15018                        ---AAAAVAM MQGAANDNDS EDSDEYLEGF NEAGGGGGGG GQLKILITIA TMTSTK-RKE KTEKKKRKKE GRRNILLAYL LLKRLVDHNN SPPEHSRKPL RRKQSSG-ST ATIVTAIMVL VTVRTIAWQT VLYYY
GNM15025                        ---AAAAVA- MQGAA-DNDP EEKSELTEGF Q-AGGGGGGG GQHLILITIT TMTS-S-RKE KLQKKK---E --RNIL-AYY LLK-LVSHNN NPP-HSRKP- --NKSSG-ST A-IVKSIMII ITVRTIVWQT IMY-Y
GNM15024                        ---AAAAVAM MQGAANDNDS EDSDEYLEGF NEAGGGGGGG GQLKILITIA TMTSTK-RKE KTEKKKRKKE GRRNILLAYL LLKRLVDHNN SPPEHSRKPL RRKQSSG-ST ATIVTAIMVL VTVRTIAWQT VLYYY
GNM15000                        ---AAAAVAM MQGAANDNDS EDSDEYLEGF NEAGGGGGGG GQLKILITIA TMTSTK-RKE KTEKKKRKKE GRRNILLAYL LLKRLVDHNN SPPEHSRKPL RRKQSSG-ST ATIVTAIMVL VTVRTIAWQT VLYYY
GNM15026                        ---AAAAVAM MQGAANDNDA EEKSEFTEGF QEAGGGGGGG GQHIILLTIT TMTSRN-RKD KSQKKKNKKE KRRNILLAYY LLKRLVAHNN NPPNHSRKPI RRNKSSG-SS ATIVKSIMIL VTVRTIAWQT IMYYY
GNM15027                        ---AAAAGAL VRAAANDDES EESYPESKGL HGFGGGGGGG GQHILILVVI TVITLKGKKE LKKKKKRKKY RRRLIVLLLL LLYRVVDNTN NPPEHSRKPR RRSKSSGSSL ATIVAAIYLV VPVRTLVWYT TLYYY
GNM15019                        ---AAAAVAM VQSSANDDDP ENSDSYLEGF NEAGGGGGGG GQLKILITIA TMTSTK-RKQ KTEKKKKKKE GRRNILLAYL LLKRLVEHNN SPPEHSRKPL RRKQSTG-ST ATVVTAVMIL LTVRTIAWQT ILYYY
GNM15003                        ---AAAVVAM MSEAA-DDDA KNKSEFIEGF Q-AGGGGGGG GQHKILITIT TITS-S-RKK KSEKKK---E --RNILLAYF LLK-LVDHNN NPP-HSRKP- --NKSSG-SS A-SVKSIMIL VTIRTVAWQT ILY-Y
GNM11003                        K--AYAAVAY VKKAANDGDD DEES-EVVGE RGAGGGGGGG GSMITIITVI IVVNVEGIKK LKKKLNYKKE YRRKLIVAFL LLYRLVNHYN NLPEHSTRPR RREADTSASI FTLTSAVLIK ALVRTLMWIV TADYY
GNM11023                        K--AAAAVAL VKEAANDSDG EDEEEEIEGL RGAGGGGCGG GQLRVIIVVV IVLKRRGRKE LAKKKNYRKE FRRRILVAYL LLFRVVEHYN NPCEHAGRPR RREKDSSSSV FTLVAAFKIL ALIRTMHWWA TLDYY
GNM11055                        ---AAAVAAL VRQGANDSED EDDEDMREGL RGVAGGGGGG GQVRIILTVI VIVEKGGAKE KKERKNRKKR LRRRILLIIL LLFRLVSDRN NPPEHGLKPR RREKDTSSSI FTVVAVILVL ALVRTLHWIV TLDYY
GNM11146                        K--AAAAAAM LKSAADDDDS EEELEEVEGQ RGVGGGGGGG GQIFLIITVI VVVSIKGRLE YKKKKGYKKR RRRNFVVILL LLFRLVDSYN NPPEHETRPR RREKGSSGSV FTVTAAVIVL ALVRVLHWLV TLDYY
GNM11219                        H--AAATIAL VKEAADDDDS EDRSPEVAGF RGAGGGGGGG GQVHIIISII VVIETEGQLE YRRKRKKAKR RRKEPVVALI LLFRLVDTNN NPPEVQRKPR RRERGTSCSM YTLIATLALL ALVRLFCWIV TLDYY
GNM11220                        D--CAAAIAL IRKAADDGDD EEYKEEAKGL RFAGGGGGGG GQVHIIITVI IVISRTGRLD LRRKKNRRRK KKRCRLLALL LLFLLVDHNG NPPQHSRKPR RRDADTSGSA ATLVVVVLLL GIIRTFHWIV TLDYY
GNM11222                        N--AATAAAL IPKAANDDDS EEEKPEAEAL RGGGGGGGGG GQIQIIINLV MVVQEEGRKN LAKKKGYRKS RRRSPLLALL LLFRVIDVNL NPPEHSCKPR RRKAPTSSSV YTLVATFKLR VVVRTLHWIV LLDYY
GNM11223                        D--AAAAVAL VKAAADDGDD EELEEEVRGL RGAGGGGGGG GQVRVIITVV IVMERKGRRS YKRKKGRLKK LRRSGLVCLL LLYRVVDHNL NPPEHSCKRR RRSKPSSASI FTLVAAVRVL FLVRT-HWLV LLDYY
GNM11224                        D--AAAAVAL VKTAADDGDD EELEEEVQGL RGAGGGGGGG GQVRIIITVV IIIERKGRRM YKRKKGRLKK RRRRGLVCQL LLYRVVDHNL NPPEHSCKRR RRQKPSSASI FTLVAVVQVL FLVRTLHWVV ILDYY
GNM11358                        ---MAASCCV I-AAANDSAD EEESEETSGL RNCGGGGGGE KQIIIIITII TVITAD-KKN KRKKKNRKKQ KKKNILLLLM LLFRVVNSNN NPSNHFTKPI RREKSSSSST ATAVSSLILL IQIRVILWHT LLYYY
GNM11360                        ---AAAAVAL MQGAANDDDS EETDPYIDGF NEAGGGGGGG GQLKILITVA TITSTK-TKK KAKKKKRKKE GRRKILLAYL LLKRLVDHNN SPPEHSRKPL RRKNSTG-ST ATVVTAISII VTVRTIAWQT VLYYY
GNM11362                        ---AAAAVCI I-AACDDGDD DENSEELKGL RGCGGGGGGG GQSVIIISII AVIDAD-RKD KNKKKRRKRE KKRSITLALL LLYRLVEHNN CPPEHSRKPI RREASSGSST GTIVAAILLK ILVRTAVWLT IIYYY
GNM11367                        ---AAAAVSM MDSAANDDDA EDSDEFLEGF NEAGGGGGGG GQVKILITIV SVTSIT-RKK KKKKKKRKKE KQRNVLLAYM LLDRVVEHNN NPPSHSRKPI RRSNSTG-SS ATIVKAIMLL VTVRTIAWQT ILYYY
GNM11377                        -T-ATAAACV V-ESANDSDD EAEKEEVQGL KDCGGGGGGG GQLLIIITVT SVVFAN-HKN KKKKRNRKKQ AKRSVAILLL LLHRVVEHND SPPLHSTKPI RREKSTGTSI ATAVAAIVIL IKIRTAIWAT LLYYY
GNM11380                        ---AAAAVAL IQAAANDDDS EEDAASLKGF QEAGGGGGGG GQHKILITVT TITSHK-RKE KATKKKKKKE RRRSILLAYL LLKRIVEHNN SPPDHSRKPS RRKSSSG-ST ATIVKSIMLL ITVRTIAWLT ILYYY
GNM11383                        ---AAAAVAM MQSAANDSDD EAAEEFIDGF QEAGGGGGGG GQHKILITIT TIVSLK-RKE KAAKKKKKKE KRRNTLLAYL LLKRLVTHNN NPPEHSRKPL RRKSSSG-SS ATIVKAIMVL VTIRTIAWLT VLYYY
GNM11491                        ---AAAGVSM IDKAANDDDP SDKSPYAEGF HEAGGGGGGG GQHVILITIA TIATSK-RKD KVSKKKKKKE RRRSILLAYL LLKRVVEHNN SPPEHSRRPL RRQKSSG-ST STSVTAIMIV VTVRTVIWQT IMYYY
GNM11804                        ---AAAVAAL VKEAANDDDD EEEEPEEEGF RGVGGGGGGG GQIRIIITII IVVSKKGKKE KKKKKNRKKR LRRRILLVLL LLYRMVSDYN NPPEHHPKPR RREKDTSASI FTVVAVILLL ALIRTLHWIV TLDYY
GNM11805                        E--AAAVIML LHESADDSDD DESSETQEGF RGAGGGGGGG GEVLIL-III VYLKREGKYE KKKKVNQKIK YKRNPLLAYL LLYNIVSTGN NPQLHT-KPR RRKK-TSGDT ATVVKVFKKA IRIRAAAVMV IFDYY
GNM12886                        ---AAASTCI V-SGANDSDK EQQNEEVQGL KDCGGGGGGG GQLIIILTIV SIVNAK-RKS KRKKKNRKKQ AKRTVMLLML LLQRVVEHND NPPEHSLKPI RREKTSGSSI ATVVAAVIIL IKMRTVIWLT LLYYY
GNM13060                        ---AAAAAAI AARAVNDNDD EEEENEEEFF FFFGGGGGGG GQIIIIIIII IIIKKSKKKN KKKKKKKRKK KKKKKIILLL LLLLLMRNNN NPPQHHRRRR RRDGSSSSSS TTITVMLILV LVVIVVVWWY YYYYY
GNM13061                        ---AAAAAHL AAKSVSDDED DDNESDEAYL FFLGGGGGGG GQIRVIIVII AMVGKSGKKK KRKKKKKRKK KRRSTLLLLL LLSRIVESNN SPPERHRRRR RRDASSSSSS ATMVAVITLA LIVAVVVWWY YYYYY
GNM13064                        ---ACGGFLM MSSAADDGDD DN-KEQIDGF RGAGGGGTGG GQIVFV-HII I-S-SDGSKD K-KK-KSKKK KKKKILIAYL ILLRIIEHHN SPHTTSGKPR RR-ASSSLSI VTVIQSFIKK VRIKTLTWTS LLYYY
GNM13066                        ---AYGCFLM ISSAADDNDD DS-KNQTDGF RGAGGGGTGG GQISFT-GIL I-S-SDGSKD K-KK-KSKQK KKKKILIAYL ILLRIIEHHN SPYTTSGKTK RR-ASSSLSI ITIIQSFVKK VRIKTLAWTS LLYYY
GNM11032                        ---AASVVAL VAAAADDDDS EEEEEMAEGF RGAGGGGGGG GQVFLIIQIY MIIQARGRRS KSRKKKRKYR LRRRRVVALY LLFRLVETYS NPPLHTTLNR RREKGTSSSI FTVTKLLKAL ARIRSLVWIV IVDYY
GNM11363                        ---AAAAVCI I-AACDDGDD DENSEELKGL RGCGGGGGGG GQSVIIISII AVIDAD-RKD KNKKKRRKRE KKRSITLALL LLYRLVEHNN CPPEHSRKPI RREASSGSST GTIVAAILLK ILVRTAVWLT IIYYY
GNM11375                        ---AAAAVAM MQGAANDNDP EESDEYLEGF NEAGGGGGGG GQLKILITIA TMTSTK-RKE KTEKKKKKKE GRRNILLAYL LLKRVVDHNN SPPEHSRKPL RRKQSTG-ST ATIVTAIMVL VTVRTIAWQT VLYYY
GNM11381                        ---AAAAVAM MQAAANDSDA ENASEFIEGL QEAGGGGGGG GQHKILITIT TITSLT-RKE KASKKKKKKE KRRNILLAYM LLQRLVEHNN NPPEHSRKPL RRKSSSS-SS ATIVKAIMVL VTIRTVAWLT VLYYY
GNM11382                        ---AAAAVAM MQSAANDGDS EAADEFIEGL QEAGGGGGGG GQHLILITIA SITSLK-RKT KTQKKKKKKE KRRNILLAYL LLKRLIDHNN NPPDHSRKPL RRKKSSG-SS STIVKAIMIL VTIRTVAWLT VMYYY
GNM11841                        ---AASAAAL VPEAADDNDD DWDEDDAAAL RAIGGGGGGG GQVDTILTVV VLVEREGSED LTEERGHQRK LRKRKQLALL LLYRLAQHHN NAPEHSTRPR RREAPSSSSI FTITAALKLQ ALIRTLHWRV MLDYY
GNM11931                        ---AAAAAAL VPDAADDNDD SWDEDDDEAL RVIGGGGGGG GQVETIITVV VTVEREGSAD QAAERGHQRK LRKRKQLALL LLYRLASHHN NAPEHSTRPR RREAPSSSSI FTITAALKVV ALVRTLHWTV LLDYY
GNM12040                        ---AVSAAAL VPEAADDNDD SWDEEHSEAL RVVGGGGGGG GQIENIITVL VVVERDGEES MTEELGHQRR LRKRVQLAYL LLYRVASSHN NAPEHATRPR RRTAPSSNSI FTITAVLKHI ALIRTLHWRV LLDYY
GNM12071                        ---AASAAAL TPDAADDNDD DWDEDEGEAL RVVGGGGGGG GQVETIITVL VVVARDGEDE ATEELGHQRA LRKRVQLAYL LLYRLASSHN NAPEHATRPR RRDAPSSNSI FTITAALKHV ALIRTLHWRV LLDYY
GNM12125                        K--AAAAVAM VRKAANDSDE EEEYEEVEGL RGAAGGGGGG GQIVIIITVI VVINVTGRLE LKKKKKYKKQ YRRRRLVALL LLYRLVYHYN NPPEHATRPR RREAGTSASI FTLTAAVLVL ALIRTFHWWV TLDYY
GNM12126                        K--AAAAVVM VKKVANDGDD DEEY-EEEGV RGAAGAGGGG GQIKIIITVI VVVATQGKKE LKKKKNYKKK YRRRKIAAML LLYRLVSHYN SPPEHAGRPR RREAYSSASI FTNVAAVLIK ALVRTFVWWV LPDYY
GNM12128                        L--AAAAIAM VKKAANDSDS DEDRQEVKGF RGAGGGGGGG GQVYIIIVII MVINKLGIKE LKKKKKHKKR YRKRKLVALL LLFRVVEHYN NPPETSTRPR RRELGTSSSI FTITATFRLK ILIRTACWIV TPDYY
GNM12182                        ---AYAAVCY IKKSANDGDN DNKS-EMKGG RGVGGGGGGG GQVILIITSM VVVNTTGRKK LSKKLNYRKK YRRALLVAYL LLFRVVDHYN NVTEHAERPR RREADTNASL FTITAAFLVK VLVRTVMWIV SADYY
GNM12342                        ---AASAAAL IKAAADDGDS EEEEEEIEGL RAIGGGGGGG GQVKIIITVY IICAKTGRKE KKKKKGRKKN LRARRLLLYL LLLRMAEHHL NPPEHSTKPR RREKHTSNSI FTLTKVILVL ALIRTLHYIV LLDYY
GNM12346                        T--AAAAAAL VAESADDSDS DDDEEEAEGF RGAGGGGGGG GQLKIIIRIV VVVGKEGAKE YKKKKKHQKS LRRRRLIILL LLFRLVDTQS NPSEHAGKPR RREASTSSSM YTVVAAIVLQ ALVRTLCYIV TLDYY
GNM12351                        ---TAAAIAL VAASGDDNDS SDDSSEAEGF RGAGGGGGGG GQVVIVISVY VVMEREGKED YKKKKGHQRR LRRRKLLFLL LLYRLVEIHA NPTEHSTKPR RRAESSSSSI YTVTASLLLL VIVRTVHYQV TLDYY
GNM12356                        ---AAAAAAL VKKAANDSDG EEEEEEVSGL RGIGGGGGGG GQVKIVITIN IIIEKEGKKD KKKKKGRLKN LRANKLLLLL ILLRMADHNL NPPEHSCKPR RREEHSSASL LTVIKVILVL ALIRTLHYVV VLDFY
GNM12357                        ---AAAAAAL IKKAADDGDE EEAEDEVTGI RGVGGGGGGG GQMVLVITIA ILVEGEGKKD KKKKKGRQKN LRANKLLLLL LLMRMAEHNL NAPEHSCKPR RREEHSSATK FTLVKVLLLV ALIRTLHYTV LLDFY
GNM12366                        ---AAAAAAL IKEAADDGDD EEEEEEVTGI RGVGGGGGGG GQMILIITIL ILIGGEGRKD KKKKKGRQKN LRANKLLLLL LLMRMAEHNL NAPEHSCKPR RREEHSSASK FTLVKVLLLV ALIRTLCYIV LLDFY
GNM12373                        ---AAAVIAL VTKAGDDGDD ADEGEEVAGL RGAAGGGGGG GQIYCIISIY ITIDREGRKD VANKKGYQRR QRRNKIIFML LLFRFVDNHN NPPEHHLRPR RRAAYTSASI FTVTAVLVLQ ALVRTMVYIV TADYY
GNM12385                        ---AAAAVAL VPNAADDGDD SEEEEEAAGL RGAAGGGGGG GQVSLIIKIY IVILSGGAED VAGKAAYKKR MRRKKLLFML LLYHLVEYQN SPPEHATKPR RRAASTSASI FTVTAVLSLL ALVRTMYYIV TLDYY
GNM12551                        K--AAAAAAL VREAANDGDP EEEREEREGL RGMGGGGGGG GQVVIIIVVI VVNSEEGIKD LKNKKGYKKN RRRRKLICYL LLFRMADHHL NPPEHSCRPR RRERHTASSI FTLTAAIKLL ALIRTLHWIV TIDYY
GNM12554                        ---AAAAVAL VPKGADDGDS SEESEEEEGL RGAAGGGGGG GQVKLIITIQ IVIAKDGATE AAKKAAYQRR TRRKRLVFLL LLYRLVDNHN NPPEHSTKPR RRQAATAASI FTVTAVLVLK ALIRTMYYIV TLDYY
GNM12592                        ---MAAVIAL VRAAGNDSDD EDEEPEREHF RGAGGGGGGG GQIRIIISIY VAIERNGKQD KKNKRGHVRA YRRRKLIFLL LLYRVVSSNN NPPEVTTKPR RRALSGSSSI YTVTRLLLLL VLVRTVHFTV VLDYY
GNM12596                        ---SAAAIAL VAQSGNDSDP EDEGPEAEGF RGAGGGGGGG GQIIIIISIY VTVEKEGNTE LKKKKGHLRR LRRRKLLFLL LLYRFVEVNS NPTEHSTKPR RRAKASSSSI YTVTASLLYL VLIRTVCYQV TLDYY
GNM12602                        ---SAAAIAL VAKSGNDSDS EDEGPEAEGF RGAGGGGGGG GQIIIIISIY VTVEKEGSTE LKKKKGHLRR LRRRKLLFLL LLYRFVEVNA NPTEHSTKPR RRAKVSSSSI YTVTASLIYL ILVRTVCYQV TLDYY
GNM12665                        ---SAAAIAL VAQSGNDSDS DDEGSEAEGF RGAGGGGGGG GQLIIIISIY VTVEKEGSTE LKKKKGHLRR LRRRKLLFLL LLYRFVEVNA NPTEHSTKPR RRAKASSSSI YTVTASLLYL ILIRTVCYQV TLDYY
GNM12745                        ---AAAATAL IKNATNDNDE SDEEDNKEGL RGVGGGGGGG GQVEIIIIIY IVTNKDGKLY KKEKKKNKKN YKKRILVFYL LLFRLVSTHS NPSEHSGKPR RRSENTLTSI YTLTAVLDLL AVIRTMHWIV TLDYY
GNM12749                        ---AAAACAL VPKAANDNEA EDAGEEREGL RGAAGGGGGG GQIRCIITIQ ITIDREGSED VAKKVNHARR TRRKKLVLML LLFRFVENHN NPPEHALRPR RRAASTAASI FTVTAVIVHL ALIRTMHYIV TLDYY
GNM12758                        ---AAAAAAM VRKAADDGDD SEDEEQQEGL RGAGGGGGGG GQIEIIIIVI VIVKKEGKLN KRKKKSRAKY YRKRILVCYL LLMRLVSHHT NPAEHSTRPR RREEGTTSSI FTVTMVIELL ALVRTLHWIV TLDYY
GNM12763                        ---AAAAAAL VKKAANDSDT HETEEQQEGF RGAGGGGGGG GQIKIIITVI IIVKKKGKLN KKKKKKRTKQ MRKKILICFL LLMRMVDHHN NPPEHSTRPK RREKNTSASI FTVTAVVELV ALIRTFHWIV TLDYY
GNM12766                        ---AAAAAAL VKSAANDGDD EEDEEEIEGL RGVGGGGGGG GQIRIIITVY IIIEKKGRKE RKKKKGRKKN LRARRLLLLL LLLRMASHHL NPPEHSCKPR RREKHTSASI FTLTKVVLVI ALIRTLHYIV VLDYY
GNM12841                        ---AAAAAAL VPEAANDNDD DWDEEDEAAF RAVGGGGGGG GQVETIVTVL VVTERDGAEE KRAERGHQRN LRKRKQLALL LLFRLAQTQN NAPEHSTRPR RREAPSSNSI FTITAALKVI VLVRTLHWKV LLDYY
GNM12849                        ---AAAA-A- MQGAA-DGDP EESNAYLEGF --AGGGGGGG G--KILITVA TI-S-K-NKK KAKKKK---- --RN-L-AYL LLK-L-EH-- SPP-HSRKP- --KKS---ST A-VVTA--IM VTVRT-AW-- ILY-Y
GNM12869                        ---AAAAVAM MQGAANDNDS EESDEYLEGF NEAGGGGGGG GQLKILITIA TMTSTK-RKE KTEKKKRKKE SRRNILLAYL LLKRLVEHNN SPPEHSRKPL RRKQSTG-ST ATIVTAIMVL VTVRTIAWQT VLYYY
GNM12896                        ---AAAAVAL IQAAANDDDS EDDNASLKGF QEAGGGGGGG GQHKILITVT TVTSHK-RKE KANKKKKKKE RRRSILLAYL LLKRLVEHNN SPPDHSRKPS RRKSSSG-ST ATIVKSIMLL ITVRTIAWLT ILYYY
GNM12897                        ---AAAAVAL IQAAANDDDS EDTSASLKGF QEAGGGGGGG GQHKILITVT TVTSHK-RKE KANKKKRKKE RRRSILLAYL LLKRLVEHNN SPPEHSRKPS RRKNSSG-ST ATIVKSIMLL ITVRTIAWLT ILYYY
GNM12902                        ---GAMVIYL IKSGADDDDD DENGETKEIF RGAAGGGGGA GQVHLLIRVI IILSRSGKNE KKKKKNRKVK YKRNQIVAYM LL-RLISTGR NPQEHTGKNR RRELDTSGNT ATIVKVLILI LRIRAAALIV IVDYY
GNM12903                        ---AAAAAAL VPAAANDGDD EEEEEIAKGL RGVGGGGGGG RQVVIVIAIV VVIKKEGRRK YKKKKNRKLK RRRKKLLVLV LLFRLVDDHN NPAEHGEKPR RRERDTSATI FTLTAVILIR ALIRLLHWIV VLDYY
GNM12906                        ---AAAAAAL VPMAANDGDS EDEEEITEGL RGVGGGGGGG GQVEIIITIV VVIKKEGRRK YAKKRNRKLK RRRRKLVVLV LLFRLVEDHN NPSEHGEKPR RRERDTSATI FTLTAAIIVR ALIRLLHWIV TLDYY
GNM12907                        ---AAALAAL VPAAANDGDS EEEEEVSEGV RGVGGGGGGG GQVEIVITII VVLKKKGRKE YKKKKNRKVK RRRRKMLVLI LLFRVVEDHN NPSEHGEKPR RREKDTSATI FTITAVILVR VLVRLLHWIV TLDYY
GNM12909                        ---AAAIAAL VAIAANDGDS EDEEEAAKGI RGVGGGGGGG GQVVIIIVVV IVIKKKGRKE YKKKKNRKLK RRRSKLLVLI LLFRLVDDHN NPPEHGEKPR RRERDTSSTI FTLTAVVLIR ALIRLLHWIV TLDYY
GNM12915                        D--AASAAAL VRKAANDSDE EDDEPEIEGF RGVGGGGGGG GQIRIIIVII IVHAKEGRKN YRRKKGRKKN LRSRKLLILL LLFRLVYHHL NPPEHSCKPR RREAHSSSTI FTVTAVIKLK ALVRLLHWIV TLDYY
GNM10046                        D--AASAAAL VRQAANDSDD EEEEPEIEGF RGVGGGGGGG GQIRIIIVII IVHAKEGRKN YRRKKGRKKN LRSRKLLILL LLFRLVYHHL NPPEHSCKPR RREAHSSSTI FTVTAVIKLK ALVRLLHWIV TLDYY
GNM12918                        D--AASAAAL IRKAANDSDE EDEEPEIEGF RGVGGGGGGG GQIRIIIVII IVHAKEGRKN YRRKKGRKKN LRSRKLLILL LLFRLVYHHL NPPEHSCKPR RREAHSSSTI FTITAVIKLK ALVRLLHWIV TLDYY
GNM12931                        K--GAAAVAM VRKVANDGDS EDEYEEYEGV RGAAGAGGGG GQVIIIITVI VVINKKGRMK LRKKKGYKKK YRKRKIVALL LLYRLVDHHL NPPEHALRPR RREAGTSASI FTNTAAILIL ALVRTFVWIV TPDYY
GNM12938                        K--AAAAVAY IKKAADDGDL DKEA-EVSGG RGVGGGGGGG GSSIVIIVVV LVVNTKGIKK LKKKLNYTKK YRRNLIVAYL LLYRLPDHYN NKPEHYTRPR RRESDTNGSI FTIMSAVIIV ALVRTFVWIV TSDYY
GNM12996                        K--AYSAVAY VKKACNDGDE DNEE-ETEGS RGAAGGGGGE GQAIIIISVV IIVNVTGSKK LKKKLNYKKK YRKKIIVAYL LLFRLVDHYN NIPEHSERPR RREKDTSNSI FTIMAAIIVV ALIRTFIWII TADYY
GNM13018                        K--AYAAVAY VKKACNDGDE DNEE-EAEGS RGVGGGGGGG GQAIIIISVV IIVNVTGAKK LKKKLNYKKK YRRKIIVAYL LLFRLVDHYN NIPEHSERPR RRERDTSNSI FTIMAAIIII ALIRTFIWII TADYY
GNM13027                        K--ATAAAAY IKKAANDGDK DEEE-EAVGG RGAGGGGGGG GQAVIIIVVI LIINTKGMKS VKKKLNYKKK YRRKLIVLYL LLFRLVDHYN NIPEHALRPR RREADTNSSI FTIIAVIIVL ALIRTLVWIV TADYY
GNM13046                        ---AAAAVAL MQVAANDSDS EEEDPFIQGF KEAGGGGGGG GQHKILITIS AVISAK-RNK KTKKKKRRKE TRRKILLAYF LLKRLVEHNN SPPDHSRKPL RRKKSSS-SR ATLVKALKIL VTIRTVAWQT ILYYY
GNM13053                        ---AAGAVAI LSKAADDEDA DDEEEEYEGL RGVGGGGGGG GQSQLIIAVV VTVKNNGQKN LKKKKKRKKK KKRRILLALI LLIRVPENND SPPKHSGKPR RREASSSSSA STIVAAFMVV ILVRTVAWST ILYYY
GNM13074                        D--AASAAAL IRQAANDSDE EDDEEEMEGY RGVGGGGGGG GQIRIIITII IVHAKSGRKN YRRKKGHKKN LRSRKLLILL LLFRLVYHHL NPPEHSGKPR RREKHTSSTI FTVTAVIKLL ALVRLLHWIV TLDYY
GNM10010                        D--AASAAAL VRKAANDSDE EDEEEEIEGF RGVGGGGGGG GQIRIVITII IVHAKEGRKN YKRKKGHKKN LRSRKLLILL LLFRLVYHHL NPPEHSTKPR RREAHSSSTI FTVTAVIKIK ALVRLLHWIV TLDYY
GNM10014                        D--AASAAAL IRQAANDSDE EDEEEEMEGY RGVGGGGGGG GQVKIIITII IVHAKEGMKN YKRKKGHKKN LRSNKLLILL LLFRLVYHHL NPPEHSGKPR RREAHTSSTI FTVTAVIKLK ALVRLLHWIV TLDYY
GNM13090                        D--AASAAAL VRKAANDSDE EDEEEEMEGY RGVGGGGGGG GQVKIIITII IVHAADGRKN YRRKKGHKKN LRSTKLLILL LLFRLVYHHL NPPEHSGKPR RREAHSSSTI FTVTAVIKIK ALVRLLHWIV TLDYY
GNM13118                        ---AAAAVLL VKKAANDGDE GDDEDEKEGL RGAAGGGGGG GQAVVIIVIV VVAQKTANKK KKKKKRYKKR RKRRVVIAFL LLYRLVDHTS NPPEHSRKPR RRSQYLSSSI FTLVAAIIIL ALIRLLVWIV TVDYY
GNM13126                        ---SAVVACL IKKAADDGDD DKKSETAKLF RGCGGGGGGG GQARIL-RVV VMVEKEGKDE IKKKENSKIK LKRDILLAYI LLYEIVKTGG NPQAHTGEPK RRKNRTSGDT ATTIKFVKLE FRVRVFHVII ILDYY
GNM13128                        ---AAIIACL IKKSADDGDD DKKTEASSLF RGCGGGGGGG GQARLL-RVV VLIEREGKED VKKKENGRKK LKRNILLAYA LLYVVVKTGN NPQLHTGEPK RRKARTSGDI ATTIKAIKLQ IRIRVFHIII LLDYY
GNM13208                        ---AAALVAL VRSAANDDDE SEEREYAKGL RGVGGGGGGG GQVEIIIVVI VVIKKEGRKE YKKKKNRKVR RRRSKLIVLA LLFALVDDHN NPTEHGEKPR RREKDTGSSI FTLTAVIKVL ALIRLLHWIV TLDYY
GNM13210                        K--AASAVAM IKKVANDSDS EEDFEEVEAV RGAAGAGGGG GQIVIIIRSV VVIEVEGRKK CKKKKCYKKN YRIRKIIALL LLYRLVGHYL NPPEHATRPR RREKGTSASI YTNVSAILIL ALVRTFVWWV TPDYY
GNM12773                        R--AGTAVAM IKNAADDDDK KESSEEKLFI RGAGGGGGGD GQIELIISIV KIVSAKGRKD LEKCKGHAKR KRKDFLVCLI LLYRIP-HNS NIPEHATKPR RRKKPSSSSI FTIVASIIVK ILIRTLHWSV ILDYY
GNM12768                        -C-AAADVAV VYESVRT-A- ---S-DA--- FRVGGGG-H- GQVL---LVI --T-RKHR-E R-DE-GRREK LRR-RARAQL LA-SLV-LHH K-GN-SPK-K HP-LKSSGSR KRRI-VLKGS AGF-VL--YV VFDYY



    1    1    1    1    1    1    1    1    1    1    1    1    1    1    1
    1    1    1    1    1    1    1    1    1    1    1    1    1    1    1
    1    1    1    1    1    1    2    1    1    1    1    1    1    1    1
    1    1    1    1    1    1    1    1    1    1    1    1    1    1    1
    1    1    1    1    1    1    1    1    1    1    1    1    1    1    1
    1    1    1    1    1    1    1    1    1    1    1    1    1    1    1
    1    1    1    1    1    1    1    1    1    1    1    1    1    1    1
    1    1    1    1    1    1    1    1    1    1    1    1    1    1    1
    1    1    1    1    1    1    1    1    1    1    1    1    1    1    1


AAML (in paml version 4.9h, March 2018)  tmp0029.txt
Model: Empirical,  (../wag.dat) dGamma (ncatG=4) ns = 144  ls = 136


Frequencies..
                                    A      R      N      D      C      Q      E      G      H      I      L      K      M      F      P      S      T      W      Y      V
GNM13746                       0.09023 0.04511 0.03759 0.03759 0.00000 0.02256 0.06015 0.06767 0.00752 0.08271 0.07519 0.16541 0.00752 0.03759 0.01504 0.06015 0.03008 0.01504 0.04511 0.09774
GNM13538                       0.11194 0.08209 0.02239 0.03731 0.00746 0.01493 0.07463 0.08955 0.01493 0.08955 0.09701 0.08955 0.00000 0.01493 0.01493 0.08955 0.02985 0.00746 0.02985 0.08209
GNM13671                       0.06015 0.06767 0.02256 0.03759 0.00000 0.01504 0.06767 0.09023 0.01504 0.08271 0.09774 0.13534 0.00000 0.03008 0.01504 0.06015 0.06015 0.00752 0.03008 0.10526
GNM13876                       0.06767 0.12030 0.00000 0.05263 0.00000 0.01504 0.06767 0.09774 0.01504 0.07519 0.10526 0.09774 0.00000 0.00000 0.02256 0.06015 0.03008 0.00752 0.03759 0.12782
GNM13680                       0.10714 0.02679 0.03571 0.03571 0.01786 0.03571 0.08036 0.08929 0.01786 0.06250 0.08929 0.09821 0.04464 0.00000 0.02679 0.07143 0.03571 0.00893 0.01786 0.09821
GNM14249                       0.09924 0.06107 0.04580 0.03817 0.00000 0.03053 0.06870 0.09924 0.01527 0.06107 0.09160 0.09924 0.03053 0.00763 0.02290 0.04580 0.09160 0.00763 0.03817 0.04580
GNM13928                       0.10687 0.06870 0.03817 0.03817 0.00000 0.02290 0.06107 0.09924 0.01527 0.06107 0.08397 0.10687 0.02290 0.00763 0.02290 0.05344 0.08397 0.00763 0.03817 0.06107
GNM13297                       0.11194 0.08209 0.02239 0.03731 0.00746 0.01493 0.07463 0.08955 0.01493 0.08955 0.09701 0.08955 0.00000 0.01493 0.01493 0.08955 0.02985 0.00746 0.02985 0.08209
GNM14865                       0.14286 0.09023 0.04511 0.07519 0.00000 0.02256 0.06015 0.09023 0.03759 0.03008 0.12030 0.03759 0.00000 0.00752 0.03008 0.03008 0.04511 0.01504 0.03008 0.09023
GNM13455                       0.10687 0.06107 0.03817 0.04580 0.00000 0.02290 0.03817 0.09924 0.01527 0.07634 0.08397 0.10687 0.00763 0.00763 0.03053 0.05344 0.09924 0.00763 0.03817 0.06107
GNM14938                       0.14286 0.12698 0.01587 0.03968 0.00000 0.00794 0.04762 0.09524 0.00000 0.07143 0.07937 0.06349 0.00794 0.01587 0.02381 0.03175 0.07143 0.00794 0.04762 0.10317
GNM14483                       0.11278 0.11278 0.03008 0.01504 0.00752 0.00752 0.06767 0.11278 0.01504 0.03008 0.09774 0.06015 0.01504 0.01504 0.02256 0.07519 0.03759 0.00752 0.02256 0.13534
GNM14872                       0.11364 0.05303 0.04545 0.03788 0.01515 0.02273 0.05303 0.08333 0.03030 0.08333 0.09091 0.09091 0.00000 0.00758 0.02273 0.06061 0.07576 0.00758 0.02273 0.08333
GNM13855                       0.06107 0.03817 0.06870 0.03053 0.02290 0.02290 0.03817 0.09160 0.02290 0.09924 0.11450 0.12214 0.00763 0.00763 0.01527 0.10687 0.04580 0.00763 0.02290 0.05344
GNM14445                       0.06767 0.08271 0.03008 0.03008 0.00752 0.01504 0.05263 0.09774 0.01504 0.12782 0.09774 0.09774 0.02256 0.00752 0.03759 0.09774 0.04511 0.00752 0.03008 0.03008
GNM14404                       0.09091 0.10606 0.01515 0.04545 0.01515 0.00758 0.04545 0.09848 0.02273 0.08333 0.10606 0.06061 0.01515 0.03030 0.02273 0.07576 0.03788 0.00758 0.05303 0.06061
GNM14545                       0.09091 0.10606 0.01515 0.04545 0.01515 0.00758 0.04545 0.09848 0.02273 0.08333 0.10606 0.06061 0.01515 0.03030 0.02273 0.07576 0.03788 0.00758 0.05303 0.06061
GNM14366                       0.11450 0.06870 0.04580 0.03817 0.00000 0.02290 0.04580 0.07634 0.02290 0.07634 0.09160 0.12214 0.02290 0.00763 0.02290 0.07634 0.04580 0.00763 0.03817 0.05344
GNM14252                       0.09924 0.06107 0.03817 0.03817 0.00000 0.03053 0.06870 0.09924 0.01527 0.05344 0.09160 0.09924 0.03053 0.00763 0.02290 0.05344 0.09160 0.00763 0.03817 0.05344
GNM13760                       0.09160 0.06107 0.04580 0.03053 0.00000 0.03053 0.06107 0.09924 0.01527 0.04580 0.08397 0.10687 0.03053 0.00763 0.03053 0.04580 0.09160 0.00763 0.03817 0.07634
GNM13982                       0.09160 0.06107 0.05344 0.05344 0.00000 0.02290 0.04580 0.08397 0.01527 0.06870 0.06870 0.10687 0.03053 0.01527 0.02290 0.08397 0.06107 0.00763 0.03053 0.07634
GNM13960                       0.07634 0.06870 0.06107 0.03817 0.00000 0.02290 0.03053 0.08397 0.02290 0.08397 0.06107 0.13740 0.02290 0.02290 0.02290 0.09160 0.06870 0.00763 0.03053 0.04580
GNM14633                       0.09160 0.06107 0.05344 0.05344 0.00000 0.03053 0.04580 0.08397 0.01527 0.07634 0.06107 0.10687 0.03053 0.01527 0.02290 0.06107 0.06870 0.00763 0.03053 0.08397
GNM14853                       0.09160 0.06107 0.05344 0.05344 0.00000 0.03053 0.04580 0.08397 0.01527 0.07634 0.06107 0.10687 0.03053 0.01527 0.02290 0.06107 0.06870 0.00763 0.03053 0.08397
GNM14174                       0.10606 0.06818 0.02273 0.04545 0.00758 0.03030 0.06818 0.08333 0.02273 0.06061 0.09848 0.11364 0.01515 0.00758 0.02273 0.03788 0.06061 0.00758 0.01515 0.10606
GNM14138                       0.07463 0.08209 0.04478 0.02985 0.01493 0.00746 0.05224 0.08955 0.02239 0.06716 0.10448 0.08955 0.00746 0.01493 0.02239 0.08209 0.04478 0.00746 0.02985 0.11194
GNM14055                       0.09649 0.04386 0.04386 0.02632 0.00000 0.05263 0.03509 0.10526 0.02632 0.09649 0.08772 0.08772 0.02632 0.00877 0.02632 0.10526 0.04386 0.00877 0.03509 0.04386
GNM14748                       0.10687 0.06870 0.04580 0.03053 0.00000 0.02290 0.06107 0.09924 0.01527 0.06107 0.09160 0.09160 0.02290 0.00763 0.01527 0.06870 0.09160 0.00763 0.03817 0.05344
GNM14246                       0.08209 0.11940 0.00746 0.04478 0.02239 0.01493 0.05224 0.11940 0.03731 0.05224 0.09701 0.04478 0.02239 0.01493 0.02239 0.06716 0.05224 0.00746 0.02239 0.09701
GNM14640                       0.08955 0.09701 0.01493 0.03731 0.01493 0.02239 0.02985 0.10448 0.04478 0.04478 0.11194 0.06716 0.01493 0.01493 0.02239 0.07463 0.03731 0.00746 0.02239 0.12687
GNM14965                       0.05344 0.09924 0.06107 0.01527 0.01527 0.02290 0.04580 0.09924 0.00763 0.09160 0.10687 0.05344 0.03053 0.00000 0.02290 0.07634 0.07634 0.00763 0.03053 0.08397
GNM13677                       0.06015 0.11278 0.00000 0.03759 0.00000 0.01504 0.07519 0.09774 0.01504 0.07519 0.10526 0.10526 0.00000 0.00000 0.02256 0.06015 0.04511 0.00752 0.03759 0.12782
GNM14339                       0.09023 0.12030 0.00752 0.04511 0.00000 0.03759 0.05263 0.09023 0.01504 0.07519 0.08271 0.06767 0.00752 0.00752 0.03008 0.05263 0.05263 0.00752 0.05263 0.10526
GNM14593                       0.06767 0.09774 0.01504 0.03759 0.00000 0.00752 0.07519 0.09774 0.00752 0.09023 0.08271 0.10526 0.00000 0.02256 0.02256 0.05263 0.05263 0.00752 0.03008 0.12782
GNM13825                       0.13534 0.12030 0.01504 0.03759 0.00000 0.00752 0.06767 0.09023 0.00000 0.06767 0.08271 0.06767 0.00752 0.01504 0.02256 0.03759 0.06767 0.00752 0.04511 0.10526
GNM14768                       0.07576 0.09848 0.02273 0.05303 0.00000 0.01515 0.06061 0.09091 0.00758 0.09091 0.13636 0.09848 0.00000 0.01515 0.02273 0.06061 0.05303 0.00758 0.02273 0.06818
GNM14776                       0.07576 0.09848 0.02273 0.05303 0.00000 0.01515 0.06061 0.09091 0.00758 0.09091 0.13636 0.09848 0.00000 0.01515 0.02273 0.06061 0.05303 0.00758 0.02273 0.06818
GNM14715                       0.12030 0.10526 0.02256 0.03759 0.00752 0.01504 0.04511 0.09774 0.01504 0.03759 0.09023 0.07519 0.00000 0.00752 0.03008 0.09023 0.03759 0.00752 0.03008 0.12782
GNM14639                       0.07519 0.09023 0.06015 0.03008 0.00752 0.02256 0.05263 0.07519 0.02256 0.09023 0.09023 0.09774 0.00752 0.02256 0.03008 0.05263 0.03759 0.00752 0.02256 0.10526
GNM13795                       0.10687 0.06870 0.03817 0.03817 0.00000 0.02290 0.06107 0.09924 0.01527 0.06107 0.09160 0.09160 0.02290 0.00763 0.01527 0.06870 0.09160 0.00763 0.03817 0.05344
GNM14166                       0.10687 0.07634 0.03053 0.04580 0.00000 0.02290 0.03817 0.08397 0.03053 0.07634 0.09160 0.10687 0.00763 0.00763 0.02290 0.09924 0.06107 0.00763 0.03053 0.05344
GNM14450                       0.06870 0.07634 0.07634 0.03053 0.01527 0.02290 0.04580 0.08397 0.02290 0.10687 0.08397 0.08397 0.00000 0.00000 0.03053 0.06870 0.06107 0.00763 0.02290 0.09160
GNM13745                       0.07258 0.04839 0.05645 0.04839 0.00806 0.02419 0.01613 0.08871 0.01613 0.08065 0.08871 0.13710 0.02419 0.04839 0.00806 0.10484 0.06452 0.00806 0.03226 0.02419
GNM14959                       0.07519 0.08271 0.02256 0.04511 0.00000 0.00752 0.07519 0.11278 0.01504 0.07519 0.09774 0.11278 0.00752 0.01504 0.01504 0.04511 0.03759 0.00752 0.03759 0.11278
GNM13413                       0.11940 0.08209 0.05224 0.02985 0.00746 0.00746 0.07463 0.07463 0.01493 0.05224 0.08955 0.08209 0.01493 0.02239 0.02985 0.03731 0.03731 0.01493 0.04478 0.11194
GNM14990                       0.08397 0.06870 0.05344 0.04580 0.00000 0.02290 0.03817 0.08397 0.02290 0.08397 0.06107 0.12977 0.02290 0.02290 0.02290 0.09160 0.06107 0.00763 0.03053 0.04580
GNM15005                       0.08621 0.03448 0.04310 0.04310 0.00000 0.02586 0.04310 0.09483 0.02586 0.08621 0.06897 0.11207 0.02586 0.02586 0.02586 0.10345 0.06897 0.00862 0.02586 0.05172
GNM14976                       0.08397 0.06870 0.06107 0.03817 0.00000 0.02290 0.03817 0.08397 0.02290 0.08397 0.06107 0.12977 0.02290 0.02290 0.02290 0.09160 0.06107 0.00763 0.03053 0.04580
GNM15022                       0.09483 0.03448 0.05172 0.03448 0.00000 0.03448 0.03448 0.09483 0.02586 0.08621 0.06897 0.11207 0.02586 0.02586 0.02586 0.10345 0.06034 0.00862 0.02586 0.05172
GNM15018                       0.09924 0.06870 0.04580 0.03817 0.00000 0.03053 0.06107 0.09924 0.01527 0.05344 0.09160 0.09160 0.03053 0.00763 0.02290 0.06107 0.08397 0.00763 0.03817 0.05344
GNM15025                       0.08772 0.03509 0.05263 0.01754 0.00000 0.04386 0.05263 0.10526 0.02632 0.09649 0.07018 0.08772 0.03509 0.00877 0.03509 0.07895 0.07895 0.00877 0.03509 0.04386
GNM15024                       0.09924 0.06870 0.04580 0.03817 0.00000 0.03053 0.06107 0.09924 0.01527 0.05344 0.09160 0.09160 0.03053 0.00763 0.02290 0.06107 0.08397 0.00763 0.03817 0.05344
GNM15000                       0.09924 0.06870 0.04580 0.03817 0.00000 0.03053 0.06107 0.09924 0.01527 0.05344 0.09160 0.09160 0.03053 0.00763 0.02290 0.06107 0.08397 0.00763 0.03817 0.05344
GNM15026                       0.09924 0.06870 0.07634 0.02290 0.00000 0.03817 0.04580 0.09160 0.02290 0.07634 0.06107 0.09924 0.03817 0.01527 0.02290 0.06870 0.06870 0.00763 0.03817 0.03817
GNM15027                       0.08271 0.08271 0.03008 0.02256 0.00000 0.00752 0.04511 0.10526 0.02256 0.05263 0.12782 0.09774 0.00000 0.00752 0.03759 0.06767 0.05263 0.00752 0.06015 0.09023
GNM15019                       0.09160 0.06107 0.04580 0.03053 0.00000 0.03817 0.05344 0.09160 0.01527 0.05344 0.09924 0.09924 0.02290 0.00763 0.03053 0.06870 0.09160 0.00763 0.03817 0.05344
GNM15003                       0.09483 0.03448 0.05172 0.03448 0.00000 0.02586 0.04310 0.09483 0.02586 0.08621 0.06897 0.11207 0.02586 0.02586 0.02586 0.10345 0.06034 0.00862 0.02586 0.05172
GNM11003                       0.09774 0.06767 0.04511 0.04511 0.00000 0.00000 0.06015 0.09774 0.01504 0.07519 0.09023 0.09023 0.01504 0.01504 0.01504 0.04511 0.06015 0.00752 0.06015 0.09774
GNM11023                       0.11194 0.11194 0.02985 0.03731 0.01493 0.00746 0.08955 0.09701 0.02239 0.05224 0.09701 0.07463 0.00746 0.02985 0.01493 0.03731 0.02239 0.01493 0.03731 0.08955
GNM11055                       0.07519 0.12030 0.03008 0.06015 0.00000 0.01504 0.06767 0.10526 0.01504 0.07519 0.12030 0.06767 0.00752 0.01504 0.02256 0.03759 0.03759 0.00752 0.01504 0.10526
GNM11146                       0.08209 0.08955 0.02239 0.04478 0.00000 0.01493 0.07463 0.11194 0.01493 0.05224 0.10448 0.07463 0.00746 0.02985 0.02239 0.05224 0.03731 0.00746 0.03731 0.11940
GNM11219                       0.09701 0.11194 0.02239 0.05224 0.01493 0.02239 0.06716 0.09701 0.01493 0.07463 0.09701 0.05224 0.00746 0.02239 0.03731 0.03731 0.05224 0.00746 0.02985 0.08209
GNM11220                       0.08955 0.11940 0.02239 0.07463 0.01493 0.01493 0.02985 0.11194 0.02985 0.08209 0.12687 0.06716 0.00000 0.02239 0.02239 0.02985 0.04478 0.00746 0.02239 0.06716
GNM11222                       0.09701 0.08955 0.04478 0.03731 0.00746 0.02239 0.05970 0.09701 0.01493 0.05224 0.11940 0.07463 0.00746 0.01493 0.05224 0.05224 0.03731 0.00746 0.02985 0.08209
GNM11223                       0.09023 0.12782 0.01504 0.05263 0.01504 0.00752 0.05263 0.11278 0.02256 0.03008 0.12782 0.06767 0.00752 0.01504 0.02256 0.05263 0.02256 0.00752 0.03008 0.12030
GNM11224                       0.07463 0.12687 0.01493 0.05224 0.01493 0.03731 0.05224 0.11194 0.02239 0.05970 0.10448 0.06716 0.00746 0.01493 0.02239 0.02985 0.02985 0.00746 0.02985 0.11940
GNM11358                       0.06870 0.05344 0.07634 0.02290 0.02290 0.02290 0.05344 0.06107 0.01527 0.11450 0.09924 0.10687 0.01527 0.01527 0.01527 0.09924 0.06107 0.00763 0.02290 0.04580
GNM11360                       0.10687 0.06107 0.03817 0.04580 0.00000 0.02290 0.03817 0.09924 0.01527 0.06870 0.08397 0.11450 0.00763 0.00763 0.03053 0.05344 0.09924 0.00763 0.03817 0.06107
GNM11362                       0.09924 0.08397 0.03053 0.06107 0.03053 0.00763 0.05344 0.10687 0.01527 0.11450 0.09160 0.08397 0.00000 0.00000 0.02290 0.06870 0.03817 0.00763 0.03053 0.05344
GNM11367                       0.09160 0.06107 0.05344 0.05344 0.00000 0.02290 0.04580 0.08397 0.01527 0.06870 0.06870 0.10687 0.03053 0.01527 0.02290 0.08397 0.06107 0.00763 0.03053 0.07634
GNM11377                       0.11364 0.05303 0.03788 0.03788 0.01515 0.02273 0.05303 0.08333 0.03030 0.08333 0.09091 0.09848 0.00000 0.00758 0.02273 0.06061 0.07576 0.00758 0.02273 0.08333
GNM11380                       0.11450 0.06870 0.02290 0.03817 0.00000 0.02290 0.04580 0.08397 0.03053 0.08397 0.09160 0.11450 0.00763 0.00763 0.02290 0.09160 0.07634 0.00763 0.03053 0.03817
GNM11383                       0.12214 0.06107 0.03817 0.03053 0.00000 0.02290 0.05344 0.08397 0.02290 0.06870 0.09160 0.11450 0.02290 0.01527 0.02290 0.06870 0.06870 0.00763 0.03053 0.05344
GNM11491                       0.08397 0.07634 0.02290 0.04580 0.00000 0.02290 0.03817 0.09160 0.03053 0.07634 0.05344 0.09924 0.02290 0.00763 0.03817 0.09924 0.06870 0.00763 0.03817 0.07634
GNM11804                       0.07519 0.09023 0.03008 0.05263 0.00000 0.00752 0.08271 0.09023 0.02256 0.09023 0.10526 0.10526 0.00752 0.01504 0.03759 0.03008 0.03759 0.00752 0.03008 0.08271
GNM11805                       0.08397 0.06107 0.03817 0.05344 0.00000 0.02290 0.06107 0.10687 0.01527 0.07634 0.08397 0.11450 0.01527 0.02290 0.02290 0.04580 0.04580 0.00000 0.05344 0.07634
GNM12886                       0.06870 0.06107 0.04580 0.03053 0.01527 0.04580 0.04580 0.09160 0.01527 0.09160 0.09924 0.10687 0.02290 0.00000 0.02290 0.06870 0.05344 0.00763 0.02290 0.08397
GNM13060                       0.06767 0.06767 0.06015 0.03008 0.00000 0.01504 0.05263 0.07519 0.01504 0.12782 0.08271 0.14286 0.01504 0.03759 0.01504 0.05263 0.02256 0.01504 0.04511 0.06015
GNM13061                       0.10526 0.09774 0.02256 0.05263 0.00000 0.00752 0.03759 0.08271 0.01504 0.06015 0.09023 0.10526 0.01504 0.01504 0.01504 0.10526 0.02256 0.01504 0.05263 0.08271
GNM13064                       0.04762 0.04762 0.01587 0.06349 0.00794 0.02381 0.01587 0.11905 0.03175 0.11111 0.07143 0.13492 0.01587 0.03175 0.01587 0.11111 0.05556 0.00794 0.03175 0.03968
GNM13066                       0.05556 0.03968 0.02381 0.06349 0.00794 0.03175 0.00794 0.11111 0.01587 0.11111 0.07937 0.13492 0.00794 0.03175 0.00794 0.12698 0.07143 0.00794 0.04762 0.01587
GNM11032                       0.09774 0.12782 0.01504 0.03759 0.00000 0.02256 0.06015 0.09774 0.00752 0.06767 0.09774 0.06015 0.01504 0.03008 0.01504 0.06767 0.04511 0.00752 0.04511 0.08271
GNM11363                       0.09924 0.08397 0.03053 0.06107 0.03053 0.00763 0.05344 0.10687 0.01527 0.11450 0.09160 0.08397 0.00000 0.00000 0.02290 0.06870 0.03817 0.00763 0.03053 0.05344
GNM11375                       0.09924 0.06107 0.04580 0.03053 0.00000 0.03053 0.06870 0.09924 0.01527 0.05344 0.08397 0.09924 0.03053 0.00763 0.03053 0.04580 0.09160 0.00763 0.03817 0.06107
GNM11381                       0.12214 0.06107 0.04580 0.01527 0.00000 0.03053 0.06107 0.07634 0.02290 0.06870 0.09160 0.09924 0.03053 0.00763 0.02290 0.08397 0.06870 0.00763 0.03053 0.05344
GNM11382                       0.10687 0.06107 0.03817 0.03817 0.00000 0.03053 0.03817 0.09160 0.02290 0.08397 0.09924 0.11450 0.03053 0.00763 0.02290 0.07634 0.06107 0.00763 0.03053 0.03817
GNM11841                       0.13534 0.09774 0.02256 0.08271 0.00000 0.03759 0.06767 0.08271 0.03759 0.03759 0.12782 0.03008 0.00752 0.00752 0.03008 0.05263 0.05263 0.01504 0.02256 0.05263
GNM11931                       0.14286 0.09023 0.02256 0.08271 0.00000 0.03008 0.06015 0.08271 0.03759 0.03759 0.10526 0.03008 0.00000 0.00752 0.03008 0.06015 0.06015 0.01504 0.02256 0.08271
GNM12040                       0.10526 0.09774 0.03759 0.05263 0.00000 0.02256 0.08271 0.08271 0.04511 0.05263 0.10526 0.01504 0.00752 0.00752 0.03008 0.06767 0.05263 0.01504 0.03008 0.09023
GNM12071                       0.14286 0.09023 0.03008 0.09023 0.00000 0.02256 0.06767 0.09023 0.03759 0.03759 0.11278 0.01504 0.00000 0.00752 0.03008 0.04511 0.06015 0.01504 0.03008 0.07519
GNM12125                       0.11940 0.09701 0.02985 0.02239 0.00000 0.01493 0.07463 0.08955 0.02239 0.05970 0.10448 0.06716 0.00746 0.01493 0.02239 0.02239 0.05970 0.01493 0.05970 0.09701
GNM12126                       0.12782 0.07519 0.03008 0.03759 0.00000 0.01504 0.06015 0.09023 0.01504 0.06015 0.06015 0.11278 0.01504 0.01504 0.03008 0.03759 0.03008 0.01504 0.06015 0.11278
GNM12128                       0.08209 0.08955 0.02985 0.03731 0.00746 0.01493 0.04478 0.09701 0.01493 0.09701 0.08209 0.11194 0.01493 0.02985 0.02985 0.04478 0.05970 0.00746 0.03731 0.06716
GNM12182                       0.09091 0.08333 0.06061 0.04545 0.00758 0.00758 0.03030 0.10606 0.01515 0.04545 0.08333 0.08333 0.02273 0.02273 0.00758 0.04545 0.06061 0.00758 0.06061 0.11364
GNM12342                       0.09774 0.08271 0.02256 0.03008 0.00752 0.00752 0.08271 0.09774 0.03759 0.09023 0.13534 0.10526 0.00752 0.00752 0.02256 0.03759 0.05263 0.00000 0.03759 0.03759
GNM12346                       0.11940 0.08209 0.00746 0.05970 0.00746 0.02985 0.06716 0.10448 0.01493 0.05970 0.09701 0.07463 0.00746 0.01493 0.01493 0.07463 0.04478 0.00000 0.03731 0.08209
GNM12351                       0.08271 0.09023 0.01504 0.05263 0.00000 0.02256 0.06015 0.10526 0.03008 0.04511 0.10526 0.05263 0.00752 0.01504 0.01504 0.09774 0.05263 0.00000 0.05263 0.09774
GNM12356                       0.09023 0.06015 0.04511 0.03759 0.00752 0.00752 0.08271 0.10526 0.03008 0.08271 0.14286 0.11278 0.00752 0.00752 0.02256 0.04511 0.02256 0.00000 0.01504 0.07519
GNM12357                       0.11278 0.06015 0.03008 0.04511 0.00752 0.01504 0.08271 0.11278 0.03008 0.04511 0.15038 0.10526 0.02256 0.01504 0.01504 0.02256 0.04511 0.00000 0.01504 0.06767
GNM12366                       0.09774 0.06767 0.03008 0.04511 0.01504 0.01504 0.09023 0.12030 0.02256 0.07519 0.15789 0.09023 0.02256 0.01504 0.01504 0.03008 0.03008 0.00000 0.01504 0.04511
GNM12373                       0.12030 0.09774 0.03759 0.06767 0.00752 0.03008 0.03759 0.11278 0.02256 0.08271 0.06767 0.03759 0.01504 0.03008 0.02256 0.02256 0.05263 0.00000 0.05263 0.08271
GNM12385                       0.15789 0.06015 0.01504 0.04511 0.00000 0.01504 0.06015 0.10526 0.01504 0.05263 0.11278 0.05263 0.02256 0.01504 0.03008 0.06015 0.04511 0.00000 0.06015 0.07519
GNM12551                       0.09701 0.11194 0.03731 0.03731 0.01493 0.00746 0.08209 0.10448 0.03731 0.08209 0.09701 0.06716 0.01493 0.01493 0.02985 0.02985 0.03731 0.00746 0.02985 0.05970
GNM12554                       0.15038 0.08271 0.02256 0.04511 0.00000 0.03008 0.06015 0.09774 0.01504 0.06015 0.09774 0.06015 0.00752 0.01504 0.03008 0.03759 0.06767 0.00000 0.04511 0.07519
GNM12592                       0.06767 0.12030 0.04511 0.04511 0.00000 0.01504 0.05263 0.10526 0.02256 0.06767 0.10526 0.04511 0.00752 0.02256 0.03008 0.06015 0.04511 0.00000 0.04511 0.09774
GNM12596                       0.07519 0.08271 0.03008 0.03008 0.00752 0.02256 0.06767 0.11278 0.01504 0.06767 0.11278 0.06015 0.00000 0.02256 0.03008 0.08271 0.06015 0.00000 0.05263 0.06767
GNM12602                       0.07519 0.08271 0.02256 0.03008 0.00752 0.01504 0.06767 0.11278 0.01504 0.07519 0.10526 0.06767 0.00000 0.02256 0.02256 0.09023 0.06015 0.00000 0.05263 0.07519
GNM12665                       0.08271 0.08271 0.02256 0.03759 0.00752 0.02256 0.06015 0.11278 0.01504 0.06767 0.12030 0.06015 0.00000 0.02256 0.01504 0.09774 0.06015 0.00000 0.05263 0.06015
GNM12745                       0.06015 0.05263 0.06767 0.05263 0.00000 0.00752 0.06015 0.09774 0.02256 0.08271 0.10526 0.10526 0.00752 0.01504 0.01504 0.05263 0.07519 0.00752 0.05263 0.06015
GNM12749                       0.15038 0.10526 0.04511 0.03759 0.01504 0.01504 0.06767 0.09023 0.03759 0.07519 0.08271 0.03759 0.01504 0.02256 0.03008 0.02256 0.06015 0.00000 0.02256 0.06767
GNM12758                       0.09023 0.09023 0.01504 0.04511 0.00752 0.02256 0.07519 0.10526 0.03008 0.08271 0.09023 0.07519 0.02256 0.00752 0.01504 0.04511 0.06015 0.00752 0.03759 0.07519
GNM12763                       0.09023 0.06015 0.03759 0.03008 0.00752 0.03008 0.05263 0.09023 0.03759 0.09023 0.06767 0.13534 0.02256 0.03008 0.02256 0.03008 0.07519 0.00752 0.01504 0.06767
GNM12766                       0.09023 0.09774 0.02256 0.03759 0.00752 0.00752 0.07519 0.10526 0.03759 0.09023 0.12782 0.09774 0.00752 0.00752 0.02256 0.03759 0.03759 0.00000 0.03008 0.06015
GNM12841                       0.14286 0.09774 0.04511 0.06015 0.00000 0.03759 0.08271 0.08271 0.02256 0.03008 0.10526 0.03759 0.00000 0.02256 0.03008 0.03008 0.06015 0.01504 0.01504 0.08271
GNM12849                       0.15464 0.03093 0.03093 0.02062 0.00000 0.01031 0.04124 0.12371 0.02062 0.05155 0.08247 0.13402 0.02062 0.01031 0.04124 0.06186 0.06186 0.01031 0.04124 0.05155
GNM12869                       0.09924 0.06870 0.04580 0.02290 0.00000 0.03053 0.07634 0.09160 0.01527 0.05344 0.09160 0.09160 0.03053 0.00763 0.02290 0.06107 0.09160 0.00763 0.03817 0.05344
GNM12896                       0.10687 0.06870 0.03817 0.04580 0.00000 0.02290 0.03817 0.08397 0.03053 0.06870 0.09924 0.11450 0.00763 0.00763 0.02290 0.09160 0.06870 0.00763 0.03053 0.04580
GNM12897                       0.10687 0.07634 0.03817 0.03053 0.00000 0.02290 0.04580 0.08397 0.03053 0.06870 0.09924 0.10687 0.00763 0.00763 0.02290 0.09160 0.07634 0.00763 0.03053 0.04580
GNM12902                       0.07576 0.09091 0.05303 0.06061 0.00000 0.02273 0.04545 0.11364 0.01515 0.11364 0.09091 0.09848 0.01515 0.00758 0.00758 0.03788 0.04545 0.00000 0.03788 0.06818
GNM12903                       0.11278 0.11278 0.03008 0.05263 0.00000 0.00752 0.06767 0.09774 0.02256 0.07519 0.11278 0.09774 0.00000 0.01504 0.02256 0.00752 0.03008 0.00752 0.02256 0.10526
GNM12906                       0.09774 0.12030 0.03008 0.04511 0.00000 0.00752 0.08271 0.10526 0.02256 0.08271 0.09774 0.06767 0.00752 0.01504 0.02256 0.02256 0.05263 0.00752 0.02256 0.09023
GNM12907                       0.07519 0.09774 0.03008 0.03759 0.00000 0.00752 0.09023 0.10526 0.02256 0.06767 0.09023 0.09774 0.00752 0.01504 0.02256 0.03008 0.04511 0.00752 0.02256 0.12782
GNM12909                       0.09023 0.09774 0.03008 0.05263 0.00000 0.00752 0.06015 0.10526 0.02256 0.09774 0.10526 0.09774 0.00000 0.01504 0.02256 0.03008 0.03759 0.00752 0.02256 0.09774
GNM12915                       0.08209 0.10448 0.02985 0.04478 0.00746 0.00746 0.05970 0.09701 0.04478 0.08955 0.11194 0.08209 0.00000 0.02239 0.02985 0.05224 0.02985 0.00746 0.02985 0.06716
GNM10046                       0.08209 0.10448 0.02985 0.03731 0.00746 0.01493 0.06716 0.09701 0.04478 0.08955 0.11194 0.07463 0.00000 0.02239 0.02985 0.05224 0.02985 0.00746 0.02985 0.06716
GNM12918                       0.08209 0.10448 0.02985 0.03731 0.00746 0.00746 0.06716 0.09701 0.04478 0.10448 0.11194 0.08209 0.00000 0.02239 0.02985 0.05224 0.02985 0.00746 0.02985 0.05224
GNM12931                       0.11194 0.08955 0.02985 0.03731 0.00000 0.00746 0.05224 0.10448 0.02239 0.08209 0.08209 0.09701 0.01493 0.01493 0.02985 0.02239 0.04478 0.00746 0.05224 0.09701
GNM12938                       0.08271 0.06767 0.04511 0.05263 0.00000 0.00000 0.03008 0.11278 0.01504 0.08271 0.07519 0.09774 0.00752 0.01504 0.02256 0.05263 0.05263 0.00752 0.06767 0.11278
GNM12996                       0.09023 0.06015 0.05263 0.04511 0.00752 0.00752 0.06767 0.08271 0.01504 0.12782 0.05263 0.10526 0.00752 0.02256 0.01504 0.05263 0.04511 0.00752 0.06015 0.07519
GNM13018                       0.09774 0.07519 0.05263 0.04511 0.00752 0.00752 0.06015 0.09774 0.01504 0.14286 0.05263 0.09023 0.00752 0.02256 0.01504 0.03759 0.03759 0.00752 0.06015 0.06767
GNM13027                       0.11278 0.06767 0.04511 0.04511 0.00000 0.00752 0.04511 0.10526 0.01504 0.12030 0.09023 0.09774 0.00752 0.01504 0.01504 0.02256 0.04511 0.00752 0.05263 0.08271
GNM13046                       0.10687 0.08397 0.03053 0.03053 0.00000 0.03053 0.04580 0.07634 0.02290 0.06870 0.09160 0.12977 0.00763 0.02290 0.03053 0.07634 0.05344 0.00763 0.03053 0.05344
GNM13053                       0.10526 0.06767 0.03759 0.04511 0.00000 0.02256 0.06015 0.10526 0.00752 0.06767 0.08271 0.11278 0.00752 0.00752 0.03008 0.08271 0.03008 0.00752 0.03008 0.09023
GNM13074                       0.07463 0.09701 0.02985 0.04478 0.00000 0.01493 0.05970 0.10448 0.05224 0.08955 0.11940 0.07463 0.00746 0.01493 0.02239 0.05224 0.04478 0.00746 0.03731 0.05224
GNM10010                       0.08209 0.08955 0.02985 0.03731 0.00000 0.00746 0.07463 0.09701 0.05224 0.08955 0.10448 0.08955 0.00000 0.02239 0.02239 0.05224 0.04478 0.00746 0.02985 0.06716
GNM10014                       0.08209 0.06716 0.03731 0.03731 0.00000 0.01493 0.07463 0.10448 0.05224 0.08209 0.11194 0.08955 0.01493 0.01493 0.02239 0.04478 0.04478 0.00746 0.03731 0.05970
GNM13090                       0.08955 0.08209 0.02985 0.04478 0.00000 0.00746 0.06716 0.10448 0.05224 0.08209 0.10448 0.08209 0.00746 0.01493 0.02239 0.05224 0.04478 0.00746 0.03731 0.06716
GNM13118                       0.11278 0.09023 0.02256 0.05263 0.00000 0.02256 0.03759 0.09023 0.01504 0.07519 0.09774 0.11278 0.00000 0.01504 0.02256 0.04511 0.03008 0.00752 0.03759 0.11278
GNM13126                       0.06818 0.06818 0.02273 0.06818 0.01515 0.01515 0.06061 0.12121 0.01515 0.08333 0.07576 0.13636 0.00758 0.03030 0.01515 0.03030 0.05303 0.00000 0.03030 0.08333
GNM13128                       0.08333 0.08333 0.03030 0.06061 0.01515 0.02273 0.04545 0.12121 0.01515 0.09848 0.10606 0.12121 0.00000 0.01515 0.01515 0.03030 0.04545 0.00000 0.03030 0.06061
GNM13208                       0.08271 0.09774 0.03008 0.05263 0.00000 0.00752 0.07519 0.10526 0.02256 0.07519 0.10526 0.09774 0.00000 0.01504 0.01504 0.03759 0.03759 0.00752 0.03008 0.10526
GNM13210                       0.10448 0.08209 0.02985 0.02985 0.01493 0.00746 0.06716 0.08209 0.01493 0.08955 0.06716 0.09701 0.00746 0.01493 0.02985 0.05224 0.03731 0.01493 0.05224 0.10448
GNM12773                       0.07519 0.07519 0.02256 0.06015 0.01504 0.00752 0.04511 0.09023 0.03008 0.12782 0.07519 0.12030 0.00752 0.02256 0.03008 0.08271 0.03008 0.00752 0.02256 0.05263
GNM12768                       0.09709 0.13592 0.00971 0.03883 0.00971 0.01942 0.03883 0.10680 0.04854 0.01942 0.09709 0.07767 0.00000 0.02913 0.01942 0.07767 0.01942 0.00000 0.03883 0.11650

Homogeneity statistic: X2 = 16.11404 G = 16.83251 

Average                        0.09555 0.08104 0.03485 0.04280 0.00487 0.01928 0.05710 0.09661 0.02203 0.07553 0.09507 0.09142 0.01255 0.01536 0.02346 0.06033 0.05355 0.00731 0.03517 0.07611
(Ambiguity characters are used to calculate freqs.)


# constant sites:      2 (1.47%)

TREE #  1:  ((((((((45, 142), 127), (59, 91)), 92), 93), (((129, 130), (94, 58)), (128, 131))), ((((((121, 120), 123), 122), 141), (61, 44)), 138)), ((((((((((((((((((46, 47), (49, 22)), 48), 57), (51, 54)), 27), ((70, 21), (24, 23))), (((((((53, 52), 50), 116), (19, 6)), (((56, (28, 40)), 7), (84, 20))), ((10, 68), 115)), 74)), 132), (((85, 73), 18), 86)), (((117, 72), 118), 41)), ((((77, 5), (71, 13)), 31), (14, 67))), 42), (83, 69)), ((((80, 81), 43), (15, 133)), ((38, 12), 55))), ((((1, 78), 79), (8, 2)), 39)), ((((36, 37), (3, 34)), (4, 32)), ((11, 35), (33, 82)))), (((((((26, 30), 29), (143, 25)), (65, 66)), 62), (64, 144)), ((17, 16), 63))), (((((((((((108, 106), 107), 97), 105), 96), (((104, 102), 110), 101)), ((((89, 9), 90), (87, 114)), 88)), (60, 75)), ((140, 139), (76, 119))), ((((((100, 99), 98), 113), 95), ((109, 111), 112)), 103)), ((((135, 136), 137), 134), ((126, 124), 125))));   MP score: -1
lnL(ntime:285  np:286): -15794.197231      +0.000000
 145..146 146..147 147..148 148..149 149..150 150..151 151..152 152..45  152..142 151..127 150..153 153..59  153..91  149..92  148..93  147..154 154..155 155..156 156..129 156..130 155..157 157..94  157..58  154..158 158..128 158..131 146..159 159..160 160..161 161..162 162..163 163..164 164..121 164..120 163..123 162..122 161..141 160..165 165..61  165..44  159..138 145..166 166..167 167..168 168..169 169..170 170..171 171..172 172..173 173..174 174..175 175..176 176..177 177..178 178..179 179..180 180..181 181..182 182..183 183..46  183..47  182..184 184..49  184..22  181..48  180..57  179..185 185..51  185..54  178..27  177..186 186..187 187..70  187..21  186..188 188..24  188..23  176..189 189..190 190..191 191..192 192..193 193..194 194..195 195..53  195..52  194..50  193..116 192..196 196..19  196..6   191..197 197..198 198..199 199..56  199..200 200..28  200..40  198..7   197..201 201..84  201..20  190..202 202..203 203..10  203..68  202..115 189..74  175..132 174..204 204..205 205..206 206..85  206..73  205..18  204..86  173..207 207..208 208..209 209..117 209..72  208..118 207..41  172..210 210..211 211..212 212..213 213..77  213..5   212..214 214..71  214..13  211..31  210..215 215..14  215..67  171..42  170..216 216..83  216..69  169..217 217..218 218..219 219..220 220..80  220..81  219..43  218..221 221..15  221..133 217..222 222..223 223..38  223..12  222..55  168..224 224..225 225..226 226..227 227..1   227..78  226..79  225..228 228..8   228..2   224..39  167..229 229..230 230..231 231..232 232..36  232..37  231..233 233..3   233..34  230..234 234..4   234..32  229..235 235..236 236..11  236..35  235..237 237..33  237..82  166..238 238..239 239..240 240..241 241..242 242..243 243..244 244..26  244..30  243..29  242..245 245..143 245..25  241..246 246..65  246..66  240..62  239..247 247..64  247..144 238..248 248..249 249..17  249..16  248..63  145..250 250..251 251..252 252..253 253..254 254..255 255..256 256..257 257..258 258..259 259..260 260..108 260..106 259..107 258..97  257..105 256..96  255..261 261..262 262..263 263..104 263..102 262..110 261..101 254..264 264..265 265..266 266..267 267..89  267..9   266..90  265..268 268..87  268..114 264..88  253..269 269..60  269..75  252..270 270..271 271..140 271..139 270..272 272..76  272..119 251..273 273..274 274..275 275..276 276..277 277..278 278..100 278..99  277..98  276..113 275..95  274..279 279..280 280..109 280..111 279..112 273..103 250..281 281..282 282..283 283..284 284..135 284..136 283..137 282..134 281..285 285..286 286..126 286..124 285..125
 0.075680 0.103129 0.000000 0.075543 0.000000 0.046300 0.065237 0.110541 0.138004 0.100006 0.067949 0.369927 0.066700 0.198031 0.298559 0.152538 0.019807 0.135702 0.057826 0.009743 0.061834 0.281825 0.120621 0.043985 0.199272 0.130261 0.007871 0.072621 0.120668 0.059406 0.024417 0.046512 0.078976 0.065690 0.108642 0.093315 0.139184 0.030781 0.297394 0.151611 0.372569 0.027128 0.024114 0.175159 0.025813 0.145875 0.051976 0.000000 0.244967 0.052190 0.009155 0.012482 0.041701 0.108755 0.000000 0.136216 0.000000 0.000000 0.006413 0.000000 0.006992 0.006435 0.006953 0.006436 0.000000 0.000000 0.013538 0.054141 0.037834 0.081454 0.172490 0.029540 0.000000 0.000000 0.018515 0.000000 0.000000 0.034839 0.049390 0.037871 0.000000 0.007152 0.013744 0.000000 0.000000 0.000000 0.000000 0.012950 0.006522 0.000000 0.013346 0.000000 0.029281 0.020144 0.079661 0.031467 0.006657 0.000000 0.021656 0.026403 0.000000 0.027040 0.050624 0.065106 0.006794 0.000000 0.059322 0.267735 0.179064 0.065289 0.012143 0.038613 0.052668 0.064163 0.079152 0.072339 0.120367 0.017080 0.000000 0.008299 0.031621 0.029294 0.014804 0.102495 0.041939 0.084654 0.084635 0.077111 0.065178 0.179189 0.000000 0.006629 0.320984 0.268546 0.185032 0.065355 0.346625 0.232110 0.000000 0.000000 0.018777 0.072201 0.395622 0.213409 0.037359 0.124153 0.282484 0.103510 0.271418 0.236517 0.105286 0.240464 0.128602 0.162904 0.368658 0.071546 0.146048 0.207817 0.187227 0.112296 0.078549 0.246890 0.344442 0.000000 0.000000 0.357003 0.146558 0.061845 0.054656 0.217745 0.000000 0.000000 0.099160 0.180145 0.042504 0.246646 0.000000 0.035110 0.092979 0.160457 0.007163 0.022352 0.052006 0.196311 0.213105 0.043810 0.029137 0.000000 0.146290 0.040868 0.124043 0.000000 0.348684 0.088259 0.240024 0.255797 0.330659 0.077936 0.119741 0.097953 0.013305 0.480944 0.000000 0.442496 1.684379 0.048983 0.407083 0.000000 0.000000 0.340795 0.055093 0.000000 0.031676 0.000000 0.104274 0.074321 0.044102 0.112070 0.098905 0.147042 0.008824 0.021714 0.027789 0.019819 0.095158 0.263743 0.297582 0.157577 0.014179 0.098469 0.137769 0.177061 0.185617 0.211137 0.360715 0.004427 0.094813 0.011330 0.098482 0.096233 0.073487 0.023752 0.072121 0.163116 0.076133 0.102474 0.223538 0.066836 0.502291 0.285898 0.186687 0.092377 0.087231 0.212995 0.328401 0.060267 0.000000 0.119839 0.011635 0.108905 0.153029 0.034070 0.062754 0.095095 0.061539 0.121998 0.164808 0.061736 0.338146 0.113756 0.125054 0.259703 0.243574 0.025773 0.000000 0.005506 0.036906 0.051057 0.042933 0.051236 0.017389 0.000000 0.013713 0.006880 0.020723 1.294366
