
Printing out site pattern counts


       150         81  P

GNM13746                        -DDDDDEFFG GGGGGGHHHI IIKKKKKKKK KKKKLLLLLL LLLLMNPPPP QQQRRRRRRR RRSSSTTTVV VVVVVVVYYY Y
GNM13538                        -EENQQSFYG GGGGGGHHQR VVDEEIKKKK KKKSLLLLLL MPRSMIPPPP MQQKRRRRRR RRSSSTTVLL LVVVVVVHIP R
GNM13876                        -DEEDDKYYG GGGGGRHHQT ILAEKVEGKK KKRGLPPYYY LLRKSPGPPQ -HVRKLRRRR RRDGSKSIVV V-IIILVSSF I
GNM13680                        -NDDDEAFYG GGGGTGHHRI VVDKKVKRDH KKKSLFIILL LLKKTVPPPH MHERRRGRRR RRSTRTATRV VFIIVIVSQT Y
GNM14837                        -DDEDQDYYG GGGGGGHHRT IVISQVKRKH KKQSMLVVIL LLKKLEPPPH KHQKKRGHRR RRSARKSTTL VLIVILASIF F
GNM13928                        -DDEDQDYYG GGGGGGHHRT IVISKMKRKH KKQSMLVVIL LLKKLEPPPH KHQKKRGHRR RRSARKSTTL VLIVILASIF F
GNM13297                        -EENQQSFYG GGGGGGHHQR VVDEEIKKKK KKKSLLLLLL MPRSMIPPPP MQQKRRRRRR RRSSSTTVLL LVVVVVVHIP R
GNM14865                        -ADEGQQFFG GGGGGPHHST LLNEEEKGEN GKKGLPPKFA IVRNREAFPR NNVMLRQKPR RRQASSTVKV IDLTVHVSIP R
GNM13455                        -DDEDEDYYG GGGGGGHHRT IVITHKKRKH KKQAMLVVIL LLKKLEPPPH KHQKKRGHRR RRSARTATTL VLIVILASIF F
GNM14938                        -DDESSEYYG GGGGGRHHRV IIDRPVKGKH RKKKMPPLYY LLRKMVLPPH YQVRKLRSKR RRDGSTTVEV VLLVVVVHYY V
GNM14483                        -EDEDDDFYG GGGSGGHHKT IVKVSTKRKH RKRSLKLLVL LLVAMPRPPV PNQRLRGRRR RRSASKTTTL VVIVVVVSVF S
GNM14872                        -NDDSDSFYG GGGGTGHHRI VVEEKVKKDH KKKSLLIILL LLKKTVPPPH MHERRRRRRR RRSTRTATKV VFVIVIVSQT Y
GNM13855                        -NDESDMFYG GGGGTGHHSY IVDPKIKRNH KKKSLLIVLL LLRKMPPPPH KQERKKGRRR RRSTSTSTRV VFIVIVVSQT Y
GNM14445                        -EDENDDFYG GGGEGGHHRK IVNIKTKPKK KKKRLLLLLV MLKKMVPPSV PQQRLRRRRR RRSSSRTAIM VVIVVVVSQF Y
GNM14366                        -DDENDDYYG GGGGSGHHHT IVITHTKRKH KKQALLVAVL MLKKLVPPPH KHQRKRGHRR RRAARTSTTM VLIVILASIF F
GNM14252                        -DDEEQDYYG GGGGGGHHRT IVISKMKRKH KKQSMLVVIL LLKKLEPPPH KHQKKRGHRR RRSARKSTTL VLIVILASIF F
GNM13760                        -DDEDQDYYG GGGGGGHHRT IVITQRKRKH KKQSMLVVIL LLKKLEPPPH KHQKKRGHRR RRSARKSTTL VLIVILASIF F
GNM13982                        -DDEEDDYYG GGGGGGHHRT IVQSNLKRKH KKRSMLVVVL LLKKLVPPSH KHQKKRGHRR RRSHSTSTVL VLIVVLASIF F
GNM13960                        -DDENDDYYG GGGGGGHHRT IVISHTKKKH KKRSMFVIVL LLKKLEPPPH KHQKKRGHRR RRSSRTSTTL ILIVILASIF F
GNM14633                        -DDEEDDYYG GGGGGGHHRT IVQSNLKRKH KKRSMLVVVL LLKKLVPPSH KHQKKRGHRR RRSHSTSTIL VLIVVLASIF F
GNM14853                        -DDEEDDYYG GGGGGGHHRT IVQSNLKRKH KKRSMLVVVL LLKKLVPPSH KHQKKRGHRR RRSHSTSTIL VLIVVLASIF F
GNM14138                        -EDEKENYYG GGGDGGHHKE LVKIEVAGKK KKKYLPLLYL LITRMTPPPH SHVRRRRRRK RRSSSQTVVV VQIIIVVAIY K
GNM14055                        -DDENDDYYG GGGGGGHHRT IVISHTKRKH KKKSMFVVVL LLKKLDPPPH KHQKKRGHRR RRSSRTSTIL ILIVVLASIF F
GNM14748                        -DDENQSYYG GGGGGGHHRT IVIPQVKRKH KKQSMLVVVL LLKKLEPPPH KHQKKRGHRR RRSARTSTTL VLIVILASIF F
GNM14246                        -EDEDENYYG GGGGGGHHKE IVKVKVAGRK KKKSLPLLYI LLKRMQPPPH THVRRSRARK RRSASRTVVV VQLVIVVSVY K
GNM14640                        -EDEKENYYG GGGGGGHHKE IVKIKVAGKK KKKSLPLIYI LIVRMPPPPH THVHKRRRRR KRGSSRTVIM VQIIIVVAIY K
GNM14965                        -NDESDAFYG GGGGTGHHSI IIDQNDKRSH KKKSLLIVLL LLKKTVPPPH LQERKRGRRR RRSISTSTKV VFIVVIVSQT Y
GNM13677                        -DEEDDKYYG GGGGGRHHQT ILAGKVEGKK KKRGLPPYYY LLRKSPGPPQ -HVRKLRRRR RRDGSKSIVV V-IIILVSSF I
GNM14339                        -ENESQEYYG GGGGGRHHRK IIDLEKKGKS RKQRFPPLYY LLKRMIPPSH AQTRKLRHKR RREGSSTVIV VLLVVAVHSY V
GNM14593                        -DDEDDSYYG GGGGGRHHKY IIKMNEKGKK KKKRMPPIYY LLSKAPRPPH KHIRKLRYRR RREASSSLVV VVLVIVVSTY V
GNM13825                        -DDESSEYYG GGGGGRHHRI AVVRPVKGKH RKKTMPPLYY LLRKMVPPPQ YHVRKLRSKR RRDGSTTVEV VLIVVVVHYY V
GNM14768                        -DSDEERYFG GGGGGNHHKT LIKSQESGKK KRKDLPPLYY LLIRAPRPPH GHVRKLRYRR RREASTSIIV VLLIIVVSML I
GNM14776                        -DNDEERYFG GGGGGNHHKT LIKSQESGKK KRKDLPPLYY LLIRAPRPPH GHVRKLRYRR RREASTSIIV VLLIIVVSML I
GNM14715                        -EDEDDDFYG GGGDGGHHKK IIKVSTKRKH RKKSLKLLVL LLVSMPKPPV KNQRLRGRRR RRSATRTATV VVVVVVVSTI S
GNM14639                        -ENEGDNYYG GGGNGGHHRK IIKTKVKRKK KKRSLMLLLI IVKKMVPPPV KQVRKRFRRR RRSASTTALV IDVVVVVSIY S
GNM13795                        -DDEDQSYYG GGGGGGHHRT IVIPQVKRKH KKQSMLVVIL LLKKLEPPPH KHQKKRGHRR RRSARTSTTL VLIVILASIF F
GNM14166                        -DDENDIYYG GGGGAGHHRT IVIPATRRKH KKKSMLVVVL LLKKLVPPPH KHQMKRGHRR RRSTSTSTKL VLIVVLVSIF F
GNM13993                        -ENDNDDFYG GGGEGGHHRK IINTKVKRKA KKRSLFLVIL MLKHMPLPPV KQQRYRNRRR RRSSASSTEL VLIVVIVHIF Y
GNM14450                        -NDDNNKFYG GGGGGGHHKI IINEKIKRKH KKKHLLLILL LVKKMVQPPH NQERKRGRKR RRSTSHTATA VVVVIVVSTI Y
GNM13515                        -DDEDDDYYG GGGGAGHHRT IIITSTKRKH KKRSMLVVVL LLKKLVPPPH KHQKKRGHRR RRSATTSTTL VLIVILASIF F
GNM13745                        -EDDKDAFYG GGGDGGHHRT IIILKTKKKS KKKSLFLLLL LVKKMSPPPV PHQRLRNRRR RRSSTSTAEI VVIVVIVNIY Y
GNM14030                        -ENEGDDFYG GGGDGGHHRK IINIQVKKKS KKRSLYLVIL LVKHMIPPPV QQQRYRNRRR RRSSASXTEL XVIVVIVHIF Y
GNM14959                        -DDEGDEYYG GGGGTGHHRV IIDRNTKGTH KKKKLPILYW LIVKAVPPPI YQFRKTRYRK RRSATSSTEI IVIVIVVTIL R
GNM13413                        -ENESEKYYG GGGGGSHHAT IIVEKIKGSK RKKKLPLLYI MLRKMEPPPH MHVRRRRHRK RRSASKTVVV VMITVHVPFY L
GNM14990                        -DDENDDYYG GGGGGGHHRT IVISHTKRKH KKKSMFVIVL LLKKLEPPPH KHQKKRGHRR RRSSRTSTIL ILIVILASIF F
GNM15005                        -DDENDDYYG GGGGGGHHRT IVISHIKRKH KKRSMFVIVL LLKKLEPPPH KHQKKRGHRR RRSSRTSTIL ILIVILASIF F
GNM14992                        -DDENDGYY- GGGGGGHH-T IVIMHTKKK- -KK-MFV-VL LLKKLEPPPH KHQ-KRG-RR R-SSRT-TIL VLIVIVA-I- F
GNM14994                        -DDENQSYY- GGGGGGHH-T IVIPVVKRK- -KN-MLV-IL LLKKLEPPPH KHQ-KRG-RR R-SART-TTL VLIVILA-I- F
GNM15013                        -DD-N-DY-- GGG-G-HH-T IVIS-IKRK- -K---F--V- -LK-L-PPPH KHQ-KRG-RR R--SR--TIL ILIVI---I- -
GNM15014                        -DDENDDYY- GGGGGGHH-T IVISHTKRK- -KK-MFV-VL LLKKLEPPPH KHQ-KRG-RR R-SSRT-TTL ILIVIVA-I- F
GNM14976                        --DE-D-YYG -CGGGG-HR- IVI-HY--KH K-RSM-VI-L L--KLE-PPH -HQKK-WHR- RRS-RTS--- ---VILAS-F F
GNM14995                        -DDEDDDYY- GGGGGGHH-T IVISNTKKK- -KK-MFV-VL LLKKLEPPPH KHQ-KRG-KR R-SSRT-TIL ILIVVLA-I- F
GNM14999                        --DEKDDYY- GGGGGG-H-N IVIVHIKRK- -ER-MIV-VL LL-KLE-PPH KHQ-KKG-RR R-SSRT-HTL IL-VVLA-N- F
GNM15018                        -DDENQDYYG GGGGGGHHRT IVISQMKRKH KKQSMLVVVL LLKKLEPPPH KHQKKRGHRR RRSARKSTTL VLIVILASIF F
GNM15024                        -DDENQDYYG GGGGGGHHRT IVISQMKRKH KKQSMLVVVL LLKKLEPPPH KHQKKRGHRR RRSARKSTTL VLIVILASIF F
GNM14980                        -DDENQDYYG GGGGGGHHRT IVISQMKRKH KKQSMLVVVL LLKKLEPPPH KHQKKRGHRR RRSARKSTTL VLIVILASIF F
GNM15000                        -DDENQDYYG GGGGGGHHRT IVISQMKRKH KKQSMLVVVL LLKKLEPPPH KHQKKRGHRR RRSARKSTTL VLIVILASIF F
GNM15026                        -DDENDDYYG GGGGGGHHRT IVITHTKRKH KKKSMFVIVL LLKKLEPPPH KHQKKRSHRR RRSSRTSTTL ILIVVLASIF F
GNM15019                        -DDENQSYYG GGGGGGHHRT IVIPVVKRKH KKQSMLVIIL LLKKLEPPPH KHQKKRGHRR RRSARTSTTL VLIVILASIF F
GNM15003                        -DDENDDYYG GGGGGGHHRT IVISHTKRKH KKRSMFVIVL LLKKLEPPPH KHQKKRGHRR RRSSRTSTTL ILIVLLASIF F
GNM11003                        -ENDNDKFYG GAGGGSHHHL IIKEKEKGNK RKKNLPLLYL MIRKMPLPSH RQIRRRRTRR RRSASKSVEL LVLVVIVSIN S
GNM11023                        WVNERDEFYG GGGGGRHHAT IIIRRTKGDR RKKRLPLLYY LLKKMVPPPP YHFRLPRNRE RRSASRTVEV VLLTVAVPFY T
GNM11055                        -EETGQQFFG GGGGGRHHKT IIDMDVKGKH KKRRLPIKYF LLKKMVPPPQ RQSRRRRFPR RGRAARSVLV VDLTVHVSIF K
GNM11146                        -EDYGDEYYG MGGGTGHHRI IIDRRTEGSH KRKKLPLLLW LIKKAVPPPV NQYRRTRFKR RRFAVSSTVL VFVVLALTIY K
GNM11219                        -ENDRDEFYG RGGGGPHHHL IIDVETKGKK KKSSLPLKYL LIRKMVRPPH PQTRKRRRKR RRSATRTAVV IQLVIVVSIP R
GNM11220                        -ENTGEKFY- GGGGGKHH-I IIDDQVKGK- -KR--PV-YI LVK-MVPPPH GHI-KRR-KR R-TAS--AVL VVLVVVV-I- P
GNM11222                        -EDEGENYYG GGGGGPHHPQ IVDTKTKGKK SKKQLPLLYM LIRKQVRPPH KHIKKLRRRR RRGASRTAVV VVLIIVVSIY Y
GNM11223                        -EDEDDSYYG GGGGGKHHKE IIKVKVAGKK KKKSLPILYI LIDKMAPPPH THVRKRRSRR RRTASRTVIV VQLVVVVSIF K
GNM11224                        -EDEDENYYG GGGGGNHHKE IIKVKVAGKK KKKSLPILYI LIAKMAPPPH THVRKRRSRR RRTASRTVIV VQLIVVVSIF K
GNM11358                        -NDESDVFYG GGGGTGHHSY IIDPKVKRNH KKKSLLIIVL LLRKMPPPPH VQERKKGRRR RRSISTSTRV VFIVIVVSQT Y
GNM11360                        -DDEDEDYYG GGGGGGHHRT IVITHKKRKH KKQAMLVVIL LLKKLEPPPH KHQKKRGHRR RRSARTATTL VLIVILASIF F
GNM11362                        -ADEEDRFYG GGGGGGHHRM IIDDKVKRKR KKKQLVLLLL LVKKMIPPAH RQERKRGRRR RRSARTTAKI VIVVVVVSIF Y
GNM11367                        -DDEEDDYYG GGGGGGHHRT IVQSNLKRKH KKRSMLVVVL LLKKLVPPSH KHQKKRGHRR RRSHSTSTVL VLIVVLASIF F
GNM11377                        -NDDSDSFYG GGGGTGHHRI VIEEKVKKDH KKKSLLIILL LLKKTVPPPH MHERRRRRRR RRSTRTATKV VFIIVIVSQT Y
GNM11380                        -DDENDAYYG GGGGAGHHRT IVISATKRKH KKKSMLVVVL LLKKLVPPPH NHQMKRGHRR RRSTSTSTKL VLIVVLVSIF F
GNM11383                        -DDENEDYYG GGGGSGHHHT IVITKTKRKH KKQSLLVSVL MLKKLTPPPH KHQRKRGHRR RRAARTSTTM VLIVILASIF F
GNM11491                        -DDEEDDYYG GGGGGGHHRT IIIMSTKRKH KKRSMYVVVL LLKKLAPPPH RHQRKRGHRR RRSARTSTTL VLIVVLASIF F
GNM11804                        -EDTGQEFFG GGGGGKHHKI IIDKERKGKH KKIRLPIKYA LVKKMIPPPH TQVRRRRFPR RGRAARSALV VDLTVHVSFF R
GNM11805                        -VEKNEKFFG GGGGGKHFMK IVVEEKTGKN GRTSLPVKYL LIKKMIRPPQ KQIRRAQSHS NRNCATSSIL IILTIAVSIT S
GNM12886                        -NDDDEAFYG GGGGTGHHQI IVDKKVKRDH KKKSLFIILL LLKKTIPPPH MQERRRGRRR RRSTRTATRV VFIIVVVSQT Y
GNM12892                        -NDESDAFYG GGGGTGHHSI IIDQNDKRSH KKKSLLIVLL LLKKTVPPPH LQERRRGRRR RRSISTSTKV VFIVVIVSQT Y
GNM12895                        -NDDNNKFYG GGGGGGHHKI IINEKIKRKH KKKHLLLILL LVKKMVQPPH NQERKRGRKR RRSTSHTATA VVVVIVVSTI Y
GNM13060                        -DDENDEFYG GGGGGGHHHT IIKKKTKKKK KKKKLLLLLL LLLLMPPPPP QHQRRRRRRR RRSSSTTTVV VIVVVVVYYY Y
GNM13061                        -EDEDQGFYG GGGGGGHHHT VIKEKVKKKK KKRKLFLLLL LVALMVPPPH KQQRLRRKRR RRSSSTTTVL VVVVVVVYIY Y
GNM13062                        -EDENDDFYG GGGNGGHHKK IIKVSTKRKH RKKSLKLLVL LLVSMPRPPV NNQRLRGRRR RRSAARTATV VVVVVVVSVA S
GNM13064                        -ENDNDDFYG GGGEGGHHRK IINTKVKRKA KKRSLFLVIL MLKHMPLPPV KQQRYRNRRR RRSSASSTEL VLIVVIVHIF Y
GNM13066                        -ENNNDDFYG GGGEGGHHRK IINTQIKRKA KKRSLFLVML MLKHMPLPPV QQQRYRNRRR RRSSASTTEL VVIVIIVHIF Y
GNM11034                        -DDDSSEYYG GGGGGRHHRV VIDRPVKGKH RKKSMPPLYY LLKRMALPPQ YQVRKLRSKR RRDGSTTVEV VLLVVVVHYY V
GNM11363                        -ADEEDRFYG GGGGGGHHRM IIDDKVKRKR KKKQLVLLLL LVKKMIPPAH RQERKRGRRR RRSARTTAKI VIVVVVVSIF Y
GNM11375                        -DDEDQDYYG GGGGGGHHRT IVITQRKRKH KKQSMLVVIL LLKKLEPPPH KHQKKRGHRR RRSARKSTTL VLIVILASIF F
GNM11381                        -DDENDDYYG GGGGSGHHHT VVITKTKRKH KKQSLLVAVL MLKKLQPPPH KHQRKRGHRR RRAARTSTTI VLIVILASIF F
GNM11382                        -DDENEDYYG GGGGAGHHHT IVITHKKRKH KKQSLLVVVL MLKKMVPPPH KHQRKRSYKR RRSVRTSTTM VLIVILASIF F
GNM11799                        -DDENDGYYG GGGGGGHHRT IVIMHTKRKH KKKSMFVVVL LLKKLEPPPH KHQKKRGHRR RRSSRTSTIL VLIVIVASIF F
GNM11841                        -ADEGEDFFG GGGGGPHHST ILKEDTKGNN GKKGLAPKYA VIRNRDRFPP VDVLQTQEPD RRQASKTVKV IDLTVHVSIP R
GNM11931                        -ADDGEEFYG GGGGGPHHNT LLTDDTMGDN NKSGLAPKFA ILRNRDTFPQ NSVLLGQSPD RGQASQSVKV VDLTVHVSIP R
GNM12040                        -ADEGQKFYG GGGGGPHHST ILREDEKGEN GKKDLPPKFA ILRNREAFPR INVMHRQTPR RRQASSTAKI IDLTVHVSIP R
GNM12071                        -ADEGSEFFG GGGGGPHHST ILKTDTKGKN AKQDLAPKFA ILSNREAFPQ PDVQRTQKPA RRQASSTVKV IDMTVHVSIP R
GNM12125                        -ENEGDEYYG GGGGGPHHPI IIITKTKGKK RKKKLPLVYL MLRKMPPPPM RHVRKRRHKK RRSASKTVIV VVLVVYVSFF L
GNM12126                        -ENDDDKFYG GGGGGPHHAT PIDYKEVGSK RKKHYPLIYV LIRKLPPPPW RCIRKRRHRK RRSAARTVLV VDLVVIVPIW L
GNM12128                        -EDNSDEYYG GGGGGPHHAK VIKIKKKGKQ RKSKMPLLLI LLEKMIPPPH KIIRKLRHRK MRSASRTLEV VVVVIYVPFL K
GNM12182                        -ENDDEKYLG GGGGGSHHHI IIKEKTKGSR RKRKLPLLYL MLNKMEQPSH KQTRKRRTRK RRGSSKSVEV VLLVIVVSIN R
GNM12342                        -QDEGEKFFG GGGGGPHHMQ IIVYKIKGKE KKYKLPIKFA LIRKMEPPPH RHVRRYQRPR RRTASSTAIV VDLTVHVSIF R
GNM12346                        -QDEGQGFFG GGGGGPHYRT IIDKEEKGKH KKKHFSVKWA VVKKMVPPPH SQVRLRALRR RRSASNTAFV IDLTIHVSIE K
GNM12351                        -QDDNQQFFG GGGGGPHNTE IIDKEKSGKH CKMYLSIKYA IVKKMEPPPQ TQVRKLRSAR KRSASKTSLL VDLTVHVSIE K
GNM12356                        -QDQHQEFFG GGGGGPHHKE LVITEKAGKE GKTYLPIKFA LIRKMNEPPQ KHVRKRRSPS KRTSSKTAIV VDLTIHVSIF R
GNM12357                        -QDCGDRFYG GGGGGPHHKD LVVYTVKGKE KKRYLPLKFA LIRKMEEPPQ KHVRKRRSPR KRTSSQTALV VDLTIHVSIF R
GNM12366                        -QDCGDRFYG GGGGGPHHKD IVVYTTKGKE KKTYLPLKFA LIRKMEEPPQ KHVRKRRSPR KRTASSTALV VDLTVHVSIF R
GNM12373                        -QDNNQEFFG GGGGGNHHKT LLVTDTAGKN RKKYLPVKWV IVTKQEAPSQ KHVKKRRKPR RRTASQTALL IDLTIHVHII K
GNM12385                        -QESDQEFFG GGGGGPHHHQ VVVVETSGKN KKRYFPVKWV IVKKMIAPPQ RHVRKRRKRR RRTASKTALL VDLTVHVHIP S
GNM12551                        -EDEGQKYFG GGGGGPHHRK IIVEEEKGKK RKKKLPLKYM TLKKMEPPPH RHVRRYQSPR RRGASRTVIV IDLTVHVSIF P
GNM12554                        -QNQNETFFG GGGGGPHHHT VIVEETAGKN KKKYFPVKWV IVKKMVAPSQ HHVRLRRKRR RRTASKTAML IDLTVHVHIP S
GNM12592                        -EDDSEEFFG QGGGGPHHKL IIIKATAGKH NKKDLPVKYA IVVKMVAPPH PHIRRLRKPR KRVASKTAVL VDLTVHVSIF R
GNM12596                        -QDENQEFFG GGGGGPHNNE IIDMEKAGKH CKMYLPVKYA IVKKMEPPPQ RQVKSLRRPR KRSSSQTSVL VSLTVHVSFE R
GNM12602                        -QDENQEFFG GGGGGPHNNE IIDMEKAGKH CKMYLPVKYA IVKKMEPPPQ RQIKSLRRPR KRSSSQTSIL VSLTIHVSIE K
GNM12665                        -QDENQAFFG GGGGGPHNNE IIDMEKSGKH CKMYLPVKYA IVKKMDPPPQ RQVRFVRRPR KRSSSQTSIL VELTVHVSFE K
GNM12745                        -EDVNNAFFG GGGGGPHHKE VIIAEEKGRK RKKYLPIKYK ILKRQVLPSH KHIKKRKSPK RRSASKSILV IDLTVHVSIF R
GNM12749                        -QEQNQEFFG GGGGGPHHLT CIVFESKGKN KKKYFPVKWV IVRKMLAPPQ RHIRKRRKRR RRTASKTSLV IDLTVHVHIP R
GNM12758                        -EDSNDAFFG GGGGGPHHRQ IIIDNRKGRR KKLHLPIKYK ILQKQEMPPH KHIRKRMSPK RRTSSQTVVV LDLTVHVSVF R
GNM12763                        -EDRNDSFFG GGGGGPHHGI VIIEEEKGKK GKKYFPIKYM IVRKQKPPPH RHIRKRRSHK RRTCSKTSLI VDLTVHVSIL R
GNM12766                        -QDQGDKFYG GGGGGPHHRL IIVYKIKGKE KKYKLPIKFA LIRKMEPPPH RHYRRRRSPR RRTASSTAIV VDLTVHVSIF R
GNM12841                        -ADENEEFYG GGGGGPHHST LLKTDTVGNN AKKNLPPKFS IVRNQDRFPP ENVRRAQQPD RRQASKTAKV IDLTVHVSIP R
GNM12849                        -DDENEDYY- GGGGGGHH-T IVITHNKRK- -KQ-MLV-IL LLKKLEPPPH KHQ-KRG-RR R-SART-TTL VLIVILA-I- F
GNM12869                        -DDENQDYYG GGGGGGHHRT IVISKMKRKH KKQSMLVVVL LLKKLEPPPH KHQKKRGHRR RRSARKSTTL VLIVILASIF F
GNM12896                        -DDENDAYYG GGGGAGHHRT LVISATKRKH KKKSMLVVVL LLKKLVPPPH NHQMKRGHRR RRSTSTSTKL VLIVVLVSIF F
GNM12897                        -DDEDDAYYG GGGGAGHHRT IVISATKRKH KKKSMLVVVL LLKKLVPPPH NHQMKRGHRR RRSTSTSTKL VLIVILVSIF F
GNM12902                        -VNTNDSFFG GGGGGKHHMK IIVEEVVGDK GKRRMPVVYM MVRKMVKPSP KQVRIAQSHS DRNCATSAIL FVLTIAASIP E
GNM12903                        -EDEDDEYYG GGGGTGHHRI IIDKKTKGSH KKKKLPLLYL LIKKAVPPSI FQFRKTRYRR RRSATRTTVI TLLVVIVTIY R
GNM12906                        -EDEDDEYYG GGGGTGHHRI VIDKKVKGSH KKKKLPLLYL LIKKAPPPPV YQFRKTRYRR RRSATSSTVI TILVVVVTVY R
GNM12907                        -EDEDDEYYG GGGGTGHHRI IIDKKVKGSH KKKKLPLLYL LIRKAPPPPI YQFRKTRYRR RRSATSSTVI TILVVVVTIY R
GNM12909                        -EDEDDEYYG GGGGNGHHRI IIDKKVKGEH KKRKLPLLYL LLKKAPPPPV YQFRKTRYRR RRSATRSVVI TLLVVVVTVY R
GNM12915                        -VEENQEFFS GGGGGPHDKT IIVVETKGKH KKRKLPLKYF LLRKMVPPPH PHYRRHRRPD RRTASRTIIV VDLTVHVAFF R
GNM10046                        -VEESQEFFS GGGGGPHDKT IIVVETKGKH KKRKLPLKYF LLRKMVPPPH KHYRRHRRPE RRTASSTIIV IDLTVHVAFF R
GNM12918                        -VEENQEFFS GGGGGPHDKT IIVVETKGKH KKKKLPLKYF LLRKMVPPPH PHYRRHRRPD RRTASRTIIV VDLTVHVPFF R
GNM12931                        -ENDDDKYYG GGGGGPHHAT VIVEKTKGKR RKKKFPLVYL MLRKMPPPPH THIRKRRHRK RRSAASTIIV ILLTIHVPFY L
GNM12938                        -ENDDEKYYG GGGGGKHHRV IVKESLKGKK KRYKLPLLYL MLIKMQPPPH NHIRKRRSRK RRSASETVEV VILVVVVSIY L
GNM12996                        -ENEDDSYYG GGGGGSHHHV IIKEKKKGSR RKKSLPLLYL MIVKMESPPH TQVRKRRTRR RRSASRSVLV VLLVIVVSIY R
GNM13018                        -ENEDDSYYG GGGGGSHHHV IVKEKKKGQK RKNSLPLLYL MIVKMEPPPH TQVRKRRTRR RRSASRSVLV VLLVIVVSIY K
GNM13027                        -ENEDDRYFG GGGGGRHHHV IIKEKVKGKK RKYKLPLLYL MIAKMEKPPH THVRKRRTRK RRSASTTVIV VLLVIVVSIY L
GNM13046                        -DDKNDDYYG GGGGSGHHHT IVITNVKRKY KKRAMLVVVL LLKKLVPPPH KHQRKRGHRR RRSARTSTTL ILVVVLASIF F
GNM13053                        -EDRNDRFY- GGGNGGHH-Q IIDMSVKPK- -KE-MLL-LI LIRKMVPPPV PQQ-KRR-RR R-SSSK-PVI LIIVVVV-S- N
GNM13074                        -VEEGQQFFS GGGGGPHDKT IIVVETKGKH KKKGLPLKYF LFRKMVPPPH THYRRHRRPD RRTASSTIIV IDLTVHVAFF R
GNM10010                        -VEEGQEFFS GGGGGPHDKT IIVVETKGRH KKKGLPLKYF LFRKMVPPPH KHYRRHRRPD RRTASSTIIV IDLTVHVAFF R
GNM10014                        -VEEGQQFFS GGGGGPHDKT IIVVETKGKH KKKGLPLKYF LFRKMVPPPH THYRRHRRPD RRTASSTIIV IDLTVHVAFF R
GNM13090                        -VEEGQQFFS GGGGGPHDKT IIVIETKGKH KKKGLPLKYF LFRKMVAPPH RHYRRHRRPD RRTASSTIIV IDLTVHVAFF R
GNM13118                        -EDESDEYYG GGGGTGHHHK IIDVNRKGEH RKRKLKLLYL MIKKAPPPPI VQFRRTRNRR RRSATRGTVI VLIVVVVSIY R
GNM13126                        -VEESDAFFG DGGGGVHYMY IIDTEVLGAH GKRRLPIKYF MVKKMPKPPH KQVRYSQSHD RRGCSTSAKV VILTVAVSIP R
GNM13128                        -VEESDGFFG GGGGGIHYMY IIDTSILGNH GKRRLPIKYM MVKKMPRPPH KQVRYSQSHN RRGCSTSAKV VVLTVAVSIP R
GNM13208                        -EDESDLYYG GGGGNGHHRK IIDVKLKGTH KKRKLPLLYL MLVKAEPPPI EQYRRPQYRA RRSATSSVIV VVLVVVVTVY R
GNM13210                        -ENEDDKYYG GGGGGPHHAI IIKEKVKGER RKVKLPLLYL LLRKMELPPH MHVRRRRHRL RRSSSRTVIV VALTIHVPFL L
GNM12773                        -EDNESKFYG GGGGSNHHGH MIKFEISGKK GSRGLSILYL LIEKLIPPSQ PHVFKRRTKR RRSGSKAVVV VKLIVIVSIY K



    1    1    1    1    1    1    1    1    1    1    1    1    1    1    1
    1    1    1    1    1    1    1    1    1    1    1    1    1    1    1
    1    1    1    1    1    1    1    1    1    1    1    1    1    1    1
    1    1    1    1    1    1    1    1    1    1    1    1    1    1    1
    1    1    1    1    1    1    1    1    1    1    1    1    1    1    1
    1    1    1    1    1    1

AAML (in paml version 4.9h, March 2018)  tmp0021.txt
Model: Empirical,  (../wag.dat) dGamma (ncatG=4) ns = 150  ls =  81


Frequencies..
                                    A      R      N      D      C      Q      E      G      H      I      L      K      M      F      P      S      T      W      Y      V
GNM13746                       0.00000 0.11250 0.01250 0.06250 0.00000 0.03750 0.01250 0.08750 0.03750 0.03750 0.12500 0.15000 0.01250 0.02500 0.05000 0.03750 0.03750 0.00000 0.05000 0.11250
GNM13538                       0.00000 0.13750 0.01250 0.01250 0.00000 0.06250 0.05000 0.08750 0.03750 0.03750 0.11250 0.10000 0.03750 0.01250 0.07500 0.07500 0.02500 0.00000 0.01250 0.11250
GNM13876                       0.01282 0.12821 0.00000 0.05128 0.00000 0.02564 0.05128 0.12821 0.03846 0.07692 0.07692 0.11538 0.00000 0.01282 0.06410 0.06410 0.01282 0.00000 0.06410 0.07692
GNM13680                       0.02500 0.15000 0.01250 0.06250 0.00000 0.01250 0.02500 0.08750 0.06250 0.07500 0.06250 0.10000 0.01250 0.03750 0.03750 0.03750 0.07500 0.00000 0.02500 0.10000
GNM14837                       0.02500 0.10000 0.00000 0.05000 0.00000 0.05000 0.02500 0.10000 0.07500 0.07500 0.10000 0.12500 0.01250 0.02500 0.03750 0.06250 0.03750 0.00000 0.02500 0.07500
GNM13928                       0.02500 0.10000 0.00000 0.05000 0.00000 0.03750 0.02500 0.10000 0.07500 0.07500 0.10000 0.13750 0.02500 0.02500 0.03750 0.06250 0.03750 0.00000 0.02500 0.06250
GNM13297                       0.00000 0.13750 0.01250 0.01250 0.00000 0.06250 0.05000 0.08750 0.03750 0.03750 0.11250 0.10000 0.03750 0.01250 0.07500 0.07500 0.02500 0.00000 0.01250 0.11250
GNM14865                       0.05000 0.10000 0.06250 0.02500 0.00000 0.05000 0.07500 0.12500 0.03750 0.03750 0.06250 0.07500 0.01250 0.05000 0.07500 0.05000 0.03750 0.00000 0.00000 0.07500
GNM13455                       0.05000 0.10000 0.00000 0.05000 0.00000 0.02500 0.03750 0.10000 0.08750 0.07500 0.10000 0.12500 0.01250 0.02500 0.03750 0.02500 0.06250 0.00000 0.02500 0.06250
GNM14938                       0.00000 0.12500 0.00000 0.05000 0.00000 0.01250 0.03750 0.10000 0.06250 0.02500 0.08750 0.10000 0.02500 0.00000 0.06250 0.05000 0.02500 0.00000 0.08750 0.15000
GNM14483                       0.02500 0.13750 0.01250 0.05000 0.00000 0.01250 0.02500 0.08750 0.03750 0.02500 0.10000 0.08750 0.01250 0.02500 0.05000 0.08750 0.06250 0.00000 0.01250 0.15000
GNM14872                       0.01250 0.13750 0.01250 0.05000 0.00000 0.01250 0.03750 0.07500 0.06250 0.06250 0.07500 0.11250 0.01250 0.02500 0.03750 0.06250 0.07500 0.00000 0.02500 0.11250
GNM13855                       0.00000 0.11250 0.02500 0.03750 0.00000 0.02500 0.02500 0.08750 0.05000 0.06250 0.07500 0.11250 0.02500 0.02500 0.06250 0.08750 0.06250 0.00000 0.03750 0.08750
GNM14445                       0.01250 0.13750 0.02500 0.03750 0.00000 0.03750 0.03750 0.07500 0.02500 0.05000 0.08750 0.12500 0.03750 0.02500 0.05000 0.06250 0.02500 0.00000 0.02500 0.12500
GNM14366                       0.06250 0.10000 0.01250 0.05000 0.00000 0.02500 0.01250 0.08750 0.10000 0.06250 0.08750 0.10000 0.02500 0.02500 0.03750 0.03750 0.07500 0.00000 0.02500 0.07500
GNM14252                       0.02500 0.10000 0.00000 0.03750 0.00000 0.03750 0.03750 0.10000 0.07500 0.07500 0.10000 0.13750 0.02500 0.02500 0.03750 0.06250 0.03750 0.00000 0.02500 0.06250
GNM13760                       0.02500 0.11250 0.00000 0.05000 0.00000 0.05000 0.02500 0.10000 0.07500 0.07500 0.10000 0.12500 0.01250 0.02500 0.03750 0.05000 0.05000 0.00000 0.02500 0.06250
GNM13982                       0.01250 0.10000 0.01250 0.05000 0.00000 0.02500 0.02500 0.10000 0.08750 0.03750 0.11250 0.11250 0.01250 0.02500 0.02500 0.08750 0.03750 0.00000 0.02500 0.11250
GNM13960                       0.01250 0.10000 0.01250 0.05000 0.00000 0.01250 0.02500 0.10000 0.08750 0.08750 0.08750 0.12500 0.01250 0.03750 0.03750 0.07500 0.06250 0.00000 0.02500 0.05000
GNM14633                       0.01250 0.10000 0.01250 0.05000 0.00000 0.02500 0.02500 0.10000 0.08750 0.05000 0.11250 0.11250 0.01250 0.02500 0.02500 0.08750 0.03750 0.00000 0.02500 0.10000
GNM14853                       0.01250 0.10000 0.01250 0.05000 0.00000 0.02500 0.02500 0.10000 0.08750 0.05000 0.11250 0.11250 0.01250 0.02500 0.02500 0.08750 0.03750 0.00000 0.02500 0.10000
GNM14138                       0.02500 0.11250 0.01250 0.02500 0.00000 0.02500 0.06250 0.08750 0.05000 0.07500 0.07500 0.12500 0.01250 0.00000 0.05000 0.05000 0.03750 0.00000 0.06250 0.11250
GNM14055                       0.01250 0.10000 0.01250 0.06250 0.00000 0.01250 0.01250 0.10000 0.08750 0.07500 0.08750 0.12500 0.01250 0.03750 0.03750 0.07500 0.05000 0.00000 0.02500 0.07500
GNM14748                       0.02500 0.10000 0.01250 0.02500 0.00000 0.05000 0.02500 0.10000 0.07500 0.06250 0.10000 0.11250 0.01250 0.02500 0.05000 0.06250 0.05000 0.00000 0.02500 0.08750
GNM14246                       0.03750 0.11250 0.01250 0.02500 0.00000 0.02500 0.05000 0.10000 0.05000 0.03750 0.07500 0.12500 0.01250 0.00000 0.05000 0.06250 0.02500 0.00000 0.05000 0.15000
GNM14640                       0.02500 0.10000 0.01250 0.01250 0.00000 0.01250 0.05000 0.11250 0.06250 0.12500 0.03750 0.15000 0.02500 0.00000 0.06250 0.03750 0.02500 0.00000 0.05000 0.10000
GNM14965                       0.01250 0.10000 0.02500 0.05000 0.00000 0.03750 0.02500 0.08750 0.05000 0.08750 0.08750 0.10000 0.00000 0.02500 0.03750 0.10000 0.06250 0.00000 0.02500 0.08750
GNM13677                       0.01282 0.12821 0.00000 0.05128 0.00000 0.02564 0.03846 0.14103 0.03846 0.07692 0.07692 0.11538 0.00000 0.01282 0.06410 0.06410 0.01282 0.00000 0.06410 0.07692
GNM14339                       0.02500 0.12500 0.01250 0.01250 0.00000 0.03750 0.06250 0.10000 0.06250 0.05000 0.08750 0.10000 0.01250 0.01250 0.05000 0.07500 0.02500 0.00000 0.06250 0.08750
GNM14593                       0.02500 0.11250 0.01250 0.05000 0.00000 0.00000 0.03750 0.08750 0.05000 0.06250 0.06250 0.13750 0.02500 0.00000 0.06250 0.07500 0.01250 0.00000 0.08750 0.10000
GNM13825                       0.01250 0.12500 0.00000 0.03750 0.00000 0.01250 0.03750 0.10000 0.06250 0.02500 0.06250 0.08750 0.02500 0.00000 0.07500 0.05000 0.03750 0.00000 0.08750 0.16250
GNM14768                       0.02500 0.12500 0.01250 0.03750 0.00000 0.01250 0.05000 0.10000 0.05000 0.08750 0.11250 0.08750 0.01250 0.01250 0.06250 0.07500 0.02500 0.00000 0.05000 0.06250
GNM14776                       0.02500 0.12500 0.02500 0.03750 0.00000 0.01250 0.05000 0.10000 0.05000 0.08750 0.11250 0.08750 0.01250 0.01250 0.06250 0.06250 0.02500 0.00000 0.05000 0.06250
GNM14715                       0.02500 0.12500 0.01250 0.06250 0.00000 0.01250 0.02500 0.08750 0.03750 0.03750 0.08750 0.12500 0.01250 0.01250 0.03750 0.07500 0.06250 0.00000 0.01250 0.15000
GNM14639                       0.02500 0.12500 0.03750 0.02500 0.00000 0.01250 0.02500 0.08750 0.02500 0.07500 0.06250 0.15000 0.02500 0.01250 0.03750 0.06250 0.03750 0.00000 0.03750 0.13750
GNM13795                       0.02500 0.10000 0.00000 0.03750 0.00000 0.05000 0.02500 0.10000 0.07500 0.07500 0.10000 0.11250 0.01250 0.02500 0.05000 0.06250 0.05000 0.00000 0.02500 0.07500
GNM14166                       0.02500 0.10000 0.01250 0.03750 0.00000 0.01250 0.01250 0.08750 0.07500 0.06250 0.10000 0.11250 0.02500 0.02500 0.05000 0.06250 0.06250 0.00000 0.02500 0.11250
GNM13993                       0.02500 0.12500 0.05000 0.03750 0.00000 0.02500 0.03750 0.07500 0.05000 0.07500 0.08750 0.10000 0.02500 0.03750 0.03750 0.06250 0.02500 0.00000 0.03750 0.08750
GNM14450                       0.02500 0.08750 0.06250 0.02500 0.00000 0.02500 0.02500 0.10000 0.07500 0.08750 0.07500 0.15000 0.01250 0.01250 0.02500 0.03750 0.05000 0.00000 0.02500 0.10000
GNM13515                       0.03750 0.10000 0.00000 0.06250 0.00000 0.01250 0.01250 0.08750 0.07500 0.07500 0.10000 0.11250 0.01250 0.02500 0.03750 0.06250 0.08750 0.00000 0.02500 0.07500
GNM13745                       0.02500 0.10000 0.02500 0.05000 0.00000 0.01250 0.02500 0.07500 0.03750 0.08750 0.10000 0.12500 0.01250 0.02500 0.05000 0.07500 0.05000 0.00000 0.03750 0.08750
GNM14030                       0.01282 0.11538 0.03846 0.03846 0.00000 0.05128 0.03846 0.08974 0.05128 0.10256 0.06410 0.08974 0.01282 0.02564 0.03846 0.06410 0.01282 0.00000 0.05128 0.10256
GNM14959                       0.02500 0.10000 0.01250 0.05000 0.00000 0.01250 0.03750 0.10000 0.03750 0.12500 0.05000 0.10000 0.00000 0.01250 0.05000 0.03750 0.08750 0.01250 0.06250 0.08750
GNM13413                       0.02500 0.11250 0.01250 0.00000 0.00000 0.00000 0.06250 0.08750 0.07500 0.06250 0.06250 0.12500 0.05000 0.01250 0.06250 0.06250 0.03750 0.00000 0.05000 0.10000
GNM14990                       0.01250 0.10000 0.01250 0.05000 0.00000 0.01250 0.02500 0.10000 0.08750 0.10000 0.08750 0.12500 0.01250 0.03750 0.03750 0.07500 0.05000 0.00000 0.02500 0.05000
GNM15005                       0.01250 0.11250 0.01250 0.05000 0.00000 0.01250 0.02500 0.10000 0.08750 0.11250 0.08750 0.11250 0.01250 0.03750 0.03750 0.07500 0.03750 0.00000 0.02500 0.05000
GNM14992                       0.01471 0.07353 0.01471 0.04412 0.00000 0.01471 0.02941 0.11765 0.07353 0.08824 0.08824 0.13235 0.02941 0.02941 0.04412 0.02941 0.05882 0.00000 0.02941 0.08824
GNM14994                       0.02941 0.08824 0.02941 0.02941 0.00000 0.02941 0.02941 0.10294 0.05882 0.08824 0.11765 0.10294 0.01471 0.01471 0.05882 0.02941 0.05882 0.00000 0.02941 0.08824
GNM15013                       0.00000 0.12000 0.02000 0.06000 0.00000 0.02000 0.00000 0.10000 0.08000 0.16000 0.08000 0.12000 0.00000 0.02000 0.06000 0.04000 0.04000 0.00000 0.02000 0.06000
GNM15014                       0.01471 0.08824 0.01471 0.05882 0.00000 0.01471 0.02941 0.10294 0.07353 0.08824 0.08824 0.11765 0.01471 0.02941 0.04412 0.04412 0.07353 0.00000 0.02941 0.07353
GNM14976                       0.01852 0.11111 0.00000 0.03704 0.01852 0.01852 0.03704 0.09259 0.11111 0.07407 0.07407 0.09259 0.01852 0.03704 0.03704 0.07407 0.01852 0.01852 0.05556 0.05556
GNM14995                       0.01471 0.05882 0.01471 0.07353 0.00000 0.01471 0.02941 0.10294 0.05882 0.08824 0.10294 0.14706 0.01471 0.02941 0.04412 0.04412 0.05882 0.00000 0.02941 0.07353
GNM14999                       0.01587 0.09524 0.03175 0.04762 0.00000 0.01587 0.04762 0.11111 0.07937 0.07937 0.11111 0.11111 0.01587 0.01587 0.03175 0.03175 0.03175 0.00000 0.03175 0.09524
GNM15018                       0.02500 0.10000 0.01250 0.03750 0.00000 0.05000 0.02500 0.10000 0.07500 0.06250 0.10000 0.12500 0.02500 0.02500 0.03750 0.06250 0.03750 0.00000 0.02500 0.07500
GNM15024                       0.02500 0.10000 0.01250 0.03750 0.00000 0.05000 0.02500 0.10000 0.07500 0.06250 0.10000 0.12500 0.02500 0.02500 0.03750 0.06250 0.03750 0.00000 0.02500 0.07500
GNM14980                       0.02500 0.10000 0.01250 0.03750 0.00000 0.05000 0.02500 0.10000 0.07500 0.06250 0.10000 0.12500 0.02500 0.02500 0.03750 0.06250 0.03750 0.00000 0.02500 0.07500
GNM15000                       0.02500 0.10000 0.01250 0.03750 0.00000 0.05000 0.02500 0.10000 0.07500 0.06250 0.10000 0.12500 0.02500 0.02500 0.03750 0.06250 0.03750 0.00000 0.02500 0.07500
GNM15026                       0.01250 0.10000 0.01250 0.05000 0.00000 0.01250 0.02500 0.08750 0.08750 0.07500 0.08750 0.12500 0.01250 0.03750 0.03750 0.07500 0.07500 0.00000 0.02500 0.06250
GNM15019                       0.02500 0.10000 0.01250 0.02500 0.00000 0.03750 0.02500 0.10000 0.07500 0.08750 0.10000 0.11250 0.01250 0.02500 0.05000 0.06250 0.05000 0.00000 0.02500 0.07500
GNM15003                       0.01250 0.11250 0.01250 0.05000 0.00000 0.01250 0.02500 0.10000 0.08750 0.07500 0.10000 0.11250 0.01250 0.03750 0.03750 0.07500 0.06250 0.00000 0.02500 0.05000
GNM11003                       0.02500 0.13750 0.06250 0.02500 0.00000 0.01250 0.05000 0.07500 0.05000 0.07500 0.11250 0.11250 0.02500 0.01250 0.03750 0.08750 0.01250 0.00000 0.02500 0.06250
GNM11023                       0.03704 0.16049 0.02469 0.02469 0.00000 0.00000 0.04938 0.08642 0.03704 0.03704 0.09877 0.06173 0.01235 0.03704 0.08642 0.02469 0.06173 0.01235 0.06173 0.08642
GNM11055                       0.02500 0.15000 0.00000 0.03750 0.00000 0.05000 0.02500 0.11250 0.05000 0.05000 0.06250 0.11250 0.02500 0.06250 0.06250 0.03750 0.03750 0.00000 0.01250 0.08750
GNM11146                       0.03750 0.12500 0.01250 0.03750 0.00000 0.01250 0.03750 0.08750 0.03750 0.06250 0.10000 0.08750 0.01250 0.03750 0.05000 0.03750 0.06250 0.01250 0.06250 0.08750
GNM11219                       0.02500 0.16250 0.01250 0.03750 0.00000 0.02500 0.03750 0.07500 0.05000 0.07500 0.07500 0.11250 0.01250 0.01250 0.07500 0.05000 0.05000 0.00000 0.02500 0.08750
GNM11220                       0.03077 0.07692 0.01538 0.03077 0.00000 0.01538 0.03077 0.12308 0.06154 0.09231 0.04615 0.12308 0.01538 0.01538 0.07692 0.01538 0.03077 0.00000 0.03077 0.16923
GNM11222                       0.02500 0.11250 0.01250 0.02500 0.00000 0.03750 0.03750 0.11250 0.05000 0.07500 0.07500 0.12500 0.01250 0.00000 0.06250 0.03750 0.03750 0.00000 0.06250 0.10000
GNM11223                       0.03750 0.10000 0.00000 0.05000 0.00000 0.01250 0.03750 0.08750 0.05000 0.08750 0.05000 0.15000 0.01250 0.01250 0.05000 0.06250 0.03750 0.00000 0.03750 0.12500
GNM11224                       0.05000 0.10000 0.02500 0.02500 0.00000 0.01250 0.05000 0.08750 0.05000 0.10000 0.05000 0.13750 0.01250 0.01250 0.05000 0.05000 0.03750 0.00000 0.03750 0.11250
GNM11358                       0.00000 0.11250 0.02500 0.03750 0.00000 0.02500 0.02500 0.08750 0.05000 0.08750 0.06250 0.10000 0.01250 0.02500 0.06250 0.08750 0.05000 0.00000 0.03750 0.11250
GNM11360                       0.05000 0.10000 0.00000 0.05000 0.00000 0.02500 0.03750 0.10000 0.08750 0.07500 0.10000 0.12500 0.01250 0.02500 0.03750 0.02500 0.06250 0.00000 0.02500 0.06250
GNM11362                       0.05000 0.16250 0.00000 0.05000 0.00000 0.02500 0.03750 0.10000 0.03750 0.07500 0.07500 0.12500 0.02500 0.02500 0.02500 0.02500 0.02500 0.00000 0.02500 0.11250
GNM11367                       0.01250 0.10000 0.01250 0.05000 0.00000 0.02500 0.02500 0.10000 0.08750 0.03750 0.11250 0.11250 0.01250 0.02500 0.02500 0.08750 0.03750 0.00000 0.02500 0.11250
GNM11377                       0.01250 0.13750 0.01250 0.05000 0.00000 0.01250 0.03750 0.07500 0.06250 0.08750 0.07500 0.11250 0.01250 0.02500 0.03750 0.06250 0.07500 0.00000 0.02500 0.08750
GNM11380                       0.03750 0.08750 0.02500 0.03750 0.00000 0.01250 0.01250 0.08750 0.07500 0.05000 0.10000 0.11250 0.02500 0.02500 0.03750 0.07500 0.06250 0.00000 0.02500 0.11250
GNM11383                       0.03750 0.10000 0.01250 0.03750 0.00000 0.02500 0.02500 0.08750 0.08750 0.06250 0.08750 0.11250 0.02500 0.02500 0.03750 0.06250 0.08750 0.00000 0.02500 0.06250
GNM11491                       0.03750 0.13750 0.00000 0.05000 0.00000 0.01250 0.02500 0.10000 0.07500 0.06250 0.08750 0.08750 0.02500 0.02500 0.03750 0.06250 0.06250 0.00000 0.03750 0.07500
GNM11804                       0.05000 0.13750 0.00000 0.03750 0.00000 0.02500 0.03750 0.11250 0.06250 0.07500 0.05000 0.12500 0.01250 0.06250 0.06250 0.02500 0.03750 0.00000 0.01250 0.07500
GNM11805                       0.03750 0.06250 0.05000 0.00000 0.01250 0.03750 0.05000 0.10000 0.02500 0.11250 0.06250 0.12500 0.02500 0.03750 0.03750 0.08750 0.06250 0.00000 0.01250 0.06250
GNM12886                       0.02500 0.13750 0.01250 0.06250 0.00000 0.03750 0.02500 0.08750 0.05000 0.08750 0.06250 0.10000 0.01250 0.03750 0.03750 0.03750 0.07500 0.00000 0.02500 0.08750
GNM12892                       0.01250 0.11250 0.02500 0.05000 0.00000 0.03750 0.02500 0.08750 0.05000 0.08750 0.08750 0.08750 0.00000 0.02500 0.03750 0.10000 0.06250 0.00000 0.02500 0.08750
GNM12895                       0.02500 0.08750 0.06250 0.02500 0.00000 0.02500 0.02500 0.10000 0.07500 0.08750 0.07500 0.15000 0.01250 0.01250 0.02500 0.03750 0.05000 0.00000 0.02500 0.10000
GNM13060                       0.00000 0.11250 0.01250 0.03750 0.00000 0.02500 0.02500 0.08750 0.05000 0.03750 0.12500 0.13750 0.01250 0.01250 0.06250 0.03750 0.06250 0.00000 0.06250 0.10000
GNM13061                       0.01250 0.10000 0.00000 0.02500 0.00000 0.03750 0.03750 0.10000 0.05000 0.02500 0.11250 0.13750 0.01250 0.02500 0.03750 0.03750 0.05000 0.00000 0.05000 0.15000
GNM13062                       0.05000 0.13750 0.05000 0.03750 0.00000 0.01250 0.02500 0.08750 0.03750 0.02500 0.08750 0.10000 0.01250 0.01250 0.03750 0.07500 0.03750 0.00000 0.01250 0.16250
GNM13064                       0.02500 0.12500 0.05000 0.03750 0.00000 0.02500 0.03750 0.07500 0.05000 0.07500 0.08750 0.10000 0.02500 0.03750 0.03750 0.06250 0.02500 0.00000 0.03750 0.08750
GNM13066                       0.02500 0.12500 0.06250 0.02500 0.00000 0.05000 0.03750 0.07500 0.05000 0.08750 0.07500 0.07500 0.03750 0.03750 0.03750 0.05000 0.03750 0.00000 0.03750 0.07500
GNM11034                       0.01250 0.12500 0.00000 0.06250 0.00000 0.02500 0.02500 0.10000 0.05000 0.01250 0.08750 0.08750 0.02500 0.00000 0.06250 0.06250 0.02500 0.00000 0.08750 0.15000
GNM11363                       0.05000 0.16250 0.00000 0.05000 0.00000 0.02500 0.03750 0.10000 0.03750 0.07500 0.07500 0.12500 0.02500 0.02500 0.02500 0.02500 0.02500 0.00000 0.02500 0.11250
GNM11375                       0.02500 0.11250 0.00000 0.05000 0.00000 0.05000 0.02500 0.10000 0.07500 0.07500 0.10000 0.12500 0.01250 0.02500 0.03750 0.05000 0.05000 0.00000 0.02500 0.06250
GNM11381                       0.05000 0.10000 0.01250 0.05000 0.00000 0.03750 0.01250 0.08750 0.08750 0.06250 0.08750 0.11250 0.01250 0.02500 0.03750 0.05000 0.07500 0.00000 0.02500 0.07500
GNM11382                       0.02500 0.08750 0.01250 0.03750 0.00000 0.02500 0.02500 0.07500 0.08750 0.06250 0.07500 0.12500 0.03750 0.02500 0.03750 0.06250 0.06250 0.00000 0.03750 0.10000
GNM11799                       0.01250 0.10000 0.01250 0.03750 0.00000 0.01250 0.02500 0.11250 0.08750 0.07500 0.07500 0.12500 0.02500 0.03750 0.03750 0.06250 0.05000 0.00000 0.02500 0.08750
GNM11841                       0.05000 0.07500 0.03750 0.08750 0.00000 0.03750 0.05000 0.12500 0.03750 0.05000 0.05000 0.08750 0.00000 0.03750 0.07500 0.03750 0.06250 0.00000 0.01250 0.08750
GNM11931                       0.05000 0.05000 0.06250 0.10000 0.00000 0.05000 0.02500 0.13750 0.03750 0.02500 0.08750 0.03750 0.01250 0.03750 0.06250 0.07500 0.06250 0.00000 0.01250 0.07500
GNM12040                       0.06250 0.11250 0.03750 0.05000 0.00000 0.03750 0.06250 0.11250 0.05000 0.07500 0.05000 0.07500 0.01250 0.03750 0.07500 0.05000 0.05000 0.00000 0.01250 0.03750
GNM12071                       0.08750 0.06250 0.02500 0.06250 0.00000 0.06250 0.03750 0.10000 0.03750 0.05000 0.03750 0.08750 0.01250 0.05000 0.07500 0.07500 0.07500 0.00000 0.00000 0.06250
GNM12125                       0.01250 0.10000 0.01250 0.01250 0.00000 0.00000 0.03750 0.10000 0.05000 0.06250 0.07500 0.15000 0.03750 0.02500 0.08750 0.03750 0.03750 0.00000 0.05000 0.11250
GNM12126                       0.03750 0.12500 0.01250 0.06250 0.01250 0.00000 0.02500 0.08750 0.05000 0.07500 0.07500 0.10000 0.00000 0.01250 0.10000 0.02500 0.02500 0.02500 0.05000 0.10000
GNM12128                       0.02500 0.07500 0.01250 0.02500 0.00000 0.01250 0.05000 0.08750 0.05000 0.08750 0.10000 0.16250 0.03750 0.01250 0.07500 0.05000 0.01250 0.00000 0.03750 0.08750
GNM12182                       0.00000 0.12500 0.03750 0.02500 0.00000 0.02500 0.06250 0.10000 0.05000 0.06250 0.10000 0.13750 0.02500 0.00000 0.02500 0.08750 0.03750 0.00000 0.02500 0.07500
GNM12342                       0.03750 0.11250 0.00000 0.02500 0.00000 0.03750 0.05000 0.10000 0.06250 0.08750 0.03750 0.11250 0.02500 0.05000 0.07500 0.03750 0.03750 0.00000 0.03750 0.07500
GNM12346                       0.05000 0.08750 0.01250 0.03750 0.00000 0.03750 0.05000 0.11250 0.06250 0.06250 0.03750 0.12500 0.01250 0.05000 0.05000 0.06250 0.03750 0.01250 0.01250 0.08750
GNM12351                       0.03750 0.05000 0.02500 0.05000 0.01250 0.06250 0.05000 0.08750 0.03750 0.06250 0.06250 0.13750 0.02500 0.02500 0.05000 0.08750 0.05000 0.00000 0.02500 0.06250
GNM12356                       0.03750 0.07500 0.01250 0.02500 0.00000 0.05000 0.06250 0.10000 0.06250 0.07500 0.05000 0.12500 0.01250 0.05000 0.06250 0.06250 0.06250 0.00000 0.01250 0.06250
GNM12357                       0.02500 0.11250 0.00000 0.05000 0.01250 0.03750 0.03750 0.10000 0.05000 0.03750 0.07500 0.12500 0.01250 0.03750 0.06250 0.05000 0.05000 0.00000 0.03750 0.08750
GNM12366                       0.03750 0.10000 0.00000 0.05000 0.01250 0.02500 0.03750 0.10000 0.05000 0.03750 0.06250 0.12500 0.01250 0.03750 0.06250 0.05000 0.07500 0.00000 0.03750 0.08750
GNM12373                       0.05000 0.07500 0.05000 0.03750 0.00000 0.06250 0.02500 0.08750 0.06250 0.06250 0.07500 0.13750 0.00000 0.02500 0.03750 0.02500 0.08750 0.01250 0.01250 0.07500
GNM12385                       0.03750 0.11250 0.01250 0.02500 0.00000 0.05000 0.03750 0.08750 0.07500 0.03750 0.03750 0.11250 0.01250 0.03750 0.06250 0.05000 0.05000 0.01250 0.01250 0.13750
GNM12551                       0.01250 0.11250 0.00000 0.02500 0.00000 0.02500 0.07500 0.11250 0.06250 0.06250 0.05000 0.13750 0.02500 0.02500 0.08750 0.03750 0.03750 0.00000 0.03750 0.07500
GNM12554                       0.05000 0.08750 0.03750 0.01250 0.00000 0.03750 0.03750 0.08750 0.08750 0.05000 0.03750 0.11250 0.02500 0.03750 0.05000 0.03750 0.07500 0.01250 0.01250 0.11250
GNM12592                       0.07500 0.07500 0.01250 0.05000 0.00000 0.01250 0.03750 0.07500 0.07500 0.07500 0.06250 0.12500 0.01250 0.03750 0.07500 0.03750 0.03750 0.00000 0.01250 0.11250
GNM12596                       0.02500 0.07500 0.03750 0.02500 0.01250 0.06250 0.07500 0.08750 0.03750 0.03750 0.05000 0.10000 0.03750 0.03750 0.07500 0.08750 0.02500 0.00000 0.02500 0.08750
GNM12602                       0.02500 0.06250 0.03750 0.02500 0.01250 0.06250 0.07500 0.08750 0.03750 0.08750 0.05000 0.11250 0.03750 0.02500 0.07500 0.08750 0.02500 0.00000 0.02500 0.05000
GNM12665                       0.02500 0.07500 0.03750 0.03750 0.01250 0.06250 0.06250 0.08750 0.03750 0.05000 0.03750 0.10000 0.03750 0.05000 0.07500 0.07500 0.02500 0.00000 0.02500 0.08750
GNM12745                       0.03750 0.08750 0.02500 0.02500 0.00000 0.01250 0.05000 0.08750 0.06250 0.10000 0.06250 0.17500 0.00000 0.03750 0.05000 0.07500 0.01250 0.00000 0.02500 0.07500
GNM12749                       0.02500 0.12500 0.02500 0.01250 0.01250 0.05000 0.03750 0.08750 0.06250 0.06250 0.05000 0.12500 0.01250 0.05000 0.06250 0.03750 0.05000 0.01250 0.01250 0.08750
GNM12758                       0.01250 0.11250 0.02500 0.05000 0.00000 0.05000 0.02500 0.08750 0.07500 0.07500 0.06250 0.11250 0.02500 0.03750 0.06250 0.06250 0.03750 0.00000 0.01250 0.07500
GNM12763                       0.00000 0.11250 0.01250 0.03750 0.01250 0.01250 0.05000 0.11250 0.07500 0.10000 0.03750 0.13750 0.01250 0.03750 0.06250 0.06250 0.03750 0.00000 0.02500 0.06250
GNM12766                       0.03750 0.13750 0.00000 0.03750 0.00000 0.02500 0.02500 0.10000 0.06250 0.08750 0.05000 0.11250 0.01250 0.03750 0.07500 0.05000 0.03750 0.00000 0.05000 0.06250
GNM12841                       0.06250 0.08750 0.07500 0.06250 0.00000 0.05000 0.05000 0.08750 0.03750 0.03750 0.05000 0.07500 0.00000 0.03750 0.08750 0.05000 0.06250 0.00000 0.01250 0.07500
GNM12849                       0.02941 0.08824 0.02941 0.04412 0.00000 0.02941 0.04412 0.10294 0.07353 0.08824 0.11765 0.10294 0.01471 0.01471 0.04412 0.01471 0.07353 0.00000 0.02941 0.05882
GNM12869                       0.02500 0.10000 0.01250 0.03750 0.00000 0.03750 0.02500 0.10000 0.07500 0.06250 0.10000 0.13750 0.02500 0.02500 0.03750 0.06250 0.03750 0.00000 0.02500 0.07500
GNM12896                       0.03750 0.08750 0.02500 0.03750 0.00000 0.01250 0.01250 0.08750 0.07500 0.03750 0.11250 0.11250 0.02500 0.02500 0.03750 0.07500 0.06250 0.00000 0.02500 0.11250
GNM12897                       0.03750 0.08750 0.01250 0.05000 0.00000 0.01250 0.01250 0.08750 0.07500 0.06250 0.10000 0.11250 0.02500 0.02500 0.03750 0.07500 0.06250 0.00000 0.02500 0.10000
GNM12902                       0.06250 0.06250 0.03750 0.03750 0.01250 0.02500 0.03750 0.10000 0.03750 0.07500 0.02500 0.08750 0.06250 0.03750 0.05000 0.07500 0.03750 0.00000 0.01250 0.12500
GNM12903                       0.02500 0.11250 0.00000 0.05000 0.00000 0.01250 0.03750 0.08750 0.03750 0.10000 0.08750 0.12500 0.00000 0.02500 0.03750 0.03750 0.10000 0.00000 0.06250 0.06250
GNM12906                       0.02500 0.10000 0.00000 0.05000 0.00000 0.01250 0.03750 0.08750 0.03750 0.06250 0.07500 0.12500 0.00000 0.01250 0.06250 0.05000 0.07500 0.00000 0.07500 0.11250
GNM12907                       0.02500 0.11250 0.00000 0.05000 0.00000 0.01250 0.03750 0.08750 0.03750 0.10000 0.07500 0.11250 0.00000 0.01250 0.06250 0.05000 0.07500 0.00000 0.07500 0.07500
GNM12909                       0.02500 0.12500 0.01250 0.05000 0.00000 0.01250 0.05000 0.08750 0.03750 0.05000 0.10000 0.11250 0.00000 0.01250 0.06250 0.02500 0.05000 0.00000 0.07500 0.11250
GNM12915                       0.02500 0.12500 0.01250 0.03750 0.00000 0.01250 0.05000 0.07500 0.07500 0.05000 0.06250 0.10000 0.01250 0.06250 0.08750 0.02500 0.06250 0.00000 0.02500 0.10000
GNM10046                       0.02500 0.11250 0.00000 0.02500 0.00000 0.01250 0.06250 0.07500 0.07500 0.06250 0.06250 0.11250 0.01250 0.06250 0.07500 0.05000 0.06250 0.00000 0.02500 0.08750
GNM12918                       0.01250 0.11250 0.01250 0.03750 0.00000 0.01250 0.05000 0.07500 0.07500 0.05000 0.06250 0.11250 0.01250 0.06250 0.10000 0.02500 0.06250 0.00000 0.02500 0.10000
GNM12931                       0.03750 0.11250 0.01250 0.03750 0.00000 0.00000 0.02500 0.08750 0.07500 0.07500 0.07500 0.12500 0.02500 0.02500 0.08750 0.02500 0.06250 0.00000 0.05000 0.06250
GNM12938                       0.01250 0.10000 0.02500 0.02500 0.00000 0.01250 0.06250 0.08750 0.05000 0.06250 0.10000 0.13750 0.02500 0.00000 0.05000 0.06250 0.01250 0.00000 0.06250 0.11250
GNM12996                       0.01250 0.13750 0.01250 0.02500 0.00000 0.01250 0.05000 0.08750 0.05000 0.06250 0.08750 0.10000 0.02500 0.00000 0.03750 0.11250 0.02500 0.00000 0.05000 0.11250
GNM13018                       0.01250 0.11250 0.02500 0.02500 0.00000 0.02500 0.05000 0.08750 0.05000 0.05000 0.08750 0.11250 0.02500 0.00000 0.05000 0.08750 0.02500 0.00000 0.05000 0.12500
GNM13027                       0.02500 0.11250 0.01250 0.02500 0.00000 0.00000 0.05000 0.08750 0.06250 0.07500 0.08750 0.13750 0.02500 0.01250 0.03750 0.03750 0.05000 0.00000 0.05000 0.11250
GNM13046                       0.03750 0.11250 0.02500 0.05000 0.00000 0.01250 0.00000 0.08750 0.07500 0.05000 0.10000 0.11250 0.01250 0.02500 0.03750 0.05000 0.06250 0.00000 0.03750 0.11250
GNM13053                       0.00000 0.11765 0.04412 0.04412 0.00000 0.04412 0.02941 0.07353 0.02941 0.10294 0.07353 0.08824 0.04412 0.01471 0.08824 0.07353 0.00000 0.00000 0.01471 0.11765
GNM13074                       0.02500 0.10000 0.00000 0.03750 0.00000 0.02500 0.03750 0.10000 0.07500 0.06250 0.05000 0.10000 0.01250 0.07500 0.07500 0.03750 0.07500 0.00000 0.02500 0.08750
GNM10010                       0.02500 0.11250 0.00000 0.03750 0.00000 0.01250 0.05000 0.10000 0.07500 0.06250 0.05000 0.10000 0.01250 0.07500 0.07500 0.03750 0.06250 0.00000 0.02500 0.08750
GNM10014                       0.02500 0.10000 0.00000 0.03750 0.00000 0.02500 0.03750 0.10000 0.07500 0.06250 0.05000 0.10000 0.01250 0.07500 0.07500 0.03750 0.07500 0.00000 0.02500 0.08750
GNM13090                       0.03750 0.11250 0.00000 0.03750 0.00000 0.02500 0.03750 0.10000 0.07500 0.07500 0.05000 0.10000 0.01250 0.07500 0.06250 0.03750 0.06250 0.00000 0.02500 0.07500
GNM13118                       0.02500 0.15000 0.02500 0.03750 0.00000 0.01250 0.05000 0.10000 0.05000 0.08750 0.06250 0.08750 0.01250 0.01250 0.05000 0.03750 0.05000 0.00000 0.05000 0.10000
GNM13126                       0.05000 0.07500 0.00000 0.05000 0.01250 0.02500 0.03750 0.10000 0.05000 0.06250 0.03750 0.08750 0.03750 0.03750 0.06250 0.07500 0.03750 0.00000 0.05000 0.11250
GNM13128                       0.02500 0.08750 0.02500 0.02500 0.01250 0.02500 0.02500 0.12500 0.05000 0.07500 0.03750 0.07500 0.05000 0.02500 0.06250 0.08750 0.03750 0.00000 0.05000 0.10000
GNM13208                       0.03750 0.10000 0.01250 0.03750 0.00000 0.02500 0.05000 0.08750 0.03750 0.05000 0.10000 0.08750 0.01250 0.00000 0.06250 0.05000 0.03750 0.00000 0.07500 0.13750
GNM13210                       0.02500 0.13750 0.01250 0.02500 0.00000 0.00000 0.06250 0.08750 0.07500 0.06250 0.13750 0.08750 0.02500 0.01250 0.06250 0.03750 0.02500 0.00000 0.03750 0.08750
GNM12773                       0.01250 0.07500 0.02500 0.01250 0.00000 0.01250 0.05000 0.12500 0.05000 0.10000 0.07500 0.12500 0.01250 0.03750 0.03750 0.11250 0.01250 0.00000 0.03750 0.08750

Homogeneity statistic: X2 = 23.55909 G = 22.13780 

Average                        0.02678 0.10756 0.01732 0.03988 0.00118 0.02636 0.03650 0.09523 0.06025 0.06810 0.07943 0.11390 0.01783 0.02687 0.05247 0.05729 0.04689 0.00093 0.03363 0.09159
(Ambiguity characters are used to calculate freqs.)


# constant sites:      1 (1.23%)

TREE #  1:  ((((((((44, 149), 134), (62, 98)), 99), 100), (((136, 137), (101, 61)), (135, 138))), ((((((128, 127), 130), 129), 148), (64, 43)), 145)), (((((((((((((((((((((45, 46), (49, 19)), 51), 60), 53), ((47, 50), 93)), 58), 52), 23), (((73, 18), (21, 20)), 40)), ((((((((57, 55), 56), 54), 123), 16), ((((59, 48), (24, 36)), (6, 5)), (90, 17))), ((9, 71), 122)), 77)), 139), (((91, 76), 15), 92)), (((124, 75), 125), 37)), ((((80, 4), (74, 12)), (27, 81)), (13, 70))), (82, 39)), (89, 72)), ((((((38, 86), 87), 42), 41), (14, 140)), ((34, 85), 11))), ((((1, 83), 84), (7, 2)), 35)), ((((32, 33), 30), (3, 28)), (((88, 10), 31), 29))), (((((((22, 26), 25), 150), (68, 69)), 65), 67), 66)), (((((((((((115, 113), 114), 104), 112), 103), (((111, 109), 117), 108)), ((((96, 8), 97), (94, 121)), 95)), (63, 78)), ((147, 146), (79, 126))), ((((((107, 106), 105), 120), 102), ((116, 118), 119)), 110)), ((((142, 143), 144), 141), ((133, 131), 132))));   MP score: -1
lnL(ntime:297  np:298):  -8735.288500      +0.000000
 151..152 152..153 153..154 154..155 155..156 156..157 157..158 158..44  158..149 157..134 156..159 159..62  159..98  155..99  154..100 153..160 160..161 161..162 162..136 162..137 161..163 163..101 163..61  160..164 164..135 164..138 152..165 165..166 166..167 167..168 168..169 169..170 170..128 170..127 169..130 168..129 167..148 166..171 171..64  171..43  165..145 151..172 172..173 173..174 174..175 175..176 176..177 177..178 178..179 179..180 180..181 181..182 182..183 183..184 184..185 185..186 186..187 187..188 188..189 189..190 190..191 191..192 192..45  192..46  191..193 193..49  193..19  190..51  189..60  188..53  187..194 194..195 195..47  195..50  194..93  186..58  185..52  184..23  183..196 196..197 197..198 198..73  198..18  197..199 199..21  199..20  196..40  182..200 200..201 201..202 202..203 203..204 204..205 205..206 206..207 207..57  207..55  206..56  205..54  204..123 203..16  202..208 208..209 209..210 210..211 211..59  211..48  210..212 212..24  212..36  209..213 213..6   213..5   208..214 214..90  214..17  201..215 215..216 216..9   216..71  215..122 200..77  181..139 180..217 217..218 218..219 219..91  219..76  218..15  217..92  179..220 220..221 221..222 222..124 222..75  221..125 220..37  178..223 223..224 224..225 225..226 226..80  226..4   225..227 227..74  227..12  224..228 228..27  228..81  223..229 229..13  229..70  177..230 230..82  230..39  176..231 231..89  231..72  175..232 232..233 233..234 234..235 235..236 236..237 237..38  237..86  236..87  235..42  234..41  233..238 238..14  238..140 232..239 239..240 240..34  240..85  239..11  174..241 241..242 242..243 243..244 244..1   244..83  243..84  242..245 245..7   245..2   241..35  173..246 246..247 247..248 248..249 249..32  249..33  248..30  247..250 250..3   250..28  246..251 251..252 252..253 253..88  253..10  252..31  251..29  172..254 254..255 255..256 256..257 257..258 258..259 259..260 260..22  260..26  259..25  258..150 257..261 261..68  261..69  256..65  255..67  254..66  151..262 262..263 263..264 264..265 265..266 266..267 267..268 268..269 269..270 270..271 271..272 272..115 272..113 271..114 270..104 269..112 268..103 267..273 273..274 274..275 275..111 275..109 274..117 273..108 266..276 276..277 277..278 278..279 279..96  279..8   278..97  277..280 280..94  280..121 276..95  265..281 281..63  281..78  264..282 282..283 283..147 283..146 282..284 284..79  284..126 263..285 285..286 286..287 287..288 288..289 289..290 290..107 290..106 289..105 288..120 287..102 286..291 291..292 292..116 292..118 291..119 285..110 262..293 293..294 294..295 295..296 296..142 296..143 295..144 294..141 293..297 297..298 298..133 298..131 297..132
 0.055193 0.098450 0.129657 0.009667 0.042470 0.060046 0.066684 0.170678 0.222176 0.205554 0.000000 0.673432 0.250526 0.561086 0.706672 0.138556 0.094409 0.076183 0.030705 0.062770 0.139330 0.201249 0.325673 0.086277 0.367349 0.076019 0.421776 0.094939 0.000000 0.037914 0.000000 0.000000 0.048244 0.137314 0.155769 0.016319 0.508691 0.108924 0.438343 0.216711 0.313359 0.000000 0.028455 0.292374 0.015764 0.109614 0.081546 0.161241 0.390671 0.150597 0.000000 0.055721 0.000000 0.131179 0.009199 0.000000 0.014909 0.024042 0.000000 0.000000 0.000000 0.000000 0.015076 0.015234 0.000000 0.023472 0.030711 0.087170 0.030933 0.256144 0.073372 0.000000 0.017577 0.076522 0.000000 0.055360 0.071104 0.012798 0.021771 0.150479 0.015357 0.000000 0.000000 0.000000 0.000000 0.000000 0.073261 0.000000 0.094024 0.077847 0.000000 0.030036 0.000000 0.000000 0.000000 0.000000 0.000000 0.000000 0.000000 0.014909 0.030261 0.000000 0.000000 0.065600 0.047293 0.000000 0.017635 0.000000 0.030654 0.000000 0.000000 0.015120 0.015435 0.031373 0.000000 0.000000 0.029922 0.017747 0.000000 0.000000 0.029287 0.135888 0.122198 0.086940 0.032325 0.027309 0.045660 0.036690 0.015104 0.125599 0.032519 0.017054 0.000000 0.014915 0.000000 0.030109 0.051373 0.144630 0.048903 0.167539 0.092910 0.077992 0.000000 0.070224 0.000000 0.029744 0.103200 0.000000 0.014908 0.157702 0.047915 0.072087 0.280637 0.000000 0.000000 0.239848 0.000000 0.000000 0.228518 0.012054 0.187182 0.256894 0.156425 0.068143 0.000000 0.000000 0.056258 0.041128 0.179513 0.067162 0.156450 0.457098 0.420318 0.071190 0.067886 0.061191 0.125142 0.000000 0.123995 0.094085 0.190695 0.086677 0.057261 0.154636 0.552049 0.000000 0.000000 0.396567 0.235925 0.160851 0.149677 0.460424 0.015652 0.000000 0.194700 0.412611 0.000000 0.017639 0.262957 0.167462 0.024768 0.116323 0.000000 0.132813 0.410406 0.000000 0.035461 0.052040 0.261687 0.000000 0.089951 0.104217 0.168307 0.126596 0.156485 0.800968 0.078797 0.076680 0.000000 0.482704 0.387395 0.526626 0.402340 0.000000 0.117859 0.026183 0.106462 0.034380 0.000000 0.124662 0.281975 0.123282 0.017089 0.110057 0.028337 0.029929 0.155167 0.357910 0.401105 0.281647 0.086761 0.027870 0.145137 0.138094 0.164977 0.327570 0.709289 0.000000 0.061574 0.142043 0.136767 0.085750 0.224259 0.092435 0.150367 0.246526 0.422024 0.216168 0.225341 0.124815 0.751227 0.234237 0.042421 0.126761 0.293479 0.366345 0.320773 0.102349 0.028423 0.242777 0.031350 0.228744 0.090097 0.000000 0.104471 0.340993 0.040029 0.080654 0.261870 0.113064 0.287306 0.285534 0.288353 0.198119 0.376595 0.066869 0.000000 0.000000 0.049229 0.000000 0.050020 0.000000 0.033575 0.061298 0.031640 0.000000 0.023825 1.338643
