
Printing out site pattern counts


       133        103  P

GNM13746                        ----AAAAAC DDDDDDEEEE EEEFFFFGGG GIIIIIIIII KKKKKKKKKK LLLLLLLLLL LLMMMMNNNN NNNPPPPQQR RRRRSSSSST TTTVVVVVVY YYY
GNM13671                        ----AAAAMT EEKSSSEEEE LNQILVYKNP WIIIIKLLVV DEIKKKNQRR AFIIKLLLLL MRAFIYENNR SSYPPPRNQE KQSTDERSTF RRSASTVVVA EKK
GNM13876                        ----AAAAIF EERDNSEEVV TDKVVTSGDG WIIVVLILLP KEAKKSKKRR TFALRFILLL LRVFIYENNN GTNAFPEMQP TKATETGMTF RTGVSVFVVN AKT
GNM13680                        ----AAAAQI DSSDDSEQET IEDITWTGGG WIIVVEVLIL DSIKKEVDRR VFLMYLILLL LRLITLDNTL NCNPPPPEQP SIRVEEGSSI MRPAVVLAVG ETK
GNM14837                        ----AAASAC ETRDTNEDET LSKLTWFEDG WIIMVSIIII DEKKKKKIHN VFINYFIILL LGFIFYDNNE NSNPPPPEQS TRRVNFESSF QKSIVIIVIK RGE
GNM14249                        ----AASCAC DTQDDSEEEV LSKLTWFDNG WIIMVSVFII DEQKKKKKHK TFINYLIILL LRYIFYDNNQ NSNPPPPEQA SKRVKFESSF QKSIVTIVIK TEE
GNM13928                        ----AAACTC DTQDDSEEET LSNLTWFEDG WIIMVSIIII DEKKKKKQFT SFINYLIILL LTYISFDNNE NSNPLPPEQP SKRANIESSF QKSVAVIVVK REE
GNM14865                        ----AAAVRS VTAVDEEDPH -RKVFSF-DG YIIIVELIVV DEGKRDRDHQ TFVESLIFFL LRAFIADKNA RVREDDTEQP GVRASEGDTF LEEVNVVKVD HER
GNM13455                        ----AAASVC ETRDDSEKET LSKLTWFDNG WIIIVLILII DEEKKKKTHN IFIQYLIILL LRYLSYDNNE NSNPPPLDQN STRINIGSSF QKLAAVIVVN HGE
GNM14938                        ----AAAANL EEKDKREELF LEGVVHYEEG WIIVVTLLLP ESMKKRYRRR AFVIKLLLMI LEALVMRSKR FTKESWPEQE LTRTEVGPTF RDSASVVVLA GER
GNM14483                        ----AAA-QC SRHDNDEKQT AKSITSTEGG WII-ARLLMI GNLRK-ADRR AM-LRLILLL LRALIMDNSL ESAPPPPNQ- SVKTQ-GSSF RYSIAVVVLG GA-
GNM14872                        ----AAAAQI ENSDTSEQET SEDITGTGGG WITVVEVLIL DSIKKEISRR VFVMYLVILL LRLVALDNNL NCNPPPPEQA SIRVEEGSSI MRAAAVLAVG EAK
GNM13855                        ----AAATKV ENKDESEQES FCNITWFSMG WINVINIFLL EEIKKEKFRK VFIIKLLLIL VKLISFKNNY NGNPLPKEQP NVRETTDSTF LKIVAVVAVA KLT
GNM14445                        ----AAAAKC EHQDSSEQNN QPTITWYNKG WIIVLKILIP ENKKKKNQRK VIILFLLILL FRTVSLDHNI NSNSCHPKQQ KVRSKENVSI IKGLNVIVLG EKI
GNM14545                        ----AAAALA ESRDGVESEE LDRVYTYGGG WILVLKWILP DELKKRRKRE ALIYKLLLML FRAFIFSHNR HCNPPPLDQS VRETDTGSTF RSPASVLVVA QSK
GNM14366                        ----AASCSC ESHDDNEQET AENVTWFQGG WIIVVSILII EARKKTKQHH VFVFRLIILL LSYLSYENNN NSNPPPPEQQ SSKTNVNSSL QKSIAIIAIR ERE
GNM14252                        ----AASCAC DSQDDSEEEI LPKLTWFDNG WIIMVSVFII DEKKKKKKHK TFINHLIILL LRYISYDNNQ NSNPPPPEQS SKRVKFESSF QKSIVTIVIK NEE
GNM13760                        ----AACSTC ETKDNLEEEI LSKITWFENG WIIMVSIIII DERKKVKKHK TFLYYFIILL LRYISYDNNE NSHPPPPEQA TKHVNKESSF QKSIAVIALN RGE
GNM13982                        ----AAACSC SRNDDEEDEV FNRLTWFNGG SIIIINILVI ESKKKTKTHK TFIISLIILL LQYLIYDNNK NSNSPPPKQA STRTNFNSSF KKTVAIVVIS SQQ
GNM13960                        ----AASCTC DHKDDSENEV YTRLTWFNEG WIIAVSMLLI ETRKKKKARR AFIHYLVILL LRYLIYENNM NSNPAPIEQT SVKVNYNSSL KKSTVVVAIS EDS
GNM14633                        ----AAACSC SRNDDEEEEV FNNLTWFNGG SIIIVNIIVI ESKKKTPLHK TFIISLIILL LQYLIYENNK NSNSPPPKQQ SSRTDFNSSF KKVVAVVVIN SQQ
GNM14853                        ----AAACSC SRNDDEEEEV FNNLTWFNGG SIIIVNIIVI ESKKKTPLHK TFIISLIILL LQYLIYENNK NSNSPPPKQQ SSRTDFNSSF KKVVAVVVIN SQQ
GNM14174                        ----AVATLS EARDNLEGET QEGIISFGEG WIIVVALLVP RIEKKTKKSD AFVVRLIFFL VRAFICDNNL GCNPPPENQE THKTDEGSTF RKAISVLAIA ERT
GNM14138                        ----AVAVLS QNQDNREAEQ YDGIVNYGDG WIIIVEILAP RIKKKVRKNE AFVIQLIFFL LRAFIFDNNR GCNPPPLDQT SHKANEGSTF ITTISVLAVA EKS
GNM14055                        ----AAA-TC NHNDNGENEV YEALTWFNKG WII-ISILII ETQKK-KTRN TF-NYLVILL LRYISYENNR NSNPIPVEQM SVRVN-DSSL QKSIAIVVIN ED-
GNM14748                        ----AATCLC ETKSDNEEET LSDLTWFENG WIIMVSIIII DEEKKKKQHN NFISYFIILL LLFILYDNND NSNPPPIQQT SQRVNFESSF QKSIALIVIK RRE
GNM14640                        ----AVAVLS KRRDKREEEQ IDDITVYGEG WIIVVELLVP RTRKKDKKRE AFVVYLILLL LRAFIYENNF GCNPPPPNQE SRGANEGSTF RKGISVLAVD DEH
GNM14965                        ----AAAAQI EDSSDSEEET IENLTSAEAG WIIVIAILIL DRIKRETARR VFLMYLVILL LRLVALDNNL NCNPPPPEQA SIRVEEGSSI MRSVVVLTVG EAK
GNM13677                        ----AAAAIF EERDNSEEVV ADKVVTSGEG WIIVVLILLP EEAKKSRERR TFALRFILLL LRVFIYENNN GTNAFPEMQP TKATETGMTF RTGVSVFVVN ART
GNM14339                        ----AAAANL DERDGMEERE LESVVRYEAG WIIVLRWLVV EKLKRRYRRR AAVIKLILLV LGVLVRKSRR ATFGPELEHE VMRTDRGPTF RSAASVLVVS SGS
GNM14593                        ----AAAAMT EEKDGMEEEE LEQVLVFDDP WIIVVKLMVV EEVKKKNRKR AFIIKLILLL IRAFIYNNNK STYPPPRNQE KHNTNEGSTF RKIASIITVA SER
GNM13825                        ----AAAANL EEKDNREELF IESVVHYQGG WIIVVSLLLA ESTKKRYRRR AFVIKLLLMI LEALVMRSKR FARESWPEQE LTRTDVGPTF RDAASVVVLA GER
GNM14768                        ----AAAALT EKRDDEEEEM YPSILVYGDP WIIVVKLLVL EELKKSNKRR AFVIKLILLL LRAFIYSNAK SAYPPPPRQD IKSTNEGSTF RKAASVVAVA GES
GNM14776                        ----AAAALT EKRDDEEEEM YPSILVYGDP WIIVVKLLVL EELKKSNKRR AFVIKLILLL LRAFIYSNAK SAYPPPPRQD IKSTNEGSTF RKVASVVAVA GES
GNM14715                        ----AAAAQC GSHDRDEAET PDRIASADDG WIIMLALLML DIVRKRRQRR AVLLRLVLLL LRATVMDNWL DSSPPPQDQM SVKTEEGSSA RHAVAVVAVS KAT
GNM13795                        ----AATCFC ETKSDNEEET LSDLTWFENG WIIMVSIIII DEEKKKKQHN NFISYFIILL LLFILYDNSE NSNPPPIHQT TQRVNFESSF QKSIAVIVVK RRE
GNM14166                        ----AAAATC EHRDDKEAEI LKYITWYEGG WISVVSILVL DLRKKKKLKN IFIQQLVIMM LRYIAYNNKR NSNAPPPEQT TVRADYDSSI NKSIAVIVVR EKE
GNM13993                        ----AAASAC EKQNNNEEEE YERISRVDNG WIIIMEFFII EKLKTENNRK IIIVYLILLL FRAITLDNNF NTNPKPVNQR SSKVDKNSTM TLKIVVFVLH NEN
GNM14450                        ----AAACHC ETANNSEVET PNDITWYIAG WIIVIKALVL QNIKKDKKRR VFIVYLIILL LRFIIYNNND NSYPLPSEQD YIRTQEGSSL LKSVSVIAVG ELR
GNM13515                        ----AAVCSC NEKDNNEEEV LNLLTWFDDG TVIVVFIIII ESKKKSKTKR VFIILLLVLL LLFLIYENNN NSNAPPIAQE SVRIDFNSSF KKLVAVTVIN EEQ
GNM13745                        ----AAASNC ETQEDVENET YDKITHYNKG WIIIITLIII LLKKKNIQRK VILIYLLILL YRAINLDNNR NSNSQPIEQE SSRANEKSSI ITDLVVFVIA KNS
GNM14030                        ----AAATIC EHQDNSENEE YNKITYMDNG WIIIVSLFLI AEFKKXNILK IIISYLIILL FRAISLDXNL NSNPNPKKQK SSKANHNSSI IKLLVIFIKH KKA
GNM14959                        ----AAAVLV TEGDNEEEEI FNRVVVYGGG WIIVFSILLP KIRKKKKRKQ SFAVHLVVLL LRAFIHDHNM GTRPPPENQE RVSADWGSTF ETSLTVLAVD KRE
GNM13413                        ----AAAALV DEQDRVEEET IDRVITYTNG YISVIGALVL DKKKKRPKRQ AIVYRLVLIL LRLLVLRHNH HGRPPASEQE AKSTEEGSTF ERSLSVAVVP EEV
GNM14971                        ----AASCTC DHKDDSENEV YTRLTWFNEG WIIAVSMLLI ETRKKKKTRR AFVHYLVILL LRYLTYENNM NSNPAPVEQT SVKVNYNSSL KKSTVVVAIS EDS
GNM14990                        ----AASCTC DHKDDSENEV HTRLTWFNEG WIIAVSMLLI ETRKKKKTRR AFVHYLIILL LRYLTYENNM NSNPAPVEQT SVKVNYNSSL KKSPVVVAIS EDS
GNM15005                        ----AASCTC DHKDDSENEV HTRLTWFNEG WIIAVSMLLI ETRKKKKARR AFVHYLVILL LRYLTYENNM NSNPAPVEQT SVKVNYNSSL KKSPVVVAIS EDS
GNM15014                        ----AAACAC DHKDDSENEV YKRLTWFNEG WIIAVSMLVI ETRKKKKTRR AFIHYLVILL LRYLTYDNNM NSNPAPIEQT SVRVNYNSSL KKSTVVVAVS EDS
GNM14976                        ----AASCTC DHKDDSENEV YTRLTWFNEG WIIAVSMLLI ETRKKKKTRR AFIHYLVILL LRYLTYENNM NSNPAPVEQT SVRVNYNSSL KKSTVVVAIS EDS
GNM14995                        ----AAACIC DQNDD-EDQV YKQLTWFNDG WIIAISIFVI RYRKKKKTRK VFINYLVILL LRYLIYDNNR NSNPPPIEQA SVRVNYNSSL KKSIAIVAIK EDS
GNM14999                        ----AA--TC DHR-GS--EV YKRLTWFNEG WII-V-ML-I ET-K--K-RR VF-HYL-ILL LRYLSYDN-M NS-S-P-EQ- SVKVN-SS-- KTSIT-VA-S ED-
GNM15024                        ----AAACIC ETQDDSEEEI LSKLTWFDDG WIIMVSVFII DEQKKKKKHK TFINYLIVML LRYISYDNNQ NSNPPPSEQA SKRVKFESSF QKSIATIVIK NEE
GNM14980                        ----AAACIC ETQDDSEEEI LSKLTWFDDG WIIMVSVFII DEQKKKKKHK TFINYLIVML LRYISYDNNQ NSNPPPSEQT SKRVKFESSF QKSIATIVIK NEE
GNM15000                        ----AAACIC ETQDDSEEEI LSKLTWFDDG WIIMVSVFII DEQKKKKKHK TFINYLIVML LRYISYDNNQ NSNPPPSEQT SKRVKFESSF QKSIATIVIK NEE
GNM15026                        ----AASCAC DHKDDIESEV YKRLTWFNEG WIIAVSMLLI ETRKKKKARR AFVHYLVILL LRYLTYDNNM NSNPAPIEQT SVRVNYNSSL KKSIVVVAIS EDS
GNM15019                        ----AAACFC ETKSDNEEET LSDLTWFEDG WIIMVSIIII DEEKKKKQHN IFISYFIILL LLYILYDNNE NSNPPPIQQT TQRVNFESSF QKSIAIIVVK RAE
GNM15003                        ----AASCTC DHKDDSENEV YTRLTWFNEG WIIAVSMLLI ETRKKKKARR AFVHYLIILL LRYLTYENNM NSNPAPIEQT SVRVNYNSSL KKSPVVVVIS EDS
GNM11003                        ----AAAAAV DEKDNEESEY LKRIISATDG WIVVFALLIP NQLKKKKMRE VFIYHLFFLL LRAFIMDHNR GHRPPPEDQE SVKANTGSSF LSSISVVIVD KEV
GNM11023                        ---AAAAAIV SERDDAEEET LPKIMTYTGG WIIVIRLLVV RSLKKRRKRE AIIAHLVLMM LRAFIHDHNK GHRPPARSQE RRGANEGSTV LRSLSVVKVD AET
GNM11146                        ----AAAALA MKRSDREVER LSHIVVYGGG WIIVILILVP QSKKKERRRE TIVLRLIILL VRAFINMNNN SSKPPPEDQE EVDTNYGSTI RTYLSVLVVD SQE
GNM11220                        ----AAAAMS EERDNAESEE LERVVVYGSG WIIVVHLLMP RKEKKKRKER AMVVKLILLL FRAFIYDNSL WTNPPPRAQE RRATNYGSTV RRAISVVMLD DSR
GNM11224                        ----AVATLS KRLDNREEEE TERIITYSGG WIIVVNLLLP RSLKKETTQE AFLVRLLFLL LRAFIYDNRF GCNPPPPNQE THKADEGSTF CRGISVLMVD SRI
GNM11225                        ----AVAVLS QEQDNRENEE QDSIIRYGGG WIIVVELLVP RLQKKKRIRE AFVVYLTFLL LRAFIYDNRF GSNPPPRNQD VHKTNCGSTL LCAISVLAVD EAR
GNM11358                        ----AAATKV ENKDQSEQET FCNVTWFNMG WINVIKIFVL ERVKKEKFRK VFVIKLLILL LQLLTLENNY NGNPLPTDQP SVREEIDSTL LKGVVVISIA DRI
GNM11360                        ----AAASVC ETRDDSEKET LSKLTWFDNG WIIIVLILII DEEKKKKTHN IFIQYLIILL LRYLSYDNNE NSNPPPLDQN STRINIGSSF QKLVAVIVVN HGE
GNM11362                        -LY-AAACQC ERQDDSESET IREITWYSEG WIIVVKILVV RSIKKDKKQR TLVIKLVMML LRFVVYDNNL NSYPPPPRQK GSRTKEGSSI MKAIVVVAVD DRG
GNM11367                        ----AAACSC SRNDDEEDEV FNRLTWFNGG SIIIINILVI ESKKKTKTHK TFIISLIILL LQYLIYDNNK NSNSPPPKQA STRTNFNSSF KKTVAIVVIS SQQ
GNM11377                        ----AAAAQI ENSDTSEQET SEDITWSGGG WITVVEVLIL DSIKKETGRR VFVMYLVILL LRLVALDNNL NCNPPPPEQV SIRVEEGSSI MRPAAVLAVG EAK
GNM11380                        ----AAAATC EHRDDKEDEI LKYLTWFEGG WIMVVSILVL DSRKKKKLKH VFIQQIVIMM LRYISYDNKR NSNAPPPEQA TVRADYDSSI NKSIAVIVVR EKE
GNM11383                        ----AAACSC ESNDNNEQEV MRDLTWFEGG WIIAISILVI DAEKKKKQQH IFIIHLVILM LYYITYENNN NSNPPPPEQE SNRVNLNSSL KKSVAVVAIK ERE
GNM11491                        ----AAACTC ARGDTSEDET LDHLTWHDGG WIMGVLILLI EERKK-RDSR VFMNRLVIML LMYLSYENNK HSLPNPPEQE STRVHHGSSL RRSVAVVAVG LET
GNM12883                        ----AAAAQI ESSDDSEQET HEDLTWAGGG WIVVVSVLIL DAIKKEVGRR VFLMYLILLL LRLVALENNI NCNPPPPEQP SIRVEEGSSI MRPAVVLAVG ETK
GNM12886                        ----AAAAQI DSSDDSEQET SEDITWTGGG WIIVVAVLIL DWIKKEVDRR VFLTYLILLL LRLVALDNNL NCNPPPPEQP SIRVEEGSSV MRPAAVLAVG ESK
GNM12892                        ----AAAAQI EDSSDSEEET IENLTSAEAG WIIVIAILIL DRIKRETARR VFLMYLVILL LRLVALDNNL NCNPPPPEQA SIRVEEGSSI MRSVVVLTVG EAK
GNM12895                        ----AAACHC ETANNSEVET PNDITWYIAG WIIVIKALVL QNIKKDKKRR VFIVYLIILL LRFIIYNNND NSYPLPSEQD YIRTQEGSSL LKSVSVIAVG ELR
GNM13060                        ----AAAATC DDDDDDEEEE EEEFFFFGGG SIIIILIIVI KKKKKKKKKK LLLLLLLLLL LLMMMMSNNN GSYPPPPQQR KHRRATNSST TTTVVVIVIY LYH
GNM13061                        ----AAAATC DDGSESEEEH EQALYTYGGG MITAVIFYVA EIKRKYRRSK LFILFVVLIL VFLLLMSNNN GRNPPPKRQR GQERAIGSSL LYSLVVLSVA QLK
GNM13064                        ----AAASAC EKQNNNEEEE YERISRVDNG WIIIMEFFII EKLKTENNRK IIIVYLILLL FRAITLDNNF NTNPKPVNQR SSKVDKNSTM TLKIVVFVLH NEN
GNM11032                        ----AGAANL DERDRREEKE LDSVLRYEGG WIIVLRWMVV ESVKKRYRRR AAMLKLILLI LSIVVRKSKR STYAPEPEQA VVRTDWGPTF RNAASVLVVA ARR
GNM11363                        -LY-AAACQC ERQDDSESET IREITWYSEG WIIVVKILVV RSIKKDKKQR TLVIKLVMML LRFVVYDNNL NSYPPPPRQK GSRTKEGSSI MKAIVVVAVD DRG
GNM11375                        ----AASCTC ESKDDSEEEI LPKLTWFENG WIIMVSVIII DEKKKTKTHK TFLYYFIILL LRYISYDNNE NSHPPPPEQA TKRVNNESSF QKSIAVIVLN RGE
GNM11381                        ----AAACSC ESNDNNEAEI LKELTWFEGG WIIAISILII ESEKKKKQTH IFIIHFIILL LYYVTYENNN NSNPPPPEQS SNRINVNSSL KKSVAVVAIK ERE
GNM11382                        ----AAVCSC ERRDDKEEET IKDLTWFEGG WIIAITILMI ESEKKKKQQH VFIFRLVILL LLYLSYENND NSNAPPPEQE ESRTNFNSSL QKSISIVVIN ERE
GNM11841                        ----AAAALA VTEVDREDPN -TDVFAF-GG YIIIVRLVVA EDAKRDGDHR TFIVSMLFFL VRAFIDDKNF NVNEDDTEQP TRSATEGSTF LHTINVYEVD HER
GNM11931                        ----AAAAQA VTRPADEDPE -AAVFSF-DG HLIVVLLLIV QAAKRTSDFQ TFVQRTLFFL LRAFIDDKRQ SVYEPDDEQP GTEAATGDTF LHTVNVFNVD DQR
GNM12040                        ----AAATLA VIEIEEEDPT -HKVFRF-DG HIIIVQLTVV EEEKREEDHQ TFIEALLFFL IRAFISDKNF HVHEDDTVQP SIRVDTGDTF LESINVYKVD HSQ
GNM12071                        ----AAAAVA VREVEEEDPE -RQVFDF-DG YVIIVRLVIV EDAKRDADHQ TFVVSLVFFL LRAFISDKNL NIREDETDQP GVRADEGDTF LNTVNVFEVD HAR
GNM12125                        ----HAAAM- --RDGQEE-- L-R-LVMSR- ---V-LL-I- -VKKKKKQRE AFVYYLVLM- LRA-IK-NNM C-R-P-VEQE VGS--EA-TF L-S--V-LAD R-R
GNM12126                        ----AAAAAA EEADNAENEE LERVLIYDQG WIIVVRILLV KLLKKRPKQK TFVYKLLLLL LYFLVKANNK LARPPAPRQE LTKTDEGSTF DTSPSVVAVE TKR
GNM12128                        ----VAAALV ETKDNRESEL IPRIVEYNGG WIIIIKLLII NKLKKYKRRQ SFIIYLILLL LRAFIKDNNL HSKPPAVSQE SVNTKEGSTI LTSISVIQVD NLR
GNM12182                        ----AAAAVV DFRDDEEDET LRRVLTYTGG WIVVYALLVL ESKKKRKVRE AFIYHLFFLL IRAFIMDHNR GHRPPPERQE RKKADTGSSF LTSITVVVID SAV
GNM12342                        ----AAAALD ILSDNSEY-K TDKITKYKEG DIIIVLLIII MEKKKEKKRQ AFVVKVILLH LRAFIYKNNE GAKTPGKEQK AAMADKGDTF LFSVNVIVVD KKI
GNM12351                        ----AVAVL- -NRNEKEGEE IDKITFTDPG WIMVIGFLTM DKAKKNNSRE TFVQHLMIIL IRAFIMENNQ NANPPSEDQI KRTTASGETF IQSLNVLIVD NIR
GNM12356                        ----AAASLD KIADNSEE-K ASKITKYEGG DIILVKIIML IEIKKKRKRQ TFIVKIIFLH IRAFIKKNNE GCKIPGREQK YVSAEKEDTF LYNVNVASID KKQ
GNM12357                        ----AAATLD KIADNSEN-E SERFTKYVGG DIIILTLIVI FSLKKIRKRQ AFIVKIIFLH IRAFIHKNNE NCKVPGEEQN AINADKGDTF LKDLNVLSVD KGK
GNM12366                        ----AAAALD KIADNSEE-E SERFTKYEGG DILILKLIII LSLKKIRNRQ AFIVKVIFLH IRAFIYKNNE NAKIPGSEQK RLNADNGDTF LKNLNVLSVD KKK
GNM12551                        ---EAAATLA EFEDGEEEEE REEVILFAAG WIILVGLLVV EGRKKRRKRQ AFVVYLLILL LRAFIHDNNR GPYPPPEEQY SSRADTGSTF LVSVSVVAVD LKV
GNM12592                        ----AGATV- -SRRDDEEEE IGAIYQFGGG WIIVVELLI- ERVKKEVARE TFVVRLIFML IRAFIRDSRL GGRPPSVKPL SRSA-RGETF LHSVGVVMVD SET
GNM12596                        K---AAAAL- -RADLREEEV LDKIVRFGGG WIFVVSILIM EFTKKNTKRE SFVVHLLLFL LRIVILENVS GTYPPSPGQA LINLESGETF IELPSVLVVD DKK
GNM12602                        K---AAAAL- -REDLREEEI IDKIVRFGGG WIFVISVLVM EQIKKHTKRE SFVAHLLLFL LRVVISENSS GVYPPSLGQA SINLESGETF IEIPSVLVVD DRK
GNM12665                        K---AAAAL- -RQDLREEKT LDKIVSFGGG WIFIVSILIM EFIKKSTKRE SFVVHLLLFL LRIVILENGN GAYPPSPGQS SINLESGETF IELPSVLVVD DRN
GNM12745                        ----AA--LI DEK-GT--ML -SKILLF-ED WII-V-VI-P DD-K--N-KN VF-IHL-ILL VVTILYKN-N NT-P-D-KQ- RKNTN-NS-- EEMFH-IH-E -S-
GNM12758                        ----AAAAVL EERDNKEEIE SDKITWLDDG WIIVVLLLVI MRGKKKNEER TFVIQLVLLL IRAVIYDNNK HSRAADPEQP SRNADENSTF RLSVNVLMVL GGK
GNM12763                        ----AAAAMS DRKDNEEELE LDNITYFDGG WIIVVNLLII DLKKKEKKAR SFILKLILLL VRVIIYDNNL NSNPPDKEQK KIQTDSNSTF RKCVNVIVID SKF
GNM12766                        ----AAAALD RIADDSEG-K TEKITKYEGG DIIIVLLIIL MDKKKIRRRQ AFVVKVIFLH IRAFIFKNKE GAKVPGKEQK YSVADKGDTF LENLNVIVVD KKK
GNM12841                        ----AAAARA VKAVDEEDER -NSVFSF-GG SIIIVELVIA EEAKRDTDHQ SFVASMLFFL LRAFIRDKNF DVNEEDTEQP TVGADTGSTF LHSINVYQVD HTQ
GNM12849                        ----AAASVC ETQDDSEKET LSKLTWLDGG WILIVLILII DEEKKKKTHN IFIQYLVILL LQYLSYDNNE NSNPPPPDQS ITRINTGSSF QKLVAIIVIK NSE
GNM12869                        ----AASCVC ETQDDSEEEI LSKLTWFDNG WIIMVSIFII DEQKKKKKHK TFINYLIILL LKYISYDNNQ NSNPPPPEQA SKRVKFESSF QKSIATIVVK TEE
GNM12896                        ----AAAATC EHRDDKEDEI LKFLTWFQGG WIVVVSILVL DVRKKKKLKH IFIQQLVIMM LRYATYDNHR NSNAPPPEQA TVRADYDSSI NKSIAVVVVK NKE
GNM12897                        ----AAAASC EHRDDKEEEI IKFLTWFDGG WIVGISILVI EQQKKKKLKH VFIQQLVIMM LRYISYDNQR NSNAPPPEQA TVRANYDSSL NKCIAVIVVR KKE
GNM12903                        ---EAAAVAV TKGDDREGET HNRVVVYGGG WIIAFEILLV RELKKRKKWQ AFVVRLVLIL VRAFISDNNS GTRPMPRSQE TVSADIGSTF QTCVSVFVVD KQE
GNM12906                        ---EAAAVAV TKGNDREQET HSRVVVYGAG WILVFEIILT REIKKKKHWQ AFVVRLILIL VRAFISDNNA GTRPHPKSQE TVSANVGSTF QTCVSVFAVD EQE
GNM12907                        ---EAAAVAV TKGDDREKET HSKVVIYGGG WIIAFEILLV RELKKRKKWQ AFVVRLVLIL IRAFISDNNS GTRPLPKGQE TVSANVGSTF QTCVSVFVVD KQE
GNM12909                        ---EAAAVAV TKGDNREGET YNKVIIYGSG WILAFQILLV RELKKRKKWQ AFIVRLVLIL VRAFISDNNS GTRPFPRSQE TVNANVGSTF QTCVSVFVVD TQE
GNM12915                        ----AVAALN ERQDEGENET KKEIIIYDGG WIMVILFLMP QQKKKERKRQ TIVMYLLLLL VRAFIKKHNE GTYPPPIEQY EKMAEEGSTV LTAVNVLAVD RKE
GNM10046                        ----AVAALN ERQDEGEEEI KKEIIIYDGG WIMVILFLMP QQKKKERKRQ TIVMYLLLLL VRAFIKKHNE GTYPPPIEQY EKMAEEGSTV LTAVNVLVVD RKE
GNM12918                        ----AVAALN ERQDEGERDT KKEIIIYDGG WIMVILFLMP QQKKKERKRQ TIVMYLLLLL VRAFIKKHNE GTYPPPIEQY EKMAEEGSTI LTAVNVLVVD RKE
GNM12931                        ----AAAALV DEQDNIERES LNKIITYRGG WIIVFEILIP KGIKKKKKRE AFILYLVLLL LRVFIMDHNY RSNPPADNQR IKSADTGSTF VRSISVIVIP ERT
GNM12938                        ----AVAALI DDRDSEEDET LKKIITASGG WIVVVRLLIP VLIKKRKNRQ AFVYHLFLLL LRAFIMDNNM SYKPPPKRQV RKKTDEGSSF LKSLSVVIVD TII
GNM12996                        ----AAAAVV DERDNNENEY LQKIIAATGG WIVVFSLLIP KLLKKKKSRE SFVYHLFFLL IRAFIMDHNM GYRPPAVRQE TVKANVRSSF LKSLSVLVVD KEM
GNM13018                        ----AAAAVV DERDNNENEY LQKIIAATGG WIVVFSLLIP KLLKKKKSRE SFVYHLFFLL IRAFIMDHNM GYRPPAVRQE TVKANVGSSF LKSLSVIVVD KEM
GNM13027                        ----AAAVKV DERDNEENET LKKIITATGG WIIIVRLLIP QQLKKKKQRE AFIYHLLFLL LRAFIMDNNT NYRPPPERQE VKKTDEGSSF LKSISVLVVD LAI
GNM13046                        ----AAACTC SNHDESEKEV LKQLSWFSDG WIIAITILII QQEKKTKQNH AFIQYLIILL LRYLSYENNN NSNPPPPEQY SSRINYNSSL KKSVAVVAIN EAD
GNM13053                        ----AAATKC ERLDKAEEEI P-RITSYDKG -L-IVRI-I- -SAKKKNTRR VLIHYLLILL FRAISC-NNR N-NPPAPQQP STK--EKSST LKALNV-ALG T-R
GNM13074                        ----AVAALN ERADEGEEET KKDIIIYNGG WIMVILFLMP QQKKKERKRQ TIVFYLLLLL VRAFIKKHNE GTYPPPIEQY EKAADEGSTI LTAVNVLAVD KRE
GNM10010                        ----AAAALN ERADEGEEEI RKEIIIYSGG WIMLILFLMP RSKKKERRRQ TVVFYLLLLL VRAFIKKNNE GTYPPPIEQY EVSANEGSTV LTAVNVLAVD KKE
GNM10014                        ----AAAALN ERADEGEEEI RKEIIIYSGG WIMVILFLMP QSKKKERKRQ TIVFYLLLLL VRAFIKKNNE GTYPPPIEQY EVSADEGSTI LTAVNVLAVD KRE
GNM13090                        ----AAAALN ERADEGEEEI KKEIIIYSGG WIMVILFLMP QQKKKERRRQ TIVFYLLLLL VRAFIKKNNE GTYPPPIEQY EVSADEGSTI LTAVNVLAVD KRE
GNM13118                        ----AASALC TERSGQEEEV HGRIVKFNEG WILVVFLLIP DELKKKKSRQ AFVYRLLFVL LRAFIYNNNE GLYPPSLRQP EKSASRGSTF LIPVSVFAFD KEV
GNM13208                        ---EAAAVAA TEGDGREDEI YSRVLVYSGG WILAFLIILV RLKKKRKRWQ AFVVKLVLLL LRAFIHDNNS STRPPPREQE RVSADIGSTF QVSVSVFVVD KRE
GNM13210                        ----AAAALI DTQDGSEEEH LDRILTFDNG YIVVIVILVL EEKKKKPRRQ AIIYRLVLLL LKAFILNHNL RSRPPPVKQE EKSTNESSTY EKSISVVAVP REE
GNM12773                        ----AVAAMS EHRSNLEEEE RDKIIVFGGG WIIIVMLLIP KFNKKTRSRD AFVAKLVFLL LRSFIFNNNL CSKPSPEDQE KHKANQNSTF RRSVSVLVID ESF
GNM12769                        ----AAAALC MKRDDREEET KKSLAIYENG WIIVILILLL QIRKKQNRME AFVTKLLLIL LRAFIYDNNF NGYPPPLQQE SHSANEDSTF RKAISVLAVD NQK



    1    1    1    1    1    1    1    1    1    1    1    1    1    1    1
    1    1    1    1    1    1    1    1    1    1    1    1    1    1    1
    1    1    1    1    1    1    1    1    1    1    1    1    1    1    1
    1    1    1    1    1    1    1    1    1    1    1    1    1    1    1
    1    1    1    1    1    1    1    1    1    1    1    1    1    1    1
    1    1    1    1    1    1    1    1    1    1    1    1    1    1    1
    1    1    1    1    1    1    1    1    1    1    1    1    1

AAML (in paml version 4.9h, March 2018)  tmp0067.txt
Model: Empirical,  (../wag.dat) dGamma (ncatG=4) ns = 133  ls = 103


Frequencies..
                                    A      R      N      D      C      Q      E      G      H      I      L      K      M      F      P      S      T      W      Y      V
GNM13746                       0.05051 0.05051 0.07071 0.06061 0.01010 0.02020 0.07071 0.04040 0.00000 0.09091 0.12121 0.10101 0.04040 0.04040 0.04040 0.05051 0.04040 0.00000 0.04040 0.06061
GNM13671                       0.08081 0.08081 0.06061 0.02020 0.00000 0.04040 0.11111 0.00000 0.00000 0.09091 0.09091 0.10101 0.02020 0.03030 0.04040 0.09091 0.04040 0.01010 0.03030 0.06061
GNM13876                       0.09091 0.06061 0.06061 0.03030 0.00000 0.01010 0.08081 0.05051 0.00000 0.06061 0.08081 0.08081 0.02020 0.07071 0.03030 0.04040 0.10101 0.01010 0.01010 0.11111
GNM13680                       0.06061 0.05051 0.03030 0.07071 0.01010 0.03030 0.09091 0.05051 0.00000 0.11111 0.12121 0.03030 0.02020 0.01010 0.06061 0.07071 0.06061 0.02020 0.01010 0.09091
GNM14837                       0.04040 0.04040 0.08081 0.05051 0.01010 0.02020 0.09091 0.03030 0.01010 0.15152 0.05051 0.08081 0.01010 0.07071 0.04040 0.08081 0.05051 0.02020 0.02020 0.05051
GNM14249                       0.04040 0.02020 0.06061 0.06061 0.02020 0.05051 0.08081 0.01010 0.01010 0.11111 0.06061 0.11111 0.01010 0.06061 0.04040 0.09091 0.05051 0.02020 0.03030 0.06061
GNM13928                       0.05051 0.02020 0.07071 0.06061 0.02020 0.04040 0.10101 0.01010 0.00000 0.12121 0.07071 0.08081 0.01010 0.05051 0.04040 0.10101 0.06061 0.02020 0.02020 0.05051
GNM14865                       0.08247 0.09278 0.02062 0.11340 0.00000 0.02062 0.11340 0.04124 0.03093 0.06186 0.05155 0.04124 0.00000 0.07216 0.02062 0.04124 0.04124 0.00000 0.01031 0.14433
GNM13455                       0.05051 0.03030 0.09091 0.06061 0.01010 0.03030 0.07071 0.03030 0.02020 0.13131 0.11111 0.07071 0.00000 0.03030 0.03030 0.08081 0.05051 0.02020 0.03030 0.05051
GNM14938                       0.08081 0.10101 0.01010 0.02020 0.00000 0.01010 0.14141 0.04040 0.01010 0.04040 0.13131 0.07071 0.03030 0.04040 0.03030 0.05051 0.05051 0.02020 0.02020 0.10101
GNM14483                       0.11957 0.08696 0.04348 0.04348 0.01087 0.04348 0.03261 0.06522 0.01087 0.07609 0.13043 0.04348 0.03261 0.01087 0.04348 0.09783 0.04348 0.01087 0.01087 0.04348
GNM14872                       0.11111 0.05051 0.05051 0.04040 0.01010 0.03030 0.10101 0.06061 0.00000 0.09091 0.10101 0.03030 0.02020 0.01010 0.04040 0.08081 0.05051 0.01010 0.01010 0.10101
GNM13855                       0.06061 0.02020 0.09091 0.02020 0.01010 0.02020 0.09091 0.02020 0.00000 0.10101 0.10101 0.12121 0.01010 0.07071 0.03030 0.05051 0.06061 0.02020 0.01010 0.09091
GNM14445                       0.04040 0.03030 0.10101 0.02020 0.02020 0.06061 0.05051 0.03030 0.03030 0.13131 0.10101 0.13131 0.00000 0.02020 0.03030 0.07071 0.03030 0.02020 0.01010 0.07071
GNM14545                       0.09091 0.09091 0.02020 0.05051 0.01010 0.02020 0.07071 0.05051 0.02020 0.04040 0.13131 0.06061 0.01010 0.04040 0.05051 0.08081 0.04040 0.02020 0.03030 0.07071
GNM14366                       0.06061 0.04040 0.09091 0.02020 0.02020 0.06061 0.09091 0.02020 0.03030 0.11111 0.07071 0.05051 0.00000 0.03030 0.04040 0.12121 0.04040 0.02020 0.02020 0.06061
GNM14252                       0.03030 0.02020 0.07071 0.06061 0.02020 0.04040 0.08081 0.01010 0.02020 0.12121 0.06061 0.12121 0.01010 0.05051 0.05051 0.11111 0.03030 0.02020 0.02020 0.05051
GNM13760                       0.05051 0.03030 0.07071 0.03030 0.02020 0.02020 0.10101 0.02020 0.03030 0.13131 0.07071 0.10101 0.01010 0.04040 0.04040 0.08081 0.05051 0.02020 0.04040 0.04040
GNM13982                       0.05051 0.03030 0.10101 0.04040 0.02020 0.04040 0.04040 0.02020 0.01010 0.13131 0.07071 0.09091 0.00000 0.05051 0.03030 0.12121 0.07071 0.01010 0.02020 0.05051
GNM13960                       0.07071 0.05051 0.08081 0.04040 0.02020 0.01010 0.07071 0.01010 0.02020 0.08081 0.09091 0.08081 0.02020 0.02020 0.02020 0.10101 0.06061 0.02020 0.05051 0.08081
GNM14633                       0.04040 0.02020 0.11111 0.03030 0.02020 0.05051 0.06061 0.02020 0.01010 0.12121 0.07071 0.08081 0.00000 0.05051 0.04040 0.12121 0.04040 0.01010 0.02020 0.08081
GNM14853                       0.04040 0.02020 0.11111 0.03030 0.02020 0.05051 0.06061 0.02020 0.01010 0.12121 0.07071 0.08081 0.00000 0.05051 0.04040 0.12121 0.04040 0.01010 0.02020 0.08081
GNM14174                       0.09091 0.06061 0.05051 0.04040 0.02020 0.02020 0.10101 0.06061 0.01010 0.09091 0.08081 0.06061 0.00000 0.06061 0.04040 0.05051 0.07071 0.01010 0.00000 0.08081
GNM14138                       0.09091 0.05051 0.08081 0.05051 0.01010 0.05051 0.06061 0.05051 0.01010 0.11111 0.07071 0.06061 0.00000 0.06061 0.04040 0.05051 0.04040 0.01010 0.02020 0.08081
GNM14055                       0.05376 0.04301 0.13978 0.03226 0.01075 0.03226 0.07527 0.02151 0.01075 0.12903 0.07527 0.05376 0.01075 0.02151 0.02151 0.07527 0.05376 0.02151 0.04301 0.07527
GNM14748                       0.03030 0.03030 0.09091 0.05051 0.02020 0.05051 0.09091 0.01010 0.01010 0.14141 0.09091 0.07071 0.01010 0.06061 0.03030 0.09091 0.05051 0.02020 0.02020 0.03030
GNM14640                       0.06061 0.09091 0.05051 0.06061 0.01010 0.02020 0.10101 0.06061 0.01010 0.07071 0.09091 0.07071 0.00000 0.04040 0.05051 0.04040 0.03030 0.01010 0.03030 0.10101
GNM14965                       0.11111 0.07071 0.05051 0.04040 0.01010 0.02020 0.11111 0.03030 0.00000 0.11111 0.12121 0.02020 0.02020 0.01010 0.04040 0.08081 0.04040 0.01010 0.01010 0.09091
GNM13677                       0.10101 0.08081 0.06061 0.02020 0.00000 0.01010 0.11111 0.05051 0.00000 0.06061 0.08081 0.04040 0.02020 0.07071 0.03030 0.04040 0.09091 0.01010 0.01010 0.11111
GNM14339                       0.10101 0.15152 0.01010 0.03030 0.00000 0.00000 0.10101 0.06061 0.01010 0.04040 0.12121 0.04040 0.02020 0.02020 0.02020 0.07071 0.03030 0.02020 0.02020 0.13131
GNM14593                       0.08081 0.06061 0.07071 0.03030 0.00000 0.02020 0.12121 0.02020 0.01010 0.10101 0.07071 0.10101 0.03030 0.04040 0.04040 0.04040 0.05051 0.01010 0.02020 0.08081
GNM13825                       0.11111 0.11111 0.02020 0.03030 0.00000 0.02020 0.11111 0.04040 0.01010 0.05051 0.12121 0.05051 0.02020 0.04040 0.02020 0.06061 0.04040 0.02020 0.02020 0.10101
GNM14768                       0.12121 0.06061 0.03030 0.04040 0.00000 0.01010 0.09091 0.03030 0.00000 0.07071 0.11111 0.09091 0.01010 0.03030 0.06061 0.08081 0.03030 0.01010 0.04040 0.08081
GNM14776                       0.11111 0.06061 0.03030 0.04040 0.00000 0.01010 0.09091 0.03030 0.00000 0.07071 0.11111 0.09091 0.01010 0.03030 0.06061 0.08081 0.03030 0.01010 0.04040 0.09091
GNM14715                       0.15152 0.10101 0.01010 0.09091 0.01010 0.04040 0.04040 0.03030 0.02020 0.04040 0.12121 0.03030 0.04040 0.00000 0.04040 0.08081 0.04040 0.02020 0.00000 0.09091
GNM13795                       0.03030 0.03030 0.08081 0.04040 0.02020 0.04040 0.10101 0.01010 0.02020 0.13131 0.07071 0.07071 0.01010 0.07071 0.03030 0.09091 0.06061 0.02020 0.02020 0.05051
GNM14166                       0.09091 0.06061 0.06061 0.05051 0.01010 0.03030 0.07071 0.02020 0.01010 0.11111 0.07071 0.10101 0.02020 0.01010 0.03030 0.06061 0.04040 0.02020 0.05051 0.08081
GNM13993                       0.05051 0.05051 0.14141 0.03030 0.01010 0.02020 0.10101 0.01010 0.01010 0.12121 0.08081 0.08081 0.02020 0.05051 0.02020 0.05051 0.05051 0.01010 0.02020 0.07071
GNM14450                       0.07071 0.05051 0.08081 0.04040 0.02020 0.03030 0.06061 0.03030 0.01010 0.13131 0.10101 0.06061 0.00000 0.02020 0.03030 0.07071 0.04040 0.02020 0.05051 0.08081
GNM13515                       0.05051 0.02020 0.11111 0.04040 0.02020 0.02020 0.09091 0.01010 0.00000 0.11111 0.12121 0.08081 0.00000 0.06061 0.02020 0.07071 0.04040 0.01010 0.01010 0.11111
GNM13745                       0.06061 0.04040 0.11111 0.04040 0.01010 0.04040 0.07071 0.01010 0.01010 0.17172 0.10101 0.08081 0.00000 0.01010 0.01010 0.08081 0.05051 0.01010 0.04040 0.05051
GNM14030                       0.07216 0.01031 0.11340 0.03093 0.01031 0.02062 0.05155 0.01031 0.03093 0.17526 0.10309 0.12371 0.01031 0.04124 0.02062 0.09278 0.02062 0.01031 0.03093 0.02062
GNM14959                       0.07071 0.07071 0.04040 0.04040 0.00000 0.02020 0.09091 0.06061 0.03030 0.06061 0.09091 0.07071 0.01010 0.05051 0.04040 0.05051 0.05051 0.02020 0.01010 0.12121
GNM13413                       0.09091 0.09091 0.02020 0.04040 0.00000 0.03030 0.11111 0.04040 0.03030 0.06061 0.11111 0.06061 0.00000 0.01010 0.04040 0.06061 0.05051 0.00000 0.03030 0.12121
GNM14971                       0.06061 0.05051 0.08081 0.04040 0.02020 0.01010 0.07071 0.01010 0.02020 0.05051 0.09091 0.08081 0.02020 0.02020 0.02020 0.10101 0.08081 0.02020 0.05051 0.10101
GNM14990                       0.06061 0.05051 0.08081 0.04040 0.02020 0.01010 0.07071 0.01010 0.03030 0.06061 0.09091 0.08081 0.02020 0.02020 0.03030 0.10101 0.07071 0.02020 0.04040 0.09091
GNM15005                       0.07071 0.05051 0.08081 0.04040 0.02020 0.01010 0.07071 0.01010 0.03030 0.05051 0.09091 0.08081 0.02020 0.02020 0.03030 0.10101 0.06061 0.02020 0.04040 0.10101
GNM15014                       0.08081 0.06061 0.08081 0.05051 0.02020 0.01010 0.06061 0.01010 0.02020 0.06061 0.08081 0.08081 0.02020 0.02020 0.02020 0.09091 0.06061 0.02020 0.05051 0.10101
GNM14976                       0.06061 0.06061 0.08081 0.04040 0.02020 0.01010 0.07071 0.01010 0.02020 0.06061 0.09091 0.07071 0.02020 0.02020 0.02020 0.10101 0.08081 0.02020 0.05051 0.09091
GNM14995                       0.07143 0.06122 0.09184 0.07143 0.02041 0.04082 0.03061 0.01020 0.00000 0.13265 0.07143 0.09184 0.00000 0.03061 0.03061 0.07143 0.02041 0.02041 0.06122 0.07143
GNM14999                       0.04054 0.06757 0.05405 0.04054 0.01351 0.01351 0.06757 0.02703 0.02703 0.06757 0.09459 0.06757 0.02703 0.02703 0.01351 0.12162 0.06757 0.02703 0.05405 0.08108
GNM15024                       0.05051 0.02020 0.06061 0.06061 0.02020 0.05051 0.09091 0.01010 0.01010 0.12121 0.05051 0.11111 0.02020 0.05051 0.03030 0.10101 0.04040 0.02020 0.03030 0.05051
GNM14980                       0.04040 0.02020 0.06061 0.06061 0.02020 0.05051 0.09091 0.01010 0.01010 0.12121 0.05051 0.11111 0.02020 0.05051 0.03030 0.10101 0.05051 0.02020 0.03030 0.05051
GNM15000                       0.04040 0.02020 0.06061 0.06061 0.02020 0.05051 0.09091 0.01010 0.01010 0.12121 0.05051 0.11111 0.02020 0.05051 0.03030 0.10101 0.05051 0.02020 0.03030 0.05051
GNM15026                       0.08081 0.06061 0.07071 0.05051 0.02020 0.01010 0.06061 0.01010 0.02020 0.08081 0.09091 0.08081 0.02020 0.02020 0.02020 0.10101 0.04040 0.02020 0.05051 0.09091
GNM15019                       0.05051 0.02020 0.07071 0.05051 0.02020 0.05051 0.10101 0.01010 0.01010 0.15152 0.07071 0.07071 0.01010 0.06061 0.03030 0.08081 0.05051 0.02020 0.03030 0.04040
GNM15003                       0.06061 0.06061 0.08081 0.04040 0.02020 0.01010 0.07071 0.01010 0.02020 0.07071 0.09091 0.07071 0.02020 0.02020 0.03030 0.10101 0.06061 0.02020 0.05051 0.09091
GNM11003                       0.09091 0.05051 0.04040 0.06061 0.00000 0.02020 0.08081 0.03030 0.03030 0.08081 0.09091 0.08081 0.02020 0.06061 0.04040 0.08081 0.02020 0.01010 0.02020 0.09091
GNM11023                       0.12000 0.12000 0.02000 0.04000 0.00000 0.01000 0.08000 0.05000 0.04000 0.08000 0.09000 0.06000 0.03000 0.01000 0.03000 0.06000 0.05000 0.01000 0.01000 0.09000
GNM11146                       0.06061 0.09091 0.05051 0.04040 0.00000 0.03030 0.08081 0.04040 0.01010 0.10101 0.10101 0.05051 0.02020 0.01010 0.04040 0.08081 0.04040 0.01010 0.03030 0.11111
GNM11220                       0.10101 0.12121 0.04040 0.04040 0.00000 0.01010 0.09091 0.03030 0.01010 0.05051 0.09091 0.06061 0.04040 0.02020 0.04040 0.07071 0.03030 0.02020 0.03030 0.10101
GNM11224                       0.05051 0.09091 0.05051 0.04040 0.02020 0.02020 0.09091 0.05051 0.01010 0.07071 0.13131 0.04040 0.01010 0.05051 0.05051 0.06061 0.07071 0.01010 0.02020 0.06061
GNM11225                       0.07071 0.09091 0.06061 0.05051 0.02020 0.05051 0.07071 0.05051 0.01010 0.07071 0.11111 0.04040 0.00000 0.04040 0.04040 0.05051 0.03030 0.01010 0.03030 0.10101
GNM11358                       0.04040 0.04040 0.08081 0.04040 0.01010 0.04040 0.08081 0.03030 0.00000 0.09091 0.12121 0.09091 0.01010 0.05051 0.03030 0.04040 0.06061 0.02020 0.01010 0.11111
GNM11360                       0.04040 0.03030 0.09091 0.06061 0.01010 0.03030 0.07071 0.03030 0.02020 0.13131 0.11111 0.07071 0.00000 0.03030 0.03030 0.08081 0.05051 0.02020 0.03030 0.06061
GNM11362                       0.04950 0.07921 0.02970 0.05941 0.01980 0.03960 0.05941 0.03960 0.00000 0.08911 0.06931 0.08911 0.02970 0.00990 0.03960 0.07921 0.03960 0.01980 0.03960 0.11881
GNM11367                       0.05051 0.03030 0.10101 0.04040 0.02020 0.04040 0.04040 0.02020 0.01010 0.13131 0.07071 0.09091 0.00000 0.05051 0.03030 0.12121 0.07071 0.01010 0.02020 0.05051
GNM11377                       0.09091 0.05051 0.05051 0.04040 0.01010 0.03030 0.10101 0.06061 0.00000 0.08081 0.10101 0.03030 0.02020 0.01010 0.05051 0.08081 0.05051 0.02020 0.01010 0.11111
GNM11380                       0.08081 0.06061 0.04040 0.07071 0.01010 0.03030 0.07071 0.02020 0.02020 0.10101 0.06061 0.10101 0.03030 0.02020 0.03030 0.07071 0.03030 0.02020 0.04040 0.09091
GNM11383                       0.07071 0.03030 0.11111 0.03030 0.02020 0.04040 0.10101 0.02020 0.02020 0.11111 0.07071 0.07071 0.02020 0.02020 0.04040 0.08081 0.02020 0.02020 0.03030 0.07071
GNM11491                       0.06122 0.08163 0.04082 0.05102 0.02041 0.01020 0.08163 0.06122 0.05102 0.04082 0.12245 0.03061 0.04082 0.01020 0.03061 0.08163 0.06122 0.02041 0.02041 0.08163
GNM12883                       0.09091 0.05051 0.04040 0.04040 0.01010 0.03030 0.10101 0.06061 0.01010 0.08081 0.12121 0.03030 0.02020 0.01010 0.06061 0.07071 0.03030 0.02020 0.01010 0.11111
GNM12886                       0.09091 0.05051 0.04040 0.07071 0.01010 0.03030 0.08081 0.05051 0.00000 0.08081 0.12121 0.03030 0.01010 0.01010 0.06061 0.08081 0.04040 0.03030 0.01010 0.10101
GNM12892                       0.11111 0.07071 0.05051 0.04040 0.01010 0.02020 0.11111 0.03030 0.00000 0.11111 0.12121 0.02020 0.02020 0.01010 0.04040 0.08081 0.04040 0.01010 0.01010 0.09091
GNM12895                       0.07071 0.05051 0.08081 0.04040 0.02020 0.03030 0.06061 0.03030 0.01010 0.13131 0.10101 0.06061 0.00000 0.02020 0.03030 0.07071 0.04040 0.02020 0.05051 0.08081
GNM13060                       0.05051 0.03030 0.04040 0.06061 0.01010 0.02020 0.07071 0.04040 0.02020 0.09091 0.14141 0.11111 0.04040 0.04040 0.04040 0.05051 0.06061 0.00000 0.03030 0.05051
GNM13061                       0.09091 0.07071 0.04040 0.02020 0.01010 0.04040 0.07071 0.07071 0.01010 0.06061 0.13131 0.05051 0.02020 0.04040 0.03030 0.08081 0.03030 0.00000 0.05051 0.08081
GNM13064                       0.05051 0.05051 0.14141 0.03030 0.01010 0.02020 0.10101 0.01010 0.01010 0.12121 0.08081 0.08081 0.02020 0.05051 0.02020 0.05051 0.05051 0.01010 0.02020 0.07071
GNM11032                       0.11111 0.15152 0.02020 0.04040 0.00000 0.01010 0.08081 0.04040 0.00000 0.05051 0.10101 0.06061 0.02020 0.01010 0.03030 0.06061 0.03030 0.03030 0.03030 0.12121
GNM11363                       0.04950 0.07921 0.02970 0.05941 0.01980 0.03960 0.05941 0.03960 0.00000 0.08911 0.06931 0.08911 0.02970 0.00990 0.03960 0.07921 0.03960 0.01980 0.03960 0.11881
GNM11375                       0.04040 0.03030 0.07071 0.04040 0.02020 0.02020 0.10101 0.02020 0.02020 0.11111 0.07071 0.09091 0.01010 0.04040 0.05051 0.09091 0.06061 0.02020 0.04040 0.05051
GNM11381                       0.07071 0.02020 0.11111 0.01010 0.02020 0.02020 0.11111 0.02020 0.02020 0.14141 0.07071 0.08081 0.00000 0.03030 0.04040 0.10101 0.03030 0.02020 0.03030 0.05051
GNM11382                       0.04040 0.05051 0.07071 0.04040 0.02020 0.04040 0.13131 0.02020 0.01010 0.11111 0.09091 0.07071 0.01010 0.04040 0.03030 0.09091 0.04040 0.02020 0.02020 0.05051
GNM11841                       0.10309 0.07216 0.05155 0.11340 0.00000 0.01031 0.08247 0.04124 0.03093 0.06186 0.05155 0.02062 0.01031 0.08247 0.02062 0.03093 0.08247 0.00000 0.02062 0.11340
GNM11931                       0.13402 0.06186 0.02062 0.11340 0.00000 0.07216 0.05155 0.03093 0.02062 0.03093 0.08247 0.02062 0.00000 0.09278 0.04124 0.03093 0.08247 0.00000 0.01031 0.10309
GNM12040                       0.06186 0.04124 0.02062 0.09278 0.00000 0.04124 0.12371 0.02062 0.06186 0.10309 0.06186 0.04124 0.00000 0.08247 0.02062 0.04124 0.07216 0.00000 0.01031 0.10309
GNM12071                       0.10309 0.08247 0.04124 0.12371 0.00000 0.03093 0.10309 0.03093 0.02062 0.05155 0.06186 0.02062 0.00000 0.08247 0.02062 0.02062 0.04124 0.00000 0.01031 0.15464
GNM12125                       0.10000 0.11429 0.02857 0.02857 0.01429 0.04286 0.08571 0.02857 0.01429 0.02857 0.12857 0.08571 0.05714 0.02857 0.01429 0.04286 0.01429 0.00000 0.02857 0.11429
GNM12126                       0.12121 0.06061 0.04040 0.04040 0.00000 0.03030 0.09091 0.02020 0.00000 0.04040 0.15152 0.10101 0.00000 0.03030 0.05051 0.03030 0.06061 0.01010 0.03030 0.09091
GNM12128                       0.05051 0.06061 0.07071 0.03030 0.00000 0.03030 0.06061 0.03030 0.01010 0.15152 0.13131 0.09091 0.00000 0.02020 0.03030 0.08081 0.04040 0.01010 0.03030 0.07071
GNM12182                       0.09091 0.10101 0.01010 0.07071 0.00000 0.01010 0.07071 0.04040 0.03030 0.06061 0.09091 0.06061 0.01010 0.06061 0.03030 0.05051 0.06061 0.01010 0.03030 0.11111
GNM12342                       0.10204 0.02041 0.04082 0.07143 0.00000 0.02041 0.06122 0.04082 0.01020 0.12245 0.08163 0.17347 0.02041 0.04082 0.01020 0.03061 0.04082 0.00000 0.03061 0.08163
GNM12351                       0.06186 0.05155 0.10309 0.05155 0.00000 0.04124 0.08247 0.04124 0.01031 0.12371 0.06186 0.06186 0.04124 0.05155 0.03093 0.04124 0.07216 0.01031 0.00000 0.06186
GNM12356                       0.08163 0.04082 0.05102 0.05102 0.01020 0.03061 0.08163 0.04082 0.01020 0.15306 0.05102 0.17347 0.01020 0.04082 0.01020 0.05102 0.03061 0.00000 0.03061 0.05102
GNM12357                       0.08163 0.04082 0.08163 0.07143 0.01020 0.02041 0.06122 0.05102 0.02041 0.13265 0.08163 0.12245 0.00000 0.06122 0.01020 0.04082 0.04082 0.00000 0.01020 0.06122
GNM12366                       0.09184 0.05102 0.09184 0.06122 0.00000 0.02041 0.07143 0.04082 0.01020 0.12245 0.11224 0.13265 0.00000 0.05102 0.01020 0.05102 0.02041 0.00000 0.02041 0.04082
GNM12551                       0.10000 0.08000 0.02000 0.04000 0.00000 0.02000 0.13000 0.06000 0.01000 0.05000 0.12000 0.04000 0.00000 0.05000 0.04000 0.05000 0.03000 0.01000 0.03000 0.12000
GNM12592                       0.06316 0.11579 0.00000 0.04211 0.00000 0.01053 0.10526 0.09474 0.01053 0.08421 0.07368 0.03158 0.02105 0.05263 0.03158 0.07368 0.04211 0.01053 0.01053 0.12632
GNM12596                       0.06122 0.05102 0.03061 0.04082 0.00000 0.01020 0.09184 0.06122 0.01020 0.08163 0.14286 0.07143 0.01020 0.06122 0.04082 0.06122 0.04082 0.01020 0.01020 0.11224
GNM12602                       0.06122 0.06122 0.02041 0.04082 0.00000 0.02041 0.10204 0.06122 0.02041 0.10204 0.11224 0.06122 0.01020 0.05102 0.03061 0.09184 0.02041 0.01020 0.01020 0.11224
GNM12665                       0.05102 0.05102 0.04082 0.04082 0.00000 0.02041 0.08163 0.07143 0.01020 0.10204 0.13265 0.06122 0.01020 0.06122 0.04082 0.09184 0.03061 0.01020 0.01020 0.08163
GNM12745                       0.02817 0.01408 0.11268 0.07042 0.00000 0.01408 0.07042 0.01408 0.04225 0.12676 0.11268 0.09859 0.02817 0.04225 0.02817 0.04225 0.05634 0.01408 0.01408 0.07042
GNM12758                       0.08081 0.07071 0.07071 0.07071 0.00000 0.02020 0.09091 0.04040 0.01010 0.08081 0.12121 0.07071 0.02020 0.02020 0.02020 0.05051 0.03030 0.02020 0.01010 0.10101
GNM12763                       0.05051 0.04040 0.09091 0.09091 0.01010 0.02020 0.06061 0.02020 0.00000 0.12121 0.11111 0.12121 0.01010 0.04040 0.02020 0.06061 0.03030 0.01010 0.02020 0.07071
GNM12766                       0.09184 0.05102 0.03061 0.08163 0.00000 0.02041 0.06122 0.06122 0.01020 0.12245 0.07143 0.16327 0.01020 0.05102 0.01020 0.02041 0.03061 0.00000 0.02041 0.09184
GNM12841                       0.11340 0.05155 0.04124 0.09278 0.00000 0.04124 0.09278 0.04124 0.03093 0.06186 0.05155 0.03093 0.01031 0.08247 0.01031 0.07216 0.06186 0.00000 0.01031 0.10309
GNM12849                       0.04040 0.01010 0.07071 0.06061 0.01010 0.05051 0.07071 0.03030 0.01010 0.13131 0.12121 0.08081 0.00000 0.02020 0.04040 0.09091 0.06061 0.02020 0.03030 0.05051
GNM12869                       0.04040 0.01010 0.06061 0.05051 0.02020 0.05051 0.09091 0.01010 0.01010 0.12121 0.06061 0.12121 0.01010 0.05051 0.04040 0.10101 0.05051 0.02020 0.03030 0.05051
GNM12896                       0.09091 0.05051 0.05051 0.07071 0.01010 0.04040 0.05051 0.02020 0.03030 0.08081 0.07071 0.10101 0.02020 0.03030 0.03030 0.05051 0.04040 0.02020 0.03030 0.11111
GNM12897                       0.08081 0.05051 0.05051 0.05051 0.02020 0.06061 0.07071 0.03030 0.02020 0.11111 0.06061 0.10101 0.02020 0.03030 0.03030 0.06061 0.02020 0.02020 0.03030 0.08081
GNM12903                       0.08000 0.08000 0.03000 0.05000 0.01000 0.04000 0.07000 0.07000 0.01000 0.06000 0.06000 0.06000 0.01000 0.05000 0.02000 0.06000 0.06000 0.02000 0.01000 0.15000
GNM12906                       0.10000 0.06000 0.04000 0.03000 0.01000 0.05000 0.08000 0.05000 0.03000 0.07000 0.05000 0.06000 0.00000 0.05000 0.02000 0.06000 0.07000 0.02000 0.01000 0.14000
GNM12907                       0.08000 0.06000 0.03000 0.04000 0.01000 0.04000 0.07000 0.07000 0.01000 0.07000 0.07000 0.09000 0.00000 0.05000 0.02000 0.06000 0.06000 0.02000 0.01000 0.14000
GNM12909                       0.08000 0.07000 0.06000 0.03000 0.01000 0.05000 0.06000 0.06000 0.00000 0.07000 0.07000 0.06000 0.00000 0.06000 0.02000 0.06000 0.07000 0.02000 0.02000 0.13000
GNM12915                       0.07071 0.05051 0.04040 0.03030 0.00000 0.05051 0.12121 0.05051 0.01010 0.08081 0.10101 0.10101 0.04040 0.02020 0.04040 0.01010 0.05051 0.01010 0.04040 0.08081
GNM10046                       0.06061 0.05051 0.03030 0.03030 0.00000 0.05051 0.13131 0.05051 0.01010 0.09091 0.10101 0.10101 0.04040 0.02020 0.04040 0.01010 0.04040 0.01010 0.04040 0.09091
GNM12918                       0.06061 0.06061 0.03030 0.04040 0.00000 0.05051 0.11111 0.05051 0.01010 0.09091 0.10101 0.10101 0.04040 0.02020 0.04040 0.01010 0.05051 0.01010 0.04040 0.08081
GNM12931                       0.07071 0.08081 0.05051 0.05051 0.00000 0.02020 0.06061 0.04040 0.01010 0.14141 0.09091 0.08081 0.01010 0.04040 0.04040 0.06061 0.04040 0.01010 0.03030 0.07071
GNM12938                       0.06061 0.07071 0.03030 0.07071 0.00000 0.02020 0.04040 0.03030 0.01010 0.10101 0.12121 0.10101 0.02020 0.04040 0.04040 0.07071 0.04040 0.01010 0.02020 0.10101
GNM12996                       0.09091 0.06061 0.05051 0.04040 0.00000 0.02020 0.06061 0.03030 0.02020 0.06061 0.11111 0.09091 0.03030 0.06061 0.03030 0.07071 0.02020 0.01010 0.03030 0.11111
GNM13018                       0.09091 0.05051 0.05051 0.04040 0.00000 0.02020 0.06061 0.04040 0.02020 0.07071 0.10101 0.09091 0.03030 0.06061 0.03030 0.07071 0.02020 0.01010 0.03030 0.11111
GNM13027                       0.07071 0.06061 0.05051 0.05051 0.00000 0.04040 0.08081 0.03030 0.01010 0.10101 0.12121 0.10101 0.01010 0.04040 0.04040 0.04040 0.05051 0.01010 0.02020 0.07071
GNM13046                       0.08081 0.02020 0.10101 0.03030 0.02020 0.06061 0.07071 0.01010 0.02020 0.11111 0.09091 0.07071 0.00000 0.02020 0.04040 0.11111 0.03030 0.02020 0.05051 0.04040
GNM13053                       0.10345 0.09195 0.06897 0.02299 0.02299 0.02299 0.05747 0.02299 0.01149 0.09195 0.11494 0.10345 0.00000 0.01149 0.05747 0.06897 0.06897 0.00000 0.02299 0.03448
GNM13074                       0.09091 0.05051 0.04040 0.04040 0.00000 0.04040 0.11111 0.05051 0.01010 0.09091 0.10101 0.10101 0.02020 0.03030 0.04040 0.01010 0.05051 0.01010 0.04040 0.07071
GNM10010                       0.09091 0.07071 0.05051 0.02020 0.00000 0.02020 0.12121 0.05051 0.00000 0.08081 0.11111 0.08081 0.02020 0.03030 0.04040 0.04040 0.04040 0.01010 0.04040 0.08081
GNM10014                       0.09091 0.06061 0.04040 0.03030 0.00000 0.03030 0.12121 0.05051 0.00000 0.10101 0.10101 0.08081 0.02020 0.03030 0.04040 0.04040 0.04040 0.01010 0.04040 0.07071
GNM13090                       0.09091 0.06061 0.04040 0.03030 0.00000 0.04040 0.12121 0.05051 0.00000 0.10101 0.10101 0.08081 0.02020 0.03030 0.04040 0.03030 0.04040 0.01010 0.04040 0.07071
GNM13118                       0.07071 0.07071 0.04040 0.02020 0.01010 0.03030 0.09091 0.05051 0.01010 0.05051 0.12121 0.07071 0.00000 0.08081 0.05051 0.08081 0.02020 0.01010 0.03030 0.09091
GNM13208                       0.09000 0.10000 0.02000 0.05000 0.00000 0.03000 0.07000 0.05000 0.01000 0.06000 0.10000 0.06000 0.00000 0.05000 0.03000 0.08000 0.03000 0.02000 0.02000 0.13000
GNM13210                       0.07071 0.07071 0.04040 0.04040 0.00000 0.03030 0.11111 0.02020 0.02020 0.09091 0.12121 0.08081 0.00000 0.02020 0.05051 0.07071 0.04040 0.00000 0.03030 0.09091
GNM12773                       0.06061 0.07071 0.07071 0.04040 0.01010 0.02020 0.08081 0.03030 0.02020 0.08081 0.09091 0.08081 0.02020 0.08081 0.03030 0.10101 0.02020 0.01010 0.00000 0.08081
GNM12769                       0.10101 0.06061 0.07071 0.05051 0.01010 0.05051 0.07071 0.02020 0.01010 0.09091 0.13131 0.08081 0.02020 0.04040 0.03030 0.05051 0.03030 0.01010 0.03030 0.04040

Homogeneity statistic: X2 = 23.12592 G = 24.72763 

Average                        0.07377 0.05782 0.05912 0.04762 0.00959 0.02983 0.08320 0.03405 0.01373 0.09386 0.09347 0.07706 0.01442 0.03880 0.03359 0.06978 0.04624 0.01373 0.02599 0.08435
(Ambiguity characters are used to calculate freqs.)


# constant sites:      0 (0.00%)

TREE #  1:  ((((((((44, 131), 118), (59, 88)), 89), 90), (((120, 121), (91, 58)), (119, 122))), ((((((112, 111), 114), 113), 130), (60, 43)), 129)), ((((((((((((((((((((((46, 47), 45), 20), 49), 57), 51), 48), 55), 50), 25), (((67, 19), (22, 21)), 40)), (((((((54, 52), 53), 108), (17, 6)), (((56, (26, 36)), (7, 5)), (81, 18))), ((9, 65), 107)), 71)), 123), (((82, 70), 16), 83)), (((109, 69), 110), 37)), (((((73, 4), 72), (68, 12)), (28, 74)), (13, 64))), (75, 39)), (80, 66)), (((((38, 78), 42), 41), (14, 124)), (35, 11))), ((1, 76), 77)), ((((33, 34), (2, 31)), (3, 29)), ((10, 32), (30, 79)))), (((((24, 27), (132, 23)), (62, 63)), 133), (15, 61))), (((((((101, 99), 100), 93), 98), ((((86, 8), 87), (84, 106)), 85)), ((((((96, 95), 94), 105), 92), ((102, 103), 104)), 97)), ((((126, 127), 128), 125), ((117, 115), 116))));   MP score: -1
lnL(ntime:263  np:264): -13910.897896      +0.000000
 134..135 135..136 136..137 137..138 138..139 139..140 140..141 141..44  141..131 140..118 139..142 142..59  142..88  138..89  137..90  136..143 143..144 144..145 145..120 145..121 144..146 146..91  146..58  143..147 147..119 147..122 135..148 148..149 149..150 150..151 151..152 152..153 153..112 153..111 152..114 151..113 150..130 149..154 154..60  154..43  148..129 134..155 155..156 156..157 157..158 158..159 159..160 160..161 161..162 162..163 163..164 164..165 165..166 166..167 167..168 168..169 169..170 170..171 171..172 172..173 173..174 174..175 175..176 176..46  176..47  175..45  174..20  173..49  172..57  171..51  170..48  169..55  168..50  167..25  166..177 177..178 178..179 179..67  179..19  178..180 180..22  180..21  177..40  165..181 181..182 182..183 183..184 184..185 185..186 186..187 187..54  187..52  186..53  185..108 184..188 188..17  188..6   183..189 189..190 190..191 191..56  191..192 192..26  192..36  190..193 193..7   193..5   189..194 194..81  194..18  182..195 195..196 196..9   196..65  195..107 181..71  164..123 163..197 197..198 198..199 199..82  199..70  198..16  197..83  162..200 200..201 201..202 202..109 202..69  201..110 200..37  161..203 203..204 204..205 205..206 206..207 207..73  207..4   206..72  205..208 208..68  208..12  204..209 209..28  209..74  203..210 210..13  210..64  160..211 211..75  211..39  159..212 212..80  212..66  158..213 213..214 214..215 215..216 216..217 217..38  217..78  216..42  215..41  214..218 218..14  218..124 213..219 219..35  219..11  157..220 220..221 221..1   221..76  220..77  156..222 222..223 223..224 224..225 225..33  225..34  224..226 226..2   226..31  223..227 227..3   227..29  222..228 228..229 229..10  229..32  228..230 230..30  230..79  155..231 231..232 232..233 233..234 234..235 235..24  235..27  234..236 236..132 236..23  233..237 237..62  237..63  232..133 231..238 238..15  238..61  134..239 239..240 240..241 241..242 242..243 243..244 244..245 245..101 245..99  244..100 243..93  242..98  241..246 246..247 247..248 248..249 249..86  249..8   248..87  247..250 250..84  250..106 246..85  240..251 251..252 252..253 253..254 254..255 255..256 256..96  256..95  255..94  254..105 253..92  252..257 257..258 258..102 258..103 257..104 251..97  239..259 259..260 260..261 261..262 262..126 262..127 261..128 260..125 259..263 263..264 264..117 264..115 263..116
 0.051288 0.101521 0.037356 0.000000 0.000000 0.109782 0.169584 0.247704 0.209947 0.286871 0.028098 0.357853 0.341820 0.573172 0.422787 0.144142 0.103229 0.138289 0.014906 0.000000 0.051280 0.230960 0.097329 0.000000 0.208718 0.104721 0.054011 0.215102 0.137381 0.166315 0.002951 0.000000 0.142622 0.022997 0.096271 0.054018 0.113772 0.006340 0.518120 0.145666 0.497114 0.088635 0.023768 0.263901 0.106351 0.075414 0.000000 0.029557 0.224384 0.103979 0.045360 0.064325 0.000226 0.137789 0.022844 0.124068 0.000000 0.000000 0.024007 0.007000 0.007231 0.007215 0.014694 0.007132 0.007346 0.000000 0.021939 0.000000 0.037601 0.094757 0.034677 0.039419 0.094097 0.141764 0.172294 0.121136 0.047182 0.000000 0.000000 0.053770 0.000000 0.000000 0.259283 0.024423 0.159712 0.056705 0.063213 0.000000 0.058010 0.000000 0.000000 0.007017 0.000000 0.022260 0.026730 0.040116 0.018464 0.044140 0.043719 0.122961 0.009431 0.035552 0.035456 0.015648 0.000000 0.130562 0.121575 0.072426 0.031469 0.079655 0.135671 0.035329 0.007293 0.000000 0.084972 0.426008 0.159994 0.061981 0.026950 0.098675 0.054896 0.067509 0.166675 0.141371 0.269417 0.000000 0.000000 0.084384 0.016781 0.129585 0.079615 0.069924 0.184516 0.062740 0.045964 0.015766 0.046467 0.033230 0.066342 0.040341 0.014174 0.031524 0.101552 0.000000 0.000000 0.420119 0.180854 0.112335 0.295617 0.000000 0.000000 0.353414 0.000000 0.000000 0.023868 0.167105 0.175977 0.124080 0.337066 0.000000 0.000000 0.191604 0.276076 0.022525 0.286449 0.323012 0.388635 0.273654 0.224789 0.533292 0.239686 0.096592 0.046052 0.649710 0.015652 0.000000 0.145266 0.202106 0.000000 0.007563 0.082860 0.162373 0.149676 0.479071 0.008857 0.036845 0.422504 0.224168 0.049232 0.047371 0.132508 0.184833 0.107372 0.000000 0.167685 0.080715 0.000000 0.023350 0.287086 0.182337 0.092213 0.342747 0.177361 0.023918 0.253651 0.218563 0.368485 0.086635 0.471127 0.274156 0.060715 0.037532 0.140771 0.015126 0.091635 0.408531 0.035950 0.077791 0.050736 0.087704 0.448394 0.463357 0.479130 0.130206 0.029978 0.057779 0.257202 0.165443 0.133806 0.090944 0.127187 0.196537 0.292847 0.000000 0.056987 0.341675 0.088499 0.075269 0.103289 0.043394 0.121626 0.199736 0.083798 0.083738 0.141114 0.062334 0.834381 0.311137 0.270750 0.420688 0.483655 0.037887 0.053911 0.015614 0.046835 0.007289 0.000000 0.009469 0.033911 0.000541 0.022378 0.015637 0.008747 1.289860
