
Printing out site pattern counts


       148         41  P

GNM13746                        AACDEFFGGG IIKKKKLLLL LLLLMMNPPP RRRSSSSTVY Y
GNM13538                        AVCDEFFGGG ILEKKYILLL LLLVMQDPPP RRRSSTVILY Y
GNM13671                        AVCDEFYAGG IFSKKEFLLL LMVIMIDKPP RRRGTTFVIF Y
GNM13876                        RVCDNFVAGG IFSDKEMILL VMIIMLDEPP RRRRSSFVFF Y
GNM13680                        NVCDEFIAGN VYSKKQIILM LLIIMIYPPP RRRASTITIY Y
GNM14837                        NTCDEFVAGG VLSKEQILLL LLIVMVQPPP RRRVTTITIF Y
GNM14249                        NTCDEFVAGG VLSKEQILVL LLIIMVQPPP RRRETTITVF Y
GNM13928                        KTCDELVAGG VLSKEQILLL LLIIMVQPPP RRRTTTITVF Y
GNM13297                        AVCDEFFGGG ILEKKYILLL LLLVMQDPPP RRRSSTVILY Y
GNM14865                        TVCDDFKGGG VMDETVVVLL VMSIMVDPPP RRRASTILVY A
GNM13455                        NGCDEFVAGG VLSKHQILLL LLIIMVQPPP RRRATTITIF Y
GNM14938                        AVCDEFVGGG IFEEKEILLL PLLIMLDEPP RRRGTSFYVF Y
GNM14483                        NVCDDFVGGG ILDKKQIILL LMLIMVDPPP RRSASAIVLF Y
GNM14872                        GVCDEFVAGG VFSKKQIILM LLIIMIYPPP RRRASTVTVY Y
GNM13855                        KVCDEFVAGK VFSKTQIVLM LLIIMVYPPP RRRNSTVTIY Y
GNM14445                        SVCNNFVAGK ILSENHILMM LLLVMVDPPP RRRNSTKIIF Y
GNM14404                        KVCDEFVAGG IMDKKDILLL LMILVVDKPP RRTASSVFIY Y
GNM14545                        KVCDEFVAGG IMDKKDILLL LMILVVDKPP RRTASSVFIY Y
GNM14366                        NVCDEFVAGG VMSKKQMLLL LLIIMIQPPP RRRGTTITLF Y
GNM14252                        NTCDEFVAGG VLSKEQILVL LLIIMVQPPP RRRETTITVF Y
GNM13760                        NTCDEFVAGG VLSKEQILLL LLIVMVQPPP RRRVTTITIF Y
GNM13982                        KVCDEFVAGG VLDKEQILLL LLIIMVQPPP RRRKTTVTMF Y
GNM13960                        NVCDEFVSGG VLSKKQILLL LLLVMVQPPP RRRATTVTIF Y
GNM14633                        KVCDEFVAGG VLEKEQILLL LLVIMVQPPP RRRKTTVTMF Y
GNM14853                        KVCDEFVAGG VLEKEQILLL LLVIMVQPPP RRRKTTVTMF Y
GNM14174                        KICDEFVGGG VISDKEILLL LILIMIDRAP RRRSSTIIIF Y
GNM14055                        NTCDEFLAGG VLSKEQILLL LLIIMVQPAP RRRATTITIF Y
GNM14748                        NVCNEFVAGQ VLDKNQILLL LLIIMVQPPP RRRETTITIF Y
GNM14246                        RVCDEFVGGG VLSRNEILLL LILIMIDRPP RRRGSSIVVF Y
GNM14965                        KVCDEFVGGN VISKKQIVLS LLIIMVYPPP RRRASTVTIY Y
GNM13677                        RVCDNFVAGG IFSDKEMILL VMIIMLDEPP RRRRSSFVFF Y
GNM14339                        AACDEFVGGG IFSEKSLLLL PLLIMFDEPP RRRASSFVVF Y
GNM14593                        AVCDEFYAGG IFSKKEYLLL LMVIMIDSPP RRRGTTFYIF Y
GNM13825                        AVCDEFVGGG IFEEKEIILL PLLIMLDEPP RRRGTSFYVF Y
GNM14768                        AVCDEFCAGG IFDKKEFLLL LMVIMIDKPP RRRGSSFYIL Y
GNM14776                        AVCDEFCAGG IFDKKEFLLL LMVIMIDKPP RRRGSSFYIL Y
GNM14715                        NVCDDFVGGG ILDKKQIILL LMLIMVDPPP RRRGSTIVLF Y
GNM14639                        SVCDDFVGGG IFNKKQIILL LMLIMIDPPP RRRGTTIIIY Y
GNM13795                        NVCNEFVAGQ VLEKNQILLL LLIIMVQPPP RRRETTITIF Y
GNM14166                        NVCDEFVAGG VISKKQILFL LLIIMVHPPP RRAKTSITFF Y
GNM13993                        SICDNFSAGN VLDATQILLL VIIVMIDQPP RRRASSIVVY Y
GNM14450                        SVCDEFVAGD IFEKKQILLM TLLIMVHPPP RRRAGSITIY Y
GNM13515                        KVCDQFVAGK VLEKEQILLL LLIIMIXPPP RRRQTTVTIF Y
GNM13745                        GVCDNFAAGG ILDQEEILLL LQLIMIDKAP RRRKSSIIVY Y
GNM14030                        GVCTNFSAGG VLEETQILLL VIVVMVDKPP RRRASSIVVY Y
GNM14959                        RVCNEWIGGG ILDKTRILLL PILLTVDEPP RRREATVLVY Y
GNM13413                        RVCDDFVGGG VFDKKESLLL PLLIMIRYPP RRRGSTFVVF Y
GNM14990                        NVCDEFVSGG VLSKKQILLL LLLVMVQPPP RRRATTVTIF Y
GNM15005                        NVCDEFVSGG VLSKKQILLL TLLVMVQPPP RRRATTVTIF Y
GNM14992                        NICDEFVAGG VLSKEQILLL LLLVMVQPPP RRRVTTVTIF Y
GNM15022                        NICDEFVSGG VLSKKQILLL LLLVMVQPPP RRRATTVTIF Y
GNM14995                        NICDEFVSGD VLSKSQILLL VLIIMVQPPP RRRATTVTIF Y
GNM15017                        NICDEFVSGD VLSKSQILLL VLIIMVQPPP RRRDTTVTIF Y
GNM15018                        NTCDEFVAGG VLSKEQILVL LLIIMVQPPP RRRETTITVF Y
GNM15025                        SICDEFIAGE IFSKKQILLL LLVIMIQPPP RRRATTVTIF Y
GNM15024                        NTCDEFVAGG VLSKEQILVL LLIIMVQPPP RRRETTITVF Y
GNM14980                        NTCDEFVAGG VLSKEQILVL LLIIMVQPPP RRRETTITVF Y
GNM15000                        NTCDEFVAGG VLSKEQILVL LLIIMVQPPP RRRETTITVF Y
GNM15027                        AVCDDFVGGG ILSKNESLML LLLIMIDPPP RRRATTYLIY Y
GNM15003                        KECDDFIAGG IFGKKIIMAL PISVLIDKIP RRAKGSITLY Q
GNM11003                        SVCDDFVAGG VLDKREILLL LIVIMVKNPP RRRQSTIIVY Y
GNM11023                        RACDTFVGGG VLEEDHIFLL PLALTAEKPP RRRGTTPYVY Y
GNM11055                        AACDSFKGGG IFEEEEIILL VDSIMLKRPP RRRKTSFVIF Y
GNM11146                        RVCDEWVGGH ILDKTQILLL PILLTVNPPP RRRGATVLVY Y
GNM11220                        SVCDEFVGGG VLDKKDIILL VILIMIDEPP RRSESTVVVY Y
GNM11222                        AVCDEFVGGG ILEKTEILLL LMLIMVDDPP RRRASTVLIY Y
GNM11223                        KVCDEFVGGG VLDKKEILML LIIIMIDKPP RRRKSTIVLF Y
GNM11224                        KVCDEFVGGG VLDDKEILML LIIIMIDKPP RRRKSTIVLF Y
GNM11225                        KVCDEFVGGG VLDKTEILLL LIAIMVDRAP RRRGSTIILF Y
GNM11358                        KVCDEFVAGK VFSKTQIVLM LLIIMVYPPP RRRNSTVTIY Y
GNM11360                        NGCDEFVAGG VLSKHQILLL LLIIMVQPPP RRRATTITIF Y
GNM11362                        SVCDEFVAGG VFDNKQILML LLLIMLNPPP RRRASTVTVY Y
GNM11367                        KVCDEFVAGG VLDKEQILLL LLIIMVQPPP RRRKTTVTMF Y
GNM11377                        GVCDEFVAGG VFSKKQIILM LLIIMIYPPP RRRASTVTVY Y
GNM11380                        NVCDEFVAGG VISKKQILFL LLIIMVHPPP RRAGTTITFF Y
GNM11383                        NVCDEFVAGG VMSKKQMLLL LLIIMIQPPP RRRVTTITLF Y
GNM11491                        NVCDEFIAGG VLSKEQIFLL LLIVMIQPPP RRRGTTVTMF Y
GNM11804                        AACDSFKAGG VFSEEEVFLL VMAIMLERPP RRRRTTFVIY Y
GNM11805                        KICDDFAGGG VINEDELLLL VIIIMVDSKP RRRSSSILVY Y
GNM12883                        NVCDEFIAGN VFSKKQIILM LLIIMIYPPP RRRAATITVY Y
GNM12892                        KVCDEFVGGN VFSKKQIVLS LLIVMVYPPP RRRASTVTIY Y
GNM13061                        AACDSFFGGG IIRDKKLLLL LLLLMLDPPP RRRASSYVVY Y
GNM13062                        NVCDDFVGGG VLDKKQIILL LMLIMVDPPP RRRGSTIVLF Y
GNM13064                        SICDNFSAGN VLDATQILLL VIIVMIDQPP RRRASSIVVY Y
GNM13066                        AICNNFSAGG VLDDTQILLL VIIVMIDQPP RRRASSIVVY Y
GNM11034                        AVCDEFVGGG IFEEKEILLL PLLIMLDEPP RRRGTSFYVF Y
GNM11363                        SVCDEFVAGG VFDNKQILML LLLIMLNPPP RRRASTVTVY Y
GNM11375                        NTCDEFVAGG VLSKEQILLL LLIVMVQPPP RRRVTTITIF Y
GNM11799                        NICDEFVAGG VMSKEQILLL LLIVMVQPPP RRRATTVTIF Y
GNM11841                        NVCDDFKGGG VLEKEIVVLL VMSVMVDPPP RRRESTVLVY H
GNM11931                        TVCDDFQGGG VLDDDVVILL VMSVMVDPPP RRRAASVLVY H
GNM12040                        TVCDDFRGGG VMDEKVVVLL VMAIMVDPPP RRRGSTILIY H
GNM12071                        NVCDDFRGGG VMEKDVVVLL VMSVMVDPPP RRRGSTILVY H
GNM12125                        RVCDPFVAGG MLEKKEILLL PIRLTVYKPP RRKRATIAVF Y
GNM12126                        RVCDDYVWGG IMDKKESLLL PMILTIKKPP RRRGSTLIIF Y
GNM12128                        YVCDEFIGGG VMERRELLLL PIIIMVRRPP RRRGSTILIY Y
GNM12182                        SVCDDFVAGN VLDKKEILLL LIVISVRNPP RRRGTTIIVY L
GNM12342                        NVCDEFRAGG IFDDKEIILL VMIIMIDAPP KRRKSSFIIH Y
GNM12346                        KICDEFVSGG VLDDEVVLLL VMAIMLDPVP RRRGSTILVY Y
GNM12351                        KVCDEFVAGK VFDTVTVLLL VMAIMMDPPP RRRAATILFY Y
GNM12356                        GACDEFNSGG IFENKEFILL VMMIMVDKLP KRRSSSFLIY Y
GNM12357                        AICNEFRSGE IFDEKDFALL VIVIMIDEPP KRRESSFLVY Y
GNM12366                        NICNEFKSGG IFDETDFALL VIVIMIDEPP KRRESSFLVY Y
GNM12373                        KICDEFKSGG VLSEDEVLLL VMYIMLDPPP RRRKSTITLY Y
GNM12385                        KICDEFKSGG VLDREDVLLL VMNVMLEPPP RRRKTTITLY Y
GNM12551                        RACDDFVAGG IFEEDELLLL PILIMSEPPP RRRGSTILVY Y
GNM12554                        KICDEFKSGG VLDKTEILLL VMNIMLDPPP RRRKTTIIIY Y
GNM12592                        KVCDEFVSGG VLDKEMVLLM VMRIMLERPP RRRGSSIVIY Y
GNM12596                        KVCDEFVSGG VFDATVVLLL VMSIMLDPSP RRRASSILIY Y
GNM12602                        KVCDEFVSGG VLDATVVLLL VMSIMLDPAP RRRASSILIY Y
GNM12665                        KVCDEFVSGG VFDATVILLL VMSIMLDPAP RRRASSILIY Y
GNM12745                        KVCDDFVSGG VFDDT-WILL VM-IM---PL KRRNSTLVI- Y
GNM12749                        KICDEFKSGG VLDRDEILLL VMNIMLDPPP RRRKTTIIMY Y
GNM12758                        KVCDELVSGG VLDDK-WILL PM-VM---PP RRRKSSITL- Y
GNM12763                        NICNDFISGN VLDKK-LILL PI-IM---IP RRRESTIII- Y
GNM12766                        NVCDEFRAGG VFDDKDIILL VIMIMIDEPP KRRKSSFLIH Y
GNM12841                        TVCDDFKGGG VLEEEIVVLL VMSVMVDPPP RRRASTVLVY A
GNM12849                        NGCDEFVAGG VLSKNQILLL LLIIMVQPPP RRRATTITIF Y
GNM12869                        NTCEEFVAGG VLSKEQILLL LLIIMVQPPP RRRETTITIF Y
GNM12896                        NVCDEFVAGG VISKKQILFL LLIVMVHPPP RRAGTTITFF Y
GNM12897                        NVCDEFVAGG VISKKQILFL LLIIMVHPPP RRSGTTITFF Y
GNM12902                        RICDDFKAGG VIDKKEILLL VILIMVDPKP RRRASSILVY Y
GNM12903                        KVCDEFVGGG ILDRTDIMLL PILLTVDLPP RRRGATIWVY Y
GNM12906                        KVCDEFVGGG VLDKVDIMLL PILLTVDIPP RRRGATIWLY Y
GNM12907                        KVCDEFVGGG VLERVDIMLL PILLTLDVPP RRRGATIWVY Y
GNM12909                        KVCDEFVGGG ILERHDIILL PILLTLDVPP RRRGATVWVY Y
GNM12915                        KVCDEFVGGG VLDKEDILLL VIMIMIDHPP RRRESTVLLY Y
GNM10046                        KVCDEFVGGG VLDKEDILLL VIMIMIDHPP RRRESTVLLY Y
GNM12918                        KVCDEFVGGG VLDKEDILLL VIMIMIDHPP RRRESTILLY Y
GNM12931                        AVCDEFIGGG VFDKKESLLL PMLIMIYNPP RRRGSTFIVF Y
GNM12938                        AVCTNFVAGG ILEKNEILLL VIIVMIRHPP RRRESTIIVY Y
GNM12996                        SVCDDFIAGG ILDKKEILLL LMIIMVSHPP RRRGSTIIVY Y
GNM13018                        SVCDDFVAGG ILDKKEILLL LLIIMVNHPP RRRGSTIIVY Y
GNM13027                        SVCDDFVGGG ILDKKEILLL LIIIMVKHPP RRRGSTIIVY Y
GNM13046                        NVCNEFVAGG VLSKEQILLL LLVIMVQPPP RRRATTVTMF Y
GNM13053                        SVCDDFVGGG IVSQKQILLL LLLVMTDPPP RRRSATKILY Y
GNM13074                        KVCDEFVGGG VLDKEDILLL VIMIMIDQPP RRRETTVLLY Y
GNM10010                        KVCDEFVAGG VLDKEQILLL VIMLTVDVPP RRRGSTVLVY Y
GNM10014                        KVCDEFVAGG VLDKEQILLL VIMLTVDVPP RRRGSTVLVY Y
GNM13090                        KVCDEFVGGG VLDKEQILLL VIMITVDVPP RRRESTVLVY Y
GNM13118                        AVCDEFTGGG IFDKTKILLL LMIIMIDKPP RRRNSTFAIY Y
GNM13126                        RICDDFVAGG VIDKEEIVLF VIMIMISPIP RRRESSILIF Y
GNM13128                        RICDDFVAGG VIDKEEIILF VIMIMINPIP RRRESSILVF Y
GNM13208                        RVCDDFVGGG LLDRDDILLL PMLLTVDQPP RRRAATAWVF Y
GNM13210                        AVCDDFVGGG VFDKKESLLL PLLIMVKQPP RRRGSTFVVF Y
GNM12773                        KVCDEFVGGD VLSDSQILLL LILVMVDRAP RRRSSTIILF Y
GNM12769                        KVCDEFVGGS VFDKEEIILL VMLIILEKTP RRRKSTIVIY Y
GNM12768                        AVCDEFVGGG VIAKTEVLLL LMLIMVDKPP RRRKSSVVIY Y



    1    1    4    1    1    1    1    1    1    1    1    1    1    1    1
    1    1    1    1    1    1    1    1    1    1    1    1    1    1    1
    1    2    1    1    1    1    1    1    1    1    1

AAML (in paml version 4.9h, March 2018)  tmp0040.txt
Model: Empirical,  (../wag.dat) dGamma (ncatG=4) ns = 148  ls =  45


Frequencies..
                                    A      R      N      D      C      Q      E      G      H      I      L      K      M      F      P      S      T      W      Y      V
GNM13746                       0.04444 0.08889 0.02222 0.02222 0.08889 0.00000 0.02222 0.06667 0.00000 0.04444 0.17778 0.08889 0.04444 0.04444 0.06667 0.08889 0.02222 0.00000 0.04444 0.02222
GNM13538                       0.02222 0.08889 0.00000 0.04444 0.08889 0.02222 0.04444 0.06667 0.00000 0.06667 0.17778 0.04444 0.02222 0.04444 0.06667 0.04444 0.02222 0.00000 0.06667 0.06667
GNM13671                       0.04444 0.08889 0.00000 0.04444 0.08889 0.00000 0.04444 0.06667 0.00000 0.08889 0.08889 0.06667 0.04444 0.11111 0.04444 0.02222 0.04444 0.00000 0.04444 0.06667
GNM13876                       0.02222 0.13333 0.02222 0.06667 0.08889 0.00000 0.04444 0.04444 0.00000 0.08889 0.06667 0.02222 0.06667 0.11111 0.04444 0.06667 0.00000 0.00000 0.02222 0.08889
GNM13680                       0.04444 0.08889 0.04444 0.02222 0.08889 0.02222 0.02222 0.02222 0.00000 0.17778 0.06667 0.04444 0.04444 0.02222 0.06667 0.04444 0.04444 0.00000 0.08889 0.04444
GNM14837                       0.02222 0.08889 0.02222 0.02222 0.08889 0.04444 0.04444 0.04444 0.00000 0.08889 0.13333 0.02222 0.02222 0.04444 0.06667 0.02222 0.08889 0.00000 0.02222 0.11111
GNM14249                       0.02222 0.08889 0.02222 0.02222 0.08889 0.04444 0.06667 0.04444 0.00000 0.08889 0.11111 0.02222 0.02222 0.04444 0.06667 0.02222 0.08889 0.00000 0.02222 0.11111
GNM13928                       0.02222 0.08889 0.00000 0.02222 0.08889 0.04444 0.04444 0.04444 0.00000 0.08889 0.15556 0.04444 0.02222 0.02222 0.06667 0.02222 0.11111 0.00000 0.02222 0.08889
GNM13297                       0.02222 0.08889 0.00000 0.04444 0.08889 0.02222 0.04444 0.06667 0.00000 0.06667 0.17778 0.04444 0.02222 0.04444 0.06667 0.04444 0.02222 0.00000 0.06667 0.06667
GNM14865                       0.04444 0.08889 0.00000 0.08889 0.08889 0.00000 0.02222 0.06667 0.00000 0.04444 0.06667 0.02222 0.06667 0.02222 0.06667 0.04444 0.06667 0.00000 0.02222 0.17778
GNM13455                       0.04444 0.08889 0.02222 0.02222 0.08889 0.04444 0.02222 0.06667 0.02222 0.11111 0.13333 0.02222 0.02222 0.04444 0.06667 0.02222 0.06667 0.00000 0.02222 0.06667
GNM14938                       0.02222 0.08889 0.00000 0.04444 0.08889 0.00000 0.11111 0.08889 0.00000 0.06667 0.13333 0.02222 0.02222 0.08889 0.06667 0.02222 0.02222 0.00000 0.04444 0.06667
GNM14483                       0.04444 0.06667 0.02222 0.08889 0.08889 0.02222 0.00000 0.06667 0.00000 0.11111 0.13333 0.04444 0.04444 0.04444 0.06667 0.04444 0.00000 0.00000 0.02222 0.08889
GNM14872                       0.04444 0.08889 0.00000 0.02222 0.08889 0.02222 0.02222 0.06667 0.00000 0.11111 0.06667 0.04444 0.04444 0.04444 0.06667 0.04444 0.04444 0.00000 0.06667 0.11111
GNM13855                       0.02222 0.08889 0.02222 0.02222 0.08889 0.02222 0.02222 0.02222 0.00000 0.08889 0.06667 0.06667 0.04444 0.04444 0.06667 0.04444 0.06667 0.00000 0.06667 0.13333
GNM14445                       0.02222 0.08889 0.08889 0.02222 0.08889 0.00000 0.02222 0.02222 0.02222 0.08889 0.11111 0.04444 0.06667 0.04444 0.06667 0.06667 0.02222 0.00000 0.02222 0.08889
GNM14404                       0.04444 0.06667 0.00000 0.08889 0.08889 0.00000 0.02222 0.04444 0.00000 0.08889 0.11111 0.08889 0.04444 0.04444 0.04444 0.04444 0.02222 0.00000 0.04444 0.11111
GNM14545                       0.04444 0.06667 0.00000 0.08889 0.08889 0.00000 0.02222 0.04444 0.00000 0.08889 0.11111 0.08889 0.04444 0.04444 0.04444 0.04444 0.02222 0.00000 0.04444 0.11111
GNM14366                       0.02222 0.08889 0.02222 0.02222 0.08889 0.04444 0.02222 0.06667 0.00000 0.08889 0.13333 0.04444 0.06667 0.04444 0.06667 0.02222 0.06667 0.00000 0.02222 0.06667
GNM14252                       0.02222 0.08889 0.02222 0.02222 0.08889 0.04444 0.06667 0.04444 0.00000 0.08889 0.11111 0.02222 0.02222 0.04444 0.06667 0.02222 0.08889 0.00000 0.02222 0.11111
GNM13760                       0.02222 0.08889 0.02222 0.02222 0.08889 0.04444 0.04444 0.04444 0.00000 0.08889 0.13333 0.02222 0.02222 0.04444 0.06667 0.02222 0.08889 0.00000 0.02222 0.11111
GNM13982                       0.02222 0.08889 0.00000 0.04444 0.08889 0.04444 0.04444 0.04444 0.00000 0.06667 0.13333 0.06667 0.04444 0.04444 0.06667 0.00000 0.06667 0.00000 0.02222 0.11111
GNM13960                       0.02222 0.08889 0.02222 0.02222 0.08889 0.04444 0.02222 0.04444 0.00000 0.04444 0.15556 0.04444 0.02222 0.04444 0.06667 0.04444 0.06667 0.00000 0.02222 0.13333
GNM14633                       0.02222 0.08889 0.00000 0.02222 0.08889 0.04444 0.06667 0.04444 0.00000 0.04444 0.13333 0.06667 0.04444 0.04444 0.06667 0.00000 0.06667 0.00000 0.02222 0.13333
GNM14853                       0.02222 0.08889 0.00000 0.02222 0.08889 0.04444 0.06667 0.04444 0.00000 0.04444 0.13333 0.06667 0.04444 0.04444 0.06667 0.00000 0.06667 0.00000 0.02222 0.13333
GNM14174                       0.02222 0.11111 0.00000 0.06667 0.08889 0.00000 0.04444 0.06667 0.00000 0.20000 0.11111 0.04444 0.02222 0.04444 0.02222 0.06667 0.02222 0.00000 0.02222 0.04444
GNM14055                       0.06667 0.08889 0.02222 0.02222 0.08889 0.04444 0.04444 0.04444 0.00000 0.11111 0.15556 0.02222 0.02222 0.04444 0.04444 0.02222 0.08889 0.00000 0.02222 0.04444
GNM14748                       0.02222 0.08889 0.06667 0.02222 0.08889 0.06667 0.04444 0.02222 0.00000 0.11111 0.13333 0.02222 0.02222 0.04444 0.06667 0.00000 0.06667 0.00000 0.02222 0.08889
GNM14246                       0.00000 0.15556 0.02222 0.04444 0.08889 0.00000 0.04444 0.08889 0.00000 0.11111 0.13333 0.00000 0.02222 0.04444 0.04444 0.06667 0.00000 0.00000 0.02222 0.11111
GNM14965                       0.02222 0.08889 0.02222 0.02222 0.08889 0.02222 0.02222 0.04444 0.00000 0.11111 0.06667 0.06667 0.02222 0.02222 0.06667 0.06667 0.04444 0.00000 0.06667 0.13333
GNM13677                       0.02222 0.13333 0.02222 0.06667 0.08889 0.00000 0.04444 0.04444 0.00000 0.08889 0.06667 0.02222 0.06667 0.11111 0.04444 0.06667 0.00000 0.00000 0.02222 0.08889
GNM14339                       0.06667 0.08889 0.00000 0.04444 0.08889 0.00000 0.06667 0.06667 0.00000 0.04444 0.13333 0.02222 0.02222 0.11111 0.06667 0.08889 0.00000 0.00000 0.02222 0.06667
GNM14593                       0.04444 0.08889 0.00000 0.04444 0.08889 0.00000 0.04444 0.06667 0.00000 0.08889 0.08889 0.04444 0.04444 0.08889 0.04444 0.04444 0.04444 0.00000 0.08889 0.04444
GNM13825                       0.02222 0.08889 0.00000 0.04444 0.08889 0.00000 0.11111 0.08889 0.00000 0.08889 0.11111 0.02222 0.02222 0.08889 0.06667 0.02222 0.02222 0.00000 0.04444 0.06667
GNM14768                       0.04444 0.08889 0.00000 0.06667 0.11111 0.00000 0.04444 0.06667 0.00000 0.08889 0.11111 0.06667 0.04444 0.08889 0.04444 0.04444 0.00000 0.00000 0.04444 0.04444
GNM14776                       0.04444 0.08889 0.00000 0.06667 0.11111 0.00000 0.04444 0.06667 0.00000 0.08889 0.11111 0.06667 0.04444 0.08889 0.04444 0.04444 0.00000 0.00000 0.04444 0.04444
GNM14715                       0.00000 0.08889 0.02222 0.08889 0.08889 0.02222 0.00000 0.08889 0.00000 0.11111 0.13333 0.04444 0.04444 0.04444 0.06667 0.02222 0.02222 0.00000 0.02222 0.08889
GNM14639                       0.00000 0.08889 0.02222 0.06667 0.08889 0.02222 0.00000 0.08889 0.00000 0.17778 0.08889 0.04444 0.04444 0.04444 0.06667 0.02222 0.04444 0.00000 0.04444 0.04444
GNM13795                       0.02222 0.08889 0.06667 0.00000 0.08889 0.06667 0.06667 0.02222 0.00000 0.11111 0.13333 0.02222 0.02222 0.04444 0.06667 0.00000 0.06667 0.00000 0.02222 0.08889
GNM14166                       0.04444 0.06667 0.02222 0.02222 0.08889 0.02222 0.02222 0.04444 0.02222 0.11111 0.08889 0.06667 0.02222 0.08889 0.06667 0.04444 0.04444 0.00000 0.02222 0.08889
GNM13993                       0.06667 0.08889 0.04444 0.06667 0.08889 0.04444 0.00000 0.02222 0.00000 0.13333 0.08889 0.00000 0.02222 0.02222 0.04444 0.08889 0.02222 0.00000 0.04444 0.11111
GNM14450                       0.04444 0.08889 0.00000 0.04444 0.08889 0.02222 0.04444 0.04444 0.02222 0.11111 0.08889 0.04444 0.04444 0.04444 0.06667 0.04444 0.04444 0.00000 0.04444 0.06667
GNM13515                       0.02273 0.09091 0.00000 0.02273 0.09091 0.06818 0.04545 0.02273 0.00000 0.11364 0.13636 0.06818 0.02273 0.04545 0.06818 0.00000 0.06818 0.00000 0.02273 0.09091
GNM13745                       0.06667 0.08889 0.02222 0.06667 0.08889 0.04444 0.04444 0.06667 0.00000 0.13333 0.13333 0.04444 0.02222 0.02222 0.02222 0.04444 0.00000 0.00000 0.04444 0.04444
GNM14030                       0.04444 0.08889 0.02222 0.02222 0.08889 0.02222 0.04444 0.06667 0.00000 0.06667 0.08889 0.02222 0.02222 0.02222 0.04444 0.06667 0.04444 0.00000 0.04444 0.17778
GNM14959                       0.02222 0.13333 0.02222 0.04444 0.08889 0.00000 0.06667 0.06667 0.00000 0.08889 0.15556 0.02222 0.00000 0.00000 0.06667 0.00000 0.06667 0.02222 0.04444 0.08889
GNM13413                       0.00000 0.13333 0.00000 0.06667 0.08889 0.00000 0.02222 0.08889 0.00000 0.04444 0.11111 0.04444 0.02222 0.08889 0.06667 0.04444 0.02222 0.00000 0.04444 0.11111
GNM14990                       0.02222 0.08889 0.02222 0.02222 0.08889 0.04444 0.02222 0.04444 0.00000 0.04444 0.15556 0.04444 0.02222 0.04444 0.06667 0.04444 0.06667 0.00000 0.02222 0.13333
GNM15005                       0.02222 0.08889 0.02222 0.02222 0.08889 0.04444 0.02222 0.04444 0.00000 0.04444 0.13333 0.04444 0.02222 0.04444 0.06667 0.04444 0.08889 0.00000 0.02222 0.13333
GNM14992                       0.02222 0.08889 0.02222 0.02222 0.08889 0.04444 0.04444 0.04444 0.00000 0.06667 0.15556 0.02222 0.02222 0.04444 0.06667 0.02222 0.06667 0.00000 0.02222 0.13333
GNM15022                       0.02222 0.08889 0.02222 0.02222 0.08889 0.04444 0.02222 0.04444 0.00000 0.06667 0.15556 0.04444 0.02222 0.04444 0.06667 0.04444 0.06667 0.00000 0.02222 0.11111
GNM14995                       0.02222 0.08889 0.02222 0.04444 0.08889 0.04444 0.02222 0.02222 0.00000 0.11111 0.11111 0.02222 0.02222 0.04444 0.06667 0.06667 0.06667 0.00000 0.02222 0.11111
GNM15017                       0.00000 0.08889 0.02222 0.06667 0.08889 0.04444 0.02222 0.02222 0.00000 0.11111 0.11111 0.02222 0.02222 0.04444 0.06667 0.06667 0.06667 0.00000 0.02222 0.11111
GNM15018                       0.02222 0.08889 0.02222 0.02222 0.08889 0.04444 0.06667 0.04444 0.00000 0.08889 0.11111 0.02222 0.02222 0.04444 0.06667 0.02222 0.08889 0.00000 0.02222 0.11111
GNM15025                       0.04444 0.08889 0.00000 0.02222 0.08889 0.04444 0.04444 0.02222 0.00000 0.15556 0.11111 0.04444 0.02222 0.06667 0.06667 0.04444 0.06667 0.00000 0.02222 0.04444
GNM15024                       0.02222 0.08889 0.02222 0.02222 0.08889 0.04444 0.06667 0.04444 0.00000 0.08889 0.11111 0.02222 0.02222 0.04444 0.06667 0.02222 0.08889 0.00000 0.02222 0.11111
GNM14980                       0.02222 0.08889 0.02222 0.02222 0.08889 0.04444 0.06667 0.04444 0.00000 0.08889 0.11111 0.02222 0.02222 0.04444 0.06667 0.02222 0.08889 0.00000 0.02222 0.11111
GNM15000                       0.02222 0.08889 0.02222 0.02222 0.08889 0.04444 0.06667 0.04444 0.00000 0.08889 0.11111 0.02222 0.02222 0.04444 0.06667 0.02222 0.08889 0.00000 0.02222 0.11111
GNM15027                       0.04444 0.08889 0.02222 0.06667 0.08889 0.00000 0.02222 0.06667 0.00000 0.08889 0.15556 0.02222 0.04444 0.02222 0.06667 0.04444 0.04444 0.00000 0.06667 0.04444
GNM15003                       0.06667 0.06667 0.00000 0.06667 0.08889 0.02222 0.02222 0.08889 0.00000 0.17778 0.06667 0.11111 0.02222 0.04444 0.04444 0.04444 0.02222 0.00000 0.02222 0.02222
GNM11003                       0.02222 0.11111 0.02222 0.06667 0.08889 0.02222 0.02222 0.04444 0.00000 0.11111 0.11111 0.04444 0.02222 0.02222 0.04444 0.04444 0.02222 0.00000 0.04444 0.13333
GNM11023                       0.06667 0.11111 0.00000 0.04444 0.08889 0.00000 0.06667 0.08889 0.02222 0.02222 0.11111 0.02222 0.00000 0.04444 0.08889 0.00000 0.08889 0.00000 0.06667 0.06667
GNM11055                       0.04444 0.11111 0.00000 0.04444 0.08889 0.00000 0.08889 0.06667 0.00000 0.11111 0.06667 0.06667 0.02222 0.08889 0.04444 0.06667 0.02222 0.00000 0.02222 0.04444
GNM11146                       0.02222 0.11111 0.02222 0.04444 0.08889 0.02222 0.02222 0.06667 0.02222 0.06667 0.15556 0.02222 0.00000 0.00000 0.08889 0.00000 0.06667 0.02222 0.04444 0.11111
GNM11220                       0.00000 0.06667 0.00000 0.08889 0.08889 0.00000 0.06667 0.06667 0.00000 0.11111 0.08889 0.04444 0.02222 0.02222 0.04444 0.06667 0.02222 0.00000 0.04444 0.15556
GNM11222                       0.04444 0.08889 0.00000 0.06667 0.08889 0.00000 0.06667 0.06667 0.00000 0.08889 0.15556 0.02222 0.04444 0.02222 0.04444 0.02222 0.04444 0.00000 0.04444 0.08889
GNM11223                       0.00000 0.08889 0.00000 0.06667 0.08889 0.00000 0.04444 0.06667 0.00000 0.13333 0.11111 0.11111 0.04444 0.04444 0.04444 0.02222 0.02222 0.00000 0.02222 0.08889
GNM11224                       0.00000 0.08889 0.00000 0.08889 0.08889 0.00000 0.04444 0.06667 0.00000 0.13333 0.11111 0.08889 0.04444 0.04444 0.04444 0.02222 0.02222 0.00000 0.02222 0.08889
GNM11225                       0.04444 0.11111 0.00000 0.06667 0.08889 0.00000 0.04444 0.08889 0.00000 0.11111 0.13333 0.04444 0.02222 0.04444 0.02222 0.02222 0.04444 0.00000 0.02222 0.08889
GNM11358                       0.02222 0.08889 0.02222 0.02222 0.08889 0.02222 0.02222 0.02222 0.00000 0.08889 0.06667 0.06667 0.04444 0.04444 0.06667 0.04444 0.06667 0.00000 0.06667 0.13333
GNM11360                       0.04444 0.08889 0.02222 0.02222 0.08889 0.04444 0.02222 0.06667 0.02222 0.11111 0.13333 0.02222 0.02222 0.04444 0.06667 0.02222 0.06667 0.00000 0.02222 0.06667
GNM11362                       0.04444 0.08889 0.04444 0.04444 0.08889 0.02222 0.02222 0.04444 0.00000 0.04444 0.13333 0.02222 0.04444 0.04444 0.06667 0.04444 0.04444 0.00000 0.04444 0.11111
GNM11367                       0.02222 0.08889 0.00000 0.04444 0.08889 0.04444 0.04444 0.04444 0.00000 0.06667 0.13333 0.06667 0.04444 0.04444 0.06667 0.00000 0.06667 0.00000 0.02222 0.11111
GNM11377                       0.04444 0.08889 0.00000 0.02222 0.08889 0.02222 0.02222 0.06667 0.00000 0.11111 0.06667 0.04444 0.04444 0.04444 0.06667 0.04444 0.04444 0.00000 0.06667 0.11111
GNM11380                       0.04444 0.06667 0.02222 0.02222 0.08889 0.02222 0.02222 0.06667 0.02222 0.11111 0.08889 0.04444 0.02222 0.08889 0.06667 0.02222 0.06667 0.00000 0.02222 0.08889
GNM11383                       0.02222 0.08889 0.02222 0.02222 0.08889 0.04444 0.02222 0.04444 0.00000 0.08889 0.13333 0.04444 0.06667 0.04444 0.06667 0.02222 0.06667 0.00000 0.02222 0.08889
GNM11491                       0.02222 0.08889 0.02222 0.02222 0.08889 0.04444 0.04444 0.06667 0.00000 0.08889 0.11111 0.02222 0.04444 0.06667 0.06667 0.02222 0.06667 0.00000 0.02222 0.08889
GNM11804                       0.08889 0.13333 0.00000 0.02222 0.08889 0.00000 0.08889 0.04444 0.00000 0.04444 0.06667 0.02222 0.04444 0.08889 0.04444 0.04444 0.04444 0.00000 0.04444 0.08889
GNM11805                       0.02222 0.08889 0.02222 0.08889 0.08889 0.00000 0.04444 0.06667 0.00000 0.13333 0.11111 0.04444 0.02222 0.02222 0.02222 0.08889 0.00000 0.00000 0.04444 0.08889
GNM12883                       0.06667 0.08889 0.04444 0.02222 0.08889 0.02222 0.02222 0.02222 0.00000 0.15556 0.06667 0.04444 0.04444 0.04444 0.06667 0.02222 0.04444 0.00000 0.06667 0.06667
GNM12892                       0.02222 0.08889 0.02222 0.02222 0.08889 0.02222 0.02222 0.04444 0.00000 0.06667 0.06667 0.06667 0.02222 0.04444 0.06667 0.06667 0.04444 0.00000 0.06667 0.15556
GNM13061                       0.06667 0.11111 0.00000 0.06667 0.08889 0.00000 0.00000 0.06667 0.00000 0.04444 0.20000 0.04444 0.02222 0.04444 0.06667 0.06667 0.00000 0.00000 0.06667 0.04444
GNM13062                       0.00000 0.08889 0.02222 0.08889 0.08889 0.02222 0.00000 0.08889 0.00000 0.08889 0.13333 0.04444 0.04444 0.04444 0.06667 0.02222 0.02222 0.00000 0.02222 0.11111
GNM13064                       0.06667 0.08889 0.04444 0.06667 0.08889 0.04444 0.00000 0.02222 0.00000 0.13333 0.08889 0.00000 0.02222 0.02222 0.04444 0.08889 0.02222 0.00000 0.04444 0.11111
GNM13066                       0.06667 0.08889 0.04444 0.06667 0.08889 0.04444 0.00000 0.04444 0.00000 0.13333 0.08889 0.00000 0.02222 0.02222 0.04444 0.06667 0.02222 0.00000 0.04444 0.11111
GNM11034                       0.02222 0.08889 0.00000 0.04444 0.08889 0.00000 0.11111 0.08889 0.00000 0.06667 0.13333 0.02222 0.02222 0.08889 0.06667 0.02222 0.02222 0.00000 0.04444 0.06667
GNM11363                       0.04444 0.08889 0.04444 0.04444 0.08889 0.02222 0.02222 0.04444 0.00000 0.04444 0.13333 0.02222 0.04444 0.04444 0.06667 0.04444 0.04444 0.00000 0.04444 0.11111
GNM11375                       0.02222 0.08889 0.02222 0.02222 0.08889 0.04444 0.04444 0.04444 0.00000 0.08889 0.13333 0.02222 0.02222 0.04444 0.06667 0.02222 0.08889 0.00000 0.02222 0.11111
GNM11799                       0.04444 0.08889 0.02222 0.02222 0.08889 0.04444 0.04444 0.04444 0.00000 0.08889 0.11111 0.02222 0.04444 0.04444 0.06667 0.02222 0.06667 0.00000 0.02222 0.11111
GNM11841                       0.00000 0.08889 0.02222 0.06667 0.08889 0.00000 0.06667 0.06667 0.02222 0.02222 0.08889 0.04444 0.04444 0.02222 0.06667 0.04444 0.02222 0.00000 0.02222 0.20000
GNM11931                       0.04444 0.08889 0.00000 0.13333 0.08889 0.02222 0.00000 0.06667 0.02222 0.02222 0.08889 0.00000 0.04444 0.02222 0.06667 0.04444 0.02222 0.00000 0.02222 0.20000
GNM12040                       0.02222 0.11111 0.00000 0.08889 0.08889 0.00000 0.02222 0.08889 0.02222 0.06667 0.06667 0.02222 0.06667 0.02222 0.06667 0.02222 0.04444 0.00000 0.02222 0.15556
GNM12071                       0.00000 0.11111 0.02222 0.08889 0.08889 0.00000 0.02222 0.08889 0.02222 0.02222 0.06667 0.02222 0.06667 0.02222 0.06667 0.04444 0.02222 0.00000 0.02222 0.20000
GNM12125                       0.06667 0.13333 0.00000 0.02222 0.08889 0.00000 0.04444 0.04444 0.00000 0.06667 0.11111 0.08889 0.02222 0.04444 0.08889 0.00000 0.04444 0.00000 0.04444 0.08889
GNM12126                       0.00000 0.11111 0.00000 0.06667 0.08889 0.00000 0.02222 0.06667 0.00000 0.11111 0.11111 0.08889 0.04444 0.02222 0.06667 0.04444 0.04444 0.02222 0.04444 0.04444
GNM12128                       0.00000 0.17778 0.00000 0.02222 0.08889 0.00000 0.06667 0.08889 0.00000 0.13333 0.11111 0.00000 0.04444 0.02222 0.06667 0.02222 0.02222 0.00000 0.06667 0.06667
GNM12182                       0.02222 0.11111 0.04444 0.06667 0.08889 0.00000 0.02222 0.04444 0.00000 0.11111 0.13333 0.04444 0.00000 0.02222 0.04444 0.04444 0.04444 0.00000 0.02222 0.13333
GNM12342                       0.04444 0.08889 0.02222 0.08889 0.08889 0.00000 0.04444 0.04444 0.02222 0.17778 0.04444 0.06667 0.04444 0.06667 0.04444 0.04444 0.00000 0.00000 0.02222 0.04444
GNM12346                       0.02222 0.08889 0.00000 0.08889 0.08889 0.00000 0.04444 0.06667 0.00000 0.06667 0.13333 0.02222 0.04444 0.02222 0.04444 0.04444 0.02222 0.00000 0.04444 0.15556
GNM12351                       0.08889 0.08889 0.00000 0.06667 0.08889 0.00000 0.02222 0.02222 0.00000 0.04444 0.08889 0.04444 0.06667 0.06667 0.06667 0.00000 0.06667 0.00000 0.04444 0.13333
GNM12356                       0.02222 0.06667 0.04444 0.04444 0.08889 0.00000 0.06667 0.06667 0.00000 0.08889 0.08889 0.06667 0.06667 0.08889 0.02222 0.08889 0.00000 0.00000 0.04444 0.04444
GNM12357                       0.04444 0.08889 0.02222 0.06667 0.08889 0.00000 0.11111 0.02222 0.00000 0.11111 0.06667 0.04444 0.02222 0.08889 0.04444 0.06667 0.00000 0.00000 0.04444 0.06667
GNM12366                       0.02222 0.06667 0.04444 0.06667 0.08889 0.00000 0.08889 0.04444 0.00000 0.11111 0.06667 0.04444 0.02222 0.08889 0.04444 0.06667 0.02222 0.00000 0.04444 0.06667
GNM12373                       0.00000 0.08889 0.00000 0.06667 0.08889 0.00000 0.06667 0.04444 0.00000 0.06667 0.13333 0.06667 0.04444 0.02222 0.06667 0.06667 0.04444 0.00000 0.06667 0.06667
GNM12385                       0.00000 0.11111 0.02222 0.06667 0.08889 0.00000 0.06667 0.04444 0.00000 0.04444 0.13333 0.06667 0.04444 0.02222 0.06667 0.02222 0.06667 0.00000 0.04444 0.08889
GNM12551                       0.04444 0.11111 0.00000 0.06667 0.08889 0.00000 0.08889 0.06667 0.00000 0.08889 0.13333 0.00000 0.02222 0.04444 0.08889 0.04444 0.02222 0.00000 0.04444 0.04444
GNM12554                       0.00000 0.08889 0.02222 0.06667 0.08889 0.00000 0.04444 0.04444 0.00000 0.13333 0.11111 0.08889 0.04444 0.02222 0.06667 0.02222 0.06667 0.00000 0.04444 0.04444
GNM12592                       0.00000 0.13333 0.00000 0.04444 0.08889 0.00000 0.06667 0.06667 0.00000 0.06667 0.08889 0.04444 0.08889 0.02222 0.04444 0.06667 0.00000 0.00000 0.04444 0.13333
GNM12596                       0.04444 0.08889 0.00000 0.06667 0.08889 0.00000 0.02222 0.04444 0.00000 0.06667 0.11111 0.02222 0.04444 0.04444 0.04444 0.11111 0.02222 0.00000 0.04444 0.13333
GNM12602                       0.06667 0.08889 0.00000 0.06667 0.08889 0.00000 0.02222 0.04444 0.00000 0.06667 0.13333 0.02222 0.04444 0.02222 0.04444 0.08889 0.02222 0.00000 0.04444 0.13333
GNM12665                       0.06667 0.08889 0.00000 0.06667 0.08889 0.00000 0.02222 0.04444 0.00000 0.08889 0.11111 0.02222 0.04444 0.04444 0.04444 0.08889 0.02222 0.00000 0.04444 0.11111
GNM12745                       0.00000 0.07692 0.02564 0.10256 0.10256 0.00000 0.00000 0.05128 0.00000 0.07692 0.10256 0.05128 0.05128 0.05128 0.02564 0.05128 0.05128 0.02564 0.02564 0.12821
GNM12749                       0.00000 0.11111 0.02222 0.08889 0.08889 0.00000 0.04444 0.04444 0.00000 0.11111 0.11111 0.06667 0.06667 0.02222 0.06667 0.02222 0.04444 0.00000 0.04444 0.04444
GNM12758                       0.00000 0.10256 0.00000 0.07692 0.10256 0.00000 0.02564 0.05128 0.00000 0.05128 0.12821 0.07692 0.05128 0.00000 0.07692 0.07692 0.02564 0.02564 0.02564 0.10256
GNM12763                       0.00000 0.10256 0.07692 0.05128 0.10256 0.00000 0.02564 0.02564 0.00000 0.23077 0.10256 0.05128 0.02564 0.02564 0.05128 0.05128 0.02564 0.00000 0.02564 0.02564
GNM12766                       0.02222 0.08889 0.02222 0.11111 0.08889 0.00000 0.04444 0.04444 0.02222 0.13333 0.06667 0.06667 0.04444 0.06667 0.04444 0.04444 0.00000 0.00000 0.02222 0.06667
GNM12841                       0.04444 0.08889 0.00000 0.06667 0.08889 0.00000 0.06667 0.06667 0.00000 0.02222 0.08889 0.02222 0.04444 0.02222 0.06667 0.04444 0.04444 0.00000 0.02222 0.20000
GNM12849                       0.04444 0.08889 0.04444 0.02222 0.08889 0.04444 0.02222 0.06667 0.00000 0.11111 0.13333 0.02222 0.02222 0.04444 0.06667 0.02222 0.06667 0.00000 0.02222 0.06667
GNM12869                       0.02222 0.08889 0.02222 0.00000 0.08889 0.04444 0.08889 0.04444 0.00000 0.11111 0.13333 0.02222 0.02222 0.04444 0.06667 0.02222 0.08889 0.00000 0.02222 0.06667
GNM12896                       0.04444 0.06667 0.02222 0.02222 0.08889 0.02222 0.02222 0.06667 0.02222 0.08889 0.08889 0.04444 0.02222 0.08889 0.06667 0.02222 0.06667 0.00000 0.02222 0.11111
GNM12897                       0.02222 0.06667 0.02222 0.02222 0.08889 0.02222 0.02222 0.06667 0.02222 0.11111 0.08889 0.04444 0.02222 0.08889 0.06667 0.04444 0.06667 0.00000 0.02222 0.08889
GNM12902                       0.04444 0.11111 0.00000 0.08889 0.08889 0.00000 0.02222 0.04444 0.00000 0.13333 0.11111 0.08889 0.02222 0.02222 0.04444 0.04444 0.00000 0.00000 0.04444 0.08889
GNM12903                       0.02222 0.11111 0.00000 0.08889 0.08889 0.00000 0.02222 0.08889 0.00000 0.08889 0.13333 0.02222 0.02222 0.02222 0.06667 0.00000 0.06667 0.02222 0.04444 0.08889
GNM12906                       0.02222 0.08889 0.00000 0.08889 0.08889 0.00000 0.02222 0.08889 0.00000 0.08889 0.13333 0.04444 0.02222 0.02222 0.06667 0.00000 0.04444 0.02222 0.04444 0.11111
GNM12907                       0.02222 0.11111 0.00000 0.06667 0.08889 0.00000 0.04444 0.08889 0.00000 0.06667 0.13333 0.02222 0.02222 0.02222 0.06667 0.00000 0.04444 0.02222 0.04444 0.13333
GNM12909                       0.02222 0.11111 0.00000 0.06667 0.08889 0.00000 0.04444 0.08889 0.02222 0.08889 0.13333 0.02222 0.00000 0.02222 0.06667 0.00000 0.04444 0.02222 0.04444 0.11111
GNM12915                       0.00000 0.08889 0.00000 0.08889 0.08889 0.00000 0.06667 0.06667 0.02222 0.08889 0.13333 0.04444 0.04444 0.02222 0.04444 0.02222 0.02222 0.00000 0.04444 0.11111
GNM10046                       0.00000 0.08889 0.00000 0.08889 0.08889 0.00000 0.06667 0.06667 0.02222 0.08889 0.13333 0.04444 0.04444 0.02222 0.04444 0.02222 0.02222 0.00000 0.04444 0.11111
GNM12918                       0.00000 0.08889 0.00000 0.08889 0.08889 0.00000 0.06667 0.06667 0.02222 0.11111 0.13333 0.04444 0.04444 0.02222 0.04444 0.02222 0.02222 0.00000 0.04444 0.08889
GNM12931                       0.02222 0.08889 0.02222 0.04444 0.08889 0.00000 0.04444 0.08889 0.00000 0.08889 0.08889 0.04444 0.04444 0.08889 0.06667 0.04444 0.02222 0.00000 0.04444 0.06667
GNM12938                       0.04444 0.11111 0.04444 0.00000 0.08889 0.00000 0.06667 0.04444 0.02222 0.15556 0.08889 0.02222 0.02222 0.02222 0.04444 0.02222 0.04444 0.00000 0.04444 0.11111
GNM12996                       0.02222 0.08889 0.00000 0.06667 0.08889 0.00000 0.02222 0.06667 0.02222 0.15556 0.11111 0.04444 0.04444 0.02222 0.04444 0.06667 0.02222 0.00000 0.04444 0.06667
GNM13018                       0.02222 0.08889 0.02222 0.06667 0.08889 0.00000 0.02222 0.06667 0.02222 0.13333 0.13333 0.04444 0.02222 0.02222 0.04444 0.04444 0.02222 0.00000 0.04444 0.08889
GNM13027                       0.00000 0.08889 0.00000 0.06667 0.08889 0.00000 0.02222 0.08889 0.02222 0.15556 0.11111 0.06667 0.02222 0.02222 0.04444 0.04444 0.02222 0.00000 0.04444 0.08889
GNM13046                       0.04444 0.08889 0.04444 0.00000 0.08889 0.04444 0.04444 0.04444 0.00000 0.04444 0.13333 0.02222 0.04444 0.04444 0.06667 0.02222 0.06667 0.00000 0.02222 0.13333
GNM13053                       0.02222 0.08889 0.00000 0.06667 0.08889 0.04444 0.00000 0.06667 0.00000 0.06667 0.15556 0.04444 0.02222 0.02222 0.06667 0.06667 0.04444 0.00000 0.04444 0.08889
GNM13074                       0.00000 0.08889 0.00000 0.08889 0.08889 0.02222 0.06667 0.06667 0.00000 0.08889 0.13333 0.04444 0.04444 0.02222 0.04444 0.00000 0.04444 0.00000 0.04444 0.11111
GNM10010                       0.02222 0.08889 0.00000 0.06667 0.08889 0.02222 0.04444 0.06667 0.00000 0.04444 0.13333 0.04444 0.02222 0.02222 0.04444 0.02222 0.04444 0.00000 0.04444 0.17778
GNM10014                       0.02222 0.08889 0.00000 0.06667 0.08889 0.02222 0.04444 0.06667 0.00000 0.04444 0.13333 0.04444 0.02222 0.02222 0.04444 0.02222 0.04444 0.00000 0.04444 0.17778
GNM13090                       0.00000 0.08889 0.00000 0.06667 0.08889 0.02222 0.06667 0.06667 0.00000 0.06667 0.11111 0.04444 0.02222 0.02222 0.04444 0.02222 0.04444 0.00000 0.04444 0.17778
GNM13118                       0.04444 0.08889 0.02222 0.06667 0.08889 0.00000 0.02222 0.06667 0.00000 0.13333 0.08889 0.06667 0.04444 0.06667 0.04444 0.02222 0.06667 0.00000 0.04444 0.02222
GNM13126                       0.02222 0.11111 0.00000 0.06667 0.08889 0.00000 0.06667 0.04444 0.00000 0.20000 0.04444 0.02222 0.04444 0.06667 0.04444 0.06667 0.00000 0.00000 0.02222 0.08889
GNM13128                       0.02222 0.11111 0.02222 0.06667 0.08889 0.00000 0.06667 0.04444 0.00000 0.20000 0.04444 0.02222 0.04444 0.06667 0.04444 0.04444 0.00000 0.00000 0.02222 0.08889
GNM13208                       0.06667 0.13333 0.00000 0.13333 0.08889 0.02222 0.00000 0.06667 0.00000 0.02222 0.15556 0.00000 0.02222 0.04444 0.06667 0.00000 0.04444 0.02222 0.02222 0.08889
GNM13210                       0.02222 0.08889 0.00000 0.06667 0.08889 0.02222 0.02222 0.08889 0.00000 0.02222 0.11111 0.06667 0.02222 0.08889 0.06667 0.04444 0.02222 0.00000 0.02222 0.13333
GNM12773                       0.02222 0.11111 0.00000 0.08889 0.08889 0.02222 0.02222 0.04444 0.00000 0.08889 0.15556 0.02222 0.02222 0.04444 0.02222 0.08889 0.02222 0.00000 0.02222 0.11111
GNM12769                       0.00000 0.08889 0.00000 0.04444 0.08889 0.00000 0.08889 0.04444 0.00000 0.13333 0.08889 0.08889 0.02222 0.04444 0.02222 0.04444 0.04444 0.00000 0.04444 0.11111
GNM12768                       0.04444 0.08889 0.00000 0.04444 0.08889 0.00000 0.04444 0.06667 0.00000 0.06667 0.11111 0.06667 0.04444 0.02222 0.04444 0.04444 0.02222 0.00000 0.04444 0.15556

Homogeneity statistic: X2 = 37.30309 G = 37.83201 

Average                        0.02906 0.09411 0.01491 0.05210 0.08944 0.01747 0.04081 0.05662 0.00361 0.09321 0.11339 0.04171 0.03403 0.04487 0.05767 0.03840 0.04216 0.00151 0.03674 0.09818
(Ambiguity characters are used to calculate freqs.)


# constant sites:      7 (15.56%)

TREE #  1:  ((((((((47, 145), 130), (62, 94)), 95), 96), (((132, 133), (97, 61)), (131, 134))), ((((((124, 123), 126), 125), 144), (64, 46)), 141)), (((((((((((((((((((48, 49), (51, 23)), 60), (50, 89)), 55), (53, 52)), 27), (((73, 22), (25, 24)), 43)), ((((((((58, 56), 57), 54), 119), (20, 7)), (((28, 39), (8, 6)), (88, 21))), ((11, 71), 118)), 77)), 135), (76, 19)), (((120, 75), 121), 40)), ((((5, 80), (74, 14)), (30, 81)), (15, 70))), 42), (87, 72)), ((((((41, 84), 85), 45), 44), (16, 136)), (((37, 83), 13), 59))), (((1, 82), (9, 2)), 38)), ((((35, 36), (3, 33)), (4, 31)), (((86, 12), 34), 32))), ((((29, (146, 26)), ((67, 68), 69)), ((147, 66), 148)), ((18, 17), 65))), (((((((((((111, 109), 110), 100), 108), 99), (((107, 105), 113), 104)), ((((92, 10), 93), (90, 117)), 91)), (63, 78)), ((143, 142), (79, 122))), ((((((103, 102), 101), 116), 98), ((112, 114), 115)), 106)), ((((138, 139), 140), 137), ((129, 127), 128))));   MP score: -1
lnL(ntime:293  np:294):  -3957.986680      +0.000000
 149..150 150..151 151..152 152..153 153..154 154..155 155..156 156..47  156..145 155..130 154..157 157..62  157..94  153..95  152..96  151..158 158..159 159..160 160..132 160..133 159..161 161..97  161..61  158..162 162..131 162..134 150..163 163..164 164..165 165..166 166..167 167..168 168..124 168..123 167..126 166..125 165..144 164..169 169..64  169..46  163..141 149..170 170..171 171..172 172..173 173..174 174..175 175..176 176..177 177..178 178..179 179..180 180..181 181..182 182..183 183..184 184..185 185..186 186..187 187..188 188..48  188..49  187..189 189..51  189..23  186..60  185..190 190..50  190..89  184..55  183..191 191..53  191..52  182..27  181..192 192..193 193..194 194..73  194..22  193..195 195..25  195..24  192..43  180..196 196..197 197..198 198..199 199..200 200..201 201..202 202..203 203..58  203..56  202..57  201..54  200..119 199..204 204..20  204..7   198..205 205..206 206..207 207..28  207..39  206..208 208..8   208..6   205..209 209..88  209..21  197..210 210..211 211..11  211..71  210..118 196..77  179..135 178..212 212..76  212..19  177..213 213..214 214..215 215..120 215..75  214..121 213..40  176..216 216..217 217..218 218..219 219..5   219..80  218..220 220..74  220..14  217..221 221..30  221..81  216..222 222..15  222..70  175..42  174..223 223..87  223..72  173..224 224..225 225..226 226..227 227..228 228..229 229..41  229..84  228..85  227..45  226..44  225..230 230..16  230..136 224..231 231..232 232..233 233..37  233..83  232..13  231..59  172..234 234..235 235..236 236..1   236..82  235..237 237..9   237..2   234..38  171..238 238..239 239..240 240..241 241..35  241..36  240..242 242..3   242..33  239..243 243..4   243..31  238..244 244..245 245..246 246..86  246..12  245..34  244..32  170..247 247..248 248..249 249..250 250..29  250..251 251..146 251..26  249..252 252..253 253..67  253..68  252..69  248..254 254..255 255..147 255..66  254..148 247..256 256..257 257..18  257..17  256..65  149..258 258..259 259..260 260..261 261..262 262..263 263..264 264..265 265..266 266..267 267..268 268..111 268..109 267..110 266..100 265..108 264..99  263..269 269..270 270..271 271..107 271..105 270..113 269..104 262..272 272..273 273..274 274..275 275..92  275..10  274..93  273..276 276..90  276..117 272..91  261..277 277..63  277..78  260..278 278..279 279..143 279..142 278..280 280..79  280..122 259..281 281..282 282..283 283..284 284..285 285..286 286..103 286..102 285..101 284..116 283..98  282..287 287..288 288..112 288..114 287..115 281..106 258..289 289..290 290..291 291..292 292..138 292..139 291..140 290..137 289..293 293..294 294..129 294..127 293..128
 0.000000 0.066418 0.038532 0.045954 0.000000 0.175869 0.056977 0.065256 0.039746 0.082343 0.184252 0.494144 0.285593 0.174858 0.312744 0.097457 0.019586 0.037889 0.056704 0.003144 0.058884 0.106273 0.040605 0.000000 0.246256 0.000000 0.010785 0.280478 0.062633 0.084234 0.000000 0.000000 0.112063 0.022165 0.126983 0.094470 0.209079 0.077745 0.073592 0.100586 0.213353 0.000000 0.000000 0.064917 0.000000 0.179176 0.045212 0.061590 0.120787 0.026421 0.072947 0.000000 0.000000 0.037291 0.000000 0.000000 0.019962 0.043094 0.034428 0.000000 0.000000 0.019339 0.000000 0.018924 0.000000 1.219012 0.000000 0.037098 0.019690 0.163660 0.080690 0.018445 0.000000 0.076924 0.063355 0.000000 0.015721 0.000000 0.000000 0.022368 0.000000 0.000000 0.109482 0.000000 0.056936 0.000000 0.056908 0.000000 0.000000 0.000000 0.000000 0.000000 0.000000 0.000000 0.000000 0.055970 0.000000 0.000000 0.000000 0.037568 0.000000 0.160102 0.000000 0.017664 0.000000 0.099304 0.000000 0.000000 0.000000 0.000000 0.042252 0.018724 0.000000 0.000000 0.000000 0.097789 0.037884 0.067707 0.018002 0.003543 0.087325 0.000000 0.000000 0.019199 0.000000 0.019161 0.039711 0.097488 0.000000 0.055402 0.039552 0.024367 0.029634 0.053675 0.000000 0.000000 0.045917 0.018996 0.018263 0.069781 0.000000 0.000000 0.132897 0.113244 0.000000 0.000000 0.012239 0.010285 0.216775 0.231814 0.073576 0.054280 0.000000 0.000000 0.029239 0.080685 0.116686 0.140787 0.273664 0.096219 0.000000 0.132091 0.000000 0.000000 0.020486 0.062568 0.285317 0.000000 0.198644 0.246279 0.050028 0.155280 0.083924 0.000000 0.000000 0.096445 0.148278 0.036509 0.065157 0.030542 0.000000 0.000000 0.083593 0.020474 0.042801 0.373295 0.000000 0.000000 0.161848 0.032459 0.000000 0.000000 0.000000 0.021160 0.178319 0.000000 0.000000 0.109254 0.029054 0.124972 0.079547 0.126872 0.040890 0.012137 0.106859 0.000000 0.021102 0.100755 0.112844 0.000000 0.307877 0.099642 0.136104 0.061051 0.257994 0.000000 0.000000 0.209421 0.161447 0.059807 0.000000 0.106657 0.000000 0.000000 0.063688 0.000000 0.041212 0.072613 0.019503 0.019113 0.019341 0.000000 0.236998 0.191791 0.103921 0.097195 0.085578 0.000000 0.051596 0.140133 0.018270 0.084076 0.267248 0.000000 0.043855 0.033297 0.084848 0.049335 0.107346 0.054255 0.061682 0.021851 0.137710 0.362332 0.246609 0.017865 0.230706 0.135811 0.000000 0.055370 0.040099 0.206097 0.057521 0.000000 0.119533 0.213517 0.064117 0.081653 0.170864 0.037567 0.045402 0.244829 0.028293 0.027174 0.000000 0.041662 0.206560 0.180601 0.394646 0.407782 0.121060 0.000000 0.114031 0.061940 0.000000 0.000000 0.000000 0.025210 0.014828 0.000000 0.019517 0.000000 0.000000 0.900061
