
Printing out site pattern counts


       129         40  P

GNM13746                        AACEFFGGGG GIIKKKKKKL LLMPPPQQQR RRRRSVVYYY 
GNM13876                        AVCEFIGGGG GIRKKKKVVI LLYGPQKRRH NRRRVIVFYY 
GNM13680                        AWCEFFGGGG NIKAKKSKVL ILMGNKSQRR RLRRTVLHYY 
GNM14837                        AWCEFFGGGG DIKDKRKKRL LLMATKSRQR RHRRSVVFNY 
GNM14249                        AWCEFFGGGG DIKDKRKKRL LLMATKSRQR RHRRSVVFNY 
GNM13928                        AWCEFFGGGG DIKDKRKKRL LLMATKSRQR RHRRSVVFNY 
GNM14865                        AECEFFGGQT DVRRHGKKKL MINGRAEQSN RSRREILRYY 
GNM13455                        AWCEFFGGGG DIKDKRKKRI LLMATKSRQK RHRRSVVFNY 
GNM14938                        AKCEFIGGGG KIRKKKKVKI MLYGPQLRRA DRRRVVVFYY 
GNM14483                        AYCEFFGGSG GIRKKKSKRL LLVAEQKQRH RRRRTVVYYY 
GNM14872                        AWCEFFGGGG NIKAKRKKKL LLMGEQSQRR RLRRVVLHFY 
GNM13855                        AWCEFFGGGG DIKAKKSKRL LLMGFKSRCR RLRRTVMHYY 
GNM14445                        AICEFFGGGG NITKKKKKVL ILMTTPKQQR RRRRSIVYYY 
GNM14404                        ARCEFFGGGG NIRKKKAKKY LLMAPELRQR RRRRSVIFFY 
GNM14545                        ARCEFFGGGG NIRKKKAKKY LLMAPELRQR RRRRSVIFFY 
GNM14366                        AWCEFFGGGG HIKKKKKKAI LLNANESRQR RHRRSVVFYY 
GNM14252                        AWCEFFGGGG DIKDKRKKRL LLMATKSRQR RHRRSVVFNY 
GNM13760                        AWCEFFGGGG DIKDKRKKRL LLMATKSRQR RHRRSVVFNY 
GNM13982                        AWCEFFGGGG DIKRNRKKKL LLMVTESQQR RKRRAVTFLY 
GNM13960                        AWCEFFGGGG DIKKVRKKRL LLYAIESRQR RGRRSVVINY 
GNM14633                        AWCEFFGGGG DIKKNRKKKL LLMVTESQQR RKRRAVSYLY 
GNM14853                        AWCEFFGGGG DIKKNRKKKL LLMVTESQQR RKRRAVSYLY 
GNM14174                        APCEFFGGGG NIVKKKRKKL LLYPPEKHRR RRRRAAVYYY 
GNM14055                        AWCEFFGGGG DIKRTRKKRI LLSATQSRQR RHRRSVVFNY 
GNM14748                        AWCEFFGGGG DIKDKRKKRL LLMATKSRQR RHRRSVVFNY 
GNM14640                        APCEFFGGGG GIRKKKRKKV LLYPKEEQRR RRRRSIVYYY 
GNM14965                        AWCEFFGGGG DIKAKKQKNL LLMGLKSQQR RLRRTVLHFY 
GNM13677                        AVCEFIGGGG GIRKKKKVII LLYGPQKRRH NRRRVIVFYY 
GNM14593                        LKCEFAGGGG KIRKKKKVKI LLYGPDSRRV NRRRVIVFYY 
GNM13825                        AKCEFIGGGG RIRKKKKVKI MLYGPVLRRA NRRRVVVFYY 
GNM14768                        AKCEFIGGGG KIRKKKKVKI LLYGPELRRV NRRRVVVFYY 
GNM14776                        AKCEFIGGGG KIRKKKKVKI LLYGPELRRV NRRRVVVFYY 
GNM14715                        AYCEFFGGSG DIKKKKSKRL LLVAEVKQRH RRRRTVVYYY 
GNM14639                        AICEFFGGGG NIRKKKMKRY LLFPEPKQQR RRRRSIVFYY 
GNM13795                        AWCEFFGGGG DIKDKRKKRL LLMATKSRQR RHRRSVVFNY 
GNM13993                        ATCEFFGGGG GIVKSKKKRL ILNGSVKQQR RRRRAQIFYY 
GNM14450                        AWCEFFGGGG GIKKKSSKKL LINGVIQQRR RRRRTVMYYY 
GNM13515                        AWCEFFGGGG DIKDKRKKKL LLHSNVSQKR RKRRSVCFFY 
GNM14959                        ARCEFFGGAG GIQKKRKKRL LLYAPEQRRI RRRRVVVYYY 
GNM13413                        AVCEFFGGGG GIRKKRAKKL ILYAATVQQQ RYRRTVVYYY 
GNM15005                        AWCEFFGGGG DIKKVRKKKL LLYAIESRQR RGRRSVVINY 
GNM14994                        AWCEFFGGGG DIKDKRKKRL LLMATKSRQR RHRRSVVFNY 
GNM15013                        AWCEFFGGGG DIKKVRKKRL LLYAIESRQR RGRRSVVIMY 
GNM15014                        AWCEFFGGGG KIKKIRKKKL LLYAVESRQK RHRRSVVFNY 
GNM14995                        AWCEFFGGGG DIKKKRKKRV LLFAVESRQR RHRRSVVFNY 
GNM14999                        AWCEFFGGGG DIKKIRKKNL LLYAIESRQR RRRRTVVINY 
GNM15025                        AWCEFFGGGG KIKKIRKKNL LLYAVESRQR RKRRSVVFTY 
GNM14980                        AWCEFFGGGG DIKDKRKKRL LLMATKSRQR RHRRSVVFNY 
GNM15000                        AWCEFFGGGG DIKDKRKKRL LLMATKSRQR RHRRSVVFNY 
GNM15027                        AWCEFFGGGG NVKKKKKKKL LLMAEPKQRR RRRRAVLFYY 
GNM11003                        AACEFFGGGG GIRKAKKKKL LIYSYEEQQQ RRRRVVVHLY 
GNM11023                        ARCEFFGGGG GIQRKRKKRL LLYAPPTQQQ RKRRAIVMNY 
GNM11055                        AECEFFGGGG GIRVRRMKKL LLYGSTEQRN RKRRAVLFYY 
GNM11146                        ARCEFFGGGG GIVERKRKKL LLMAPTQRRL RRRRSVVFYY 
GNM11220                        APCEFFGGGG GIVKKKKKKL LLMPAEKQQR RRRRSVIFYY 
GNM11222                        APCEFFGGGG GVQKKKRKKL LINPPVKQRR RRRRSLIYHL 
GNM11223                        APCEFFGGGG GIRKKKRKRL LLYPEEKQRR RRRRSVVYYY 
GNM11224                        APCEFFGGGG GIRKKKRKKL LLFPEEKQRR RRRRSMVYYY 
GNM11360                        AWCEFFGGGG DIKDKRKKRI LLMATKSRQK RHRRSVVFNY 
GNM11362                        AWCEFFGGGG DIRKKKKKKL ILLAKERQQR RRRRSVIYYY 
GNM11367                        AWCEFFGGGG DIKRNRKKKL LLMVTESQQR RKRRAVTFLY 
GNM11377                        AWCEFFGGGG NIKAKRKKKL LLMGEQSQRR RLRRVVLHFY 
GNM11380                        AWCEFFGGGG DIKKTKKKRL LLDADVSRQR RHRRSVVFFY 
GNM11383                        AWCEFFGGGG NIKEHKKKII LLMANKSRQR RHRRSVVFYY 
GNM11491                        AWCEFFGGGG DIRDKRKKRL LLMAVKSRQR RHKRSVVFYY 
GNM11804                        APCEFFGGAG GVRKRRRKKL LIYGAKEQRN RKRRAVIFYY 
GNM12895                        AWCEFFGGGG GIKKKSSKKL LINGVIQQRR RRRRTVMYYY 
GNM13061                        APCEFFGGGG GIVYKKKKKL MLMPPPRQQR RRRRAVVYYY 
GNM13064                        ATCEFFGGGG GIVKSKKKRL ILNGSVKQQR RRRRAQIFYY 
GNM13066                        ASCEFFGGGG DIVKSKKKRL ILNGIFKQQR RRRRAQIFYY 
GNM11032                        AKCEFIGGGG KIRRKKKVKL LLYGPKLRRA NRRRVVVFYY 
GNM11034                        ARCEFIGGGG KIRKKKKVKI MLYGPQLRRA NRRRVVVFYY 
GNM11363                        AWCEFFGGGG DIRKKKKKKL ILLAKERQQR RRRRSVIYYY 
GNM11375                        AWCEFFGGGG DIKDKRKKRL LLMATKSRQR RHRRSVVFNY 
GNM11799                        AWCEFFGGGG KIKKLRKKKL LLYAMESRQK RHRRSVVFNY 
GNM11931                        AECEFFGGQT DVREGGKKKL MIWGRESQGH RARRTILEYY 
GNM12040                        AECEFFGGQT DVRHHGKKKL MIYGRADQGH RSRRTVLRYY 
GNM12071                        ATCEFFDGST DVRKHDKKEL MINGRADQGH RSRRRVLRYY 
GNM12125                        ARCEFFGGGG GIQKRRKKRL LLMAVVSQKY RVRRALVYYY 
GNM12126                        ARCEFFGGGG GIQRKRKKKL LLYAPYTQTR RRRRAVVFYY 
GNM12128                        AVCEFFGGGG GIRKARKKRL IMYAIEVQQQ RRRRVVVYYY 
GNM12182                        AYCEFFGGGG GIRKAKKRKL LIYSYEPQQQ RRRRVVVHLY 
GNM12346                        AVCEFFGGGG GVRKSSKKVV MVYGHGDQRN RKRRAILFYY 
GNM12351                        AECEFFGGGG GVKNTRKKEL MIYGHVDHRN RKRRAILFYY 
GNM12356                        AICQFFGGGG GIKKFYKKKM LINGSKEQSK RKRRSLIYYY 
GNM12357                        AVCEFFGGGG GIKKFQKKKL LLNGPKKQRK RTRRSLIFYY 
GNM12366                        AVCEFFGGGG GIKKFQKKKL LLDGPKKQRK RTRRSLIYYY 
GNM12373                        AQCEFFGGGG NVQKQRRKKF MIYGPQTQRN RKLRAWLYMY 
GNM12385                        AECEFFGGGG GVRKNRKKKF MIYGSVKQRN RRIRAWLFMY 
GNM12551                        ARCEFFGGGG GIREAKKKKL MIMGERKQQR RRRRAVVFYY 
GNM12554                        AECEFFGGGG HVKIRRRKKF MIMGQKKQRN RKMRAWLYMY 
GNM12592                        AECEFFGGGG GVRKMRKKEL MIYGRKEQRN RKRRAILFYY 
GNM12596                        AECEFFGGGG DVKKTRKKEL MIYGHIEHRN RKRRVILSYY 
GNM12602                        AVCEFFGGGG DVKKTRKKEL MIYGHIDHRN RNRRVILSYY 
GNM12665                        AECEFFGGGG DVKKSRKKEL MIYGHIEHRN RDRRVILSYY 
GNM12745                        AKCEFFGGAG GVSKMKRKKL ILNAPAKQRR RRRRAIIYYY 
GNM12749                        AECEFFGGGG NVLIRRRKKF MIFGPTKQRH RKLRSWLFLY 
GNM12758                        AKCEFFGGAG GVSKLKRKKL ILMAPPKQRR RRRRSLLYYY 
GNM12763                        AKCEFFGGGG GISKPKKKKL MIMGPRKQRI RKRRALVFYY 
GNM12766                        APCEFFGGGG GIRKWIKKKL LLNGAKKQRR RRRRIVLYYY 
GNM12849                        AWCEFFGGGG EIKDKRKKRL LLMATKSRQK RHRRSVVFNY 
GNM12869                        AWCEFFGGGG DIKDKRKKRI LLMATKSRQR RHRRSVVFNY 
GNM12896                        AWCEFFGGGG DIKKTKKKRL LLDADVSRQR RHRRSVVFFY 
GNM12897                        AWCEFFGGGG DIKKTKKKRL LLDANESRQR RHRRSVVFFY 
GNM12902                        AGCEFFGG-G GVVNPHRKRM IIRGNRQQRE RKRRKTLFYY 
GNM12903                        ARCEFFGGSG GILPKKKKKL LLYAPEQRRI RRRRKVVYYY 
GNM12906                        ARCEFFGGSG GILPKKKKKL LLNAPEQRRI RRRRKVVFYY 
GNM12907                        ARCEFFGGSG GILPKKKKKL LLYAPEVRRI RRRRKVVYYY 
GNM12909                        ARCEFFGGSG GIIPKKKKRL LLYAPEQRRI RRRRKVVYYY 
GNM12915                        ARCEFFGGGG GIIKKKIKRL LLMPPPKHRR RRRRAVIFYH 
GNM10046                        ARCEFFGGGG GIIKKKIKRL LLMPPPKHRR RRRRAVIFYQ 
GNM12918                        ARCEFFGGGG GIIKKKIKRL LLMPPPKHRR RRRRAVIFYH 
GNM12931                        AKCEFFGGGG GIRKKKVKKL LLYAPISQQR RYRRSIVFYY 
GNM12938                        ALCEFFGGGG GIKRAKKKRL MLYSYEPQQQ RRRRVVVFTY 
GNM12996                        AACEFFGGGG GIQKAKKKRL LIYSYEEQQQ RRRRVVVYYY 
GNM13018                        ASCEFFGGGG GIQKAKKKRL LIYSYEEQQQ RRRRVVVYYY 
GNM13027                        AVCEFFGGGG GIRKARKKKL MLYSYEEQQQ RRRRVVVYTY 
GNM13074                        ARCEFFGGGG GIIRKKIKRL LLMPPPKHRR RRRRAMIFYH 
GNM10010                        ARCEFFGGGG GIMKKKIKKL LLMPPPKHRR RRRRAVIFYH 
GNM10014                        ARCEFFGGGG GIMKKKIKKL LLMPPPKHRR RRRRAVIFYH 
GNM13090                        ARCEFFGGGG GIVKKKIKKL LLMPPPKHRR RRRRAIIFYH 
GNM13118                        ARCEFFGGGG GIIKKKVKKL ILNAEKERRR RRRRSVIYYY 
GNM13126                        AGCEFFGG-G GVVKPHRKEL LLHGRKQQRD RKRRITIYYY 
GNM13128                        AGCEFFGG-G GVVKPHKKEL LLHGRKQQRD RKRRITIYYY 
GNM13208                        ARCEFFGGGG GIIKKRKRRL LLMAEDERRM RRRRTVIYYY 
GNM13210                        AECEFFGGGG GIQKKRAKKL ILYAGITQQQ RHRRVVVYYY 
GNM12773                        APCEFFGGGG NIIKKKRKNL LLYPQERHRR RRRRSAVYYY 
GNM12769                        APCEFFGGGG GIRKKKMKKL FLNPNESQRR RKRRSVIFYY 
GNM12768                        APCEFFGGGG GIRKAKRKKL LLNPGKKQRR RRRRSVIYYY 



    1    1    4    1    1    1    1    1    1    1    1    1    1    1    1
    1    1    1    1    1    1    1    1    1    1    1    1    1    1    1
    1    1    1    1    1    1    1    1    1    1

AAML (in paml version 4.9h, March 2018)  tmp0072.txt
Model: Empirical,  (../wag.dat) dGamma (ncatG=4) ns = 129  ls =  43


Frequencies..
                                    A      R      N      D      C      Q      E      G      H      I      L      K      M      F      P      S      T      W      Y      V
GNM13746                       0.04651 0.11628 0.00000 0.00000 0.09302 0.06977 0.02326 0.11628 0.00000 0.04651 0.06977 0.13953 0.02326 0.04651 0.06977 0.02326 0.00000 0.00000 0.06977 0.04651
GNM13876                       0.02326 0.13953 0.02326 0.00000 0.09302 0.02326 0.02326 0.13953 0.02326 0.09302 0.04651 0.11628 0.00000 0.04651 0.02326 0.00000 0.00000 0.00000 0.06977 0.11628
GNM13680                       0.04651 0.11628 0.04651 0.00000 0.09302 0.02326 0.02326 0.11628 0.02326 0.04651 0.09302 0.11628 0.02326 0.04651 0.00000 0.04651 0.02326 0.02326 0.04651 0.04651
GNM14837                       0.04651 0.16279 0.02326 0.04651 0.09302 0.02326 0.02326 0.09302 0.02326 0.02326 0.06977 0.11628 0.02326 0.06977 0.00000 0.04651 0.02326 0.02326 0.02326 0.04651
GNM14249                       0.04651 0.16279 0.02326 0.04651 0.09302 0.02326 0.02326 0.09302 0.02326 0.02326 0.06977 0.11628 0.02326 0.06977 0.00000 0.04651 0.02326 0.02326 0.02326 0.04651
GNM13928                       0.04651 0.16279 0.02326 0.04651 0.09302 0.02326 0.02326 0.09302 0.02326 0.02326 0.06977 0.11628 0.02326 0.06977 0.00000 0.04651 0.02326 0.02326 0.02326 0.04651
GNM14865                       0.04651 0.16279 0.04651 0.02326 0.09302 0.04651 0.09302 0.09302 0.02326 0.04651 0.04651 0.06977 0.02326 0.04651 0.00000 0.04651 0.02326 0.00000 0.04651 0.02326
GNM13455                       0.04651 0.13953 0.02326 0.04651 0.09302 0.02326 0.02326 0.09302 0.02326 0.04651 0.04651 0.13953 0.02326 0.06977 0.00000 0.04651 0.02326 0.02326 0.02326 0.04651
GNM14938                       0.04651 0.13953 0.00000 0.02326 0.09302 0.02326 0.02326 0.11628 0.00000 0.06977 0.04651 0.16279 0.02326 0.04651 0.02326 0.00000 0.00000 0.00000 0.06977 0.09302
GNM14483                       0.04651 0.16279 0.00000 0.00000 0.09302 0.04651 0.04651 0.09302 0.02326 0.02326 0.06977 0.11628 0.00000 0.04651 0.00000 0.04651 0.02326 0.00000 0.09302 0.06977
GNM14872                       0.04651 0.13953 0.02326 0.00000 0.09302 0.04651 0.04651 0.11628 0.02326 0.02326 0.11628 0.11628 0.02326 0.06977 0.00000 0.02326 0.00000 0.02326 0.02326 0.04651
GNM13855                       0.04651 0.13953 0.00000 0.02326 0.11628 0.00000 0.02326 0.11628 0.02326 0.02326 0.09302 0.11628 0.04651 0.06977 0.00000 0.04651 0.02326 0.02326 0.04651 0.02326
GNM14445                       0.02326 0.11628 0.02326 0.00000 0.09302 0.04651 0.02326 0.09302 0.00000 0.09302 0.04651 0.13953 0.02326 0.04651 0.02326 0.02326 0.06977 0.00000 0.06977 0.04651
GNM14404                       0.06977 0.18605 0.02326 0.00000 0.09302 0.02326 0.04651 0.09302 0.00000 0.04651 0.06977 0.11628 0.02326 0.09302 0.02326 0.02326 0.00000 0.00000 0.04651 0.02326
GNM14545                       0.06977 0.18605 0.02326 0.00000 0.09302 0.02326 0.04651 0.09302 0.00000 0.04651 0.06977 0.11628 0.02326 0.09302 0.02326 0.02326 0.00000 0.00000 0.04651 0.02326
GNM14366                       0.06977 0.11628 0.04651 0.00000 0.09302 0.02326 0.04651 0.09302 0.04651 0.04651 0.04651 0.13953 0.00000 0.06977 0.00000 0.04651 0.00000 0.02326 0.04651 0.04651
GNM14252                       0.04651 0.16279 0.02326 0.04651 0.09302 0.02326 0.02326 0.09302 0.02326 0.02326 0.06977 0.11628 0.02326 0.06977 0.00000 0.04651 0.02326 0.02326 0.02326 0.04651
GNM13760                       0.04651 0.16279 0.02326 0.04651 0.09302 0.02326 0.02326 0.09302 0.02326 0.02326 0.06977 0.11628 0.02326 0.06977 0.00000 0.04651 0.02326 0.02326 0.02326 0.04651
GNM13982                       0.04651 0.13953 0.02326 0.02326 0.09302 0.04651 0.04651 0.09302 0.00000 0.02326 0.09302 0.11628 0.02326 0.06977 0.00000 0.02326 0.04651 0.02326 0.02326 0.04651
GNM13960                       0.04651 0.16279 0.02326 0.02326 0.09302 0.02326 0.04651 0.11628 0.00000 0.06977 0.06977 0.09302 0.00000 0.04651 0.00000 0.04651 0.00000 0.02326 0.04651 0.06977
GNM14633                       0.04651 0.11628 0.02326 0.02326 0.09302 0.04651 0.04651 0.09302 0.00000 0.02326 0.09302 0.13953 0.02326 0.04651 0.00000 0.04651 0.02326 0.02326 0.04651 0.04651
GNM14853                       0.04651 0.11628 0.02326 0.02326 0.09302 0.04651 0.04651 0.09302 0.00000 0.02326 0.09302 0.13953 0.02326 0.04651 0.00000 0.04651 0.02326 0.02326 0.04651 0.04651
GNM14174                       0.06977 0.16279 0.02326 0.00000 0.09302 0.00000 0.04651 0.09302 0.02326 0.02326 0.06977 0.13953 0.00000 0.04651 0.06977 0.00000 0.00000 0.00000 0.09302 0.04651
GNM14055                       0.04651 0.18605 0.02326 0.02326 0.09302 0.04651 0.02326 0.09302 0.02326 0.04651 0.04651 0.06977 0.00000 0.06977 0.00000 0.06977 0.04651 0.02326 0.02326 0.04651
GNM14748                       0.04651 0.16279 0.02326 0.04651 0.09302 0.02326 0.02326 0.09302 0.02326 0.02326 0.06977 0.11628 0.02326 0.06977 0.00000 0.04651 0.02326 0.02326 0.02326 0.04651
GNM14640                       0.02326 0.18605 0.00000 0.00000 0.09302 0.02326 0.06977 0.11628 0.00000 0.04651 0.04651 0.13953 0.00000 0.04651 0.04651 0.02326 0.00000 0.00000 0.09302 0.04651
GNM14965                       0.04651 0.09302 0.02326 0.02326 0.09302 0.06977 0.02326 0.11628 0.02326 0.02326 0.13953 0.11628 0.02326 0.06977 0.00000 0.02326 0.02326 0.02326 0.02326 0.02326
GNM13677                       0.02326 0.13953 0.02326 0.00000 0.09302 0.02326 0.02326 0.13953 0.02326 0.11628 0.04651 0.11628 0.00000 0.04651 0.02326 0.00000 0.00000 0.00000 0.06977 0.09302
GNM14593                       0.02326 0.13953 0.02326 0.02326 0.09302 0.00000 0.02326 0.11628 0.00000 0.06977 0.06977 0.16279 0.00000 0.04651 0.02326 0.02326 0.00000 0.00000 0.06977 0.09302
GNM13825                       0.04651 0.16279 0.02326 0.00000 0.09302 0.00000 0.02326 0.11628 0.00000 0.06977 0.04651 0.13953 0.02326 0.04651 0.02326 0.00000 0.00000 0.00000 0.06977 0.11628
GNM14768                       0.02326 0.13953 0.02326 0.00000 0.09302 0.00000 0.04651 0.11628 0.00000 0.06977 0.06977 0.16279 0.00000 0.04651 0.02326 0.00000 0.00000 0.00000 0.06977 0.11628
GNM14776                       0.02326 0.13953 0.02326 0.00000 0.09302 0.00000 0.04651 0.11628 0.00000 0.06977 0.06977 0.16279 0.00000 0.04651 0.02326 0.00000 0.00000 0.00000 0.06977 0.11628
GNM14715                       0.04651 0.13953 0.00000 0.02326 0.09302 0.02326 0.04651 0.06977 0.02326 0.02326 0.06977 0.13953 0.00000 0.04651 0.00000 0.04651 0.02326 0.00000 0.09302 0.09302
GNM14639                       0.02326 0.16279 0.02326 0.00000 0.09302 0.04651 0.04651 0.09302 0.00000 0.06977 0.04651 0.11628 0.02326 0.09302 0.04651 0.02326 0.00000 0.00000 0.06977 0.02326
GNM13795                       0.04651 0.16279 0.02326 0.04651 0.09302 0.02326 0.02326 0.09302 0.02326 0.02326 0.06977 0.11628 0.02326 0.06977 0.00000 0.04651 0.02326 0.02326 0.02326 0.04651
GNM13993                       0.04651 0.13953 0.02326 0.00000 0.09302 0.06977 0.02326 0.13953 0.00000 0.06977 0.04651 0.11628 0.00000 0.06977 0.00000 0.04651 0.02326 0.00000 0.04651 0.04651
GNM14450                       0.02326 0.13953 0.02326 0.00000 0.09302 0.04651 0.02326 0.13953 0.00000 0.06977 0.04651 0.11628 0.02326 0.04651 0.00000 0.04651 0.02326 0.02326 0.06977 0.04651
GNM13515                       0.02326 0.11628 0.02326 0.04651 0.11628 0.02326 0.02326 0.09302 0.02326 0.02326 0.06977 0.16279 0.00000 0.09302 0.00000 0.06977 0.00000 0.02326 0.02326 0.04651
GNM14959                       0.06977 0.20930 0.00000 0.00000 0.09302 0.04651 0.04651 0.09302 0.00000 0.04651 0.06977 0.09302 0.00000 0.04651 0.02326 0.00000 0.00000 0.00000 0.09302 0.06977
GNM13413                       0.09302 0.11628 0.00000 0.00000 0.09302 0.06977 0.02326 0.11628 0.00000 0.04651 0.04651 0.09302 0.00000 0.04651 0.00000 0.00000 0.04651 0.00000 0.11628 0.09302
GNM15005                       0.04651 0.13953 0.02326 0.02326 0.09302 0.02326 0.04651 0.11628 0.00000 0.06977 0.06977 0.11628 0.00000 0.04651 0.00000 0.04651 0.00000 0.02326 0.04651 0.06977
GNM14994                       0.04651 0.16279 0.02326 0.04651 0.09302 0.02326 0.02326 0.09302 0.02326 0.02326 0.06977 0.11628 0.02326 0.06977 0.00000 0.04651 0.02326 0.02326 0.02326 0.04651
GNM15013                       0.04651 0.16279 0.00000 0.02326 0.09302 0.02326 0.04651 0.11628 0.00000 0.06977 0.06977 0.09302 0.02326 0.04651 0.00000 0.04651 0.00000 0.02326 0.04651 0.06977
GNM15014                       0.04651 0.11628 0.02326 0.00000 0.09302 0.02326 0.04651 0.09302 0.02326 0.04651 0.06977 0.16279 0.00000 0.06977 0.00000 0.04651 0.00000 0.02326 0.04651 0.06977
GNM14995                       0.04651 0.16279 0.02326 0.02326 0.09302 0.02326 0.04651 0.09302 0.02326 0.02326 0.04651 0.11628 0.00000 0.09302 0.00000 0.04651 0.00000 0.02326 0.02326 0.09302
GNM14999                       0.04651 0.16279 0.04651 0.02326 0.09302 0.02326 0.04651 0.09302 0.00000 0.09302 0.06977 0.09302 0.00000 0.04651 0.00000 0.02326 0.02326 0.02326 0.04651 0.04651
GNM15025                       0.04651 0.13953 0.02326 0.00000 0.09302 0.02326 0.04651 0.09302 0.00000 0.04651 0.06977 0.13953 0.00000 0.06977 0.00000 0.04651 0.02326 0.02326 0.04651 0.06977
GNM14980                       0.04651 0.16279 0.02326 0.04651 0.09302 0.02326 0.02326 0.09302 0.02326 0.02326 0.06977 0.11628 0.02326 0.06977 0.00000 0.04651 0.02326 0.02326 0.02326 0.04651
GNM15000                       0.04651 0.16279 0.02326 0.04651 0.09302 0.02326 0.02326 0.09302 0.02326 0.02326 0.06977 0.11628 0.02326 0.06977 0.00000 0.04651 0.02326 0.02326 0.02326 0.04651
GNM15027                       0.06977 0.13953 0.02326 0.00000 0.09302 0.02326 0.04651 0.09302 0.00000 0.00000 0.09302 0.18605 0.02326 0.06977 0.02326 0.00000 0.00000 0.02326 0.04651 0.04651
GNM11003                       0.06977 0.11628 0.00000 0.00000 0.09302 0.06977 0.06977 0.11628 0.02326 0.04651 0.06977 0.11628 0.00000 0.04651 0.00000 0.02326 0.00000 0.00000 0.06977 0.06977
GNM11023                       0.06977 0.16279 0.02326 0.00000 0.09302 0.09302 0.02326 0.11628 0.00000 0.04651 0.06977 0.09302 0.02326 0.04651 0.04651 0.00000 0.02326 0.00000 0.04651 0.02326
GNM11055                       0.04651 0.16279 0.02326 0.00000 0.09302 0.02326 0.06977 0.13953 0.00000 0.02326 0.09302 0.06977 0.02326 0.06977 0.00000 0.02326 0.02326 0.00000 0.06977 0.04651
GNM11146                       0.04651 0.20930 0.00000 0.00000 0.09302 0.02326 0.04651 0.11628 0.00000 0.02326 0.09302 0.06977 0.02326 0.06977 0.02326 0.02326 0.02326 0.00000 0.04651 0.06977
GNM11220                       0.04651 0.11628 0.00000 0.00000 0.09302 0.04651 0.04651 0.11628 0.00000 0.04651 0.06977 0.16279 0.02326 0.06977 0.04651 0.02326 0.00000 0.00000 0.04651 0.04651
GNM11222                       0.02326 0.16279 0.02326 0.00000 0.09302 0.04651 0.02326 0.11628 0.02326 0.04651 0.09302 0.13953 0.00000 0.04651 0.06977 0.02326 0.00000 0.00000 0.02326 0.04651
GNM11223                       0.02326 0.20930 0.00000 0.00000 0.09302 0.02326 0.06977 0.11628 0.00000 0.02326 0.06977 0.11628 0.00000 0.04651 0.04651 0.02326 0.00000 0.00000 0.09302 0.04651
GNM11224                       0.02326 0.18605 0.00000 0.00000 0.09302 0.02326 0.06977 0.11628 0.00000 0.02326 0.06977 0.13953 0.02326 0.06977 0.04651 0.02326 0.00000 0.00000 0.06977 0.02326
GNM11360                       0.04651 0.13953 0.02326 0.04651 0.09302 0.02326 0.02326 0.09302 0.02326 0.04651 0.04651 0.13953 0.02326 0.06977 0.00000 0.04651 0.02326 0.02326 0.02326 0.04651
GNM11362                       0.04651 0.16279 0.00000 0.02326 0.09302 0.04651 0.04651 0.09302 0.00000 0.06977 0.06977 0.16279 0.00000 0.04651 0.00000 0.02326 0.00000 0.02326 0.06977 0.02326
GNM11367                       0.04651 0.13953 0.02326 0.02326 0.09302 0.04651 0.04651 0.09302 0.00000 0.02326 0.09302 0.11628 0.02326 0.06977 0.00000 0.02326 0.04651 0.02326 0.02326 0.04651
GNM11377                       0.04651 0.13953 0.02326 0.00000 0.09302 0.04651 0.04651 0.11628 0.02326 0.02326 0.11628 0.11628 0.02326 0.06977 0.00000 0.02326 0.00000 0.02326 0.02326 0.04651
GNM11380                       0.04651 0.13953 0.00000 0.06977 0.09302 0.02326 0.02326 0.09302 0.02326 0.02326 0.06977 0.11628 0.00000 0.09302 0.00000 0.04651 0.02326 0.02326 0.02326 0.06977
GNM11383                       0.04651 0.11628 0.04651 0.00000 0.09302 0.02326 0.04651 0.09302 0.04651 0.06977 0.04651 0.11628 0.02326 0.06977 0.00000 0.04651 0.00000 0.02326 0.04651 0.04651
GNM11491                       0.04651 0.16279 0.00000 0.04651 0.09302 0.02326 0.02326 0.09302 0.02326 0.02326 0.06977 0.11628 0.02326 0.06977 0.00000 0.04651 0.00000 0.02326 0.04651 0.06977
GNM11804                       0.09302 0.18605 0.02326 0.00000 0.09302 0.02326 0.04651 0.11628 0.00000 0.04651 0.04651 0.11628 0.00000 0.06977 0.02326 0.00000 0.00000 0.00000 0.06977 0.04651
GNM12895                       0.02326 0.13953 0.02326 0.00000 0.09302 0.04651 0.02326 0.13953 0.00000 0.06977 0.04651 0.11628 0.02326 0.04651 0.00000 0.04651 0.02326 0.02326 0.06977 0.04651
GNM13061                       0.04651 0.13953 0.00000 0.00000 0.09302 0.04651 0.02326 0.11628 0.00000 0.02326 0.04651 0.11628 0.04651 0.04651 0.09302 0.00000 0.00000 0.00000 0.09302 0.06977
GNM13064                       0.04651 0.13953 0.02326 0.00000 0.09302 0.06977 0.02326 0.13953 0.00000 0.06977 0.04651 0.11628 0.00000 0.06977 0.00000 0.04651 0.02326 0.00000 0.04651 0.04651
GNM13066                       0.04651 0.13953 0.02326 0.02326 0.09302 0.06977 0.02326 0.11628 0.00000 0.09302 0.04651 0.11628 0.00000 0.09302 0.00000 0.04651 0.00000 0.00000 0.04651 0.02326
GNM11032                       0.04651 0.16279 0.02326 0.00000 0.09302 0.00000 0.02326 0.11628 0.00000 0.04651 0.09302 0.16279 0.00000 0.04651 0.02326 0.00000 0.00000 0.00000 0.06977 0.09302
GNM11034                       0.04651 0.16279 0.02326 0.00000 0.09302 0.02326 0.02326 0.11628 0.00000 0.06977 0.04651 0.13953 0.02326 0.04651 0.02326 0.00000 0.00000 0.00000 0.06977 0.09302
GNM11363                       0.04651 0.16279 0.00000 0.02326 0.09302 0.04651 0.04651 0.09302 0.00000 0.06977 0.06977 0.16279 0.00000 0.04651 0.00000 0.02326 0.00000 0.02326 0.06977 0.02326
GNM11375                       0.04651 0.16279 0.02326 0.04651 0.09302 0.02326 0.02326 0.09302 0.02326 0.02326 0.06977 0.11628 0.02326 0.06977 0.00000 0.04651 0.02326 0.02326 0.02326 0.04651
GNM11799                       0.04651 0.11628 0.02326 0.00000 0.09302 0.02326 0.04651 0.09302 0.02326 0.02326 0.09302 0.16279 0.02326 0.06977 0.00000 0.04651 0.00000 0.02326 0.04651 0.04651
GNM11931                       0.04651 0.11628 0.00000 0.02326 0.09302 0.04651 0.11628 0.13953 0.02326 0.04651 0.04651 0.06977 0.02326 0.04651 0.00000 0.02326 0.04651 0.02326 0.04651 0.02326
GNM12040                       0.04651 0.13953 0.00000 0.04651 0.09302 0.04651 0.04651 0.11628 0.06977 0.02326 0.04651 0.06977 0.02326 0.04651 0.00000 0.02326 0.04651 0.00000 0.06977 0.04651
GNM12071                       0.04651 0.16279 0.02326 0.09302 0.09302 0.02326 0.04651 0.06977 0.04651 0.02326 0.04651 0.06977 0.02326 0.04651 0.00000 0.04651 0.04651 0.00000 0.04651 0.04651
GNM12125                       0.06977 0.16279 0.00000 0.00000 0.09302 0.04651 0.02326 0.11628 0.00000 0.02326 0.09302 0.09302 0.02326 0.04651 0.00000 0.02326 0.00000 0.00000 0.09302 0.09302
GNM12126                       0.06977 0.18605 0.00000 0.00000 0.09302 0.04651 0.02326 0.11628 0.00000 0.02326 0.06977 0.09302 0.00000 0.06977 0.02326 0.00000 0.04651 0.00000 0.09302 0.04651
GNM12128                       0.06977 0.16279 0.00000 0.00000 0.09302 0.06977 0.04651 0.11628 0.00000 0.06977 0.02326 0.06977 0.02326 0.04651 0.00000 0.00000 0.00000 0.00000 0.09302 0.11628
GNM12182                       0.04651 0.13953 0.00000 0.00000 0.09302 0.06977 0.04651 0.11628 0.02326 0.04651 0.06977 0.09302 0.00000 0.04651 0.02326 0.02326 0.00000 0.00000 0.09302 0.06977
GNM12346                       0.04651 0.11628 0.02326 0.02326 0.09302 0.02326 0.02326 0.16279 0.02326 0.02326 0.02326 0.09302 0.02326 0.06977 0.00000 0.04651 0.00000 0.00000 0.06977 0.11628
GNM12351                       0.04651 0.11628 0.04651 0.02326 0.09302 0.00000 0.06977 0.13953 0.04651 0.04651 0.04651 0.09302 0.02326 0.06977 0.00000 0.00000 0.02326 0.00000 0.06977 0.04651
GNM12356                       0.02326 0.06977 0.02326 0.00000 0.09302 0.04651 0.02326 0.13953 0.00000 0.09302 0.04651 0.18605 0.02326 0.06977 0.00000 0.06977 0.00000 0.00000 0.09302 0.00000
GNM12357                       0.02326 0.09302 0.02326 0.00000 0.09302 0.04651 0.02326 0.13953 0.00000 0.04651 0.09302 0.18605 0.00000 0.09302 0.02326 0.02326 0.02326 0.00000 0.04651 0.02326
GNM12366                       0.02326 0.09302 0.00000 0.02326 0.09302 0.04651 0.02326 0.13953 0.00000 0.04651 0.09302 0.18605 0.00000 0.06977 0.02326 0.02326 0.02326 0.00000 0.06977 0.02326
GNM12373                       0.04651 0.11628 0.04651 0.00000 0.09302 0.11628 0.02326 0.11628 0.00000 0.02326 0.04651 0.09302 0.04651 0.06977 0.02326 0.00000 0.02326 0.02326 0.06977 0.02326
GNM12385                       0.04651 0.13953 0.04651 0.00000 0.09302 0.02326 0.04651 0.13953 0.00000 0.04651 0.02326 0.11628 0.04651 0.09302 0.00000 0.02326 0.00000 0.02326 0.04651 0.04651
GNM12551                       0.06977 0.18605 0.00000 0.00000 0.09302 0.04651 0.06977 0.13953 0.00000 0.04651 0.02326 0.11628 0.04651 0.06977 0.00000 0.00000 0.00000 0.00000 0.04651 0.04651
GNM12554                       0.04651 0.13953 0.02326 0.00000 0.09302 0.04651 0.04651 0.11628 0.02326 0.04651 0.02326 0.13953 0.09302 0.06977 0.00000 0.00000 0.00000 0.02326 0.04651 0.02326
GNM12592                       0.04651 0.16279 0.02326 0.00000 0.09302 0.02326 0.09302 0.13953 0.00000 0.04651 0.04651 0.11628 0.04651 0.06977 0.00000 0.00000 0.00000 0.00000 0.06977 0.02326
GNM12596                       0.02326 0.11628 0.02326 0.02326 0.09302 0.00000 0.09302 0.11628 0.04651 0.06977 0.04651 0.11628 0.02326 0.04651 0.00000 0.02326 0.02326 0.00000 0.06977 0.04651
GNM12602                       0.02326 0.11628 0.04651 0.04651 0.09302 0.00000 0.04651 0.11628 0.04651 0.06977 0.04651 0.09302 0.02326 0.04651 0.00000 0.02326 0.02326 0.00000 0.06977 0.06977
GNM12665                       0.02326 0.11628 0.02326 0.04651 0.09302 0.00000 0.09302 0.11628 0.04651 0.06977 0.04651 0.09302 0.02326 0.04651 0.00000 0.04651 0.00000 0.00000 0.06977 0.04651
GNM12745                       0.11628 0.16279 0.02326 0.00000 0.09302 0.02326 0.02326 0.09302 0.00000 0.06977 0.04651 0.13953 0.02326 0.04651 0.02326 0.02326 0.00000 0.00000 0.06977 0.02326
GNM12749                       0.02326 0.13953 0.02326 0.00000 0.09302 0.02326 0.04651 0.11628 0.02326 0.04651 0.09302 0.09302 0.02326 0.11628 0.02326 0.02326 0.02326 0.02326 0.02326 0.02326
GNM12758                       0.06977 0.16279 0.00000 0.00000 0.09302 0.02326 0.02326 0.09302 0.00000 0.02326 0.11628 0.13953 0.02326 0.04651 0.04651 0.04651 0.00000 0.00000 0.06977 0.02326
GNM12763                       0.04651 0.11628 0.00000 0.00000 0.09302 0.02326 0.02326 0.13953 0.00000 0.06977 0.04651 0.18605 0.04651 0.06977 0.04651 0.02326 0.00000 0.00000 0.04651 0.02326
GNM12766                       0.04651 0.16279 0.02326 0.00000 0.09302 0.02326 0.02326 0.13953 0.00000 0.06977 0.09302 0.13953 0.00000 0.04651 0.02326 0.00000 0.00000 0.02326 0.06977 0.02326
GNM12849                       0.04651 0.13953 0.02326 0.02326 0.09302 0.02326 0.04651 0.09302 0.02326 0.02326 0.06977 0.13953 0.02326 0.06977 0.00000 0.04651 0.02326 0.02326 0.02326 0.04651
GNM12869                       0.04651 0.16279 0.02326 0.04651 0.09302 0.02326 0.02326 0.09302 0.02326 0.04651 0.04651 0.11628 0.02326 0.06977 0.00000 0.04651 0.02326 0.02326 0.02326 0.04651
GNM12896                       0.04651 0.13953 0.00000 0.06977 0.09302 0.02326 0.02326 0.09302 0.02326 0.02326 0.06977 0.11628 0.00000 0.09302 0.00000 0.04651 0.02326 0.02326 0.02326 0.06977
GNM12897                       0.04651 0.13953 0.02326 0.04651 0.09302 0.02326 0.04651 0.09302 0.02326 0.02326 0.06977 0.11628 0.00000 0.09302 0.00000 0.04651 0.02326 0.02326 0.02326 0.04651
GNM12902                       0.02381 0.19048 0.04762 0.00000 0.09524 0.04762 0.04762 0.14286 0.02381 0.04762 0.02381 0.07143 0.02381 0.07143 0.02381 0.00000 0.02381 0.00000 0.04762 0.04762
GNM12903                       0.04651 0.16279 0.00000 0.00000 0.09302 0.02326 0.04651 0.09302 0.00000 0.04651 0.09302 0.13953 0.00000 0.04651 0.04651 0.02326 0.00000 0.00000 0.09302 0.04651
GNM12906                       0.04651 0.16279 0.02326 0.00000 0.09302 0.02326 0.04651 0.09302 0.00000 0.04651 0.09302 0.13953 0.00000 0.06977 0.04651 0.02326 0.00000 0.00000 0.04651 0.04651
GNM12907                       0.04651 0.16279 0.00000 0.00000 0.09302 0.00000 0.04651 0.09302 0.00000 0.04651 0.09302 0.13953 0.00000 0.04651 0.04651 0.02326 0.00000 0.00000 0.09302 0.06977
GNM12909                       0.04651 0.18605 0.00000 0.00000 0.09302 0.02326 0.04651 0.09302 0.00000 0.06977 0.06977 0.11628 0.00000 0.04651 0.04651 0.02326 0.00000 0.00000 0.09302 0.04651
GNM12915                       0.04651 0.18605 0.00000 0.00000 0.09302 0.00000 0.02326 0.11628 0.04651 0.09302 0.06977 0.11628 0.02326 0.06977 0.06977 0.00000 0.00000 0.00000 0.02326 0.02326
GNM10046                       0.04651 0.18605 0.00000 0.00000 0.09302 0.02326 0.02326 0.11628 0.02326 0.09302 0.06977 0.11628 0.02326 0.06977 0.06977 0.00000 0.00000 0.00000 0.02326 0.02326
GNM12918                       0.04651 0.18605 0.00000 0.00000 0.09302 0.00000 0.02326 0.11628 0.04651 0.09302 0.06977 0.11628 0.02326 0.06977 0.06977 0.00000 0.00000 0.00000 0.02326 0.02326
GNM12931                       0.04651 0.11628 0.00000 0.00000 0.09302 0.04651 0.02326 0.11628 0.00000 0.06977 0.06977 0.13953 0.00000 0.06977 0.02326 0.04651 0.00000 0.00000 0.09302 0.04651
GNM12938                       0.04651 0.13953 0.00000 0.00000 0.09302 0.06977 0.04651 0.11628 0.00000 0.02326 0.06977 0.09302 0.02326 0.06977 0.02326 0.02326 0.02326 0.00000 0.06977 0.06977
GNM12996                       0.06977 0.11628 0.00000 0.00000 0.09302 0.09302 0.06977 0.11628 0.00000 0.04651 0.04651 0.09302 0.00000 0.04651 0.00000 0.02326 0.00000 0.00000 0.11628 0.06977
GNM13018                       0.04651 0.11628 0.00000 0.00000 0.09302 0.09302 0.06977 0.11628 0.00000 0.04651 0.04651 0.09302 0.00000 0.04651 0.00000 0.04651 0.00000 0.00000 0.11628 0.06977
GNM13027                       0.04651 0.13953 0.00000 0.00000 0.09302 0.06977 0.06977 0.11628 0.00000 0.02326 0.04651 0.09302 0.02326 0.04651 0.00000 0.02326 0.02326 0.00000 0.09302 0.09302
GNM13074                       0.04651 0.20930 0.00000 0.00000 0.09302 0.00000 0.02326 0.11628 0.04651 0.09302 0.06977 0.09302 0.04651 0.06977 0.06977 0.00000 0.00000 0.00000 0.02326 0.00000
GNM10010                       0.04651 0.16279 0.00000 0.00000 0.09302 0.00000 0.02326 0.11628 0.04651 0.06977 0.06977 0.13953 0.04651 0.06977 0.06977 0.00000 0.00000 0.00000 0.02326 0.02326
GNM10014                       0.04651 0.16279 0.00000 0.00000 0.09302 0.00000 0.02326 0.11628 0.04651 0.06977 0.06977 0.13953 0.04651 0.06977 0.06977 0.00000 0.00000 0.00000 0.02326 0.02326
GNM13090                       0.04651 0.16279 0.00000 0.00000 0.09302 0.00000 0.02326 0.11628 0.04651 0.09302 0.06977 0.13953 0.02326 0.06977 0.06977 0.00000 0.00000 0.00000 0.02326 0.02326
GNM13118                       0.04651 0.18605 0.02326 0.00000 0.09302 0.00000 0.06977 0.11628 0.00000 0.09302 0.04651 0.13953 0.00000 0.04651 0.00000 0.02326 0.00000 0.00000 0.06977 0.04651
GNM13126                       0.02381 0.14286 0.00000 0.02381 0.09524 0.04762 0.04762 0.14286 0.04762 0.04762 0.07143 0.09524 0.00000 0.04762 0.02381 0.00000 0.02381 0.00000 0.07143 0.04762
GNM13128                       0.02381 0.11905 0.00000 0.02381 0.09524 0.04762 0.04762 0.14286 0.04762 0.04762 0.07143 0.11905 0.00000 0.04762 0.02381 0.00000 0.02381 0.00000 0.07143 0.04762
GNM13208                       0.04651 0.23256 0.00000 0.02326 0.09302 0.00000 0.06977 0.11628 0.00000 0.06977 0.06977 0.06977 0.04651 0.04651 0.00000 0.00000 0.02326 0.00000 0.06977 0.02326
GNM13210                       0.06977 0.09302 0.00000 0.00000 0.09302 0.09302 0.04651 0.13953 0.02326 0.06977 0.04651 0.09302 0.00000 0.04651 0.00000 0.00000 0.02326 0.00000 0.09302 0.06977
GNM12773                       0.04651 0.18605 0.04651 0.00000 0.09302 0.02326 0.04651 0.09302 0.02326 0.04651 0.06977 0.09302 0.00000 0.04651 0.04651 0.02326 0.00000 0.00000 0.09302 0.02326
GNM12769                       0.02326 0.13953 0.04651 0.00000 0.09302 0.02326 0.04651 0.11628 0.00000 0.04651 0.04651 0.13953 0.02326 0.09302 0.04651 0.04651 0.00000 0.00000 0.04651 0.02326
GNM12768                       0.04651 0.18605 0.02326 0.00000 0.09302 0.02326 0.02326 0.13953 0.00000 0.04651 0.06977 0.13953 0.00000 0.04651 0.04651 0.02326 0.00000 0.00000 0.06977 0.02326

Homogeneity statistic: X2 = 31.81552 G = 34.94546 

Average                        0.04600 0.14935 0.01659 0.01407 0.09343 0.03229 0.03986 0.11093 0.01425 0.04816 0.06530 0.12067 0.01659 0.06169 0.01677 0.02652 0.01227 0.00920 0.05556 0.05051
(Ambiguity characters are used to calculate freqs.)


# constant sites:      7 (16.28%)

TREE #  1:  ((((((((40, 126), 113), (52, 79)), 80), 81), (((115, 116), (82, 51)), (114, 117))), ((((((107, 106), 109), 108), 125), (54, 39)), 122)), (((((((((((((((((41, (43, 20)), 46), (44, 75)), 47), 45), 24), (((61, 19), (22, 21)), 38)), ((((((49, 48), 102), (17, 5)), (((42, (25, 35)), (6, 4)), (74, 18))), ((8, 59), 101)), 65)), (64, 16)), ((103, 63), 104)), (((3, (62, 11)), 27), 12)), (67, 37)), (73, 60)), ((((36, 69), 70), 13), ((33, 10), 50))), ((1, 68), 34)), ((((31, 32), 29), (2, 28)), (((72, 9), 30), 71))), ((((26, (127, 23)), (57, 58)), ((128, 56), 129)), ((15, 14), 55))), (((((((((((95, 93), 94), 84), 92), 83), (((91, 89), 97), 88)), (((77, 7), 78), 76)), (53, 66)), ((124, 123), 105)), (((((87, 86), 85), 100), ((96, 98), 99)), 90)), ((((119, 120), 121), 118), ((112, 110), 111))));   MP score: -1
lnL(ntime:255  np:256):  -3215.922798      +0.000000
 130..131 131..132 132..133 133..134 134..135 135..136 136..137 137..40  137..126 136..113 135..138 138..52  138..79  134..80  133..81  132..139 139..140 140..141 141..115 141..116 140..142 142..82  142..51  139..143 143..114 143..117 131..144 144..145 145..146 146..147 147..148 148..149 149..107 149..106 148..109 147..108 146..125 145..150 150..54  150..39  144..122 130..151 151..152 152..153 153..154 154..155 155..156 156..157 157..158 158..159 159..160 160..161 161..162 162..163 163..164 164..165 165..166 166..167 167..41  167..168 168..43  168..20  166..46  165..169 169..44  169..75  164..47  163..45  162..24  161..170 170..171 171..172 172..61  172..19  171..173 173..22  173..21  170..38  160..174 174..175 175..176 176..177 177..178 178..179 179..49  179..48  178..102 177..180 180..17  180..5   176..181 181..182 182..183 183..42  183..184 184..25  184..35  182..185 185..6   185..4   181..186 186..74  186..18  175..187 187..188 188..8   188..59  187..101 174..65  159..189 189..64  189..16  158..190 190..191 191..103 191..63  190..104 157..192 192..193 193..194 194..3   194..195 195..62  195..11  193..27  192..12  156..196 196..67  196..37  155..197 197..73  197..60  154..198 198..199 199..200 200..201 201..36  201..69  200..70  199..13  198..202 202..203 203..33  203..10  202..50  153..204 204..205 205..1   205..68  204..34  152..206 206..207 207..208 208..209 209..31  209..32  208..29  207..210 210..2   210..28  206..211 211..212 212..213 213..72  213..9   212..30  211..71  151..214 214..215 215..216 216..217 217..26  217..218 218..127 218..23  216..219 219..57  219..58  215..220 220..221 221..128 221..56  220..129 214..222 222..223 223..15  223..14  222..55  130..224 224..225 225..226 226..227 227..228 228..229 229..230 230..231 231..232 232..233 233..234 234..95  234..93  233..94  232..84  231..92  230..83  229..235 235..236 236..237 237..91  237..89  236..97  235..88  228..238 238..239 239..240 240..77  240..7   239..78  238..76  227..241 241..53  241..66  226..242 242..243 243..124 243..123 242..105 225..244 244..245 245..246 246..247 247..248 248..87  248..86  247..85  246..100 245..249 249..250 250..96  250..98  249..99  244..90  224..251 251..252 252..253 253..254 254..119 254..120 253..121 252..118 251..255 255..256 256..112 256..110 255..111
 0.079211 0.140138 0.000000 0.104640 0.000000 0.111983 0.094615 0.131183 0.086849 0.219656 0.020524 0.178306 0.301418 0.140576 0.239284 0.149987 0.059008 0.046278 0.000000 0.023186 0.051738 0.080504 0.000000 0.071103 0.190999 0.000000 0.068217 0.040520 0.000000 0.105448 0.000000 0.000000 0.049794 0.000000 0.049996 0.027225 0.296244 0.000000 0.237880 0.151331 0.219599 0.000000 0.000000 0.071466 0.127646 0.050081 0.000000 0.060062 0.086881 0.000000 0.070679 0.000000 0.000000 0.048595 0.104049 0.000000 0.099896 0.045373 0.000000 0.022404 0.023712 0.000000 0.050753 0.028814 0.000000 0.047970 0.075126 0.026242 0.126196 0.129664 0.088321 0.029777 0.000000 0.000000 0.037801 0.000000 0.000000 0.242870 0.047583 0.000000 0.000000 0.000000 0.000000 0.000000 0.000000 0.000000 0.022279 0.000000 0.000000 0.000000 0.000000 0.000000 0.000000 0.000000 0.000000 0.000000 0.000000 0.000000 0.000000 0.000000 0.000000 0.000000 0.000000 0.022727 0.022712 0.000000 0.000000 0.021940 0.096437 0.056664 0.114747 0.063814 0.081252 0.047831 0.000000 0.000000 0.000000 0.228406 0.000000 0.052973 0.077695 0.148025 0.000000 0.000000 0.102885 0.146103 0.473331 0.000000 0.000000 0.135471 0.000000 0.000000 0.000000 0.116026 0.435534 0.047757 0.000000 0.000000 0.059754 0.110276 0.048325 0.244258 0.009150 0.070277 0.117631 0.000000 0.082999 0.010876 0.162900 0.285477 0.532648 0.000000 0.046818 0.000000 0.000000 0.000000 0.134629 0.214481 0.000000 0.024472 0.000000 0.026743 0.000000 0.023976 0.023846 0.053294 0.076411 0.000000 0.095717 0.000000 0.000000 0.108192 0.124125 0.098281 0.027624 0.023958 0.023947 0.051031 0.055455 0.000000 0.173326 0.200226 0.080929 0.062265 0.205569 0.000000 0.000000 0.086536 0.036338 0.148708 0.362810 0.000000 0.000000 0.000000 0.122556 0.000000 0.102847 0.095972 0.000000 0.045667 0.000000 0.069307 0.053794 0.037526 0.250533 0.198506 0.000000 0.000000 0.186997 0.216477 0.205137 0.148958 0.523827 0.000000 0.000000 0.025963 0.171844 0.209278 0.250010 0.035889 0.162696 0.109198 0.447073 0.189433 0.025162 0.000000 0.254403 0.000000 0.000000 0.271392 0.228650 0.017478 0.025738 0.022772 0.240422 0.159877 0.077836 0.304028 0.108438 0.060457 0.093945 0.120013 0.235688 0.000000 0.037369 0.018541 0.000000 0.000000 0.045563 0.051005 0.000000 0.000000 0.000000 0.000000 0.024853 0.805997
