
Printing out site pattern counts


       144        144  P

GNM13746                        -AAAAAAAAA ADDDDDDDDD DEEEEEEEFF FFFFGGGGGH HHIIIIIIII IIKKKKKKKK KKKKKKKKKK KLLLLLLLLL LLLLLLLLLL NNNPPPPPQR RRRSSSSSSS SSSSSSSTTT TTVVVVVVVV VVVVVVVWYY YYYY
GNM13538                        -AAAAAAAAQ SADDDDDDDD RDEEERSVAF FFIVGGGGGH HKACFIIIIM TVAEIKKKKK KKLQRRRRSV YDEILLLLLL LLLLLSVVWW DKNPPPRSKR RRRACDEEPQ RSSSSSSAET TTDDFIILST VVVVVVYWDF FYYY
GNM13876                        -AAAAAGSYR PDDDDDDDDS REAEKEAVVA FGVEAGGGGR VRLCVIVVVA -VRAL--KKM RSTRARRRRK RLRL--FILL LLLLRRGR-T D-NPPPPEN- RRRACDRSVR R-ASSSSLE- HSDEVLLVVR LLVVVVF-RF HCDY
GNM13680                        -AAAAAACAR CADDDDDDDD VEKEEREPVY IFIKGGGGGH HRVGIVIIVI AVDKVKLKKR SRAAREMRKQ TMEIKLILIL LLLLTKMRLY GRNDPPPKRR RRRSSNRDVY DSSSSSSVAP TTSGVIVITI VVIVVVYWEF NSRY
GNM14837                        -AAAAAASAK CKDDDDDDDD SDTEADLPIF LFMNGGGGGH HRLCLIIIIL VVRKYKKKKK KTKSKRIVKK SLSIKIVLLL LLLLRGVRVY NQNSPPPDKR RRRSSNNAVE SSSSSSSSEP TSKKVIILAV IVVVVVYWKY FSVY
GNM13297                        -AAAAAAAAQ SADDDDDDDD RDEEERSVAF FFIVGGGGGH HKACFIIIIM TVAEIKKKKK KKLQRRRRSV YDEILLLLLL LLLLLSVVWW DKNPPPRSKR RRRACDEEPQ RSSSSSSAET TTDDFIILST VVVVVVYWDF FYYY
GNM13455                        -AAAAAASAK CKDDDDDDDD SDMEEELPVF LFMDGGGGGH HRVCLIIIIL VVKSYKKKKK KKQLKRIKTK KLLIKIVLLL LLLLRGIRTY DQNSPPPKDR RRRSSNLAIE NSSSSSSSEP TTSKVIIITV VVVVVVYWKY FSHY
GNM14483                        --AAAAAAAR C---DDDDDD RE-E-IEPVF --IGG-GGGK H-VGVI-IVA -AEK----K- --KQK-L--E KLEI---L-L LLLLDQ-R-- --N--PPT-- -RRSCV-TPN K-S--SSVG- -SSAVIV--S IV-VVVT-RY YVY-
GNM14872                        -AAAAAACAQ CEDDDDDDDD REQEEREPVY IFIKGGGGGH HRIGIVIIVV AVESVKMKKK KRQARLVKME KIEIKMILIL LLLLIKMRLW DRNEPPRRLR RRRSSNNSVH ESSSSSSVEP TTSDVIILTT VVIVVVYWEY NHKY
GNM13855                        -AAAAAAASS CKDDDDDDDD SEEEQRDLIF IFVGGGGGGK HEIGMIIIIL VINSINCKKK KKKKVRIINK QETIFIILII LLLLDKKRVN QKNPPPPDIR RRRSSNNFLN VSSSSSSIEP TTEPVILVTV IVVIVVIWCY NYIY
GNM14445                        -AAAAGAAAN ASDDDDDDDD QEAEERKPVF FFIKGGGGGK HSLMIIIIII SLDNFKKKKK EELNKAKRNL SIEIKILLIL LLLLKAIRWW YENPPPPEKR RRRVSNGEPD KSSSSSSINT TTSKLIIVEI IVCVVVYWKL YYYY
GNM14545                        -AAAACASAK PSDDDDDDLD REDEIEGYIF VFICGGGGGH CRAAIIIILI VLDEMRSKKS SRLRREIRER IIEIRILLYL LLLLDSIRYS ETNAPPRDER RRRLSNRSPM KSSSSSSAIT TSENVVILRR VVVIIVYWER IADY
GNM14366                        -AAAAAASAA CADDDDDDDD AEEEARQAIF ICMKGGGGGH HAICVIIIVI VVKNFAKKKK KRKSRRLRKQ ELIIKIVLLL LLLLKGIRAC SQNSPPPETR RRRASNNMLE SSSSSSSSRP TTSRVLVITV VVVVVVYWRY FHHY
GNM14252                        -AAAASASAK CKDDDDDDDD SDEEALSPIF LFMKGGGGGH HRLCLIIIII VVKQYKKKKI KTKNKRIKSK SLSIKIVLLL LLLLRGVRVY DQNSPPPDKR RRRSSNKAVE KSSSSSSSNP TSRKVIILTV IVVVVVYWKY FSQY
GNM13760                        -AAAAAASAK CKDDDDDDDD SDAEAHAPVF LFMNGGGGGR HKICLIIIII VVKEYKKKKK KTKLKKIVNK SLLIKIVLLL LLLLRGVRVY DMNSPPPDKR RRRSPNKALE SSASSSSSEP TTKKVIILTV VVVVVVYWKY FSGY
GNM13982                        -AAAAAASAK CSDDDDDDDD SDMESLKAIF LYMNGGGGGY HNICIIIIII IVRKVKKKKR KKKKRRVKSE RLTIKIVLLL LLLMRGVRVV NQNKPPPENR RRRSSNKKVE ASSSSSSSEP SSKKVIIISV VVVVVVYWKY FYHY
GNM13960                        -AAAAAASAT CRDDDDDDDD SEAEALKSVF IFMKGGGGGH HGVCLIIIVI LVKEIKIKKR KKKARRITKK KLIIKLVLLL LLLLKGKRVL AQNPPPPSIR RRRSSNKKVE KSSSSSSAEP TSSKVIILSV TVVVVVFWKY FSHY
GNM14633                        -AAAAAASAK CSDDDDDDDD SDNESQKAIF LYMNGGGGGY HNICIIIIII IVRKVKKKKR KKKKRRIKSE RLTIKIVLLL LLLLRGVRVI NQNKPPPDNR RRRSSNKKVE SSSSSSSSEP SSKKVIIISV VVVVVVYWKY FFHY
GNM14853                        -AAAAAASAK CSDDDDDDDD SDNESQKAIF LYMNGGGGGY HNICIIIIII IVRKVKKKKR KKKKRRIKSE RLTIKIVLLL LLLLRGVRVI NQNKPPPDNR RRRSSNKKVE SSSSSSSSEP SSKKVIIISV VVVVVVYWKY FFHY
GNM14748                        -AAAAAASAK CKDDDDDDDD SDEEAIAPIF LFMNGGGGGH HNLCLIIIIL VIKEYKKKKK KTKSKKITKK TLSIKIVLLL LLLLRGVRVY NQNSPPSEKR RRRSSKKAVE LSSSSSSSKP TSKKVIILTV VVVVVVYWKY FSYY
GNM14246                        -AAAAAAAAR SKDDDDDDDD ADSEAQNAVF LLVDGGGGGK HRLLIIIIIL VIHKIERKKK EELRRKKKRE VLEIELLLLL LLLLKKIRAW DKNPAPPDQR RRRLALDRPH DSSASSSAEP TSKEVIIIEV IVVVVVYWEA YVRY
GNM14640                        -AAAAAAAAR SRDDDDDNDD TDSEVQDAVF IFVDGGGGGK HRLAIIIIIL VVQEIKRKKE EERRKKKNKE VLEIRLLLLL LLLLKKIRAW NKNHPPPERR RRRLSLGRPH DSSTCSSAEP TSKAVIVLEV IVVVAVYWDV YVRY
GNM14965                        -AAAAAAAAM CTDDDDDDDD CEEEENKLIY IFVGGGGGGH HRIGIVVIVI AVNEVRNKKR KKTARNVKRN HLEIKLIFIL LLLLLKMRLW DRNKPPPGFR RRRCSNKSVS ESSSSSSIEP TTNGIIIVII VVIVIVYWKF NYEY
GNM13677                        -AAAAAGSYR PGDDDDDDDS REEEKEAVVA FWVEAGGGGK VRLCVIVIIA IVRTLANKKM RLTRARRKQK KLRLTLLILL LLLLRRRRLN DENPPPPEKR RRRACDESVR RGASSSSLET TSDEVLLVVR LLVVVVFWRF HCEY
GNM14339                        -AAAAAASLR PRDDDDDDTD EESEVEETVI LFVMGGGGGH CVAVIVIIVV AVSSVRRKKE NHKSKATKQW KAKIRVLILL ILLLRRISML EDNPPPRDAR RRRAANRQPK MSASSSSLET TTGSVIIVTS VTVVVVIWEY YYTY
GNM14593                        -AAAAAALAH PKDDDDDDSD KEREEMEVTF FFVDGGGGNE HRIAIIVIIF VIEEFRNKKK EKESRELRTK VIEIWLLLLL ILLMKRRKII DNTPPPPKER RRRVSNKSPK ESAHSSSAKT TKEEVLIIHI VTVIVTYWEL YENY
GNM13825                        -AAAAAASVS PRDDDDDDYD AEAEFRKPFV -YALIGGGGR VGIAIIVVIV VIERAKRKKP ARARRRGRSE RITLRALLLL LLLMRLIRFV -ANPPPRERR RRRAANESEL RSASSSSVEA TTSEVLVITR VVVIVVYWEF YSAY
GNM14768                        -AAAAAALAG PRDDDDDDSD REEEIEEYVF FFVRGGGGGK HKVCIVVIVV IIAELRKKKR ALEIRMRKRL VLIILLLLLL ILLMKRRDIA DSNPPPPDSR RRRLAKQEPM HTSSSSSAAT TTSKVIIIET VTHVVVYWQS YSEY
GNM14776                        -AAAAAALAG PRDDDDDDSD REEELEEYVF FFVRGGGGGK HKVCIVIIVV IIAELRKKKR ALEIRMKKRL VLIILLLLLL ILLMKRRDIA DSNPPPPASR RRRLAKQEPM HTSSSSSAAT TTSKVIIIET VTHVVVYWQS YSEY
GNM14715                        -AAAAAAAAR SKDDDDDDDD REAEQSEPVF FFLGGGGGGK HKVGLIVIVA VVRKLRRKKL RAKKRRFATE KLEIKYFLLL LLLLDAVRWW DSNPPSPSSR RRRSCFEATD ESSSSSSVES TSSPVVIVEV VVVVVVIWPY FVYY
GNM14639                        -AAAAAASAS PEDDDDDDDD KEKEKSECVF IFLKGGGGGY NEVGIIIIVI VVNGLKRKKE QKLSKRLKTV VAEILIVLLL LLLLKARRLW EKNPPPPQAR RRRSSMREPI KSSSSSSVSS TSSDVIVITI IVVVVVYWSY YYYY
GNM13795                        -AAAAAASAK CKDDDDDDDD SDEESIAPIF LFMNGGGGGH HKLCLIIIIL VIKEYKKKKK KKKSKKITKK TLSIKIVLLL LLLLKGVRVY NQNSPPSEKR RRRSSKKAVE LSSSSSSSEP TSKKVIILTV VVVVVVYWKY FSNY
GNM14166                        -AAAAAASAK CSDDDDDDDD KDEEENAPIF LFVKGGGGGH HRICLIIIII VVLSLKIKKK KKQSKRLKQK SITIKLILLL LLLLKGMRIW DKNSPPPEGR RRRSSNQRPY KSSSSSSSEP TSNDVIVINV VVVVVVYWRY YHQY
GNM13993                        -AAAAAASAR CRDDDDDDDD EEVEEARPVF IFITSGGGGK HEISLIIVIA AIKDLKDKKK RQQNKRMINI SIKIKLLFLL LFLLKRRRWW NENPPPPDIR RRRTSKKKIR ESASSSSVET TSKKVIIITV IVYVIVYWKA FSEY
GNM14450                        -AAAAAASAK CDDDDDDDDD SEAEERSPVF IFVKGGGGGH HRLALIIIVI VIKKIKIKKK RNKNMRLKIE QLDISLVLLL LLLIERMRVW DRNKPPPEER RRRTSNRRVA TSSSSSSAEP TTSRVIILRT AVVVVVYWRY NSSY
GNM13515                        -AAAAAASAK CLDDDDDDDD SDHESISYVF LCMNGGGGGH HKLCVIIIII IVKELKKKKR KKKTQKIKHK KITIMIVLLL LLLLRGVRVL DQNKPPPDKR RRRTSDKSVE KSASSSSAEP TSKKVIIISV VVVVVVYWKY FNHY
GNM13745                        -AAAAAASAK CLDDDDDDDD EEYEERKPVF IFITGGGGGK HQXTIIIIVA TIIRTKKKKK RKKNKKIKKI KIKIKILFLL LFLLIKRRWW LDNNPPRNLR RRRCSKTHTK KSSSSSSAET TTEKVIILIV IVYIIVFWKA YVEY
GNM14030                        -AAAASASAK CLDDDDDDDD EEKEEIRPVF IFITCGGGGK HEIAIIIIVA ATKKLKKKKK TRKKKKLTKI SIKIKLLFIL LFLLXKRRWW NINPPPSDLR RRRVSNRKVR NSASSSSVET TSXKVIIIIV VVYVVVYWNA YAEY
GNM14959                        -AAAAAASVA PKDDDDDDDD KEEEIRAPAY FFVDIGGGGN NHMGIIIIMT VIDSVSKKKE RREGRSKRRI KMVLRLLLLL LLLMLRMRVW DRNPPPP-AR RRRVPRDNPM ESSSSSSVAT TSNSVVVVIP VVVIIVYW-F IYIY
GNM13413                        -AAAAVAEYV VGDDDDDDKD AEDENESGVV LWFVGGGGGE PGFIVIIVIG IVESYGDKKV KAAAKRLARE VITIRILLLL MLLMRRRSVI GRNPPDPPAR RRRIPYTRPC ESSSSSSIRI SERWVAEIIG A-VVLVYWSF Y-EY
GNM14971                        -AAAAAASAT CRDDDDDDDD SETEAHKSVF IFMKGGGGGH HGVCLIIIVI LVKEIKIKKR KKKARRITKK KLIIKLVLLL LLLLKGKRVL DQNPPPPRVR RRRSSNKKVE KSSSSSSAEP TSSKVIILSV TVVVVVFWKY FSHY
GNM14990                        -AAAAAASAM CRDDDDDDDD SETEARKSVF IFMKGGGGGH HGVCLIIIVI LVKEIKIKKR KKKARRITKK KLIIKLVLLL LLLLKGKRVL DQNPPPPSVR RRRSSNKKIE KSSSSSSAEP TSSKVIILSV TVVVVVFWKY FSHY
GNM15005                        -AAAAAASAM CRDDDDDDDD SETEARKSVF IFMKGGGGGH HGVCLIIIVI LVKEIKIKKR KKKARRITKK KLIIKLVLLL LLLLKGKRVL NQNPPPPSVR RRRSSNKKVE KSSSSSSAEP TSSKVIILSV TVVVVVFWKY FSHY
GNM14992                        -AAAAAASAA CRDDDDDDDD SETEARKSIF IFMKGGGGGH HRICLIIIII LVKSIKIKKR KKKTRRIKRK KQVIKLVLLL LLLLKGKRVS DQNPPPPSVR RRRTSNKKIE KSSSSSSAEP TSSKVIVLSV TVVVVVFWRY FSHY
GNM15014                        -AAAAAASAT CRDDDDDDDD SETEARKFIF IFMKGGGGGH HSVCLIIIVI LVKEIKIKKR KKKARRIKRK KLIIKLVLLL LLLLKGKRVS DKNPPPPSVR RRRSSNKKIE KSSSSSSAEP TSSKVIILSV TVVVVVFWKY FSHY
GNM14976                        -AAAAAASAT CTDDDDDDDD SEAEARKSFF IFMKGGGGGH HGVCLIIIVI SVKENENKKR KEKARRITKK KLIIELVLLL LLLLKGKRRI DTNPPPPSVT RRRSSNKKVE KESSSSSAEA TSSKVIILSV TVVVVVFLKY FSHY
GNM15022                        -A-AA-AS-- C--D-DD-D- S-R-A--S-F ---------H H-----II-- --K----K-- -----R---- ---------- ----KG-R-- ---------- R----N--VE K-S---SA-- -----I-LSV T-VV-VF--- F---
GNM14999                        -AAAAAASAA CKDDDDDDDD SEMEARKSIF IFMKGGGGGH HGVCLIIIVI TVKEKAFKKR KKKARRIKKK KQIIENELLL LLLLKGKRTN DNNPPPPSLK RRRSSNIKVE KLSSSSSAEC TSSKVIILSV TVVVVVFEKY FSHY
GNM15018                        -AAAASASAK CKDDDDDDDD SDKEALSPIF LFMKGGGGGQ HRLCLIIIII VIKKYKKKKK KTKNKRIKTK SLSIKIVLLL LLLLRGVRVY DQNLPPPDKR RRRSSNRAVE KSSSSSSSEP TSRKVIVLTV IVVVVVYWKY FSEY
GNM15024                        -AAAASASAK CKDDDDDDDD SDKEALSPIF LFMKGGGGGH HRLCLIIIII VIKKYKKKKK KTKNKRIKTK SLSIKIVLLL LLLLRGVRVY DQNLPPPDKR RRRSSNRAVE KSSSSSSSEP TSRKVIVLTV IVVVVVYWKY FSEY
GNM14980                        -AAAASASAK CKDDDDDDDD SDKEALSPIF LFMKGGGGGH HRLCLIIIII VIKKYKKKKK KTKNKRIKTK SLSIKIVLLL LLLLRGVRVY DQNLPPPDKR RRRSSNRAVE KSSSSSSSEP TSRKVIVLTV IVVVVVYWKY FSEY
GNM15000                        -AAAASASAK CKDDDDDDDD SDKEALSPIF LFMKGGGGGH HRLCLIIIII VIKKYKKKKK KTKNKRIKTK SLSIKIVLLL LLLLRGVRVY DQNLPPPDKR RRRSSNRAVE KSSSSSSSEP TSRKVIVLTV IVVVVVYWKY FSEY
GNM15026                        -AAAAAASAL CKDDDDDDDD SDTEARKPIF IFVKGGGGGH HNICLIIIII LVKNIKIKKR KKKARRIKLK KQIIKLLLLL LLLLKGKRVS DQNLPPPKMR RRRASNKKVE RSSSSSSAEP TTTKVIILSV VVVVIVYWRY FSHY
GNM15001                        -AAAASASAK CKDDDDDDDD SDKEALSPIF LFMKGGGGGH HSLCLIIIII VVKKYKKKKK KTKNKRIKTK SLSIKIVLLL LLLLRGVRVY DQNLPPPDKR RRRSSNRAVE KSSSSSSSEP TSRKVIVLTV IVVVVVYWKY FSEY
GNM15027                        -AAAAAAAAA SADDDDDDDD KDAEEREPVF FFIKGGGGGD HRLGIVIILV AVRELKRKKE KRTARAKAKL IIEIKLLLLL LLLLTKIRWW DKNPPPPEAR RRRACDDKPN ETSSSSSVAT TSSPVIIIEA IVVVAVYWEY YYLY
GNM15003                        -AAAAAASAT CRDDDDDDDD SEAEARKSVF IFMKGGGGGH HGVCLIIIVI LVKEIKIKKR KKKARRITKK KLIIKLVLLL LLLLKGKRVL DQNPPPPSVR RRRSSNKKVE KSSSSSSAEP TSSKVIILSV TVVVVVFWKY FSHY
GNM11003                        -A-AAAAKYE VEDD-DDDGD V-DTIKEEVV FW-IGG--GN FKE--IIIII I-MEYKKKKS KIIKKRSKKI KVEIRIILLL LLLMKIRILI DLNPP-RDKR R-RI-NESIK DTSSSSSVET TSKEVI-IT- E-VIVATWEF Y-EY
GNM11023                        DAAAAAAKTA YADDDDDDGD SEQVRESGFL RWLRGGGGGK ERLVVILIVV IV-GFSKKKV RRQARASERE QLEIYLVLLL ILLLRARRVV VRNPPDPEER RRRASQEGP- LTSSSSSVVT TSARVLVVVV V-VVVVVWEY Y-IY
GNM11055                        -AAAAAASKG PADEDDDDDD EEELEEKPVL FVV-GGGGGK HK-AILIIVC VIRKIKNKKR EKKRKRRRSE RLNIMLLLLL ILILKSRRVW DSNPAPQSER RKRACIEEPE ERASSSSAET TSEEVLKIEV LMVVVVYWDA YREY
GNM11146                        -AAAAAASAS PNDDDDDDDD EESEIRGPVF FAVEIGGGGH NK-AIIIIIW VIGSIRRKKR ERQGKTVRNL EIEIRMLLLL LALMSRIRIW DKNPPPPSSR RRRGPNRYPF SSSSSSSVST TTSKVIEVIP LVVVVVYWNY IYEY
GNM11219                        -AAAAAAAAG SSDDDDDDDD ADREIRVAAF FFVDGGGGGE HRVAIIIIVF IVEGFSRKKR EEARQDEKRE RIAIGILLLL LLLLRGVRVW DKNPPPPERR RRRLCNERPH ESAHSSSVET TTGEVIVLRI VVVVVVYWEA YVYY
GNM11220                        -AAASAECLK PEDDDDFDDD DEEEIRSLVF FFVAGGGGGK HRLAIIVIVL VVRNYK-KKN EVKTKRLKAI ESTIR-LLLL LLLMDLVRSV DRNPPPAKKR RRRLCNERPE KSASSSSAEL TTGEVLVVLR AVVVVVYWLY HYAY
GNM11222                        -AAAAAASAA CKDDDDDDDD ADEEAKEAVF FFIRGGGGGG HKVVIVIIIH VIRAVKRKKE REKRRQKKTL KLQVKILILL LLLLRARRLW DKNPPPPPRR RRRLSSEEPQ ETAASSSALT TTDEVIALRV IVVVVVYWEA YRFY
GNM11223                        -AAAAAAAAK SRDDDDDDDD RDAEAREAVF FFVNGGGGGK HRVCIIIIII VIRKIKRKKE RETRKRLKTE VIEIKLLLIL LLLLIGVRAW DKNVIPPERR RRRLASRRPH ESSTSSSVEP TTEEVIVLEV VVVVVVYWET YVRY
GNM11224                        -AAAAVAAAK SKDDDDDDDD RDFEEHEAVF VFVGGGGGGK HRICIIIIII VIRKIKRKKE KEMRKRLKAE VLEIKLLLIL LLLLIGIRAW DRNPAPPENR RRRLASERPH ESSASSSVET TTKKVIIVEV IVVVVVYWEA YVRY
GNM11225                        -A-AA-AAAS SRDD-DDDDD K-DEARAP-F LF-D-G--GR HRV--III-V V-RKMARKKD RETRRRLRRE ELEIRILLLL LIL-TSIRAW NRNKA-PDKR R-R--LERPH ESSSSSSARP TTRE-V-IEV VVVIVVYWEA YVRY
GNM11358                        -AAAAAAASL CFDDDDDDDD TEREETDPIF IFVGGGGGGK HEIGIIIIIF IIQQLSKKKK KRKKTRLSDK RNTIFLLLIL LLLLDKKRVH KKNPPPTDLR RRRSSKNNLS DSSSSSSIEP TTTTVILMTV IVVIIVIWPY NYVY
GNM11362                        -AAAAAAAAR CTDDDDDDDD REDEIIEPVF FFVSAGGGGK HKIAIIVIVI IVAEFKSKKG RRMSKSLRSK ILVIYLILVL LLLLDSRRIL DRNGPPRDRR RRRAAKYAVM ESGSSSSAMP TDSNVIIVTT LVVVVVYWAY NYVY
GNM11367                        -AAAAAASAK CSDDDDDDDD SDMESLKAIF LYMNGGGGGY HNICIIIIII IVRKVKKKKR KKKKRRVKSE RLTIKIVLLL LLLMRGVRVV NQNKPPPENR RRRSSNKKVE ASSSSSSSEP SSKKVIIISV VVVVVVYWKY FYHY
GNM11377                        -AAAAAACAQ CEDDDDDDDD REQEEKEPVY IFIKGGGGGH HRIGIVIIVV AVESVKTKKK KRQARFIKME KMEIKMILIL LLLLIRMRLW DRNEPPRRLR RRRSSNNSVH ESSSSSSVEP TTSDVIILTT VVIVVVYWEY NHKY
GNM11380                        -AAAAAASAQ CSDDDDDDDD RDEEERKPIF LFVKGGGGGH HRICLIIIII VVLSVKIKKK KKQSKRLKQK VIMIKLILLL LLLLKGMRVW DKNSPPPEGR RRRSSNNKPY KSSSSSSSEP TSNEVIVISV VVVVVVYWKY YNQY
GNM11383                        -AAAAAASAK CSDDDDDDDD AESEASKAIF VFMKAGGGGH HAICLIIIVI VVKKFALKKK KKKAKRIKKQ SIQIKIVLLL LLLLKGVRVW PKNPPPADQR RRRTSNNYVE ASSSSSSSEP TSSKVIVITV VVVVVVYWKY FANY
GNM11491                        -AAAAAASAK CNDDDDDDDD DEEESSSPVF VFLRGGGGGR HRMCVVIIII VVGNYRLKKR KRKARRVRKE KMVIRIVLLL LLLLRGVRAY DRNRPPRKGR RRRASNGRVR RSSSSSSTEP TTNPVVVLAV IVVVVVYWRY FSDY
GNM11804                        -AAAACGSKE FKDDDDEDDN -EELIEKPVL FWVDGGGGGE HKVAILIIVC VIEEIKNKKE RERKKEKKRK KLELKLLLLL ILILRERRVQ DENEAPPERR RKRSPKESVE ERASSSSVKT TSKEVLIILV VMCVVVFWEA EKEY
GNM11805                        -AAAAAASEG FKDDDDDDDD EEDEESIELL FFLSIGGGGK HH-CIIIIMG VISSLKSKKK KKKRARQRNR EIELHMVLLL LLLMIQIRYA DKNPPPPDNR RRRCPNNRPL LQSSSSSVET TSEAVLEIIV CVVVVVYWRF YYVY
GNM12886                        -AAAAAACAR CADDDDDDDD VEQEEREPVY IFIRGGGGGH HRIGIVIIVI AVDKVKLKKH SRAAKEMRKE TMEIKLILIL LLLLISMRLY TRNDPPPRRR RRRSSNRDVY ISSSSSSVAP TTSGVIVITV VVIVVVYWEF NNRY
GNM12892                        -AAAAAAAAM CTDDDDDDDD CEEEENKLIY IFVGGGGGGH HRIGIVVIVI AVNGVRIKKR KKTARNVKRN HLEIKMIFIL LLLLLKMRLW DRNKPPPGFR RRRSSNKNVS KSSSSSSIEP TTIGVIIVII VVIVIVYWKF NYEY
GNM12895                        -AAAAAASAK CDDDDDDDDD SEAEERSPVF IFVKGGGGGH HRLALIIIVI VIKKIKIKKK RNKNMRLKIE QLDISLVLLL LLLIERMRVW DRNKPPPEER RRRTSNRRVA TSSSSSSAEP TTSRVIILRT AVVVVVYWRY NSSY
GNM13061                        -AAAAAAAAK ARDDDDDDSD KEEEREREVF FFLDGGGGGY HQVIIIIIVA VIASGKRKKM SELRRKLIAM LLLIALILLL LLLLNGRALM DKNPPPK-ER RRRSSNRAAD ASSSSSSAET TSTHVIIITV VVVVVVVW-F YYAY
GNM13064                        -AAAAAASAR CKDDDDDDDD EEVEEARPVF IFITSGGGGK HEISLIIVIA AIKDLKDKKK RQQNKRMINI SIKIKLLFLL LFLLKRRRWW NENPPPPDIR RRRTSKKKIR ESASSSSVET TSKKVIIITV IVYVIVYWKA FSEY
GNM13066                        -AAAAAASAK CIDDDDDDDD EELEEIKPVF IFIICGGGGK HEISIIIIIA TVQEVKDKKK RRKNKKMIKI SLKIKLLLLV LFLLRKRRWW NINPPPPDKR RRRTSNEKIR ESASSSSIET TTKKVIVINV IVFVVVYWKS YAEY
GNM11032                        -AAAAAASAR PRDDDDDDVD AESELESAVL IYVNGGGGGH CALCIIIIVL LVESIRRKKT ERRKRKLKRQ ELTIMLVILL ILLMNRRPIT EDNPPPQPER RRRAADNRTL ESASSSSLET TSSQVLVVNI VTVVVVIWEY YYAY
GNM11034                        -AAAAAASVA PADDDDDDYD AESESRRPFV -FARIGGGGR VGVAIIVIVI VIERAREKKS AKAARRLRRQ RIELRALIIL LLLMRFRRFV -RSPPPREKR RRRAANEAEL KSSSSSSVES TTVEVLMILR VVVIVVYWGY YSAY
GNM11363                        -AAAAAAAAR CTDDDDDDDD REDEIIEPVF FFVSAGGGGK HKIAIIVIVI IVAEFKSKKG RRMSKSLRSK ILVIYLILVL LLLLDSRRIL DRNGPPRDRR RRRAAKYAVM ESGSSSSAMP TDSNVIIVTT LVVVVVYWAY NYVY
GNM11375                        -AAAAAASAK CKDDDDDDDD SDAEAHAPVF LFMNGGGGGR HRMCLIIIII VIKEYKKKKK KTKLKKIINK SLLIKIVLLL LLLLRGVRVY DLNSPPPDKR RRRSPNKAVE TSSSSSSSEP TTKKVIILTV VVVVVVYWKY FSGY
GNM11381                        -AAAAAASLK CLDDDDDDDD SEAEATKAIF VFMKAGGGGH HAICLIIIVI VVKKFALKKS KKKTKRIKQK EIQIKIVLLL LLLLKGVRSW PKNSPPPELR RRRASNNLVE TSSSSSSSEP TSSKVIVITV VVVVVVYWKY FANY
GNM11382                        -AAAAAASAS CLDDDDDDDD NEEEAYHPIF VFMKGGGGGH HNVCIIIIVI VVKGFAVKKK KRKARRTRAK TLAIKIVLIL LLLLKGVRVW SKNDPPPERR RRRSSNDDVE VSSSSSSSAP TTSKVIVVTV VVVVVVYWKY FSHY
GNM11799                        -AAAAAASAA CRDDDDDDDD SETEARKSIF IFMKGGGGGH HKICLIIIII LVKSIKIKKR KKKTRRIKRK KQVIKLVLLL LLLLKGKRVS DQNPPPPNVR RRRTSNKKIE KSSSSSSAEP TSSKVIVLSV TVVVIVFWRY FSHY
GNM11841                        -AAAAAAAVE GDDDDDDDDD EEATHR-AVF VFVAAGGGGG HALFLIVIAA AVREVSDKKE AADRGTRTRE --RIRVLLLI M-LMTGRRCY DDNPPSPDTR RKRRPDDASR ASGSSSSGET TRAKFVRIAT LEVVVVTWPA DDTY
GNM11931                        -AAAAAAAVD GRDDDDDDDD DEDTHE-EVF IFVAAGGGGG HAVFLIVIAG AVRAVQDKKA AARRAARTER --RVAALLLL M-LMEGRRSY DRNSPSADER RKRAPNADDR QSASSSSGAT TSADFVRVAV LEVVVVYWPD YPTY
GNM12040                        -AAAAAAALS SRDDDDDDDD EETTQR-EVF IFVVAGGGDG HAIILIIICA ASTSIADKKA KRRTDEEKTT --QLRILLLL M-LMDARRVY PDNQPPASAR RKRHPSRDPR SSASSSSIRT TNSEILRIRV LRAAIVVWPR DPTY
GNM12071                        -AAAAAAAVS GNDDDDDDDD EEATRS-EVF LFVAAGGGDG HDLLLIMVAA AVRAVADKKD ARRRDERADE --EIRVLIII M-LMDARRCY GDNPPPPDNR RKRLPSARPR ASGSSSSVET TAVAVLYVAT MDVAVVVWPD DPTY
GNM12125                        -AAAAVAAVV VRDDDDDDGD KEREEKAPVL RWVDGGGGGG PRIIILIIVV VIARYSRKKM RAQVRALERE VLLIRILLLL LLLMTAIKLE VKNPPPPCAR RRRAPSEAPR ETSTSSSVAT TTNGVLAVV- I-VVVVYWSY Y-QY
GNM12126                        -AAAAAGIIN V-DEDDDEGD AESTHYSGVQ FWVQLGGGGK KRLAIIVIVI VIRK-KRKKQ ASMKKRMK-L VLEIKKLFLL LLLMSRLKIT DRSPPSPERR RRRAPNVKPA AKASSSSVRT TTDNFLVVA- A-EVLACWQY C-EY
GNM12128                        -AAAAAAALE FADDDDDDAD NEDEHKNPIL FWLAMGGGGG HKLCILIIII VIHEYSRKKN KRRKRTIKKI EIQIKVLFLL ILLMKLIKIY DTNKPDRNER RRRVPNNEVY NSGSSSSIIT TSDPFIIVL- V-VIVVYWTF Y-KY
GNM12182                        -AAASVAKYK VSDDDDDDGD EEETLEQEVV FWLSGGGGGK HKIIIIIIVL IIRSVKKKKS KLKKKRLKRL KSEIRYVLLL LLLMLIVELL DLNRPPRNQR RRRACKDNVA ISSSSSSVEL TTRDVIRVI- E-VVVATWEF F-SY
GNM12342                        -AAAACAAIN CKDDDDDDSN AEDEIYKTFF IFVRAGGGGK HKEILIIIVI AIDNFKRKKY KEEKKEEKKL KLELTILLYL LLIMKEIKCY DKNPPPKEKR RRRAPNDQPS KHSSSSSIAT TTEKVFIIET VMAIVVYWKK YLDY
GNM12346                        -AAAACAAVK CMDDDDDDDD SERELEAAIF VFVDGGGGGE HSLMIIIIVV AIINYKAKKE EKKKKSKVKA EMELKVLFIL LILLKGIRSY DNNPPPAESR RRRIPNNAPN ESSASSSAET TSKAVIIIHV IFVLLVYWEA YRRY
GNM12351                        -AAAAGAAVK ARDDDDDDDD DEEMLHNEVF IFVKGGGGGG HKSIIIIIII VIKKYKKKKK VEKRAEKKEQ KLQIHFLLIL MLIMLGKRAW DQNPPPPDKR RKRRPKNEPR ESSSSSSIVT TSDACLILRV VRVAVVYWEA FLDY
GNM12356                        -AAAAAAALN CEDDDDDDSD EEEEKEKEVF IYVDLGGGDK HKLILIIIII ALNNVNKKKE KAKRKRIIKM ELTIKLLLYH LFIMNAQASY EKNKPPKKKR RRRKPNNKKQ KSSSSSSIET TSQEVIIIIS IMVIIVYWGF YLKY
GNM12357                        -AAAAAAALK CHDDDDDDSD EEEEVEDEVF IFVDSGGGGK HKLVIIIIII ALNEVANKKE KKQKRNSKEK DLKIKLLLYL LLIMNSKSSY EKNPPPKNKR RRRKPNNEKQ QSSSSSSIET TSKTVFIITS IMVILVYWEY YQKY
GNM12366                        -AAAASAALK CKDDDDDDSD EEEEIESEVF IFVDVGGGDK HKLLLIIIIV ALNEVAKKKS EKQRKNNKEI NLKIGLLYYL LIIMKLKSSF DKNPPPKTER RRRKPSREKQ QSSGSSSIET TTKNVFIITS IMVILVFWEY YYKY
GNM12373                        -AAAAAAAAK CRDDDDDDDD AEATCSMAVF IFVDGGGGGK HKMCLIIITV AVEFIQDKKD ETKKKRTATE ELDIRILLLL MLFMKGIRVY EQNPPPP-SR RKRLPNESAN KSGSSSSVET TSSEIVIVTV VEVLIVYW-F YRAY
GNM12385                        -AAAAAAAAK CRDDDDDDDD AERVAATAVY IFV-AG-GPH HEI-LIIVVC AMRRIKNKKE QRVQRRFASI ALGLRLLLLL MLCMRGIRVY ATNPPPPRER RKRGSNGDKT ESGSSSSAET TR-EVV-VTV VRVVIVYWEY HATY
GNM12551                        NAAAAAAKFS PRDDDDDDGD AEREIRGPVL VRVEGGGGGR EELMFIVIVA FIRSLERKKL LREARWMRRA -LELRVLLLL V-AMKRVRYE EKAPPPRPDR RRRLPSREEE ESSSSSSVRT TTRRVLVVYY V-TLAVIWKI Y-KY
GNM12554                        -AAAAAAAAS CDDDDDDDDD SEAVERGPVY IYVEGGGGGH HAMCLIIIIV AVEKIKTKKK KNQERRKEEL DFEIKLLLLL LICMTAIRVY QSNPPPPGAR RKRGSNAAPT FSSSSSSAET TSTVVVIVTV VRVVLVYWSF YFTY
GNM12592                        -AAAAAAAVT AEDDDDDDDD RERMSSAAVF LFVDGGGGGN HEILIIIIVF VVQSISRKKD AKLRKRLAEK ACQIKLLMLL MLIMKAVRAW PQNPPSPSRR RKRVPNEDIR ESASSSSAET TSERFVIIAV VRVLVVIWEE HLEY
GNM12596                        -AAAAGAAVK AKDDDDDDDD AEEMLQVAVF FFVRGGGGGQ HKAAIIIIII VIEKGQNKKE KLKKAEKKEQ KLQIQILLIL MLIMIAKRVW DENPPPPEAR RKRKPKKEPN ESSSSSSVET TTSSCLIIRV VRVAVVYWEA YLEY
GNM12602                        -AAAAGAAVK AKDDDDDDDD AEEMLQVAVF FFVRGGGGGQ HKAAIIIIII VITKGQNKKE KLKKAEKKEQ KLQIQILLLL MLIMTAKRVW DENPPPPEER RKRKPNNEPN ESSSSSSLET TTSACIIIRV VRVAVVYWEA YLEY
GNM12665                        -AAAAGAAVK AKDDDDDDDD AEEMLQVAVF FFVKGGGGGQ HKAAIIIIII VIEKGQNKKE RLKKAEKKEQ KLQIQILLLL MLIMIARRVW DENPPPPDGR RKRKPKKEPN ESSSSSSVET TTSSCLIIRV VRVAVVYWEA YLEY
GNM12745                        -AAAAGACTK I-DDDDDDDD EEEEQIREVF VYVKGGGGGK HRILIILIIM IIDK-KNKKI QKQKKKKNKK NITIKILIIL LLILTHIRII SENKPPMKNR RRRLSRTEKK NTSSSSSCTT TNKRVIIIEV IRVIVVYWKS YKEY
GNM12749                        -AAAAAAAAK CRDDDDDDDD SEEVIKAEVY IYVDAGGGGK HSMCLIIIVC AVEAIENKKE KTKSARKVHD ILDISLLILL MLIMLEIRVY DKNPPPS-TR RKRGSSKEPT ESSSSSSAET TSTAVVIIEV PRVVVVYW-S FLEY
GNM12758                        -AAAAAASKE V-DDDDDDDD TEEEEFKPVL IFVKGGGGGG HQFLIIIIVI VIER-AKKKS KEKRKLRRTK RMDIRKLLIL LLILRERRVF DQNPPPPPER RRRMPKSRYE ESASSSSVRT TTRRVIVIEV PRVIVVIWEA YMEY
GNM12763                        -AAAACASRR I-DDDDDDDD EEEEEIKPVL LFV-GGGGNK HK-LLIIIVV VIKK-NKKKK KKLRRSKKKE KLEIKLLLLL LLILKKIRVF DENPPPPDKR RRRLPKKKPK KTSNSSSVKT TSEKILIVEI VRVVVVIWDA YLEY
GNM12766                        -AAAAAAALN CEDDDDDDSD EEEEIKDAVF IFVKGGGGGK HKIILLIIVV AINEVKRKKS KKQQKEGKEL ELKIKILLYL LLIMKAIAAY EKNPPPKENR RRRAPNKEPQ KSSSSSSIKT TTDQVLIITS IMVVVVYWEF YLKY
GNM12841                        -AAAAAAAVD GEDEDDDDDD GEETHA-AVF VFVAAGGGGG HSLVVIVIVA VVDDFSRKKQ ERRRDRRTQR --DLTILLLL M-LMSAKRCA AENPPSDPAR RKRRPDEDDR GSGSSSSVET TTEDFVLIAV L-SCIVLWTA D-DY
GNM12849                        -AAAAAASAK CKDDDDDDDD SDLEAEKPIF LFMDGGGGGH HRICLIIIII VVKAYKQKKK KAQLKRIKIK SLIIKIVLLL LLLLRGIRTY DQNSPPPSDR RRRISNSAIE KSSSSSSSEP TTKKVIIITV VVVVVVYWKY FSHY
GNM12869                        -AAAASASAK CKDDDDDDDD SDEEALSPIF LFMNGGGGGH HRLCLIIIII VVKEYKKKKK KTKSKRIKTQ SLSIKIVLLL LLLLRGVRVY DQNSPPPNKR RRRSSNRAVE KSSSSSSSEP TSKKVIIITV VVVVVVYWKY FSEY
GNM12896                        -AAAASASAQ CSDDDDDDDD RDEEAKKPIF LFVNGGGGGH HRICLIIIII VVLSIKIKKK KKQSKRLKKQ VITIKLILLL LLLLKGMRVW DKNPPPPEWR RRRSSNEKPY KSSSSSSSEP TSKGVIVINV VVVVVVYWQY YSKY
GNM12897                        -AAAAAASAQ CSDDDDDDDD KDEEEKKPVF LFVNGGGGGH HRICLIIIIV VVASMKVKKK KKQSKRLKQE VIIIKLILLL LLLLKGMRIW DQNSPPPEGR RRRSSNQKPY KSSSSSSSEP TSKHVIVITV VVVVVVYWRY YNQY
GNM12902                        -AAAAAACEN FIDDDDDDDD REEEELNEVL FFV-MGGGYH HK-CIIIIMA VIRGIKNKKK SELKNNSKND IFEVKLLILL L-LMDELRYS DKNPPPRDRR RRRCPNHDKI SESSSSSIST TT-NVLVILV IVVIVVYWDF IANY
GNM12903                        -AAAAAGSLG P-DDDDEDDD -EQELAKPVY FRVDIGGGGK HK-GIIIIIG IISR-KGKKL KRRARRLR-K IIEIWRLVLL LMLMAELRV- DGNPPPPEQR RRRVPNEAPG KQASSSSYET TSDEVLIVVV QVVVVVYWSY VYAY
GNM12906                        -AAAAAGSMR P-DDDDEDDD -EEELVKAVF FWVAIGGGGK HR-GVIVILG VIDE-EKKKM KRSARRLK-K SIEIWLLLLL LLLLAGRRV- DGNRPPPDER RRRVPKGLPG ASASSSSYET TSEGVLVVVV QVVVVVYWSY VHAY
GNM12907                        -AAAAAGSIG P-DDDDEDDD -EDELRGPVY FFLVVGGGGK NK-GVVIIIG IVSE-KKKKL RKAARRLR-R LVIVHVVVLL LLLLRGVRR- DFNPPPPDER RRRVPKRMPA ESASSSSYEV TSDAVLIVVV QTVVVVYWSF VYAY
GNM12909                        -AAAAAGSLT P-DDDDEDDD -EDELVQSVY FWVRAGGGGG HK-CVIIIIG VIDE-RYKKI RRTKRRIK-R LLIIRLLILL LLLMSGIRL- DRNVPPPDER RRRAPNLEPA RSASSSSYET TSEAVLIVIV QVVVVVYWGY VYSY
GNM12915                        -AAAAVASVA ASDDDDDDDD AEEEEKKAAF FWVKAGGGGK HKIAIIIIIV VAEKYDKKKK AEQQKRVRKE TLDIRILLLL MLLLKAKRAW DKNPPPPEKR RRRVPKEGEN ETSSSSSIET TTDDVIVLIV IKVIVVYWEF YREY
GNM10046                        -AAAAAAAVH AKDDDDDDDD AEEEENNAVF FWANTGGGGK HKIGIIIIVV VISSYEKKKK KEQEKETKKQ RIEIRILLLL MLLLKAKRVY DRNPPPPDKR RRRVPDENPL NTSSSSSIKT TTKSVIILVV VSVAVVYWEF YREY
GNM12918                        -AAAAGASAG AKDDDDDDDD AEEEEKDPAF FWVNVGGGGK HKIAIIIIII VVSDYEKKKK QEQQKRIRQK RIELRILLLL MLLLKAKRAY ERNPPPPDER RRRVPDEEEL KTSSSSSIET TTKSVIVITV IHVVVVYWEF YREY
GNM12931                        -AAAAAAEAH INDDDDDDKD QEDINISKLI FWLKVGGGGN PKIIIIIIII IITKYSKKKF KTQTRKLIEK IIMIRYLMLL ILILKLIYLT NRNKPDRNKR RRRMPYKSPN NTSSSSSILT TTDKVLSLIG V-TIVVYWRA Y-KY
GNM12938                        -AAAAAAKYK VSDDDDDDGD VENTIYEAVV FWLFGGGGGN NKLVIIIIVI IIREYKDKKE KKKKKNLKRV SIEIRIILLL LLIMKEVALL DQNKPPRDER RRRASNDSVE SSSGSSSVEI TTNGVILIV- E-VVVVTWSF Y-EY
GNM12996                        -AAAAAAKYE VEDDDDDDGD VEDTYKGEVV FWLKGGGGGK HKLIIIIIVI VIESYKSKKE KKQRKNARKI KIEIRTLLLL LLLMLIIPLF DRNPPPRSKR RRRAAESNVL KSSASSSVEI TTSDIIRII- E-VVVATWDF F-DY
GNM13018                        -AAAAAAKYE VEDDDDDDGD VEDTYKGEVV FWLKGGGGGK HKLVIIIIVI IIENYKSKKE QKQRKNARKI KIEVRTLLLL LLLMLIIPLF DRNPPPRSKR RRRVADSNVL KSSASSSVEI TTTDIIRII- E-VVVATWDF F-DY
GNM13027                        -AAAAAAKYN VKDDDDDDGD VEDTIKNTVV FWLRGGGGGN TKLVIIIIVI IIQSYKEKKT SKQRKNCKEI KIEIRIVLLL LLLMYEVVLV DQNPPPRKNR RRRASNNSVE KSSSSSSIEI TTDDIIVII- E-VIVASWNF F-EY
GNM13046                        -AAAAAASAA CSDDDDDDDD SDAEARSPVY LFLKGGGGGH HRICLIIIIL VVNKVKAKKK KAKARRIKDK SMAIKMVLLL LLLLRGIRYY DKNSPPPKDR RRRSSNNRVE ASSSSSSSEP TTSEVIILNV IVVVVVYWPY FSLY
GNM13074                        -AAAAAAAIR AKDDDDDDDD AEEEAKAEVF IFVNAGGGGK HKLGIIIIII VIEEYKKKKK KEKRRKIREE ELQIKILLLL MLFLKGRRLY ERNPPPPDKR RRRVPKEELI KSSSSSSLET TTKNVILLTI PEVIVVYWEF YREY
GNM10010                        -AAAAAAAVG ARDDDDDDDD DEEEAREEVF IFVKAGGGGR HKLAIIIIIV VIEAYKKKKK EEKRRRIREE ELEIRILLLL LLFMKGRRVY EENPPPPDDR RRRVPKRSVA GTSSSSSVET TTEDVIILVV PEVIVVYWEF FREY
GNM10014                        -AAAAAAAVK ARDDDDDDDG DEEEAKEEVF IFVSAGGGKK HKLAIIVIIV VIRGYKKKKK EEKRRRLREE ELVIKILLLL LLFMIARRLY EKNPPPPDAR RRRVPDNSPE EGSSSSSIET TTNNVLILTV VEVAVVYWEF FREY
GNM13090                        -AAAAAAAVK ARDDDDDDDD DEEEAREEVF IFVNAGGGGK HKVALIIIIV VIEQYKKKKK DEKRKRVRKE ELEIRILLLL LLFMKGRRLY EKNPPPPDTR RRRVPKESVE ATSSSSSVET TTGDVILLAV PEVIVVYWEF FREY
GNM13118                        -AAAAAASAR PRDDDDDDDD EENEILNPVF FFMKIGGGGG NKVALIIIVC AIESVARKKA KEARREPRKA RMEIKLALLL LLLMKELRWW DKNPPPPPRR RRRVPVECTR SEGSSSSVLT TSERVVVVTP IVEMVVYWES YAHY
GNM13126                        -SAAASACEK YKDDDDDDDN AEDEEEEEVA FFV-LGGGRK HHLCILIIIC VIEGLSRKKR DKARKAMREK KIDIILLLLL LLIMIQIRVY DQNPPPRDDR RRRCPIKRPI EHSSSSSVST TT-EVIQVIV AMVIVVYW-F FMKY
GNM13128                        -SAAASACEK FQDDDDDDDN SEDEEYEEVA FFVYIGGGGK HA-CILIIIC AIKKMEKKKK ERMRKRTRQK RITIIILLIL LLIMIEIRYA FKNPPPRKDR RRRCPIKKPY EHSSSSSVET TSEDVIQVIV AMVIVVYWEF YDKY
GNM13208                        -AAAAAAAAQ P-DDDDEDDD -EEELSSAVF IALRIGGGGK HR-AVIMIVG LIRQ-KDKKL RRTRRSLR-A RLVVRIVLLL LLLMRGLRM- ERNRPPPDER RRRAPVAQPA ETASSSSYKT TTESVLVVVP AVVVVVYWNY VYLY
GNM13210                        -AAALAAEAR VNDDDDDDKD SESTSERKVV FWLVGGGGSQ STFIVIIIVV VIKNYSYKKS SETGRLERSA SIELKKLSNM LLLMKEVVLV DKNPPDPELR RRRMPVRRPE KSSSSSSVFI ATKLVCLISG I-VIIVYWEF Y-MY
GNM12773                        -AAAATAAAK AKDDDDDDDD EELEEKEEYF FFVKGGGGGK HKIAIIIIII VLEEIKRKKF DKKKKKIKKR RLQIKILILL LLLLIQIRAC DMNKLPRKTR RRRACKEKPY KSSSSSSAEP TTKPVVIINV VVVIIVYWEI FVRY



    1    1    1    1    1    1    1    1    1    1    1    1    1    1    1
    1    1    1    1    1    1    1    1    1    1    1    1    1    1    1
    1    1    1    1    1    2    1    3    1    1    1    1    1    1    1
    1    1    1    1    1    1    1    1    1    1    1    1    1    1    1
    1    1    1    1    1    1    1    1    1    1    1    1    1    1    1
    1    1    1    1    1    1    1    1    1    1    1    1    1    1    1
    1    1    1    1    1    1    1    1    1    1    1    1    1    1    1
    1    1    1    1    1    1    1    1    1    1    1    1    1    1    1
    1    1    1    1    1    1    1    1    1    1    1    1    1    1    1
    1    1    1    1    1    1    1    1    1

AAML (in paml version 4.9h, March 2018)  tmp0034.txt
Model: Empirical,  (../wag.dat) dGamma (ncatG=4) ns = 144  ls = 147


Frequencies..
                                    A      R      N      D      C      Q      E      G      H      I      L      K      M      F      P      S      T      W      Y      V
GNM13746                       0.06849 0.02740 0.02055 0.06849 0.00000 0.00685 0.04795 0.05479 0.02055 0.06849 0.13014 0.13014 0.00000 0.04110 0.03425 0.09589 0.03425 0.00685 0.04110 0.10274
GNM13538                       0.09589 0.08219 0.00685 0.10274 0.01370 0.02055 0.05479 0.05479 0.01370 0.06164 0.08904 0.06849 0.00685 0.04795 0.02740 0.08219 0.03425 0.02055 0.03425 0.08219
GNM13876                       0.10370 0.17778 0.01481 0.08889 0.02222 0.00000 0.05185 0.07407 0.01481 0.01481 0.11111 0.02963 0.00741 0.02963 0.03704 0.06667 0.01481 0.00000 0.01481 0.12593
GNM13680                       0.08219 0.10959 0.02055 0.08219 0.01370 0.00685 0.04795 0.07534 0.01370 0.08904 0.06164 0.06849 0.02055 0.01370 0.03425 0.07534 0.03425 0.00685 0.03425 0.10959
GNM14837                       0.06849 0.06164 0.03425 0.07534 0.01370 0.00685 0.02055 0.06164 0.01370 0.07534 0.09589 0.12329 0.00685 0.02055 0.03425 0.12329 0.02055 0.00685 0.03425 0.10274
GNM13297                       0.09589 0.08219 0.00685 0.10274 0.01370 0.02055 0.05479 0.05479 0.01370 0.06164 0.08904 0.06849 0.00685 0.04795 0.02740 0.08219 0.03425 0.02055 0.03425 0.08219
GNM13455                       0.05479 0.05479 0.02055 0.08219 0.01370 0.01370 0.03425 0.06164 0.02055 0.08219 0.10274 0.12329 0.01370 0.02055 0.03425 0.10274 0.03425 0.00685 0.03425 0.08904
GNM14483                       0.10204 0.06122 0.02041 0.07143 0.02041 0.02041 0.06122 0.09184 0.01020 0.07143 0.08163 0.07143 0.00000 0.01020 0.04082 0.07143 0.03061 0.00000 0.03061 0.13265
GNM14872                       0.06164 0.08904 0.02740 0.06849 0.01370 0.02055 0.08219 0.06164 0.02740 0.09589 0.06849 0.07534 0.02740 0.00685 0.02740 0.07534 0.02740 0.01370 0.02740 0.10274
GNM13855                       0.04795 0.04795 0.06164 0.07534 0.02055 0.02055 0.04795 0.06849 0.00685 0.15753 0.06164 0.08904 0.00685 0.02740 0.04110 0.08219 0.02740 0.00685 0.02055 0.08219
GNM14445                       0.07534 0.04795 0.04795 0.06849 0.00685 0.00685 0.06849 0.06849 0.00685 0.11644 0.08904 0.10959 0.00685 0.02740 0.04110 0.08219 0.02055 0.02055 0.04110 0.04795
GNM14545                       0.07534 0.13014 0.02055 0.08219 0.02055 0.00000 0.07534 0.06164 0.00685 0.13014 0.08904 0.02740 0.01370 0.01370 0.02740 0.10959 0.02055 0.00685 0.03425 0.05479
GNM14366                       0.10959 0.08904 0.02740 0.05479 0.02740 0.02055 0.04110 0.06164 0.02740 0.08219 0.07534 0.07534 0.01370 0.02055 0.02740 0.09589 0.02740 0.00685 0.02055 0.09589
GNM14252                       0.05479 0.06164 0.02740 0.07534 0.01370 0.02055 0.02055 0.06164 0.01370 0.08904 0.08904 0.13014 0.00685 0.02055 0.03425 0.13014 0.02055 0.00685 0.03425 0.08904
GNM13760                       0.08219 0.04795 0.02740 0.07534 0.01370 0.00000 0.02740 0.06849 0.01370 0.07534 0.09589 0.13699 0.01370 0.02055 0.04110 0.08904 0.02740 0.00685 0.03425 0.10274
GNM13982                       0.06164 0.07534 0.04110 0.06164 0.01370 0.00685 0.03425 0.06164 0.01370 0.09589 0.06164 0.13014 0.02055 0.01370 0.02740 0.11644 0.00685 0.00685 0.04110 0.10959
GNM13960                       0.08219 0.06164 0.01370 0.05479 0.01370 0.00685 0.03425 0.06849 0.02055 0.08904 0.09589 0.13699 0.00685 0.02740 0.03425 0.10959 0.02740 0.00685 0.01370 0.09589
GNM14633                       0.05479 0.07534 0.04795 0.06849 0.01370 0.01370 0.02740 0.06164 0.01370 0.10959 0.06164 0.13014 0.00685 0.02055 0.02740 0.12329 0.00685 0.00685 0.03425 0.09589
GNM14853                       0.05479 0.07534 0.04795 0.06849 0.01370 0.01370 0.02740 0.06164 0.01370 0.10959 0.06164 0.13014 0.00685 0.02055 0.02740 0.12329 0.00685 0.00685 0.03425 0.09589
GNM14748                       0.06849 0.04110 0.02740 0.06164 0.01370 0.00685 0.03425 0.06164 0.01370 0.08219 0.09589 0.15068 0.00685 0.02055 0.02740 0.11644 0.03425 0.00685 0.04110 0.08904
GNM14246                       0.11644 0.08904 0.01370 0.09589 0.00000 0.01370 0.07534 0.05479 0.02055 0.08904 0.12329 0.08904 0.00000 0.00685 0.03425 0.05479 0.00685 0.01370 0.02055 0.08219
GNM14640                       0.09589 0.10274 0.02740 0.08219 0.00685 0.01370 0.06849 0.06164 0.02055 0.07534 0.10274 0.08219 0.00000 0.01370 0.03425 0.05479 0.02055 0.01370 0.02055 0.10274
GNM14965                       0.06849 0.07534 0.06164 0.06164 0.02055 0.00000 0.06164 0.08219 0.02055 0.11644 0.06849 0.07534 0.01370 0.02740 0.02740 0.06164 0.02740 0.01370 0.02740 0.08904
GNM13677                       0.08904 0.14384 0.02055 0.06849 0.02055 0.00685 0.07534 0.06849 0.00685 0.03425 0.13014 0.05479 0.00685 0.02055 0.03425 0.05479 0.03425 0.01370 0.01370 0.10274
GNM14339                       0.09589 0.08904 0.02055 0.06164 0.00685 0.01370 0.06164 0.06164 0.01370 0.07534 0.06849 0.05479 0.02055 0.00685 0.03425 0.08904 0.06164 0.01370 0.02740 0.12329
GNM14593                       0.06849 0.07534 0.03425 0.06164 0.00000 0.00000 0.11644 0.04795 0.02740 0.10274 0.07534 0.09589 0.01370 0.03425 0.04110 0.05479 0.04795 0.01370 0.02055 0.06849
GNM13825                       0.13889 0.15278 0.01389 0.04861 0.00000 0.00000 0.06944 0.06250 0.00000 0.06944 0.08333 0.02778 0.00694 0.02778 0.04167 0.07639 0.02778 0.00694 0.03472 0.11111
GNM14768                       0.08904 0.09589 0.00685 0.06849 0.00685 0.01370 0.06849 0.06164 0.02055 0.08904 0.09589 0.06164 0.02055 0.02055 0.04110 0.07534 0.04110 0.00685 0.02740 0.08904
GNM14776                       0.09589 0.08904 0.00685 0.06164 0.00685 0.01370 0.06849 0.06164 0.02055 0.08904 0.10274 0.06849 0.02055 0.02055 0.04110 0.07534 0.04110 0.00685 0.02740 0.08219
GNM14715                       0.09589 0.08904 0.00685 0.07534 0.00685 0.00685 0.06164 0.06849 0.00685 0.03425 0.08219 0.06849 0.00000 0.04795 0.04110 0.10959 0.02055 0.02055 0.02740 0.13014
GNM14639                       0.06849 0.06164 0.02055 0.06164 0.00685 0.01370 0.06164 0.06849 0.00000 0.08904 0.08904 0.08904 0.00685 0.01370 0.04110 0.11644 0.02055 0.01370 0.04795 0.10959
GNM13795                       0.06164 0.03425 0.02740 0.06164 0.01370 0.00685 0.04110 0.06164 0.01370 0.08219 0.09589 0.16438 0.00685 0.02055 0.02740 0.12329 0.02740 0.00685 0.03425 0.08904
GNM14166                       0.05479 0.06164 0.03425 0.07534 0.01370 0.02740 0.03425 0.06849 0.02055 0.09589 0.08904 0.10959 0.00685 0.01370 0.04110 0.10959 0.01370 0.01370 0.03425 0.08219
GNM13993                       0.08219 0.08904 0.02740 0.07534 0.00685 0.01370 0.06164 0.04795 0.00685 0.12329 0.06164 0.10959 0.00685 0.03425 0.03425 0.08219 0.03425 0.02055 0.02055 0.06164
GNM14450                       0.08219 0.10959 0.03425 0.07534 0.00685 0.00685 0.05479 0.05479 0.01370 0.08904 0.08219 0.07534 0.01370 0.01370 0.03425 0.09589 0.03425 0.01370 0.02055 0.08904
GNM13515                       0.06164 0.04795 0.02055 0.08219 0.02055 0.01370 0.02740 0.06164 0.03425 0.09589 0.08219 0.14384 0.01370 0.01370 0.02740 0.08904 0.02740 0.00685 0.02740 0.10274
GNM13745                       0.06897 0.06897 0.02759 0.06207 0.01379 0.00690 0.04828 0.05517 0.01379 0.13793 0.06897 0.15862 0.00000 0.03448 0.02069 0.05517 0.06207 0.02069 0.02759 0.04828
GNM14030                       0.08333 0.06944 0.03472 0.06250 0.01389 0.00000 0.04861 0.04861 0.00694 0.11806 0.06944 0.13889 0.00000 0.02778 0.02778 0.07639 0.04167 0.02083 0.02778 0.08333
GNM14959                       0.07639 0.10417 0.03472 0.08333 0.00000 0.00000 0.04167 0.06250 0.00694 0.09028 0.06944 0.04861 0.04167 0.02083 0.06250 0.08333 0.02083 0.01389 0.02778 0.11111
GNM13413                       0.09028 0.09722 0.01389 0.06944 0.00694 0.00000 0.07639 0.10417 0.00000 0.09722 0.06250 0.03472 0.01389 0.02083 0.04861 0.07639 0.01389 0.02083 0.04167 0.11111
GNM14971                       0.06849 0.06849 0.01370 0.06164 0.01370 0.00685 0.03425 0.06849 0.02740 0.08219 0.08904 0.13699 0.00685 0.02740 0.03425 0.10274 0.03425 0.00685 0.01370 0.10274
GNM14990                       0.06849 0.06849 0.01370 0.06164 0.01370 0.00685 0.03425 0.06849 0.02055 0.08904 0.08904 0.13699 0.01370 0.02740 0.03425 0.10959 0.02740 0.00685 0.01370 0.09589
GNM15005                       0.06849 0.06849 0.02055 0.05479 0.01370 0.00685 0.03425 0.06849 0.02055 0.08219 0.08904 0.13699 0.01370 0.02740 0.03425 0.10959 0.02740 0.00685 0.01370 0.10274
GNM14992                       0.06849 0.08904 0.01370 0.06164 0.01370 0.01370 0.02740 0.06164 0.02055 0.09589 0.07534 0.13014 0.00685 0.02740 0.03425 0.11644 0.03425 0.00685 0.01370 0.08904
GNM15014                       0.06849 0.07534 0.01370 0.06164 0.01370 0.00000 0.03425 0.06164 0.02055 0.09589 0.08219 0.14384 0.00685 0.03425 0.03425 0.11644 0.02740 0.00685 0.01370 0.08904
GNM14976                       0.08219 0.06164 0.02740 0.06164 0.01370 0.00000 0.06164 0.06849 0.02055 0.07534 0.08219 0.11644 0.00685 0.03425 0.02740 0.10959 0.04795 0.00000 0.01370 0.08904
GNM15022                       0.13945 0.09298 0.02328 0.09298 0.02328 0.00005 0.02328 0.02328 0.04652 0.06975 0.02328 0.09298 0.00005 0.06975 0.00005 0.13945 0.02328 0.00005 0.00005 0.11621
GNM14999                       0.08219 0.05479 0.03425 0.06164 0.02055 0.00685 0.05479 0.06849 0.02055 0.08219 0.07534 0.14384 0.01370 0.03425 0.02740 0.10274 0.02740 0.00000 0.01370 0.07534
GNM15018                       0.05479 0.06849 0.02055 0.07534 0.01370 0.01370 0.02740 0.06164 0.00685 0.08219 0.09589 0.14384 0.00685 0.02055 0.03425 0.11644 0.02740 0.00685 0.03425 0.08904
GNM15024                       0.05479 0.06849 0.02055 0.07534 0.01370 0.00685 0.02740 0.06164 0.01370 0.08219 0.09589 0.14384 0.00685 0.02055 0.03425 0.11644 0.02740 0.00685 0.03425 0.08904
GNM14980                       0.05479 0.06849 0.02055 0.07534 0.01370 0.00685 0.02740 0.06164 0.01370 0.08219 0.09589 0.14384 0.00685 0.02055 0.03425 0.11644 0.02740 0.00685 0.03425 0.08904
GNM15000                       0.05479 0.06849 0.02055 0.07534 0.01370 0.00685 0.02740 0.06164 0.01370 0.08219 0.09589 0.14384 0.00685 0.02055 0.03425 0.11644 0.02740 0.00685 0.03425 0.08904
GNM15026                       0.07534 0.07534 0.02740 0.06849 0.01370 0.01370 0.02055 0.06164 0.02055 0.10959 0.10274 0.13699 0.00685 0.02055 0.03425 0.08219 0.02740 0.00685 0.02055 0.07534
GNM15001                       0.05479 0.06164 0.02055 0.07534 0.01370 0.00685 0.02740 0.06164 0.01370 0.07534 0.09589 0.14384 0.00685 0.02055 0.03425 0.12329 0.02740 0.00685 0.03425 0.09589
GNM15027                       0.13699 0.07534 0.01370 0.08904 0.00685 0.00000 0.06849 0.06164 0.00685 0.08219 0.09589 0.08219 0.00000 0.02055 0.04795 0.05479 0.03425 0.02055 0.03425 0.06849
GNM15003                       0.07534 0.06849 0.01370 0.06164 0.01370 0.00685 0.03425 0.06849 0.02055 0.08219 0.08904 0.13699 0.00685 0.02740 0.03425 0.10959 0.02740 0.00685 0.01370 0.10274
GNM11003                       0.04688 0.05469 0.02344 0.07812 0.00000 0.00000 0.10156 0.03906 0.00000 0.17187 0.06250 0.13281 0.01563 0.02344 0.01563 0.07031 0.04688 0.01563 0.03125 0.07031
GNM11023                       0.09091 0.11888 0.00699 0.06294 0.00000 0.02797 0.06993 0.08392 0.00000 0.04196 0.09790 0.03497 0.00000 0.01399 0.02797 0.07692 0.02797 0.01399 0.03497 0.16783
GNM11055                       0.09028 0.09722 0.02083 0.06250 0.01389 0.00694 0.12500 0.06250 0.00694 0.06944 0.09028 0.09722 0.01389 0.00694 0.03472 0.06944 0.01389 0.01389 0.02083 0.08333
GNM11146                       0.06897 0.09655 0.04138 0.06207 0.00000 0.00690 0.06207 0.07586 0.00690 0.11034 0.05517 0.04138 0.01379 0.02069 0.06207 0.11034 0.02759 0.02069 0.03448 0.08276
GNM11219                       0.10959 0.11644 0.01370 0.08219 0.00685 0.00685 0.08904 0.08904 0.02055 0.07534 0.06849 0.02740 0.00000 0.03425 0.03425 0.04795 0.02055 0.01370 0.02740 0.11644
GNM11220                       0.08333 0.09028 0.02778 0.06944 0.01389 0.00000 0.07639 0.06250 0.01389 0.04167 0.12500 0.07639 0.00694 0.02778 0.03472 0.06250 0.02778 0.00694 0.03472 0.11806
GNM11222                       0.12329 0.10959 0.00685 0.07534 0.00685 0.02055 0.06849 0.06164 0.01370 0.06849 0.08904 0.08219 0.00000 0.02740 0.04110 0.04110 0.03425 0.01370 0.02055 0.09589
GNM11223                       0.08904 0.12329 0.01370 0.06849 0.00685 0.00000 0.08904 0.06164 0.01370 0.09589 0.07534 0.06849 0.00000 0.02055 0.02740 0.04795 0.04110 0.01370 0.02055 0.12329
GNM11224                       0.09589 0.09589 0.01370 0.06849 0.00685 0.00000 0.08904 0.06849 0.02055 0.10959 0.07534 0.08904 0.00685 0.02055 0.02740 0.04795 0.02055 0.01370 0.02055 0.10959
GNM11225                       0.10484 0.17742 0.01613 0.08871 0.00000 0.00000 0.08065 0.02419 0.01613 0.07258 0.08065 0.04839 0.00806 0.01613 0.03226 0.07258 0.03226 0.01613 0.02419 0.08871
GNM11358                       0.04795 0.06164 0.03425 0.08904 0.00685 0.01370 0.03425 0.06849 0.01370 0.12329 0.09589 0.09589 0.00685 0.03425 0.04110 0.08219 0.06849 0.00685 0.02055 0.05479
GNM11362                       0.10959 0.09589 0.02055 0.08904 0.00685 0.00000 0.03425 0.06849 0.00685 0.09589 0.07534 0.05479 0.02055 0.02740 0.02740 0.08219 0.02740 0.00685 0.04110 0.10959
GNM11367                       0.06164 0.07534 0.04110 0.06164 0.01370 0.00685 0.03425 0.06164 0.01370 0.09589 0.06164 0.13014 0.02055 0.01370 0.02740 0.11644 0.00685 0.00685 0.04110 0.10959
GNM11377                       0.06164 0.08904 0.02740 0.06849 0.01370 0.02055 0.08219 0.06164 0.02740 0.09589 0.06164 0.07534 0.02740 0.01370 0.02740 0.07534 0.03425 0.01370 0.02740 0.09589
GNM11380                       0.04795 0.06164 0.03425 0.06849 0.01370 0.02740 0.04110 0.06849 0.01370 0.08904 0.08219 0.11644 0.01370 0.01370 0.04110 0.10959 0.00685 0.01370 0.03425 0.10274
GNM11383                       0.11644 0.04110 0.02740 0.06164 0.01370 0.02055 0.02740 0.05479 0.01370 0.08219 0.06164 0.13014 0.00685 0.02740 0.03425 0.10274 0.02055 0.01370 0.02740 0.11644
GNM11491                       0.07534 0.15753 0.03425 0.07534 0.01370 0.00000 0.03425 0.08219 0.00685 0.04795 0.06849 0.05479 0.01370 0.02055 0.03425 0.08219 0.02055 0.00685 0.03425 0.13699
GNM11804                       0.05517 0.07586 0.02069 0.05517 0.02069 0.00690 0.15862 0.06207 0.00690 0.06897 0.09655 0.13103 0.00690 0.02069 0.02759 0.05517 0.01379 0.01379 0.00690 0.09655
GNM11805                       0.06207 0.07586 0.03448 0.07586 0.02069 0.02069 0.07586 0.06207 0.02069 0.08276 0.09655 0.06897 0.02069 0.02759 0.04138 0.08276 0.01379 0.00690 0.03448 0.07586
GNM12886                       0.08219 0.10959 0.02740 0.07534 0.01370 0.00685 0.05479 0.06849 0.02055 0.10274 0.06164 0.04795 0.02055 0.01370 0.03425 0.07534 0.03425 0.00685 0.03425 0.10959
GNM12892                       0.06849 0.07534 0.05479 0.06164 0.01370 0.00000 0.04795 0.08904 0.02055 0.12329 0.06164 0.08219 0.02055 0.02740 0.02740 0.06164 0.02740 0.01370 0.02740 0.09589
GNM12895                       0.08219 0.10959 0.03425 0.07534 0.00685 0.00685 0.05479 0.05479 0.01370 0.08904 0.08219 0.07534 0.01370 0.01370 0.03425 0.09589 0.03425 0.01370 0.02055 0.08904
GNM13061                       0.13194 0.08333 0.02083 0.06944 0.00000 0.00694 0.05556 0.06944 0.01389 0.08333 0.10417 0.05556 0.02083 0.02778 0.02083 0.08333 0.02778 0.00694 0.02778 0.09028
GNM13064                       0.08219 0.08219 0.02740 0.07534 0.00685 0.01370 0.06164 0.04795 0.00685 0.12329 0.06164 0.11644 0.00685 0.03425 0.03425 0.08219 0.03425 0.02055 0.02055 0.06164
GNM13066                       0.06849 0.06849 0.03425 0.06849 0.01370 0.00685 0.06849 0.04795 0.00685 0.13699 0.06164 0.13014 0.00685 0.02740 0.03425 0.06849 0.03425 0.02055 0.02055 0.07534
GNM11032                       0.09589 0.10274 0.03425 0.06164 0.01370 0.02055 0.07534 0.05479 0.00685 0.08219 0.10274 0.03425 0.01370 0.00000 0.04110 0.07534 0.04795 0.00685 0.03425 0.09589
GNM11034                       0.13889 0.15278 0.00694 0.04861 0.00000 0.00694 0.06944 0.06250 0.00000 0.07639 0.06944 0.03472 0.01389 0.02778 0.03472 0.09028 0.01389 0.00694 0.03472 0.11111
GNM11363                       0.10959 0.09589 0.02055 0.08904 0.00685 0.00000 0.03425 0.06849 0.00685 0.09589 0.07534 0.05479 0.02055 0.02740 0.02740 0.08219 0.02740 0.00685 0.04110 0.10959
GNM11375                       0.07534 0.05479 0.02740 0.07534 0.01370 0.00000 0.02740 0.06849 0.01370 0.08219 0.09589 0.13014 0.01370 0.02055 0.04110 0.08904 0.03425 0.00685 0.03425 0.09589
GNM11381                       0.09589 0.04110 0.02740 0.05479 0.01370 0.01370 0.04110 0.05479 0.01370 0.08219 0.08904 0.12329 0.00685 0.02740 0.03425 0.10274 0.03425 0.01370 0.02055 0.10959
GNM11382                       0.08904 0.06849 0.02740 0.07534 0.01370 0.00000 0.03425 0.06849 0.02740 0.06849 0.05479 0.08904 0.00685 0.02740 0.03425 0.09589 0.03425 0.01370 0.02740 0.14384
GNM11799                       0.06849 0.08219 0.02055 0.06164 0.01370 0.01370 0.02740 0.06164 0.02055 0.10274 0.07534 0.13699 0.00685 0.02740 0.03425 0.10959 0.03425 0.00685 0.01370 0.08219
GNM11841                       0.15493 0.11268 0.00704 0.12676 0.00704 0.00000 0.05634 0.09155 0.01408 0.03521 0.04930 0.02817 0.01408 0.02817 0.03521 0.05634 0.07042 0.00704 0.01408 0.09155
GNM11931                       0.19014 0.10563 0.01408 0.12676 0.00000 0.01408 0.04930 0.08451 0.01408 0.02113 0.04930 0.02113 0.01408 0.02817 0.02817 0.06338 0.03521 0.00704 0.02817 0.10563
GNM12040                       0.13380 0.11972 0.01408 0.10563 0.00704 0.02113 0.04225 0.04930 0.01408 0.08451 0.07042 0.03521 0.01408 0.01408 0.04930 0.09155 0.06338 0.00704 0.01408 0.04930
GNM12071                       0.16901 0.09859 0.02113 0.14085 0.00704 0.00000 0.04930 0.07042 0.00704 0.03521 0.05634 0.02113 0.02817 0.01408 0.05634 0.05634 0.03521 0.00704 0.02113 0.10563
GNM12125                       0.11189 0.10490 0.01399 0.05594 0.00699 0.01399 0.05594 0.07692 0.00000 0.06993 0.09790 0.04196 0.01399 0.00000 0.05594 0.04895 0.04196 0.01399 0.03497 0.13986
GNM12126                       0.10714 0.08571 0.02143 0.05000 0.01429 0.02857 0.05000 0.07143 0.00714 0.06429 0.09286 0.10000 0.02143 0.02143 0.03571 0.07143 0.03571 0.01429 0.02143 0.08571
GNM12128                       0.06993 0.06294 0.05594 0.07692 0.00699 0.00699 0.04895 0.06294 0.02098 0.13287 0.08392 0.09091 0.01399 0.03497 0.02797 0.04895 0.03497 0.01399 0.04196 0.06294
GNM12182                       0.04895 0.08392 0.02098 0.06993 0.00699 0.01399 0.06993 0.06294 0.00699 0.09091 0.11888 0.10490 0.00699 0.02098 0.01399 0.09091 0.02797 0.01399 0.02098 0.10490
GNM12342                       0.08219 0.04110 0.03425 0.07534 0.02055 0.00685 0.08219 0.04795 0.01370 0.10959 0.06849 0.15068 0.01370 0.03425 0.03425 0.04795 0.04110 0.00685 0.04795 0.04110
GNM12346                       0.11644 0.05479 0.04110 0.06849 0.01370 0.00000 0.08219 0.06164 0.01370 0.10274 0.06849 0.08904 0.02055 0.02740 0.03425 0.07534 0.01370 0.00685 0.03425 0.07534
GNM12351                       0.08219 0.06849 0.02055 0.08904 0.00685 0.02055 0.06164 0.07534 0.02055 0.09589 0.06849 0.12329 0.02055 0.02740 0.04110 0.05479 0.01370 0.01370 0.02055 0.07534
GNM12356                       0.07534 0.04110 0.05479 0.06164 0.00685 0.02055 0.08219 0.04795 0.01370 0.13014 0.07534 0.15068 0.02055 0.02055 0.02055 0.06849 0.02055 0.00685 0.04110 0.04110
GNM12357                       0.06164 0.03425 0.05479 0.06849 0.00685 0.02740 0.08904 0.04795 0.01370 0.09589 0.07534 0.13699 0.01370 0.02055 0.02740 0.09589 0.02740 0.00685 0.04110 0.05479
GNM12366                       0.05479 0.04110 0.04110 0.06849 0.00685 0.02055 0.08904 0.05479 0.00685 0.10274 0.08219 0.13014 0.01370 0.03425 0.02740 0.08904 0.03425 0.00685 0.04110 0.05479
GNM12373                       0.10417 0.05556 0.02083 0.08333 0.02083 0.01389 0.06944 0.06944 0.00694 0.07639 0.06250 0.07639 0.02778 0.03472 0.03472 0.06944 0.05556 0.00694 0.02778 0.08333
GNM12385                       0.13475 0.11348 0.02128 0.06383 0.02128 0.01418 0.05674 0.07092 0.02128 0.05674 0.06383 0.04255 0.02128 0.01418 0.03546 0.04965 0.04965 0.00709 0.03546 0.10638
GNM12551                       0.09091 0.16084 0.00699 0.05594 0.00000 0.00000 0.09790 0.06993 0.00000 0.04196 0.09790 0.04895 0.02098 0.02098 0.04895 0.06294 0.02797 0.01399 0.03497 0.09790
GNM12554                       0.10959 0.05479 0.02055 0.06849 0.02055 0.01370 0.06164 0.07534 0.01370 0.06849 0.06164 0.06164 0.01370 0.02740 0.04110 0.08219 0.05479 0.00685 0.04110 0.10274
GNM12592                       0.12329 0.08904 0.02055 0.07534 0.00685 0.02055 0.07534 0.05479 0.01370 0.08219 0.07534 0.05479 0.02740 0.02740 0.03425 0.08219 0.02055 0.01370 0.00685 0.09589
GNM12596                       0.10959 0.04795 0.02055 0.06164 0.00685 0.04110 0.08904 0.06849 0.00685 0.09589 0.06164 0.11644 0.02055 0.02055 0.04110 0.05479 0.02055 0.01370 0.02055 0.08219
GNM12602                       0.10959 0.04795 0.03425 0.06164 0.00685 0.04110 0.08904 0.06849 0.00685 0.08904 0.06849 0.10274 0.02055 0.02055 0.04110 0.04795 0.03425 0.01370 0.02055 0.07534
GNM12665                       0.10274 0.05479 0.02055 0.06849 0.00685 0.04110 0.08219 0.07534 0.00685 0.08904 0.06849 0.10959 0.02055 0.02055 0.04110 0.05479 0.02055 0.01370 0.02055 0.08219
GNM12745                       0.03472 0.06944 0.04861 0.06250 0.01389 0.02083 0.06250 0.06250 0.01389 0.16667 0.05556 0.15278 0.01389 0.00694 0.01389 0.05556 0.05556 0.00694 0.02778 0.05556
GNM12749                       0.10417 0.04861 0.01389 0.08333 0.02083 0.00000 0.08333 0.05556 0.01389 0.09028 0.06250 0.07639 0.02083 0.00694 0.03472 0.10417 0.04167 0.00694 0.03472 0.09722
GNM12758                       0.06250 0.12500 0.00694 0.06944 0.00000 0.01389 0.09722 0.06250 0.00694 0.09722 0.06250 0.08333 0.02083 0.02778 0.05556 0.05556 0.03472 0.00694 0.02083 0.09028
GNM12763                       0.04225 0.07042 0.02817 0.07746 0.00704 0.00000 0.07746 0.04930 0.00704 0.09155 0.11972 0.18310 0.00000 0.01408 0.04930 0.04930 0.02113 0.00704 0.01408 0.09155
GNM12766                       0.08904 0.03425 0.03425 0.06164 0.00685 0.02740 0.08904 0.06164 0.00685 0.10274 0.08219 0.13699 0.01370 0.02055 0.03425 0.06164 0.02740 0.00685 0.03425 0.06849
GNM12841                       0.12857 0.09286 0.00714 0.13571 0.01429 0.01429 0.06429 0.08571 0.01429 0.03571 0.07143 0.02857 0.01429 0.02857 0.02857 0.07143 0.05000 0.00714 0.00714 0.10000
GNM12849                       0.07534 0.05479 0.01370 0.08219 0.01370 0.02055 0.02740 0.06164 0.02055 0.12329 0.08219 0.11644 0.00685 0.02055 0.03425 0.10274 0.02740 0.00685 0.03425 0.07534
GNM12869                       0.05479 0.06164 0.02740 0.06849 0.01370 0.01370 0.04110 0.06164 0.01370 0.08219 0.08219 0.12329 0.00685 0.02055 0.03425 0.13014 0.02740 0.00685 0.03425 0.09589
GNM12896                       0.04795 0.05479 0.02740 0.06849 0.01370 0.02740 0.03425 0.06849 0.01370 0.09589 0.08219 0.12329 0.00685 0.01370 0.04795 0.10959 0.01370 0.02055 0.03425 0.09589
GNM12897                       0.05479 0.05479 0.02740 0.06849 0.01370 0.04110 0.04110 0.06849 0.02055 0.08219 0.07534 0.10959 0.01370 0.01370 0.04110 0.10274 0.01370 0.01370 0.03425 0.10959
GNM12902                       0.05634 0.06338 0.07042 0.09859 0.02113 0.00000 0.07042 0.04930 0.02113 0.10563 0.08451 0.07042 0.02113 0.03521 0.02817 0.07042 0.02113 0.00704 0.02817 0.07746
GNM12903                       0.07857 0.09286 0.01429 0.07143 0.00000 0.02857 0.06429 0.10000 0.00714 0.08571 0.07857 0.06429 0.01429 0.00714 0.05714 0.05714 0.01429 0.01429 0.04286 0.10714
GNM12906                       0.08571 0.08571 0.00714 0.07143 0.00000 0.00714 0.07143 0.10714 0.01429 0.04286 0.10000 0.06429 0.01429 0.01429 0.04286 0.07143 0.01429 0.02143 0.02857 0.13571
GNM12907                       0.07857 0.10000 0.01429 0.07857 0.00000 0.00714 0.05000 0.09286 0.00714 0.05000 0.08571 0.05714 0.00714 0.02857 0.05714 0.06429 0.01429 0.00714 0.03571 0.16429
GNM12909                       0.07143 0.10714 0.01429 0.07857 0.00714 0.01429 0.05714 0.08571 0.00714 0.09286 0.10000 0.03571 0.00714 0.00714 0.04286 0.07143 0.02857 0.01429 0.05000 0.10714
GNM12915                       0.10959 0.06164 0.01370 0.08904 0.00000 0.01370 0.09589 0.05479 0.00685 0.08904 0.06164 0.12329 0.00685 0.02055 0.03425 0.04795 0.03425 0.02055 0.02740 0.08904
GNM10046                       0.08904 0.06164 0.04110 0.07534 0.00000 0.01370 0.08219 0.05479 0.01370 0.08219 0.06164 0.10959 0.00685 0.02055 0.04110 0.06164 0.04110 0.01370 0.03425 0.09589
GNM12918                       0.08219 0.07534 0.01370 0.08219 0.00000 0.02740 0.10274 0.06164 0.01370 0.09589 0.06164 0.09589 0.00685 0.02055 0.04110 0.05479 0.03425 0.01370 0.03425 0.08219
GNM12931                       0.05556 0.06250 0.05556 0.06944 0.00000 0.01389 0.02083 0.05556 0.00694 0.16667 0.09028 0.11806 0.02083 0.01389 0.02778 0.06250 0.06250 0.01389 0.04861 0.03472
GNM12938                       0.06294 0.05594 0.04895 0.07692 0.00000 0.00699 0.07692 0.07692 0.00000 0.11189 0.07692 0.09790 0.00699 0.02098 0.01399 0.07692 0.02797 0.01399 0.03497 0.11189
GNM12996                       0.07692 0.06993 0.02098 0.08392 0.00000 0.00699 0.06993 0.06993 0.00699 0.11888 0.08392 0.10490 0.00699 0.02797 0.02797 0.06993 0.03497 0.01399 0.02797 0.07692
GNM13018                       0.06993 0.06993 0.02797 0.09091 0.00000 0.01399 0.06294 0.06993 0.00699 0.11189 0.08392 0.09790 0.00699 0.02797 0.02797 0.05594 0.04196 0.01399 0.02797 0.09091
GNM13027                       0.05594 0.05594 0.06294 0.07692 0.00699 0.02098 0.06294 0.06294 0.00000 0.13287 0.06294 0.09091 0.00699 0.02098 0.02098 0.07692 0.04196 0.01399 0.02797 0.09790
GNM13046                       0.10274 0.07534 0.03425 0.08219 0.01370 0.00000 0.02740 0.06164 0.01370 0.07534 0.08904 0.08904 0.01370 0.01370 0.04110 0.11644 0.01370 0.00685 0.04110 0.08904
GNM13074                       0.08219 0.08219 0.02055 0.06164 0.00000 0.00685 0.11644 0.06164 0.00685 0.10959 0.08904 0.12329 0.00685 0.02740 0.04110 0.04110 0.02740 0.00685 0.03425 0.05479
GNM10010                       0.08904 0.10959 0.00685 0.08219 0.00000 0.00000 0.13014 0.06849 0.00685 0.08904 0.06164 0.06849 0.00685 0.03425 0.04110 0.04110 0.02740 0.00685 0.02740 0.10274
GNM10014                       0.09589 0.08904 0.02740 0.06849 0.00000 0.00000 0.11644 0.06164 0.00685 0.07534 0.08219 0.08904 0.00685 0.03425 0.04110 0.04795 0.02740 0.00685 0.02740 0.09589
GNM13090                       0.08904 0.08904 0.01370 0.08219 0.00000 0.00685 0.11644 0.06164 0.00685 0.06849 0.07534 0.09589 0.00685 0.03425 0.04110 0.04110 0.03425 0.00685 0.02740 0.10274
GNM13118                       0.10274 0.10274 0.02740 0.06164 0.01370 0.00000 0.08904 0.06164 0.00685 0.05479 0.07534 0.06164 0.02740 0.02055 0.06849 0.06164 0.02740 0.02055 0.02055 0.09589
GNM13126                       0.06294 0.08392 0.01399 0.09091 0.02797 0.02098 0.07692 0.04895 0.02098 0.11189 0.07692 0.07692 0.02797 0.02797 0.03497 0.06294 0.02098 0.00699 0.02797 0.07692
GNM13128                       0.06207 0.07586 0.01379 0.07586 0.02759 0.02069 0.08966 0.04828 0.01379 0.12414 0.04138 0.10345 0.02759 0.03448 0.03448 0.06207 0.02759 0.00690 0.04828 0.06207
GNM13208                       0.12143 0.12857 0.01429 0.06429 0.00000 0.02143 0.05714 0.06429 0.00714 0.04286 0.10714 0.03571 0.02143 0.00714 0.05000 0.05714 0.03571 0.00714 0.03571 0.12143
GNM13210                       0.05556 0.06944 0.02778 0.06250 0.00694 0.00694 0.06944 0.06250 0.00000 0.07639 0.08333 0.07639 0.02778 0.02778 0.03472 0.12500 0.02778 0.01389 0.03472 0.11111
GNM12773                       0.08219 0.06849 0.01370 0.06849 0.01370 0.01370 0.07534 0.05479 0.00685 0.13014 0.07534 0.15753 0.00685 0.03425 0.02740 0.04110 0.02740 0.00685 0.02740 0.06849

Homogeneity statistic: X2 = 17.54636 G = 18.26941 

Average                        0.08348 0.08034 0.02523 0.07342 0.01020 0.01131 0.06057 0.06458 0.01286 0.08889 0.08067 0.09484 0.01213 0.02291 0.03538 0.08111 0.02997 0.01059 0.02881 0.09271
(Ambiguity characters are used to calculate freqs.)


# constant sites:      3 (2.04%)

TREE #  1:  ((((((((40, 143), 129), (58, 93)), 94), 95), (((131, 132), (96, 57)), (130, 133))), ((((((123, 122), 125), 124), 142), (60, 39)), 139)), ((((((((((((((((((((42, 43), 41), (47, 17)), 46), 56), 48), ((44, 45), 88)), 53), (((69, 16), (19, 18)), 36)), (((((((((52, 50), 51), 49), 54), 118), 14), (((20, 32), 5), (85, 15))), (7, 117)), 73)), 134), (((86, 72), 13), 87)), (((119, 71), 120), 33)), ((((76, 4), (70, 9)), (23, 77)), (10, 67))), (78, 35)), (84, 68)), ((((((34, 80), 81), 38), 37), 11), ((30, 8), 55))), (((1, 79), (6, 2)), 31)), ((((28, 29), 26), (3, 24)), ((83, 27), (25, 82)))), ((((((22, 21), 144), ((64, 65), 66)), 61), 63), (12, 62))), (((((((((((110, 108), 109), 99), 107), 98), (((106, 104), 112), 103)), (((91, 92), (89, 116)), 90)), (59, 74)), ((141, 140), (75, 121))), ((((((102, 101), 100), 115), 97), ((111, 113), 114)), 105)), ((((136, 137), 138), 135), ((128, 126), 127))));   MP score: -1
check convergence..
lnL(ntime:285  np:286): -20076.141273      +0.000000
 145..146 146..147 147..148 148..149 149..150 150..151 151..152 152..40  152..143 151..129 150..153 153..58  153..93  149..94  148..95  147..154 154..155 155..156 156..131 156..132 155..157 157..96  157..57  154..158 158..130 158..133 146..159 159..160 160..161 161..162 162..163 163..164 164..123 164..122 163..125 162..124 161..142 160..165 165..60  165..39  159..139 145..166 166..167 167..168 168..169 169..170 170..171 171..172 172..173 173..174 174..175 175..176 176..177 177..178 178..179 179..180 180..181 181..182 182..183 183..184 184..185 185..42  185..43  184..41  183..186 186..47  186..17  182..46  181..56  180..48  179..187 187..188 188..44  188..45  187..88  178..53  177..189 189..190 190..191 191..69  191..16  190..192 192..19  192..18  189..36  176..193 193..194 194..195 195..196 196..197 197..198 198..199 199..200 200..201 201..52  201..50  200..51  199..49  198..54  197..118 196..14  195..202 202..203 203..204 204..20  204..32  203..5   202..205 205..85  205..15  194..206 206..7   206..117 193..73  175..134 174..207 207..208 208..209 209..86  209..72  208..13  207..87  173..210 210..211 211..212 212..119 212..71  211..120 210..33  172..213 213..214 214..215 215..216 216..76  216..4   215..217 217..70  217..9   214..218 218..23  218..77  213..219 219..10  219..67  171..220 220..78  220..35  170..221 221..84  221..68  169..222 222..223 223..224 224..225 225..226 226..227 227..34  227..80  226..81  225..38  224..37  223..11  222..228 228..229 229..30  229..8   228..55  168..230 230..231 231..232 232..1   232..79  231..233 233..6   233..2   230..31  167..234 234..235 235..236 236..237 237..28  237..29  236..26  235..238 238..3   238..24  234..239 239..240 240..83  240..27  239..241 241..25  241..82  166..242 242..243 243..244 244..245 245..246 246..247 247..22  247..21  246..144 245..248 248..249 249..64  249..65  248..66  244..61  243..63  242..250 250..12  250..62  145..251 251..252 252..253 253..254 254..255 255..256 256..257 257..258 258..259 259..260 260..261 261..110 261..108 260..109 259..99  258..107 257..98  256..262 262..263 263..264 264..106 264..104 263..112 262..103 255..265 265..266 266..267 267..91  267..92  266..268 268..89  268..116 265..90  254..269 269..59  269..74  253..270 270..271 271..141 271..140 270..272 272..75  272..121 252..273 273..274 274..275 275..276 276..277 277..278 278..102 278..101 277..100 276..115 275..97  274..279 279..280 280..111 280..113 279..114 273..105 251..281 281..282 282..283 283..284 284..136 284..137 283..138 282..135 281..285 285..286 286..128 286..126 285..127
 0.000000 0.128337 0.054653 0.031357 0.047097 0.142262 0.093164 0.485636 0.523554 0.418082 0.133245 0.428231 0.285751 0.585983 0.483427 0.258861 0.026920 0.175199 0.015146 0.027578 0.030278 0.258386 0.208115 0.036474 0.158627 0.145989 0.072884 0.040357 0.201855 0.123194 0.026618 0.084763 0.179982 0.162757 0.207919 0.251215 0.280789 0.108622 0.257903 0.273785 0.423594 0.026508 0.000000 0.075193 0.021932 0.063163 0.027710 0.000000 0.099853 0.060731 0.021456 0.014412 0.020185 0.101302 0.044545 0.025428 0.031253 0.000000 0.000000 0.005093 0.005143 0.005022 0.005083 0.010303 0.003455 0.020642 0.011979 0.084702 0.000000 0.106717 0.036010 0.000000 0.000000 0.070253 0.014982 0.068492 0.086053 0.082460 0.041222 0.000000 0.000000 0.000000 0.000000 0.000000 0.141880 0.009177 0.034869 0.047043 0.032942 0.008241 0.023976 0.005071 0.000000 0.000000 0.000000 0.000000 0.000000 0.005104 0.005190 0.034445 0.027068 0.023094 0.013492 0.058011 0.013690 0.017707 0.051188 0.071971 0.018788 0.024087 0.078930 0.065014 0.036228 0.332700 0.177447 0.066689 0.014428 0.078168 0.059735 0.046007 0.166481 0.147681 0.127201 0.012634 0.007187 0.077269 0.027772 0.071769 0.040021 0.037549 0.130501 0.065436 0.139039 0.039722 0.037093 0.090074 0.023890 0.006522 0.216591 0.026975 0.016811 0.326037 0.137254 0.167898 0.250616 0.000000 0.000000 0.479039 0.000000 0.000000 0.054220 0.048990 0.225690 0.069704 0.038135 0.121633 0.000000 0.004965 0.106751 0.100799 0.189860 0.291198 0.057898 0.184431 0.176183 0.130402 0.215654 0.054708 0.009047 0.127497 0.312451 0.326598 0.372696 0.000000 0.000000 0.353762 0.077742 0.000000 0.131709 0.353724 0.000000 0.021192 0.305355 0.619091 0.121494 0.000000 0.095680 0.307858 0.129191 0.122445 0.204765 0.307402 0.236731 0.024694 0.113846 0.021659 0.063953 0.000000 0.105957 0.137650 0.072579 0.395814 0.026146 0.060717 0.074222 0.093451 0.187999 0.289922 0.314797 0.021469 0.590151 0.449033 0.066788 0.028687 0.000000 0.062287 0.080050 0.000000 0.000000 0.038444 0.175327 0.095472 0.018510 0.025084 0.005764 0.023725 0.163485 0.369036 0.440081 0.104215 0.076983 0.070727 0.259734 0.270557 0.200157 0.215472 0.500903 0.066110 0.127911 0.360415 0.199362 0.041266 0.137669 0.397062 0.196749 0.156155 0.190344 0.249487 0.227210 0.168808 0.156307 0.125091 0.075548 0.221440 0.440887 0.036581 0.000000 0.181405 0.086232 0.153433 0.060202 0.156993 0.058961 0.166344 0.047921 0.252808 0.130548 0.005228 0.394991 0.304475 0.182870 0.773651 0.125087 0.107472 0.067070 0.000000 0.068132 0.148516 0.061004 0.094587 0.092094 0.042029 0.094520 0.154123 0.129319 0.748577
