
Printing out site pattern counts


       131        167  P

GNM13746                        ---AAAAAAA AAAAACCDDD DDDDDDDDEE EEEEEEEEEE EEEEEFFFFF FGGGGGGGGG GGGIIIIIII IIIIIKKKKK KKKKKLLLLL LLLLLLLLLL NNNNNPPPPP PPPPPPQQRR RRRRRRRRRS SSSSTTTVVV VVVVVVVVVV VVVVWWWWYY YYYYYYY
GNM13538                        -------AAA AALSS-C--- DDDDEHKT-D DEEEEEEEKL LPRTT-FFFR Y----AGGGG GGY----FII ILVVV---AK KKNNV---IK LLLLLLMMTY ADEEL--EPP PPPPPSQQ-- --NPQRRRS- ASSS-PS--- IIIILQRSVV VVVV-WWW-- --ILTYY
GNM13876                        ---AARVAAA ALLPSCC--Q ADDNSNPSRR REEEEEEYLK VELERFFFFE F-GGLLAGGG GGAIIVVFIV VLMVVEMYED KSDGELLRLP LLLLLLILVY ATEHGPPPPP PPPPRPLQEK RYNPTRRVK- SASSSKS-LV AVVVTDRVFI IVVV-TWWFL QTDLVHL
GNM13680                        ---AAAVAAA AALRACCESR ADDNDPDDKE KDEEEERLEA EETQEFFFFE YGGGLIGGGG GKKILVVFVI VLSVVEANVQ KKKRKLLRLR LLLLLLYVIA SDQSEPPPPP PPPPAKRQRA RFSAQKRRRS SAASTPTDLV VIIVVRLIVI LTVVIWWWYL ETIYTNY
GNM14837                        ---AASVAAA GLLAACCDSK SDDNEEDTKD NEEEEEEYES VEIESFFFFH FGGGLTGGGG GGKILVVFII ILTVVTVNED KKKNKLLRIL LLLLLSQVVA GKEESPPNPP PPPTSARQEN RYQKQKRRKS SAETTPTDMV TVVILKEIII VVTVFNWWLL EEVSTYY
GNM14249                        ---AASVAAA GLMDACCDSR SDDSENDVKD NEEEEEEYQS EEIEEFFFFR FGGGLTGGGG GGKILVVFII ILTVVTVNED KRSNKLLRIL LLLLLSQVTA GDDKSPPTPP PPPPYTRQKS RYDKQKRRKS SAETTHTDMV EIVILKEIII AVIVFNWWFT EEMSTYY
GNM13928                        ---AASVAAA GLLSACCDSK SDDDEEDNKD TEEEEEEYET VEIETFFFFQ FGGGLTGGGG GGKILVVFII ILTIVTKNED KEKNKLLRIL LLLLLSQVTV GYEKSPPSPP PPPTSARQRS RYKKQKRRRS SAETTPTDMV VIVILKEIII VVTVFNWWFL EEVSTHY
GNM14865                        ---ASTAAAA GLLGACCDDE KDHSDSPEED SEEEESDLD- TLEEDFFFQG FGGGVAGGGG GGRAIVVIAI VITVIEAKRP K-AGEALRIV LMVWY-RINA ALHN-GYTDE PPYS-AATLR RA-PEMCTLT HATCRNNYLV KILVINLLVT I-VLLAWWYR RSQTSNP
GNM13455                        ---------A GI-G--C--- --DD-P---- PE-EE-KYQ- --IEK-FF-- F----TGGGG GGR-----II -LT-----E- K--NK---I- LL-LLLE--Y -D--V---P- PP----RQ-- ---KEE-RK- S-E------- E-VV--E-V- V-IV-HWW-- --IQ-H-
GNM14938                        --LASRVAAA ALMGACCTER ADHDVGGRRR PEEEEEEYER ELRERFFFFE FGGGLLGGGG GGAILIVVII VLAVVESNEE KKKRELLRIP LLLLLLFVVE LTVREAPEPP PPPPGDRQER RFDPERRRRD SAASTETDLV ALVVTDVLVI IVVVVLWWAR MLEYFNI
GNM14483                        ---AARVAAA ALLSACCEEA ADDDEPGGEE EVEEEESFRR RDVEKFFFFE FGGGVAGGGG GEAILLVVMV QLTVVERSKE KPSRRALRVP LLLLLGIVIG ADDSTPPPPP APPPRRRQNV RF-PQRRTVS SASSTLTSLV QVIIIDVIVL IVTVLRMWHY LCEQSQM
GNM14872                        ---AASVAAA AALKACCEAR ADDDGPEDLE NDEEEEKLHA EEVEKFFFFQ YGGGVIGGGG GAKIIVVFLV ILSVVEANEK KGKRVLLRLK LLLLLDYVTA SDQHGPPPPP PPPPPGQQTK RFSPQRRRTS SAASTETDLV IIIVVPLLVI L-VVIWWWYL EKQYTNR
GNM14445                        ---GAMVAAA AALQACCNKK ADDEEPDTKD DEEEEEKQQE EILESFFFFS FGGGVSGGGG GGDILIVIII LLIIIEENVD KSNGKLLRIR LLLLLLLVVL ADENKPPDPE PPPPQSRQKK RHSSQDREKS SSTSTPTDLV VIVILKRLVI VVTVIWWWYL VKIYVHY
GNM14404                        ---AASVAAA ALMGSCCEEK EDDDLPDDRK PEEEEEQQKR EEHEYFFFFG FGGGLCGGGG GGEILIVVII ILTVIESNGD KESREILRIP LLLLLLLVVA ADEYSPPPPP APPPPIRQSK RFDPSRRRRT SASSTPTDLV QIIITRRIIV VVVVYRWWYY FEEYVYL
GNM14545                        ---AASVAAA ALMGSCCEEK EGDDLPDDRK PEEEEEQQKR EEHEYFFFFG FGGGLCGGGG GGEILIVVII ILTVIESNGD KESREILRIP LLLLLLLVVA ADEYSPPPPP APPPPIRQSK RFDPSRRRRT SASSTPTDLV QIIITRRIIV VVVVYRWWYY FEEYVYL
GNM14366                        ---AICIAAA GLLGACCDER ADDNQPDTSE QQEEEEKYSS VEVESFFFFN FGGGVTGGGG GGRILVVFII PLTVVTVESD KESNKLLRVP LLLLLLQVTC ADTKFPPPPP PPPPPVRQKE RF-QERRRSS SAATTPTDAV EIVILKHIVL VVVVIQWWFL SEIFTHI
GNM14252                        ---AASIAAA GLLEACCDSK SDDSEGETND KEEEEEEYQS EEVEKFFFFR FGGGITGGGG GGKILVVFII VLTVITINED KGSNRLLRIL LLLLLSQVTA GDDKSPPTPA PPPPYARQKS RYEKQKRRKS SAETTPTDMV EIVILTEIII VVVVINWWYI QQVSTYY
GNM13960                        ---AASVAAA GLLSACCDSK ADDNESNKKE TEEEEERYKT VEVETFFFFE FGGGLTGGGG GGKILVVFII VLVVVTVNEN KSGNKLLRIL LLLLLTEVVI ADYDEPPPPS PPPPPTRQSN RFDREKRRKS SGQTTPTDTV VIVIIDEIII IVVVLHWWFM FEIETHY
GNM14174                        ---AACVAAA ALLGACCEER NDDCEPGSDD EEEEEEEWKK ETKEYFFFFK FGGGLCGGGG GDEIIVVFII ILAVVKINES KDGQRLLRIL LLLLLLVLVS ADENHPPHPS PPPPPSRQMH RYNPQKREKS KSCSTPTLLV EIVVVEVVVV IVVVLKWWYY FEIYIQC
GNM14246                        ---AACVAAA ALLGSCCDER NDDNDSDSKE EEEEEEEWKT QLEESFFFFQ FGGGLCGGGG GDEILVVFII ILTVVEVNKK KESKKLLRIP LLLLLLMIVS ADQQEPPYPP PPPPPLLQKH RFKPHKRQKT KSTSTPTHLV EIVIVEKIVV VAIVLRWWHY FEIHTQY
GNM14640                        ---AACVAAA ALLSSCCEER NDDEDSDSKE EEEEEEEWKT QLVEAFFFFQ FCGGLCSGGG GNEILVVFII ILTVVERNTN KQQKKLLRIP LLLLLMMVVC ADRHEPPPPP PPPPPFVQKH RFKPQKRQKT KSCSTPTLLV EIVIVEKIIV VAIVLRWWYY SEIYTQY
GNM14965                        ---AVCVASA AALRACCDER ADDDDPADRE DEEEEETLVM VEVECFFYFQ YGGGLLGGGG GKKILVVFII ILSVIDENSK KQNKKALRLL LLLLLLYVVI SDRDRAPSPP PPPPPKRQTG RFNPQKRRSL SAASTPTDLV TIVILKVIVI LVVVIWWWHS KASFTNY
GNM13677                        ---AARVAAA ALLPSCCKEH ADDNSNPSRR PEEEEEEYLN VELERFFFFE FGGGLLGGGG GGAIIVVFIV VLMVVEVYEE KSDGELLRLP LLLLLFILVY ATEHNPPPPP PPPPRPPQEK RYNPTRRVKD SASSSKSDLV AVVVTDRVVI IVVVVTWWYL QTDLVHL
GNM14339                        ---AARVAAA ALADACCVER LDDDTRDTWM PEEEEEEYHS ERRESFFFFY FGGGLLGGGG GGAMLIVLII MLVLLEVYES KEQRRLLRIP LLLLLIILIH DTDETAPPPP PPPPPKRQGR RIPPNKRLKS SAMSTDTDLV ARVITSVVVI IAVVLAWWEI RDDYFHL
GNM14593                        ---AARVAAA ALLGSCCEEK ADDTESDERK EEEEEEKYKK EEVETFFFFE YAGGLLGGGG GNLIIIVIII VLAVVREYKE KKSNVLLRIP LLLLLLLLVF ATQREPPLPP PPPPPLEQTE RFDSTKRRRS SAMSTTTLLV PIIVTSESVI IYVVLSWWYL YTQYTHL
GNM13825                        ---ASRVAAA ALMGACCLPR ADHDLGDRRK PEEEEEEYER ELREYFFFFE FGGGLLGGGG GGAILIVLIV VLSVVEEYEE KQRRELLRVP LLLLLLFVVE LTVGEAPEPP PPPPRERQRR RFDPERRRRD AAVSTETDLV ALVLTRVIVI IVVVILWWAR ETEYFNL
GNM14768                        ---ATQVAAA ALMGSCCESK ADDTEASSKR KEEEEEEYMK EEIESFFFFE YGGGLLGGGG GGEILIVVII MLMVAEAYED KTSRRLLRLP LLLLLLLVIY ATESKPPPPP PPPPPLEQSR RIDPSKRERS SAMSTPTLLV PIIVARRIVI IFVVLAWWYL YVQYTHL
GNM14776                        ---ATQVAAA ALMGSCCESK ADDTEASSKR KEEEEEEYTK EEIESFFFFE YGGGLLGGGG GGEILIVVII MLMVAEAYED KTSRRLLRLP LLLLLLLVIY ATESKPPPPP PPPPPLEQSR RIDPSKRERS SAMSTPTLLV PIIVAKRIVI IFVVLAWWYL YVQYTHL
GNM14715                        -A-ATRVAVA ALLQFCCEAA ADDDDSGSEE REEEEESQKR RDETSFFFFE FGGGVAGGGG GGAILLVVII RLTVVERSTE KPSGRALRVP ILLLLQAVVA ADRREAPPPP APPPRARQRK RYSMQRRAV- S-SSTATMLV QTLIISVIVV VATV-NWWQE AAEQSEL
GNM14639                        ---AAAVAAA CILIACCDEE ADDGQTDSKE EREEEEKYKL QLVEGFFWFE FGGGVLGGGG GGEIIIVVMI VLVVVEKNKR KDEKKLLRIP LLLLLLLLLS ADQEKAPE-P APLPPKRQIK RFSPQKREKT SAESTPTDLV AIVIVKKIVI LVVVLWWWYE LELYVNY
GNM14450                        ---ATAVAAS ASLRSCC--K ADDDQMDKYN KEEEEEHYKS ELIQEFFFFN F-GGLTGGGG GGKILIILII ILTIIE-NVD KQERKLLRVK LLLLLLVVTC ADNRPPPKPP PPPPPKRQIK RFDPEKRRR- SACSTQT-LI EIIVVKVIII IVIV-WWWYM -NTYTEY
GNM13515                        ---AVAVSAA GLLDACCDDK SDDDEPNTTD EVEEEEEYEE EEVDLFFFFE FGGGLTGGGG GNRIIVVFIV TLTVVTTNIN KSQNKLLRII LLLLLFHIVS AGDNKAPPPS PPAPPQRQTN RFSNQKRRKS SANTTDSDMV VIIILSELII ITVVIKWWYF IKISTHI
GNM14959                        ---AAYVAAA ALLGACCEER ADHDSPDSRR EMEEEEQYKR ELVTEFYFFE FGGGLGGFGG GCKIIVVFVI IITVIEKEVE KGENVLLRVP LLLLLLMMTC GDNKDAPEPP PPLPPIEQRK RFNPESRRVS SSNSTPSILT SIVIVERVVL IPVVYRWWYQ FEQLVEY
GNM13413                        ---AAGTAAA GLLGACCEEK EDHDVRDEDE EEEEEEEYLW SIYTEFYFFN FGGMVTGGGG GCRIIIVIVI VLTVVESERW KGSRILLRIP LLLTLMVVIC SDEKDPLNPP PPPPRPEVTP RFDPEKRRLT KSATTQSLIT EIIVTDRLVV AVVVLKWWYA LARHVEL
GNM14971                        ---AASVAAA GLLSACCDSK ADDDEANKKE AEEEEERYKM VEVETFFFFE FGGGLTGGGG GGKILVVFII ILVVVTVNEN KSKNKLLRIL LLLLLTEVVT ADHNEPPPPS PPPPPTRQSN RFDREKRRKS SGQTTPTDTV VIVIIDEIII IVVVLHWWFM FEIETHY
GNM14990                        ---AASVAAA GLLSACCDSK ADDNESNKKE AEEEEERYKT IEVETFFFFE FGGGLTGGGG GGKILVVFII VLVVVTVNEN KSENKLLRIL LLLLLTEVVT ADHDEPPPPS PPPPPTRQSN RFDREKRRKS SGQTTPTDTV VIVIIDGIII IVVVLHWWFM VEIETHY
GNM14992                        ---AASVAAA GLLSACCDSK ADDNEANKKE AEEEEERYKT VEVETFFFFE FGGGLTGGGG GGKILVVFII VLVVVTVNEN KSKNKLLRIL LLLLLTEVVT ADRDEPPPPS PPPPPTRQSN RFDREKRRRS SGQTTPTDAV VIVIIDEIII IVVVLHWWFM LEIETHY
GNM15013                        ---------A -L-S--C--- --DNES---- -E--E-RYKM ---E------ F----T-GGG GG------II -L-------- K-E-K----L LL-LL-E--T -D-------- PP-----Q-- ---R---R-- S-Q------- V-V------- I-VV-HWW-- -----HY
GNM15014                        -------AAA GLLSA-C--- ADDDEANK-E AEEEEERYKM VVVET-FFFE F----TGGGG GGK----FII ILVVV---EN KSENK---IL LLLLLTEVVT ADRDEP-PPS PPPPPTRQ-- --DREKRRK- SGQT-PT--- VIVIINEIIV IVVV-HWW-M --IETHY
GNM14976                        ---AASVAAA -LLSACCDSK SDDNEANKKD -EE-EERYKM VE-E-F--LE FGGGLT-GGG GG-ILVVFII IL-VVTVN-N KSE-KLLR-L LLLLL-EVVT GDHD-PPP-S PPPPPT-QSN RFDR--RR-S SAQTTPTDTV VIV-ID-I-I IVVVLHWWFM VE--THY
GNM14999                        ---AASVAAA GLLSACC--K SDDSEANKRD QEEEEERYKM VEVETFFFFE F-GGLTGGGG GSKILVVFII ILVVVT-NEN KSENKLLRIL LLLLLPEVVT GDHDKPPSPP PPPPPTRQSN RFDREKRRK- SAQTTPT-TV TIVIIDEIVI IVVV-HWWFM -GIETHY
GNM15018                        ---AVSVAAA GLLDACCDSK SDDNENDTKD NEEEEEEYQS EEIENFFFFR FGGGLTGGGG GGKILVVFII ILTVVTINED KEPNKLLRIL LLLLLSQVTA GNDKSPPSPP PPPPYIRQKS RYEKQKRRKS SAETTPTDMV EIVILKEIII VVTVFNWWFT EEVSTYY
GNM15024                        ---AVSVAAA GLLDACCDSK SDDNENDTKD NEEEEEEYQS EEIENFFFFR FGGGLTGGGG GGKILVVFII ILTVVTINED KEPNKLLRIL LLLLLSQVTA GNDKSPPSPP PPPPYIRQKS RYEKQKRRKS SAETTPTDMV EIVILKEIII VVTVFNWWFT EEVSTYY
GNM14980                        ---AVSVAAA GLLDACCDSK SDDNENDTKD NEEEEEEYQS EEIENFFFFR FGGGLTGGGG RGKILVVFII ILTVVTINED KEPNKLLRIL LLLLLSQVTA GNDKSPPSPP PPPPYIRQKS RYEKQKRRKS SAETTPTDMV EIVILKEIII VVTVFNWWFT EEVSTYY
GNM15026                        ---AASVAAA GLLSACCDSK ADDNEEDTQE EEEEEERYKM MEMETFFFFE FGGGLTGGGG GGKILVVFII ILAVVTVNEK KSTKKLLRIL LLLLLPHVTF ADRDKPPPPV PPPPPTRQSD RFNKEKRRKT SGQTTQTDTV VIVVIDEIII IVGVLHWWFM LEIETHY
GNM15001                        ---AVSV--A GL-D-CCDSK --GN-N--R- NE-EE-EY-- --IEKFFF-- FGGGLTGGGG -GKILVV-I- -LT--TINE- K--N-LLRI- LL-LLSQ--A -D--SPP-P- PP----RQKS RY-KQT--KS S-E-T--DMV E--I--E-I- V-TVFNWWFT EEVS-H-
GNM15028                        ---------A GL----C--- -----E---- A--E------ --VET-FF-- F----TGG-- --K------- --V-----E- K--N----I- L----TE--A -D--E---P- ------R--- ---KKK--K- --Q------- ---I--E-I- -------W-- --IE-H-
GNM11003                        ---AAGAAAA GLIGACCEEK ADDDESNMQN DEEEEEEYVK EEITYFFFFS FGGLLTSGGG GCRILIVIII KLVVVMKEKD KDKNKLLRIP LLLLLKLLIC IDENIAVPPP PPPPRKLQGK RYDPERRRRG SAATTKTIIV EIVIVVMIEV VVMVLKWWKE TKIKFEL
GNM11023                        ---AAGAAAA ALLPACCDAR DDHDEPDSRT PIEEDEEELH EPVLEFFWFS FGGAVAGGGG GGRILVVVYV VLVVVEEETE KKARELLRIP LLLLLLILRC ATERDPVEPP APMPPRRQEP RV-GRERLRD AATTTSGDIV PVVVVPRVVL VKVVLKWWWR AEAYSWR
GNM11055                        ---AARVAAA GLMGACCEER ADHDDPNREE EEEEEEKYHK ERVEEFFFFD FGGGLTGGGG GNKILIVVIV ILAVIEETKS KKNREALRVP LLLLLIMVIC ADEEDPPEPP APPPPLEQEK RF-PEERRRT SSSTTPTRLT AIIIIDVIVI VAVVLMMWYY KHQYVEL
GNM11146                        ---AAYVAAA ALLGACCQER ADHDEREDRN DVEEEEEYLK EEYMGFYFFD FGGGIAGYGG GCRIIVVFVV ILTVVEKEKN KNNRKLLRVV LLLLLLELIC AEKSDGPAPP PPLPPVEQRN RFSPERRVTN SSDSTPSLLT TLVITKRVVA IFVVYRWWFR FEQYFEL
GNM11220                        ---ASRVAAA ALMGACCEER EDDDEPDKRE REEEEEEWAR ELIEEFFFFG FGGGLAGGGG GGEILIVVII ILTVVEANEE KRKRRLLRVP LLLLLLMVAS ADEERPPPPP PPPPPLRQRK RFDPQRRVRT RSSSTVTDLV EIIVTKRIVI VVVVLRWWYY FEEYVYL
GNM11222                        ---AACVAAA ALLGACCEVR NDDNEPSRKD EEEEEEEWQK QLAEKFFFFG FGGGLGGGGG GGEILIVVII IITVVTENEE KEGGRLLRIP LLLLLLLVVA ADEQTPPPPP PPPPPLRQKK RYNPQKRVKE KSSSTPTALV SIIITKRIVV VVVVVRWWYE FEIYVNY
GNM11223                        ---AARVAAA SLLGACCEGK DDDDEPSARE REEEEEEWKR KLVEEFFAFR FGGGLCGGGG GNEILVVFII VLTVVEANLE KESKKLLRIP LLLLLLMVLY ADRQDPPHPP PPPPPKVQKR RFSPSKRRRS RACSTLTNLV EIIIVEVIVI VVVVIRWWHY FEIYTQY
GNM11224                        ---AACVAAA SLLGACCEGK DDDDEPDTRE REEEEEEWKK QPVEEFFAFR FGGGLCGGGG GGEILVVFII VLTVVEANLE KKSNKLLRLP LLLLLLMVLY ADRSDPPRPP PPPPPQVQKR RFDPSKREKS RACSTPTSLV EIIIVEVIVI VVVVIRWWHY FEVYTQY
GNM11225                        ---AAMVAAA CLLGSCCEEK DDDDETSSRE RAEEEEEWRR ELVEEFFIFR FAGGLCGGGG GGMIIVVFIV ILTVVEANLD KSSGRLLRIP LLLLLLMLVC ADRHDPPPPP PPPPPITQKP RFSPSKRVRT KACSTKTDLV SVILVRVVII IVVVLRWWKY LRIYTQY
GNM11360                        ---AVSVAAA GILGACCDKK SDDNEPNKNE TEEEEEKYQK KKIEKFFFFE FGGGLTGGGG GGKILVVFII ELTVVTNNEE KNSNKLLRIL LLLLLLEVTY ADNSVPPYPP PPPPPYRQKK RYNKEERRKS SAETTPTDTV EIVVLIEIVI VVIVLYWWYL TEIQTHY
GNM11362                        ---AAAVAAA AALRACCDER ADDDEMDKSD REEEEEVYKR ELTREFFFFE FGGGLTGGGG GGKILLIVMI VLTLIEYNVS KKDNKLLRVK LLLLLLMVTC ADYRRPPEPP APPPPSRQKK RFDPERRRRS SACSTETDLV EVVIITVIVI IVVVLWWWYL THIYTEY
GNM11377                        ---AASVAAA AALKACCEAR ADDDEPEDLE DDEEEEKLRV EEVERFFFFD YGGGVIGGGG GGKIIVVFLI ILSVVEANEK KGKKALLRLK LLLLLTYVTV SDQHGPPPPP PPPPPGRQVK RFGPQKRRTS SAASTETDLV IIIIVPLLII L-VVIWWWYL EKAFVNR
GNM11380                        ---AVSVSAA GALESCCDDK ADDNEPSRLD KEEEEEKYMA VEKEEFFFFE FGGGLTGGGG GEKILVVFII LLVVVTQNIE KKGNKLLRIP LLLLLLEVTY SNEEEPPPPP PPPPPFRQKK RFDFEKRRKS AASTTPTDTV EIIVLKLIII VVVVLWWWYT TEILTHY
GNM11383                        ---AIVIAAA GLLGACCDES ADDSEPDEKE MEEEEEKYKQ AEIKKFFFFE FGGGLTGGGG GGKILVVFII PLTVITKNEH KDSNKLLRVL LLLLLLQVTC ASQSKPPSPP PPPPPPRQRD RFDSEQRRSS SAETTPTDTV EIVILTEIII IVVVIQWWFL FEIFTHL
GNM11491                        ---AASVAAA GLLGACCDER ADDDEEGAAD RAEEEERYRS ERSEEFFFFQ FGGGLTGGGG GNRILVVFVI HLLVVTEQED KDSCTLLRVP LLLLL-IVTV ADRD-PTEPP PPPPPA-QED RYHRGERRRT SASTTPTQAV SIVVLT-III VVAVLRWWFE AATYTHY
GNM11804                        ---AARVAAA GLMGACCDEK ADHDESDKEE EEEEEEKYKT EKVEEFFFFE FGGGLTGGGG GNAILIVVLI ILTVIEVNKE KEKREALRVP LLLLLILVEC ADEEDPPPPP APPPRLEQRK RFDPEERRVS SSTTTPTLLT AIVIIEVIVV IVVVLRFWYY KTQYTQL
GNM12883                        ---AASVAAA AALKACCQSR ADDDDPRDRE LDEEEERLAS EDVEEFFFFE YGGGLIGGGG GNKILVVFII ILSVVTENLQ KEKGKLLRLR LLLLLSHVTA TGQNESPPPP PPPPPLKQAE RF-PHKRRKS SAASTATDLV IIIVVRVIII LCVVIWWLYV SEVYTHY
GNM12886                        ---AAAVAAA AALRACCESR ADDNEPDDKD KDEEEERLEA EETEEFFFFE YGGGLIGGGG GNKILVVFII VLSVVETNVR KRKNKLLRLK LLLLLLYLIA SDQSDPPPPP PPPPPRMQQM RF-LQKRRKS SAASTTTELV IIIVVMLIVV LTRVIWWLYL ETLYTNY
GNM12892                        ---AVCVASA AALRACCDER ADDDDPVDRE DEEEEETLVM VEVEYFFYFQ YGGGLLGGGG GKKILVVFII ILSVIEENSK KQNKKALRLL LLLLLLYVVI SDRDRAPSPP PPPPPKRQNG RFNPQKRRSL SAASTPTDLV TIVILKVIVI LVVVIWWWHL KASFTNY
GNM12895                        ---ATAVAAS ASLRSCC--K ADDDQMDKYN KEEEEEHYKS ELIQEFFFFN F-GGLTGGGG GGKILIILII ILTIIE-NVD KQERKMLRVK LLLLLLVVTC ADNRPPPKPP PPPPPKRQIK RFDPEKRRR- SACSTQT-LI EIIVVKVIII IVIV-WWWYM -NTYTEY
GNM13060                        ---AAAAAAA AAAAACCDDN DDDNDDDDEE EEEEEEEEEE IEEEEFFFFF FGGGGGGGGG GGGIIIIIII IIIVIKKKKK KKKKKLLLLL LLLLLLLLLL NNNNNPPPPP PPPPPPQQKS RRRRSRRRRT SSSSTPTIVV VVVVVLVVVV VVVVWWWWYY YYYYYYY
GNM13061                        ---AAAAAAA AAAAACCDER DDDDDDDKDE EKQEEEEEEN VEVEEFFFFY FGGGGGGGGG GGGIIIIIII IIIVIKRKKE KSNNKLLLLL LLLLLLLLLL NNKEPPPPPP PPPPPPQQRK RRDRTRRRRT ASSSTPTVVV TVVVVKVVVV VVVVWWWWYY FHYYFYY
GNM11034                        --LASRVAAA ALMGACC--G ADHDKGDRRR PEEEEEEYER EPRERFFFFE F-GGLLGGGG GGAILIVVIV VLAVVE-NEE KEEREMLRIP LLLLLLFVVE LTVREPPEPP PPPPRDRQQR RFDPERRRR- AAVSTET-LV ALVVTEVLVI IVVV-LWWAR -LEFFNL
GNM11363                        ---AAAVAAA AALRACCDER ADDDEMDKSD REEEEEVYKR ELTREFFFFE FGGGLTGGGG GGKILLIVMI VLTLIEYNVS KKDNKLLRVK LLLLLLMVTC ADYRRPPEPP APPPPSRQKK RFDPERRRRS SACSTETDLV EVVIITVIVI IVVVLWWWYL THIYTEY
GNM11375                        ---AASVAAA GLLPACCDSM SDDSEEDTKD EEEEEEEYES EEIESFFFFQ FGGGLTGGGG GNKILVVFII VLTVVTKNEE KNTNKLLRIL LLLLLSQVVA GDKKSPPSPP PPPPFPRQRN RYDKQKRRRS SAETTPTDMV VIVILKEIIV VVIVFNWWIL EEMSTYY
GNM11381                        ---AIAIAAA GLLGACCDQS ADHSTPDQKE IKEEEEKYKA EQIEKFFFFE FGGGVTGGGG GGKILVVFII PLTVVTQNTT KDDNKLLRVP LLLLLLQVTC AKETEPPPPP PPPPPKRQTD RFDSERRRAT SADTTPTDSV EIVILHEIII IVVVIQWWFL LEIFTHL
GNM11382                        ---AIAIAAA GLLGACCDEQ ADDTKPDTKD KEEEEERYCS VEIEAFFFFE FGGGITGGGG GGKILVVFII VLTVVTTSEN KDSNKLLRVV LLLLLLQVTC ANNKKPPSPP PPPPPKRQTD RYDGETRRST SASTTPTDTV EIVILKEIII VVVVLQWWYM VEVSTHL
GNM11799                        ---AASVAAA GLLSACCDSK ADDNELDKRD AEEEEERYKL VEVETFFFFE FGGGLTGGGG GGKILVVFII VLVVVTVNEK KSSNKLLRIL LLLLLTEVVF ADHDEPPSPP PPPPPIRQSN RFDKEKRRKS SGQTTPTDAV VIVIIDEIII VVVVLHWWLM LEIETHY
GNM11931                        E--ASTAAAA GLLDACCDEE EAHSDPPEEE PFEEESDND- VLEEGFFFGE YGGSVTDNGG GDRALVVVAI VVVVTEAETA K-EDETLRVI LMVWYARVRA AGHNTSHSDE PPLS-DETQR RA-DEMCVLS HADCRNSFLV VILVIDLIVT I-VLLGWWFG RAQTSRP
GNM12040                        ---ASTAAAA GLLNACSDDE QDHNTSSEED SQEEESDND- VSEQPFFFGS FGGGVAGGEG GDRAIVVVVV VLTVIEARRP K-EGEALRVV FMVWY-RVVA ALHN-TSSDE PPHS-QETLR RS-PETCTLS HATCRECYLV KILVIDLLVT I-VILRWWYR RSQTSRP
GNM12071                        ---AATAAAA GILGACCDDE KDHSDADEEE AAEEESDND- VLEEAFIFGG FGGGVAGKGG GGRALVVVAL VVTVIEAERK K-AGKALRVL LLVWY-RVTA ANHN-TWSDE PPTS-PETRR RA-PEMCTLS HASFRNSYLV GIVVINLIVT V-VVLGWWFE RSQTSRP
GNM12125                        ---ASGAAAA SMLGACCEER EDHDEPPNRD EEEEEEKYSE EPETTFFWFN FGGAFTGGGG GLRIIVVFVI ILTVVEATKN KTKMVLLRFV LLLLLLVMTC TTERDPVPPP PPLPPREEEP RY-PTERRRT QVASTPGFLV EVIAVPRVVL ASVVLKWWYY YYRYFER
GNM12126                        ---ATGAAAA GMLGACCDER ADTDAPDSKE EEEEEERYYR TPVTEFYWFQ FGGALTGGGG GCTIIIVVII MITVVEELVG KA-RRLLRAP ILLVLLVMVC TDQHDPVPPP PPHPRPEETL RY-PRERELT SVASTDGHLV PVITVRRVVF IPVVLRWWYE FSRVTEL
GNM12128                        ---AAGAAAA AMLGACCEDR ADHDRENTKN AEEEDEMYDR KPSTSFYFFE FGGMVGGGGG GCYIIIVIII IITVIEVEEN K-DRILLRLP LLLTLLLLVC TDENNPLPPP PPPP-YHQIK RF-PEKRKVS SAASTISILV VIIIV-RIIV V-IVIRWWYQ FTSFTEI
GNM12182                        ---ASGAAAA GLLGACCVQK ADDDKLDRSK NEEEEEEYMR ENTTSFFIFS FGGMLTGGGG GCRILIVIII SLVVIEKEEE KDSNELLRIP LLLLLKIVVC IDEQ-AIPPP PPPPRPIQRY RYDPQKRKKD SAATTKTLIV ALVIVEMLVI VVVVIKWWRE NRIKFEL
GNM12342                        ---AVRCAAA ALMGACCEER SDDDEPDTAE EEEEEEEYKK ELIEEFFFFK YGGGLLGGGG GGEILIVVII ELVVIETHVE KNERKALRIL LLLLLLLVVM ADESKPPPPP PPPPPLEQAK RIHPEKRRRT RAASTPTLYC VIIILKKIVI IVVVLYWWYE FNQYTHY
GNM12346                        ---AVGVAAA GILGACCDEK SDDDESDHND PTEEEEEWHL ELIEEFFFFR FGGGVLGGGG GHEILIVVII ALAVIETSTN KKHGKALRIP LLLLLILVRA ADEQKPPPPR PPPPPKEQKP RY-PGKRRTS KAETTQGLTV AMIILKKIVL ICVVLYWWYY LEQYTNR
GNM12351                        ---ATRVAAA GLMGACCESR SDHDKPSDND DIEEEEKNVD ELEDEFFFFR LGGGLTGGGG GDKILIVVII VLAVVEETVS KLERETLRMP LLLLLFLVIA ADSDKAPPPM APPPPIEQKL RH-QEQRRWS QSNTTQTALV AIIIIDNIIV AVPVLMFWFY QSQYTHL
GNM12356                        ---ANRVSSA SLLGACCEEK SDDDDPRGIE KGEEEEEHKA KLVESFFFFD YGGGLLGGGG GNKILIVIII KLVIIEKYLM KNENKALRIL LLLLL-LVTT ADDDKPPPPP PPPPPREQSP RISVENRRSS RAASTPTFFT IIVILEEIIV IAIVLYWWYE FCQYVNY
GNM12357                        ---SVRIASA ALLGACCEEK SDDDEPKTNE PKEEEEEYKR EDVQVFFFFH FGGGLLGGGG GNEILLIIIL KLVVVETHLP KKEGKILRIL LLLLLTLLIA ATDDSPPQPP APPPPHEQKV RIDVQKRRSN RTSSSTTLHV TIVVIDKTVV IVTVLFWWYE LQQKVNY
GNM12366                        ---AVRIASA ALLGACCEEK SDDDDPSKEE PKEEEEEYRM EEIQSFFFFH FGGGLLGGGG GNEIILVFIL KLVIVVAHLK KEQNELLRLL LLLLLTLVIA ATDETPPQPP APPPPSEQKV RINKQRRRSN RASSSMTLYV KIIILNKIII IVTVLFWWYE IHQQENY
GNM12373                        ---AYRVAAA GLLNACCETQ HDHGQHRNLD -VEEEEEYAD VL-E-FFFFH FGGGVT-GGG GGKILALIIV KLCVVEQT-G KEG-IALRIP LLLLL-RVKA ADDQ-PPY-P APPPPE-QTK RF-PENRRTS TARTTLTQAV PQIIIE-I-L ACVVLMWWAF LSQLIER
GNM12385                        ---AARVAAA GLLLACCEER SDHDESASKE -REEEESYCE RP-EAFFFFK FGGGVT-GGG GGEIIVVLIV LLVVVERKKR KPN-EALRVP LLLLL-VVDC AGDD-PPPVP PPPPPR-QDK RL-PEARKTT GADTTPTPLV SAVIID-L-L VCTVLGWWAY TKQQLQR
GNM12551                        --PAARVAAA ALMGACCEER SDHDEPERKE PIEEEEREKK KKREEFFFFG FGGGLAGGGG GGEILIVIII VICVVVEKES KDEEELLRIV LLLLLLLMKW ADEEDPPPPP PPPPPDEQEK RFNPEERRVT SASSTPTLLV EIIVTERIVL VVVVLRWWYE FHQYTHY
GNM12554                        ---AARVAAA GLLFACCEDR ADHDDSSKGD -KEEEERYHE VP-TLFYFFE FGGGIT-GGG GGKILIIFII ELVVVEITSD KAA-EALRIP LLLLL-EVDC ADDS-PPP-G APPPPK-QAK RF-REERRTT SADTTPTPLV VVIIIE-L-L ACTVLGWWTY LYQLLHR
GNM12592                        ---AARVGAA ALLGACCEER NDHDTPDRDD DVEEEETYRK QVIDSFFFFR FGGGVTGGGG GGSILLVIIV VLTVVTRETE KGENQALRIP LLLLLLLVTA ADKEKAPPPR APPPKPEQHR RYDVEVRRCT SSCTTETLLV SIIIIDKIVM V-PVLRFWYR RAQETQL
GNM12596                        ---ATRVAAA GLLGACCETK SDHDESEGKD EIEEEEKNKK EKIDEFFFFR FGGGLTGGGG GEKILIVVIV ILAVIERTKE KPDEEALRVP LLLLLFMVIA ADQSKPPPPP APPPPGEQLN RH-PEERKCT QSGTTQTELV SIIIINELVI VAPVLQMWLY VTQYVHL
GNM12602                        ---ATRVAAA GLLGACCEVK SDHDELNRKD EIEEEEKYRE EKLEEFFFFR FGGGLTGGGG GNKILIVVII MLAVIERTKD KPECEALRVP LLLLLFLVVA ADDKNPPPPP APPPAEEQSK RH-PEERKCT QSGTTQTDLV SIVIINEIVI VAPVLQMWFF ASQSTHL
GNM12665                        ---ATRVAAA GLMGACCETK SDHDESKEKD EIEEEEKNKK EKIDEFFFFR FGGGLTGGGG GDKILIVVIV LLAVIERTKD KSDDEALRVP LLLLLFMVLA ADENKPPPPT APPPPQEQSY RH-PEERKCT QSSTTQTELV SIIIINEIVI VAPVLQMWFY AIQYTHL
GNM12745                        ---ANLVASA ALFDACCEKK ADDDEAQTDD -EEEEEEQKN TK-E-FFFFN FGGGLL-GGG GNQILILIIL LLTIVRNN-D KKD-ELLRIL LLLLL-YLTA ADDN-PPM-P PPPPYL-QEK RYDSQDRVKT RVESTKTEIV IIVIVI-I-V IVIVLSWWYE LCQFVNY
GNM12749                        ---AVRVAAA GLLYACCEAS SDHNDPSTHE KTEEEERWAA EL-EDFFFFG FGGGVTHGGG GGSILLLVII RLVVVHKTKK KVASTALRIP LLLLL-MVSC AGDD-APPGP PPPPPP-QAK RF-REQRKTT SADTTETPHV VCVIID-I-L VVVVLGWWHH LEQFTHR
GNM12758                        ---AARVAAA ALLGACCEDK SDDDDPDKME -EEEEEEWLA EP-EGFFFFG FGGGLT-GGG GGHILIVVII ILTVVEREDE KES-RLLRVP LLLLL-MVDC ADDD-PPP-P APPPPP-QRR RYSPQRRVRS RACSTPTRIV AIVILE-I-L VVTVLRWFHE TEQYTNY
GNM12763                        ---ASRVAAA ALLGSCCEEK SDDDEPKKKD -EEEEEEQKQ KL-E-FFFFS FGGGVA-GGG GNEILIIIII IITVVEEKKA KEK-KLLRIL LLLLL-MLSC ADEE-PPP-P PPPPPP-QKK RYNPQRRKKS KSCSTKTELV VIIITE-I-V VVVVLKWWYE FEQYTNY
GNM12766                        ---AVRAAAA ALMGSCCEEK SDDDEPDTNE NEEEEEEYKR QLVEEFFFFS YGGGLLGGGG GNEILIVVII KLVVIEIHVE KSERKALRIL LLLLLTLVVM ADENIPPPPP PPPPPLEQSK RIHPEKRRRT RAASTATLFV VIIILRKIII IVVVLYWWHE FSQYINY
GNM12849                        ---AISVAAA GLLGACCDES SDDNESNEKD -KDEDEKYKE KK-E-FFFFK FGGGIT-GGG GNKILVVFII YLTVVTKN-K KNS-KLLRIL LLLLL-EVIS ADDS-PPP-P PPPPPD-QKK RYNKEVRRSS SAETTSTKTV AIVILI-I-I VVVVLNWWYL LEIETHY
GNM12869                        ---AVSVAAA GLLSACCDSK SDDNENDTKD NKEEEEEYES EELEKFFFFK FGGGLTGGGG GGKIIVVFII VLTVVIINED KESNKLLRIL LLLLLPQVTA GDDKSPPTPP PPPPYIRQKS RYEKQTRRKL SAETTPTDMV EIVILKEIII VVTVFNWWFT EEVLTYY
GNM12896                        ---AVSVSAA GALESCCDEK ADDNEPNVLD QEEEEERYMS IEKEKFFFFE FGGGLTGGGG GGKILVVFII LLAVVTQNTE KKKNKLLRIP LLLLLLEVIY SNQEEPPPPP SPPPTFRQKK RFDFERRRKS SANTTPTDTV AIVVLKLIVI MVVVIWWWYM REILTHY
GNM12897                        ---AASVSAA GALESCCDQK ADDSEPDRKD DEEEEEKYMS IEKEKFFFFE FGGGLTKGGG GGKILVVFII LLTVVTQNIE KSKNKLLRVH LLLLLLEVVH SDQEEPPPPP PPPPSFRQRK RFDFEKRRKS SANTTSTDTV VIIVLKLIII VVVVLWWWYA IEIFTYY
GNM12902                        ---AAKVAAA GIIGACCDED QDHT-ENRCN -IEEEEEYT- KE-E-FYIFA FEGGFT-GGG GNRIVIILYI KITVILRN-S KYN-IILRII LLLIL-ILNC AEIK-PPE-P APMP-S-QRR RYDPERRRIS SARTTDGPIV PIIIIS-I-I IYVVLSMYKM INKYFQ-
GNM12903                        ---AVYVCAA ALLGACCEER GDHSKPARAF EEEEEEKEIR NLYESFYFFQ FGGGLTGWGG GCRIIVVFVI VLTVIETEKE KDEGELLRLP LLLLLLILIC ADYSDGPPPA PPLPPREQTN RY-GEKRRIS SSMSTPSLLT PIVITERVVL VVVVYRWWYE FKQYCHY
GNM12906                        ---AVYVCAA ALLGACCEEK GDHSKPNRSY EEEEEEKELR TLYEEFYFFQ FGGGLTEWGG GCRIIVVFVV ILTVIERERE KDENQLLRLL LLLLLLVMVC ADYSDGPPPA APLPPRQQTN RY-GEKRRIT SSISTPSLLT TIVITDRVVL VDVVYRWWYE YAQYCHY
GNM12907                        ---AAYVCAA ALLGACCEVK GDHSKPSRAL DEEEEEREQR TLVDSFYFFQ FGGGLVGWGG GCRIIVVFVV ILTVIEAEVE KDEQKLLRIL LLLLLLIMVC ADYQDGPPLA APLPPAEQKN RY-GEKRVVS ASTSTPSLLT PIVITKRVVL VPVVYRWWYE YHQYCHY
GNM12909                        ---ATYVCAA ALLGACCEEK GDHDKPPRSY EEEEEERELR TLYETFYFFQ FGGGLVGWGG GCRIIVVFVI ILTVIEAEKD KDEGQLLRLP LLLLLLMLIC ADYHNGPPPA APLPPIEQKN RY-GEKRRIT ASLSTPSILT AIVITQRVIL VDVVYRWWFE YTQYCHY
GNM12915                        ---AAMVAAA ALMGSCCWER YDDDEPDKRK PEEEEEEWKE ELREYFFFFD FGGGLTGGGG GGEILIVVII ILTVVEENEE KGKRKLLRVP LLLLLLWVIC ADKNSPPPPP PPPPPLRQKK RFPPTKRRRK SAASTPTDLV EIVITEKIVI V-IVIKWWYL FEEYVER
GNM10046                        ---AAMVAAA ALMGACCWER YDDDEPNKRK PEEEEEEWKE ELKEYFFFFD FGGGLTGGGG GGEILIVVII ILTVVEENEE KGKRKLLRVP LLLLLLWVVC ADKNPPPPPP APPPPLRQRK RFPPTKRRKK TAASTPTDLV EIVITEKIVI V-VVIKWWYL FEEYVER
GNM12918                        ---AAMVAAA ALMGSCCWER YDDDEPDKRK PEEEEEEWKE ELKEYFFFFD FGGGLTGGGG GGEILIVVII ILTVVEENEE KGRRKLLRVP LLLLLLWVVC ADENPPPPPP PPPPPLRQKK RFPPTKRRKK SAASTPTDLV EIVITEKLII V-VVIKWWYT FEEYVER
GNM12931                        ---AAGTAAA GLLGACCDNK EDHDDQDRKK EEEEEEEYMW EEFTLFYFFN FGGMLTGGGG GCRIIVVFVI ILVVVEIEKE KRNRKLLRIP LLLTLMILIC SDENDPLPPP PPPPRPEVLP RFNPEHRKSS KSSTTESILT ELIATIRIII VVIVLKWWKA FERYFEL
GNM12938                        ---ASGAAAA GLLGACCIDK ADDDKKNSDK DEEEEEEYFW EEITNFFYFS FGGLFTTGGG GCRIIIIIII SLVVIKKEIS KKSNNLLRIP LLLLLRILLC IDEDLAVPKP APPPRKIQKR RYDPNKREKN SAATTKTVIV SVVIVSVIEI VVSVLYWWRE QNLKFEL
GNM12996                        -----GAAAA GLLGACC--- ADDDDESQ-S SEEEEEEYIW EEITRFFFFS F-GL-TGSGG GCRIL--III ALVVV--ETD KKKDK-LRIP LLLLLKILIC IDQEVAVNPP PPPPRKIQ-K -YDPHRRER- SAATTKT--V EKVIVKVIDI VVMV-KWW-E --IKFEL
GNM13018                        ---ASGAAAA GLLGACCIEE ADDDDEAQKS SEEEEEEYIW EEITKFFFFS FGGLFTGSGG GCKILIIIII ALVVVKRETD KKKNKLLRIP LLLLLKILIC IDQNIAVNPP PPPPREIQKK RYDPHRRERN SAATTKTEIV EKVIAKVIDI VVMVLKWWEE LEIKFEL
GNM13027                        ---ASGAAAA GLFGACCLNK ADDDEEDSDK EEEEEEEYKW QEITKFFFFS FGGLLTSGGG GCRILIIIII SLVVVAKEEG KEKKKLLRIP LLLLLKILIC IDENIAVPPP PPPPRKLQGK RYNPQKREKN SAATTKTEIV EIVIVDIIKI VVMVLYWWKE VNIKFEL
GNM13046                        ---AVSVAAA GLLGACCESK ADDNDPDSAD NEEEEEKYKS IEVQSFFFFE FGGGLTGGGG GGKIIVVFII VLTVVTENQD KESNKLLRIP LLLLLLEVTH ADNKIPPHPS PPPPISQQKN RYNKEKRRKS SAETTPTKTV EIVVLKVIII VVQVLAWWFL SEIQTHY
GNM13053                        ---AAMVAAA AALSSCCEER SDDSETDKED QEEEEERYHN QLVDEFFFFH FGGGLCGGGG GDDILIVVII ILAIVETNTK KKNHHLLRIC LLLLLLMVVH ADENTPPEPK APPPPPRQNK RQNPQQREKT ASCSTPTDLV TIIVLTRLVI IVVVIWWWHL MKLYVHY
GNM13074                        ---AAMVAAA ALMGACCWEK YDDDEPNSRK PEEEEEEWKE ELKEYFFFFD FGGGLTGGGG GGEILIVIII ILTVVEENED KGKRKLLRVP LLLLLLWVIC ADENPPPPPP PPPPPLRQKK RFPPTKRRKK SAASTPTDLV EIVITEKIVI I-IVIKWWYL FEEYVER
GNM10010                        ---AAMVAAA ALLGACCWER HDDDEPDRKK PEEEEEEWKE EPREYFFFFE FGGGVTGGGG GGEILIVVII ILTVVEENEE KGRRKLLRVP LLLLLLWVTC ADEEPPPPPP PPPPPPRQRK RFPPTKRRRK SAASTPTDLV EIVITEKLVI V-VVIKWWYL FEEYVQR
GNM10014                        ---AAMVAAA ALLGACCWER YDDDGPDQRK PEEEEEEWKE ELREYFFFFD FGGGVTGGGG GGEILVVVLI ILTVVEENEE KGKRKLLRVP LLLLLLWVTC ADEEPPPPPP PPPPPPRQRK RFPPTKRRRK SAASTPTDLV EIVITEKLVV I-VVIKWWYL FEEYVQR
GNM13090                        ---AAMVAAA ALLGACCWER YDDDEPDKRK PEEEEEEWKE ELKEYFFFFD FGGGVTGGGG GGEILIVIII ILTVVEENES KGRKKLLRVP LLLLLLWVVC ADEDPPPPPP PPPPPERQRK RFPPTKRRRK SAASTPTDLV EIVITEKIVI I-IVIKWWYL FEEYVQR
GNM13118                        ---AASVAAA ALLGACCEER ADDDERDTRH DEEEDEEEKE EPVETFFFFE FGGGLAGGGG GGVIIVVFII ILLVVEAETR KRDKKLLRVP LLLLLLLMVA ADETFPPPPP APPPPPEQEK RYSDQKRRRS RASSTKTALV PIVITDRVVV VYVVLYWWYE LEQYTYL
GNM13126                        ---AAHVASA ALINACCIDR YDDNDWSKAR VEEEEEVYAE VEEEDFFFFE FGGGLLGGGG GRGIIAVFIV ILVVISTNKD KNKEHALRIP LLLLL-EMTC GGEH-PPEPP APPPPIKQRK RF-EQKRRKS SSESTQTLLT PIIVITRVVI AVTVIYMWYE KSTSTAR
GNM13128                        ---AAHVASA ALLNACCIDM YDDSEWNERK KEEEEEVYAE QEEEEFFFFD FGGGLLGGGG GRGIIAVFII IIVLIAANID KNKNTALRIP LLLLL-EMTC GGER-PPDPP APPPPPQQNK RF-QQKRKKN SSESTVTLLT AIVVITRVVV AVTVVYMWKE KAISTAR
GNM13208                        ---AAYVCAA ALVGACCEEK ADHTEHDTRY EEEEEEKENK RLYESFFFFQ FGGGLSGWGG GCKIIVVFVV LLTVVEAERD KKTRELLRIL LLLLLLLMVC ADYSDGPPPA PPLPPLEQRN RY-AEKRTVS SSSSTPSLLT TLVLTNRVIL VVVVYRWWYE FEQYCHY
GNM13210                        ---AAGTAAA GLLGACCEDK EDHELRDAKY DEEEEEEYLK TPYETFYFFG FGGMVTGGGG GCKIIIVVVI ILTVVEVEKW KSRKTLLRIP LLLTLLVVLC SDEKDPLPPP PPPPRAEVVP RFNPERRKYS KSSTTTSLLT TIVVTIRIII VVVVIKWWIT FKRYTEL
GNM12773                        ---AAAVAAA ALLGACCEEN NDDDDHTDDD KEEEEEEWHL VIREKFFFFN FGGGICGGGG GGEIIVLFII ILTIILFSIK KDRQILLRIS ILLLLFLIVS ADKNTPPFPP PPPPPQRQTA KYNPNKRQKT KSSSTPTDLV EIIILEKLII VVIVLKWWKY FKIYIQY
GNM12769                        ---ATFVAAA ALLNACSDRN EDDNEPNKKN KEEEEEEWET ELREDFFFFR FGGGLCGGGG GNEILIVIII ILTIIETNED KKKGSLLRVL LLLLLLMTVS ADEKTPPPPP PPPPPLLQEK RYDPQKRSKT KSSSTNTILV VIIIIKRIVI VVIVFKWWFY LKIYTNY



    1    1    1    1    1    1    1    1    1    1    1    1    1    1    1
    1    1    1    1    1    1    1    1    1    1    1    1    1    1    1
    1    1    1    1    1    1    1    1    1    1    1    1    1    1    1
    1    1    1    1    1    1    1    2    1    1    1    1    1    1    1
    1    1    1    1    1    1    1    1    1    1    1    1    1    1    1
    1    1    1    1    1    1    1    1    1    1    1    1    1    1    1
    1    1    1    1    1    1    1    1    1    1    1    1    1    1    1
    1    1    1    1    1    1    1    1    1    1    1    1    1    1    1
    1    1    1    1    1    1    1    1    1    1    1    1    1    1    1
    1    1    1    1    1    1    1    1    1    1    1    1    1    1    1
    1    1    1    1    1    1    1    1    1    1    1    1    1    1    1
    1    1

AAML (in paml version 4.9h, March 2018)  tmp0065.txt
Model: Empirical,  (../wag.dat) dGamma (ncatG=4) ns = 131  ls = 168


Frequencies..
                                    A      R      N      D      C      Q      E      G      H      I      L      K      M      F      P      S      T      W      Y      V
GNM13746                       0.07273 0.06667 0.03030 0.06667 0.01212 0.01212 0.10303 0.07879 0.00000 0.07273 0.09091 0.06061 0.00000 0.03636 0.06667 0.03030 0.01818 0.02424 0.05455 0.10303
GNM13538                       0.07258 0.04839 0.02419 0.05645 0.00806 0.03226 0.08871 0.04839 0.00806 0.07258 0.10484 0.04839 0.01613 0.03226 0.08065 0.07258 0.04032 0.02419 0.04032 0.08065
GNM13876                       0.07547 0.06918 0.01887 0.03774 0.01258 0.01887 0.08805 0.06289 0.01258 0.03774 0.13836 0.03145 0.01258 0.05031 0.08805 0.05660 0.03145 0.01258 0.02516 0.11950
GNM13680                       0.10909 0.07879 0.01818 0.04848 0.01212 0.03030 0.08485 0.05455 0.00000 0.06061 0.10909 0.06061 0.00000 0.03636 0.06667 0.04848 0.03636 0.01818 0.03030 0.09697
GNM14837                       0.06061 0.03030 0.04242 0.04242 0.01212 0.02424 0.11515 0.07273 0.00606 0.06061 0.09697 0.07273 0.00606 0.04242 0.04848 0.06667 0.06667 0.01212 0.02424 0.09697
GNM14249                       0.05455 0.04848 0.03030 0.06667 0.01212 0.02424 0.10303 0.07273 0.00606 0.07273 0.07879 0.06061 0.01818 0.04848 0.04848 0.07273 0.06667 0.01212 0.03030 0.07273
GNM13928                       0.04848 0.04242 0.02424 0.04848 0.01212 0.02424 0.10909 0.07273 0.00606 0.07273 0.09091 0.07273 0.00606 0.04848 0.04848 0.07273 0.07879 0.01212 0.02424 0.08485
GNM14865                       0.12025 0.05696 0.03797 0.05696 0.02532 0.01266 0.08228 0.09494 0.01899 0.06329 0.09494 0.02532 0.01266 0.02532 0.03797 0.05063 0.06329 0.01899 0.03165 0.06962
GNM13455                       0.01370 0.04110 0.01370 0.04110 0.01370 0.04110 0.15068 0.10959 0.02740 0.09589 0.08219 0.08219 0.00000 0.04110 0.06849 0.01370 0.02740 0.02740 0.02740 0.08219
GNM14938                       0.08434 0.11446 0.01205 0.04217 0.01205 0.00602 0.13253 0.08434 0.00602 0.04819 0.12651 0.01807 0.01205 0.04819 0.06024 0.02410 0.03012 0.01205 0.01205 0.11446
GNM14483                       0.09146 0.09146 0.00610 0.04268 0.01829 0.03659 0.09756 0.07927 0.00610 0.04878 0.09756 0.01829 0.01829 0.04268 0.07317 0.06707 0.03659 0.00610 0.00610 0.11585
GNM14872                       0.09756 0.04878 0.01829 0.04878 0.01220 0.03659 0.08537 0.07927 0.01220 0.05488 0.10976 0.06098 0.00000 0.03659 0.07927 0.04268 0.03659 0.01829 0.02439 0.09756
GNM14445                       0.05455 0.03636 0.02424 0.06667 0.01212 0.03636 0.09091 0.07273 0.01212 0.09091 0.11515 0.07273 0.00606 0.03030 0.05455 0.06667 0.03030 0.01818 0.01818 0.09091
GNM14404                       0.06061 0.07879 0.00606 0.05455 0.01818 0.02424 0.10909 0.07879 0.00606 0.08485 0.09091 0.03030 0.00606 0.04242 0.08485 0.06061 0.03030 0.01212 0.04242 0.07879
GNM14545                       0.06061 0.07879 0.00606 0.04848 0.01818 0.02424 0.10909 0.08485 0.00606 0.08485 0.09091 0.03030 0.00606 0.04242 0.08485 0.06061 0.03030 0.01212 0.04242 0.07879
GNM14366                       0.06098 0.04878 0.01829 0.04268 0.02439 0.04268 0.08537 0.07317 0.01220 0.06707 0.09146 0.03659 0.00000 0.06098 0.08537 0.06098 0.06098 0.01220 0.00610 0.10976
GNM14252                       0.06061 0.04242 0.02424 0.04848 0.01212 0.03636 0.10303 0.08485 0.00000 0.09091 0.07879 0.06061 0.00606 0.03636 0.04848 0.07273 0.06667 0.01212 0.03636 0.07879
GNM13960                       0.04848 0.04242 0.03636 0.04848 0.01212 0.01212 0.10303 0.07879 0.01212 0.07879 0.08485 0.05455 0.00606 0.05455 0.06061 0.05455 0.07273 0.01212 0.01818 0.10909
GNM14174                       0.05455 0.03636 0.02424 0.04242 0.04242 0.02424 0.11515 0.07273 0.01818 0.06667 0.10303 0.06061 0.00606 0.04242 0.06667 0.04848 0.01818 0.01818 0.03030 0.10909
GNM14246                       0.04848 0.03030 0.01818 0.04242 0.02424 0.04242 0.10909 0.06061 0.03030 0.06667 0.10909 0.07879 0.00606 0.04848 0.07273 0.04848 0.04242 0.01818 0.01818 0.08485
GNM14640                       0.05455 0.04242 0.02424 0.03030 0.04242 0.04848 0.10909 0.04242 0.01212 0.06667 0.09697 0.06667 0.01212 0.04848 0.07879 0.04848 0.04242 0.01818 0.02424 0.09091
GNM14965                       0.07879 0.06061 0.02424 0.06667 0.02424 0.02424 0.06061 0.06061 0.00606 0.06667 0.11515 0.06061 0.00606 0.03636 0.06667 0.06061 0.03636 0.01818 0.02424 0.10303
GNM13677                       0.06667 0.06061 0.03030 0.04242 0.01212 0.01212 0.09697 0.06667 0.01818 0.03636 0.12121 0.03030 0.00606 0.04242 0.09697 0.05455 0.03030 0.01212 0.03030 0.13333
GNM14339                       0.08485 0.08485 0.00606 0.06667 0.01212 0.01212 0.08485 0.06667 0.01818 0.07273 0.12727 0.02424 0.02424 0.03636 0.07879 0.04242 0.04242 0.01818 0.02424 0.07273
GNM14593                       0.06667 0.05455 0.01212 0.02424 0.01212 0.01818 0.12121 0.05455 0.00606 0.06667 0.13939 0.05455 0.00606 0.03636 0.06667 0.06061 0.06667 0.01212 0.04242 0.07879
GNM13825                       0.07879 0.12121 0.00606 0.03636 0.01212 0.01212 0.13939 0.07879 0.00606 0.04242 0.13939 0.01212 0.00606 0.04848 0.06667 0.01818 0.03030 0.01212 0.02424 0.10909
GNM14768                       0.07879 0.06061 0.00000 0.02424 0.01212 0.01818 0.10909 0.06667 0.00606 0.07273 0.12727 0.04242 0.03030 0.03030 0.08485 0.07273 0.04242 0.01212 0.04242 0.06667
GNM14776                       0.07879 0.05455 0.00000 0.02424 0.01212 0.01818 0.10909 0.06667 0.00606 0.07273 0.12727 0.04848 0.02424 0.03030 0.08485 0.07273 0.04848 0.01212 0.04242 0.06667
GNM14715                       0.13497 0.09816 0.00613 0.03681 0.01227 0.04908 0.09816 0.07362 0.00000 0.04294 0.07975 0.01840 0.01227 0.03681 0.05521 0.07362 0.04908 0.01227 0.00613 0.10429
GNM14639                       0.07927 0.03659 0.01220 0.04268 0.01829 0.03049 0.11585 0.07317 0.00000 0.07317 0.13415 0.09146 0.00610 0.03049 0.04878 0.03049 0.02439 0.02439 0.02439 0.10366
GNM14450                       0.05096 0.05732 0.03185 0.04459 0.02548 0.03185 0.07643 0.05732 0.00637 0.11465 0.09554 0.08280 0.01274 0.03822 0.07006 0.03822 0.05096 0.01911 0.03185 0.06369
GNM13515                       0.05455 0.03636 0.05455 0.06667 0.01212 0.02424 0.07879 0.06667 0.01212 0.10303 0.08485 0.04848 0.00606 0.05455 0.04848 0.06667 0.07273 0.01212 0.01212 0.08485
GNM14959                       0.05455 0.06667 0.02424 0.03030 0.02424 0.02424 0.12121 0.07273 0.00606 0.06667 0.09697 0.03636 0.01818 0.04848 0.07273 0.05455 0.03030 0.01212 0.03636 0.10303
GNM13413                       0.06061 0.06667 0.01212 0.04848 0.02424 0.00606 0.12121 0.07273 0.01212 0.07273 0.10303 0.03636 0.01212 0.03030 0.06667 0.03636 0.06667 0.02424 0.02424 0.10303
GNM14971                       0.06061 0.04242 0.03636 0.04848 0.01212 0.01212 0.10303 0.07273 0.01818 0.07879 0.08485 0.06061 0.01212 0.05455 0.06061 0.04848 0.06667 0.01212 0.01212 0.10303
GNM14990                       0.05455 0.04242 0.03636 0.04848 0.01212 0.01212 0.10303 0.07879 0.01818 0.07879 0.08485 0.05455 0.00606 0.04848 0.06061 0.05455 0.07273 0.01212 0.01212 0.10909
GNM14992                       0.06667 0.05455 0.03636 0.04848 0.01212 0.01212 0.10303 0.07273 0.01212 0.07273 0.09091 0.05455 0.00606 0.04848 0.06061 0.04848 0.06667 0.01212 0.01212 0.10909
GNM15013                       0.01888 0.05660 0.01888 0.03774 0.01888 0.03774 0.11318 0.09432 0.03774 0.05660 0.13203 0.05660 0.01888 0.01888 0.03774 0.05660 0.03774 0.03774 0.03774 0.07546
GNM15014                       0.06349 0.04762 0.03175 0.04762 0.00794 0.01587 0.12698 0.06349 0.01587 0.08730 0.07143 0.05556 0.01587 0.03968 0.07143 0.03175 0.06349 0.01587 0.01587 0.11111
GNM14976                       0.05714 0.04286 0.03571 0.06429 0.01429 0.01429 0.07857 0.07143 0.02143 0.06429 0.10714 0.04286 0.01429 0.03571 0.06429 0.06429 0.06429 0.01429 0.01429 0.11429
GNM14999                       0.05096 0.05096 0.03185 0.04459 0.01274 0.01911 0.09554 0.07006 0.01911 0.07643 0.08280 0.05732 0.01274 0.05096 0.07006 0.05732 0.07006 0.01274 0.01274 0.10191
GNM15018                       0.04242 0.03636 0.04848 0.05455 0.01212 0.02424 0.10909 0.07273 0.00000 0.07879 0.08485 0.06667 0.00606 0.04848 0.06061 0.06667 0.06667 0.01212 0.03030 0.07879
GNM15024                       0.04242 0.03636 0.04848 0.05455 0.01212 0.02424 0.10909 0.07273 0.00000 0.07879 0.08485 0.06667 0.00606 0.04848 0.06061 0.06667 0.06667 0.01212 0.03030 0.07879
GNM14980                       0.04242 0.04242 0.04848 0.05455 0.01212 0.02424 0.10909 0.06667 0.00000 0.07879 0.08485 0.06667 0.00606 0.04848 0.06061 0.06667 0.06667 0.01212 0.03030 0.07879
GNM15026                       0.05455 0.04242 0.01818 0.05455 0.01212 0.02424 0.10303 0.07879 0.01818 0.07273 0.09091 0.06667 0.02424 0.05455 0.06061 0.03636 0.07879 0.01212 0.01212 0.08485
GNM15001                       0.02778 0.03704 0.05556 0.03704 0.01852 0.02778 0.10185 0.10185 0.00926 0.06481 0.09259 0.06481 0.00926 0.05556 0.04630 0.07407 0.06481 0.01852 0.01852 0.07407
GNM15028                       0.07136 0.02389 0.02389 0.02389 0.02389 0.02389 0.19003 0.07136 0.02389 0.09509 0.04763 0.14256 0.00016 0.07136 0.02389 0.00016 0.07136 0.02389 0.00016 0.04763
GNM11003                       0.06667 0.04848 0.02424 0.04848 0.02424 0.01212 0.10909 0.07273 0.00000 0.10303 0.10303 0.09697 0.02424 0.03636 0.05455 0.02424 0.03636 0.01212 0.01818 0.08485
GNM11023                       0.10976 0.09756 0.00000 0.05488 0.01829 0.00610 0.10976 0.07317 0.01220 0.03049 0.10976 0.02439 0.00610 0.02439 0.08537 0.02439 0.03659 0.03049 0.01220 0.13415
GNM11055                       0.07927 0.06707 0.01829 0.04268 0.01829 0.01220 0.14634 0.06707 0.01829 0.07927 0.08537 0.04878 0.02439 0.03659 0.07317 0.02439 0.04268 0.00610 0.02439 0.08537
GNM11146                       0.07273 0.07879 0.03636 0.04242 0.02424 0.01818 0.10909 0.06667 0.00606 0.04242 0.10909 0.04242 0.00606 0.06061 0.05455 0.03636 0.03636 0.01212 0.04242 0.10303
GNM11220                       0.06667 0.11515 0.00606 0.04242 0.01212 0.01212 0.13939 0.07273 0.00000 0.06061 0.10303 0.03030 0.01212 0.04242 0.07879 0.03030 0.03030 0.01818 0.02424 0.10303
GNM11222                       0.06667 0.05455 0.03030 0.02424 0.01818 0.03030 0.11515 0.09091 0.00000 0.07273 0.09697 0.06061 0.00000 0.03636 0.08485 0.03030 0.03636 0.01818 0.02424 0.10909
GNM11223                       0.06667 0.08485 0.01818 0.03636 0.02424 0.01818 0.10909 0.06667 0.01212 0.06667 0.10909 0.05455 0.00606 0.04242 0.07273 0.04242 0.02424 0.01818 0.02424 0.10303
GNM11224                       0.06061 0.06667 0.01212 0.04848 0.03030 0.02424 0.10909 0.07273 0.00606 0.05455 0.10303 0.05455 0.00606 0.04242 0.08485 0.04242 0.03030 0.01818 0.02424 0.10909
GNM11225                       0.06061 0.08485 0.00606 0.04848 0.03636 0.01212 0.07879 0.06667 0.00606 0.07273 0.11515 0.04242 0.01818 0.03636 0.07879 0.05455 0.04242 0.01818 0.01818 0.10303
GNM11360                       0.04242 0.03030 0.05455 0.03030 0.01212 0.01818 0.11515 0.07273 0.00606 0.07273 0.09697 0.09091 0.00000 0.03636 0.06667 0.03636 0.06667 0.01212 0.04848 0.09091
GNM11362                       0.07879 0.08485 0.01212 0.06061 0.02424 0.00606 0.09697 0.06061 0.00606 0.06061 0.10909 0.05455 0.01818 0.03636 0.05455 0.03636 0.05455 0.01818 0.03636 0.09091
GNM11377                       0.09146 0.05488 0.01220 0.05488 0.01220 0.01829 0.09146 0.08537 0.00610 0.07317 0.10976 0.06707 0.00000 0.04268 0.07927 0.03659 0.03049 0.01829 0.01829 0.09756
GNM11380                       0.04848 0.03636 0.02424 0.04242 0.01212 0.01212 0.12121 0.06667 0.00606 0.06667 0.10909 0.07879 0.00606 0.05455 0.07879 0.04242 0.06061 0.01818 0.02424 0.09091
GNM11383                       0.05455 0.03636 0.01212 0.04848 0.01818 0.03636 0.10303 0.07273 0.01212 0.09091 0.10303 0.06061 0.00606 0.06061 0.07879 0.06061 0.06061 0.01212 0.00606 0.06667
GNM11491                       0.10559 0.08696 0.00621 0.06211 0.01863 0.02484 0.09938 0.08075 0.01863 0.04348 0.09317 0.00621 0.00000 0.04348 0.06211 0.04348 0.07453 0.01242 0.02484 0.09317
GNM11804                       0.07273 0.05455 0.01212 0.04242 0.01818 0.01818 0.15152 0.06667 0.00606 0.06667 0.10303 0.06061 0.00606 0.04242 0.06667 0.02424 0.06061 0.00606 0.02424 0.09697
GNM12883                       0.09146 0.06098 0.01829 0.04878 0.01829 0.02439 0.08537 0.06707 0.01829 0.07317 0.11585 0.04878 0.00000 0.03659 0.06707 0.06098 0.03659 0.01220 0.02439 0.09146
GNM12886                       0.08537 0.06707 0.03049 0.04878 0.01220 0.02439 0.09146 0.05488 0.00000 0.06098 0.13415 0.05488 0.01829 0.03659 0.06707 0.04268 0.04878 0.01220 0.03049 0.07927
GNM12892                       0.07273 0.06061 0.03030 0.06061 0.01818 0.02424 0.06667 0.06061 0.00606 0.06667 0.12121 0.06061 0.00606 0.03636 0.06667 0.05455 0.03030 0.01818 0.03030 0.10909
GNM12895                       0.05096 0.05732 0.03185 0.04459 0.02548 0.03185 0.07643 0.05732 0.00637 0.11465 0.08917 0.08280 0.01911 0.03822 0.07006 0.03822 0.05096 0.01911 0.03185 0.06369
GNM13060                       0.07273 0.04848 0.04242 0.05455 0.01212 0.01212 0.09697 0.07879 0.00000 0.07879 0.09697 0.06667 0.00000 0.03636 0.07273 0.03636 0.01818 0.02424 0.05455 0.09697
GNM13061                       0.07879 0.06061 0.03030 0.06061 0.01212 0.01818 0.08485 0.07879 0.00606 0.06667 0.09091 0.06061 0.00000 0.04242 0.07879 0.02424 0.03030 0.02424 0.04242 0.10909
GNM11034                       0.08228 0.12025 0.01266 0.03165 0.01266 0.01266 0.14557 0.07595 0.00633 0.03797 0.12658 0.01266 0.01266 0.05696 0.07595 0.01266 0.02532 0.01266 0.00633 0.12025
GNM11363                       0.07879 0.08485 0.01212 0.06061 0.02424 0.00606 0.09697 0.06061 0.00606 0.06061 0.10909 0.05455 0.01818 0.03636 0.05455 0.03636 0.05455 0.01818 0.03636 0.09091
GNM11375                       0.04848 0.04242 0.03636 0.04848 0.01212 0.02424 0.11515 0.06667 0.00000 0.06667 0.09091 0.06061 0.01818 0.04848 0.06667 0.07273 0.05455 0.01212 0.02424 0.09091
GNM11381                       0.06667 0.03636 0.01212 0.05455 0.01818 0.04242 0.08485 0.07273 0.01818 0.09091 0.09697 0.06061 0.00000 0.05455 0.08485 0.03030 0.08485 0.01212 0.00606 0.07273
GNM11382                       0.06061 0.03636 0.02424 0.05455 0.02424 0.02424 0.08485 0.07879 0.00606 0.07273 0.09091 0.06061 0.00606 0.03636 0.06667 0.04848 0.09091 0.01212 0.01818 0.10303
GNM11799                       0.06061 0.04242 0.02424 0.06061 0.01212 0.01212 0.09697 0.07273 0.01818 0.07273 0.10909 0.06061 0.00606 0.04848 0.06061 0.05455 0.04848 0.01212 0.01212 0.11515
GNM11931                       0.10559 0.05590 0.02484 0.08075 0.02484 0.01242 0.12422 0.07453 0.02484 0.03727 0.08075 0.00621 0.01242 0.03727 0.03727 0.06211 0.05590 0.01863 0.01242 0.11180
GNM12040                       0.08228 0.07595 0.02532 0.05696 0.02532 0.03165 0.09494 0.06962 0.02532 0.03797 0.07595 0.01266 0.00633 0.03165 0.03797 0.09494 0.06329 0.01899 0.01899 0.11392
GNM12071                       0.13291 0.06329 0.03165 0.05063 0.01899 0.00633 0.09494 0.10127 0.01899 0.03797 0.07595 0.03165 0.00633 0.03165 0.03165 0.05696 0.05696 0.02532 0.01266 0.11392
GNM12125                       0.06707 0.07927 0.01829 0.02439 0.01829 0.00610 0.12805 0.06707 0.00610 0.03049 0.09146 0.03049 0.01829 0.05488 0.09146 0.03049 0.07317 0.01829 0.04268 0.10366
GNM12126                       0.07362 0.08589 0.00000 0.04294 0.02454 0.01227 0.10429 0.07975 0.01840 0.05521 0.08589 0.01227 0.01840 0.03067 0.08589 0.02454 0.07975 0.01840 0.03067 0.11656
GNM12128                       0.07500 0.05625 0.03125 0.04375 0.02500 0.01250 0.08125 0.06875 0.01250 0.13125 0.08125 0.03750 0.01875 0.04375 0.06875 0.04375 0.05000 0.01250 0.03125 0.07500
GNM12182                       0.06707 0.06098 0.02439 0.04878 0.02439 0.02439 0.09756 0.06707 0.00000 0.10366 0.10366 0.07317 0.01829 0.03049 0.06098 0.04268 0.03659 0.01220 0.01829 0.08537
GNM12342                       0.07273 0.05455 0.01212 0.03030 0.02424 0.01212 0.13939 0.06667 0.01818 0.08485 0.11515 0.06061 0.01212 0.03030 0.07879 0.01818 0.03636 0.01212 0.04242 0.07879
GNM12346                       0.07317 0.04878 0.01829 0.04268 0.01829 0.02439 0.09756 0.09146 0.02439 0.07927 0.10976 0.06707 0.00610 0.03049 0.07927 0.02439 0.04878 0.01829 0.03049 0.06707
GNM12351                       0.07927 0.04878 0.02439 0.06707 0.01220 0.04268 0.08537 0.06707 0.01829 0.07927 0.10976 0.03659 0.02439 0.04268 0.06098 0.04878 0.04878 0.01220 0.01220 0.07927
GNM12356                       0.05488 0.04878 0.03659 0.04878 0.01829 0.01220 0.09756 0.07317 0.00610 0.10366 0.10976 0.06098 0.00610 0.04268 0.07927 0.06098 0.03049 0.01220 0.03659 0.06098
GNM12357                       0.04242 0.04242 0.02424 0.04848 0.01212 0.03636 0.09091 0.06667 0.02424 0.07273 0.12727 0.07273 0.00000 0.03636 0.06667 0.04848 0.06061 0.01212 0.01818 0.09697
GNM12366                       0.06061 0.04848 0.03636 0.03030 0.01212 0.04242 0.10909 0.06061 0.01818 0.09697 0.12727 0.06061 0.01212 0.04242 0.06061 0.05455 0.03030 0.01212 0.02424 0.06061
GNM12373                       0.09868 0.05921 0.01974 0.03289 0.02632 0.05263 0.08553 0.08553 0.02632 0.06579 0.11842 0.03289 0.00658 0.04605 0.06579 0.01316 0.05921 0.01316 0.01974 0.07237
GNM12385                       0.09032 0.07097 0.00645 0.05161 0.03226 0.02581 0.09032 0.08387 0.00645 0.03226 0.11613 0.05161 0.00000 0.03226 0.09677 0.03226 0.05161 0.01290 0.01290 0.10323
GNM12551                       0.06024 0.06627 0.00602 0.03614 0.01807 0.01205 0.16265 0.07229 0.01807 0.06627 0.09639 0.05422 0.01205 0.04217 0.09036 0.03012 0.03012 0.01807 0.01807 0.09036
GNM12554                       0.09740 0.05844 0.00000 0.06494 0.02597 0.01299 0.09091 0.08442 0.01948 0.07143 0.11688 0.03896 0.00000 0.04545 0.07143 0.03247 0.06494 0.01299 0.02597 0.06494
GNM12592                       0.07317 0.09146 0.01220 0.06098 0.02439 0.03049 0.08537 0.07927 0.01220 0.06098 0.10366 0.03659 0.00610 0.03659 0.06098 0.03049 0.07317 0.00610 0.01829 0.09756
GNM12596                       0.06707 0.03659 0.01829 0.03659 0.01829 0.03659 0.12195 0.08537 0.01829 0.07927 0.10366 0.06707 0.01220 0.03659 0.07927 0.03049 0.05488 0.00610 0.01220 0.07927
GNM12602                       0.07927 0.04878 0.02439 0.04268 0.02439 0.03049 0.11585 0.07317 0.01829 0.06707 0.10366 0.06098 0.01220 0.04878 0.07317 0.03659 0.04878 0.00610 0.00610 0.07927
GNM12665                       0.07317 0.03659 0.01829 0.05488 0.01829 0.03659 0.10976 0.06707 0.01829 0.07927 0.09146 0.07317 0.01829 0.04268 0.06707 0.04268 0.06098 0.00610 0.01829 0.06707
GNM12745                       0.05882 0.03268 0.05229 0.07843 0.01961 0.03922 0.09150 0.05229 0.00000 0.09150 0.13725 0.05882 0.00654 0.04575 0.04575 0.02614 0.04575 0.01307 0.03268 0.07190
GNM12749                       0.08861 0.05063 0.00633 0.04430 0.02532 0.01899 0.06962 0.08861 0.05063 0.04430 0.10127 0.04430 0.00633 0.04430 0.07595 0.04430 0.06962 0.01899 0.00633 0.10127
GNM12758                       0.07742 0.08387 0.00645 0.07097 0.02581 0.01935 0.10968 0.07742 0.01290 0.05806 0.10323 0.01935 0.01290 0.03871 0.09032 0.03226 0.04516 0.01290 0.01935 0.08387
GNM12763                       0.05195 0.03247 0.01948 0.03247 0.02597 0.03247 0.12987 0.05844 0.00000 0.08442 0.09740 0.11688 0.00649 0.03896 0.07792 0.05195 0.03247 0.01299 0.02597 0.07143
GNM12766                       0.06667 0.06061 0.03030 0.03030 0.01212 0.01818 0.12121 0.06061 0.01818 0.10303 0.10909 0.04848 0.01212 0.03636 0.07273 0.04242 0.03030 0.01212 0.03030 0.08485
GNM12849                       0.05229 0.02614 0.04575 0.05882 0.01307 0.00654 0.07843 0.06536 0.00654 0.08497 0.10458 0.10458 0.00000 0.03922 0.05882 0.07190 0.05229 0.01307 0.03268 0.08497
GNM12869                       0.04242 0.03030 0.03636 0.05455 0.01212 0.01818 0.10909 0.07273 0.00000 0.07879 0.09697 0.07879 0.00606 0.04848 0.06061 0.05455 0.07273 0.01212 0.03030 0.08485
GNM12896                       0.04848 0.04848 0.03636 0.03636 0.01212 0.02424 0.10303 0.06667 0.00606 0.06667 0.10303 0.07273 0.01818 0.05455 0.06667 0.04848 0.05455 0.01818 0.02424 0.09091
GNM12897                       0.04848 0.04242 0.01818 0.05455 0.01212 0.02424 0.09697 0.06061 0.01212 0.07273 0.09697 0.08485 0.00606 0.06061 0.06061 0.06667 0.04848 0.01818 0.02424 0.09091
GNM12902                       0.06711 0.07383 0.04698 0.03356 0.02685 0.02013 0.08725 0.06711 0.00671 0.18121 0.06040 0.04698 0.02013 0.03356 0.05369 0.04027 0.04027 0.00000 0.05369 0.04027
GNM12903                       0.05488 0.06707 0.01220 0.02439 0.03659 0.01829 0.11585 0.07927 0.01220 0.06098 0.11585 0.03659 0.00610 0.04268 0.06707 0.04878 0.04268 0.01829 0.05488 0.08537
GNM12906                       0.05488 0.07317 0.01829 0.03659 0.03659 0.03049 0.10976 0.06707 0.01220 0.04878 0.12195 0.03049 0.00610 0.03049 0.04878 0.04268 0.05488 0.01829 0.06707 0.09146
GNM12907                       0.07927 0.05488 0.00610 0.03659 0.03659 0.03659 0.08537 0.07317 0.01829 0.04878 0.12195 0.04268 0.00610 0.03049 0.05488 0.04268 0.03659 0.01829 0.05488 0.11585
GNM12909                       0.06707 0.06098 0.01220 0.03659 0.03659 0.03049 0.09756 0.07927 0.01829 0.07317 0.12195 0.03659 0.00610 0.03659 0.06098 0.02439 0.05488 0.01829 0.06098 0.06707
GNM12915                       0.05488 0.06707 0.01220 0.04268 0.01829 0.00610 0.12805 0.07317 0.00000 0.07317 0.09756 0.07927 0.01220 0.04268 0.09756 0.02439 0.03659 0.03049 0.02439 0.07927
GNM10046                       0.06707 0.06098 0.01829 0.03659 0.01829 0.00610 0.12805 0.07317 0.00000 0.06098 0.09756 0.08537 0.01220 0.04268 0.09756 0.00610 0.04268 0.03049 0.02439 0.09146
GNM12918                       0.05488 0.06098 0.01220 0.04268 0.01829 0.00610 0.13415 0.07317 0.00000 0.06098 0.09756 0.07927 0.01220 0.04268 0.10366 0.01829 0.04268 0.03049 0.02439 0.08537
GNM12931                       0.04848 0.06061 0.03030 0.04242 0.02424 0.00606 0.12121 0.06667 0.01212 0.09091 0.10909 0.06061 0.01818 0.05455 0.07273 0.03636 0.04848 0.01818 0.01818 0.06061
GNM12938                       0.06667 0.04848 0.04242 0.05455 0.02424 0.01212 0.08485 0.06061 0.00000 0.11515 0.10303 0.09091 0.00000 0.04242 0.04242 0.06061 0.03636 0.01818 0.02424 0.07273
GNM12996                       0.06993 0.04895 0.00699 0.06294 0.02797 0.02098 0.10490 0.06294 0.00699 0.10490 0.09091 0.08392 0.00699 0.04196 0.05594 0.04196 0.04196 0.02098 0.01399 0.08392
GNM13018                       0.07879 0.04242 0.02424 0.04848 0.02424 0.01818 0.12121 0.06061 0.00606 0.12121 0.09697 0.09697 0.00606 0.04242 0.04848 0.03636 0.03636 0.01818 0.01212 0.06061
GNM13027                       0.06667 0.03030 0.03030 0.04242 0.02424 0.01818 0.11515 0.07273 0.00000 0.11515 0.10303 0.10909 0.00606 0.04242 0.05455 0.03636 0.03030 0.01818 0.01818 0.06667
GNM13046                       0.06061 0.02424 0.04242 0.04242 0.01212 0.03636 0.09091 0.07273 0.01818 0.07879 0.09091 0.07879 0.00000 0.04242 0.06061 0.06667 0.05455 0.01212 0.01818 0.09697
GNM13053                       0.06667 0.04242 0.03636 0.05455 0.03030 0.03636 0.08485 0.05455 0.04242 0.07273 0.10909 0.04848 0.01818 0.03030 0.06061 0.03636 0.05455 0.01818 0.01818 0.08485
GNM13074                       0.06098 0.04878 0.01829 0.04268 0.01829 0.00610 0.12805 0.07317 0.00000 0.08537 0.09756 0.08537 0.01220 0.04268 0.10366 0.01829 0.03659 0.03049 0.02439 0.06707
GNM10010                       0.06098 0.07927 0.00610 0.03659 0.01829 0.01220 0.14024 0.07317 0.00610 0.05488 0.09146 0.06098 0.00610 0.04268 0.11585 0.01220 0.04268 0.03049 0.01829 0.09146
GNM10014                       0.06098 0.07317 0.00610 0.04268 0.01829 0.01829 0.12805 0.07927 0.00000 0.04268 0.10366 0.06098 0.00610 0.04268 0.10976 0.01220 0.04268 0.03049 0.02439 0.09756
GNM13090                       0.06098 0.06707 0.00610 0.04878 0.01829 0.01220 0.12805 0.07317 0.00000 0.07927 0.09146 0.07317 0.00610 0.04268 0.10366 0.01829 0.03659 0.03049 0.02439 0.07927
GNM13118                       0.09091 0.07273 0.00000 0.06061 0.01212 0.01818 0.12121 0.06667 0.00606 0.04242 0.10909 0.04242 0.00606 0.04242 0.07879 0.03030 0.04848 0.01212 0.03636 0.10303
GNM13126                       0.08025 0.06173 0.02469 0.03704 0.01852 0.01852 0.10494 0.07407 0.01852 0.08642 0.07407 0.05556 0.01235 0.04321 0.06173 0.05556 0.05556 0.01235 0.02469 0.08025
GNM13128                       0.09877 0.04938 0.04321 0.03704 0.01852 0.03086 0.09877 0.07407 0.00617 0.08025 0.08025 0.06173 0.01852 0.04321 0.06173 0.03704 0.04938 0.01235 0.01852 0.08025
GNM13208                       0.06707 0.06098 0.01829 0.03049 0.03659 0.01829 0.10976 0.06098 0.01829 0.02439 0.13415 0.04268 0.00610 0.04268 0.04878 0.05488 0.05488 0.01829 0.05488 0.09756
GNM13210                       0.04848 0.05455 0.00606 0.03636 0.02424 0.00000 0.09697 0.07273 0.00606 0.07879 0.10303 0.07273 0.00606 0.03636 0.07273 0.03636 0.09091 0.01818 0.03636 0.10303
GNM12773                       0.06061 0.03030 0.03636 0.06061 0.01818 0.03030 0.07273 0.06667 0.01212 0.13333 0.10303 0.07879 0.00000 0.06061 0.06667 0.03636 0.04242 0.01818 0.02424 0.04848
GNM12769                       0.04242 0.04242 0.05455 0.04242 0.01212 0.01212 0.09697 0.06061 0.00000 0.10303 0.11515 0.08485 0.00606 0.04848 0.07273 0.04242 0.06061 0.01818 0.02424 0.06061

Homogeneity statistic: X2 = 12.94739 G = 13.37701 

Average                        0.06820 0.05753 0.02264 0.04691 0.01910 0.02173 0.10501 0.07146 0.01048 0.07261 0.10247 0.05619 0.00943 0.04202 0.06892 0.04456 0.04920 0.01594 0.02585 0.08974
(Ambiguity characters are used to calculate freqs.)


# constant sites:      1 (0.60%)

TREE #  1:  ((((((((34, 129), 114), (49, 79)), 80), 81), (((116, 117), (82, 48)), (115, 118))), ((((((108, 107), 110), 109), 128), (51, 33)), 125)), (((((((((((((((((((36, 35), (38, 18)), 40), 47), 41), ((37, 39), 75)), 45), 32), ((((((((43, 44), 42), 46), 103), (17, 6)), ((7, 5), 72)), ((9, 57), 102)), 62)), 119), (((73, 61), 16), 74)), ((104, 60), 105)), ((((65, 4), 64), (59, 12)), (22, 66))), (67, 31)), (71, 58)), ((13, 120), (29, 11))), ((((1, 68), 69), 2), 30)), ((((27, 28), 25), (3, 23)), (((70, 10), 26), 24))), (((((21, 20), (130, 19)), ((54, 55), 56)), (131, 53)), ((15, 14), 52))), (((((((((((96, 94), 95), 85), 93), 84), (((92, 90), 98), 89)), (((77, 8), 78), 76)), (50, 63)), ((127, 126), 106)), ((((((88, 87), 86), 101), 83), ((97, 99), 100)), 91)), ((((122, 123), 124), 121), ((113, 111), 112))));   MP score: -1
lnL(ntime:259  np:260): -19692.103805      +0.000000
 132..133 133..134 134..135 135..136 136..137 137..138 138..139 139..34  139..129 138..114 137..140 140..49  140..79  136..80  135..81  134..141 141..142 142..143 143..116 143..117 142..144 144..82  144..48  141..145 145..115 145..118 133..146 146..147 147..148 148..149 149..150 150..151 151..108 151..107 150..110 149..109 148..128 147..152 152..51  152..33  146..125 132..153 153..154 154..155 155..156 156..157 157..158 158..159 159..160 160..161 161..162 162..163 163..164 164..165 165..166 166..167 167..168 168..169 169..170 170..171 171..36  171..35  170..172 172..38  172..18  169..40  168..47  167..41  166..173 173..174 174..37  174..39  173..75  165..45  164..32  163..175 175..176 176..177 177..178 178..179 179..180 180..181 181..182 182..43  182..44  181..42  180..46  179..103 178..183 183..17  183..6   177..184 184..185 185..7   185..5   184..72  176..186 186..187 187..9   187..57  186..102 175..62  162..119 161..188 188..189 189..190 190..73  190..61  189..16  188..74  160..191 191..192 192..104 192..60  191..105 159..193 193..194 194..195 195..196 196..65  196..4   195..64  194..197 197..59  197..12  193..198 198..22  198..66  158..199 199..67  199..31  157..200 200..71  200..58  156..201 201..202 202..13  202..120 201..203 203..29  203..11  155..204 204..205 205..206 206..207 207..1   207..68  206..69  205..2   204..30  154..208 208..209 209..210 210..211 211..27  211..28  210..25  209..212 212..3   212..23  208..213 213..214 214..215 215..70  215..10  214..26  213..24  153..216 216..217 217..218 218..219 219..220 220..21  220..20  219..221 221..130 221..19  218..222 222..223 223..54  223..55  222..56  217..224 224..131 224..53  216..225 225..226 226..15  226..14  225..52  132..227 227..228 228..229 229..230 230..231 231..232 232..233 233..234 234..235 235..236 236..237 237..96  237..94  236..95  235..85  234..93  233..84  232..238 238..239 239..240 240..92  240..90  239..98  238..89  231..241 241..242 242..243 243..77  243..8   242..78  241..76  230..244 244..50  244..63  229..245 245..246 246..127 246..126 245..106 228..247 247..248 248..249 249..250 250..251 251..252 252..88  252..87  251..86  250..101 249..83  248..253 253..254 254..97  254..99  253..100 247..91  227..255 255..256 256..257 257..258 258..122 258..123 257..124 256..121 255..259 259..260 260..113 260..111 259..112
 0.076490 0.134322 0.032341 0.000000 0.040071 0.221091 0.056118 0.206349 0.201409 0.174268 0.219451 0.527550 0.282276 0.441154 0.419143 0.420945 0.000000 0.146950 0.024288 0.029714 0.041006 0.251348 0.147129 0.047074 0.200592 0.098594 0.045537 0.172228 0.124980 0.121858 0.049912 0.029505 0.087250 0.096824 0.129262 0.134741 0.150270 0.061998 0.304172 0.206704 0.294205 0.035165 0.000000 0.077361 0.010894 0.088017 0.000000 0.046719 0.141514 0.095809 0.030613 0.004311 0.108266 0.114105 0.045423 0.000000 0.000000 0.000000 0.012347 0.000000 0.024342 0.021892 0.000000 0.000000 0.030290 0.036387 0.075367 0.085172 0.005323 0.006438 0.020362 0.026140 0.082468 0.111647 0.397563 0.002878 0.017023 0.154973 0.041087 0.015200 0.000000 0.019362 0.000000 0.000000 0.004929 0.000000 0.032673 0.064184 0.008222 0.112416 0.057183 0.038181 0.031384 0.065982 0.066921 0.096750 0.096682 0.079851 0.040688 0.010254 0.174785 0.496298 0.167759 0.076053 0.028050 0.068005 0.138077 0.085516 0.188840 0.145787 0.121835 0.025188 0.092703 0.067463 0.102732 0.182901 0.059525 0.005321 0.075649 0.128912 0.039935 0.220081 0.215791 0.081555 0.052424 0.320919 0.027146 0.000000 0.292357 0.005586 0.000000 0.237365 0.000000 0.000000 0.000000 0.177258 0.264616 0.257966 0.517067 0.324597 0.126050 0.035616 0.207991 0.392322 0.134520 0.041390 0.025533 0.054026 0.337462 0.383653 0.155174 0.054483 0.085202 0.164502 0.010785 0.000000 0.215724 0.443704 0.049763 0.016712 0.134918 0.223119 0.043569 0.048749 0.059752 0.090546 0.399367 0.054255 0.052528 0.087732 0.059175 0.083466 0.110644 0.067483 0.110343 0.360560 0.206693 0.096012 0.080009 0.043754 0.075930 0.253140 0.061176 0.305663 0.148290 0.052768 0.244201 0.005543 0.000000 0.093612 0.011102 0.000000 0.107146 0.014534 0.063590 0.026860 0.022279 0.109427 0.128456 0.109474 0.043310 0.053639 0.076428 0.124908 0.286101 0.326985 0.410779 0.143370 0.076663 0.114716 0.242783 0.316475 0.308087 0.538254 1.168273 0.000000 0.092944 0.196081 0.117914 0.149849 0.278364 0.106962 0.135994 0.119820 0.060200 0.648163 0.196681 0.056827 0.926080 0.006031 0.017455 0.226222 0.067838 0.123819 0.269145 0.171462 0.130213 0.231924 0.066313 0.036368 0.094008 0.029950 0.619466 0.259521 0.178532 0.289238 0.246473 0.009076 0.045269 0.033813 0.035641 0.033298 0.027907 0.038316 0.000000 0.006812 0.025764 0.033326 0.029879 0.822256
