
Printing out site pattern counts


       136         31  P

GNM13671                        ACCCCDEFFF GGHHIKKLLM MNNPRRTVVY Y
GNM13876                        ACCCCNDFSY GGGHFKRLTM REKPRRTLVT Y
GNM13680                        ACCCCDEFDF GGGHFREVSM KTKPRRTRRT F
GNM14837                        SCCCCDEFIL GGGHYRELTM KTKSRRTRKT H
GNM14249                        SCCCCDEFIL GGGHFREVIM KSKSRRTKKT H
GNM13928                        ACCCCDQFVL GGGHFRETTM KSKSRRTRKT N
GNM13455                        SCCCCDKFNL GGGHFRELGM KTKSRRTRKT N
GNM14483                        ACCCCGQFEY GGGHFRTLLM SANPRRTRKT L
GNM14872                        ACCCCDEFEY GGGHFREVNM KTKLKRTKRT F
GNM13855                        ACCCCDEFEY GGSHFREVIM KEKPRRTKRT L
GNM14445                        SCCCCDEFDY GGGHFKQLLL QKKPRRTKKT D
GNM14545                        ACCCCAFYYY GRHHILEIKM VKRPRRTAEY W
GNM14366                        SCCCCNEFVL GGGHFREVLM KTKSRRTHKT R
GNM14252                        SCCCCDEFIL GGGHFREIIM KSKSRRTKKT H
GNM13760                        SCCCCDEFIL GGGHFREVIM KTKSRRTKKT H
GNM13982                        SCCCCNEFTD GGGHFREVEM KSKVRRTRKT R
GNM13960                        SCCCCDEFNL GGGHFKEITM KSKSRRTHKT R
GNM14633                        SCCCCNEFTD GGGHFREFEM KTKVRRTRKT R
GNM14853                        SCCCCNEFTD GGGHFREFEM KTKVRRTRKT R
GNM14138                        ACCCCNDYNL GGGHFRRVLM IKHERRTRPT F
GNM14748                        SCCCCDEFNL GGGHYREATM KTKSRRTKKT N
GNM14246                        ACCCCDDYLF GGGHFRRLLM KVHERRTLPT Y
GNM14640                        ACCCCDDYFF GGGHFRRFLM GKHERRTLPT Y
GNM14965                        ACCCCDEFDF GGGHFREVNM STKPRRTKRS H
GNM13677                        ACCCCNDFSY GGGHFKKLTM REKPRRTLVT Y
GNM14339                        ACCCCDRFFY GGGHIRSLNM KVRPIRTVST Y
GNM14593                        ACCCCDDFFY GGHHIKQINM KVNPRRTVVY Y
GNM13825                        ACCCCDDFFH GGHHFRILKM KVRPVRTSRY Y
GNM14715                        ACCCCDQYEY GGGHFRTLLM STHPRRTRKT L
GNM14639                        ACCCCDEFDY GGGHFSKIKL KVRPKRTRVT L
GNM13795                        SCCCCDEFNL GGGHYREATM KTKSRRTKKT N
GNM14166                        SCCCCNNFEF GGGHFREVTM KEKSRRTKKS R
GNM13993                        ACCCCDEFEY GGGHFRDVLL KTKPRRARKS L
GNM14450                        GCCCXDDFEY GGGHFKEILM QKRSRRTKKT I
GNM13745                        ACCCCDEFEY GGGHFRDILL KTKPRRARNT L
GNM14030                        ACCCCDEFDY GGGHFRDVLL KTKPRRARKS L
GNM14959                        ACCCCPYFIY GGGHVFIILM TKKPRRTRRA W
GNM13413                        ACCCCAFYMY GGNHFREVKM TKKPKRTNKH W
GNM14971                        N----SF--- ---YFG-VLT KR---R-VQL L
GNM14990                        ---CL---N- -W---K-VT- KT-SR--HK- -
GNM15005                        SCCCCDEFNL GGGHFKEITM KSKSRRTHKT R
GNM14994                        SCCCCDEFNL GGGHAKETLM KTKSRRTKKT N
GNM15014                        SCCCCDEFTL GGGHFKEITM KSKTRRTHKT R
GNM14976                        S-CCCDE-N- -G-HFK-ITM KS-SRR-HKT R
GNM14995                        SCCCCNIFIL GGGHFNEVAM KTKSRRTHKT I
GNM15018                        SCCCCDEFIL GGGHFREVIM KSKSRRTKKT H
GNM15024                        SCCCCDEFIL GGGHFREVIM KSKSRRTKKT H
GNM14980                        SCCCCDEFIL GGGHFREVIM KSKSRRTKKT H
GNM15000                        SCCCCDEFIL GGGHFREVIM KSKSRRTKKT H
GNM15026                        SCCCCGEFIL GGGHFKEATM KTKSRRTHKT R
GNM15001                        SCCCCDEFIL GGGHFREVIM KSKSRRTKKT H
GNM15003                        SCCCCDEFNL GGGHFKEVTM KSKSRRTHKT R
GNM11003                        ACCCCEHFKY GGGHVLEVKM KKKPRRTNKA W
GNM11023                        ACCCCEHFRY GGGHILEIKM VKKPRRTNRH W
GNM11055                        ACCCCDEFFY GGGHFREVKL KVKPRRTKKS L
GNM11146                        ACCCCPYFLY GGGHVFIFNM VRKPRRTKRH W
GNM11219                        ACCCCDDWFL GGGHFRILLM KGNRRRTRPT Y
GNM11220                        ACCCCPHYKY GGGHFFEIKM SKGPRRTGRA W
GNM11223                        ACCCCDDYVF GGGHFRRIRM KEHDRRTLPA Y
GNM11358                        ACCCCDAFEY GGSHFREVMM KEKPRRTRRT L
GNM11360                        SCCCCDKFNL GGGHFRELGM KTKSRRTRKT N
GNM11362                        ACCCCDEFEY GGKHFKEIVM RRRPRRTRRT V
GNM11367                        SCCCCNEFTD GGGHFREVEM KSKVRRTRKT R
GNM11377                        ACCCCDEFEY GGGHFREVNM KTKLKRTKRT F
GNM11380                        SCCCCNNFEF GGGHFREVIM KEKSRRTKKS R
GNM11383                        SCCCCNDFSL GGGHFREAVM KTKSRRTHKT K
GNM11491                        ACCCCDQFIL GGGHFKETLM KVKSRRTRHS R
GNM11804                        ACCCCDEFFY GGGHFREVTM RVKPRRTRKT R
GNM11805                        ACCCCDEFTY GGKHFREIKM KVKPRRTRRT Y
GNM12883                        ACCCCDEFDF GGGHFREVTM KTRPRRTKRT L
GNM12895                        GCCCCDDFEY GGGHFKEILM QKRSRRTKKT I
GNM13061                        ACCCCDQTFY GGGHFREVLM TKRPKRTRRY Y
GNM13064                        ACCCCDEFEY GGGHFRDVLL KTKPRRARKS L
GNM13066                        ACCCCDEFDY GGGHFRDVLL KTKPRRARKS L
GNM11032                        ACCCCDRFFY GGGHIRSLLM KERPIRTAST Y
GNM11034                        ACCCCDDFFH GGHHFRILKM RARPVRTTRY Y
GNM11363                        ACCCCDEFEY GGKHFKEIVM RRRPRRTRRT V
GNM11375                        SCCCCDEFIL GGGHFREVIM KTKSRRTKKT H
GNM11381                        SCCCCNEFIL GGGHFKEAIM KTKSRRTRKT K
GNM11382                        SCCCCNEFLL GGGHFREILM KTKSRRTHRT R
GNM11799                        SCCCCDEFTL GGRHFKEITM KSKPRRTHKT R
GNM11841                        ACCCCDEWTY GGGHVLE-DL --KPRRTREH Q
GNM11931                        ACCCCDAWMY GGGHFTE-DL --RPRRTKEV Q
GNM12125                        ACCCCPFFIH GGGHFREIKM TKKPRRTNKH W
GNM12126                        ACCCCPHFRY GGGHFPIIKM IKKPRRTNKH W
GNM12128                        ACCCCPYFLY GGNHVLIIKM TKKPRRTNRH W
GNM12182                        ACCCCEHFKY GGGHVLEIKM KKRPKRTNKS W
GNM12342                        ACCCCNEWTY GGGHFREVLM KIKPRRMKKA Y
GNM12346                        ACCCCDAYTY GGGHFREVKM KSKPRRTGQS V
GNM12351                        ACCCCDDFFY GGGHYREILL SEKPRRTRQT L
GNM12356                        ACCCCNEFEY GKGHFKEVLM KEKPRRTKKA F
GNM12357                        ACCCCNEYAY GGGHFREVLM TEKPKRLKKA F
GNM12366                        ACCCCNEYAF GGGHFREVTM STKPKRLKKA Y
GNM12373                        GCCCCDEFAY GGGHFTEASM KTKPRRTHRS F
GNM12385                        ACCCCDAFHY GGGHLLEAQM TVKPRRTKRA V
GNM12551                        ACCCCNDFFY GGGHFREVKM KERPRRTNPA Y
GNM12554                        ACCCCDDFYY GGGHITEVTM KTKPRRTKKA V
GNM12592                        ACCCCDEFIY GGGHFAEIRL TKRPRRTKPS M
GNM12596                        ACCCCNDFFY GGGHFREVLL STKPRRTKQA L
GNM12602                        ACCCCNDFFY GGGHFREVIL STKPRRTKQT L
GNM12665                        ACCCCNDFFY GGGHFREVLL STKPRRTKQA L
GNM12745                        ACCCCDDWEY GSGHFRQIKM KVRVRRTNPA Y
GNM12749                        GCCCCDEFYY GGGHFPEAQM NVKPRRTRRT V
GNM12758                        ACCCCDDWFY GSGHFRELKM KVKVRRTNPA Y
GNM12763                        ACCCCDDWFY GSGHFRKIKM KIKPRRTNPA Y
GNM12766                        ACCCCNEWFY GGGHFREVLM KVRPKRTKKA Y
GNM12841                        GCCCCDEFQY GGSYFTE-DL --KPRRTREH K
GNM12849                        SCCCCDKFNL GGGHFREIGM KTKSRRTRKT N
GNM12869                        SCCCCDEFVL GGGHYREVIM KSKSRRTKKT N
GNM12896                        SCCCCDNFEL GGGHFREATM KEKSRRTKKS R
GNM12897                        SCCCCNSFEF GGGHFKEAVM KEKSRRTRRS R
GNM12902                        ACCCCDEFFY GGGHFREIKL KVRPRRTRRS F
GNM12903                        ACCCCPFFLY GGGHVFQFKM VRKPKRTNKH W
GNM12906                        ACCCCPYFFY GGGHVFQFKM VRKPKRTNKH W
GNM12907                        ACCCCPFFLF GGGHVFQFKM VRKPKRTNKH W
GNM12909                        ACCCCPFFFF GGGHVFQFKM VRKPKRTNKH W
GNM10046                        ACCCCDDWFY GGGHFREVKM KIKPRRTNKA W
GNM12931                        ACCCCPFYKY GGGHFPEIKM TKKPKRVNKH W
GNM12938                        ACCCCEHFKY GGGHILEIKM SKKPRRTNKA W
GNM12996                        ACCCCEHFKY GGGHILEVKM KKKPRRTNKS W
GNM13018                        ACCCCEHFKY GGGHILEVKM KKKPRRTNKS W
GNM13027                        ACCCCEHFKY GGGHILEIKM KKKPRRTNKA W
GNM13046                        SCCCCNEYVL GGGHFKEATM KSKSRRTHKT R
GNM13053                        ACCCCDEFEY GGNHFRTLLL SKKPRRTKKT F
GNM13074                        ACCCCDNWYY GGGHFREVKM KVRPRRTNKA W
GNM10010                        ACCCCDNWFY GGGHFREVKM KVRPRRTNKS W
GNM10014                        ACCCCDNWFY GGGHFREVKM KVRPRRTNKS W
GNM13090                        ACCCCDEWFY GGGHFREVKM KKRPRRTNKS W
GNM13118                        ACCCCEHYKY GGGHILEIKM TRKPRRTNKH W
GNM13126                        ACCCCDEFFY GGGHFRELKL KVRPRRTHRS Y
GNM13128                        ACCCCDEFFY GGGHFRELKL KVRPRRTHRT F
GNM13208                        ACCCCPYFFM GGGHVFIFTM IKKPRRTRRH W
GNM13210                        ACCCCPFYTY GGGHFRELKM KVRPKRVNKH W
GNM12773                        ACCCCDNYTF GGGHFRRVLM KSHERRTRPT Y
GNM12769                        ACCCCQFFKY GGSHILEIKM TKSPRRTNKT W
GNM12768                        ACCCCPFYKY GGSHFRELRM KIKPRRTLKS W



    1    1    1    1    1    1    1    1    1    1    1    1    1    1    1
    1    1    1    1    1    1    1    1    1    1    1    1    1    1    1
    1

AAML (in paml version 4.9h, March 2018)  tmp0062.txt
Model: Empirical,  (../wag.dat) dGamma (ncatG=4) ns = 136  ls =  31


Frequencies..
                                    A      R      N      D      C      Q      E      G      H      I      L      K      M      F      P      S      T      W      Y      V
GNM13671                       0.03226 0.06452 0.06452 0.03226 0.12903 0.00000 0.03226 0.06452 0.06452 0.03226 0.06452 0.06452 0.06452 0.09677 0.03226 0.00000 0.03226 0.00000 0.06452 0.06452
GNM13876                       0.03226 0.12903 0.03226 0.03226 0.12903 0.00000 0.03226 0.09677 0.03226 0.00000 0.06452 0.06452 0.03226 0.06452 0.03226 0.03226 0.09677 0.00000 0.06452 0.03226
GNM13680                       0.03226 0.16129 0.00000 0.06452 0.12903 0.00000 0.06452 0.09677 0.03226 0.00000 0.00000 0.06452 0.03226 0.12903 0.03226 0.03226 0.09677 0.00000 0.00000 0.03226
GNM14837                       0.00000 0.12903 0.00000 0.03226 0.12903 0.00000 0.06452 0.09677 0.06452 0.03226 0.06452 0.09677 0.03226 0.03226 0.00000 0.06452 0.12903 0.00000 0.03226 0.00000
GNM14249                       0.00000 0.09677 0.00000 0.03226 0.12903 0.00000 0.06452 0.09677 0.06452 0.06452 0.03226 0.12903 0.03226 0.06452 0.00000 0.09677 0.06452 0.00000 0.00000 0.03226
GNM13928                       0.03226 0.12903 0.03226 0.03226 0.12903 0.03226 0.03226 0.09677 0.03226 0.00000 0.03226 0.09677 0.03226 0.06452 0.00000 0.06452 0.12903 0.00000 0.00000 0.03226
GNM13455                       0.00000 0.12903 0.06452 0.03226 0.12903 0.00000 0.03226 0.12903 0.03226 0.00000 0.06452 0.12903 0.03226 0.06452 0.00000 0.06452 0.09677 0.00000 0.00000 0.00000
GNM14483                       0.06452 0.12903 0.03226 0.00000 0.12903 0.03226 0.03226 0.12903 0.03226 0.00000 0.09677 0.03226 0.03226 0.06452 0.03226 0.03226 0.09677 0.00000 0.03226 0.00000
GNM14872                       0.03226 0.09677 0.03226 0.03226 0.12903 0.00000 0.09677 0.09677 0.03226 0.00000 0.03226 0.12903 0.03226 0.09677 0.00000 0.00000 0.09677 0.00000 0.03226 0.03226
GNM13855                       0.03226 0.12903 0.00000 0.03226 0.12903 0.00000 0.12903 0.06452 0.03226 0.03226 0.03226 0.09677 0.03226 0.06452 0.03226 0.03226 0.06452 0.00000 0.03226 0.03226
GNM14445                       0.00000 0.06452 0.00000 0.09677 0.12903 0.06452 0.03226 0.09677 0.03226 0.00000 0.09677 0.16129 0.00000 0.06452 0.03226 0.03226 0.06452 0.00000 0.03226 0.00000
GNM14545                       0.09677 0.12903 0.00000 0.00000 0.12903 0.00000 0.06452 0.03226 0.06452 0.06452 0.03226 0.06452 0.03226 0.03226 0.03226 0.00000 0.03226 0.03226 0.12903 0.03226
GNM14366                       0.00000 0.12903 0.03226 0.00000 0.12903 0.00000 0.06452 0.09677 0.06452 0.00000 0.06452 0.09677 0.03226 0.06452 0.00000 0.06452 0.09677 0.00000 0.00000 0.06452
GNM14252                       0.00000 0.09677 0.00000 0.03226 0.12903 0.00000 0.06452 0.09677 0.06452 0.09677 0.03226 0.12903 0.03226 0.06452 0.00000 0.09677 0.06452 0.00000 0.00000 0.00000
GNM13760                       0.00000 0.09677 0.00000 0.03226 0.12903 0.00000 0.06452 0.09677 0.06452 0.06452 0.03226 0.12903 0.03226 0.06452 0.00000 0.06452 0.09677 0.00000 0.00000 0.03226
GNM13982                       0.00000 0.16129 0.03226 0.03226 0.12903 0.00000 0.09677 0.09677 0.03226 0.00000 0.00000 0.09677 0.03226 0.06452 0.00000 0.06452 0.09677 0.00000 0.00000 0.06452
GNM13960                       0.00000 0.09677 0.03226 0.03226 0.12903 0.00000 0.06452 0.09677 0.06452 0.03226 0.03226 0.12903 0.03226 0.06452 0.00000 0.09677 0.09677 0.00000 0.00000 0.00000
GNM14633                       0.00000 0.16129 0.03226 0.03226 0.12903 0.00000 0.09677 0.09677 0.03226 0.00000 0.00000 0.09677 0.03226 0.09677 0.00000 0.03226 0.12903 0.00000 0.00000 0.03226
GNM14853                       0.00000 0.16129 0.03226 0.03226 0.12903 0.00000 0.09677 0.09677 0.03226 0.00000 0.00000 0.09677 0.03226 0.09677 0.00000 0.03226 0.12903 0.00000 0.00000 0.03226
GNM14138                       0.03226 0.16129 0.06452 0.03226 0.12903 0.00000 0.03226 0.09677 0.06452 0.03226 0.06452 0.03226 0.03226 0.06452 0.03226 0.00000 0.06452 0.00000 0.03226 0.03226
GNM14748                       0.03226 0.09677 0.06452 0.03226 0.12903 0.00000 0.06452 0.09677 0.03226 0.00000 0.03226 0.12903 0.03226 0.03226 0.00000 0.06452 0.12903 0.00000 0.03226 0.00000
GNM14246                       0.03226 0.12903 0.00000 0.06452 0.12903 0.00000 0.03226 0.09677 0.06452 0.00000 0.12903 0.03226 0.03226 0.06452 0.03226 0.00000 0.06452 0.00000 0.06452 0.03226
GNM14640                       0.03226 0.12903 0.00000 0.06452 0.12903 0.00000 0.03226 0.12903 0.06452 0.00000 0.06452 0.03226 0.03226 0.12903 0.03226 0.00000 0.06452 0.00000 0.06452 0.00000
GNM14965                       0.03226 0.12903 0.03226 0.06452 0.12903 0.00000 0.06452 0.09677 0.06452 0.00000 0.00000 0.06452 0.03226 0.09677 0.03226 0.06452 0.06452 0.00000 0.00000 0.03226
GNM13677                       0.03226 0.09677 0.03226 0.03226 0.12903 0.00000 0.03226 0.09677 0.03226 0.00000 0.06452 0.09677 0.03226 0.06452 0.03226 0.03226 0.09677 0.00000 0.06452 0.03226
GNM14339                       0.03226 0.12903 0.03226 0.03226 0.12903 0.00000 0.00000 0.09677 0.03226 0.06452 0.03226 0.03226 0.03226 0.06452 0.03226 0.06452 0.06452 0.00000 0.06452 0.06452
GNM14593                       0.03226 0.06452 0.06452 0.06452 0.12903 0.03226 0.00000 0.06452 0.06452 0.06452 0.00000 0.06452 0.03226 0.06452 0.03226 0.00000 0.03226 0.00000 0.09677 0.09677
GNM13825                       0.03226 0.12903 0.00000 0.06452 0.12903 0.00000 0.00000 0.06452 0.09677 0.03226 0.03226 0.06452 0.03226 0.09677 0.03226 0.03226 0.03226 0.00000 0.06452 0.06452
GNM14715                       0.03226 0.12903 0.00000 0.03226 0.12903 0.03226 0.03226 0.09677 0.06452 0.00000 0.09677 0.03226 0.03226 0.03226 0.03226 0.03226 0.12903 0.00000 0.06452 0.00000
GNM14639                       0.03226 0.09677 0.00000 0.06452 0.12903 0.00000 0.03226 0.09677 0.03226 0.03226 0.06452 0.12903 0.00000 0.06452 0.03226 0.03226 0.06452 0.00000 0.03226 0.06452
GNM13795                       0.03226 0.09677 0.06452 0.03226 0.12903 0.00000 0.06452 0.09677 0.03226 0.00000 0.03226 0.12903 0.03226 0.03226 0.00000 0.06452 0.12903 0.00000 0.03226 0.00000
GNM14166                       0.00000 0.12903 0.06452 0.00000 0.12903 0.00000 0.09677 0.09677 0.03226 0.00000 0.00000 0.12903 0.03226 0.09677 0.00000 0.09677 0.06452 0.00000 0.00000 0.03226
GNM13993                       0.06452 0.12903 0.00000 0.06452 0.12903 0.00000 0.06452 0.09677 0.03226 0.00000 0.09677 0.09677 0.00000 0.06452 0.03226 0.03226 0.03226 0.00000 0.03226 0.03226
GNM14450                       0.00000 0.10000 0.00000 0.06667 0.10000 0.03333 0.06667 0.13333 0.03333 0.06667 0.03333 0.13333 0.03333 0.06667 0.00000 0.03333 0.06667 0.00000 0.03333 0.00000
GNM13745                       0.06452 0.12903 0.03226 0.06452 0.12903 0.00000 0.06452 0.09677 0.03226 0.03226 0.09677 0.06452 0.00000 0.06452 0.03226 0.00000 0.06452 0.00000 0.03226 0.00000
GNM14030                       0.06452 0.12903 0.00000 0.09677 0.12903 0.00000 0.03226 0.09677 0.03226 0.00000 0.09677 0.09677 0.00000 0.06452 0.03226 0.03226 0.03226 0.00000 0.03226 0.03226
GNM14959                       0.06452 0.12903 0.00000 0.00000 0.12903 0.00000 0.00000 0.09677 0.03226 0.09677 0.03226 0.06452 0.03226 0.06452 0.06452 0.00000 0.06452 0.03226 0.06452 0.03226
GNM13413                       0.06452 0.06452 0.06452 0.00000 0.12903 0.00000 0.03226 0.06452 0.06452 0.00000 0.00000 0.16129 0.06452 0.06452 0.03226 0.00000 0.06452 0.03226 0.06452 0.03226
GNM14971                       0.00000 0.12500 0.06250 0.00000 0.00000 0.06250 0.00000 0.06250 0.00000 0.00000 0.18750 0.06250 0.00000 0.12500 0.00000 0.06250 0.06250 0.00000 0.06250 0.12500
GNM14990                       0.00000 0.07692 0.07692 0.00000 0.07692 0.00000 0.00000 0.00000 0.07692 0.00000 0.07692 0.23077 0.00000 0.00000 0.00000 0.07692 0.15384 0.07692 0.00000 0.07692
GNM15005                       0.00000 0.09677 0.03226 0.03226 0.12903 0.00000 0.06452 0.09677 0.06452 0.03226 0.03226 0.12903 0.03226 0.06452 0.00000 0.09677 0.09677 0.00000 0.00000 0.00000
GNM14994                       0.03226 0.06452 0.06452 0.03226 0.12903 0.00000 0.06452 0.09677 0.03226 0.00000 0.06452 0.16129 0.03226 0.03226 0.00000 0.06452 0.12903 0.00000 0.00000 0.00000
GNM15014                       0.00000 0.09677 0.00000 0.03226 0.12903 0.00000 0.06452 0.09677 0.06452 0.03226 0.03226 0.12903 0.03226 0.06452 0.00000 0.06452 0.16129 0.00000 0.00000 0.00000
GNM14976                       0.00000 0.13043 0.04348 0.04348 0.13043 0.00000 0.04348 0.04348 0.08696 0.04348 0.00000 0.13043 0.04348 0.04348 0.00000 0.13043 0.08696 0.00000 0.00000 0.00000
GNM14995                       0.03226 0.06452 0.06452 0.00000 0.12903 0.00000 0.03226 0.09677 0.06452 0.09677 0.03226 0.09677 0.03226 0.06452 0.00000 0.06452 0.09677 0.00000 0.00000 0.03226
GNM15018                       0.00000 0.09677 0.00000 0.03226 0.12903 0.00000 0.06452 0.09677 0.06452 0.06452 0.03226 0.12903 0.03226 0.06452 0.00000 0.09677 0.06452 0.00000 0.00000 0.03226
GNM15024                       0.00000 0.09677 0.00000 0.03226 0.12903 0.00000 0.06452 0.09677 0.06452 0.06452 0.03226 0.12903 0.03226 0.06452 0.00000 0.09677 0.06452 0.00000 0.00000 0.03226
GNM14980                       0.00000 0.09677 0.00000 0.03226 0.12903 0.00000 0.06452 0.09677 0.06452 0.06452 0.03226 0.12903 0.03226 0.06452 0.00000 0.09677 0.06452 0.00000 0.00000 0.03226
GNM15000                       0.00000 0.09677 0.00000 0.03226 0.12903 0.00000 0.06452 0.09677 0.06452 0.06452 0.03226 0.12903 0.03226 0.06452 0.00000 0.09677 0.06452 0.00000 0.00000 0.03226
GNM15026                       0.03226 0.09677 0.00000 0.00000 0.12903 0.00000 0.06452 0.12903 0.06452 0.03226 0.03226 0.12903 0.03226 0.06452 0.00000 0.06452 0.12903 0.00000 0.00000 0.00000
GNM15001                       0.00000 0.09677 0.00000 0.03226 0.12903 0.00000 0.06452 0.09677 0.06452 0.06452 0.03226 0.12903 0.03226 0.06452 0.00000 0.09677 0.06452 0.00000 0.00000 0.03226
GNM15003                       0.00000 0.09677 0.03226 0.03226 0.12903 0.00000 0.06452 0.09677 0.06452 0.00000 0.03226 0.12903 0.03226 0.06452 0.00000 0.09677 0.09677 0.00000 0.00000 0.03226
GNM11003                       0.06452 0.06452 0.03226 0.00000 0.12903 0.00000 0.06452 0.09677 0.06452 0.00000 0.03226 0.19355 0.03226 0.03226 0.03226 0.00000 0.03226 0.03226 0.03226 0.06452
GNM11023                       0.03226 0.12903 0.03226 0.00000 0.12903 0.00000 0.06452 0.09677 0.09677 0.06452 0.03226 0.09677 0.03226 0.03226 0.03226 0.00000 0.03226 0.03226 0.03226 0.03226
GNM11055                       0.03226 0.09677 0.00000 0.03226 0.12903 0.00000 0.06452 0.09677 0.03226 0.00000 0.06452 0.16129 0.00000 0.09677 0.03226 0.03226 0.03226 0.00000 0.03226 0.06452
GNM11146                       0.03226 0.12903 0.03226 0.00000 0.12903 0.00000 0.00000 0.09677 0.06452 0.03226 0.03226 0.06452 0.03226 0.09677 0.06452 0.00000 0.03226 0.03226 0.06452 0.06452
GNM11219                       0.03226 0.16129 0.03226 0.06452 0.12903 0.00000 0.00000 0.12903 0.03226 0.03226 0.09677 0.03226 0.03226 0.06452 0.03226 0.00000 0.06452 0.03226 0.03226 0.00000
GNM11220                       0.06452 0.09677 0.00000 0.00000 0.12903 0.00000 0.03226 0.16129 0.06452 0.03226 0.00000 0.09677 0.03226 0.06452 0.06452 0.03226 0.03226 0.03226 0.06452 0.00000
GNM11223                       0.06452 0.16129 0.00000 0.09677 0.12903 0.00000 0.03226 0.09677 0.06452 0.03226 0.03226 0.03226 0.03226 0.06452 0.03226 0.00000 0.03226 0.00000 0.06452 0.03226
GNM11358                       0.06452 0.16129 0.00000 0.03226 0.12903 0.00000 0.09677 0.06452 0.03226 0.00000 0.03226 0.06452 0.06452 0.06452 0.03226 0.03226 0.06452 0.00000 0.03226 0.03226
GNM11360                       0.00000 0.12903 0.06452 0.03226 0.12903 0.00000 0.03226 0.12903 0.03226 0.00000 0.06452 0.12903 0.03226 0.06452 0.00000 0.06452 0.09677 0.00000 0.00000 0.00000
GNM11362                       0.03226 0.22581 0.00000 0.03226 0.12903 0.00000 0.09677 0.06452 0.03226 0.03226 0.00000 0.06452 0.03226 0.06452 0.03226 0.00000 0.06452 0.00000 0.03226 0.06452
GNM11367                       0.00000 0.16129 0.03226 0.03226 0.12903 0.00000 0.09677 0.09677 0.03226 0.00000 0.00000 0.09677 0.03226 0.06452 0.00000 0.06452 0.09677 0.00000 0.00000 0.06452
GNM11377                       0.03226 0.09677 0.03226 0.03226 0.12903 0.00000 0.09677 0.09677 0.03226 0.00000 0.03226 0.12903 0.03226 0.09677 0.00000 0.00000 0.09677 0.00000 0.03226 0.03226
GNM11380                       0.00000 0.12903 0.06452 0.00000 0.12903 0.00000 0.09677 0.09677 0.03226 0.03226 0.00000 0.12903 0.03226 0.09677 0.00000 0.09677 0.03226 0.00000 0.00000 0.03226
GNM11383                       0.03226 0.09677 0.03226 0.03226 0.12903 0.00000 0.03226 0.09677 0.06452 0.00000 0.03226 0.12903 0.03226 0.06452 0.00000 0.09677 0.09677 0.00000 0.00000 0.03226
GNM11491                       0.03226 0.12903 0.00000 0.03226 0.12903 0.03226 0.03226 0.09677 0.06452 0.03226 0.06452 0.09677 0.03226 0.06452 0.00000 0.06452 0.06452 0.00000 0.00000 0.03226
GNM11804                       0.03226 0.19355 0.00000 0.03226 0.12903 0.00000 0.06452 0.09677 0.03226 0.00000 0.00000 0.06452 0.03226 0.09677 0.03226 0.00000 0.09677 0.00000 0.03226 0.06452
GNM11805                       0.03226 0.16129 0.00000 0.03226 0.12903 0.00000 0.06452 0.06452 0.03226 0.03226 0.00000 0.12903 0.03226 0.06452 0.03226 0.00000 0.09677 0.00000 0.06452 0.03226
GNM12883                       0.03226 0.16129 0.00000 0.06452 0.12903 0.00000 0.06452 0.09677 0.03226 0.00000 0.03226 0.06452 0.03226 0.09677 0.03226 0.00000 0.12903 0.00000 0.00000 0.03226
GNM12895                       0.00000 0.09677 0.00000 0.06452 0.12903 0.03226 0.06452 0.12903 0.03226 0.06452 0.03226 0.12903 0.03226 0.06452 0.00000 0.03226 0.06452 0.00000 0.03226 0.00000
GNM13061                       0.03226 0.16129 0.00000 0.03226 0.12903 0.03226 0.03226 0.09677 0.03226 0.00000 0.03226 0.06452 0.03226 0.06452 0.03226 0.00000 0.09677 0.00000 0.09677 0.03226
GNM13064                       0.06452 0.12903 0.00000 0.06452 0.12903 0.00000 0.06452 0.09677 0.03226 0.00000 0.09677 0.09677 0.00000 0.06452 0.03226 0.03226 0.03226 0.00000 0.03226 0.03226
GNM13066                       0.06452 0.12903 0.00000 0.09677 0.12903 0.00000 0.03226 0.09677 0.03226 0.00000 0.09677 0.09677 0.00000 0.06452 0.03226 0.03226 0.03226 0.00000 0.03226 0.03226
GNM11032                       0.06452 0.12903 0.00000 0.03226 0.12903 0.00000 0.03226 0.09677 0.03226 0.06452 0.06452 0.03226 0.03226 0.06452 0.03226 0.06452 0.06452 0.00000 0.06452 0.00000
GNM11034                       0.06452 0.16129 0.00000 0.06452 0.12903 0.00000 0.00000 0.06452 0.09677 0.03226 0.03226 0.03226 0.03226 0.09677 0.03226 0.00000 0.06452 0.00000 0.06452 0.03226
GNM11363                       0.03226 0.22581 0.00000 0.03226 0.12903 0.00000 0.09677 0.06452 0.03226 0.03226 0.00000 0.06452 0.03226 0.06452 0.03226 0.00000 0.06452 0.00000 0.03226 0.06452
GNM11375                       0.00000 0.09677 0.00000 0.03226 0.12903 0.00000 0.06452 0.09677 0.06452 0.06452 0.03226 0.12903 0.03226 0.06452 0.00000 0.06452 0.09677 0.00000 0.00000 0.03226
GNM11381                       0.03226 0.09677 0.03226 0.00000 0.12903 0.00000 0.06452 0.09677 0.03226 0.06452 0.03226 0.16129 0.03226 0.06452 0.00000 0.06452 0.09677 0.00000 0.00000 0.00000
GNM11382                       0.00000 0.16129 0.03226 0.00000 0.12903 0.00000 0.06452 0.09677 0.06452 0.03226 0.09677 0.06452 0.03226 0.06452 0.00000 0.06452 0.09677 0.00000 0.00000 0.00000
GNM11799                       0.00000 0.12903 0.00000 0.03226 0.12903 0.00000 0.06452 0.06452 0.06452 0.03226 0.03226 0.12903 0.03226 0.06452 0.03226 0.06452 0.12903 0.00000 0.00000 0.00000
GNM11841                       0.03571 0.10714 0.00000 0.07143 0.14286 0.03571 0.10714 0.10714 0.07143 0.00000 0.07143 0.03571 0.00000 0.00000 0.03571 0.00000 0.07143 0.03571 0.03571 0.03571
GNM11931                       0.07143 0.10714 0.00000 0.07143 0.14286 0.03571 0.07143 0.10714 0.03571 0.00000 0.03571 0.03571 0.03571 0.03571 0.03571 0.00000 0.07143 0.03571 0.03571 0.03571
GNM12125                       0.03226 0.09677 0.03226 0.00000 0.12903 0.00000 0.03226 0.09677 0.09677 0.06452 0.00000 0.12903 0.03226 0.09677 0.06452 0.00000 0.06452 0.03226 0.00000 0.00000
GNM12126                       0.03226 0.09677 0.03226 0.00000 0.12903 0.00000 0.00000 0.09677 0.09677 0.09677 0.00000 0.12903 0.03226 0.06452 0.09677 0.00000 0.03226 0.03226 0.03226 0.00000
GNM12128                       0.03226 0.09677 0.06452 0.00000 0.12903 0.00000 0.00000 0.06452 0.06452 0.06452 0.06452 0.09677 0.03226 0.03226 0.06452 0.00000 0.06452 0.03226 0.06452 0.03226
GNM12182                       0.03226 0.06452 0.03226 0.00000 0.12903 0.00000 0.06452 0.09677 0.06452 0.03226 0.03226 0.19355 0.03226 0.03226 0.03226 0.03226 0.03226 0.03226 0.03226 0.03226
GNM12342                       0.06452 0.09677 0.03226 0.00000 0.12903 0.00000 0.06452 0.09677 0.03226 0.03226 0.03226 0.12903 0.06452 0.03226 0.03226 0.00000 0.03226 0.03226 0.06452 0.03226
GNM12346                       0.06452 0.09677 0.00000 0.03226 0.12903 0.03226 0.03226 0.12903 0.03226 0.00000 0.00000 0.09677 0.03226 0.03226 0.03226 0.06452 0.06452 0.00000 0.06452 0.06452
GNM12351                       0.03226 0.12903 0.00000 0.06452 0.12903 0.03226 0.06452 0.09677 0.03226 0.03226 0.09677 0.03226 0.00000 0.06452 0.03226 0.03226 0.06452 0.00000 0.06452 0.00000
GNM12356                       0.06452 0.06452 0.03226 0.00000 0.12903 0.00000 0.12903 0.06452 0.03226 0.00000 0.03226 0.19355 0.03226 0.09677 0.03226 0.00000 0.03226 0.00000 0.03226 0.03226
GNM12357                       0.09677 0.06452 0.03226 0.00000 0.12903 0.00000 0.09677 0.09677 0.03226 0.00000 0.06452 0.12903 0.03226 0.06452 0.03226 0.00000 0.03226 0.00000 0.06452 0.03226
GNM12366                       0.09677 0.06452 0.03226 0.00000 0.12903 0.00000 0.06452 0.09677 0.03226 0.00000 0.03226 0.12903 0.03226 0.06452 0.03226 0.03226 0.06452 0.00000 0.06452 0.03226
GNM12373                       0.06452 0.09677 0.00000 0.03226 0.12903 0.00000 0.06452 0.12903 0.06452 0.00000 0.00000 0.06452 0.03226 0.09677 0.03226 0.06452 0.09677 0.00000 0.03226 0.00000
GNM12385                       0.12903 0.09677 0.00000 0.03226 0.12903 0.03226 0.03226 0.09677 0.06452 0.00000 0.06452 0.06452 0.03226 0.03226 0.03226 0.00000 0.06452 0.00000 0.03226 0.06452
GNM12551                       0.06452 0.12903 0.06452 0.03226 0.12903 0.00000 0.06452 0.09677 0.03226 0.00000 0.00000 0.06452 0.03226 0.09677 0.06452 0.00000 0.03226 0.00000 0.06452 0.03226
GNM12554                       0.06452 0.06452 0.00000 0.06452 0.12903 0.00000 0.03226 0.09677 0.03226 0.03226 0.00000 0.12903 0.03226 0.03226 0.03226 0.00000 0.12903 0.00000 0.06452 0.06452
GNM12592                       0.06452 0.12903 0.00000 0.03226 0.12903 0.00000 0.06452 0.09677 0.03226 0.06452 0.03226 0.06452 0.03226 0.06452 0.06452 0.03226 0.06452 0.00000 0.03226 0.00000
GNM12596                       0.06452 0.09677 0.03226 0.03226 0.12903 0.03226 0.03226 0.09677 0.03226 0.00000 0.09677 0.06452 0.00000 0.09677 0.03226 0.03226 0.06452 0.00000 0.03226 0.03226
GNM12602                       0.03226 0.09677 0.03226 0.03226 0.12903 0.03226 0.03226 0.09677 0.03226 0.03226 0.06452 0.06452 0.00000 0.09677 0.03226 0.03226 0.09677 0.00000 0.03226 0.03226
GNM12665                       0.06452 0.09677 0.03226 0.03226 0.12903 0.03226 0.03226 0.09677 0.03226 0.00000 0.09677 0.06452 0.00000 0.09677 0.03226 0.03226 0.06452 0.00000 0.03226 0.03226
GNM12745                       0.06452 0.12903 0.03226 0.06452 0.12903 0.03226 0.03226 0.06452 0.03226 0.03226 0.00000 0.06452 0.03226 0.03226 0.03226 0.03226 0.03226 0.03226 0.06452 0.06452
GNM12749                       0.03226 0.12903 0.03226 0.03226 0.12903 0.03226 0.06452 0.12903 0.03226 0.00000 0.00000 0.03226 0.03226 0.06452 0.06452 0.00000 0.06452 0.00000 0.06452 0.06452
GNM12758                       0.06452 0.09677 0.03226 0.06452 0.12903 0.00000 0.03226 0.06452 0.03226 0.00000 0.03226 0.09677 0.03226 0.06452 0.03226 0.03226 0.03226 0.03226 0.06452 0.06452
GNM12763                       0.06452 0.09677 0.03226 0.06452 0.12903 0.00000 0.00000 0.06452 0.03226 0.06452 0.00000 0.12903 0.03226 0.06452 0.06452 0.03226 0.03226 0.03226 0.06452 0.00000
GNM12766                       0.06452 0.09677 0.03226 0.00000 0.12903 0.00000 0.06452 0.09677 0.03226 0.00000 0.03226 0.12903 0.03226 0.06452 0.03226 0.00000 0.03226 0.03226 0.06452 0.06452
GNM12841                       0.00000 0.10714 0.00000 0.07143 0.14286 0.03571 0.10714 0.10714 0.03571 0.00000 0.03571 0.07143 0.00000 0.07143 0.03571 0.03571 0.07143 0.00000 0.07143 0.00000
GNM12849                       0.00000 0.12903 0.06452 0.03226 0.12903 0.00000 0.03226 0.12903 0.03226 0.03226 0.03226 0.12903 0.03226 0.06452 0.00000 0.06452 0.09677 0.00000 0.00000 0.00000
GNM12869                       0.00000 0.09677 0.03226 0.03226 0.12903 0.00000 0.06452 0.09677 0.03226 0.03226 0.03226 0.12903 0.03226 0.03226 0.00000 0.09677 0.06452 0.00000 0.03226 0.06452
GNM12896                       0.03226 0.12903 0.03226 0.03226 0.12903 0.00000 0.09677 0.09677 0.03226 0.00000 0.03226 0.12903 0.03226 0.06452 0.00000 0.09677 0.06452 0.00000 0.00000 0.00000
GNM12897                       0.03226 0.16129 0.03226 0.00000 0.12903 0.00000 0.09677 0.09677 0.03226 0.00000 0.00000 0.09677 0.03226 0.09677 0.00000 0.12903 0.03226 0.00000 0.00000 0.03226
GNM12902                       0.03226 0.19355 0.00000 0.03226 0.12903 0.00000 0.06452 0.09677 0.03226 0.03226 0.03226 0.06452 0.00000 0.12903 0.03226 0.03226 0.03226 0.00000 0.03226 0.03226
GNM12903                       0.03226 0.06452 0.03226 0.00000 0.12903 0.03226 0.00000 0.09677 0.06452 0.00000 0.03226 0.12903 0.03226 0.12903 0.06452 0.00000 0.03226 0.03226 0.03226 0.06452
GNM12906                       0.03226 0.06452 0.03226 0.00000 0.12903 0.03226 0.00000 0.09677 0.06452 0.00000 0.00000 0.12903 0.03226 0.12903 0.06452 0.00000 0.03226 0.03226 0.06452 0.06452
GNM12907                       0.03226 0.06452 0.03226 0.00000 0.12903 0.03226 0.00000 0.09677 0.06452 0.00000 0.03226 0.12903 0.03226 0.16129 0.06452 0.00000 0.03226 0.03226 0.00000 0.06452
GNM12909                       0.03226 0.06452 0.03226 0.00000 0.12903 0.03226 0.00000 0.09677 0.06452 0.00000 0.00000 0.12903 0.03226 0.19355 0.06452 0.00000 0.03226 0.03226 0.00000 0.06452
GNM10046                       0.06452 0.09677 0.03226 0.06452 0.12903 0.00000 0.03226 0.09677 0.03226 0.03226 0.00000 0.12903 0.03226 0.06452 0.03226 0.00000 0.03226 0.06452 0.03226 0.03226
GNM12931                       0.03226 0.03226 0.03226 0.00000 0.12903 0.00000 0.03226 0.09677 0.06452 0.03226 0.00000 0.19355 0.03226 0.06452 0.09677 0.00000 0.03226 0.03226 0.06452 0.03226
GNM12938                       0.06452 0.06452 0.03226 0.00000 0.12903 0.00000 0.06452 0.09677 0.06452 0.06452 0.03226 0.16129 0.03226 0.03226 0.03226 0.03226 0.03226 0.03226 0.03226 0.00000
GNM12996                       0.03226 0.06452 0.03226 0.00000 0.12903 0.00000 0.06452 0.09677 0.06452 0.03226 0.03226 0.19355 0.03226 0.03226 0.03226 0.03226 0.03226 0.03226 0.03226 0.03226
GNM13018                       0.03226 0.06452 0.03226 0.00000 0.12903 0.00000 0.06452 0.09677 0.06452 0.03226 0.03226 0.19355 0.03226 0.03226 0.03226 0.03226 0.03226 0.03226 0.03226 0.03226
GNM13027                       0.06452 0.06452 0.03226 0.00000 0.12903 0.00000 0.06452 0.09677 0.06452 0.06452 0.03226 0.19355 0.03226 0.03226 0.03226 0.00000 0.03226 0.03226 0.03226 0.00000
GNM13046                       0.03226 0.09677 0.03226 0.00000 0.12903 0.00000 0.06452 0.09677 0.06452 0.00000 0.03226 0.12903 0.03226 0.03226 0.00000 0.09677 0.09677 0.00000 0.03226 0.03226
GNM13053                       0.03226 0.09677 0.03226 0.03226 0.12903 0.00000 0.06452 0.06452 0.03226 0.00000 0.09677 0.12903 0.00000 0.09677 0.03226 0.03226 0.09677 0.00000 0.03226 0.00000
GNM13074                       0.06452 0.12903 0.06452 0.03226 0.12903 0.00000 0.03226 0.09677 0.03226 0.00000 0.00000 0.09677 0.03226 0.03226 0.03226 0.00000 0.03226 0.06452 0.06452 0.06452
GNM10010                       0.03226 0.12903 0.06452 0.03226 0.12903 0.00000 0.03226 0.09677 0.03226 0.00000 0.00000 0.09677 0.03226 0.06452 0.03226 0.03226 0.03226 0.06452 0.03226 0.06452
GNM10014                       0.03226 0.12903 0.06452 0.03226 0.12903 0.00000 0.03226 0.09677 0.03226 0.00000 0.00000 0.09677 0.03226 0.06452 0.03226 0.03226 0.03226 0.06452 0.03226 0.06452
GNM13090                       0.03226 0.12903 0.03226 0.03226 0.12903 0.00000 0.06452 0.09677 0.03226 0.00000 0.00000 0.12903 0.03226 0.06452 0.03226 0.03226 0.03226 0.06452 0.03226 0.03226
GNM13118                       0.03226 0.09677 0.03226 0.00000 0.12903 0.00000 0.06452 0.09677 0.09677 0.06452 0.03226 0.12903 0.03226 0.00000 0.03226 0.00000 0.06452 0.03226 0.06452 0.00000
GNM13126                       0.03226 0.16129 0.00000 0.03226 0.12903 0.00000 0.06452 0.09677 0.06452 0.00000 0.06452 0.06452 0.00000 0.09677 0.03226 0.03226 0.03226 0.00000 0.06452 0.03226
GNM13128                       0.03226 0.16129 0.00000 0.03226 0.12903 0.00000 0.06452 0.09677 0.06452 0.00000 0.06452 0.06452 0.00000 0.12903 0.03226 0.00000 0.06452 0.00000 0.03226 0.03226
GNM13208                       0.03226 0.12903 0.00000 0.00000 0.12903 0.00000 0.00000 0.09677 0.06452 0.06452 0.00000 0.06452 0.06452 0.12903 0.06452 0.00000 0.06452 0.03226 0.03226 0.03226
GNM13210                       0.03226 0.09677 0.03226 0.00000 0.12903 0.00000 0.03226 0.09677 0.06452 0.00000 0.03226 0.12903 0.03226 0.06452 0.06452 0.00000 0.03226 0.03226 0.06452 0.06452
GNM12773                       0.03226 0.16129 0.03226 0.03226 0.12903 0.00000 0.03226 0.09677 0.06452 0.00000 0.03226 0.03226 0.03226 0.06452 0.03226 0.03226 0.09677 0.00000 0.06452 0.03226
GNM12769                       0.03226 0.06452 0.03226 0.00000 0.12903 0.03226 0.03226 0.06452 0.03226 0.06452 0.03226 0.12903 0.03226 0.06452 0.03226 0.06452 0.09677 0.03226 0.03226 0.00000
GNM12768                       0.03226 0.12903 0.00000 0.00000 0.12903 0.00000 0.03226 0.06452 0.03226 0.03226 0.06452 0.12903 0.03226 0.06452 0.06452 0.06452 0.03226 0.03226 0.06452 0.00000

Homogeneity statistic: X2 = 50.54698 G = 57.77987 

Average                        0.03433 0.11357 0.02353 0.03025 0.12845 0.00648 0.05162 0.09460 0.04850 0.02401 0.03745 0.10324 0.02905 0.06891 0.02665 0.03649 0.06819 0.01056 0.03337 0.03073
(Ambiguity characters are used to calculate freqs.)


# constant sites:      0 (0.00%)

TREE #  1:  ((((((((38, 133), 118), (54, 84)), 85), 86), (((120, 121), (87, 53)), (119, 122))), ((((((114, 113), 116), 115), 132), (56, 37)), 129)), ((((((((((((((((((((40, 41), 39), 17), 44), 52), (43, 81)), 50), 45), ((63, 16), (19, 18))), (((((((((49, 47), 48), 46), 51), 109), (14, 5)), (((42, (21, 31)), (6, 4)), (78, 15))), ((7, 61), 108)), 67)), 123), (((79, 66), 13), 80)), (((110, 65), 111), 32)), ((((3, 70), (64, 9)), 24), (10, 60))), (71, 34)), (77, 62)), ((((((33, 73), 74), 36), 35), (11, 124)), (29, 8))), (72, 30)), (((1, 27), (2, 25)), ((76, 28), (26, 75)))), (((((((20, 23), 22), 134), 59), 57), (135, 136)), (12, 58))), (((((((((((101, 99), 100), 90), 98), 89), (((97, 95), 103), 94)), ((82, 107), 83)), (55, 68)), ((131, 130), (69, 112))), ((((((93, 92), 91), 106), 88), ((102, 104), 105)), 96)), ((((126, 127), 128), 125), 117)));   MP score: -1
lnL(ntime:269  np:270):  -2831.066432      +0.000000
 137..138 138..139 139..140 140..141 141..142 142..143 143..144 144..38  144..133 143..118 142..145 145..54  145..84  141..85  140..86  139..146 146..147 147..148 148..120 148..121 147..149 149..87  149..53  146..150 150..119 150..122 138..151 151..152 152..153 153..154 154..155 155..156 156..114 156..113 155..116 154..115 153..132 152..157 157..56  157..37  151..129 137..158 158..159 159..160 160..161 161..162 162..163 163..164 164..165 165..166 166..167 167..168 168..169 169..170 170..171 171..172 172..173 173..174 174..175 175..176 176..177 177..40  177..41  176..39  175..17  174..44  173..52  172..178 178..43  178..81  171..50  170..45  169..179 179..180 180..63  180..16  179..181 181..19  181..18  168..182 182..183 183..184 184..185 185..186 186..187 187..188 188..189 189..190 190..49  190..47  189..48  188..46  187..51  186..109 185..191 191..14  191..5   184..192 192..193 193..194 194..42  194..195 195..21  195..31  193..196 196..6   196..4   192..197 197..78  197..15  183..198 198..199 199..7   199..61  198..108 182..67  167..123 166..200 200..201 201..202 202..79  202..66  201..13  200..80  165..203 203..204 204..205 205..110 205..65  204..111 203..32  164..206 206..207 207..208 208..209 209..3   209..70  208..210 210..64  210..9   207..24  206..211 211..10  211..60  163..212 212..71  212..34  162..213 213..77  213..62  161..214 214..215 215..216 216..217 217..218 218..219 219..33  219..73  218..74  217..36  216..35  215..220 220..11  220..124 214..221 221..29  221..8   160..222 222..72  222..30  159..223 223..224 224..225 225..1   225..27  224..226 226..2   226..25  223..227 227..228 228..76  228..28  227..229 229..26  229..75  158..230 230..231 231..232 232..233 233..234 234..235 235..236 236..20  236..23  235..22  234..134 233..59  232..57  231..237 237..135 237..136 230..238 238..12  238..58  137..239 239..240 240..241 241..242 242..243 243..244 244..245 245..246 246..247 247..248 248..249 249..101 249..99  248..100 247..90  246..98  245..89  244..250 250..251 251..252 252..97  252..95  251..103 250..94  243..253 253..254 254..82  254..107 253..83  242..255 255..55  255..68  241..256 256..257 257..131 257..130 256..258 258..69  258..112 240..259 259..260 260..261 261..262 262..263 263..264 264..93  264..92  263..91  262..106 261..88  260..265 265..266 266..102 266..104 265..105 259..96  239..267 267..268 268..269 269..270 270..126 270..127 269..128 268..125 267..117
 0.390981 0.000000 0.055672 0.063660 0.000000 0.190977 0.062484 0.174732 0.206813 0.000000 0.000000 0.187700 0.168252 0.106937 0.251592 0.071326 0.031457 0.034533 0.000000 0.000000 0.034426 0.135843 0.000000 0.000000 0.033066 0.000000 0.016263 0.670905 0.000000 0.329514 0.000000 0.036929 0.075474 0.000000 0.037367 0.000000 0.265524 0.000000 0.000000 0.377112 0.052484 0.000000 0.000000 0.268956 0.000000 0.000000 0.000000 0.187442 0.267509 0.174483 0.000000 0.022263 0.000000 0.037037 0.000000 0.134241 0.031082 0.000000 0.000000 0.000000 0.000000 0.219375 0.000000 2.904207 0.000000 0.000000 0.030148 0.001574 0.029886 0.062990 0.067939 0.173418 0.219619 0.026751 0.000000 0.000000 0.039320 0.000000 0.000000 0.113598 0.023008 0.039197 0.031061 0.000000 0.000000 0.000000 0.000000 0.000000 0.000000 0.000000 0.000000 0.000000 0.000000 0.094059 0.000000 0.030327 0.000000 0.000000 0.080144 0.106268 0.143123 0.000000 0.000000 0.000000 0.034486 0.248023 0.030699 0.000000 0.000000 0.000000 0.236371 0.032552 0.000000 0.000000 0.000000 0.374702 0.135540 0.039682 0.000000 0.118602 0.103702 0.098717 0.000000 0.105264 0.073843 0.000000 0.000000 0.094222 0.030977 0.208652 0.000000 0.030912 0.179033 0.000000 0.014263 0.059759 0.096497 0.144267 0.000000 0.000000 0.123502 0.055461 0.000000 0.102609 0.264654 0.000000 0.000000 0.287253 0.000000 0.000000 0.000000 0.080252 0.124032 0.104531 0.000000 0.034809 0.000000 0.000000 0.000000 0.000000 0.039378 0.101517 0.257680 0.161158 0.268051 0.051874 0.102286 0.031205 0.464486 0.373832 0.256675 0.176417 0.295631 0.324994 0.023346 0.334863 0.034160 0.000000 0.111032 0.337632 0.111869 0.000000 0.270391 0.000000 0.135571 0.000000 0.000000 0.600844 0.000000 0.000000 0.000000 0.000000 0.316415 0.115070 0.141371 0.208862 0.285210 0.406822 0.223719 0.203940 0.391025 0.299153 0.587452 0.351673 0.136875 0.012761 0.172552 0.066537 0.000000 0.000000 0.069479 0.131076 0.165330 0.095918 0.041203 0.000000 0.000000 0.030794 0.114150 0.399049 0.300119 0.252895 0.017388 0.119587 0.245254 0.200836 0.146123 0.277924 0.587406 0.000000 0.141100 0.299031 0.228305 0.000000 0.066803 0.166280 0.126298 0.077366 0.038139 0.035531 0.000000 0.252474 0.000000 0.070725 0.062176 0.208417 0.000000 0.173542 0.151336 0.205259 0.000000 0.124849 0.070384 0.125428 0.095126 0.043860 0.120638 0.035399 0.069689 0.080680 0.037110 0.038705 0.034479 0.000000 0.000000 0.000000 0.084844 0.034668 0.068573 0.737833
