
Printing out site pattern counts


       147        131  P

GNM13746                        -AAAAAAAAA DDDDDDDDDE EEEEEEEEEF FFGGGGGHHI IIIIIIIIII IIIIIIIIIK KKKKKKKKKK LLLLLLLLLM MNNNNNPQQQ RRRRRRRRRR RRRSSSSSSS STTTTTVVVV VVVVVVVVVY Y
GNM13538                        -AAAAAASST DDDEEGQRSA DEEEEEKSTF RYAGGGQHTA CEEIIIIIIK LLQVVVVVVA DKKKKQRRRY IILLLLLLLL VDGNPSPEQT ERRRRRRRRR RVVEGGKSST VAKLTTEIII KLTVVVVVVI Y
GNM13876                        -AAAAATAAE DDERTQNKEV TEEESTSDVF EYGGGGGHTV IAYIIIVVVR AIDLVVVVVM EAKRSRNRRD ILLLLLLTVL VDGQPRPENQ PAEKKRRRRR TAILASKSSE RVKTCRTAIV GIVIVVVVVI Y
GNM13680                        -AAAAGAASS DDDKLGERDT DEEEESKNVF QYGGGSDHMA FEAIIMIIIR LIEIIIIMVM EQKKEKKKRY IILLLLLLFF TDGGPNPEQE MRDKRRRRRR HSMYGSKSSS VARESRQVII KIQIAAVVVV Y
GNM14837                        -AAAASAASV DEDTSGKTDF EEEEDTSGVF KYAGGGEHTS IEAIIIIIVR LIELIIILVK NSKRSSRNRH ILILLLVLLL SDGGPTPNEE MNAKNRRRRR RANLGGRSST MTKESRHLII GMIIVVVVVI Y
GNM14249                        -AAAASAASV DEDNSGKTDL EEEEETNGVF KYAGGGEHTS IEAIIIIIVK LIELIIILVK KSKRISRNRH ILILLLVLLL SDGGPDPNED MNAKNRRRRR RANLGGRSST MTKESRHLII GMVIVVVVVI Y
GNM13928                        -AAAASAASV DEDTSGKTDL EEEEETNGVF KYAGGGEHTS IEAIIIIIVK LIELIIIIVK KSKRSSRNRH ILILLLVLLL SDGGPTPNED MNAKNRRRRR RANMGGRSST MTKESRHLII GMVIVVVVVI Y
GNM13297                        -AAAAAASST DDDEEGQRSA DEEEEEKSTF RYAGGGQHTA CEEIIIIIIK LLQVVVVVVA DKKKKQRRRY IILLLLLLLL VDGNPSPEQT ERRRRRRRRR RVVEGGKSST VAKLTTEIII KLTVVVVVVI Y
GNM14865                        -AAAVGTAAR DRDSMGEARA SEEEERSDTF EYGGGGDHTL IRKIIILVVE VIDLIQVVLF DRLERDKQED VLIILLMLLF EDGNPSPEED PHRKDRRRRR DALMGSRAVN PAVETNEVIV GMLVVVIVVV Y
GNM13455                        -AAAVSAASV DEDESGKSDF EEEEQISGIF KYAGGGEHTS IEAIIIIIIK LIELIIILVK KSKRTNRNKH ILILLLILLL SDGGPNPNED INAKNRRRRR RANFGGKSSS MTKETRHLII GMVIVVVVVI Y
GNM14938                        -AAAASTAAK DEEEMHDQRE QEEESVQDTF LYAGRGEHKV IKYIIIILIR AIDLIVVLVF RRKDTENVRD IVLVLLLTSL TDGQPRPEDK MAQMKNRRRR STILGSKSAS RVKAAQEVLV SIVVVVIVVA T
GNM14483                        -AAAAASASS DDEAKQERDT LEEQREAETF SYGGGGGHTA IDAIIIVLIK LLRVIIVVVD ERKQKSRLRY ILLLLLLLLF RDGKPNPEQG QRKRRRRRRR RTVRGSKSSE VCILTTEVIV KIVVAVVVVV Y
GNM14872                        -AAAASSAST DDEKMGERDV DEEQESREVF DYAGGSEHTC LEAIIIIMIR LIELIVVVVM EQKRARKRRS IILLLLLLLF DDGGPNPEQE MREKRRRRRR RSTMGSKSSS VAKESRQVII KIQLVAVVVI Y
GNM13855                        -AAAAGFASL DEDSMGERNS DEEQELQDVF EYGGGSEHFC FDHIIILIIK LIEIIIVIAM STKSYKKKKD ILILLLLFLL LDGNSHPDED SKEKRKRRRR RSNFSGKAST SSKQSRQNII KLLVSVIVVI Y
GNM14404                        -AAAAAIARR DKSKMGGYQE GEEENYSEVF RFGGDGDHSL IEEIIIVIVR VINLVLIVIY KQKEKERSSY ILLLLLVLAF RDGDPKPEFY QRRLKLRRRR ETLFGGKSSS KCIRTREFII SIVIVIIVVI S
GNM14366                        -AAAASAASI DDDRSNQKSE EEEHETKEVF EYGGGGEHTS IENIIMIIVR VIELVIIIVK KAKKKTRAVS ILILLLILLL TDGGPGPNEQ KRAKNRRRRR RSNMGSRSCT VTKETRHIVI GMVIAIVVVI Y
GNM14252                        -AAAASAASV DEDKSSKTDL EEEEDTNGVF KYAGGGEHTS IEAIIIIIVK LIELIIILVK KSKRSSRNRY ILILLLVLLL SDGGPDPNED MNAKNRRRRR RANMGGRSST MTKESRHLII GMVIVVVVVI Y
GNM13760                        -AAAASAASV DEDTSGKTDF EEEEETSGVF KYAGGGEHTS IEAIIIIIVR LIELIIIIVK QTKRSSRNRH ILILLLVLLL SDGGPTPNED MNAKNRRRRR RANLGGRSST MTKESRHLII GMVIVVVVVI Y
GNM13982                        -AAAAGASSV DEDKSGQRDI EEEEESKGTF QYGGGGEHTC IEAIIIIIVK MIEIIIIIVK RHKRDSRVLK MLLLLLILLL SDGNPSPNEN MRAKNRRRRR RPNLGSTSST VAKETRHLII GMVIVVVVVI Y
GNM13960                        --AAASAASI -E--SNQRD- --EE---G-F -Y-GGGEHTL VEGIIIII-Q L----I--VK K--K-S--VD I-LLILILLL EN-S-KPNE- MRAKKR-RRR RYNMG-KST- -S-DSRHL-I GMV---V-V- Y
GNM14633                        -AAAAGASSV DEDKSGQRDI EEEEESKGTF QYGGGGEHTC IEAIIIIIIK LIEIIIIVVK RHKRDSRVLT MLLLLLILLL SDGNPNPNEN MRAKNRRRRR RPNLGSTSST VAKETRHLII GMIIVVVVVI Y
GNM14853                        -AAAAGASSV DEDKSGQRDI EEEEESKGTF QYGGGGEHTC IEAIIIIIIK LIEIIIIVVK RHKRDSRVLT MLLLLLILLL SDGNPNPNEN MRAKNRRRRR RPNLGSTSST VAKETRHLII GMIIVVVVVI Y
GNM14138                        -AAAASTASR NEDRMEQREQ TEEEETTDVF VYGGGGEHTI IKKIIVVIVE IIELILVVIF NAKADGKGRN ILLLLLLLLF SDGEPRPEHN LRKKHRRRRR RTIFGSKASD KARKSREAIV GVVIAVVVVI Y
GNM14748                        -AAAAAAAGV DEDKANKTDF EEEEDTNGVF SYGGGGEHTS IEAIIIIIVR LIELIIIIVK DSKRSSRNKH ILLLLLVLLL SDGGPDPNED MNSKNRRRRR RANMGGRSST ITKETRHLII GMVISVVVVI Y
GNM14246                        -SAAASTASG NDDKMGQRKT DEEEETREVF NYGGGGDHTM IKKIIIVIIE AIELILIVIF KEKEERKRRS ILLLLLILLL QDGEPRPEHQ QRKKRRRRRR RTIFGSKSST KARKTRKAIA SIVIAIVVVV Y
GNM14640                        -AAAASTASK DEDKMDKREK DEEEQTRDVF SYGGGGDHTI IKKIIIIVIK VIELILIVVF KAKDERKRRS ILLLLLMLLL LDGEPRPEHR LRRKHRRRRR RTLFGSKSSS RTRKTEEAIV QIVVAIVVVV Y
GNM14965                        -AAAGGSASI DDDQMGEREL DEEEELREVF EYGGGSDHTS LQAIIMIVIK MIEIIIIIVM AEKRIKKQKY IILILLMLLL SDGAPNPEQE SRAKRKRRRR RSTYGGKSSN IAKKTRQIVI KILIVAVVVI Y
GNM13677                        -AAAAATAAE DDEKTQNKEV TEEESTSDVF EYGGGGGHTV IAYIIIVVVR AIDLVVVVVM EAKRSRNRRD ILLLLLLTVL IDGQPRPENQ PAEKKRRRRR TAILASKSSE RVKTCRTVIV GIVIVVVVVI Y
GNM14339                        -AAAAATAAR DPEEMHDTEE IEEEGESDVF EYPGHGEHTI ITYIIIIVVK AIDLLIVAVF QKKESNRLRY ILLLLLNTAL EDGGPKPEDK PAGKRLRRRR SSILASKSSE RVKTAQSVIV SIVIVVVVVV G
GNM14593                        -AAAAATAAE DDEESDDREK SEEEHESEVF MYGGGGTHTI IMYIIILIIM AIDLVVIVVM SKKRENNLKY ILLILLLTFL VRGEPRPENE PSERRRRRRR DSIFASKSSS RTKSTRKVII TIIIVVIVVI Y
GNM14768                        -AATASTAAE DDEEDNDRER SEEEGQSDVF RYGGGGGHTI IVYIIILVVL AIDLIVVLVK ERKKVNSRRY ILLILLLTFL IDGEPKPENE PAERRRRRRR AAIFASRSSS RTKRTRSVIV SIVIVVIVIV Y
GNM14776                        -AATASTAAE DDEEDNDRER SEEEGQSDVF RYGGGGGHTI IVYIIILVVL AIDLVVVLVK ERKKVNSRRY ILLILLLTFL IDGEPKPENE PAERRRRRRR AAIFASRSSS RTKRTRSVIV SIVIVVIVIV Y
GNM14715                        -AAAAASASS DGDSSSERDV LEEQKEAETF YYGGGGGHTA IEAIIIVLIR LLRVVIVIVT DRKQTSRVRS ILLLLLLLLL KDGKPNPEQQ QRRRKRRRRR RTVRGSKSSE TCSLTTEVLV KIVIAVVVVV Y
GNM14639                        -AAAASAASR NDDKTDDAET DEEEGKKDIF AYGGGGDHTA IVRIIIIIAR AINLIIVVVR DEKKKEKRRY IILLLLLLYL EDGDPEYDQE LRRKRRRRRR TTIKGSKSST LTKATSDVVI KIIIAVVVVI Y
GNM13795                        -AAAVSAAGV DEDKASKTDF EEEEDNSGVF SYGGGGEHTS IEAIIIIIVR LIELIIIIVK ESKRSSRNKH IIILLLVLLL SDGGPDPNED MNAKNRRRRR RANMGGRSSN MTKETRHLII GMVIAVVVVI Y
GNM14166                        -AAAAAVASV DQDKSGQRNV EEEEQMKEVF KYGGGGEHTS LESIIMIVVR SIELVIIIVD QAKKSSLVKK ILILLLILIL TDGSPNADQS TREKNRRRRR RKNLSGRSST EAKESRHLII GIVIVTVVVI Y
GNM13993                        -ASAVSATAE DQDQLNQNNH EEEVRQKETF WYGGGADHSI ISSIIIVIVQ LIDIIIVIIL DLKKKSRIKN ILLLLLIILL NDGNPDQEQD QRKKSHRRRR TTVSSSKSSS VTLQSTSIII KMIISVVVAL Y
GNM14450                        -AAAVAAASN DEDKMGEREM DEENETKEVF KYGGGAEHSA MEAIIQIIVR LIELVIIVVI HDKRKKKRKY ILLLLLLLLL TDGDPNPEQE TRAKRKRRRR KSVDGSKSSG VAKLSRHIIV KMVIVVVVVI Y
GNM13515                        -AAAAAAASV DEDDSNQRDV EEEEDSKGTF KYGGGGEHTS IEAIIIIIVR LIELIIIIVK KKKRQNRNLS ILLLLLILLL ADGGPSPNED MRSKNRRRRR RPNLGSKSTG IAKETRHLVI GIVIAVVVVI Y
GNM14030                        -AAAVSAAGE DHDQVNKSDI EEEVNQKETF WYGGGATHFA VSSIIILIVR LIDLVIILIL DTKKNSRVRY ILLLLLLTLL DDGKSDHEQV QRRKRHRRRR KTVSSSKSST LTCETTEIVV KMTIAVIVAI Y
GNM14959                        -AAAAAAARR DDNEMDNNET EEQNDEDDSF AYKGDSDHYI ISWILIIIIE VINILIVLIW SKVKKRVKRN IILLILILRL EDGDERYEQI QRNKDYRKRR RTVQANRDVR KTKETREVII ALIVAVVVVI G
GNM13413                        -AAAAAAARR DQEEMGSRTI SEEEERREVF EYGGEADHYI IKEIIIVIVS IIDLVVIEIY DKKNTQKLRY ILLVVLIALL EDGEPRPEET TMRLRYRRRR RTVFGSRSST RTKETFVAVV SLVLVVITVI Y
GNM14971                        -AAAASAASI DEDESNQRDQ EEEEKTKGIF KYGGGGEHTL IEGIIIIIIQ LIELIIIIVK KSKKKSREVD ILLLILILLL ENGSPKPNED MRAKKRRRRR RYNMGSKSTN LSKDSRHLVI GMVIVVVVVI Y
GNM14990                        -AAAASAASI DEDESNQRDQ EEEEKTKGIF KYGGGGEHTL IEGIIIIIIQ LIELIIIIVK KSKKKSREVD ILLLILILLL ENGSPKPNED MRAKKRRRRR RYNMGSKSTN LSKDSRHLVI GMVIAVVVVI Y
GNM15005                        -AAAASAASI DEDESNQRDQ EEEEKTKGIF KYGGGGEHTL IEGIIIIIIQ LIELIIIIVK KSKKKSREVD ILLLILILLL ENGSPKPNED MRAKKRRRRR RYNMGSKSTN LSKDSRHLVI GMVIVVVVVI Y
GNM14994                        -AAAASAAGV DEDEASKTDF EEEEDSNDVF KYGGGGEHTS IEAIIIIIVR LIELIIIIVK ESKKSSRSIH IIIILLVLLL CDGAPDPNED MNSKNRRRRR RANMGGRSSN MTKNTRHLII GMVIAVVVVI Y
GNM14976                        -AAAASAASI DEDESNQRDQ EEEEKTKGIF KYGGGGEHTL VEGIIIIIIQ LIELIIIIVK KSKKKSREVN ILLLILILLL ENGGPKPNED MRAKKRRRRR RYNMGSKSTN LAKDSRHLVI GMVIVVVVVI Y
GNM15022                        -AAAASAASI DEDESNQRDQ EEEEKTKGIF KYGGGGEHTL VEGIIIIIIQ LIELIIIIVK KSKKKGREVD ILLLILILLL ENGSPKPNED MRAKKRRRRR RYNMGSKSTN LSKDSRHLVI GMVIVVVVVI Y
GNM14995                        -AAATSAASI DEDKSNQKDF EEEEDLKGTF EYGGGGDHTS VEMIIIIIVR SVELIIIIVK NRKKSSRQKL ILLLLLMLLL SDGGPSPSEQ MRSKNRRRRR HSNMGSKSSS VTKESRHLII GVIIVIVVVI Y
GNM15017                        -AAATSAASI DEDKSNQKDF EEEEDLKGTF EYGGGGDHTS VEMIIIIIVR SVELIIIIVK KRKKSSRQKL ILLLLLILLL SDGGPSPSEQ MRSKNRRRRR HSNMGSKSSS VTKESRHLII GVIIVIVVVI Y
GNM15024                        -AAAASAASV DEDKSSKTDI EEEEETNGVF KYAGGGEHTS IEAIIIIIVK LIELIIILVK KSKRSSRNRH ILILLLVLLL SDGGPDPNEN MNAKNRRRRR RVNMGGRSST MTKESRHLII GMVIVVVVVI Y
GNM14980                        -AAAASAASV DEDKSSKTDI EEEEETNGVF KYAGGGEHTS IEAIIIIIVK LIELIIILVK KSKRSSRNRH ILILLLVLLL SDGGPDPNEN MNAKNRRRRR RVNMGGRSST MTKESRHLII GMVIVVVVVI Y
GNM15000                        -AAAASAASV DEDKSSKTDI EEEEETNGVF KYAGGGEHTS IEAIIIIIVK LIELIIILVK KSKRSSRNRH ILILLLVLLL SDGGPDPNEN MNAKNRRRRR RVNMGGRSST MTKESRHLII GMVIVVVVVI Y
GNM15026                        -AAAVSAASI DEDKSNRTDH EEENDTNEIF EYGGGGDHTS IEVIIIIIIR NIELIIIIVK KSKKSSREIS ILLLLLILLL SNGKPNPNEE MRAKKRRRRR QSNMGSKSSS MTKETRHLII GMVIVIIVVI Y
GNM15001                        -AAAASAASV DEDKSSKTDV EEEEETNGVF KYAGGGEHTS IEAIIIIIVK LIELIIILVK KSKRSSRNRH ILILLLVLLL SDGGPDPNEN MNAKNRRRRR RANMGGRSST MTKESRHLII GMVIVVVVVI Y
GNM15019                        -AAAASAAGV DEDEASKTDF EEEEDSSDVF KYGGGGEHTS IEAIIIIIVR LIELIIVIVK ESKKSSRNIH IIILLLVLLL CDGAPDPNED MNSKNRRRRR RANMGGRSST MTKNTRHLII GMVIAVVVVI Y
GNM15003                        -AAAASAASI DEDESNQRDQ EEEEKTKGTF KYGGGGEHTL VEGIIIIIIQ LIELIIIIVK KSKKKSREVD ILLLILILLL ENGGPKPNED MRAKKRRRRR RYNMGSKSTN LAKDSRHLVI GMVIVVIVVI Y
GNM11003                        -VAAAAASKR DQEELGQKKN TKQDNRSDLF KYNGDGDHFI IRAIIIIIIE ILSVIIYIVY SSIQEESDKS IILLLLLYLL EDKNPKVEDT EEKKELKKRR KTILGEKSST IVKETADVVI SIVVIFIAVV T
GNM11023                        -AAAAAAARK DQERMDRRQI MMEEEKEEVF EYGGESDHEA IKIIIVIIVE AIEVLIVVVH EAKMVEKPRY IILLLLLMLL EDSGKRPEET MMRKKLRRRR KTTFGTRPNN ATKETRVAVI SIVVAVVTVV G
GNM11055                        -AAAAAMAAR LDDEMNNKEK VEEDKSEDIF LIGGDSETHV IRKIIIIIVD AIDLVIVLVF YKKAKEEEKN ILLLMLLMLL MNNEPKPDET HRRKVHRRRR STQLGGKSSH RVRKLREVII SIVIVVICVV S
GNM11146                        -AAAVGVARR KDEVMENEDV SEEDDQEDVF SYKGDADHAI ISWIIVIIID AIQLAIVLVW NNKRQNELRK LVLLLLLLLL VD-GPRREQE QKRKDLKKIR STNLADKSA- RTKETRDVLI SLVITVVVVI K
GNM11219                        -VAAAAAAAR DDEEMERKEE SEERDKVEVF RWGGGGDHTI IKYIIIIIVR VLNLIVIVVY ERKPRKKIAL IILLLLLLGL MDGSPRPEYS FRERKRRRRR TTMMGSKSSS MTTRTRVLIV SLIIVVVVVI Y
GNM11220                        -AAAAAAARK DDKKMGWREE DEEESMEEVF RYGGGGDHTI LKEIIIIIVR VINVVIIIVY DRKEKERKRY ILLLLLVLLL WDGEPKPETN QRRQRRRRRR KTMFGSKSST KVIRTREFIV SIIIVVVVVI Y
GNM11223                        -AAAASTASR DEDKLGGRAE DEEEKLSDVF MYGGGGEHTI IRKIIIILVE VIELIVVVVF EDKEQKKKRV ILLLLLIMLL RDGDPRPEYN SRRKNRRRRR RTIFGSKSST KARKSEEVIV RIIIVVVVVV Y
GNM11224                        -AAAASTASR DEEKLGERDE DEEERLSDVF TYGGGGEHTI IRKIIIIVVE IIELIVVVAF EEKEKKKKRV ILLLLLIMLL RDGDPKPEYD SRRKNRRRRR RTIFGSKSST KARKSQEVII RIIIVVVVVV Y
GNM11225                        -AAAASTANR DEEEMEQRET DEEQELRDVF EYGGGGEHTI IIKIIIIIVE AIDLIVVVVF HRKETKKRRY ILLLLLISLL MDGDPRPEQE QRRKRRRRRR RTIFGSKSST RSRRTHTSII AIIIVVVVVV Y
GNM11358                        -AAAAGFASL DEDSMGERNT DEEEDMSDVF EYGGGSEHFC FDHIIVLIIR LIEIIIVIVM SSKSTKKKKD ILILLLLFLL LDGSSHPDED SNEKRKRRRR RSNYSGKSST SAKQSRQTII KLLVVVIIVI Y
GNM11360                        -AAAVSAASV DEDESGKSDF EEEEQISGIF KYAGGGEHTS IEAIIIIIIK LIELIIILVK KSKRTNRNKH ILILLLILLL SDGGPNPNED INAKNRRRRR RANFGGKSSS MTKETRHLII GMVIVVVVVI Y
GNM11362                        VAAAAAAASG DDDKMGEREA SEEDDTMDVF MYGGGAEHYI IQAIIIIIVR LVELIIIVVM NEKRKNKRRY ILLLLLLLLI TNDNPNPEQY MRKKRRRRRR KTLVGGKSSD VAKSTRNVIV SIVVVVVVVF Y
GNM11367                        -AAAAGASSV DEDKSGQRDI EEEEESKGTF QYGGGGEHTC IEAIIIIIVK MIEIIIIIVK RHKRDSRVLK MLLLLLILLL SDGNPSPNEN MRAKNRRRRR RPNLGSTSST VAKETRHLII GMVIVVVVVI Y
GNM11377                        -AAAASSAST DDEKMGERDV DEEQESREIF EYAGGSEHTC LEAIIIIVIR LIELIVVIVM EQKRARKRRS IILLLLLLLF DDGGPNPEQE MREKRRRRRR RSTMGSKSSS VAKESRQVII KIQLVAVVVI Y
GNM11380                        -AAAAAVASV DQDKSGQRNV EEEEQMKEIF KYGGGGEHTS IESIIMIVVR SIELVIIIVD QAKKSSLVKK ILILLLILVL TDGGPNADQS TREKNRRRRR RKNLSGRSST EAKESRHLII GIIIVTVVVI Y
GNM11383                        -AAAASAASV DDDKSNQKSE EEEEESKEVF QYGGGGEHTS IENIIMIIVK LIELVIIVVK KSKKKSRVVN ILILLLILLL SDGGPGPNEE RKAKSRRRRR RSNMGSRSCT TTKETRHIII GMVIAVVVVL Y
GNM11491                        -AAAASAASV DEEQRGKTDT EEEEESSESF MYAGGGEHTS IAAIIVIIVR LIELIVVVVR DAKRSERSRS ILLLLLILLL SDGGPGPAEK MRSKNRRRRR RSNMSSRSST STAASRHLVI GIVIVAVVVV Y
GNM11804                        -AAAASFAAR NDDEMNNKEK DEEEKEEDIF RQGGDADHYI IEKIIIVVVE AISLVVIIIF EKKAKEREKH IILLMLLTLF NDGEPRPEEK QKKKIKRRRR STIMGSKNST KVKKLREVII SISIVVVCVV Y
GNM11805                        -AAAASTARR DEAEMGSLET IEEEEQTDVF KYGGGASHTL IKNILILIVE YINLIIIIVY DAKQKQKFEY ILIILLILFL NSAEPSPEED KVKRKRRRRE KTIMGSHNSN LTMKTGIIVV KIVVVVIAVV S
GNM12892                        -AAAGGSASI DDDQMGEREL DEEEELREVF EYGGGSDHTS LQAIIIIVIK IIEIIIIIVM AEKRIKKQKY IILILLMLLL SDGAPNPEQE SRAKRKRRRR RSTYGGKSSN IAKKTRQIVI KILIVAVVVI Y
GNM12895                        -AAAVAAASN DEDKMGEREM DEENETKEVF KYGGGAEHSA MEAIIQIIVR LIELVIIVVI HDKRKKKRKY ILLLLLLLLL TDGDPNPEQE TRAKRKRRRR KSVDGSKSSG VAKLSRHIIV KMVIVVVVVI Y
GNM13061                        -AAAAAAAVV DDEDEDDDDK TEEEKEQEQF FFGGGAGHHI VIIIIILIIA AINILIVIVR KKKRKNKSKR ILLLLILLAM LNSKGSPAEI KRSRRRRRRR RTRMASSSSE VTTTTRSVVI GIEVVVIVVY Y
GNM13062                        -AAAAASASS DDEDSSERET LEEQREGQTF FYGGGGGHTA IDAIIIVLIK LLRVVIVVVS DKKQTTRVRH IILLLLLLLL RDGKPNPEQS QRRRRRRRRR RTVRGSKSSE TCSLTTEVVV KIVIAVVVVV Y
GNM13064                        -ASAVSATAE DQDQLNQNNH EEELRQKETF WYGGGADHSI ISSIIIVIVQ LIDIIIVIIL DLKKKSRIKN ILLLLLIILL NDGNPDQEQD QRKKSHRRRR TTVSSSKSSS VTLQSTSIII KMIISVVVAL Y
GNM13066                        -ASAVSAAAE DQDELDQNNH EEEVRQRETF WYGGGADHSI ISSIIIVIIQ LIDVVIIIVL DLKKNSRIQN ILLLLLILLL NDGNPAKEQD QRKKRHRRRR TTVSSSKSSS VTLQSTSIVI KIIISIVVVL Y
GNM11032                        -AAAAGTAAQ NQEEMHDEEE LEEQEEEETF AYAGEGNHTI VSYIIVIVVR AIDLVVVVVF NKKRENRLRY ILLLLLIALL EEGEPKPEDR PAGKKLRRRR STIFASKSSE RVKSAQSVII SIVVVVVVVI G
GNM11034                        -AAAASTAAK DEEDMHDQRE QEEDSVQDTF LYAGRGEHKI IKYIIIILIR AIDLIVVLVF RKKDTENVRD IVLVLLLTSL MDGQPRPEDR MAQMKNRRRR STILGSKSAS RVKAAQEVLV SIVVVVIVVA T
GNM11363                        VAAAAAAASG DDDKMGEREA SEEDDTMDVF MYGGGAEHYI IQAIIIIIVR LVELIIIVVM NEKRKNKRRY ILLLLLLLLI TNDNPNPEQY MRKKRRRRRR KTLVGGKSSD VAKSTRNVIV SIVVVVVVVF Y
GNM11375                        -AAAASAASV DEDTSGKTDF EEEEETSGVF KYAGGGEHTS IEAIIIIIVR LIELIIIIVK QTKRSSRNRH ILILLLVLLL SDGGPTPNED MNAKNRRRRR RANLGGRSST MTKESRHLII GMVIVIVVVI Y
GNM11381                        -AAAASAASV DDDKSNQKSE EEEEETKEVF QYGGGGDHTS IENIIMIIVR LIELVIIVVR RAKKKSRVAS ILILLLILML SDGGPGPNEE KKAKNRRRRR RSNMGSRSCT VTKETRHIII GMVIAVVVVL Y
GNM11382                        -AAAASAASI DDDKSNQKAE EEEQESKGVF EYGGGGDHTS IEDIIIIIIR MIELVIIVVK TQKKKNRVTN ILILLLILML TDGGPGPNEN RRAKNRRRRR RVNMGGRSSS MTKETRHIIV GMVIAIVVVV Y
GNM11799                        -AAAASAASI DEDKSNQRDK EEEQKTKGIF KYGGGGEHTL VEAIIIIIIQ LIELILIVVK KSKKKSREVD ILLLILMLLL ENGGPKPNEA MRFKKRRRRR RHNVGSKSTN LAKNSRHLVI GMVIVVVVVI Y
GNM11841                        -GAAVGTAAR DADEMGQAEK TEQDEKEDTF EYGGGGDHTL IRKIIILVVE AIDLIQIVLF ERMDRDKQEA ILIILLFLLF EDGGPSPEED PHRKDRRRRR ESLLGSRAVD PAKESNEVVA GMLIVVIVVI Y
GNM11931                        -AAAAGTAAR DRDAMGETSA AEEDQQEDTF RYGGGGDHTL VRKIIILVVE VIELIKVVFF DRLDDDKTES IILILLLLLF EDGNPSPEED PRRKERRRRR GSLLGSRKVD PAQETSDVIA GMTIVVIVVI Y
GNM12040                        -AAAVGTAAR DADQMGESRA SEETEREDTF EYGGGGEHTL VQKIIILVVE AIDLIQIVLF DRMERDKQEE ILLLLILLLF GDGNPAPEEN PHRKARRRRR DTLLGSRTVT PALETNEVIT GMLVVVIVVI R
GNM12071                        -AAAVGTAAR DEDEMGESRA SEEEEKEHTF EYGGGGDHTL AQMIVIIVIE VIDVIKIVVY DRMERDTQEN ILLLLILLLL GDGNPSPEED PSRKTRRRRR SALLGSRKVS PAVESNDLIV GILVVVVVVI Y
GNM12125                        -AAAAAAARK DQDKMGTRQI MMEETRKDVF EYGGDADHYI IQTIIIIIVR IVELIVVAVF DIKNKQKPKY IILLLVLMLL EDGKPRPEET QMRKRYRRRR KTTMGSRSST QTKETFVAII SIVVVVITVF Y
GNM12126                        -AAAAAAAKK RDEEEKNLRI REEEEQ-D-F LYRGDAEHII IRSIIIVLLY ALNLLIILIN RDKEKEGPRK ITLLLLLILM EDGHPRIEEN MMTLTLTKRR RTNSGIKDSG KVNKAREVII SIILKVITVL S
GNM12128                        -VAAAAVARR DQESMGSREV ISEEANEEVF RYGGDGDHYI ITAIIIIIIQ VLDLLIVLIY EKLNKEKPKE IILLILLMLL MDGDPRPEDS QMRKRYRRRR KTNFGERSSN QVKETKIAVI SIVIVIVTVV Y
GNM12182                        -VAAATTARK DEERLGQKKI NSQSKRSELV DYDGGGEHYV LTAILIIVIQ ILSVLVYVIY GDLPEKSDKS IILLLLMYMM EDKGPRVEDI EERKDLKKRR KTILGEKSVV VVKETQDIVL SIVVLFIVVV S
GNM12342                        -AAAAASAAK DDDKMGPKET TEEEDRNDVF TYGGGGEHTL IREIVIVVVK IIDLVLILVF SKKQKRKKRN ILLILLILVL EDGEPKPSEE SRRKIRRRRR EKYLGAKNS- RAKKTQEVIV AIVIVVVVTI Y
GNM12346                        -AAAVSTAAR DKDKMGQKTV TEEEEKKSIF LYGGGAEHTI ITRIIMIIIE TLDIIIVIIY DEKMQDKQEK IILLLLLMLL DDGGPGPSES PRRKKRRRRR SAILGSKSSS SAKRTRDIIL GIMVAVVAVA Y
GNM12351                        -AAAVSTTAR DQDEMGQITE TEEEEQSDVF IYGGGGDHTI ALKIIIIMID IIDIILIIVF DKKLTGKQEK ILLLLFLLFL DDGGPSPSED TKKKKRRRRR SAIYGSKNSN AVRKIQEIVM GIIVAVVAVV Y
GNM12356                        -AAAAASSNK EEEKMDSKET EEEEDKEDIF RYGGGGDHTL VKHILIVVID IIDIILILIY SNKQERKKRD IIIILLVLII NDGGPKPEED SRRKKRRRRR TKYLGEKNS- RTKSTQEVII SIIIVIVVMI Y
GNM12357                        -AAAASSATK DEESMSTKDN EEEEEKEDVF TYGGGGEHTL IQHIIIIIVD ILDLTLIVVF SKRKERKKRH ILLILLLLVF EDGSPKPEEE SRRKKRRRRR SKYLGSKNS- RTKSTQEAII SIVIIVVVMI Y
GNM12366                        -AAAASSATK DEEAMGPKDT EEEEEKEDVF KYGGGGEHTL IQHILIIVVD IIDLTLIVVF SKRQERKKRH VLLILLLLLF EDGSPKPEEE SRRKKRRRRR TKYLGSKSS- RTKSTQEVII SITIAVVVMI Y
GNM12373                        -SAAAGAASH DDDKMGQKTE LEEEQKEDTF FFGGGGDHTI IAKIIIIIIE DLEIIIIVVF EKRNTNKNEL ILLLLLLMLL TDGEPNPNDE DKRRRRRRRR STQKGSKSST MARRTKTMII NILIAIVVVV Y
GNM12385                        -AAAAASAVR DDAEMAQRKT LEEEESSDTF EYGGGNEHTI IEKIILIIVE TINLILIMVF DRKETQKTAE ILLLLLLMLL EDGSSGPDDR PKRRRRRRRR AHQFGSTSSE TTTKTKDALI EIIVVVVIVV H
GNM12551                        -AAAAATAAR DEDEMGQRKE EEEEKLEETF YYGGGGEHTA LEQIIIIVVK IIELIQIVVF RRKQESKKQD ILLLLLLLLL EDGEPRPEER PRDRRRRRRR YRLFASRSST KAKRSRELII GIVIVVIVVC R
GNM12554                        -AAAAGAAVR DRSEMDQEAK LEEQKNSDTF EFGGGNEHTI LDKIIIIIIE ILELVLILVF EKKKTEKTED LILLLMLMIL DDGDAAPNDS PKKRRARRRR SNQFGSRSSE VVRKTKDMVI EIIIVVVTVI F
GNM12592                        -AAAVSTAAR DSDEMGQAST AEEEEREDTF YYGGGADHTI IIKIILIILD VLDVIIIIVF DRKKSDKSER ILLLLLLLLL EDGDPSPSED PRKKRRRRRR SNLFGSKSSS IARKTRDIVL GMIIAVVVVV Y
GNM12596                        -IAAISTAAR EDEEMNQQTD KEEEDKEDTF FYGGGGDHTL IQKILIIILE IIEIIIIVVF DKKTQDKKEK ILLLLILLLL KDGNPKPSEE THKKKRRRRR SALLGSRSSS LVRRIQENVV GAVIVIVCVT Y
GNM12602                        -VAAISTAAR DDEDMNQETD KEEEEKEDTF LYGGGGDHTL IQKILIIILE VIEIVIIVVF AKKTQDKKEK ILLLLLLLLL RDGNPKPTEE THKKKRRRRR SALLGSKSSS LVRRIQDNII GAIIVIVCVT Y
GNM12665                        -VAAISTAAR EDEDMNQETD KEEEDKEDIF LYGGGGEHTL VQKILIIIIE IIEIIIIVVF DKKTQDKREK ILLLLILLLL KDGNPKPSEE THKKKRRRRR SALLGSRSSS LVRRIQENVI GAVIVIVCVT Y
GNM12745                        -AAAASTASR DDDIMDNTEA NEHDDKKDIF QYGGGGDQTL LVMIIIIIIK MLYTVQILVY NHKQEEKKQE ILILLLLMEL ENGNPAPDEK RHKKIRRRRR QTILGSRNST RVKKLDEIII KMIIVIITVM Y
GNM12749                        -AAAAGSAVR DEEEMAQIES LEQEEKLDTF EFGGGAPHTI IEKIIIIIVE IIELIIVTVF ERKKRKRQAE IILLLLIMLL EEGDTSPDEQ SRKRRRRRRR SSQAGSRSSE VTQRTREVIV EIIIVVVTVT Y
GNM12758                        -AAAASTAAR DDERMGKRET AEHEERADVF KYGGGGDHTL LAKIIIVIVE VIHLVQIIVF DAKAENKRRD ILIILLIMLL EKGEPAPDEE RKKKVRRRRR TSILGSINST RVKRTQELLI KIVIVVVTVI Y
GNM12763                        -AAAAATAAR DDENMGERET MEEEERSETF HYGGGGDHTL LRKIIIIIVE IIDLIQIIVF NKKRKERRQN ILLILLIMLL EDGDPRPNEE KQKKVRRRRR STILGSKSSS RAKKTQDIIV GIVIVVVTVI Y
GNM12766                        -AAAAASASK SENRMGSKET DEEEDMQDTF TYGGGGEHTL IREILIVVVK IIDLILIVVF SKKQERKKKR ILIILLLLLL EDGGPKPDEE SRRKNRRRRR TKYLGKKSS- RAKSTQEVIV AIIIVVVVMI F
GNM12841                        -GAAVGTAAR DADSMGQRSR SEAEEKEDTF KYGGGGDHTL IRRIIVLVVE AIDLIKIVLF ERMDRDTEED ILIILLLLLF EDGSPSPEED PHRKERRRRR DALLGSRAVT PAKESNEVVA GMIIVVIVVI Y
GNM12849                        -AAAVSAASV DEEQSGKSDF EEEDETSGVF KYAGGGEHTS IEAIIIIIVK LIELIIILVK KSKKTNRNKH ILILLLILLL SDGGPNPNED INAKNRRRRR RANMGGKSSS MTKETRHLII GMVIVVVVVI Y
GNM12869                        -AAAASAASV DEDKSSKTDL EEEEETNGIF KYAGGGEHTS IEAIIIIIVK LIELIIILVK KSKRSSRNRH ILILLLVLLL SDGGPDPNED MNAKNRRRRR RANMGGRSST MTKESRHLII GMVIVVVVVI Y
GNM12896                        -AAAAAVASV DQDKSGQSNV EEEEQMKEIF KYGGGGEHTS IESIIMIVVR SIELVIIIVD QTKKSSLVKK ILILLLILVL TDGGPNADQT TREKNRRRRR RKNMSGRSST EAKESRHLII GIIIVTVVVI Y
GNM12897                        -AAAAAVASV DQDKSGQSNV EEEEQMKEVF KYGGGGEHTS IESIIVIIVR SIELVIIIVD QAKKSSLLKK ILILLLVLVL TDGGPNADQS TREKNRRRRR RKNMSGRSST EAKESRHLII GIIIVTVVVI Y
GNM12902                        -AAASSTARK DDNRMNGTET LEEEKQEETF EYAGGANHTL INSIIIVIVE YINVILILVY NNKGVLKMQY IILLLLILFL ESGNPSPEED KVKRKRRRRE KTILGSRSST LTIRTSIIVV KIVIVVVSVV S
GNM12903                        -IAAAAAAKK DEKGMEDMRK YDEEKREDFF LYRGDAEHYI LRVILIIMAR IVDALILEVF NKVEREPKRS IVILILLLEL EELEDKPNQE KKSKKLRKRR KTTLGERDVQ RVKEARAVIV GIVIAIVHVM G
GNM12906                        -VAAAAAAKR DEKGMQDARK YDEDKKEDFF MYRGDAEHYI IRLILIIMAP IAEALILQVF SKVEREPPKA VVLLILLLEL EDLDDKPNQE KKSKQLRKRR KTTMGERAVE RVKEARTVLV GIVIAIIIVM G
GNM12907                        -LAAAAAAKK DEKGMEDMRK VDEQRREDFF LYRGDAEHYI IRAILVIMAG IVEAAIFEVY DKVEREPAHS VALLILLLEL EDMEEKPQQE KKEKQLRKRR KTTLGERTVE RVKEARAVIV SIVIAIVAVM G
GNM12909                        -LAAAAAAKR DEKGMEDERK YDEEKKEDFF LYKGDAEHYI IRAILIIMIR IVEAIILQVF NKVEREPKRH IVLLILLLEL EDLEEKPYQE KKGKQLRRRR KTTLGERTVE RVKEAGVVVV NIVIAIVAVM G
GNM12915                        -AAAAATASK DDDRKGQRTW EEEEEQQETF EYAGGGGHTA IPRIIIIVVD IIDLIIVVVY NRKEKRKKQS IILLLLLMLL ENGKPRPEET PKRRRRRRRR TSIFGSRSST RAKRSKEIII GIIIVVVTVI Y
GNM10046                        -AAAAATASR DDEKKGQRTW EEEEELQETF EYGGGGGHTA IPRIIIIIVD IIDLIVVVVY NRKEKRKKES IILLLLLMLL ENGKPRPEEE PKRRRRRRRR TTIFGSRSST RAKRSKEIII GIIIVVVTVI Y
GNM12918                        -AAAAATASK DDDKKGQRTW EEEEELQETF EYAGGGGHTA IPRIIIIVVD IIDLIVIVVY NKKEKRKKQS IILLLLLMLL ENGKPRPEET PKRRRRRRRR TSIFGSRSST RAKRSKEIII GIIIVVVTVI Y
GNM12931                        -AAAAAAARK DQDRLGSRTI TMEETRKEIF EYGGKADHYI IQEIIIIIVL ILDLIVIEVY DEKNIEKPRY IILLILLMLL EDGGPRPEET RTRKRYRRRR KTIFGSKSST RTKETFLAII SIVVVVVTVV Y
GNM12938                        -VAAAGTAKK DEEELGQRRR QEENVNTDLF RYDGDGDHEI LRAILIVVIY IISILIFVIY SKSSTETDRI LILLLLLYML ENKKPKPEDN EEKKDFRKRR KTTMGEKELT IVKETRELVI NIIVLIVTVV K
GNM12996                        -AAAAGAAKR DTEQLGQRKN TEQQRRKDIF KYEGGGEHYI IRAIIIIIID ILSVLVYTIF SEIQKDTDRD IILLLLIYLL EDKGEKEEDM EEKKSLKKRR KSIFGEKDST VVKETKDVII SIVVVFITVV Y
GNM13018                        -AAAAGTAKK DAEQLGQRKN TEQQRRKDVF KYEGGGEHYI VRAILIIIID ILSVLVYIIF SGIQKDTDRD IILLLLIYLL EDKNEKEEDI EEKKSLKKRR KSIFGEKDST VVKETKDVII SIVVVFITVV Y
GNM13027                        -VAAAGTAKK DDDEMGQKRR SEQDKKSDIF RYNGDGDHYI IKAILIIIIE ILSVIIFIVY RGLDKKTDKN IILLLLMYML EDKKPKVEDE EEKKEVKKRR KTIMGEKDIT VVKETRDAVI SIIVLIITVV T
GNM13046                        -AAAAAAASV NEDQSGQRNL EEEEDMQGTF KYGGGGEHTS IEAIIIIIVK LIELIIIIVK KSKKKDRETK ILLLLLVLLL SDGGPNPNEE MRTKTRRRRR RSNMGSKSTT MTKESRHLII GMVIVIVVVI Y
GNM13053                        -AAAAASASS DEDEKGERDH DEEQETEEVF RYGGGADHTA ITAIIIIVIQ SVNLIIVVAN DSKRTSKHRY ILLLLLLLLL KDGNPKPEQS ARKRRRRRRR RSLFGSKSST VAKFTTETVV RIVMVIVVVI Y
GNM13074                        -AAAAATASK DDEEKGQRTF EEEEEMSETF KYGGGGGHTA IPRIIIIIVD IIDLIIVVVY NKKEKKRKED IILLLLLMFL ENGKPKPEEE PKRRRRRRRR STIFGSRSST RAKRSKEVII GIIIVVVTVV Y
GNM10010                        -AAAAATASR DDEEKGQRTF EEEEELRETF EYAGGGGHTA IPRIIVIVVD VIDLIVVVVY NRKEKRRKED IILLLLLMFL ENGRPRPEEE PKRRRRRRRR TVIFGSRSST RAKRSKEVIV GIIIVVVTVV Y
GNM10014                        -AAAAATASK DDERKGQRTF EEEEEMQETF EYAGGGGHTA IPRIIVIIVD VIDLIVVVVY NKKEKRKKED IILLLLLMFL ENGKPRPEEE PKRRRRRRRR TVIFGSRSST RAKRSKEVIV GIVIVVVTVV Y
GNM13090                        -AAAAATASK DDDRKGQRTF EEEEETRETF EYAGGGGHTA IPRIIIIVVD VIDLVVVVVY NKKERKRKED IILLLLLMFL ENGKPKPEEE PKRRRRRRRR TVIFGSRSST RAKRSKEVII GIVIVVVTVV Y
GNM13118                        -AAAVGFAQK DESERGQLEY VEEDAESDNF RMGGESAHAI ISMIIIIILE VLKIIIVVVF DRKKKAPQKR ILLLLLLMGL EDGEEKVDED SSRKDIRKRR SSTLASRTVT KARTTFENVL QLVVYVIVVA G
GNM13126                        -AAAASTAKE DEDEMGALES EEEDNQSDTF RYSGGGGHTI IAKIIIVIVE YISVIIIVVF EKKTKNRKTF ILILLLILFL NSGGPEPEET KARKKRRRRQ RTIMASKNSE KSTTTRVVII RIIVIVVVVV Y
GNM13128                        -AAAASTAKE DEDEMGALES EEEGAQEEVF KYKGGGNHTI ITRIIIVLVE YINVIIIIIF EKKTKNRKAY ILILLLILFL NSAGPAPEET KAKKKRRRRQ RTIMATKNSE KSITTRVVII RIIVVVVVVV Y
GNM13208                        -LAAAAAVKK DEEQMGAREI YSEEARVEWF VY-GDSDHYI IHSILVVIAS VVDY-VIIVY GRASDEQISK LVLVILLLEL MDSGPRPAQQ KIRLDFRKRR KTTMADRSAA QTRETRDVII GIYIKIVAVM T
GNM13210                        -AAAAAAARK DQEEMGTRTV GEEESKREVF EYGGEGDHYI IAEIVIIIVT IIDLIVIEVY EKKNTQKLRF IILVVLVMLL EDGEPKPEET RTNLRYRRRR RTTMGSKSST RTKETFVAIV SLVIVVITVI Y
GNM12773                        -AAAAGTASR ELENMEQRNA GEENSSKNIF YYGGGGAHTI IRKIIVVLID IIDLLVIVIF RQKEENRRRS ILILLLILIF QDGNPKPEQQ QRRKQRRRRR RTLFSSKAVS KTTSTNDLII TIFIVVIVVI Y
GNM12769                        -AAAASIAKR DEERMEAAEE NEEDEKEEIF RYGGGGEHTL TKKIIIIIVE FVELIVVIIF NSKFKNIRRN ILLLLLIFTL RDGDPKPEIR QRRKRRRRRR RTMFGSKSSD RTSRTRDIIV SLIIVIVVVT Y



    1    1    1    1    1    1    1    1    1    1    1    1    1    1    1
    1    1    1    1    1    1    1    1    1    1    1    1    1    1    1
    1    1    1    5    1    1    1    1    1    1    1    1    1    1    1
    1    1    1    1    1    1    1    1    1    1    1    1    1    1    1
    1    1    1    1    1    1    1    1    1    1    1    1    1    1    1
    1    1    1    1    1    1    1    1    1    1    1    1    1    1    1
    1    1    1    1    1    1    1    1    1    1    1    1    1    1    1
    1    1    1    1    1    1    1    1    1    1    1    1    1    1    1
    1    1    1    1    1    1    1    1    1    1    1

AAML (in paml version 4.9h, March 2018)  tmp0036.txt
Model: Empirical,  (../wag.dat) dGamma (ncatG=4) ns = 147  ls = 135


Frequencies..
                                    A      R      N      D      C      Q      E      G      H      I      L      K      M      F      P      S      T      W      Y      V
GNM13746                       0.06716 0.09701 0.03731 0.06716 0.00000 0.02239 0.07463 0.06716 0.01493 0.14925 0.06716 0.08209 0.01493 0.02239 0.00746 0.05970 0.03731 0.00000 0.01493 0.09701
GNM13538                       0.08209 0.11194 0.00746 0.04478 0.00746 0.03731 0.09701 0.08209 0.00746 0.08955 0.08955 0.06716 0.00000 0.00746 0.01493 0.05224 0.05970 0.00000 0.02239 0.11940
GNM13876                       0.10448 0.10448 0.02239 0.04478 0.00746 0.02239 0.08209 0.08209 0.00746 0.08209 0.06716 0.04478 0.00746 0.00746 0.02239 0.04478 0.06716 0.00000 0.02239 0.15672
GNM13680                       0.08209 0.08955 0.01493 0.05970 0.00000 0.03731 0.08955 0.08955 0.01493 0.11940 0.05970 0.07463 0.04478 0.02985 0.01493 0.07463 0.01493 0.00000 0.02985 0.05970
GNM14837                       0.07463 0.08955 0.04478 0.03731 0.00000 0.00000 0.08209 0.10448 0.02239 0.12687 0.08955 0.04478 0.02239 0.01493 0.01493 0.08955 0.05224 0.00000 0.01493 0.07463
GNM14249                       0.07463 0.08209 0.05224 0.04478 0.00000 0.00000 0.08209 0.10448 0.02239 0.12687 0.09701 0.05970 0.02239 0.00746 0.01493 0.07463 0.03731 0.00000 0.01493 0.08209
GNM13928                       0.07463 0.08209 0.04478 0.03731 0.00000 0.00000 0.08209 0.10448 0.02239 0.12687 0.08209 0.05970 0.02985 0.00746 0.01493 0.08209 0.05224 0.00000 0.01493 0.08209
GNM13297                       0.08209 0.11194 0.00746 0.04478 0.00746 0.03731 0.09701 0.08209 0.00746 0.08955 0.08955 0.06716 0.00000 0.00746 0.01493 0.05224 0.05970 0.00000 0.02239 0.11940
GNM14865                       0.07463 0.10448 0.02239 0.08955 0.00000 0.01493 0.10448 0.09701 0.01493 0.07463 0.08955 0.02239 0.02985 0.02239 0.02985 0.03731 0.02985 0.00000 0.01493 0.12687
GNM13455                       0.06716 0.06716 0.05224 0.03731 0.00000 0.00746 0.08209 0.10448 0.02239 0.15672 0.08209 0.07463 0.01493 0.02239 0.01493 0.08209 0.02985 0.00000 0.01493 0.06716
GNM14938                       0.09701 0.08955 0.01493 0.05970 0.00000 0.04478 0.08209 0.05970 0.01493 0.08955 0.08209 0.05970 0.02239 0.01493 0.01493 0.05970 0.05224 0.00000 0.01493 0.12687
GNM14483                       0.08209 0.12687 0.00746 0.04478 0.00746 0.03731 0.07463 0.08955 0.00746 0.08209 0.10448 0.05970 0.00000 0.01493 0.01493 0.05970 0.04478 0.00000 0.02239 0.11940
GNM14872                       0.07463 0.11940 0.00746 0.05224 0.00746 0.03731 0.10448 0.07463 0.00746 0.09701 0.08209 0.05224 0.03731 0.01493 0.01493 0.08955 0.02239 0.00000 0.01493 0.08955
GNM13855                       0.05224 0.05970 0.02985 0.06716 0.00746 0.02985 0.07463 0.08209 0.02239 0.11940 0.10448 0.08955 0.01493 0.04478 0.00746 0.11194 0.01493 0.00000 0.02239 0.04478
GNM14404                       0.05224 0.10448 0.01493 0.03731 0.00746 0.02239 0.08955 0.09701 0.00746 0.13433 0.08955 0.06716 0.00746 0.04478 0.01493 0.07463 0.01493 0.00000 0.03731 0.08209
GNM14366                       0.07463 0.08955 0.03731 0.02985 0.00746 0.01493 0.08955 0.09701 0.02239 0.13433 0.05970 0.07463 0.02239 0.00746 0.01493 0.06716 0.05224 0.00000 0.01493 0.08955
GNM14252                       0.07463 0.08209 0.04478 0.05224 0.00000 0.00000 0.07463 0.09701 0.01493 0.11940 0.08955 0.06716 0.02985 0.00746 0.01493 0.08955 0.03731 0.00000 0.02239 0.08209
GNM13760                       0.07463 0.08955 0.03731 0.03731 0.00000 0.00746 0.08209 0.10448 0.02239 0.12687 0.08209 0.04478 0.02239 0.01493 0.01493 0.08209 0.05970 0.00000 0.01493 0.08209
GNM13982                       0.05970 0.08955 0.03731 0.03731 0.00746 0.01493 0.08209 0.10448 0.02239 0.13433 0.08209 0.05970 0.02985 0.00746 0.02239 0.07463 0.03731 0.00000 0.01493 0.08209
GNM13960                       0.06383 0.08511 0.04255 0.03191 0.00000 0.02128 0.07447 0.11702 0.02128 0.11702 0.09574 0.07447 0.03191 0.01064 0.01064 0.08511 0.02128 0.00000 0.03191 0.06383
GNM14633                       0.05970 0.08955 0.04478 0.03731 0.00746 0.01493 0.08209 0.10448 0.02239 0.14179 0.08955 0.05224 0.02239 0.00746 0.02239 0.06716 0.04478 0.00000 0.01493 0.07463
GNM14853                       0.05970 0.08955 0.04478 0.03731 0.00746 0.01493 0.08209 0.10448 0.02239 0.14179 0.08955 0.05224 0.02239 0.00746 0.02239 0.06716 0.04478 0.00000 0.01493 0.07463
GNM14138                       0.08209 0.10448 0.02985 0.03731 0.00000 0.01493 0.09701 0.09701 0.02239 0.10448 0.08209 0.06716 0.00746 0.02985 0.01493 0.04478 0.04478 0.00000 0.01493 0.10448
GNM14748                       0.07463 0.08209 0.05224 0.05970 0.00000 0.00000 0.07463 0.11194 0.02239 0.12687 0.08209 0.05224 0.02239 0.01493 0.01493 0.07463 0.04478 0.00000 0.01493 0.07463
GNM14246                       0.06716 0.11940 0.01493 0.03731 0.00000 0.02985 0.08955 0.08955 0.01493 0.12687 0.07463 0.09701 0.01493 0.02239 0.01493 0.05970 0.05224 0.00000 0.01493 0.05970
GNM14640                       0.05970 0.12687 0.00000 0.05970 0.00000 0.01493 0.08209 0.07463 0.02239 0.10448 0.09701 0.09701 0.01493 0.02239 0.01493 0.05970 0.04478 0.00000 0.01493 0.08955
GNM14965                       0.07463 0.08209 0.01493 0.04478 0.00000 0.03731 0.08955 0.09701 0.00746 0.15672 0.07463 0.08209 0.03731 0.00746 0.01493 0.06716 0.02239 0.00000 0.02985 0.05970
GNM13677                       0.09701 0.09701 0.02239 0.04478 0.00746 0.02239 0.08209 0.08209 0.00746 0.08955 0.06716 0.05224 0.00746 0.00746 0.02239 0.04478 0.06716 0.00000 0.02239 0.15672
GNM14339                       0.09701 0.06716 0.01493 0.04478 0.00000 0.01493 0.10448 0.08209 0.02239 0.10448 0.08209 0.05970 0.00746 0.01493 0.03731 0.06716 0.04478 0.00000 0.02239 0.11194
GNM14593                       0.06716 0.09701 0.02239 0.04478 0.00000 0.00000 0.10448 0.06716 0.01493 0.14179 0.06716 0.05224 0.02985 0.02239 0.02239 0.08209 0.05224 0.00000 0.02985 0.08209
GNM14768                       0.07463 0.12687 0.02239 0.05224 0.00000 0.00746 0.08955 0.08209 0.00746 0.11940 0.07463 0.03731 0.00000 0.02239 0.02239 0.07463 0.04478 0.00000 0.02985 0.11194
GNM14776                       0.07463 0.12687 0.02239 0.05224 0.00000 0.00746 0.08955 0.08209 0.00746 0.11194 0.07463 0.03731 0.00000 0.02239 0.02239 0.07463 0.04478 0.00000 0.02985 0.11940
GNM14715                       0.07463 0.11940 0.00746 0.03731 0.00746 0.03731 0.06716 0.08955 0.00746 0.07463 0.11194 0.05224 0.00000 0.00746 0.01493 0.08955 0.05970 0.00000 0.02239 0.11940
GNM14639                       0.09701 0.10448 0.01493 0.08955 0.00000 0.00746 0.06716 0.08209 0.00746 0.13433 0.07463 0.08955 0.00000 0.00746 0.00746 0.04478 0.05970 0.00000 0.03731 0.07463
GNM13795                       0.07463 0.08209 0.05224 0.05224 0.00000 0.00000 0.08209 0.11194 0.02239 0.13433 0.06716 0.05224 0.02985 0.01493 0.01493 0.08209 0.02985 0.00000 0.01493 0.08209
GNM14166                       0.06716 0.08209 0.02985 0.03731 0.00000 0.03731 0.08209 0.08955 0.01493 0.11940 0.08209 0.07463 0.01493 0.00746 0.00746 0.09701 0.03731 0.00000 0.01493 0.10448
GNM13993                       0.04478 0.05224 0.04478 0.05970 0.00000 0.06716 0.04478 0.05970 0.02239 0.15672 0.09701 0.06716 0.00746 0.00746 0.00746 0.11940 0.04478 0.00746 0.01493 0.07463
GNM14450                       0.08209 0.08209 0.02239 0.05224 0.00000 0.01493 0.08955 0.08209 0.02239 0.09701 0.08955 0.10448 0.02985 0.00746 0.01493 0.05224 0.02239 0.00000 0.02239 0.11194
GNM13515                       0.08209 0.08955 0.04478 0.05224 0.00000 0.01493 0.07463 0.10448 0.01493 0.13433 0.09701 0.06716 0.00746 0.00746 0.02239 0.06716 0.02985 0.00000 0.01493 0.07463
GNM14030                       0.06716 0.07463 0.02239 0.05970 0.00746 0.02985 0.05970 0.06716 0.02985 0.10448 0.10448 0.06716 0.00746 0.01493 0.00000 0.08209 0.07463 0.00746 0.02239 0.09701
GNM14959                       0.08209 0.10448 0.05970 0.08955 0.00000 0.02985 0.08209 0.05224 0.00746 0.14925 0.06716 0.06716 0.00746 0.00746 0.00000 0.02985 0.02985 0.01493 0.02985 0.08955
GNM13413                       0.07463 0.11940 0.00746 0.03731 0.00000 0.01493 0.11940 0.06716 0.00746 0.11194 0.07463 0.03731 0.01493 0.02239 0.01493 0.05224 0.06716 0.00000 0.04478 0.11194
GNM14971                       0.05224 0.07463 0.03731 0.04478 0.00000 0.02239 0.08955 0.09701 0.01493 0.14925 0.08955 0.09701 0.02239 0.00746 0.01493 0.07463 0.02239 0.00000 0.02239 0.06716
GNM14990                       0.05970 0.07463 0.03731 0.04478 0.00000 0.02239 0.08955 0.09701 0.01493 0.14925 0.08955 0.09701 0.02239 0.00746 0.01493 0.07463 0.02239 0.00000 0.02239 0.05970
GNM15005                       0.05224 0.07463 0.03731 0.04478 0.00000 0.02239 0.08955 0.09701 0.01493 0.14925 0.08955 0.09701 0.02239 0.00746 0.01493 0.07463 0.02239 0.00000 0.02239 0.06716
GNM14994                       0.08209 0.07463 0.05224 0.05970 0.00746 0.00000 0.08209 0.09701 0.02239 0.14925 0.05970 0.05224 0.02985 0.01493 0.01493 0.08209 0.02985 0.00000 0.01493 0.07463
GNM14976                       0.05970 0.07463 0.04478 0.03731 0.00000 0.02239 0.08955 0.10448 0.01493 0.14179 0.08955 0.09701 0.02239 0.00746 0.01493 0.05970 0.02239 0.00000 0.02239 0.07463
GNM15022                       0.05224 0.07463 0.03731 0.04478 0.00000 0.02239 0.08955 0.10448 0.01493 0.14179 0.08955 0.09701 0.02239 0.00746 0.01493 0.06716 0.02239 0.00000 0.02239 0.07463
GNM14995                       0.03731 0.07463 0.02985 0.04478 0.00000 0.02239 0.07463 0.09701 0.02239 0.12687 0.08955 0.07463 0.02985 0.01493 0.01493 0.12687 0.02985 0.00000 0.01493 0.07463
GNM15017                       0.03731 0.07463 0.02239 0.04478 0.00000 0.02239 0.07463 0.09701 0.02239 0.13433 0.08955 0.08209 0.02239 0.01493 0.01493 0.12687 0.02985 0.00000 0.01493 0.07463
GNM15024                       0.06716 0.08209 0.05224 0.03731 0.00000 0.00000 0.08209 0.09701 0.02239 0.12687 0.08209 0.06716 0.02985 0.00746 0.01493 0.08955 0.03731 0.00000 0.01493 0.08955
GNM14980                       0.06716 0.08209 0.05224 0.03731 0.00000 0.00000 0.08209 0.09701 0.02239 0.12687 0.08209 0.06716 0.02985 0.00746 0.01493 0.08955 0.03731 0.00000 0.01493 0.08955
GNM15000                       0.06716 0.08209 0.05224 0.03731 0.00000 0.00000 0.08209 0.09701 0.02239 0.12687 0.08209 0.06716 0.02985 0.00746 0.01493 0.08955 0.03731 0.00000 0.01493 0.08955
GNM15026                       0.04478 0.07463 0.05970 0.03731 0.00000 0.00746 0.08955 0.08209 0.02239 0.17164 0.07463 0.07463 0.02985 0.00746 0.01493 0.10448 0.03731 0.00000 0.01493 0.05224
GNM15001                       0.07463 0.08209 0.05224 0.03731 0.00000 0.00000 0.08209 0.09701 0.02239 0.11940 0.08209 0.06716 0.02985 0.00746 0.01493 0.08955 0.03731 0.00000 0.01493 0.08955
GNM15019                       0.08209 0.07463 0.04478 0.05970 0.00746 0.00000 0.08209 0.09701 0.02239 0.13433 0.06716 0.05224 0.02985 0.01493 0.01493 0.08209 0.03731 0.00000 0.01493 0.08209
GNM15003                       0.05970 0.07463 0.03731 0.04478 0.00000 0.02239 0.08955 0.10448 0.01493 0.14179 0.08955 0.09701 0.02239 0.00746 0.01493 0.05970 0.02985 0.00000 0.02239 0.06716
GNM11003                       0.05970 0.03731 0.02985 0.06716 0.00000 0.02985 0.08955 0.05970 0.00746 0.15672 0.08955 0.11194 0.00000 0.02239 0.00746 0.07463 0.04478 0.00000 0.02985 0.08209
GNM11023                       0.09701 0.09701 0.01493 0.02985 0.00000 0.01493 0.12687 0.06716 0.01493 0.09701 0.06716 0.07463 0.05224 0.01493 0.02239 0.02239 0.05224 0.00000 0.01493 0.11940
GNM11055                       0.06716 0.08209 0.03731 0.05970 0.00746 0.00746 0.08955 0.05970 0.02985 0.11940 0.09701 0.08955 0.03731 0.01493 0.01493 0.05224 0.02239 0.00000 0.00746 0.10448
GNM11146                       0.07576 0.07576 0.03788 0.09091 0.00000 0.03788 0.07576 0.05303 0.00758 0.09848 0.12121 0.08333 0.00758 0.00758 0.00758 0.04545 0.03030 0.01515 0.00758 0.12121
GNM11219                       0.05970 0.12687 0.00746 0.03731 0.00000 0.00000 0.08209 0.08209 0.00746 0.11940 0.08955 0.05970 0.03731 0.01493 0.02239 0.05970 0.04478 0.00746 0.02985 0.11194
GNM11220                       0.05224 0.12687 0.01493 0.04478 0.00000 0.01493 0.09701 0.08209 0.00746 0.12687 0.06716 0.08209 0.02239 0.02239 0.01493 0.03731 0.03731 0.01493 0.02985 0.10448
GNM11223                       0.05224 0.11940 0.01493 0.05224 0.00000 0.00746 0.09701 0.08955 0.00746 0.11194 0.08209 0.08209 0.01493 0.02239 0.01493 0.05970 0.02985 0.00000 0.02239 0.11940
GNM11224                       0.05224 0.11940 0.00746 0.05224 0.00000 0.00746 0.11194 0.08209 0.00746 0.12687 0.07463 0.08955 0.00746 0.02239 0.01493 0.05970 0.03731 0.00000 0.02239 0.10448
GNM11225                       0.05224 0.14179 0.00746 0.04478 0.00000 0.02985 0.10448 0.07463 0.02239 0.13433 0.06716 0.04478 0.01493 0.02239 0.01493 0.05224 0.05970 0.00000 0.02239 0.08955
GNM11358                       0.04478 0.06716 0.02239 0.07463 0.00746 0.01493 0.07463 0.08209 0.02239 0.11940 0.09701 0.07463 0.02239 0.03731 0.00746 0.11940 0.02985 0.00000 0.02239 0.05970
GNM11360                       0.06716 0.06716 0.05224 0.03731 0.00000 0.00746 0.08209 0.10448 0.02239 0.15672 0.08209 0.07463 0.01493 0.02239 0.01493 0.08209 0.02985 0.00000 0.01493 0.06716
GNM11362                       0.08148 0.09630 0.04444 0.05926 0.00000 0.01481 0.05926 0.08148 0.00741 0.10370 0.08148 0.06667 0.03704 0.01481 0.01481 0.04444 0.02963 0.00000 0.03704 0.12593
GNM11367                       0.05970 0.08955 0.03731 0.03731 0.00746 0.01493 0.08209 0.10448 0.02239 0.13433 0.08209 0.05970 0.02985 0.00746 0.02239 0.07463 0.03731 0.00000 0.01493 0.08209
GNM11377                       0.07463 0.11940 0.00746 0.04478 0.00746 0.03731 0.11194 0.07463 0.00746 0.11194 0.08209 0.05224 0.02985 0.01493 0.01493 0.08955 0.02239 0.00000 0.01493 0.08209
GNM11380                       0.06716 0.08209 0.02985 0.03731 0.00000 0.03731 0.08209 0.09701 0.01493 0.13433 0.07463 0.07463 0.01493 0.00746 0.00746 0.08955 0.03731 0.00000 0.01493 0.09701
GNM11383                       0.05970 0.07463 0.03731 0.02985 0.00746 0.01493 0.09701 0.09701 0.01493 0.11194 0.07463 0.08955 0.02239 0.00746 0.01493 0.09701 0.03731 0.00000 0.01493 0.09701
GNM11491                       0.10448 0.11194 0.01493 0.02985 0.00000 0.00746 0.08955 0.08955 0.01493 0.08955 0.08209 0.02985 0.02239 0.00746 0.01493 0.13433 0.03731 0.00000 0.01493 0.10448
GNM11804                       0.06716 0.06716 0.03731 0.05224 0.00746 0.01493 0.11940 0.05970 0.01493 0.13433 0.05224 0.12687 0.02239 0.02985 0.01493 0.05224 0.02239 0.00000 0.01493 0.08955
GNM11805                       0.07463 0.05224 0.03731 0.02985 0.00000 0.02239 0.09701 0.07463 0.01493 0.14179 0.08209 0.08209 0.02239 0.02239 0.01493 0.05970 0.05224 0.00000 0.02985 0.08955
GNM12892                       0.07463 0.08209 0.01493 0.04478 0.00000 0.03731 0.08955 0.09701 0.00746 0.17164 0.07463 0.08209 0.02239 0.00746 0.01493 0.06716 0.02239 0.00000 0.02985 0.05970
GNM12895                       0.08209 0.08209 0.02239 0.05224 0.00000 0.01493 0.08955 0.08209 0.02239 0.09701 0.08955 0.10448 0.02985 0.00746 0.01493 0.05224 0.02239 0.00000 0.02239 0.11194
GNM13061                       0.09701 0.10448 0.02239 0.05224 0.00000 0.01493 0.07463 0.07463 0.01493 0.13433 0.06716 0.07463 0.01493 0.02239 0.00746 0.06716 0.04478 0.00000 0.01493 0.09701
GNM13062                       0.06716 0.12687 0.00746 0.04478 0.00746 0.03731 0.06716 0.08955 0.01493 0.07463 0.09701 0.04478 0.00000 0.01493 0.01493 0.08209 0.06716 0.00000 0.01493 0.12687
GNM13064                       0.04478 0.05224 0.04478 0.05970 0.00000 0.06716 0.04478 0.05970 0.02239 0.15672 0.10448 0.06716 0.00746 0.00746 0.00746 0.11940 0.04478 0.00746 0.01493 0.06716
GNM13066                       0.05224 0.06716 0.04478 0.05970 0.00000 0.05970 0.05224 0.05970 0.02239 0.14925 0.10448 0.05224 0.00000 0.00746 0.00746 0.11194 0.03731 0.00746 0.01493 0.08955
GNM11032                       0.09701 0.07463 0.02985 0.02239 0.00000 0.02985 0.13433 0.07463 0.01493 0.08955 0.08209 0.05224 0.00746 0.02239 0.02239 0.05970 0.02985 0.00000 0.02239 0.13433
GNM11034                       0.09701 0.08955 0.01493 0.07463 0.00000 0.04478 0.06716 0.05970 0.01493 0.09701 0.08209 0.05970 0.02985 0.01493 0.01493 0.05970 0.04478 0.00000 0.01493 0.11940
GNM11363                       0.08148 0.09630 0.04444 0.05926 0.00000 0.01481 0.05926 0.08148 0.00741 0.10370 0.08148 0.06667 0.03704 0.01481 0.01481 0.04444 0.02963 0.00000 0.03704 0.12593
GNM11375                       0.07463 0.08955 0.03731 0.03731 0.00000 0.00746 0.08209 0.10448 0.02239 0.13433 0.08209 0.04478 0.02239 0.01493 0.01493 0.08209 0.05970 0.00000 0.01493 0.07463
GNM11381                       0.07463 0.08955 0.03731 0.03731 0.00746 0.01493 0.08955 0.09701 0.01493 0.11194 0.06716 0.07463 0.02985 0.00746 0.01493 0.08209 0.03731 0.00000 0.01493 0.09701
GNM11382                       0.06716 0.08955 0.05224 0.04478 0.00000 0.02239 0.07463 0.11194 0.01493 0.13433 0.05224 0.06716 0.03731 0.00746 0.01493 0.05970 0.04478 0.00000 0.01493 0.08955
GNM11799                       0.06716 0.07463 0.04478 0.02985 0.00000 0.02239 0.07463 0.09701 0.02239 0.11940 0.09701 0.11194 0.02239 0.01493 0.01493 0.05970 0.02239 0.00000 0.01493 0.08955
GNM11841                       0.08209 0.08209 0.00746 0.08955 0.00000 0.02985 0.11194 0.11194 0.01493 0.09701 0.08955 0.04478 0.02239 0.02985 0.02985 0.02985 0.02985 0.00000 0.01493 0.08209
GNM11931                       0.08209 0.09701 0.00746 0.09701 0.00000 0.02239 0.08955 0.10448 0.00746 0.08955 0.08955 0.03731 0.01493 0.02985 0.02985 0.04478 0.05224 0.00000 0.01493 0.08955
GNM12040                       0.08209 0.09701 0.02239 0.05970 0.00000 0.02985 0.11194 0.10448 0.01493 0.08209 0.11194 0.02239 0.02239 0.02239 0.02985 0.02239 0.06716 0.00000 0.00746 0.08955
GNM12071                       0.06716 0.08209 0.02239 0.06716 0.00000 0.01493 0.11194 0.10448 0.01493 0.08955 0.09701 0.02985 0.02239 0.00746 0.02985 0.05970 0.03731 0.00000 0.02239 0.11940
GNM12125                       0.07463 0.08955 0.00746 0.05224 0.00000 0.04478 0.05970 0.06716 0.00746 0.12687 0.05224 0.08209 0.04478 0.02985 0.02239 0.02985 0.07463 0.00000 0.03731 0.09701
GNM12126                       0.07576 0.09091 0.04545 0.04545 0.00000 0.00758 0.10606 0.06818 0.01515 0.14394 0.13636 0.08333 0.02273 0.00758 0.01515 0.03788 0.04545 0.00000 0.01515 0.03788
GNM12128                       0.05970 0.08955 0.02985 0.05224 0.00000 0.02985 0.08955 0.07463 0.00746 0.14179 0.08209 0.05970 0.02985 0.01493 0.02239 0.05224 0.02985 0.00000 0.03731 0.09701
GNM12182                       0.03731 0.05224 0.00746 0.06716 0.00000 0.02985 0.08209 0.08209 0.00746 0.10448 0.11194 0.09701 0.02239 0.00746 0.01493 0.06716 0.03731 0.00000 0.03731 0.13433
GNM12342                       0.07519 0.09023 0.02256 0.05263 0.00000 0.01504 0.09023 0.08271 0.00752 0.10526 0.08271 0.11278 0.00752 0.01504 0.02256 0.03759 0.04511 0.00000 0.02256 0.11278
GNM12346                       0.08209 0.08209 0.00000 0.05970 0.00000 0.02239 0.06716 0.09701 0.00746 0.14179 0.08209 0.08955 0.03731 0.00746 0.02239 0.07463 0.05224 0.00000 0.02239 0.05224
GNM12351                       0.06716 0.05224 0.01493 0.07463 0.00000 0.03731 0.06716 0.10448 0.00746 0.14925 0.07463 0.08209 0.02239 0.02985 0.01493 0.05224 0.05224 0.00000 0.02239 0.07463
GNM12356                       0.03759 0.08271 0.03008 0.06767 0.00000 0.01504 0.10526 0.08271 0.01504 0.17293 0.06015 0.10526 0.01504 0.00752 0.01504 0.06015 0.03759 0.00000 0.03008 0.06015
GNM12357                       0.04511 0.08271 0.01504 0.04511 0.00000 0.01504 0.11278 0.07519 0.02256 0.12030 0.08271 0.09774 0.01504 0.02256 0.01504 0.09023 0.05263 0.00000 0.02256 0.06767
GNM12366                       0.05263 0.08271 0.00000 0.04511 0.00000 0.02256 0.11278 0.08271 0.02256 0.09774 0.09023 0.09774 0.01504 0.02256 0.02256 0.07519 0.06015 0.00000 0.02256 0.07519
GNM12373                       0.05970 0.08209 0.04478 0.06716 0.00000 0.02239 0.08209 0.08955 0.01493 0.13433 0.08955 0.07463 0.02985 0.02985 0.01493 0.04478 0.06716 0.00000 0.00746 0.04478
GNM12385                       0.08209 0.08955 0.01493 0.05970 0.00000 0.02239 0.10448 0.07463 0.02239 0.10448 0.09701 0.05224 0.02239 0.02239 0.01493 0.05970 0.08209 0.00000 0.00746 0.06716
GNM12551                       0.07463 0.14179 0.00000 0.03731 0.00746 0.03731 0.13433 0.08209 0.00746 0.10448 0.10448 0.05970 0.00746 0.02239 0.02239 0.03731 0.02985 0.00000 0.02239 0.06716
GNM12554                       0.07463 0.07463 0.02985 0.07463 0.00000 0.02239 0.09701 0.07463 0.00746 0.11940 0.08955 0.08209 0.02985 0.03731 0.01493 0.05224 0.04478 0.00000 0.00000 0.07463
GNM12592                       0.07463 0.09701 0.00746 0.08955 0.00000 0.00746 0.06716 0.08209 0.00746 0.11940 0.10448 0.05970 0.01493 0.02239 0.02239 0.08955 0.03731 0.00000 0.02239 0.07463
GNM12596                       0.04478 0.06716 0.02239 0.05970 0.00746 0.03731 0.09701 0.08209 0.01493 0.13433 0.10448 0.09701 0.00746 0.02239 0.01493 0.05224 0.05224 0.00000 0.01493 0.06716
GNM12602                       0.05224 0.06716 0.02239 0.06716 0.00746 0.02985 0.08955 0.08209 0.01493 0.12687 0.11940 0.09701 0.00746 0.01493 0.01493 0.04478 0.05970 0.00000 0.01493 0.06716
GNM12665                       0.04478 0.07463 0.02239 0.05970 0.00746 0.02985 0.10448 0.08209 0.01493 0.14179 0.10448 0.08955 0.00746 0.01493 0.01493 0.05224 0.04478 0.00000 0.01493 0.07463
GNM12745                       0.05224 0.06716 0.04478 0.07463 0.00000 0.04478 0.06716 0.07463 0.02239 0.14925 0.08955 0.08955 0.04478 0.00746 0.01493 0.02985 0.05224 0.00000 0.02985 0.04478
GNM12749                       0.06716 0.11194 0.00000 0.02985 0.00000 0.04478 0.14179 0.07463 0.00746 0.14179 0.06716 0.04478 0.01493 0.02239 0.01493 0.06716 0.05970 0.00000 0.00746 0.08209
GNM12758                       0.08955 0.10448 0.01493 0.05224 0.00000 0.01493 0.08955 0.08209 0.02239 0.12687 0.08209 0.08209 0.01493 0.01493 0.01493 0.02985 0.05224 0.00000 0.01493 0.09701
GNM12763                       0.05970 0.10448 0.02985 0.05224 0.00000 0.02985 0.09701 0.08955 0.01493 0.14179 0.07463 0.07463 0.02239 0.01493 0.01493 0.04478 0.05224 0.00000 0.01493 0.06716
GNM12766                       0.06015 0.09023 0.01504 0.04511 0.00000 0.02256 0.09023 0.09023 0.00752 0.11278 0.09023 0.10526 0.02256 0.02256 0.01504 0.06767 0.04511 0.00000 0.01504 0.08271
GNM12841                       0.08209 0.10448 0.00746 0.08209 0.00000 0.00746 0.10448 0.10448 0.01493 0.09701 0.08955 0.03731 0.02239 0.02239 0.02985 0.05224 0.03731 0.00000 0.01493 0.08955
GNM12849                       0.06716 0.05970 0.05224 0.03731 0.00000 0.00746 0.08209 0.10448 0.02239 0.13433 0.08209 0.08209 0.02239 0.01493 0.01493 0.08209 0.03731 0.00000 0.01493 0.08209
GNM12869                       0.07463 0.08209 0.04478 0.04478 0.00000 0.00000 0.08209 0.09701 0.02239 0.12687 0.08955 0.06716 0.02985 0.00746 0.01493 0.08955 0.03731 0.00000 0.01493 0.07463
GNM12896                       0.05970 0.07463 0.02985 0.03731 0.00000 0.03731 0.08209 0.09701 0.01493 0.13433 0.06716 0.07463 0.02239 0.00746 0.00746 0.08955 0.05224 0.00000 0.01493 0.09701
GNM12897                       0.06716 0.07463 0.02985 0.03731 0.00000 0.03731 0.08209 0.09701 0.01493 0.12687 0.07463 0.07463 0.01493 0.00746 0.00746 0.09701 0.03731 0.00000 0.01493 0.10448
GNM12902                       0.04478 0.06716 0.05970 0.02239 0.00000 0.01493 0.08955 0.07463 0.00746 0.12687 0.09701 0.06716 0.01493 0.01493 0.01493 0.08209 0.06716 0.00000 0.02985 0.10448
GNM12903                       0.08955 0.09701 0.01493 0.05970 0.00000 0.01493 0.11940 0.06716 0.01493 0.10448 0.09701 0.11194 0.02985 0.02239 0.01493 0.01493 0.01493 0.00000 0.02239 0.08955
GNM12906                       0.11194 0.08209 0.00746 0.06716 0.00000 0.02985 0.09701 0.06716 0.00746 0.09701 0.09701 0.10448 0.03731 0.02239 0.02985 0.01493 0.02239 0.00000 0.02239 0.08209
GNM12907                       0.12687 0.08955 0.00000 0.05224 0.00000 0.02985 0.13433 0.06716 0.01493 0.08209 0.08209 0.08955 0.03731 0.02239 0.01493 0.01493 0.02239 0.00000 0.02239 0.09701
GNM12909                       0.08955 0.08955 0.01493 0.04478 0.00000 0.02239 0.13433 0.07463 0.01493 0.10448 0.09701 0.10448 0.02239 0.02239 0.01493 0.00000 0.02239 0.00000 0.02985 0.09701
GNM12915                       0.06716 0.12687 0.01493 0.03731 0.00000 0.02985 0.08955 0.08955 0.00746 0.14179 0.05970 0.07463 0.00746 0.01493 0.02985 0.05224 0.05970 0.00746 0.02239 0.06716
GNM10046                       0.05970 0.12687 0.01493 0.02985 0.00000 0.01493 0.11194 0.09701 0.00746 0.14179 0.06716 0.07463 0.00746 0.01493 0.02985 0.04478 0.05970 0.00746 0.02239 0.06716
GNM12918                       0.06716 0.11194 0.01493 0.03731 0.00000 0.02239 0.08955 0.08955 0.00746 0.14179 0.06716 0.08955 0.00746 0.01493 0.02985 0.05224 0.05970 0.00746 0.02239 0.06716
GNM12931                       0.06716 0.10448 0.00746 0.04478 0.00000 0.01493 0.08955 0.07463 0.00746 0.14925 0.08209 0.06716 0.01493 0.02239 0.02239 0.03731 0.07463 0.00000 0.04478 0.07463
GNM12938                       0.03731 0.07463 0.03731 0.05970 0.00000 0.01493 0.11194 0.06716 0.00746 0.11940 0.11194 0.09701 0.01493 0.02239 0.01493 0.02985 0.06716 0.00000 0.02985 0.08209
GNM12996                       0.05224 0.05970 0.00746 0.07463 0.00000 0.03731 0.09701 0.08209 0.00746 0.14925 0.07463 0.11194 0.00746 0.02985 0.00000 0.04478 0.05224 0.00000 0.03731 0.07463
GNM13018                       0.05224 0.05224 0.01493 0.07463 0.00000 0.03731 0.08955 0.08209 0.00746 0.14179 0.08209 0.11940 0.00000 0.02985 0.00000 0.04478 0.04478 0.00000 0.03731 0.08955
GNM13027                       0.04478 0.05224 0.01493 0.09701 0.00000 0.01493 0.08209 0.07463 0.00746 0.15672 0.06716 0.14179 0.02985 0.01493 0.00746 0.02985 0.05224 0.00000 0.02985 0.08209
GNM13046                       0.05970 0.07463 0.03731 0.02985 0.00000 0.02239 0.08955 0.10448 0.01493 0.12687 0.08955 0.08209 0.03731 0.00746 0.01493 0.06716 0.05970 0.00000 0.01493 0.06716
GNM13053                       0.08955 0.10448 0.02239 0.05224 0.00000 0.02239 0.07463 0.07463 0.02239 0.08955 0.08209 0.05970 0.00746 0.02239 0.01493 0.08209 0.05970 0.00000 0.02239 0.09701
GNM13074                       0.05970 0.10448 0.01493 0.03731 0.00000 0.00746 0.11194 0.09701 0.00746 0.13433 0.05224 0.09701 0.01493 0.02985 0.02985 0.05224 0.05224 0.00000 0.02239 0.07463
GNM10010                       0.06716 0.14925 0.01493 0.03731 0.00000 0.00746 0.11940 0.08955 0.00746 0.09701 0.05970 0.05224 0.00746 0.02985 0.02985 0.03731 0.05224 0.00000 0.02239 0.11940
GNM10014                       0.06716 0.11940 0.01493 0.03731 0.00000 0.01493 0.11194 0.08955 0.00746 0.09701 0.05224 0.08209 0.01493 0.02985 0.02985 0.03731 0.05224 0.00000 0.02239 0.11940
GNM13090                       0.06716 0.12687 0.01493 0.04478 0.00000 0.00746 0.10448 0.08955 0.00746 0.09701 0.05224 0.08209 0.00746 0.02985 0.02985 0.03731 0.05970 0.00000 0.02239 0.11940
GNM13118                       0.08209 0.07463 0.01493 0.05970 0.00000 0.02985 0.09701 0.08209 0.00746 0.09701 0.09701 0.07463 0.02239 0.02985 0.00746 0.06716 0.03731 0.00000 0.01493 0.10448
GNM13126                       0.06716 0.07463 0.02985 0.02985 0.00000 0.01493 0.09701 0.08209 0.00746 0.14179 0.05224 0.08209 0.01493 0.02985 0.01493 0.06716 0.07463 0.00000 0.02239 0.09701
GNM13128                       0.08955 0.06716 0.03731 0.01493 0.00000 0.01493 0.10448 0.07463 0.00746 0.14925 0.05970 0.09701 0.01493 0.02239 0.01493 0.03731 0.06716 0.00000 0.02985 0.09701
GNM13208                       0.10606 0.08333 0.00000 0.06818 0.00000 0.03788 0.06818 0.06818 0.01515 0.11364 0.06818 0.05303 0.03030 0.01515 0.01515 0.06061 0.03788 0.00758 0.04545 0.10606
GNM13210                       0.06716 0.08955 0.01493 0.02985 0.00000 0.01493 0.11940 0.08209 0.00746 0.11940 0.05970 0.05970 0.02239 0.02239 0.01493 0.03731 0.08955 0.00000 0.03731 0.11194
GNM12773                       0.05970 0.11194 0.05224 0.02985 0.00000 0.05224 0.05970 0.08209 0.00746 0.14925 0.08209 0.05224 0.00746 0.03731 0.01493 0.05970 0.05224 0.00000 0.02239 0.06716
GNM12769                       0.05224 0.14179 0.02985 0.04478 0.00000 0.00746 0.10448 0.07463 0.00746 0.14179 0.06716 0.06716 0.01493 0.04478 0.01493 0.05224 0.05224 0.00000 0.01493 0.06716

Homogeneity statistic: X2 = 15.77577 G = 15.39527 

Average                        0.06952 0.08978 0.02677 0.05013 0.00143 0.02107 0.08972 0.08626 0.01450 0.12331 0.08296 0.07334 0.01985 0.01690 0.01634 0.06433 0.04346 0.00076 0.02082 0.08876
(Ambiguity characters are used to calculate freqs.)


# constant sites:      6 (4.44%)

TREE #  1:  ((((((((42, 145), 130), (59, 94)), 95), 96), (((132, 133), (97, 58)), (131, 134))), ((((((124, 123), 126), 125), 144), (61, 41)), 141)), ((((((((((((((((((((44, 45), 43), (48, 20)), 47), 57), 89), 54), (50, 49)), (((70, 19), (22, 21)), 39)), ((((((((53, 51), 52), 55), 119), (17, 6)), ((((56, 46), (24, 35)), (7, 5)), (86, 18))), ((10, 68), 118)), 74)), 135), (((87, 73), 16), 88)), (((120, 72), 121), 36)), (((4, (71, 13)), (27, 77)), (14, 67))), (78, 38)), (85, 69)), (((((37, 81), 82), 40), 136), ((33, 80), 12))), (((1, 79), (8, 2)), 34)), ((((31, 32), 30), (3, 28)), ((84, 11), (29, 83)))), (((((((23, 26), 25), 146), ((64, 65), 66)), 62), 147), (15, 63))), (((((((((((111, 109), 110), 100), 108), 99), (((107, 105), 113), 104)), ((((92, 9), 93), (90, 117)), 91)), (60, 75)), ((143, 142), (76, 122))), ((((((103, 102), 101), 116), 98), ((112, 114), 115)), 106)), ((((138, 139), 140), 137), ((129, 127), 128))));   MP score: -1
lnL(ntime:291  np:292): -16533.437897      +0.000000
 148..149 149..150 150..151 151..152 152..153 153..154 154..155 155..42  155..145 154..130 153..156 156..59  156..94  152..95  151..96  150..157 157..158 158..159 159..132 159..133 158..160 160..97  160..58  157..161 161..131 161..134 149..162 162..163 163..164 164..165 165..166 166..167 167..124 167..123 166..126 165..125 164..144 163..168 168..61  168..41  162..141 148..169 169..170 170..171 171..172 172..173 173..174 174..175 175..176 176..177 177..178 178..179 179..180 180..181 181..182 182..183 183..184 184..185 185..186 186..187 187..188 188..44  188..45  187..43  186..189 189..48  189..20  185..47  184..57  183..89  182..54  181..190 190..50  190..49  180..191 191..192 192..193 193..70  193..19  192..194 194..22  194..21  191..39  179..195 195..196 196..197 197..198 198..199 199..200 200..201 201..202 202..53  202..51  201..52  200..55  199..119 198..203 203..17  203..6   197..204 204..205 205..206 206..207 207..56  207..46  206..208 208..24  208..35  205..209 209..7   209..5   204..210 210..86  210..18  196..211 211..212 212..10  212..68  211..118 195..74  178..135 177..213 213..214 214..215 215..87  215..73  214..16  213..88  176..216 216..217 217..218 218..120 218..72  217..121 216..36  175..219 219..220 220..221 221..4   221..222 222..71  222..13  220..223 223..27  223..77  219..224 224..14  224..67  174..225 225..78  225..38  173..226 226..85  226..69  172..227 227..228 228..229 229..230 230..231 231..37  231..81  230..82  229..40  228..136 227..232 232..233 233..33  233..80  232..12  171..234 234..235 235..236 236..1   236..79  235..237 237..8   237..2   234..34  170..238 238..239 239..240 240..241 241..31  241..32  240..30  239..242 242..3   242..28  238..243 243..244 244..84  244..11  243..245 245..29  245..83  169..246 246..247 247..248 248..249 249..250 250..251 251..252 252..23  252..26  251..25  250..146 249..253 253..254 254..64  254..65  253..66  248..62  247..147 246..255 255..15  255..63  148..256 256..257 257..258 258..259 259..260 260..261 261..262 262..263 263..264 264..265 265..266 266..111 266..109 265..110 264..100 263..108 262..99  261..267 267..268 268..269 269..107 269..105 268..113 267..104 260..270 270..271 271..272 272..273 273..92  273..9   272..93  271..274 274..90  274..117 270..91  259..275 275..60  275..75  258..276 276..277 277..143 277..142 276..278 278..76  278..122 257..279 279..280 280..281 281..282 282..283 283..284 284..103 284..102 283..101 282..116 281..98  280..285 285..286 286..112 286..114 285..115 279..106 256..287 287..288 288..289 289..290 290..138 290..139 289..140 288..137 287..291 291..292 292..129 292..127 291..128
 0.116759 0.045438 0.088595 0.000000 0.163307 0.074608 0.138553 0.090568 0.120973 0.110329 0.005812 0.357632 0.130686 0.821500 0.268202 0.508077 0.044967 0.227475 0.046077 0.025131 0.057821 0.392233 0.087585 0.114523 0.356672 0.082264 0.101586 0.090314 0.255893 0.386396 0.000000 0.031778 0.163310 0.071655 0.100545 0.135373 0.477204 0.098843 0.412796 0.336974 0.712929 0.063088 0.002573 0.179920 0.036205 0.117475 0.037032 0.057599 0.207859 0.047408 0.050305 0.004929 0.000000 0.028388 0.040678 0.143703 0.015580 0.000000 0.013432 0.006597 0.000000 0.006597 0.000000 0.000000 0.000000 0.006672 0.000000 0.006657 0.013523 0.071372 0.124761 0.172379 0.000000 0.013248 0.090379 0.126335 0.014860 0.000000 0.000000 0.026901 0.000000 0.000000 0.124965 0.066604 0.058111 0.009870 0.037622 0.000000 0.013182 0.012591 0.000000 0.000000 0.000000 0.000000 0.000660 0.006628 0.000000 0.013358 0.027801 0.016929 0.000000 0.088970 0.061674 0.006551 0.026891 0.007155 0.059218 0.024023 0.000000 0.019996 0.041402 0.020671 0.006734 0.000000 0.079108 0.040550 0.000000 0.000000 0.021850 0.256894 0.119718 0.126997 0.028216 0.037531 0.036958 0.045608 0.066447 0.160086 0.230323 0.006823 0.006335 0.020137 0.006397 0.033935 0.026565 0.090240 0.027694 0.039272 0.155679 0.131773 0.007072 0.020462 0.241882 0.013424 0.000000 0.415724 0.105933 0.028711 0.174252 0.000000 0.000000 0.254231 0.000000 0.000000 0.053077 0.000000 0.428266 0.202520 0.040929 0.000000 0.006380 0.087991 0.191993 0.259437 0.311827 0.060497 0.099219 0.069880 0.072850 0.000000 0.052370 0.519056 0.134087 0.334305 0.278667 0.000000 0.000000 0.347173 0.287049 0.095559 0.095062 0.144079 0.006874 0.000000 0.184171 0.210148 0.020314 0.000000 0.118873 0.412721 0.025691 0.014740 0.084086 0.154402 0.193364 0.051997 0.038747 0.000000 0.073997 0.079973 0.104297 0.030327 0.243048 0.149497 0.112994 0.437732 0.013886 0.198774 0.071001 0.034674 0.144713 0.460986 0.359362 0.214338 0.379868 0.060061 0.053085 0.025802 0.000000 0.000000 0.079389 0.051351 0.108590 0.018719 0.065559 0.249811 0.047378 0.034953 0.034500 0.040284 0.265641 0.194887 0.294378 0.096096 0.169245 0.080094 0.269795 0.222320 0.231087 0.311175 0.339126 0.049666 0.052936 0.000000 0.141640 0.100954 0.236730 0.080163 0.090159 0.089187 0.205430 0.272332 0.271340 0.203671 0.326071 0.182062 0.092286 0.076056 0.224240 0.161994 0.271935 0.016391 0.092527 0.238032 0.082200 0.070062 0.094009 0.038735 0.088161 0.203724 0.114997 0.095398 0.075721 0.161222 0.416338 0.131877 0.101191 0.356517 0.271130 0.043783 0.035636 0.018829 0.052974 0.013297 0.053404 0.041149 0.036216 0.050908 0.013720 0.021242 0.000000 1.275910
