
Printing out site pattern counts


       148        121  P

GNM13746                        -AAAAADDDE EEEEEEEEEF GGGGGGGGHH IIIIIIIIII IKKKKKKKKK KKKKLLLLLL LLLLLLLLLL LLLLMMMMMM NNNNNNNPQQ QQRRRRRRRR RSSSTTTTTT VVVVVVVWYY Y
GNM13538                        -AAAEIDDEA EEEEEESSTW AEGGGGGGHY EIIILLLMVV VEGKKKKKRR RRSS-IIKLL LLLLLLLLLL LLLVAILMSY ENNRSSSPQQ QSKKRRRRRR TDGSKKSSTT IIIPVVVWYY Y
GNM13671                        -AAAEADDEA EEEEEQEKEF VIGGGGKNHH IIIIILLLKV VRNGKKLRHK RRGR-AIYFH LLLLLLLLLL LLYVRVMYSQ QNQKKKTPQQ QNASNRRRRR EDSRMNATST IVVIILVWYY Y
GNM13876                        -AAAAADDGA EEEEEQEREF TEGGGGGGHF QIVYILMLKV VKSGKRTRKR RRGR-LFEFH ILLLLLLLLL LLLLKILLRK HNGKKRTPLQ QEAAKRRRRR EDSRKTTTTS ILVIVVVWNY Y
GNM13680                        -AATQADDSA EEEEEEERSM APGGGSGGHY ELIIIVMMKV VEKGKKKKHK RREL-LLQLL LILLLLLLLL LLGARILSAY QNNRNNTPQQ QANIRFRRRT KDGARKSTST VLVPIVVWNY Y
GNM14837                        -AAFHADDDA EEEESSERTT ANGGGFGDHY EMVVVLLAKI VNPGKKKKHK RREH-LLNLT LTLLLLLLLL LLGVILIMSK QTKRNDTPQQ QEHIRSRRRV KDSSTNITST VFVPIVAWAF Y
GNM14249                        -AAFHADDEA EEEESAERTT ANGGGLGDHY EMVVVLLAKI VEPGKKKKHK RREH-LLSLT LTLLLLLLLL LLGVIIIMSK QTKRNDTPQQ QEHIRSRRRV KDSSTNITTT VFVPIVAWAF Y
GNM13928                        -AAFHADDEA EEEESSERTT ANGGGLGDHY EMVVVLLAKI VTPGKKKKHK RRDH-LLSLT LTLLLLLLLL LLGVIIIMSK QTNRNNTPQQ QDHIRSRRRV KDSSTNITTT VFVPIVAWAF Y
GNM13297                        -AAAEIDDEA EEEEEESSTW AEGGGGGGHY EIIILLLMVV VEGKKKKKRR RRSS-IIKLL LLLLLLLLLL LLLVAILMSY ENNRSSSPQQ QSKKRRRRRR TDGSKKSSTT IIIPVVVWYY Y
GNM14865                        -AAAQADSGD EEEEEAGRRY GDGGSGDEHQ EMTLVLLFRV TTAGKQKRHR EKDA-IITLK LLFFILLLLL MSLLEVYTRD QNANRTDPEQ QQRVARRRRV LQSREDVTTS IFAPVVVWRY R
GNM13455                        -AAFHADDDS EEEESNERTT AKGGGLGEHY EMVVILLAKI VNPGKKKKHK RREH-LLNLI LTLLLLLLLL LLGVILIMSK QSKRNNTPQQ QEHIRSRRRL KDSSTQITTT VFVPIVVWSF Y
GNM14938                        -AAAQADDDA EEEEEEEKEY VGGGGGGNHY IIVYILVLII VRSRKKLRHR RRER-AIKFL LLLLLLLLLL LLLIELYASR HNRKRNTPIQ QEKVQTRRRK RDGRKTVTTA ILVIILVWAY Y
GNM14483                        -AAAQSDDGA EEEESEEKTF ASGGGGGAHL HLIIVLLLVV IEKGKLKKHK RRDK-LLTLE LLLLLLLLLL LLMVKMKTTY HNDSSTTPQQ QQKIRSRRRH EDGSGTVTST ILVPIVVWRF Y
GNM14872                        -AATQADDNA EEEEEEERSM AAGGGMGGHS ELIVIMMIKV IEKGKKRKHK RRDL-LLKLI LILLLLLLLL LLGVRIISAY QNNRGNTPQQ QANRRFRRRT KDGAKKSTST VLVAIVVWSY Y
GNM13855                        -AALQADDNS EEEEENERSM ASGGGSGEHY ELVIIIVLKV IETGKKKKHK RREL-LILLL LILLLLLLLL LLNVQILSAY QNNRNNSPQQ QTNLRYRRRR KDGAKKVTST VTVPIVIWSY Y
GNM14445                        -AAAEASDNS EEEEESERKK ASGGGGGSHQ ELIIVLVARI VEKGKLKTHS RRDR-LLTLL LLLLLLLLLL LLLIRMKKKW ANLRGTSPQQ QRNIRSRRRR TDGSRTTSST VIVIVVVWIY F
GNM14404                        -AAAQYDDDA EEEEDKADEY AEGGGGGDHI MIIFILVMII VERGKKLKHK RRGR-LLLLM LLLLILLLLL LLLLILMATR QNDKDRDPRQ QEHIKKRRRR ERSSMKVTTT IYVIVVVWYY Y
GNM14545                        -AAAQYDDDA EEEEDKADEY AEGGGGGDHI MIIFILVMII VERGKKLKHK RRGR-LLLLM LLLLILLLLL LLLLILMATR QNDKDRDPRQ QEHIKKRRRR ERSSMKVTTT IYVIVVVWYY Y
GNM14366                        -AAFRAMDDA DEEESDERTQ ASGGGFGGHY EMVVILLAVV INPGKKKKHR RKES-LLNLT LTLLLLLLLL LLAVIIISSN QNKRNTTPQQ QEHIRSRRRV KDSSTDVTTT ILVPIVIWTY Y
GNM14252                        -AAFHADDEA EEEESAERTT ADGGGLGDHY EMVVILLAKI VNPGKKKKHK RREH-LLSLT LTLLLLLLLL LLGVIVIMSK QTKRNDTPQQ QEHIRSRRRV KDSSTNITTT VFVPIVAWAF Y
GNM13760                        -AAFHADDDA EEEESSERTT ADGGGFGGHY EMVVILLAKI VNPGKKKKHK RRAH-LLSLT LTLLLLLLLL LLGVIIIMSK QTQRNDTPQQ QEHIRSRRRV KDSSTNITTT VFVPIVAWAF Y
GNM13982                        -AAFRSNDDA EEEEAKERTF ADGGGFGTHY EMVLILVAVV IEPGKKKKHK RKDR-LLSLV LTFLLLLLLL LLFVIIILSK QTHRNNTPQQ QDHRRSRRRI EDSSKESTTT ILVPIVIWSF Y
GNM13960                        -AAFQTDDDS EEEESQEKTQ AEGGGLGNHY EIVVILLAVI INPGKKKKHR KKEH-LLKLV LTLLLLLLLL LLFVIMIMSK QTQRNTTPQQ QDLISSRRRT KDSSKQVTTT ILAPIVVWSF Y
GNM14633                        -AAFRSDDDA EEEEAKERTF ADGGGFGSHY EMVLILVAVI INPGKKKKHK RKDK-LLSLV LTLLLLLLLL LLFVIIILSK QTHRNNTPQQ QDHRRSRRRV EDSSKESTTT ILVPIVIWSF Y
GNM14853                        -AAFRSDDDA EEEEAKERTF ADGGGFGSHY EMVLILVAVI INPGKKKKHK RKDK-LLSLV LTLLLLLLLL LLFVIIILSK QTHRNNTPQQ QDHRRSRRRV EDSSKESTTT ILVPIVIWSF Y
GNM14174                        -AAAKHDDNS EEEEEEEKQF GEGGGGGTHF MLVTVLILRI VENGKRKRHR HRAI-LLQIT LLLLILLLLL LLLLEILTSK QNTKDTVPIQ QEGVRRRRRK MNSSASTTTT IYVIIVIWKY Y
GNM14055                        -AAFNADDDS EEEESNEKTQ AEGGGLGDHY EIVVILLAIV ITPGKKKKHK RKDH-LLKLT LTLLLLLLLL LLYVIIIMIK QTNRNTTPQQ QDHISSRRRT KDSSKQVTTT ILVPIVVWSF Y
GNM14748                        -AAFHADDDA EEEEAEERTS ADGGGLGNHY ELVVVLLAKI VTPGKKKKHK RRAH-LLSLT LTLLLLLLLL LLGVIIIMSQ QTKRNDSPQQ QDQIRSRRRV KDSSTKITTT VFVPVVPWVF Y
GNM14246                        -AAAKHDDGA EDEEEEERQF GAGGGGESHY MLVFVLLLRV FEKRKKRRHR RRDA-LLKLL LLLLLLLLLL LLLLPLLASK QNDRDSAPIQ QAESRRRRRR LDSSPSTTST IYVIIVLWHY Y
GNM14640                        -AAARHDDGA EEEEEEQRQF GAGGGGETHH MLVFILLLRV VEKGKKKRHR RRDS-LIKLL MLLLILLLLL LLLLQLLASK QNDNDFAPTQ QAGSRRRRRR -DSSLSTTST IYVIIVLWHY Y
GNM14965                        -AATQADDDA EEEEEEERSM SQGGGTGSHH ELIFIVLVIV IETGKKKKHK RREL-LLLLL LTLLLLLLLL LLGVRILSAY QNKRNNSPQQ QANLRSRRRR RDGAKKVTST VLVPIVIWNY Y
GNM13677                        -AAAAADDGA EEEEEQEREF TEGGGGGGHF QIVYILMLKV VKSGKRIRKR RRGR-LFEFH ILLLLLLLLL LLLLKILLRR HNGKKRTPLQ QEAAKRRRRR EDSRKTTTTS ILVIVVVWNY Y
GNM14339                        -AAAAADNEA EEEEESEVEY VNGGGGGDHH IIVYILVLVV VRKGKKLRKR RRER-AIKFL LLLLLLLLLL LLLVAMMASR HNDKQSDPIQ QENSRKRRRR KYSRTSVTTS ILILVVVWYY Y
GNM14593                        -AAAEADDDA EEEEEEEKEY VSGGGGRDHH IIVIILILKV IRRGKKLRHK RRGK-AILFH LLLLLLLLLL LLYVKMMYAQ QNQKKRTPQQ QAASMRRRRR EDSRMTTTTT IVVIVVVWHY Y
GNM13825                        -AAAQADDDA EEEEEEEKEY VGGGGGGNHY IIVYILVLII VRSRKKLRHR RRDR-AIKFL LLLLLLLLLL LLLVEVYASR QNRKKNTPIQ QEKAQTRRRK KDGRKTVTTA VLVIIVVWAY Y
GNM14768                        -AAAQADDDA EEEEEEEREY GRGGGGGNHY IMVIILVLKV VRRGKRLRHK RRGR-AILFH LLLLLLLLLL LLFVTVMYRQ QNGKKRTPHQ QAASRRRRRR EDSRMTVTTT IVIIVVVWYY Y
GNM14776                        -AAAQADDDA EEEEEEEREY GRGGGGGNHY IMVIILVLKV VRRGKRLRHK RRGR-AILFH LLLLLLLLLL LLFVIVMYRQ QNGKKRTPHQ QAASRRRRRR EDSRMTVTTT IVIIVVVWYY Y
GNM14715                        -ASAQADDGA EEEQSEERTF AEGGGGGAHL QLIVVLLLVV IEKGKLKKHK RRSV-LVALE LLLLLLLLLL LLMVKMRTTY HNDGSTTPQQ QQKIRSRRRA EDGSPTVTST ILVPVVVWRF Y
GNM14639                        -AAAKADDGS EDEEEEERTW ADGGGGNGHY ILIIILLFVI VESGKKKKHR RRGM-LISLF LLLLFLLLLL LLLVIIYTQQ QNKKNRTPQQ QSGRRKRRRV KDGSMTVTST ILVPMVVWLY M
GNM13795                        -AAFHADDDA EEEEAEERTS ADGGGLGNHY ELVVVLLAKI VTPGKKKKHK RRAH-LLSLT LTLLLLLLLL LLGVIIIMSQ QTKRNDSPQQ QDQIRSRRRV KDSSTKITTT VFVPVVPWSF Y
GNM14166                        -AAIHADDDA EEEESEERTQ ADGGGEGNHY EMVIILLIVV VAPGKKKKHK RKEH-LFQLT LVLLLLLLLL LLSVIFVMSH LNKRNTTPQQ QENVRSRRRV KDSSKKVTST VLIPIVVWAF Y
GNM14450                        -AAAQSTDDA DEEEEEERTV APGGGGHSHW ELVIVLVAII VETGKKKKHR RRDS-LLELL LILLLLLLLL LLFVDIMTTQ QNNRNNTPQQ QIKIRSRRRY MDGSKTVSTT VIVPIVIWRF Y
GNM13515                        -AAFRADDDA EEEEXSEKTQ AXGGGFGDHY EMVVVLLAIV VNPGKKKKHK RKDK-LLKLX LILLYLLLLL LLYVIIVLTK QTNRNNTPQQ QDNIQSRRRV KDSSXESTTT VLVPIVIWSF Y
GNM13745                        -ASASASDES EEEEDEENKL AGGGGQNGHH ELIIILLLKI ISLGKRKRHR GRNK-LIKLI LLLLILLLLL LLLVIVKIQN QNNRATTPQQ QDNIRSRRRQ RDSSNNTTTT ISVPIVVHTY Y
GNM14030                        -ASASANDEA EEEEENERKL ASGGGGGDHH ELIIVLVLRV ISSGKRKRHQ KRNQ-LIQLI LLLLILLLLL LLIVIIKSQE QNSRATTPQQ QENINSRRRQ KNGSKNTTTT IMIPIVVHVF Y
GNM14959                        QAAARAADGI ELEEDEEKEY SDGGGGDDHY IKVMVLILVI VRAGKRKLHR RRDT-LVKLL LLLFFLLLLL LLLIEIAASR ENAESRPPRQ QEHSRRKRRR LAGRPDTTTT VYVIVVVWFY Y
GNM13413                        -AAAAADDGA EEEEEEEKTY APGGGGGGHH IIVYIVILRI IEKGKKKKHK RRDD-LLLLI LLLLLLLLLL LMLLALLASR ENGYNRKPRQ QYHSRRRRRV EDGRSRVTTT IYVLIVVWIY R
GNM14990                        -AAFQTDDDS EEEESQEKTQ AAGGGLGNHY EIVVILLAVV VNPGKKKKHR KKER-LLKLI LTLLLLLLLL LLFVIMIMSK QTQRNTTPQQ QDLIGSRRRT KDSSKQVTTT ILAPIVVWSF Y
GNM15005                        -AAFQTDDDS EEEESQEKTQ AAGGGLGNHY EIVVILLAVV VNPGKKKKHR KKER-LLKLI LTLLLLLLLL LLFVIMIMSK QTQRNTTPQQ QDLIGSRRRT KDSSKQVTTT ILAPIVVWSF Y
GNM15022                        -AAFQTDDDS EEEESQEKTQ AEGGGLGNHY EIVVILLAVI VNPGKKKKHR KKER-LLKLV LTLLLLLLLL LLFVIMIMSK QTQRNTTPQQ QDLISSRRRT KDSSKQVTTT ILAPIVVWSF Y
GNM14999                        -AAFQTDDDS EEEESEEKTQ AAGGGLGDHY EMVVILLAVI VTPGKKKKHR RKDH-LLKLI LTLLLLLLLL LLYVIIIMSK QTQRNTTPQQ QDLISSRRRT KDSSKQVTTT ILAPIVVWSF Y
GNM15018                        -AAFHADDEA EEEESAERTT ADGGGLGDHY EMVVILLAKI VNPGKKKKHK RREH-LLSLT LTLLLLLLLL LLGVIIIMSK QTKRNDTPQQ QEHIRSRRRV KDSSTTVTTT VFVPIVPWAF Y
GNM15025                        -AAFRADDDS EEEESKEKTQ APGGGLGDHY NIVIILLAII VIPGKKKKHK RKDR-LLNLT LTLLLLLLLL LLYTIIIMSK QTKKNTTPQQ QDHISSRRRI RDSSKQVTTT ILVPIVVWSF Y
GNM15024                        -AAFHADDEA EEEESAERTT ADGGGLGDHY EMVVILLAKI VNPGKKKKHK RREH-LLSLT LTLLLLLLLL LLGVIIIMSK QTKRNDTPQQ QEHIRSRRRV KDSSTTVTTT VFVPIVPWAF Y
GNM14980                        -AAFHADDEA EEEESAERTT ADGGGLGDHY EMVVILLAKI VNPGKKKKHK RREH-LLSLT LTLLLLLLLL LLGVIIIMSK QTKRNDTPQQ QEHIRSRRRV KDSSTTVTTT VFVPIVPWAF Y
GNM15000                        -AAFHADDEA EEEESAERTT ADGGGLGDHY EMVVILLAKI VNPGKKKKHK RREH-LLSLT LTLLLLLLLL LLGVIIIMSK QTKRNDTPQQ QEHIRSRRRV KDSSTTVTTT VFVPIVPWAF Y
GNM15001                        -AAFHADDEA EEEESAERTT ADGGGLGDHY EMVVILLAKI VNPGKKKKHK RREH-LLSLT LTLLLLLLLL LLGVIIIMSK QTKRSDTPQQ QEHIRSRRRV KDSSTTVTTT VFVPIVPWAF Y
GNM11003                        -AAARAQDGA EEEEEQEKKF ADGGGGGNHY IIIFIVLLRI VEKGKKKLHK KRDD-VLLLI ILLLLLLLLL LQLLQIMAGE QNSKGTTPMQ QHHSRKRRRK RDGRPTVTTT IYVIIVEWYY Y
GNM11023                        PAAAEAKDGV EEEEENSRRY GKGGGGANHY LVVFIAMLRI VERGKKKKHK KRED-IVLLL LLLLLILLLL LRLIVIMASE QNERGTDPRQ QRHSRSRRRR AEGRSNVTTT VYVIIVAWYY Y
GNM11055                        -AAAQFDDGA ELEEEEAKKY ASGGIGDNHK IIIYILVFRI VEQGKRQRHR RRES-LFKLI LLLVILLLLL LMLLTMMADQ QNKKNTTPVQ QKRSRKRRRK KDSRTSTTTN IFVIVVVWNY F
GNM11146                        IAAARAADGI ELEEEDEREY SDGGGGNNHH LKVIILILRI VTKGKRKLHR KRNG-LVGLL LLLLLLILLL LLMIRLMSER ENDSARPPRQ QSHSVRKRRR ASGRPDVTSA IFVIIVVWFY Y
GNM11220                        -AAARHDEDA EEEDNEEREY ASGGGGKSHY QLVIILMLVI VDKGKKMKHK RRGT-LIMLL LYLLLLLLLL LLLLRLMASR QNGRDRTPIQ QIAVRKRRRA ADSSKTVTTT IYVIVVIWRY Y
GNM11222                        -AAAKADDGA EEEEEEERQY GSGGGGGNHY ILVYILLLRI IEKGKKVRHR RRGA-VFQLM LLLLLLLLLL LLLVEQMTSK QNGRDTTPIQ QDTSARRRRK VEGTKRVTTA IYVVVVVWQY Y
GNM11223                        -AAAKYDDDA EEEEEEERDF GSGKGGGNHH MLVFVIILRI VEAGKRKRHR RRST-LIQLL LILLILLLLL LLLLQIYASK QNNKDFTPIQ QSRSRKRRRG KDSSLSTTST IYVIIVVWKY Y
GNM11224                        -AAAKYDDGA EEEEEEERQF GSGKGGGNHY MLVFVIMLRI VEAGKRKRHR RRST-LIQLL LILLILLLLL LLLLQLYASK QNRKDFTPIQ QSRSRKRRRG RDGSLSTTST IYVIIVVWKY Y
GNM11225                        -ASARHSDGA EEEEEEEREF GDGGGGDDHH QLVFILLLKI VERGKKKRHR RRSE-LIKLI LLLLILLLLL LLLLQILASR QNEKDFVPIQ QSGSRKRRRK LDSSPTTTTT IYVVIVVWKY Y
GNM11358                        -AALQADDNS EEEEESERSM SSGGGSGGHY ELVIIIVLKV IETGKKKKHK RREL-LIQLL LVLLLLLLLL ILNVQILSAY QNNRNNSPQQ QSNLRYRRRK KDGARKVTST VVIPLVIWSY Y
GNM11360                        -AAFHADDDS EEEESNERTT AKGGGLGEHY EMVVILLAKI VNPGKKKKHK RREH-LLNLI LTLLLLLLLL LLGVILIMSK QSKRNNTPQQ QEHIRSRRRL KDSSTQITTT VFVPIVVWSF Y
GNM11362                        -AAAQADDDA EEEEEEERNF ADGGGGGNHL ELVIILVMCV VHVRKKKKHK RRGT-LLKLW LILLLLLLLL LLLVEMLMDE QNRRNDTPRQ QQKRRSRRRR RDGSQKVTTS ILVPIVVWSY Y
GNM11367                        -AAFRSNDDA EEEEAKERTF ADGGGFGTHY EMVLILVAVV IEPGKKKKHK RKDR-LLSLV LTFLLLLLLL LLFVIIILSK QTHRNNTPQQ QDHRRSRRRI EDSSKESTTT ILVPIVIWSF Y
GNM11377                        -AATQADDNA EEEEEEERSM AAGGGMGGHS ELIVIMMVKV IEKGKKRKHK RRDL-LLKLI LILLLLLLLL LLGVRIISAY QNNRGNTPQQ QANRRFRRRT KDGAKKSTST VLVAIVVWSY Y
GNM11380                        -AAIHADDES EEEESEERTQ ADGGGEGNHY EMVIILLIVV VTPGKKKKHK RKEH-LFQLT LVLLLLLLLL LLSVIFVMSH LNKRNTTPQQ QENVRSRRRV KDSSKKVTST VLIPIVVWVF Y
GNM11383                        -AAFRANDDA DEEEDEERTQ ASGGGFGDHY EMVVILLAVI INPGKKKKHR RKKE-LLGLT LTLLLLLLLL LLTVVIITSN QNKRNTTPQQ QEHVRSRRRI KDSSNEVTTT ILVPIVIWVY Y
GNM11491                        -AAFHADDDA EEEEGKERTM AGGGGLSDHY ELVVILLAVI VNPGKSKKHK RREK-LLDLT LTLLLLLLLL LLGVVIITSR QTRRNTSPQQ QENIRSRRRV KDSSYQVTTT VLVPIVVWAF Y
GNM11804                        -AAAQFDDGA EEEEEEARKY ASGGIGANHK IIIYILILRI VEQGKNMRHR RRDD-LFLLI LLLIVLLLLL LRLLQIIAEP QNKKNTTPAQ QKRSRKRRRK KDSRETVTTA IYVIIVVWNY Y
GNM11805                        -AAAEANDDA EQEEDEFKKY ADGSANGGHK ILIYILVLII VEQGKTLKHQ RKGT-LISQA LVLLLLLLLL LRMLLLLKTQ QNKSATTPQQ QSAIHKRRRK QDSSLNTTTA IYVMVVIWDY I
GNM12883                        -AATQADDNA EEEEEEERSM ASGGGVGGHY ELIIIVMIKV VEKGKKKRHK RRGL-LLQLL LVLLLLLLLL LLSVRILSAY QNNRNNTPQQ QANIRFRRRA KDGARKSTST VLVPIVVWNY Y
GNM12886                        -AAIQADDNA EEEEEEERSM APGGGSGEHY ELIIIVMLKV VEKRKKKKHK RREL-LLQLL LILLLLLLLL LLGARILSAY QNNRNNTPQQ QANIRFRRRT KDGARKSTST VLVPIVIWNY Y
GNM12892                        -AATQADDDA EEEEEEERSM SQGGGSGSHH ELIFIVLVIV VENGKKKKHK RREL-LLLLL LTLLLLLLLL LLGVRILSAY QNKRNNSPQQ QANLRSRRRR RDGAKKVTST VLVPIVIWNY Y
GNM12895                        -AAAQSTDDA DEEEEEERTV APGGGGHSHW ELVIVLVAII VETGKKKKHR RRDS-LLELL LILLLLLLLL LLFVDIMTTQ QNNRNNTPQQ QIKIRSRRRY MDGSKTVSTT VIVPIVIWRF Y
GNM13060                        -AAAAADDDE EEEEEEEEEY GNGGGGGGHH IIIIIIVIIV IKKKKKKKKK KKKRLLLLLL LLLLLLLLLL LLLLTMMIAL NNSNNNNPQQ QQRKRRRRRR RSSSSTVTTT VVVVVVVWYY Y
GNM13061                        -AAASADDGE EEEEEEEENW RGGGGGNGHY TIIVIIILII VQKKKKKKKK RKKSLLLSLI LILLLLLLLL LLILALMAME QNSNNNNPQQ QERRRRRRRR QSGSSKSTTT VLVVIVVWYY Y
GNM13062                        -AAAQSDDDA EDEEAEEKTF AGGGGGGEHL QLIVILLLII IEKGKLKRHK RRTA-LMTLE LLLLLLLLLL LLMIKMKSTY HNDSSTTPQQ QQKVRSRRRR EDGSGTVSST ILVPIVVWKY Y
GNM11032                        -AAAAADNGA EEEEEEEREY VDGGGGGDHH VIVYILVLII IRRKKRKRKR RRGS-AIKFL LLLLLLLLLL LLLVAIIEDQ QNDKQSDPIQ QEKARKRRRR RYGRQTTTTS ILVIVVVWYY Y
GNM11363                        -AAAQADDDA EEEEEEERNF ADGGGGGNHL ELVIILVMCV VHVRKKKKHK RRGT-LLKLW LILLLLLLLL LLLVEMLMDE QNRRNDTPRQ QQKRRSRRRR RDGSQKVTTS ILVPIVVWSY Y
GNM11375                        -AAFHADDEA EEEESSERTT ADGGGFGGHY EMVVILLAKI VNPGKKKKHK RRAH-LLSLT LTLLLLLLLL LLGVIIIMSK QTQRNDTPQQ QEHIRSRRRV KDSSTNITTT VFVPIVAWAF Y
GNM11381                        -AALRANDDA DEEEDDEKNQ ANGGGFGDHY EMVVILLAVI INPGKKKKHR RKKQ-LLSLT LTLLLLLLLL LLTVIIITSN QNKRNTTPQQ QEHVRSRRRV KDSSTAVTTT ILVPIVVWAY Y
GNM11382                        -AAFRSDDDA DEEEAEERTQ AQGGGFDNHY EMVVILLAII INPGKKKKHK RKKH-LLELI LTLLLLLLLL LLSVILIMSN QNKRNDTPQQ QEHIRSRRRI KDSSSNTTTT ILVPIVIWVY Y
GNM11799                        -AAFQTDDDS EEEESQEKTQ AAGGGLGNHY EIVVILLAVI VTPGKKKKHK RKER-LLKLI LILLLLLLLL LLYVVIIMSK QTQRNTTPQQ QDLISSRRRT KDSSKQVTTT ILVPIVVWSF Y
GNM11841                        -AAAQADDDD EVEEEESRRY GSGGGGDQHE ELVYVLIFRI VTEGKNKRHR EKAG-LVSLT LLLFILLLLL LAYLEVYVKN QNAGSTQPEQ QDRRARRRRT EDGREDVTTS IFVPLVVWKY M
GNM11931                        -AAAQADDGE EEEEEEGRRY GNGGSGDEHG EVVYLLLFRV VTEGKNERHR EKSA-LVTLT LLLFILLLLL LSLLEVITRD QNADSTRPEQ QERESRRRRV SDSRPESTTS VFVMVVVWQY Y
GNM12040                        -AAAQTDSGD EEEAEAGRRY GNGGGGNDHK ELVYILLFRI VSEEKSQRHR EKTA-IIAIM LLLFILLLLL LGLLEIYTRD QNDEGTDPEQ QQRRARRRRE LKSREDVTTS IFVPVVVWRY K
GNM12071                        -AAAQADSGD EDEEEDGRRY GGGGSGDNHQ EVVMILLFRI VTAGKSQRHR EKDA-ILALK FLLFILLLLL LSFLEVITRD QNASSTDPEQ QERRARRRRV AASRDDVTSS IFATVVVWRY V
GNM12125                        -AAAELHDGA EEEEEEEERY ADGGGGANHY LLVFVAVLKI IEKGKRKKHK RRDD-LFLLL LLLLVLLLLL LLLLAILASE ENAYNRTPRQ QRHSRRRRRK EDGRKTVTTT IYVIIVAWNY Y
GNM12126                        -AAAAADDGA EEEEEEEDEY AEGGGGNNHY MLVYILMLRI VRKGKKKIHK RRDG-LLLLI ILLLLLLLLL LMLVAVLAEK HNKRSTTPRQ QEHSRRRRRR EDGRRTTTSA VYVIIVVWYY Y
GNM12128                        -AAAQAANGV EEEEDEFNNW SPGGGGKNHH LVIIILVLRI VEKGKKKIHK RRDD-IIYLL LLLLILLLLL LMLLQLLASE QNRKGTDPRQ QEHSRKKRRI QDGRPSVTTT IFVIIVVWYY Y
GNM12182                        -AAARASDGS EEEEEEEKDH ADGGGGGQHY ILIYIVMLKI IEKGKRKLHR KRDD-ILSLI IILLLLLLLL LQLLQILASK QNGGGTTPMQ QSHSRKRRRR RDGTKEVTTT IFVIVVEWYY Y
GNM12342                        -AAAEADDGP EEEEEEAKKF SDGGRGNNHR IFVYILCLVI VEVGKRKKHR RRES-LIKIM VLLLILLLLL LKLLQLYARE QRNKSTTPQQ QRRARVRRRV EDSRTTVTTT IYVPVVVWKY Y
GNM12346                        -AAAAHDEGA EESEEEATKY GDGGKGNDHK DVVYLLVFKI IDQGKNKKHR KRSS-LIMLL VLLIILLLLM LTFLNILSAS QNKKATKPNQ QESVRKRRRK DDGRLKVTSS IYIILVVWQY Y
GNM12351                        -AAALSADGS EQEEESARKH AMGSKGDDHR VLVFVLVFRI VEDGKRLKHR RREE-IINLM LLLLILLLLL LVLLQQFARE QNTRGTNPDQ QSGVKKRRRR EDGRTQTTTS IYVAIVTWIY M
GNM12356                        -AAAEMSDGA EEEEEEARKF SDGGNGNDHK RFVFILSFKI IEVGKNKKHR KSVS-LIAIL ILLLILLLLL LRLLQLYAKE QNGTSNTPQQ QQRAKIRRRL EDSRPNVTTT IYVPVVLWNY Y
GNM12357                        -AAAEMSDGP EEENESARKY SDGAQGNEHK QFVYILSFRI VEVGKKKKHR KVAE-LIAIL LILLILLLLL LKLLQIYAKE QNNNSTTPQQ QSRAKVRRRV EHARSNVTTT IYVAVVIWKY Y
GNM12366                        -AAAEMSDGP EEENEQARKY SNGAHGNEHK QFIYILSLRI VEVGKKKKHR KVSG-LIAIL LILLILLLLL LRLLQLYAKE QNNNSTTPQQ QKRSRVRRRV EHSRSNVTTT IYVAVVIWKY Y
GNM12373                        -AAATADDGA EEEEEPRRTY AAGGIGNDHK VVIHILALRI VEDGKRKRHR RRAM-MIGLM ILLLLLVLLL LRLLEIYAEV QNGKSSAPGQ QSSVQTRRRI RNSRSKTTSE IYVPIVVWQY Y
GNM12385                        -AAAQAQGGA EEEEDERRDL AAGGIGKNHK VVVYILIFRI VEDGKRRKHR RRAS-VQEVR LLLLLLLLLL LKFVQLYAER QNNKATDPGQ QDAIRHRRRR KDGREKTTSS IYVPIVVWYY Y
GNM12551                        -AAAQHDDDA EEEEEERDKY AEGGRGGEHL QFIWVLMLII VEERKKKRHR KRED-LVEML LLLLILLLLL LRLLAILAEK QRRRRTTPRQ QYEVRKRKRR EDSKSTVTTT VYVPIVVWYY Y
GNM12554                        -AAAQAADGA EEEEEPKREY ATGGIGGDHK HIVYILVLRI VPSGKRKKHR RRGS-IQTLL VLLLLLLLLL MTLLELAAER QNSKATDPAQ QEKVRHRRRR KNGRTKTTSS VYVPIVVWQY Y
GNM12592                        -GAAEADDGA EDEEEDARTY AMGGKGAGHR IIIYILIFRI VTAGKNQKHR RRGD-LITLL LLLVILLLLL LVLLAQFQME QNNKSTDPVQ QNRVQRRRRR EASRKKTTTS IYVIVVIWSY Y
GNM12596                        -AAAAANDGA EDEEESSRAL AMGGKGNDHI MLIYILVFKI AEEGKRLKHR KREG-IIHLL VLLIILLLLL LVLIEQYAKQ QNSMSTNPEQ QTSIRKRRRK QDGRSKTTTS IYVVIVTWIY M
GNM12602                        -AAAAANDGA EDEEESSRAL AMGGKGNDHV TLIYILVFKI AEEGKRLKHR RREG-IIHLL VLLIILLLLL LVLIEQYARQ QNAMSTDPEQ QSSVRKRRRK QDGRSKTTTS IYVVIVTWIY M
GNM12665                        -AAAAANDGA EDEEEASRAL AMGGKGNDHI MLIYILVFKI AEEGKRLKHR KREG-VIHLL VLLIILLLLL LVLIEQYAKQ QNSMSTNPEQ QASIRKRRRK QDGRSKTTTS IYVVIVTWIY M
GNM12745                        -AASEADEGA EDEERPERKF GEGGNGNNHK RLVYIVAFKI IEKGKHRKHK KKAD-LINLL ILLLFLILLL LNLIELATIR ENDRDNKPDL QERAKHRRRK KEGKENVSTS VFVALVVWVY H
GNM12749                        -AAAKAQDGA EEEQDEKREY AEGGIGGNHK AIVYILVFRI VEDGKRRIHR RRKS-IQEIT VLLLMLILLL LTFLEQSAER QNGKATDPAQ QEKIRSRRRA KDGRSKTTSG IYVPIVVWQY Y
GNM12758                        -AAAEADEGA EEEERERRKH GDGGAGDGHK MLVYIVVMKI IEEGKRRKHK KKGG-LVKLI VLLLILLLLL LNLLQLTAYR ENGRDDKPDQ QERARHRRRR EDGRKTITTT VFVVLVVWVY Y
GNM12763                        -AAAEADRGA EEEERKSKKY GDGGKGDDHK MMIYIVVMRI VEKGKRKKHE KKED-LVKFI ILLLLLLLLL LKLLQMLAKK QNKRDREPEQ QERSTHRRRR EDGRKTVTTT IFVIIVVWWY H
GNM12766                        -AAAEADDGP EEEEEEARKF SDGGRGNNHK KFVYILCLKI VEQGKRKKHR RVDD-LITIM VLLLILLLLL LHLLQIYARE QNNNATTPQQ QRRARVRRRV EDSRTTVTTT IYVIVVIWKY Y
GNM12841                        -AAGQADDGD EEEEEDGRRY GGGGSGNEHQ ELIYILLFRV VTSGKNKRHR EVAE-LIEIK LLLFVLLLLL LGLLEVITRD QNADSSSPEQ QERAARRRRV ADSRDDATTS IFAPVVVWKY Y
GNM12849                        -AAFHADDDS EEEESNERTT AKGGGFGEHY EMVVILLAKI VNPGKKKKHR RREH-LLNLI LTLLLLLLLL LLGVIIIMSK QSKRNDTPQQ QDHIRSRRRL KDSSTQITTT VFVPIVVWSF Y
GNM12869                        -AAFHADDEA EEEESSERTT ANGGGLGDHY EMVVILLAKI VNPGKKKKHK RREH-LLSLT LTLLLLLLLL LLGVIIIMSK QTKRNDTPQQ QEHIRSRRRV KDSSTTITTT VFVPIVAWAF Y
GNM12896                        -AAIHADDES EEEESEERTQ ADGGGEGNHY EMVIILLIVV VTPGKKKKHK RKEC-LFQLT LVLLLLLLLL LLSVIIVMSH LNKRNTTPQQ QENVRSRRRV KDSSKKVTST VLIPIVVWAF Y
GNM12897                        -AAIHADDDS EEEESEERTQ ADGGGEGNHY EMVIILLIIV VTPGKKKKHK RKEH-LFQLT LVLLLLLLLL LLSVIFVMSH LNKRNTTPQQ QENIRSRRRV KDSSKKVTST VLIPIVVWAF Y
GNM12902                        -AAAQADDDA EMEEEEFRKY ADGNINNNHK IIVFILLFVI VEQGKLKRHK RKST-LISQM LLLLLLLLLL LRLLLLLKTQ QNGNSTTPQQ EATIRKRRRK QDSTENTTTT IYVMVVIWSY F
GNM12903                        PAAARAADGV ELEEEDEKEY SDGGGGANHH RKIIILMLRV VRMGKKMLHR KRES-LIKLL LLLFFLLLLL LLLIPIMASQ HNEWSTQPRQ QERSRKTRRR LRGKPDVTSA ILVIVVVWYY F
GNM12906                        PAAARAADGV ELEEEDEKEY SDGGGGENHY RKIIILMLRI VRMGKKMLHR RRET-LIKLL LLLFFLLLLL LLLIPIAASQ HNEWSTPPRQ QERSRKTRRR LRGKPDVTSA ILVIIVVWYY F
GNM12907                        PAAARAADGV ELEEEDEKEF SDGGGGANHH RKIIILMLRV VRVGKKMLHR KRET-LIKLL LLLFFLLLLL LLLIPLMLAQ HNEWSTPPRQ QERSRKVRRR LRGKPDVTSA VIVIVVVWYY F
GNM12909                        PAAARAADGV ELEEEDEKEY SDGGGGANHY HKIIILVLRV VRLGKKKLHR KRDT-LIKLL LLLFFLLLLL LLLIPIMASQ HNEWSTPPRQ QERSRKVRRR LRGKPDVTSA VLVIVVVWYY F
GNM12915                        -AAAEHDDGA EEEEEERRKY ADEGDGNDHR QLVFILMLII IEEGKRKKHK KKET-LITLL LLLLLLLLLL LRLLQILERV QNANSRVPRQ QRRSQRRRRK EDSKLTVTTT IYVMVVIWKY Y
GNM10046                        -AAAEHDDGA EEEEEERRKY ADEGDGNDHR QLVFILMLII IEEGKRKKHK KKET-LITLL LLLLLLLLLL LRLLQILERV QNANSRVPRQ QRRSQRRRRK EDSKLTVTTT IYVMVVIWKY Y
GNM12918                        -AAAEHDDGA EEEEEERRKY ADEGDGNDHR QLVFILMLII IEEGKRKKHK KKET-LIKLL LLLLLLLLLL LRLLQILERV QNSNSRVPRQ QRRSQRRRRK EDSKLTVTTT IYVMVVVWKY Y
GNM12931                        -AAAQADEGA EEEEEEERTY ADGGGGANHY ILVFVVLLRI IEKGKRKRHK RRED-LLLLI LLLLLLLLLL LLLLAILASK HNNKGTSPQQ QQHSRRRRRR ADGRSTITTT IYVIIVVWYY Y
GNM12938                        -AAAQANDGS EEEEEDERKY ADGGGGSNHY MIIFIIILKI VEKGKRKIHK KRGD-LYLLV ILLLILLLLL LQLLQIMASI QNQNSTTPQQ QKHSRKRRRR RDGRLTTTTT IYVIIVEWYY Y
GNM12996                        -AAAQADDGA EEEEEEEKKY ANGGGGNTHY IVIFIILLRI VQKGKNKIHK RRDD-VLLLI ILLLLLLLLL LQLLQIMASE QNGKSTTPQQ QYHSKKRRRV RDGRNTITTS IYVTVVEWLY Y
GNM13018                        -AASQADDGA EEEEEEEKKY ANGGGGNTHY IVIFIILLRI VQKGKNKIHK RRDD-VLLLI ILLLLLLLLL LQLLQIMASE QNGKSTTPQQ QYHSKKRRRV RDGRNTTTTS IYVIVVEWLY Y
GNM13027                        -AAAQANDGA EEEEEDERKY ADGGGGGNHY IIIFIIILRI VEKGKRKLHK RRGD-LYLLI LLLLILLLLL LQLIQIMASV QNQKGTTPQQ QKHSRKRRRR RDGRMNVTTT IFVIIVEWYY Y
GNM13046                        -AAFHADDDS EEEESEEKTQ ANGGGFGSHY EMVLILLAII VTPGKKKKHK RKNH-LLQLS LTLLLLLLLL LLSVIVVMSK QTKRNSTPQQ QEHVRSRRRM KDSSGQVTTT VLVPIVVWSF Y
GNM13053                        --AA--NDDA -E-EDEER-K AP-G-GRAHH -LI-V--IVI IETG-PK-HN --ER-LLTLL --LLILL-LL L-LIKMKKE- K-K-GTTP-Q Q--IRS-RRN SDG-MTTST- VVVIVVV-S- Y
GNM13074                        -AAAEHDDGA EEEEEERRKY ADAGKGNNHK QLVFILMLII IEQGKRKKHK KKET-LIGLL LLLLLLLLLL LRLLQLLERV QNQESRVPRQ QRRSQRRRRR EDSKLTVTTT IYVIVVIWTY Y
GNM10010                        -AAAEHDDGA EEEEEARRKY ADAGRGNDHR QLVFILKLII IEQGKRKRHK KKET-LVTLL LLLLLLLLLL LRLLQLLERV QNQESRAPRQ QRRSQRRRRR EDGKLTVTTT IYVIVVVWHY Y
GNM10014                        -AAAEHDDGA EEEEEARRNY ADAGRGNDHK QLVFILKLVI IEQGKRKRHR KKET-LVTLL LLLLLLLLLL LRLLQILERV QNQESRVPRQ QRRSQRRRRR EDGKLTVTTT IYVMVVVWYY Y
GNM13090                        -AAAEHDDGA EEEEDARRKF ADAGKGNDHR QLVFILMLII IEAGKRKRHK KKET-LVTLL LLLLLLLLLL LRLLQILERV QNQESRVPRQ QRRSQRRRRK EDGKLTVTTT IYVIVVVWNY Y
GNM13118                        -AAAKADDSA EEEEEEEKEY ANGGGGNDHR LVVIILVLRI VRKGKTKIHR RRDS-LVFLL LLLLLLLLLL LMLLPIMAKQ HNSESRSPKQ QEASRRRRRR LDGRSTTTTS IYVIVVVWYY Y
GNM13126                        -AAAESNDGA EDEEDELRKF ADGKVNANHR LIVIILVLRI VEEGKIKRHR KKKA-LITRL IILMLLLLLL LNLLRIYSDK QNKSSTTPQQ QESVRRRRRA QDGSETTTSA IYVVVVVWNY M
GNM13128                        -AAAESNDGA EYEEDDLRKF ADGKVNNKHK MIVIILLLRI VEEGKLKRHK RKQA-LITRL IILMILLLLL LNLLRIYTYK QNKSSTTPQQ QESVRRRRRA QDGSETTTSA IYVEVVVWSY M
GNM13208                        VAAARAADGI ELEEDDEKEY SDGGGGNNHY LKVIILMLRI MRLGKKKKHR RREG-LIKLL LLLFFLLLLL LLLIPILASQ ENEHSRPPRQ QERSRRVRRR LRGKPDTTTS IYVIIVVWYY F
GNM13210                        -AAASADEGS EEEEEEGKQY GPGGGGAGHY MIAFVILLRI IEKGKNKRHK KRED-LLLLI LLLLLLLLLL LTLLIILASK QNSYNTRPRQ QYHSRKRRRV EDGRSKVTTS IYVIVVVWVY Y
GNM12773                        -ASAKQDDNA EKEEEQEKQF SEGGGGATHF ELVFILLLRI VENGKRKRHR HRQT-LLQII LLLLVLLLLL LLLLEIMTSK QNLKDTVPIQ QEGVRRRRRK MNGSPSTTTT IYVIIVIWKY Y
GNM12769                        -AASRYDDDA EDEEEEEREF GAGGGGSNHH KLITILLLII VRNGKKLRNR RRLK-ILNLL LLLFMLLLLL LTLLDVLESA QNKQDRIPIQ QAGVRKRRRR IDGSKNTTTT IYVIVVIWSY Y
GNM12768                        -AAAHHEDNA EEEEEEELDF AQGNGEGNHQ ALVYIVVLRI IQKGKRKRHR RRDH-LIDLI LLLLVLLLLL LLLIQLISQR QNHQDTDPLQ QTTSRKRRRR LDSSPSVTTH IYVPIVVWTY Y



    1    1    1    1    1    1    1    1    1    1    1    1    1    1    1
    1    1    1    1    1    1    1    1    1    1    1    1    1    1    1
    1    1    1    1    1    1    1    1    1    1    1    1    1    1    1
    1    1    1    1    1    1    1    1    1    1    1    1    1    1    1
    1    1    1    1    1    1    1    1    1    1    1    1    1    1    1
    1    1    1    1    1    1    1    1    1    1    1    1    1    1    1
    1    1    1    1    1    1    1    1    3    1    1    1    1    1    1
    1    1    1    1    1    1    1    1    1    1    1    1    1    1    1
    1

AAML (in paml version 4.9h, March 2018)  tmp0018.txt
Model: Empirical,  (../wag.dat) dGamma (ncatG=4) ns = 148  ls = 123


Frequencies..
                                    A      R      N      D      C      Q      E      G      H      I      L      K      M      F      P      S      T      W      Y      V
GNM13746                       0.04098 0.09016 0.05738 0.02459 0.00000 0.03279 0.08197 0.06557 0.01639 0.09016 0.16393 0.10656 0.04918 0.00820 0.00820 0.02459 0.04918 0.00820 0.02459 0.05738
GNM13538                       0.04959 0.10744 0.01653 0.02479 0.00000 0.02479 0.09917 0.06612 0.00826 0.08264 0.15702 0.08264 0.01653 0.00000 0.01653 0.09917 0.03306 0.01653 0.04132 0.05785
GNM13671                       0.06612 0.11570 0.04959 0.02479 0.00000 0.05785 0.08264 0.04959 0.03306 0.08264 0.14050 0.07438 0.01653 0.01653 0.00826 0.03306 0.02479 0.00826 0.04959 0.06612
GNM13876                       0.06612 0.14050 0.01653 0.02479 0.00000 0.03306 0.09091 0.08264 0.02479 0.04959 0.16529 0.08264 0.00826 0.03306 0.00826 0.02479 0.05785 0.00826 0.02479 0.05785
GNM13680                       0.07438 0.09917 0.04959 0.02479 0.00000 0.04959 0.08264 0.06612 0.01653 0.05785 0.15702 0.07438 0.02479 0.00826 0.02479 0.04959 0.04132 0.00826 0.03306 0.05785
GNM14837                       0.06612 0.08264 0.04132 0.04959 0.00000 0.03306 0.06612 0.04959 0.04132 0.04959 0.14050 0.07438 0.01653 0.03306 0.02479 0.05785 0.07438 0.00826 0.01653 0.07438
GNM14249                       0.07438 0.08264 0.02479 0.04132 0.00000 0.03306 0.08264 0.04959 0.04132 0.05785 0.14050 0.07438 0.01653 0.02479 0.02479 0.04959 0.08264 0.00826 0.01653 0.07438
GNM13928                       0.06612 0.08264 0.04132 0.04959 0.00000 0.03306 0.05785 0.04959 0.04132 0.05785 0.14050 0.06612 0.01653 0.02479 0.02479 0.05785 0.09091 0.00826 0.01653 0.07438
GNM13297                       0.04959 0.10744 0.01653 0.02479 0.00000 0.02479 0.09917 0.06612 0.00826 0.08264 0.15702 0.08264 0.01653 0.00000 0.01653 0.09917 0.03306 0.01653 0.04132 0.05785
GNM14865                       0.08264 0.14050 0.01653 0.06612 0.00000 0.06612 0.09091 0.05785 0.01653 0.03306 0.11570 0.03306 0.01653 0.03306 0.01653 0.04132 0.06612 0.00826 0.02479 0.07438
GNM13455                       0.04132 0.08264 0.04132 0.03306 0.00000 0.04132 0.07438 0.04959 0.04132 0.06612 0.15702 0.08264 0.01653 0.02479 0.02479 0.06612 0.06612 0.00826 0.01653 0.06612
GNM14938                       0.07438 0.14050 0.02479 0.03306 0.00000 0.03306 0.09091 0.05785 0.02479 0.09091 0.16529 0.06612 0.00000 0.00826 0.00826 0.01653 0.04132 0.00826 0.04959 0.06612
GNM14483                       0.04959 0.07438 0.00826 0.04132 0.00000 0.04132 0.07438 0.07438 0.04132 0.04959 0.18182 0.08264 0.01653 0.01653 0.01653 0.06612 0.07438 0.00826 0.01653 0.06612
GNM14872                       0.08264 0.10744 0.04132 0.03306 0.00000 0.04132 0.07438 0.07438 0.01653 0.07438 0.14050 0.08264 0.03306 0.00826 0.00826 0.04959 0.04132 0.00826 0.02479 0.05785
GNM13855                       0.04959 0.09091 0.06612 0.02479 0.00000 0.04959 0.08264 0.04959 0.01653 0.07438 0.17355 0.07438 0.00826 0.00000 0.01653 0.06612 0.04132 0.00826 0.04132 0.06612
GNM14445                       0.05785 0.13223 0.02479 0.02479 0.00000 0.03306 0.07438 0.06612 0.01653 0.06612 0.17355 0.06612 0.00826 0.00826 0.00826 0.09091 0.05785 0.01653 0.00826 0.06612
GNM14404                       0.05785 0.11570 0.00826 0.07438 0.00000 0.03306 0.07438 0.05785 0.02479 0.09091 0.16529 0.07438 0.04132 0.00826 0.00826 0.01653 0.03306 0.00826 0.04959 0.05785
GNM14545                       0.05785 0.11570 0.00826 0.07438 0.00000 0.03306 0.07438 0.05785 0.02479 0.09091 0.16529 0.07438 0.04132 0.00826 0.00826 0.01653 0.03306 0.00826 0.04959 0.05785
GNM14366                       0.05785 0.09091 0.04132 0.04959 0.00000 0.04132 0.05785 0.04959 0.02479 0.07438 0.14050 0.05785 0.01653 0.01653 0.02479 0.06612 0.08264 0.00826 0.02479 0.07438
GNM14252                       0.07438 0.08264 0.02479 0.04959 0.00000 0.03306 0.07438 0.04959 0.04132 0.05785 0.14050 0.07438 0.01653 0.02479 0.02479 0.04959 0.08264 0.00826 0.01653 0.07438
GNM13760                       0.07438 0.08264 0.02479 0.04959 0.00000 0.04132 0.05785 0.05785 0.04132 0.06612 0.13223 0.06612 0.01653 0.03306 0.02479 0.05785 0.08264 0.00826 0.01653 0.06612
GNM13982                       0.04959 0.09917 0.02479 0.04959 0.00000 0.03306 0.07438 0.04132 0.03306 0.07438 0.14050 0.07438 0.00826 0.04959 0.02479 0.06612 0.06612 0.00826 0.01653 0.06612
GNM13960                       0.04132 0.05785 0.02479 0.04132 0.00000 0.07438 0.06612 0.04132 0.02479 0.07438 0.15702 0.09091 0.01653 0.02479 0.02479 0.06612 0.08264 0.00826 0.01653 0.06612
GNM14633                       0.04959 0.09091 0.02479 0.05785 0.00000 0.03306 0.06612 0.04132 0.03306 0.07438 0.14876 0.08264 0.00826 0.04132 0.02479 0.07438 0.05785 0.00826 0.01653 0.06612
GNM14853                       0.04959 0.09091 0.02479 0.05785 0.00000 0.03306 0.06612 0.04132 0.03306 0.07438 0.14876 0.08264 0.00826 0.04132 0.02479 0.07438 0.05785 0.00826 0.01653 0.06612
GNM14174                       0.04132 0.09917 0.03306 0.02479 0.00000 0.04132 0.09091 0.06612 0.03306 0.09091 0.15702 0.06612 0.01653 0.01653 0.00826 0.04132 0.08264 0.00826 0.02479 0.05785
GNM14055                       0.04132 0.05785 0.03306 0.05785 0.00000 0.04959 0.05785 0.04132 0.03306 0.09091 0.14876 0.09091 0.00826 0.01653 0.02479 0.05785 0.09091 0.00826 0.02479 0.06612
GNM14748                       0.06612 0.08264 0.01653 0.05785 0.00000 0.04959 0.05785 0.04959 0.03306 0.04959 0.14876 0.07438 0.00826 0.02479 0.03306 0.05785 0.07438 0.00826 0.01653 0.09091
GNM14246                       0.07438 0.14050 0.00826 0.05785 0.00000 0.03306 0.07438 0.04959 0.03306 0.03306 0.21488 0.04959 0.00826 0.02479 0.02479 0.06612 0.02479 0.00826 0.03306 0.04132
GNM14640                       0.06667 0.12500 0.01667 0.05000 0.00000 0.05000 0.06667 0.06667 0.04167 0.05000 0.19167 0.05000 0.01667 0.02500 0.00833 0.05833 0.04167 0.00833 0.02500 0.04167
GNM14965                       0.05785 0.10744 0.04132 0.03306 0.00000 0.04959 0.08264 0.05785 0.02479 0.05785 0.18182 0.06612 0.00826 0.00826 0.01653 0.05785 0.04959 0.00826 0.02479 0.06612
GNM13677                       0.06612 0.14876 0.01653 0.02479 0.00000 0.03306 0.09091 0.08264 0.02479 0.05785 0.16529 0.07438 0.00826 0.03306 0.00826 0.02479 0.04959 0.00826 0.02479 0.05785
GNM14339                       0.07438 0.12397 0.03306 0.03306 0.00000 0.02479 0.08264 0.04959 0.02479 0.05785 0.15702 0.06612 0.01653 0.00826 0.00826 0.05785 0.02479 0.00826 0.04959 0.09917
GNM14593                       0.07438 0.12397 0.00826 0.04132 0.00000 0.04959 0.08264 0.04959 0.04132 0.07438 0.13223 0.07438 0.03306 0.00826 0.00826 0.02479 0.04959 0.00826 0.04132 0.07438
GNM13825                       0.08264 0.12397 0.02479 0.04132 0.00000 0.04132 0.08264 0.05785 0.01653 0.07438 0.14876 0.08264 0.00000 0.00826 0.00826 0.01653 0.04132 0.00826 0.04959 0.09091
GNM14768                       0.06612 0.16529 0.01653 0.03306 0.00000 0.04132 0.07438 0.07438 0.03306 0.05785 0.13223 0.04132 0.02479 0.01653 0.00826 0.01653 0.04959 0.00826 0.04959 0.09091
GNM14776                       0.06612 0.16529 0.01653 0.03306 0.00000 0.04132 0.07438 0.07438 0.03306 0.06612 0.13223 0.04132 0.02479 0.01653 0.00826 0.01653 0.04132 0.00826 0.04959 0.09091
GNM14715                       0.06612 0.09091 0.00826 0.03306 0.00000 0.05785 0.07438 0.07438 0.02479 0.03306 0.17355 0.05785 0.01653 0.01653 0.02479 0.05785 0.06612 0.00826 0.01653 0.09917
GNM14639                       0.04132 0.09917 0.02479 0.04132 0.00000 0.04959 0.05785 0.08264 0.01653 0.07438 0.15702 0.07438 0.03306 0.02479 0.01653 0.04959 0.04959 0.01653 0.02479 0.06612
GNM13795                       0.06612 0.08264 0.01653 0.05785 0.00000 0.04959 0.05785 0.04959 0.03306 0.04959 0.14876 0.07438 0.00826 0.02479 0.03306 0.06612 0.07438 0.00826 0.01653 0.08264
GNM14166                       0.05785 0.07438 0.03306 0.04132 0.00000 0.04132 0.08264 0.04132 0.04132 0.05785 0.14050 0.08264 0.01653 0.02479 0.02479 0.05785 0.04959 0.00826 0.01653 0.10744
GNM14450                       0.04959 0.09917 0.03306 0.04959 0.00000 0.04959 0.07438 0.04959 0.02479 0.08264 0.14050 0.04959 0.01653 0.01653 0.02479 0.04959 0.07438 0.01653 0.01653 0.08264
GNM13515                       0.05128 0.06838 0.04274 0.05983 0.00000 0.05128 0.05983 0.04274 0.01709 0.05983 0.14530 0.09402 0.00855 0.02564 0.02564 0.05128 0.05983 0.00855 0.03419 0.09402
GNM13745                       0.04132 0.09917 0.07438 0.03306 0.00000 0.05785 0.06612 0.05785 0.03306 0.10744 0.16529 0.05785 0.00000 0.00000 0.01653 0.07438 0.05785 0.00000 0.01653 0.04132
GNM14030                       0.04959 0.09091 0.06612 0.01653 0.00000 0.07438 0.08264 0.05785 0.03306 0.10744 0.14050 0.05785 0.00826 0.00826 0.01653 0.07438 0.04959 0.00000 0.00826 0.05785
GNM14959                       0.08197 0.13934 0.00820 0.05738 0.00000 0.02459 0.08197 0.05738 0.02459 0.05738 0.15574 0.04918 0.00820 0.02459 0.02459 0.03279 0.04098 0.00820 0.04098 0.08197
GNM13413                       0.07438 0.13223 0.01653 0.04132 0.00000 0.01653 0.08264 0.08264 0.03306 0.08264 0.17355 0.06612 0.00826 0.00000 0.01653 0.02479 0.03306 0.00826 0.04959 0.05785
GNM14990                       0.04959 0.06612 0.02479 0.04132 0.00000 0.07438 0.05785 0.04959 0.01653 0.06612 0.15702 0.09091 0.01653 0.02479 0.02479 0.05785 0.08264 0.00826 0.01653 0.07438
GNM15005                       0.04959 0.06612 0.02479 0.04132 0.00000 0.07438 0.05785 0.04959 0.01653 0.06612 0.15702 0.09091 0.01653 0.02479 0.02479 0.05785 0.08264 0.00826 0.01653 0.07438
GNM15022                       0.04132 0.06612 0.02479 0.04132 0.00000 0.07438 0.06612 0.04132 0.01653 0.06612 0.15702 0.09091 0.01653 0.02479 0.02479 0.06612 0.08264 0.00826 0.01653 0.07438
GNM14999                       0.04959 0.06612 0.00826 0.05785 0.00000 0.06612 0.05785 0.04132 0.02479 0.07438 0.15702 0.08264 0.01653 0.01653 0.02479 0.06612 0.09091 0.00826 0.02479 0.06612
GNM15018                       0.06612 0.08264 0.01653 0.04959 0.00000 0.03306 0.07438 0.04959 0.04132 0.05785 0.14050 0.07438 0.01653 0.02479 0.03306 0.04959 0.09091 0.00826 0.01653 0.07438
GNM15025                       0.04132 0.07438 0.02479 0.05785 0.00000 0.04959 0.04132 0.04132 0.02479 0.10744 0.14876 0.09917 0.00826 0.01653 0.03306 0.06612 0.08264 0.00826 0.02479 0.04959
GNM15024                       0.06612 0.08264 0.01653 0.04959 0.00000 0.03306 0.07438 0.04959 0.04132 0.05785 0.14050 0.07438 0.01653 0.02479 0.03306 0.04959 0.09091 0.00826 0.01653 0.07438
GNM14980                       0.06612 0.08264 0.01653 0.04959 0.00000 0.03306 0.07438 0.04959 0.04132 0.05785 0.14050 0.07438 0.01653 0.02479 0.03306 0.04959 0.09091 0.00826 0.01653 0.07438
GNM15000                       0.06612 0.08264 0.01653 0.04959 0.00000 0.03306 0.07438 0.04959 0.04132 0.05785 0.14050 0.07438 0.01653 0.02479 0.03306 0.04959 0.09091 0.00826 0.01653 0.07438
GNM15001                       0.06612 0.08264 0.00826 0.04959 0.00000 0.03306 0.07438 0.04959 0.04132 0.05785 0.14050 0.07438 0.01653 0.02479 0.03306 0.05785 0.09091 0.00826 0.01653 0.07438
GNM11003                       0.05785 0.09091 0.01653 0.04132 0.00000 0.05785 0.07438 0.08264 0.03306 0.09091 0.14876 0.09091 0.01653 0.01653 0.01653 0.01653 0.04959 0.00826 0.04132 0.04959
GNM11023                       0.07377 0.13934 0.03279 0.02459 0.00000 0.02459 0.09016 0.07377 0.02459 0.06557 0.13115 0.06557 0.01639 0.00820 0.01639 0.04098 0.03279 0.00820 0.04918 0.08197
GNM11055                       0.05785 0.11570 0.04132 0.04132 0.00000 0.05785 0.05785 0.04132 0.01653 0.08264 0.12397 0.09091 0.02479 0.04132 0.00826 0.04132 0.05785 0.00826 0.02479 0.06612
GNM11146                       0.06557 0.13934 0.03279 0.04098 0.00000 0.01639 0.06557 0.07377 0.03279 0.09016 0.16393 0.04918 0.01639 0.01639 0.02459 0.05738 0.01639 0.00820 0.02459 0.06557
GNM11220                       0.07438 0.12397 0.01653 0.04959 0.00000 0.03306 0.05785 0.05785 0.02479 0.07438 0.16529 0.06612 0.03306 0.00000 0.00826 0.04132 0.04959 0.00826 0.04959 0.06612
GNM11222                       0.06612 0.11570 0.01653 0.03306 0.00000 0.05785 0.08264 0.09091 0.01653 0.04959 0.14876 0.05785 0.01653 0.00826 0.00826 0.02479 0.05785 0.00826 0.04959 0.09091
GNM11223                       0.04959 0.11570 0.02479 0.04959 0.00000 0.04132 0.06612 0.05785 0.02479 0.09091 0.14876 0.07438 0.00826 0.02479 0.00826 0.07438 0.04132 0.00826 0.04132 0.04959
GNM11224                       0.04959 0.13223 0.01653 0.03306 0.00000 0.04959 0.06612 0.07438 0.01653 0.07438 0.15702 0.06612 0.01653 0.02479 0.00826 0.06612 0.04132 0.00826 0.04959 0.04959
GNM11225                       0.03306 0.11570 0.00826 0.04959 0.00000 0.04132 0.09091 0.06612 0.03306 0.07438 0.17355 0.07438 0.00000 0.02479 0.01653 0.06612 0.04132 0.00826 0.02479 0.05785
GNM11358                       0.04132 0.09091 0.05785 0.02479 0.00000 0.05785 0.07438 0.05785 0.01653 0.07438 0.16529 0.07438 0.00826 0.00000 0.01653 0.09091 0.02479 0.00826 0.04132 0.07438
GNM11360                       0.04132 0.08264 0.04132 0.03306 0.00000 0.04132 0.07438 0.04959 0.04132 0.06612 0.15702 0.08264 0.01653 0.02479 0.02479 0.06612 0.06612 0.00826 0.01653 0.06612
GNM11362                       0.04959 0.13223 0.03306 0.05785 0.00826 0.04959 0.08264 0.05785 0.02479 0.04132 0.16529 0.06612 0.02479 0.00826 0.01653 0.03306 0.03306 0.01653 0.01653 0.08264
GNM11367                       0.04959 0.09917 0.02479 0.04959 0.00000 0.03306 0.07438 0.04132 0.03306 0.07438 0.14050 0.07438 0.00826 0.04959 0.02479 0.06612 0.06612 0.00826 0.01653 0.06612
GNM11377                       0.08264 0.10744 0.04132 0.03306 0.00000 0.04132 0.07438 0.07438 0.01653 0.06612 0.14050 0.08264 0.03306 0.00826 0.00826 0.04959 0.04132 0.00826 0.02479 0.06612
GNM11380                       0.03306 0.07438 0.03306 0.03306 0.00000 0.04132 0.09091 0.04132 0.04132 0.05785 0.14050 0.08264 0.01653 0.02479 0.02479 0.06612 0.05785 0.00826 0.01653 0.11570
GNM11383                       0.04959 0.09091 0.04959 0.04959 0.00000 0.04132 0.07438 0.04959 0.02479 0.07438 0.14050 0.06612 0.00826 0.01653 0.02479 0.04132 0.08264 0.00826 0.02479 0.08264
GNM11491                       0.05785 0.09917 0.02479 0.04959 0.00000 0.04132 0.06612 0.05785 0.02479 0.04959 0.15702 0.05785 0.00826 0.01653 0.02479 0.05785 0.07438 0.00826 0.02479 0.09917
GNM11804                       0.08264 0.12397 0.04132 0.04132 0.00000 0.04959 0.07438 0.04132 0.01653 0.11570 0.13223 0.07438 0.00826 0.01653 0.01653 0.02479 0.04132 0.00826 0.04132 0.04959
GNM11805                       0.09091 0.05785 0.03306 0.04959 0.00000 0.08264 0.04959 0.04132 0.02479 0.08264 0.16529 0.08264 0.01653 0.00826 0.00826 0.04959 0.06612 0.00826 0.03306 0.04959
GNM12883                       0.07438 0.10744 0.05785 0.02479 0.00000 0.04959 0.07438 0.06612 0.01653 0.05785 0.15702 0.06612 0.01653 0.00826 0.01653 0.04959 0.03306 0.00826 0.03306 0.08264
GNM12886                       0.07438 0.10744 0.05785 0.02479 0.00000 0.04959 0.09091 0.04959 0.01653 0.07438 0.16529 0.07438 0.01653 0.00826 0.02479 0.04132 0.03306 0.00826 0.03306 0.04959
GNM12892                       0.05785 0.10744 0.04959 0.03306 0.00000 0.04959 0.08264 0.05785 0.02479 0.04959 0.18182 0.06612 0.00826 0.00826 0.01653 0.06612 0.03306 0.00826 0.02479 0.07438
GNM12895                       0.04959 0.09917 0.03306 0.04959 0.00000 0.04959 0.07438 0.04959 0.02479 0.08264 0.14050 0.04959 0.01653 0.01653 0.02479 0.04959 0.07438 0.01653 0.01653 0.08264
GNM13060                       0.04918 0.09016 0.05738 0.02459 0.00000 0.03279 0.08197 0.05738 0.01639 0.08197 0.17213 0.10656 0.01639 0.00000 0.00820 0.04098 0.04098 0.00820 0.03279 0.08197
GNM13061                       0.04918 0.09836 0.05738 0.01639 0.00000 0.04918 0.09016 0.06557 0.00820 0.09016 0.15574 0.09016 0.01639 0.00000 0.00820 0.06557 0.03279 0.01639 0.03279 0.05738
GNM13062                       0.05785 0.08264 0.00826 0.04959 0.00000 0.04959 0.07438 0.07438 0.02479 0.06612 0.17355 0.07438 0.02479 0.00826 0.01653 0.06612 0.06612 0.00826 0.02479 0.04959
GNM11032                       0.07438 0.14050 0.01653 0.04959 0.00000 0.04959 0.08264 0.06612 0.01653 0.09091 0.14050 0.06612 0.00000 0.00826 0.00826 0.02479 0.03306 0.00826 0.04959 0.07438
GNM11363                       0.04959 0.13223 0.03306 0.05785 0.00826 0.04959 0.08264 0.05785 0.02479 0.04132 0.16529 0.06612 0.02479 0.00826 0.01653 0.03306 0.03306 0.01653 0.01653 0.08264
GNM11375                       0.07438 0.08264 0.02479 0.04132 0.00000 0.04132 0.06612 0.05785 0.04132 0.06612 0.13223 0.06612 0.01653 0.03306 0.02479 0.05785 0.08264 0.00826 0.01653 0.06612
GNM11381                       0.06612 0.08264 0.05785 0.05785 0.00000 0.04959 0.04959 0.04132 0.02479 0.06612 0.14876 0.07438 0.00826 0.00826 0.02479 0.04132 0.08264 0.00826 0.02479 0.08264
GNM11382                       0.04959 0.08264 0.04959 0.05785 0.00000 0.04959 0.06612 0.03306 0.03306 0.09917 0.14876 0.07438 0.01653 0.01653 0.02479 0.05785 0.05785 0.00826 0.02479 0.04959
GNM11799                       0.04132 0.06612 0.01653 0.04132 0.00000 0.07438 0.05785 0.04132 0.01653 0.08264 0.15702 0.09091 0.00826 0.01653 0.02479 0.06612 0.08264 0.00826 0.02479 0.08264
GNM11841                       0.06612 0.11570 0.02479 0.06612 0.00000 0.04959 0.10744 0.07438 0.01653 0.03306 0.12397 0.04132 0.00826 0.02479 0.01653 0.04132 0.04959 0.00826 0.04132 0.09091
GNM11931                       0.04959 0.12397 0.02479 0.04959 0.00000 0.04132 0.14050 0.06612 0.01653 0.01653 0.13223 0.01653 0.00826 0.02479 0.01653 0.07438 0.05785 0.00826 0.03306 0.09917
GNM12040                       0.06612 0.13223 0.02479 0.05785 0.00000 0.04959 0.10744 0.07438 0.01653 0.06612 0.12397 0.04132 0.00826 0.02479 0.01653 0.04132 0.04959 0.00826 0.03306 0.05785
GNM12071                       0.09917 0.13223 0.01653 0.08264 0.00000 0.04959 0.07438 0.06612 0.01653 0.04959 0.10744 0.02479 0.00826 0.04132 0.00826 0.07438 0.04132 0.00826 0.01653 0.08264
GNM12125                       0.09091 0.12397 0.03306 0.04132 0.00000 0.01653 0.10744 0.05785 0.03306 0.04959 0.18182 0.06612 0.00000 0.01653 0.00826 0.01653 0.04132 0.00826 0.04959 0.05785
GNM12126                       0.08264 0.13223 0.02479 0.04132 0.00000 0.01653 0.09917 0.06612 0.03306 0.05785 0.15702 0.05785 0.02479 0.00000 0.00826 0.02479 0.04132 0.00826 0.05785 0.06612
GNM12128                       0.04959 0.09091 0.04132 0.04132 0.00000 0.04959 0.06612 0.06612 0.03306 0.09917 0.15702 0.07438 0.00826 0.01653 0.02479 0.03306 0.03306 0.01653 0.03306 0.06612
GNM12182                       0.04959 0.09917 0.00826 0.04959 0.00000 0.04959 0.08264 0.09091 0.03306 0.09917 0.14050 0.07438 0.01653 0.00826 0.00826 0.04959 0.04959 0.00826 0.04132 0.04132
GNM12342                       0.05785 0.14050 0.02479 0.03306 0.00826 0.04132 0.09091 0.04132 0.01653 0.05785 0.12397 0.07438 0.00826 0.01653 0.02479 0.03306 0.05785 0.00826 0.04132 0.09917
GNM12346                       0.06612 0.07438 0.04132 0.05785 0.00000 0.04132 0.05785 0.05785 0.02479 0.07438 0.13223 0.11570 0.01653 0.01653 0.00826 0.06612 0.03306 0.00826 0.04132 0.06612
GNM12351                       0.06612 0.13223 0.02479 0.04959 0.00000 0.05785 0.07438 0.05785 0.02479 0.05785 0.14050 0.04959 0.02479 0.02479 0.00826 0.04959 0.05785 0.00826 0.01653 0.07438
GNM12356                       0.06612 0.09091 0.05785 0.03306 0.00000 0.04959 0.08264 0.04959 0.01653 0.07438 0.14050 0.07438 0.00826 0.03306 0.02479 0.05785 0.04132 0.00826 0.03306 0.05785
GNM12357                       0.09091 0.08264 0.04959 0.01653 0.00000 0.05785 0.08264 0.03306 0.02479 0.07438 0.11570 0.09091 0.00826 0.01653 0.01653 0.05785 0.04132 0.00826 0.04959 0.08264
GNM12366                       0.06612 0.09917 0.05785 0.00826 0.00000 0.05785 0.07438 0.04132 0.03306 0.07438 0.13223 0.08264 0.00826 0.00826 0.01653 0.06612 0.04132 0.00826 0.04959 0.07438
GNM12373                       0.09091 0.13223 0.02479 0.03306 0.00000 0.04132 0.07438 0.06612 0.02479 0.08264 0.11570 0.04132 0.02479 0.00000 0.02479 0.05785 0.04132 0.00826 0.04132 0.07438
GNM12385                       0.09091 0.14876 0.02479 0.04959 0.00000 0.05785 0.07438 0.06612 0.02479 0.05785 0.11570 0.06612 0.00000 0.01653 0.01653 0.02479 0.02479 0.00826 0.04959 0.08264
GNM12551                       0.05785 0.14876 0.00000 0.04959 0.00000 0.04132 0.12397 0.03306 0.02479 0.04959 0.14876 0.07438 0.01653 0.00826 0.01653 0.01653 0.04959 0.01653 0.04959 0.07438
GNM12554                       0.09091 0.12397 0.01653 0.02479 0.00000 0.04959 0.07438 0.06612 0.03306 0.04959 0.13223 0.07438 0.00826 0.00000 0.03306 0.04132 0.05785 0.00826 0.04132 0.07438
GNM12592                       0.08264 0.12397 0.03306 0.04959 0.00000 0.05785 0.05785 0.06612 0.01653 0.09091 0.12397 0.04959 0.01653 0.01653 0.00826 0.03306 0.05785 0.00826 0.04132 0.06612
GNM12596                       0.08264 0.09091 0.03306 0.03306 0.00000 0.04959 0.07438 0.05785 0.02479 0.10744 0.12397 0.07438 0.03306 0.00826 0.00826 0.05785 0.04959 0.00826 0.03306 0.04959
GNM12602                       0.09091 0.10744 0.02479 0.04132 0.00000 0.04959 0.07438 0.05785 0.02479 0.09091 0.12397 0.05785 0.02479 0.00826 0.00826 0.05785 0.04959 0.00826 0.03306 0.06612
GNM12665                       0.09917 0.09091 0.03306 0.03306 0.00000 0.04959 0.07438 0.05785 0.02479 0.09917 0.12397 0.07438 0.03306 0.00826 0.00826 0.04959 0.04132 0.00826 0.03306 0.05785
GNM12745                       0.07438 0.09917 0.06612 0.04959 0.00000 0.00826 0.10744 0.05785 0.04132 0.06612 0.13223 0.11570 0.00000 0.03306 0.01653 0.02479 0.01653 0.00826 0.01653 0.06612
GNM12749                       0.09091 0.12397 0.01653 0.04132 0.00000 0.06612 0.09091 0.07438 0.01653 0.09091 0.08264 0.07438 0.00826 0.01653 0.01653 0.04132 0.04132 0.00826 0.04132 0.05785
GNM12758                       0.06612 0.13223 0.01653 0.05785 0.00000 0.02479 0.09917 0.09091 0.03306 0.04959 0.13223 0.09091 0.01653 0.00826 0.00826 0.00000 0.04132 0.00826 0.03306 0.09091
GNM12763                       0.04959 0.11570 0.00826 0.05785 0.00000 0.03306 0.09917 0.05785 0.03306 0.06612 0.11570 0.14050 0.03306 0.01653 0.00826 0.01653 0.04132 0.01653 0.02479 0.06612
GNM12766                       0.06612 0.12397 0.04132 0.04959 0.00826 0.04959 0.08264 0.04132 0.02479 0.07438 0.11570 0.06612 0.00826 0.01653 0.01653 0.01653 0.06612 0.00826 0.04132 0.08264
GNM12841                       0.08264 0.11570 0.02479 0.07438 0.00000 0.04132 0.10744 0.08264 0.01653 0.04959 0.12397 0.03306 0.00000 0.02479 0.01653 0.05785 0.03306 0.00826 0.03306 0.07438
GNM12849                       0.04132 0.09091 0.03306 0.04959 0.00000 0.04132 0.06612 0.04959 0.04132 0.07438 0.14050 0.07438 0.01653 0.03306 0.02479 0.06612 0.06612 0.00826 0.01653 0.06612
GNM12869                       0.06612 0.08264 0.02479 0.04132 0.00000 0.03306 0.07438 0.04959 0.04132 0.06612 0.14050 0.07438 0.01653 0.02479 0.02479 0.05785 0.09091 0.00826 0.01653 0.06612
GNM12896                       0.04132 0.07438 0.03306 0.03306 0.00826 0.04132 0.09091 0.04132 0.03306 0.06612 0.14050 0.08264 0.01653 0.01653 0.02479 0.06612 0.05785 0.00826 0.01653 0.10744
GNM12897                       0.04132 0.07438 0.03306 0.04132 0.00000 0.04132 0.08264 0.04132 0.04132 0.07438 0.14050 0.08264 0.01653 0.02479 0.02479 0.06612 0.05785 0.00826 0.01653 0.09091
GNM12902                       0.05785 0.08264 0.05785 0.04132 0.00000 0.06612 0.06612 0.02479 0.01653 0.07438 0.16529 0.07438 0.02479 0.03306 0.00826 0.04132 0.08264 0.00826 0.02479 0.04959
GNM12903                       0.06557 0.12295 0.01639 0.03279 0.00000 0.03279 0.07377 0.05738 0.03279 0.06557 0.16393 0.06557 0.03279 0.02459 0.03279 0.04918 0.02459 0.01639 0.02459 0.06557
GNM12906                       0.06557 0.13115 0.01639 0.03279 0.00000 0.02459 0.08197 0.05738 0.02459 0.08197 0.16393 0.05738 0.02459 0.02459 0.04098 0.04098 0.03279 0.01639 0.03279 0.04918
GNM12907                       0.06557 0.12295 0.01639 0.03279 0.00000 0.02459 0.07377 0.05738 0.03279 0.05738 0.17213 0.06557 0.02459 0.03279 0.04098 0.03279 0.02459 0.01639 0.01639 0.09016
GNM12909                       0.06557 0.11475 0.01639 0.04098 0.00000 0.02459 0.06557 0.05738 0.03279 0.05738 0.17213 0.07377 0.00820 0.02459 0.04098 0.04098 0.02459 0.01639 0.03279 0.09016
GNM12915                       0.04959 0.13223 0.02479 0.04959 0.00000 0.04959 0.10744 0.03306 0.02479 0.06612 0.17355 0.08264 0.01653 0.00826 0.00826 0.02479 0.04959 0.00826 0.03306 0.05785
GNM10046                       0.04959 0.13223 0.02479 0.04959 0.00000 0.04959 0.10744 0.03306 0.02479 0.06612 0.17355 0.08264 0.01653 0.00826 0.00826 0.02479 0.04959 0.00826 0.03306 0.05785
GNM12918                       0.04132 0.13223 0.02479 0.04959 0.00000 0.04959 0.10744 0.03306 0.02479 0.05785 0.17355 0.09091 0.01653 0.00826 0.00826 0.03306 0.04132 0.00826 0.03306 0.06612
GNM12931                       0.08264 0.12397 0.02479 0.03306 0.00000 0.04132 0.08264 0.06612 0.03306 0.07438 0.18182 0.04959 0.00000 0.00826 0.00826 0.03306 0.04959 0.00826 0.04959 0.04959
GNM12938                       0.04959 0.09917 0.03306 0.04132 0.00000 0.06612 0.06612 0.06612 0.02479 0.11570 0.13223 0.07438 0.01653 0.00826 0.00826 0.04132 0.05785 0.00826 0.05785 0.03306
GNM12996                       0.05785 0.08264 0.04132 0.04132 0.00000 0.06612 0.07438 0.06612 0.02479 0.09091 0.14876 0.07438 0.00826 0.00826 0.00826 0.03306 0.05785 0.00826 0.04959 0.05785
GNM13018                       0.04959 0.08264 0.04132 0.04132 0.00000 0.06612 0.07438 0.06612 0.02479 0.09091 0.14876 0.07438 0.00826 0.00826 0.00826 0.04132 0.05785 0.00826 0.04959 0.05785
GNM13027                       0.05785 0.11570 0.03306 0.04132 0.00000 0.06612 0.06612 0.08264 0.02479 0.11570 0.13223 0.06612 0.01653 0.01653 0.00826 0.01653 0.04132 0.00826 0.04959 0.04132
GNM13046                       0.04132 0.06612 0.02479 0.03306 0.00000 0.05785 0.06612 0.04959 0.04132 0.04132 0.14876 0.08264 0.02479 0.02479 0.02479 0.09091 0.06612 0.00826 0.01653 0.09091
GNM13053                       0.05556 0.08889 0.03333 0.04444 0.00000 0.02222 0.07778 0.05556 0.03333 0.08889 0.14444 0.07778 0.02222 0.00000 0.03333 0.04444 0.07778 0.00000 0.01111 0.08889
GNM13074                       0.04959 0.13223 0.02479 0.03306 0.00000 0.06612 0.09917 0.04132 0.02479 0.06612 0.18182 0.08264 0.00826 0.00826 0.00826 0.02479 0.04959 0.00826 0.03306 0.05785
GNM10010                       0.06612 0.15702 0.01653 0.04132 0.00000 0.06612 0.09091 0.04132 0.03306 0.04959 0.18182 0.06612 0.00000 0.00826 0.00826 0.01653 0.04959 0.00826 0.03306 0.06612
GNM10014                       0.05785 0.15702 0.02479 0.04132 0.00000 0.06612 0.09091 0.04132 0.02479 0.04132 0.17355 0.05785 0.00826 0.00826 0.00826 0.01653 0.04959 0.00826 0.04132 0.08264
GNM13090                       0.06612 0.14050 0.02479 0.04959 0.00000 0.05785 0.08264 0.04132 0.02479 0.05785 0.17355 0.07438 0.00826 0.01653 0.00826 0.01653 0.04959 0.00826 0.02479 0.07438
GNM13118                       0.06612 0.13223 0.02479 0.04132 0.00000 0.02479 0.08264 0.04959 0.02479 0.05785 0.16529 0.05785 0.01653 0.00826 0.01653 0.06612 0.04132 0.00826 0.04132 0.07438
GNM13126                       0.07438 0.11570 0.04959 0.04959 0.00000 0.04132 0.07438 0.03306 0.01653 0.08264 0.13223 0.07438 0.01653 0.00826 0.00826 0.05785 0.04959 0.00826 0.02479 0.08264
GNM13128                       0.06612 0.10744 0.04132 0.04132 0.00000 0.04959 0.07438 0.03306 0.01653 0.08264 0.13223 0.08264 0.02479 0.00826 0.00826 0.05785 0.05785 0.00826 0.04132 0.06612
GNM13208                       0.04918 0.13934 0.02459 0.04098 0.00000 0.02459 0.07377 0.06557 0.02459 0.08197 0.17213 0.06557 0.01639 0.02459 0.03279 0.04098 0.02459 0.00820 0.04098 0.04918
GNM13210                       0.05785 0.09917 0.02479 0.02479 0.00000 0.03306 0.08264 0.08264 0.02479 0.07438 0.16529 0.07438 0.00826 0.00826 0.01653 0.05785 0.03306 0.00826 0.05785 0.06612
GNM12773                       0.03306 0.09917 0.03306 0.02479 0.00000 0.06612 0.08264 0.05785 0.02479 0.08264 0.16529 0.07438 0.01653 0.02479 0.01653 0.04132 0.06612 0.00826 0.02479 0.05785
GNM12769                       0.04959 0.12397 0.04959 0.05785 0.00000 0.03306 0.06612 0.06612 0.01653 0.09091 0.17355 0.05785 0.00826 0.01653 0.00826 0.04132 0.04959 0.00826 0.03306 0.04959
GNM12768                       0.04959 0.11570 0.03306 0.05785 0.00000 0.07438 0.07438 0.03306 0.05785 0.07438 0.16529 0.03306 0.00000 0.00826 0.02479 0.04132 0.04959 0.00826 0.03306 0.06612

Homogeneity statistic: X2 = 13.87980 G = 13.42508 

Average                        0.06157 0.10641 0.02947 0.04267 0.00028 0.04518 0.07778 0.05637 0.02712 0.07029 0.15003 0.07174 0.01510 0.01706 0.01784 0.04815 0.05374 0.00900 0.03064 0.06956
(Ambiguity characters are used to calculate freqs.)


# constant sites:      6 (4.88%)

TREE #  1:  ((((((((47, 145), 130), (59, 94)), 95), 96), (((132, 133), (97, 58)), (131, 134))), ((((((124, 123), 126), 125), 144), (61, 46)), 141)), ((((((((((((((((((48, 49), (50, 23)), 51), 89), 53), 27), (((70, 22), (25, 24)), 43)), (((((((((56, 54), 55), 52), 57), 119), (20, 7)), (((28, 40), (8, 6)), (86, 21))), ((11, 68), 118)), 74)), 135), (((87, 73), 19), 88)), (((120, 72), 121), 41)), (((((78, 5), 77), (71, 14)), (31, 79)), (15, 67))), (80, 42)), (85, 69)), (((45, 44), (16, 136)), ((38, 83), 13))), ((((1, 81), 82), (9, 2)), 39)), ((((36, 37), (3, 34)), (4, 32)), ((12, 35), (33, 84)))), (((((30, 29), (146, 26)), ((64, 65), 66)), ((147, 63), 148)), ((18, 17), 62))), (((((((((((111, 109), 110), 100), 108), 99), (((107, 105), 113), 104)), ((((92, 10), 93), (90, 117)), 91)), (60, 75)), ((143, 142), (76, 122))), ((((((103, 102), 101), 116), 98), ((112, 114), 115)), 106)), ((((138, 139), 140), 137), ((129, 127), 128))));   MP score: -1
lnL(ntime:293  np:294): -13044.797896      +0.000000
 149..150 150..151 151..152 152..153 153..154 154..155 155..156 156..47  156..145 155..130 154..157 157..59  157..94  153..95  152..96  151..158 158..159 159..160 160..132 160..133 159..161 161..97  161..58  158..162 162..131 162..134 150..163 163..164 164..165 165..166 166..167 167..168 168..124 168..123 167..126 166..125 165..144 164..169 169..61  169..46  163..141 149..170 170..171 171..172 172..173 173..174 174..175 175..176 176..177 177..178 178..179 179..180 180..181 181..182 182..183 183..184 184..185 185..186 186..187 187..48  187..49  186..188 188..50  188..23  185..51  184..89  183..53  182..27  181..189 189..190 190..191 191..70  191..22  190..192 192..25  192..24  189..43  180..193 193..194 194..195 195..196 196..197 197..198 198..199 199..200 200..201 201..56  201..54  200..55  199..52  198..57  197..119 196..202 202..20  202..7   195..203 203..204 204..205 205..28  205..40  204..206 206..8   206..6   203..207 207..86  207..21  194..208 208..209 209..11  209..68  208..118 193..74  179..135 178..210 210..211 211..212 212..87  212..73  211..19  210..88  177..213 213..214 214..215 215..120 215..72  214..121 213..41  176..216 216..217 217..218 218..219 219..220 220..78  220..5   219..77  218..221 221..71  221..14  217..222 222..31  222..79  216..223 223..15  223..67  175..224 224..80  224..42  174..225 225..85  225..69  173..226 226..227 227..228 228..45  228..44  227..229 229..16  229..136 226..230 230..231 231..38  231..83  230..13  172..232 232..233 233..234 234..235 235..1   235..81  234..82  233..236 236..9   236..2   232..39  171..237 237..238 238..239 239..240 240..36  240..37  239..241 241..3   241..34  238..242 242..4   242..32  237..243 243..244 244..12  244..35  243..245 245..33  245..84  170..246 246..247 247..248 248..249 249..250 250..30  250..29  249..251 251..146 251..26  248..252 252..253 253..64  253..65  252..66  247..254 254..255 255..147 255..63  254..148 246..256 256..257 257..18  257..17  256..62  149..258 258..259 259..260 260..261 261..262 262..263 263..264 264..265 265..266 266..267 267..268 268..111 268..109 267..110 266..100 265..108 264..99  263..269 269..270 270..271 271..107 271..105 270..113 269..104 262..272 272..273 273..274 274..275 275..92  275..10  274..93  273..276 276..90  276..117 272..91  261..277 277..60  277..75  260..278 278..279 279..143 279..142 278..280 280..76  280..122 259..281 281..282 282..283 283..284 284..285 285..286 286..103 286..102 285..101 284..116 283..98  282..287 287..288 288..112 288..114 287..115 281..106 258..289 289..290 290..291 291..292 292..138 292..139 291..140 290..137 289..293 293..294 294..129 294..127 293..128
 0.028730 0.040070 0.000000 0.035976 0.071217 0.000000 0.108139 0.116894 0.187564 0.113416 0.081801 0.274346 0.153523 0.181645 0.320999 0.094461 0.031633 0.117432 0.008396 0.014019 0.071485 0.225609 0.044366 0.086424 0.068652 0.057313 0.118577 0.197157 0.105243 0.163614 0.000000 0.016039 0.039590 0.022132 0.039975 0.059887 0.046750 0.010680 0.272573 0.158733 0.135189 0.059443 0.066812 0.106316 0.078136 0.018062 0.014908 0.081376 0.202587 0.086559 0.017449 0.010194 0.055491 0.062247 0.007866 0.071156 0.014709 0.032035 0.014441 0.000000 0.000000 0.013999 0.000000 0.014135 0.033707 0.016764 0.076310 0.047517 0.062730 0.129272 0.052614 0.000000 0.000000 0.000000 0.000000 0.000000 0.087399 0.041802 0.047150 0.038699 0.000000 0.007147 0.029135 0.000000 0.000000 0.000000 0.000000 0.000000 0.000000 0.000000 0.007255 0.000000 0.007101 0.014498 0.014709 0.000000 0.008281 0.132676 0.007446 0.000222 0.000000 0.036005 0.036858 0.036886 0.000000 0.007228 0.053981 0.013814 0.000000 0.000000 0.022409 0.136079 0.109049 0.079069 0.053005 0.036496 0.057779 0.043916 0.072073 0.102198 0.085401 0.013313 0.007145 0.014709 0.007173 0.014252 0.001454 0.149234 0.031758 0.052941 0.001900 0.020568 0.036007 0.009871 0.047847 0.125355 0.007117 0.000000 0.123006 0.018544 0.003796 0.111030 0.025478 0.065321 0.238898 0.000000 0.000000 0.243628 0.000000 0.000000 0.100358 0.076966 0.213968 0.129947 0.174454 0.178979 0.217051 0.140861 0.242297 0.010587 0.122586 0.152420 0.017719 0.020863 0.060301 0.270668 0.163982 0.000000 0.099930 0.131913 0.279492 0.000000 0.000000 0.315613 0.104663 0.134629 0.103583 0.051958 0.000000 0.007620 0.086323 0.157852 0.056116 0.279210 0.015462 0.000000 0.000000 0.132680 0.061836 0.008026 0.120129 0.125499 0.141100 0.045267 0.116290 0.038362 0.024916 0.105713 0.059543 0.112819 0.200864 0.099687 0.061101 0.020892 0.150011 0.021041 0.044058 0.156166 0.000000 0.058799 0.435500 0.310592 0.382842 0.105874 0.284231 0.000000 0.000000 0.241278 0.113687 0.031704 0.040733 0.000000 0.095415 0.004436 0.017187 0.090952 0.140915 0.184687 0.051054 0.021193 0.000000 0.007166 0.188331 0.264275 0.418817 0.146870 0.137580 0.000000 0.162165 0.206168 0.163005 0.296226 0.433190 0.071903 0.075333 0.042738 0.192631 0.131919 0.140800 0.000000 0.261708 0.155822 0.112663 0.136117 0.125669 0.103410 0.190713 0.286615 0.072970 0.053510 0.149915 0.248386 0.079359 0.000000 0.014251 0.161277 0.039528 0.152082 0.084612 0.051815 0.050635 0.175390 0.031129 0.070568 0.283298 0.178803 0.372664 0.070590 0.136519 0.463014 0.287734 0.000000 0.039699 0.020973 0.016629 0.044890 0.031575 0.037854 0.066158 0.000000 0.022079 0.000000 0.000000 0.942334
