
Printing out site pattern counts


       146        190  P

GNM13746                        -----AAAAA AAAAAAAAAA AAAAAAAAAD DDDDDDDEEE EEEEEEEEEF FFFFFFGGGG GGGGGGGIII IIIIIIIIII IIIKKKKKKK KKKKKKKKKK KKKKKLLLLL LLLLLLLLLL LLMMMMNNNN NNNNNPPPPP PPPPPQQQQQ RRRRRRRRRR SSSSSSSSST TTTVVVVVVV VVVVVVYYYY 
GNM13671                        -FNPRAAAAA AADEGGGKLL NPPTVVVVYD EEEEKRSAAA DEEEEKKLRA FFFIPVADGG GPQRTVYAAA IIIIIIIILL LLVDDEEGHK KKKKKKKKKL PQRRRAAIII KLLLLLLSSV VYMMMREIIK NNPVYAEGGK PPPRSEEIKQ DKLNRRRSST DGKNPRSSTN TVVCDIIIIK LLNTVVDEIK 
GNM13876                        -RRPRAAAAS VVKEAGGKLL DPPTVVVVFE EEKTKRKENV EEEEQKKNKV FFVVPVAGGG GGQNSLYAAV IIIIIIVVIL LVAAEEKGKK KKKKKKKRTE NEKRSAVIIL TLLLLLLELV VYDMVTGQVK NRPSYAEAGK PPPKPEKTQQ DRLTKRTASV EGANARASSN TAVLVIIVVK LLSAVVDELR 
GNM13680                        -DK-TAAAVA ASNEGGGKIM PPTAAAGLFT DEKKGPQEDE DEEEEKTARA FLFLLVGGGG GGNNSAMAFV IILMTVIILL LTVDKETDGK KKKKKNRRKS KAKKRLIVVI FLLLLLLKSV VFMMMMGEIN NNYNHQPPAQ PPPPARKAEQ DRSKRKRRNR KTRNANRSSV TAVCVLVAAR QVQIDVDAVA 
GNM14249                        -EK-TAASIA ATSEGGNKFM PPTAAIGQFT DEQKSADEDE DEEKGKKSTL FLFFLIGGGG GGSSTAIALV IMVITVAILL LIVDKIKDGA KKKKKKRKKH AKKRKMVFIL TFLLLLLRTI VFMMMMKEIA NNFNYQPPPN PPPNPKEAAQ DRTRRRKKRK SAKNQANSSN TAICVVVIVK IVSVDVDQIA 
GNM13928                        -EK-SAASIA ATAENGDKFM SPTAAIGQFE EEKKQADEEE DEVDGKKNTL FIFFLIGGGG GGSSTTLALI IIVITVAILL LIVDKIKDGA KKKKKKRKKH EKKRKLVFIL TFLLLLLRQI VFMMMMKEIA NNFNYQPPPN PPPTPKEAAQ DRTRRRRKKK TTKNKANSCT TAICVIVVIK VVSVDIDQVA 
GNM14865                        -PL-EAAAAD IYEEAGDDTT DPAVAVGVFD EDSRNTEAEE EEDDGPRRQV FVFLRVGGGG GGTNTSYAVF FILLTIAVIL VALDAEPDGD DEKKTNKRND GETREAILVV TFLLLLLKLL VMMMMM-VLD NDPDTTEPQK PPQPSRRADE DRDRDRRDSQ DDDNGRDTTN TAVVSVIVVL LLRIAVDVVR 
GNM13455                        -EK-AAASIA AVAEGGNKFM SPTAAVAQFA DEQKTADTDE DEEEGKKSTL FLFFLIGGGG GGASTAIALM MLVVTVAILL LIVDKIKDGE KKKKKKRKKH QKKRKMVFII TFLLLLLRQV VFMMMMKEIA NDFNYQPPPN PPPSPKKAEQ DRVRRRRKRK SAKNQANSSV TAICVMVVIK IVTVDIDQIA 
GNM14938                        -WAPRAAAAA AAAEAGGKLL DPTAVVTLYE EEKRARQAAV DEEEEETNKA FFFLPIAGGG GGQRSVYVAA IVVFVVVILL LVVEEEKDRK KEKKKKKRKM PQKRRAVLIL RLILLLLKVV VYMMIANNIK NNATFAPYSK PPPRPEESTQ DRLRKIRVST EGKNSRRSSN SAVAVIIVAL MLNVTVDEVR 
GNM14483                        -DK-LAGSAA IIAQAGNKML SPTAAAAQFS EEKKNADDDT DESEDKTARI FIFLLVGGGG GGGTSSMAAV IVVITIAALV LIVDKEKEAN KKKKKKKKKQ ESKRKLVLVV TYLLLLLRVV VMLMMIKEVG NSPNYQPPPN PPPPPRKADQ DRRRKKTNTR KGKNANRSAT AGVCILVVVK LPSIDFDYVA 
GNM14872                        -DK-RAAAVA ASTEGGGKIM PPTASAGLFG DEKKTPQEEE DEEEEKSATA FLFLLIGGGG GGNGAAMAFA IILMTIVILL LTVEKEGDGK KKKKKNRRKN KAKKKLVIVI FLLLLLLRMV VFLMMMGEIN NNYNHQPPAQ PPPPGRRAEQ DRAKRKRRNR KTKNGNRSSV TAVCTLVAVR QVQVDVDVVA 
GNM13855                        -DK-QAAAVA ASNTGGGKIM PPAAALGAFD DERKSAQEDE DEEEEKATSA FVFLLIGGGG GGNSTSIVFM LFVMTLVILI LTIDKAPDGK KKKKRNRRKS KSKKKLVIII FILLLLLRLV VLMMMMGEIN NNYNYQPPSQ PPPPARKAEQ DRSRRKRRNR STKNTSRSSV TATCILVVAR LVQVDMDVVS 
GNM14445                        -NN-RAALAA AINEAGNKMM PPTISVAIFE EEKREPAQDE EEEKEENNGV FIFLLLGAGG GGASGSMAFV FIVIAIAVVI LIIDKEKDGR KTKKKNRKKV KGKRKMIIVL LNLLLLLILI VFMMMMKEIG NDPSYQPPPS APPPPKESEQ DRKRRKRKKR SSDNTNKSAT TSVCTVVFVR LVQIDVSYVA 
GNM14404                        -MG-LAAGAT IYDDAGTKIL SPASAIGVFN AEERKAEKAI EEEKDPKSRV FFFLPLGTGG GGQNSVYVFV IVILTIVIVL LIIDGDNDGN KKKKKRKRKE PERRKTVLLF GYLLLLMKSI ILMMMMGEIT NDLVYTPPGK PPTPAQEVKQ DSLRRRRSSR GSDNQRRSSN TVVCVVILIF YLNVILDSVK 
GNM14545                        -MG-LAAGAT IYDDAGTKIL SPASAIGVFN AEERKAEKAI EEEKDPKSRV FFFLPLGTGG GGQNSVYVFV IVILTIVIVL LIIDGDNDGN KKKKKRKRKE PERRKTVLLF GYLLLLMKSI ILMMMMGEIT NDLVYTPPGK PPTPAQEVKQ DSLRRRRSSR GSDNQRRSSN TVVCVVILIF YLNVILDSVK 
GNM14366                        -DK-RAAAIA AVSEGGNKFM PPTAAIAQFD NEKKDTDEDE DEEKGKRSTL FMFLLVGGGG GGSSGVMALI MIVIVVAILL LYVDKAKDGN KKKKKKRKKH ENKKKMVFII TLILLLLRLI VFMMMMNEIN NNFNYQPPTS PPPSPKDASQ DRTKRRRSRR SARNQANSSV SAICTVIVIK LVSVDVDQIA 
GNM14252                        -EK-SAASIA ATSEGGNKFM PPTAAIGQFE DEKKAADEDE DEEDGKKSTL FLFFLIGGGG GGSSTTMALV IMVITVAILL LIVDKIKDGA KKKKKKRKKH AKKRKMVFIL TFLLLLLRTI VFMMMMKEIA NNFNYQPPPN PPPNPKEAAQ DRTRRRKKRK SAKNQANSSN TAICVVVIVK IVSVDVDQIA 
GNM13760                        -EK-SAASIA ATSEGGDKFM PPTTAIGQFE DEKKSADEEE DEEDGKTNTL FLFFLIGGGG GGSSTTMALV MMVITVAILL LIVDKIKDGE KKKKKKRKKH KKKRKLVFIL TFLLLLLRQI VFMMMMKDIA NNFNYQPPPN PPPTPKKAAQ DRTRRRKKRK TARNKANSSN TAICVVVIVK VVSVDVDQIA 
GNM13982                        -DK-EAATIA ASAGGGNKFM PPTAAAALFD NEQKSAHADR DETTDKKNAL FFFLLIGGGG GGSTSVMALI MIVLTVAVVL LYVDGAKDGD KKKKKKRKKM EKKKKLVLII TLVLLLFKLL VFMMMMKDIN NDFNYQPPPN PPPNAKEAKE DRVRRRRKKR EERNKANSST TAICVIILYK LVSVDVDQIN 
GNM13960                        -SK-KAAAIA AKSEGGNKFM PPTAAISVFS TEKREADKDE DEEEDKNTSL FIFFLFGGGG GGASSAMALM MVVMTVAILM LIIDKAKDGS KRKKKKKKKN DDIKKVVLIV TLLLLLLRIV VFMMMMKEVG NDFSYQPPPN PPPEAKQAEQ DRAKKRRKKK NARNKANSSV TAVCTMVVIK LVSVEIDQIT 
GNM14633                        -DK-EAASIA ASSNGGNKFM PPTAAVALFD NEQKSAQADK DESTDKKNAL FLFLLIGGGG GGSTSVMALI MIVLTVAVVL LYVDGAKDGE KKKKKKRKKM EKKKKLVLII TLVLLLLKLL VFMMMMKEIN NDFNYQPPPN PPPNAKEAKE DRVRRRRKKR EERNKANSST TAICVIILYK LVSVDVDQIN 
GNM14853                        -DK-EAASIA ASSNGGNKFM PPTAAVALFD NEQKSAQADK DESTDKKNAL FLFLLIGGGG GGSTSVMALI MIVLTVAVVL LYVDGAKDGE KKKKKKRKKM EKKKKLVLII TLVLLLLKLL VFMMMMKEIN NDFNYQPPPN PPPNAKEAKE DRVRRRRKKR EERNKANSST TAICVIILYK LVSVDVDQIN 
GNM14174                        -FK-KAALAA ITGDAGNSLL DPAASVTIVA EEKKMNDEEE EQVDEKIRKI FIFIPIGGGG GGIKSMFVVI VIVMVIVVLL LIVDGDGEGK KKKKKKRRKQ ENKRRAVLIL TVLFLLLRLL VYMMMLKTIN NKPQYPKPPR PPPKPKEAAQ DKLRKRKGFV DGKNPKNSTD SAVLVLIVAK LMQVTVDEVV 
GNM14138                        -IK-LAAQAA ISEAAGNKQM NPATAVVVVA EDKQEIEKEE EEEAESSRKI FIFLPLGGGG GGVKTMYASL IVVITVAIIL IAVSGETNGN EKKKKKKKKQ EDKRKAVIIV TLLLLLLQFI VHMMMMGEVG NDPQYAKPPR PPPRAKEASQ DKLRKRRASF KAKNPRKSIN SVVCRMIIVK LMQVNVDEVR 
GNM14055                        -DK-RAASIA AVSEGGNKFM PPTTAVGLFD TEKKEAHEDE DEEEDKKNQL FIFFLIGGGG GGSSSVMALL IIVITVAIIM LIIDKAKDGN KKKKKKRKKN EKKKKLIVIT TLLLLLLKVV IFMMMMNEVN NNFNYQPPPN PPPEAKRAEQ DRTRRRRKKR DAKNKANSSV TAICTIILIK LVSVEIDQIA 
GNM14748                        -EK-SAASIA AAAESGNKFM PPTTAVEQFE AETKAADEDE DEEEGKKNTL FIFFLIGGGG GGSTTTMALI IIVITVAILL LIVDKTKDGA KKKKKKRKKH KKKRKVVFIL TFLLLLLRQI VFMMMMNDIA NNFNYQPPPN PPPNPKKAEQ DRTRRRMKKK SAKNKANSSN TAVCVIVVVK IVSVDVDQVA 
GNM14246                        -VK-LAAQAA VVEEAGTKQL NPAAAVTIFG EDKQENQKEE EEEEEPTRKI FIFLPLGGGG GGTRSLCATL IIVITIAAIL IMVDGEEDGE EKKRKNRRKQ RNKRKAILII TLLLLLLRLL VHMMMMGAIG NDPQYTKPPR PPPRTREASQ DKLRKKRASL NGGNPKKSMN TAVCLIIIVK MLQVTVDDIR 
GNM14640                        -IK-LAAQAA VSDDAGTKQM NPAAAVMVLG EEKQKNEKEE EEEDEPVRRI FIFLPLGGGG GGVKSLQATL VIIVTIAVIL IVVDGQEDGR EKKKKNKRKQ KNKRKAVLII TLLLLLLRLI VHMMMMGAIG NDPQYAKPPR PPPRPKEAGQ DKIRKARASL NSRNPRKSMN TVVCLIIIIK LPQVNVDEIR 
GNM14965                        -EK-RAGAVA AAAEGGGKIT PPTAAAGLFE DETRDAQEDE DEELQKSATA FLFLLVGGGG GGNKTAMTFA VIMITIVILL LTIDKATDGK KKKKKKRRKS TEKKRIVVIL FLLFLLLRTV VLLMMMEEIN NNYNHQPPAQ PPPPTRQAEQ DRTRRKRRNR KTRNANKSSV TAVCVLVVTR LVQVDVDIVA 
GNM13677                        -RRPRAAAAS LVKEAGGKLL DPPTVVVVFE EEKTKRKENV EEEEQKKNKV FFVVPVAGGG GGQNSLYAAV IIIIIIVVIL LVAAEEKGKK KKKKKKKRTE NEKRSAVIIL TLLLLLLELV VYDMVTGQVK NRPSYAEAGK PPPKPEKTQQ DRLTKRTASV EGANARSSSN TAVLVIIVVK LLSAVVDEVR 
GNM14339                        -WAQRAAAVV AAEEAGNKFL DPPAIVVVYQ EERKANQAEI EEEREAIESA FFFLPLASGG GGQKTIVMAV VIIFIIVVIL LVVDSDEDGR KKKKKNKRSR KERRSAVLII LLILLLLKLV VHMMVANDVK NNASFAEGPN PPPRPRESQQ DRVRKVRASM EGKNQRRASN SAVALIVVIL LVVATVDEVR 
GNM14593                        -FKPRAAASS AAEEAGGKLL NPPTVIVIYD EEEEKREAAA DEIEEEKSKV FFFIPIAGGG GSQRGVYAAA IIIIIIVIVL LIVDDEKGHK KKKKKKKKKL KKRRKAVIII RLLLLLLSSV VYMMMRENIK NNPAYAEGSR PPPRPEKIKE DKLNRRRAST DGKNPRSSTN TLVCDIIIIK LLNTTIDEIK 
GNM13825                        -WAPRAAAAA AAAEAGGKLL DPTAVITLYD EERRARQAAV DEEEEETNKA FFFLPIAGGG GGQRSVYVAA VVVFVVVILL LVVDEEKDRK KEKKKKKRKM PQKRRAVLIL RLILLLLKVV VYMMIANNIK NNATFAPYSK PPPRPEESRQ DRLRKIRVST EGKNSRRSSN TAVAVIIVAL LLNVTVDEVR 
GNM14768                        -FRPRAAAAV AADEAGGKLL DPPAVIVVFD EEEQRASLAA EEEKGEKSKV FIFLPIAGGG GPQRGVYAAA IIIIQIIILL LIIDEEKDRK KKKKKNKKKA PQRRRAVILI RLLLLLLKTI VLMMMREAIK NNQYYAEGGR PPPKPEKIQQ DSLNRRRASV DGQNARSSSN TAVCVVVIIR MLNATLDEMK 
GNM14776                        -FRPRAAAAV AADEAGGKLL DPPAVIVVFD EEEQRASLAA EEEKGEKSKV FIFLPIAGGG GPQRGVYAAA IIIIHIIILL LIIDEEKDRK KKKKKNKKKA PQRRKVVILI RLLLLLLKTI ILMMMREAIK NNQYYAEGGR PPPKPEKIQQ DSLNRRRASV DGQNARSSSN TAVCVVVIIR MLNATLDEMK 
GNM14715                        -DR-LAGAAS IVDQAGNKML PPTAAAGQFA EEKKKADDDS DESEDKTNRI FIFLLVGGGG GGGTSSMTAV IIVLSVAVLV LLVNKEKEGN KKKKKKKKKL ESKRKLVLIV TYLLLLLRVV VMLMMIKEVG NSPNYQPPPN PPPAPRKSGQ DRRRRKTNTR QGKNANRSAS TGICIIVVVK LPSVDFDYVV 
GNM14639                        -ER-LAGAAA AIDQAGTKML PPPAAIQMFE DERKKKQEEE DEESEKRNKI FIFLLLGSGG GGSNTTYAFV VIILIIAIIL FIVDRETDGN KEKKKNKKKL KGKRKLVLLY LLLLLLLRLI VYLMMMGEIG NNPNYQPPTE PPPPPKTANQ DKRRKSRKKR SGKNTTKSSA SVICTIIYIK LFQVDFDQVT 
GNM13795                        -EK-SAASIA AAAESGDKFM PPTAAVEQFE AETKAADEEE DEEEGKKNTL FIFFLIGGGG GGSTTTMALI IIVITVAILL LIVDKTKDGA KKKKKKRKKF KKKRKVVFIL TFLLLLLRQI VFMMMMNDIA NNFNYQPPPN PPPNPKKAEQ DRTRRRMKKK SAKNKANSSN TAICVIVLVK IVSVDVDQVT 
GNM14166                        -DK-MAASIA ATSQGGNKIL PPTAAIGPFA TETREADEDE DEEQDKKSKL FIFFLIGGGG GGSTSLMLFL IILITIAILL LIVDKAKDGS KKKKKKRKKN AGKKKMVLII TMILLMLRVI VFMMMMNDVN NNFTYQPPAS PPPSIKEAKQ DRNKRRRQRK TTKNSANSST SAICTMVVIK VVSVDVDQIT 
GNM14450                        -DK-RASAVA ASNEAGNKLM PATIAAGLFE NEKKEADDEE DEEDEKVNSL FLFLLIGGGG GGNSSSMAYT IIMITIAILL VVIDKEEDGK KKKKKKKKKL KTKKKIILVI LILLLLLRLI IFMMMMEEIA NNFNYQPPPN PAPITRRAEQ DRNRKRKRNR SSRNTARSST TAICVIVIIR LVQVDVDNII 
GNM13515                        -DK-EAASIA ALSRGGNKFM PPTTAIALFD TEQKNADEDE DEEEDKKNKL FLFFLVGGGG GGSSSLMALL MIVITIAILL LYVDKAKDGS KKKKKKRKKI EKKKKLILII TLLLLLLKII VYMMMMNEIN NNFNYQPPAN PPPNAKEAKQ DRNRRRRKKR AERNKANSST TAICVIILFK LVSVDVDQIA 
GNM13745                        -EK-RAAAVA AINKHGNKML PPTTAVSVFN DEKKTSHIDV EEEEENKNKI FLFLLLGSGG GGSTSGVVFL ILLILIAIIL LVIDAESDNK KHKRKNKKKI KSKRGHVLII LMILLLLRLV VYMMMMDEI- NDPNYKPPPN PPAIPRKASQ DKKRRKREGR DDKNSNRSAN SAICTIVFFR ATTIDVDFVA 
GNM14959                        -PE-AAAIAA IVADVGNNVM DVPTAIAFYE EETKDPQEAL TIEKTPKDKI FFFFPVGGGG NGQRTVSAIV MLILEVAVVL VIVDKEKD-E RTKKKRRRKA KSRKKAVLIL LLIMLLVKLI ILMMMMKKFD NNPNFQRPV- PPQRPAEAAQ DRLRKRRKDR DGGQDRNTSR TAVCTVIYVK LVQITVDAVE 
GNM13413                        -MG-LAAAAA AVGDAGSGLL DPTAVV-VWQ QEGRKRDQDE REEETMKSSI FIILPFGGGG GGQNDVVAAI VILLVVAILM LIAKSDKDGE KEKKKRKRKL GQKKRAVIIL TILLLLLAAI VYMMMAGQVD NNARCPPPAS PPPSPKKAEQ DRVRKRRGKV D-GNDKGSTV TAVCFIVVII LVQTTVDTIA 
GNM14990                        -SK-RAAAIA AKSEGGNKFM PPTAAISVFS TEKKEADKDE DEEEDKNTSL FIFFLFGGGG GGASSAMALM MVVMTVAILM LIIDKAKDGS KRKKKKKKKN DDIKKVVLIA TLLLLLLRII VFMMMMKEVG NDFSYQPPPN PPPEAKQAEQ DRAKKRRKKK NARNKANSSV TAVCTMVVIK LVSVEIDQIT 
GNM15005                        -SK-KAAAIA AKSEGGNKFM PPTAAISVFS TEKREADKDE DEEEDKNTSL FIFFLFGGGG GGASSAMALM MVVMTVAILM LIIDKAKDGS KRKKKKKKKN DDIKKVVLIA TLLLLLLRIV VFMMMMKEVG NDFSYQPPPN PPPEAKQAEQ DRAKKRRKKK NTRNKANSSV TAVCTMVVIK LVSVEIDQIT 
GNM14992                        -SK-LAAQIA AKSEGGNKFM SPTAAVSVFN TEKKEADNDE DEEEDKKTSL FIFFLFGGGG GGSSSAMALM MIVITVAILM LIIDKAKDGN RKKKKKKKKS DKTKKVV-IA TLLLLLLRII VFMMMMKEVG NDFNYQPPPN PPPEAKLAEQ DRTRRRRKKK NAENKANSSV TAVCTMVVIK LVSVEIDQIA 
GNM15013                        -SK-MAAAIA AKSEGGNKFM PPTAAISVFS TEKKEADKDE DEEEDKNTSL FIFFLFGGGG GGSSSAMALM MVVMTVAILM LIIDKAKDGN KRKKKKKKKN DDIKKVVLIA TLLLLLLRVI VFMMMMKEVG NDFSYQPPPN PPPETKQAEQ DRAKKRRKKK NARNKANSSV TAVCTMVVIK LVSVEIDQIT 
GNM15014                        -SK-LAASVA AKSEGGNKFM PPTAAISVFN TEKKEADKDE DEEEDKKTSL FIFFLFGGGG GGSASVMALM MIVMAVAILM LIIDKAKDGN KKKKKKKKKS DKTKKVVMIA TLLLLLLRII VFMMMMKEVG NDFNYQPPPS PPPEAKQAEQ DRTRKRRKKK NAENKANSSV TAICTMVVIK LVSVEIDQIA 
GNM14976                        -SK-MAAAIA AMSEGGNKFM PPTAAISVFS TEKREADKDE DEEEDKKTSL FIFFLFGGGG GGSSSAMALM MVVMTVAILM LIIDKAKDGN KRKKKKKKKN DDIKKVVLIA TLLLLLLRVI VFMMMMKEVG NDFSYQPPPN PPPEAKQAEQ DRAKKRRKTK NAKNKANSSV TAVCTMVVIK LVSVEIDQIT 
GNM15022                        -SK-MAAAIA AKSEGGNKFM PPTAAISVFS TEKREADKDE DEEEDKNTSL FIFFLFGGGG GGSSSAMALM MVVMTVAILM LIIDKAKDGN KRKKKKKKKN DDIKKVVLIV TLLLLLLRII VFMMMMKEVG NDFSYQPPPS PPPEAKQAEQ DRAKKRRKKK NAKNKANSSV TAVCTMVVIK LVSVEIDQIT 
GNM15018                        -EK-TAASIA ATSERGNKFM PPTAAIGQFE DEKKAADEDE DEEDGKKSTL FLFFLMGGGG GGSSTTMALV IMVITVAILL LIVDKVKDGA KKKKKKRKKH AKKRKMVFIL TFLLLLLRTI VFMMMMKEIA NNFNYQPPPN PPPDPKEAEQ DRTRRRKKRK SAKNQANSSN TAICVVVVVK IVSVDVDQVA 
GNM15025                        -EK-QAASIA ATSESGNKFM PPTTAIGIFT AEKRDADKDE DEEENKNTSL FIFFLFGGGG GGSTSTMALM IIVITVAIIM LIVDKAKDGN KKKKKKRKKN EKKKKVVVIA TLLMLLLRII VFMMMMNEIG NDFNHQPPPN PPPEIKKAEQ DRVKRRREKR STKNKANSSV TSICIMIVIK LVSVEVDQVT 
GNM15024                        -EK-SAASIA ATSEGGNKFM PPTAAIGQFE DEKKAADEDE DEEDGKKSTL FLFFLIGGGG GGSSTTMALV IMVITVAILL LIVDKVKDGA KKKKKKRKKH AKKRKMVFIL TFLLLLLRTI VFMMMMKEIA NNFNYQPPPN PPPSPKEATQ DRTRRRKKRK SAKNQANSSN TAICVVVIVK IVSVDVDQVS 
GNM14980                        -EK-SAASIA ATSEGGNKFM PPTAAIGQFE DEKKAADEDE DEEDGKKSTL FLFFLIGGGG GGSSTTMALV IMVITVAILL LIVDKVKDGA KKKKKKRKKH AKKRKMVFIL TFLLLLLRTI VFMMMMKEIA NNFNYQPPPN PPPSPKEATQ DRTRRRKKRK SAKNQANSSN TAICVVVIVK IVSVDVDQVS 
GNM15000                        -EK-SAASIA ATSEGGNKFM PPTAAIGQFE DEKKAADEDE DEEDGKKSTL FLFFLIGGGG GGSSTTMALV IMVITVAILL LIVDKVKDGA KKKKKKRKKH AKKRKMVFIL TFLLLLLRTI VFMMMMKEIA NNFNYQPPPN PPPSPKEATQ DRTRRRKKRK SAKNQANSSN TAICVVVIVK IVSVDVDQVS 
GNM15027                        -LK-LAAIAA AIQEAGNQIL PPAAASAVFD EEQRAPRMDT EEEQDPSDKL FLFFLMGSGG GGASSCVVYA IIIITIAVIL LIVDKDVDGN KIKKKNRKKL KSKRRLVIVI LLLLLFLRLV VYMMMMGEIN NQPNYQPPPM PPPGPREAQQ DRKRRRRRKR KNGNSNRSAT TAVCILVFVR LVQVDVDFVA 
GNM15019                        -EK-IAASIA AAAENGNKFM SPTTALEQFE AETKAADEDE DEEEGKKSTL FIFFLIGGGG GGSTTTLALI IIVITVAILL LIVDKIKDGA KKKKKKRKKF KKKRKLVFII TYLLLLLRQI VFMMMMKDIA NDFNYQPPPN PPPNPKKATQ DRTRRRRKKK SASNKANSSN TVICVIIIVK IVSVDVDQIA 
GNM15003                        -SK-MAAAIA AKSEGGNKFM PPTAAISVFS TEKREADKDE DEEEDKKTSL FIFFLFGGGG GGSSSAMALM MVVITVAILM LIIDKAKDGN KRKKKKKKKN DDIKKVVLIA TLLLLLLRII VFMMMMKEVG NDFAYQPPPN PPPEAKQAEQ DRAKKRRKKK NARNKANSSV TAVCTMVVIK LVSVEIDQIT 
GNM11003                        -PS-VAPIAA AIEELGAKYQ DPSAIVMIWE QDKKTKDIEE SEEETKTTKI FLFFPVGGGG GFHHSTYAAT VILLTVPILL LIVNGEPDSK KEKKKKKRKN KQKKKGVYVL TLLLLLIKEI IFQMMFETVD NQSRNP-PAR PPPKPSEASQ DRLKRRRKAI DGRIEKRSTT TATLMVVVIL SMQATVDVLA 
GNM11023                        -RG--AAVAA AIDDEGNSLM NPAAVVSVWQ QEDKEAEEDE REEENPKQKI FIVLPVGGGG GGQAHIYAAV VIVLVVVILI LIVENERDGE KEKKKRKRKL GRRRKAVLIL KLLLLLLKLI VYMMMAGKIN NNPRCP-PG- PPPRPQKAKQ DRLRRRKNRW DQSKDRRSAA TSVCTVVVIL LLQATVYFIV 
GNM11055                        -TQ-VAAAAA AKPEAGLKFT DPAEAVAVFE DEERDRKRDE ETEKTPVKKI FIFLTVGGGG GGTNKTYAVF FVIIQIAIIM IAIDNEKNPE KRKKKRKRKM KSKRKSILPL KLILLLYRLV VLMMMIGKVD NDPDIPEPPN PPPPAKEAKE DRERRRRESK NKKVPRNTSN TAVGVVVVVI LMKISVDNIV 
GNM11146                        -WD-LAAVAA ATADIGNKLT DVPAAV-VFD GDRRDTKSAA TVEETPNEKI FIFLPLGSGG GGQRSLEAII IIIIDVAVIL LIVDREKDGD KKKKKRRRKL RQKRRAVLVL LYLMLLYRTV VYMMMMGKVD NDPSYP-PV- PPPRPANASQ DRQRKRRKER DSKKDRQSSK TVVCTIVVVK LVQITVDPYE 
GNM11220                        -LT-LAAAAA VTSDYGTRIL DPAAAFAVFD EEEREVLQEI EGEEAPKNKL FIFLPLGTGG GGVRSVYAYV FIVLTVVVIL VIIDDEKDGK KRKKKGKRRN GNRRKVAIIL GILWLLLRTI ILMMMMGELN NDPIHVPPPK PPPRSKELKQ DRLRRRKRDR DKKNSRKSTN TVVCLVLIVK LLQITVDEIW 
GNM11222                        -AR-AAAAAS AIPDAGNRVM PPAAAVAVFD EEEKEVKAQE EEEKQSTRKV FFFIPVGGGG GGTRSLYALI IIILTIAILL AIIDEE-DGK EKKKRNRRKL KDKKKAVLLI TLLLLLLRVL VFMMMMGSVD NDPNYPEPPK PPPKPEEVGQ DRLRKRRRKR KGDNPRKSTK TAICLVVMVA LLQVNVDELR 
GNM11223                        -IK-LAAQAA AVREAGTREL DPAAAVLVFE EEKAE-QRDE EEEEEKTRTV FIFLPLGGGG GGVRTTYAII FIILRVVIIL IIVDSEKDGR KKKKKNRRRL KARRRAVIIL TLIFLLLRLI VLMMMMGEVG NDPQISKPPR PPPRARECEQ DNLRKRRSSF DNKNPRKSMN TMVGTIIVVR LVQITVDELR 
GNM11224                        -AK-LAAQAA AVREAGTREL DPAAAVLVFE EEKTE-QRDE EEEEEKNRTV FIFLPLGGGG GGVKTTYAII FIILRVVIIL IIVDSEKDGR QKKKKNRRRL KERRRAVIIL TLIFLLLRLI VSMMMMGEIG NNPQISKPPR PPPRARESSQ DRLRKRRSSF DNKNPRKSMN TMVGTIIVVR LMQVTVDELR 
GNM11225                        -MK-LAAQAV IVEDAGTKVL NPAAAVMVSA EERREVEKDA AEESGPKGGI FIFLPVGGGG GGVRDAYAII FIVLTVAVIL IIVDREKDGR EKKKRNRRKQ KSRRRAVIII MLIFLLLKLI VHMMMMGEVD NNPQIPRPQR PPPSAREAEQ DRLRKRRGSR SNENPRNSIN TAICTIIVIR LVQITVHELR 
GNM11358                        -DK-QAAAVA ASNTGGGKIM PPAAALGAFD DEKKSSQEDE DEEEEKAASA FVFLLIGGGG GGNSTSIVFM LIVMTLVILI LTIDKAPDGK KKKKRNRRKS KSKKKLVIII FILLLLLRLV VLMMMMGEIN NNYNYQPPSQ PPPPARKAEQ DRSRRKRRNR STRNTSRSSV TATCILVAAR LVQVDMDVVS 
GNM11360                        -EK-AAASIA AVAEGGNKFM SPTAAVAQFA DEQKTADTDE DEEEGKKSTL FLFFLIGGGG GGASTAIALM MLVVTVAILL LIVDKIKDGE KKKKKKRKKH QKKRKMVFII TFLLLLLRQV VFMMMMKEIA NDFNYQPPPN PPPSPKKAEQ DRVRRRRKRK SAKNQANSSV TAICVMVVIK IVTVDIDQIA 
GNM11362                        -ER-KAAASA AVAEAGNKML QPTAAAALFT SDKKDAMEDE DEENERKNKL FIFLLLGGGG GGMSSTMAVV IILIMVAILL LIADKEGDGR KRKKKNKKKM KMKRRLVLVI FLLLLLLRLV VLMMMMNDIN NNFNYPPPPA PAPGVREAEQ DRTRRKRAER DNANQSSSSV TATCVLVVIR LVQVDVDAVA 
GNM11367                        -DK-EAATIA ASAGGGNKFM PPTAAAALFD NEQKSAHADR DETTDKKNAL FFFLLIGGGG GGSTSVMALI MIVLTVAVVL LYVDGAKDGD KKKKKKRKKM EKKKKLVLII TLVLLLFKLL VFMMMMKDIN NDFNYQPPPN PPPNAKEAKE DRVRRRRKKR EERNKANSST TAICVIILYK LVSVDVDQIN 
GNM11377                        -DK-HAAAVA ASAEGGGKIM PPTASAGLFE SEKKNPQEEE DEEEEKSATA FLFLLVGGGG GGNGAAMVFA IILMTIVILL LTVEKEGDGK KRKKKNRRKN KAKKKLVLVI FLLLLLLRMV VFLMMMGEIN NNYNHQPPAQ PPPPGRRAEQ DRAKRKRRNR TTKNTNRSSV TAVCTLVAVR QVQVDVDAVA 
GNM11380                        -DK-LAASIA ATSQGGNKIL PPTAAIGPFA TETRESDEDE DEEQDKKSAL FIFFLIGGGG GGSSSLMLFL IILVTIAILL LIVDKAKDGG KKKKKKRKKN EGKKKMVLII TMVLLMLKTI VFMMMMNEIN NNFNYQPPAS PPPSIKDAKQ DRNRRRRQKR TSKNAANSSV SAICTMVVIK VVSVDVDQIT 
GNM11383                        -DR-RAAAIA AVSEGGNKFM PPTAAVAEFD SEKKDTDEDE DEEKNKRNTL FMFLLVGGGG GGSSGVMALM MIVVIVAILM LYVDKAKDGG KKKKKKRKKH ENKKKMIFIL TIILLLLRII VFMMMMNEIN NNFNYQPPTS PPPGPKDATQ DRTKRRRTRR SARNQANTSI SAICTVIVVK LVSVDVDQIA 
GNM11491                        -SK-MAASIA AVSGGGNKFM PPTAAVGQFD EEKKESDEDE DEERDSTGTL FIFFLVGGGG GGSSSAMVIL LVVVTVAILF LIVDKAKDGN KKKKKNRKKM -RKRKMVFIY TLLLLLLRVV VFMMMMKEIA NNFNYQPPPQ PPAAIRKAEQ DRVRRRRKQR TTRNQANTSV SAVCTMVLIK LISVDVDQIT 
GNM11804                        -SQ-VAGAAA AKPDAGAKMV DPAEAVAVFE DEKRNRKEEE EARESPVKKI FIFLVVGGGG GGTKRTYAIF FVILQVAIIM IAIDNEKGAE KRKKKKKKRL PRKRKAILPL TLILLLYRVV VLMMMIGTVD NNPDIPEPPN PPPPAKEAEE DRERRRRESR NKKVPRNTSN TAVGVVVVVI LMRISVDYIV 
GNM11805                        -KG-YAAFVQ LNADRGGDLM DPSTAISIFE NEKKELDSEI EEKESKDKKI FIFLIIGSGG GETKSSYFIF IILYKVAILV VGADSTKDGN KTKKKNKKVN KGHRKNVIPL SFLLLLLKTI LLMMMM-SVD NNPNIIDPGK PPPVAKE--E DNNRKRRNSR ADANTRKSSN TLVAEIIIAK LMKVTVDILR 
GNM12883                        -DK-KAAAVA ASTEGGGKIM PPTASAGLFQ DEKKNPQEDE DEEEDKTSTA FLFLLVGGGG GGNNSAMVFL IILMTIVILL LTVEKETDGK KKKKKKRRKG KAKKRLILVI FLLLLLLRTI VFMMMMGEIN NNYNHQPPAQ PPPPTKKAEQ DRTKRKRRNR KTRNGNRSSV TAVCVLVAAR QVQVDVDAVA 
GNM12892                        -EN-RAGAVA AAAEGGGKIT PPTAAAGLFE DETRDAQEDE DEELQKSASA FLFLLVGGGG GGNKTAMTFA VIMITIVILL LTIDKATDGK KKKKKKRRKS TEKKRIVVIL FLLFLLLRTV VLLMMMEEIN NNYNHQPPAQ PPPPTRQAEQ DRTRRKRRNR KTRNANKSSV TAVCVLVVTR LVQVDVDIVA 
GNM12895                        -DK-RASAVA ASNEAGNKLM PATIAAGLFE NEKKEADDEE DEEDEKVNSL FLFLLIGGGG GGNSSSMAYT IIMITIAILL VVIDKEEDGK KKKKKKKKKL KTKKKIILVI LILLLLLRLI IFMMMMEEIA NNFNYQPPPN PAPITRRAEQ DRNRKRKRNR SSRNTARSST TAICVIVIIR LVQVDVDNII 
GNM13061                        -----AAAAQ AAVDAAAPIV ATAAARALAE DEANKSDEDE EEEDTGRDRF FFFFMFGGGG GGGAGGGLIV IVVIIIYVIL LMVNKDGSGK KKKKKKKKKK KRKRKLVLLI LLVLVLLLVI LVMMMMGDNN NNNNAAPPPP PPPPIEELKQ RRRRRRRRSR DTKSSTRAST TATYILIVIL LTVIYVYYLY 
GNM13064                        -EK-QAAAAT AVNKNGDKML PPTLAISLFN DEKKNSQSDT EEEEEPKNKI FLFLLIGSGG GGSTSGVVFL ILILLVALIL LVIDAETDNK KNKRKQRKKL KSKR-TIIII LMILLLLKLV VYMMMMDEI- NDINYKPPPN PPTTPRKTSQ DKKRRKREGR DDKNTNYSAN SATCTIIFFR AVTVDVDFVT 
GNM13066                        -EK-KAAAAT AVNKNGDKML PPTLAISLFD DEKKNSQSDT EEEEEPKNKI FLFLLIGSGG GGSTSGIVFL ILILLVALIL LVIDSETDSK KTKRKQRKKM KSKR-TIIII LMILLLLKLI VYMMMMDEI- NDINYKPPPN PPTTPRQTSQ DKKRRKREGR DGKNTNYSAN SAICTIVFFR AVTVDVDFVT 
GNM11032                        -WSRKAAAVT AAEEAGNKLL NPPTVVILYS EERKARQAEV EEDRESTDKA FFFLPFAGGG GGQRTVYVAV FIILIIVILI LVVDQEKDGR KKKKKSKRSR KQKRSGVLII LLVLLLLRLV VYMMISNDVK NNPSYAEGPG PPPRPQES-Q DKLRKLRASN NGKNQRRTSN TAVAVIVLIL LVVATVDEVR 
GNM11034                        -WAPRAAAAA AAAEAGGKLL DPTTVVILYE EERKSRQAAV DEEEEETNKA FFFLPIAGGG GGQRSVYVAA IVVFVVVILL LVVDEEKDRK KEKKKKKRKV QQKRRAVLVL RLILLLLKVV VYMMIANNIK NNATFAPYSK PPPRPEESAQ DRLRKIRVST EGKNSRRSSN AAVAVIIVAL LLNVTVDEMR 
GNM11363                        -ER-KAAASA AVAEAGNKML QPTAAAALFT SDKKDAMEDE DEENERKNKL FIFLLLGGGG GGMSSTMAVV IILIMVAILL LIADKEGDGR KRKKKNKKKM KMKRRLVLVI FLLLLLLRLV VLMMMMNDIN NNFNYPPPPA PAPGVREAEQ DRTRRKRAER DNANQSSSSV TATCVLVVIR LVQVDVDAVA 
GNM11375                        -EK-SAASIA ATSEGGDKFM PPTAAVGQFE NEKKSADEEE DEEDGKTNTL FLFFLIGGGG GGSSTTMALV MMVITVAILL LIVDKIKDGE KKKKKKRKKH KKKRKMVFIL TFLLLLLRQI VFMMMMKDIA NNFNYQPPPN PPPTPKEAAQ DRTRRRKKRK TTKNKANSSN TAICVVVIVK VVSVDVDQIA 
GNM11381                        -DK-RAAAIA AVSEGGNKFM PPTAAVAQFD NEKKDTDEDE DEEKSKKNTL FMFLLVGGGG GGSSGVIALM MIVVIVAILM LYVDKAKDGS KKKKKKRKKH ENKKKMVFIL TLLLLLLRLI VFMMMMNEIN NNFNYQPPTS PPPGPKDADQ DRTKRRRTRR SARNQANTSI SAICTVILIK LVSVDVDQIA 
GNM11382                        -ER-RAAAIA AVSEGGNKFM PPTAAIAQFD NEKKDTDEDE DEEKSKRSTL FMFLLIGGGG GGSSGVVALL MIVIVVAILM LYVDKAKDGS KKKKKKRKKH ENKKKMIFIL TLILLLLRLI VFMMMMNEIN NNFNYQPPTN PPPGPKEATQ DRTKRRRAKR SARNQANSSI SAICTVIVIK LVSVDIDQIA 
GNM11841                        -PL-DAAAAD IYEEAGDDVT DPKVAMGVFD EDSRETNAEH EEENDPRRTI FVFLRVGGGG GGTNESYAVF FILLEIAVIL IALDADPDGE DEKKDNKRND EDDGEAILVL TLLLLLLKLL VMMMMM-VLE NDPDTTEPQK PPDEARRVEE DRDRDRRETQ DGDNGRDTTN TAVVSVVVVL LLRIAVDVVR 
GNM11931                        -PL-DAAAAD IADDAGDDTT DPAVAVAVFD SDARNTDAEH EEEEDPRRQV FVFLRVAGGG GGTNDSYAVF FVLLTIAVIL VAIDASPDGD DEKKTNKGND QENRDAILVM TLLLLLLKVL VMMMMM-VLD NDPDTQEPQK PPQEARRVEE DRDRDRRDSQ DDDNPRDTTN TAVVGVVVVL MLRIAVDVVR 
GNM12040                        -PL-QAAAAD VFEEAGDDTT DPAVAVGVFD EDSRNTEAEE EEQDSPRRQV FVFLRVGGGG GGTNSSYAIF FILLTIAVIL VAIDADPDGD DEKKDNKRND TETREAILVI TLLLLLLQLL VMMMMM-VLE NDPDITEPQK PPQGARRVDE DRDRDRRESQ DDDNGRDTTN TAVVSVVVMI MLRIAVDVVR 
GNM12071                        -PL-QAAAAD IYDDAGDDTT DPAVAKGVFD EDTRNTAREE EEEEDPRRQV FIFLRVGGGG GGTNESYSVF FILLTIAVII VALDADPDGE DEKKDNKRND EESRQAILII TLLLLLLKVL VMMMMM-VLD NDPDTTEPQK PPQSARLVDE DRDRDRRDGQ DDDNNRDTTN TAVVSIVVIL LLRIAVDVVR 
GNM12125                        -RH-RAAAAA ITEEAGNSIM NPAKVVVVWE QDKRKVEADE KEEQTPKSRV FIVLPVGGAG GGQSDAIVAV AIVLIIAVIL IILDGDPDAE KEKKRNKRRF KFKKKAVIIL LLLLLLLRVL VYMMMV-AID NNPRCPPPPN PPPRPKEVEQ DTLRKRRGKM DGANDRESAV TAVCVVVVVL LLQVTVDIVT 
GNM12126                        -QN-TAAAAA AVAEAGNGFL PPTAVV-VWD QDKKKVEADE QEERTPKGKV FIVLPVGGGG GGQKHIIAAV VILVVILILM LIL-RERDPK KLKKKNKKKA KRKRKGVLLL TMLLLLLSLL VYMMMAGEIK NDPRCPPPGN PPPRPQEMEE DRIRKRRQKN D-AQDRKSSV TAVCVVVVVV LLQATVDEVA 
GNM12128                        -LL-RALAAA AVSEVGTKIQ SAAAVL-LWS SERSANDTTE RDVEGPVHKV YFVFPVGSGG GDWNDSYTAV VVIIIIVILL LILYEEKGPE KEKKKKKRKI PEKKTLVIIL TILLLLIRQI AYMSMAGEVE NDPRCPKPGR PPPKARLLDQ DQLHKRRKRR K-AQDRQSAT TATCTVVVII LVQATMDFIY 
GNM12182                        -PA-VAPVAS VIEEMGSRYQ DPQAIVQIWE QEKKLRDAEE AEEESKTNNI FLFFPVGGGG GLQRSTYAST VILLTVPVLL LIVNGEPDGR KQKKKGKRKF KKKKKAVLVL TLLLLLIKEI IYQMMFESVD NASRNP-PSK PPPKPSQASQ DRLKRRRKAL DGKYDKSSSA SATLAIIVIL SMQATVQVVS 
GNM12342                        -LY-TAGLAA IYPEAGNKLL NPAAAVGVFE EEKKEAQKDA QTEQRPTNKV FIFLPVGGGG GGYKTTYVIF IIVIKILVIF III-KDKEGE KKKKKNRRRE PAKREAVIIL LLIMLLYKKV VLMMMMGKID NNAKHVEPPK PPPKAQELEQ DRLNRRREDV KKKHDRKSTT TAVAEAVFAR LMKINVDVVV 
GNM12346                        -KQ-YAAAAA IRAEAGQQLV DPTAAVGVFE EDKKTIEREE EEEEPPSKKI FVFLLVGGGG GGTKKSYAVF FILFAVAIIL IAIDTEPNGK KKKKKNKKSD KEKKEAILVI TLILLLLKVL VQMMMMGTID NDPDVTEPPK PPPPANKAAE DRTRPRRKAK TAHNARSSSN TAIADIIVIL YMRITVNIVR 
GNM12351                        -KH-YAAAAK IADDGGDQLV NPVTAVGLFE KDKKNMKKEE EERDTNSGKI FVFLLVGGGG GGTNKSYAIF FLLLVICVLI IAIDHEPNGD SRTKKKRKSE EESKKLVLVL TLILLLLKLL ITMMMMGALD NDPDCAEPAK PPTESNQAEE DSQRSRRESR DEKNQRNSSN TLVAEIILVI YMKIRVDIVR 
GNM12356                        -LY-TAAAAA ITPEAGNRLL NPAAAVGIFE EDKKESENDA QQENRPNSKV FIFLPTGGGG GGSKKTYAVF IVVIQILALL III-REKEGE KPKKKNKKSD PEQRDAILLL LLLLLLYKAV VFLMMMGKLD NNAKNPEPPK PPPQSQEMKQ DRLNKRRENS KKKHDRNSTN TAVANVVVAR MFKVTVDIVT 
GNM12357                        -LY-TAAAAA ASPEAGNRLL NPAAAAGIFE EDKKAVETDS QEENRATNAV FLFLATGGGG GGLKKTFAVF IVVIQILILL III-RAKEGE KPKKKNKKSE PAKREAIILL LLLLLLYQAV VFMMMMGALD NNGKHPEPPK PPPQAQEMTQ DRLNKRRESS SKKHDRNSTN TAVAQVIVAR MLKVHVGVVV 
GNM12366                        -LY-TAAAAA ASPEAGNRLL NPAAAAGIFE EDKKATEADA QEEKRATNKV FLFLSTGGGG GGLKKTFAVF IVVIQILIIL III-KAKEGE RPKKKNKKTE PEKRAAIILL LLLLLLYKAV VFMMMMGALD NNGKHPEPPK PPPQAQEMTQ DRLNKRRESA AKKHDRNSTN TAVAQVIVAR MLKVTVGVVV 
GNM12373                        -EL-LAGAAQ IWPEVGTQII DPTAAVGVFD EDTKE-EEDV EETNGPQKKV FIFLLVGGGG GGNNKSYSRM LIIIQIVVVI LTIDGEPHGN KKKKPKRRAD EQRKRAVMIV TLILLLLRSV ILMMMMGTVD NVPDYQEPPS PPPPAQAATE DRLRRRRRSK GGRNARGSSN TAVATIIIVI VMRVNVDLVR 
GNM12385                        -TM-LAGAAM IYPEVGGQII DPTAAVGVFE EDKRQVQEDE EESEGPKHKV FIFLKVGGGG GGVSKTYARF LIVIMIVVII LTIDSEPNGE KRKRPKRRSD EEVKKAVVIL TLILLLLRTV ILMMMMNRID NEQDYVEPPS PPPPAQTVSE DRLRRRRRSK GGHNARGSSN TAVATVIVVL MMKVTVRHVR 
GNM12551                        -WA-TAAAAA AVAKAGNDLM DPVAAEAVFE EDRKEVQEET QKRENPLRNI FIFVPVGGGG GGVREMYAVI IIVIKVAILM YIV-SEPGSE KRKKVRKRSM PREREPVIIL TLLLLLLHRI VAMMMMGRVD NNPDHPEPPK PAPRAEKAEE DRDRRRRESR NEDQDRRTTN TVACEVVVVV LLQVAVEVLE 
GNM12554                        -HL-LAGAAT IFPEVGQQII DPTAAVGLYD EDTKETQEDE EETEGPSKGV FIFLTVGGGG GGVNRTFSRF IVILMIVVVI LTIDSEPNGD RRKRPKRRAD KSVKKAIVIL TLVLLLLRTV ILMMMMKRID NAGDYPEPPQ PPPPSQTAEE DRQRRRRRSK AGRNARSSSN TAVCTIIIVI VMKVSVKLVR 
GNM12592                        -RR-YAAAAA ITQEAGNQMT DPTSAVGVFE KDKHSNQNDE ETRESPKTRI FVFLPVGGGG GGTNASYAIF FLLITIAVLL IAIDQEPNGA KRKKRGRKTE PETRKAVLVI TLLLLLLKLL VLMMMMGAID NNPDYPKKPD PPPPAKKASE DRVRKRRLSR DEKNQRDSIN TAVAEIVVVV FLRIRVDIVK 
GNM12596                        -KH-YAAAAK INEEGGNQLV DPTTAEAVLV EDKKQLDRDE EERESKSSKI FVFLLVGGGG GGTNKSYAVF FLLIIIAVLL IALAREPNGA VRTKKNRKNE KEVKKAILVM TLLLLLLQLL VKMMMMGGLD NDPDCIDPPK PPMDSKKAEE DSIRNRRETK DARNQRNSAN TVVGEIVVVV FMRIRVDIVR 
GNM12602                        -RH-YAAAAK VNEEGGNLLV DPTIAEAVLV DDKKQLDRDE EERESKSSKI FVFLLVGGGG GGTNKSYAVF FLLIIIAVLL IALAREPNGA TRTKKNRKNE KEVKKAILIV TLLLLLLQLL VKMMMMGGLD NDPDCIDPPK PPLDSRKAEE DSTRTRRETR TSRNQRNSAN TVIGEIVVVL FMKIRVDIVR 
GNM12665                        -KH-YAAAAK INEEGGNQLV DPTTAEAVLV EDKKQLDKDE EERESKSSKI FVFLLVGGGG GGTNKSYSVF FLLIIIAVLL IALAREPNGA VRTKKNRKNE KEVKKAILIM TLLLLLLQLL VKMMMMGGLD NDPDCIDPPK PPMDSRKAEE DSIRNRRESK NARNQRNSAN TVVGEIVVVI FMRIRVDIVR 
GNM12745                        -SK-LAAAAA IFTKAGSKIL NPTAATGVFE EDKNGVQEED QEEENPTDKL FLFIPLGGGG KGISEVYAVI IIIIKIAVVV VVIDREKDGQ KRKKRNKRND PSNKEAILPM TLLLLLLRYL VLMMMMGELD NNADYPEPPK PPPKVQKAEQ DRTRPRREAK DKKQDRNSTT TVIAEIVIML LIQVSFDLVV 
GNM12749                        -DF-LAGAAT IWPEVGGQII DPTAAVGVFE EDKKEVEEDL EETDGPTKKV FIFLMIGGGG GGSKSTYARF LVIMQIVVIM LTIESEPNGE KKKRPKRRSD EEKKRAVIIL TLILLLLRTI ILMMMMGRID NAADHPEPSM PPPPSQKSEE DRLRRRRRSK AGRQQRSSSN TAVATIIVVK VMKVTVQLLR 
GNM12758                        -RN-LAAAAI IFPEAGTKIL NPAAAVGVFD EDKKNVKEED QEEETPTQKL FFFIPVGGGG KGVDDIYAVV ILVIKIAVLV VIVDRERDGN KRKKRNKRNE PQKKKAVLPL TLLMLLLRLI VLMMMMGELD NNADYPEPPK PPPKVQKAEQ DKLRKRRESK DKKQDRNSTN TAVAELVMMK MVQVTVESVT 
GNM12763                        -ES-LAAAAV VFPMAGNDIL DPAAAVGVFE EDKKKIDKEK QERNDPKNKI FFFLPIGGGG NGVNDVYAVV IIVIKIAVLL LIIDREKDGN KKKKRNKRSK KKNKKAVIIL TLLLLLLRII VLMMMMGEVD NNPNYPEPPK PPPKTNEAKE DRRRRRRESR DKGQDRKSTN TAVAEVVMVK LVQVTVEVIA 
GNM12766                        -LY-TAAAAI IYPEAGNRLL NPAAAVGIFE EDKKEAQKDA QEEQRPTNKV FLFLPVGGGG GGIKKTYAIF IVVIKILVVL IVV-KEKEGE KKKKKNRRSE PAKREAIVLL LLLLLLYKAV VLMMMMGKLD NDAKHPEPPK PPPEAQELRQ DRLNRRRESV KKKHDRNSTN TAVAEVVFAR MLKVNVDVVT 
GNM12841                        -PQ-DAAAAD VYEDAGDDTT DPAVAVGVFD EDSRNTAAEF EEEDDPRRHV FVFLRVGGGG GGTNESYAVF FILLTIAVIL IAVDTDPDGD DEKKDNKRAD EEDGEAILVL TLLLLLLKLL VMMMMM-VLE NDPDTTEPQK PPQSARRVSE DRDRNRRDTQ DDDNDRDTTN TAVVSIIVVM LLRIAVDVVR 
GNM12849                        -DK-AAASIA AVSEGGNKFM SPTAAIAQFD DEKKTSDADE DEEDGKTATL FLFFLIGGGG GGAATAIALM MMVVTVAILM LIVDKIKDGA KKKKKKRKKH QKKRKMVFIL TFLLLLLRQV VFMMMMKEIA NNFNYQPPPN PPPSPKEATQ DRVRRRRRRK TAKNQANSSV TAICVLVVIK IVTVDIDQIA 
GNM12869                        -EK-SAASIA ATSEGGNKFM PPTAAIGQFE DEKKSADEDE DEEDGKKSTL FLFFLIGGGG GGSSTTMALV IMVITVAILL LIVDKIKDGA KKKKKKRKKH AKKRKIVFIL TFLLLLLRTI VFMMMMKEIA NNFNYQPPPN PPPNPKEAAQ DRTRRRKKRK TAKNQANSSN TAICVVVIVK IVSVDVDQVA 
GNM12896                        -DK-LAASIA ATSQGGNKIL PPTAAIGPFT SETRESDEDE DEEQDKKGSL FIFFLIGGGG GGSSSLMVFL IILVTIAILL LIVDKAKDGS KKKKKKRKKN EGKKKMVLII TMVLLMLRVI VFMMMMNEIN NNFNYQPPAS PPPSIKDAKQ DRNRRRRQKR TSKNSANASV SAICTMVVIK VVSVDVDQIT 
GNM12897                        -DK-LAASIA ATSQGGNKIL PPTAASGPFA TETKESDEDE DEEQDKKGAL FIFFLIGGGG GGSSSLMLFL IIVVTIAILL LIVDKAKDGS KKKKKKRKKN QGKKKMVLII TMVLLMLRVV VFMMMMNDIN NNFNYQPPAG PPPSIKDAKQ DRNRRRRQKR TSKNTANASV SAICIMVVIK VVSVDVDQIT 
GNM12902                        -PG-YASFAQ FNADKGGDLM DPSTAIVVFE SEKKELDSEV EERNSKLKKI FIFLRIGGGG GETKSSYYIF IIVFRVAILI VSADSNKDGN KKKKKNKKSV KKRRKEVLPY TFVLLLLKLI TLMMMI-TVD NDPNVVDPSK PPPPAKA-EE DNSRKRRKSR EDDNTRNSSN TVVAEIIIIK LLRITLDVIR 
GNM12903                        -RQ-SAAIAV AVSQEGNKVF DVPVAVSVFD EEAKENEAAN PLEATPKEKV FIFLPFGGGG GGVKHFYLIV FLVIEIVIIL IIVDREKG-N KKKKKRRRSL PQKRKKVLVL KLVVLFFRVV ILQMMMGKVN NNPNYPPPPL PPPRPSEAKQ DRLRRRRGDR GGKYDRKSAV TAVALVVVLL LLELSADEIE 
GNM12906                        -KQ-AAAIAV IVSQEGNKVF DVPTAISIFD EEARENEAVN PLESTPREKV FIFLPVGGGG GGVRHIYLII FLVIEIVVIL IIVDRAKE-N KKKKKRRRSL PQKRKKVLVL KLIVLFFRVI ILQMMMGKLN NNPNYPSPPL PPPRPNEAKQ DRLRRRRSER GGKYDRKSSV TAVALVVVIL LLELAADEIE 
GNM12907                        -RQ-AAAIAV IVTEEGNKVF DVPAAVAIFQ EEDRENEAAN PLEKTPREKV FIFLPIGSGG GGVRHLYLII FLVIEIVVIL IIVDRTKG-N KRKKKRRRSL KQKRKKVLVL KLVILFFRTL VLQMMMGKIN NNPNYPPPPL PPPRPQEAKQ DRLRRRRGDR GGRYDRKSVV TAVALVVVIL LLELAADEIE 
GNM12909                        -RQ-AAAIAV IVAQEGNKLF DVPVAVAAFD EEKRENEAAN PLESTPREKV FIFLAIGGGG GGVRHLYLIV FLAIEVVVIL IIVDREKD-N KVKKKRRRNL PQRRKKILIL KLIILFFKTL ILQMMMGKVN NNPNYPPPPL PPPRPQEARQ DRLRRRRSGR TGRHDRKSSV TAVALVVVIL LLELSADEIE 
GNM12915                        MES--AAAAS IYPEAGTRIV NVATAVAVFA EEKKEVEQAI ELEESPTNKV FFFLPVGGGG NGVKDLYAYV IIVIVILVIV IAIDGEKDGR KKKKPNRRKE PKKKRAVLLL TILLLLLKEI VLMMMMGEIN NSPKYKEPPR PPPSAAELAQ DKKQRRRESR KQKQPRKSTN TAVAEVVVVK LLNITVDVVA 
GNM10046                        LES--AAAAT IYPEAGTRIV DVAAAVAIFA EEKKEVEQAI ELEKSPTNKV FFFLPVGGGG NGVKDLYAYV IVVIVILVIV IAIDGEKDGK KKKKPNRRKE PKKKRAVLLL TILLLLLKEI VLMMMMGTIN NSPKYREPPR PPPSAAELAQ DKKQRRRESR KSKQPRKSTN TAVAEVVVVK LLNITVDVVA 
GNM12918                        MEN--AAAAT IYPEAGTRIV NVAAAVAVFA EEKKEVQQAI ELEESPTNKV FFFLPVGGGG NGVKDLYAYV IIVIVILVLV IAIDGEKDGR KRKKPNRRKE PKKKRAVLIL TILLLLLKEI VLMMMMGEID NSPKYREPPR PPPSAAELAQ DKKQRRRESR KKRQPRKSTN TAVAEVVVVK LLNITVDVVA 
GNM12931                        -AH-RAAAAA AISEAGASVM DPTTVI-VWD LEVKNKDDEE REEETPKSIM FIVLPVGGGG GGQSDNVVAL VIVIVIAILL LILHTIPDGA KEKKKNKRRQ KEKKRAIVIL TLLLLLLKEL VYMMMIGVVD NSPRCPPPAN PPPRPKKGQQ DRNRKRRAKL D-ANDRQSAV TAICTVIVIV LPQATVDFIR 
GNM12938                        -ET-VAPVAA AIEELGTKYQ DPQAIVQVWE Q---NKDPEE NEE-TK-NRI -LF-PVGGGG GFQRSTYAAV VLLITVPIL- L-VNNE--VK KKKKK-KRKI -QKKK-VLIL TLLLLLAKEI VFMMMFSS-D NQNRNP-PAK PPPRAY-A-- -RLKRR-KNL DGRNEKR-S- T-VLI-V-I- SMQATVEP-A 
GNM12996                        -AQ-TAPIAA AIEELGTKYQ DPPAIVQVWE QEKKLKDAQE AEEDTKVNKI FLFFPVGGGG GIQRTTYAAT VILLTVPILI LIVNSEPEYK KKKKKNKRKL KQKKKSVLIL TLLLLL-KEI IFQMMFESVD NNNRNP-PAG PPPKVYLASQ DRLKRRRRNL NGRKDKRSST TATLIVVVIL SMQVTVDVLV 
GNM13018                        -AQ-TAPIAA AIEELGTKYQ DPPAIVQVWE QEKKLKDAQE AEEATKVNKI FLFFPVGGGG GIQRTTYAAT VVLLTVPILI LIVNSEPEYK KKKKKNKRKL KQKKKSVIIL TLLLLL-KEI IFQMMFESVD NNNRNP-PAG PPPKVYLASQ DRLKRRRKNL SGRKDKRSST TATLIVVVIL SMQVTVDVLV 
GNM13027                        -EA-VAPIAA AIEEIGAKYQ DPQAVVQVWE QEKKLRDAQE AEEETKTNKI FLFFPVGGGG GFHRATYAAV ILLLTVPILL LIVNNEPGVK KKKKKNKRKL KQKKKAVLIL TLLLLLAKEI LFMMMFETID NQNRNP-PAK PPPKISVANQ DRLKRRRKAL DGRNDKRSST TATLIVVVIL SMQVTVDPLT 
GNM13046                        -DK-RAASIA AVSEGGNKFM PPTAASAQFD NEKKDADEDE DEEEDKKSAL FLFFLVGGGG GGSSSVMAIM MIVIIVAILL LIVDKLKDGS KKKKKKRKKN ESKKKMVMIV TLLLLLLRLV VFMMMMKEIN NNFNFQPPPN PPPNIKEASQ DRVKRRRRRR TAKNKSNSSV TAVCTMVLIK LVSVDVDQIA 
GNM13074                        LEN--AAAAT IYPQAGTKIV NVATAVAVFE EEKKNVKEAI ALEESPTNKV FFFLPVGGGG NGVKDLYAYV IVVIVILVIV IAIDGEKDGK KKKKPNRRRE PKKKKAVLLL TILLLLLKEI VLMMMMGEIN NSPKYREPPR PPPGAAELAQ DKKQRRRESR TKKQPRKTTN TAVAEVVVVK LLNITVDVVA 
GNM10010                        LEN--AAAAT AYPQAGTKIV NVAAAVAVFE EEKKNPKEAI ALEESPTNKV FFFLPIGGGG NGVKDLYAYV IVVIQILILM IAIDNEKDGR KKKKPNRRRE PRKKKAVLLL TLLLLLLKEI VLMMMMGEIN NSPKYREPPR PPPGAAELAQ DRKQRRRESR DKKQPRKTTN TAVAEVVVVK LLNITVDVVA 
GNM10014                        MEN--AAAAT AYPEAGTKIV NVAAAVAVFE EEKKEPKQAI ALEESPTNKV FFFLPIGGGG NGVKDLYAYV IVVIVILILM IAIDNEKDGK KKKKPNRRRE PKKKKAVLLL TLLLLLLKEI VLMMMMGEVN NSPKYREPPR PPPGAAELAQ DKKQRRRESR DKKQPRKTTN TAVAEVVVVK LLNITVDVVA 
GNM13090                        MEN--AAAAT AYPQAGTKIV NVAAAVAVFE EEKRAPKQAI ALEESPTNKV FFFLPVGGGG NGVKDLYAYV IVVIQILILV IAIDNEKDGK KKKKPNRRRE PSKKKAVLLL TLLLLLLKEI VLMMMMGEIN NSPKYREPPR PPPGAAELAQ DRKQRRRESR DKKQPRKTTN TAVAEVVVVK LLNITVDVVA 
GNM13118                        -PP-IAAAAV AVAEAGNKLT APPAAVGVFD QEKREAHADL QTEEDRTAKI FLFLPFGGGG GGQRSMYAYI IIIVQVAILM LIIDKEKD-E KKKKKRKRKR KRKKKAVLLL LILLLLFRLI VFQMMMGDVD NDPNYKPPP- PPPKPKEAVQ DRLRKRRKRR TNDNDRKSST TAVAVVVVIL LVEVVVDAIE 
GNM13126                        -AS-FAGFVQ ISPDKGGNLL DPATAVAIFE SESKKVKAET EERRGNENKI FIFLLVGGGG GDTNSSYSVF FIIFRIAVII IAADGEPDGG KEKKKKKKSM QQKRRAVIPI TFILLLLKSI VLMMMM-AVN NDPNAQEPAR PPPAAKEVEE DNNRKRRKSK SERNTRNSTN TIVAEVIVIK LMAITVYLVR 
GNM13128                        -HS-YAGFVQ ISPDKGGNLL DPAAAVAVFE SEEKKVKAET EERKGKENKI FIFLLVGGGG GETNSSYSVL FIIFRVAVII IAADGEPDGG KQKKKKKKTM QDKRKAIIPL TFILLLLKAI ILMMMM-VIN NDPNAQEPAR PPPPAKAVQE DANRKRRKNK SEKNTRNSTN TVVVEIIVVK LMSITIYLVR 
GNM13208                        -RQ-AAVIAA VVSQEGNKVF DVPTAVALYD EDRRDNEEAN PLEDGPVEKV FIFLPIGGGG GGVRSLYLII FLVIEVVVVL IIVDAARD-N KAKKKKRRNL RRKRRGILVL KLILLFFKTV VLQMMMGKIN NKPSYSPPPL PPPRPAEAAQ DRLRRRKARR AGAHDRKSSV TAAANLVIIL LLEISADPIE 
GNM13210                        -MG-MAAAAA AVAEAGSSLL DPTSVV-VWS QESRRQDQEE REEVSPKANI FLVLPFGGGG GGQNDTLTAL VIMIVIAILM LVVFSAKDGA KEKKKKKRKS GTKKKAVIVL TILLLLLEEL VYMMMPGSIE NGPRCPPPAA PPPSTKKADQ DRQRKRRSRV D-DNDKDTSV TAVCTVVVIL LPQVTVDVLL 
GNM12773                        -IK-IAALAA ITEEAGNANL NPAAAVFIVK TDKKKNKEEE EQESETARKI FIFIPIGGGG GGIKTMFVVI FIVIVIAIIL IILDGDKEGK KKKKKKRKKQ EAKKRAVIIL TLLFLLLRLL VHMMMLKSIN NKPQYPKPAR PPPKPKESSQ DKLRKRRNYV DGKNPRNSTD SAVCILVVLK LMQVTVDEIV 



    1    1    1    1    1    1    1    1    1    1    1    1    1    1    1
    1    1    1    1    1    1    1    1    1    1    1    1    1    1    1
    1    1    1    1    1    1    1    1    1    1    1    1    1    1    1
    1    1    1    1    1    1    1    1    1    1    1    1    1    1    1
    1    1    1    1    1    1    1    1    1    1    1    1    1    1    1
    1    1    1    1    1    1    1    1    1    1    1    1    1    1    1
    1    1    1    1    1    1    1    1    1    1    1    1    1    1    1
    1    1    1    1    1    1    1    1    1    1    1    1    1    1    1
    1    1    1    1    1    1    1    1    1    1    1    1    1    1    1
    1    1    1    1    1    1    1    1    1    1    1    1    1    1    1
    1    1    1    1    1    1    1    1    1    1    1    1    1    1    1
    1    1    1    1    1    1    1    1    1    1    1    1    1    1    1
    1    1    1    1    1    1    1    1    1    1

AAML (in paml version 4.9h, March 2018)  tmp0033.txt
Model: Empirical,  (../wag.dat) dGamma (ncatG=4) ns = 146  ls = 190


Frequencies..
                                    A      R      N      D      C      Q      E      G      H      I      L      K      M      F      P      S      T      W      Y      V
GNM13746                       0.12973 0.05405 0.04865 0.04324 0.00000 0.02703 0.06486 0.05946 0.00000 0.08649 0.09189 0.11892 0.02162 0.03784 0.05405 0.04865 0.02162 0.00000 0.02162 0.07027
GNM13671                       0.09524 0.06878 0.04233 0.05291 0.00529 0.01587 0.08466 0.05291 0.00529 0.10582 0.08995 0.11640 0.01587 0.02116 0.05820 0.04233 0.03175 0.00000 0.02116 0.07407
GNM13876                       0.10053 0.05820 0.03704 0.02116 0.00000 0.02646 0.09524 0.05820 0.00000 0.05820 0.09524 0.13228 0.00529 0.01587 0.04762 0.04233 0.04762 0.00000 0.01587 0.14286
GNM13680                       0.11702 0.06915 0.05851 0.04787 0.00532 0.03191 0.05851 0.06915 0.00532 0.04787 0.08511 0.11170 0.03723 0.03191 0.04787 0.03723 0.04787 0.00000 0.00532 0.08511
GNM14249                       0.10106 0.04255 0.04787 0.04787 0.00532 0.03191 0.04787 0.05851 0.00532 0.08511 0.06915 0.13830 0.03723 0.04787 0.04787 0.05319 0.05851 0.00000 0.00532 0.06915
GNM13928                       0.09043 0.04255 0.04255 0.04787 0.01064 0.03191 0.06383 0.05319 0.00532 0.09574 0.07447 0.14362 0.02660 0.04787 0.04255 0.03723 0.06915 0.00000 0.00532 0.06915
GNM14865                       0.08556 0.08021 0.03743 0.13904 0.00000 0.02139 0.08021 0.06417 0.00000 0.03743 0.09626 0.02674 0.02674 0.03209 0.04813 0.02674 0.07487 0.00000 0.01070 0.11230
GNM13455                       0.11170 0.04787 0.03191 0.05319 0.00532 0.04255 0.05319 0.05319 0.00532 0.07447 0.06915 0.13298 0.04787 0.04787 0.04255 0.04255 0.04787 0.00000 0.00532 0.08511
GNM14938                       0.13228 0.08466 0.04233 0.02646 0.00000 0.02116 0.08995 0.04233 0.00000 0.05291 0.08995 0.09524 0.02116 0.02646 0.04762 0.04233 0.03704 0.00529 0.02116 0.12169
GNM14483                       0.11170 0.04787 0.04787 0.05851 0.00532 0.02660 0.04255 0.06383 0.00000 0.05851 0.08511 0.13298 0.02660 0.02128 0.05851 0.05319 0.04787 0.00000 0.01596 0.09574
GNM14872                       0.10638 0.06915 0.05319 0.03723 0.00532 0.03191 0.06915 0.09043 0.00532 0.04787 0.09043 0.11170 0.03723 0.03191 0.04787 0.02660 0.04787 0.00000 0.00532 0.08511
GNM13855                       0.09043 0.07447 0.04787 0.05319 0.00532 0.03191 0.04787 0.06383 0.00000 0.06383 0.09043 0.09574 0.04255 0.03191 0.04787 0.07447 0.04787 0.00000 0.01064 0.07979
GNM14445                       0.08511 0.05851 0.05851 0.03723 0.00532 0.02128 0.07979 0.05851 0.00000 0.08511 0.07447 0.11170 0.04255 0.03723 0.05851 0.05851 0.03191 0.00000 0.01064 0.08511
GNM14404                       0.05319 0.06915 0.04255 0.05319 0.00532 0.02128 0.05319 0.07979 0.00000 0.08511 0.10106 0.09043 0.03191 0.03723 0.04787 0.06383 0.04787 0.00000 0.02660 0.09043
GNM14545                       0.05319 0.06915 0.04255 0.05319 0.00532 0.02128 0.05319 0.07979 0.00000 0.08511 0.10106 0.09043 0.03191 0.03723 0.04787 0.06383 0.04787 0.00000 0.02660 0.09043
GNM14366                       0.08511 0.05851 0.05851 0.06383 0.00532 0.02660 0.04255 0.05851 0.00532 0.07979 0.07447 0.11702 0.04787 0.03723 0.04255 0.06915 0.03723 0.00000 0.01064 0.07979
GNM14252                       0.10106 0.04255 0.04787 0.05319 0.00532 0.02660 0.05319 0.05851 0.00532 0.07979 0.06915 0.13830 0.04255 0.04787 0.04787 0.05319 0.05319 0.00000 0.00532 0.06915
GNM13760                       0.07979 0.04787 0.04255 0.05851 0.00532 0.02660 0.05319 0.05851 0.00532 0.06915 0.07447 0.14362 0.04255 0.04787 0.04787 0.04787 0.06915 0.00000 0.00532 0.07447
GNM13982                       0.10106 0.04787 0.05851 0.06915 0.00532 0.01596 0.04255 0.05851 0.00532 0.05851 0.09574 0.13830 0.04255 0.04255 0.04255 0.03723 0.04787 0.00000 0.01596 0.07447
GNM13960                       0.10106 0.03723 0.04255 0.05851 0.00532 0.02128 0.05851 0.05319 0.00000 0.06383 0.06915 0.14894 0.05851 0.04255 0.04255 0.06383 0.04255 0.00000 0.00532 0.08511
GNM14633                       0.09043 0.04255 0.06383 0.05851 0.00532 0.02128 0.05319 0.05319 0.00000 0.05851 0.10638 0.14362 0.04255 0.03191 0.04255 0.05319 0.03723 0.00000 0.01596 0.07979
GNM14853                       0.09043 0.04255 0.06383 0.05851 0.00532 0.02128 0.05319 0.05319 0.00000 0.05851 0.10638 0.14362 0.04255 0.03191 0.04255 0.05319 0.03723 0.00000 0.01596 0.07979
GNM14174                       0.06915 0.04787 0.03723 0.05319 0.00000 0.02660 0.05851 0.06915 0.00000 0.07979 0.10106 0.14362 0.03723 0.03191 0.05851 0.02660 0.03191 0.00000 0.01064 0.11702
GNM14138                       0.10106 0.05319 0.04255 0.02660 0.00532 0.04255 0.08511 0.05851 0.00532 0.08511 0.06915 0.12766 0.04255 0.02128 0.04787 0.04787 0.02660 0.00000 0.01064 0.10106
GNM14055                       0.07979 0.04787 0.06383 0.05319 0.00532 0.02128 0.06915 0.05319 0.00532 0.10106 0.07979 0.14362 0.03723 0.03723 0.04255 0.04255 0.04787 0.00000 0.00532 0.06383
GNM14748                       0.10106 0.03723 0.05851 0.04787 0.00532 0.02660 0.05851 0.04787 0.00532 0.07447 0.06383 0.14362 0.03723 0.04787 0.04787 0.04255 0.06383 0.00000 0.00532 0.08511
GNM14246                       0.08511 0.07447 0.04255 0.03723 0.01064 0.04255 0.08511 0.07447 0.00532 0.09043 0.10638 0.09574 0.03723 0.01596 0.05319 0.02128 0.05851 0.00000 0.00532 0.05851
GNM14640                       0.08511 0.06915 0.04787 0.04255 0.00532 0.04787 0.06915 0.06915 0.00532 0.09574 0.09574 0.11170 0.03723 0.01064 0.06383 0.02660 0.02660 0.00000 0.00532 0.08511
GNM14965                       0.10638 0.07979 0.04255 0.04787 0.00532 0.03723 0.06383 0.06383 0.00532 0.05319 0.09574 0.09574 0.02660 0.03191 0.04255 0.02128 0.08511 0.00000 0.00532 0.09043
GNM13677                       0.09524 0.05820 0.03704 0.02116 0.00000 0.02646 0.09524 0.05820 0.00000 0.05820 0.09524 0.13228 0.00529 0.01587 0.04762 0.04762 0.04762 0.00000 0.01587 0.14286
GNM14339                       0.12169 0.08466 0.04762 0.03704 0.00000 0.03704 0.08466 0.04233 0.00529 0.07407 0.08466 0.07407 0.02116 0.03175 0.04233 0.05291 0.01058 0.00529 0.00529 0.13757
GNM14593                       0.08995 0.06878 0.04233 0.04233 0.00529 0.00529 0.08995 0.05291 0.00529 0.12698 0.07937 0.13757 0.01587 0.02116 0.05291 0.05291 0.03175 0.00000 0.02116 0.05820
GNM13825                       0.13228 0.09524 0.04233 0.03704 0.00000 0.02116 0.07937 0.04233 0.00000 0.05291 0.09524 0.08995 0.01587 0.02646 0.04762 0.03704 0.03704 0.00529 0.02116 0.12169
GNM14768                       0.12169 0.08466 0.03704 0.04233 0.00529 0.04233 0.07407 0.05820 0.00000 0.10053 0.09524 0.10053 0.02646 0.02116 0.05291 0.03704 0.01587 0.00000 0.01587 0.06878
GNM14776                       0.11640 0.07937 0.03704 0.04233 0.00529 0.03704 0.07407 0.05820 0.00529 0.10582 0.09524 0.10582 0.02646 0.02116 0.05291 0.03704 0.01587 0.00000 0.01587 0.06878
GNM14715                       0.07447 0.05851 0.05319 0.05319 0.00532 0.02660 0.04255 0.07979 0.00000 0.05319 0.09574 0.12234 0.02660 0.02128 0.05851 0.06383 0.04255 0.00000 0.01596 0.10638
GNM14639                       0.06383 0.05319 0.04787 0.04255 0.00532 0.03723 0.06915 0.06383 0.00000 0.09043 0.11170 0.12766 0.02660 0.03723 0.05851 0.04255 0.05319 0.00000 0.02660 0.04255
GNM13795                       0.10106 0.03723 0.05319 0.04787 0.00532 0.02660 0.06383 0.04787 0.00000 0.07979 0.06915 0.14362 0.03723 0.05319 0.04787 0.04255 0.06383 0.00000 0.00532 0.07447
GNM14166                       0.07979 0.04255 0.04787 0.05851 0.00532 0.03191 0.03723 0.05851 0.00000 0.10106 0.07447 0.12766 0.05319 0.03723 0.04255 0.06915 0.06915 0.00000 0.00532 0.05851
GNM14450                       0.08511 0.06383 0.06915 0.05319 0.00532 0.01596 0.07447 0.04787 0.00000 0.11702 0.09574 0.11702 0.03723 0.02660 0.03191 0.05319 0.04255 0.00000 0.01064 0.05319
GNM13515                       0.09043 0.04787 0.06915 0.05851 0.00532 0.02128 0.05851 0.04787 0.00000 0.09043 0.11170 0.14362 0.03723 0.03723 0.03723 0.04787 0.03723 0.00000 0.01596 0.04255
GNM13745                       0.07487 0.05882 0.06952 0.05882 0.00535 0.00535 0.05348 0.04813 0.02139 0.09626 0.09626 0.11765 0.03209 0.03743 0.04813 0.05882 0.03743 0.00000 0.01070 0.06952
GNM14959                       0.09677 0.08065 0.03763 0.06452 0.00538 0.03763 0.05914 0.04301 0.00000 0.07527 0.07527 0.10215 0.03763 0.03763 0.05376 0.01613 0.05376 0.00000 0.01075 0.11290
GNM13413                       0.11290 0.05914 0.02151 0.06452 0.01075 0.04301 0.04301 0.09140 0.00000 0.08065 0.08602 0.09140 0.03226 0.01613 0.04839 0.03763 0.04301 0.00538 0.00538 0.10753
GNM14990                       0.10638 0.03723 0.04255 0.05851 0.00532 0.02128 0.05851 0.05319 0.00000 0.06915 0.06915 0.14894 0.05851 0.04255 0.04255 0.06383 0.04255 0.00000 0.00532 0.07447
GNM15005                       0.10106 0.03723 0.04255 0.05851 0.00532 0.02128 0.05851 0.05319 0.00000 0.06383 0.06915 0.14894 0.05851 0.04255 0.04255 0.06383 0.04787 0.00000 0.00532 0.07979
GNM14992                       0.09626 0.03743 0.05348 0.05348 0.00535 0.02139 0.06417 0.05348 0.00000 0.06952 0.07487 0.14439 0.05348 0.04278 0.03743 0.06417 0.04813 0.00000 0.00535 0.07487
GNM15013                       0.09574 0.03191 0.04787 0.05851 0.00532 0.02128 0.05851 0.05319 0.00000 0.06383 0.06915 0.14894 0.06383 0.04255 0.04255 0.06383 0.04787 0.00000 0.00532 0.07979
GNM15014                       0.10106 0.02660 0.04255 0.05319 0.00532 0.02128 0.06383 0.05319 0.00000 0.06915 0.06915 0.15957 0.06383 0.04255 0.04255 0.06383 0.04255 0.00000 0.00532 0.07447
GNM14976                       0.10106 0.03191 0.04255 0.05851 0.00532 0.02128 0.05851 0.05319 0.00000 0.06383 0.06915 0.14362 0.06915 0.04255 0.04255 0.06383 0.04787 0.00000 0.00532 0.07979
GNM15022                       0.09574 0.03191 0.04255 0.05851 0.00532 0.02128 0.05851 0.05319 0.00000 0.06915 0.06915 0.14894 0.06383 0.04255 0.04255 0.06915 0.04255 0.00000 0.00532 0.07979
GNM15018                       0.09574 0.04787 0.04255 0.05851 0.00532 0.02660 0.05851 0.05319 0.00532 0.05851 0.06915 0.13830 0.04787 0.04787 0.04787 0.04787 0.05851 0.00000 0.00532 0.08511
GNM15025                       0.06915 0.04255 0.05851 0.04787 0.00532 0.02128 0.06915 0.05319 0.00532 0.10106 0.05319 0.13830 0.05319 0.04255 0.04255 0.05851 0.06383 0.00000 0.00000 0.07447
GNM15024                       0.09043 0.04255 0.04255 0.05319 0.00532 0.02660 0.05319 0.05851 0.00532 0.06915 0.06915 0.13830 0.04255 0.04787 0.04787 0.06383 0.05851 0.00000 0.00532 0.07979
GNM14980                       0.09043 0.04255 0.04255 0.05319 0.00532 0.02660 0.05319 0.05851 0.00532 0.06915 0.06915 0.13830 0.04255 0.04787 0.04787 0.06383 0.05851 0.00000 0.00532 0.07979
GNM15000                       0.09043 0.04255 0.04255 0.05319 0.00532 0.02660 0.05319 0.05851 0.00532 0.06915 0.06915 0.13830 0.04255 0.04787 0.04787 0.06383 0.05851 0.00000 0.00532 0.07979
GNM15027                       0.09574 0.08511 0.04787 0.05319 0.01064 0.04787 0.04255 0.05319 0.00000 0.07979 0.10106 0.07447 0.03723 0.03723 0.06383 0.04255 0.02128 0.00000 0.01596 0.09043
GNM15019                       0.09574 0.04255 0.04787 0.05319 0.00532 0.02660 0.05319 0.04787 0.00000 0.11170 0.07447 0.14362 0.02660 0.04787 0.04255 0.04787 0.06383 0.00000 0.01064 0.05851
GNM15003                       0.10638 0.03723 0.04255 0.05851 0.00532 0.02128 0.05851 0.05319 0.00000 0.07447 0.06915 0.14894 0.05851 0.04255 0.04255 0.05851 0.04255 0.00000 0.00532 0.07447
GNM11003                       0.07487 0.04813 0.02139 0.04278 0.00000 0.03743 0.07487 0.04813 0.01070 0.08021 0.09091 0.12299 0.02674 0.03209 0.06417 0.05348 0.07487 0.00535 0.01604 0.07487
GNM11023                       0.09189 0.09189 0.04324 0.04324 0.01081 0.04324 0.07027 0.06486 0.00541 0.07027 0.10270 0.09189 0.02162 0.01081 0.05405 0.02703 0.01622 0.01081 0.01622 0.11351
GNM11055                       0.08511 0.07447 0.04787 0.05319 0.00000 0.01064 0.07979 0.04787 0.00000 0.08511 0.05851 0.13298 0.03191 0.03191 0.07447 0.02660 0.04787 0.00000 0.01064 0.10106
GNM11146                       0.08108 0.09730 0.02162 0.08649 0.00541 0.03243 0.03784 0.04865 0.00000 0.07027 0.08108 0.09730 0.02703 0.01622 0.05946 0.04324 0.04865 0.00541 0.02703 0.11351
GNM11220                       0.06383 0.09043 0.03723 0.05851 0.00532 0.01596 0.06383 0.06383 0.00532 0.08511 0.11702 0.09574 0.02128 0.02660 0.05319 0.02660 0.04787 0.01064 0.01596 0.09574
GNM11222                       0.10160 0.08556 0.03209 0.05348 0.00535 0.02139 0.08021 0.05882 0.00000 0.06417 0.10695 0.10695 0.03209 0.02674 0.06952 0.02674 0.03209 0.00000 0.01070 0.08556
GNM11223                       0.07487 0.12299 0.03209 0.04278 0.00535 0.02674 0.09091 0.05882 0.00000 0.09626 0.09626 0.07487 0.03209 0.03209 0.04813 0.02674 0.04813 0.00000 0.00535 0.08556
GNM11224                       0.06952 0.12299 0.03743 0.03743 0.00000 0.03209 0.09091 0.05882 0.00000 0.09091 0.09091 0.07487 0.03743 0.03209 0.04813 0.04278 0.04813 0.00000 0.00535 0.08021
GNM11225                       0.09043 0.11702 0.04255 0.03723 0.00532 0.03191 0.07447 0.06915 0.01064 0.11170 0.06915 0.06383 0.03723 0.02128 0.05319 0.03723 0.02660 0.00000 0.00532 0.09574
GNM11358                       0.09574 0.07447 0.04787 0.05319 0.00532 0.03191 0.04787 0.06383 0.00000 0.06915 0.09043 0.09574 0.04255 0.02660 0.04787 0.07979 0.04255 0.00000 0.01064 0.07447
GNM11360                       0.11170 0.04787 0.03191 0.05319 0.00532 0.04255 0.05319 0.05319 0.00532 0.07447 0.06915 0.13298 0.04787 0.04787 0.04255 0.04255 0.04787 0.00000 0.00532 0.08511
GNM11362                       0.12234 0.07447 0.05851 0.05851 0.00532 0.02128 0.05851 0.05319 0.00000 0.04787 0.11702 0.09043 0.05851 0.02660 0.03723 0.04255 0.03191 0.00000 0.00532 0.09043
GNM11367                       0.10106 0.04787 0.05851 0.06915 0.00532 0.01596 0.04255 0.05851 0.00532 0.05851 0.09574 0.13830 0.04255 0.04255 0.04255 0.03723 0.04787 0.00000 0.01596 0.07447
GNM11377                       0.11170 0.06915 0.05851 0.03191 0.00532 0.03191 0.07447 0.07979 0.01064 0.03723 0.09574 0.10106 0.03723 0.03191 0.04787 0.03191 0.04787 0.00000 0.00532 0.09043
GNM11380                       0.07979 0.04255 0.05319 0.05851 0.00532 0.03191 0.04255 0.06383 0.00000 0.09574 0.07979 0.12234 0.04787 0.03723 0.04255 0.07447 0.05319 0.00000 0.00532 0.06383
GNM11383                       0.08511 0.06383 0.05851 0.06383 0.00532 0.02128 0.04787 0.06383 0.00532 0.07979 0.06383 0.11170 0.05851 0.03723 0.04255 0.04787 0.05319 0.00000 0.01064 0.07979
GNM11491                       0.08021 0.06952 0.04278 0.05348 0.00535 0.03743 0.04813 0.06417 0.00000 0.05882 0.07487 0.10160 0.05348 0.04813 0.03743 0.05882 0.05348 0.00000 0.01070 0.10160
GNM11804                       0.10106 0.09043 0.04255 0.04255 0.00000 0.01064 0.08511 0.05851 0.00000 0.07979 0.05851 0.10638 0.03191 0.02660 0.07447 0.02660 0.03191 0.00000 0.01596 0.11702
GNM11805                       0.05946 0.04324 0.07568 0.06486 0.00000 0.00541 0.05946 0.05946 0.00541 0.10270 0.09189 0.13514 0.03243 0.03784 0.03784 0.07027 0.04324 0.00000 0.01622 0.05946
GNM12883                       0.09043 0.06383 0.05319 0.04787 0.00532 0.03723 0.05851 0.07447 0.00532 0.04787 0.09574 0.12234 0.03723 0.03191 0.04787 0.03191 0.06383 0.00000 0.00532 0.07979
GNM12892                       0.10638 0.07979 0.04787 0.04787 0.00532 0.03723 0.06383 0.06383 0.00532 0.05319 0.09574 0.09043 0.02660 0.03191 0.04255 0.02660 0.07979 0.00000 0.00532 0.09043
GNM12895                       0.08511 0.06383 0.06915 0.05319 0.00532 0.01596 0.07447 0.04787 0.00000 0.11702 0.09574 0.11702 0.03723 0.02660 0.03191 0.05319 0.04255 0.00000 0.01064 0.05319
GNM13061                       0.11351 0.08108 0.04324 0.04865 0.00000 0.01081 0.04865 0.07568 0.00000 0.07568 0.10270 0.09730 0.03243 0.03243 0.04865 0.03243 0.04324 0.00000 0.03243 0.08108
GNM13064                       0.05914 0.04839 0.06989 0.06452 0.00538 0.02151 0.05376 0.04301 0.00000 0.08602 0.10753 0.11828 0.03226 0.03763 0.04839 0.05376 0.07527 0.00000 0.01613 0.05914
GNM13066                       0.05376 0.04839 0.05376 0.06452 0.00538 0.02151 0.05376 0.04839 0.00000 0.09677 0.10215 0.11828 0.03763 0.03763 0.04839 0.06452 0.07527 0.00000 0.01613 0.05376
GNM11032                       0.08511 0.08511 0.04787 0.03723 0.00000 0.03723 0.06383 0.05851 0.00000 0.06383 0.10638 0.09043 0.01064 0.02660 0.04787 0.05851 0.03723 0.00532 0.02128 0.11702
GNM11034                       0.13228 0.08466 0.04233 0.03175 0.00000 0.02646 0.08466 0.04233 0.00000 0.05291 0.09524 0.09524 0.01587 0.02646 0.04233 0.04233 0.03175 0.00529 0.02116 0.12698
GNM11363                       0.12234 0.07447 0.05851 0.05851 0.00532 0.02128 0.05851 0.05319 0.00000 0.04787 0.11702 0.09043 0.05851 0.02660 0.03723 0.04255 0.03191 0.00000 0.00532 0.09043
GNM11375                       0.07979 0.04255 0.04787 0.05319 0.00532 0.02660 0.05851 0.05851 0.00532 0.06383 0.06915 0.14362 0.04787 0.04787 0.04787 0.04787 0.06915 0.00000 0.00532 0.07979
GNM11381                       0.08511 0.05319 0.05851 0.06915 0.00532 0.02660 0.04255 0.05851 0.00532 0.06915 0.08511 0.12234 0.05319 0.03723 0.04255 0.05319 0.04787 0.00000 0.01064 0.07447
GNM11382                       0.09043 0.05851 0.05851 0.05319 0.00532 0.02660 0.05319 0.05851 0.00532 0.09043 0.07979 0.11702 0.04787 0.03723 0.04255 0.05851 0.04255 0.00000 0.01064 0.06383
GNM11841                       0.08021 0.07487 0.04278 0.13904 0.00000 0.01070 0.10695 0.06417 0.00535 0.04278 0.10695 0.03209 0.03209 0.02674 0.04278 0.01604 0.05882 0.00000 0.01070 0.10695
GNM11931                       0.10695 0.07487 0.04278 0.16043 0.00000 0.03209 0.05882 0.04813 0.00535 0.03209 0.08556 0.02674 0.03743 0.02674 0.04813 0.02139 0.05882 0.00000 0.00535 0.12834
GNM12040                       0.08556 0.08021 0.03743 0.13369 0.00000 0.03743 0.08021 0.05882 0.00000 0.05348 0.08556 0.02139 0.03743 0.03209 0.04278 0.03209 0.06417 0.00000 0.00535 0.11230
GNM12071                       0.08021 0.08021 0.04278 0.14973 0.00000 0.03209 0.07487 0.05348 0.00000 0.06417 0.09626 0.03209 0.02674 0.02674 0.04278 0.02674 0.06417 0.00000 0.01070 0.09626
GNM12125                       0.10160 0.07487 0.03743 0.05882 0.01070 0.02674 0.06417 0.04813 0.00535 0.07487 0.09091 0.08556 0.02674 0.01604 0.06952 0.02139 0.03209 0.00535 0.00535 0.14439
GNM12126                       0.09730 0.06486 0.03243 0.04865 0.01081 0.04324 0.05946 0.06486 0.00541 0.04865 0.10811 0.11351 0.03243 0.01081 0.07027 0.01622 0.03243 0.00541 0.00541 0.12973
GNM12128                       0.09140 0.06989 0.01613 0.04839 0.01075 0.03763 0.05914 0.04839 0.01075 0.08602 0.10215 0.09140 0.01613 0.01613 0.05376 0.04839 0.05914 0.01075 0.02688 0.09677
GNM12182                       0.08021 0.05348 0.02674 0.03743 0.00000 0.05882 0.06417 0.05348 0.00000 0.06417 0.10160 0.11230 0.02139 0.02674 0.06417 0.08556 0.03743 0.00535 0.02139 0.08556
GNM12342                       0.09091 0.05882 0.04278 0.03743 0.00000 0.02674 0.08021 0.05882 0.01070 0.08556 0.08021 0.13904 0.03209 0.03209 0.05348 0.00535 0.04278 0.00000 0.02674 0.09626
GNM12346                       0.11702 0.04787 0.03723 0.04787 0.00000 0.02128 0.07979 0.05319 0.00532 0.09574 0.06915 0.12234 0.02660 0.03191 0.06383 0.03191 0.05851 0.00000 0.01596 0.07447
GNM12351                       0.06915 0.05319 0.05319 0.06915 0.01064 0.02128 0.08511 0.06383 0.01064 0.07447 0.11170 0.10106 0.03191 0.02660 0.03191 0.05851 0.04255 0.00000 0.01596 0.06915
GNM12356                       0.09626 0.04813 0.07487 0.04278 0.00000 0.03743 0.06952 0.05348 0.00535 0.05882 0.10160 0.11765 0.02674 0.03209 0.06417 0.03743 0.04278 0.00000 0.01604 0.07487
GNM12357                       0.13369 0.04813 0.05348 0.02674 0.00000 0.03743 0.06952 0.06417 0.01604 0.05882 0.10695 0.09626 0.03209 0.03209 0.05348 0.03743 0.04278 0.00000 0.01070 0.08021
GNM12366                       0.14439 0.04813 0.04813 0.02674 0.00000 0.03209 0.06952 0.06417 0.01070 0.06417 0.10160 0.11230 0.03209 0.03209 0.05348 0.02139 0.05348 0.00000 0.01070 0.07487
GNM12373                       0.06952 0.08556 0.04278 0.05348 0.00000 0.03743 0.06417 0.08556 0.00535 0.09091 0.07487 0.05882 0.03743 0.01604 0.06417 0.03743 0.05348 0.00535 0.01070 0.10695
GNM12385                       0.05851 0.09043 0.02660 0.04255 0.00000 0.02660 0.07979 0.07979 0.01596 0.07979 0.06915 0.06383 0.04787 0.02128 0.05851 0.04787 0.05319 0.00000 0.01596 0.12234
GNM12551                       0.10695 0.10695 0.03743 0.04813 0.00535 0.02139 0.11230 0.04813 0.01070 0.05882 0.06952 0.05348 0.04278 0.01604 0.06417 0.02139 0.03209 0.00535 0.01070 0.12834
GNM12554                       0.06383 0.09574 0.02660 0.05319 0.00532 0.03191 0.06383 0.07447 0.00532 0.09043 0.07447 0.05851 0.03191 0.02660 0.06383 0.05319 0.06915 0.00000 0.01064 0.10106
GNM12592                       0.09574 0.08511 0.04787 0.05851 0.00000 0.02660 0.05851 0.05851 0.00532 0.06915 0.09043 0.08511 0.02660 0.03191 0.06383 0.03723 0.05851 0.00000 0.01596 0.08511
GNM12596                       0.07979 0.06915 0.05851 0.06383 0.00532 0.02128 0.07979 0.06383 0.00532 0.06383 0.10638 0.09574 0.03723 0.02660 0.03723 0.03723 0.03723 0.00000 0.01064 0.10106
GNM12602                       0.07447 0.07979 0.05319 0.06383 0.00532 0.01596 0.07447 0.06383 0.00532 0.06915 0.12234 0.08511 0.02660 0.02660 0.03723 0.04255 0.05319 0.00000 0.01064 0.09043
GNM12665                       0.07447 0.06915 0.06383 0.05851 0.00532 0.02128 0.07979 0.06383 0.00532 0.07447 0.10638 0.09574 0.03723 0.02660 0.03723 0.04787 0.03191 0.00000 0.01064 0.09043
GNM12745                       0.07979 0.05319 0.04787 0.06383 0.00000 0.03723 0.07979 0.05319 0.00000 0.08511 0.09574 0.10106 0.03191 0.02660 0.06383 0.03191 0.04787 0.00000 0.01596 0.08511
GNM12749                       0.06383 0.08511 0.01596 0.04787 0.00000 0.03191 0.08511 0.07447 0.00532 0.09043 0.07979 0.07979 0.04787 0.02660 0.05851 0.05851 0.05851 0.00532 0.00532 0.07979
GNM12758                       0.07979 0.05851 0.05319 0.06383 0.00000 0.03723 0.07979 0.04787 0.00000 0.05319 0.09043 0.12234 0.04255 0.02660 0.06383 0.01596 0.04255 0.00000 0.01064 0.11170
GNM12763                       0.07979 0.06915 0.06915 0.06383 0.00000 0.01596 0.06915 0.05319 0.00000 0.07979 0.07979 0.13298 0.03191 0.02660 0.05851 0.02128 0.02660 0.00000 0.01064 0.11170
GNM12766                       0.10160 0.06417 0.04813 0.03743 0.00000 0.02674 0.08556 0.05348 0.01070 0.05348 0.10695 0.12299 0.02674 0.02674 0.05882 0.01604 0.03209 0.00000 0.02139 0.10695
GNM12841                       0.09091 0.07487 0.03743 0.15508 0.00000 0.02139 0.07487 0.05348 0.00535 0.04278 0.09091 0.02674 0.03209 0.03209 0.04278 0.02674 0.06952 0.00000 0.01070 0.11230
GNM12849                       0.11702 0.05319 0.03723 0.06383 0.00532 0.03723 0.03723 0.05319 0.00532 0.07447 0.06915 0.12234 0.05319 0.04787 0.04255 0.03723 0.05851 0.00000 0.00532 0.07979
GNM12869                       0.09574 0.04255 0.04787 0.05319 0.00532 0.02660 0.05319 0.05851 0.00532 0.07979 0.06915 0.13830 0.03723 0.04787 0.04787 0.05319 0.05851 0.00000 0.00532 0.07447
GNM12896                       0.06915 0.04787 0.05319 0.05851 0.00532 0.03191 0.04255 0.06383 0.00000 0.09574 0.07447 0.11702 0.04787 0.03723 0.04255 0.08511 0.04787 0.00000 0.00532 0.07447
GNM12897                       0.07979 0.04255 0.05319 0.06383 0.00532 0.03723 0.03191 0.06915 0.00000 0.09043 0.07447 0.12234 0.04787 0.03723 0.04255 0.06915 0.04787 0.00000 0.00532 0.07979
GNM12902                       0.04839 0.06452 0.05914 0.06989 0.00000 0.00538 0.06452 0.04839 0.00000 0.09140 0.08065 0.12903 0.02151 0.04301 0.04839 0.08065 0.04301 0.00000 0.02151 0.08065
GNM12903                       0.07487 0.08021 0.04278 0.03743 0.00000 0.02674 0.06952 0.06417 0.00535 0.05882 0.10160 0.10160 0.01604 0.04813 0.07487 0.03743 0.01070 0.00000 0.01604 0.13369
GNM12906                       0.06952 0.09091 0.04813 0.03209 0.00000 0.02674 0.07487 0.05348 0.00535 0.09626 0.10160 0.09091 0.01604 0.03743 0.06952 0.04278 0.01604 0.00000 0.01604 0.11230
GNM12907                       0.07487 0.10695 0.04278 0.03743 0.00000 0.03209 0.06952 0.05882 0.00535 0.08556 0.10695 0.08556 0.01604 0.03743 0.06952 0.01604 0.02674 0.00000 0.01604 0.11230
GNM12909                       0.08556 0.10695 0.04813 0.03743 0.00000 0.03209 0.06952 0.05348 0.01070 0.08556 0.11230 0.07487 0.01604 0.03743 0.06952 0.02674 0.02139 0.00000 0.01070 0.10160
GNM12915                       0.10106 0.05851 0.04255 0.02660 0.00000 0.02660 0.09043 0.04787 0.00000 0.07447 0.08511 0.11702 0.02660 0.02128 0.06383 0.03723 0.03723 0.00000 0.02128 0.12234
GNM10046                       0.10638 0.05851 0.03723 0.03191 0.00000 0.02128 0.07979 0.04787 0.00000 0.07447 0.09043 0.12234 0.02128 0.02128 0.06383 0.03723 0.04255 0.00000 0.02128 0.12234
GNM12918                       0.10638 0.07447 0.04255 0.03191 0.00000 0.02660 0.08511 0.04787 0.00000 0.07447 0.08511 0.10638 0.02660 0.02128 0.06383 0.02660 0.03723 0.00000 0.02128 0.12234
GNM12931                       0.10215 0.06989 0.03763 0.05914 0.01075 0.03226 0.05376 0.05376 0.01075 0.09140 0.09140 0.08602 0.02688 0.01075 0.06989 0.03226 0.04301 0.00538 0.00538 0.10753
GNM12938                       0.08125 0.06250 0.06250 0.02500 0.00000 0.05000 0.07500 0.04375 0.00000 0.06250 0.10000 0.11875 0.02500 0.02500 0.06875 0.03125 0.05000 0.00625 0.01875 0.09375
GNM12996                       0.06989 0.05376 0.04839 0.03763 0.00000 0.05376 0.05914 0.04301 0.00000 0.07527 0.11290 0.12366 0.01613 0.02688 0.05914 0.03763 0.06452 0.00538 0.02151 0.09140
GNM13018                       0.07527 0.04839 0.04301 0.03226 0.00000 0.05376 0.05914 0.04301 0.00000 0.07527 0.10753 0.12903 0.01613 0.02688 0.05914 0.04301 0.06452 0.00538 0.02151 0.09677
GNM13027                       0.09626 0.05348 0.04813 0.03743 0.00000 0.04813 0.06417 0.04278 0.00535 0.06952 0.11765 0.12299 0.02139 0.03209 0.05882 0.02139 0.05882 0.00535 0.01070 0.08556
GNM13046                       0.07979 0.05319 0.05851 0.06383 0.00532 0.02128 0.05319 0.04787 0.00000 0.06383 0.08511 0.13298 0.05851 0.04255 0.04255 0.07447 0.02660 0.00000 0.00000 0.09043
GNM13074                       0.10106 0.05319 0.05319 0.02660 0.00000 0.02128 0.07979 0.05319 0.00000 0.06915 0.09043 0.12766 0.02128 0.02128 0.06383 0.01596 0.05319 0.00000 0.02128 0.12766
GNM10010                       0.11170 0.06915 0.05851 0.03191 0.00000 0.02660 0.07979 0.04787 0.00000 0.06383 0.10106 0.11170 0.02660 0.02128 0.06915 0.01596 0.04255 0.00000 0.02128 0.10106
GNM10014                       0.11170 0.05319 0.05319 0.03191 0.00000 0.02128 0.08511 0.04787 0.00000 0.05851 0.09574 0.12766 0.03191 0.02128 0.06915 0.01596 0.04255 0.00000 0.02128 0.11170
GNM13090                       0.11702 0.06383 0.05319 0.03191 0.00000 0.03191 0.07447 0.04787 0.00000 0.05851 0.09574 0.11170 0.02660 0.02128 0.06915 0.02128 0.04255 0.00000 0.02128 0.11170
GNM13118                       0.10753 0.08065 0.02688 0.06452 0.00000 0.03226 0.05376 0.04839 0.00538 0.06989 0.09677 0.11828 0.02688 0.03226 0.06989 0.01613 0.03226 0.00000 0.01613 0.10215
GNM13126                       0.09091 0.06417 0.06417 0.03743 0.00000 0.02139 0.07487 0.06417 0.00000 0.09626 0.05882 0.10160 0.03209 0.04813 0.04813 0.06417 0.04278 0.00000 0.01070 0.08021
GNM13128                       0.08556 0.04813 0.05882 0.03743 0.00000 0.02674 0.06952 0.06417 0.00535 0.09626 0.06952 0.12299 0.03209 0.03743 0.05348 0.04813 0.04278 0.00000 0.01604 0.08556
GNM13208                       0.10695 0.10160 0.04278 0.05348 0.00000 0.02139 0.05348 0.05882 0.00535 0.08021 0.10695 0.07487 0.01604 0.03209 0.06952 0.03743 0.01604 0.00000 0.01604 0.10695
GNM13210                       0.09677 0.05376 0.02151 0.05914 0.01075 0.03763 0.05376 0.06452 0.00000 0.04839 0.10215 0.08602 0.03763 0.01613 0.06452 0.06452 0.05376 0.00538 0.00538 0.11828
GNM12773                       0.07979 0.04787 0.04787 0.03723 0.00532 0.02660 0.06383 0.05319 0.00532 0.11702 0.09043 0.15426 0.02660 0.03191 0.05319 0.03191 0.03723 0.00000 0.01064 0.07979

Homogeneity statistic: X2 = 12.81920 G = 12.78346 

Average                        0.09214 0.06356 0.04678 0.05344 0.00373 0.02800 0.06546 0.05760 0.00333 0.07485 0.08845 0.11100 0.03494 0.03213 0.05154 0.04371 0.04602 0.00095 0.01202 0.09035
(Ambiguity characters are used to calculate freqs.)


# constant sites:      3 (1.58%)

TREE #  1:  ((((((((44, 145), 131), (61, 95)), 96), 97), (((133, 134), (98, 60)), (132, 135))), ((((((125, 124), 127), 126), 144), (63, 43)), 141)), (((((((((((((((((((45, 46), ((48, 51), 20)), 50), 59), (47, 49)), 53), 25), (((72, 19), (22, 21)), 41)), ((((((((56, 54), 55), 52), 120), (17, 5)), (((58, (26, 38)), 6), (88, 18))), ((8, 70), 119)), 76)), 136), (((89, 75), 16), 90)), (((121, 74), 122), 39)), ((((4, 79), (73, 11)), (29, 80)), (12, 69))), (81, 40)), (87, 71)), ((((83, 84), 42), 13), ((36, 10), 57))), ((1, 82), 37)), ((((34, 35), (2, 32)), (3, 30)), (((86, 9), 33), (31, 85)))), ((((((24, 28), 27), (146, 23)), ((66, 67), 68)), 65), ((15, 14), 64))), (((((((((((112, 110), 111), 101), 109), 100), (((108, 106), 114), 105)), ((((93, 7), 94), (91, 118)), 92)), (62, 77)), ((143, 142), (78, 123))), ((((((104, 103), 102), 117), 99), ((113, 115), 116)), 107)), ((((138, 139), 140), 137), ((130, 128), 129))));   MP score: -1
lnL(ntime:289  np:290): -22574.524821      +0.000000
 147..148 148..149 149..150 150..151 151..152 152..153 153..154 154..44  154..145 153..131 152..155 155..61  155..95  151..96  150..97  149..156 156..157 157..158 158..133 158..134 157..159 159..98  159..60  156..160 160..132 160..135 148..161 161..162 162..163 163..164 164..165 165..166 166..125 166..124 165..127 164..126 163..144 162..167 167..63  167..43  161..141 147..168 168..169 169..170 170..171 171..172 172..173 173..174 174..175 175..176 176..177 177..178 178..179 179..180 180..181 181..182 182..183 183..184 184..185 185..186 186..45  186..46  185..187 187..188 188..48  188..51  187..20  184..50  183..59  182..189 189..47  189..49  181..53  180..25  179..190 190..191 191..192 192..72  192..19  191..193 193..22  193..21  190..41  178..194 194..195 195..196 196..197 197..198 198..199 199..200 200..201 201..56  201..54  200..55  199..52  198..120 197..202 202..17  202..5   196..203 203..204 204..205 205..58  205..206 206..26  206..38  204..6   203..207 207..88  207..18  195..208 208..209 209..8   209..70  208..119 194..76  177..136 176..210 210..211 211..212 212..89  212..75  211..16  210..90  175..213 213..214 214..215 215..121 215..74  214..122 213..39  174..216 216..217 217..218 218..219 219..4   219..79  218..220 220..73  220..11  217..221 221..29  221..80  216..222 222..12  222..69  173..223 223..81  223..40  172..224 224..87  224..71  171..225 225..226 226..227 227..228 228..83  228..84  227..42  226..13  225..229 229..230 230..36  230..10  229..57  170..231 231..232 232..1   232..82  231..37  169..233 233..234 234..235 235..236 236..34  236..35  235..237 237..2   237..32  234..238 238..3   238..30  233..239 239..240 240..241 241..86  241..9   240..33  239..242 242..31  242..85  168..243 243..244 244..245 245..246 246..247 247..248 248..24  248..28  247..27  246..249 249..146 249..23  245..250 250..251 251..66  251..67  250..68  244..65  243..252 252..253 253..15  253..14  252..64  147..254 254..255 255..256 256..257 257..258 258..259 259..260 260..261 261..262 262..263 263..264 264..112 264..110 263..111 262..101 261..109 260..100 259..265 265..266 266..267 267..108 267..106 266..114 265..105 258..268 268..269 269..270 270..271 271..93  271..7   270..94  269..272 272..91  272..118 268..92  257..273 273..62  273..77  256..274 274..275 275..143 275..142 274..276 276..78  276..123 255..277 277..278 278..279 279..280 280..281 281..282 282..104 282..103 281..102 280..117 279..99  278..283 283..284 284..113 284..115 283..116 277..107 254..285 285..286 286..287 287..288 288..138 288..139 287..140 286..137 285..289 289..290 290..130 290..128 289..129
 0.035045 0.080584 0.120780 0.041702 0.007073 0.118269 0.173819 0.183170 0.258323 0.273179 0.000000 0.333006 0.318493 0.335734 0.661693 0.406684 0.025309 0.127472 0.004379 0.021279 0.044133 0.182911 0.134775 0.030479 0.105111 0.081813 0.105711 0.130484 0.326014 0.072106 0.019630 0.042716 0.067631 0.097622 0.101509 0.086006 0.231457 0.067633 0.251654 0.396106 0.290289 0.056513 0.008934 0.207186 0.063005 0.067639 0.075001 0.034138 0.199436 0.047619 0.003408 0.003398 0.052369 0.061257 0.068243 0.086001 0.073348 0.005305 0.004805 0.014335 0.007032 0.012526 0.000000 0.000000 0.014429 0.014391 0.024268 0.019397 0.004420 0.009956 0.036611 0.034956 0.149568 0.079851 0.102332 0.172361 0.055617 0.000000 0.000000 0.000000 0.000000 0.000000 0.054304 0.044638 0.092820 0.070547 0.016828 0.004884 0.006925 0.013570 0.000000 0.000000 0.000000 0.000000 0.029620 0.014914 0.000000 0.000000 0.035904 0.019597 0.056014 0.058986 0.071480 0.037842 0.007948 0.027435 0.078783 0.039371 0.015026 0.019971 0.065684 0.058651 0.000000 0.000000 0.051625 0.248463 0.111608 0.158360 0.015123 0.030434 0.026774 0.045368 0.041665 0.041576 0.171547 0.026110 0.000000 0.026896 0.022676 0.052349 0.057472 0.169897 0.068482 0.055195 0.018757 0.073864 0.064735 0.088774 0.037246 0.027905 0.181389 0.000000 0.010002 0.158559 0.021303 0.008280 0.250263 0.000000 0.000000 0.288479 0.000000 0.000000 0.044599 0.017119 0.336791 0.152616 0.013216 0.048283 0.067093 0.345154 0.020993 0.360835 0.099874 0.083107 0.342886 0.000000 0.531167 0.303620 0.296335 0.358727 0.289786 0.042162 0.154892 0.194944 0.000000 0.020105 0.102861 0.126015 0.082264 0.311114 0.012295 0.002740 0.117504 0.160475 0.007553 0.050694 0.021453 0.013934 0.161046 0.202454 0.139129 0.024630 0.053187 0.114644 0.046417 0.087546 0.052106 0.240800 0.108119 0.131622 0.296033 0.116898 0.184776 0.130896 0.161701 0.035785 0.043470 0.240967 0.375265 0.217363 0.509333 0.000000 0.000000 0.274388 0.180226 0.005425 0.218150 0.030693 0.061645 0.022996 0.040356 0.098424 0.118312 0.195405 0.012521 0.019449 0.015654 0.076541 0.219669 0.247283 0.223690 0.334955 0.048559 0.057491 0.191473 0.143278 0.145216 0.173095 0.518014 0.000000 0.024038 0.012126 0.084376 0.067821 0.113349 0.031925 0.093444 0.081046 0.132555 0.312929 0.116231 0.096321 0.300085 0.177276 0.091683 0.086335 0.213621 0.255336 0.127252 0.031315 0.001969 0.284952 0.057772 0.116026 0.103597 0.045446 0.040338 0.108205 0.041221 0.118389 0.089912 0.149144 0.261829 0.090594 0.183273 0.497097 0.320048 0.035428 0.045084 0.009903 0.025783 0.020937 0.018250 0.021809 0.025420 0.007941 0.033147 0.023242 0.036142 1.715076
