
Printing out site pattern counts


       146         91  P

GNM13746                        -AAAAADDDD EEEEFFGGGG HHIIIIIIII IIIKKKKKKK KKLLLLLLLL MMMNNNPPPQ QQQRRRRRRS SSSSSSSTTT TTVVVVVVVW Y
GNM13538                        -AAEGGDEEK DDELFLGGGK HHIIIIIILT VVVKKKKKKK NRLLLLLLLR ELMNNPDPPE QQQRRRRRRK KMSSSSTTTT TTIITVVVVW A
GNM13876                        ISVEARRDQQ DQEEWMGGGR HKIIIIIMIT IIIKKKKKKK KRIILLLMVV TIMDNTGPPD EQQRRRRRRQ SECCDSAMTT TVILVPTVVH T
GNM13680                        -SAETRDGDS DEEEYLGGGT HNIIIIIVLS AHVKKKKKKK KRILLLVMLK TMIDNTGPPD QQQRRRRRRK KGCCDSYMTT TTLVAVIVVY A
GNM14837                        -SAEGREGDS NEEKYLGGGG HEIIIIVLLT TTVKKKKKMR KRMLLLIMLH TIIDSTNPPD SQQKKRRRRK KGCCDSYMTT TVVIAAVVVW A
GNM14249                        -SAEGREGDS NEEKYLGGGG HEIIIIVLLT TTVKKKKKMR KRMLLLIMLH TIIDSTNPPD SQQKKRRRRK KGCCDSYMTT TVVIAAVVVW A
GNM13928                        -SAEGREGDS NEEKYLGGGG HEIIIIVLLT TTVKKKKKMR KRMLLLIMLH TIIDSTNPPD SQQKKRRRRK KGCCDSYMTT TVVIAAVVVW A
GNM13297                        -AAEGGDEEK DDELFLGGGK HHIIIIIILT VVVKKKKKKK NRLLLLLLLR ELMNNPDPPE QQQRRRRRRK KMSSSSTTTT TTIITVVVVW A
GNM14865                        -SADAREEEV DEENWLGGGD HAIIVVVILT QIVHKKKRRT NRVVLLLMLE AILDSTDPPN EQQRRKRRRQ SDCDDGSMAT TTLLAPVIVW A
GNM13455                        -SAEGREGDS NEEKYLGGGN HEIIIIVLLT TTVKKKKKMK KRMLLLIMLH TIIDSISPPD NQQKKRRRRK KGCCDSYMTT TVVIAAVVVW A
GNM14938                        VSVEARREPR DEETWVGGGR HKIMILIMIT TVLKKQRKKR KRVILLLLLV AILDDTTPPE EEQRRRRRRQ ASCCESAMVT TTVLVPALVW S
GNM14872                        -SAEGRDGDS DEEEYLGGGT HNIIIIIVLS AHVKKKKKKR KRILLMVLLK TIIDNTGPPD QQQRRRRRRK RGCCDSYMTT TTLVAVIVVY A
GNM13855                        -SAEGRDDDS DEEEWLGGGT HNIIIIIVLN EHVKKKKKKK RRVLLMVLLR TIIDNTGPPE QQQRRRRRRK KNCCDSYMTT TTLLSVIVVY A
GNM14445                        -AADTRDGDN DEEEYLGGGD HNIIIVIVLT IQIRKKKKKK KKVLLLLMLK TMMDNADPPE QQQRRRKRRQ RQCSDSFMTT TTVMTVVVVY A
GNM14545                        -TAEARDEDK KTEEFLGGGR HHIIIIIVFT VIIRKKKKKR PRIILILLLK VVMNNTPPPE ERQKSKSRRR SECCESHMTS TTIVFVVVVW A
GNM14366                        -SAEGREGDS DEEKYLGGGT HEIIIIILLT STVKKKKKLR RRMLLLIMLN TIIDSTNPPD NQQRKRRRRK KGCCDSYMTT TVVLAVVVVW A
GNM14252                        -SAEGREGDS NEEKYLGGGG HEIIIIVLLT TTVKKKKKMR KRMLLLIMLH TIIDSTNPPD SQQKKRRRRK KGCCDSYMTT TVVIAAVVVW A
GNM13760                        -SAEGREGDS NEEKYLGGGG HEIIIIVLLT TTVKKKKKMR KRMLLLIMLH TIIDSTNPPD SQQKKRRRRK KGCCDSYMTT TVVIAAVVVW A
GNM13982                        -SAEGREGDS DEEKYLGGGD HEIIIIILLT NTVKKKKKMR KRMLLLIMLN TIIDSTNPPD SQQRKRRRRK KGCCDSYMTT TVVLAVVVVW A
GNM13960                        -SAEGRENDS DEEQYLGGGT HEIIIIVLLA PIVKKKKKMR KRMLLLIMLN TIMDSISPPD SQQKKRRRRK KSCCNSYMTT TVIIAVIVVW A
GNM14633                        -SAEGREGDS DEEKYLGGGD HEIIIIILLT NTVKKKKKMR KRMLLLIMLN TIIDSTNPPD NQQRKRRRRK KGCCDSYMTT TVVLAVVVVW A
GNM14853                        -SAEGREGDS DEEKYLGGGD HEIIIIILLT NTVKKKKKMR KRMLLLIMLN TIIDSTNPPD NQQRKRRRRK KGCCDSYMTT TVVLAVVVVW A
GNM14174                        -AAEARDAEE DETNWLGGGE HPVILVIIIT KVVRKKKRKR KRIILLLMLK TIMEDTDPPE ERRRRKRLRR NNCSESHMVT TTIIVPAVVW S
GNM14055                        -SAEGREEDS DEEKYLGGGN HEIIIIVLLS PTIKKKKKLR KRMLLLILLN TIIDNTNPPD SQQKKRRRRK KDCCYSYMTT TVVIASVVVW A
GNM14748                        -SAEGREGDS NEEKYLGGGN HEIIIIVLLT TTVKKKKKLR KRMLLLIMLH TIIDSTNPPD SQQRKRRRRK KDCCDSYMTT TVVIAAVVVW A
GNM14246                        -TAEARDAEE DESEWLGGGG HQVILVIIIT KIVKKKKRKR KRVILLLMLR TIMEDTDPPE ERRRRKRLRR TECCESFMVT TTMIVPVVVW A
GNM14640                        -TAEARDTEE NESEWLGGGG HAVILVIIIT KIVKKKKKKR KRIILLLLLR TIMEDTDPPE ERRRRKRRRR TECCESFMVT TTMIVPVVVW A
GNM14965                        -SAEGRDGDS DEEEYLGGGT HNIIIIIVLN EHVKKKKKKK RRILLMVLLK TIIDNTGPPD QQQRRRRRRK KGCCDSYMTT TTLLSVIVVY A
GNM13677                        ISVEARRDQQ DQEEWMGGGR HKIIIIIMIT IIIKKKKKRK KRIILLLMVV TIMDNTGPPD EQQRRRRRRQ SECCDSAMTT TVILVPTVVH T
GNM14339                        ISVEVRRDPK DEEDWLGGGK HKVIIIIMLT VTLKKHRKKR KRMILLLLLS TIMDDTVPPE EEQRRRRRRQ RSCCESSMVT TTMLVPAIVW N
GNM14593                        ISVEARRDQI DEEIWVGGGA YKVIIIIMIT NIVKKKKKKR KRIILLLLLI TIMDDIQPPE EATRRRRRRQ SRCCDSAMVT TRILVPTVVH T
GNM13825                        ISVEARREPR DEETWVGGGR HKIIILIMIT VVLKKQRKKR RRVILMLMLV AILDDTTPPE EEQRRRRRRQ AGCCESAMVT TTVLVPALVW T
GNM14768                        ISVEARREQQ GEELWIGGGS HKIIIIIMIT NILKKRRKRR RRIILLLLLV TIMDDTEPPE EETRRRRRRQ SRCCDSSMVS TRILVPTVVH T
GNM14776                        ISVEARREQQ GEELWIGGGS HKIIIIIMIT NILKKRRKKR RRIILLLLLV TIMDDTEPPE EETRRRRRRQ SRCCDSSMVS TRILVPTVVH T
GNM14715                        -AADARDEDI DQEDFLGGGN HHVLIIILIT FQIHKKKKRK KKVLLLILLK TIMDNTQPPE EQQRRRRRRR RKATDSKTTS TTVVTTVVVW P
GNM14639                        -S-QTRDEES EEREFLGGGN HHLVIM-VFT -VVKKKK-KK KRILLRYL-K -ILD--DPPE EQ-RRR-RRK RDCCE-QMTT TTMITVVVVW Q
GNM13795                        -SAEGREGDS NEEKYLGGGN HEIIIIVLLT TTVKKKKKMR KRMLLLIMLH TIIDSTNPPD SQQRKRRRRK KDCCDSYMTT TVVIAAVVVW A
GNM14166                        -SAEGREGDT DEEEYLGGGT HNIIIIILLT TTVKKKKKKT KRIILLVMLN TIIDSTGPPN QQQRRRRRRK KGCCDSYMTT TVVLAVVVVW A
GNM14450                        -AAEGRDTDS DEEDYLGGGT HNIIIIIVLA HLVKKKKKKK KRVLLLVMLK TIIDNTGPPD QQQRRRRRRR KTCADSYMTT TTVLAVVVVW S
GNM13515                        -SAEGREGDS DEEKYLGGGS HEIIIIILLT NTVKKKRKLR KRMLLLIMLN TIIDSTNPPD NQQRKRRRRK KDCCDSYMTS TVVLAVVVVW A
GNM13745                        -AAETKDNDN DQEEFLGGGT HAIIIVIVLS SHIHKKRKHK KRILLLLLLK TIMDNSDPPE NSQRRRRRRK RGCSDSFMTT STSLTTVVVW A
GNM14030                        -AAETRDGDN DQEDFLGGGG HSIIIVIVLT SQIRKKXKRR RXILLLLLLK TIMDNSDPPE NQQRRRRRRK RKCSDSFMTT TTILTTVVVW A
GNM14959                        -AAEARDGEE DEEKYLGGGN YHIIIVIILL KIVHRKKRVR KRILLLLMIL WIIDDTDPPE QQRRRKRRRR SDASNGKMVY TRVMATVLIW A
GNM13413                        -LVKVKEDEE YEEKYIGGGG HKMLIIIILT MIIKKKKKTR RRIVLMLMIK WIMDNTAPPP EQRRRKKMRR DDVHESWITK KTMIVRVFIW E
GNM14971                        -SAEGRENDS DEEEYLGGGT HEIIIIVLLA PIVKKKKKMR KRMLLLIMLN TIMDSISPPD SQQKKRRRRK KSCCNSYMTT TVIIAVIVVW A
GNM15005                        -SAEGRENDS DEEEYLGGGT HEIIIIVLLA PIVKKKKKMR KRMLLLIMLN TIMDSISPPD SQQKKRRRRK KSCCNSYMTT TVIIAVIVVW A
GNM14994                        -SAEGREGDS NEEKYLGGGD HEIIIIVLLT TTIKKKKKMR KRMLLLIMLH TIIDSISPPD SQQRKRRRRK KTCCDSYMTT TVVIAAVVVW A
GNM14976                        -SAEGRENDS DEEKYLGGGT HEIIIIVLLA PIVKKKKKMR KRMLLLIMLN TIMDSISPPD SQQKKRRRRK KNCCNSYMTT TVIIAVIVVW A
GNM15022                        -SAEGRENDS DEEEYLGGGT HEIIIIVLLA PIVKKKKKMR KRMLLLIMLN TIMDSISPPD SQQKKRRRRK KSCCNSYMTT TVIIAVIVVW A
GNM14999                        -S--GRENDS DEEKYLGGG- HEII-I-LLA -IVKKKK-MR KRMLLLVM-N -IID--SPPD SQ-KKR-RRR K--CN-YMTT TVVIAVV-VW A
GNM15018                        -SAEGREGDS NEEKYLGGGG HEIIIIVLLT TTVKKKKKMR KRMLLLIMLH TIIDSTNPPD NQQKKRRRRK KGCCDSYMTT TVVIAAVVVW A
GNM15024                        -SAEGREGDS NEEKYLGGGG HEIIIIVLLT TTVKKKKKMR KRMLLLIMLH TIIDSTNPPD NQQKKRRRRK KGCCDSYMTT TVVIAAVVVW A
GNM14980                        -SAEGREGDS NEEKYLGGGG HEIIIIVLLT TTVKKKKKMR KRMLLLIMLH TIIDSTNPPD NQQKKRRRRK KGCCDSYMTT TVVIAAVVVW A
GNM15000                        -SAEGREGDS NEEKYLGGGG HEIIIIVLLT TTVKKKKKMR KRMLLLIMLH TIIDSTNPPD NQQKKRRRRK KGCCDSYMTT TVVIAAVVVW A
GNM15026                        -SAEGRETDS DEEEYLGGGD HEIIIIVLLT SIVKKKKKMQ KRMLLLIMLN TIIDSINPPD SQQKKRRRRK KNCCDSYMTT TVIIVVVVVW A
GNM15001                        -SAEGREGDS NEEKYLGGGG HEIIIIVLLT TTVKKKKKMR KRMLLLIMLH TIIDSTNPPD NQQKKRRRRK KGCCDSYMTT TVVIAAVVVW A
GNM15019                        -SAEGREGDS NEEKYLGGGD HEIIIIVLLT TTIKKKKKMR KRMLLLIMLH TIIDSISPPD SQQRKRRRRK KTCCDSYMTT TVVIAAVVVW A
GNM15003                        -SAEGRENDS DEEQYLGGGA HEIIIIVLLA PIVKKKKKMR KRMLLLIMLN TIMDSISPPD SQQKKRRRRK KSCCNSYMTT TVIIAVIVVW A
GNM11003                        -LAQVREAEE DEEDWLGGGT HKIIIVIILT KVVKKKKRKR SRIVLLVMLE WIMDNTAPPE EQTSRKRMRR RYVHDSYMVR KTMIVPIVVW A
GNM11023                        -LLQARENEK DEENWQGGGE HKIIIVIILT KVVHRKKWRR RRVILLLMLE WILDNTEPPE EHFKRKRFRK RNVHDSYMVS YVMLVPIVVW A
GNM11055                        -AAQARDEEV DEENWLGGGS HEIIIVIIIT KVVHKRKKKR ERVILMLMLV SILDNLSPPR EQPRRKRRRQ SRCDDGNMVS TTLIAPVIVW A
GNM11146                        -AVDARDGEE DEEKYLGGGR HHVVIIIILL IIVHRRKRTR KRILLLVMIM WILDNTDPPE QQRRRKRRRR RGASDGKMVY TTVMATILVW A
GNM11219                        -TAEARDEEE EEEKWIGGGR HNIIIVIMIM RIVKRKRKKR KRIILLLMLV TIMRDTDPPS DNRRRKRRRR VACCESYMVS TTMIVPVVVY A
GNM11220                        -TAEARDGER YTEEFIGGGN HDIIIIIVLT KIIRKKKKRK KRIVLLLMLK AIVDDTTPPD ERQRRKRRRR SECCESYMTS TTIVFVVVVW A
GNM11224                        -SAESRDEEE DESEWLGGGK HAIMLIIIIA KIVRKKRRKR KRIVLLLLLR TIMEDTDPPE ERRRRKRRRR RECCESFMVT TTVIVPVVVW A
GNM11225                        -TAEARDTEE DESEWYGGGR HKILLVIIIS KIVRKKRKKK KRIMLLLLLR TIMEDTDPPE ERRRRKRMRR NSCCESFMVT TTVVVPVVVW A
GNM11358                        -SAEGRDDDS DEEEWLGGGT HNIIIIIVLN EHVKKKKKKK RRVLLMVLLR TIIDNTGPPE QQQRRRRRRK KNCCDSYMTT TTLLSVIVVY A
GNM11360                        -SAEGREGDS NEEKYLGGGN HEIIIIVLLT TTVKKKKKMK KRMLLLIMLH TIIDSISPPD NQQKKRRRRK KGCCDSYMTT TVVIAAVVVW A
GNM11362                        -AAEGKDADL DEEEFLGGGS HHIIIIIVLT QVVKKKKKKR KRILLLIMLN AIMDDTAPPD QQQRRRRRRK KQCSESIMTT TTVLAVVMVW A
GNM11367                        -SAEGREGDS DEEKYLGGGD HEIIIIILLT NTVKKKKKMR KRMLLLIMLN TIIDSTNPPD SQQRKRRRRK KGCCDSYMTT TVVLAVVVVW A
GNM11377                        -SAEGRDGDS DEEEYLGGGT HNIIIIIVLS AHVKKKKKKR KRILLMVLLK TIIDNTGPPD QQQRRRRRRK RGCCDSYMTT TTLVAVIVVY A
GNM11380                        -SAEGREGDT DEEEYLGGGT HNIIIIILLT TTVKKKKKKT KRIILLVMLN TIIDSTGPPN QQQRRRRRRK KGCCDSYMTT TVVLAVVVVW A
GNM11383                        -SAEGREGDS DEEEYLGGGT HEIIIIILLT STVKKKKKMR RRMLLLIMLN TIIDNTSPPD NQQRKRRRRK KGCCDSYMTT TVVLAVVVVW A
GNM11491                        -SAIGREDDF DEEKYLGGGG HELIIIVLLT STIKKKRKMK RDMLLLIMLH TIIDNISPPD SRQRKRRRRK KGCCDSHITT TVIITAVVVW A
GNM11804                        -SAQARDEEV DEEEWLGGGR HEIIIIIIIM KIVHKKKRRR ERIILLLMLV SILDNLAPPK EQYRRKRRRQ SRCDDGNMVS TTIIAPVIVW A
GNM11805                        -SAEARDAEQ DEEKWIGGGN HPIMIIIILT KIVRKKRSKK ERVILLLMLK SILDETDPPD EQYRRKRRRS HVCDGGRMLS TTIVTPVVVW A
GNM12883                        -SAEGRDGDS DEEEYLGGGS HNIIIIIVLS AHVKKKKKKK KRILLLVMLK TIIDNTGPPD QQQRRRRRRK RGCCDSYMTT TTLVAVIVVY A
GNM12886                        -SAEGRDGDS DEEEYLGGGT HNIIIIIVLS AHVKKKKKKK KRILLLVMLK TIIDNTGPPD QQQRRRRRRK RGCCDSYMTT STLVAVIVVY A
GNM12892                        -SAEGRDGDS DEEEYLGGGT HNIIIIIVLN EHVKKKKKKK RRILLMVLLK TIIDNTGPPD QQQRRRRRRK KGCCDSYMTT TTLLSVIVVY A
GNM12895                        -AAEGRDTDS DEEDYLGGGT HNIIIIIVLA HLVKKKKKKK KRVLLLVMLK TIIDNTGPPD QQQRRRRRRR KTCADSYMTT TTVLAVVVVW S
GNM13060                        -AASAADNDD EEEEFFGGGN HHIFIIIIII IIIKKKKKKK KRLLLLLLLL VMMNNNPPPQ EQQRRRRRRE SSSSSSSTTT TTIVIVVVVW Y
GNM13061                        -GASAADEER DEEEFFGGGS HHVIIFIILM IVVKKKKKKK AKLILLLLLL VMINDSEPPK EQQRRRRRRE KSSSSSNTVT TTIITVVAVW A
GNM13064                        -AAETRDDDN DQEDFLGGGK HSIIIVIVLT SQIRKKRKKK KRILLLLLLK TIMDNSDPPE NQQRRRRRRK RVCSDSFMTT TTALTTIVVW A
GNM13066                        -AAETRDDDN DQEEFLGGGK HSIIIVIVLT SQIRKKRKKK KRILLLLLLR TIMDNSDPPE NQQRRRRRRK RNCSDSFMTT TTALTTIVVW A
GNM11034                        VSVEARREPR DEETWVGGGR HKIMILIMIT VVLKKQRKKR KRVILLLLLV AILDDTTPPE EEQRRRRRRQ ASCCESAMVT TTVLVPALVW S
GNM11363                        -AAEGKDADL DEEEFLGGGS HHIIIIIVLT QVVKKKKKKR KRILLLIMLN AIMDDTAPPD QQQRRRRRRK KQCSESIMTT TTVLAVVMVW A
GNM11375                        -SAEGREGDS NEEKYLGGGG HEIIIIVLLT TTVKKKKKMR KRMLLLIMLH TIIDSTNPPD SQQKKRRRRK KGCCDSYMTT TVVIAAVVVW A
GNM11381                        -SAEGREGDS DEEEYLGGGT HEIIIIILLT STVKKKKKMR RRMLLLIMLN TIIDNTSPPD NQQRKRRRRK KGCCDSYMTT TVVLAVVVVW A
GNM11382                        -SAEGREGDS DEETYLGGGT HEIIIIILLT STVKKKKKMR KRMLLLIMLN TIIDNTSPPD NQQRKRRRRK KGCCDSYMTT TVVLAVVVVW A
GNM11841                        -SADAREEEV DEENWLGGGA HAIIVVVILT QVVHKKKRRT ERVILLLMLE AILDSTDPPN EQQRRKRRRQ SDCDDGSMST TTLIAPVIVW A
GNM11931                        -SAEAREEEV DEEDWLGGGG HAIIVVVILT QVVHKKKRQT KRVILLLMLE AILDDVDPPN EQQRRKRRRQ SNCDDGNMST TTVIAPVIVW A
GNM12040                        -SADAREDEV DEEDWLGGGD HAIIVVVILT QIIHKKTRRT NRVILLLMLE AILDSTDPPN EQQRRKRRRQ SDCDDGSMTT TTLIAPVIVW A
GNM12071                        -SADAREEEV DEEDWLGGGA HAIIVVVILT QIIHKKSRRT ARVVLLLMLE AILDSTDPPN EQQRRKRRRQ SDCDDGSMST TTLIAPVIVW A
GNM12125                        -LAQARDAER IEEKWLGGGE HKIVIVIIIT KIVKKRKKKR RRIVLLLLLI WIIDNTDPPE EQQRRKELRR RQVHDSYMTS KTMLVPVVVW A
GNM12126                        -LAQARDEDQ DEEEFIGGGK HKIIIVIIIS MVIHRKRKRR ERIILLLMME WIMNDTEPPS ENNRKKRLRR REAHNSYMTT VVVVVSVVVW L
GNM12128                        -LVQARDDEE DEEKWIGGGS HKIIIVIIIA IVVKRKKRVR RRIVLLLMLI WIINDNEPPE EQSRHKRPRR KYVHNSYMVS VVVIVSVVVW A
GNM12182                        -LAQVREGEQ DEEDWLGGGN HKIIIVIILT KIVKRRKRKR SRLVLMIMLE WIMDNTSPPE EQNSRKRMRK RYVHDSYMVR KTMIVPVVVW A
GNM12342                        -SAQARDEEQ DTEEFFGGGR HSIIIIIIIT RIVRKKKKKV DKIILLLMLR SILDDTDPPD EHQKRKRRRR SECDNSQMTS TTIIAVVIVW A
GNM12346                        -SAQAREKEV DEEEWLGGGG HAIIVVIILT KVVHKRKRKR SRVILLLMLV SILDSTDPPK EQQRRKRRRQ SDCSDGNMSS TTIIAPVVIW A
GNM12351                        -SAQARDAEV DEENWLGGGD HAIIVVIILT KVVHKKRRKK SRVILLLMLV SILDSTAPPK DQQRRKRRRQ SGCSDGSMVT TTIIAPVVIW A
GNM12356                        -SANAKDTEE DTEEFLGGGN HSIIIIIIIT KIVRKKKKKT DKVILLVMLK SIMDSTEPTE EHQRRKRRRR AGCDASQMTS STMITTVVVW A
GNM12357                        -SAQAKDAEE DTEEFLGGGN HSIIIIIIIT KIVRKKKKKA DKVVLLVMLK SIMDQTEPTD EHQRRKRRRR AGCDTSQMTS STMITTVVVW A
GNM12366                        -SAQAKDAEE DTEEFLGGGN HSIIIIIIIT KIIRKKKKKS DKVVLLVMLK SIMDKTEPTD EHQRRKRRRR ASCDASQMTS STMITTVVVW A
GNM12373                        -SARARDEEV DQEEWLGGGT HAIIIVIILT KIVRKKRRRR NRVILLLMLI TILDDTDPPK EQQRRKRRRQ ATCDDGSMIT TTMLAPVVIW A
GNM12385                        -SARARDEEV DQEEWLGGGD HAIIIVIILT KIVRKKRRKK NRVILLLMLV SILDDTDPPK EQQRRKRRRQ AMCDDGGMTT TTLIAPVVIW A
GNM12551                        -SVRVRDKEI DEEEWMGGGE HAVIIILILT EIVKKKERKR QRIILLLMLL SVIDDTKPPE ERQRRKRRRH SECDESHMTK TTMITPAVVW G
GNM12554                        -SARARDEEV DQEEFLGGGD HAIIIVIILT KIVRKKRRRR NRVILLLMLV TILDDTDPPK EQQRRKRRRQ ATCDDGGMIT TTLIAPVVIW A
GNM12592                        -SAQARDGEV DEEQWLGGGN HAIIVVIILT KIVHKKRRRR HRVILLLMLV SILDNTDPPK EQQRRKRRRQ AECDNGNMCS TTMLAPVIVW A
GNM12596                        -SAQARDSEV DEEEWLGGGN HAIIVVIILT KVVHKKRRKK NRVILLLMLV SILDSIAPPK DQQRRKRRRQ SGCSDGNMTT TTIIAPVVIW A
GNM12602                        -SAQARDSEV DEEEWLGGGN HAIIVVIILT KVVHKKRRKK NRVILLLMLV SILDSIAPPK DQQRRKRRRQ SGCSDGNMTT TTIIAPVVIW A
GNM12665                        -SAQARDSEV DEEEWLGGGN HAIIVVIILT KVVHKKRRKK NRVILLLMLV SILDSIAPPK DQQRRKRRRQ SGCSDGNMTT TTIIAPVVIW A
GNM12745                        -SAQAREKEE GEEEWLGGGN HAIVLVIIVT KIVKKKRKKK DKIVLLLLLV TIMDDTEPPD EQNRRKRRRN SDCDNGSMTK TTLIAPVVVW A
GNM12749                        -SAKARDEEV DQEEWLGGGE HAIIIVIILT KIVRKRRRKK NRVTLLLMLV TILDDTDPPK EQQRRKRRRQ AECDDGGMIT TTLLAPVVIW A
GNM12758                        -SAQAREKEE GEEEWLGGGD HAIVLVIIVT KIVKKKRKKR DKIVLLLMLV TIMDDTEPPD EQHRRKRRRN SYCDNGSMTT TTMIAPVVVW A
GNM12763                        -SAQAREKEE TEEEWLGGGE HAIIVVIIIT EIVKKKRKKR EKIVLLLMLV TIMDDTEPPD EQQRRKRRRS SYCDNGNMTS TTMVTPAVVW A
GNM12766                        -AAQAREAEQ DYEEYFGGGR HEIIIIIIIT KIVRKKKKKV DKIVLLLMLK SILDNTEPPD EHQKRKRRRK SECDSGQMTS TTIITVVVVW A
GNM12841                        -SADAREEEV DEEDWLGGGD HAIIVVVILT QVIHKKKRRT TRVILLLMLE AILDATDPPN EQQRRKRRRQ SDCDDGSMAT TTLIAPVIVW A
GNM12849                        -SAEGREGDS NEEKYLGGGN HEIIIIVLLT TTVKKKKKMK KRMLLLIMLH TIIDSINPPD SQQKKRRRRK KGCCDSYMTT TVVIAAVVVW A
GNM12869                        -SAEGREGDS NEEKYLGGGG HEIIIIVLLT TTVKKKKKMR KRMLLLIMLH TIIDSTNPPD NQQKKRRRRK KGCCDSYMTT TVVIAAVVVW A
GNM12896                        -SAEGREGDT DEEEYLGGGT HNIIIIILLT TTVKKKKKKT KRIILLVMLN TIIDSTGPPN QQQRRRRRRK KGCCDSYMTT TVVLAVVVVW A
GNM12897                        -SAEGREGDT DEEEYLGGGT HNIIIIILLT TTVKKKKKKT KRIILLVMLN TIIDSTGPPN QQQRRRRRRK KGCCDSYMTT TVVLAVVVVW A
GNM12902                        -SAEARDGEQ DEEKWIGGGE HPIIIIIILT KIVRKKRSKR ERVILLLMLV SILDETDPPD EQYRRKRRRS HVCDGGRMVS TTIVTPVVVW A
GNM12903                        -AVEARDDEQ DEEKFLGGGR SHIIIVILLM KIVHRRKRVR QTIILLLMLI YLLSNTEPPD QRRRRKRRRR RQASTGKMVY TTVIVTVVVW A
GNM12906                        -AVEARDDEQ DEEKYLGGGR SHIIIVILLM KIVHRRKRVR QTIILLLMLV YLLSNTEPPD QRRRRKRRRR RQASTGKMVY TTVIVTVVVW A
GNM12907                        -AVEARDDEQ DEEKFLGGGR SHIIIVILLM KIVHRKKRVR ATIILLLLLM YLLSNTEPPD QRRRRKRRRR RQASTGKMVY TTVIVTVVVW A
GNM12909                        -AVEARDDEQ DEEKFLGGGR SHIIIVILLM KIVHRRKRVR QTIILLLLLV YLLSNTEPPD QRRRRKRRRR KQASTGKMVY TTVIVTVVVW A
GNM12915                        -SAQARDQEE DEEEFLGGGN HAIIIVIIIT KIIRKKRKKR RRIILILLLR AIMDNTEPPE EQQRRKRRRR SEADDSTMTS TTMIAVVVVW A
GNM10046                        -SAQARDQEE DEEEFLGGGN HAIIIVIIIT KIIRKKRKKR RRVILILLIR AIMDNTEPPE EQQRRKRRRR SEADDSTMTS TTMIATVVVW A
GNM12918                        -SAQARDQEE DEEEFLGGGN HAIIIVIIIT KIIRKKRKRR RRIILILLLR AIMDNTEPPE EQQRRKRRRR SEADDSTMTS TTMIAVVVVW A
GNM12931                        -LVKVKEDEE YEEKWIGGGN HKMLIVIILT MIVKKKRKTR KRIVLLLMIV WIMDNNAPPP EQRRRKKLRR SEMHESWITK KTMIVRVFIW A
GNM12938                        -LAQARENEE DEEQWLGGGN HKIIIVIILT KIVHRTKRRR QRVVLMIMLE WMMDNSAPPD EQTKRKRMRR SFVHDSYMVK KTVIVPIVVW A
GNM12996                        -LAQVREGEQ DEEEWLGGGT HKIIIVIILT KIVKRSKRRK ERVVLLLMLE WIMDNTAPPE EQTRRKRMRR RYIHDSYMIR KTMIVPIVVW A
GNM13018                        -LAQVREGEQ DEEEWLGGGT HKIIIVIILT KIVKRSKRRK ERVVLLLMLE WIMDNTAPPE EQTRRKRMRR RYIHDSYMIR KTMIVPIVVW A
GNM13027                        -LAQARETEE DEEQWLGGGN HKIIIVIILT KIVHRSKRKR ERIVLMIMLE WLMDNTAPPD EQTKRKRMRR SFVHDSYMVK KTIIVPVVVW S
GNM13046                        -SAEGREGDS DEEDYLGGGT HEIIIIILLT STIKKKKKMR KRMLLLIMLH TIIDSTSPPD SQQRKRRRRK KSCCDSYMTT TVILAAVVVW A
GNM13074                        -SAQARDQEE DEEEFLGGGD HAIIIVIIIT KIIRKKRKKR RRVILILLLR AIMDNTEPPE EQQRRKRRRR SEADDSTMTT TTMIATVVVF A
GNM10010                        -SAQARDQEE DEEEFLGGGD HAIVIVIIIT KIIRKKRKKR RRVILILLLR AIMDNTEPPE EQQRRKRRRR SETDDSTMTT TTMIATVVVF A
GNM10014                        -SAQARDQEE DEEEFLGGGD HAIVIVIIIT KIIRKKRKKR RRVILILLLR AIMDNTEPPE EQQRRKRRRR SETDDSTMTS TTMIATVVVF A
GNM13090                        -SAQARDQEE DEEEFLGGGD HAIVIVIIIT KIIRKKRKKR RRVILILLLR AIMDNTEPPE EQQRRKRRRR SETDDSTMTT TTMIATVVVF A
GNM13118                        -AVEARDQEE DEEQFVGGGE HEVIIVIILT KIVRRKKRRR KRITLMLLLR SITDNTDPPP QLSRRKRRRR RACSTSRLTY TVMLAVVVVF A
GNM13126                        -SAEARDEEQ DEESWIGGGN HNIIIIIILT KMVHKKRSKR ERIILLLMLV SILDETDPPD EQYRRKRRRP HRCDGGQMVT TTIVTPVVVW A
GNM13128                        -SAEARDEEQ DEESWIGGGS HNIIIIIILT KMVHKKRSKK ERIILLLMLV SILDETDPPD EQYRRKRRRP HMCDGGQMVT TTIVTPVVVW A
GNM13208                        -AVEAREDDQ DEEKFLGGGK HHIIIVILLM MIVHRKKRVR KTIILLLLLM YIINNTEPPD ERRRKKRRRK SNASTGKMTY TTVVVTVVVW A
GNM13210                        -LVKVKEDEE YEEKYLGGGG HKMLIVIILT MIIKKKKKTK GRIILLLMIK WIMDNTAPPP EQRRRKKLRR KDIHESWITK KTMIVRVFIW E
GNM12773                        -AAEARDAEE DETQWLGGGG HPVILVIIIT KVVRKKKRKR KRIILLLMLR TIMEDTDPPE ERRRRKRLRR NDCSESHMTT TTIIVPAVVW S
GNM12768                        DS-DVDERAK EEEERV-GVA HKVIIL-ILS -IWQRKK-VT QKTLLQLLMR KTVRDYKPPA DA-KQK-LRD SQAHGADTVK STVITTAAVF S



    1    1    1    1    1    1    1    1    1    1    1    1    1    1    1
    1    1    2    1    1    1    1    1    1    1    1    1    1    1    1
    1    1    1    1    1    1    1    1    1    1    1    1    1    1    1
    1    1    1    1    1    1    1    1    1    1    1    1    4    1    1
    1    1    1    1    1    1    1    1    1    1    1    1    1    1    1
    1    1    1    1    1    1    1    1    1    1    1    1    1    1    1
    1

AAML (in paml version 4.9h, March 2018)  tmp0022.txt
Model: Empirical,  (../wag.dat) dGamma (ncatG=4) ns = 146  ls =  95


Frequencies..
                                    A      R      N      D      C      Q      E      G      H      I      L      K      M      F      P      S      T      W      Y      V
GNM13746                       0.05319 0.06383 0.03191 0.04255 0.00000 0.04255 0.04255 0.05319 0.02128 0.11702 0.08511 0.09574 0.03191 0.02128 0.06383 0.08511 0.05319 0.01064 0.01064 0.07447
GNM13538                       0.03191 0.08511 0.03191 0.04255 0.00000 0.03191 0.06383 0.06383 0.02128 0.08511 0.11702 0.11702 0.02128 0.01064 0.06383 0.04255 0.08511 0.01064 0.00000 0.07447
GNM13876                       0.02105 0.10526 0.01053 0.05263 0.02105 0.06316 0.05263 0.05263 0.02105 0.14737 0.04211 0.09474 0.05263 0.00000 0.06316 0.03158 0.08421 0.01053 0.00000 0.07368
GNM13680                       0.04255 0.08511 0.02128 0.06383 0.02128 0.03191 0.04255 0.07447 0.02128 0.08511 0.07447 0.11702 0.03191 0.00000 0.05319 0.04255 0.08511 0.00000 0.03191 0.07447
GNM14837                       0.04255 0.07447 0.02128 0.04255 0.02128 0.02128 0.05319 0.08511 0.02128 0.08511 0.07447 0.11702 0.04255 0.00000 0.05319 0.05319 0.08511 0.01064 0.02128 0.07447
GNM14249                       0.04255 0.07447 0.02128 0.04255 0.02128 0.02128 0.05319 0.08511 0.02128 0.08511 0.07447 0.11702 0.04255 0.00000 0.05319 0.05319 0.08511 0.01064 0.02128 0.07447
GNM13928                       0.04255 0.07447 0.02128 0.04255 0.02128 0.02128 0.05319 0.08511 0.02128 0.08511 0.07447 0.11702 0.04255 0.00000 0.05319 0.05319 0.08511 0.01064 0.02128 0.07447
GNM13297                       0.03191 0.08511 0.03191 0.04255 0.00000 0.03191 0.06383 0.06383 0.02128 0.08511 0.11702 0.11702 0.02128 0.01064 0.06383 0.04255 0.08511 0.01064 0.00000 0.07447
GNM14865                       0.07447 0.09574 0.03191 0.08511 0.01064 0.04255 0.07447 0.05319 0.02128 0.06383 0.09574 0.04255 0.02128 0.00000 0.06383 0.04255 0.06383 0.02128 0.00000 0.09574
GNM13455                       0.04255 0.06383 0.03191 0.04255 0.02128 0.02128 0.05319 0.07447 0.02128 0.09574 0.07447 0.12766 0.04255 0.00000 0.05319 0.05319 0.07447 0.01064 0.02128 0.07447
GNM14938                       0.05263 0.13684 0.00000 0.03158 0.02105 0.03158 0.08421 0.04211 0.01053 0.06316 0.10526 0.06316 0.03158 0.00000 0.07368 0.04211 0.08421 0.02105 0.00000 0.10526
GNM14872                       0.04255 0.10638 0.02128 0.06383 0.02128 0.03191 0.04255 0.08511 0.02128 0.09574 0.07447 0.09574 0.02128 0.00000 0.05319 0.04255 0.07447 0.00000 0.03191 0.07447
GNM13855                       0.02128 0.10638 0.04255 0.06383 0.02128 0.03191 0.06383 0.06383 0.02128 0.08511 0.08511 0.09574 0.02128 0.00000 0.05319 0.04255 0.07447 0.01064 0.02128 0.07447
GNM14445                       0.04255 0.08511 0.03191 0.08511 0.01064 0.06383 0.04255 0.05319 0.01064 0.06383 0.07447 0.10638 0.05319 0.01064 0.05319 0.02128 0.08511 0.00000 0.02128 0.08511
GNM14545                       0.03191 0.09574 0.02128 0.02128 0.02128 0.01064 0.08511 0.04255 0.03191 0.11702 0.05319 0.10638 0.02128 0.03191 0.07447 0.05319 0.07447 0.01064 0.00000 0.09574
GNM14366                       0.03191 0.09574 0.03191 0.05319 0.02128 0.02128 0.05319 0.07447 0.01064 0.08511 0.09574 0.09574 0.03191 0.00000 0.05319 0.05319 0.08511 0.01064 0.02128 0.07447
GNM14252                       0.04255 0.07447 0.02128 0.04255 0.02128 0.02128 0.05319 0.08511 0.02128 0.08511 0.07447 0.11702 0.04255 0.00000 0.05319 0.05319 0.08511 0.01064 0.02128 0.07447
GNM13760                       0.04255 0.07447 0.02128 0.04255 0.02128 0.02128 0.05319 0.08511 0.02128 0.08511 0.07447 0.11702 0.04255 0.00000 0.05319 0.05319 0.08511 0.01064 0.02128 0.07447
GNM13982                       0.03191 0.08511 0.03191 0.06383 0.02128 0.02128 0.05319 0.07447 0.01064 0.08511 0.08511 0.10638 0.04255 0.00000 0.05319 0.05319 0.07447 0.01064 0.02128 0.07447
GNM13960                       0.04255 0.07447 0.03191 0.04255 0.02128 0.03191 0.05319 0.05319 0.01064 0.11702 0.07447 0.10638 0.05319 0.00000 0.06383 0.07447 0.05319 0.01064 0.02128 0.06383
GNM14633                       0.03191 0.08511 0.04255 0.06383 0.02128 0.02128 0.05319 0.07447 0.01064 0.08511 0.08511 0.10638 0.04255 0.00000 0.05319 0.04255 0.07447 0.01064 0.02128 0.07447
GNM14853                       0.03191 0.08511 0.04255 0.06383 0.02128 0.02128 0.05319 0.07447 0.01064 0.08511 0.08511 0.10638 0.04255 0.00000 0.05319 0.04255 0.07447 0.01064 0.02128 0.07447
GNM14174                       0.05319 0.12766 0.03191 0.04255 0.01064 0.00000 0.09574 0.04255 0.02128 0.09574 0.07447 0.08511 0.03191 0.00000 0.07447 0.03191 0.07447 0.02128 0.00000 0.08511
GNM14055                       0.03191 0.07447 0.04255 0.05319 0.02128 0.02128 0.06383 0.05319 0.01064 0.09574 0.09574 0.11702 0.02128 0.00000 0.06383 0.06383 0.06383 0.01064 0.03191 0.06383
GNM14748                       0.04255 0.08511 0.03191 0.05319 0.02128 0.02128 0.05319 0.06383 0.02128 0.08511 0.08511 0.10638 0.03191 0.00000 0.05319 0.05319 0.08511 0.01064 0.02128 0.07447
GNM14246                       0.04255 0.12766 0.00000 0.04255 0.02128 0.01064 0.10638 0.05319 0.01064 0.08511 0.07447 0.08511 0.04255 0.01064 0.06383 0.02128 0.08511 0.02128 0.00000 0.09574
GNM14640                       0.04255 0.12766 0.01064 0.03191 0.02128 0.00000 0.10638 0.05319 0.01064 0.09574 0.07447 0.09574 0.03191 0.01064 0.06383 0.02128 0.09574 0.02128 0.00000 0.08511
GNM14965                       0.02128 0.09574 0.03191 0.06383 0.02128 0.03191 0.05319 0.08511 0.02128 0.09574 0.08511 0.10638 0.02128 0.00000 0.05319 0.04255 0.07447 0.00000 0.03191 0.06383
GNM13677                       0.02105 0.11579 0.01053 0.05263 0.02105 0.06316 0.05263 0.05263 0.02105 0.14737 0.04211 0.08421 0.05263 0.00000 0.06316 0.03158 0.08421 0.01053 0.00000 0.07368
GNM14339                       0.01053 0.12632 0.01053 0.05263 0.02105 0.02105 0.07368 0.04211 0.02105 0.08421 0.09474 0.08421 0.05263 0.00000 0.07368 0.05263 0.07368 0.02105 0.00000 0.08421
GNM14593                       0.04211 0.12632 0.01053 0.05263 0.02105 0.03158 0.05263 0.04211 0.01053 0.15789 0.06316 0.08421 0.03158 0.00000 0.06316 0.03158 0.07368 0.01053 0.01053 0.08421
GNM13825                       0.05263 0.14737 0.00000 0.03158 0.02105 0.03158 0.08421 0.05263 0.01053 0.08421 0.08421 0.05263 0.04211 0.00000 0.07368 0.02105 0.08421 0.02105 0.00000 0.10526
GNM14768                       0.01053 0.16842 0.01053 0.03158 0.02105 0.03158 0.08421 0.05263 0.02105 0.13684 0.08421 0.04211 0.03158 0.00000 0.06316 0.06316 0.07368 0.01053 0.00000 0.06316
GNM14776                       0.01053 0.15789 0.01053 0.03158 0.02105 0.03158 0.08421 0.05263 0.02105 0.13684 0.08421 0.05263 0.03158 0.00000 0.06316 0.06316 0.07368 0.01053 0.00000 0.06316
GNM14715                       0.04255 0.10638 0.02128 0.07447 0.00000 0.05319 0.04255 0.04255 0.03191 0.08511 0.08511 0.10638 0.01064 0.02128 0.06383 0.02128 0.10638 0.01064 0.00000 0.07447
GNM14639                       0.00000 0.12048 0.01205 0.04819 0.02410 0.04819 0.09639 0.04819 0.02410 0.04819 0.07229 0.10843 0.03614 0.02410 0.06024 0.02410 0.08434 0.01205 0.01205 0.09639
GNM13795                       0.04255 0.08511 0.03191 0.05319 0.02128 0.02128 0.05319 0.06383 0.02128 0.08511 0.07447 0.10638 0.04255 0.00000 0.05319 0.05319 0.08511 0.01064 0.02128 0.07447
GNM14166                       0.03191 0.08511 0.03191 0.04255 0.02128 0.03191 0.05319 0.08511 0.01064 0.09574 0.07447 0.09574 0.02128 0.00000 0.05319 0.03191 0.11702 0.01064 0.02128 0.08511
GNM14450                       0.05319 0.09574 0.02128 0.07447 0.01064 0.03191 0.03191 0.06383 0.02128 0.07447 0.08511 0.10638 0.02128 0.00000 0.05319 0.03191 0.09574 0.01064 0.02128 0.09574
GNM13515                       0.03191 0.09574 0.04255 0.06383 0.02128 0.02128 0.05319 0.06383 0.01064 0.08511 0.09574 0.09574 0.03191 0.00000 0.05319 0.06383 0.06383 0.01064 0.02128 0.07447
GNM13745                       0.04255 0.09574 0.04255 0.06383 0.01064 0.02128 0.04255 0.05319 0.04255 0.07447 0.09574 0.08511 0.02128 0.02128 0.05319 0.08511 0.08511 0.01064 0.00000 0.05319
GNM14030                       0.03261 0.13043 0.03261 0.07609 0.01087 0.04348 0.03261 0.06522 0.01087 0.08696 0.09783 0.06522 0.02174 0.02174 0.05435 0.05435 0.09783 0.01087 0.00000 0.05435
GNM14959                       0.06383 0.13830 0.02128 0.06383 0.00000 0.02128 0.06383 0.06383 0.02128 0.11702 0.09574 0.07447 0.03191 0.00000 0.05319 0.02128 0.03191 0.02128 0.03191 0.06383
GNM13413                       0.01064 0.09574 0.01064 0.04255 0.00000 0.01064 0.08511 0.05319 0.02128 0.13830 0.05319 0.14894 0.07447 0.01064 0.06383 0.01064 0.05319 0.03191 0.02128 0.06383
GNM14971                       0.04255 0.07447 0.03191 0.04255 0.02128 0.02128 0.06383 0.05319 0.01064 0.11702 0.07447 0.10638 0.05319 0.00000 0.06383 0.07447 0.05319 0.01064 0.02128 0.06383
GNM15005                       0.04255 0.07447 0.03191 0.04255 0.02128 0.02128 0.06383 0.05319 0.01064 0.11702 0.07447 0.10638 0.05319 0.00000 0.06383 0.07447 0.05319 0.01064 0.02128 0.06383
GNM14994                       0.04255 0.08511 0.01064 0.05319 0.02128 0.02128 0.05319 0.06383 0.02128 0.10638 0.07447 0.10638 0.04255 0.00000 0.05319 0.06383 0.08511 0.01064 0.02128 0.06383
GNM14976                       0.04255 0.07447 0.04255 0.04255 0.02128 0.02128 0.05319 0.05319 0.01064 0.11702 0.07447 0.11702 0.05319 0.00000 0.06383 0.06383 0.05319 0.01064 0.02128 0.06383
GNM15022                       0.04255 0.07447 0.03191 0.04255 0.02128 0.02128 0.06383 0.05319 0.01064 0.11702 0.07447 0.10638 0.05319 0.00000 0.06383 0.07447 0.05319 0.01064 0.02128 0.06383
GNM14999                       0.03896 0.09091 0.03896 0.05195 0.01299 0.01299 0.05195 0.06494 0.01299 0.09091 0.07792 0.11688 0.05195 0.00000 0.06494 0.05195 0.03896 0.01299 0.02597 0.09091
GNM15018                       0.04255 0.07447 0.03191 0.04255 0.02128 0.02128 0.05319 0.08511 0.02128 0.08511 0.07447 0.11702 0.04255 0.00000 0.05319 0.04255 0.08511 0.01064 0.02128 0.07447
GNM15024                       0.04255 0.07447 0.03191 0.04255 0.02128 0.02128 0.05319 0.08511 0.02128 0.08511 0.07447 0.11702 0.04255 0.00000 0.05319 0.04255 0.08511 0.01064 0.02128 0.07447
GNM14980                       0.04255 0.07447 0.03191 0.04255 0.02128 0.02128 0.05319 0.08511 0.02128 0.08511 0.07447 0.11702 0.04255 0.00000 0.05319 0.04255 0.08511 0.01064 0.02128 0.07447
GNM15000                       0.04255 0.07447 0.03191 0.04255 0.02128 0.02128 0.05319 0.08511 0.02128 0.08511 0.07447 0.11702 0.04255 0.00000 0.05319 0.04255 0.08511 0.01064 0.02128 0.07447
GNM15026                       0.02128 0.06383 0.03191 0.06383 0.02128 0.03191 0.06383 0.05319 0.01064 0.11702 0.07447 0.10638 0.04255 0.00000 0.05319 0.06383 0.06383 0.01064 0.02128 0.08511
GNM15001                       0.04255 0.07447 0.03191 0.04255 0.02128 0.02128 0.05319 0.08511 0.02128 0.08511 0.07447 0.11702 0.04255 0.00000 0.05319 0.04255 0.08511 0.01064 0.02128 0.07447
GNM15019                       0.04255 0.08511 0.01064 0.05319 0.02128 0.02128 0.05319 0.06383 0.02128 0.10638 0.07447 0.10638 0.04255 0.00000 0.05319 0.06383 0.08511 0.01064 0.02128 0.06383
GNM15003                       0.05319 0.07447 0.03191 0.04255 0.02128 0.03191 0.05319 0.05319 0.01064 0.11702 0.07447 0.10638 0.05319 0.00000 0.06383 0.07447 0.04255 0.01064 0.02128 0.06383
GNM11003                       0.04255 0.10638 0.01064 0.04255 0.00000 0.02128 0.08511 0.04255 0.02128 0.09574 0.06383 0.09574 0.05319 0.00000 0.06383 0.03191 0.05319 0.03191 0.02128 0.11702
GNM11023                       0.02128 0.10638 0.04255 0.03191 0.00000 0.02128 0.09574 0.04255 0.04255 0.08511 0.09574 0.08511 0.03191 0.02128 0.06383 0.02128 0.02128 0.04255 0.02128 0.10638
GNM11055                       0.05319 0.11702 0.03191 0.05319 0.01064 0.03191 0.07447 0.05319 0.02128 0.10638 0.07447 0.06383 0.03191 0.00000 0.07447 0.05319 0.03191 0.02128 0.00000 0.09574
GNM11146                       0.05319 0.15957 0.01064 0.06383 0.00000 0.02128 0.05319 0.07447 0.03191 0.10638 0.08511 0.05319 0.04255 0.00000 0.05319 0.01064 0.05319 0.02128 0.02128 0.08511
GNM11219                       0.04255 0.15957 0.02128 0.04255 0.02128 0.00000 0.08511 0.04255 0.01064 0.11702 0.04255 0.07447 0.06383 0.00000 0.06383 0.03191 0.05319 0.01064 0.02128 0.09574
GNM11220                       0.04255 0.12766 0.01064 0.05319 0.02128 0.01064 0.07447 0.05319 0.01064 0.11702 0.05319 0.09574 0.02128 0.02128 0.05319 0.03191 0.08511 0.01064 0.02128 0.08511
GNM11224                       0.04255 0.17021 0.00000 0.04255 0.02128 0.00000 0.11702 0.04255 0.01064 0.09574 0.07447 0.07447 0.03191 0.01064 0.06383 0.04255 0.05319 0.02128 0.00000 0.08511
GNM11225                       0.03191 0.13830 0.01064 0.04255 0.02128 0.00000 0.09574 0.04255 0.01064 0.07447 0.07447 0.09574 0.04255 0.01064 0.06383 0.04255 0.07447 0.02128 0.01064 0.09574
GNM11358                       0.02128 0.10638 0.04255 0.06383 0.02128 0.03191 0.06383 0.06383 0.02128 0.08511 0.08511 0.09574 0.02128 0.00000 0.05319 0.04255 0.07447 0.01064 0.02128 0.07447
GNM11360                       0.04255 0.06383 0.03191 0.04255 0.02128 0.02128 0.05319 0.07447 0.02128 0.09574 0.07447 0.12766 0.04255 0.00000 0.05319 0.05319 0.07447 0.01064 0.02128 0.07447
GNM11362                       0.07447 0.08511 0.01064 0.06383 0.01064 0.05319 0.05319 0.05319 0.02128 0.09574 0.08511 0.10638 0.04255 0.01064 0.05319 0.03191 0.06383 0.01064 0.00000 0.07447
GNM11367                       0.03191 0.08511 0.03191 0.06383 0.02128 0.02128 0.05319 0.07447 0.01064 0.08511 0.08511 0.10638 0.04255 0.00000 0.05319 0.05319 0.07447 0.01064 0.02128 0.07447
GNM11377                       0.04255 0.10638 0.02128 0.06383 0.02128 0.03191 0.04255 0.08511 0.02128 0.09574 0.07447 0.09574 0.02128 0.00000 0.05319 0.04255 0.07447 0.00000 0.03191 0.07447
GNM11380                       0.03191 0.08511 0.03191 0.04255 0.02128 0.03191 0.05319 0.08511 0.01064 0.09574 0.07447 0.09574 0.02128 0.00000 0.05319 0.03191 0.11702 0.01064 0.02128 0.08511
GNM11383                       0.03191 0.09574 0.03191 0.05319 0.02128 0.02128 0.06383 0.07447 0.01064 0.08511 0.08511 0.08511 0.04255 0.00000 0.05319 0.05319 0.08511 0.01064 0.02128 0.07447
GNM11491                       0.03191 0.09574 0.01064 0.07447 0.02128 0.01064 0.04255 0.07447 0.03191 0.12766 0.08511 0.09574 0.03191 0.01064 0.05319 0.05319 0.07447 0.01064 0.01064 0.05319
GNM11804                       0.05319 0.12766 0.02128 0.05319 0.01064 0.03191 0.08511 0.05319 0.02128 0.14894 0.07447 0.06383 0.03191 0.00000 0.06383 0.04255 0.02128 0.02128 0.01064 0.06383
GNM11805                       0.04255 0.10638 0.01064 0.06383 0.01064 0.02128 0.07447 0.06383 0.02128 0.10638 0.07447 0.08511 0.03191 0.00000 0.07447 0.05319 0.05319 0.02128 0.01064 0.07447
GNM12883                       0.04255 0.09574 0.02128 0.06383 0.02128 0.03191 0.04255 0.08511 0.02128 0.09574 0.07447 0.10638 0.02128 0.00000 0.05319 0.05319 0.06383 0.00000 0.03191 0.07447
GNM12886                       0.04255 0.09574 0.02128 0.06383 0.02128 0.03191 0.04255 0.08511 0.02128 0.09574 0.07447 0.10638 0.02128 0.00000 0.05319 0.05319 0.06383 0.00000 0.03191 0.07447
GNM12892                       0.02128 0.09574 0.03191 0.06383 0.02128 0.03191 0.05319 0.08511 0.02128 0.09574 0.08511 0.10638 0.02128 0.00000 0.05319 0.04255 0.07447 0.00000 0.03191 0.06383
GNM12895                       0.05319 0.09574 0.02128 0.07447 0.01064 0.03191 0.03191 0.06383 0.02128 0.07447 0.08511 0.10638 0.02128 0.00000 0.05319 0.03191 0.09574 0.01064 0.02128 0.09574
GNM13060                       0.04255 0.07447 0.05319 0.03191 0.00000 0.03191 0.06383 0.04255 0.02128 0.12766 0.08511 0.08511 0.02128 0.03191 0.06383 0.08511 0.05319 0.01064 0.01064 0.06383
GNM13061                       0.06383 0.07447 0.02128 0.03191 0.00000 0.02128 0.08511 0.05319 0.02128 0.09574 0.08511 0.10638 0.02128 0.03191 0.05319 0.08511 0.05319 0.01064 0.00000 0.08511
GNM13064                       0.04255 0.11702 0.03191 0.08511 0.01064 0.04255 0.03191 0.04255 0.01064 0.08511 0.09574 0.09574 0.02128 0.02128 0.05319 0.05319 0.09574 0.01064 0.00000 0.05319
GNM13066                       0.04255 0.12766 0.04255 0.07447 0.01064 0.04255 0.04255 0.04255 0.01064 0.08511 0.09574 0.08511 0.02128 0.02128 0.05319 0.05319 0.09574 0.01064 0.00000 0.04255
GNM11034                       0.05263 0.13684 0.00000 0.03158 0.02105 0.03158 0.08421 0.04211 0.01053 0.06316 0.10526 0.06316 0.03158 0.00000 0.07368 0.04211 0.07368 0.02105 0.00000 0.11579
GNM11363                       0.07447 0.08511 0.01064 0.06383 0.01064 0.05319 0.05319 0.05319 0.02128 0.09574 0.08511 0.10638 0.04255 0.01064 0.05319 0.03191 0.06383 0.01064 0.00000 0.07447
GNM11375                       0.04255 0.07447 0.02128 0.04255 0.02128 0.02128 0.05319 0.08511 0.02128 0.08511 0.07447 0.11702 0.04255 0.00000 0.05319 0.05319 0.08511 0.01064 0.02128 0.07447
GNM11381                       0.03191 0.09574 0.03191 0.05319 0.02128 0.02128 0.06383 0.07447 0.01064 0.08511 0.08511 0.08511 0.04255 0.00000 0.05319 0.05319 0.08511 0.01064 0.02128 0.07447
GNM11382                       0.03191 0.08511 0.03191 0.05319 0.02128 0.02128 0.05319 0.07447 0.01064 0.08511 0.08511 0.09574 0.04255 0.00000 0.05319 0.05319 0.09574 0.01064 0.02128 0.07447
GNM11841                       0.07447 0.09574 0.02128 0.07447 0.01064 0.04255 0.08511 0.05319 0.02128 0.07447 0.08511 0.04255 0.02128 0.00000 0.06383 0.05319 0.06383 0.02128 0.00000 0.09574
GNM11931                       0.06383 0.08511 0.03191 0.07447 0.01064 0.05319 0.08511 0.06383 0.02128 0.07447 0.07447 0.05319 0.02128 0.00000 0.06383 0.03191 0.05319 0.02128 0.00000 0.11702
GNM12040                       0.06383 0.09574 0.02128 0.10638 0.01064 0.04255 0.06383 0.05319 0.02128 0.09574 0.08511 0.03191 0.02128 0.00000 0.06383 0.04255 0.08511 0.02128 0.00000 0.07447
GNM12071                       0.08511 0.09574 0.01064 0.08511 0.01064 0.04255 0.07447 0.05319 0.02128 0.08511 0.08511 0.03191 0.02128 0.00000 0.06383 0.06383 0.06383 0.02128 0.00000 0.08511
GNM12125                       0.04255 0.11702 0.01064 0.04255 0.00000 0.04255 0.07447 0.04255 0.02128 0.11702 0.09574 0.10638 0.02128 0.00000 0.06383 0.02128 0.04255 0.03191 0.01064 0.09574
GNM12126                       0.03191 0.11702 0.04255 0.04255 0.00000 0.02128 0.09574 0.04255 0.03191 0.11702 0.06383 0.06383 0.05319 0.01064 0.05319 0.04255 0.03191 0.02128 0.01064 0.10638
GNM12128                       0.03191 0.10638 0.03191 0.04255 0.00000 0.02128 0.07447 0.04255 0.03191 0.13830 0.05319 0.07447 0.02128 0.00000 0.06383 0.05319 0.00000 0.03191 0.02128 0.15957
GNM12182                       0.02128 0.11702 0.03191 0.04255 0.00000 0.03191 0.07447 0.05319 0.02128 0.09574 0.06383 0.08511 0.06383 0.00000 0.06383 0.04255 0.03191 0.03191 0.02128 0.10638
GNM12342                       0.04255 0.10638 0.01064 0.08511 0.01064 0.04255 0.06383 0.04255 0.02128 0.14894 0.05319 0.08511 0.02128 0.02128 0.05319 0.06383 0.06383 0.01064 0.00000 0.05319
GNM12346                       0.05319 0.10638 0.01064 0.05319 0.01064 0.04255 0.06383 0.06383 0.02128 0.09574 0.07447 0.07447 0.02128 0.00000 0.06383 0.08511 0.04255 0.02128 0.00000 0.09574
GNM12351                       0.07447 0.09574 0.01064 0.06383 0.01064 0.04255 0.03191 0.06383 0.02128 0.09574 0.07447 0.07447 0.02128 0.00000 0.06383 0.07447 0.05319 0.02128 0.00000 0.10638
GNM12356                       0.05319 0.07447 0.02128 0.05319 0.01064 0.02128 0.07447 0.05319 0.02128 0.11702 0.04255 0.10638 0.04255 0.01064 0.04255 0.07447 0.10638 0.01064 0.00000 0.06383
GNM12357                       0.06383 0.07447 0.01064 0.06383 0.01064 0.04255 0.06383 0.05319 0.02128 0.10638 0.04255 0.10638 0.04255 0.01064 0.04255 0.06383 0.09574 0.01064 0.00000 0.07447
GNM12366                       0.06383 0.07447 0.01064 0.06383 0.01064 0.03191 0.06383 0.04255 0.02128 0.11702 0.04255 0.11702 0.04255 0.01064 0.04255 0.08511 0.08511 0.01064 0.00000 0.06383
GNM12373                       0.06383 0.13830 0.01064 0.07447 0.01064 0.04255 0.05319 0.05319 0.01064 0.11702 0.08511 0.05319 0.03191 0.00000 0.06383 0.02128 0.08511 0.02128 0.00000 0.06383
GNM12385                       0.06383 0.11702 0.01064 0.08511 0.01064 0.04255 0.05319 0.06383 0.01064 0.10638 0.08511 0.07447 0.03191 0.00000 0.06383 0.02128 0.06383 0.02128 0.00000 0.07447
GNM12551                       0.02128 0.11702 0.00000 0.05319 0.01064 0.02128 0.11702 0.05319 0.03191 0.10638 0.07447 0.08511 0.04255 0.00000 0.06383 0.04255 0.06383 0.02128 0.00000 0.07447
GNM12554                       0.06383 0.13830 0.01064 0.08511 0.01064 0.04255 0.05319 0.06383 0.01064 0.11702 0.08511 0.05319 0.02128 0.01064 0.06383 0.01064 0.07447 0.01064 0.00000 0.07447
GNM12592                       0.06383 0.11702 0.04255 0.05319 0.02128 0.05319 0.05319 0.06383 0.03191 0.08511 0.08511 0.05319 0.03191 0.00000 0.06383 0.03191 0.04255 0.02128 0.00000 0.08511
GNM12596                       0.06383 0.09574 0.03191 0.05319 0.01064 0.04255 0.04255 0.06383 0.02128 0.10638 0.07447 0.07447 0.02128 0.00000 0.06383 0.06383 0.05319 0.02128 0.00000 0.09574
GNM12602                       0.06383 0.09574 0.03191 0.05319 0.01064 0.04255 0.04255 0.06383 0.02128 0.10638 0.07447 0.07447 0.02128 0.00000 0.06383 0.06383 0.05319 0.02128 0.00000 0.09574
GNM12665                       0.06383 0.09574 0.03191 0.05319 0.01064 0.04255 0.04255 0.06383 0.02128 0.10638 0.07447 0.07447 0.02128 0.00000 0.06383 0.06383 0.05319 0.02128 0.00000 0.09574
GNM12745                       0.05319 0.07447 0.04255 0.06383 0.01064 0.02128 0.08511 0.06383 0.01064 0.07447 0.08511 0.11702 0.02128 0.00000 0.06383 0.03191 0.06383 0.02128 0.00000 0.09574
GNM12749                       0.06383 0.11702 0.01064 0.07447 0.01064 0.04255 0.07447 0.06383 0.01064 0.09574 0.09574 0.07447 0.02128 0.00000 0.06383 0.01064 0.07447 0.02128 0.00000 0.07447
GNM12758                       0.05319 0.08511 0.02128 0.06383 0.01064 0.02128 0.08511 0.06383 0.02128 0.07447 0.06383 0.09574 0.04255 0.00000 0.06383 0.03191 0.07447 0.02128 0.01064 0.09574
GNM12763                       0.05319 0.08511 0.02128 0.04255 0.01064 0.03191 0.11702 0.05319 0.01064 0.08511 0.05319 0.08511 0.04255 0.00000 0.06383 0.04255 0.08511 0.02128 0.01064 0.08511
GNM12766                       0.05319 0.07447 0.01064 0.05319 0.01064 0.04255 0.08511 0.05319 0.02128 0.12766 0.05319 0.11702 0.02128 0.01064 0.05319 0.04255 0.06383 0.01064 0.02128 0.07447
GNM12841                       0.08511 0.09574 0.01064 0.09574 0.01064 0.04255 0.07447 0.05319 0.02128 0.08511 0.08511 0.04255 0.02128 0.00000 0.06383 0.03191 0.07447 0.02128 0.00000 0.08511
GNM12849                       0.04255 0.06383 0.03191 0.04255 0.02128 0.02128 0.05319 0.07447 0.02128 0.09574 0.07447 0.12766 0.04255 0.00000 0.05319 0.05319 0.07447 0.01064 0.02128 0.07447
GNM12869                       0.04255 0.07447 0.03191 0.04255 0.02128 0.02128 0.05319 0.08511 0.02128 0.08511 0.07447 0.11702 0.04255 0.00000 0.05319 0.04255 0.08511 0.01064 0.02128 0.07447
GNM12896                       0.03191 0.08511 0.03191 0.04255 0.02128 0.03191 0.05319 0.08511 0.01064 0.09574 0.07447 0.09574 0.02128 0.00000 0.05319 0.03191 0.11702 0.01064 0.02128 0.08511
GNM12897                       0.03191 0.08511 0.03191 0.04255 0.02128 0.03191 0.05319 0.08511 0.01064 0.09574 0.07447 0.09574 0.02128 0.00000 0.05319 0.03191 0.11702 0.01064 0.02128 0.08511
GNM12902                       0.03191 0.11702 0.00000 0.06383 0.01064 0.02128 0.08511 0.07447 0.02128 0.11702 0.06383 0.06383 0.02128 0.00000 0.07447 0.05319 0.05319 0.02128 0.01064 0.09574
GNM12903                       0.04255 0.15957 0.01064 0.04255 0.00000 0.04255 0.05319 0.05319 0.02128 0.09574 0.09574 0.05319 0.03191 0.01064 0.05319 0.03191 0.06383 0.01064 0.02128 0.10638
GNM12906                       0.04255 0.15957 0.01064 0.04255 0.00000 0.04255 0.05319 0.05319 0.02128 0.08511 0.09574 0.05319 0.03191 0.00000 0.05319 0.03191 0.06383 0.01064 0.03191 0.11702
GNM12907                       0.05319 0.14894 0.01064 0.04255 0.00000 0.03191 0.05319 0.05319 0.02128 0.08511 0.10638 0.06383 0.03191 0.01064 0.05319 0.03191 0.06383 0.01064 0.02128 0.10638
GNM12909                       0.04255 0.14894 0.01064 0.04255 0.00000 0.04255 0.05319 0.05319 0.02128 0.08511 0.10638 0.06383 0.02128 0.01064 0.05319 0.03191 0.06383 0.01064 0.02128 0.11702
GNM12915                       0.07447 0.13830 0.02128 0.05319 0.00000 0.04255 0.09574 0.04255 0.01064 0.13830 0.05319 0.06383 0.03191 0.01064 0.05319 0.04255 0.06383 0.01064 0.00000 0.05319
GNM10046                       0.07447 0.13830 0.02128 0.05319 0.00000 0.04255 0.09574 0.04255 0.01064 0.13830 0.04255 0.06383 0.03191 0.01064 0.05319 0.04255 0.07447 0.01064 0.00000 0.05319
GNM12918                       0.07447 0.14894 0.02128 0.05319 0.00000 0.04255 0.09574 0.04255 0.01064 0.13830 0.05319 0.05319 0.03191 0.01064 0.05319 0.04255 0.06383 0.01064 0.00000 0.05319
GNM12931                       0.02128 0.09574 0.03191 0.02128 0.00000 0.01064 0.08511 0.04255 0.02128 0.11702 0.07447 0.13830 0.06383 0.01064 0.06383 0.02128 0.04255 0.04255 0.01064 0.08511
GNM12938                       0.04255 0.10638 0.03191 0.04255 0.00000 0.04255 0.07447 0.04255 0.03191 0.09574 0.05319 0.07447 0.06383 0.01064 0.06383 0.03191 0.04255 0.03191 0.01064 0.10638
GNM12996                       0.03191 0.12766 0.01064 0.03191 0.00000 0.03191 0.09574 0.05319 0.02128 0.11702 0.07447 0.07447 0.05319 0.00000 0.06383 0.02128 0.05319 0.03191 0.02128 0.08511
GNM13018                       0.03191 0.12766 0.01064 0.03191 0.00000 0.03191 0.09574 0.05319 0.02128 0.11702 0.07447 0.07447 0.05319 0.00000 0.06383 0.02128 0.05319 0.03191 0.02128 0.08511
GNM13027                       0.03191 0.09574 0.02128 0.04255 0.00000 0.03191 0.08511 0.04255 0.03191 0.10638 0.06383 0.08511 0.05319 0.01064 0.06383 0.04255 0.05319 0.03191 0.01064 0.09574
GNM13046                       0.04255 0.08511 0.00000 0.06383 0.02128 0.02128 0.05319 0.06383 0.02128 0.10638 0.08511 0.09574 0.04255 0.00000 0.05319 0.08511 0.08511 0.01064 0.02128 0.04255
GNM13074                       0.07447 0.13830 0.01064 0.06383 0.00000 0.04255 0.09574 0.04255 0.01064 0.12766 0.05319 0.06383 0.03191 0.02128 0.05319 0.03191 0.08511 0.00000 0.00000 0.05319
GNM10010                       0.06383 0.13830 0.01064 0.06383 0.00000 0.04255 0.09574 0.04255 0.01064 0.11702 0.05319 0.06383 0.03191 0.02128 0.05319 0.03191 0.09574 0.00000 0.00000 0.06383
GNM10014                       0.06383 0.13830 0.01064 0.06383 0.00000 0.04255 0.09574 0.04255 0.01064 0.11702 0.05319 0.06383 0.03191 0.02128 0.05319 0.04255 0.08511 0.00000 0.00000 0.06383
GNM13090                       0.06383 0.13830 0.01064 0.06383 0.00000 0.04255 0.09574 0.04255 0.01064 0.11702 0.05319 0.06383 0.03191 0.02128 0.05319 0.03191 0.09574 0.00000 0.00000 0.06383
GNM13118                       0.05319 0.17021 0.01064 0.04255 0.01064 0.03191 0.07447 0.04255 0.01064 0.07447 0.08511 0.05319 0.02128 0.02128 0.06383 0.04255 0.07447 0.00000 0.01064 0.10638
GNM13126                       0.03191 0.10638 0.02128 0.06383 0.01064 0.03191 0.08511 0.06383 0.03191 0.11702 0.06383 0.05319 0.03191 0.00000 0.07447 0.04255 0.06383 0.02128 0.01064 0.07447
GNM13128                       0.03191 0.08511 0.01064 0.06383 0.01064 0.03191 0.08511 0.06383 0.03191 0.11702 0.06383 0.06383 0.04255 0.00000 0.07447 0.05319 0.06383 0.02128 0.01064 0.07447
GNM13208                       0.04255 0.10638 0.03191 0.04255 0.00000 0.01064 0.06383 0.05319 0.03191 0.09574 0.08511 0.09574 0.04255 0.01064 0.05319 0.02128 0.07447 0.01064 0.02128 0.10638
GNM13210                       0.01064 0.07447 0.01064 0.03191 0.00000 0.01064 0.08511 0.06383 0.02128 0.13830 0.08511 0.17021 0.05319 0.01064 0.06383 0.01064 0.05319 0.03191 0.02128 0.05319
GNM12773                       0.05319 0.13830 0.01064 0.05319 0.01064 0.01064 0.08511 0.05319 0.02128 0.09574 0.07447 0.07447 0.03191 0.00000 0.07447 0.03191 0.08511 0.02128 0.00000 0.07447
GNM12768                       0.09091 0.06818 0.00000 0.07955 0.00000 0.05682 0.05682 0.03409 0.02273 0.05682 0.07955 0.11364 0.01136 0.01136 0.05682 0.05682 0.07955 0.01136 0.01136 0.10227

Homogeneity statistic: X2 = 15.94733 G = 17.26661 

Average                        0.04432 0.10294 0.02227 0.05373 0.01321 0.02986 0.06600 0.06001 0.01891 0.09980 0.07666 0.09009 0.03490 0.00496 0.05892 0.04519 0.07126 0.01438 0.01270 0.07987
(Ambiguity characters are used to calculate freqs.)


# constant sites:      8 (8.42%)

TREE #  1:  ((((((((44, 144), 130), (60, 94)), 95), 96), (((132, 133), (97, 59)), (131, 134))), ((((((124, 123), 126), 125), 143), (62, 43)), 140)), (((((((((((((((((((46, 45), (49, 20)), 48), 58), 50), 55), 24), (((70, 19), (22, 21)), 40)), (((((((((54, 52), 53), 51), 56), 119), (17, 6)), ((((57, 47), (25, 37)), (7, 5)), (87, 18))), ((10, 68), 118)), 74)), 135), (((88, 73), 16), 89)), (((120, 72), 121), 38)), (((((78, 4), 77), (71, 12)), (28, 79)), (13, 67))), (80, 39)), (86, 69)), (((((83, 84), 42), 41), 14), 35)), ((((1, 81), 82), (8, 2)), 36)), ((((33, 34), 31), (3, 29)), (((85, 11), 32), 30))), ((((((27, 26), (145, 23)), (65, 66)), 63), 146), (15, 64))), (((((((((((111, 109), 110), 100), 108), 99), (((107, 105), 113), 104)), ((((92, 9), 93), (90, 117)), 91)), (61, 75)), ((142, 141), (76, 122))), ((((((103, 102), 101), 116), 98), ((112, 114), 115)), 106)), ((((137, 138), 139), 136), ((129, 127), 128))));   MP score: -1
lnL(ntime:289  np:290):  -6816.558262      +0.000000
 147..148 148..149 149..150 150..151 151..152 152..153 153..154 154..44  154..144 153..130 152..155 155..60  155..94  151..95  150..96  149..156 156..157 157..158 158..132 158..133 157..159 159..97  159..59  156..160 160..131 160..134 148..161 161..162 162..163 163..164 164..165 165..166 166..124 166..123 165..126 164..125 163..143 162..167 167..62  167..43  161..140 147..168 168..169 169..170 170..171 171..172 172..173 173..174 174..175 175..176 176..177 177..178 178..179 179..180 180..181 181..182 182..183 183..184 184..185 185..186 186..46  186..45  185..187 187..49  187..20  184..48  183..58  182..50  181..55  180..24  179..188 188..189 189..190 190..70  190..19  189..191 191..22  191..21  188..40  178..192 192..193 193..194 194..195 195..196 196..197 197..198 198..199 199..200 200..54  200..52  199..53  198..51  197..56  196..119 195..201 201..17  201..6   194..202 202..203 203..204 204..205 205..57  205..47  204..206 206..25  206..37  203..207 207..7   207..5   202..208 208..87  208..18  193..209 209..210 210..10  210..68  209..118 192..74  177..135 176..211 211..212 212..213 213..88  213..73  212..16  211..89  175..214 214..215 215..216 216..120 216..72  215..121 214..38  174..217 217..218 218..219 219..220 220..221 221..78  221..4   220..77  219..222 222..71  222..12  218..223 223..28  223..79  217..224 224..13  224..67  173..225 225..80  225..39  172..226 226..86  226..69  171..227 227..228 228..229 229..230 230..231 231..83  231..84  230..42  229..41  228..14  227..35  170..232 232..233 233..234 234..235 235..1   235..81  234..82  233..236 236..8   236..2   232..36  169..237 237..238 238..239 239..240 240..33  240..34  239..31  238..241 241..3   241..29  237..242 242..243 243..244 244..85  244..11  243..32  242..30  168..245 245..246 246..247 247..248 248..249 249..250 250..27  250..26  249..251 251..145 251..23  248..252 252..65  252..66  247..63  246..146 245..253 253..15  253..64  147..254 254..255 255..256 256..257 257..258 258..259 259..260 260..261 261..262 262..263 263..264 264..111 264..109 263..110 262..100 261..108 260..99  259..265 265..266 266..267 267..107 267..105 266..113 265..104 258..268 268..269 269..270 270..271 271..92  271..9   270..93  269..272 272..90  272..117 268..91  257..273 273..61  273..75  256..274 274..275 275..142 275..141 274..276 276..76  276..122 255..277 277..278 278..279 279..280 280..281 281..282 282..103 282..102 281..101 280..116 279..98  278..283 283..284 284..112 284..114 283..115 277..106 254..285 285..286 286..287 287..288 288..137 288..138 287..139 286..136 285..289 289..290 290..129 290..127 289..128
 0.085254 0.138507 0.000000 0.000000 0.000000 0.482193 0.078636 0.059355 0.067885 0.072352 0.024099 0.395631 0.216745 0.532084 0.422300 0.203722 0.035070 0.108347 0.000000 0.000000 0.048481 0.105844 0.069857 0.164071 0.074608 0.056019 0.206480 0.192274 0.161138 0.073088 0.033611 0.012534 0.013043 0.011634 0.013176 0.007351 0.147736 0.122418 0.171650 0.129064 0.351308 0.042258 0.071441 0.219588 0.058279 0.142790 0.091249 0.049539 0.075653 0.119519 0.027561 0.046392 0.000000 0.064848 0.039481 0.057501 0.042719 0.000000 0.018846 0.000000 0.000000 0.000000 0.000000 0.000000 0.011907 0.005377 0.031261 0.038240 0.064763 0.140659 0.019044 0.000000 0.000000 0.000000 0.000000 0.012606 0.000000 0.000000 0.079280 0.066652 0.034648 0.000000 0.000000 0.012921 0.000000 0.000000 0.000000 0.000000 0.000000 0.000000 0.000000 0.000000 0.000000 0.000000 0.000000 0.000000 0.000000 0.000000 0.000000 0.039084 0.066877 0.000000 0.000000 0.000000 0.012463 0.000000 0.000000 0.000000 0.000000 0.000000 0.000000 0.000000 0.039048 0.025281 0.000000 0.000000 0.000000 0.262466 0.077423 0.000000 0.012614 0.000000 0.000000 0.000000 0.052122 0.012874 0.072475 0.000000 0.000000 0.000000 0.000000 0.000000 0.000000 0.141849 0.000000 0.083351 0.027270 0.000000 0.013165 0.040268 0.013166 0.012656 0.000000 0.000000 0.000000 0.000000 0.000000 0.081145 0.000000 0.000000 0.134112 0.000000 0.000000 0.185238 0.000000 0.000000 0.083246 0.073334 0.133512 0.000000 0.032036 0.023049 0.018260 0.099856 0.170356 0.189634 0.406912 0.000000 0.225909 0.145811 0.208999 0.102606 0.026313 0.209487 0.164907 0.000000 0.000000 0.319350 0.257399 0.034454 0.137771 0.112854 0.011971 0.000000 0.135378 0.135621 0.000000 0.011930 0.185887 0.153121 0.052818 0.000000 0.012506 0.037550 0.231167 0.045299 0.068535 0.000000 0.081909 0.054721 0.015341 0.060587 0.033673 0.186063 0.015492 0.051166 0.066259 0.111454 0.153349 0.272042 1.992270 0.222797 0.267095 0.169398 0.080331 0.022280 0.109826 0.041898 0.054263 0.016559 0.027558 0.000000 0.103674 0.021069 0.000000 0.000000 0.000000 0.000000 0.071590 0.171911 0.126117 0.155746 0.015874 0.000000 0.021260 0.057797 0.099807 0.063855 0.235355 0.066759 0.016393 0.000000 0.040858 0.059024 0.054843 0.000000 0.049755 0.040720 0.069226 0.128231 0.145482 0.068700 0.268657 0.074432 0.034469 0.003389 0.075820 0.062583 0.020111 0.000000 0.040067 0.243332 0.063278 0.243232 0.000000 0.042865 0.021415 0.071729 0.114972 0.041238 0.174110 0.109386 0.091116 0.000000 0.085821 0.431941 0.174164 0.037558 0.023812 0.000000 0.000000 0.011826 0.000000 0.000000 0.000000 0.021628 0.011677 0.000000 0.013558 1.013498
