
Printing out site pattern counts


       135         50  P

GNM13746                        --AAACCDDE EEFGGGHIII IIIIKKKLLL LNNNPPRRSS SSSTVVVVWY 
GNM13538                        --AAACCDQD ELAGGGHEII LLVVGSTFLL VKNQPPRRQR SSTTPVVVWY 
GNM13671                        --AAACCNDE ELRGGGRTII ITIIKKTILL ESNNDPAMKS SSTTPGNTYY 
GNM13876                        --AAACCNDE ELRGGGKTII IVIVSKSLLL EKSNDSRRKS SSSVVTVVYY 
GNM13680                        --AAACCDDQ AIVGKNKPIL VLVIKRTFLL TKDRPPKRKS SSSTPVNVWY 
GNM14837                        --AASCCDDE TVHGKGKPVL VIIVNKSVLL TKDKPKKRKN SSTTPVNVWY 
GNM14249                        --AASCCDDE TVYGKGKPVL VIIVNKSVLL TKDKPKKRKS SSTTPVVVWY 
GNM13928                        --AASCCDDE TVHGKGKPVL VIIVNKSVLL TKDKPKKRKN SSTTPVNVWY 
GNM13297                        --AAACCDQD ELAGGGHEII LLVVGSTFLL VKNQPPRRQR SSTTPVVVWY 
GNM14865                        --AAACCSHE EYFGGGHEVV ILIVDTSTLM EQDEEPGRKA SSTNPTNVWY 
GNM13455                        --AASCCDDQ TIFGKGKPVL VIVVNKSVLL TKDKPKKRKS SSTTPVVVWY 
GNM14483                        --AAACDENQ ELTGGGKNLI ILVIKKTILL TKEKPPRRKS SSSTAANVWY 
GNM14872                        --AAACCDDL AIAGKSKPLL VLVIKSTFLL TKDKPPRRKS SSSTPVVVWY 
GNM13855                        --AAACCEKK EIAGKHKKLL VLVMKATLLL TKDKPPKKKF SSSTPMVVWY 
GNM14445                        --AAACCDDE ELSGNGKKLI ILVIKKNLLL SKDKPSRRRS SSSAPISVWY 
GNM14404                        --AAACCTDV ELQGKGRTIV IVIVDRPILI EHENPPRRRS LSTFVINIWY 
GNM14366                        --AAACCDDH EVYGKGKPVL VIIVNKSALL TKDKPKKRKT SSTFPVLVWY 
GNM14252                        --AASCCDDE TVYGKGKPVL VIIVNKSVLL TKDKPKKRKN SSTTPVVVWY 
GNM13760                        --AASCCDDE TIFGKGKPVL VIIVNKSVLL TKDKPKKRKT SSTTPVGVWY 
GNM13982                        --AASCCDKK TICGKGRPVL VLIVNNTVLL TKDEPPKRKN SSSTPVVVWY 
GNM13960                        --AAACCDNR KVCGKPKPII ILIVEQSALL TKDKPNKRKE SSTTPVAVWY 
GNM14633                        --AAACCDKK TICGKGRPVL VLIVANTVLL TKDQPPKRKN SSSTPVAVWY 
GNM14853                        --AAACCDKK TICGKGRPVL VLIVANTVLL TKDQPPKRKN SSSTPVAVWY 
GNM14138                        --AAACCNDA EIIGNGRDIV ILIVGRSILM ASDEPKHRRS ASSSPINVFY 
GNM14055                        --AAACCDNR EVFGKGKPVL ILIVGSSVLL TKDKPKKRKQ SSTTPVVVWY 
GNM14748                        --AASCCDDE TVRGKGKPVL VIIVNKSVLL TKDKPKKRKN SSTTPVAVWY 
GNM14246                        --AAACCSDA KILGKGHDII ILIAGHSFLM ANDEPKRRRS ASSSPVGVFY 
GNM14640                        --AAACCSDA ELMGKGRDVI IIMVGRTFLM ASDEPKRQRS ASSSSVNVFY 
GNM14965                        --AAACCDEM AIAGKHKPVL ILVIKAAFLL TKDKPPKKKS SSSTPVVVWY 
GNM13677                        --AAACCNDE ELRGGGRTII IVIVNKSLLL EKSNDSRRKS SSSVVTVVYY 
GNM14339                        --AAACCNHE ELAGGGRTII VIIISKTILL LNANDPRRKS SSTVPKNVYY 
GNM14593                        --AAACCSDE ELRGGGKTII IVFIKKTIFL EDTNDAARKS SSTVPVNLFY 
GNM14768                        --AAACCNDE EMHGGGRQII IIIIRRTLLL EDADEKARRS SSTTERNVFY 
GNM14776                        --AAACCNDE EMHGGGKQII IIIIRRTLLL EDADEKARRS SSTTERNVFY 
GNM14715                        --AAACDENQ ELMGGGRNLV ILVIKKTILL TKEKPPRRKS SSSTAANVWY 
GNM14639                        --AAACCDDQ ELAGNGKTLI IIIIKKTLLL IKKKPSRRES SSTTPVIVWY 
GNM13795                        --AASCCDDE TVRGKGKPVL VIIVNKSVLL TKDKPKKRKN SSTTPVGVWY 
GNM14166                        --AAACCDDV ASFSKGKPVL VLVVNKSVLL SKDKPKKRKS SSSTPVIVWY 
GNM13993                        --AAACCDNQ DLNGGGKTIV LIVIKKTSLL QRDKPPRRKS GSSTPVSVWY 
GNM14450                        --AAACCDQQ EIAGKGRRIL ILVINKSVLL TKDKSKKRKS SSTTPVIVWY 
GNM13515                        --AAACCDDQ TIHGKGKPVL VLIATKTVLL TKDKSKKRKS SSSTPVVVWY 
GNM14959                        --AAACCDKC ELAGGGKKVV IIIIEKTLFL REDNPAMREM GSTVPKVVWY 
GNM13413                        --AVACCDDR EVSGGGRMLI VVIVNKQIFL TTEKPPKRKS SSTVPVVIWY 
GNM14971                        --AAACCDNR KVCGRPKPII ILIVEQSALL TKDKPNKRKE SSTTPVAVWY 
GNM14990                        --AAACCDNR EICGKGKPVV VLIVEKSALL TKDKPKKRKE SSTTPVAVWY 
GNM15005                        --AAACCDNR EICGKGKPVV VLIVEKSALL TKDKPKKRKE SSTTPVAVWY 
GNM15014                        --AAACCDNR EICGKGKSII VLIVEKSALL TKYKPKKRKE SSTTPIAVWY 
GNM15017                        --AAACCDNK TICGKGKPVL ILIVEKSGLL TKDKPKKRKQ SSTTPVAVWY 
GNM14999                        --AAACCDNE NVCGRPKPIL VLIVQKSALL TKDQPHKRKE SSTTPVAVWY 
GNM15024                        --AASCCDDE TVYGKGKPVL VIIVNKSVLL TKDKPKKRKS SSTTPVVVWY 
GNM15000                        --AASCCDDE TVYGKGKPVL VIIVNKSVLL TKDKPKKRKS SSTTPVVVWY 
GNM15001                        --AASCCDDE TVYGKGKPVL VIIVNKSVLL TKDKPKKRKS SSTTPVVVWY 
GNM11023                        --AAACCQDA EMTGGVGELV IIILNRTIFL EKNNPPRKLS SSTVPVEIWK 
GNM11055                        --AAACCDDE EYFGGGRKIV ILIVKKTVLL RNENRPKKRY SSTNPINVWY 
GNM11146                        --AAACCENC ELLGGGKEII IVIIEKILFL ENEKPPMRER GSSVPQNVWY 
GNM11219                        --AAACCDDE ELIGRGKELI VLLL-KKLLL KDDSPRRRKT GSSTPSIVYY 
GNM11220                        --AAACCTNI ELRGKGKDVV IILVSERFLI KDNTPPRRNN TSTFPVVVWY 
GNM11223                        --AAACCNDA ELHGKGHDII IIIVNKKIIM VSDEPKRRRS SSSFPSHVFY 
GNM11224                        --AAACCNDA ELQGKGHDII IIIVNRKIIM ASDEPKRRRS SSSFPSNVFY 
GNM11358                        --AAACCEHK EIAGKHKKLL ILVMKATLLL TKDKPPKKKF SSSTPMVVWY 
GNM11360                        --AASCCDDQ TIFGKGKPVL VIVVNKSVLL TKDKPKKRKS SSTTPVVVWY 
GNM11362                        --AAACCDNR ELAGKGKAIL IMIVERAVLL LKDRPKKRKY SSSTPVVVWY 
GNM11367                        --AASCCDKK TICGKGRPVL VLIVNNTVLL TKDEPPKRKN SSSTPVVVWY 
GNM11377                        --AAACCDDL AIAGKSKPLL VLVIKNTFLL TKDRPPRRKS SSSTPVVVWY 
GNM11380                        --AAACCDDL TSFSKGKPVL VLVVNKSVLL SKDKPKKRKS SSSTPVIVWY 
GNM11383                        --AAACCDDH QVCGKGKPVL ILIVNKSGLL TKDKPKKRKT SSTFPVVVWY 
GNM11491                        --AAACCDDR EIYGKGKPVL VIVVNSSVLL TKDKPKKRKN SSTTPVSVWY 
GNM11804                        --AAACCDDE EYYGGGKKIV VLILKKRIFL KTNSKPKKTY GSTTPVIVWY 
GNM11805                        --AAACHRDQ NFRGGGKVLI IIIL-QENTA KDDIPKIKKF ESKTIVVVWY 
GNM12895                        --AAACCDQQ EIAGKGRRIL ILVINKSVLL TKDKSKKRKS SSTTPVIVWY 
GNM13060                        --AAACCDDE EEFGGGHVII VIAVKKKVLL LNNKPPRRNS SSSTITVVWY 
GNM13061                        --AAACCDDE EIAGGGHILI IIVANKTVLL LSNKPPRRNS SSSTPKVVWY 
GNM13064                        --AAACCDNQ DLNGGGKTIV LIVIKKTSLL QRDKPPRRKS GSSTPVSVWY 
GNM13066                        IPAAACCDNQ DLIGGGKTIV LIVVKKTSLL QRDKPPRRKS GSSSPVSVWY 
GNM11363                        --AAACCDNR ELAGKGKAIL IMIVERAVLL LKDRPKKRKY SSSTPVVVWY 
GNM11375                        --AASCCDDE TIFGKGKPVL VIIVNKSVLL TKDKPKKRKS SSTTPVGVWY 
GNM11381                        --AAACCDDH EVCGKGKPVL ILIVNKSGLL TKDKPKKRKT SSTFPVVIWY 
GNM11382                        --AAACCDDH EVHGKGKPVL VLVVNKSSLL TKDKPKKRKT SSTFPVLVWF 
GNM11841                        --VAACCAHD EYRGGGHEVV ILIVRETALM ESDDEPKRKA GSTQPQAVWY 
GNM11931                        --AAACCSHE DYRGSGHEIV ILIVTDNTLM KEDDPAEHKA SSTVPMYVWF 
GNM12040                        --SAACCSHA DYYGGGHEIV VLIVDESTLM EQDEEPGRKA SSTNPTNVWY 
GNM12071                        --AAACCSQQ EYHGGGHEVI ILIVEESTLM EQDEEASRKA SSTNPTHVWY 
GNM12125                        --AAACCDDL EVSGGGKELI ILIVKKTLLL KTDRSPRRKE SSTVPRVVWY 
GNM12126                        --AAGCCDKL DMFGGGRELI LVVISKTILE VTNNPPRMEE SETVTRRVWY 
GNM12128                        --AAACCEDE EIAGGGRTLI VLVIKKTVFL FQEKPARIKS SSSVPVVVWY 
GNM12182                        --AAACCTSE EMAGNWKDLI LILVKETLFI TQESPPRRNE GSSV-QIVWY 
GNM12342                        --AAACCPNE ELYGHGKELI VLILKK-ITA KENKPKKLSI SSSTPIIVWY 
GNM12346                        --AAACCADE AYNGQGHELV ILIVRKGILM LDDQPPKRKS SSSLPVVVWF 
GNM12351                        --VAACCNDI QLRGADHDII ILIVRESVLI MQDEPAKRKS SSSVPTVVWY 
GNM12356                        --SSACCEDE KLYGGGKDLI ILILEK-LTA KENRPKKISR FSSTPKIVWY 
GNM12357                        --AAACCDDE HLYGGGKDII VLVLNK-LTA KDNRPKKLSR FSSTPTIVVY 
GNM12366                        --AVACCDDE NLYGGGKEVI VLVLNK-LTA KDNRPKKLSK FSSTPTIVVY 
GNM12373                        --AAACCADD RYKGQGHPIV ILVLHENILM KTENPNRRKF GSTLSVEVWY 
GNM12385                        --VAACCNDE EYRGGGHEVV ILIVHKSILM KEDEVARRKA TSSVPSIVWY 
GNM12551                        --AAACCEDQ EIYGHGGELV ILTA-DDLFL RENRPPKVRR GSTVTIAVWY 
GNM12554                        --VAACCNDD EYRGGGHDVV ILVLNKTILM REDDVPRRKS TSSVPNIVWY 
GNM12592                        --AAACCSDE RYRGGGHKIV VLIIGASILL KLDEPPRRKA SSSVPVIVWY 
GNM12596                        --VAACCDDE ELRGGDLEVI ILIVRKSLLL RQEHPPRRKS TSALTTVVWF 
GNM12602                        --VAACCDDE ELRGGDMEVI ILIVRKSLLL KQEHPPKRKS TSALPNIVWF 
GNM12665                        --VAACCDDE ELRGGDLEVI ILIVRKSLLL RQEHPPRRKN TSALTTVVWF 
GNM12745                        --AAACCEND DLCGKGRSVV VLLIEK-LTL EKDRPPRPKT TSSTPVLVWY 
GNM12749                        --VAACCNDE EYRGGGHAVV ILVLHRSILM RTDDSPRRKT TSTVPSIVWY 
GNM12758                        --AAACCPDD DLRGNGKTII ILILKR-IAL EENRPPETRS VSSTPRVVWY 
GNM12763                        --AAACCPDR NLRGKGKEII VLMLKK-ITL EDNKPPETRS ASSTPQVVWY 
GNM12766                        --AAACCEDE LLYGMGKELI VLILKK-LTA KENKPKKLSR GSTTPRLAWF 
GNM12841                        --VAACCSHR EYRGGGHEVV VLIVDETAMM EEDDPPRRKA SSTLPQSVWY 
GNM12849                        --AASCCDDQ TVFGKGKPVL VIIVNKSVLL TKDKPKKRKN SSTTPVAVWY 
GNM12869                        --AASCCDDE TVYGKGKPVL VIIVNKSVLL TKDKPKKRKS SSTTPVVVWY 
GNM12896                        --AAACCDDL TSFSKGKPVL VLVVNKSVLL SKDKPKKRKS SSSTPVIVWY 
GNM12897                        --AAACCDDV ESFSKGKPVL VLVVNKSVLL SKDKPKKRKS SSSTPVIVWY 
GNM12902                        --AAACHKDV EFRGGGKELI VIIVGKENTA RQEIPPMKKF DSTTPFVVWY 
GNM12903                        --AAACCEDC QMTGGGKFVV VLIIKKEIFL RKKRPPIKER SSVMPQNLWY 
GNM12906                        --AAACCEDC AMLGGGKLVA VLIIKKEIFL RKKRPPIRER SSAVPQNLWY 
GNM12907                        --AAACCEDC AMYGGGKYVA VLIIKKELFL RKKHPPVRER SSTVPQNLWY 
GNM12909                        --AAACCEDC AMFGGGKYVA VLIIKKEIFL RKKQPPIKER SSVVPQNLWY 
GNM12915                        --AAACCDDE ELYDGGHEII IVIVNKRILI KDENPPKRRF SSSTVQVVWY 
GNM10046                        --AAACCDDE ELYDGGHEII IIIVNKRVLI KDEHPPKRRF SSSTVRVVWY 
GNM12931                        --AAACCDDE EIAGGGKELI IIIISKRILL ITDRPPRRKD SSTVPEYVWY 
GNM12938                        --AAGCCSNE EMAGHWRDLI IIVVKQSLFF MSENPPRKIN SSSV-ILVWY 
GNM12996                        --AAACCSDE EMAGGWKELI IIVI-KSIFT IEENPPKKID SSTVSTVIWY 
GNM13018                        --AAACCSNE EMAGGWKDLI IIII-KTIFT IEENPPKKID SSTVSTVIWY 
GNM13027                        --AAACCSDE EIAGGWRDLI IITV-KILFF LPDNPPRKIS SSSVPKVVWY 
GNM13046                        --AAACCDDH EVYGKGKPVL ILIANKSVLL TKDKPKKRKN SSTTPVVVWY 
GNM13074                        --AAACCDDK ELYDGGHDII IIIVNQRMLL KDEHPPKRRF SSSTVRVVWY 
GNM10010                        --AAACCDDR ELYDGGHDII IIIVKKRILL KDEHPPKRRF SSSTPRVVWY 
GNM10014                        --AAACCDDR ELYDGGHDII VIIV-KRLLL KDDHPPKRRF SSSTVRVVWY 
GNM13090                        --AAACCDEK ELYDGGHDII IIIVKQRTLL KDEHPPKRRF SSSTPRVVWY 
GNM13118                        --ASACCEDE EFAGGGKDLA VVAVKKRIFL LDDKPKAVKD SSTVPVVVWY 
GNM13126                        --AAACHKEA EFRGGGKTLL IIILLKETTT RKEKPPMKKF DSTTPTVVWY 
GNM13128                        --AAACHKEA EFRGPGKTLI IIILFKETTA RKEKPPMKKF DSTTPTIVWY 
GNM13208                        --AAACCEDC EMLGGGKNIA VLIIKKTIFL RTNNPPVKER SSTIPQNLWY 
GNM13210                        --AVACCSND EVAGGGKDLI VVIIRKRLFL KEENPKRRKN SSTVPVKIWY 
GNM12773                        --AAGCCNDA KIFGKGHEIV MLIVNKTFLM TNDNAKRTKS SSSTPVKVFY 
GNM12769                        --AAACCNDE ELMGKGHNII LIIINKTLLI KNDDPSKKRT SSSSVINVWY 
GNM12768                        --AAACCSDE SELGKGRDII ILVVKKMFAM VPDNPPRKRI TSSIALDVWY 



    1    1    1    1    1    3    1    1    1    1    1    1    1    1    1
    1    1    1    1    1    1    1    1    1    1    1    1    1    1    1
    1    1    1    1    1    1    1    1    1    1    1    1    1    1    1
    1    1    1    1    1

AAML (in paml version 4.9h, March 2018)  tmp0066.txt
Model: Empirical,  (../wag.dat) dGamma (ncatG=4) ns = 135  ls =  52


Frequencies..
                                    A      R      N      D      C      Q      E      G      H      I      L      K      M      F      P      S      T      W      Y      V
GNM13746                       0.06000 0.04000 0.06000 0.04000 0.08000 0.00000 0.06000 0.06000 0.02000 0.14000 0.08000 0.06000 0.00000 0.02000 0.04000 0.10000 0.02000 0.02000 0.02000 0.08000
GNM13538                       0.08000 0.06000 0.02000 0.04000 0.08000 0.06000 0.04000 0.08000 0.02000 0.04000 0.10000 0.02000 0.00000 0.02000 0.06000 0.06000 0.06000 0.02000 0.02000 0.12000
GNM13671                       0.08000 0.04000 0.08000 0.04000 0.08000 0.00000 0.06000 0.08000 0.00000 0.12000 0.06000 0.06000 0.02000 0.00000 0.04000 0.08000 0.12000 0.00000 0.04000 0.00000
GNM13876                       0.06000 0.06000 0.04000 0.04000 0.08000 0.00000 0.06000 0.06000 0.00000 0.08000 0.08000 0.08000 0.00000 0.00000 0.00000 0.16000 0.04000 0.00000 0.04000 0.12000
GNM13680                       0.08000 0.06000 0.04000 0.06000 0.08000 0.02000 0.00000 0.02000 0.00000 0.06000 0.08000 0.12000 0.00000 0.02000 0.08000 0.08000 0.06000 0.02000 0.02000 0.10000
GNM14837                       0.04000 0.02000 0.06000 0.06000 0.08000 0.00000 0.02000 0.04000 0.02000 0.04000 0.06000 0.16000 0.00000 0.00000 0.06000 0.08000 0.08000 0.02000 0.02000 0.14000
GNM14249                       0.04000 0.02000 0.02000 0.06000 0.08000 0.00000 0.02000 0.04000 0.00000 0.04000 0.06000 0.16000 0.00000 0.00000 0.06000 0.10000 0.08000 0.02000 0.04000 0.16000
GNM13928                       0.04000 0.02000 0.06000 0.06000 0.08000 0.00000 0.02000 0.04000 0.02000 0.04000 0.06000 0.16000 0.00000 0.00000 0.06000 0.08000 0.08000 0.02000 0.02000 0.14000
GNM13297                       0.08000 0.06000 0.02000 0.04000 0.08000 0.06000 0.04000 0.08000 0.02000 0.04000 0.10000 0.02000 0.00000 0.02000 0.06000 0.06000 0.06000 0.02000 0.02000 0.12000
GNM14865                       0.08000 0.02000 0.04000 0.04000 0.08000 0.02000 0.12000 0.08000 0.04000 0.04000 0.04000 0.02000 0.02000 0.02000 0.04000 0.08000 0.08000 0.02000 0.04000 0.08000
GNM13455                       0.04000 0.02000 0.02000 0.06000 0.08000 0.02000 0.00000 0.04000 0.00000 0.04000 0.06000 0.16000 0.00000 0.02000 0.06000 0.10000 0.08000 0.02000 0.02000 0.16000
GNM14483                       0.10000 0.04000 0.06000 0.02000 0.06000 0.02000 0.06000 0.06000 0.00000 0.08000 0.10000 0.12000 0.00000 0.00000 0.04000 0.08000 0.08000 0.02000 0.02000 0.04000
GNM14872                       0.10000 0.04000 0.00000 0.06000 0.08000 0.00000 0.00000 0.02000 0.00000 0.04000 0.12000 0.12000 0.00000 0.02000 0.08000 0.12000 0.06000 0.02000 0.02000 0.10000
GNM13855                       0.10000 0.00000 0.00000 0.02000 0.08000 0.00000 0.04000 0.02000 0.02000 0.02000 0.12000 0.22000 0.04000 0.02000 0.06000 0.06000 0.06000 0.02000 0.02000 0.08000
GNM14445                       0.08000 0.06000 0.04000 0.06000 0.08000 0.00000 0.04000 0.04000 0.00000 0.08000 0.12000 0.12000 0.00000 0.00000 0.04000 0.16000 0.00000 0.02000 0.02000 0.04000
GNM14404                       0.06000 0.10000 0.04000 0.04000 0.08000 0.02000 0.06000 0.04000 0.02000 0.14000 0.06000 0.02000 0.00000 0.02000 0.06000 0.04000 0.06000 0.02000 0.02000 0.10000
GNM14366                       0.08000 0.02000 0.02000 0.06000 0.08000 0.00000 0.02000 0.04000 0.02000 0.04000 0.08000 0.16000 0.00000 0.02000 0.06000 0.06000 0.06000 0.02000 0.04000 0.12000
GNM14252                       0.04000 0.02000 0.04000 0.06000 0.08000 0.00000 0.02000 0.04000 0.00000 0.04000 0.06000 0.16000 0.00000 0.00000 0.06000 0.08000 0.08000 0.02000 0.04000 0.16000
GNM13760                       0.04000 0.02000 0.02000 0.06000 0.08000 0.00000 0.02000 0.06000 0.00000 0.06000 0.06000 0.16000 0.00000 0.02000 0.06000 0.08000 0.10000 0.02000 0.02000 0.12000
GNM13982                       0.04000 0.04000 0.06000 0.04000 0.10000 0.00000 0.02000 0.04000 0.00000 0.04000 0.08000 0.12000 0.00000 0.00000 0.08000 0.08000 0.08000 0.02000 0.02000 0.14000
GNM13960                       0.10000 0.04000 0.04000 0.04000 0.10000 0.02000 0.04000 0.02000 0.00000 0.08000 0.06000 0.14000 0.00000 0.00000 0.08000 0.06000 0.06000 0.02000 0.02000 0.08000
GNM14633                       0.10000 0.04000 0.04000 0.04000 0.10000 0.02000 0.00000 0.04000 0.00000 0.04000 0.08000 0.12000 0.00000 0.00000 0.08000 0.06000 0.08000 0.02000 0.02000 0.12000
GNM14853                       0.10000 0.04000 0.04000 0.04000 0.10000 0.02000 0.00000 0.04000 0.00000 0.04000 0.08000 0.12000 0.00000 0.00000 0.08000 0.06000 0.08000 0.02000 0.02000 0.12000
GNM14138                       0.12000 0.08000 0.06000 0.06000 0.08000 0.00000 0.04000 0.06000 0.02000 0.14000 0.04000 0.02000 0.02000 0.02000 0.04000 0.12000 0.00000 0.00000 0.02000 0.06000
GNM14055                       0.06000 0.04000 0.02000 0.04000 0.08000 0.02000 0.02000 0.06000 0.00000 0.04000 0.08000 0.14000 0.00000 0.02000 0.06000 0.08000 0.06000 0.02000 0.02000 0.14000
GNM14748                       0.06000 0.04000 0.04000 0.06000 0.08000 0.00000 0.02000 0.04000 0.00000 0.04000 0.06000 0.16000 0.00000 0.00000 0.06000 0.08000 0.08000 0.02000 0.02000 0.14000
GNM14246                       0.14000 0.06000 0.02000 0.06000 0.08000 0.00000 0.02000 0.08000 0.04000 0.10000 0.06000 0.06000 0.02000 0.04000 0.04000 0.12000 0.00000 0.00000 0.02000 0.04000
GNM14640                       0.12000 0.08000 0.02000 0.06000 0.08000 0.02000 0.04000 0.06000 0.00000 0.06000 0.04000 0.04000 0.06000 0.04000 0.02000 0.14000 0.02000 0.00000 0.02000 0.08000
GNM14965                       0.14000 0.00000 0.00000 0.04000 0.08000 0.00000 0.02000 0.02000 0.02000 0.06000 0.08000 0.16000 0.02000 0.02000 0.08000 0.08000 0.04000 0.02000 0.02000 0.10000
GNM13677                       0.06000 0.08000 0.06000 0.04000 0.08000 0.00000 0.06000 0.06000 0.00000 0.08000 0.08000 0.06000 0.00000 0.00000 0.00000 0.14000 0.04000 0.00000 0.04000 0.12000
GNM14339                       0.10000 0.06000 0.08000 0.02000 0.08000 0.00000 0.04000 0.06000 0.02000 0.12000 0.08000 0.06000 0.00000 0.00000 0.04000 0.08000 0.06000 0.00000 0.04000 0.06000
GNM14593                       0.10000 0.04000 0.04000 0.06000 0.08000 0.00000 0.06000 0.06000 0.00000 0.10000 0.06000 0.08000 0.00000 0.06000 0.02000 0.08000 0.08000 0.00000 0.02000 0.06000
GNM14768                       0.10000 0.12000 0.04000 0.06000 0.08000 0.02000 0.10000 0.06000 0.02000 0.12000 0.06000 0.02000 0.02000 0.02000 0.00000 0.06000 0.06000 0.00000 0.02000 0.02000
GNM14776                       0.10000 0.10000 0.04000 0.06000 0.08000 0.02000 0.10000 0.06000 0.02000 0.12000 0.06000 0.04000 0.02000 0.02000 0.00000 0.06000 0.06000 0.00000 0.02000 0.02000
GNM14715                       0.10000 0.06000 0.06000 0.02000 0.06000 0.02000 0.06000 0.06000 0.00000 0.06000 0.10000 0.10000 0.02000 0.00000 0.04000 0.08000 0.06000 0.02000 0.02000 0.06000
GNM14639                       0.08000 0.04000 0.02000 0.04000 0.08000 0.02000 0.04000 0.04000 0.00000 0.14000 0.10000 0.12000 0.00000 0.00000 0.04000 0.08000 0.08000 0.02000 0.02000 0.04000
GNM13795                       0.04000 0.04000 0.04000 0.06000 0.08000 0.00000 0.02000 0.06000 0.00000 0.04000 0.06000 0.16000 0.00000 0.00000 0.06000 0.08000 0.08000 0.02000 0.02000 0.14000
GNM14166                       0.08000 0.02000 0.02000 0.06000 0.08000 0.00000 0.00000 0.02000 0.00000 0.02000 0.08000 0.16000 0.00000 0.02000 0.06000 0.16000 0.02000 0.02000 0.02000 0.16000
GNM13993                       0.06000 0.06000 0.04000 0.06000 0.08000 0.04000 0.00000 0.08000 0.00000 0.06000 0.08000 0.10000 0.00000 0.00000 0.06000 0.10000 0.06000 0.02000 0.02000 0.08000
GNM14450                       0.08000 0.06000 0.02000 0.04000 0.08000 0.04000 0.02000 0.04000 0.00000 0.10000 0.08000 0.14000 0.00000 0.00000 0.02000 0.10000 0.06000 0.02000 0.02000 0.08000
GNM13515                       0.08000 0.02000 0.00000 0.06000 0.08000 0.02000 0.00000 0.04000 0.02000 0.04000 0.08000 0.16000 0.00000 0.00000 0.04000 0.10000 0.10000 0.02000 0.02000 0.12000
GNM14959                       0.10000 0.04000 0.02000 0.04000 0.10000 0.00000 0.08000 0.08000 0.00000 0.08000 0.06000 0.10000 0.04000 0.02000 0.04000 0.02000 0.04000 0.02000 0.02000 0.10000
GNM13413                       0.04000 0.06000 0.02000 0.04000 0.08000 0.02000 0.04000 0.06000 0.00000 0.08000 0.04000 0.08000 0.02000 0.02000 0.06000 0.08000 0.06000 0.02000 0.02000 0.16000
GNM14971                       0.10000 0.06000 0.04000 0.04000 0.10000 0.02000 0.04000 0.02000 0.00000 0.08000 0.06000 0.12000 0.00000 0.00000 0.08000 0.06000 0.06000 0.02000 0.02000 0.08000
GNM14990                       0.10000 0.04000 0.02000 0.04000 0.10000 0.00000 0.06000 0.04000 0.00000 0.04000 0.06000 0.16000 0.00000 0.00000 0.06000 0.06000 0.06000 0.02000 0.02000 0.12000
GNM15005                       0.10000 0.04000 0.02000 0.04000 0.10000 0.00000 0.06000 0.04000 0.00000 0.04000 0.06000 0.16000 0.00000 0.00000 0.06000 0.06000 0.06000 0.02000 0.02000 0.12000
GNM15014                       0.10000 0.04000 0.02000 0.02000 0.10000 0.00000 0.06000 0.04000 0.00000 0.10000 0.06000 0.16000 0.00000 0.00000 0.04000 0.08000 0.06000 0.02000 0.04000 0.06000
GNM15017                       0.08000 0.02000 0.02000 0.04000 0.10000 0.02000 0.02000 0.06000 0.00000 0.06000 0.08000 0.18000 0.00000 0.00000 0.06000 0.06000 0.08000 0.02000 0.02000 0.08000
GNM14999                       0.10000 0.04000 0.04000 0.04000 0.10000 0.04000 0.04000 0.02000 0.02000 0.04000 0.08000 0.10000 0.00000 0.00000 0.08000 0.06000 0.06000 0.02000 0.02000 0.10000
GNM15024                       0.04000 0.02000 0.02000 0.06000 0.08000 0.00000 0.02000 0.04000 0.00000 0.04000 0.06000 0.16000 0.00000 0.00000 0.06000 0.10000 0.08000 0.02000 0.04000 0.16000
GNM15000                       0.04000 0.02000 0.02000 0.06000 0.08000 0.00000 0.02000 0.04000 0.00000 0.04000 0.06000 0.16000 0.00000 0.00000 0.06000 0.10000 0.08000 0.02000 0.04000 0.16000
GNM15001                       0.04000 0.02000 0.02000 0.06000 0.08000 0.00000 0.02000 0.04000 0.00000 0.04000 0.06000 0.16000 0.00000 0.00000 0.06000 0.10000 0.08000 0.02000 0.04000 0.16000
GNM11023                       0.08000 0.04000 0.06000 0.02000 0.08000 0.02000 0.08000 0.06000 0.00000 0.10000 0.08000 0.06000 0.02000 0.02000 0.06000 0.06000 0.06000 0.02000 0.00000 0.08000
GNM11055                       0.06000 0.08000 0.08000 0.04000 0.08000 0.00000 0.06000 0.06000 0.00000 0.08000 0.06000 0.10000 0.00000 0.02000 0.04000 0.04000 0.04000 0.02000 0.06000 0.08000
GNM11146                       0.06000 0.04000 0.06000 0.00000 0.10000 0.02000 0.14000 0.08000 0.00000 0.12000 0.08000 0.06000 0.02000 0.02000 0.06000 0.04000 0.00000 0.02000 0.02000 0.06000
GNM11219                       0.06122 0.08163 0.00000 0.08163 0.08163 0.00000 0.06122 0.06122 0.00000 0.06122 0.16327 0.10204 0.00000 0.00000 0.04082 0.08163 0.04082 0.00000 0.04082 0.04082
GNM11220                       0.06000 0.08000 0.08000 0.04000 0.08000 0.00000 0.04000 0.04000 0.00000 0.08000 0.06000 0.06000 0.00000 0.04000 0.06000 0.04000 0.08000 0.02000 0.02000 0.12000
GNM11223                       0.08000 0.06000 0.04000 0.06000 0.08000 0.00000 0.04000 0.04000 0.06000 0.14000 0.02000 0.08000 0.02000 0.04000 0.04000 0.12000 0.00000 0.00000 0.02000 0.06000
GNM11224                       0.10000 0.08000 0.06000 0.06000 0.08000 0.02000 0.04000 0.04000 0.02000 0.14000 0.02000 0.06000 0.02000 0.04000 0.04000 0.12000 0.00000 0.00000 0.02000 0.04000
GNM11358                       0.10000 0.00000 0.00000 0.02000 0.08000 0.00000 0.04000 0.02000 0.04000 0.04000 0.12000 0.20000 0.04000 0.02000 0.06000 0.06000 0.06000 0.02000 0.02000 0.06000
GNM11360                       0.04000 0.02000 0.02000 0.06000 0.08000 0.02000 0.00000 0.04000 0.00000 0.04000 0.06000 0.16000 0.00000 0.02000 0.06000 0.10000 0.08000 0.02000 0.02000 0.16000
GNM11362                       0.12000 0.08000 0.02000 0.04000 0.08000 0.00000 0.04000 0.04000 0.00000 0.06000 0.10000 0.12000 0.02000 0.00000 0.04000 0.06000 0.02000 0.02000 0.04000 0.10000
GNM11367                       0.04000 0.04000 0.06000 0.04000 0.10000 0.00000 0.02000 0.04000 0.00000 0.04000 0.08000 0.12000 0.00000 0.00000 0.08000 0.08000 0.08000 0.02000 0.02000 0.14000
GNM11377                       0.10000 0.06000 0.02000 0.06000 0.08000 0.00000 0.00000 0.02000 0.00000 0.04000 0.12000 0.10000 0.00000 0.02000 0.08000 0.10000 0.06000 0.02000 0.02000 0.10000
GNM11380                       0.06000 0.02000 0.02000 0.06000 0.08000 0.00000 0.00000 0.02000 0.00000 0.02000 0.10000 0.16000 0.00000 0.02000 0.06000 0.16000 0.04000 0.02000 0.02000 0.14000
GNM11383                       0.06000 0.02000 0.02000 0.06000 0.10000 0.02000 0.00000 0.06000 0.02000 0.04000 0.08000 0.16000 0.00000 0.02000 0.06000 0.06000 0.06000 0.02000 0.02000 0.12000
GNM11491                       0.06000 0.04000 0.04000 0.06000 0.08000 0.00000 0.02000 0.04000 0.00000 0.04000 0.06000 0.14000 0.00000 0.00000 0.06000 0.10000 0.06000 0.02000 0.04000 0.14000
GNM11804                       0.06000 0.02000 0.02000 0.04000 0.08000 0.00000 0.04000 0.08000 0.00000 0.08000 0.06000 0.16000 0.00000 0.02000 0.04000 0.04000 0.08000 0.02000 0.08000 0.08000
GNM11805                       0.08163 0.04082 0.04082 0.06122 0.06122 0.04082 0.04082 0.06122 0.02041 0.14286 0.04082 0.12245 0.00000 0.04082 0.02041 0.02041 0.04082 0.02041 0.02041 0.08163
GNM12895                       0.08000 0.06000 0.02000 0.04000 0.08000 0.04000 0.02000 0.04000 0.00000 0.10000 0.08000 0.14000 0.00000 0.00000 0.02000 0.10000 0.06000 0.02000 0.02000 0.08000
GNM13060                       0.08000 0.04000 0.06000 0.04000 0.08000 0.00000 0.06000 0.06000 0.02000 0.08000 0.06000 0.08000 0.00000 0.02000 0.04000 0.08000 0.04000 0.02000 0.02000 0.12000
GNM13061                       0.10000 0.04000 0.06000 0.04000 0.08000 0.00000 0.04000 0.06000 0.02000 0.10000 0.08000 0.06000 0.00000 0.00000 0.06000 0.10000 0.04000 0.02000 0.02000 0.08000
GNM13064                       0.06000 0.06000 0.04000 0.06000 0.08000 0.04000 0.00000 0.08000 0.00000 0.06000 0.08000 0.10000 0.00000 0.00000 0.06000 0.10000 0.06000 0.02000 0.02000 0.08000
GNM13066                       0.05769 0.05769 0.01923 0.05769 0.07692 0.03846 0.00000 0.07692 0.00000 0.07692 0.07692 0.09615 0.00000 0.00000 0.07692 0.11538 0.03846 0.01923 0.01923 0.09615
GNM11363                       0.12000 0.08000 0.02000 0.04000 0.08000 0.00000 0.04000 0.04000 0.00000 0.06000 0.10000 0.12000 0.02000 0.00000 0.04000 0.06000 0.02000 0.02000 0.04000 0.10000
GNM11375                       0.04000 0.02000 0.02000 0.06000 0.08000 0.00000 0.02000 0.06000 0.00000 0.06000 0.06000 0.16000 0.00000 0.02000 0.06000 0.10000 0.08000 0.02000 0.02000 0.12000
GNM11381                       0.06000 0.02000 0.02000 0.06000 0.10000 0.00000 0.02000 0.06000 0.02000 0.06000 0.08000 0.16000 0.00000 0.02000 0.06000 0.06000 0.06000 0.02000 0.02000 0.10000
GNM11382                       0.06000 0.02000 0.02000 0.06000 0.08000 0.00000 0.02000 0.04000 0.04000 0.00000 0.10000 0.16000 0.00000 0.04000 0.06000 0.08000 0.06000 0.02000 0.00000 0.14000
GNM11841                       0.12000 0.06000 0.00000 0.06000 0.08000 0.04000 0.10000 0.08000 0.04000 0.04000 0.04000 0.04000 0.02000 0.00000 0.04000 0.04000 0.04000 0.02000 0.04000 0.10000
GNM11931                       0.10000 0.02000 0.02000 0.08000 0.08000 0.00000 0.08000 0.04000 0.06000 0.06000 0.04000 0.04000 0.04000 0.02000 0.04000 0.08000 0.06000 0.02000 0.04000 0.08000
GNM12040                       0.08000 0.02000 0.04000 0.06000 0.08000 0.02000 0.10000 0.08000 0.04000 0.04000 0.04000 0.02000 0.02000 0.00000 0.04000 0.10000 0.06000 0.02000 0.06000 0.08000
GNM12071                       0.10000 0.02000 0.02000 0.02000 0.08000 0.06000 0.14000 0.06000 0.06000 0.06000 0.04000 0.02000 0.02000 0.00000 0.02000 0.10000 0.06000 0.02000 0.04000 0.06000
GNM12125                       0.06000 0.08000 0.00000 0.06000 0.08000 0.00000 0.06000 0.06000 0.00000 0.06000 0.12000 0.10000 0.00000 0.00000 0.04000 0.08000 0.06000 0.02000 0.02000 0.10000
GNM12126                       0.04000 0.08000 0.04000 0.04000 0.08000 0.00000 0.10000 0.08000 0.00000 0.06000 0.08000 0.04000 0.04000 0.02000 0.04000 0.04000 0.08000 0.02000 0.02000 0.10000
GNM12128                       0.10000 0.04000 0.00000 0.02000 0.08000 0.02000 0.08000 0.06000 0.00000 0.08000 0.06000 0.08000 0.00000 0.04000 0.04000 0.08000 0.04000 0.02000 0.02000 0.14000
GNM12182                       0.08163 0.04082 0.04082 0.02041 0.08163 0.04082 0.10204 0.04082 0.00000 0.08163 0.08163 0.04082 0.02041 0.02041 0.04082 0.08163 0.06122 0.04082 0.02041 0.06122
GNM12342                       0.08163 0.00000 0.04082 0.00000 0.08163 0.00000 0.08163 0.04082 0.02041 0.12245 0.10204 0.14286 0.00000 0.00000 0.06122 0.08163 0.04082 0.02041 0.04082 0.04082
GNM12346                       0.10000 0.04000 0.02000 0.06000 0.08000 0.04000 0.04000 0.06000 0.02000 0.06000 0.10000 0.06000 0.02000 0.02000 0.06000 0.08000 0.00000 0.02000 0.02000 0.10000
GNM12351                       0.08000 0.06000 0.02000 0.08000 0.08000 0.04000 0.04000 0.02000 0.02000 0.12000 0.06000 0.04000 0.02000 0.00000 0.04000 0.10000 0.02000 0.02000 0.02000 0.12000
GNM12356                       0.04082 0.04082 0.02041 0.04082 0.08163 0.00000 0.08163 0.06122 0.00000 0.10204 0.10204 0.14286 0.00000 0.02041 0.04082 0.10204 0.04082 0.02041 0.04082 0.02041
GNM12357                       0.08163 0.04082 0.04082 0.08163 0.08163 0.00000 0.02041 0.06122 0.02041 0.06122 0.10204 0.10204 0.00000 0.02041 0.04082 0.06122 0.06122 0.00000 0.04082 0.08163
GNM12366                       0.06122 0.02041 0.06122 0.06122 0.08163 0.00000 0.04082 0.06122 0.00000 0.04082 0.10204 0.12245 0.00000 0.02041 0.04082 0.06122 0.06122 0.00000 0.04082 0.12245
GNM12373                       0.08000 0.06000 0.06000 0.04000 0.08000 0.02000 0.06000 0.06000 0.04000 0.06000 0.08000 0.06000 0.02000 0.02000 0.04000 0.04000 0.04000 0.02000 0.04000 0.08000
GNM12385                       0.08000 0.06000 0.02000 0.04000 0.08000 0.00000 0.10000 0.06000 0.04000 0.08000 0.04000 0.06000 0.02000 0.00000 0.02000 0.08000 0.02000 0.02000 0.04000 0.14000
GNM12551                       0.10204 0.08163 0.02041 0.06122 0.08163 0.02041 0.08163 0.08163 0.02041 0.06122 0.08163 0.02041 0.00000 0.02041 0.04082 0.02041 0.06122 0.02041 0.04082 0.08163
GNM12554                       0.04000 0.08000 0.06000 0.10000 0.08000 0.00000 0.04000 0.06000 0.02000 0.06000 0.06000 0.04000 0.02000 0.00000 0.04000 0.06000 0.04000 0.02000 0.04000 0.14000
GNM12592                       0.10000 0.08000 0.00000 0.04000 0.08000 0.00000 0.04000 0.08000 0.02000 0.10000 0.08000 0.06000 0.00000 0.00000 0.06000 0.10000 0.00000 0.02000 0.04000 0.10000
GNM12596                       0.06000 0.10000 0.00000 0.06000 0.08000 0.02000 0.08000 0.04000 0.02000 0.06000 0.14000 0.04000 0.00000 0.02000 0.04000 0.06000 0.06000 0.02000 0.00000 0.10000
GNM12602                       0.06000 0.06000 0.02000 0.06000 0.08000 0.02000 0.08000 0.04000 0.02000 0.08000 0.12000 0.08000 0.02000 0.02000 0.06000 0.06000 0.02000 0.02000 0.00000 0.08000
GNM12665                       0.06000 0.10000 0.02000 0.06000 0.08000 0.02000 0.08000 0.04000 0.02000 0.06000 0.14000 0.04000 0.00000 0.02000 0.04000 0.04000 0.06000 0.02000 0.00000 0.10000
GNM12745                       0.06122 0.06122 0.02041 0.06122 0.10204 0.00000 0.06122 0.04082 0.00000 0.02041 0.12245 0.08163 0.00000 0.00000 0.08163 0.06122 0.08163 0.02041 0.02041 0.10204
GNM12749                       0.06000 0.10000 0.02000 0.06000 0.08000 0.00000 0.04000 0.06000 0.04000 0.06000 0.06000 0.02000 0.02000 0.00000 0.04000 0.08000 0.08000 0.02000 0.04000 0.12000
GNM12758                       0.08163 0.10204 0.04082 0.06122 0.08163 0.00000 0.06122 0.04082 0.00000 0.10204 0.08163 0.04082 0.00000 0.00000 0.08163 0.06122 0.06122 0.02041 0.02041 0.06122
GNM12763                       0.08163 0.06122 0.04082 0.04082 0.08163 0.02041 0.06122 0.04082 0.00000 0.06122 0.08163 0.10204 0.02041 0.00000 0.08163 0.06122 0.06122 0.02041 0.02041 0.06122
GNM12766                       0.10204 0.04082 0.02041 0.02041 0.08163 0.00000 0.08163 0.06122 0.00000 0.04082 0.16327 0.14286 0.02041 0.02041 0.04082 0.04082 0.06122 0.02041 0.02041 0.02041
GNM12841                       0.08000 0.08000 0.00000 0.06000 0.08000 0.02000 0.10000 0.06000 0.04000 0.02000 0.04000 0.02000 0.04000 0.00000 0.06000 0.08000 0.04000 0.02000 0.04000 0.12000
GNM12849                       0.06000 0.02000 0.04000 0.06000 0.08000 0.02000 0.00000 0.04000 0.00000 0.04000 0.06000 0.16000 0.00000 0.02000 0.06000 0.08000 0.08000 0.02000 0.02000 0.14000
GNM12869                       0.04000 0.02000 0.02000 0.06000 0.08000 0.00000 0.02000 0.04000 0.00000 0.04000 0.06000 0.16000 0.00000 0.00000 0.06000 0.10000 0.08000 0.02000 0.04000 0.16000
GNM12896                       0.06000 0.02000 0.02000 0.06000 0.08000 0.00000 0.00000 0.02000 0.00000 0.02000 0.10000 0.16000 0.00000 0.02000 0.06000 0.16000 0.04000 0.02000 0.02000 0.14000
GNM12897                       0.06000 0.02000 0.02000 0.06000 0.08000 0.00000 0.02000 0.02000 0.00000 0.02000 0.08000 0.16000 0.00000 0.02000 0.06000 0.16000 0.02000 0.02000 0.02000 0.16000
GNM12902                       0.08000 0.04000 0.02000 0.04000 0.06000 0.02000 0.08000 0.08000 0.02000 0.08000 0.02000 0.10000 0.02000 0.06000 0.06000 0.02000 0.06000 0.02000 0.02000 0.10000
GNM12903                       0.06000 0.06000 0.02000 0.02000 0.10000 0.04000 0.06000 0.06000 0.00000 0.08000 0.06000 0.12000 0.04000 0.04000 0.06000 0.04000 0.02000 0.02000 0.02000 0.08000
GNM12906                       0.12000 0.08000 0.02000 0.02000 0.10000 0.02000 0.06000 0.06000 0.00000 0.08000 0.10000 0.10000 0.02000 0.02000 0.06000 0.04000 0.00000 0.02000 0.02000 0.06000
GNM12907                       0.10000 0.06000 0.02000 0.02000 0.10000 0.02000 0.06000 0.06000 0.02000 0.04000 0.08000 0.10000 0.02000 0.02000 0.06000 0.04000 0.02000 0.02000 0.06000 0.08000
GNM12909                       0.10000 0.04000 0.02000 0.02000 0.10000 0.04000 0.06000 0.06000 0.00000 0.08000 0.06000 0.12000 0.02000 0.04000 0.06000 0.04000 0.00000 0.02000 0.04000 0.08000
GNM12915                       0.06000 0.06000 0.04000 0.08000 0.08000 0.02000 0.08000 0.04000 0.02000 0.12000 0.04000 0.06000 0.00000 0.02000 0.04000 0.06000 0.02000 0.02000 0.04000 0.10000
GNM10046                       0.06000 0.08000 0.02000 0.08000 0.08000 0.00000 0.08000 0.04000 0.04000 0.12000 0.04000 0.06000 0.00000 0.02000 0.04000 0.06000 0.02000 0.02000 0.04000 0.10000
GNM12931                       0.08000 0.08000 0.00000 0.08000 0.08000 0.00000 0.08000 0.06000 0.00000 0.16000 0.06000 0.06000 0.00000 0.00000 0.06000 0.06000 0.04000 0.02000 0.04000 0.04000
GNM12938                       0.06122 0.04082 0.06122 0.02041 0.08163 0.02041 0.06122 0.04082 0.02041 0.10204 0.06122 0.04082 0.04082 0.04082 0.04082 0.12245 0.00000 0.04082 0.02041 0.08163
GNM12996                       0.08163 0.00000 0.02041 0.04082 0.08163 0.00000 0.10204 0.04082 0.00000 0.16327 0.02041 0.08163 0.02041 0.02041 0.04082 0.10204 0.06122 0.04082 0.02041 0.06122
GNM13018                       0.08163 0.00000 0.04082 0.04082 0.08163 0.00000 0.08163 0.04082 0.00000 0.18367 0.02041 0.08163 0.02041 0.02041 0.04082 0.08163 0.08163 0.04082 0.02041 0.04082
GNM13027                       0.08163 0.04082 0.02041 0.06122 0.08163 0.00000 0.04082 0.04082 0.00000 0.12245 0.06122 0.06122 0.00000 0.04082 0.08163 0.10204 0.02041 0.04082 0.02041 0.08163
GNM13046                       0.08000 0.02000 0.04000 0.06000 0.08000 0.00000 0.02000 0.04000 0.02000 0.04000 0.08000 0.16000 0.00000 0.00000 0.06000 0.06000 0.06000 0.02000 0.04000 0.12000
GNM13074                       0.06000 0.08000 0.02000 0.10000 0.08000 0.02000 0.04000 0.04000 0.04000 0.10000 0.06000 0.06000 0.02000 0.02000 0.04000 0.06000 0.02000 0.02000 0.04000 0.08000
GNM10010                       0.06000 0.10000 0.00000 0.10000 0.08000 0.00000 0.04000 0.04000 0.04000 0.12000 0.06000 0.08000 0.00000 0.02000 0.06000 0.06000 0.02000 0.02000 0.04000 0.06000
GNM10014                       0.06122 0.10204 0.00000 0.12245 0.08163 0.00000 0.02041 0.04082 0.04082 0.08163 0.08163 0.06122 0.00000 0.02041 0.04082 0.06122 0.02041 0.02041 0.04082 0.10204
GNM13090                       0.06000 0.08000 0.00000 0.08000 0.08000 0.02000 0.06000 0.04000 0.04000 0.10000 0.06000 0.08000 0.00000 0.02000 0.06000 0.06000 0.04000 0.02000 0.04000 0.06000
GNM13118                       0.12000 0.02000 0.00000 0.10000 0.08000 0.00000 0.06000 0.06000 0.00000 0.02000 0.06000 0.12000 0.00000 0.04000 0.04000 0.06000 0.02000 0.02000 0.02000 0.16000
GNM13126                       0.08000 0.04000 0.00000 0.02000 0.06000 0.00000 0.08000 0.06000 0.02000 0.06000 0.08000 0.14000 0.02000 0.04000 0.06000 0.02000 0.14000 0.02000 0.02000 0.04000
GNM13128                       0.10000 0.04000 0.00000 0.02000 0.06000 0.00000 0.08000 0.04000 0.02000 0.10000 0.04000 0.14000 0.02000 0.06000 0.08000 0.02000 0.12000 0.02000 0.02000 0.02000
GNM13208                       0.08000 0.04000 0.08000 0.02000 0.10000 0.02000 0.06000 0.06000 0.00000 0.10000 0.08000 0.08000 0.02000 0.02000 0.06000 0.04000 0.06000 0.02000 0.02000 0.04000
GNM13210                       0.06000 0.08000 0.06000 0.04000 0.08000 0.00000 0.06000 0.06000 0.00000 0.08000 0.06000 0.12000 0.00000 0.02000 0.04000 0.06000 0.02000 0.02000 0.02000 0.12000
GNM12773                       0.08000 0.02000 0.08000 0.04000 0.08000 0.00000 0.02000 0.06000 0.02000 0.06000 0.04000 0.12000 0.04000 0.06000 0.02000 0.08000 0.08000 0.00000 0.02000 0.08000
GNM12769                       0.06000 0.02000 0.10000 0.06000 0.08000 0.00000 0.04000 0.04000 0.02000 0.14000 0.08000 0.10000 0.02000 0.00000 0.02000 0.10000 0.04000 0.02000 0.02000 0.04000
GNM12768                       0.10000 0.06000 0.02000 0.08000 0.08000 0.00000 0.04000 0.04000 0.00000 0.10000 0.06000 0.08000 0.04000 0.02000 0.06000 0.08000 0.02000 0.02000 0.02000 0.08000

Homogeneity statistic: X2 = 34.53727 G = 37.95928 

Average                        0.07647 0.04796 0.03088 0.05019 0.08241 0.01128 0.04662 0.05019 0.01173 0.07201 0.07335 0.10171 0.00921 0.01485 0.05108 0.07765 0.05256 0.01841 0.02658 0.09488
(Ambiguity characters are used to calculate freqs.)


# constant sites:      3 (5.77%)

TREE #  1:  ((((((((43, 132), 118), (53, 83)), 84), 85), (((120, 121), 86), (119, 122))), ((((((113, 112), 115), 114), 131), (55, 42)), 128)), (((((((((((((((((((45, 46), 44), 21), 49), 47), 48), 25), (((63, 20), (23, 22)), 41)), (((((((51, 50), 52), 108), (18, 7)), (((26, 37), (8, 6)), (76, 19))), ((11, 61), 107)), 67)), 123), (((77, 66), 17), 78)), (((109, 65), 110), 38)), (((5, (64, 13)), 29), (14, 60))), (70, 40)), (75, 62)), ((((39, 73), 74), 15), (35, 12))), ((((1, 71), 72), (9, 2)), 36)), ((((33, 34), (3, 32)), (4, 30)), 31)), (((((((24, 28), 27), 133), (58, 59)), 56), (134, 135)), (16, 57))), (((((((((((100, 98), 99), 89), 97), 88), (((96, 94), 102), 93)), ((((81, 10), 82), (79, 106)), 80)), (54, 68)), ((130, 129), (69, 111))), ((((((92, 91), 90), 105), 87), ((101, 103), 104)), 95)), ((((125, 126), 127), 124), (116, 117))));   MP score: -1
lnL(ntime:267  np:268):  -5429.182968      +0.000000
 136..137 137..138 138..139 139..140 140..141 141..142 142..143 143..43  143..132 142..118 141..144 144..53  144..83  140..84  139..85  138..145 145..146 146..147 147..120 147..121 146..86  145..148 148..119 148..122 137..149 149..150 150..151 151..152 152..153 153..154 154..113 154..112 153..115 152..114 151..131 150..155 155..55  155..42  149..128 136..156 156..157 157..158 158..159 159..160 160..161 161..162 162..163 163..164 164..165 165..166 166..167 167..168 168..169 169..170 170..171 171..172 172..173 173..174 174..45  174..46  173..44  172..21  171..49  170..47  169..48  168..25  167..175 175..176 176..177 177..63  177..20  176..178 178..23  178..22  175..41  166..179 179..180 180..181 181..182 182..183 183..184 184..185 185..51  185..50  184..52  183..108 182..186 186..18  186..7   181..187 187..188 188..189 189..26  189..37  188..190 190..8   190..6   187..191 191..76  191..19  180..192 192..193 193..11  193..61  192..107 179..67  165..123 164..194 194..195 195..196 196..77  196..66  195..17  194..78  163..197 197..198 198..199 199..109 199..65  198..110 197..38  162..200 200..201 201..202 202..5   202..203 203..64  203..13  201..29  200..204 204..14  204..60  161..205 205..70  205..40  160..206 206..75  206..62  159..207 207..208 208..209 209..210 210..39  210..73  209..74  208..15  207..211 211..35  211..12  158..212 212..213 213..214 214..215 215..1   215..71  214..72  213..216 216..9   216..2   212..36  157..217 217..218 218..219 219..220 220..33  220..34  219..221 221..3   221..32  218..222 222..4   222..30  217..31  156..223 223..224 224..225 225..226 226..227 227..228 228..229 229..24  229..28  228..27  227..133 226..230 230..58  230..59  225..56  224..231 231..134 231..135 223..232 232..16  232..57  136..233 233..234 234..235 235..236 236..237 237..238 238..239 239..240 240..241 241..242 242..243 243..100 243..98  242..99  241..89  240..97  239..88  238..244 244..245 245..246 246..96  246..94  245..102 244..93  237..247 247..248 248..249 249..250 250..81  250..10  249..82  248..251 251..79  251..106 247..80  236..252 252..54  252..68  235..253 253..254 254..130 254..129 253..255 255..69  255..111 234..256 256..257 257..258 258..259 259..260 260..261 261..92  261..91  260..90  259..105 258..87  257..262 262..263 263..101 263..103 262..104 256..95  233..264 264..265 265..266 266..267 267..125 267..126 266..127 265..124 264..268 268..116 268..117
 0.096763 0.018295 0.000000 0.010030 0.000000 0.037084 0.140951 0.259943 0.224895 0.163844 0.000000 0.464636 0.278136 0.678377 0.379086 0.225748 0.000000 0.148779 0.072548 0.000000 0.398338 0.136509 0.160959 0.180507 0.000000 0.256792 0.294621 0.189810 0.057166 0.044296 0.068158 0.090159 0.000000 0.062695 0.003887 0.088026 0.220716 0.226751 0.450677 0.000000 0.026777 0.071868 0.066176 0.157282 0.030711 0.000000 0.103767 0.056867 0.000000 0.000000 0.000000 0.107142 0.087838 0.059467 0.071777 0.028076 0.000000 0.156486 0.000000 0.000000 0.018084 0.000000 0.160995 0.083229 0.063222 0.046417 0.079785 0.163715 0.029685 0.000000 0.000000 0.051106 0.000000 0.000000 0.080795 0.018962 0.046828 0.024653 0.000000 0.000000 0.000000 0.000000 0.000000 0.000000 0.000000 0.000000 0.000000 0.018055 0.000000 0.022260 0.035066 0.016640 0.018047 0.000000 0.021417 0.000000 0.000000 0.035255 0.000000 0.018487 0.017565 0.038726 0.000000 0.000000 0.034972 0.108961 0.069566 0.102826 0.000000 0.076090 0.019517 0.019023 0.024470 0.080205 0.123358 0.000000 0.037176 0.000000 0.000000 0.000000 0.017893 0.121281 0.027535 0.046505 0.093156 0.085728 0.038295 0.000000 0.095481 0.217227 0.037712 0.000000 0.125282 0.000000 0.000000 0.274548 0.000000 0.000000 0.049444 0.000000 0.213802 0.000000 0.000000 0.000000 0.054654 0.246065 0.192278 0.052658 0.000000 0.028656 0.074679 0.112108 0.107411 0.086737 0.100029 0.125028 0.322644 0.000000 0.000000 0.156089 0.174025 0.029171 0.028208 0.316423 0.000000 0.017212 0.000000 0.123585 0.203386 0.247426 0.034282 0.000000 0.120765 0.209971 0.073319 0.028546 0.145679 0.027220 0.059152 0.029541 0.141587 0.134191 0.143385 0.311135 0.144033 0.069126 0.000000 0.577254 0.003844 0.208100 0.565925 0.177041 0.324230 0.381962 0.102963 0.000000 0.018479 0.060210 0.253098 0.000000 0.041250 0.000000 0.171828 0.247767 0.084008 0.018618 0.000000 0.032325 0.212419 0.236579 0.302648 0.055070 0.150778 0.038762 0.117688 0.094128 0.110784 0.534861 0.144381 0.087257 0.146236 0.014667 0.098805 0.034214 0.132416 0.113167 0.173968 0.097288 0.232401 0.086902 0.191746 0.235332 0.615832 0.145141 0.046929 0.051266 0.032013 0.365994 0.099480 0.228058 0.088391 0.130927 0.087656 0.095149 0.163050 0.097992 0.000000 0.124017 0.176206 0.056245 0.256699 0.005651 0.613216 0.152988 0.126350 0.546125 0.271688 0.056324 0.040328 0.036175 0.000000 0.085833 0.043982 0.022873 0.022673 0.058621 0.016193 1.432972
